4,0.0
5,0.0
6,0.0
7,0.0
8,0.00214385986328
9,0.00370025634766
10,0.00706100463867
11,0.0
12,0.0640258789062
13,0.0682373046875
14,0.095703125
15,0.0
16,0.0538024902344
17,0.06494140625
18,0.0853881835938
19,0.0
20,0.0555114746094
21,0.0614318847656
22,0.0825805664062
23,0.0
24,0.0494689941406
25,0.063232421875
26,0.0757446289062
27,0.0
28,0.040283203125
29,0.0606689453125
30,0.073974609375
31,0.0
32,0.0351257324219
33,0.0503845214844
34,0.0645751953125
35,0.0
36,0.0324096679688
37,0.0475463867188
38,0.05859375
39,0.0
40,0.0247192382812
41,0.0420227050781
42,0.0546875
43,0.0
44,0.0204925537109
45,0.0339050292969
46,0.0485534667969
47,0.0
48,0.0225524902344
49,0.04345703125
50,0.0561828613281
51,0.0
52,0.0233001708984
53,0.0381164550781
54,0.0501098632812
55,0.0
56,0.0220642089844
57,0.0335998535156
58,0.0477905273438
59,0.0
60,0.0223388671875
61,0.0368041992188
62,0.0441589355469
63,0.0
64,0.0197296142578
65,0.0309600830078
66,0.044677734375
67,0.0
68,0.0206146240234
69,0.0346069335938
70,0.0483703613281
71,0.0
72,0.0205535888672
73,0.0255584716797
74,0.0405883789062
75,0.0
76,0.02587890625
77,0.0368041992188
78,0.0518493652344
79,0.0
80,0.0186157226562
81,0.0297088623047
82,0.0467834472656
83,0.0
84,0.0199584960938
85,0.0375366210938
86,0.0433349609375
87,0.0
88,0.0204772949219
89,0.0361328125
90,0.0471496582031
91,0.0
92,0.0223999023438
93,0.0267333984375
94,0.0418395996094
95,0.0
96,0.0179290771484
97,0.0267028808594
98,0.0369262695312
99,0.0
100,0.0211791992188
101,0.0345764160156
102,0.0459594726562
103,0.0
104,0.0178985595703
105,0.0313110351562
106,0.0440368652344
107,0.0
108,0.0207214355469
109,0.0275115966797
110,0.0370483398438
111,0.0
112,0.0177917480469
113,0.0271606445312
114,0.0399169921875
115,0.0
116,0.0205383300781
117,0.037353515625
118,0.0492248535156
119,0.0
120,0.0166473388672
121,0.0272369384766
122,0.0395202636719
123,0.0
124,0.0171203613281
125,0.0298004150391
126,0.0431823730469
127,0.0
128,0.0216522216797
129,0.0378112792969
130,0.0493774414062
131,0.0
132,0.017578125
133,0.0285491943359
134,0.0434875488281
135,0.0
136,0.0196990966797
137,0.0372009277344
138,0.0558776855469
139,0.0
140,0.0221710205078
141,0.0269927978516
142,0.0401306152344
143,0.0
144,0.0206451416016
145,0.0332641601562
146,0.0528869628906
147,0.0
148,0.0129013061523
149,0.0241241455078
150,0.0345764160156
151,0.0
152,0.0192108154297
153,0.0368347167969
154,0.0431213378906
155,0.0
156,0.0181121826172
157,0.0311889648438
158,0.0460205078125
159,0.0
160,0.0126876831055
161,0.03125
162,0.05517578125
163,0.0
164,0.0168914794922
165,0.0337829589844
166,0.0463256835938
167,0.0
168,0.0159912109375
169,0.0256500244141
170,0.0348815917969
171,0.0
172,0.0175628662109
173,0.0244903564453
174,0.0419921875
175,0.0
176,0.0143051147461
177,0.0291290283203
178,0.0381469726562
179,0.0
180,0.0157775878906
181,0.0281066894531
182,0.0398864746094
183,0.0
184,0.0151062011719
185,0.0270843505859
186,0.0467834472656
187,0.0
188,0.0140991210938
189,0.0238952636719
190,0.040283203125
191,0.0
192,0.0190277099609
193,0.0339050292969
194,0.0436401367188
195,0.0
196,0.0128936767578
197,0.0268859863281
198,0.0401611328125
199,0.0
200,0.0176696777344
201,0.0304718017578
202,0.050048828125
203,0.0
204,0.0181427001953
205,0.0277404785156
206,0.0401000976562
207,0.0
208,0.0153427124023
209,0.0255584716797
210,0.0403442382812
211,0.0
212,0.0105285644531
213,0.0203247070312
214,0.0339050292969
215,0.0
216,0.0138854980469
217,0.0266418457031
218,0.0307769775391
219,0.0
220,0.0149536132812
221,0.0329895019531
222,0.0491638183594
223,0.0
224,0.0132751464844
225,0.0258331298828
226,0.0429992675781
227,0.0
228,0.0113906860352
229,0.0226135253906
230,0.0302734375
231,0.0
232,0.0133590698242
233,0.0276336669922
234,0.0335388183594
235,0.0
236,0.0170745849609
237,0.0340881347656
238,0.0508117675781
239,0.0
240,0.00968170166016
241,0.0204467773438
242,0.0318603515625
243,0.0
244,0.0093994140625
245,0.0169830322266
246,0.0272064208984
247,0.0
248,0.0103225708008
249,0.0240936279297
250,0.0317993164062
251,0.0
252,0.0135498046875
253,0.0335083007812
254,0.0371398925781
255,0.0
256,0.0104141235352
257,0.025390625
258,0.034912109375
259,0.0
260,0.0124893188477
261,0.0230712890625
262,0.0294647216797
263,0.0
264,0.0112075805664
265,0.0247192382812
266,0.0374450683594
267,0.0
268,0.0128555297852
269,0.0230255126953
270,0.0306396484375
271,0.0
272,0.0188293457031
273,0.0354919433594
274,0.0304107666016
275,0.0
276,0.0177917480469
277,0.0367431640625
278,0.0470581054688
279,0.0
280,0.0234680175781
281,0.0324096679688
282,0.0503845214844
283,0.0
284,0.0104522705078
285,0.0244750976562
286,0.0399780273438
287,0.0
288,0.00978851318359
289,0.0189361572266
290,0.0289764404297
291,0.0
292,0.0192108154297
293,0.0325317382812
294,0.0588073730469
295,0.0
296,0.0142059326172
297,0.0281982421875
298,0.0503540039062
299,0.0
300,0.012336730957
301,0.0257568359375
302,0.0419921875
303,0.0
304,0.00999450683594
305,0.0193481445312
306,0.0275726318359
307,0.0
308,0.00878143310547
309,0.0175933837891
310,0.0232696533203
311,0.0
312,0.0137252807617
313,0.0235137939453
314,0.0341186523438
315,0.0
316,0.0190277099609
317,0.0261383056641
318,0.0343933105469
319,0.0
320,0.0118637084961
321,0.0296173095703
322,0.0378723144531
323,0.0
324,0.0110397338867
325,0.0174407958984
326,0.0270843505859
327,0.0
328,0.0183868408203
329,0.0357360839844
330,0.0364990234375
331,0.0
332,0.0198059082031
333,0.0401916503906
334,0.0388793945312
335,0.0
336,0.0137481689453
337,0.0280609130859
338,0.043212890625
339,0.0
340,0.00846099853516
341,0.0203094482422
342,0.0345458984375
343,0.0
344,0.0112152099609
345,0.0326843261719
346,0.041015625
347,0.0
348,0.0200042724609
349,0.0416259765625
350,0.0362243652344
351,0.0
352,0.0102920532227
353,0.0228729248047
354,0.0330505371094
355,0.0
356,0.00881195068359
357,0.0203399658203
358,0.03369140625
359,0.0
360,0.0145492553711
361,0.0256195068359
362,0.0311584472656
363,0.0
364,0.014030456543
365,0.0348815917969
366,0.0472717285156
367,0.0
368,0.00931549072266
369,0.0236663818359
370,0.0348815917969
371,0.0
372,0.00984954833984
373,0.023193359375
374,0.0380859375
375,0.0
376,0.0212554931641
377,0.0224761962891
378,0.0398254394531
379,0.0
380,0.0247802734375
381,0.0429077148438
382,0.0593566894531
383,0.0
384,0.0149765014648
385,0.0272064208984
386,0.0321044921875
387,0.0
388,0.01220703125
389,0.0190124511719
390,0.0267333984375
391,0.0
392,0.0192260742188
393,0.0295104980469
394,0.0364379882812
395,0.0
396,0.0171203613281
397,0.0354309082031
398,0.0416564941406
399,0.0
400,0.0143890380859
401,0.0282440185547
402,0.0414123535156
403,0.0
404,0.0182342529297
405,0.0413208007812
406,0.060302734375
407,0.0
408,0.0102844238281
409,0.0195159912109
410,0.0251617431641
411,0.0
412,0.0146026611328
413,0.0375671386719
414,0.0430603027344
415,0.0
416,0.00803375244141
417,0.0228271484375
418,0.0341796875
419,0.0
420,0.00845336914062
421,0.0198516845703
422,0.0284423828125
423,0.0
424,0.00710678100586
425,0.0172119140625
426,0.0296478271484
427,0.0
428,0.0202941894531
429,0.03369140625
430,0.0467224121094
431,0.0
432,0.0165252685547
433,0.029541015625
434,0.0463562011719
435,0.0
436,0.00849151611328
437,0.0273742675781
438,0.0472412109375
439,0.0
440,0.00686645507812
441,0.015869140625
442,0.0276641845703
443,0.0
444,0.0081787109375
445,0.0183410644531
446,0.0265045166016
447,0.0
448,0.0127105712891
449,0.0181274414062
450,0.0262756347656
451,0.0
452,0.0111999511719
453,0.0256652832031
454,0.0329284667969
455,0.0
456,0.00675964355469
457,0.0226440429688
458,0.0232849121094
459,0.0
460,0.0191802978516
461,0.0368957519531
462,0.055908203125
463,0.0
464,0.00797271728516
465,0.0209197998047
466,0.0356140136719
467,0.0
468,0.0133285522461
469,0.0208129882812
470,0.0348815917969
471,0.0
472,0.00808715820312
473,0.0161895751953
474,0.0235443115234
475,0.0
476,0.00861358642578
477,0.021728515625
478,0.0361938476562
479,0.0
480,0.00675964355469
481,0.0182647705078
482,0.0361328125
483,0.0
484,0.00926208496094
485,0.0196685791016
486,0.0284576416016
487,0.0
488,0.00737380981445
489,0.0156173706055
490,0.0246429443359
491,0.0
492,0.0109405517578
493,0.0207672119141
494,0.0347900390625
495,0.0
496,0.00812530517578
497,0.0205688476562
498,0.0328979492188
499,0.0
500,0.0150299072266
501,0.0256958007812
502,0.0343627929688
503,0.0
504,0.00950622558594
505,0.0153121948242
506,0.0195770263672
507,0.0
508,0.0213012695312
509,0.0272369384766
510,0.0365600585938
511,0.0
512,0.0229339599609
513,0.0538024902344
514,0.0364379882812
515,0.0
516,0.0205383300781
517,0.0280456542969
518,0.0335998535156
519,0.0
520,0.0178680419922
521,0.0307312011719
522,0.0332336425781
523,0.0
524,0.00963592529297
525,0.0137252807617
526,0.0274658203125
527,0.0
528,0.0110778808594
529,0.0262908935547
530,0.03759765625
531,0.0
532,0.0112762451172
533,0.0148162841797
534,0.0235900878906
535,0.0
536,0.00714874267578
537,0.0148696899414
538,0.0252380371094
539,0.0
540,0.0133743286133
541,0.0195922851562
542,0.0320434570312
543,0.0
544,0.0134048461914
545,0.0346069335938
546,0.0357055664062
547,0.0
548,0.0172424316406
549,0.0397338867188
550,0.0658569335938
551,0.0
552,0.00819396972656
553,0.0203247070312
554,0.0359191894531
555,0.0
556,0.00950622558594
557,0.0189361572266
558,0.0290679931641
559,0.0
560,0.00732803344727
561,0.0137176513672
562,0.02978515625
563,0.0
564,0.0130615234375
565,0.0376586914062
566,0.0467224121094
567,0.0
568,0.0106048583984
569,0.0254364013672
570,0.0398864746094
571,0.0
572,0.0063362121582
573,0.0161437988281
574,0.0274200439453
575,0.0
576,0.0178375244141
577,0.0415649414062
578,0.0532531738281
579,0.0
580,0.00453948974609
581,0.0145492553711
582,0.0181579589844
583,0.0
584,0.0108108520508
585,0.0186462402344
586,0.0359191894531
587,0.0
588,0.00913238525391
589,0.0126876831055
590,0.0240173339844
591,0.0
592,0.00732421875
593,0.0141448974609
594,0.0266418457031
595,0.0
596,0.00609970092773
597,0.0148391723633
598,0.0253753662109
599,0.0
600,0.00910186767578
601,0.0200500488281
602,0.0338745117188
603,0.0
604,0.0111618041992
605,0.0241546630859
606,0.04296875
607,0.0
608,0.0190582275391
609,0.0299072265625
610,0.0589599609375
611,0.0
612,0.00814819335938
613,0.0167694091797
614,0.0257568359375
615,0.0
616,0.0159759521484
617,0.0154495239258
618,0.0184936523438
619,0.0
620,0.00637435913086
621,0.00895690917969
622,0.0168151855469
623,0.0
624,0.0121383666992
625,0.0231323242188
626,0.0382690429688
627,0.0
628,0.013069152832
629,0.0263671875
630,0.0293731689453
631,0.0
632,0.00526809692383
633,0.0130996704102
634,0.0188903808594
635,0.0
636,0.00542068481445
637,0.0179748535156
638,0.0251007080078
639,0.0
640,0.0100402832031
641,0.029052734375
642,0.0503845214844
643,0.0
644,0.0059928894043
645,0.0139312744141
646,0.0305786132812
647,0.0
648,0.00955200195312
649,0.0332641601562
650,0.0574035644531
651,0.0
652,0.00791168212891
653,0.0100402832031
654,0.0108795166016
655,0.0
656,0.0064811706543
657,0.0129699707031
658,0.0266418457031
659,0.0
660,0.00833892822266
661,0.0120468139648
662,0.0196838378906
663,0.0
664,0.00870513916016
665,0.0189819335938
666,0.0353698730469
667,0.0
668,0.00601196289062
669,0.0118255615234
670,0.0190582275391
671,0.0
672,0.00744247436523
673,0.0227966308594
674,0.0364990234375
675,0.0
676,0.00804901123047
677,0.0182647705078
678,0.0302886962891
679,0.0
680,0.0122299194336
681,0.0139465332031
682,0.0305328369141
683,0.0
684,0.00753784179688
685,0.0250701904297
686,0.0402221679688
687,0.0
688,0.0150299072266
689,0.0491333007812
690,0.0634765625
691,0.0
692,0.0257415771484
693,0.02001953125
694,0.0276184082031
695,0.0
696,0.0046501159668
697,0.0160217285156
698,0.0299987792969
699,0.0
700,0.018310546875
701,0.0250091552734
702,0.0300598144531
703,0.0
704,0.00951385498047
705,0.0154495239258
706,0.0276794433594
707,0.0
708,0.00684356689453
709,0.0125579833984
710,0.0214233398438
711,0.0
712,0.00652694702148
713,0.0185546875
714,0.0259246826172
715,0.0
716,0.01123046875
717,0.0175323486328
718,0.0298767089844
719,0.0
720,0.00782012939453
721,0.0161743164062
722,0.0210723876953
723,0.0
724,0.0110092163086
725,0.0217132568359
726,0.0389709472656
727,0.0
728,0.00577163696289
729,0.0110931396484
730,0.0153121948242
731,0.0
732,0.0230255126953
733,0.0475769042969
734,0.036865234375
735,0.0
736,0.0108413696289
737,0.02880859375
738,0.0422668457031
739,0.0
740,0.00889587402344
741,0.0195007324219
742,0.0237121582031
743,0.0
744,0.00816345214844
745,0.0157775878906
746,0.0287017822266
747,0.0
748,0.0150909423828
749,0.0426635742188
750,0.0689086914062
751,0.0
752,0.0112838745117
753,0.0234985351562
754,0.0297088623047
755,0.0
756,0.0112609863281
757,0.0250549316406
758,0.0480346679688
759,0.0
760,0.0178985595703
761,0.03515625
762,0.0483093261719
763,0.0
764,0.00603866577148
765,0.0112609863281
766,0.0196990966797
767,0.0
768,0.00981903076172
769,0.0220489501953
770,0.0282440185547
771,0.0
772,0.00732421875
773,0.0126266479492
774,0.0196228027344
775,0.0
776,0.00532913208008
777,0.0114212036133
778,0.0218200683594
779,0.0
780,0.00942230224609
781,0.0265655517578
782,0.0334777832031
783,0.0
784,0.0207824707031
785,0.0452880859375
787,0.0500183105469
788,0.0
789,0.00602722167969
790,0.0157775878906
791,0.0178680419922
792,0.0
793,0.00704574584961
794,0.0168762207031
795,0.0214080810547
796,0.0
797,0.00739288330078
798,0.021240234375
799,0.0382385253906
800,0.0
801,0.0272979736328
802,0.0319213867188
803,0.0564880371094
804,0.0
805,0.00873565673828
806,0.0172119140625
807,0.0222473144531
808,0.0
809,0.0125885009766
810,0.0239105224609
811,0.0286865234375
812,0.0
813,0.00473785400391
814,0.0137939453125
815,0.0209045410156
816,0.0
817,0.00594711303711
818,0.0118637084961
819,0.0167846679688
820,0.0
821,0.00807952880859
822,0.0281219482422
823,0.0431823730469
824,0.0
825,0.00540161132812
826,0.0103759765625
827,0.0156860351562
828,0.0
829,0.00799560546875
830,0.0203704833984
831,0.0397033691406
832,0.0
833,0.00323486328125
834,0.0131530761719
835,0.0401000976562
836,0.0
837,0.0198822021484
838,0.0528869628906
839,0.08544921875
840,0.0
841,0.00533294677734
842,0.0138549804688
843,0.0228118896484
844,0.0
845,0.00365829467773
846,0.00985717773438
847,0.0103988647461
848,0.0
849,0.0207214355469
850,0.0442199707031
851,0.0422058105469
852,0.0
853,0.00814056396484
854,0.0116348266602
855,0.0132064819336
856,0.0
857,0.00497817993164
858,0.0158996582031
859,0.0181884765625
860,0.0
861,0.0020866394043
862,0.00622940063477
863,0.0136795043945
864,0.0
865,0.0124130249023
866,0.0205535888672
867,0.0200042724609
868,0.0
869,0.00908660888672
870,0.0103302001953
871,0.0187225341797
872,0.0
873,0.00635528564453
874,0.0198669433594
875,0.0239562988281
876,0.0
877,0.00927734375
878,0.0188751220703
879,0.0426635742188
880,0.0
881,0.0160217285156
882,0.0282897949219
883,0.0372009277344
884,0.0
885,0.00766754150391
886,0.0164337158203
887,0.025634765625
888,0.0
889,0.0189361572266
890,0.0255737304688
891,0.0470886230469
892,0.0
893,0.00412368774414
894,0.0107116699219
895,0.0142669677734
896,0.0
897,0.00688171386719
898,0.0207672119141
899,0.0268859863281
900,0.0
901,0.00382614135742
902,0.00824737548828
903,0.0172882080078
904,0.0
905,0.0135116577148
906,0.0264739990234
907,0.0240478515625
908,0.0
909,0.011100769043
910,0.0164489746094
911,0.0332336425781
912,0.0
913,0.00554656982422
914,0.0119171142578
915,0.0301666259766
916,0.0
917,0.00399780273438
918,0.00882720947266
919,0.0175476074219
920,0.0
921,0.0180206298828
922,0.0401611328125
923,0.065673828125
924,0.0
925,0.00701904296875
926,0.0114517211914
927,0.0239562988281
928,0.0
929,0.0140991210938
930,0.0171661376953
931,0.02783203125
932,0.0
933,0.00302696228027
934,0.0180358886719
935,0.0245971679688
936,0.0
937,0.0137252807617
938,0.0205841064453
939,0.0334777832031
940,0.0
941,0.00739669799805
942,0.0134735107422
943,0.0302734375
944,0.0
945,0.00378608703613
946,0.0163726806641
947,0.0343017578125
948,0.0
949,0.0117340087891
950,0.0111618041992
951,0.0166931152344
952,0.0
953,0.00526428222656
954,0.0109710693359
955,0.0145263671875
956,0.0
957,0.00712203979492
958,0.0147094726562
959,0.0319519042969
960,0.0
961,0.00303649902344
962,0.0110855102539
963,0.0136032104492
964,0.0
965,0.00645065307617
966,0.011474609375
967,0.019775390625
968,0.0
969,0.00624465942383
970,0.0119857788086
971,0.0158538818359
972,0.0
973,0.0170593261719
974,0.0348510742188
975,0.0388793945312
976,0.0
977,0.00905609130859
978,0.0115737915039
979,0.0261535644531
980,0.0
981,0.00493240356445
982,0.00919342041016
983,0.0210723876953
984,0.0
985,0.00938415527344
986,0.0261688232422
987,0.0325622558594
988,0.0
989,0.0035228729248
990,0.0103149414062
991,0.0176239013672
992,0.0
993,0.00397109985352
994,0.01171875
995,0.0193786621094
996,0.0
997,0.00396728515625
998,0.0121459960938
999,0.0272827148438
1000,0.0
1001,0.0046272277832
1002,0.0149078369141
1003,0.0370788574219
1004,0.0
1005,0.00800323486328
1006,0.0100326538086
1007,0.0145263671875
1008,0.0
1009,0.0113372802734
1010,0.0277557373047
1011,0.0314636230469
1012,0.0
1013,0.00492095947266
1014,0.010009765625
1015,0.0166015625
1016,0.0
1017,0.00726699829102
1018,0.0169830322266
1019,0.0218658447266
1020,0.0
1021,0.0100021362305
1022,0.0179595947266
1023,0.0321350097656
1024,0.0
1025,0.00405883789062
1026,0.00991058349609
1027,0.0195159912109
1028,0.0
1029,0.00522613525391
1030,0.0126266479492
1031,0.0211181640625
1032,0.0
1033,0.00643539428711
1034,0.013053894043
1035,0.0252380371094
1036,0.0
1037,0.00245666503906
1038,0.00425338745117
1039,0.00922393798828
1040,0.0
1041,0.00572204589844
1042,0.0173645019531
1043,0.0168762207031
1044,0.0
1045,0.00632095336914
1046,0.01123046875
1047,0.0146789550781
1048,0.0
1049,0.00453186035156
1050,0.0166320800781
1051,0.0214080810547
1052,0.0
1053,0.00798797607422
1054,0.0165405273438
1055,0.0278625488281
1056,0.0
1057,0.00711822509766
1058,0.0126876831055
1059,0.017578125
1060,0.0
1061,0.00806427001953
1062,0.0240325927734
1063,0.0459289550781
1064,0.0
1065,0.00740432739258
1066,0.0130310058594
1067,0.0154724121094
1068,0.0
1069,0.00270843505859
1070,0.021728515625
1071,0.0232238769531
1072,0.0
1073,0.00960540771484
1074,0.0104904174805
1075,0.0164794921875
1076,0.0
1077,0.00778961181641
1078,0.0204925537109
1079,0.0396118164062
1080,0.0
1081,0.0110397338867
1082,0.0132598876953
1083,0.0292358398438
1084,0.0
1085,0.0074577331543
1086,0.0130767822266
1087,0.0179290771484
1088,0.0
1089,0.00772857666016
1090,0.0237731933594
1091,0.0262451171875
1092,0.0
1093,0.00942993164062
1094,0.0141754150391
1095,0.0259552001953
1096,0.0
1097,0.00895690917969
1098,0.0175323486328
1099,0.0393981933594
1100,0.0
1101,0.00685882568359
1102,0.0176391601562
1103,0.0260162353516
1104,0.0
1105,0.0119247436523
1106,0.0175323486328
1107,0.0193176269531
1108,0.0
1109,0.00480651855469
1110,0.0144195556641
1111,0.0158843994141
1112,0.0
1113,0.00764083862305
1114,0.0139694213867
1115,0.0166320800781
1116,0.0
1117,0.0124740600586
1118,0.0165100097656
1119,0.0204467773438
1120,0.0
1121,0.0109405517578
1122,0.0148239135742
1123,0.0175170898438
1124,0.0
1125,0.00578308105469
1126,0.0124130249023
1127,0.0199890136719
1128,0.0
1129,0.0142822265625
1130,0.0200805664062
1131,0.0169982910156
1132,0.0
1133,0.00614166259766
1134,0.0142288208008
1135,0.0192565917969
1136,0.0
1137,0.00417327880859
1138,0.0134048461914
1139,0.0150680541992
1140,0.0
1141,0.00634765625
1142,0.0135650634766
1143,0.014274597168
1144,0.0
1145,0.00534439086914
1146,0.0120544433594
1147,0.0142288208008
1148,0.0
1149,0.00395202636719
1150,0.0110092163086
1151,0.0138168334961
1152,0.0
1153,0.00505828857422
1154,0.0135803222656
1155,0.0204772949219
1156,0.0
1157,0.00809478759766
1158,0.0175170898438
1159,0.0301818847656
1160,0.0
1161,0.00421142578125
1162,0.0154342651367
1163,0.0277557373047
1164,0.0
1165,0.00569534301758
1166,0.010627746582
1167,0.0196075439453
1168,0.0
1169,0.00386810302734
1170,0.0139999389648
1171,0.0179748535156
1172,0.0
1173,0.00865936279297
1174,0.00983428955078
1175,0.0180969238281
1176,0.0
1177,0.00798034667969
1178,0.0194396972656
1179,0.0188751220703
1180,0.0
1181,0.0081787109375
1182,0.013542175293
1183,0.0157012939453
1184,0.0
1185,0.0072135925293
1186,0.0164337158203
1187,0.0390625
1188,0.0
1189,0.0062370300293
1190,0.00983428955078
1191,0.0222320556641
1192,0.0
1193,0.00596237182617
1194,0.0114364624023
1195,0.0155334472656
1196,0.0
1197,0.00556182861328
1198,0.0135650634766
1199,0.0177764892578
1200,0.0
1201,0.00351142883301
1202,0.00975036621094
1203,0.0107498168945
1204,0.0
1205,0.00344467163086
1206,0.00946044921875
1207,0.0130004882812
1208,0.0
1209,0.00259971618652
1210,0.0109634399414
1211,0.0153732299805
1212,0.0
1213,0.00553512573242
1214,0.01123046875
1215,0.0161285400391
1216,0.0
1217,0.00527954101562
1218,0.0186309814453
1219,0.0231781005859
1220,0.0
1221,0.00207710266113
1222,0.00988006591797
1223,0.0184020996094
1224,0.0
1225,0.0104827880859
1226,0.0135726928711
1227,0.0197601318359
1228,0.0
1229,0.00824737548828
1230,0.0255584716797
1231,0.0382690429688
1232,0.0
1233,0.00483322143555
1234,0.0188293457031
1235,0.0255737304688
1236,0.0
1237,0.00526809692383
1238,0.0109100341797
1239,0.0152587890625
1240,0.0
1241,0.00639724731445
1242,0.0121154785156
1243,0.0226593017578
1244,0.0
1245,0.00370979309082
1246,0.0111770629883
1247,0.0171966552734
1248,0.0
1249,0.0113067626953
1250,0.0141220092773
1251,0.0283203125
1252,0.0
1253,0.007568359375
1254,0.0203094482422
1255,0.0342407226562
1256,0.0
1257,0.00523376464844
1258,0.0181274414062
1259,0.0267181396484
1260,0.0
1261,0.00484466552734
1262,0.017578125
1263,0.041748046875
1264,0.0
1265,0.00865173339844
1266,0.0196685791016
1267,0.0350646972656
1268,0.0
1269,0.00303077697754
1270,0.00897216796875
1271,0.0115966796875
1272,0.0
1273,0.00616455078125
1274,0.00926971435547
1275,0.0203552246094
1276,0.0
1277,0.0121154785156
1278,0.0246734619141
1279,0.0284729003906
1280,0.0
1281,0.00309562683105
1282,0.00521469116211
1283,0.00754547119141
1284,0.0
1285,0.00785064697266
1286,0.0139007568359
1287,0.0256958007812
1288,0.0
1289,0.0142822265625
1290,0.0227203369141
1291,0.0330200195312
1292,0.0
1293,0.0123138427734
1294,0.032470703125
1295,0.0431823730469
1296,0.0
1297,0.00297737121582
1298,0.00789642333984
1299,0.0167083740234
1300,0.0
1301,0.00155162811279
1302,0.00626754760742
1303,0.00766372680664
1304,0.0
1305,0.00923156738281
1306,0.012580871582
1307,0.0195770263672
1308,0.0
1309,0.00737380981445
1310,0.0164337158203
1311,0.0216369628906
1312,0.0
1313,0.0213928222656
1314,0.0295562744141
1315,0.0321350097656
1316,0.0
1317,0.00674819946289
1318,0.0153579711914
1319,0.0269622802734
1320,0.0
1321,0.0193481445312
1322,0.029541015625
1323,0.030029296875
1324,0.0
1325,0.00370025634766
1326,0.00885772705078
1327,0.0122222900391
1328,0.0
1329,0.0016040802002
1330,0.00669860839844
1331,0.0141906738281
1332,0.0
1333,0.00495910644531
1334,0.0106582641602
1335,0.0108261108398
1336,0.0
1337,0.00576019287109
1338,0.0240325927734
1339,0.0279388427734
1340,0.0
1341,0.00569915771484
1342,0.019287109375
1343,0.0246276855469
1344,0.0
1345,0.00647735595703
1346,0.0111694335938
1347,0.0160980224609
1348,0.0
1349,0.00537109375
1350,0.014404296875
1351,0.0251312255859
1352,0.0
1353,0.00657272338867
1354,0.0153427124023
1355,0.0148086547852
1356,0.0
1357,0.0195007324219
1358,0.0215454101562
1359,0.034423828125
1360,0.0
1361,0.0069465637207
1362,0.0201263427734
1363,0.0315246582031
1364,0.0
1365,0.00442504882812
1366,0.0125274658203
1367,0.0163879394531
1368,0.0
1369,0.00260734558105
1370,0.0122985839844
1371,0.0160827636719
1372,0.0
1373,0.00577545166016
1374,0.0123977661133
1375,0.0222320556641
1376,0.0
1377,0.00239944458008
1378,0.00709915161133
1379,0.0104598999023
1380,0.0
1381,0.0109252929688
1382,0.012580871582
1383,0.0144577026367
1384,0.0
1385,0.00532150268555
1386,0.00888824462891
1387,0.0151519775391
1388,0.0
1389,0.00894165039062
1390,0.0156707763672
1391,0.0188751220703
1392,0.0
1393,0.0117797851562
1394,0.0155181884766
1395,0.0176544189453
1396,0.0
1397,0.00566482543945
1398,0.00955963134766
1399,0.0130081176758
1400,0.0
1401,0.00701522827148
1402,0.0147171020508
1403,0.015007019043
1404,0.0
1405,0.00605392456055
1406,0.0112915039062
1407,0.0134353637695
1408,0.0
1409,0.00450134277344
1410,0.0104141235352
1411,0.0131607055664
1412,0.0
1413,0.00912475585938
1414,0.0174713134766
1415,0.0205230712891
1416,0.0
1417,0.00377655029297
1418,0.00979614257812
1419,0.0147247314453
1420,0.0
1421,0.00485229492188
1422,0.00868988037109
1423,0.0264129638672
1424,0.0
1425,0.005859375
1426,0.00925445556641
1427,0.0146560668945
1428,0.0
1429,0.00383567810059
1430,0.00800323486328
1431,0.0166168212891
1432,0.0
1433,0.00436019897461
1434,0.0135879516602
1435,0.0134353637695
1436,0.0
1437,0.00615310668945
1438,0.0146789550781
1439,0.0206604003906
1440,0.0
1441,0.00555801391602
1442,0.0100708007812
1443,0.0173645019531
1444,0.0
1445,0.00814056396484
1446,0.0198211669922
1447,0.0278167724609
1448,0.0
1449,0.00473403930664
1450,0.00920104980469
1451,0.0165405273438
1452,0.0
1453,0.00647354125977
1454,0.0062255859375
1455,0.0120162963867
1456,0.0
1457,0.00635147094727
1458,0.0115661621094
1459,0.0201263427734
1460,0.0
1461,0.0121154785156
1462,0.036865234375
1463,0.0458984375
1464,0.0
1465,0.00819396972656
1466,0.0174865722656
1467,0.0196685791016
1468,0.0
1469,0.00962829589844
1470,0.0211639404297
1471,0.0252380371094
1472,0.0
1473,0.00375366210938
1474,0.00901031494141
1475,0.0143432617188
1476,0.0
1477,0.00395965576172
1478,0.00656890869141
1479,0.00924682617188
1480,0.0
1481,0.0126876831055
1482,0.021240234375
1483,0.0419921875
1484,0.0
1485,0.0023136138916
1486,0.0058479309082
1487,0.00779724121094
1488,0.0
1489,0.00602340698242
1490,0.0136032104492
1491,0.0218048095703
1492,0.0
1493,0.00748825073242
1494,0.0195007324219
1495,0.0210113525391
1496,0.0
1497,0.0052490234375
1498,0.00987243652344
1499,0.0169982910156
1500,0.0
1501,0.00521469116211
1502,0.0134658813477
1503,0.0180511474609
1504,0.0
1505,0.00755310058594
1506,0.0260925292969
1507,0.0219116210938
1508,0.0
1509,0.00459289550781
1510,0.0131378173828
1511,0.0220642089844
1512,0.0
1513,0.0145950317383
1514,0.0276641845703
1515,0.0321655273438
1516,0.0
1517,0.00479125976562
1518,0.0115356445312
1519,0.0166473388672
1520,0.0
1521,0.00415420532227
1522,0.0137710571289
1523,0.0191955566406
1524,0.0
1525,0.00700378417969
1526,0.017822265625
1527,0.0389099121094
1528,0.0
1529,0.00240898132324
1530,0.00765609741211
1531,0.0124359130859
1532,0.0
1533,0.0122375488281
1534,0.0331115722656
1535,0.0360717773438
1536,0.0
1537,0.0160827636719
1538,0.0255737304688
1539,0.0285034179688
1540,0.0
1541,0.00386047363281
1542,0.0135116577148
1543,0.0225067138672
1544,0.0
1545,0.00580978393555
1546,0.014518737793
1547,0.0286254882812
1548,0.0
1549,0.00856018066406
1550,0.0122833251953
1551,0.0181579589844
1552,0.0
1553,0.00385856628418
1554,0.0108337402344
1555,0.0242309570312
1556,0.0
1557,0.00542068481445
1558,0.0242767333984
1559,0.0301055908203
1560,0.0
1561,0.0102996826172
1562,0.0307922363281
1563,0.0489807128906
38319,0.0
38320,0.00466537475586
38321,0.00733184814453
38322,0.00792694091797
38323,0.0
38324,0.0064697265625
38325,0.0129470825195
38326,0.0135726928711
38327,0.0
38328,0.00443267822266
38329,0.00721740722656
38330,0.00756072998047
38331,0.0
38332,0.00487899780273
38333,0.00577545166016
38334,0.00995635986328
38335,0.0
38336,0.00425720214844
38337,0.00692749023438
38338,0.0108489990234
38339,0.0
38340,0.00625991821289
38341,0.0128173828125
38342,0.0119552612305
38343,0.0
38344,0.00527572631836
38345,0.00743865966797
38346,0.00756454467773
38347,0.0
38348,0.00681686401367
38349,0.00917816162109
38350,0.0133666992188
38351,0.0
38352,0.00439453125
38353,0.00734710693359
38354,0.0103454589844
38355,0.0
38356,0.00510787963867
38357,0.00594711303711
38358,0.00727844238281
38359,0.0
38360,0.00447463989258
38361,0.00735855102539
38362,0.0129852294922
38363,0.0
38364,0.00406265258789
38365,0.00631332397461
38366,0.0112457275391
38367,0.0
38368,0.00539398193359
38369,0.00794982910156
38371,0.0106048583984
38372,0.0
38373,0.00434494018555
38374,0.00618362426758
38375,0.00671005249023
38376,0.0
38377,0.00410079956055
38378,0.00593566894531
38379,0.0111770629883
38380,0.0
38381,0.00247192382812
38382,0.00505065917969
38383,0.00926208496094
38384,0.0
38385,0.00253868103027
38386,0.00639724731445
38387,0.00657653808594
38388,0.0
38389,0.00436782836914
38390,0.00984191894531
38391,0.0182189941406
38392,0.0
38393,0.00663375854492
38394,0.00640106201172
38395,0.00751495361328
38396,0.0
38397,0.00421905517578
38398,0.00843048095703
38399,0.0116119384766
38400,0.0
38401,0.00931549072266
38402,0.0151138305664
38403,0.0193481445312
38404,0.0
38405,0.0037841796875
38406,0.00745391845703
38407,0.00978088378906
38408,0.0
38409,0.00377464294434
38410,0.00717163085938
38411,0.00783538818359
38412,0.0
38413,0.00419616699219
38414,0.00595092773438
38415,0.00849151611328
38416,0.0
38417,0.00752639770508
38418,0.0081787109375
38419,0.0153427124023
38420,0.0
38421,0.00293922424316
38422,0.00423812866211
38423,0.00872039794922
38424,0.0
38425,0.00487899780273
38426,0.00815582275391
38427,0.00992584228516
38428,0.0
38429,0.00221061706543
38430,0.00683212280273
38431,0.0105133056641
38432,0.0
38433,0.00239753723145
38434,0.00469970703125
38435,0.00712585449219
38436,0.0
38437,0.00397872924805
38438,0.0129089355469
38439,0.0118255615234
38440,0.0
38441,0.00298690795898
38442,0.00610733032227
38443,0.00837707519531
38444,0.0
38445,0.0052490234375
38446,0.00820159912109
38447,0.0100708007812
38448,0.0
38449,0.00196838378906
38450,0.0042724609375
38451,0.00760650634766
38452,0.0
38453,0.00319290161133
38454,0.0050163269043
38455,0.00624465942383
38456,0.0
38457,0.00397109985352
38458,0.00850677490234
38459,0.0160675048828
38460,0.0
38461,0.00574111938477
38462,0.00734710693359
38463,0.00979614257812
38464,0.0
38465,0.00238227844238
38466,0.0057487487793
38467,0.0120010375977
38468,0.0
38469,0.00211715698242
38470,0.00559234619141
38471,0.00687789916992
38472,0.0
38473,0.00239562988281
38474,0.00590515136719
38475,0.00617599487305
38476,0.0
38477,0.00191593170166
38478,0.00586318969727
38479,0.00593948364258
38480,0.0
38481,0.00220680236816
38482,0.0109939575195
38483,0.0109634399414
38484,0.0
38485,0.00326919555664
38486,0.0145034790039
38487,0.0160980224609
38488,0.0
38489,0.00193023681641
38490,0.00610733032227
38491,0.00617599487305
38492,0.0
38493,0.00349044799805
38494,0.00518798828125
38495,0.00868988037109
38496,0.0
38497,0.00347709655762
38498,0.00635147094727
38499,0.00779342651367
38500,0.0
38501,0.00299072265625
38502,0.00994110107422
38503,0.0123062133789
38504,0.0
38505,0.00202178955078
38506,0.00481414794922
38507,0.00607681274414
38508,0.0
38509,0.00394821166992
38510,0.00616836547852
38511,0.00584030151367
38512,0.0
38513,0.00400924682617
38514,0.00823211669922
38515,0.00737380981445
38516,0.0
38517,0.00419998168945
38518,0.00828552246094
38519,0.00899505615234
38520,0.0
38521,0.00125789642334
38522,0.00417709350586
38523,0.00496673583984
38524,0.0
38525,0.00236511230469
38526,0.00640106201172
38527,0.0105590820312
38528,0.0
38529,0.0034294128418
38530,0.0062255859375
38531,0.0105514526367
38532,0.0
38533,0.00435256958008
38534,0.00988006591797
38535,0.0147323608398
38536,0.0
38537,0.0041618347168
38538,0.00680541992188
38539,0.0121841430664
38540,0.0
38541,0.00131416320801
38542,0.00571060180664
38543,0.0126800537109
38544,0.0
38545,0.00350379943848
38546,0.010139465332
38547,0.0134887695312
38548,0.0
38549,0.00131893157959
38550,0.00501251220703
38551,0.00874328613281
38552,0.0
38553,0.00189304351807
38554,0.00577163696289
38555,0.0131072998047
38556,0.0
38557,0.00128841400146
38558,0.00764083862305
38559,0.00670623779297
38560,0.0
38561,0.00208854675293
38562,0.00388145446777
38563,0.00753784179688
38564,0.0
38565,0.00339889526367
38566,0.00561141967773
38567,0.00896453857422
38568,0.0
38569,0.00214767456055
38570,0.00498199462891
38571,0.00782775878906
38572,0.0
38573,0.00434112548828
38574,0.00467681884766
38575,0.00748062133789
38576,0.0
38577,0.00693130493164
38578,0.0112075805664
38579,0.00653076171875
38580,0.0
38581,0.00751113891602
38582,0.0129928588867
38583,0.00769805908203
38584,0.0
38585,0.00361824035645
38586,0.00766754150391
38587,0.0122528076172
38588,0.0
38589,0.00294494628906
38590,0.00687026977539
38591,0.00961303710938
38592,0.0
38593,0.00603485107422
38594,0.00849914550781
38595,0.00886535644531
38596,0.0
38597,0.00603866577148
38598,0.00702285766602
38599,0.00739669799805
38600,0.0
38601,0.00612640380859
38602,0.00763702392578
38603,0.00973510742188
38604,0.0
38605,0.00494766235352
38606,0.00965881347656
38607,0.0116958618164
38608,0.0
38609,0.00515365600586
38610,0.00777053833008
38611,0.00905609130859
38612,0.0
38613,0.00511932373047
38614,0.00881195068359
38615,0.0110015869141
38616,0.0
38617,0.00451278686523
38618,0.00759124755859
38619,0.00814819335938
38620,0.0
38621,0.0079345703125
38622,0.00803375244141
38623,0.0141143798828
38624,0.0
38625,0.00649261474609
38626,0.00885009765625
38627,0.0121231079102
38628,0.0
38629,0.00515365600586
38630,0.00829315185547
38631,0.0127944946289
38632,0.0
38633,0.00507354736328
38634,0.0122299194336
38635,0.0123825073242
38636,0.0
38637,0.00642013549805
38638,0.00701904296875
38639,0.00890350341797
38640,0.0
38641,0.00553131103516
38642,0.00865173339844
38643,0.00786590576172
38644,0.0
38645,0.0069580078125
38646,0.0115737915039
38647,0.0118103027344
38648,0.0
38649,0.00588226318359
38650,0.00758743286133
38651,0.00981140136719
38652,0.0
38653,0.00888061523438
38654,0.00979614257812
38655,0.0124282836914
38656,0.0
38657,0.00785827636719
38658,0.00768280029297
38659,0.0112152099609
38660,0.0
38661,0.00541305541992
38662,0.00669097900391
38663,0.00817108154297
38664,0.0
38665,0.00337600708008
38666,0.00655746459961
38667,0.00898742675781
38668,0.0
38669,0.0048942565918
38670,0.00843811035156
38671,0.00904846191406
38672,0.0
38673,0.00690078735352
38674,0.0119323730469
38675,0.0189208984375
38676,0.0
38677,0.00724792480469
38678,0.00932312011719
38679,0.012451171875
38680,0.0
38681,0.0069694519043
38682,0.00859069824219
38683,0.0117492675781
38684,0.0
38685,0.00413131713867
38686,0.00638961791992
38687,0.0102615356445
38688,0.0
38689,0.0070686340332
38690,0.00848388671875
38691,0.013298034668
38692,0.0
38693,0.00407791137695
38694,0.00785827636719
38695,0.00827789306641
38696,0.0
38697,0.00497436523438
38698,0.00613784790039
38699,0.00960540771484
38700,0.0
38701,0.00617599487305
38702,0.00732421875
38703,0.00938415527344
38704,0.0
38705,0.00593948364258
38706,0.00759506225586
38707,0.0103073120117
38708,0.0
38709,0.00469589233398
38710,0.00634002685547
38711,0.00810241699219
38712,0.0
38713,0.00522232055664
38714,0.00525283813477
38715,0.0067138671875
38716,0.0
38717,0.00603103637695
38718,0.0101470947266
38719,0.0103302001953
38720,0.0
38721,0.00494003295898
38722,0.00621032714844
38723,0.007080078125
38724,0.0
38725,0.00397491455078
38726,0.00852966308594
38727,0.0187683105469
38728,0.0
38729,0.00468444824219
38730,0.00946807861328
38731,0.0114822387695
38732,0.0
38733,0.00641250610352
38734,0.00577545166016
38735,0.0077018737793
38736,0.0
38737,0.00782775878906
38738,0.0105972290039
38739,0.0100860595703
38740,0.0
38741,0.00597763061523
38742,0.0104064941406
38743,0.014533996582
38744,0.0
38745,0.00594711303711
38746,0.0067138671875
38747,0.00761795043945
38748,0.0
38749,0.00539016723633
38750,0.00664901733398
38751,0.00681304931641
38752,0.0
38753,0.00640869140625
38754,0.00738906860352
38755,0.0100555419922
38756,0.0
38757,0.00661849975586
38758,0.00828552246094
38759,0.0105590820312
38760,0.0
38761,0.00431060791016
38762,0.00674057006836
38763,0.00899505615234
38764,0.0
38765,0.00408554077148
38766,0.00472259521484
38767,0.00666046142578
38768,0.0
38769,0.00614929199219
38770,0.0183868408203
38771,0.0173492431641
38772,0.0
38773,0.00459289550781
38774,0.00625228881836
38775,0.00778198242188
38776,0.0
38777,0.00480651855469
38778,0.00711822509766
38779,0.00786590576172
38780,0.0
38781,0.00528717041016
38782,0.0096435546875
38783,0.0117874145508
38784,0.0
38785,0.00936889648438
38786,0.0096435546875
38787,0.0143280029297
38788,0.0
38789,0.00749206542969
38790,0.0070686340332
38791,0.00936889648438
38792,0.0
38793,0.011474609375
38794,0.0151977539062
38795,0.0233306884766
38796,0.0
38797,0.00618362426758
38798,0.00761795043945
38799,0.00849151611328
38800,0.0
38801,0.00593185424805
38802,0.00727462768555
38803,0.00878143310547
38804,0.0
38805,0.00518417358398
38806,0.00849914550781
38807,0.0106582641602
38808,0.0
38809,0.00681686401367
38810,0.00764846801758
38811,0.00930023193359
38812,0.0
38813,0.00609970092773
38814,0.00713348388672
38815,0.00906372070312
38816,0.0
38817,0.00477981567383
38818,0.00762176513672
38819,0.00753784179688
38820,0.0
38821,0.00736999511719
38822,0.0058479309082
38823,0.00736236572266
38824,0.0
38825,0.00519943237305
38826,0.0073127746582
38827,0.00747299194336
38828,0.0
38829,0.00531005859375
38830,0.00881195068359
38831,0.0100708007812
38832,0.0
38833,0.00455474853516
38834,0.0087890625
38835,0.00925445556641
38836,0.0
38837,0.00665664672852
38838,0.00913238525391
38839,0.00946044921875
38840,0.0
38841,0.00438690185547
38842,0.006103515625
38843,0.00782012939453
38844,0.0
38845,0.00575637817383
38846,0.00720977783203
38847,0.00872802734375
38848,0.0
38849,0.00630569458008
38850,0.00856781005859
38851,0.0115432739258
38852,0.0
38853,0.0048942565918
38854,0.00779724121094
38855,0.0110092163086
38856,0.0
38857,0.00776290893555
38858,0.0101928710938
38859,0.010612487793
38860,0.0
38861,0.00473403930664
38862,0.00547409057617
38863,0.0087890625
38864,0.0
38865,0.00432586669922
38866,0.00603103637695
38867,0.00923919677734
38868,0.0
38869,0.00516510009766
38870,0.00801849365234
38871,0.0118026733398
38872,0.0
38873,0.00557327270508
38874,0.0106964111328
38875,0.0145492553711
38876,0.0
38877,0.00297927856445
38878,0.00757217407227
38879,0.00875091552734
38880,0.0
38881,0.00362777709961
38882,0.00616455078125
38883,0.00650405883789
38884,0.0
38885,0.00460433959961
38886,0.00614547729492
38887,0.0133285522461
38888,0.0
38889,0.0180358886719
38890,0.0238647460938
38891,0.0386962890625
38892,0.0
38893,0.00624084472656
38894,0.0105972290039
38895,0.0248565673828
38896,0.0
38897,0.00511932373047
38898,0.00867462158203
38899,0.0153884887695
38900,0.0
38901,0.00724411010742
38902,0.0121612548828
38903,0.0153350830078
38904,0.0
38905,0.00520706176758
38906,0.00658798217773
38907,0.00606918334961
38908,0.0
38909,0.00473403930664
38910,0.00894927978516
38911,0.0110549926758
38912,0.0
38913,0.00331115722656
38914,0.00832366943359
38915,0.0126800537109
38916,0.0
38917,0.00460052490234
38918,0.00626754760742
38919,0.00785064697266
38920,0.0
38921,0.00396728515625
38922,0.00693130493164
38923,0.0127410888672
38924,0.0
38925,0.00325584411621
38926,0.00543594360352
38927,0.00629806518555
38928,0.0
38929,0.00274467468262
38930,0.00995635986328
38931,0.0112915039062
38932,0.0
38933,0.00235748291016
38934,0.00739669799805
38935,0.00912475585938
38936,0.0
38937,0.00431442260742
38938,0.00571823120117
38939,0.00859069824219
38940,0.0
38941,0.00516510009766
38942,0.0058479309082
38943,0.00664520263672
38944,0.0
38945,0.00398635864258
38946,0.00629806518555
38947,0.0076789855957
38948,0.0
38949,0.00437545776367
38950,0.00678634643555
38951,0.00772857666016
38952,0.0
38953,0.00474548339844
38954,0.0115509033203
38955,0.0118865966797
38956,0.0
38957,0.00386810302734
38958,0.00636672973633
38959,0.00846862792969
38960,0.0
38961,0.00470733642578
38962,0.00762939453125
38963,0.00914001464844
38964,0.0
38965,0.00327682495117
38966,0.00682067871094
38967,0.00986480712891
38968,0.0
38969,0.00460052490234
38970,0.00625991821289
38971,0.00746917724609
38972,0.0
38973,0.00481033325195
38974,0.00593185424805
38975,0.00875854492188
38976,0.0
38977,0.00383758544922
38978,0.00827789306641
38979,0.00951385498047
38980,0.0
38981,0.00363540649414
38982,0.00804901123047
38983,0.0086669921875
38984,0.0
38985,0.00434875488281
38986,0.00786590576172
38987,0.00700759887695
38988,0.0
38989,0.00713348388672
38990,0.00902557373047
38991,0.00501251220703
38992,0.0
38993,0.00595092773438
38994,0.00870513916016
38995,0.00993347167969
38996,0.0
38997,0.00407028198242
38998,0.00888824462891
38999,0.00700378417969
39000,0.0
39001,0.00442504882812
39002,0.00537109375
39003,0.0079345703125
39004,0.0
39005,0.00605392456055
39006,0.00715255737305
39007,0.00777435302734
39008,0.0
39009,0.00443267822266
39010,0.0112228393555
39011,0.0115737915039
39012,0.0
39013,0.00501251220703
39014,0.0101547241211
39015,0.00957489013672
39016,0.0
39017,0.00318717956543
39018,0.00856781005859
39019,0.0102615356445
39020,0.0
39021,0.0047492980957
39022,0.00923919677734
39023,0.00970458984375
39024,0.0
39025,0.0054931640625
39026,0.00617980957031
39027,0.00672912597656
39028,0.0
39029,0.00516128540039
39030,0.00580978393555
39031,0.00773620605469
39032,0.0
39033,0.00762176513672
39034,0.010383605957
39035,0.0179443359375
39036,0.0
39037,0.00357437133789
39038,0.00812530517578
39039,0.00978851318359
39040,0.0
39041,0.00458908081055
39042,0.00740814208984
39043,0.007568359375
39044,0.0
39045,0.0102462768555
39046,0.0144805908203
39047,0.0136642456055
39048,0.0
39049,0.0067138671875
39050,0.00798797607422
39051,0.0100326538086
39052,0.0
39053,0.00724792480469
39054,0.00936126708984
39055,0.00933074951172
39056,0.0
39057,0.00961303710938
39058,0.0107040405273
39059,0.0113830566406
39060,0.0
39061,0.00514602661133
39062,0.00644683837891
39063,0.00577926635742
39064,0.0
39065,0.00738143920898
39066,0.0110702514648
39067,0.00798034667969
39068,0.0
39069,0.00574493408203
39070,0.0108642578125
39071,0.0155334472656
39072,0.0
39073,0.00591659545898
39074,0.00999450683594
39075,0.0117416381836
39076,0.0
39077,0.00424194335938
39078,0.00849151611328
39079,0.00900268554688
39080,0.0
39081,0.00947570800781
39082,0.0109176635742
39083,0.0104217529297
39084,0.0
39085,0.00556182861328
39086,0.00778961181641
39087,0.00840759277344
39088,0.0
39089,0.00437545776367
39090,0.00749206542969
39091,0.00881195068359
39092,0.0
39093,0.00582885742188
39094,0.00927734375
39095,0.0124664306641
39096,0.0
39097,0.00472259521484
39098,0.0079345703125
39099,0.00927734375
39100,0.0
39101,0.00646209716797
39102,0.00652313232422
39103,0.01220703125
39104,0.0
39105,0.00463485717773
39106,0.00739669799805
39107,0.00918579101562
39108,0.0
39109,0.00593185424805
39110,0.00811767578125
39111,0.010139465332
39112,0.0
39113,0.00470733642578
39114,0.00607299804688
39115,0.00695037841797
39116,0.0
39117,0.00826263427734
39118,0.00926208496094
39119,0.0105438232422
39120,0.0
39121,0.00586318969727
39122,0.00930786132812
39123,0.0074577331543
39124,0.0
39125,0.00616836547852
39126,0.0081787109375
39127,0.0223236083984
39128,0.0
39129,0.00425720214844
39130,0.00567245483398
39131,0.00697326660156
39132,0.0
39133,0.00506973266602
39134,0.00645065307617
39135,0.00649642944336
39136,0.0
39137,0.00490951538086
39138,0.00663757324219
39139,0.0103302001953
39140,0.0
39141,0.00490951538086
39142,0.00779342651367
39143,0.00682830810547
39144,0.0
39145,0.0106506347656
39146,0.0138397216797
39147,0.0252990722656
39148,0.0
39149,0.00489044189453
39150,0.00619506835938
39151,0.0075569152832
39152,0.0
39154,0.00349044799805
39155,0.00630569458008
39156,0.00651931762695
39157,0.0
39158,0.00349426269531
39159,0.00457763671875
39160,0.00775146484375
39161,0.0
39162,0.00383758544922
39163,0.00617980957031
39164,0.00944519042969
39165,0.0
39166,0.00513076782227
39167,0.00767135620117
39168,0.00671768188477
39169,0.0
39170,0.00549697875977
39171,0.00709915161133
39172,0.0073127746582
39173,0.0
39174,0.00493240356445
39175,0.00919342041016
39176,0.00749206542969
39177,0.0
39178,0.00735473632812
39179,0.00977325439453
39180,0.00930023193359
39181,0.0
39182,0.0138092041016
39183,0.0176696777344
39184,0.0236053466797
39185,0.0
39186,0.00518798828125
39187,0.00701904296875
39188,0.00847625732422
39189,0.0
39190,0.00718307495117
39191,0.0135192871094
39192,0.0143737792969
39193,0.0
39194,0.00548934936523
39195,0.00737380981445
39196,0.0115814208984
39197,0.0
39198,0.0073356628418
39199,0.00743865966797
39200,0.00911712646484
39201,0.0
39202,0.00466156005859
39203,0.00875854492188
39204,0.0113143920898
39205,0.0
39206,0.00447082519531
39207,0.00749969482422
39208,0.00961303710938
39209,0.0
39210,0.0045280456543
39211,0.00683212280273
39212,0.00782012939453
39213,0.0
39214,0.00421142578125
39215,0.00600051879883
39216,0.00665283203125
39217,0.0
39218,0.00264358520508
39219,0.00543975830078
39220,0.00710296630859
39221,0.0
39222,0.00543212890625
39223,0.00741958618164
39224,0.0191802978516
39225,0.0
39226,0.00333213806152
39227,0.00578689575195
39228,0.00920867919922
39229,0.0
39230,0.00638198852539
39231,0.0091552734375
39232,0.0101928710938
39233,0.0
39234,0.00465774536133
39235,0.00576400756836
39236,0.0076904296875
39237,0.0
39238,0.00451278686523
39239,0.00521087646484
39240,0.00570678710938
39241,0.0
39242,0.00315093994141
39243,0.00632095336914
39244,0.00701904296875
39245,0.0
39246,0.00300788879395
39247,0.0059700012207
39248,0.00679397583008
39249,0.0
39250,0.00313949584961
39251,0.00582504272461
39252,0.00774765014648
39253,0.0
39254,0.00361824035645
39255,0.00863647460938
39256,0.0074462890625
39257,0.0
39258,0.00264930725098
39259,0.00743103027344
39260,0.00897979736328
39261,0.0
39262,0.00237846374512
39263,0.00677490234375
39264,0.00943756103516
39265,0.0
39266,0.00339126586914
39267,0.00676345825195
39268,0.00700759887695
39269,0.0
39270,0.00352478027344
39271,0.00428009033203
39272,0.00665664672852
39273,0.0
39274,0.00262832641602
39275,0.00525665283203
39276,0.00583648681641
39277,0.0
39278,0.00284957885742
39279,0.00865936279297
39280,0.0101852416992
39281,0.0
39282,0.00333213806152
39283,0.00778198242188
39284,0.00816345214844
39285,0.0
39286,0.004638671875
39287,0.00824737548828
39288,0.01025390625
39289,0.0
39290,0.00455474853516
39291,0.00625991821289
39292,0.00804901123047
39293,0.0
39294,0.00276565551758
39295,0.00698471069336
39296,0.0138931274414
39297,0.0
39298,0.00436782836914
39299,0.00814056396484
39300,0.00569915771484
39301,0.0
39302,0.00468444824219
39303,0.00622177124023
39304,0.00681304931641
39305,0.0
39306,0.00534820556641
39307,0.00683975219727
39308,0.00814056396484
39309,0.0
39310,0.00541305541992
39311,0.00711059570312
39312,0.0110778808594
39313,0.0
39314,0.00478363037109
39315,0.00761413574219
39316,0.00748062133789
39317,0.0
39318,0.00479125976562
39319,0.00775527954102
39320,0.00704574584961
39321,0.0
39322,0.00591278076172
39323,0.00722122192383
39324,0.00858306884766
39325,0.0
39326,0.00452423095703
39327,0.00722885131836
39328,0.00749969482422
39329,0.0
39330,0.00511932373047
39331,0.00670623779297
39332,0.00838470458984
39333,0.0
39334,0.00540161132812
39335,0.00775527954102
39336,0.00855255126953
39337,0.0
39338,0.00527191162109
39339,0.0081787109375
39340,0.00863647460938
39341,0.0
39342,0.00565338134766
39343,0.007080078125
39344,0.00878143310547
39345,0.0
39346,0.00902557373047
39347,0.0111618041992
39348,0.0123596191406
39349,0.0
39350,0.00560760498047
39351,0.00872039794922
39352,0.00948333740234
39353,0.0
39354,0.00464248657227
39355,0.00891876220703
39356,0.0074348449707
39357,0.0
39358,0.00527572631836
39359,0.00766754150391
39360,0.00889587402344
39361,0.0
39362,0.00603866577148
39363,0.0093994140625
39364,0.0108642578125
39365,0.0
39366,0.00480270385742
39367,0.00553131103516
39368,0.00833129882812
39369,0.0
39370,0.00325965881348
39371,0.00744247436523
39372,0.00798797607422
39373,0.0
39374,0.00447082519531
39375,0.00761795043945
39376,0.00856018066406
39377,0.0
39378,0.00530624389648
39379,0.00917816162109
39380,0.0112762451172
39381,0.0
39382,0.0040283203125
39383,0.00649642944336
39384,0.00636672973633
39385,0.0
39386,0.00540542602539
39387,0.00788879394531
39388,0.0130844116211
39389,0.0
39390,0.00436782836914
39391,0.00639724731445
39392,0.0065803527832
39393,0.0
39394,0.00412368774414
39395,0.00638961791992
39396,0.00643920898438
39397,0.0
39398,0.00448608398438
39399,0.00676727294922
39400,0.00724029541016
39401,0.0
39402,0.00425720214844
39403,0.00811004638672
39404,0.0077018737793
39405,0.0
39406,0.00525283813477
39407,0.00870513916016
39408,0.0106811523438
39409,0.0
39410,0.00356674194336
39411,0.00732421875
39412,0.00661468505859
39413,0.0
39414,0.00324821472168
39415,0.0050163269043
39416,0.00675964355469
39417,0.0
39418,0.00368499755859
39419,0.00677108764648
39420,0.00740432739258
39421,0.0
39422,0.00343704223633
39423,0.0052490234375
39424,0.00670623779297
39425,0.0
39426,0.00247192382812
39427,0.00748443603516
39428,0.00691986083984
39429,0.0
39430,0.0036563873291
39431,0.00621032714844
39432,0.00847625732422
39433,0.0
39434,0.00413131713867
39435,0.00552368164062
39436,0.00744247436523
39437,0.0
39438,0.00564956665039
39439,0.00627517700195
39440,0.00831604003906
39441,0.0
39442,0.00366020202637
39443,0.00553894042969
39444,0.0049934387207
39445,0.0
39446,0.00277137756348
39447,0.0060920715332
39448,0.00837707519531
39449,0.0
39450,0.00516510009766
39451,0.00630187988281
39452,0.00836181640625
39453,0.0
39454,0.00370788574219
39455,0.00735092163086
39456,0.00764846801758
39457,0.0
39458,0.00779724121094
39459,0.00966644287109
39460,0.0126876831055
39461,0.0
39462,0.004638671875
39463,0.00765609741211
39464,0.00806427001953
39465,0.0
39466,0.0024242401123
39467,0.00602340698242
39468,0.00730133056641
39469,0.0
39470,0.00384902954102
39471,0.0076904296875
39472,0.00613403320312
39473,0.0
39474,0.00426864624023
39475,0.0106353759766
39476,0.010986328125
39477,0.0
39478,0.00400161743164
39479,0.00648498535156
39480,0.00711059570312
39481,0.0
39482,0.00531768798828
39483,0.00716781616211
39484,0.00827026367188
39485,0.0
39486,0.00531005859375
39487,0.00814819335938
39488,0.00945281982422
39489,0.0
39490,0.00699234008789
39491,0.0107879638672
39492,0.00971984863281
39493,0.0
39494,0.0048713684082
39495,0.00701904296875
39496,0.00592041015625
39497,0.0
39498,0.00412750244141
39499,0.00764846801758
39500,0.00787353515625
39501,0.0
39502,0.00535583496094
39503,0.00917053222656
39504,0.00963592529297
39505,0.0
39506,0.00635147094727
39507,0.0169677734375
39508,0.0166473388672
39509,0.0
39510,0.00520324707031
39511,0.00603103637695
39512,0.00753021240234
39513,0.0
39514,0.00703811645508
39515,0.0108184814453
39516,0.0116348266602
39517,0.0
39518,0.00437164306641
39519,0.00797271728516
39520,0.00761413574219
39521,0.0
39522,0.0059928894043
39523,0.00849151611328
39524,0.0111846923828
39525,0.0
39526,0.00800323486328
39527,0.00878143310547
39528,0.00912475585938
39529,0.0
39530,0.00604248046875
39531,0.00769805908203
39532,0.00676727294922
39533,0.0
39534,0.00680160522461
39535,0.00833129882812
39536,0.00923919677734
39537,0.0
39538,0.00413131713867
39539,0.00712203979492
39540,0.00643157958984
39541,0.0
39542,0.00506591796875
39543,0.00566101074219
39544,0.00921630859375
39545,0.0
39546,0.00506591796875
39547,0.00795745849609
39548,0.00732803344727
39549,0.0
39550,0.004150390625
39551,0.00624847412109
39552,0.00700759887695
39553,0.0
39554,0.00467681884766
39555,0.0101318359375
39556,0.00946044921875
39557,0.0
39558,0.00319290161133
39559,0.00664901733398
39560,0.00855255126953
39561,0.0
39562,0.00412750244141
39563,0.00548553466797
39564,0.00509262084961
39565,0.0
39566,0.00738906860352
39567,0.0184783935547
39568,0.0108032226562
39569,0.0
39570,0.00387573242188
39571,0.00732040405273
39572,0.0077018737793
39573,0.0
39574,0.00416564941406
39575,0.00638198852539
39576,0.00663757324219
39577,0.0
39578,0.00395965576172
39579,0.00887298583984
39580,0.0108261108398
39581,0.0
39582,0.00509262084961
39583,0.00680160522461
39584,0.00736999511719
39585,0.0
39586,0.00662612915039
39587,0.00948333740234
39588,0.0154495239258
39589,0.0
39590,0.0073127746582
39591,0.00591278076172
39592,0.00605010986328
39593,0.0
39594,0.00422286987305
39595,0.00729751586914
39596,0.0105285644531
39597,0.0
39598,0.00466918945312
39599,0.00669860839844
39600,0.0117263793945
39601,0.0
39602,0.00569915771484
39603,0.0120849609375
39604,0.00823974609375
39605,0.0
39606,0.00725936889648
39607,0.0100555419922
39608,0.0113906860352
39609,0.0
39610,0.00387001037598
39611,0.00612258911133
39612,0.00749969482422
39613,0.0
39614,0.00368118286133
39615,0.00634002685547
39616,0.00763702392578
39617,0.0
39618,0.00404739379883
39619,0.00533294677734
39620,0.00630950927734
39621,0.0
39622,0.00385284423828
39623,0.00605010986328
39624,0.009033203125
39625,0.0
39626,0.00651168823242
39627,0.00914001464844
39628,0.0111770629883
39629,0.0
39630,0.00429153442383
39631,0.00715637207031
39632,0.00876617431641
39633,0.0
39634,0.00373649597168
39635,0.0115509033203
39636,0.0128936767578
39637,0.0
39638,0.00412750244141
39639,0.00645065307617
39640,0.00983428955078
39641,0.0
39642,0.00494766235352
39643,0.0074348449707
39644,0.00918579101562
39645,0.0
39646,0.00494384765625
39647,0.00558471679688
39648,0.0113296508789
39649,0.0
39650,0.00503540039062
39651,0.00946044921875
39652,0.0138092041016
39653,0.0
39654,0.0050163269043
39655,0.00875854492188
39656,0.00817108154297
39657,0.0
39658,0.00475692749023
39659,0.00841522216797
39660,0.0110168457031
39661,0.0
39662,0.00374221801758
39663,0.00783538818359
39664,0.0146179199219
39665,0.0
39666,0.00442886352539
39667,0.00587844848633
39668,0.00751113891602
39669,0.0
39670,0.00534820556641
39671,0.0117340087891
39672,0.00759887695312
39673,0.0
39674,0.00283241271973
39675,0.00826263427734
39676,0.00754165649414
39677,0.0
39678,0.00340461730957
39679,0.00607681274414
39680,0.00727462768555
39681,0.0
39682,0.00412368774414
39683,0.00537109375
39684,0.00885009765625
39685,0.0
39686,0.00485610961914
39687,0.00767135620117
39688,0.00802612304688
39689,0.0
39690,0.00485610961914
39691,0.00991058349609
39692,0.01513671875
39693,0.0
39694,0.00480651855469
39695,0.00566482543945
39696,0.00571441650391
39697,0.0
39698,0.00634002685547
39699,0.0112533569336
39700,0.0135040283203
39701,0.0
39702,0.00331687927246
39703,0.00680541992188
39704,0.00521469116211
39705,0.0
39706,0.00358963012695
39707,0.00830078125
39708,0.00962829589844
39709,0.0
39710,0.00553894042969
39711,0.00772857666016
39712,0.00715255737305
39713,0.0
39714,0.00791931152344
39715,0.00752639770508
39716,0.0105667114258
39717,0.0
39718,0.0048942565918
39719,0.009765625
39720,0.0136795043945
39721,0.0
39722,0.0063591003418
39723,0.00914001464844
39724,0.00979614257812
39725,0.0
39726,0.00469589233398
39727,0.00789642333984
39728,0.0109634399414
39729,0.0
39730,0.00558471679688
39731,0.00844573974609
39732,0.010009765625
39733,0.0
39734,0.00440979003906
39735,0.00819396972656
39736,0.0124206542969
39737,0.0
39738,0.00692749023438
39739,0.00857543945312
39740,0.00746154785156
39741,0.0
39742,0.00533294677734
39743,0.00874328613281
39744,0.00998687744141
39745,0.0
39746,0.0123825073242
39747,0.0140991210938
39748,0.0200805664062
39749,0.0
39750,0.00410842895508
39751,0.00514221191406
39752,0.00722503662109
39753,0.0
39754,0.00616455078125
39755,0.00865936279297
39756,0.0132217407227
39757,0.0
39758,0.0052490234375
39759,0.00974273681641
39760,0.0123825073242
39761,0.0
39762,0.0047492980957
39763,0.00752639770508
39764,0.00817108154297
39765,0.0
39766,0.00580978393555
39767,0.0066032409668
39768,0.00901794433594
39769,0.0
39770,0.0059928894043
39771,0.0107574462891
39772,0.0154647827148
39773,0.0
39774,0.0172271728516
39775,0.0207366943359
39776,0.0383911132812
39777,0.0
39778,0.00797271728516
39779,0.0167541503906
39780,0.0194244384766
39781,0.0
39782,0.00659561157227
39783,0.00727081298828
39784,0.0154342651367
39785,0.0
39786,0.00830078125
39787,0.00911712646484
39788,0.0122451782227
39789,0.0
39790,0.00992584228516
39791,0.0119018554688
39792,0.0123062133789
39793,0.0
39794,0.00564956665039
39795,0.00764465332031
39796,0.00951385498047
39797,0.0
39798,0.00511932373047
39799,0.0118560791016
39800,0.00992584228516
39801,0.0
39802,0.00467681884766
39803,0.00817108154297
39804,0.0102233886719
39805,0.0
39806,0.0118865966797
39807,0.00746917724609
39808,0.010139465332
39809,0.0
39810,0.00603103637695
39811,0.00716400146484
39812,0.00959777832031
39813,0.0
39814,0.00476455688477
39815,0.00680923461914
39816,0.0150680541992
39817,0.0
39818,0.00533294677734
39819,0.00720977783203
39820,0.00794219970703
39821,0.0
39822,0.00447463989258
39823,0.00748062133789
39824,0.0101547241211
39825,0.0
39826,0.00565338134766
39827,0.00688171386719
39828,0.00892639160156
39829,0.0
39830,0.00456619262695
39831,0.00707244873047
39832,0.00690460205078
39833,0.0
39834,0.00556182861328
39835,0.008544921875
39836,0.00810241699219
39837,0.0
39838,0.00630950927734
39839,0.00902557373047
39840,0.0143585205078
39841,0.0
39842,0.00434112548828
39843,0.00855255126953
39844,0.00849914550781
39845,0.0
39846,0.00460052490234
39847,0.00704574584961
39848,0.011116027832
39849,0.0
39850,0.0068244934082
39851,0.00923919677734
39852,0.0127563476562
39853,0.0
39854,0.00459289550781
39855,0.00643157958984
39856,0.00623321533203
39857,0.0
39858,0.00455856323242
39859,0.00883483886719
39860,0.00885009765625
39861,0.0
39862,0.00581359863281
39863,0.0057258605957
39864,0.00865936279297
39865,0.0
39866,0.00525665283203
39867,0.00953674316406
39868,0.00836944580078
39869,0.0
39870,0.00632476806641
39871,0.0104293823242
39872,0.0141372680664
39873,0.0
39874,0.00510787963867
39875,0.00794219970703
39876,0.00765228271484
39877,0.0
39878,0.00493621826172
39879,0.00679779052734
39880,0.00910186767578
39881,0.0
76637,0.00340461730957
76638,0.00390434265137
76639,0.00708389282227
76640,0.0
76641,0.00447082519531
76642,0.00413513183594
76643,0.00575256347656
76644,0.0
76645,0.00234603881836
76646,0.00278854370117
76647,0.00512313842773
76648,0.0
76649,0.00298500061035
76650,0.00272369384766
76651,0.00468444824219
76652,0.0
76653,0.00383186340332
76654,0.00235939025879
76655,0.00414276123047
76656,0.0
76657,0.00387191772461
76658,0.0037784576416
76659,0.0061149597168
76660,0.0
76661,0.00361442565918
76662,0.00327301025391
76663,0.00532150268555
76664,0.0
76665,0.00366401672363
76666,0.00486373901367
76667,0.00690460205078
76668,0.0
76669,0.00383186340332
76670,0.00408554077148
76671,0.005615234375
76672,0.0
76673,0.00234222412109
76674,0.00339126586914
76675,0.00870513916016
76676,0.0
76677,0.00297927856445
76678,0.00385093688965
76679,0.00689697265625
76680,0.0
76681,0.00337028503418
76682,0.00632858276367
76683,0.00907135009766
76684,0.0
76685,0.00319671630859
76686,0.00392532348633
76687,0.00585556030273
76688,0.0
76689,0.00318336486816
76690,0.0043830871582
76691,0.00710296630859
76692,0.0
76693,0.00297927856445
76694,0.00274085998535
76695,0.00503540039062
76696,0.0
76697,0.00314521789551
76698,0.00262260437012
76699,0.00450134277344
76700,0.0
76701,0.0020809173584
76702,0.00229454040527
76703,0.00317192077637
76704,0.0
76705,0.00170230865479
76706,0.00179100036621
76707,0.00461959838867
76708,0.0
76709,0.0021915435791
76710,0.0037899017334
76711,0.00978088378906
76712,0.0
76713,0.00170230865479
76714,0.00115299224854
76715,0.00313949584961
76716,0.0
76717,0.00271224975586
76718,0.00527954101562
76719,0.00627899169922
76720,0.0
76721,0.00170230865479
76722,0.00212860107422
76723,0.0041389465332
76724,0.0
76725,0.00270462036133
76726,0.00385093688965
76727,0.00480651855469
76728,0.0
76729,0.0016040802002
76730,0.00244522094727
76731,0.00583648681641
76732,0.0
76733,0.00283432006836
76734,0.00356292724609
76735,0.00613021850586
76736,0.0
76738,0.0026741027832
76739,0.00371170043945
76740,0.00503540039062
76741,0.0
76742,0.00257301330566
76743,0.00269889831543
76744,0.00568389892578
76745,0.0
76746,0.00309944152832
76747,0.00692749023438
76748,0.00820159912109
76749,0.0
76750,0.00271987915039
76751,0.00246047973633
76752,0.00235366821289
76753,0.0
76754,0.00301551818848
76755,0.0020809173584
76756,0.00362396240234
76757,0.0
76758,0.00157260894775
76759,0.00312995910645
76760,0.00817108154297
76761,0.0
76762,0.00393295288086
76763,0.00397109985352
76764,0.00601577758789
76765,0.0
76766,0.00394058227539
76767,0.00478744506836
76768,0.00720977783203
76769,0.0
76770,0.00225257873535
76771,0.00302124023438
76772,0.00492858886719
76773,0.0
76774,0.00243377685547
76775,0.00196647644043
76776,0.00515365600586
76777,0.0
76778,0.00277137756348
76779,0.00319480895996
76780,0.00577926635742
76781,0.0
76782,0.00191593170166
76783,0.00220108032227
76784,0.00619125366211
76785,0.0
76786,0.00212860107422
76787,0.0017032623291
76788,0.00443267822266
76789,0.0
76790,0.00203514099121
76791,0.00204086303711
76792,0.00497817993164
76793,0.0
76794,0.000674724578857
76795,0.00203514099121
76796,0.00418472290039
76797,0.0
76798,0.00151634216309
76799,0.00405502319336
76800,0.00528335571289
76801,0.0
76802,0.00104236602783
76803,0.00158786773682
76804,0.00377464294434
76805,0.0
76806,0.00023353099823
76807,0.00338554382324
76808,0.0071907043457
76809,0.0
76810,0.00157833099365
76811,0.00154113769531
76812,0.00250244140625
76813,0.0
76814,0.00127696990967
76815,0.00148487091064
76816,0.00465774536133
76817,0.0
76818,0.00106906890869
76819,0.00173377990723
76820,0.00354957580566
76821,0.0
76822,0.00191593170166
76823,0.00111865997314
76824,0.00339698791504
76825,0.0
76826,0.000970840454102
76827,0.00150680541992
76828,0.00354957580566
76829,0.0
76830,0.00228118896484
76831,0.00319671630859
76832,0.00588989257812
76833,0.0
76834,0.00334358215332
76835,0.0032958984375
76836,0.00888061523438
76837,0.0
76838,0.00234603881836
76839,0.00284576416016
76840,0.00691223144531
76841,0.0
76842,0.00271606445312
76843,0.00271606445312
76844,0.00459289550781
76845,0.0
76846,0.00193977355957
76847,0.00174808502197
76848,0.00299644470215
76849,0.0
76850,0.00179100036621
76851,0.00323867797852
76852,0.00564193725586
76853,0.0
76854,0.00306510925293
76855,0.0058708190918
76856,0.00650024414062
76857,0.0
76858,0.00148963928223
76859,0.0026741027832
76860,0.00279808044434
76861,0.0
76862,0.000721454620361
76863,0.000820159912109
76864,0.00371170043945
76865,0.0
76866,0.00148963928223
76867,0.00179100036621
76868,0.0032958984375
76869,0.0
76870,0.000851154327393
76871,0.00193119049072
76872,0.00345039367676
76873,0.0
76874,0.00232124328613
76875,0.00379753112793
76876,0.00600433349609
76877,0.0
76878,0.00297927856445
76879,0.00312614440918
76880,0.00455093383789
76881,0.0
76882,0.00327491760254
76883,0.0043830871582
76884,0.00607681274414
76885,0.0
76886,0.00377464294434
76887,0.00467681884766
76888,0.0107192993164
76889,0.0
76890,0.00356864929199
76891,0.00314331054688
76892,0.00576400756836
76893,0.0
76894,0.00249862670898
76895,0.00308990478516
76896,0.00616836547852
76897,0.0
76898,0.00364303588867
76899,0.00460052490234
76900,0.0107192993164
76901,0.0
76902,0.00313568115234
76903,0.00452041625977
76904,0.00627517700195
76905,0.0
76906,0.00293159484863
76907,0.00251197814941
76908,0.00380516052246
76909,0.0
76910,0.00319290161133
76911,0.0042724609375
76912,0.00494766235352
76913,0.0
76914,0.0024299621582
76915,0.00424575805664
76916,0.00654602050781
76917,0.0
76918,0.00309944152832
76919,0.00293159484863
76920,0.00475692749023
76921,0.0
76922,0.00314521789551
76923,0.00571441650391
76924,0.00527572631836
76925,0.0
76926,0.00384140014648
76927,0.00429153442383
76928,0.00469589233398
76929,0.0
76930,0.00327491760254
76931,0.00431060791016
76932,0.00460433959961
76933,0.0
76934,0.00336265563965
76935,0.00382041931152
76936,0.00519180297852
76937,0.0
76938,0.00343132019043
76939,0.00573348999023
76940,0.0053825378418
76941,0.0
76942,0.00419616699219
76943,0.00549697875977
76944,0.0102005004883
76945,0.0
76946,0.00581741333008
76947,0.00806427001953
76948,0.0112915039062
76949,0.0
76950,0.00263595581055
76951,0.00297927856445
76952,0.00418853759766
76953,0.0
76954,0.00401306152344
76955,0.00577163696289
76956,0.00521469116211
76957,0.0
76958,0.00250816345215
76959,0.00255393981934
76960,0.00543975830078
76961,0.0
76962,0.00386238098145
76963,0.00465393066406
76964,0.00593948364258
76965,0.0
76966,0.00263595581055
76967,0.00216484069824
76968,0.0056037902832
76969,0.0
76970,0.00253295898438
76971,0.00449371337891
76972,0.00725173950195
76973,0.0
76974,0.00284957885742
76975,0.00445938110352
76976,0.00455474853516
76977,0.0
76978,0.00395202636719
76979,0.00246047973633
76980,0.00686645507812
76981,0.0
76982,0.00234222412109
76983,0.00259590148926
76984,0.00370597839355
76985,0.0
76986,0.00319290161133
76987,0.00374794006348
76988,0.00600433349609
76989,0.0
76990,0.00548934936523
76991,0.00334358215332
76992,0.0111389160156
76993,0.0
76994,0.00340461730957
76995,0.00596618652344
76996,0.00619506835938
76997,0.0
76998,0.00468444824219
76999,0.00385475158691
77000,0.00710296630859
77001,0.0
77002,0.00400161743164
77003,0.00505828857422
77004,0.00662994384766
77005,0.0
77006,0.00364303588867
77007,0.0043830871582
77008,0.00741958618164
77009,0.0
77010,0.00371551513672
77011,0.00337219238281
77012,0.00571060180664
77013,0.0
77014,0.00340461730957
77015,0.00371742248535
77016,0.00734329223633
77017,0.0
77018,0.0042724609375
77019,0.00461578369141
77020,0.00511169433594
77021,0.0
77022,0.00363159179688
77023,0.0024356842041
77024,0.005859375
77025,0.0
77026,0.00471115112305
77027,0.00539779663086
77028,0.00740051269531
77029,0.0
77030,0.00364303588867
77031,0.00429153442383
77032,0.00856018066406
77033,0.0
77034,0.00408554077148
77035,0.00510787963867
77036,0.0134582519531
77037,0.0
77038,0.00365447998047
77039,0.00275993347168
77040,0.00522232055664
77041,0.0
77042,0.00447463989258
77043,0.00536346435547
77044,0.00715255737305
77045,0.0
77046,0.00276565551758
77047,0.00271606445312
77048,0.00539398193359
77049,0.0
77050,0.00310325622559
77051,0.00279808044434
77052,0.00551986694336
77053,0.0
77054,0.00298500061035
77055,0.00306129455566
77056,0.00530624389648
77057,0.0
77058,0.00464630126953
77059,0.00463485717773
77060,0.00616455078125
77061,0.0
77062,0.00364303588867
77063,0.00440216064453
77064,0.00817108154297
77065,0.0
77066,0.00196266174316
77067,0.00204467773438
77068,0.00409698486328
77069,0.0
77070,0.00314521789551
77071,0.00319290161133
77072,0.00425720214844
77073,0.0
77074,0.00454330444336
77075,0.00436782836914
77076,0.00691986083984
77077,0.0
77078,0.00335884094238
77079,0.0026741027832
77080,0.00475692749023
77081,0.0
77082,0.00402450561523
77083,0.00600814819336
77084,0.00651931762695
77085,0.0
77086,0.00314521789551
77087,0.00277137756348
77088,0.00568771362305
77089,0.0
77090,0.0025577545166
77091,0.00300407409668
77092,0.00579071044922
77093,0.0
77094,0.00252914428711
77095,0.00333213806152
77096,0.00503158569336
77097,0.0
77098,0.00435638427734
77099,0.00792694091797
77100,0.0113143920898
77101,0.0
77102,0.0024299621582
77103,0.00402450561523
77104,0.00496673583984
77105,0.0
77106,0.00322914123535
77107,0.00335884094238
77108,0.00412750244141
77109,0.0
77110,0.0042839050293
77111,0.00472259521484
77112,0.00531768798828
77113,0.0
77114,0.00296020507812
77115,0.0033130645752
77116,0.00511932373047
77117,0.0
77118,0.0025634765625
77119,0.00247192382812
77120,0.00400161743164
77121,0.0
77122,0.00237846374512
77123,0.00258636474609
77124,0.00616455078125
77125,0.0
77126,0.00272369384766
77127,0.00588989257812
77128,0.00939178466797
77129,0.0
77130,0.00234603881836
77131,0.00187397003174
77132,0.00344657897949
77133,0.0
77134,0.00271987915039
77135,0.00314521789551
77136,0.0059928894043
77137,0.0
77138,0.00335884094238
77139,0.00352478027344
77140,0.00652694702148
77141,0.0
77142,0.00435638427734
77143,0.00466156005859
77144,0.00833129882812
77145,0.0
77146,0.00295639038086
77147,0.0031852722168
77148,0.00510025024414
77149,0.0
77150,0.00750732421875
77151,0.00624847412109
77152,0.00801849365234
77153,0.0
77154,0.00199317932129
77155,0.00288772583008
77156,0.00613021850586
77157,0.0
77158,0.00212860107422
77159,0.00187397003174
77160,0.00556182861328
77161,0.0
77162,0.00170230865479
77163,0.00186824798584
77164,0.00540161132812
77165,0.0
77166,0.00212860107422
77167,0.00272369384766
77168,0.00556945800781
77169,0.0
77170,0.00106430053711
77171,0.00136470794678
77172,0.00285911560059
77173,0.0
77174,0.00255393981934
77175,0.00319290161133
77176,0.00298881530762
77177,0.0
77178,0.00123023986816
77179,0.00102233886719
77180,0.00174522399902
77181,0.0
77182,0.00148963928223
77183,0.00203514099121
77184,0.0050048828125
77185,0.0
77186,0.00114727020264
77187,0.00153636932373
77188,0.00509262084961
77189,0.0
77190,0.00139713287354
77191,0.00280380249023
77192,0.00636291503906
77193,0.0
77194,0.00148963928223
77195,0.00128173828125
77196,0.00274848937988
77197,0.0
77198,0.000856399536133
77199,0.000687122344971
77200,0.0034008026123
77201,0.0
77202,0.000514030456543
77203,0.000481128692627
77204,0.00388145446777
77205,0.0
77206,0.00110054016113
77207,0.00142765045166
77208,0.00464248657227
77209,0.0
77210,0.00144290924072
77211,0.00153064727783
77212,0.00498580932617
77213,0.0
77214,0.000856399536133
77215,0.000918865203857
77216,0.00304222106934
77217,0.0
77218,0.00630950927734
77219,0.00531387329102
77220,0.0100250244141
77221,0.0
77222,0.00234222412109
77223,0.00212860107422
77224,0.00363159179688
77225,0.0
77226,0.00106430053711
77227,0.00175476074219
77228,0.00371170043945
77229,0.0
77230,0.00157356262207
77231,0.00137615203857
77232,0.00432968139648
77233,0.0
77234,0.00212860107422
77235,0.0023250579834
77236,0.00555419921875
77237,0.0
77238,0.00287628173828
77239,0.00295448303223
77240,0.0057373046875
77241,0.0
77242,0.00213432312012
77243,0.00341606140137
77244,0.00279426574707
77245,0.0
77246,0.00346755981445
77247,0.00391387939453
77248,0.00676727294922
77249,0.0
77250,0.00152587890625
77251,0.00368118286133
77252,0.00449752807617
77253,0.0
77254,0.00348854064941
77255,0.00371742248535
77256,0.00705337524414
77257,0.0
77258,0.00320243835449
77259,0.00384902954102
77260,0.00539779663086
77261,0.0
77262,0.00348854064941
77263,0.00314521789551
77264,0.00463485717773
77265,0.0
77266,0.00348854064941
77267,0.00482940673828
77268,0.00578689575195
77269,0.0
77270,0.00340461730957
77271,0.00466156005859
77272,0.00941467285156
77273,0.0
77274,0.0037899017334
77275,0.00424194335938
77276,0.00612258911133
77277,0.0
77278,0.00276565551758
77279,0.0028018951416
77280,0.00649642944336
77281,0.0
77282,0.00458908081055
77283,0.00475692749023
77284,0.00603103637695
77285,0.0
77286,0.00442123413086
77287,0.00552749633789
77288,0.00722503662109
77289,0.0
77290,0.00640869140625
77291,0.00605773925781
77292,0.010124206543
77293,0.0
77294,0.00757217407227
77295,0.00784301757812
77296,0.00991058349609
77297,0.0
77298,0.00404357910156
77299,0.00715637207031
77300,0.00916290283203
77301,0.0
77302,0.00447082519531
77303,0.00399780273438
77304,0.00575256347656
77305,0.0
77306,0.00447082519531
77307,0.00627899169922
77308,0.0075569152832
77309,0.0
77310,0.00813293457031
77311,0.00545883178711
77312,0.00737380981445
77313,0.0
77314,0.00497817993164
77315,0.00533294677734
77316,0.00730895996094
77317,0.0
77318,0.00531005859375
77319,0.00429153442383
77320,0.00712585449219
77321,0.0
77322,0.00383186340332
77323,0.00543975830078
77324,0.00690841674805
77325,0.0
77326,0.00512313842773
77327,0.00569915771484
77328,0.00783538818359
77329,0.0
77330,0.00595855712891
77331,0.00553131103516
77332,0.00676727294922
77333,0.0
77334,0.00494766235352
77335,0.00690460205078
77336,0.0074577331543
77337,0.0
77338,0.00568008422852
77339,0.0073127746582
77340,0.00897979736328
77341,0.0
77342,0.00361824035645
77343,0.00525283813477
77344,0.0112533569336
77345,0.0
77346,0.00460815429688
77347,0.00481414794922
77348,0.00975036621094
77349,0.0
77350,0.00482940673828
77351,0.00696182250977
77352,0.00739288330078
77353,0.0
77354,0.00578308105469
77355,0.0058708190918
77356,0.00883483886719
77357,0.0
77358,0.00531005859375
77359,0.0045051574707
77360,0.00709915161133
77361,0.0
77362,0.00497817993164
77363,0.00519180297852
77364,0.00689315795898
77365,0.0
77366,0.0042610168457
77367,0.00417709350586
77368,0.00726318359375
77369,0.0
77370,0.0048942565918
77371,0.00642776489258
77372,0.00826263427734
77373,0.0
77374,0.00548553466797
77375,0.00458908081055
77376,0.00727844238281
77377,0.0
77378,0.00537109375
77379,0.00894165039062
77380,0.0115203857422
77381,0.0
77382,0.00403213500977
77383,0.00569152832031
77384,0.0070686340332
77385,0.0
77386,0.00587463378906
77387,0.00584030151367
77388,0.00769424438477
77389,0.0
77390,0.0048942565918
77391,0.00512313842773
77392,0.0081787109375
77393,0.0
77394,0.0048942565918
77395,0.00518417358398
77396,0.00621032714844
77397,0.0
77398,0.00528717041016
77399,0.00617599487305
77400,0.00717163085938
77401,0.0
77402,0.00326156616211
77403,0.00460052490234
77404,0.00614547729492
77405,0.0
77406,0.00566101074219
77407,0.00693893432617
77408,0.00700759887695
77409,0.0
77410,0.00591278076172
77411,0.00604248046875
77412,0.00820159912109
77413,0.0
77414,0.00506210327148
77415,0.00563049316406
77416,0.00775909423828
77417,0.0
77418,0.00404357910156
77419,0.00594711303711
77420,0.00795745849609
77421,0.0
77422,0.00370025634766
77423,0.0102310180664
77424,0.0130920410156
77425,0.0
77426,0.00576782226562
77427,0.00684356689453
77428,0.013801574707
77429,0.0
77430,0.00710678100586
77431,0.00924682617188
77432,0.0141372680664
77433,0.0
77434,0.00846099853516
77435,0.00897216796875
77436,0.00926971435547
77437,0.0
77438,0.0053596496582
77439,0.0042724609375
77440,0.00711822509766
77441,0.0
77442,0.00463485717773
77443,0.00319290161133
77444,0.00600814819336
77445,0.0
77446,0.00431060791016
77447,0.00542449951172
77448,0.00814819335938
77449,0.0
77450,0.00383186340332
77451,0.00468444824219
77452,0.0048942565918
77453,0.0
77454,0.00667953491211
77455,0.00704956054688
77456,0.00946044921875
77457,0.0
77458,0.00567626953125
77459,0.0056037902832
77460,0.00736999511719
77461,0.0
77462,0.0042610168457
77463,0.00733184814453
77464,0.0104370117188
77465,0.0
77466,0.00442123413086
77467,0.00517654418945
77468,0.00799560546875
77469,0.0
77470,0.00488662719727
77471,0.00434875488281
77472,0.00657653808594
77473,0.0
77474,0.00340461730957
77475,0.00431823730469
77476,0.00577163696289
77477,0.0
77478,0.00391387939453
77479,0.00457763671875
77480,0.00814056396484
77481,0.0
77482,0.00328254699707
77483,0.00581741333008
77484,0.00769805908203
77485,0.0
77486,0.0062141418457
77487,0.00523376464844
77488,0.00790405273438
77489,0.0
77490,0.00440216064453
77491,0.00482559204102
77492,0.00748062133789
77493,0.0
77494,0.0069580078125
77495,0.00467300415039
77496,0.00590515136719
77497,0.0
77498,0.00459671020508
77499,0.00511932373047
77500,0.00740432739258
77501,0.0
77502,0.0048942565918
77503,0.00522613525391
77504,0.00807952880859
77505,0.0
77506,0.00354957580566
77507,0.00607681274414
77508,0.00909423828125
77509,0.0
77510,0.00601577758789
77511,0.00721740722656
77512,0.00825500488281
77513,0.0
77514,0.00470733642578
77515,0.00657272338867
77516,0.00672149658203
77517,0.0
77518,0.00373649597168
77519,0.00532531738281
77521,0.00928497314453
77522,0.0
77523,0.00515365600586
77524,0.00575637817383
77525,0.00811767578125
77526,0.0
77527,0.00807189941406
77528,0.00804138183594
77529,0.00801849365234
77530,0.0
77531,0.00496673583984
77532,0.00404357910156
77533,0.00720596313477
77534,0.0
77535,0.00441741943359
77536,0.00515365600586
77537,0.00598526000977
77538,0.0
77539,0.00437545776367
77540,0.00405883789062
77541,0.00676727294922
77542,0.0
77543,0.00442886352539
77544,0.00473403930664
77545,0.00605773925781
77546,0.0
77547,0.00482559204102
77548,0.00586318969727
77549,0.00862884521484
77550,0.0
77551,0.00212860107422
77552,0.00521850585938
77553,0.00790405273438
77554,0.0
77555,0.00490570068359
77556,0.00476455688477
77557,0.00603103637695
77558,0.0
77559,0.00434494018555
77560,0.00379371643066
77561,0.00563430786133
77562,0.0
77563,0.0040397644043
77564,0.003662109375
77565,0.00566482543945
77566,0.0
77567,0.00556182861328
77568,0.00736999511719
77569,0.0107421875
77570,0.0
77571,0.00450134277344
77572,0.00436019897461
77573,0.00909423828125
77574,0.0
77575,0.00528335571289
77576,0.00556182861328
77577,0.00600814819336
77578,0.0
77579,0.00527191162109
77580,0.00493240356445
77581,0.00728607177734
77582,0.0
77583,0.00603866577148
77584,0.00812530517578
77585,0.010612487793
77586,0.0
77587,0.00370025634766
77588,0.00497436523438
77589,0.00966644287109
77590,0.0
77591,0.00404739379883
77592,0.00473403930664
77593,0.00569534301758
77594,0.0
77595,0.00404357910156
77596,0.00355911254883
77597,0.00616836547852
77598,0.0
77599,0.00444030761719
77600,0.00382232666016
77601,0.00742721557617
77602,0.0
77603,0.00344657897949
77604,0.00421905517578
77605,0.00724792480469
77606,0.0
77607,0.00613403320312
77608,0.00621032714844
77609,0.00709533691406
77610,0.0
77611,0.00383567810059
77612,0.0051155090332
77613,0.00622177124023
77614,0.0
77615,0.00456619262695
77616,0.00505828857422
77617,0.00677871704102
77618,0.0
77619,0.00567626953125
77620,0.00843811035156
77621,0.0105209350586
77622,0.0
77623,0.00476455688477
77624,0.00445938110352
77625,0.00693130493164
77626,0.0
77627,0.00434112548828
77628,0.00460052490234
77629,0.00654602050781
77630,0.0
77631,0.00425338745117
77632,0.00546646118164
77633,0.00962829589844
77634,0.0
77635,0.00447082519531
77636,0.00271987915039
77637,0.00581359863281
77638,0.0
77639,0.00662612915039
77640,0.00810241699219
77641,0.00859832763672
77642,0.0
77643,0.00434875488281
77644,0.00434112548828
77645,0.00644683837891
77646,0.0
77647,0.00493240356445
77648,0.00452423095703
77649,0.00770950317383
77650,0.0
77651,0.00534820556641
77652,0.00714111328125
77653,0.0104217529297
77654,0.0
77655,0.00408172607422
77656,0.00585556030273
77657,0.00539016723633
77658,0.0
77659,0.00468826293945
77660,0.00425338745117
77661,0.00778579711914
77662,0.0
77663,0.00455474853516
77664,0.0057487487793
77665,0.00613784790039
77666,0.0
77667,0.0048942565918
77668,0.00491714477539
77669,0.0067024230957
77670,0.0
77671,0.00596618652344
77672,0.00377464294434
77673,0.00689697265625
77674,0.0
77675,0.00571823120117
77676,0.00714874267578
77677,0.0071907043457
77678,0.0
77679,0.00553131103516
77680,0.00582504272461
77681,0.00727844238281
77682,0.0
77683,0.00347709655762
77684,0.00395202636719
77685,0.00536346435547
77686,0.0
77687,0.0047492980957
77688,0.00613403320312
77689,0.00603485107422
77690,0.0
77691,0.00447082519531
77692,0.00680160522461
77693,0.00727844238281
77694,0.0
77695,0.0050163269043
77696,0.00493240356445
77697,0.00496673583984
77698,0.0
77699,0.00506591796875
77700,0.0067253112793
77701,0.00673675537109
77702,0.0
77703,0.00513458251953
77704,0.00531005859375
77705,0.00551223754883
77706,0.0
77707,0.00578689575195
77708,0.00569915771484
77709,0.00899505615234
77710,0.0
77711,0.00607681274414
77712,0.0059928894043
77713,0.00700378417969
77714,0.0
77715,0.00399780273438
77716,0.00489044189453
77717,0.00685119628906
77718,0.0
77719,0.00434875488281
77720,0.00742721557617
77721,0.00892639160156
77722,0.0
77723,0.00454330444336
77724,0.00465393066406
77725,0.0079345703125
77726,0.0
77727,0.00384712219238
77728,0.00527572631836
77729,0.00726318359375
77730,0.0
77731,0.0048942565918
77732,0.00553131103516
77733,0.00953674316406
77734,0.0
77735,0.00514984130859
77736,0.00662612915039
77737,0.00977325439453
77738,0.0
77739,0.00425720214844
77740,0.00497817993164
77741,0.00534439086914
77742,0.0
77743,0.00529479980469
77744,0.00605010986328
77745,0.00806427001953
77746,0.0
77747,0.00489044189453
77748,0.00392150878906
77749,0.00692749023438
77750,0.0
77751,0.00423431396484
77752,0.00759124755859
77753,0.00975799560547
77754,0.0
77755,0.00427627563477
77756,0.00494384765625
77757,0.00530242919922
77758,0.0
77759,0.00447845458984
77760,0.00534439086914
77761,0.00681686401367
77762,0.0
77763,0.00543975830078
77764,0.00543594360352
77765,0.0104675292969
77766,0.0
77767,0.00473403930664
77768,0.00409317016602
77769,0.00716018676758
77770,0.0
77771,0.00480270385742
77772,0.00553131103516
77773,0.00659942626953
77774,0.0
77775,0.00522994995117
77776,0.00559997558594
77777,0.00975036621094
77778,0.0
77779,0.00417709350586
77780,0.00423049926758
77781,0.0063591003418
77782,0.0
77783,0.00426864624023
77784,0.0051383972168
77785,0.00547027587891
77786,0.0
77787,0.00399780273438
77788,0.00482940673828
77789,0.00817108154297
77790,0.0
77791,0.00561904907227
77792,0.00595474243164
77793,0.0074348449707
77794,0.0
77795,0.0048942565918
77796,0.00417327880859
77797,0.00567245483398
77798,0.0
77799,0.00484848022461
77800,0.00527572631836
77801,0.0062141418457
77802,0.0
77803,0.00425720214844
77804,0.00603103637695
77805,0.00750350952148
77806,0.0
77807,0.00518417358398
77808,0.00636672973633
77809,0.00994110107422
77810,0.0
77811,0.00504684448242
77812,0.00691223144531
77813,0.00890350341797
77814,0.0
77815,0.00510787963867
77816,0.00421142578125
77817,0.00816345214844
77818,0.0
77819,0.00391387939453
77820,0.0051383972168
77821,0.00777435302734
77822,0.0
77823,0.00557327270508
77824,0.00708770751953
77825,0.00883483886719
77826,0.0
77827,0.00484848022461
77828,0.00540924072266
77829,0.00672912597656
77830,0.0
77831,0.00496673583984
77832,0.00623321533203
77833,0.00592422485352
77834,0.0
77835,0.0050163269043
77836,0.00702667236328
77837,0.00780868530273
77838,0.0
77839,0.00497436523438
77840,0.00442123413086
77841,0.00815582275391
77842,0.0
77843,0.00463485717773
77844,0.00399780273438
77845,0.00806427001953
77846,0.0
77847,0.0048942565918
77848,0.00434494018555
77849,0.00676345825195
77850,0.0
77851,0.00506210327148
77852,0.00688934326172
77853,0.00872039794922
77854,0.0
77855,0.00352478027344
77856,0.00479125976562
77857,0.00643539428711
77858,0.0
77859,0.00580978393555
77860,0.00686264038086
77861,0.00954437255859
77862,0.0
77863,0.00379371643066
77864,0.00473022460938
77865,0.00844573974609
77866,0.0
77867,0.0050163269043
77868,0.00625610351562
77869,0.00785064697266
77870,0.0
77871,0.00311470031738
77872,0.00436782836914
77873,0.00720977783203
77874,0.0
77875,0.00374984741211
77876,0.00531005859375
77877,0.00739288330078
77878,0.0
77879,0.00477981567383
77880,0.00390625
77881,0.00648880004883
77882,0.0
77883,0.0035285949707
77884,0.00498580932617
77885,0.0112915039062
77886,0.0
77887,0.0048713684082
77888,0.00743103027344
77889,0.0146179199219
77890,0.0
77891,0.00527191162109
77892,0.00578689575195
77893,0.00775146484375
77894,0.0
77895,0.00545120239258
77896,0.00571823120117
77897,0.00617980957031
77898,0.0
77899,0.00314521789551
77900,0.0040397644043
77901,0.00607681274414
77902,0.0
77903,0.00310897827148
77904,0.00464630126953
77905,0.00580596923828
77906,0.0
77907,0.00403213500977
77908,0.00296783447266
77909,0.0053596496582
77910,0.0
77911,0.00319290161133
77912,0.00454330444336
77913,0.00576400756836
77914,0.0
77915,0.00319671630859
77916,0.00320243835449
77917,0.00755310058594
77918,0.0
77919,0.00340461730957
77920,0.00470733642578
77921,0.00944519042969
77922,0.0
77923,0.00429534912109
77924,0.00629425048828
77925,0.00610733032227
77926,0.0
77927,0.00416946411133
77928,0.00458908081055
77929,0.0067253112793
77930,0.0
77931,0.00314521789551
77932,0.00415420532227
77933,0.00558090209961
77934,0.0
77935,0.0045051574707
77936,0.00540161132812
77937,0.00646591186523
77938,0.0
77939,0.00437164306641
77940,0.00807952880859
77941,0.00938415527344
77942,0.0
77943,0.00480270385742
77944,0.00546646118164
77945,0.00561904907227
77946,0.0
77947,0.0109252929688
77948,0.0139694213867
77949,0.0268859863281
77950,0.0
77951,0.00470352172852
77952,0.00543594360352
77953,0.00615692138672
77954,0.0
77955,0.00434112548828
77956,0.00447082519531
77957,0.00661087036133
77958,0.0
77959,0.00508117675781
77960,0.00516510009766
77961,0.0086669921875
77962,0.0
77963,0.00509262084961
77964,0.00490570068359
77965,0.00658798217773
77966,0.0
77967,0.00374221801758
77968,0.00517272949219
77969,0.0065803527832
77970,0.0
77971,0.00413131713867
77972,0.00400924682617
77973,0.00669479370117
77974,0.0
77975,0.00447082519531
77976,0.00521850585938
77977,0.00683212280273
77978,0.0
77979,0.00429534912109
77980,0.00600814819336
77981,0.00727081298828
77982,0.0
77983,0.00389862060547
77984,0.00476455688477
77985,0.00519561767578
77986,0.0
77987,0.00484848022461
77988,0.00451278686523
77989,0.00766754150391
77990,0.0
77991,0.00297927856445
77992,0.00336265563965
77993,0.00515365600586
77994,0.0
77995,0.00365447998047
77996,0.00398635864258
77997,0.00658416748047
77998,0.0
77999,0.00472259521484
78000,0.00431442260742
78001,0.00754547119141
78002,0.0
78003,0.00271606445312
78004,0.00372695922852
78005,0.00457000732422
78006,0.0
78007,0.0025577545166
78008,0.00265121459961
78009,0.0051383972168
78010,0.0
78011,0.00256538391113
78012,0.00324058532715
78013,0.00551605224609
78014,0.0
78015,0.00369071960449
78016,0.00695419311523
78017,0.00843048095703
78018,0.0
78019,0.00330543518066
78020,0.00464248657227
78021,0.00659942626953
78022,0.0
78023,0.00458145141602
78024,0.00507736206055
78025,0.00852203369141
78026,0.0
78027,0.00385093688965
78028,0.00455856323242
78029,0.00529861450195
78030,0.0
78031,0.00542449951172
78032,0.00736618041992
78033,0.0098876953125
78034,0.0
78035,0.00459671020508
78036,0.0045166015625
78037,0.00643920898438
78038,0.0
78039,0.0054931640625
78040,0.00587463378906
78041,0.00753402709961
78042,0.0
78043,0.00405883789062
78044,0.00454711914062
78045,0.00686264038086
78046,0.0
78047,0.00303077697754
78048,0.00515747070312
78049,0.00682830810547
78050,0.0
78051,0.0026741027832
78052,0.00444412231445
78053,0.00833129882812
78054,0.0
78055,0.0042839050293
78056,0.00617218017578
78057,0.00714492797852
78058,0.0
78059,0.00540542602539
78060,0.0104827880859
78061,0.0112075805664
78062,0.0
78063,0.00388717651367
78064,0.00404357910156
78065,0.00591659545898
78066,0.0
78067,0.00410461425781
78068,0.008544921875
78069,0.00942993164062
78070,0.0
78071,0.00340270996094
78072,0.00591659545898
78073,0.00709533691406
78074,0.0
78075,0.00273132324219
78076,0.00474548339844
78077,0.00708389282227
78078,0.0
78079,0.00592422485352
78080,0.00502395629883
78081,0.00923919677734
78082,0.0
78083,0.00442886352539
78084,0.00445175170898
78085,0.0127792358398
78086,0.0
78087,0.0032901763916
78088,0.0064811706543
78089,0.0107192993164
78090,0.0
78091,0.00386810302734
78092,0.00381088256836
78093,0.00628662109375
78094,0.0
78095,0.00276565551758
78096,0.00303268432617
78097,0.00644683837891
78098,0.0
78099,0.00404357910156
78100,0.00510406494141
78101,0.00863647460938
78102,0.0
78103,0.00362396240234
78104,0.00602340698242
78105,0.0076789855957
78106,0.0
78107,0.00298500061035
78108,0.00412750244141
78109,0.00684356689453
78110,0.0
78111,0.00582885742188
78112,0.0067138671875
78113,0.00979614257812
78114,0.0
78115,0.00340461730957
78116,0.00579071044922
78117,0.00804138183594
78118,0.0
78119,0.00447463989258
78120,0.00535583496094
78121,0.00643539428711
78122,0.0
78123,0.00383186340332
78124,0.00449371337891
78125,0.00668716430664
78126,0.0
78127,0.00374221801758
78128,0.00460433959961
78129,0.00690841674805
78130,0.0
78131,0.00383186340332
78132,0.00537490844727
78133,0.00835418701172
78134,0.0
78135,0.0037670135498
78136,0.00405883789062
78137,0.0116577148438
78138,0.0
78139,0.00297927856445
78140,0.00514221191406
78141,0.00638961791992
78142,0.0
78143,0.00429534912109
78144,0.00645446777344
78145,0.00789642333984
78146,0.0
78147,0.0130233764648
78148,0.013069152832
78149,0.0143737792969
78150,0.0
78151,0.00445938110352
78152,0.00545501708984
78153,0.00917816162109
78154,0.0
78155,0.00428771972656
78156,0.00484848022461
78157,0.00524139404297
78158,0.0
78159,0.00476837158203
78160,0.0047721862793
78161,0.00646209716797
78162,0.0
78163,0.00340461730957
78164,0.00423431396484
78165,0.00596618652344
78166,0.0
78167,0.00405502319336
78168,0.0050163269043
78169,0.00510025024414
78170,0.0
78171,0.00506973266602
78172,0.00511932373047
78173,0.00635147094727
78174,0.0
78175,0.00319862365723
78176,0.00705718994141
78177,0.00865173339844
78178,0.0
78179,0.0026741027832
78180,0.00323867797852
78181,0.00529479980469
78182,0.0
78183,0.00337600708008
78184,0.00534057617188
78185,0.00852203369141
78186,0.0
78187,0.00410461425781
78188,0.00558471679688
78189,0.00814819335938
78190,0.0
78191,0.00382614135742
78192,0.00565719604492
78193,0.00624084472656
78194,0.0
78195,0.00421142578125
78196,0.00429534912109
78197,0.00724029541016
78198,0.0
78199,0.00378227233887
78200,0.00537872314453
78201,0.0120010375977
78202,0.0
78203,0.00328063964844
78204,0.00476837158203
78205,0.0072021484375
78206,0.0
78207,0.00405883789062
78208,0.00492858886719
78209,0.0058479309082
78210,0.0
78211,0.00361824035645
78212,0.00527191162109
78213,0.00701904296875
78214,0.0
78215,0.00926971435547
78216,0.00751495361328
78217,0.00876617431641
78218,0.0
78219,0.00396347045898
78220,0.00539779663086
78221,0.00529861450195
78222,0.0
78223,0.00670623779297
78224,0.00538635253906
78225,0.00886535644531
78226,0.0
78227,0.00503921508789
78228,0.00454330444336
78229,0.0065803527832
78230,0.0
78231,0.00429916381836
78232,0.00576400756836
78233,0.00624465942383
78234,0.0
78235,0.00463485717773
78236,0.00574111938477
78237,0.00897216796875
78238,0.0
78239,0.00845336914062
78240,0.00817108154297
78241,0.010124206543
78242,0.0
78243,0.00457763671875
78244,0.00519180297852
78245,0.00956726074219
78246,0.0
78247,0.00475692749023
78248,0.00411605834961
78249,0.00665664672852
78250,0.0
78251,0.00434875488281
78252,0.00681304931641
78253,0.00949859619141
78254,0.0
78255,0.00490188598633
78256,0.00639343261719
78257,0.00801086425781
78258,0.0
78259,0.00669479370117
78260,0.00777816772461
78261,0.00875854492188
78262,0.0
78263,0.00571441650391
78264,0.00753402709961
78265,0.01904296875
78266,0.0
78267,0.0046272277832
78268,0.00596618652344
78269,0.00773239135742
78270,0.0
78271,0.00422286987305
78272,0.00628662109375
78273,0.00828552246094
78274,0.0
78275,0.00470352172852
78276,0.00495910644531
78277,0.00814819335938
78278,0.0
78279,0.00277709960938
78280,0.00727081298828
78281,0.0115585327148
78282,0.0
78283,0.00455474853516
78284,0.00467681884766
78285,0.00537109375
78286,0.0
78287,0.00506210327148
78288,0.00516510009766
78289,0.00798034667969
78290,0.0
78291,0.00461196899414
78292,0.00532150268555
78293,0.00789642333984
78294,0.0
78295,0.00388145446777
78296,0.00406646728516
78297,0.007080078125
78298,0.0
78299,0.00619888305664
78300,0.007080078125
78301,0.00972747802734
78302,0.0
