4,4.95411109924
5,5.08546209335
6,4.93549489975
7,5.12756919861
8,5.17050457001
9,5.05415534973
10,4.93552017212
11,5.10482215881
12,5.44657897949
13,4.96821260452
14,4.98081302643
15,5.02322292328
16,4.82523202896
17,5.04778957367
18,5.0736041069
19,4.9879989624
20,4.68636417389
21,4.78999233246
22,4.86872005463
23,4.55771446228
24,5.11599159241
25,4.96980905533
26,4.99391222
27,4.93058109283
28,5.00785017014
29,4.85286998749
30,4.97634887695
31,4.95344924927
32,4.73343467712
33,4.89957809448
34,4.8983206749
35,4.81953334808
36,4.98584032059
37,4.95166063309
38,4.81550216675
39,4.72972869873
40,4.86906385422
41,4.79491996765
42,5.09169769287
43,4.93514156342
44,4.61359214783
45,4.97030925751
46,4.76589107513
47,4.70772171021
48,4.59061813354
49,5.09445858002
50,4.58753204346
51,4.84749603271
52,4.86785030365
53,4.83125305176
54,4.99125862122
55,4.98206710815
56,4.68463468552
57,4.63935518265
58,4.84037780762
59,4.86773681641
60,4.80325317383
61,4.9452495575
62,4.83664369583
63,4.99192905426
64,4.72663497925
65,4.84872150421
66,4.70824050903
67,4.8637342453
68,4.72636222839
69,4.69965791702
70,4.89970016479
71,4.71867656708
72,4.84387969971
73,4.76492929459
74,4.91459465027
75,4.74205636978
76,4.59118032455
77,4.89816856384
78,5.11611843109
79,5.06806230545
80,5.13037014008
81,4.69293308258
82,4.51767778397
83,4.7079501152
84,4.56639289856
85,4.89689397812
86,4.8895907402
87,4.86058998108
88,4.66513156891
89,4.74324464798
90,5.01920127869
91,4.6134147644
92,4.76156330109
93,4.50378274918
94,5.07852649689
95,5.24661445618
96,5.09407901764
97,4.82508420944
98,4.67314624786
99,4.74774551392
100,4.81890201569
101,4.97182226181
102,4.85714292526
103,4.93023300171
104,4.81610107422
105,4.97498416901
106,4.63947296143
107,4.61014938354
108,4.88110256195
109,4.44675445557
110,4.76855754852
111,5.03354692459
112,4.60210895538
113,4.88354110718
114,4.55009651184
115,4.84655237198
116,4.63362693787
117,4.89467525482
118,4.64380741119
119,4.92908287048
120,5.0533246994
121,4.77205944061
122,4.76688098907
123,4.85388326645
124,4.5176153183
125,5.13937187195
126,4.54209661484
127,5.08140945435
128,4.79725027084
129,4.73002004623
130,4.68843126297
131,5.04966020584
132,4.56903839111
133,5.06473827362
134,4.59233760834
135,4.56040430069
136,4.61201047897
137,4.90526390076
138,4.6113243103
139,4.61649036407
140,4.73904657364
141,5.12900066376
142,4.38987064362
143,4.91332054138
144,4.72948265076
145,4.99568653107
146,4.81286621094
147,4.65345478058
148,4.65607452393
149,4.63410186768
150,4.79569864273
151,4.73838758469
152,4.78907585144
153,4.7362985611
154,4.62743854523
155,4.59205627441
156,4.91061496735
157,4.71103239059
158,4.99399089813
159,5.0962843895
160,4.79274463654
161,4.97640180588
162,4.65895938873
163,4.69884395599
164,5.01198816299
165,4.96006822586
166,4.76315689087
167,4.979180336
168,5.06795310974
169,4.46727514267
170,4.48982715607
171,4.90150356293
172,4.69243144989
173,4.68874835968
174,4.64584445953
175,4.68870019913
176,4.58291912079
177,4.60421657562
178,4.68595457077
179,5.06383180618
180,5.06673717499
181,5.10048484802
182,4.87945365906
183,4.6656537056
184,5.04312801361
185,4.99099063873
186,4.76243782043
187,4.89784908295
188,4.93274641037
189,4.78937244415
190,4.7714676857
191,4.83826732635
192,4.95585107803
193,4.71658849716
194,4.83339977264
195,4.50638246536
196,4.60210132599
197,4.58665752411
198,4.80873203278
199,4.876745224
200,4.82206487656
201,4.49094200134
202,4.94503116608
203,4.58705329895
204,4.68037891388
205,4.56927537918
206,4.67759609222
207,4.89469528198
208,4.60725784302
209,4.84827423096
210,4.9695558548
211,4.71351003647
212,4.73474884033
213,4.92185497284
214,4.77150917053
215,4.72545623779
216,4.84316301346
217,4.64465856552
218,4.85251140594
219,4.94763088226
220,5.03478908539
221,4.95657634735
222,4.83769798279
223,4.81975984573
224,4.59612369537
225,4.78522205353
226,4.89871120453
227,4.48369216919
228,5.01191234589
229,4.7880115509
230,5.0368309021
231,5.01887512207
232,5.19304084778
233,5.15382003784
234,4.90621757507
235,4.73655986786
236,4.57225704193
237,4.89528369904
238,5.03458786011
239,4.92193651199
240,4.72757434845
241,4.90388917923
242,4.59748363495
243,5.09075260162
244,4.5504860878
245,4.99985361099
246,4.66827726364
247,4.63211345673
248,4.5607624054
249,4.87962150574
250,4.80186319351
251,4.56911373138
252,4.60378980637
253,4.69483470917
254,5.264503479
255,4.56869649887
256,4.4304895401
257,4.80290317535
258,4.82082939148
259,4.62627458572
260,4.78842735291
261,4.78179645538
262,4.5696105957
263,4.74723005295
264,4.85319805145
265,4.54771137238
266,5.09646606445
267,4.9911813736
268,4.67007350922
269,4.61264610291
270,4.46417331696
271,4.54484176636
272,4.73388004303
273,4.74640607834
274,4.56605625153
275,4.52651977539
276,4.78566217422
277,4.81079864502
278,4.40519714355
279,5.17679023743
280,5.26191329956
281,4.71852493286
282,5.11046028137
283,4.94105148315
284,4.86540317535
285,4.82396650314
286,4.62075948715
287,4.63834285736
288,4.89750385284
289,4.72188091278
290,5.43183803558
291,4.71993637085
292,4.59622955322
293,4.60854434967
294,4.71759414673
295,4.65516805649
296,4.66916465759
297,4.65924072266
298,5.18234348297
299,4.89669036865
300,4.89318943024
301,4.90991401672
302,4.55550956726
303,4.71921157837
304,4.83927631378
305,4.52836894989
306,5.54542922974
307,4.74585103989
308,4.45731544495
309,4.83100700378
310,4.73898410797
311,4.63351345062
312,4.51481485367
313,4.49286937714
314,4.63904953003
315,5.0393409729
316,4.80554199219
317,4.53514480591
318,4.53641176224
319,4.8615436554
320,4.58714771271
321,4.90086936951
322,4.77414798737
323,4.5471124649
324,5.62535572052
325,4.53151702881
326,4.71072101593
327,4.86660480499
328,4.75408649445
329,4.6574344635
330,4.50739431381
331,4.76697397232
332,4.93034791946
333,5.2473115921
334,5.09631633759
335,4.73536920547
336,4.71279144287
337,4.76461696625
338,4.71933507919
339,4.97199821472
340,4.61954641342
341,4.721534729
342,4.96545505524
343,4.57392454147
344,4.74789428711
345,5.1630115509
346,4.90517139435
347,4.72580337524
348,4.78793430328
349,4.91656303406
350,4.65293645859
351,4.71939992905
352,4.60200119019
353,4.87179374695
354,4.67549037933
355,4.66838264465
356,4.57993793488
357,4.54050731659
358,4.72427272797
359,4.6737818718
360,4.44525909424
361,4.5418753624
362,4.53395318985
363,4.89306354523
364,4.75232839584
365,4.80766391754
366,4.89448881149
367,4.56345367432
368,4.8243598938
369,4.58054876328
370,4.76558494568
371,4.71086978912
372,4.65985155106
373,4.67037534714
374,4.73065090179
375,4.7518081665
376,4.9622220993
377,4.70354175568
378,4.83735942841
379,4.82930135727
380,4.9105682373
381,4.72457408905
382,4.93399620056
383,4.95992469788
384,4.66738891602
385,4.73546743393
386,4.43582820892
387,4.64917373657
388,4.86415576935
389,4.61976385117
390,4.62221193314
391,4.86215496063
392,4.58790969849
393,4.57097434998
394,4.83114528656
395,4.7898774147
396,4.89911317825
397,4.99692058563
398,4.52422809601
399,5.18893909454
400,5.06200027466
401,4.66830062866
402,4.79113006592
403,5.04605197906
404,4.84733057022
405,4.97413396835
406,4.85612535477
407,4.58017253876
408,5.39304161072
409,4.87855243683
410,4.83520889282
411,4.62270355225
412,4.92014503479
413,5.03800916672
414,4.76762771606
415,4.6474480629
416,4.70267534256
417,4.71291160583
418,5.11448431015
419,4.45418834686
420,4.69912719727
421,4.59761333466
422,4.66735076904
423,4.59673643112
424,4.52061367035
425,4.97399997711
426,4.72614955902
427,4.68241071701
428,4.82110500336
429,4.95566606522
430,4.72357273102
431,5.18801593781
432,4.98948383331
433,4.80917453766
434,4.92628002167
435,4.73085832596
436,4.88546848297
437,4.75566244125
438,4.49700641632
439,4.45312595367
440,4.51985645294
441,5.12021493912
442,4.58156871796
443,4.66532945633
444,4.81293153763
445,4.73341846466
446,4.72860002518
447,4.53948831558
448,4.87473773956
449,4.56960296631
450,4.62430381775
451,4.8549489975
452,4.51998233795
453,4.65184783936
454,4.44843864441
455,4.74734973907
456,4.70163393021
457,4.62907934189
458,4.71117734909
459,4.9844083786
460,4.95429134369
461,5.81316661835
462,5.05464506149
463,4.64705133438
464,4.80458927155
465,4.64701938629
466,4.5782790184
467,4.51202487946
468,4.58400154114
469,5.28893661499
470,4.61567306519
471,4.61073493958
472,4.54717445374
473,4.94316101074
474,4.98501253128
475,4.68311977386
476,4.64333248138
477,4.86972856522
478,4.9294424057
479,4.6914806366
480,4.41076183319
481,5.02339553833
482,4.76180124283
483,4.81060695648
484,4.83410549164
485,4.64036273956
486,4.7405166626
487,4.62858772278
488,4.71690416336
489,4.79895591736
490,4.90027189255
491,4.45880413055
492,4.98895788193
493,4.77822780609
494,4.66434240341
495,4.60625839233
496,4.81070184708
497,4.73312997818
498,4.83041524887
499,4.69531536102
500,4.60670995712
501,5.01228523254
502,4.74245357513
503,4.70681762695
504,4.87642240524
505,4.61817884445
506,4.62911891937
507,4.741979599
508,5.59987545013
509,4.64443397522
510,4.8618016243
511,4.64780902863
512,4.76454257965
513,4.70218276978
514,4.85551452637
515,4.56483745575
516,4.81670093536
517,4.48243331909
518,4.53606414795
519,4.75467538834
520,4.78958845139
521,4.86658906937
522,4.64011096954
523,4.57589530945
524,4.83323764801
525,4.54743814468
526,4.69802331924
527,4.84046363831
528,4.48936843872
529,5.08168125153
530,4.53873920441
531,4.73134422302
532,4.63669347763
533,4.71029996872
534,5.02021360397
535,5.19280719757
536,4.85252952576
537,4.70005607605
538,4.64272785187
539,4.68602657318
540,4.77358722687
541,4.97952079773
542,5.35555791855
543,4.61832332611
544,4.68507003784
545,4.63935136795
546,4.60443878174
547,4.61030578613
548,4.44288730621
549,4.88086509705
550,4.68094444275
551,4.67805337906
552,4.60116672516
553,4.52473783493
554,5.51145839691
555,4.78780031204
556,4.54281139374
557,4.58540344238
558,4.85196876526
559,4.96123361588
560,4.85108280182
561,4.50939321518
562,5.19654989243
563,4.54364776611
564,4.75167942047
565,5.09015607834
566,4.74260377884
567,4.54844284058
568,5.23014545441
569,5.52023220062
570,5.08405303955
571,4.64412069321
572,4.53657054901
573,4.47863006592
574,5.63105344772
575,4.98851585388
576,5.0201921463
577,4.70735645294
578,4.68514728546
579,4.60306167603
580,4.67291116714
581,4.52840089798
582,4.6715259552
583,4.99238681793
584,4.84850502014
585,4.54319667816
586,5.3292298317
587,4.4636182785
588,4.63465356827
589,4.62171363831
590,5.09855937958
591,4.56571578979
592,4.73118400574
593,4.38754606247
594,4.57823038101
595,4.4560918808
596,4.70329284668
597,4.9738817215
598,4.77383899689
599,4.5671339035
600,4.85342121124
601,4.51871299744
602,4.66404008865
603,4.96862506866
604,4.67065429688
605,4.74803876877
606,4.64487361908
607,4.81712388992
608,4.66229724884
609,5.19183349609
610,4.79178571701
611,4.91633272171
612,4.68268299103
613,4.78451871872
614,4.64840459824
615,4.86462640762
616,4.506711483
617,4.77554607391
618,4.71497106552
619,4.53617715836
620,4.53959655762
621,4.66008901596
622,4.49382591248
623,4.8051738739
624,5.00211429596
625,5.53360939026
626,5.32125377655
627,5.32952070236
628,4.63554763794
629,4.65319919586
630,4.73147773743
631,4.52757263184
632,4.73756885529
633,4.74816274643
634,6.69163274765
635,4.80809783936
636,4.59602117538
637,5.08845043182
638,4.59162425995
639,4.70863628387
640,4.76770591736
641,5.01743030548
642,4.62492656708
643,4.55160522461
644,5.25123119354
645,4.87191390991
646,4.64529848099
647,4.64269399643
648,4.591837883
649,4.86668205261
650,4.6537361145
651,4.69676780701
652,4.52445745468
653,4.61072254181
654,4.57255172729
655,4.68103456497
656,4.59137582779
657,4.5613527298
658,4.5896692276
659,4.78719711304
660,4.56913566589
661,4.58565139771
662,4.61689519882
663,7.79445552826
664,4.65933895111
665,4.56462001801
666,4.62396430969
667,4.5173368454
668,4.41609573364
669,4.51988363266
670,4.54742860794
671,4.51521682739
672,4.70845365524
673,4.71570301056
674,5.34389352798
675,4.80467510223
676,4.76290512085
677,4.58546638489
678,4.54533290863
679,4.66362476349
680,4.72142601013
681,4.39464664459
682,4.77432394028
683,4.59315299988
684,4.55100107193
685,5.63411331177
686,4.51328372955
687,4.64670944214
688,4.85320425034
689,4.71657037735
690,5.08940410614
691,4.92549705505
692,4.71339511871
693,5.42198991776
694,4.52953910828
695,4.53467464447
696,5.15785598755
697,5.04361820221
698,4.87564468384
699,4.67975711823
700,5.06752204895
701,4.953602314
702,4.47956562042
703,4.83669185638
704,4.60652160645
705,4.67317295074
706,4.63091278076
707,4.43153858185
708,5.00550889969
709,4.63640356064
710,4.58008623123
711,4.44661998749
712,4.54063272476
713,4.75621843338
714,4.6385307312
715,4.78178071976
716,4.85691022873
717,4.65047311783
718,5.00229549408
719,4.97609138489
720,4.65900564194
721,4.93047237396
722,5.77965259552
723,4.95117807388
724,4.71445989609
725,4.74173927307
726,5.0472407341
727,4.63855743408
728,4.95510101318
729,4.55018091202
730,4.53078174591
731,4.83434295654
732,4.81055736542
733,4.5729227066
734,4.6396818161
735,4.73447990417
736,5.13435268402
737,4.90439319611
738,4.60670089722
739,5.27957630157
740,4.61374425888
741,5.88684082031
742,6.33505535126
743,5.17654085159
744,5.16697025299
745,4.59780311584
746,5.78126239777
747,4.67540359497
748,4.99731063843
749,5.47619915009
750,5.99965190887
751,5.42532730103
752,4.58412837982
753,4.70836114883
754,4.57708501816
755,4.59814548492
756,4.5078868866
757,4.60884571075
758,5.19621658325
759,5.0783405304
760,4.66574621201
761,4.7343788147
762,6.38079166412
763,4.49936389923
764,4.40522861481
765,4.67051696777
766,5.22069215775
767,4.8892993927
768,5.48484420776
769,4.87173700333
770,4.71552324295
771,4.74742698669
772,4.64128875732
773,4.80238628387
774,4.5683298111
775,4.7106218338
776,4.74327468872
777,4.45306015015
778,5.26668548584
779,5.14331531525
780,4.88048696518
781,4.47601413727
782,6.02645683289
783,4.87017726898
784,5.22193574905
785,5.33444595337
787,4.99405479431
788,4.72495555878
789,4.55095481873
790,5.2945356369
791,4.71413230896
792,5.8465294838
793,4.66619586945
794,4.47756290436
795,4.72047901154
796,5.30553150177
797,6.4536242485
798,5.0152759552
799,5.01544761658
800,4.62089729309
801,4.98115062714
802,4.6068239212
803,4.55302000046
804,4.63382101059
805,5.33314847946
806,5.07285833359
807,4.58565664291
808,5.20989513397
809,4.49925708771
810,4.85641860962
811,4.53325080872
812,4.48375225067
813,4.67958927155
814,4.55061292648
815,5.38457298279
816,4.61550855637
817,4.53996515274
818,4.48082256317
819,4.54777908325
820,5.53256130219
821,4.74295377731
822,4.95210075378
823,5.00429534912
824,4.6246881485
825,5.18637466431
826,5.03579616547
827,4.6164393425
828,5.33928108215
829,4.74032497406
830,4.64447116852
831,5.00741481781
832,4.45011806488
833,4.58677196503
834,4.66037940979
835,4.73617124557
836,5.15676498413
837,4.79206562042
838,5.8917016983
839,5.59432220459
840,4.61153078079
841,4.57574748993
842,5.93394327164
843,4.87730693817
844,4.57064771652
845,4.52369689941
846,4.72468471527
847,4.65210390091
848,4.65895366669
849,5.00369262695
850,5.22634887695
851,4.43296527863
852,4.54283857346
853,4.44642734528
854,4.47118091583
855,5.18205881119
856,4.94272565842
857,4.95993232727
858,5.68741607666
859,4.40099811554
860,4.57999134064
861,4.5495672226
862,4.41066837311
863,4.64255523682
864,5.41404151917
865,4.74354362488
866,4.54116201401
867,4.46503925323
868,5.98466682434
869,7.11506414413
870,4.62288713455
871,4.72501468658
872,4.55478954315
873,4.56026268005
874,5.37164545059
875,4.37978553772
876,4.63782930374
877,4.95985746384
878,4.80556678772
879,5.2356300354
880,4.9174451828
881,5.25070047379
882,4.73062992096
883,4.55228281021
884,4.64917707443
885,4.96635484695
886,4.80711269379
887,4.74269199371
888,5.01735115051
889,5.4662065506
890,4.53089427948
891,4.65645360947
892,4.56616210938
893,4.88838815689
894,4.52909183502
895,5.99186086655
896,4.91492652893
897,5.01279497147
898,5.10959434509
899,4.69062757492
900,4.50145053864
901,4.54379272461
902,4.84841823578
903,5.60343647003
904,5.18351173401
905,4.70412540436
906,4.49947834015
907,4.42435264587
908,4.85279655457
909,4.72470903397
910,4.52080869675
911,4.763630867
912,4.57766962051
913,4.51552009583
914,4.52760314941
915,6.42512512207
916,4.53209781647
917,4.56132888794
918,4.43275928497
919,4.60763120651
920,5.62008094788
921,4.59034633636
922,4.73898124695
923,4.6643280983
924,4.64883995056
925,4.53204107285
926,4.81163978577
927,4.61728477478
928,5.00362491608
929,4.75960111618
930,4.79975748062
931,5.40167045593
932,4.53892040253
933,4.61225700378
934,4.55680179596
935,4.5317697525
936,5.11208724976
937,4.93804788589
938,4.49374103546
939,5.16286468506
940,4.52151584625
941,4.96319532394
942,4.44873046875
943,4.83948087692
944,4.54681682587
945,4.53054904938
946,5.50690603256
947,4.66022157669
948,4.57435417175
949,6.20165538788
950,4.61370277405
951,4.53353023529
952,4.56724834442
953,4.59285354614
954,4.5667591095
955,4.56923770905
956,4.60685253143
957,5.17933940887
958,5.21040964127
959,6.00591850281
960,4.82822322845
961,4.83513069153
962,4.73316907883
963,4.58534955978
964,4.56616306305
965,4.66385126114
966,5.78553104401
967,5.35547542572
968,4.8407125473
969,4.87486743927
970,4.63176250458
971,4.69953536987
972,4.79315853119
973,4.73963689804
974,4.73442745209
975,4.62985515594
976,6.00759220123
977,4.60866641998
978,4.62172698975
979,4.61102771759
980,4.57621717453
981,4.57715511322
982,4.58712911606
983,4.5130777359
984,4.70889663696
985,4.70147609711
986,4.66833400726
987,5.7717423439
988,4.66185474396
989,4.51937007904
990,4.57664775848
991,4.49757575989
992,4.57190132141
993,4.64256334305
994,5.33552932739
995,4.70777225494
996,4.63555049896
997,5.03734970093
998,5.83862113953
999,4.74421882629
1000,4.83564281464
1001,5.01284360886
1002,4.87780189514
1003,4.86338329315
1004,4.65413761139
1005,4.46917581558
1006,4.69921970367
1007,4.93546104431
1008,5.28433704376
1009,4.63235235214
1010,4.87257051468
1011,4.57015752792
1012,4.54126262665
1013,4.56402778625
1014,4.53215503693
1015,5.41882038116
1016,4.88076019287
1017,4.57180213928
1018,4.7969121933
1019,4.61144161224
1020,5.34871053696
1021,4.70824623108
1022,4.5671172142
1023,4.63447666168
1024,4.51734685898
1025,4.56332206726
1026,5.50343513489
1027,4.56773662567
1028,4.70640277863
1029,4.64448070526
1030,5.20644187927
1031,4.51162004471
1032,4.64047527313
1033,4.5571975708
1034,4.51253700256
1035,4.52053165436
1036,4.49005699158
1037,4.47520542145
1038,4.99864625931
1039,5.24809122086
1040,4.73887634277
1041,4.67885780334
1042,4.51425886154
1043,4.52144908905
1044,5.34965753555
1045,4.47662162781
1046,4.66478681564
1047,4.60464286804
1048,4.95214891434
1049,4.57289505005
1050,4.6711139679
1051,4.63935613632
1052,6.15226793289
1053,4.5808057785
1054,4.59237384796
1055,4.55913448334
1056,4.54099273682
1057,4.48672103882
1058,5.92815494537
1059,4.5902929306
1060,6.02837133408
1061,5.24536800385
1062,4.75175762177
1063,5.22622251511
1064,4.7405462265
1065,4.62254524231
1066,5.31845569611
1067,4.49169778824
1068,4.64035129547
1069,4.58208751678
1070,5.49370098114
1071,4.62534332275
1072,4.89018774033
1073,5.82128429413
1074,4.57464122772
1075,5.02898359299
1076,5.2227935791
1077,5.04673194885
1078,6.31197595596
1079,5.18723726273
1080,4.53401088715
1081,4.64056634903
1082,4.7680311203
1083,4.52993202209
1084,4.60450458527
1085,4.52310657501
1086,4.63560581207
1087,4.61018848419
1088,6.01230716705
1089,4.63813495636
1090,5.09090042114
1091,4.57029485703
1092,4.69711399078
1093,4.72752571106
1094,4.60306692123
1095,4.75095176697
1096,4.6415271759
1097,4.72479343414
1098,4.64263439178
1099,4.7362651825
1100,4.83719205856
1101,4.78332233429
1102,5.01461982727
1103,4.59570598602
1104,5.39334249496
1105,5.17619037628
1106,4.60401058197
1107,4.75168418884
1108,4.58666658401
1109,5.44654893875
1110,5.15500926971
1111,4.50977420807
1112,4.8514919281
1113,4.53155088425
1114,5.04135084152
1115,4.47542285919
1116,5.35526847839
1117,6.78624248505
1118,4.70702171326
1119,4.56489562988
1120,7.04687404633
1121,4.69796848297
1122,4.57377767563
1123,4.67181968689
1124,4.60165596008
1125,4.72607660294
1126,4.65879487991
1127,4.80936431885
1128,4.79447555542
1129,5.07433176041
1130,4.67983818054
1131,4.61035728455
1132,4.63115692139
1133,4.63120746613
1134,5.09434080124
1135,5.95704984665
1136,6.10054683685
1137,4.48550224304
1138,4.73617172241
1139,4.57726573944
1140,5.31726312637
1141,4.68713665009
1142,4.59484577179
1143,4.47991323471
1144,4.73441505432
1145,4.53815746307
1146,4.67979335785
1147,4.693338871
1148,4.47204399109
1149,4.5468082428
1150,4.62259101868
1151,4.84135341644
1152,4.53277111053
1153,5.30644702911
1154,4.88262462616
1155,7.11619281769
1156,5.06199455261
1157,4.62733459473
1158,4.59231090546
1159,4.70415019989
1160,4.56568574905
1161,4.703166008
1162,4.78413772583
1163,6.14496469498
1164,6.33127880096
1165,5.05175590515
1166,4.53404903412
1167,4.47099781036
1168,4.98078393936
1169,4.76086902618
1170,4.48641633987
1171,4.54771900177
1172,4.69825553894
1173,4.5691447258
1174,4.41631603241
1175,4.62356996536
1176,4.67084503174
1177,4.61825180054
1178,4.65222883224
1179,4.5341553688
1180,5.60468244553
1181,6.29112529755
1182,4.7301568985
1183,4.78898096085
1184,4.56001424789
1185,4.55821752548
1186,4.56469249725
1187,5.25077438354
1188,4.60851240158
1189,4.52357244492
1190,4.54351806641
1191,4.64158344269
1192,4.51480865479
1193,6.76527643204
1194,4.5654797554
1195,4.82384300232
1196,5.42940187454
1197,4.64772558212
1198,4.79687547684
1199,4.71232938766
1200,4.62020349503
1201,4.70081996918
1202,4.94740009308
1203,4.5367898941
1204,4.4969329834
1205,4.56738519669
1206,4.61279439926
1207,4.48129081726
1208,4.44996929169
1209,4.62488651276
1210,5.01193332672
1211,5.07454681396
1212,4.63096618652
1213,6.11866617203
1214,4.62559509277
1215,4.67934846878
1216,4.65552759171
1217,4.76612615585
1218,6.44611263275
1219,4.63777351379
1220,4.489133358
1221,4.66043710709
1222,4.78509950638
1223,4.73257160187
1224,4.92559862137
1225,4.63293266296
1226,4.53225278854
1227,4.64045238495
1228,4.54812335968
1229,4.58656978607
1230,5.72573184967
1231,4.8960018158
1232,4.48303413391
1233,4.8063325882
1234,5.86587047577
1235,4.63556957245
1236,5.29715919495
1237,4.52992534637
1238,4.52532148361
1239,4.63148784637
1240,4.53330230713
1241,5.03084659576
1242,4.70129203796
1243,4.56039333344
1244,4.53383398056
1245,4.66168308258
1246,4.69328022003
1247,7.60061454773
1248,4.63175678253
1249,7.04116725922
1250,4.58050727844
1251,4.84978294373
1252,5.03305149078
1253,4.64464426041
1254,4.62755203247
1255,5.23009681702
1256,4.56785488129
1257,4.92515897751
1258,4.92452335358
1259,4.7743473053
1260,4.67140579224
1261,4.55185842514
1262,4.58735275269
1263,4.51228618622
1264,4.66003704071
1265,6.73275661469
1266,4.57896232605
1267,6.46728181839
1268,4.5629940033
1269,4.96507549286
1270,4.46560430527
1271,4.52367258072
1272,4.57435798645
1273,4.55749225616
1274,4.62738132477
1275,4.55839109421
1276,5.29529285431
1277,5.56128358841
1278,5.04609632492
1279,4.63631486893
1280,4.57031774521
1281,6.94041633606
1282,4.63962841034
1283,4.76887989044
1284,5.15666389465
1285,4.58700799942
1286,4.61962556839
1287,5.32423067093
1288,6.88122749329
1289,5.45358085632
1290,4.64927721024
1291,4.72429466248
1292,4.61584758759
1293,4.77575492859
1294,5.2172203064
1295,4.70601892471
1296,4.63390207291
1297,4.68332004547
1298,4.69578552246
1299,5.72093629837
1300,4.65819501877
1301,4.54153966904
1302,4.52245140076
1303,4.57476472855
1304,4.81256389618
1305,5.07402467728
1306,5.42039108276
1307,4.63969326019
1308,5.2234992981
1309,4.70328426361
1310,4.69392633438
1311,4.97112798691
1312,5.62146520615
1313,6.39414691925
1314,5.34371185303
1315,4.53684329987
1316,4.8823890686
1317,4.61896038055
1318,4.71714687347
1319,4.75494289398
1320,5.62161111832
1321,5.44377040863
1322,4.6429643631
1323,4.57060909271
1324,5.02814292908
1325,4.50118970871
1326,4.58056259155
1327,4.72677612305
1328,4.57916927338
1329,4.62310552597
1330,6.93722009659
1331,4.53810882568
1332,4.62849998474
1333,6.7578253746
1334,4.64365291595
1335,4.56508684158
1336,4.57200145721
1337,4.92760705948
1338,4.76785087585
1339,4.61651182175
1340,4.68937253952
1341,4.74244880676
1342,5.72544288635
1343,4.54556798935
1344,4.84178876877
1345,4.60159301758
1346,4.51668262482
1347,4.80182600021
1348,4.58403682709
1349,4.80375814438
1350,4.6560344696
1351,4.54891586304
1352,5.26013326645
1353,4.77919101715
1354,5.9675951004
1355,4.69865179062
1356,5.41105413437
1357,4.99163770676
1358,4.62279653549
1359,4.71817302704
1360,6.16781520844
1361,4.60589647293
1362,4.8276014328
1363,4.49676084518
1364,5.04562854767
1365,8.09663391113
1366,4.68342494965
1367,4.74011421204
1368,4.57532024384
1369,4.77723121643
1370,5.84606981277
1371,5.64314651489
1372,4.69119548798
1373,4.82911777496
1374,4.61513900757
1375,4.94597196579
1376,4.67702865601
1377,4.55835914612
1378,4.49932909012
1379,4.64637041092
1380,5.43468999863
1381,4.79449033737
1382,5.18389749527
1383,6.67384624481
1384,5.40972232819
1385,4.55948925018
1386,4.5251750946
1387,4.68668365479
1388,4.51356887817
1389,4.51756811142
1390,5.3259601593
1391,4.70650577545
1392,4.57649707794
1393,5.41803073883
1394,4.47079372406
1395,4.62326478958
1396,5.70257568359
1397,4.65407991409
1398,4.53386211395
1399,4.64934635162
1400,4.60795879364
1401,5.48438405991
1402,4.54377651215
1403,4.75497770309
1404,4.69533729553
1405,4.51992797852
1406,4.61284732819
1407,4.57089614868
1408,5.28854799271
1409,4.51953697205
1410,5.45072650909
1411,5.97997665405
1412,5.92781066895
1413,5.37066745758
1414,4.75458431244
1415,4.60222578049
1416,4.46534490585
1417,4.64258146286
1418,4.78460216522
1419,4.603703022
1420,4.63350772858
1421,4.58680725098
1422,7.99091529846
1423,4.97293758392
1424,4.99982690811
1425,4.60718917847
1426,4.70257663727
1427,4.9355764389
1428,4.46943473816
1429,4.51752853394
1430,6.04085874557
1431,4.73060560226
1432,4.56776094437
1433,4.86892318726
1434,4.61649417877
1435,4.54005765915
1436,4.59328460693
1437,4.84185886383
1438,5.1437048912
1439,5.47416973114
1440,4.50940990448
1441,4.49921226501
1442,5.65105342865
1443,4.54648303986
1444,4.56135368347
1445,4.48852729797
1446,6.38777542114
1447,4.55117511749
1448,4.60266971588
1449,4.97196960449
1450,4.68682003021
1451,4.7011756897
1452,4.6058139801
1453,4.45989322662
1454,4.4476890564
1455,5.63358879089
1456,4.72333431244
1457,4.65534877777
1458,4.52257633209
1459,4.5043592453
1460,5.03388786316
1461,4.73437023163
1462,5.58617830276
1463,4.75476551056
1464,4.42145824432
1465,4.67391490936
1466,5.32470035553
1467,4.71932125092
1468,4.96815919876
1469,4.57594203949
1470,4.79681015015
1471,4.64561271667
1472,4.48630523682
1473,4.57333946228
1474,4.58292818069
1475,4.61420249939
1476,4.559674263
1477,7.67098760605
1478,4.54261112213
1479,4.67288303375
1480,4.66234016418
1481,5.7326259613
1482,4.45096874237
1483,4.58058738708
1484,4.43313789368
1485,4.6489405632
1486,5.64754152298
1487,4.5132188797
1488,4.5628118515
1489,4.57262420654
1490,4.77672624588
1491,4.45283603668
1492,4.62475204468
1493,4.45551109314
1494,10.6058473587
1495,4.51315116882
1496,4.71005821228
1497,4.95581817627
1498,4.54258537292
1499,5.38275051117
1500,4.37952423096
1501,4.75594139099
1502,4.53466892242
1503,4.63485956192
1504,4.65866088867
1505,5.06927490234
1506,4.67687129974
1507,4.41382217407
1508,4.55919790268
1509,4.50729751587
1510,4.58219861984
1511,8.65680885315
1512,4.79202032089
1513,4.62413311005
1514,4.55867195129
1515,5.61668872833
1516,4.59189033508
1517,4.84907054901
1518,7.2404756546
1519,5.59115123749
1520,4.45124912262
1521,4.4616317749
1522,4.57355308533
1523,4.56836223602
1524,4.67529439926
1525,4.58555269241
1526,11.0698013306
1527,5.66735553741
1528,4.7769985199
1529,4.45293569565
1530,7.03431463242
1531,4.51616859436
1532,4.59294176102
1533,4.6274600029
1534,4.48264360428
1535,4.46805620193
1536,4.69718551636
1537,7.29793930054
1538,4.54110002518
1539,4.49228382111
1540,8.41098022461
1541,5.70417118073
1542,5.57668924332
1543,4.57477664948
1544,4.57480621338
1545,4.68557548523
1546,5.37011575699
1547,4.91046524048
1548,4.7230386734
1549,4.81383419037
1550,4.60887813568
1551,4.65210151672
1552,4.68815755844
1553,4.7680644989
1554,4.70457744598
1555,5.17357873917
1556,4.41956806183
1557,4.75139713287
1558,5.25381183624
1559,5.72624778748
1560,4.8738193512
1561,5.35458755493
1562,4.90027284622
1563,6.88558769226
38319,4.36363649368
38320,25.97133255
38321,4.38117790222
38322,4.47743368149
38323,4.3566160202
38324,13.8306655884
38325,4.42838191986
38326,4.3931427002
38327,4.346575737
38328,4.60868835449
38329,4.2557477951
38330,4.435795784
38331,5.14185810089
38332,4.3986120224
38333,4.30761623383
38334,4.36000442505
38335,4.3467206955
38336,4.30437850952
38337,4.52020645142
38338,23.366350174
38339,4.35327386856
38340,4.44346618652
38341,4.40263938904
38342,4.41695404053
38343,37.6398200989
38344,4.39459514618
38345,4.33153629303
38346,4.26745223999
38347,4.53915405273
38348,4.44692134857
38349,4.57015132904
38350,4.58378219604
38351,4.40266513824
38352,4.3257484436
38353,5.05424022675
38354,5.26573991776
38355,4.36697101593
38356,4.41518974304
38357,4.4330163002
38358,4.40001726151
38359,4.40223121643
38360,4.33273696899
38361,4.34102344513
38362,4.78132867813
38363,4.33495187759
38364,4.48887443542
38365,4.43714380264
38366,4.83719444275
38367,4.52137517929
38368,15.0581054688
38369,4.69292068481
38371,4.42013931274
38372,4.50429391861
38373,4.30407953262
38374,4.30257034302
38375,4.2994594574
38376,4.76142930984
38377,4.41124105453
38378,4.43765926361
38379,4.65281629562
38380,4.31654644012
38381,22.2701644897
38382,4.57185697556
38383,4.46433830261
38384,4.3041176796
38385,4.35372972488
38386,4.6225476265
38387,5.07202625275
38388,4.54063415527
38389,4.48455047607
38390,4.29139900208
38391,4.50159645081
38392,4.76001167297
38393,4.38738298416
38394,4.43663263321
38395,4.73543739319
38396,4.4092297554
38397,4.66818523407
38398,4.46190834045
38399,4.84595012665
38400,10.257019043
38401,4.39552402496
38402,4.37787342072
38403,4.46400356293
38404,4.55999660492
38405,4.33295059204
38406,4.34318113327
38407,4.71292591095
38408,4.38506603241
38409,5.15406656265
38410,13.0840673447
38411,4.66102743149
38412,4.41607666016
38413,4.3085308075
38414,4.48196220398
38415,4.57587480545
38416,4.34570503235
38417,4.39813947678
38418,4.44103813171
38419,4.45886898041
38420,4.40769863129
38421,4.27837753296
38422,4.51505613327
38423,4.41949653625
38424,5.5610294342
38425,4.45548152924
38426,4.58728075027
38427,4.44442462921
38428,4.55981254578
38429,4.49332809448
38430,4.26877117157
38431,4.34755992889
38432,4.31624221802
38433,4.56320953369
38434,4.37579059601
38435,4.4500412941
38436,4.41914844513
38437,4.40467643738
38438,4.39493703842
38439,4.84644412994
38440,4.42596387863
38441,4.64925336838
38442,4.41693019867
38443,4.7533531189
38444,4.30567741394
38445,4.26749563217
38446,4.53471374512
38447,4.46755552292
38448,5.66958379745
38449,4.41727256775
38450,4.88646697998
38451,4.5368885994
38452,4.43112564087
38453,4.56513977051
38454,4.68593788147
38455,4.64493179321
38456,7.50760650635
38457,4.48882961273
38458,4.43310832977
38459,4.87550544739
38460,4.67701435089
38461,4.41078472137
38462,4.30711650848
38463,4.37148427963
38464,4.3931646347
38465,4.53886127472
38466,4.33486557007
38467,4.28366518021
38468,4.39065074921
38469,4.38195753098
38470,7.95119142532
38471,4.42110538483
38472,4.55395650864
38473,4.59413909912
38474,4.29288482666
38475,4.38820695877
38476,4.43011903763
38477,4.28078842163
38478,4.4631819725
38479,4.48518753052
38480,4.56786060333
38481,4.50044965744
38482,4.38763904572
38483,4.44711399078
38484,4.30597019196
38485,4.9372048378
38486,4.593957901
38487,4.59258127213
38488,5.24667549133
38489,4.37794113159
38490,4.77439022064
38491,4.4421787262
38492,4.35326528549
38493,4.52895593643
38494,4.36108636856
38495,4.24840354919
38496,4.69801807404
38497,4.44058322906
38498,4.31770324707
38499,4.32545757294
38500,4.33788394928
38501,4.38670492172
38502,4.77254247665
38503,4.53084659576
38504,4.49797439575
38505,4.41076278687
38506,4.63826704025
38507,4.29399871826
38508,4.48218584061
38509,4.37252950668
38510,4.40810060501
38511,5.40972423553
38512,4.41159534454
38513,4.46163797379
38514,4.48777961731
38515,4.39274024963
38516,4.40295124054
38517,4.34174156189
38518,4.34544801712
38519,4.502161026
38520,4.30828380585
38521,4.3986697197
38522,4.31183433533
38523,5.07258892059
38524,4.27364444733
38525,8.26187801361
38526,4.51141357422
38527,4.51547670364
38528,4.50224018097
38529,4.68428325653
38530,4.30841636658
38531,4.50152158737
38532,4.29752731323
38533,4.91867494583
38534,4.61223220825
38535,4.42225837708
38536,4.44133901596
38537,4.80100727081
38538,4.44609594345
38539,4.867603302
38540,4.53341054916
38541,4.56733798981
38542,4.20983886719
38543,34.515827179
38544,4.693983078
38545,4.85253620148
38546,4.43481254578
38547,4.57115077972
38548,4.39457511902
38549,4.47772979736
38550,4.4886841774
38551,4.42585897446
38552,4.47905492783
38553,4.40285253525
38554,4.5487203598
38555,4.53519248962
38556,4.59678411484
38557,4.30505800247
38558,5.58845806122
38559,4.44076061249
38560,4.36808109283
38561,4.57527828217
38562,4.52508831024
38563,4.4334192276
38564,4.42857646942
38565,5.29989242554
38566,4.40180587769
38567,4.26493883133
38568,4.55072307587
38569,4.70372819901
38570,4.41381788254
38571,4.32456111908
38572,4.24538040161
38573,4.45645236969
38574,4.62880754471
38575,5.18146848679
38576,4.50557136536
38577,4.4552230835
38578,4.57360124588
38579,4.59725379944
38580,34.9643249512
38581,4.42252731323
38582,4.61025810242
38583,4.35747766495
38584,4.34592151642
38585,4.33307647705
38586,4.43602085114
38587,4.65574169159
38588,4.46241474152
38589,4.53310251236
38590,4.66478347778
38591,4.55736446381
38592,4.47965908051
38593,4.32590532303
38594,4.42177200317
38595,4.73556566238
38596,4.3805809021
38597,4.43395614624
38598,4.77551078796
38599,4.35792636871
38600,4.38151836395
38601,4.23856925964
38602,4.49480772018
38603,4.32144021988
38604,4.39811182022
38605,5.14507102966
38606,4.45562314987
38607,26.9841785431
38608,4.76006698608
38609,4.5229883194
38610,4.3549323082
38611,4.69636964798
38612,4.47800922394
38613,4.2327041626
38614,21.799747467
38615,4.31701946259
38616,4.30685520172
38617,4.62977313995
38618,4.31856250763
38619,4.26852703094
38620,4.38901519775
38621,4.25022602081
38622,4.48216199875
38623,4.5231924057
38624,4.77879524231
38625,4.45781040192
38626,4.20157337189
38627,4.33905506134
38628,4.33772182465
38629,4.25072813034
38630,4.34636688232
38631,4.40603685379
38632,4.72898674011
38633,4.47362709045
38634,4.4562754631
38635,4.46517848969
38636,4.4091424942
38637,4.41542053223
38638,4.45880699158
38639,4.39984035492
38640,4.99320030212
38641,4.29878377914
38642,4.39030742645
38643,4.47095108032
38644,4.44245672226
38645,4.28894472122
38646,4.40888118744
38647,4.24090671539
38648,4.69682359695
38649,4.37707901001
38650,4.29440689087
38651,4.59729099274
38652,4.45443153381
38653,4.3854227066
38654,4.4693107605
38655,4.53569507599
38656,4.33163452148
38657,4.32935428619
38658,4.48589134216
38659,4.96001243591
38660,4.23058509827
38661,4.260658741
38662,4.3291387558
38663,4.17551612854
38664,4.29969263077
38665,11.1400852203
38666,4.58670425415
38667,4.63261842728
38668,4.37074947357
38669,4.2762670517
38670,4.43580532074
38671,4.67629289627
38672,4.36884450912
38673,4.57476234436
38674,4.66229581833
38675,4.38350105286
38676,45.4864463806
38677,4.64246892929
38678,4.7476940155
38679,4.79819345474
38680,4.54887199402
38681,4.46184921265
38682,4.93110752106
38683,4.96826457977
38684,4.60606861115
38685,5.56752490997
38686,4.51464176178
38687,4.77528572083
38688,4.5016784668
38689,4.5295419693
38690,4.48684883118
38691,4.57227039337
38692,4.7155752182
38693,4.44975566864
38694,4.45897865295
38695,4.2867193222
38696,4.47743415833
38697,4.53046321869
38698,4.47153902054
38699,4.49184560776
38700,4.7104883194
38701,4.77946949005
38702,4.45716285706
38703,4.34136867523
38704,4.43370342255
38705,4.30313873291
38706,4.30138778687
38707,4.35190343857
38708,4.2640914917
38709,4.87577056885
38710,4.33019685745
38711,5.01767587662
38712,4.63779354095
38713,4.42227649689
38714,4.39623260498
38715,4.31444644928
38716,4.37688541412
38717,4.82808017731
38718,4.38287258148
38719,4.55433607101
38720,4.19606256485
38721,4.43040466309
38722,4.52908086777
38723,4.46341609955
38724,4.48859500885
38725,4.4438495636
38726,4.51311588287
38727,4.77286434174
38728,4.41167831421
38729,4.44281196594
38730,4.68870401382
38731,4.42179822922
38732,4.58274316788
38733,4.35185861588
38734,4.43035411835
38735,4.28217077255
38736,4.5854177475
38737,4.24498033524
38738,4.24000644684
38739,4.54259586334
38740,4.78621053696
38741,4.43931770325
38742,4.5599155426
38743,4.49578762054
38744,4.43214893341
38745,4.48070383072
38746,4.48014831543
38747,4.30548667908
38748,4.44349002838
38749,4.31572818756
38750,4.30469608307
38751,4.23363828659
38752,4.33689403534
38753,4.26631546021
38754,5.30560302734
38755,4.86108398438
38756,4.34323644638
38757,4.41054677963
38758,4.48814868927
38759,4.35101509094
38760,4.42083311081
38761,4.42412281036
38762,4.3067741394
38763,4.68901538849
38764,4.42691898346
38765,4.71096086502
38766,4.40208911896
38767,4.72276878357
38768,4.42622089386
38769,4.57013511658
38770,4.47377872467
38771,4.52760744095
38772,4.35405635834
38773,4.41360235214
38774,4.35057878494
38775,4.48417711258
38776,4.48254394531
38777,4.5592880249
38778,4.39196872711
38779,4.32757234573
38780,4.50338220596
38781,5.01635169983
38782,4.49781656265
38783,4.44000530243
38784,4.7369799614
38785,4.46761608124
38786,4.43943166733
38787,4.46921920776
38788,4.53479766846
38789,4.4139084816
38790,4.55283164978
38791,4.44110202789
38792,5.42161655426
38793,4.41640472412
38794,4.4596529007
38795,4.49418210983
38796,4.43387842178
38797,4.98464775085
38798,4.68461990356
38799,4.32829523087
38800,4.41391372681
38801,4.62129116058
38802,4.33420658112
38803,4.34587192535
38804,4.91020679474
38805,4.2853512764
38806,4.61053133011
38807,4.46063137054
38808,4.49388027191
38809,4.27935886383
38810,4.32900238037
38811,4.49752807617
38812,4.37838172913
38813,4.46562337875
38814,4.51823043823
38815,4.42861938477
38816,4.53860855103
38817,4.90009069443
38818,5.23690032959
38819,4.43419837952
38820,4.27125787735
38821,4.39832401276
38822,4.31384944916
38823,4.56373119354
38824,4.39160346985
38825,4.58928108215
38826,5.04292106628
38827,4.2841758728
38828,33.8746566772
38829,4.42526245117
38830,4.50181055069
38831,4.36376905441
38832,4.53656435013
38833,4.44717216492
38834,18.5114803314
38835,4.36159610748
38836,4.53634643555
38837,4.3398771286
38838,4.41121673584
38839,4.44303846359
38840,4.46169090271
38841,4.35976552963
38842,4.2682466507
38843,4.40554904938
38844,4.30959749222
38845,25.8136367798
38846,8.99531936646
38847,4.64867973328
38848,4.44494152069
38849,4.31016016006
38850,4.65701913834
38851,5.36469936371
38852,4.30445718765
38853,4.26993465424
38854,4.46827888489
38855,4.40664386749
38856,4.42926836014
38857,4.89468765259
38858,4.44872331619
38859,4.49523258209
38860,4.51176548004
38861,4.47242069244
38862,4.41689920425
38863,4.24664306641
38864,4.2809753418
38865,5.36630058289
38866,4.60975837708
38867,4.73210573196
38868,4.93382930756
38869,4.41109848022
38870,4.42856454849
38871,4.73828315735
38872,4.37913608551
38873,4.73025512695
38874,4.53931522369
38875,4.35531520844
38876,4.56673240662
38877,4.3209862709
38878,4.27795219421
38879,4.68859863281
38880,4.48338413239
38881,4.39660644531
38882,4.73933315277
38883,4.79784297943
38884,4.45159244537
38885,4.70677852631
38886,4.40256786346
38887,4.35223293304
38888,6.78681468964
38889,4.95524072647
38890,4.38801527023
38891,5.48161029816
38892,4.51094675064
38893,10.438624382
38894,4.49343109131
38895,4.30475616455
38896,4.53433132172
38897,4.38144207001
38898,4.4265832901
38899,5.41673183441
38900,4.84707355499
38901,4.66051769257
38902,4.30999088287
38903,4.48518943787
38904,4.43871593475
38905,4.46399593353
38906,4.50005340576
38907,4.39482879639
38908,4.44547986984
38909,4.59013605118
38910,4.45744132996
38911,4.38354492188
38912,4.58329629898
38913,10.7109718323
38914,4.3073143959
38915,5.09534358978
38916,4.47035980225
38917,5.00224924088
38918,4.79702329636
38919,4.62603902817
38920,4.65648841858
38921,4.43020915985
38922,4.50037193298
38923,4.47350502014
38924,4.2927942276
38925,4.26814842224
38926,4.37615299225
38927,4.59698581696
38928,4.73766803741
38929,4.58428573608
38930,4.41089916229
38931,4.43330764771
38932,5.01918458939
38933,4.38687562943
38934,4.49996089935
38935,4.30049991608
38936,4.46504116058
38937,4.43663549423
38938,4.34539651871
38939,4.6740732193
38940,4.42420196533
38941,4.4879732132
38942,4.56391954422
38943,4.59918308258
38944,4.25930023193
38945,4.21361637115
38946,4.47802257538
38947,4.41384840012
38948,4.30862236023
38949,4.45903348923
38950,4.38299369812
38951,4.46613883972
38952,4.49028015137
38953,30.3943023682
38954,4.62481880188
38955,4.37682914734
38956,4.35015010834
38957,4.49260759354
38958,4.38662385941
38959,4.3631196022
38960,4.389731884
38961,4.6886882782
38962,4.25358295441
38963,4.24134635925
38964,4.68372392654
38965,4.79805135727
38966,4.36723184586
38967,4.4042263031
38968,4.5946559906
38969,5.69619035721
38970,4.66576290131
38971,4.61737537384
38972,4.36053323746
38973,4.22197151184
38974,4.47092056274
38975,4.45289897919
38976,4.29875659943
38977,4.73304080963
38978,4.36128902435
38979,4.43112516403
38980,4.39775085449
38981,4.61677026749
38982,4.37636947632
38983,4.60204410553
38984,4.32026672363
38985,4.54935741425
38986,4.32498884201
38987,4.32339715958
38988,4.61530256271
38989,4.57859897614
38990,4.73138523102
38991,5.48374843597
38992,4.30521774292
38993,5.01320028305
38994,4.36474657059
38995,4.34334564209
38996,4.63785266876
38997,4.43826532364
38998,4.49833488464
38999,4.58242464066
39000,4.37550067902
39001,4.50195646286
39002,4.3313293457
39003,4.98815345764
39004,4.58968830109
39005,4.81636285782
39006,4.91355991364
39007,4.54161643982
39008,4.24887275696
39009,4.98480272293
39010,4.98288440704
39011,4.20558547974
39012,4.51172828674
39013,4.4927816391
39014,4.63496351242
39015,4.40402889252
39016,4.33579444885
39017,4.40100431442
39018,4.44180297852
39019,4.63306760788
39020,4.62423563004
39021,4.3054895401
39022,4.29868888855
39023,4.74433517456
39024,4.44933986664
39025,4.56276226044
39026,4.62772798538
39027,4.26845502853
39028,4.10497570038
39029,4.45744228363
39030,4.55672693253
39031,4.43846988678
39032,4.49275159836
39033,4.87839412689
39034,4.70071315765
39035,4.72240686417
39036,4.84451675415
39037,4.36327075958
39038,4.23009967804
39039,4.29079341888
39040,4.34665966034
39041,4.31161117554
39042,4.43707466125
39043,4.46529054642
39044,4.99871301651
39045,4.58023309708
39046,4.51163673401
39047,4.38822746277
39048,4.6054315567
39049,4.41249132156
39050,4.39005756378
39051,4.99201107025
39052,4.73951768875
39053,47.6664619446
39054,4.23890924454
39055,4.28258800507
39056,4.44481086731
39057,4.59465503693
39058,4.29270553589
39059,4.92867088318
39060,4.45091342926
39061,4.33414745331
39062,4.29144096375
39063,4.25212669373
39064,4.3954949379
39065,4.25848865509
39066,4.26316642761
39067,4.37497711182
39068,4.95567178726
39069,23.5708751678
39070,4.33012533188
39071,4.2486333847
39072,5.54032850266
39073,4.73707771301
39074,4.50774669647
39075,4.42274856567
39076,13.3384180069
39077,4.56773614883
39078,4.63906383514
39079,4.41221046448
39080,5.08560562134
39081,4.34626817703
39082,4.68543100357
39083,4.65260696411
39084,4.51634979248
39085,4.30859279633
39086,4.29103946686
39087,4.56546878815
39088,4.45159435272
39089,4.2913942337
39090,4.4213013649
39091,4.68632030487
39092,4.3511133194
39093,4.5010766983
39094,4.87678718567
39095,4.43093013763
39096,4.30141448975
39097,4.453353405
39098,4.4531583786
39099,4.42244911194
39100,22.3274154663
39101,4.33545351028
39102,4.31387424469
39103,4.31339979172
39104,4.49606132507
39105,4.64469480515
39106,4.26931190491
39107,4.55890369415
39108,5.15027856827
39109,4.32290935516
39110,4.26066589355
39111,4.70574331284
39112,4.32574796677
39113,4.68686199188
39114,4.39521837234
39115,4.31473588943
39116,4.2583360672
39117,4.34931182861
39118,4.47146034241
39119,4.43483352661
39120,4.61644601822
39121,4.6280374527
39122,5.35635185242
39123,4.2899107933
39124,4.35287857056
39125,4.79834604263
39126,4.34730482101
39127,5.8906545639
39128,4.52518749237
39129,4.463326931
39130,4.37322902679
39131,4.96051073074
39132,4.24986839294
39133,4.47353410721
39134,4.70797348022
39135,4.40019989014
39136,4.92180633545
39137,4.36945343018
39138,4.43542957306
39139,4.68068170547
39140,4.74782085419
39141,4.41829633713
39142,4.16849994659
39143,4.35575819016
39144,5.02277421951
39145,5.53831291199
39146,4.29826450348
39147,4.47789382935
39148,4.58619308472
39149,4.37994480133
39150,4.89270019531
39151,4.31116819382
39152,4.65456628799
39154,4.35331821442
39155,4.30277395248
39156,4.89729213715
39157,4.29491996765
39158,4.57207489014
39159,4.49789190292
39160,4.39980506897
39161,4.23618793488
39162,4.29996490479
39163,4.5711312294
39164,4.42120265961
39165,25.7262878418
39166,4.54567146301
39167,4.31035804749
39168,4.35095500946
39169,4.71275758743
39170,4.44208049774
39171,4.29797649384
39172,4.34711360931
39173,4.55551242828
39174,4.35305595398
39175,4.33446788788
39176,4.24045658112
39177,4.65037155151
39178,5.36575222015
39179,4.41445541382
39180,4.4838643074
39181,4.68232154846
39182,5.69210100174
39183,4.3696603775
39184,4.30913686752
39185,4.34903812408
39186,4.6103014946
39187,4.30043792725
39188,4.45508241653
39189,4.30311870575
39190,4.48906612396
39191,4.5961894989
39192,4.53313970566
39193,4.42860269547
39194,4.47201871872
39195,4.5012254715
39196,8.61778640747
39197,4.52594947815
39198,4.46096372604
39199,4.43878316879
39200,4.70090675354
39201,4.75872707367
39202,4.27275753021
39203,5.33567237854
39204,4.41055583954
39205,4.73757457733
39206,4.34779548645
39207,4.33711147308
39208,4.39727449417
39209,4.4074344635
39210,4.26783227921
39211,4.63590717316
39212,4.73028755188
39213,4.30363368988
39214,4.27715826035
39215,4.23645305634
39216,4.25752162933
39217,4.2407245636
39218,4.59132480621
39219,47.49061203
39220,4.49710273743
39221,38.5543174744
39222,4.37511730194
39223,4.75097370148
39224,21.7548084259
39225,4.58134222031
39226,4.67589473724
39227,4.53602838516
39228,4.57320976257
39229,4.36116695404
39230,7.8635931015
39231,4.31368732452
39232,4.32593727112
39233,4.4035654068
39234,4.4133272171
39235,4.41260814667
39236,4.31717681885
39237,4.29010725021
39238,4.48416137695
39239,4.44045877457
39240,4.71917486191
39241,4.56435775757
39242,4.4969701767
39243,4.27965641022
39244,4.37099075317
39245,4.19268321991
39246,4.41400575638
39247,4.27242946625
39248,4.49328994751
39249,4.33593559265
39250,4.20920419693
39251,4.69778633118
39252,4.52810335159
39253,4.38370037079
39254,4.53351211548
39255,4.44763183594
39256,4.31618595123
39257,4.96928548813
39258,4.53235340118
39259,4.39660263062
39260,4.33752202988
39261,5.79104852676
39262,4.43936061859
39263,11.5143089294
39264,4.54471445084
39265,36.8022499084
39266,4.48838186264
39267,4.68124437332
39268,4.23342084885
39269,4.45670223236
39270,5.18985557556
39271,4.29289913177
39272,4.3902130127
39273,4.44953632355
39274,4.69949293137
39275,4.39000701904
39276,4.22609090805
39277,4.75880908966
39278,5.72148609161
39279,4.58778476715
39280,4.17967939377
39281,4.49615907669
39282,4.41383171082
39283,4.47307538986
39284,4.27599334717
39285,4.55400085449
39286,4.54320526123
39287,4.44561004639
39288,4.26546669006
39289,4.57874774933
39290,4.40843629837
39291,4.71516704559
39292,4.41393661499
39293,4.22204637527
39294,9.51247787476
39295,4.29494905472
39296,4.86543655396
39297,4.78819561005
39298,4.4195151329
39299,4.6452922821
39300,4.30021095276
39301,4.34708786011
39302,4.50678730011
39303,4.57091522217
39304,4.49896764755
39305,4.34535503387
39306,4.42579841614
39307,4.9613609314
39308,4.5191078186
39309,4.31439781189
39310,4.59522247314
39311,4.36386346817
39312,4.82798051834
39313,4.37442207336
39314,4.52953624725
39315,4.34324073792
39316,4.20446443558
39317,4.44874572754
39318,4.56010437012
39319,4.54097127914
39320,4.53652954102
39321,4.52571678162
39322,4.39416599274
39323,5.06016349792
39324,4.60160923004
39325,4.54381847382
39326,4.47483253479
39327,20.5470027924
39328,4.6201133728
39329,4.50164461136
39330,4.70076084137
39331,4.82943725586
39332,4.31588554382
39333,4.39499664307
39334,4.25473213196
39335,4.91812610626
39336,4.31410312653
39337,4.53210687637
39338,4.39247989655
39339,4.32520484924
39340,4.3602938652
39341,4.41351985931
39342,4.37401008606
39343,4.3991651535
39344,4.46364402771
39345,4.47306060791
39346,8.64729404449
39347,4.30276727676
39348,4.48699331284
39349,4.31973743439
39350,4.38473749161
39351,4.29176807404
39352,4.20501327515
39353,4.5327091217
39354,4.34319782257
39355,4.45700263977
39356,4.36606788635
39357,4.76813697815
39358,4.28536558151
39359,4.4158577919
39360,4.47337341309
39361,4.45046806335
39362,9.20610237122
39363,4.52762556076
39364,4.92325401306
39365,4.37470006943
39366,4.34129524231
39367,4.55998134613
39368,4.54257297516
39369,4.93900680542
39370,4.6193447113
39371,4.39096403122
39372,4.8526725769
39373,4.34068107605
39374,4.34758424759
39375,4.57204627991
39376,4.59657049179
39377,4.52664041519
39378,4.52331447601
39379,5.36349582672
39380,4.43923664093
39381,4.45542621613
39382,4.65307235718
39383,4.68574619293
39384,4.39093971252
39385,4.40648174286
39386,4.26663923264
39387,4.4685125351
39388,4.14645576477
39389,4.37136411667
39390,4.26242351532
39391,4.41379165649
39392,4.49226570129
39393,4.39579391479
39394,4.61543083191
39395,4.37743282318
39396,4.43080043793
39397,4.2518119812
39398,4.37186431885
39399,4.22884321213
39400,4.28158187866
39401,4.35054397583
39402,4.93822860718
39403,5.16115474701
39404,4.37367534637
39405,4.41609191895
39406,4.94848918915
39407,4.38980770111
39408,4.74338340759
39409,4.37120628357
39410,4.30464076996
39411,4.20867013931
39412,4.24975681305
39413,27.4767456055
39414,4.54780340195
39415,4.41286373138
39416,4.30383491516
39417,4.54286766052
39418,4.2616724968
39419,4.72038555145
39420,4.51828193665
39421,4.55728244781
39422,4.36836910248
39423,4.38098144531
39424,4.29737949371
39425,4.4270772934
39426,4.30439424515
39427,4.55672645569
39428,4.28206539154
39429,4.90993452072
39430,4.19969749451
39431,4.45034885406
39432,4.38146400452
39433,4.6231918335
39434,4.43163871765
39435,4.18479824066
39436,4.74030303955
39437,19.8606300354
39438,4.22607803345
39439,4.29431533813
39440,4.55962610245
39441,4.31420326233
39442,4.2762131691
39443,4.60487747192
39444,4.39340925217
39445,4.37954854965
39446,4.70293474197
39447,4.3495054245
39448,4.35729122162
39449,4.25733995438
39450,4.52475404739
39451,4.3728928566
39452,4.46749448776
39453,4.31384420395
39454,4.2296628952
39455,4.35658836365
39456,4.44645166397
39457,4.3144235611
39458,4.57405042648
39459,4.2748298645
39460,4.26384830475
39461,4.36320495605
39462,4.37221193314
39463,4.29261541367
39464,4.47441673279
39465,4.6756401062
39466,4.34377574921
39467,4.31969642639
39468,4.29696369171
39469,4.8879699707
39470,4.36205768585
39471,4.58305692673
39472,4.85530805588
39473,4.16508340836
39474,39.1642913818
39475,4.68091487885
39476,4.38258647919
39477,4.53837347031
39478,4.3311882019
39479,4.42179012299
39480,4.53918075562
39481,4.29869222641
39482,4.34325695038
39483,4.33973407745
39484,4.46556663513
39485,4.91841554642
39486,4.56504297256
39487,4.83699893951
39488,4.60613870621
39489,4.70868635178
39490,4.30079698563
39491,4.58422231674
39492,4.44419670105
39493,4.46452093124
39494,4.35649871826
39495,4.25564956665
39496,4.72524833679
39497,4.36050033569
39498,4.24075603485
39499,4.40515136719
39500,4.60225772858
39501,4.71182727814
39502,4.38809490204
39503,4.70678138733
39504,4.32974338531
39505,4.44877052307
39506,5.25650691986
39507,4.3247423172
39508,4.28934288025
39509,4.26377344131
39510,4.28985404968
39511,4.4287981987
39512,4.35696363449
39513,4.5123500824
39514,4.41296195984
39515,4.31498622894
39516,4.21123075485
39517,4.47650241852
39518,4.42425918579
39519,4.41567611694
39520,4.46879386902
39521,4.50822925568
39522,4.57870912552
39523,4.60167121887
39524,4.89921855927
39525,4.25486707687
39526,4.65527439117
39527,4.37385463715
39528,4.47430896759
39529,4.4694108963
39530,4.57082414627
39531,4.35838747025
39532,4.39248180389
39533,24.6832561493
39534,4.62542104721
39535,4.41548061371
39536,4.38275814056
39537,4.60958337784
39538,4.49568557739
39539,4.36112499237
39540,4.59942722321
39541,4.47015237808
39542,4.6650056839
39543,4.41072463989
39544,4.34581279755
39545,4.53583526611
39546,4.46318721771
39547,4.43189287186
39548,4.28285837173
39549,4.46026182175
39550,4.3682641983
39551,4.35729694366
39552,4.34018945694
39553,5.09600734711
39554,4.59602451324
39555,4.31782817841
39556,4.53947353363
39557,4.41498184204
39558,4.53188514709
39559,4.29688930511
39560,4.32280111313
39561,4.37881660461
39562,5.76815223694
39563,4.34044981003
39564,4.27887439728
39565,4.58674621582
39566,5.4140753746
39567,5.04874229431
39568,4.90902423859
39569,4.37359046936
39570,4.58949899673
39571,4.19623279572
39572,4.42368507385
39573,4.40091991425
39574,4.3579211235
39575,4.33771800995
39576,4.415350914
39577,4.43346309662
39578,5.15290021896
39579,4.65392208099
39580,4.38221502304
39581,4.51924371719
39582,4.45785951614
39583,4.30885219574
39584,4.35151863098
39585,4.29680347443
39586,4.39825820923
39587,4.80269098282
39588,4.78448677063
39589,4.27160453796
39590,4.38352394104
39591,4.3360710144
39592,4.34940624237
39593,4.32212352753
39594,4.48362016678
39595,21.5670890808
39596,4.27081251144
39597,4.25379943848
39598,4.67068529129
39599,4.54481506348
39600,4.41682624817
39601,5.17056655884
39602,4.55139160156
39603,4.31365537643
39604,4.31182003021
39605,4.32491445541
39606,4.50621414185
39607,4.67049694061
39608,4.43042945862
39609,5.06270694733
39610,4.30556535721
39611,4.41905260086
39612,4.48628091812
39613,4.38183116913
39614,7.97369766235
39615,45.3558654785
39616,4.60857868195
39617,4.73361301422
39618,4.31763267517
39619,4.38228130341
39620,4.26671886444
39621,4.49490642548
39622,4.42899179459
39623,4.38589334488
39624,4.26642894745
39625,4.55544185638
39626,4.42385053635
39627,4.47138786316
39628,4.52402973175
39629,4.4338054657
39630,4.22437953949
39631,4.22784137726
39632,4.64857387543
39633,4.63988208771
39634,4.33470249176
39635,4.45703697205
39636,4.4808549881
39637,4.38316392899
39638,4.34189033508
39639,4.3429069519
39640,4.39607906342
39641,4.46150112152
39642,4.55722475052
39643,4.44738483429
39644,4.72351408005
39645,4.32656288147
39646,4.43446826935
39647,4.27016878128
39648,4.3087387085
39649,4.33044528961
39650,5.35624790192
39651,4.70049142838
39652,4.24095535278
39653,4.41955375671
39654,4.34617233276
39655,4.59837722778
39656,4.36067771912
39657,4.35816860199
39658,4.47529745102
39659,4.46064281464
39660,4.91235256195
39661,4.34033489227
39662,4.29370260239
39663,4.95348930359
39664,4.43931150436
39665,4.52595663071
39666,4.78760194778
39667,4.41292667389
39668,4.33318567276
39669,4.73499393463
39670,4.41063737869
39671,39.0064086914
39672,4.37102985382
39673,4.29839372635
39674,4.7925786972
39675,33.8284378052
39676,4.53266716003
39677,5.54992771149
39678,4.20301198959
39679,4.4595375061
39680,4.32438755035
39681,4.31491422653
39682,4.35278558731
39683,13.0123767853
39684,4.60720300674
39685,4.24213552475
39686,4.43783760071
39687,4.70296764374
39688,4.56933164597
39689,4.20785188675
39690,4.10475349426
39691,8.6086063385
39692,4.60565090179
39693,4.41674518585
39694,4.39648151398
39695,4.60530614853
39696,25.7044906616
39697,4.40155029297
39698,4.29636287689
39699,5.12117385864
39700,5.08421754837
39701,4.36136054993
39702,4.33993864059
39703,4.26188087463
39704,4.51147842407
39705,4.38045501709
39706,4.3338727951
39707,4.310297966
39708,4.47208023071
39709,4.45446395874
39710,4.63679456711
39711,4.41211175919
39712,4.31513977051
39713,4.45782327652
39714,4.31592845917
39715,4.25015592575
39716,4.31515216827
39717,4.38703918457
39718,4.40929698944
39719,5.43703365326
39720,4.67611122131
39721,4.70990562439
39722,4.69879150391
39723,25.0483226776
39724,4.52564048767
39725,4.92274475098
39726,4.23968696594
39727,4.44562911987
39728,4.46173715591
39729,6.64125156403
39730,4.46687889099
39731,4.60701465607
39732,4.77868366241
39733,4.39028549194
39734,4.30013608932
39735,12.8431692123
39736,4.46035671234
39737,4.65234613419
39738,4.26057815552
39739,4.43920087814
39740,4.38371610641
39741,4.43094062805
39742,4.53672552109
39743,4.60559844971
39744,4.86352729797
39745,21.6352577209
39746,6.49507141113
39747,4.41655635834
39748,4.36985206604
39749,4.60266876221
39750,4.64143371582
39751,4.67054700851
39752,4.49986171722
39753,4.43513679504
39754,7.71030330658
39755,4.45647907257
39756,4.54610919952
39757,4.5580368042
39758,4.24029159546
39759,4.34658670425
39760,4.49225521088
39761,4.44852924347
39762,4.61469078064
39763,4.65600442886
39764,4.59004688263
39765,4.47865104675
39766,5.72385120392
39767,4.35560083389
39768,4.56135940552
39769,4.46773433685
39770,4.43627357483
39771,4.47301292419
39772,4.31795167923
39773,19.1584129333
39774,4.84368228912
39775,4.47130680084
39776,4.8729352951
39777,24.9454154968
39778,4.31332588196
39779,4.32477283478
39780,4.66169834137
39781,4.40355587006
39782,4.52791500092
39783,4.33100795746
39784,4.96577072144
39785,4.44574117661
39786,5.2568821907
39787,4.54703235626
39788,21.2326869965
39789,4.34101104736
39790,5.18763542175
39791,4.42575407028
39792,4.31159496307
39793,4.59980583191
39794,4.47353553772
39795,4.75043582916
39796,4.31439208984
39797,5.68716478348
39798,4.44022941589
39799,4.29118061066
39800,4.37996006012
39801,4.47851085663
39802,4.32936096191
39803,4.41762542725
39804,4.47784614563
39805,4.74278783798
39806,5.05985069275
39807,4.42805671692
39808,4.33260345459
39809,4.30691623688
39810,4.33155488968
39811,4.46622562408
39812,4.35201740265
39813,4.3177819252
39814,4.34991550446
39815,4.47737979889
39816,4.36917495728
39817,4.55009508133
39818,4.44234085083
39819,4.56666564941
39820,4.37952232361
39821,4.28088378906
39822,4.32582569122
39823,4.48241662979
39824,4.22817564011
39825,4.35135555267
39826,4.27369308472
39827,4.36750125885
39828,4.31989383698
39829,4.30726051331
39830,4.55823421478
39831,4.35636425018
39832,4.29554796219
39833,4.36459589005
39834,4.41006851196
39835,4.71796894073
39836,4.29765319824
39837,4.36061191559
39838,4.59334564209
39839,4.50657463074
39840,4.66831111908
39841,4.31484556198
39842,4.40043067932
39843,4.6898522377
39844,4.58469581604
39845,5.15034103394
39846,4.36214542389
39847,4.54361581802
39848,4.66470003128
39849,4.79886674881
39850,4.74329471588
39851,4.30301713943
39852,5.1141409874
39853,4.32924461365
39854,4.42931985855
39855,4.47854137421
39856,4.27988815308
39857,4.21449661255
39858,4.37152004242
39859,4.43531131744
39860,4.69209241867
39861,4.3515920639
39862,4.45511722565
39863,4.26107978821
39864,4.55522871017
39865,4.37254047394
39866,4.4711971283
39867,4.4110622406
39868,4.27775526047
39869,4.33346700668
39870,4.38628959656
39871,16.4551677704
39872,4.86834287643
39873,4.27001476288
39874,4.49880409241
39875,4.63767814636
39876,4.32640266418
39877,4.30674314499
39878,4.48270320892
39879,4.5183429718
39880,4.93192148209
39881,4.84221076965
76637,4.37925624847
76638,4.50269269943
76639,4.39060163498
76640,4.29015302658
76641,4.14719867706
76642,3.97252106667
76643,4.18815040588
76644,4.45492219925
76645,4.19159221649
76646,4.21370792389
76647,4.33372306824
76648,4.2538228035
76649,4.2368388176
76650,4.35200309753
76651,4.2099237442
76652,4.53299665451
76653,4.16992330551
76654,4.28335046768
76655,4.44267225266
76656,4.36149692535
76657,4.23129415512
76658,4.19870567322
76659,4.57203292847
76660,4.16238117218
76661,18.734336853
76662,4.27439451218
76663,4.27227401733
76664,4.2920088768
76665,4.4187078476
76666,4.14462089539
76667,4.17216730118
76668,4.42023134232
76669,4.18779563904
76670,4.29367446899
76671,4.25041770935
76672,4.52148771286
76673,4.22445392609
76674,8.29127120972
76675,4.62946081161
76676,4.25177955627
76677,4.19874429703
76678,4.45608139038
76679,4.31123256683
76680,4.33859539032
76681,4.85693264008
76682,4.47744417191
76683,4.07713747025
76684,4.12950944901
76685,4.78359508514
76686,4.4244222641
76687,4.39854478836
76688,4.25384283066
76689,4.40466022491
76690,4.27487039566
76691,4.53718185425
76692,4.245657444
76693,4.32295274734
76694,4.22362804413
76695,4.05565166473
76696,4.25327682495
76697,4.16817569733
76698,4.33235692978
76699,4.33912181854
76700,4.43461322784
76701,4.22617912292
76702,4.43710851669
76703,4.2906293869
76704,4.22910642624
76705,4.17683029175
76706,4.25420188904
76707,10.5344295502
76708,4.20581626892
76709,4.59841251373
76710,4.28227233887
76711,4.37874889374
76712,4.31813097
76713,4.07103919983
76714,4.52389764786
76715,4.92593002319
76716,4.20785427094
76717,4.67943096161
76718,4.34138965607
76719,4.42482376099
76720,4.56322574615
76721,4.16886806488
76722,4.49157428741
76723,4.24583292007
76724,4.60620117188
76725,4.62285995483
76726,4.21443748474
76727,4.15788984299
76728,4.38273906708
76729,4.53707122803
76730,4.57576942444
76731,4.48042964935
76732,4.28681564331
76733,4.18766498566
76734,4.67011737823
76735,4.28563737869
76736,4.28962898254
76738,4.08516025543
76739,4.46945762634
76740,4.36228322983
76741,4.18573236465
76742,4.30016517639
76743,4.19834899902
76744,5.24847364426
76745,4.06329679489
76746,4.16962385178
76747,4.15672779083
76748,4.24789428711
76749,4.24550962448
76750,4.28031587601
76751,4.22271251678
76752,4.3901591301
76753,4.32442855835
76754,4.31099033356
76755,4.15318202972
76756,4.27715873718
76757,4.33580493927
76758,4.7965297699
76759,4.35170602798
76760,4.2685918808
76761,4.18144798279
76762,4.45979595184
76763,4.21106719971
76764,4.24868106842
76765,4.19128131866
76766,4.16803312302
76767,4.31746673584
76768,4.10526275635
76769,4.27554321289
76770,4.30960512161
76771,7.57715892792
76772,4.42803239822
76773,4.20698690414
76774,4.22501134872
76775,4.16282367706
76776,4.12965679169
76777,4.22927856445
76778,4.13359832764
76779,4.39477205276
76780,4.1971449852
76781,4.42356824875
76782,4.35705471039
76783,4.25175380707
76784,4.55027532578
76785,4.74287033081
76786,4.48518180847
76787,4.1913523674
76788,4.30599498749
76789,4.52752017975
76790,4.19813919067
76791,4.2865819931
76792,4.31859874725
76793,4.35394668579
76794,4.2453660965
76795,4.11897373199
76796,4.45053386688
76797,4.36619281769
76798,4.07268667221
76799,4.44532585144
76800,29.7478408813
76801,4.06657457352
76802,4.1323723793
76803,4.53632068634
76804,4.34462356567
76805,4.28994941711
76806,4.25534057617
76807,4.24893522263
76808,16.3420734406
76809,4.38935089111
76810,4.31861019135
76811,4.24357032776
76812,4.3836479187
76813,4.29224014282
76814,4.19301223755
76815,4.8217382431
76816,4.14864826202
76817,4.23392534256
76818,4.58622837067
76819,7.48993301392
76820,4.43995714188
76821,4.39196395874
76822,4.3590760231
76823,4.28991699219
76824,10.7769393921
76825,4.62772226334
76826,4.28105640411
76827,4.33462619781
76828,26.4301643372
76829,4.33156442642
76830,4.4313249588
76831,4.13782930374
76832,4.25825357437
76833,5.20841312408
76834,3.93438482285
76835,4.15661668777
76836,4.89580440521
76837,4.42387008667
76838,4.49464511871
76839,4.21628379822
76840,4.07876205444
76841,25.9687576294
76842,4.15381288528
76843,4.32975149155
76844,4.10733509064
76845,4.18938016891
76846,4.13920640945
76847,4.20316553116
76848,4.49808883667
76849,4.40980195999
76850,4.34668779373
76851,4.218272686
76852,4.26443099976
76853,4.21863365173
76854,4.62849378586
76855,4.21094417572
76856,4.37696361542
76857,4.3081946373
76858,4.42448806763
76859,4.30107688904
76860,4.42006969452
76861,4.20577049255
76862,4.63924264908
76863,4.15991592407
76864,4.16943073273
76865,4.50998783112
76866,4.34531784058
76867,4.24534702301
76868,4.19388246536
76869,4.47922897339
76870,4.55971765518
76871,4.24858379364
76872,4.26319885254
76873,4.4642534256
76874,4.32375144958
76875,4.45105838776
76876,4.25084066391
76877,4.36409854889
76878,4.6790895462
76879,4.25355052948
76880,4.36636209488
76881,4.49376296997
76882,4.09793376923
76883,4.36566925049
76884,4.29531764984
76885,4.44489192963
76886,19.4700050354
76887,4.50012254715
76888,4.40967845917
76889,4.46852874756
76890,4.20831441879
76891,4.29076957703
76892,4.27781105042
76893,4.21285772324
76894,4.40276622772
76895,4.23129749298
76896,4.15090703964
76897,4.36200428009
76898,4.15610980988
76899,4.30259895325
76900,4.85673141479
76901,4.37084388733
76902,4.19612884521
76903,4.25433826447
76904,4.33644485474
76905,4.25663709641
76906,4.29496955872
76907,4.28985500336
76908,4.85061407089
76909,4.23087596893
76910,4.23759555817
76911,4.23325920105
76912,4.19749164581
76913,4.38625383377
76914,4.15934085846
76915,4.22728919983
76916,4.3141541481
76917,4.27471160889
76918,4.218729496
76919,4.15272808075
76920,4.45034694672
76921,4.19771003723
76922,4.34546279907
76923,4.72567081451
76924,4.18441486359
76925,4.16067934036
76926,4.29994487762
76927,5.17744064331
76928,4.22582054138
76929,4.22814226151
76930,5.14433956146
76931,4.1667881012
76932,4.58127069473
76933,4.29524230957
76934,4.16812801361
76935,4.1897649765
76936,4.32449674606
76937,4.17957878113
76938,4.33422422409
76939,4.33916521072
76940,4.47909259796
76941,4.29678440094
76942,4.25540065765
76943,4.19681835175
76944,4.70686578751
76945,4.43729448318
76946,5.11361408234
76947,4.58263158798
76948,4.48124790192
76949,4.36369085312
76950,4.39974689484
76951,4.16869735718
76952,4.43690681458
76953,4.44697570801
76954,4.12104892731
76955,4.36769151688
76956,4.23885297775
76957,4.34416294098
76958,4.24606513977
76959,4.32317829132
76960,4.28627681732
76961,4.25793361664
76962,4.10202312469
76963,4.21465301514
76964,4.23168706894
76965,4.23070287704
76966,4.19640922546
76967,50.501739502
76968,4.24347496033
76969,4.18464565277
76970,4.70771884918
76971,4.10929107666
76972,4.09734916687
76973,4.46024656296
76974,4.19588279724
76975,4.12636184692
76976,4.24520969391
76977,4.18447113037
76978,4.12951564789
76979,4.1148982048
76980,4.99821424484
76981,4.19748687744
76982,4.11081409454
76983,4.30281734467
76984,4.34704685211
76985,4.21547412872
76986,4.23929977417
76987,4.17130661011
76988,4.14715147018
76989,4.44810247421
76990,4.37676477432
76991,4.26008176804
76992,4.29996681213
76993,4.33572006226
76994,4.25007104874
76995,4.18213176727
76996,4.50954246521
76997,4.26478672028
76998,4.41441440582
76999,4.29061508179
77000,4.26737880707
77001,4.29286193848
77002,4.28977537155
77003,4.25891828537
77004,4.29415655136
77005,4.60585975647
77006,4.09094810486
77007,4.1627702713
77008,4.16199398041
77009,4.21765995026
77010,4.31110572815
77011,4.14904594421
77012,4.48688554764
77013,4.2256731987
77014,4.33235549927
77015,4.14018917084
77016,4.11731624603
77017,4.46016979218
77018,4.24856853485
77019,4.39533281326
77020,4.33019065857
77021,4.17747497559
77022,4.27421331406
77023,4.15649652481
77024,4.29020309448
77025,4.63039684296
77026,4.37544345856
77027,4.21896505356
77028,4.25767612457
77029,4.23760604858
77030,4.28064632416
77031,4.30064868927
77032,4.86365890503
77033,4.22923755646
77034,4.19559383392
77035,4.3879699707
77036,4.20853805542
77037,4.29801130295
77038,4.42152023315
77039,29.5114879608
77040,4.07968330383
77041,4.24509334564
77042,28.7509269714
77043,4.81811237335
77044,4.28902292252
77045,4.30056190491
77046,4.25342750549
77047,4.36975002289
77048,4.25691461563
77049,4.35105609894
77050,4.52142620087
77051,4.32999897003
77052,4.33964538574
77053,4.15457296371
77054,4.3872385025
77055,4.27338647842
77056,4.16956424713
77057,4.15796327591
77058,4.42223501205
77059,4.32005548477
77060,4.19560813904
77061,4.4687461853
77062,4.2837934494
77063,4.39255666733
77064,4.1389131546
77065,4.38160705566
77066,4.66764450073
77067,4.09796714783
77068,4.35126781464
77069,4.26914024353
77070,4.3401556015
77071,4.22916221619
77072,4.27217912674
77073,4.26099300385
77074,4.30543994904
77075,4.0291390419
77076,4.31568145752
77077,4.32201719284
77078,4.2863111496
77079,4.19851779938
77080,4.04264068604
77081,4.06015253067
77082,4.30895662308
77083,4.2650346756
77084,4.25286388397
77085,4.22841358185
77086,4.20828342438
77087,4.38998889923
77088,24.0921630859
77089,4.54118728638
77090,4.31490898132
77091,4.30547332764
77092,10.11095047
77093,4.20973205566
77094,4.37793254852
77095,4.18083238602
77096,4.35133838654
77097,4.35385608673
77098,4.26336717606
77099,4.2021894455
77100,4.16600990295
77101,4.41937398911
77102,4.29445838928
77103,4.4594244957
77104,4.43243408203
77105,4.17744970322
77106,4.24284219742
77107,4.40666103363
77108,4.17324256897
77109,4.24890136719
77110,4.04622268677
77111,4.24888420105
77112,4.1916885376
77113,4.19415569305
77114,4.23662376404
77115,4.30120420456
77116,4.21371936798
77117,4.16706418991
77118,4.28443336487
77119,7.05367660522
77120,4.66508483887
77121,4.23699903488
77122,4.30531454086
77123,4.33634471893
77124,4.36811256409
77125,4.23311424255
77126,4.24814653397
77127,9.87676811218
77128,4.41325044632
77129,4.13463544846
77130,4.35426902771
77131,4.42218112946
77132,4.05282449722
77133,4.23389673233
77134,4.18985557556
77135,4.28698062897
77136,4.26544475555
77137,4.18444252014
77138,4.12878131866
77139,4.55872249603
77140,4.34868049622
77141,4.77392721176
77142,4.29124641418
77143,4.16716575623
77144,4.0853676796
77145,4.62151145935
77146,4.13802671432
77147,4.38102865219
77148,4.34409284592
77149,4.54648971558
77150,31.5405521393
77151,4.15796995163
77152,4.59553956985
77153,4.36069440842
77154,4.41823577881
77155,4.28457260132
77156,4.27939319611
77157,4.24833774567
77158,4.19076442719
77159,4.45884895325
77160,4.46736335754
77161,4.49997663498
77162,4.12023687363
77163,4.2722697258
77164,4.77610588074
77165,4.31712818146
77166,4.31387615204
77167,4.50150108337
77168,4.26900959015
77169,4.17301511765
77170,4.41309070587
77171,4.26626110077
77172,4.34451627731
77173,39.3200721741
77174,4.22772932053
77175,4.27885437012
77176,4.29771471024
77177,4.18514871597
77178,4.20551252365
77179,4.60938549042
77180,4.92748689651
77181,4.24664878845
77182,4.16399908066
77183,4.13484191895
77184,4.00765609741
77185,4.53100442886
77186,4.39809799194
77187,4.38954305649
77188,4.59561347961
77189,4.7411942482
77190,4.51276016235
77191,4.40922021866
77192,4.4395608902
77193,4.21612405777
77194,4.3436460495
77195,4.22680568695
77196,4.41229581833
77197,4.20140790939
77198,4.78155994415
77199,4.1351313591
77200,4.27470111847
77201,4.1460018158
77202,4.1615896225
77203,4.26068639755
77204,4.32941436768
77205,4.14210653305
77206,4.02284622192
77207,4.32809734344
77208,4.20061206818
77209,4.23542499542
77210,4.42764282227
77211,4.41821956635
77212,4.39218235016
77213,4.93973731995
77214,5.05323886871
77215,4.62094497681
77216,4.18765258789
77217,4.53538322449
77218,4.81933355331
77219,4.41886329651
77220,4.30838727951
77221,4.34038209915
77222,4.15129184723
77223,4.44645214081
77224,4.32512807846
77225,4.13098335266
77226,4.34879302979
77227,4.22066497803
77228,4.34359312057
77229,4.65740966797
77230,4.38860416412
77231,4.1420249939
77232,4.2639465332
77233,4.27563905716
77234,4.2533197403
77235,4.11318016052
77236,4.06423950195
77237,4.50655889511
77238,4.22552394867
77239,4.9964594841
77240,4.3357629776
77241,4.22135257721
77242,4.21510028839
77243,4.19946527481
77244,4.2787694931
77245,4.21058273315
77246,4.39974308014
77247,4.27595376968
77248,4.0540266037
77249,4.51028013229
77250,5.4858379364
77251,4.4554901123
77252,4.57736206055
77253,4.43877983093
77254,4.16499185562
77255,4.43126535416
77256,4.41059017181
77257,4.10120010376
77258,4.13524341583
77259,4.25421094894
77260,4.7402381897
77261,4.1901140213
77262,4.36521863937
77263,4.42213106155
77264,4.16510677338
77265,4.32380962372
77266,4.22833919525
77267,4.06795215607
77268,4.44604158401
77269,4.45199012756
77270,4.38861083984
77271,4.33441734314
77272,4.75097608566
77273,4.23241424561
77274,4.18286514282
77275,4.94009780884
77276,4.21107292175
77277,4.35525035858
77278,4.34385585785
77279,4.37374305725
77280,4.19004631042
77281,4.28675413132
77282,4.27707958221
77283,4.12509202957
77284,4.33269309998
77285,4.19224452972
77286,4.315574646
77287,4.46771907806
77288,4.25013160706
77289,28.7015228271
77290,4.39875602722
77291,4.33145856857
77292,4.70541477203
77293,4.20473098755
77294,4.44821882248
77295,4.20100355148
77296,4.16379928589
77297,4.39255523682
77298,4.29680490494
77299,4.13771343231
77300,4.34325504303
77301,4.31365060806
77302,4.13607025146
77303,4.17357683182
77304,4.20634174347
77305,4.1342549324
77306,4.30753040314
77307,4.29464483261
77308,4.32308864594
77309,4.24238204956
77310,4.36217403412
77311,4.26806783676
77312,4.33690929413
77313,4.34249210358
77314,4.20303201675
77315,4.24805688858
77316,4.37578582764
77317,4.47303771973
77318,4.26658630371
77319,4.18146324158
77320,4.16881561279
77321,4.27574920654
77322,4.47090673447
77323,4.19073867798
77324,7.02004337311
77325,4.21122741699
77326,4.32235431671
77327,4.24572086334
77328,4.81495714188
77329,4.20361232758
77330,4.26456642151
77331,4.08866786957
77332,4.57154750824
77333,4.27395391464
77334,4.13468742371
77335,4.18107032776
77336,4.16507339478
77337,4.21368122101
77338,4.19125461578
77339,4.37760925293
77340,4.17271137238
77341,4.56195545197
77342,4.1018371582
77343,4.00036430359
77344,4.21562290192
77345,4.23744535446
77346,4.41219234467
77347,4.41522312164
77348,4.38371944427
77349,4.28062200546
77350,4.6308760643
77351,4.3998541832
77352,4.16096305847
77353,4.45304107666
77354,4.12796068192
77355,4.13970088959
77356,4.39814472198
77357,4.46363639832
77358,4.37356996536
77359,4.2715086937
77360,4.46620941162
77361,4.40880775452
77362,4.36052322388
77363,4.09001016617
77364,4.20300960541
77365,4.30156612396
77366,4.28329181671
77367,4.16660547256
77368,4.18625450134
77369,4.25452375412
77370,4.24732589722
77371,4.82697486877
77372,4.3948507309
77373,6.58267021179
77374,4.32894039154
77375,4.31196403503
77376,4.15143299103
77377,4.13978004456
77378,4.98956537247
77379,4.78307151794
77380,4.16338205338
77381,4.17176914215
77382,4.50347328186
77383,4.19233989716
77384,4.2438621521
77385,4.56857585907
77386,4.36103725433
77387,13.1010093689
77388,4.34947395325
77389,4.12473630905
77390,4.29226350784
77391,4.23779058456
77392,4.3808927536
77393,4.0975484848
77394,4.43773555756
77395,4.49790096283
77396,35.84765625
77397,4.27539873123
77398,4.01927185059
77399,4.35117053986
77400,4.32463359833
77401,4.26049470901
77402,4.80715894699
77403,4.35320663452
77404,4.30199813843
77405,4.09098768234
77406,4.27812719345
77407,4.00917673111
77408,4.20944213867
77409,4.0099811554
77410,4.24917125702
77411,4.30898666382
77412,4.56666183472
77413,4.33929824829
77414,4.37453651428
77415,31.8057727814
77416,4.195561409
77417,4.2141046524
77418,4.49958610535
77419,4.31916284561
77420,4.36624670029
77421,4.16073417664
77422,4.21936273575
77423,5.05513381958
77424,4.48732614517
77425,4.6124124527
77426,4.27187919617
77427,4.18192863464
77428,4.18526172638
77429,4.7646317482
77430,4.45960903168
77431,4.39540100098
77432,4.3165435791
77433,4.26877307892
77434,4.4582824707
77435,4.22243118286
77436,4.18010663986
77437,17.9880561829
77438,4.26678133011
77439,4.26173973083
77440,4.41072368622
77441,4.48970794678
77442,4.39904880524
77443,4.35139083862
77444,4.63827896118
77445,4.12207508087
77446,4.18774032593
77447,4.27451610565
77448,4.24724006653
77449,4.24196720123
77450,4.22446727753
77451,4.31380462646
77452,4.15951108932
77453,4.27045440674
77454,5.26212882996
77455,4.31442260742
77456,4.46242618561
77457,4.6012506485
77458,4.65238761902
77459,4.23715019226
77460,4.23825502396
77461,4.36891937256
77462,4.10087871552
77463,4.92318868637
77464,4.40415716171
77465,5.23710489273
77466,4.22892999649
77467,4.55497550964
77468,4.43292379379
77469,4.25852060318
77470,4.46552371979
77471,4.37105083466
77472,4.35344648361
77473,4.22025251389
77474,4.27970123291
77475,4.23113298416
77476,4.68959236145
77477,4.24831581116
77478,4.42594671249
77479,4.2743730545
77480,4.27368021011
77481,4.53214931488
77482,4.16396665573
77483,4.3145775795
77484,4.27332210541
77485,4.19716215134
77486,4.24084568024
77487,4.30582237244
77488,4.1482257843
77489,4.33520030975
77490,5.20261478424
77491,4.29246520996
77492,4.47038650513
77493,4.28407478333
77494,4.22704553604
77495,4.56729984283
77496,4.72766304016
77497,4.13770866394
77498,4.50824737549
77499,4.16030216217
77500,4.41203308105
77501,4.30391311646
77502,4.15317630768
77503,4.23686790466
77504,4.21785116196
77505,4.46001768112
77506,4.22566223145
77507,4.59380912781
77508,4.38623428345
77509,4.30472803116
77510,4.42552566528
77511,4.15280580521
77512,4.28711557388
77513,4.18944358826
77514,4.54389619827
77515,4.27481889725
77516,4.25963687897
77517,4.34481477737
77518,4.45976734161
77519,25.9036235809
77521,12.3951978683
77522,4.25531196594
77523,4.10659837723
77524,4.18128395081
77525,4.27903842926
77526,4.37828445435
77527,4.41097545624
77528,23.3597126007
77529,4.25580787659
77530,4.3354473114
77531,4.07796573639
77532,4.22646141052
77533,4.2874712944
77534,4.22559833527
77535,4.58138179779
77536,4.2846288681
77537,4.21711158752
77538,4.39222621918
77539,4.14136457443
77540,4.3996257782
77541,4.55566215515
77542,4.06116104126
77543,4.31809186935
77544,4.09022665024
77545,4.38000297546
77546,4.25083732605
77547,4.32412862778
77548,4.2110376358
77549,4.3669500351
77550,4.25216197968
77551,4.30479431152
77552,4.67718219757
77553,4.23639965057
77554,4.13574409485
77555,4.23334312439
77556,4.24877548218
77557,4.31548595428
77558,4.20412635803
77559,4.12353229523
77560,4.14488363266
77561,4.15609312057
77562,4.65414905548
77563,4.24903297424
77564,4.28740119934
77565,4.10788297653
77566,18.1073055267
77567,4.68272590637
77568,4.4602394104
77569,4.10919857025
77570,4.57417392731
77571,4.17956590652
77572,4.09616565704
77573,4.22208309174
77574,4.32871437073
77575,4.37645864487
77576,18.7092494965
77577,4.20897245407
77578,4.2434835434
77579,4.18759250641
77580,4.20288944244
77581,4.67679262161
77582,4.49198436737
77583,4.23350429535
77584,4.08256626129
77585,4.32015705109
77586,4.35350990295
77587,4.50499010086
77588,4.54764556885
77589,4.17689037323
77590,4.27175235748
77591,4.17840671539
77592,4.27083349228
77593,4.34064149857
77594,4.26666545868
77595,4.30093097687
77596,4.50473976135
77597,4.2803273201
77598,4.21854782104
77599,4.29257059097
77600,4.24541711807
77601,4.26622486115
77602,4.3235874176
77603,4.3185300827
77604,4.41396522522
77605,4.17464351654
77606,5.24024391174
77607,4.23579025269
77608,4.42717456818
77609,4.14951896667
77610,4.25836706161
77611,4.22099590302
77612,4.35366773605
77613,4.09996175766
77614,4.69226884842
77615,4.23501205444
77616,4.392141819
77617,4.23470115662
77618,4.27632904053
77619,4.2920627594
77620,4.25135040283
77621,4.11135101318
77622,4.17736530304
77623,4.2058172226
77624,4.04227304459
77625,4.07006835938
77626,4.43690919876
77627,4.40546989441
77628,4.24871826172
77629,4.26122379303
77630,4.12979602814
77631,4.51177930832
77632,4.31031036377
77633,4.05220603943
77634,4.10936164856
77635,4.25014543533
77636,4.3030667305
77637,4.47077274323
77638,4.45814228058
77639,4.30525302887
77640,4.37303543091
77641,4.2752790451
77642,4.26299381256
77643,4.32039165497
77644,4.25943565369
77645,4.22618961334
77646,4.21653175354
77647,4.22036314011
77648,4.21502017975
77649,4.36169815063
77650,4.09170722961
77651,4.93258571625
77652,4.31873035431
77653,4.21352291107
77654,4.13250827789
77655,4.15712547302
77656,4.11602878571
77657,4.45243644714
77658,4.04503965378
77659,4.40403461456
77660,4.366502285
77661,4.2071814537
77662,4.34061050415
77663,4.67060470581
77664,4.12568569183
77665,4.30333518982
77666,4.45998096466
77667,4.33583211899
77668,4.39062643051
77669,41.7569999695
77670,4.50318431854
77671,4.49825239182
77672,4.22681617737
77673,4.13743972778
77674,4.14949274063
77675,4.34829473495
77676,4.36238574982
77677,4.38870334625
77678,4.28004312515
77679,4.47752761841
77680,4.15117120743
77681,4.42332839966
77682,4.49061155319
77683,4.26920223236
77684,4.3508682251
77685,4.55872964859
77686,4.33672332764
77687,4.10427808762
77688,4.112159729
77689,4.33064365387
77690,4.53851509094
77691,4.36199188232
77692,4.45152950287
77693,4.30713510513
77694,4.37840414047
77695,4.29545164108
77696,4.22121095657
77697,4.17296409607
77698,4.1050453186
77699,4.34818649292
77700,4.75939464569
77701,3.97382593155
77702,4.10051345825
77703,4.34304094315
77704,4.26077461243
77705,4.3314743042
77706,4.13645744324
77707,4.10523891449
77708,4.3132686615
77709,4.25860786438
77710,4.24324607849
77711,4.44915771484
77712,4.2868976593
77713,4.38512277603
77714,4.36017131805
77715,4.18000221252
77716,4.36303901672
77717,4.13662338257
77718,4.59801864624
77719,4.30706739426
77720,4.91966915131
77721,4.29586410522
77722,4.66243886948
77723,4.31383657455
77724,4.35396671295
77725,4.32907104492
77726,4.22625732422
77727,4.19919395447
77728,4.10989093781
77729,5.37184381485
77730,4.0957159996
77731,4.0985956192
77732,4.21270847321
77733,4.25409650803
77734,4.36148262024
77735,4.6041135788
77736,4.2336602211
77737,4.37818861008
77738,4.23577213287
77739,4.32426738739
77740,4.11188602448
77741,4.31068849564
77742,4.25222826004
77743,4.43538665771
77744,4.17388725281
77745,4.77487564087
77746,4.24442958832
77747,4.3633556366
77748,4.18467187881
77749,4.16571950912
77750,6.24003744125
77751,4.16649961472
77752,4.53486251831
77753,4.64973163605
77754,4.42077064514
77755,4.29756641388
77756,4.25270175934
77757,4.23480463028
77758,4.27975463867
77759,4.16521024704
77760,4.00155544281
77761,4.30274868011
77762,4.19700145721
77763,4.59927940369
77764,4.139585495
77765,4.29538440704
77766,4.36012125015
77767,4.23357105255
77768,4.30525302887
77769,4.45040893555
77770,4.16277217865
77771,25.4957275391
77772,4.21254825592
77773,4.16297245026
77774,4.44819736481
77775,4.03998374939
77776,4.23843860626
77777,4.37041473389
77778,4.29219245911
77779,4.21663570404
77780,4.36865329742
77781,4.12390422821
77782,4.32284402847
77783,4.33102416992
77784,4.2948012352
77785,4.24255228043
77786,4.19004201889
77787,4.35683917999
77788,4.92911195755
77789,4.24079036713
77790,4.33470201492
77791,4.32810688019
77792,4.24844551086
77793,4.1405134201
77794,4.05549621582
77795,4.19586372375
77796,4.4348154068
77797,4.35221290588
77798,4.1659154892
77799,4.23202323914
77800,4.09947299957
77801,4.19230031967
77802,4.3053150177
77803,4.15902423859
77804,4.36544132233
77805,4.38508033752
77806,4.30483579636
77807,4.29031896591
77808,4.31763648987
77809,4.38987159729
77810,4.26377630234
77811,4.30823135376
77812,4.41428041458
77813,4.26828193665
77814,4.27616500854
77815,4.2507352829
77816,4.25413799286
77817,4.17150592804
77818,4.17185115814
77819,4.2636885643
77820,4.15809822083
77821,4.25403499603
77822,4.20950508118
77823,4.3062915802
77824,4.35077190399
77825,4.4004201889
77826,4.17207956314
77827,4.39780902863
77828,4.20143985748
77829,4.46750545502
77830,4.44648790359
77831,4.08808422089
77832,4.22322797775
77833,4.12567234039
77834,4.19178295135
77835,4.20613670349
77836,4.29997634888
77837,4.14411211014
77838,4.13366317749
77839,4.4136390686
77840,4.48446083069
77841,4.22350168228
77842,4.16714477539
77843,4.27480602264
77844,4.41915416718
77845,4.45707702637
77846,4.33836746216
77847,4.33436393738
77848,4.34262132645
77849,4.12353992462
77850,4.46452283859
77851,4.21783685684
77852,4.33988761902
77853,4.33610630035
77854,4.43704986572
77855,4.2517118454
77856,4.50727653503
77857,4.37677192688
77858,4.33324432373
77859,4.51327848434
77860,4.2651014328
77861,4.17405843735
77862,4.33977413177
77863,4.25889587402
77864,4.2818403244
77865,4.25916671753
77866,4.427693367
77867,5.12616586685
77868,4.24235916138
77869,4.36961174011
77870,4.77358627319
77871,4.58133840561
77872,4.41796350479
77873,4.1143655777
77874,4.56091976166
77875,4.21690702438
77876,4.24033164978
77877,4.15444946289
77878,4.22684192657
77879,4.45267772675
77880,4.3767914772
77881,4.24729728699
77882,4.38012886047
77883,4.10814189911
77884,4.23408508301
77885,4.44001245499
77886,4.21464538574
77887,4.15286254883
77888,4.56399440765
77889,4.34313201904
77890,4.3044219017
77891,4.35449838638
77892,4.3339099884
77893,4.10965633392
77894,4.27304315567
77895,4.40569496155
77896,4.22911643982
77897,4.30730056763
77898,4.28820562363
77899,4.28948497772
77900,4.19043159485
77901,4.2481918335
77902,4.34051513672
77903,18.1818237305
77904,4.34953308105
77905,4.24495983124
77906,4.46844673157
77907,4.22098493576
77908,4.23760652542
77909,4.73075771332
77910,4.25275611877
77911,4.81797170639
77912,4.27347183228
77913,4.13992595673
77914,4.36268854141
77915,4.11466503143
77916,4.51280593872
77917,4.32336711884
77918,4.41948080063
77919,4.42174291611
77920,4.20787811279
77921,4.50000858307
77922,4.25325965881
77923,4.36957550049
77924,4.17210102081
77925,4.26291275024
77926,4.2426366806
77927,4.17127418518
77928,4.28748703003
77929,4.32331562042
77930,4.30959033966
77931,4.35073757172
77932,4.28241348267
77933,4.29798173904
77934,4.16933250427
77935,4.07999515533
77936,4.15997123718
77937,4.42514753342
77938,4.3561372757
77939,4.85846710205
77940,4.3342962265
77941,4.12915897369
77942,4.25748443604
77943,4.11948156357
77944,4.3023481369
77945,4.30280303955
77946,13.3698701859
77947,4.2592124939
77948,4.20426750183
77949,4.63021755219
77950,15.5395174026
77951,4.24182510376
77952,4.23844718933
77953,4.28099346161
77954,4.41445922852
77955,4.33584976196
77956,4.36785888672
77957,4.20101594925
77958,4.2164850235
77959,4.21015357971
77960,4.32576131821
77961,4.6242275238
77962,4.43201446533
77963,4.17980766296
77964,4.17283773422
77965,3.92002487183
77966,4.25394964218
77967,4.44352769852
77968,4.19618844986
77969,4.19769668579
77970,4.35771560669
77971,4.33594799042
77972,4.29375553131
77973,4.52600002289
77974,4.38955974579
77975,4.14432239532
77976,4.55432319641
77977,4.41311454773
77978,4.45505285263
77979,4.26277256012
77980,4.19396257401
77981,4.45699596405
77982,4.22670173645
77983,4.24648571014
77984,4.4128537178
77985,4.25641822815
77986,4.17629051208
77987,4.314432621
77988,4.15719366074
77989,4.21816062927
77990,3.97419071198
77991,4.17431259155
77992,4.12298870087
77993,4.26785707474
77994,4.26797914505
77995,4.20783233643
77996,4.05808544159
77997,4.16931343079
77998,4.44823789597
77999,43.99168396
78000,4.22953510284
78001,4.78180885315
78002,4.17964172363
78003,4.19893550873
78004,4.20091104507
78005,4.28608703613
78006,4.32111024857
78007,4.57207775116
78008,4.28081274033
78009,4.2025384903
78010,4.12167358398
78011,4.08530330658
78012,4.16717386246
78013,4.2043223381
78014,4.33795261383
78015,4.43167114258
78016,5.51534175873
78017,4.32448291779
78018,4.33049917221
78019,4.33546161652
78020,4.34585666656
78021,4.37463092804
78022,5.04759025574
78023,5.02739095688
78024,4.17957019806
78025,4.50662708282
78026,4.34482240677
78027,6.23855161667
78028,4.21837854385
78029,4.24962902069
78030,4.95622110367
78031,4.30048847198
78032,4.26711273193
78033,4.23648166656
78034,4.3627614975
78035,4.53969907761
78036,4.46474838257
78037,4.10328006744
78038,4.43414640427
78039,4.32447814941
78040,4.29407739639
78041,4.20193862915
78042,4.26497173309
78043,4.18615245819
78044,4.33129453659
78045,4.40368461609
78046,4.32236385345
78047,4.22619390488
78048,4.33155345917
78049,4.82938671112
78050,4.46031951904
78051,4.40236520767
78052,4.29347515106
78053,4.69125032425
78054,4.47012805939
78055,4.10660743713
78056,4.23770093918
78057,4.24434947968
78058,4.29906463623
78059,4.57144069672
78060,30.8610019684
78061,22.8151359558
78062,4.31265830994
78063,4.30469465256
78064,4.12002706528
78065,4.65269851685
78066,4.72630929947
78067,4.08257055283
78068,4.32833862305
78069,4.09849452972
78070,4.25083255768
78071,4.58337211609
78072,4.22018432617
78073,5.00070381165
78074,4.18546772003
78075,4.91986036301
78076,4.4334526062
78077,4.30133247375
78078,4.34365272522
78079,4.23406553268
78080,4.21854972839
78081,4.28913974762
78082,4.23293781281
78083,4.26366996765
78084,4.65023612976
78085,4.61594295502
78086,4.69686794281
78087,4.16093015671
78088,4.40094518661
78089,4.20520305634
78090,4.41523075104
78091,4.37706422806
78092,4.22154712677
78093,4.33166503906
78094,4.32414913177
78095,4.38622093201
78096,4.24942016602
78097,4.23129081726
78098,4.34007978439
78099,4.25435638428
78100,4.26800918579
78101,5.71484994888
78102,4.44169330597
78103,4.37481737137
78104,4.35151767731
78105,4.50070285797
78106,4.37571144104
78107,4.29508686066
78108,4.44720220566
78109,4.99598407745
78110,12.0712985992
78111,4.64432621002
78112,4.35704851151
78113,4.31903886795
78114,4.42808914185
78115,4.91222476959
78116,4.72689723969
78117,4.11804008484
78118,4.42530012131
78119,4.25535106659
78120,4.40600728989
78121,4.35693311691
78122,4.38791513443
78123,4.22763156891
78124,4.07764720917
78125,4.62113380432
78126,4.31207704544
78127,4.32579040527
78128,4.25042772293
78129,4.10465908051
78130,4.24055862427
78131,4.44433403015
78132,4.31648492813
78133,4.29207420349
78134,4.65474367142
78135,4.58568334579
78136,4.24428939819
78137,4.6532998085
78138,4.10495233536
78139,4.34300231934
78140,4.15408039093
78141,4.25485801697
78142,4.19091367722
78143,4.31667709351
78144,4.18725299835
78145,4.25339317322
78146,4.46581077576
78147,4.37895536423
78148,4.22855472565
78149,4.11432647705
78150,4.22306060791
78151,4.44264221191
78152,4.24395370483
78153,4.29070186615
78154,4.24528360367
78155,4.29294586182
78156,4.14905357361
78157,4.23259973526
78158,4.44060182571
78159,4.07800006866
78160,4.22274589539
78161,4.57007217407
78162,4.33300113678
78163,4.20042228699
78164,4.23446178436
78165,4.03045797348
78166,4.39074897766
78167,4.10868644714
78168,4.2456035614
78169,4.39573955536
78170,4.49114942551
78171,4.08388900757
78172,4.4813337326
78173,4.10924100876
78174,4.42655611038
78175,4.30757474899
78176,4.40050077438
78177,4.32265281677
78178,4.37024402618
78179,4.49708843231
78180,4.34014463425
78181,4.33674716949
78182,4.47531890869
78183,4.65764904022
78184,4.35118627548
78185,4.49955558777
78186,4.43506479263
78187,4.39145278931
78188,4.2215218544
78189,4.3517575264
78190,6.8382358551
78191,4.30582618713
78192,4.27948284149
78193,4.39612579346
78194,4.37193965912
78195,4.81642913818
78196,4.07182216644
78197,4.24291992188
78198,4.51140785217
78199,4.35252904892
78200,4.75001335144
78201,4.28284358978
78202,4.7261428833
78203,4.33898544312
78204,4.09344482422
78205,18.6094493866
78206,4.25532054901
78207,4.17670536041
78208,4.34471893311
78209,4.33548545837
78210,4.02985954285
78211,5.29867267609
78212,4.34388017654
78213,4.36364459991
78214,38.2334823608
78215,4.40469408035
78216,4.48832798004
78217,4.50658893585
78218,4.43381643295
78219,4.13634490967
78220,4.44487380981
78221,4.3690032959
78222,4.59914779663
78223,4.42628002167
78224,4.29055976868
78225,4.1546959877
78226,4.23071479797
78227,29.3583335876
78228,4.61595058441
78229,4.71914339066
78230,4.51305294037
78231,4.48770332336
78232,4.25862026215
78233,4.38325309753
78234,4.32666873932
78235,4.25424766541
78236,4.44297504425
78237,4.56062507629
78238,4.48256587982
78239,4.44605302811
78240,4.63176250458
78241,4.28482627869
78242,4.52798938751
78243,4.38700580597
78244,4.42757987976
78245,4.46404838562
78246,4.40389204025
78247,4.2793006897
78248,4.2457036972
78249,4.51235198975
78250,4.37586307526
78251,4.38708639145
78252,4.66369962692
78253,4.45035791397
78254,4.5242266655
78255,4.28005409241
78256,4.47163391113
78257,4.52359676361
78258,4.33440113068
78259,4.25581741333
78260,4.5733704567
78261,4.33284091949
78262,15.5768909454
78263,4.37813091278
78264,4.29341602325
78265,4.45480918884
78266,4.10442018509
78267,4.33234930038
78268,4.18466758728
78269,4.40778923035
78270,4.47260284424
78271,4.50194120407
78272,4.3602976799
78273,4.55324459076
78274,4.31583118439
78275,4.1286945343
78276,4.5287437439
78277,4.37348937988
78278,4.35457801819
78279,4.47510290146
78280,4.39679336548
78281,4.4609079361
78282,4.26008892059
78283,4.28499364853
78284,4.77544593811
78285,4.25716781616
78286,4.32971954346
78287,4.32052898407
78288,4.23826360703
78289,4.2770242691
78290,4.28270244598
78291,4.09028244019
78292,4.37566375732
78293,4.1693239212
78294,4.41051912308
78295,4.1913728714
78296,4.44193983078
78297,4.38648509979
78298,4.23178005219
78299,4.34363937378
78300,4.60182905197
78301,4.30867910385
78302,4.36064147949
