4,0.0
5,0.0
6,0.0
7,0.0323791503906
8,0.0469665527344
9,0.057373046875
10,0.0607604980469
11,0.18603515625
12,0.18310546875
13,0.189331054688
14,0.181396484375
15,0.176879882812
16,0.17822265625
17,0.187255859375
18,0.184692382812
19,0.17431640625
20,0.176147460938
21,0.174072265625
22,0.180053710938
23,0.165893554688
24,0.1787109375
25,0.175415039062
26,0.17333984375
27,0.151123046875
28,0.162109375
29,0.167724609375
30,0.172973632812
31,0.149169921875
32,0.156494140625
33,0.16455078125
34,0.159423828125
35,0.148071289062
36,0.162719726562
37,0.15478515625
38,0.14599609375
39,0.144165039062
40,0.16015625
41,0.160766601562
42,0.149169921875
43,0.136840820312
44,0.151123046875
45,0.146728515625
46,0.159301757812
47,0.143798828125
48,0.148681640625
49,0.156982421875
50,0.157958984375
51,0.145751953125
52,0.1416015625
53,0.144409179688
54,0.15576171875
55,0.13916015625
56,0.140258789062
57,0.156616210938
58,0.1455078125
59,0.139770507812
60,0.149047851562
61,0.157958984375
62,0.166870117188
63,0.160522460938
64,0.151977539062
65,0.170166015625
66,0.182006835938
67,0.114685058594
68,0.132446289062
69,0.150024414062
70,0.158081054688
71,0.123413085938
72,0.135986328125
73,0.155151367188
74,0.169555664062
75,0.12939453125
76,0.137939453125
77,0.144165039062
78,0.15673828125
79,0.153442382812
80,0.14697265625
81,0.162353515625
82,0.1494140625
83,0.136352539062
84,0.131958007812
85,0.146362304688
86,0.146850585938
87,0.154418945312
88,0.175170898438
89,0.18896484375
90,0.19189453125
91,0.129028320312
92,0.146606445312
93,0.137817382812
94,0.155395507812
95,0.15087890625
96,0.158569335938
97,0.14453125
98,0.137939453125
99,0.153930664062
100,0.176879882812
101,0.163818359375
102,0.14453125
103,0.123901367188
104,0.125854492188
105,0.1474609375
106,0.133544921875
107,0.116638183594
108,0.140258789062
109,0.129638671875
110,0.131469726562
111,0.150756835938
112,0.12158203125
113,0.131469726562
114,0.138916015625
115,0.146850585938
116,0.152954101562
117,0.1650390625
118,0.131713867188
119,0.12255859375
120,0.164184570312
121,0.162231445312
122,0.149658203125
123,0.165405273438
124,0.141479492188
125,0.16455078125
126,0.169189453125
127,0.1357421875
128,0.167602539062
129,0.191162109375
130,0.152465820312
131,0.143188476562
132,0.130981445312
133,0.15771484375
134,0.17626953125
135,0.1533203125
136,0.192749023438
137,0.194702148438
138,0.211669921875
139,0.142700195312
140,0.175659179688
141,0.141479492188
142,0.140991210938
143,0.122253417969
144,0.158203125
145,0.189331054688
146,0.158813476562
147,0.104736328125
148,0.123657226562
149,0.134155273438
150,0.12744140625
151,0.161376953125
152,0.189208984375
153,0.135009765625
154,0.115295410156
155,0.1279296875
156,0.167846679688
157,0.145874023438
158,0.182373046875
159,0.146850585938
160,0.158447265625
161,0.171264648438
162,0.1552734375
163,0.105346679688
164,0.119812011719
165,0.150390625
166,0.145629882812
167,0.175537109375
168,0.210815429688
169,0.139770507812
170,0.174560546875
171,0.166625976562
172,0.17919921875
173,0.164916992188
174,0.145385742188
175,0.168823242188
176,0.142456054688
177,0.114562988281
178,0.123107910156
179,0.1630859375
180,0.17822265625
181,0.177856445312
182,0.180419921875
183,0.16748046875
184,0.205688476562
185,0.118835449219
186,0.119201660156
187,0.107116699219
188,0.144775390625
189,0.174682617188
190,0.154541015625
191,0.153198242188
192,0.197265625
193,0.215698242188
194,0.136108398438
195,0.0885620117188
196,0.13427734375
197,0.147583007812
198,0.170043945312
199,0.10693359375
200,0.104858398438
201,0.11865234375
202,0.140380859375
203,0.158325195312
204,0.185791015625
205,0.114501953125
206,0.121643066406
207,0.159790039062
208,0.136596679688
209,0.175170898438
210,0.169677734375
211,0.114318847656
212,0.153198242188
213,0.160522460938
214,0.182250976562
215,0.0992431640625
216,0.14697265625
217,0.158569335938
218,0.141845703125
219,0.109069824219
220,0.135009765625
221,0.171508789062
222,0.190185546875
223,0.152221679688
224,0.159423828125
225,0.1875
226,0.182739257812
227,0.143920898438
228,0.149658203125
229,0.175903320312
230,0.180297851562
231,0.103149414062
232,0.133911132812
233,0.165771484375
234,0.1748046875
235,0.163452148438
236,0.201904296875
237,0.223266601562
238,0.221435546875
239,0.135864257812
240,0.123168945312
241,0.174682617188
242,0.111511230469
243,0.148315429688
244,0.122192382812
245,0.14013671875
246,0.171752929688
247,0.174438476562
248,0.15234375
249,0.143310546875
250,0.147705078125
251,0.144165039062
252,0.16943359375
253,0.202880859375
254,0.13623046875
255,0.184936523438
256,0.203247070312
257,0.23046875
258,0.207641601562
259,0.168701171875
260,0.174438476562
261,0.129028320312
262,0.114013671875
263,0.160522460938
264,0.138793945312
265,0.171020507812
266,0.208740234375
267,0.120666503906
268,0.103576660156
269,0.14111328125
270,0.139282226562
271,0.0786743164062
272,0.0874633789062
273,0.113891601562
274,0.126708984375
275,0.080078125
276,0.127807617188
277,0.177490234375
278,0.111877441406
279,0.1787109375
280,0.211303710938
281,0.119567871094
282,0.166137695312
283,0.173095703125
284,0.11962890625
285,0.1640625
286,0.122009277344
287,0.10595703125
288,0.166015625
289,0.2099609375
290,0.182495117188
291,0.168090820312
292,0.199584960938
293,0.168823242188
294,0.213989257812
295,0.078857421875
296,0.117614746094
297,0.163940429688
298,0.20361328125
299,0.109985351562
300,0.154052734375
301,0.185913085938
302,0.216796875
303,0.122131347656
304,0.112182617188
305,0.101013183594
306,0.124267578125
307,0.0978393554688
308,0.0823974609375
309,0.126953125
310,0.110656738281
311,0.171997070312
312,0.208129882812
313,0.2001953125
314,0.220703125
315,0.182861328125
316,0.193725585938
317,0.181518554688
318,0.192504882812
319,0.162353515625
320,0.197143554688
321,0.216918945312
322,0.117980957031
323,0.128173828125
324,0.090576171875
325,0.104919433594
326,0.123229980469
327,0.126831054688
328,0.195434570312
329,0.18212890625
330,0.175415039062
331,0.0958862304688
332,0.155395507812
333,0.196411132812
334,0.204345703125
335,0.146484375
336,0.173828125
337,0.212890625
338,0.227905273438
339,0.123291015625
340,0.167236328125
341,0.201782226562
342,0.108154296875
343,0.171508789062
344,0.201904296875
345,0.255859375
346,0.236694335938
347,0.1767578125
348,0.215942382812
349,0.246704101562
350,0.225830078125
351,0.140747070312
352,0.191040039062
353,0.23583984375
354,0.2509765625
355,0.183715820312
356,0.195678710938
357,0.238037109375
358,0.2431640625
359,0.0892944335938
360,0.093017578125
361,0.114868164062
362,0.13720703125
363,0.0779418945312
364,0.103759765625
365,0.146118164062
366,0.19775390625
367,0.125
368,0.17529296875
369,0.207275390625
370,0.215698242188
371,0.12890625
372,0.1923828125
373,0.22021484375
374,0.207397460938
375,0.171264648438
376,0.2001953125
377,0.106262207031
378,0.1337890625
379,0.18310546875
380,0.236938476562
381,0.24169921875
382,0.243896484375
383,0.185180664062
384,0.20263671875
385,0.222778320312
386,0.113525390625
387,0.0695190429688
388,0.0982055664062
389,0.100952148438
390,0.134887695312
391,0.17236328125
392,0.113647460938
393,0.122741699219
394,0.173950195312
395,0.181030273438
396,0.162963867188
397,0.216918945312
398,0.2412109375
399,0.179443359375
400,0.121154785156
401,0.16845703125
402,0.211059570312
403,0.156494140625
404,0.201782226562
405,0.23974609375
406,0.239990234375
407,0.079345703125
408,0.112976074219
409,0.114074707031
410,0.13134765625
411,0.166137695312
412,0.189575195312
413,0.230590820312
414,0.174072265625
415,0.102294921875
416,0.1806640625
417,0.107238769531
418,0.17333984375
419,0.114074707031
420,0.181396484375
421,0.111206054688
422,0.0932006835938
423,0.071533203125
424,0.0748291015625
425,0.113952636719
426,0.164306640625
427,0.115051269531
428,0.140380859375
429,0.161865234375
430,0.112609863281
431,0.192138671875
432,0.231567382812
433,0.249755859375
434,0.25244140625
435,0.18603515625
436,0.225341796875
437,0.250732421875
438,0.255615234375
439,0.179565429688
440,0.230102539062
441,0.2666015625
442,0.166625976562
443,0.162231445312
444,0.217407226562
445,0.227294921875
446,0.235107421875
447,0.133666992188
448,0.193237304688
449,0.177734375
450,0.162475585938
451,0.122680664062
452,0.189208984375
453,0.20654296875
454,0.166748046875
455,0.150756835938
456,0.14501953125
457,0.146118164062
458,0.149536132812
459,0.113220214844
460,0.18212890625
461,0.17236328125
462,0.21484375
463,0.187133789062
464,0.1826171875
465,0.0975341796875
466,0.177978515625
467,0.168212890625
468,0.199951171875
469,0.244873046875
470,0.239624023438
471,0.0706176757812
472,0.0851440429688
473,0.107177734375
474,0.109802246094
475,0.111694335938
476,0.17041015625
477,0.137329101562
478,0.188232421875
479,0.15576171875
480,0.155151367188
481,0.21875
482,0.218017578125
483,0.18310546875
484,0.230712890625
485,0.237915039062
486,0.230834960938
487,0.0795288085938
488,0.0970458984375
489,0.115783691406
490,0.148559570312
491,0.0677490234375
492,0.09814453125
493,0.106994628906
494,0.14892578125
495,0.180053710938
496,0.0960083007812
497,0.107666015625
498,0.12841796875
499,0.171875
500,0.195678710938
501,0.117797851562
502,0.141357421875
503,0.167724609375
504,0.219360351562
505,0.248291015625
506,0.167236328125
507,0.189086914062
508,0.215698242188
509,0.206420898438
510,0.169799804688
511,0.0768432617188
512,0.134033203125
513,0.16259765625
514,0.109741210938
515,0.186889648438
516,0.229858398438
517,0.262939453125
518,0.107849121094
519,0.178588867188
520,0.181640625
521,0.116333007812
522,0.185668945312
523,0.0771484375
524,0.113708496094
525,0.109741210938
526,0.123962402344
527,0.16845703125
528,0.126098632812
529,0.192749023438
530,0.185913085938
531,0.0768432617188
532,0.0908813476562
533,0.0880737304688
534,0.0942993164062
535,0.111999511719
536,0.131469726562
537,0.134887695312
538,0.168579101562
539,0.0866088867188
540,0.110107421875
541,0.144287109375
542,0.189575195312
543,0.170043945312
544,0.191528320312
545,0.105895996094
546,0.0916137695312
547,0.195068359375
548,0.237426757812
549,0.258544921875
550,0.26806640625
551,0.119934082031
552,0.135009765625
553,0.123901367188
554,0.15478515625
555,0.0881958007812
556,0.138793945312
557,0.17041015625
558,0.17236328125
559,0.151123046875
560,0.15478515625
561,0.177734375
562,0.220947265625
563,0.192626953125
564,0.1767578125
565,0.1787109375
566,0.197265625
567,0.101440429688
568,0.175659179688
569,0.212646484375
570,0.239624023438
571,0.162109375
572,0.171142578125
573,0.159423828125
574,0.22021484375
575,0.18212890625
576,0.236328125
577,0.2578125
578,0.26171875
579,0.145141601562
580,0.127197265625
581,0.0784912109375
582,0.0867919921875
583,0.184326171875
584,0.2216796875
585,0.240966796875
586,0.265869140625
587,0.18701171875
588,0.231323242188
589,0.114196777344
590,0.173583984375
591,0.116088867188
592,0.14111328125
593,0.100341796875
594,0.148803710938
595,0.109191894531
596,0.175415039062
597,0.189819335938
598,0.0946044921875
599,0.175537109375
600,0.236328125
601,0.228271484375
602,0.230590820312
603,0.0802001953125
604,0.0830688476562
605,0.126220703125
606,0.16552734375
607,0.105163574219
608,0.162963867188
609,0.103820800781
610,0.175170898438
611,0.177124023438
612,0.183837890625
613,0.2275390625
614,0.241577148438
615,0.169799804688
616,0.201904296875
617,0.223266601562
618,0.216186523438
619,0.113647460938
620,0.112487792969
621,0.125244140625
622,0.129028320312
623,0.1884765625
624,0.227783203125
625,0.235229492188
626,0.25048828125
627,0.0744018554688
628,0.120727539062
629,0.175415039062
630,0.175170898438
631,0.12353515625
632,0.1826171875
633,0.161376953125
634,0.219116210938
635,0.19091796875
636,0.22216796875
637,0.25927734375
638,0.233276367188
639,0.0751342773438
640,0.132446289062
641,0.201538085938
642,0.211059570312
643,0.195190429688
644,0.22265625
645,0.1728515625
646,0.208618164062
647,0.184448242188
648,0.174194335938
649,0.232177734375
650,0.265625
651,0.149291992188
652,0.151000976562
653,0.06787109375
654,0.0745239257812
655,0.167602539062
656,0.220092773438
657,0.244506835938
658,0.249389648438
659,0.155029296875
660,0.145263671875
661,0.14208984375
662,0.154663085938
663,0.0970458984375
664,0.154418945312
665,0.13427734375
666,0.186401367188
667,0.109069824219
668,0.123657226562
669,0.20068359375
670,0.19287109375
671,0.169067382812
672,0.202758789062
673,0.237915039062
674,0.232666015625
675,0.0888061523438
676,0.117980957031
677,0.137573242188
678,0.182983398438
679,0.162719726562
680,0.218627929688
681,0.21533203125
682,0.19775390625
683,0.191162109375
684,0.226684570312
685,0.251220703125
686,0.25
687,0.164306640625
688,0.2236328125
689,0.246337890625
690,0.191650390625
691,0.12158203125
692,0.18408203125
693,0.0906982421875
694,0.089111328125
695,0.117248535156
696,0.0836791992188
697,0.154418945312
698,0.176391601562
699,0.1787109375
700,0.233642578125
701,0.200561523438
702,0.227905273438
703,0.07666015625
704,0.0858764648438
705,0.092041015625
706,0.133911132812
707,0.149169921875
708,0.216918945312
709,0.211059570312
710,0.25341796875
711,0.179443359375
712,0.112182617188
713,0.187377929688
714,0.236206054688
715,0.202758789062
716,0.14599609375
717,0.203979492188
718,0.247314453125
719,0.189819335938
720,0.179321289062
721,0.2099609375
722,0.185180664062
723,0.208618164062
724,0.199462890625
725,0.241577148438
726,0.279541015625
727,0.0753784179688
728,0.131713867188
729,0.144653320312
730,0.140014648438
731,0.16015625
732,0.211303710938
733,0.244140625
734,0.118835449219
735,0.1845703125
736,0.187866210938
737,0.236572265625
738,0.245849609375
739,0.108947753906
740,0.118713378906
741,0.10009765625
742,0.115051269531
743,0.10888671875
744,0.156005859375
745,0.144287109375
746,0.199340820312
747,0.119201660156
748,0.188720703125
749,0.174194335938
750,0.218994140625
751,0.20166015625
752,0.247314453125
753,0.257080078125
754,0.2275390625
755,0.120239257812
756,0.180786132812
757,0.179565429688
758,0.214111328125
759,0.169555664062
760,0.21435546875
761,0.235107421875
762,0.259033203125
763,0.13525390625
764,0.13427734375
765,0.115966796875
766,0.190185546875
767,0.193969726562
768,0.0953369140625
769,0.0830078125
770,0.0812377929688
771,0.113037109375
772,0.102233886719
773,0.0924072265625
774,0.0994873046875
775,0.189086914062
776,0.186401367188
777,0.175537109375
778,0.170776367188
779,0.1044921875
780,0.12890625
781,0.080322265625
782,0.0904541015625
783,0.19091796875
784,0.219360351562
785,0.240478515625
787,0.1279296875
788,0.187744140625
789,0.186157226562
790,0.127685546875
791,0.125
792,0.148315429688
793,0.204223632812
794,0.1904296875
795,0.19189453125
796,0.181030273438
797,0.0919799804688
798,0.123657226562
799,0.1953125
800,0.187255859375
801,0.208862304688
802,0.234741210938
803,0.242919921875
804,0.191528320312
805,0.194213867188
806,0.225219726562
807,0.113159179688
808,0.0903930664062
809,0.0964965820312
810,0.151245117188
811,0.154907226562
812,0.156005859375
813,0.1650390625
814,0.168090820312
815,0.195922851562
816,0.1826171875
817,0.23388671875
818,0.2109375
819,0.229370117188
820,0.174560546875
821,0.2109375
822,0.245483398438
823,0.234619140625
824,0.143432617188
825,0.0970458984375
826,0.125244140625
827,0.119445800781
828,0.083984375
829,0.0914306640625
830,0.146362304688
831,0.203247070312
832,0.115600585938
833,0.0728149414062
834,0.0880126953125
835,0.09716796875
836,0.19384765625
837,0.238159179688
838,0.275146484375
839,0.278564453125
840,0.119873046875
841,0.113952636719
842,0.097412109375
843,0.130249023438
844,0.0869750976562
845,0.0883178710938
846,0.0971069335938
847,0.0972900390625
848,0.18603515625
849,0.242309570312
850,0.255126953125
851,0.243774414062
852,0.191772460938
853,0.198486328125
854,0.202270507812
855,0.0906372070312
856,0.12939453125
857,0.10009765625
858,0.1728515625
859,0.184814453125
860,0.115051269531
861,0.184326171875
862,0.187255859375
863,0.227172851562
864,0.162475585938
865,0.210083007812
866,0.213623046875
867,0.214477539062
868,0.202758789062
869,0.0919189453125
870,0.0908203125
871,0.115356445312
872,0.209838867188
873,0.209350585938
874,0.2431640625
875,0.245361328125
876,0.199829101562
877,0.205688476562
878,0.1962890625
879,0.22021484375
880,0.152709960938
881,0.219848632812
882,0.197265625
883,0.19921875
884,0.120300292969
885,0.1396484375
886,0.151977539062
887,0.14990234375
888,0.197143554688
889,0.253173828125
890,0.232666015625
891,0.23095703125
892,0.1884765625
893,0.201782226562
894,0.187133789062
895,0.0897216796875
896,0.195556640625
897,0.244750976562
898,0.249877929688
899,0.25048828125
900,0.0719604492188
901,0.0679321289062
902,0.0707397460938
903,0.092041015625
904,0.195922851562
905,0.124084472656
906,0.142211914062
907,0.131469726562
908,0.158447265625
909,0.1787109375
910,0.177856445312
911,0.187744140625
912,0.203857421875
913,0.197509765625
914,0.225708007812
915,0.240112304688
916,0.134033203125
917,0.133178710938
918,0.197631835938
919,0.174438476562
920,0.188842773438
921,0.226806640625
922,0.245849609375
923,0.251953125
924,0.201904296875
925,0.195678710938
926,0.204467773438
927,0.20458984375
928,0.125244140625
929,0.180908203125
930,0.177734375
931,0.186889648438
932,0.0835571289062
933,0.15771484375
934,0.198486328125
935,0.210815429688
936,0.125366210938
937,0.191650390625
938,0.191162109375
939,0.196655273438
940,0.167724609375
941,0.181518554688
942,0.180786132812
943,0.18994140625
944,0.200317382812
945,0.195556640625
946,0.218872070312
947,0.24560546875
948,0.134521484375
949,0.197875976562
950,0.123901367188
951,0.191040039062
952,0.119445800781
953,0.114440917969
954,0.164916992188
955,0.221801757812
956,0.110168457031
957,0.117431640625
958,0.141967773438
959,0.205078125
960,0.0732421875
961,0.0739135742188
962,0.0782470703125
963,0.073486328125
964,0.132202148438
965,0.14794921875
966,0.196533203125
967,0.130249023438
968,0.1552734375
969,0.175903320312
970,0.223999023438
971,0.226318359375
972,0.13671875
973,0.18310546875
974,0.172485351562
975,0.177978515625
976,0.14892578125
977,0.139526367188
978,0.1953125
979,0.213256835938
980,0.127197265625
981,0.08349609375
982,0.0835571289062
983,0.0855102539062
984,0.158325195312
985,0.2119140625
986,0.198974609375
987,0.21484375
988,0.188598632812
989,0.120727539062
990,0.124877929688
991,0.13037109375
992,0.128540039062
993,0.0795288085938
994,0.106079101562
995,0.110107421875
996,0.136352539062
997,0.192260742188
998,0.23876953125
999,0.211669921875
1000,0.204223632812
1001,0.233764648438
1002,0.248657226562
1003,0.256591796875
1004,0.199340820312
1005,0.231689453125
1006,0.259765625
1007,0.25390625
1008,0.153686523438
1009,0.136962890625
1010,0.153442382812
1011,0.208374023438
1012,0.126953125
1013,0.184936523438
1014,0.185180664062
1015,0.181518554688
1016,0.131713867188
1017,0.124389648438
1018,0.132446289062
1019,0.19873046875
1020,0.128662109375
1021,0.1337890625
1022,0.139892578125
1023,0.201171875
1024,0.19482421875
1025,0.209106445312
1026,0.0969848632812
1027,0.0947875976562
1028,0.1943359375
1029,0.237670898438
1030,0.237060546875
1031,0.2685546875
1032,0.116943359375
1033,0.114562988281
1034,0.187622070312
1035,0.1875
1036,0.101196289062
1037,0.163330078125
1038,0.221435546875
1039,0.130615234375
1040,0.122253417969
1041,0.126342773438
1042,0.188232421875
1043,0.181274414062
1044,0.185791015625
1045,0.241821289062
1046,0.250732421875
1047,0.233642578125
1048,0.199951171875
1049,0.197875976562
1050,0.224365234375
1051,0.223388671875
1052,0.196411132812
1053,0.197265625
1054,0.205322265625
1055,0.205688476562
1056,0.14990234375
1057,0.168701171875
1058,0.221069335938
1059,0.122436523438
1060,0.19091796875
1061,0.23046875
1062,0.25146484375
1063,0.250732421875
1064,0.128051757812
1065,0.0948486328125
1066,0.14990234375
1067,0.156860351562
1068,0.126220703125
1069,0.0999145507812
1070,0.1025390625
1071,0.0989990234375
1072,0.154907226562
1073,0.167724609375
1074,0.166625976562
1075,0.191650390625
1076,0.122802734375
1077,0.138793945312
1078,0.200561523438
1079,0.248657226562
1080,0.169555664062
1081,0.228515625
1082,0.223754882812
1083,0.21484375
1084,0.129516601562
1085,0.161376953125
1086,0.1640625
1087,0.159545898438
1088,0.205932617188
1089,0.232177734375
1090,0.268798828125
1091,0.250244140625
1092,0.204223632812
1093,0.242065429688
1094,0.235961914062
1095,0.193237304688
1096,0.21142578125
1097,0.201904296875
1098,0.207641601562
1099,0.242919921875
1100,0.126342773438
1101,0.125854492188
1102,0.163940429688
1103,0.18603515625
1104,0.145385742188
1105,0.172973632812
1106,0.165649414062
1107,0.164184570312
1108,0.115051269531
1109,0.180053710938
1110,0.1806640625
1111,0.174560546875
1112,0.168579101562
1113,0.169311523438
1114,0.156372070312
1115,0.193969726562
1116,0.150756835938
1117,0.20263671875
1118,0.107055664062
1119,0.13427734375
1120,0.199096679688
1121,0.197631835938
1122,0.195556640625
1123,0.20751953125
1124,0.122131347656
1125,0.134765625
1126,0.0956420898438
1127,0.102233886719
1128,0.126098632812
1129,0.193969726562
1130,0.205078125
1131,0.136352539062
1132,0.123840332031
1133,0.124206542969
1134,0.135498046875
1135,0.142333984375
1136,0.116333007812
1137,0.117736816406
1138,0.143920898438
1139,0.146240234375
1140,0.171752929688
1141,0.174072265625
1142,0.179565429688
1143,0.190673828125
1144,0.193359375
1145,0.194702148438
1146,0.195556640625
1147,0.242797851562
1148,0.14892578125
1149,0.152587890625
1150,0.210083007812
1151,0.217041015625
1152,0.148193359375
1153,0.1796875
1154,0.170776367188
1155,0.232177734375
1156,0.213500976562
1157,0.215454101562
1158,0.126098632812
1159,0.121154785156
1160,0.190795898438
1161,0.193481445312
1162,0.205078125
1163,0.219604492188
1164,0.219482421875
1165,0.238647460938
1166,0.237548828125
1167,0.239379882812
1168,0.160400390625
1169,0.171264648438
1170,0.212768554688
1171,0.233642578125
1172,0.128173828125
1173,0.1328125
1174,0.124816894531
1175,0.125732421875
1176,0.12255859375
1177,0.207641601562
1178,0.248657226562
1179,0.246826171875
1180,0.14111328125
1181,0.1552734375
1182,0.175537109375
1183,0.20849609375
1184,0.128295898438
1185,0.166748046875
1186,0.187133789062
1187,0.202392578125
1188,0.1259765625
1189,0.127563476562
1190,0.12744140625
1191,0.16552734375
1192,0.150756835938
1193,0.171630859375
1194,0.168701171875
1195,0.174438476562
1196,0.139282226562
1197,0.135986328125
1198,0.179443359375
1199,0.22412109375
1200,0.126831054688
1201,0.192749023438
1202,0.195678710938
1203,0.18408203125
1204,0.122009277344
1205,0.125244140625
1206,0.126831054688
1207,0.139282226562
1208,0.132202148438
1209,0.115539550781
1210,0.10888671875
1211,0.180297851562
1212,0.1630859375
1213,0.224609375
1214,0.205444335938
1215,0.204956054688
1216,0.124267578125
1217,0.207763671875
1218,0.25341796875
1219,0.265380859375
1220,0.192749023438
1221,0.154296875
1222,0.17431640625
1223,0.171630859375
1224,0.216064453125
1225,0.26025390625
1226,0.248291015625
1227,0.28564453125
1228,0.2001953125
1229,0.19775390625
1230,0.246215820312
1231,0.2646484375
1232,0.147338867188
1233,0.22314453125
1234,0.260986328125
1235,0.281494140625
1236,0.20751953125
1237,0.218017578125
1238,0.240478515625
1239,0.23681640625
1240,0.122985839844
1241,0.198120117188
1242,0.212646484375
1243,0.205322265625
1244,0.173828125
1245,0.229125976562
1246,0.195434570312
1247,0.0849609375
1248,0.115783691406
1249,0.143676757812
1250,0.148315429688
1251,0.149169921875
1252,0.172485351562
1253,0.174926757812
1254,0.144897460938
1255,0.162353515625
1256,0.119445800781
1257,0.163452148438
1258,0.218505859375
1259,0.221069335938
1260,0.12646484375
1261,0.1826171875
1262,0.22705078125
1263,0.220581054688
1264,0.128295898438
1265,0.138061523438
1266,0.136962890625
1267,0.191162109375
1268,0.183959960938
1269,0.227416992188
1270,0.225219726562
1271,0.212890625
1272,0.127319335938
1273,0.135986328125
1274,0.136352539062
1275,0.162109375
1276,0.191284179688
1277,0.243774414062
1278,0.241821289062
1279,0.240234375
1280,0.15283203125
1281,0.229736328125
1282,0.23193359375
1283,0.240478515625
1284,0.11572265625
1285,0.172241210938
1286,0.1767578125
1287,0.170166015625
1288,0.201171875
1289,0.199829101562
1290,0.237426757812
1291,0.256591796875
1292,0.118469238281
1293,0.203247070312
1294,0.203002929688
1295,0.21630859375
1296,0.114135742188
1297,0.115295410156
1298,0.120910644531
1299,0.146362304688
1300,0.111511230469
1301,0.12744140625
1302,0.135375976562
1303,0.1357421875
1304,0.112121582031
1305,0.154052734375
1306,0.121459960938
1307,0.12353515625
1308,0.110290527344
1309,0.16455078125
1310,0.178588867188
1311,0.18017578125
1312,0.1865234375
1313,0.23876953125
1314,0.216552734375
1315,0.241577148438
1316,0.136352539062
1317,0.140747070312
1318,0.180297851562
1319,0.18603515625
1320,0.148681640625
1321,0.219970703125
1322,0.217651367188
1323,0.209716796875
1324,0.119445800781
1325,0.1923828125
1326,0.195556640625
1327,0.245239257812
1328,0.118957519531
1329,0.174438476562
1330,0.22021484375
1331,0.2470703125
1332,0.0901489257812
1333,0.0797729492188
1334,0.130249023438
1335,0.131469726562
1336,0.14013671875
1337,0.140625
1338,0.211059570312
1339,0.2119140625
1340,0.118774414062
1341,0.166870117188
1342,0.185546875
1343,0.178955078125
1344,0.136962890625
1345,0.137939453125
1346,0.126098632812
1347,0.204711914062
1348,0.158081054688
1349,0.181396484375
1350,0.18505859375
1351,0.17333984375
1352,0.14697265625
1353,0.1474609375
1354,0.10009765625
1355,0.0938720703125
1356,0.143798828125
1357,0.2041015625
1358,0.1923828125
1359,0.188598632812
1360,0.147338867188
1361,0.142944335938
1362,0.20068359375
1363,0.179931640625
1364,0.171508789062
1365,0.218017578125
1366,0.17724609375
1367,0.224609375
1368,0.196411132812
1369,0.185791015625
1370,0.194213867188
1371,0.223999023438
1372,0.147216796875
1373,0.179931640625
1374,0.169555664062
1375,0.178100585938
1376,0.15966796875
1377,0.158813476562
1378,0.15673828125
1379,0.156616210938
1380,0.155151367188
1381,0.214111328125
1382,0.18896484375
1383,0.188232421875
1384,0.216430664062
1385,0.211547851562
1386,0.19921875
1387,0.20703125
1388,0.142211914062
1389,0.144409179688
1390,0.111694335938
1391,0.116088867188
1392,0.18115234375
1393,0.18798828125
1394,0.188720703125
1395,0.196533203125
1396,0.126586914062
1397,0.184204101562
1398,0.18603515625
1399,0.19970703125
1400,0.13525390625
1401,0.0989379882812
1402,0.0985107421875
1403,0.110778808594
1404,0.171508789062
1405,0.210327148438
1406,0.194213867188
1407,0.202880859375
1408,0.221313476562
1409,0.213989257812
1410,0.20263671875
1411,0.223022460938
1412,0.11669921875
1413,0.119934082031
1414,0.181762695312
1415,0.179809570312
1416,0.164672851562
1417,0.159790039062
1418,0.20947265625
1419,0.181518554688
1420,0.1591796875
1421,0.155395507812
1422,0.0919799804688
1423,0.168579101562
1424,0.170043945312
1425,0.2177734375
1426,0.247924804688
1427,0.26025390625
1428,0.14794921875
1429,0.144165039062
1430,0.150390625
1431,0.201049804688
1432,0.106872558594
1433,0.1376953125
1434,0.125610351562
1435,0.117370605469
1436,0.1259765625
1437,0.135375976562
1438,0.141357421875
1439,0.162719726562
1440,0.130615234375
1441,0.126342773438
1442,0.12841796875
1443,0.124572753906
1444,0.125122070312
1445,0.130859375
1446,0.180053710938
1447,0.177734375
1448,0.116027832031
1449,0.115356445312
1450,0.11669921875
1451,0.163452148438
1452,0.125854492188
1453,0.125610351562
1454,0.195922851562
1455,0.193115234375
1456,0.1455078125
1457,0.145874023438
1458,0.144775390625
1459,0.19189453125
1460,0.198974609375
1461,0.206787109375
1462,0.203247070312
1463,0.2021484375
1464,0.146362304688
1465,0.147827148438
1466,0.176025390625
1467,0.178466796875
1468,0.154296875
1469,0.14453125
1470,0.178955078125
1471,0.175415039062
1472,0.157958984375
1473,0.15771484375
1474,0.15673828125
1475,0.17333984375
1476,0.128173828125
1477,0.143676757812
1478,0.14111328125
1479,0.145874023438
1480,0.150756835938
1481,0.200317382812
1482,0.200073242188
1483,0.222412109375
1484,0.16015625
1485,0.196533203125
1486,0.200073242188
1487,0.198852539062
1488,0.1630859375
1489,0.163818359375
1490,0.151000976562
1491,0.194091796875
1492,0.212524414062
1493,0.206787109375
1494,0.0988159179688
1495,0.0907592773438
1496,0.183715820312
1497,0.170288085938
1498,0.230224609375
1499,0.230712890625
1500,0.158081054688
1501,0.212768554688
1502,0.200439453125
1503,0.206176757812
1504,0.189086914062
1505,0.2021484375
1506,0.203979492188
1507,0.14501953125
1508,0.190795898438
1509,0.182861328125
1510,0.186767578125
1511,0.19384765625
1512,0.198974609375
1513,0.2099609375
1514,0.19775390625
1515,0.125122070312
1516,0.15380859375
1517,0.1689453125
1518,0.15478515625
1519,0.143798828125
1520,0.150634765625
1521,0.213012695312
1522,0.241088867188
1523,0.241333007812
1524,0.187255859375
1525,0.227416992188
1526,0.19140625
1527,0.2080078125
1528,0.140258789062
1529,0.1484375
1530,0.148559570312
1531,0.148315429688
1532,0.141723632812
1533,0.151733398438
1534,0.18212890625
1535,0.191162109375
1536,0.200317382812
1537,0.168823242188
1538,0.171508789062
1539,0.1337890625
1540,0.20556640625
1541,0.206420898438
1542,0.2392578125
1543,0.234375
1544,0.142333984375
1545,0.139526367188
1546,0.147216796875
1547,0.190673828125
1548,0.207885742188
1549,0.217651367188
1550,0.16943359375
1551,0.16845703125
1552,0.19140625
1553,0.1884765625
1554,0.19287109375
1555,0.202514648438
1556,0.14013671875
1557,0.13916015625
1558,0.196166992188
1559,0.188354492188
1560,0.2158203125
1561,0.216552734375
1562,0.231689453125
1563,0.260009765625
38319,0.141235351562
38320,0.140014648438
38321,0.150756835938
38322,0.14892578125
38323,0.14111328125
38324,0.139892578125
38325,0.140502929688
38326,0.142456054688
38327,0.141235351562
38328,0.16064453125
38329,0.147094726562
38330,0.145263671875
38331,0.158081054688
38332,0.158325195312
38333,0.159057617188
38334,0.15966796875
38335,0.155517578125
38336,0.156494140625
38337,0.153930664062
38338,0.16650390625
38339,0.1572265625
38340,0.155883789062
38341,0.156005859375
38342,0.157592773438
38343,0.184814453125
38344,0.184936523438
38345,0.184936523438
38346,0.184326171875
38347,0.175048828125
38348,0.175903320312
38349,0.175048828125
38350,0.175537109375
38351,0.176513671875
38352,0.176025390625
38353,0.17626953125
38354,0.17578125
38355,0.177734375
38356,0.175048828125
38357,0.175170898438
38358,0.172241210938
38359,0.176879882812
38360,0.177368164062
38361,0.176025390625
38362,0.173828125
38363,0.176513671875
38364,0.175170898438
38365,0.17626953125
38366,0.178588867188
38367,0.17724609375
38368,0.198120117188
38369,0.1962890625
38371,0.19677734375
38372,0.15966796875
38373,0.159057617188
38374,0.157348632812
38375,0.158325195312
38376,0.14794921875
38377,0.148559570312
38378,0.16455078125
38379,0.161987304688
38380,0.146606445312
38381,0.17724609375
38382,0.179809570312
38383,0.17724609375
38384,0.14794921875
38385,0.149291992188
38386,0.149536132812
38387,0.158813476562
38388,0.1494140625
38389,0.158203125
38390,0.152954101562
38391,0.15283203125
38392,0.148681640625
38393,0.1484375
38394,0.148315429688
38395,0.158203125
38396,0.1474609375
38397,0.15234375
38398,0.152099609375
38399,0.151123046875
38400,0.14599609375
38401,0.147216796875
38402,0.14599609375
38403,0.145385742188
38404,0.14599609375
38405,0.146606445312
38406,0.147094726562
38407,0.146484375
38408,0.14501953125
38409,0.14501953125
38410,0.14599609375
38411,0.146850585938
38412,0.1435546875
38413,0.146362304688
38414,0.146362304688
38415,0.154541015625
38416,0.152465820312
38417,0.159057617188
38418,0.159545898438
38419,0.15869140625
38420,0.144653320312
38421,0.1630859375
38422,0.152465820312
38423,0.1533203125
38424,0.170043945312
38425,0.17041015625
38426,0.170532226562
38427,0.170654296875
38428,0.144409179688
38429,0.139892578125
38430,0.141723632812
38431,0.140258789062
38432,0.142578125
38433,0.143920898438
38434,0.144897460938
38435,0.14501953125
38436,0.1396484375
38437,0.142944335938
38438,0.14697265625
38439,0.144653320312
38440,0.143798828125
38441,0.145263671875
38442,0.147583007812
38443,0.149169921875
38444,0.146118164062
38445,0.150634765625
38446,0.1513671875
38447,0.151245117188
38448,0.14453125
38449,0.181396484375
38450,0.182373046875
38451,0.182006835938
38452,0.171997070312
38453,0.175415039062
38454,0.174438476562
38455,0.17431640625
38456,0.146240234375
38457,0.144653320312
38458,0.144653320312
38459,0.1494140625
38460,0.161376953125
38461,0.15771484375
38462,0.1650390625
38463,0.164184570312
38464,0.145751953125
38465,0.147216796875
38466,0.146850585938
38467,0.146850585938
38468,0.147705078125
38469,0.148193359375
38470,0.195190429688
38471,0.208129882812
38472,0.143798828125
38473,0.145874023438
38474,0.148559570312
38475,0.16162109375
38476,0.160278320312
38477,0.161865234375
38478,0.163208007812
38479,0.162963867188
38480,0.148559570312
38481,0.152954101562
38482,0.153198242188
38483,0.152465820312
38484,0.145141601562
38485,0.141235351562
38486,0.141357421875
38487,0.14208984375
38488,0.154418945312
38489,0.153930664062
38490,0.154052734375
38491,0.181762695312
38492,0.14501953125
38493,0.142700195312
38494,0.142333984375
38495,0.143798828125
38496,0.14208984375
38497,0.137573242188
38498,0.137084960938
38499,0.156372070312
38500,0.14111328125
38501,0.155883789062
38502,0.15478515625
38503,0.155883789062
38504,0.144287109375
38505,0.143310546875
38506,0.145629882812
38507,0.144409179688
38508,0.14453125
38509,0.144165039062
38510,0.144775390625
38511,0.143676757812
38512,0.148071289062
38513,0.147216796875
38514,0.180297851562
38515,0.179077148438
38516,0.142700195312
38517,0.145385742188
38518,0.148315429688
38519,0.147094726562
38520,0.143798828125
38521,0.145263671875
38522,0.147094726562
38523,0.176879882812
38524,0.142333984375
38525,0.1455078125
38526,0.146240234375
38527,0.145629882812
38528,0.141967773438
38529,0.137817382812
38530,0.147094726562
38531,0.144775390625
38532,0.141845703125
38533,0.141235351562
38534,0.170532226562
38535,0.171020507812
38536,0.135131835938
38537,0.13818359375
38538,0.161743164062
38539,0.161010742188
38540,0.132690429688
38541,0.16015625
38542,0.144409179688
38543,0.143188476562
38544,0.157348632812
38545,0.156372070312
38546,0.1572265625
38547,0.15625
38548,0.134155273438
38549,0.134887695312
38550,0.130004882812
38551,0.130859375
38552,0.162475585938
38553,0.162231445312
38554,0.163452148438
38555,0.174194335938
38556,0.14501953125
38557,0.146240234375
38558,0.186889648438
38559,0.186279296875
38560,0.144409179688
38561,0.145385742188
38562,0.160400390625
38563,0.186157226562
38564,0.1328125
38565,0.1357421875
38566,0.13818359375
38567,0.135986328125
38568,0.13134765625
38569,0.131713867188
38570,0.134765625
38571,0.134521484375
38572,0.131958007812
38573,0.131591796875
38574,0.1328125
38575,0.152221679688
38576,0.151000976562
38577,0.151733398438
38578,0.153564453125
38579,0.153686523438
38580,0.133544921875
38581,0.134643554688
38582,0.153198242188
38583,0.154052734375
38584,0.140869140625
38585,0.143188476562
38586,0.147583007812
38587,0.146484375
38588,0.143676757812
38589,0.145263671875
38590,0.146362304688
38591,0.156372070312
38592,0.143920898438
38593,0.146484375
38594,0.146484375
38595,0.14453125
38596,0.149169921875
38597,0.150390625
38598,0.149536132812
38599,0.14794921875
38600,0.143188476562
38601,0.14453125
38602,0.175170898438
38603,0.176025390625
38604,0.146850585938
38605,0.153564453125
38606,0.154296875
38607,0.15380859375
38608,0.146850585938
38609,0.146362304688
38610,0.14599609375
38611,0.141967773438
38612,0.15234375
38613,0.154663085938
38614,0.15673828125
38615,0.156372070312
38616,0.156494140625
38617,0.159301757812
38618,0.159545898438
38619,0.158203125
38620,0.15966796875
38621,0.163452148438
38622,0.159545898438
38623,0.153686523438
38624,0.154418945312
38625,0.156616210938
38626,0.15869140625
38627,0.160400390625
38628,0.16064453125
38629,0.1865234375
38630,0.185546875
38631,0.183959960938
38632,0.1416015625
38633,0.144897460938
38634,0.156982421875
38635,0.16943359375
38636,0.156616210938
38637,0.16064453125
38638,0.16162109375
38639,0.1630859375
38640,0.1611328125
38641,0.162353515625
38642,0.163818359375
38643,0.162841796875
38644,0.156982421875
38645,0.159423828125
38646,0.15576171875
38647,0.1533203125
38648,0.157348632812
38649,0.16015625
38650,0.1611328125
38651,0.158447265625
38652,0.161987304688
38653,0.167114257812
38654,0.1630859375
38655,0.161376953125
38656,0.165405273438
38657,0.16796875
38658,0.167602539062
38659,0.1669921875
38660,0.157592773438
38661,0.158935546875
38662,0.16064453125
38663,0.156860351562
38664,0.138549804688
38665,0.144409179688
38666,0.145629882812
38667,0.144897460938
38668,0.140258789062
38669,0.141357421875
38670,0.143798828125
38671,0.14208984375
38672,0.14013671875
38673,0.14501953125
38674,0.145263671875
38675,0.142578125
38676,0.137939453125
38677,0.141967773438
38678,0.154296875
38679,0.153686523438
38680,0.138061523438
38681,0.14111328125
38682,0.141967773438
38683,0.142333984375
38684,0.140258789062
38685,0.141479492188
38686,0.143798828125
38687,0.14599609375
38688,0.133178710938
38689,0.1357421875
38690,0.136352539062
38691,0.137084960938
38692,0.155151367188
38693,0.158813476562
38694,0.160766601562
38695,0.164428710938
38696,0.154418945312
38697,0.193603515625
38698,0.1953125
38699,0.188842773438
38700,0.152954101562
38701,0.157836914062
38702,0.172241210938
38703,0.170288085938
38704,0.152954101562
38705,0.156372070312
38706,0.15966796875
38707,0.157836914062
38708,0.1533203125
38709,0.154663085938
38710,0.157836914062
38711,0.155517578125
38712,0.1533203125
38713,0.156372070312
38714,0.15771484375
38715,0.157348632812
38716,0.1533203125
38717,0.157470703125
38718,0.1591796875
38719,0.158203125
38720,0.154052734375
38721,0.14892578125
38722,0.15087890625
38723,0.15185546875
38724,0.155395507812
38725,0.156372070312
38726,0.156616210938
38727,0.156127929688
38728,0.1533203125
38729,0.157958984375
38730,0.159545898438
38731,0.15771484375
38732,0.156127929688
38733,0.157836914062
38734,0.157348632812
38735,0.157104492188
38736,0.175170898438
38737,0.176879882812
38738,0.177001953125
38739,0.17578125
38740,0.15625
38741,0.154418945312
38742,0.162719726562
38743,0.164306640625
38744,0.157348632812
38745,0.158935546875
38746,0.153442382812
38747,0.15234375
38748,0.158813476562
38749,0.156616210938
38750,0.155639648438
38751,0.154418945312
38752,0.15966796875
38753,0.158935546875
38754,0.1689453125
38755,0.167236328125
38756,0.159912109375
38757,0.157104492188
38758,0.15869140625
38759,0.158325195312
38760,0.158081054688
38761,0.15771484375
38762,0.1591796875
38763,0.158569335938
38764,0.15771484375
38765,0.159057617188
38766,0.158813476562
38767,0.148681640625
38768,0.158935546875
38769,0.160400390625
38770,0.159057617188
38771,0.158203125
38772,0.159057617188
38773,0.157836914062
38774,0.158813476562
38775,0.15966796875
38776,0.159545898438
38777,0.159790039062
38778,0.160400390625
38779,0.162231445312
38780,0.174926757812
38781,0.177734375
38782,0.18701171875
38783,0.187377929688
38784,0.166625976562
38785,0.168090820312
38786,0.168090820312
38787,0.16552734375
38788,0.163208007812
38789,0.16162109375
38790,0.15478515625
38791,0.155151367188
38792,0.158813476562
38793,0.159545898438
38794,0.159545898438
38795,0.159912109375
38796,0.23583984375
38797,0.216918945312
38798,0.199462890625
38799,0.199584960938
38800,0.133911132812
38801,0.134033203125
38802,0.133422851562
38803,0.133666992188
38804,0.131713867188
38805,0.134033203125
38806,0.135009765625
38807,0.131225585938
38808,0.132080078125
38809,0.131591796875
38810,0.130493164062
38811,0.123352050781
38812,0.137451171875
38813,0.136596679688
38814,0.138061523438
38815,0.17724609375
38816,0.151977539062
38817,0.164794921875
38818,0.166015625
38819,0.163330078125
38820,0.150024414062
38821,0.163208007812
38822,0.1611328125
38823,0.162475585938
38824,0.133544921875
38825,0.13623046875
38826,0.165893554688
38827,0.142944335938
38828,0.142578125
38829,0.13623046875
38830,0.149047851562
38831,0.150756835938
38832,0.130615234375
38833,0.130859375
38834,0.131958007812
38835,0.121459960938
38836,0.13037109375
38837,0.13037109375
38838,0.12841796875
38839,0.129028320312
38840,0.121765136719
38841,0.118957519531
38842,0.118225097656
38843,0.164306640625
38844,0.126708984375
38845,0.129028320312
38846,0.12890625
38847,0.12744140625
38848,0.126586914062
38849,0.12890625
38850,0.136840820312
38851,0.136596679688
38852,0.121398925781
38853,0.119018554688
38854,0.119445800781
38855,0.125854492188
38856,0.12744140625
38857,0.130249023438
38858,0.129638671875
38859,0.137084960938
38860,0.126098632812
38861,0.127685546875
38862,0.123718261719
38863,0.12451171875
38864,0.127807617188
38865,0.130249023438
38866,0.1318359375
38867,0.123840332031
38868,0.133911132812
38869,0.134643554688
38870,0.135620117188
38871,0.135864257812
38872,0.12548828125
38873,0.137573242188
38874,0.16015625
38875,0.164916992188
38876,0.142822265625
38877,0.143310546875
38878,0.14404296875
38879,0.144775390625
38880,0.13232421875
38881,0.136108398438
38882,0.1298828125
38883,0.117614746094
38884,0.129760742188
38885,0.143798828125
38886,0.146118164062
38887,0.145263671875
38888,0.129638671875
38889,0.1318359375
38890,0.133544921875
38891,0.140380859375
38892,0.129272460938
38893,0.156127929688
38894,0.173583984375
38895,0.174560546875
38896,0.131103515625
38897,0.1318359375
38898,0.145629882812
38899,0.133544921875
38900,0.13720703125
38901,0.135498046875
38902,0.134399414062
38903,0.133544921875
38904,0.130981445312
38905,0.130981445312
38906,0.127685546875
38907,0.133911132812
38908,0.128295898438
38909,0.141235351562
38910,0.153198242188
38911,0.152099609375
38912,0.126220703125
38913,0.1630859375
38914,0.164672851562
38915,0.154907226562
38916,0.144653320312
38917,0.14990234375
38918,0.138916015625
38919,0.141479492188
38920,0.140258789062
38921,0.145751953125
38922,0.14599609375
38923,0.144897460938
38924,0.138061523438
38925,0.156005859375
38926,0.15234375
38927,0.175415039062
38928,0.158447265625
38929,0.151733398438
38930,0.152099609375
38931,0.153930664062
38932,0.142700195312
38933,0.145385742188
38934,0.150268554688
38935,0.148681640625
38936,0.139770507812
38937,0.14306640625
38938,0.162231445312
38939,0.160888671875
38940,0.140747070312
38941,0.142944335938
38942,0.145629882812
38943,0.145141601562
38944,0.146362304688
38945,0.146240234375
38946,0.182250976562
38947,0.182250976562
38948,0.143676757812
38949,0.145874023438
38950,0.146484375
38951,0.139282226562
38952,0.142944335938
38953,0.139892578125
38954,0.148559570312
38955,0.146728515625
38956,0.1455078125
38957,0.149658203125
38958,0.150146484375
38959,0.15087890625
38960,0.149536132812
38961,0.15283203125
38962,0.13916015625
38963,0.140258789062
38964,0.151000976562
38965,0.152221679688
38966,0.155883789062
38967,0.15380859375
38968,0.158325195312
38969,0.161010742188
38970,0.165283203125
38971,0.165283203125
38972,0.147583007812
38973,0.150634765625
38974,0.151611328125
38975,0.1494140625
38976,0.148559570312
38977,0.14697265625
38978,0.147827148438
38979,0.146850585938
38980,0.159301757812
38981,0.161865234375
38982,0.163452148438
38983,0.162963867188
38984,0.14697265625
38985,0.144653320312
38986,0.145751953125
38987,0.152465820312
38988,0.159790039062
38989,0.152954101562
38990,0.153564453125
38991,0.152465820312
38992,0.149169921875
38993,0.15771484375
38994,0.20166015625
38995,0.202270507812
38996,0.156494140625
38997,0.156616210938
38998,0.160400390625
38999,0.160522460938
39000,0.14697265625
39001,0.151000976562
39002,0.15283203125
39003,0.166259765625
39004,0.151245117188
39005,0.154174804688
39006,0.16357421875
39007,0.155639648438
39008,0.146728515625
39009,0.150512695312
39010,0.152954101562
39011,0.156616210938
39012,0.153198242188
39013,0.155395507812
39014,0.155639648438
39015,0.158447265625
39016,0.1474609375
39017,0.156127929688
39018,0.157836914062
39019,0.158081054688
39020,0.153564453125
39021,0.154663085938
39022,0.156616210938
39023,0.159790039062
39024,0.147827148438
39025,0.153442382812
39026,0.151977539062
39027,0.151123046875
39028,0.14794921875
39029,0.154296875
39030,0.165161132812
39031,0.164916992188
39032,0.1494140625
39033,0.154296875
39034,0.164306640625
39035,0.163818359375
39036,0.145874023438
39037,0.147827148438
39038,0.149780273438
39039,0.162109375
39040,0.146606445312
39041,0.150756835938
39042,0.152221679688
39043,0.152221679688
39044,0.15625
39045,0.157470703125
39046,0.15185546875
39047,0.1572265625
39048,0.152587890625
39049,0.165893554688
39050,0.168212890625
39051,0.183959960938
39052,0.142456054688
39053,0.145629882812
39054,0.148193359375
39055,0.148315429688
39056,0.171508789062
39057,0.173461914062
39058,0.16162109375
39059,0.159423828125
39060,0.1513671875
39061,0.153686523438
39062,0.160034179688
39063,0.153686523438
39064,0.140869140625
39065,0.157958984375
39066,0.163696289062
39067,0.162841796875
39068,0.142211914062
39069,0.157104492188
39070,0.159423828125
39071,0.142333984375
39072,0.15478515625
39073,0.18701171875
39074,0.191162109375
39075,0.158447265625
39076,0.139038085938
39077,0.142944335938
39078,0.14013671875
39079,0.14501953125
39080,0.144775390625
39081,0.143920898438
39082,0.147094726562
39083,0.170532226562
39084,0.142578125
39085,0.152465820312
39086,0.154052734375
39087,0.14404296875
39088,0.125854492188
39089,0.128662109375
39090,0.131958007812
39091,0.130859375
39092,0.134399414062
39093,0.135986328125
39094,0.138549804688
39095,0.138061523438
39096,0.13427734375
39097,0.143798828125
39098,0.148559570312
39099,0.145751953125
39100,0.12841796875
39101,0.140380859375
39102,0.148071289062
39103,0.149536132812
39104,0.132446289062
39105,0.136108398438
39106,0.13623046875
39107,0.136352539062
39108,0.1337890625
39109,0.13720703125
39110,0.140014648438
39111,0.167236328125
39112,0.132446289062
39113,0.135375976562
39114,0.138061523438
39115,0.136596679688
39116,0.131103515625
39117,0.139038085938
39118,0.147827148438
39119,0.148559570312
39120,0.133666992188
39121,0.13623046875
39122,0.145263671875
39123,0.144653320312
39124,0.13427734375
39125,0.1337890625
39126,0.13525390625
39127,0.13525390625
39128,0.134643554688
39129,0.145263671875
39130,0.145751953125
39131,0.146484375
39132,0.13525390625
39133,0.13720703125
39134,0.137573242188
39135,0.141967773438
39136,0.1318359375
39137,0.136108398438
39138,0.142944335938
39139,0.154174804688
39140,0.147705078125
39141,0.150024414062
39142,0.144653320312
39143,0.143676757812
39144,0.150512695312
39145,0.15185546875
39146,0.152465820312
39147,0.1513671875
39148,0.16552734375
39149,0.16845703125
39150,0.168212890625
39151,0.167358398438
39152,0.155029296875
39154,0.155639648438
39155,0.145263671875
39156,0.1494140625
39157,0.148803710938
39158,0.149536132812
39159,0.165405273438
39160,0.167724609375
39161,0.15185546875
39162,0.152099609375
39163,0.155517578125
39164,0.157470703125
39165,0.176147460938
39166,0.181274414062
39167,0.180297851562
39168,0.17919921875
39169,0.154052734375
39170,0.154174804688
39171,0.154418945312
39172,0.155395507812
39173,0.153076171875
39174,0.153930664062
39175,0.153930664062
39176,0.15283203125
39177,0.149047851562
39178,0.179809570312
39179,0.181030273438
39180,0.181030273438
39181,0.152465820312
39182,0.152709960938
39183,0.181640625
39184,0.1796875
39185,0.152954101562
39186,0.15185546875
39187,0.152099609375
39188,0.151611328125
39189,0.15283203125
39190,0.151123046875
39191,0.151733398438
39192,0.151000976562
39193,0.152709960938
39194,0.1533203125
39195,0.15283203125
39196,0.17724609375
39197,0.196411132812
39198,0.1982421875
39199,0.184936523438
39200,0.187866210938
39201,0.164672851562
39202,0.176635742188
39203,0.183837890625
39204,0.183837890625
39205,0.15380859375
39206,0.153930664062
39207,0.153930664062
39208,0.154418945312
39209,0.152954101562
39210,0.1533203125
39211,0.153442382812
39212,0.152587890625
39213,0.164306640625
39214,0.17724609375
39215,0.178100585938
39216,0.17822265625
39217,0.152465820312
39218,0.152099609375
39219,0.153686523438
39220,0.154663085938
39221,0.15283203125
39222,0.15185546875
39223,0.152099609375
39224,0.152099609375
39225,0.1513671875
39226,0.153686523438
39227,0.152709960938
39228,0.16259765625
39229,0.150390625
39230,0.173706054688
39231,0.17578125
39232,0.174438476562
39233,0.156982421875
39234,0.165771484375
39235,0.16455078125
39236,0.1640625
39237,0.158081054688
39238,0.159423828125
39239,0.155151367188
39240,0.155151367188
39241,0.156005859375
39242,0.156005859375
39243,0.157104492188
39244,0.156494140625
39245,0.155395507812
39246,0.156982421875
39247,0.157470703125
39248,0.156494140625
39249,0.153686523438
39250,0.154052734375
39251,0.156127929688
39252,0.158813476562
39253,0.15234375
39254,0.156860351562
39255,0.162841796875
39256,0.158325195312
39257,0.153198242188
39258,0.17822265625
39259,0.172119140625
39260,0.170654296875
39261,0.153686523438
39262,0.155151367188
39263,0.171875
39264,0.170654296875
39265,0.153686523438
39266,0.1552734375
39267,0.157836914062
39268,0.15478515625
39269,0.159301757812
39270,0.142944335938
39271,0.1435546875
39272,0.143432617188
39273,0.138305664062
39274,0.140380859375
39275,0.141479492188
39276,0.147827148438
39277,0.138549804688
39278,0.139770507812
39279,0.142822265625
39280,0.13720703125
39281,0.137451171875
39282,0.140258789062
39283,0.140991210938
39284,0.149780273438
39285,0.147094726562
39286,0.153198242188
39287,0.153442382812
39288,0.15478515625
39289,0.136840820312
39290,0.141235351562
39291,0.154296875
39292,0.15283203125
39293,0.140502929688
39294,0.149658203125
39295,0.15576171875
39296,0.154663085938
39297,0.1416015625
39298,0.16064453125
39299,0.162841796875
39300,0.16015625
39301,0.138549804688
39302,0.141723632812
39303,0.162353515625
39304,0.163452148438
39305,0.13818359375
39306,0.141723632812
39307,0.142700195312
39308,0.151977539062
39309,0.139526367188
39310,0.143798828125
39311,0.145751953125
39312,0.145141601562
39313,0.1396484375
39314,0.142456054688
39315,0.1474609375
39316,0.144775390625
39317,0.129272460938
39318,0.134399414062
39319,0.136352539062
39320,0.13525390625
39321,0.13671875
39322,0.13720703125
39323,0.139770507812
39324,0.137939453125
39325,0.13623046875
39326,0.146362304688
39327,0.145629882812
39328,0.146240234375
39329,0.136474609375
39330,0.138793945312
39331,0.14111328125
39332,0.140991210938
39333,0.161499023438
39334,0.166259765625
39335,0.167724609375
39336,0.152099609375
39337,0.153686523438
39338,0.155395507812
39339,0.163330078125
39340,0.191528320312
39341,0.138549804688
39342,0.14111328125
39343,0.142211914062
39344,0.1416015625
39345,0.138061523438
39346,0.141723632812
39347,0.141723632812
39348,0.1416015625
39349,0.142456054688
39350,0.149169921875
39351,0.14990234375
39352,0.136352539062
39353,0.140991210938
39354,0.143188476562
39355,0.144775390625
39356,0.142333984375
39357,0.141479492188
39358,0.14306640625
39359,0.143676757812
39360,0.143676757812
39361,0.14453125
39362,0.147094726562
39363,0.149291992188
39364,0.146606445312
39365,0.150024414062
39366,0.146484375
39367,0.137329101562
39368,0.142456054688
39369,0.1376953125
39370,0.1396484375
39371,0.143188476562
39372,0.148193359375
39373,0.138916015625
39374,0.140625
39375,0.142211914062
39376,0.145751953125
39377,0.139038085938
39378,0.171508789062
39379,0.173095703125
39380,0.171752929688
39381,0.13671875
39382,0.142944335938
39383,0.17041015625
39384,0.169555664062
39385,0.13818359375
39386,0.161010742188
39387,0.169067382812
39388,0.171630859375
39389,0.157348632812
39390,0.158935546875
39391,0.156127929688
39392,0.155029296875
39393,0.129516601562
39394,0.136596679688
39395,0.133422851562
39396,0.133666992188
39397,0.135864257812
39398,0.139404296875
39399,0.142333984375
39400,0.141235351562
39401,0.135498046875
39402,0.143188476562
39403,0.143188476562
39404,0.143310546875
39405,0.135375976562
39406,0.14599609375
39407,0.148193359375
39408,0.221923828125
39409,0.134765625
39410,0.139404296875
39411,0.141967773438
39412,0.15087890625
39413,0.138427734375
39414,0.188354492188
39415,0.189331054688
39416,0.187133789062
39417,0.166137695312
39418,0.170288085938
39419,0.164672851562
39420,0.166381835938
39421,0.141845703125
39422,0.158203125
39423,0.162963867188
39424,0.164672851562
39425,0.148559570312
39426,0.151733398438
39427,0.133666992188
39428,0.132446289062
39429,0.14111328125
39430,0.14599609375
39431,0.146240234375
39432,0.138427734375
39433,0.136352539062
39434,0.13916015625
39435,0.140869140625
39436,0.140502929688
39437,0.163330078125
39438,0.165283203125
39439,0.165649414062
39440,0.17333984375
39441,0.143432617188
39442,0.152465820312
39443,0.14697265625
39444,0.15478515625
39445,0.142456054688
39446,0.1474609375
39447,0.147705078125
39448,0.150146484375
39449,0.140869140625
39450,0.160034179688
39451,0.159790039062
39452,0.161499023438
39453,0.1416015625
39454,0.144165039062
39455,0.144653320312
39456,0.145141601562
39457,0.139770507812
39458,0.142822265625
39459,0.144165039062
39460,0.143920898438
39461,0.141723632812
39462,0.145263671875
39463,0.142333984375
39464,0.151123046875
39465,0.138793945312
39466,0.142944335938
39467,0.140747070312
39468,0.13916015625
39469,0.141235351562
39470,0.154663085938
39471,0.145874023438
39472,0.133056640625
39473,0.13916015625
39474,0.169921875
39475,0.171997070312
39476,0.1728515625
39477,0.141235351562
39478,0.14404296875
39479,0.14404296875
39480,0.158447265625
39481,0.147094726562
39482,0.14990234375
39483,0.148681640625
39484,0.148681640625
39485,0.143432617188
39486,0.146484375
39487,0.146362304688
39488,0.151977539062
39489,0.149536132812
39490,0.151245117188
39491,0.1435546875
39492,0.140625
39493,0.145141601562
39494,0.14453125
39495,0.164794921875
39496,0.163452148438
39497,0.143188476562
39498,0.148803710938
39499,0.146484375
39500,0.148559570312
39501,0.140747070312
39502,0.1337890625
39503,0.161743164062
39504,0.160522460938
39505,0.144165039062
39506,0.15185546875
39507,0.153930664062
39508,0.153564453125
39509,0.14404296875
39510,0.144653320312
39511,0.14501953125
39512,0.145385742188
39513,0.147216796875
39514,0.156372070312
39515,0.158203125
39516,0.1572265625
39517,0.1435546875
39518,0.145263671875
39519,0.14453125
39520,0.164794921875
39521,0.143310546875
39522,0.14111328125
39523,0.141479492188
39524,0.141723632812
39525,0.138427734375
39526,0.140014648438
39527,0.139282226562
39528,0.137329101562
39529,0.142944335938
39530,0.140991210938
39531,0.13916015625
39532,0.1435546875
39533,0.161254882812
39534,0.169921875
39535,0.171142578125
39536,0.171142578125
39537,0.139892578125
39538,0.147094726562
39539,0.148803710938
39540,0.158325195312
39541,0.140625
39542,0.152099609375
39543,0.1494140625
39544,0.150634765625
39545,0.151123046875
39546,0.15234375
39547,0.149658203125
39548,0.149780273438
39549,0.150268554688
39550,0.15234375
39551,0.154418945312
39552,0.13916015625
39553,0.148681640625
39554,0.147827148438
39555,0.145874023438
39556,0.141235351562
39557,0.196899414062
39558,0.19775390625
39559,0.165283203125
39560,0.164916992188
39561,0.142211914062
39562,0.142211914062
39563,0.148193359375
39564,0.147583007812
39565,0.141357421875
39566,0.157348632812
39567,0.160400390625
39568,0.164306640625
39569,0.1533203125
39570,0.153930664062
39571,0.154541015625
39572,0.153686523438
39573,0.156127929688
39574,0.1572265625
39575,0.1494140625
39576,0.148315429688
39577,0.141845703125
39578,0.143798828125
39579,0.153564453125
39580,0.15234375
39581,0.144775390625
39582,0.144897460938
39583,0.1435546875
39584,0.143676757812
39585,0.14111328125
39586,0.140258789062
39587,0.145263671875
39588,0.146362304688
39589,0.144287109375
39590,0.144165039062
39591,0.144287109375
39592,0.14453125
39593,0.138305664062
39594,0.140625
39595,0.153442382812
39596,0.15087890625
39597,0.139526367188
39598,0.139282226562
39599,0.143920898438
39600,0.145263671875
39601,0.142333984375
39602,0.141967773438
39603,0.1416015625
39604,0.142211914062
39605,0.15185546875
39606,0.1396484375
39607,0.181030273438
39608,0.18017578125
39609,0.177612304688
39610,0.179077148438
39611,0.186645507812
39612,0.1865234375
39613,0.140747070312
39614,0.141479492188
39615,0.141967773438
39616,0.140991210938
39617,0.140380859375
39618,0.158447265625
39619,0.15576171875
39620,0.156127929688
39621,0.142822265625
39622,0.142944335938
39623,0.143310546875
39624,0.155151367188
39625,0.142700195312
39626,0.1416015625
39627,0.142211914062
39628,0.14111328125
39629,0.138793945312
39630,0.144287109375
39631,0.14599609375
39632,0.14501953125
39633,0.141967773438
39634,0.1572265625
39635,0.143310546875
39636,0.14453125
39637,0.138671875
39638,0.142822265625
39639,0.138916015625
39640,0.1376953125
39641,0.135864257812
39642,0.153930664062
39643,0.157348632812
39644,0.152099609375
39645,0.140380859375
39646,0.142333984375
39647,0.142822265625
39648,0.144165039062
39649,0.13818359375
39650,0.14697265625
39651,0.163818359375
39652,0.162719726562
39653,0.138916015625
39654,0.154296875
39655,0.137573242188
39656,0.134643554688
39657,0.1376953125
39658,0.140625
39659,0.138793945312
39660,0.141845703125
39661,0.13818359375
39662,0.141235351562
39663,0.143676757812
39664,0.141845703125
39665,0.139282226562
39666,0.146728515625
39667,0.14453125
39668,0.144409179688
39669,0.140991210938
39670,0.14697265625
39671,0.1474609375
39672,0.14697265625
39673,0.14306640625
39674,0.143920898438
39675,0.152587890625
39676,0.15283203125
39677,0.142944335938
39678,0.142822265625
39679,0.153930664062
39680,0.154541015625
39681,0.143798828125
39682,0.141235351562
39683,0.137817382812
39684,0.1708984375
39685,0.141235351562
39686,0.138916015625
39687,0.139526367188
39688,0.139770507812
39689,0.144775390625
39690,0.137939453125
39691,0.135375976562
39692,0.137451171875
39693,0.146728515625
39694,0.143920898438
39695,0.144897460938
39696,0.16650390625
39697,0.144775390625
39698,0.152465820312
39699,0.184326171875
39700,0.169799804688
39701,0.144653320312
39702,0.144897460938
39703,0.144653320312
39704,0.146240234375
39705,0.18359375
39706,0.167236328125
39707,0.16748046875
39708,0.165893554688
39709,0.1416015625
39710,0.140625
39711,0.140747070312
39712,0.139404296875
39713,0.142211914062
39714,0.141235351562
39715,0.14599609375
39716,0.138671875
39717,0.14013671875
39718,0.138549804688
39719,0.16943359375
39720,0.169555664062
39721,0.140014648438
39722,0.142333984375
39723,0.14306640625
39724,0.14306640625
39725,0.139038085938
39726,0.138671875
39727,0.148803710938
39728,0.147583007812
39729,0.157836914062
39730,0.158569335938
39731,0.152099609375
39732,0.149658203125
39733,0.153930664062
39734,0.154174804688
39735,0.155517578125
39736,0.154052734375
39737,0.163452148438
39738,0.160034179688
39739,0.1630859375
39740,0.161865234375
39741,0.163818359375
39742,0.165161132812
39743,0.166381835938
39744,0.164672851562
39745,0.146362304688
39746,0.150268554688
39747,0.151733398438
39748,0.150024414062
39749,0.139770507812
39750,0.150634765625
39751,0.151733398438
39752,0.150756835938
39753,0.150268554688
39754,0.154907226562
39755,0.1552734375
39756,0.156372070312
39757,0.149658203125
39758,0.164794921875
39759,0.158325195312
39760,0.149780273438
39761,0.1728515625
39762,0.193481445312
39763,0.19482421875
39764,0.175903320312
39765,0.153198242188
39766,0.156616210938
39767,0.158081054688
39768,0.158203125
39769,0.151977539062
39770,0.154174804688
39771,0.158325195312
39772,0.157836914062
39773,0.147583007812
39774,0.151489257812
39775,0.1533203125
39776,0.15185546875
39777,0.16015625
39778,0.16259765625
39779,0.165771484375
39780,0.162719726562
39781,0.152221679688
39782,0.154907226562
39783,0.156005859375
39784,0.1572265625
39785,0.153076171875
39786,0.156372070312
39787,0.157348632812
39788,0.161499023438
39789,0.15283203125
39790,0.167236328125
39791,0.168090820312
39792,0.166015625
39793,0.159790039062
39794,0.171264648438
39795,0.170776367188
39796,0.171508789062
39797,0.1513671875
39798,0.15380859375
39799,0.154541015625
39800,0.153076171875
39801,0.1494140625
39802,0.153076171875
39803,0.153564453125
39804,0.156127929688
39805,0.161987304688
39806,0.161987304688
39807,0.16162109375
39808,0.1630859375
39809,0.153564453125
39810,0.154663085938
39811,0.153930664062
39812,0.154907226562
39813,0.180786132812
39814,0.18115234375
39815,0.178100585938
39816,0.177490234375
39817,0.15380859375
39818,0.1591796875
39819,0.1474609375
39820,0.146118164062
39821,0.1513671875
39822,0.15283203125
39823,0.153442382812
39824,0.147827148438
39825,0.151977539062
39826,0.175659179688
39827,0.182739257812
39828,0.166625976562
39829,0.156372070312
39830,0.154907226562
39831,0.154052734375
39832,0.151977539062
39833,0.163208007812
39834,0.168701171875
39835,0.167846679688
39836,0.16796875
39837,0.170776367188
39838,0.195556640625
39839,0.179443359375
39840,0.178833007812
39841,0.158203125
39842,0.158447265625
39843,0.1650390625
39844,0.161865234375
39845,0.157470703125
39846,0.164428710938
39847,0.166870117188
39848,0.158447265625
39849,0.167724609375
39850,0.164916992188
39851,0.166870117188
39852,0.166870117188
39853,0.15576171875
39854,0.15283203125
39855,0.152465820312
39856,0.152587890625
39857,0.164794921875
39858,0.14697265625
39859,0.14892578125
39860,0.148803710938
39861,0.154052734375
39862,0.156372070312
39863,0.1552734375
39864,0.15625
39865,0.154052734375
39866,0.153442382812
39867,0.160400390625
39868,0.158447265625
39869,0.15234375
39870,0.153686523438
39871,0.154541015625
39872,0.14404296875
39873,0.191528320312
39874,0.188232421875
39875,0.18310546875
39876,0.181640625
39877,0.154541015625
39878,0.1572265625
39879,0.153198242188
39880,0.153198242188
39881,0.151733398438
76637,0.1484375
76638,0.147094726562
76639,0.146606445312
76640,0.138671875
76641,0.139282226562
76642,0.1611328125
76643,0.15625
76644,0.139282226562
76645,0.137573242188
76646,0.137573242188
76647,0.142822265625
76648,0.138305664062
76649,0.136840820312
76650,0.138671875
76651,0.138671875
76652,0.135375976562
76653,0.133422851562
76654,0.139404296875
76655,0.139526367188
76656,0.138916015625
76657,0.138427734375
76658,0.138061523438
76659,0.136596679688
76660,0.135498046875
76661,0.147338867188
76662,0.148071289062
76663,0.171997070312
76664,0.135620117188
76665,0.135375976562
76666,0.141967773438
76667,0.143188476562
76668,0.149780273438
76669,0.149536132812
76670,0.149658203125
76671,0.149169921875
76672,0.14501953125
76673,0.146728515625
76674,0.145874023438
76675,0.146118164062
76676,0.141357421875
76677,0.140869140625
76678,0.129028320312
76679,0.132568359375
76680,0.140502929688
76681,0.14990234375
76682,0.150634765625
76683,0.150024414062
76684,0.139770507812
76685,0.138427734375
76686,0.158081054688
76687,0.145141601562
76688,0.141357421875
76689,0.1416015625
76690,0.1416015625
76691,0.140258789062
76692,0.149169921875
76693,0.148315429688
76694,0.145141601562
76695,0.145263671875
76696,0.139404296875
76697,0.136962890625
76698,0.137451171875
76699,0.136474609375
76700,0.140869140625
76701,0.1396484375
76702,0.13818359375
76703,0.137817382812
76704,0.138671875
76705,0.136596679688
76706,0.136108398438
76707,0.137817382812
76708,0.139892578125
76709,0.137451171875
76710,0.137573242188
76711,0.137084960938
76712,0.153198242188
76713,0.153076171875
76714,0.151611328125
76715,0.151611328125
76716,0.140014648438
76717,0.134765625
76718,0.135986328125
76719,0.1357421875
76720,0.138305664062
76721,0.138061523438
76722,0.136962890625
76723,0.136840820312
76724,0.137939453125
76725,0.141235351562
76726,0.140625
76727,0.139526367188
76728,0.14013671875
76729,0.138671875
76730,0.135375976562
76731,0.134399414062
76732,0.139770507812
76733,0.139038085938
76734,0.138549804688
76735,0.13916015625
76736,0.139038085938
76738,0.137329101562
76739,0.136840820312
76740,0.136962890625
76741,0.140380859375
76742,0.155883789062
76743,0.154418945312
76744,0.154663085938
76745,0.139892578125
76746,0.138427734375
76747,0.138427734375
76748,0.137573242188
76749,0.139526367188
76750,0.138671875
76751,0.137573242188
76752,0.136352539062
76753,0.138793945312
76754,0.139038085938
76755,0.138305664062
76756,0.14013671875
76757,0.138549804688
76758,0.133056640625
76759,0.133422851562
76760,0.137329101562
76761,0.137329101562
76762,0.136352539062
76763,0.136474609375
76764,0.136962890625
76765,0.15087890625
76766,0.148315429688
76767,0.137939453125
76768,0.139282226562
76769,0.134033203125
76770,0.135131835938
76771,0.132202148438
76772,0.132934570312
76773,0.132568359375
76774,0.13134765625
76775,0.13330078125
76776,0.154541015625
76777,0.132080078125
76778,0.155395507812
76779,0.155639648438
76780,0.155517578125
76781,0.135375976562
76782,0.134887695312
76783,0.144775390625
76784,0.144165039062
76785,0.123229980469
76786,0.134643554688
76787,0.130859375
76788,0.12646484375
76789,0.134155273438
76790,0.13232421875
76791,0.1328125
76792,0.133544921875
76793,0.134155273438
76794,0.1337890625
76795,0.13330078125
76796,0.124633789062
76797,0.133911132812
76798,0.133178710938
76799,0.1328125
76800,0.133422851562
76801,0.133544921875
76802,0.152465820312
76803,0.153198242188
76804,0.153442382812
76805,0.133178710938
76806,0.1337890625
76807,0.1337890625
76808,0.133666992188
76809,0.133178710938
76810,0.136108398438
76811,0.164672851562
76812,0.165649414062
76813,0.132202148438
76814,0.13330078125
76815,0.130859375
76816,0.132446289062
76817,0.1328125
76818,0.129638671875
76819,0.130981445312
76820,0.130981445312
76821,0.167358398438
76822,0.16650390625
76823,0.16748046875
76824,0.16259765625
76825,0.135131835938
76826,0.153686523438
76827,0.154418945312
76828,0.154052734375
76829,0.141235351562
76830,0.176391601562
76831,0.1767578125
76832,0.177612304688
76833,0.135498046875
76834,0.1357421875
76835,0.136474609375
76836,0.137329101562
76837,0.134765625
76838,0.135375976562
76839,0.160522460938
76840,0.159912109375
76841,0.134155273438
76842,0.134399414062
76843,0.133544921875
76844,0.146118164062
76845,0.134521484375
76846,0.135864257812
76847,0.134765625
76848,0.13525390625
76849,0.15283203125
76850,0.152587890625
76851,0.156372070312
76852,0.156127929688
76853,0.1337890625
76854,0.131225585938
76855,0.131469726562
76856,0.130126953125
76857,0.1328125
76858,0.132568359375
76859,0.132934570312
76860,0.133544921875
76861,0.133422851562
76862,0.133178710938
76863,0.13232421875
76864,0.132446289062
76865,0.133666992188
76866,0.132934570312
76867,0.134887695312
76868,0.135498046875
76869,0.134643554688
76870,0.134399414062
76871,0.134521484375
76872,0.132690429688
76873,0.149291992188
76874,0.149658203125
76875,0.150512695312
76876,0.15087890625
76877,0.139526367188
76878,0.143310546875
76879,0.138061523438
76880,0.13916015625
76881,0.136840820312
76882,0.136352539062
76883,0.136840820312
76884,0.1357421875
76885,0.156372070312
76886,0.148071289062
76887,0.149658203125
76888,0.151611328125
76889,0.136108398438
76890,0.13525390625
76891,0.134033203125
76892,0.133056640625
76893,0.136474609375
76894,0.136962890625
76895,0.136352539062
76896,0.136352539062
76897,0.13427734375
76898,0.135375976562
76899,0.185668945312
76900,0.185180664062
76901,0.137817382812
76902,0.136962890625
76903,0.132080078125
76904,0.131591796875
76905,0.137939453125
76906,0.13623046875
76907,0.135986328125
76908,0.135986328125
76909,0.149780273438
76910,0.151489257812
76911,0.149169921875
76912,0.1484375
76913,0.135131835938
76914,0.13427734375
76915,0.133666992188
76916,0.143432617188
76917,0.13525390625
76918,0.12890625
76919,0.12841796875
76920,0.130981445312
76921,0.135375976562
76922,0.133666992188
76923,0.134155273438
76924,0.133422851562
76925,0.142944335938
76926,0.14111328125
76927,0.164306640625
76928,0.163940429688
76929,0.135498046875
76930,0.133178710938
76931,0.13232421875
76932,0.151123046875
76933,0.180297851562
76934,0.174072265625
76935,0.17431640625
76936,0.163940429688
76937,0.132202148438
76938,0.131713867188
76939,0.130615234375
76940,0.124938964844
76941,0.12841796875
76942,0.128662109375
76943,0.128540039062
76944,0.12939453125
76945,0.130004882812
76946,0.131958007812
76947,0.138793945312
76948,0.14306640625
76949,0.130859375
76950,0.13037109375
76951,0.130126953125
76952,0.151000976562
76953,0.126953125
76954,0.126953125
76955,0.148071289062
76956,0.147094726562
76957,0.13525390625
76958,0.135864257812
76959,0.13671875
76960,0.135864257812
76961,0.137451171875
76962,0.140502929688
76963,0.133911132812
76964,0.139282226562
76965,0.136352539062
76966,0.136352539062
76967,0.140502929688
76968,0.139770507812
76969,0.136596679688
76970,0.134887695312
76971,0.135131835938
76972,0.135131835938
76973,0.17919921875
76974,0.179077148438
76975,0.178833007812
76976,0.176879882812
76977,0.129272460938
76978,0.132202148438
76979,0.129516601562
76980,0.129516601562
76981,0.132568359375
76982,0.16455078125
76983,0.184936523438
76984,0.184692382812
76985,0.132080078125
76986,0.132690429688
76987,0.132690429688
76988,0.1318359375
76989,0.134521484375
76990,0.133056640625
76991,0.132446289062
76992,0.15869140625
76993,0.14208984375
76994,0.141357421875
76995,0.13916015625
76996,0.138305664062
76997,0.156494140625
76998,0.15625
76999,0.15625
77000,0.154663085938
77001,0.134155273438
77002,0.13330078125
77003,0.133056640625
77004,0.132446289062
77005,0.133911132812
77006,0.133544921875
77007,0.13232421875
77008,0.132934570312
77009,0.133422851562
77010,0.143310546875
77011,0.14208984375
77012,0.14111328125
77013,0.133544921875
77014,0.136840820312
77015,0.137329101562
77016,0.137939453125
77017,0.132446289062
77018,0.13232421875
77019,0.132568359375
77020,0.13232421875
77021,0.1318359375
77022,0.130859375
77023,0.132446289062
77024,0.133422851562
77025,0.130615234375
77026,0.12939453125
77027,0.128051757812
77028,0.128173828125
77029,0.133056640625
77030,0.132080078125
77031,0.131469726562
77032,0.131713867188
77033,0.146606445312
77034,0.147827148438
77035,0.14697265625
77036,0.146728515625
77037,0.132080078125
77038,0.1318359375
77039,0.130859375
77040,0.131225585938
77041,0.132446289062
77042,0.13134765625
77043,0.130981445312
77044,0.1298828125
77045,0.129760742188
77046,0.13232421875
77047,0.13037109375
77048,0.1318359375
77049,0.139770507812
77050,0.126098632812
77051,0.125244140625
77052,0.124206542969
77053,0.1318359375
77054,0.131225585938
77055,0.130737304688
77056,0.1298828125
77057,0.13525390625
77058,0.13427734375
77059,0.1328125
77060,0.1357421875
77061,0.133422851562
77062,0.131958007812
77063,0.129760742188
77064,0.130981445312
77065,0.132202148438
77066,0.166015625
77067,0.1669921875
77068,0.167236328125
77069,0.132446289062
77070,0.1337890625
77071,0.13427734375
77072,0.132934570312
77073,0.135864257812
77074,0.134765625
77075,0.134033203125
77076,0.13330078125
77077,0.132568359375
77078,0.134033203125
77079,0.133178710938
77080,0.133544921875
77081,0.137573242188
77082,0.137329101562
77083,0.136962890625
77084,0.13671875
77085,0.131225585938
77086,0.130981445312
77087,0.129516601562
77088,0.132690429688
77089,0.132080078125
77090,0.13330078125
77091,0.142211914062
77092,0.162353515625
77093,0.142333984375
77094,0.142578125
77095,0.143676757812
77096,0.142211914062
77097,0.131591796875
77098,0.13232421875
77099,0.1435546875
77100,0.145629882812
77101,0.146240234375
77102,0.164794921875
77103,0.152587890625
77104,0.164794921875
77105,0.132568359375
77106,0.13330078125
77107,0.133422851562
77108,0.131713867188
77109,0.133422851562
77110,0.143432617188
77111,0.1435546875
77112,0.142700195312
77113,0.133666992188
77114,0.132934570312
77115,0.1337890625
77116,0.135009765625
77117,0.13720703125
77118,0.134765625
77119,0.133178710938
77120,0.128784179688
77121,0.132934570312
77122,0.1337890625
77123,0.132690429688
77124,0.134155273438
77125,0.133666992188
77126,0.133544921875
77127,0.140380859375
77128,0.140380859375
77129,0.13232421875
77130,0.13623046875
77131,0.1357421875
77132,0.13525390625
77133,0.131713867188
77134,0.1328125
77135,0.145141601562
77136,0.15576171875
77137,0.132202148438
77138,0.14501953125
77139,0.145263671875
77140,0.14453125
77141,0.132080078125
77142,0.132690429688
77143,0.133544921875
77144,0.1337890625
77145,0.132446289062
77146,0.1318359375
77147,0.132446289062
77148,0.132446289062
77149,0.132446289062
77150,0.136108398438
77151,0.136840820312
77152,0.135986328125
77153,0.130859375
77154,0.132568359375
77155,0.1357421875
77156,0.134521484375
77157,0.130981445312
77158,0.130859375
77159,0.144897460938
77160,0.145141601562
77161,0.129516601562
77162,0.132202148438
77163,0.131469726562
77164,0.13916015625
77165,0.13037109375
77166,0.130493164062
77167,0.1318359375
77168,0.131958007812
77169,0.129760742188
77170,0.14697265625
77171,0.147216796875
77172,0.147216796875
77173,0.157104492188
77174,0.15771484375
77175,0.157592773438
77176,0.156982421875
77177,0.135498046875
77178,0.14453125
77179,0.1708984375
77180,0.1630859375
77181,0.132690429688
77182,0.136474609375
77183,0.135620117188
77184,0.135986328125
77185,0.144287109375
77186,0.148315429688
77187,0.17529296875
77188,0.177368164062
77189,0.13427734375
77190,0.136962890625
77191,0.13916015625
77192,0.15478515625
77193,0.13134765625
77194,0.13037109375
77195,0.130615234375
77196,0.13232421875
77197,0.132690429688
77198,0.134765625
77199,0.133422851562
77200,0.135131835938
77201,0.144775390625
77202,0.148315429688
77203,0.150634765625
77204,0.14990234375
77205,0.13232421875
77206,0.1337890625
77207,0.134155273438
77208,0.14208984375
77209,0.134399414062
77210,0.142456054688
77211,0.140380859375
77212,0.142700195312
77213,0.138305664062
77214,0.132690429688
77215,0.132934570312
77216,0.133422851562
77217,0.170654296875
77218,0.168701171875
77219,0.171630859375
77220,0.187744140625
77221,0.136596679688
77222,0.138305664062
77223,0.140869140625
77224,0.154052734375
77225,0.152099609375
77226,0.153930664062
77227,0.155883789062
77228,0.155395507812
77229,0.141357421875
77230,0.142578125
77231,0.14453125
77232,0.149047851562
77233,0.19091796875
77234,0.189819335938
77235,0.19140625
77236,0.193359375
77237,0.131591796875
77238,0.1337890625
77239,0.132568359375
77240,0.133422851562
77241,0.14453125
77242,0.160888671875
77243,0.161987304688
77244,0.161376953125
77245,0.142211914062
77246,0.178588867188
77247,0.178588867188
77248,0.178955078125
77249,0.142822265625
77250,0.154418945312
77251,0.13671875
77252,0.171630859375
77253,0.146362304688
77254,0.15966796875
77255,0.158813476562
77256,0.160034179688
77257,0.138549804688
77258,0.1416015625
77259,0.140991210938
77260,0.148803710938
77261,0.160766601562
77262,0.154052734375
77263,0.147705078125
77264,0.148681640625
77265,0.135864257812
77266,0.134765625
77267,0.135498046875
77268,0.134643554688
77269,0.138549804688
77270,0.135375976562
77271,0.1513671875
77272,0.17529296875
77273,0.142822265625
77274,0.142211914062
77275,0.153564453125
77276,0.149780273438
77277,0.134399414062
77278,0.149291992188
77279,0.162719726562
77280,0.161987304688
77281,0.142333984375
77282,0.138793945312
77283,0.138061523438
77284,0.138671875
77285,0.14111328125
77286,0.136596679688
77287,0.14111328125
77288,0.140258789062
77289,0.136108398438
77290,0.139282226562
77291,0.141723632812
77292,0.12744140625
77293,0.1513671875
77294,0.150512695312
77295,0.193603515625
77296,0.194213867188
77297,0.1337890625
77298,0.134643554688
77299,0.134643554688
77300,0.16357421875
77301,0.1494140625
77302,0.149536132812
77303,0.149169921875
77304,0.16845703125
77305,0.156616210938
77306,0.156005859375
77307,0.189086914062
77308,0.188720703125
77309,0.160034179688
77310,0.158813476562
77311,0.160278320312
77312,0.159790039062
77313,0.1552734375
77314,0.178100585938
77315,0.174682617188
77316,0.175048828125
77317,0.1640625
77318,0.163940429688
77319,0.163330078125
77320,0.163940429688
77321,0.146484375
77322,0.1875
77323,0.18603515625
77324,0.134643554688
77325,0.152221679688
77326,0.151000976562
77327,0.150268554688
77328,0.149047851562
77329,0.150390625
77330,0.15234375
77331,0.149780273438
77332,0.151611328125
77333,0.15771484375
77334,0.157592773438
77335,0.158203125
77336,0.179809570312
77337,0.147705078125
77338,0.148193359375
77339,0.155029296875
77340,0.154541015625
77341,0.20166015625
77342,0.206909179688
77343,0.206787109375
77344,0.206909179688
77345,0.154296875
77346,0.152099609375
77347,0.151733398438
77348,0.158081054688
77349,0.152709960938
77350,0.152954101562
77351,0.150268554688
77352,0.142822265625
77353,0.153442382812
77354,0.156494140625
77355,0.15625
77356,0.156860351562
77357,0.155029296875
77358,0.148681640625
77359,0.148193359375
77360,0.147094726562
77361,0.147827148438
77362,0.150024414062
77363,0.152099609375
77364,0.151245117188
77365,0.23095703125
77366,0.228881835938
77367,0.230346679688
77368,0.231689453125
77369,0.152465820312
77370,0.156860351562
77371,0.158325195312
77372,0.160766601562
77373,0.150024414062
77374,0.1552734375
77375,0.155395507812
77376,0.1689453125
77377,0.140869140625
77378,0.142822265625
77379,0.1591796875
77380,0.160400390625
77381,0.190307617188
77382,0.191284179688
77383,0.192016601562
77384,0.193481445312
77385,0.139770507812
77386,0.141967773438
77387,0.142578125
77388,0.158081054688
77389,0.143920898438
77390,0.144287109375
77391,0.14599609375
77392,0.146240234375
77393,0.151733398438
77394,0.14599609375
77395,0.163940429688
77396,0.194458007812
77397,0.158447265625
77398,0.187866210938
77399,0.187622070312
77400,0.18994140625
77401,0.14453125
77402,0.15087890625
77403,0.150512695312
77404,0.159423828125
77405,0.156982421875
77406,0.156616210938
77407,0.156127929688
77408,0.155029296875
77409,0.148559570312
77410,0.176147460938
77411,0.176513671875
77412,0.183227539062
77413,0.143920898438
77414,0.146484375
77415,0.146240234375
77416,0.145385742188
77417,0.14892578125
77418,0.147827148438
77419,0.146484375
77420,0.14697265625
77421,0.146484375
77422,0.145629882812
77423,0.146240234375
77424,0.1533203125
77425,0.142333984375
77426,0.141845703125
77427,0.141235351562
77428,0.140747070312
77429,0.143310546875
77430,0.141479492188
77431,0.1416015625
77432,0.1416015625
77433,0.164916992188
77434,0.161865234375
77435,0.161499023438
77436,0.160766601562
77437,0.142822265625
77438,0.142578125
77439,0.140991210938
77440,0.149047851562
77441,0.192260742188
77442,0.192260742188
77443,0.1982421875
77444,0.162109375
77445,0.151489257812
77446,0.151977539062
77447,0.152587890625
77448,0.147338867188
77449,0.145385742188
77450,0.162109375
77451,0.13134765625
77452,0.140258789062
77453,0.139526367188
77454,0.139770507812
77455,0.138305664062
77456,0.136840820312
77457,0.14013671875
77458,0.152221679688
77459,0.163208007812
77460,0.163452148438
77461,0.179443359375
77462,0.141723632812
77463,0.154052734375
77464,0.153198242188
77465,0.139404296875
77466,0.139282226562
77467,0.155517578125
77468,0.152709960938
77469,0.138305664062
77470,0.138305664062
77471,0.138061523438
77472,0.137329101562
77473,0.14208984375
77474,0.141235351562
77475,0.140991210938
77476,0.14306640625
77477,0.135620117188
77478,0.139038085938
77479,0.14111328125
77480,0.139892578125
77481,0.144165039062
77482,0.144287109375
77483,0.14453125
77484,0.152099609375
77485,0.136474609375
77486,0.135864257812
77487,0.1357421875
77488,0.141845703125
77489,0.137084960938
77490,0.13671875
77491,0.137573242188
77492,0.137084960938
77493,0.148071289062
77494,0.14013671875
77495,0.13916015625
77496,0.146728515625
77497,0.157348632812
77498,0.1572265625
77499,0.157836914062
77500,0.159912109375
77501,0.136108398438
77502,0.137084960938
77503,0.134643554688
77504,0.137451171875
77505,0.142456054688
77506,0.1416015625
77507,0.142456054688
77508,0.178100585938
77509,0.149780273438
77510,0.14306640625
77511,0.144287109375
77512,0.148559570312
77513,0.134033203125
77514,0.13427734375
77515,0.136474609375
77516,0.135498046875
77517,0.132568359375
77518,0.1337890625
77519,0.1357421875
77521,0.136108398438
77522,0.13330078125
77523,0.134765625
77524,0.134033203125
77525,0.13427734375
77526,0.136596679688
77527,0.13525390625
77528,0.146606445312
77529,0.145385742188
77530,0.141723632812
77531,0.13916015625
77532,0.137939453125
77533,0.154296875
77534,0.135375976562
77535,0.135131835938
77536,0.135864257812
77537,0.13427734375
77538,0.149291992188
77539,0.149780273438
77540,0.14599609375
77541,0.14453125
77542,0.137939453125
77543,0.137451171875
77544,0.135864257812
77545,0.135375976562
77546,0.14306640625
77547,0.140747070312
77548,0.14111328125
77549,0.144165039062
77550,0.139892578125
77551,0.140014648438
77552,0.131103515625
77553,0.130737304688
77554,0.140625
77555,0.138305664062
77556,0.146362304688
77557,0.145874023438
77558,0.141967773438
77559,0.140258789062
77560,0.138916015625
77561,0.14453125
77562,0.141967773438
77563,0.141357421875
77564,0.154052734375
77565,0.150634765625
77566,0.162109375
77567,0.157470703125
77568,0.156982421875
77569,0.15625
77570,0.137451171875
77571,0.13623046875
77572,0.135864257812
77573,0.13623046875
77574,0.137939453125
77575,0.138427734375
77576,0.136962890625
77577,0.134887695312
77578,0.134887695312
77579,0.134399414062
77580,0.133911132812
77581,0.134399414062
77582,0.133666992188
77583,0.13916015625
77584,0.140014648438
77585,0.138549804688
77586,0.136962890625
77587,0.135986328125
77588,0.135375976562
77589,0.136108398438
77590,0.137817382812
77591,0.136108398438
77592,0.136962890625
77593,0.135986328125
77594,0.144775390625
77595,0.143676757812
77596,0.141235351562
77597,0.1435546875
77598,0.144653320312
77599,0.144653320312
77600,0.144409179688
77601,0.1455078125
77602,0.156127929688
77603,0.155029296875
77604,0.162353515625
77605,0.161376953125
77606,0.144165039062
77607,0.144775390625
77608,0.144287109375
77609,0.143676757812
77610,0.144287109375
77611,0.1435546875
77612,0.143432617188
77613,0.14208984375
77614,0.14697265625
77615,0.145751953125
77616,0.14404296875
77617,0.143676757812
77618,0.151733398438
77619,0.149780273438
77620,0.146118164062
77621,0.1474609375
77622,0.147705078125
77623,0.161010742188
77624,0.156982421875
77625,0.157836914062
77626,0.143188476562
77627,0.143798828125
77628,0.142211914062
77629,0.143310546875
77630,0.14501953125
77631,0.144165039062
77632,0.151245117188
77633,0.156616210938
77634,0.143676757812
77635,0.151733398438
77636,0.148803710938
77637,0.150146484375
77638,0.142578125
77639,0.14990234375
77640,0.150756835938
77641,0.149658203125
77642,0.1396484375
77643,0.13916015625
77644,0.147583007812
77645,0.148071289062
77646,0.14111328125
77647,0.139770507812
77648,0.141967773438
77649,0.1416015625
77650,0.136840820312
77651,0.136108398438
77652,0.13818359375
77653,0.137451171875
77654,0.13720703125
77655,0.138427734375
77656,0.13671875
77657,0.139038085938
77658,0.135620117188
77659,0.13720703125
77660,0.136596679688
77661,0.136474609375
77662,0.137084960938
77663,0.129028320312
77664,0.129150390625
77665,0.123168945312
77666,0.139526367188
77667,0.13916015625
77668,0.140991210938
77669,0.150756835938
77670,0.136352539062
77671,0.135498046875
77672,0.137573242188
77673,0.126831054688
77674,0.139892578125
77675,0.164794921875
77676,0.162353515625
77677,0.149658203125
77678,0.18115234375
77679,0.180541992188
77680,0.1806640625
77681,0.180053710938
77682,0.143920898438
77683,0.144287109375
77684,0.136962890625
77685,0.135620117188
77686,0.136962890625
77687,0.136962890625
77688,0.135620117188
77689,0.134643554688
77690,0.166137695312
77691,0.16357421875
77692,0.162963867188
77693,0.164306640625
77694,0.137451171875
77695,0.172485351562
77696,0.17041015625
77697,0.170043945312
77698,0.13818359375
77699,0.137817382812
77700,0.137939453125
77701,0.136474609375
77702,0.138427734375
77703,0.137451171875
77704,0.15478515625
77705,0.136352539062
77706,0.135864257812
77707,0.136108398438
77708,0.135009765625
77709,0.137084960938
77710,0.144775390625
77711,0.14453125
77712,0.138916015625
77713,0.132934570312
77714,0.149291992188
77715,0.149780273438
77716,0.150512695312
77717,0.150634765625
77718,0.1328125
77719,0.153442382812
77720,0.152587890625
77721,0.154663085938
77722,0.132934570312
77723,0.1328125
77724,0.134521484375
77725,0.137084960938
77726,0.137329101562
77727,0.139038085938
77728,0.138549804688
77729,0.1396484375
77730,0.131591796875
77731,0.134399414062
77732,0.133666992188
77733,0.134765625
77734,0.132568359375
77735,0.138061523438
77736,0.137329101562
77737,0.130126953125
77738,0.1298828125
77739,0.130737304688
77740,0.131591796875
77741,0.130737304688
77742,0.133422851562
77743,0.134643554688
77744,0.133544921875
77745,0.133544921875
77746,0.135620117188
77747,0.139038085938
77748,0.1513671875
77749,0.150634765625
77750,0.133056640625
77751,0.134887695312
77752,0.163940429688
77753,0.164184570312
77754,0.143920898438
77755,0.144165039062
77756,0.144165039062
77757,0.136962890625
77758,0.135864257812
77759,0.13671875
77760,0.134887695312
77761,0.132934570312
77762,0.135498046875
77763,0.134643554688
77764,0.13525390625
77765,0.13671875
77766,0.13671875
77767,0.136352539062
77768,0.134887695312
77769,0.13525390625
77770,0.134765625
77771,0.123901367188
77772,0.122375488281
77773,0.12255859375
77774,0.134643554688
77775,0.131958007812
77776,0.131958007812
77777,0.13134765625
77778,0.13427734375
77779,0.133056640625
77780,0.133422851562
77781,0.140625
77782,0.135864257812
77783,0.135375976562
77784,0.138305664062
77785,0.140625
77786,0.130737304688
77787,0.131958007812
77788,0.131591796875
77789,0.147583007812
77790,0.134887695312
77791,0.134399414062
77792,0.135009765625
77793,0.133911132812
77794,0.135131835938
77795,0.135498046875
77796,0.1572265625
77797,0.1513671875
77798,0.13671875
77799,0.1484375
77800,0.147583007812
77801,0.147827148438
77802,0.13525390625
77803,0.13525390625
77804,0.135009765625
77805,0.136474609375
77806,0.134643554688
77807,0.145874023438
77808,0.14697265625
77809,0.1474609375
77810,0.138671875
77811,0.135009765625
77812,0.138549804688
77813,0.136840820312
77814,0.139038085938
77815,0.137817382812
77816,0.1376953125
77817,0.152221679688
77818,0.138549804688
77819,0.136840820312
77820,0.138061523438
77821,0.13623046875
77822,0.138427734375
77823,0.138427734375
77824,0.137939453125
77825,0.136596679688
77826,0.13818359375
77827,0.159912109375
77828,0.1552734375
77829,0.154174804688
77830,0.146484375
77831,0.145385742188
77832,0.145141601562
77833,0.143310546875
77834,0.136352539062
77835,0.135375976562
77836,0.135620117188
77837,0.135131835938
77838,0.1357421875
77839,0.13427734375
77840,0.152221679688
77841,0.152709960938
77842,0.133666992188
77843,0.133422851562
77844,0.156494140625
77845,0.16162109375
77846,0.135131835938
77847,0.135375976562
77848,0.136840820312
77849,0.140747070312
77850,0.133666992188
77851,0.134033203125
77852,0.133911132812
77853,0.135620117188
77854,0.133911132812
77855,0.136108398438
77856,0.1474609375
77857,0.146606445312
77858,0.134643554688
77859,0.138549804688
77860,0.158081054688
77861,0.1572265625
77862,0.132934570312
77863,0.133544921875
77864,0.132934570312
77865,0.134155273438
77866,0.160278320312
77867,0.156616210938
77868,0.156982421875
77869,0.15625
77870,0.130493164062
77871,0.130615234375
77872,0.131225585938
77873,0.130859375
77874,0.130981445312
77875,0.146362304688
77876,0.147216796875
77877,0.148071289062
77878,0.132080078125
77879,0.134155273438
77880,0.137939453125
77881,0.138549804688
77882,0.133178710938
77883,0.132202148438
77884,0.1328125
77885,0.139892578125
77886,0.13330078125
77887,0.13330078125
77888,0.1337890625
77889,0.135864257812
77890,0.133422851562
77891,0.134033203125
77892,0.1337890625
77893,0.1337890625
77894,0.132446289062
77895,0.15234375
77896,0.15673828125
77897,0.152954101562
77898,0.1435546875
77899,0.145385742188
77900,0.145751953125
77901,0.14453125
77902,0.152099609375
77903,0.204956054688
77904,0.2060546875
77905,0.204223632812
77906,0.130493164062
77907,0.13330078125
77908,0.130004882812
77909,0.130981445312
77910,0.132080078125
77911,0.1337890625
77912,0.134033203125
77913,0.1337890625
77914,0.136596679688
77915,0.132934570312
77916,0.152954101562
77917,0.1533203125
77918,0.132446289062
77919,0.1328125
77920,0.148315429688
77921,0.148559570312
77922,0.146728515625
77923,0.176025390625
77924,0.17724609375
77925,0.17626953125
77926,0.144653320312
77927,0.14501953125
77928,0.14501953125
77929,0.144165039062
77930,0.164672851562
77931,0.16455078125
77932,0.1640625
77933,0.1640625
77934,0.147827148438
77935,0.1474609375
77936,0.153198242188
77937,0.15283203125
77938,0.148071289062
77939,0.148193359375
77940,0.145629882812
77941,0.149047851562
77942,0.146118164062
77943,0.145874023438
77944,0.146362304688
77945,0.155395507812
77946,0.15185546875
77947,0.149780273438
77948,0.150268554688
77949,0.14990234375
77950,0.159057617188
77951,0.172607421875
77952,0.172607421875
77953,0.173095703125
77954,0.148559570312
77955,0.1474609375
77956,0.149780273438
77957,0.1474609375
77958,0.139282226562
77959,0.142333984375
77960,0.140991210938
77961,0.151245117188
77962,0.136840820312
77963,0.134399414062
77964,0.1337890625
77965,0.134399414062
77966,0.143676757812
77967,0.141723632812
77968,0.141723632812
77969,0.1416015625
77970,0.1376953125
77971,0.141845703125
77972,0.14013671875
77973,0.140869140625
77974,0.139770507812
77975,0.138305664062
77976,0.136474609375
77977,0.137573242188
77978,0.154418945312
77979,0.153076171875
77980,0.189331054688
77981,0.189331054688
77982,0.154663085938
77983,0.160278320312
77984,0.159423828125
77985,0.157470703125
77986,0.141845703125
77987,0.141845703125
77988,0.139038085938
77989,0.14013671875
77990,0.142822265625
77991,0.141235351562
77992,0.137817382812
77993,0.137939453125
77994,0.143798828125
77995,0.142578125
77996,0.141845703125
77997,0.141723632812
77998,0.152221679688
77999,0.1484375
78000,0.147094726562
78001,0.146484375
78002,0.138549804688
78003,0.143432617188
78004,0.139770507812
78005,0.138793945312
78006,0.1474609375
78007,0.145629882812
78008,0.137939453125
78009,0.137573242188
78010,0.139038085938
78011,0.136596679688
78012,0.13720703125
78013,0.1376953125
78014,0.140869140625
78015,0.140380859375
78016,0.140502929688
78017,0.148193359375
78018,0.140258789062
78019,0.1728515625
78020,0.17138671875
78021,0.171630859375
78022,0.138061523438
78023,0.139282226562
78024,0.1396484375
78025,0.138916015625
78026,0.13720703125
78027,0.140258789062
78028,0.14013671875
78029,0.1572265625
78030,0.142578125
78031,0.141845703125
78032,0.142578125
78033,0.157348632812
78034,0.169921875
78035,0.171264648438
78036,0.1728515625
78037,0.170654296875
78038,0.13916015625
78039,0.141967773438
78040,0.14208984375
78041,0.139526367188
78042,0.139770507812
78043,0.140625
78044,0.141845703125
78045,0.144653320312
78046,0.140258789062
78047,0.139404296875
78048,0.141967773438
78049,0.142456054688
78050,0.141967773438
78051,0.14306640625
78052,0.143920898438
78053,0.142944335938
78054,0.144653320312
78055,0.143798828125
78056,0.143188476562
78057,0.143676757812
78058,0.14501953125
78059,0.177124023438
78060,0.177368164062
78061,0.17724609375
78062,0.14013671875
78063,0.139770507812
78064,0.13916015625
78065,0.13818359375
78066,0.136962890625
78067,0.136474609375
78068,0.146240234375
78069,0.177856445312
78070,0.162963867188
78071,0.160278320312
78072,0.158447265625
78073,0.15869140625
78074,0.137817382812
78075,0.1396484375
78076,0.1494140625
78077,0.133056640625
78078,0.136962890625
78079,0.1357421875
78080,0.136596679688
78081,0.137084960938
78082,0.134399414062
78083,0.14208984375
78084,0.140380859375
78085,0.139526367188
78086,0.133178710938
78087,0.133544921875
78088,0.135009765625
78089,0.141967773438
78090,0.14404296875
78091,0.143676757812
78092,0.143920898438
78093,0.144653320312
78094,0.1328125
78095,0.132446289062
78096,0.132446289062
78097,0.130126953125
78098,0.134399414062
78099,0.133056640625
78100,0.130615234375
78101,0.130981445312
78102,0.125610351562
78103,0.125366210938
78104,0.125854492188
78105,0.125854492188
78106,0.131591796875
78107,0.168701171875
78108,0.169677734375
78109,0.162475585938
78110,0.134399414062
78111,0.134643554688
78112,0.13427734375
78113,0.1455078125
78114,0.129638671875
78115,0.130981445312
78116,0.129516601562
78117,0.131225585938
78118,0.146606445312
78119,0.148193359375
78120,0.149047851562
78121,0.14892578125
78122,0.130004882812
78123,0.135498046875
78124,0.134887695312
78125,0.140014648438
78126,0.129760742188
78127,0.129150390625
78128,0.130493164062
78129,0.130249023438
78130,0.137939453125
78131,0.137939453125
78132,0.137939453125
78133,0.137573242188
78134,0.130493164062
78135,0.130004882812
78136,0.138916015625
78137,0.13916015625
78138,0.130859375
78139,0.1298828125
78140,0.130859375
78141,0.131469726562
78142,0.130981445312
78143,0.130737304688
78144,0.135009765625
78145,0.137573242188
78146,0.129760742188
78147,0.131713867188
78148,0.131103515625
78149,0.136840820312
78150,0.141723632812
78151,0.14111328125
78152,0.165161132812
78153,0.165161132812
78154,0.130615234375
78155,0.13037109375
78156,0.133056640625
78157,0.130859375
78158,0.146118164062
78159,0.14697265625
78160,0.143798828125
78161,0.145874023438
78162,0.133911132812
78163,0.133422851562
78164,0.140502929688
78165,0.138427734375
78166,0.134155273438
78167,0.135620117188
78168,0.14453125
78169,0.1435546875
78170,0.185791015625
78171,0.185546875
78172,0.17138671875
78173,0.163818359375
78174,0.140502929688
78175,0.148071289062
78176,0.133422851562
78177,0.135498046875
78178,0.13427734375
78179,0.13427734375
78180,0.1533203125
78181,0.152221679688
78182,0.17236328125
78183,0.155151367188
78184,0.156005859375
78185,0.14990234375
78186,0.131713867188
78187,0.13037109375
78188,0.129272460938
78189,0.129516601562
78190,0.139526367188
78191,0.140258789062
78192,0.157470703125
78193,0.1533203125
78194,0.130004882812
78195,0.123596191406
78196,0.122924804688
78197,0.148193359375
78198,0.132690429688
78199,0.144653320312
78200,0.145263671875
78201,0.145141601562
78202,0.176635742188
78203,0.190551757812
78204,0.188354492188
78205,0.185180664062
78206,0.131469726562
78207,0.13330078125
78208,0.131713867188
78209,0.1318359375
78210,0.132080078125
78211,0.13134765625
78212,0.131103515625
78213,0.129272460938
78214,0.13623046875
78215,0.134033203125
78216,0.133911132812
78217,0.134155273438
78218,0.143798828125
78219,0.142944335938
78220,0.13916015625
78221,0.139038085938
78222,0.130249023438
78223,0.131591796875
78224,0.129028320312
78225,0.128784179688
78226,0.128540039062
78227,0.128051757812
78228,0.1337890625
78229,0.132202148438
78230,0.129272460938
78231,0.129272460938
78232,0.1298828125
78233,0.135009765625
78234,0.128662109375
78235,0.138061523438
78236,0.134033203125
78237,0.150024414062
78238,0.1298828125
78239,0.131469726562
78240,0.154663085938
78241,0.134033203125
78242,0.124389648438
78243,0.124145507812
78244,0.122924804688
78245,0.123962402344
78246,0.128051757812
78247,0.127807617188
78248,0.12939453125
78249,0.15185546875
78250,0.129028320312
78251,0.127319335938
78252,0.128295898438
78253,0.1279296875
78254,0.130126953125
78255,0.149658203125
78256,0.154418945312
78257,0.1552734375
78258,0.130737304688
78259,0.1298828125
78260,0.128295898438
78261,0.130004882812
78262,0.1298828125
78263,0.1318359375
78264,0.127197265625
78265,0.126708984375
78266,0.131591796875
78267,0.129516601562
78268,0.140502929688
78269,0.14013671875
78270,0.13818359375
78271,0.136474609375
78272,0.140991210938
78273,0.14208984375
78274,0.132568359375
78275,0.131958007812
78276,0.130249023438
78277,0.128784179688
78278,0.132080078125
78279,0.131469726562
78280,0.131713867188
78281,0.135864257812
78282,0.1298828125
78283,0.130493164062
78284,0.1298828125
78285,0.130004882812
78286,0.136840820312
78287,0.129150390625
78288,0.12939453125
78289,0.1484375
78290,0.138061523438
78291,0.149291992188
78292,0.148681640625
78293,0.141479492188
78294,0.135375976562
78295,0.136352539062
78296,0.129150390625
78297,0.129760742188
78298,0.139282226562
78299,0.138427734375
78300,0.1376953125
78301,0.138305664062
78302,0.137573242188
