4,0.0
5,0.0
6,0.0
7,0.0
8,0.0
9,0.0
10,0.0
11,0.0
12,0.00235748291016
13,0.00412368774414
14,0.00588607788086
15,0.00674057006836
16,0.00759887695312
17,0.00811004638672
18,0.00870513916016
19,0.0
20,0.0577087402344
21,0.0692138671875
22,0.0906982421875
23,0.0877685546875
24,0.0979614257812
25,0.105102539062
26,0.109985351562
27,0.0
28,0.0530395507812
29,0.0609741210938
30,0.0830078125
31,0.083740234375
32,0.0906372070312
33,0.0945434570312
34,0.0947875976562
35,0.0
36,0.0487060546875
37,0.05712890625
38,0.078857421875
39,0.0808715820312
40,0.09130859375
41,0.093994140625
42,0.093505859375
43,0.0
44,0.0404357910156
45,0.0548706054688
46,0.072509765625
47,0.0801391601562
48,0.0880737304688
49,0.0905151367188
50,0.0926513671875
51,0.0
52,0.0398254394531
53,0.0547790527344
54,0.0726928710938
55,0.0784912109375
56,0.08251953125
57,0.0897827148438
58,0.0907592773438
59,0.0
60,0.0357666015625
61,0.0528869628906
62,0.0671997070312
63,0.0733032226562
64,0.0781860351562
65,0.0828247070312
66,0.0859985351562
67,0.0
68,0.0337829589844
69,0.0464477539062
70,0.0650634765625
71,0.0726928710938
72,0.0789794921875
73,0.0849609375
74,0.0823974609375
75,0.0
76,0.0297546386719
77,0.04296875
78,0.0608825683594
79,0.0692138671875
80,0.0723876953125
81,0.077392578125
82,0.0870361328125
83,0.0
84,0.0272521972656
85,0.0424194335938
86,0.0585021972656
87,0.0645141601562
88,0.0711059570312
89,0.0775756835938
90,0.0781860351562
91,0.0
92,0.0240020751953
93,0.0379943847656
94,0.0547485351562
95,0.06298828125
96,0.0692749023438
97,0.0704956054688
98,0.0780029296875
99,0.0
100,0.0244140625
101,0.0340881347656
102,0.0480651855469
103,0.0586547851562
104,0.0679321289062
105,0.0680541992188
106,0.0750732421875
107,0.0
108,0.0221405029297
109,0.0335693359375
110,0.0457153320312
111,0.0520324707031
112,0.0599060058594
113,0.067138671875
114,0.0728149414062
115,0.0
116,0.0242309570312
117,0.0409240722656
118,0.0490417480469
119,0.0562744140625
120,0.0681762695312
121,0.0675659179688
122,0.0687866210938
123,0.0
124,0.0231323242188
125,0.0366821289062
126,0.0467834472656
127,0.0522766113281
128,0.0564880371094
129,0.0603942871094
130,0.0674438476562
131,0.0
132,0.0183868408203
133,0.033447265625
134,0.0421752929688
135,0.0504455566406
136,0.0625610351562
137,0.0621337890625
138,0.0675659179688
139,0.0
140,0.0195922851562
141,0.03076171875
142,0.0457763671875
143,0.0520935058594
144,0.0601806640625
145,0.06884765625
146,0.0662841796875
147,0.0
148,0.0209197998047
149,0.0342712402344
150,0.0488586425781
151,0.0516967773438
152,0.0595703125
153,0.0697021484375
154,0.06689453125
155,0.0
156,0.0194854736328
157,0.0321655273438
158,0.0404968261719
159,0.0488586425781
160,0.0566711425781
161,0.0632934570312
162,0.0687866210938
163,0.0
164,0.0182952880859
165,0.0303192138672
166,0.0434875488281
167,0.0481262207031
168,0.0608520507812
169,0.0636596679688
170,0.064208984375
171,0.0
172,0.0199432373047
173,0.0314331054688
174,0.0386047363281
175,0.0480651855469
176,0.0516357421875
177,0.0615844726562
178,0.0624084472656
179,0.0
180,0.0164489746094
181,0.0307769775391
182,0.0435180664062
183,0.0528869628906
184,0.0593872070312
185,0.068359375
186,0.06884765625
187,0.0
188,0.0170135498047
189,0.0293426513672
190,0.038818359375
191,0.0460815429688
192,0.0603332519531
193,0.0642700195312
194,0.0703735351562
195,0.0
196,0.0162963867188
197,0.0282897949219
198,0.0464172363281
199,0.0562438964844
200,0.0588073730469
201,0.0650024414062
202,0.068603515625
203,0.0
204,0.0144805908203
205,0.0254669189453
206,0.0410461425781
207,0.0492858886719
208,0.0569152832031
209,0.0626220703125
210,0.0736083984375
211,0.0
212,0.0169219970703
213,0.0250244140625
214,0.0337524414062
215,0.0408935546875
216,0.04638671875
217,0.0523986816406
218,0.0596008300781
219,0.0
220,0.0157775878906
221,0.0267486572266
222,0.0394592285156
223,0.0496215820312
224,0.057373046875
225,0.0609436035156
226,0.0609741210938
227,0.0
228,0.0152206420898
229,0.0231323242188
230,0.0325317382812
231,0.0379638671875
232,0.0491027832031
233,0.0487365722656
234,0.0606384277344
235,0.0
236,0.0182189941406
237,0.0298614501953
238,0.0445251464844
239,0.0496826171875
240,0.0515747070312
241,0.0584411621094
242,0.0661010742188
243,0.0
244,0.0154571533203
245,0.0260772705078
246,0.03662109375
247,0.0401916503906
248,0.0490112304688
249,0.0531311035156
250,0.058349609375
251,0.0
252,0.0176696777344
253,0.0287475585938
254,0.0415954589844
255,0.05126953125
256,0.0530700683594
257,0.0637817382812
258,0.0689697265625
259,0.0
260,0.0184326171875
261,0.0269927978516
262,0.0374145507812
263,0.0489501953125
264,0.0510864257812
265,0.0570068359375
266,0.0624389648438
267,0.0
268,0.0184020996094
269,0.0281524658203
270,0.0408020019531
271,0.0469665527344
272,0.055419921875
273,0.0589294433594
274,0.064208984375
275,0.0
276,0.0162963867188
277,0.0241546630859
278,0.0357666015625
279,0.0453186035156
280,0.0533447265625
281,0.0561828613281
282,0.0581359863281
283,0.0
284,0.0163116455078
285,0.0215606689453
286,0.03076171875
287,0.0379028320312
288,0.0442504882812
289,0.0497436523438
290,0.0578308105469
291,0.0
292,0.0188903808594
293,0.0292816162109
294,0.0374450683594
295,0.0424194335938
296,0.0512084960938
297,0.0573120117188
298,0.0566711425781
299,0.0
300,0.0154876708984
301,0.0244140625
302,0.0355834960938
303,0.0458679199219
304,0.0511779785156
305,0.0575866699219
306,0.0617065429688
307,0.0
308,0.014533996582
309,0.0283813476562
310,0.0422668457031
311,0.0440673828125
312,0.0493774414062
313,0.0575561523438
314,0.0661010742188
315,0.0
316,0.0136642456055
317,0.0262756347656
318,0.0354919433594
319,0.0437622070312
320,0.0521850585938
321,0.0562438964844
322,0.0661010742188
323,0.0
324,0.0190582275391
325,0.0313720703125
326,0.0387878417969
327,0.0451049804688
328,0.0540161132812
329,0.0576477050781
330,0.065673828125
331,0.0
332,0.0158386230469
333,0.0281829833984
334,0.0386962890625
335,0.0506896972656
336,0.0589904785156
337,0.0665893554688
338,0.0611877441406
339,0.0
340,0.0144271850586
341,0.0217895507812
342,0.0299377441406
343,0.0350646972656
344,0.0448608398438
345,0.051025390625
346,0.0557250976562
347,0.0
348,0.0139389038086
349,0.0249328613281
350,0.0357055664062
351,0.0408935546875
352,0.0516052246094
353,0.0578002929688
354,0.0580749511719
355,0.0
356,0.014404296875
357,0.0251007080078
358,0.0364379882812
359,0.0474548339844
360,0.0519714355469
361,0.0526428222656
362,0.0635375976562
363,0.0
364,0.0123062133789
365,0.0188751220703
366,0.0294952392578
367,0.0375671386719
368,0.0532836914062
369,0.0549621582031
370,0.0558471679688
371,0.0
372,0.0147018432617
373,0.0224151611328
374,0.0305480957031
375,0.0417175292969
376,0.0458374023438
377,0.0526428222656
378,0.0549011230469
379,0.0
380,0.0142822265625
381,0.0243530273438
382,0.0339050292969
383,0.0451354980469
384,0.0501403808594
385,0.0555114746094
386,0.0578918457031
387,0.0
388,0.0161895751953
389,0.0261077880859
390,0.0343627929688
391,0.0442504882812
392,0.0477905273438
393,0.0528869628906
394,0.0595397949219
395,0.0
396,0.0135269165039
397,0.0215759277344
398,0.0325012207031
399,0.0374450683594
400,0.0452880859375
401,0.0519409179688
402,0.0574035644531
403,0.0
404,0.0144348144531
405,0.0244445800781
406,0.0325317382812
407,0.0401611328125
408,0.0502014160156
409,0.0538635253906
410,0.0585632324219
411,0.0
412,0.0118179321289
413,0.0233306884766
414,0.0346374511719
415,0.0379638671875
416,0.0484924316406
417,0.0523376464844
418,0.0604248046875
419,0.0
420,0.0157470703125
421,0.0234069824219
422,0.0323486328125
423,0.0389099121094
424,0.0524597167969
425,0.0600280761719
426,0.065185546875
427,0.0
428,0.0121841430664
429,0.0240631103516
430,0.0321044921875
431,0.0441284179688
432,0.051025390625
433,0.0535583496094
434,0.0616760253906
435,0.0
436,0.0145645141602
437,0.0265808105469
438,0.034423828125
439,0.0425109863281
440,0.0435180664062
441,0.0491333007812
442,0.0568542480469
443,0.0
444,0.0100936889648
445,0.0202331542969
446,0.0292205810547
447,0.0406799316406
448,0.0497436523438
449,0.0530090332031
450,0.0574951171875
451,0.0
452,0.0136184692383
453,0.0215606689453
454,0.0294189453125
455,0.0382080078125
456,0.0428161621094
457,0.0472717285156
458,0.0492248535156
459,0.0
460,0.0149307250977
461,0.0305938720703
462,0.0411987304688
463,0.0456848144531
464,0.0506896972656
465,0.0570678710938
466,0.064208984375
467,0.0
468,0.0109481811523
469,0.0196990966797
470,0.0288391113281
471,0.0355224609375
472,0.0437622070312
473,0.0483093261719
474,0.0540161132812
475,0.0
476,0.0117721557617
477,0.0229034423828
478,0.0301513671875
479,0.0433044433594
480,0.0458374023438
481,0.0521545410156
482,0.0588684082031
483,0.0
484,0.0107116699219
485,0.0223541259766
486,0.036376953125
487,0.0394287109375
488,0.0488586425781
489,0.0601501464844
490,0.0558166503906
491,0.0
492,0.0106735229492
493,0.0198211669922
494,0.0283813476562
495,0.0379638671875
496,0.0454711914062
497,0.048095703125
498,0.0558776855469
499,0.0
500,0.0127410888672
501,0.0234985351562
502,0.0336303710938
503,0.0401000976562
504,0.0480651855469
505,0.0505065917969
506,0.0573120117188
507,0.0
508,0.0157012939453
509,0.0231018066406
510,0.0309448242188
511,0.0397338867188
512,0.0493774414062
513,0.0558166503906
514,0.0584716796875
515,0.0
516,0.0168609619141
517,0.0289916992188
518,0.04052734375
519,0.0463562011719
520,0.0556030273438
521,0.0558166503906
522,0.0614318847656
523,0.0
524,0.0152359008789
525,0.0263519287109
526,0.0345458984375
527,0.046875
528,0.0523681640625
529,0.0518798828125
530,0.0557556152344
531,0.0
532,0.0164794921875
533,0.0218963623047
534,0.031494140625
535,0.0434875488281
536,0.0516967773438
537,0.0578308105469
538,0.0615234375
539,0.0
540,0.013786315918
541,0.0278015136719
542,0.04248046875
543,0.04638671875
544,0.0534362792969
545,0.0533142089844
546,0.05322265625
547,0.0
548,0.0125503540039
549,0.0253143310547
550,0.0313415527344
551,0.0384216308594
552,0.0450744628906
553,0.0481872558594
554,0.0557250976562
555,0.0
556,0.0113983154297
557,0.023681640625
558,0.0330200195312
559,0.0438232421875
560,0.0484313964844
561,0.0477905273438
562,0.0531005859375
563,0.0
564,0.0131225585938
565,0.0221252441406
566,0.0324401855469
567,0.0437622070312
568,0.0472106933594
569,0.0517578125
570,0.05712890625
571,0.0
572,0.00959777832031
573,0.0207824707031
574,0.0350646972656
575,0.0444030761719
576,0.0566101074219
577,0.0559692382812
578,0.0583801269531
579,0.0
580,0.0121765136719
581,0.0241546630859
582,0.0304565429688
583,0.0380554199219
584,0.0481872558594
585,0.0538940429688
586,0.0628051757812
587,0.0
588,0.0171661376953
589,0.0285034179688
590,0.0408630371094
591,0.0487976074219
592,0.0552062988281
593,0.0580749511719
594,0.058349609375
595,0.0
596,0.00882720947266
597,0.0204162597656
598,0.0298614501953
599,0.0339965820312
600,0.0403442382812
601,0.0487365722656
602,0.0542602539062
603,0.0
604,0.00987243652344
605,0.0170440673828
606,0.0241546630859
607,0.0337524414062
608,0.0418090820312
609,0.0445556640625
610,0.0515441894531
611,0.0
612,0.0128555297852
613,0.0215148925781
614,0.0322570800781
615,0.0375061035156
616,0.0419006347656
617,0.0506896972656
618,0.0522155761719
619,0.0
620,0.0106048583984
621,0.0249328613281
622,0.0343017578125
623,0.0433044433594
624,0.0505065917969
625,0.0512084960938
626,0.0584411621094
627,0.0
628,0.0131759643555
629,0.0228424072266
630,0.03369140625
631,0.0389099121094
632,0.0462036132812
633,0.049072265625
634,0.0547180175781
635,0.0
636,0.0132904052734
637,0.0209197998047
638,0.0316162109375
639,0.0419921875
640,0.0455322265625
641,0.0511169433594
642,0.0537414550781
643,0.0
644,0.0117034912109
645,0.0274353027344
646,0.0359191894531
647,0.0422973632812
648,0.0462646484375
649,0.0521240234375
650,0.0577087402344
651,0.0
652,0.0100479125977
653,0.0192565917969
654,0.0259094238281
655,0.0354614257812
656,0.0417785644531
657,0.0471801757812
658,0.0543518066406
659,0.0
660,0.0136032104492
661,0.0289764404297
662,0.0382690429688
663,0.0503540039062
664,0.0497131347656
665,0.0494995117188
666,0.059326171875
667,0.0
668,0.00777053833008
669,0.0165557861328
670,0.0261077880859
671,0.0330200195312
672,0.0436706542969
673,0.0478820800781
674,0.0586547851562
675,0.0
676,0.00984191894531
677,0.0208587646484
678,0.0296630859375
679,0.0334777832031
680,0.0481262207031
681,0.0554504394531
682,0.0616760253906
683,0.0
684,0.011604309082
685,0.0238494873047
686,0.0324401855469
687,0.0385131835938
688,0.0424499511719
689,0.0489807128906
690,0.0541381835938
691,0.0
692,0.0133743286133
693,0.0240631103516
694,0.0299224853516
695,0.0429382324219
696,0.0493469238281
697,0.0550842285156
698,0.0571899414062
699,0.0
700,0.0105743408203
701,0.0193176269531
702,0.0273132324219
703,0.0409851074219
704,0.0484619140625
705,0.04931640625
706,0.056396484375
707,0.0
708,0.0105667114258
709,0.0207672119141
710,0.0305786132812
711,0.0399475097656
712,0.0512084960938
713,0.052001953125
714,0.0599670410156
715,0.0
716,0.00924682617188
717,0.0186309814453
718,0.0258941650391
719,0.0364379882812
720,0.0386657714844
721,0.0413513183594
722,0.0503540039062
723,0.0
724,0.0123138427734
725,0.0198822021484
726,0.0344848632812
727,0.0370178222656
728,0.043212890625
729,0.052734375
730,0.0538635253906
731,0.0
732,0.0131988525391
733,0.0218505859375
734,0.0277252197266
735,0.032470703125
736,0.0396728515625
737,0.0406188964844
738,0.04736328125
739,0.0
740,0.0124435424805
741,0.0235748291016
742,0.0329895019531
743,0.0428771972656
744,0.0443420410156
745,0.0520935058594
746,0.0534362792969
747,0.0
748,0.0120010375977
749,0.0240173339844
750,0.0401916503906
751,0.0570678710938
752,0.0588073730469
753,0.065673828125
754,0.0609130859375
755,0.0
756,0.0104598999023
757,0.0229644775391
758,0.0267944335938
759,0.0358276367188
760,0.0406494140625
761,0.0496215820312
762,0.0560302734375
763,0.0
764,0.00672912597656
765,0.0165710449219
766,0.0262756347656
767,0.0332336425781
768,0.0412902832031
769,0.0459899902344
770,0.050537109375
771,0.0
772,0.00871276855469
773,0.0179290771484
774,0.0289916992188
775,0.0398864746094
776,0.0498352050781
777,0.0493774414062
778,0.0523376464844
779,0.0
780,0.00798034667969
781,0.0218658447266
782,0.0343627929688
783,0.0457763671875
784,0.0521240234375
786,0.0513000488281
787,0.05908203125
788,0.0
789,0.0130157470703
790,0.0220642089844
791,0.0281829833984
792,0.0362243652344
793,0.0439147949219
794,0.05078125
795,0.0606079101562
796,0.0
797,0.0123138427734
798,0.0202941894531
799,0.0278167724609
800,0.03662109375
801,0.0419311523438
802,0.0466613769531
803,0.054443359375
804,0.0
805,0.0107345581055
806,0.0270843505859
807,0.0382690429688
808,0.0536499023438
809,0.0564270019531
810,0.0616455078125
811,0.0593566894531
812,0.0
813,0.00740814208984
814,0.0169525146484
815,0.0246276855469
816,0.032470703125
817,0.0375366210938
818,0.0434875488281
819,0.0496215820312
820,0.0
821,0.00907897949219
822,0.0188751220703
823,0.0230407714844
824,0.036376953125
825,0.0366516113281
826,0.0449829101562
827,0.047119140625
828,0.0
829,0.00725936889648
830,0.0154113769531
831,0.0240173339844
832,0.0310211181641
833,0.0363159179688
834,0.0467224121094
835,0.0571899414062
836,0.0
837,0.0155792236328
838,0.0303039550781
839,0.0445861816406
840,0.0522155761719
841,0.0535888671875
842,0.0517578125
843,0.0580139160156
844,0.0
845,0.0104598999023
846,0.0255737304688
847,0.0314025878906
848,0.0388793945312
849,0.0512390136719
850,0.0498352050781
851,0.0512084960938
852,0.0
853,0.0115966796875
854,0.0194854736328
855,0.0250396728516
856,0.0327453613281
857,0.0426635742188
858,0.0469970703125
859,0.0576171875
860,0.0
861,0.00732040405273
862,0.0173034667969
863,0.0214996337891
864,0.0277862548828
865,0.0369873046875
866,0.0445556640625
867,0.0515441894531
868,0.0
869,0.0121307373047
870,0.0195159912109
871,0.0334167480469
872,0.0404357910156
873,0.0467834472656
874,0.0569152832031
875,0.0572509765625
876,0.0
877,0.00907135009766
878,0.0172424316406
879,0.0280609130859
880,0.034912109375
881,0.037353515625
882,0.0473327636719
883,0.0479431152344
884,0.0
885,0.00660705566406
886,0.0136108398438
887,0.0227508544922
888,0.0283660888672
889,0.034912109375
890,0.044189453125
891,0.0501098632812
892,0.0
893,0.00998687744141
894,0.0179138183594
895,0.0240783691406
896,0.0341186523438
897,0.0397033691406
898,0.0409240722656
899,0.0426940917969
900,0.0
901,0.0135955810547
902,0.0256805419922
903,0.0349426269531
904,0.0466918945312
905,0.0411376953125
906,0.0467834472656
907,0.0482482910156
908,0.0
909,0.00881195068359
910,0.0188140869141
911,0.02734375
912,0.0342407226562
913,0.0446166992188
914,0.047119140625
915,0.0454406738281
916,0.0
917,0.00772476196289
918,0.0189208984375
919,0.0286560058594
920,0.0397338867188
921,0.0461730957031
922,0.0503540039062
923,0.0585021972656
924,0.0
925,0.00741195678711
926,0.0182189941406
927,0.0259399414062
928,0.0333557128906
929,0.0413208007812
930,0.0433349609375
931,0.0452270507812
932,0.0
933,0.00614166259766
934,0.0157928466797
935,0.0245056152344
936,0.0326843261719
937,0.0425720214844
938,0.0436706542969
939,0.0516052246094
940,0.0
941,0.00744247436523
942,0.0211181640625
943,0.0294494628906
944,0.0357666015625
945,0.0351257324219
946,0.042724609375
947,0.0468444824219
948,0.0
949,0.010986328125
950,0.0228881835938
951,0.0307006835938
952,0.04248046875
953,0.0578002929688
954,0.0610656738281
955,0.0614624023438
956,0.0
957,0.00919342041016
958,0.0184478759766
959,0.0303192138672
960,0.0373840332031
961,0.0385437011719
962,0.0422973632812
963,0.0521545410156
964,0.0
965,0.00782012939453
966,0.020751953125
967,0.0313415527344
968,0.0367126464844
969,0.0442810058594
970,0.0525817871094
971,0.0591125488281
972,0.0
973,0.00572967529297
974,0.0175170898438
975,0.0233154296875
976,0.0351867675781
977,0.0456237792969
978,0.0508728027344
979,0.0559692382812
980,0.0
981,0.0084228515625
982,0.0248565673828
983,0.0287628173828
984,0.0339050292969
985,0.0451049804688
986,0.0448608398438
987,0.0514831542969
988,0.0
989,0.00541305541992
990,0.0146942138672
991,0.0209808349609
992,0.0270843505859
993,0.0314636230469
994,0.0387573242188
995,0.0372924804688
996,0.0
997,0.0131301879883
998,0.0191497802734
999,0.0247039794922
1000,0.0366821289062
1001,0.041015625
1002,0.0494689941406
1003,0.0550842285156
1004,0.0
1005,0.00671005249023
1006,0.0177764892578
1007,0.0279846191406
1008,0.037109375
1009,0.0497436523438
1010,0.0538940429688
1011,0.0578918457031
1012,0.0
1013,0.0110397338867
1014,0.0179443359375
1015,0.0224609375
1016,0.031982421875
1017,0.0449523925781
1018,0.0506896972656
1019,0.0400390625
1020,0.0
1021,0.00647735595703
1022,0.0126037597656
1023,0.0210113525391
1024,0.02587890625
1025,0.0367736816406
1026,0.0390930175781
1027,0.0461120605469
1028,0.0
1029,0.00851440429688
1030,0.0146865844727
1031,0.0236663818359
1032,0.0367736816406
1033,0.0429992675781
1034,0.0474548339844
1035,0.0558776855469
1036,0.0
1037,0.00818634033203
1038,0.0164794921875
1039,0.022705078125
1040,0.032470703125
1041,0.0338745117188
1042,0.0416564941406
1043,0.0482788085938
1044,0.0
1045,0.00981903076172
1046,0.0236511230469
1047,0.0263519287109
1048,0.033935546875
1049,0.0388793945312
1050,0.0481567382812
1051,0.0484008789062
1052,0.0
1053,0.0104141235352
1054,0.016357421875
1055,0.0233764648438
1056,0.0380859375
1057,0.0418395996094
1058,0.0366516113281
1059,0.0455932617188
1060,0.0
1061,0.00527954101562
1062,0.0149993896484
1063,0.0251312255859
1064,0.0365600585938
1065,0.0404663085938
1066,0.0464477539062
1067,0.0504455566406
1068,0.0
1069,0.00754928588867
1070,0.0160980224609
1071,0.0269317626953
1072,0.0343933105469
1073,0.0417785644531
1074,0.0481567382812
1075,0.0592651367188
1076,0.0
1077,0.00830841064453
1078,0.0185089111328
1079,0.0288848876953
1080,0.0320739746094
1081,0.0360107421875
1082,0.0475463867188
1083,0.0568237304688
1084,0.0
1085,0.00788116455078
1086,0.0183410644531
1087,0.0263977050781
1088,0.0377502441406
1089,0.0328369140625
1090,0.035400390625
1091,0.0400390625
1092,0.0
1093,0.00707244873047
1094,0.0148773193359
1095,0.0209350585938
1096,0.0278625488281
1097,0.0332641601562
1098,0.0416564941406
1099,0.0496520996094
1100,0.0
1101,0.00738906860352
1102,0.0138854980469
1103,0.023681640625
1104,0.031982421875
1105,0.0364379882812
1106,0.0398864746094
1107,0.0430603027344
1108,0.0
1109,0.00762939453125
1110,0.0169830322266
1111,0.0213317871094
1112,0.032470703125
1113,0.0307006835938
1114,0.0397033691406
1115,0.0515747070312
1116,0.0
1117,0.00778579711914
1118,0.0160522460938
1119,0.0267791748047
1120,0.0361938476562
1121,0.0374755859375
1122,0.0403137207031
1123,0.0452880859375
1124,0.0
1125,0.00837707519531
1126,0.0178070068359
1127,0.0294036865234
1128,0.0354919433594
1129,0.0390319824219
1130,0.0403442382812
1131,0.0483703613281
1132,0.0
1133,0.00754165649414
1134,0.0152893066406
1135,0.0264434814453
1136,0.0338134765625
1137,0.03564453125
1138,0.0394287109375
1139,0.0463256835938
1140,0.0
1141,0.00873565673828
1142,0.0206451416016
1143,0.0340576171875
1144,0.0375366210938
1145,0.0373840332031
1146,0.0466003417969
1147,0.0510559082031
1148,0.0
1149,0.0068244934082
1150,0.0155715942383
1151,0.0248565673828
1152,0.0294036865234
1153,0.0360412597656
1154,0.0415344238281
1155,0.0466003417969
1156,0.0
1157,0.00832366943359
1158,0.0131912231445
1159,0.0225067138672
1160,0.0274963378906
1161,0.0325012207031
1162,0.0410461425781
1163,0.046142578125
1164,0.0
1165,0.011344909668
1166,0.0209503173828
1167,0.0289306640625
1168,0.0374755859375
1169,0.0390319824219
1170,0.0411987304688
1171,0.0444946289062
1172,0.0
1173,0.00635147094727
1174,0.0132827758789
1175,0.0206604003906
1176,0.0341796875
1177,0.0397644042969
1178,0.0389404296875
1179,0.0416870117188
1180,0.0
1181,0.00727844238281
1182,0.0169677734375
1183,0.027587890625
1184,0.0343627929688
1185,0.0404968261719
1186,0.0414733886719
1187,0.038818359375
1188,0.0
1189,0.00832366943359
1190,0.0200347900391
1191,0.0292205810547
1192,0.0370178222656
1193,0.0437927246094
1194,0.0462951660156
1195,0.051513671875
1196,0.0
1197,0.00607681274414
1198,0.0123901367188
1199,0.0240631103516
1200,0.0348815917969
1201,0.0409545898438
1202,0.0466003417969
1203,0.0500793457031
1204,0.0
1205,0.00604248046875
1206,0.013801574707
1207,0.0173034667969
1208,0.0240936279297
1209,0.0343933105469
1210,0.0387268066406
1211,0.0449523925781
1212,0.0
1213,0.00888824462891
1214,0.0172576904297
1215,0.0249633789062
1216,0.0281372070312
1217,0.0288238525391
1218,0.0357055664062
1219,0.0420532226562
1220,0.0
1221,0.00466918945312
1222,0.0119018554688
1223,0.0154266357422
1224,0.0220794677734
1225,0.0298309326172
1226,0.0331115722656
1227,0.0362243652344
1228,0.0
1229,0.00844573974609
1230,0.0157318115234
1231,0.0201873779297
1232,0.0242309570312
1233,0.0310974121094
1234,0.031982421875
1235,0.0337829589844
1236,0.0
1237,0.00726699829102
1238,0.0156021118164
1239,0.0220642089844
1240,0.029052734375
1241,0.0435180664062
1242,0.0460815429688
1243,0.0555419921875
1244,0.0
1245,0.00675201416016
1246,0.0166778564453
1247,0.0309600830078
1248,0.0404968261719
1249,0.0498657226562
1250,0.0517883300781
1251,0.0424499511719
1252,0.0
1253,0.0114517211914
1254,0.0244750976562
1255,0.0311431884766
1256,0.0390319824219
1257,0.0444946289062
1258,0.0506286621094
1259,0.0397033691406
1260,0.0
1261,0.00728988647461
1262,0.0185852050781
1263,0.0273895263672
1264,0.0381774902344
1265,0.0490112304688
1266,0.0604248046875
1267,0.0619812011719
1268,0.0
1269,0.00611114501953
1270,0.0142211914062
1271,0.0231475830078
1272,0.025146484375
1273,0.0359497070312
1274,0.0483093261719
1275,0.0466003417969
1276,0.0
1277,0.00612640380859
1278,0.0146484375
1279,0.0193481445312
1280,0.0211486816406
1281,0.0264892578125
1282,0.0356140136719
1283,0.0448608398438
1284,0.0
1285,0.00725936889648
1286,0.0163421630859
1287,0.0226135253906
1288,0.0308380126953
1289,0.0379333496094
1290,0.0445861816406
1291,0.0435791015625
1292,0.0
1293,0.00809478759766
1294,0.0129470825195
1295,0.0201873779297
1296,0.0276031494141
1297,0.0288543701172
1298,0.0334167480469
1299,0.0415344238281
1300,0.0
1301,0.00547790527344
1302,0.0122756958008
1303,0.0144119262695
1304,0.0206451416016
1305,0.0244140625
1306,0.0348510742188
1307,0.0454711914062
1308,0.0
1309,0.00603103637695
1310,0.0114593505859
1311,0.0169219970703
1312,0.029052734375
1313,0.0379638671875
1314,0.0393981933594
1315,0.0420837402344
1316,0.0
1317,0.00666046142578
1318,0.0135116577148
1319,0.0217132568359
1320,0.0280609130859
1321,0.0359497070312
1322,0.036865234375
1323,0.0424499511719
1324,0.0
1325,0.00629806518555
1326,0.0137100219727
1327,0.0217590332031
1328,0.0263214111328
1329,0.0271911621094
1330,0.0396728515625
1331,0.0429992675781
1332,0.0
1333,0.0147171020508
1334,0.0182037353516
1335,0.0353698730469
1336,0.0484313964844
1337,0.0628051757812
1338,0.0610046386719
1339,0.0721435546875
1340,0.0
1341,0.00553131103516
1342,0.0147552490234
1343,0.0260162353516
1344,0.0315856933594
1345,0.0360717773438
1346,0.0379943847656
1347,0.0437927246094
1348,0.0
1349,0.00525283813477
1350,0.0134735107422
1351,0.0252532958984
1352,0.0280151367188
1353,0.0336608886719
1354,0.0324401855469
1355,0.033935546875
1356,0.0
1357,0.00654220581055
1358,0.0171508789062
1359,0.0193939208984
1360,0.0244598388672
1361,0.0318603515625
1362,0.0273742675781
1363,0.0303192138672
1364,0.0
1365,0.00633239746094
1366,0.0142135620117
1367,0.0164184570312
1368,0.0236968994141
1369,0.0298614501953
1370,0.0324401855469
1371,0.0376281738281
1372,0.0
1373,0.00968933105469
1374,0.0171508789062
1375,0.0263061523438
1376,0.0350646972656
1377,0.0376281738281
1378,0.0455322265625
1379,0.05224609375
1380,0.0
1381,0.0104446411133
1382,0.0207061767578
1383,0.0267028808594
1384,0.0307769775391
1385,0.0348205566406
1386,0.0364990234375
1387,0.0387878417969
1388,0.0
1389,0.00634002685547
1390,0.0145034790039
1391,0.0157623291016
1392,0.0194244384766
1393,0.0271911621094
1394,0.0390930175781
1395,0.0456848144531
1396,0.0
1397,0.0089111328125
1398,0.0156707763672
1399,0.0218811035156
1400,0.0258483886719
1401,0.0299377441406
1402,0.0339050292969
1403,0.0335693359375
1404,0.0
1405,0.0091552734375
1406,0.0176696777344
1407,0.0237884521484
1408,0.0244140625
1409,0.0289306640625
1410,0.0365905761719
1411,0.0436401367188
1412,0.0
1413,0.00801086425781
1414,0.0165710449219
1415,0.0269165039062
1416,0.0315551757812
1417,0.0333862304688
1418,0.0490112304688
1419,0.0533142089844
1420,0.0
1421,0.00605773925781
1422,0.0135040283203
1423,0.0260772705078
1424,0.0265045166016
1425,0.0336303710938
1426,0.0311279296875
1427,0.0372619628906
1428,0.0
1429,0.00521850585938
1430,0.010871887207
1431,0.0184173583984
1432,0.0200653076172
1433,0.0248260498047
1434,0.0297241210938
1435,0.0307159423828
1436,0.0
1437,0.00831604003906
1438,0.0202178955078
1439,0.0298461914062
1440,0.032958984375
1441,0.0401306152344
1442,0.0503845214844
1443,0.0523986816406
1444,0.0
1445,0.00775527954102
1446,0.0122604370117
1447,0.0180816650391
1448,0.0205688476562
1449,0.0264434814453
1450,0.0335998535156
1451,0.0341491699219
1452,0.0
1453,0.00381851196289
1454,0.00807189941406
1455,0.0116882324219
1456,0.0207214355469
1457,0.0260467529297
1458,0.03271484375
1459,0.0357666015625
1460,0.0
1461,0.0059928894043
1462,0.0158081054688
1463,0.0164794921875
1464,0.0194854736328
1465,0.0229644775391
1466,0.0273742675781
1467,0.0356140136719
1468,0.0
1469,0.00658798217773
1470,0.0130386352539
1471,0.0192413330078
1472,0.0228576660156
1473,0.0287170410156
1474,0.035400390625
1475,0.0452880859375
1476,0.0
1477,0.00524520874023
1478,0.0100402832031
1479,0.0142288208008
1480,0.0221862792969
1481,0.0290832519531
1482,0.0329895019531
1483,0.0389709472656
1484,0.0
1485,0.00572204589844
1486,0.0124969482422
1487,0.0201721191406
1488,0.0239715576172
1489,0.0311126708984
1490,0.0349731445312
1491,0.0364990234375
1492,0.0
1493,0.00686645507812
1494,0.0136947631836
1495,0.0176696777344
1496,0.0232391357422
1497,0.0320739746094
1498,0.036865234375
1499,0.0372619628906
1500,0.0
1501,0.005615234375
1502,0.0110473632812
1503,0.0168762207031
1504,0.0222930908203
1505,0.0276794433594
1506,0.0308685302734
1507,0.0325012207031
1508,0.0
1509,0.00603103637695
1510,0.0135345458984
1511,0.0197448730469
1512,0.0322265625
1513,0.0335998535156
1514,0.0445861816406
1515,0.0491638183594
1516,0.0
1517,0.00415802001953
1518,0.00993347167969
1519,0.0133514404297
1520,0.0201110839844
1521,0.0291900634766
1522,0.0324096679688
1523,0.0393981933594
1524,0.0
1525,0.00502014160156
1526,0.0173492431641
1527,0.0201263427734
1528,0.029296875
1529,0.0323181152344
1530,0.0343017578125
1531,0.0364990234375
1532,0.0
1533,0.00802612304688
1534,0.0157775878906
1535,0.0212707519531
1536,0.0297393798828
1537,0.0350036621094
1538,0.0473937988281
1539,0.0531616210938
1540,0.0
1541,0.00542068481445
1542,0.0103759765625
1543,0.0178375244141
1544,0.0282287597656
1545,0.0392761230469
1546,0.0435180664062
1547,0.0555419921875
1548,0.0
1549,0.0102767944336
1550,0.0248565673828
1551,0.0269470214844
1552,0.0327758789062
1553,0.0363464355469
1554,0.0325012207031
1555,0.0363159179688
1556,0.0
1557,0.00522613525391
1558,0.0166931152344
1559,0.0186462402344
1560,0.0244598388672
1561,0.0318603515625
1562,0.0335693359375
1563,0.0426635742188
38319,0.01611328125
38320,0.0170288085938
38322,0.0157012939453
38323,0.0211944580078
38324,0.0
38325,0.00303077697754
38326,0.00743103027344
38327,0.010871887207
38328,0.0143356323242
38329,0.0184173583984
38330,0.0226745605469
38331,0.0254058837891
38332,0.0
38333,0.0039005279541
38334,0.00634384155273
38335,0.0112762451172
38336,0.0146484375
38337,0.0189666748047
38338,0.0209503173828
38339,0.0204772949219
38340,0.0
38341,0.00292205810547
38342,0.00705337524414
38343,0.0101852416992
38344,0.0114822387695
38345,0.0123519897461
38346,0.0160217285156
38347,0.0172119140625
38348,0.0
38349,0.00145721435547
38350,0.00618743896484
38351,0.0107574462891
38352,0.0121688842773
38353,0.0127639770508
38354,0.0168151855469
38355,0.0168151855469
38356,0.0
38357,0.00329780578613
38358,0.00451278686523
38359,0.00674438476562
38360,0.0074577331543
38361,0.0107269287109
38362,0.0117263793945
38363,0.0169219970703
38364,0.0
38365,0.0020694732666
38366,0.00654602050781
38367,0.00730514526367
38368,0.0121078491211
38369,0.0130233764648
38370,0.0131530761719
38371,0.0187835693359
38372,0.0
38373,0.00273895263672
38374,0.00595855712891
38375,0.00920867919922
38376,0.0102691650391
38377,0.0124816894531
38378,0.0147857666016
38379,0.0151748657227
38380,0.0
38381,0.00289344787598
38382,0.0047607421875
38383,0.00775527954102
38384,0.0105209350586
38385,0.0124130249023
38386,0.0132141113281
38387,0.0130615234375
38388,0.0
38389,0.00320625305176
38390,0.00607299804688
38391,0.00556182861328
38392,0.00868225097656
38393,0.0106048583984
38394,0.0126876831055
38395,0.0130996704102
38396,0.0
38397,0.00351142883301
38398,0.00543594360352
38399,0.00764083862305
38400,0.0114440917969
38401,0.0144577026367
38402,0.0200653076172
38403,0.0194091796875
38404,0.0
38405,0.00298881530762
38406,0.00702667236328
38407,0.00985717773438
38408,0.0136947631836
38409,0.0192108154297
38410,0.0208587646484
38411,0.0276794433594
38412,0.0
38413,0.00286674499512
38414,0.00475311279297
38415,0.00810241699219
38416,0.0113372802734
38417,0.0136642456055
38418,0.0175628662109
38419,0.0200042724609
38420,0.0
38421,0.00254821777344
38422,0.00555801391602
38423,0.00818634033203
38424,0.0103454589844
38425,0.014045715332
38426,0.0138092041016
38427,0.018798828125
38428,0.0
38429,0.00357055664062
38430,0.00607299804688
38431,0.00975036621094
38432,0.0147018432617
38433,0.0176696777344
38434,0.0216369628906
38435,0.0231323242188
38436,0.0
38437,0.00504302978516
38438,0.00707626342773
38439,0.0103988647461
38440,0.0114593505859
38441,0.0115814208984
38442,0.015625
38443,0.0197448730469
38444,0.0
38445,0.00341033935547
38446,0.00732040405273
38447,0.00913238525391
38448,0.0129623413086
38449,0.0162658691406
38450,0.0199432373047
38451,0.0215148925781
38452,0.0
38453,0.0030460357666
38454,0.00733947753906
38455,0.010368347168
38456,0.0112991333008
38457,0.0141677856445
38458,0.0164184570312
38459,0.0202484130859
38460,0.0
38461,0.00551223754883
38462,0.00923919677734
38463,0.0125885009766
38464,0.0165252685547
38465,0.0179901123047
38466,0.0206146240234
38467,0.0227508544922
38468,0.0
38469,0.00279998779297
38470,0.00624084472656
38471,0.00994110107422
38472,0.0128402709961
38473,0.0140533447266
38474,0.0174407958984
38475,0.01806640625
38476,0.0
38477,0.00223541259766
38478,0.00595092773438
38479,0.00806427001953
38480,0.0101318359375
38481,0.0126571655273
38482,0.0117645263672
38483,0.0138702392578
38484,0.0
38485,0.00460433959961
38486,0.00790405273438
38487,0.011589050293
38488,0.0127029418945
38489,0.0171966552734
38490,0.0201873779297
38491,0.0235443115234
38492,0.0
38493,0.0029125213623
38494,0.00520706176758
38495,0.00984954833984
38496,0.0141220092773
38497,0.016357421875
38498,0.0202789306641
38499,0.0197601318359
38500,0.0
38501,0.00359725952148
38502,0.00787353515625
38503,0.010986328125
38504,0.0161437988281
38505,0.0166625976562
38506,0.0223388671875
38507,0.0227355957031
38508,0.0
38509,0.00266647338867
38510,0.00843048095703
38511,0.0115737915039
38512,0.0121307373047
38513,0.0172424316406
38514,0.0172576904297
38515,0.0177764892578
38516,0.0
38517,0.00400924682617
38518,0.00885772705078
38519,0.0115661621094
38520,0.0146942138672
38521,0.0165710449219
38522,0.0187530517578
38523,0.0253295898438
38524,0.0
38525,0.00342178344727
38526,0.00788879394531
38527,0.0123443603516
38528,0.0148239135742
38529,0.0166015625
38530,0.0196685791016
38531,0.0221710205078
38532,0.0
38533,0.00241279602051
38534,0.00594329833984
38535,0.00847625732422
38536,0.0114288330078
38537,0.0136413574219
38538,0.0162200927734
38539,0.0209503173828
38540,0.0
38541,0.00537109375
38542,0.00991821289062
38543,0.0114059448242
38544,0.0160827636719
38545,0.0180969238281
38546,0.0230865478516
38547,0.0247650146484
38548,0.0
38549,0.003662109375
38550,0.00540542602539
38551,0.00936889648438
38552,0.00820922851562
38553,0.0112838745117
38554,0.0149612426758
38555,0.0156555175781
38556,0.0
38557,0.00382041931152
38558,0.00663375854492
38559,0.00780487060547
38560,0.00901031494141
38561,0.0106582641602
38562,0.0167236328125
38563,0.0180969238281
38564,0.0
38565,0.00456237792969
38566,0.00919342041016
38567,0.0110321044922
38568,0.0131072998047
38569,0.0152206420898
38570,0.0166625976562
38571,0.0183715820312
38572,0.0
38573,0.00383758544922
38574,0.00747299194336
38575,0.00935363769531
38576,0.0112762451172
38577,0.0149307250977
38578,0.015510559082
38579,0.0194854736328
38580,0.0
38581,0.00495529174805
38582,0.00722503662109
38583,0.0110244750977
38584,0.0162200927734
38585,0.0170593261719
38586,0.0215606689453
38587,0.0230407714844
38588,0.0
38589,0.00199317932129
38590,0.00464630126953
38591,0.00953674316406
38592,0.0126190185547
38593,0.0140838623047
38594,0.0174407958984
38595,0.0221862792969
38596,0.0
38597,0.00334930419922
38598,0.00567245483398
38599,0.00811767578125
38600,0.0141983032227
38601,0.0184936523438
38602,0.0226440429688
38603,0.0230712890625
38604,0.0
38605,0.0034236907959
38606,0.00498580932617
38607,0.0103988647461
38608,0.0161743164062
38609,0.016357421875
38610,0.0155944824219
38611,0.0171203613281
38612,0.0
38613,0.001953125
38614,0.006591796875
38615,0.010009765625
38616,0.0136489868164
38617,0.0151519775391
38618,0.015495300293
38619,0.0188446044922
38620,0.0
38621,0.00292587280273
38622,0.00703811645508
38623,0.00967407226562
38624,0.0139923095703
38625,0.0141525268555
38626,0.0167541503906
38627,0.0220947265625
38628,0.0
38629,0.00314903259277
38630,0.00619506835938
38631,0.00706481933594
38632,0.0108032226562
38633,0.0146560668945
38634,0.0163879394531
38635,0.0156402587891
38636,0.0
38637,0.00223922729492
38638,0.0059700012207
38639,0.0104675292969
38640,0.012580871582
38641,0.0144271850586
38642,0.0189056396484
38643,0.0210266113281
38644,0.0
38645,0.00274276733398
38646,0.00568008422852
38647,0.00807189941406
38648,0.0139312744141
38649,0.0170440673828
38650,0.0178070068359
38651,0.0173797607422
38652,0.0
38653,0.00351524353027
38654,0.00829315185547
38655,0.0115966796875
38656,0.0127258300781
38657,0.0178070068359
38658,0.018798828125
38659,0.0189361572266
38660,0.0
38661,0.00345039367676
38662,0.00657653808594
38663,0.0110855102539
38664,0.0114288330078
38665,0.0133666992188
38666,0.0169525146484
38667,0.0205078125
38668,0.0
38669,0.00329780578613
38670,0.00567626953125
38671,0.00862884521484
38672,0.0106048583984
38673,0.0164184570312
38674,0.0186157226562
38675,0.0235900878906
38676,0.0
38677,0.00393676757812
38678,0.00751495361328
38679,0.0115509033203
38680,0.0141983032227
38681,0.0165405273438
38682,0.0171051025391
38683,0.02392578125
38684,0.0
38685,0.00337600708008
38686,0.00645065307617
38687,0.0074577331543
38688,0.0100860595703
38689,0.0104827880859
38690,0.0144805908203
38691,0.0171508789062
38692,0.0
38693,0.00341606140137
38694,0.00683975219727
38695,0.0102691650391
38696,0.012451171875
38697,0.0144805908203
38698,0.0183715820312
38699,0.0206756591797
38700,0.0
38701,0.00606155395508
38702,0.00722122192383
38703,0.0108184814453
38704,0.0115966796875
38705,0.0141677856445
38706,0.0172271728516
38707,0.0193786621094
38708,0.0
38709,0.00235939025879
38710,0.00644302368164
38711,0.00772094726562
38712,0.0120697021484
38713,0.0151290893555
38714,0.0150909423828
38715,0.0156707763672
38716,0.0
38717,0.00236511230469
38718,0.00515747070312
38719,0.00727844238281
38720,0.0105743408203
38721,0.010856628418
38722,0.0113677978516
38723,0.0132293701172
38724,0.0
38725,0.00460052490234
38726,0.00634765625
38727,0.0130233764648
38728,0.014289855957
38729,0.0167388916016
38730,0.01953125
38731,0.0211791992188
38732,0.0
38733,0.00423812866211
38734,0.00662994384766
38735,0.00971984863281
38736,0.0154495239258
38737,0.0155639648438
38738,0.0183715820312
38739,0.0221252441406
38740,0.0
38741,0.00254821777344
38742,0.00734329223633
38743,0.0104522705078
38744,0.0122756958008
38745,0.0140075683594
38746,0.0187225341797
38747,0.0205841064453
38748,0.0
38749,0.00372505187988
38750,0.00827789306641
38751,0.0103759765625
38752,0.0115814208984
38753,0.0137634277344
38754,0.0176849365234
38755,0.0167694091797
38756,0.0
38757,0.00300598144531
38758,0.00680923461914
38759,0.00946807861328
38760,0.0106887817383
38761,0.0134201049805
38762,0.0160980224609
38763,0.0198211669922
38764,0.0
38765,0.00142669677734
38766,0.00439071655273
38767,0.00606155395508
38768,0.00758361816406
38769,0.00934600830078
38770,0.0125045776367
38771,0.013786315918
38772,0.0
38773,0.00256156921387
38774,0.00537490844727
38775,0.00662612915039
38776,0.00984191894531
38777,0.0127792358398
38778,0.0185089111328
38779,0.0183563232422
38780,0.0
38781,0.00288963317871
38782,0.00473403930664
38783,0.00914001464844
38784,0.0119400024414
38785,0.0116424560547
38786,0.0124740600586
38787,0.0172882080078
38788,0.0
38789,0.0020923614502
38790,0.00606155395508
38791,0.0121002197266
38792,0.015022277832
38793,0.0149230957031
38794,0.0169677734375
38795,0.0177764892578
38796,0.0
38797,0.00360298156738
38798,0.00808715820312
38799,0.0131912231445
38800,0.0157623291016
38801,0.0185699462891
38802,0.020263671875
38803,0.0231170654297
38804,0.0
38805,0.00279426574707
38806,0.0059814453125
38807,0.0104675292969
38808,0.0127716064453
38809,0.0137252807617
38810,0.0131759643555
38811,0.0135955810547
38812,0.0
38813,0.00284767150879
38814,0.00648880004883
38815,0.0106201171875
38816,0.011589050293
38817,0.0151977539062
38818,0.0208892822266
38819,0.0229339599609
38820,0.0
38821,0.00316429138184
38822,0.00580215454102
38823,0.008056640625
38824,0.0132141113281
38825,0.0147399902344
38826,0.0155792236328
38827,0.0173950195312
38828,0.0
38829,0.00350570678711
38830,0.00576782226562
38831,0.0104675292969
38832,0.0150756835938
38833,0.0155181884766
38834,0.0175476074219
38835,0.0189208984375
38836,0.0
38837,0.00238037109375
38838,0.00520324707031
38839,0.00803375244141
38840,0.0109100341797
38841,0.0150299072266
38842,0.0159912109375
38843,0.0202178955078
38844,0.0
38845,0.00298500061035
38846,0.006103515625
38847,0.00770568847656
38848,0.0131149291992
38849,0.016357421875
38850,0.0160064697266
38851,0.0192413330078
38852,0.0
38853,0.00539398193359
38854,0.00990295410156
38855,0.0119934082031
38856,0.0127182006836
38857,0.0140914916992
38858,0.0177154541016
38859,0.0183410644531
38860,0.0
38861,0.0035400390625
38862,0.00687408447266
38863,0.0126647949219
38864,0.0121078491211
38865,0.014274597168
38866,0.0175933837891
38867,0.0205078125
38868,0.0
38869,0.00381088256836
38870,0.0062255859375
38871,0.0112533569336
38872,0.0120849609375
38873,0.0149002075195
38874,0.0179901123047
38875,0.0197906494141
38876,0.0
38877,0.0029468536377
38878,0.00633239746094
38879,0.0113372802734
38880,0.0143814086914
38881,0.0186157226562
38882,0.02001953125
38883,0.0279083251953
38884,0.0
38885,0.00232696533203
38886,0.00637054443359
38887,0.0105056762695
38888,0.0147476196289
38889,0.01513671875
38890,0.0209197998047
38891,0.0258483886719
38892,0.0
38893,0.00582122802734
38894,0.0117416381836
38895,0.0144805908203
38896,0.0251007080078
38897,0.0211181640625
38898,0.0233764648438
38899,0.0283355712891
38900,0.0
38901,0.0028190612793
38902,0.00628280639648
38903,0.0104598999023
38904,0.0163879394531
38905,0.0209350585938
38906,0.0285034179688
38907,0.0256805419922
38908,0.0
38909,0.00467300415039
38910,0.00651931762695
38911,0.0126113891602
38912,0.0195770263672
38913,0.0272064208984
38914,0.0339050292969
38915,0.0379638671875
38916,0.0
38917,0.00383949279785
38918,0.0104675292969
38919,0.0162658691406
38920,0.0205383300781
38921,0.0242309570312
38922,0.0244598388672
38923,0.0249481201172
38924,0.0
38925,0.00267791748047
38926,0.00590133666992
38927,0.00952911376953
38928,0.0112762451172
38929,0.0158843994141
38930,0.0164184570312
38931,0.0172271728516
38932,0.0
38933,0.00455856323242
38934,0.00929260253906
38935,0.0118179321289
38936,0.0145034790039
38937,0.0152969360352
38938,0.0192718505859
38939,0.0232238769531
38940,0.0
38941,0.00391387939453
38942,0.00861358642578
38943,0.0117416381836
38944,0.0121917724609
38945,0.0134201049805
38946,0.0149917602539
38947,0.015380859375
38948,0.0
38949,0.00360679626465
38950,0.00607681274414
38951,0.0120162963867
38952,0.0139465332031
38953,0.0143508911133
38954,0.0161285400391
38955,0.0186614990234
38956,0.0
38957,0.00323104858398
38958,0.00529098510742
38959,0.00880432128906
38960,0.0101928710938
38961,0.0123977661133
38962,0.013916015625
38963,0.0193786621094
38964,0.0
38965,0.00376319885254
38966,0.00667572021484
38967,0.00952911376953
38968,0.0149307250977
38969,0.0121688842773
38970,0.0152740478516
38971,0.0204467773438
38972,0.0
38973,0.00351715087891
38974,0.00691986083984
38975,0.0109252929688
38976,0.0137176513672
38977,0.0171203613281
38978,0.0181121826172
38979,0.0194854736328
38980,0.0
38981,0.00459671020508
38982,0.00838470458984
38983,0.00967407226562
38984,0.0140838623047
38985,0.0154571533203
38986,0.0170135498047
38987,0.0209655761719
38988,0.0
38989,0.00388717651367
38990,0.00678253173828
38991,0.0111923217773
38992,0.0159606933594
38993,0.0175628662109
38994,0.01611328125
38995,0.0172271728516
38996,0.0
38997,0.00212478637695
38998,0.00420379638672
38999,0.00958251953125
39000,0.012565612793
39001,0.0154342651367
39002,0.0170440673828
39003,0.0232849121094
39004,0.0
39005,0.00381469726562
39006,0.00821685791016
39007,0.0140075683594
39008,0.0148468017578
39009,0.0215759277344
39010,0.0210266113281
39011,0.0207214355469
39012,0.0
39013,0.00457000732422
39014,0.00919342041016
39015,0.0128707885742
39016,0.0129089355469
39017,0.0180206298828
39018,0.0204620361328
39019,0.0229797363281
39020,0.0
39021,0.00226402282715
39022,0.0040168762207
39023,0.00806427001953
39024,0.0120849609375
39025,0.0121383666992
39026,0.0156097412109
39027,0.0164337158203
39028,0.0
39029,0.00356483459473
39030,0.00465393066406
39031,0.010124206543
39032,0.0151062011719
39033,0.0163726806641
39034,0.0181121826172
39035,0.0207824707031
39036,0.0
39037,0.0028133392334
39038,0.00649261474609
39039,0.00890350341797
39040,0.0133361816406
39041,0.0128173828125
39042,0.0149459838867
39043,0.0195159912109
39044,0.0
39045,0.0028190612793
39046,0.00933837890625
39047,0.0111999511719
39048,0.0137710571289
39049,0.0157623291016
39050,0.0179901123047
39051,0.01953125
39052,0.0
39053,0.00271797180176
39054,0.00520324707031
39055,0.00811767578125
39056,0.0136947631836
39057,0.0168914794922
39058,0.0176849365234
39059,0.0176239013672
39060,0.0
39061,0.00328636169434
39062,0.00776290893555
39063,0.0107421875
39064,0.012077331543
39065,0.0177154541016
39066,0.0179748535156
39067,0.0217742919922
39068,0.0
39069,0.00347518920898
39070,0.00630569458008
39071,0.00982666015625
39072,0.0112991333008
39073,0.0151748657227
39074,0.0209197998047
39075,0.019287109375
39076,0.0
39077,0.00387763977051
39078,0.00563430786133
39079,0.00686264038086
39080,0.0114059448242
39081,0.0134887695312
39082,0.0173187255859
39083,0.0200042724609
39084,0.0
39085,0.0032787322998
39086,0.0051383972168
39087,0.00864410400391
39088,0.00937652587891
39089,0.0100784301758
39090,0.0122680664062
39091,0.0126266479492
39092,0.0
39093,0.00295066833496
39094,0.00693511962891
39095,0.00871276855469
39096,0.0104827880859
39097,0.0136032104492
39098,0.0189361572266
39099,0.0169982910156
39100,0.0
39101,0.00411605834961
39102,0.0057373046875
39104,0.0107727050781
39105,0.0144729614258
39106,0.0124588012695
39107,0.0158538818359
39108,0.0167083740234
39109,0.0
39110,0.00246429443359
39111,0.0036449432373
39112,0.00923156738281
39113,0.01220703125
39114,0.0173034667969
39115,0.019775390625
39116,0.0239105224609
39117,0.0
39118,0.00492095947266
39119,0.00891876220703
39120,0.0122833251953
39121,0.0151672363281
39122,0.01708984375
39123,0.0184173583984
39124,0.0187225341797
39125,0.0
39126,0.00415802001953
39127,0.00699234008789
39128,0.00990295410156
39129,0.0137557983398
39130,0.0184936523438
39131,0.01806640625
39132,0.0226593017578
39133,0.0
39134,0.00426483154297
39135,0.0102005004883
39136,0.0145568847656
39137,0.0226287841797
39138,0.0259552001953
39139,0.0261688232422
39140,0.0229034423828
39141,0.0
39142,0.00374984741211
39143,0.00856018066406
39144,0.0130462646484
39145,0.017578125
39146,0.0202178955078
39147,0.0175628662109
39148,0.0198211669922
39149,0.0
39150,0.00521087646484
39151,0.0100708007812
39152,0.0170135498047
39153,0.0181427001953
39154,0.0200805664062
39155,0.0210266113281
39156,0.0242309570312
39157,0.0
39158,0.0046272277832
39159,0.00865936279297
39160,0.0125427246094
39161,0.0148315429688
39162,0.015251159668
39163,0.0183258056641
39164,0.0200805664062
39165,0.0
39166,0.00263023376465
39167,0.00635147094727
39168,0.0091552734375
39169,0.0113067626953
39170,0.0154647827148
39171,0.0165100097656
39172,0.0157775878906
39173,0.0
39174,0.0037899017334
39175,0.00712966918945
39176,0.00794219970703
39177,0.012565612793
39178,0.0153884887695
39179,0.0157012939453
39180,0.0169830322266
39181,0.0
39182,0.00421905517578
39183,0.00846099853516
39184,0.0115203857422
39185,0.0151824951172
39186,0.0173645019531
39187,0.0221405029297
39188,0.0250854492188
39189,0.0
39190,0.00498580932617
39191,0.00939178466797
39192,0.0155487060547
39193,0.0207824707031
39194,0.0262298583984
39195,0.0229034423828
39196,0.0255889892578
39197,0.0
39198,0.00350379943848
39199,0.00909423828125
39200,0.0123901367188
39201,0.0142822265625
39202,0.0151519775391
39203,0.0163879394531
39204,0.0169677734375
39205,0.0
39206,0.00352668762207
39207,0.00843811035156
39208,0.00959777832031
39209,0.0131378173828
39210,0.016357421875
39211,0.0178985595703
39212,0.018310546875
39213,0.0
39214,0.00318336486816
39215,0.00657653808594
39216,0.00957489013672
39217,0.0138320922852
39218,0.015869140625
39219,0.0181884765625
39220,0.0206604003906
39221,0.0
39222,0.00312423706055
39223,0.00736999511719
39224,0.00917816162109
39225,0.0112152099609
39226,0.0154724121094
39227,0.015266418457
39228,0.0191192626953
39229,0.0
39230,0.00292587280273
39231,0.00844573974609
39232,0.0102996826172
39233,0.0128784179688
39234,0.015510559082
39235,0.0198974609375
39236,0.0184478759766
39237,0.0
39238,0.00347900390625
39239,0.00517654418945
39240,0.0072021484375
39241,0.0126419067383
39242,0.0133666992188
39243,0.0145111083984
39244,0.0164184570312
39245,0.0
39246,0.00218772888184
39247,0.00495147705078
39248,0.00849151611328
39249,0.0122375488281
39250,0.0160827636719
39251,0.0166931152344
39252,0.0217742919922
39253,0.0
39254,0.00139141082764
39255,0.0041618347168
39256,0.00656127929688
39257,0.00855255126953
39258,0.0134124755859
39259,0.0150299072266
39260,0.020263671875
39261,0.0
39262,0.00233840942383
39263,0.00514984130859
39264,0.00732421875
39265,0.0119781494141
39266,0.0168609619141
39267,0.0181121826172
39268,0.0211334228516
39269,0.0
39270,0.00282096862793
39271,0.00658416748047
39272,0.00873565673828
39273,0.0102615356445
39274,0.0116424560547
39275,0.0149307250977
39276,0.0179290771484
39277,0.0
39278,0.00203132629395
39279,0.0065803527832
39280,0.0106964111328
39281,0.01708984375
39282,0.0188903808594
39283,0.02197265625
39284,0.0209808349609
39285,0.0
39286,0.00307655334473
39287,0.00536727905273
39288,0.00874328613281
39289,0.0110549926758
39290,0.0127716064453
39291,0.0151748657227
39292,0.0179290771484
39293,0.0
39294,0.00272369384766
39295,0.00539398193359
39296,0.00820159912109
39297,0.0103912353516
39298,0.0138397216797
39299,0.0145645141602
39300,0.0137557983398
39301,0.0
39302,0.00245094299316
39303,0.00579071044922
39304,0.00978851318359
39305,0.0104064941406
39306,0.0123062133789
39307,0.0167388916016
39308,0.0170288085938
39309,0.0
39310,0.00413131713867
39311,0.0073356628418
39312,0.00859069824219
39313,0.0109252929688
39314,0.0117568969727
39315,0.0161743164062
39316,0.0174560546875
39317,0.0
39318,0.00338935852051
39319,0.00658416748047
39320,0.0110168457031
39321,0.0133895874023
39322,0.0203247070312
39323,0.0192413330078
39324,0.0195465087891
39325,0.0
39326,0.00415420532227
39327,0.00802612304688
39328,0.0116119384766
39329,0.0152359008789
39330,0.0155334472656
39331,0.0170745849609
39332,0.0192565917969
39333,0.0
39334,0.00373077392578
39335,0.00612640380859
39336,0.00849151611328
39337,0.0110626220703
39338,0.0137634277344
39339,0.0200042724609
39340,0.0225524902344
39341,0.0
39342,0.00118255615234
39343,0.0052490234375
39344,0.00641632080078
39345,0.0101852416992
39346,0.0126190185547
39347,0.0149841308594
39348,0.0193176269531
39349,0.0
39350,0.00317573547363
39351,0.00709533691406
39352,0.0107803344727
39353,0.0121612548828
39354,0.01611328125
39355,0.0232543945312
39356,0.0284729003906
39357,0.0
39358,0.00227165222168
39359,0.00754165649414
39360,0.013298034668
39361,0.0160369873047
39362,0.0223388671875
39363,0.0279693603516
39364,0.0272369384766
39365,0.0
39366,0.004638671875
39367,0.00898742675781
39368,0.0112838745117
39369,0.0111389160156
39370,0.0134201049805
39371,0.0150756835938
39372,0.0190277099609
39373,0.0
39374,0.00314331054688
39375,0.00600433349609
39376,0.0113754272461
39377,0.0142517089844
39378,0.0177764892578
39379,0.0222473144531
39380,0.0292205810547
39381,0.0
39382,0.00260353088379
39383,0.00546646118164
39384,0.00886535644531
39385,0.0117721557617
39386,0.0152435302734
39387,0.0162200927734
39388,0.0180816650391
39389,0.0
39390,0.0037841796875
39391,0.00749969482422
39392,0.0125350952148
39393,0.0106430053711
39394,0.0132064819336
39395,0.0144500732422
39396,0.0171051025391
39397,0.0
39398,0.00201225280762
39399,0.00526809692383
39400,0.00936126708984
39401,0.0139770507812
39402,0.0163726806641
39403,0.0218200683594
39404,0.0189971923828
39405,0.0
39406,0.00236129760742
39407,0.00469207763672
39408,0.0089111328125
39409,0.0102233886719
39410,0.0179290771484
39411,0.0216369628906
39412,0.0223541259766
39413,0.0
39414,0.00161647796631
39415,0.00558853149414
39416,0.0124282836914
39417,0.0148239135742
39418,0.0141448974609
39419,0.0185852050781
39420,0.0221710205078
39421,0.0
39422,0.00338363647461
39423,0.00642776489258
39424,0.00966644287109
39425,0.0104370117188
39426,0.0153961181641
39427,0.0162811279297
39428,0.0193634033203
39429,0.0
39430,0.00393676757812
39431,0.00650405883789
39432,0.0120239257812
39433,0.00978851318359
39434,0.0131530761719
39435,0.0140151977539
39436,0.0157623291016
39437,0.0
39438,0.00311660766602
39439,0.00480651855469
39440,0.007568359375
39441,0.011833190918
39442,0.0129165649414
39443,0.0168304443359
39444,0.0174560546875
39445,0.0
39446,0.0024585723877
39447,0.00417327880859
39448,0.00685882568359
39449,0.0101852416992
39450,0.0125122070312
39451,0.0144729614258
39452,0.0181579589844
39453,0.0
39454,0.00192928314209
39455,0.00418090820312
39456,0.00751113891602
39457,0.0112762451172
39458,0.0149307250977
39459,0.0185546875
39460,0.0192718505859
39461,0.0
39462,0.00315856933594
39463,0.00552749633789
39464,0.00984191894531
39465,0.0129241943359
39466,0.0162200927734
39467,0.0176696777344
39468,0.0232086181641
39469,0.0
39470,0.00254821777344
39471,0.00910186767578
39472,0.0138092041016
39473,0.0139312744141
39474,0.0210113525391
39475,0.0204010009766
39476,0.0226287841797
39477,0.0
39478,0.00226020812988
39479,0.00514221191406
39480,0.00658416748047
39481,0.009521484375
39482,0.0131301879883
39483,0.0157470703125
39484,0.0186004638672
39485,0.0
39486,0.00466918945312
39487,0.0072135925293
39488,0.0110168457031
39489,0.0104904174805
39490,0.0141143798828
39491,0.0151672363281
39492,0.0185852050781
39493,0.0
39494,0.00332641601562
39495,0.00637435913086
39496,0.00838470458984
39497,0.0117874145508
39498,0.0149688720703
39499,0.0208892822266
39500,0.0258178710938
39501,0.0
39502,0.00493621826172
39503,0.0105361938477
39504,0.0135345458984
39505,0.0156860351562
39506,0.0166168212891
39507,0.0217895507812
39508,0.0187377929688
39509,0.0
39510,0.00326919555664
39511,0.00556564331055
39512,0.00902557373047
39513,0.0125732421875
39514,0.0169982910156
39515,0.0152893066406
39516,0.0165557861328
39517,0.0
39518,0.00292205810547
39519,0.00600814819336
39520,0.00906372070312
39521,0.012092590332
39522,0.012451171875
39523,0.0172271728516
39524,0.0195922851562
39525,0.0
39526,0.0037956237793
39527,0.00587463378906
39528,0.00875091552734
39529,0.0109252929688
39530,0.0148468017578
39531,0.0163879394531
39532,0.0192718505859
39533,0.0
39534,0.00360488891602
39535,0.0070915222168
39536,0.0136642456055
39537,0.0173034667969
39538,0.0169830322266
39539,0.0177612304688
39540,0.0190582275391
39541,0.0
39542,0.00423049926758
39543,0.0081787109375
39544,0.0101089477539
39545,0.0121002197266
39546,0.0148086547852
39547,0.0178833007812
39548,0.0209350585938
39549,0.0
39550,0.00321960449219
39551,0.00852966308594
39552,0.0137023925781
39553,0.014289855957
39554,0.0155639648438
39555,0.0153732299805
39556,0.0207366943359
39557,0.0
39558,0.00411605834961
39559,0.00717926025391
39560,0.00875091552734
39561,0.0131072998047
39562,0.0154342651367
39563,0.0167541503906
39564,0.0220642089844
39565,0.0
39566,0.00385665893555
39567,0.00694274902344
39568,0.0100708007812
39569,0.0131225585938
39570,0.0145263671875
39571,0.014762878418
39572,0.0184326171875
39573,0.0
39574,0.00341033935547
39575,0.00563812255859
39576,0.00930023193359
39577,0.0124969482422
39578,0.0166015625
39579,0.0174407958984
39580,0.0175323486328
39581,0.0
39582,0.00363540649414
39583,0.00751495361328
39584,0.013298034668
39585,0.0162658691406
39586,0.0204315185547
39587,0.0248107910156
39588,0.0237884521484
39589,0.0
39590,0.00325965881348
39591,0.00689315795898
39592,0.00816345214844
39593,0.0120162963867
39594,0.0158081054688
39595,0.0191650390625
39596,0.0233917236328
39597,0.0
39598,0.00237274169922
39599,0.00458145141602
39600,0.00625610351562
39601,0.0140151977539
39602,0.0159454345703
39603,0.0172729492188
39604,0.0160675048828
39605,0.0
39606,0.0017557144165
39607,0.00599670410156
39608,0.00895690917969
39609,0.0109024047852
39610,0.0144424438477
39611,0.0171813964844
39612,0.0211029052734
39613,0.0
39614,0.00370597839355
39615,0.00690078735352
39616,0.00977325439453
39617,0.0157165527344
39618,0.0200958251953
39619,0.0220642089844
39620,0.0218811035156
39621,0.0
39622,0.00542449951172
39623,0.00865936279297
39624,0.0130844116211
39625,0.0156707763672
39626,0.0233306884766
39627,0.0212249755859
39628,0.0187683105469
39629,0.0
39630,0.00285911560059
39631,0.00611114501953
39632,0.00830841064453
39633,0.0117721557617
39634,0.0141220092773
39635,0.0157012939453
39636,0.0189514160156
39637,0.0
39638,0.00239372253418
39639,0.0045280456543
39640,0.00708389282227
39641,0.0127258300781
39642,0.0165710449219
39643,0.0191345214844
39644,0.0188140869141
39645,0.0
39646,0.00278472900391
39647,0.00477981567383
39648,0.00975036621094
39649,0.0128936767578
39650,0.0145492553711
39651,0.0188140869141
39652,0.0255584716797
39653,0.0
39654,0.00179004669189
39655,0.00702667236328
39656,0.0125350952148
39657,0.0140533447266
39658,0.0188293457031
39659,0.0202941894531
39660,0.0287933349609
39661,0.0
39662,0.00223350524902
39663,0.00453567504883
39664,0.00880432128906
39665,0.0117950439453
39666,0.0146636962891
39667,0.0150680541992
39668,0.0190124511719
39669,0.0
39670,0.00269508361816
39671,0.0105361938477
39672,0.011848449707
39673,0.0172576904297
39674,0.0176391601562
39675,0.0212707519531
39676,0.0254669189453
39677,0.0
39678,0.00539016723633
39679,0.0108871459961
39680,0.0166473388672
39681,0.0201873779297
39682,0.0248413085938
39683,0.0270233154297
39684,0.0267639160156
39685,0.0
39686,0.00216484069824
39687,0.00647354125977
39688,0.0124130249023
39689,0.0165405273438
39690,0.0177764892578
39691,0.0234832763672
39692,0.0269927978516
39693,0.0
39694,0.00296592712402
39695,0.00809478759766
39696,0.0122299194336
39697,0.0148162841797
39698,0.0186309814453
39699,0.0204315185547
39700,0.0246276855469
39701,0.0
39702,0.0026969909668
39703,0.00845336914062
39704,0.0137405395508
39705,0.0162963867188
39706,0.0172424316406
39707,0.022705078125
39708,0.0270690917969
39709,0.0
39710,0.00191593170166
39711,0.00551605224609
39712,0.00926971435547
39713,0.0114212036133
39714,0.0153274536133
39715,0.0196990966797
39716,0.0210571289062
39717,0.0
39718,0.00177001953125
39719,0.00613784790039
39720,0.00997161865234
39721,0.0136032104492
39722,0.0150604248047
39723,0.0212554931641
39724,0.0222320556641
39725,0.0
39726,0.00200080871582
39727,0.00569534301758
39728,0.00906372070312
39729,0.011474609375
39730,0.0174407958984
39731,0.0211181640625
39732,0.0280914306641
39733,0.0
39734,0.0028190612793
39735,0.00858306884766
39736,0.0119247436523
39737,0.0151443481445
39738,0.0191497802734
39739,0.0208129882812
39740,0.0240478515625
39741,0.0
39742,0.00441360473633
39743,0.00738143920898
39744,0.00820922851562
39745,0.0117874145508
39746,0.0125122070312
39747,0.0146484375
39748,0.0199279785156
39749,0.0
39750,0.00246238708496
39751,0.00597763061523
39752,0.00743865966797
39753,0.0124435424805
39754,0.0136871337891
39755,0.0149154663086
39756,0.0143508911133
39757,0.0
39758,0.00301933288574
39759,0.00731658935547
39760,0.0127792358398
39761,0.0165863037109
39762,0.0194396972656
39763,0.0186157226562
39764,0.0209808349609
39765,0.0
39766,0.00298690795898
39767,0.0077018737793
39768,0.0115737915039
39769,0.0123596191406
39770,0.0171508789062
39771,0.0225067138672
39772,0.0229339599609
39773,0.0
39774,0.00273895263672
39775,0.00587463378906
39776,0.00884246826172
39777,0.0104370117188
39778,0.0132141113281
39779,0.0179748535156
39780,0.0171813964844
39781,0.0
39782,0.00341033935547
39783,0.00814819335938
39784,0.00959777832031
39785,0.0133819580078
39786,0.0166473388672
39787,0.0185699462891
39788,0.0174713134766
39789,0.0
39790,0.00333786010742
39791,0.00583648681641
39792,0.00874328613281
39793,0.0100708007812
39794,0.0124053955078
39795,0.0164947509766
39796,0.0162353515625
39797,0.0
39798,0.0029411315918
39799,0.00597381591797
39800,0.00921630859375
39801,0.00968933105469
39802,0.0122451782227
39803,0.0136489868164
39804,0.0143585205078
39805,0.0
39806,0.00345993041992
39807,0.00691223144531
39808,0.00888824462891
39809,0.011604309082
39810,0.0133819580078
39811,0.0133819580078
39812,0.0127105712891
39813,0.0
39814,0.0013427734375
39815,0.00428771972656
39816,0.00778198242188
39817,0.0121002197266
39818,0.0141830444336
39819,0.0202178955078
39820,0.0217742919922
39821,0.0
39822,0.00332832336426
39823,0.00608062744141
39824,0.00997924804688
39825,0.0121307373047
39826,0.0172729492188
39827,0.0173187255859
39828,0.0174102783203
39829,0.0
39830,0.00353813171387
39831,0.00578689575195
39832,0.00873565673828
39833,0.0126342773438
39834,0.013298034668
39835,0.0156860351562
39836,0.0174102783203
39837,0.0
39838,0.00273513793945
39839,0.005859375
39840,0.00857543945312
39841,0.0131988525391
39842,0.0162200927734
39843,0.0174865722656
39844,0.0165710449219
39845,0.0
39846,0.00165939331055
39847,0.00398254394531
39848,0.00991821289062
39849,0.0107803344727
39850,0.0103073120117
39851,0.0131759643555
39852,0.0186920166016
39853,0.0
39854,0.00410079956055
39855,0.00965881347656
39856,0.0105667114258
39857,0.0134811401367
39858,0.0182647705078
39859,0.0204010009766
39860,0.0216064453125
39861,0.0
39862,0.00323867797852
39863,0.00680923461914
39864,0.0105133056641
39865,0.0123519897461
39866,0.0164794921875
39867,0.0196380615234
39868,0.0244903564453
39869,0.0
39870,0.00242042541504
39871,0.00444030761719
39872,0.00715255737305
39873,0.0126190185547
39874,0.0161285400391
39875,0.0182342529297
39876,0.0186157226562
39877,0.0
39878,0.00266265869141
39879,0.005615234375
39880,0.0106506347656
39881,0.0131530761719
76637,0.00209999084473
76638,0.00359725952148
76640,0.00712966918945
76641,0.00868225097656
76642,0.0112457275391
76643,0.0135879516602
76644,0.0155258178711
76645,0.0
76646,0.00109100341797
76647,0.00193977355957
76648,0.00601196289062
76649,0.00679016113281
76650,0.00960540771484
76651,0.0103302001953
76652,0.0134811401367
76653,0.0
76654,0.00261878967285
76655,0.00345802307129
76656,0.00539779663086
76657,0.00628662109375
76658,0.00996398925781
76659,0.0127944946289
76660,0.0127716064453
76661,0.0
76662,0.00121021270752
76663,0.00392913818359
76664,0.00537109375
76665,0.00745391845703
76666,0.0100784301758
76667,0.0129013061523
76668,0.015510559082
76669,0.0
76670,0.00164794921875
76671,0.00361251831055
76672,0.00619506835938
76673,0.009765625
76674,0.00656509399414
76675,0.0111618041992
76676,0.0178833007812
76677,0.0
76678,0.00176334381104
76679,0.00354766845703
76680,0.00580596923828
76681,0.00863647460938
76682,0.0119476318359
76683,0.0132369995117
76684,0.0132904052734
76685,0.0
76686,0.00130844116211
76687,0.0023250579834
76688,0.00424575805664
76689,0.00603485107422
76690,0.00772857666016
76691,0.0084228515625
76692,0.0117263793945
76693,0.0
76694,0.00170993804932
76695,0.00247764587402
76696,0.00544357299805
76697,0.0078010559082
76698,0.0119247436523
76699,0.0125885009766
76700,0.0134963989258
76701,0.0
76702,0.00131988525391
76703,0.00518798828125
76704,0.00574111938477
76705,0.00830841064453
76706,0.0118255615234
76707,0.0109329223633
76708,0.0137405395508
76709,0.0
76710,0.000867366790771
76711,0.0037784576416
76712,0.00545120239258
76713,0.00606918334961
76714,0.00594711303711
76715,0.00975036621094
76716,0.0138549804688
76717,0.0
76718,0.00222969055176
76719,0.00456237792969
76720,0.00591659545898
76721,0.00652313232422
76722,0.00764083862305
76723,0.0119934082031
76724,0.0109481811523
76725,0.0
76726,0.00253868103027
76727,0.00479125976562
76728,0.00625228881836
76729,0.00738143920898
76730,0.0108184814453
76731,0.0122528076172
76732,0.0171813964844
76733,0.0
76734,0.00235557556152
76735,0.00423431396484
76736,0.00600433349609
76737,0.00971221923828
76738,0.0134124755859
76739,0.0156555175781
76740,0.0180206298828
76741,0.0
76742,0.0015344619751
76743,0.00362205505371
76744,0.0067138671875
76745,0.00888824462891
76746,0.00924682617188
76747,0.0126876831055
76748,0.0132522583008
76749,0.0
76750,0.0014820098877
76751,0.00472259521484
76752,0.00513076782227
76753,0.0104217529297
76754,0.0136489868164
76755,0.0127105712891
76756,0.0120620727539
76757,0.0
76758,0.00157833099365
76759,0.00416946411133
76760,0.00605773925781
76761,0.00777435302734
76762,0.00952911376953
76763,0.0113677978516
76764,0.0133056640625
76765,0.0
76766,0.00232887268066
76767,0.00567626953125
76768,0.00630187988281
76769,0.00904083251953
76770,0.0122375488281
76771,0.0118713378906
76772,0.0135116577148
76773,0.0
76774,0.00149059295654
76775,0.00306701660156
76776,0.00433349609375
76777,0.00591659545898
76778,0.00881195068359
76779,0.0112533569336
76780,0.0124435424805
76781,0.0
76782,0.000834941864014
76783,0.00353050231934
76784,0.00593185424805
76785,0.00995635986328
76786,0.0106735229492
76787,0.0131378173828
76788,0.0151748657227
76789,0.0
76790,0.00166606903076
76791,0.00322914123535
76792,0.00688552856445
76793,0.00865936279297
76794,0.0105972290039
76795,0.0119781494141
76796,0.0143814086914
76797,0.0
76798,0.00168991088867
76799,0.00399398803711
76800,0.00788879394531
76801,0.00785064697266
76802,0.0112915039062
76803,0.0133590698242
76804,0.0159606933594
76805,0.0
76806,0.0010814666748
76807,0.00298309326172
76808,0.00742721557617
76809,0.00920867919922
76810,0.013427734375
76811,0.0143203735352
76812,0.0145416259766
76813,0.0
76814,0.00187015533447
76815,0.00394439697266
76816,0.00494003295898
76817,0.00572967529297
76818,0.00756072998047
76819,0.00733184814453
76820,0.0100860595703
76821,0.0
76822,0.00191783905029
76823,0.00542831420898
76824,0.00730514526367
76825,0.00906372070312
76826,0.0127487182617
76827,0.0150604248047
76828,0.0185394287109
76829,0.0
76830,0.00183010101318
76831,0.00433349609375
76832,0.00577545166016
76833,0.00930786132812
76834,0.0118713378906
76835,0.0153121948242
76836,0.0167694091797
76837,0.0
76838,0.00231742858887
76839,0.004638671875
76840,0.00557327270508
76841,0.0111618041992
76842,0.0128555297852
76843,0.0122909545898
76844,0.0124359130859
76845,0.0
76846,0.00211143493652
76847,0.00402450561523
76848,0.00581741333008
76849,0.00807952880859
76850,0.0113372802734
76851,0.0107345581055
76852,0.0122375488281
76853,0.0
76854,0.00129413604736
76855,0.0030403137207
76856,0.00511169433594
76857,0.00580978393555
76858,0.00701522827148
76859,0.0101165771484
76860,0.0118408203125
76861,0.0
76862,0.0020809173584
76863,0.00314331054688
76864,0.00543212890625
76865,0.00720977783203
76866,0.0106201171875
76867,0.0112380981445
76868,0.010139465332
76869,0.0
76870,0.00434112548828
76871,0.00654220581055
76872,0.00827789306641
76873,0.0100936889648
76874,0.0107803344727
76875,0.0148620605469
76876,0.018798828125
76877,0.0
76878,0.00249290466309
76879,0.00428771972656
76880,0.00799560546875
76881,0.00783538818359
76882,0.00846099853516
76883,0.009521484375
76884,0.0114212036133
76885,0.0
76886,0.000677585601807
76887,0.0037899017334
76888,0.00482177734375
76889,0.00712966918945
76890,0.0104904174805
76891,0.0135040283203
76892,0.0142440795898
76893,0.0
76894,0.00279235839844
76895,0.00432586669922
76896,0.0063591003418
76897,0.00931549072266
76898,0.010986328125
76899,0.0111389160156
76900,0.0138549804688
76901,0.0
76902,0.000941753387451
76903,0.00359344482422
76904,0.00688171386719
76905,0.00779342651367
76906,0.0106506347656
76907,0.011474609375
76908,0.0107498168945
76909,0.0
76910,0.000636577606201
76911,0.00325965881348
76912,0.00312423706055
76913,0.00380897521973
76914,0.00555801391602
76915,0.00629425048828
76916,0.0104751586914
76917,0.0
76918,0.0014066696167
76919,0.00375747680664
76920,0.00695419311523
76921,0.00936126708984
76922,0.0115737915039
76923,0.0112228393555
76924,0.0137176513672
76925,0.0
76926,0.00188255310059
76927,0.00367164611816
76928,0.00680541992188
76929,0.00814819335938
76930,0.0125427246094
76931,0.0093994140625
76932,0.0129776000977
76933,0.0
76934,0.00116062164307
76935,0.00309181213379
76936,0.00366592407227
76937,0.00567245483398
76938,0.00779342651367
76939,0.00846099853516
76940,0.0105209350586
76941,0.0
76942,0.00238800048828
76943,0.00609970092773
76944,0.00859069824219
76945,0.00877380371094
76946,0.0103607177734
76947,0.0150756835938
76948,0.0153884887695
76949,0.0
76950,0.00143051147461
76951,0.00359535217285
76952,0.00531768798828
76953,0.00951385498047
76954,0.011604309082
76955,0.0111312866211
76956,0.00933837890625
76957,0.0
76958,0.00178146362305
76959,0.00263595581055
76960,0.00431442260742
76961,0.00656509399414
76962,0.00636672973633
76963,0.00974273681641
76964,0.00997161865234
76965,0.0
76966,0.000515937805176
76967,0.00264358520508
76968,0.00514221191406
76969,0.00815582275391
76970,0.00852203369141
76971,0.0108108520508
76972,0.0130233764648
76973,0.0
76974,0.000985145568848
76975,0.00331687927246
76976,0.00459671020508
76977,0.00825500488281
76978,0.00917816162109
76979,0.0100936889648
76980,0.0113830566406
76981,0.0
76982,0.000315427780151
76983,0.00216293334961
76984,0.00387573242188
76985,0.00749588012695
76986,0.0107192993164
76987,0.0118789672852
76988,0.0128555297852
76989,0.0
76990,0.0023193359375
76991,0.00479888916016
76992,0.00562286376953
76993,0.00971984863281
76994,0.0129699707031
76995,0.0132064819336
76996,0.0148162841797
76997,0.0
76998,0.00169277191162
76999,0.00354766845703
77000,0.00641250610352
77001,0.00674438476562
77002,0.00987243652344
77003,0.0136108398438
77004,0.0160827636719
77005,0.0
77006,0.00193309783936
77007,0.00329780578613
77008,0.00421142578125
77009,0.00621032714844
77010,0.00895690917969
77011,0.0103149414062
77012,0.0115356445312
77013,0.0
77014,0.00213623046875
77015,0.00611877441406
77016,0.00691604614258
77017,0.0104522705078
77018,0.0133209228516
77019,0.0157928466797
77020,0.0204925537109
77021,0.0
77022,0.001145362854
77023,0.00311088562012
77024,0.00878143310547
77025,0.0123672485352
77026,0.0110168457031
77027,0.014778137207
77028,0.0173492431641
77029,0.0
77030,0.00134754180908
77031,0.00489807128906
77032,0.00765991210938
77033,0.0113296508789
77034,0.0129241943359
77035,0.0151748657227
77036,0.014404296875
77037,0.0
77038,0.00215148925781
77039,0.00372505187988
77040,0.00645446777344
77041,0.00859069824219
77042,0.00894165039062
77043,0.0110931396484
77044,0.0117797851562
77045,0.0
77046,0.00136947631836
77047,0.00247192382812
77048,0.00702667236328
77049,0.00766372680664
77050,0.00919342041016
77051,0.00791168212891
77052,0.011360168457
77053,0.0
77054,0.00167274475098
77055,0.00264358520508
77056,0.00386428833008
77057,0.00663757324219
77058,0.00722122192383
77059,0.00846099853516
77060,0.0108108520508
77061,0.0
77062,0.00276947021484
77063,0.00387954711914
77064,0.00659942626953
77065,0.00858306884766
77066,0.0106048583984
77067,0.0125885009766
77068,0.0121231079102
77069,0.0
77070,0.00128746032715
77071,0.00351715087891
77072,0.00505828857422
77073,0.00724792480469
77074,0.00910949707031
77075,0.0101699829102
77076,0.0111236572266
77077,0.0
77078,0.00192928314209
77079,0.00489807128906
77080,0.00663757324219
77081,0.00923156738281
77082,0.0101089477539
77083,0.0121383666992
77084,0.0126419067383
77085,0.0
77086,0.00146389007568
77087,0.0052375793457
77088,0.00678634643555
77089,0.00712966918945
77090,0.0111083984375
77091,0.0109939575195
77092,0.0138092041016
77093,0.0
77094,0.0012903213501
77095,0.00444412231445
77096,0.00515747070312
77097,0.00649261474609
77098,0.0105972290039
77099,0.0122146606445
77100,0.0125503540039
77101,0.0
77102,0.00145244598389
77103,0.00470733642578
77104,0.00449371337891
77105,0.00519180297852
77106,0.00807952880859
77107,0.0107040405273
77108,0.0134506225586
77109,0.0
77110,0.00133037567139
77111,0.00278854370117
77112,0.00490188598633
77113,0.00625991821289
77114,0.00830841064453
77115,0.0110244750977
77116,0.0120315551758
77117,0.0
77118,0.00192642211914
77119,0.00349044799805
77120,0.00807952880859
77121,0.0107040405273
77122,0.0116729736328
77123,0.0123825073242
77124,0.014404296875
77125,0.0
77126,0.00166606903076
77127,0.00620269775391
77128,0.0127639770508
77129,0.0116653442383
77130,0.0135879516602
77131,0.0149459838867
77132,0.0164794921875
77133,0.0
77134,0.00241088867188
77135,0.00354194641113
77136,0.00573348999023
77137,0.00685501098633
77138,0.00867462158203
77139,0.0120391845703
77140,0.0151290893555
77141,0.0
77142,0.00146007537842
77143,0.00450897216797
77144,0.00632095336914
77145,0.00798797607422
77146,0.0126419067383
77147,0.0130462646484
77148,0.0131607055664
77149,0.0
77150,0.00166416168213
77151,0.00322723388672
77152,0.00513076782227
77153,0.00693511962891
77154,0.0103378295898
77155,0.0140228271484
77156,0.0171661376953
77157,0.0
77158,0.00130462646484
77159,0.00379943847656
77160,0.00564956665039
77161,0.00849914550781
77162,0.0101699829102
77163,0.0127487182617
77164,0.0154800415039
77165,0.0
77166,0.000875473022461
77167,0.0019702911377
77168,0.00404357910156
77169,0.00788116455078
77170,0.00936126708984
77171,0.0104827880859
77172,0.0124435424805
77173,0.0
77174,0.00199699401855
77175,0.00458908081055
77176,0.00861358642578
77177,0.0100173950195
77178,0.0135803222656
77179,0.013053894043
77180,0.0121765136719
77181,0.0
77182,0.00203895568848
77183,0.00505065917969
77184,0.0048828125
77185,0.00647735595703
77186,0.00888824462891
77187,0.010139465332
77188,0.0122222900391
77189,0.0
77190,0.00209045410156
77191,0.00511932373047
77192,0.00773239135742
77193,0.00916290283203
77194,0.00962066650391
77195,0.0117340087891
77196,0.010368347168
77197,0.0
77198,0.000457525253296
77199,0.00244140625
77200,0.00430297851562
77201,0.00719451904297
77202,0.00724029541016
77203,0.0096435546875
77204,0.0130233764648
77205,0.0
77206,0.000842094421387
77207,0.00256729125977
77208,0.00405120849609
77209,0.00759124755859
77210,0.00920104980469
77211,0.0120849609375
77212,0.0161437988281
77213,0.0
77214,0.0024356842041
77215,0.00476455688477
77216,0.00559616088867
77217,0.00796508789062
77218,0.0100021362305
77219,0.0139923095703
77220,0.0151290893555
77221,0.0
77222,0.00170230865479
77223,0.00477981567383
77224,0.00914764404297
77225,0.0115203857422
77226,0.0133666992188
77227,0.0159606933594
77228,0.0176696777344
77229,0.0
77230,0.00164127349854
77231,0.00339317321777
77232,0.00513458251953
77233,0.00825500488281
77234,0.00979614257812
77235,0.0111694335938
77236,0.0119018554688
77237,0.0
77238,0.00146961212158
77239,0.00289154052734
77240,0.00656509399414
77241,0.00859832763672
77242,0.00845336914062
77243,0.011604309082
77244,0.0147247314453
77245,0.0
77246,0.00203704833984
77247,0.00481414794922
77248,0.00784301757812
77249,0.00907135009766
77250,0.0101089477539
77251,0.0135116577148
77252,0.0146636962891
77253,0.0
77254,0.00117969512939
77255,0.00174427032471
77256,0.00407028198242
77257,0.00545501708984
77258,0.0117568969727
77259,0.010986328125
77260,0.0152740478516
77261,0.0
77262,0.00134086608887
77263,0.00228118896484
77264,0.0034236907959
77265,0.00626754760742
77266,0.00936889648438
77267,0.0114364624023
77268,0.0154190063477
77269,0.0
77270,0.00138854980469
77271,0.00283813476562
77272,0.00459671020508
77273,0.00718307495117
77274,0.00907135009766
77275,0.0124740600586
77276,0.0107116699219
77277,0.0
77278,0.000671863555908
77279,0.00316619873047
77280,0.00510787963867
77281,0.00748062133789
77282,0.010124206543
77283,0.0110168457031
77284,0.0129470825195
77285,0.0
77286,0.00120449066162
77287,0.00346374511719
77288,0.00739669799805
77289,0.0100173950195
77290,0.00998687744141
77291,0.0137405395508
77292,0.0139465332031
77293,0.0
77294,0.00321960449219
77295,0.00469970703125
77296,0.00521087646484
77297,0.00919342041016
77298,0.0128555297852
77299,0.0117263793945
77300,0.0116500854492
77301,0.0
77302,0.00205421447754
77303,0.0045280456543
77304,0.0049934387207
77305,0.00882720947266
77306,0.0136032104492
77307,0.0128860473633
77308,0.0130386352539
77309,0.0
77310,0.00174331665039
77311,0.00503540039062
77312,0.00752258300781
77313,0.00962829589844
77314,0.0120849609375
77315,0.0132598876953
77316,0.0151519775391
77317,0.0
77318,0.00168991088867
77319,0.00436782836914
77320,0.00701904296875
77321,0.00778961181641
77322,0.00913238525391
77323,0.010871887207
77324,0.0152435302734
77325,0.0
77326,0.00286865234375
77327,0.00513458251953
77328,0.00648498535156
77329,0.00580978393555
77330,0.0100326538086
77331,0.0112228393555
77332,0.0106887817383
77333,0.0
77334,0.00142765045166
77335,0.00310516357422
77336,0.00608062744141
77337,0.00777816772461
77338,0.00892639160156
77339,0.0117263793945
77340,0.0122528076172
77341,0.0
77342,0.00123977661133
77343,0.00470352172852
77344,0.00579071044922
77345,0.00790405273438
77346,0.00973510742188
77347,0.0126113891602
77348,0.013542175293
77349,0.0
77350,0.00189113616943
77351,0.00479507446289
77352,0.00587463378906
77353,0.00875091552734
77354,0.00749588012695
77355,0.0108261108398
77356,0.0131378173828
77357,0.0
77358,0.00157928466797
77359,0.00333213806152
77360,0.00640106201172
77361,0.00787353515625
77362,0.00995635986328
77363,0.0106582641602
77364,0.0136260986328
77365,0.0
77366,0.000690460205078
77367,0.00278282165527
77368,0.00445556640625
77369,0.00532531738281
77370,0.00601577758789
77371,0.0103302001953
77372,0.0119171142578
77373,0.0
77374,0.00278282165527
77375,0.00460052490234
77376,0.00669860839844
77377,0.0113906860352
77378,0.0112380981445
77379,0.0117721557617
77380,0.0104827880859
77381,0.0
77382,0.00211906433105
77383,0.00326728820801
77384,0.00412750244141
77385,0.00625991821289
77386,0.0114517211914
77387,0.0120468139648
77388,0.0142288208008
77389,0.0
77390,0.00171184539795
77391,0.0042724609375
77392,0.00726699829102
77393,0.00851440429688
77394,0.0115814208984
77395,0.0141677856445
77396,0.0162506103516
77397,0.0
77398,0.00229263305664
77399,0.00357246398926
77400,0.00579833984375
77401,0.00881195068359
77402,0.0109024047852
77403,0.0110702514648
77404,0.0126571655273
77405,0.0
77406,0.00160789489746
77407,0.0034294128418
77408,0.00615310668945
77409,0.00947570800781
77410,0.00936889648438
77411,0.0116271972656
77412,0.0104217529297
77413,0.0
77414,0.0031681060791
77415,0.00602340698242
77416,0.00921630859375
77417,0.00823974609375
77418,0.0103149414062
77419,0.00987243652344
77420,0.00998687744141
77422,0.0
77423,0.00210762023926
77424,0.00505065917969
77425,0.00708770751953
77426,0.00807952880859
77427,0.0100402832031
77428,0.01318359375
77429,0.0154800415039
77430,0.0
77431,0.00372314453125
77432,0.00420761108398
77433,0.00727844238281
77434,0.0111618041992
77435,0.0116806030273
77436,0.0118865966797
77437,0.0125274658203
77438,0.0
77439,0.00137329101562
77440,0.00278282165527
77441,0.00585174560547
77442,0.00695419311523
77443,0.00704574584961
77444,0.00843048095703
77445,0.0108871459961
77446,0.0
77447,0.00214385986328
77448,0.00363731384277
77449,0.00514602661133
77450,0.00715637207031
77451,0.00800323486328
77452,0.0124969482422
77453,0.0105209350586
77454,0.0
77455,0.0017204284668
77456,0.00383949279785
77457,0.00977325439453
77458,0.009521484375
77459,0.0144119262695
77460,0.0123443603516
77461,0.0133056640625
77462,0.0
77463,0.00113391876221
77464,0.00312614440918
77465,0.00406265258789
77466,0.00564575195312
77467,0.00833892822266
77468,0.00859069824219
77469,0.00920867919922
77470,0.0
77471,0.00112915039062
77472,0.00480651855469
77473,0.00580978393555
77474,0.00949096679688
77475,0.0141143798828
77476,0.0176696777344
77477,0.0187683105469
77478,0.0
77479,0.00539016723633
77480,0.00799560546875
77481,0.00954437255859
77482,0.0115127563477
77483,0.0148010253906
77484,0.0144195556641
77485,0.0158538818359
77486,0.0
77487,0.0021800994873
77488,0.0052604675293
77489,0.0103302001953
77490,0.0149002075195
77491,0.0195617675781
77492,0.0228271484375
77493,0.0272369384766
77494,0.0
77495,0.00384140014648
77496,0.00718307495117
77497,0.0122756958008
77498,0.0150451660156
77499,0.0195465087891
77500,0.0207824707031
77501,0.0232086181641
77502,0.0
77503,0.00242805480957
77504,0.00469970703125
77505,0.00824737548828
77506,0.0110855102539
77507,0.0157470703125
77508,0.0169067382812
77509,0.0164184570312
77510,0.0
77511,0.00196838378906
77512,0.00680160522461
77513,0.0112762451172
77514,0.0160369873047
77515,0.0208587646484
77516,0.0211486816406
77517,0.0264739990234
77518,0.0
77519,0.0024528503418
77520,0.00491333007812
77521,0.00882720947266
77522,0.0101699829102
77523,0.0130615234375
77524,0.0158386230469
77525,0.0183868408203
77526,0.0
77527,0.0021915435791
77528,0.00333023071289
77529,0.00626373291016
77530,0.00895690917969
77531,0.0119400024414
77532,0.0151748657227
77533,0.0195922851562
77534,0.0
77535,0.000681400299072
77536,0.003173828125
77537,0.00671005249023
77538,0.00939178466797
77539,0.0117568969727
77540,0.0160064697266
77541,0.0159454345703
77542,0.0
77543,0.00108337402344
77544,0.00334548950195
77545,0.00631332397461
77546,0.00981140136719
77547,0.0151443481445
77548,0.0188140869141
77549,0.0203552246094
77550,0.0
77551,0.00342559814453
77552,0.00394439697266
77553,0.0065803527832
77554,0.00823211669922
77555,0.0134124755859
77556,0.0177459716797
77557,0.0198822021484
77558,0.0
77559,0.00264167785645
77560,0.0042610168457
77561,0.00625228881836
77562,0.00858306884766
77563,0.00939178466797
77564,0.0111541748047
77565,0.0130081176758
77566,0.0
77567,0.00323295593262
77568,0.00528717041016
77569,0.00707626342773
77570,0.00892639160156
77571,0.010139465332
77572,0.00949096679688
77573,0.0127944946289
77574,0.0
77575,0.00274085998535
77576,0.00671768188477
77577,0.00711059570312
77578,0.00725936889648
77579,0.0123519897461
77580,0.0141677856445
77581,0.0169982910156
77582,0.0
77583,0.00084114074707
77584,0.00158405303955
77585,0.00553894042969
77586,0.0060920715332
77587,0.00843811035156
77588,0.0112457275391
77589,0.01513671875
77590,0.0
77591,0.00230407714844
77592,0.00525283813477
77593,0.00979614257812
77594,0.0156402587891
77595,0.0158538818359
77596,0.0174560546875
77597,0.0192565917969
77598,0.0
77599,0.00346946716309
77600,0.00517654418945
77601,0.00836181640625
77602,0.0133895874023
77603,0.0130615234375
77604,0.0166168212891
77605,0.0125122070312
77606,0.0
77607,0.00348663330078
77608,0.00497817993164
77609,0.00584030151367
77610,0.00951385498047
77611,0.0123519897461
77612,0.0162353515625
77613,0.0193786621094
77614,0.0
77615,0.00139904022217
77616,0.0047492980957
77617,0.00605392456055
77618,0.006591796875
77619,0.00917816162109
77620,0.00991821289062
77621,0.0110397338867
77622,0.0
77623,0.00275039672852
77624,0.00573348999023
77625,0.00942230224609
77626,0.0114517211914
77627,0.0140609741211
77628,0.0160064697266
77629,0.0164489746094
77630,0.0
77631,0.00121212005615
77632,0.00218391418457
77633,0.00526428222656
77634,0.00717926025391
77635,0.00670623779297
77636,0.0110473632812
77637,0.0115051269531
77638,0.0
77639,0.00149822235107
77640,0.00389671325684
77641,0.00546264648438
77642,0.00813293457031
77643,0.0115966796875
77644,0.0138168334961
77645,0.0160522460938
77646,0.0
77647,0.00124835968018
77648,0.00394821166992
77649,0.00490570068359
77650,0.00753402709961
77651,0.00898742675781
77652,0.0102462768555
77653,0.0139617919922
77654,0.0
77655,0.00243377685547
77656,0.00504302978516
77657,0.00611877441406
77658,0.00928497314453
77659,0.00989532470703
77660,0.0114593505859
77661,0.0123291015625
77662,0.0
77663,0.00186824798584
77664,0.00416946411133
77665,0.00778961181641
77666,0.009033203125
77667,0.0137481689453
77668,0.0153961181641
77669,0.0178833007812
77670,0.0
77671,0.00206756591797
77672,0.00461578369141
77673,0.00814056396484
77674,0.0102996826172
77675,0.0140075683594
77676,0.0164794921875
77677,0.0181732177734
77678,0.0
77679,0.00370979309082
77680,0.00572967529297
77681,0.00743865966797
77682,0.00885009765625
77683,0.0104217529297
77684,0.0125503540039
77685,0.0125350952148
77686,0.0
77687,0.00204086303711
77688,0.00534820556641
77689,0.0067024230957
77690,0.00807952880859
77691,0.00913238525391
77692,0.010383605957
77693,0.0112228393555
77694,0.0
77695,0.00325775146484
77696,0.0036449432373
77697,0.0057258605957
77698,0.00751876831055
77699,0.00832366943359
77700,0.0100555419922
77701,0.0124130249023
77702,0.0
77703,0.0018835067749
77704,0.00344276428223
77705,0.00614166259766
77706,0.00960540771484
77707,0.0113983154297
77708,0.0133819580078
77709,0.0150833129883
77710,0.0
77711,0.0014009475708
77712,0.0028076171875
77713,0.00518798828125
77714,0.0084228515625
77715,0.0110092163086
77716,0.0105361938477
77717,0.011116027832
77718,0.0
77719,0.00109100341797
77720,0.0039005279541
77721,0.00840759277344
77722,0.00991058349609
77723,0.0137786865234
77724,0.0160675048828
77725,0.0168304443359
77726,0.0
77727,0.00260543823242
77728,0.00591278076172
77729,0.00969696044922
77730,0.0115509033203
77731,0.0114135742188
77732,0.0147247314453
77733,0.0138397216797
77734,0.0
77735,0.00226211547852
77736,0.00432968139648
77737,0.00746536254883
77738,0.0103378295898
77739,0.012321472168
77740,0.0139083862305
77741,0.0144424438477
77742,0.0
77743,0.00126361846924
77744,0.00298309326172
77745,0.00568008422852
77746,0.00478363037109
77747,0.00831604003906
77748,0.00894165039062
77749,0.00981140136719
77750,0.0
77751,0.000589370727539
77752,0.00217056274414
77753,0.00323677062988
77754,0.00502395629883
77755,0.0086669921875
77756,0.0110244750977
77757,0.0107727050781
77758,0.0
77759,0.00131130218506
77760,0.00358581542969
77761,0.00677108764648
77762,0.00950622558594
77763,0.010139465332
77764,0.0140609741211
77765,0.0157012939453
77766,0.0
77767,0.00156116485596
77768,0.00424194335938
77769,0.00481414794922
77770,0.00883483886719
77771,0.0108489990234
77772,0.0159912109375
77773,0.0183715820312
77774,0.0
77775,0.00167179107666
77776,0.00367736816406
77777,0.00949859619141
77778,0.00953674316406
77779,0.0127258300781
77780,0.0132369995117
77781,0.0134887695312
77782,0.0
77783,0.00201606750488
77784,0.00601577758789
77785,0.00852966308594
77786,0.00747680664062
77787,0.00902557373047
77788,0.0125503540039
77789,0.0135192871094
77790,0.0
77791,0.00201225280762
77792,0.00346565246582
77793,0.0047721862793
77794,0.00582504272461
77795,0.00860595703125
77796,0.0118255615234
77797,0.0142974853516
77798,0.0
77799,0.00152778625488
77800,0.00244903564453
77801,0.00423049926758
77802,0.00495529174805
77803,0.0096435546875
77804,0.0105361938477
77805,0.012077331543
77806,0.0
77807,0.000869750976562
77808,0.00256156921387
77809,0.00479507446289
77810,0.00566101074219
77811,0.00794982910156
77812,0.00822448730469
77813,0.0119705200195
77814,0.0
77815,0.000678539276123
77816,0.00168609619141
77817,0.00569152832031
77818,0.00705718994141
77819,0.00668716430664
77820,0.00763702392578
77821,0.00883483886719
77822,0.0
77823,0.00183582305908
77824,0.00272941589355
77825,0.00548553466797
77826,0.00668334960938
77827,0.00769424438477
77828,0.0114364624023
77829,0.0117721557617
77830,0.0
77831,0.00407409667969
77832,0.00784301757812
77833,0.00897216796875
77834,0.00730895996094
77835,0.00917816162109
77836,0.0104522705078
77837,0.0139389038086
77838,0.0
77839,0.00219535827637
77840,0.00701522827148
77841,0.009033203125
77842,0.00985717773438
77843,0.00815582275391
77844,0.0122909545898
77845,0.0141906738281
77846,0.0
77847,0.00147914886475
77848,0.00289154052734
77849,0.00671005249023
77850,0.0102615356445
77851,0.0105209350586
77852,0.0125350952148
77853,0.0144882202148
77854,0.0
77855,0.000555992126465
77856,0.00253868103027
77857,0.0048828125
77858,0.00859832763672
77859,0.00806427001953
77860,0.0089111328125
77861,0.0121459960938
77862,0.0
77863,0.00194835662842
77864,0.00394439697266
77865,0.00464248657227
77866,0.00906372070312
77867,0.0100784301758
77868,0.0117263793945
77869,0.0149078369141
77870,0.0
77871,0.00129795074463
77872,0.00434875488281
77873,0.00522232055664
77874,0.00678253173828
77875,0.0074577331543
77876,0.00754928588867
77877,0.00862884521484
77878,0.0
77879,0.00138854980469
77880,0.00210952758789
77881,0.00475692749023
77882,0.0081787109375
77883,0.00991058349609
77884,0.0149383544922
77885,0.0112686157227
77886,0.0
77887,0.0011568069458
77888,0.00204658508301
77889,0.00592041015625
77890,0.00557708740234
77891,0.0087890625
77892,0.0106506347656
77893,0.0157775878906
77894,0.0
77895,0.00391387939453
77896,0.00778198242188
77897,0.00775527954102
77898,0.00954437255859
77899,0.0135116577148
77900,0.0135040283203
77901,0.0165252685547
77902,0.0
77903,0.00130462646484
77904,0.00347900390625
77905,0.00764846801758
77906,0.00829315185547
77907,0.00962829589844
77908,0.0102691650391
77909,0.0141677856445
77910,0.0
77911,0.000483751296997
77912,0.00138473510742
77913,0.00339508056641
77914,0.00473022460938
77915,0.00555038452148
77916,0.0108108520508
77917,0.00987243652344
77918,0.0
77919,0.00105857849121
77920,0.00370788574219
77921,0.00674819946289
77922,0.00720596313477
77923,0.00829315185547
77924,0.0105895996094
77925,0.011589050293
77926,0.0
77927,0.00290679931641
77928,0.00475311279297
77929,0.00609970092773
77930,0.00634765625
77931,0.00709915161133
77932,0.0116500854492
77933,0.013313293457
77934,0.0
77935,0.00222587585449
77936,0.00302505493164
77937,0.00364875793457
77938,0.00658798217773
77939,0.00737380981445
77940,0.00662994384766
77941,0.00931549072266
77942,0.0
77943,0.00227546691895
77944,0.00442123413086
77945,0.00493621826172
77946,0.00629043579102
77947,0.00711822509766
77948,0.0071907043457
77949,0.0101318359375
77950,0.0
77951,0.00233459472656
77952,0.00203323364258
77953,0.00794982910156
77954,0.00926208496094
77955,0.00991058349609
77956,0.0110092163086
77957,0.0159149169922
77958,0.0
77959,0.0012264251709
77960,0.00229263305664
77961,0.00569915771484
77962,0.00891876220703
77963,0.0118789672852
77964,0.0156555175781
77965,0.0151214599609
77966,0.0
77967,0.00174236297607
77968,0.00360870361328
77969,0.0041618347168
77970,0.00963592529297
77971,0.0112075805664
77972,0.0112075805664
77973,0.0116424560547
77974,0.0
77975,0.0012903213501
77976,0.00351142883301
77977,0.00483322143555
77978,0.00715637207031
77979,0.00766754150391
77980,0.0102996826172
77981,0.0120697021484
77982,0.0
77983,0.00236129760742
77984,0.0064697265625
77985,0.00881958007812
77986,0.00882720947266
77987,0.0105819702148
77988,0.01220703125
77989,0.0131149291992
77990,0.0
77991,0.00128173828125
77992,0.00379180908203
77993,0.00523376464844
77994,0.00844573974609
77995,0.00901031494141
77996,0.0100708007812
77997,0.0130615234375
77998,0.0
77999,0.000949859619141
78000,0.0048828125
78001,0.00624084472656
78002,0.00932312011719
78003,0.0108795166016
78004,0.0126571655273
78005,0.0123519897461
78006,0.0
78007,0.00130558013916
78008,0.0061149597168
78009,0.00997161865234
78010,0.0127639770508
78011,0.0131530761719
78012,0.0121459960938
78013,0.0153579711914
78014,0.0
78015,0.00193119049072
78016,0.00656509399414
78017,0.00868225097656
78018,0.0109939575195
78019,0.0113372802734
78020,0.0129776000977
78021,0.0142669677734
78022,0.0
78023,0.0016622543335
78024,0.00394058227539
78025,0.00519943237305
78026,0.0059700012207
78027,0.011100769043
78028,0.00901794433594
78029,0.0112457275391
78030,0.0
78031,0.00297164916992
78032,0.00618362426758
78033,0.00902557373047
78034,0.00981903076172
78035,0.00922393798828
78036,0.00950622558594
78037,0.0108871459961
78038,0.0
78039,0.00238609313965
78040,0.00335884094238
78041,0.00464630126953
78042,0.00687408447266
78043,0.0109634399414
78044,0.0129013061523
78045,0.0150680541992
78046,0.0
78047,0.00161743164062
78048,0.0033016204834
78049,0.00655364990234
78050,0.00635147094727
78051,0.00832366943359
78052,0.0101165771484
78053,0.0125885009766
78054,0.0
78055,0.00167274475098
78056,0.00462341308594
78057,0.00981903076172
78058,0.0109329223633
78059,0.0123596191406
78060,0.0128555297852
78061,0.0145416259766
78062,0.0
78063,0.00265312194824
78064,0.00614929199219
78065,0.00761032104492
78066,0.0112152099609
78067,0.0133438110352
78068,0.0168304443359
78069,0.01806640625
78070,0.0
78071,0.00146007537842
78072,0.00244140625
78073,0.00462341308594
78074,0.0064811706543
78075,0.01025390625
78076,0.00959777832031
78077,0.0131683349609
78078,0.0
78079,0.00201034545898
78080,0.00226974487305
78081,0.00536346435547
78082,0.00764846801758
78083,0.0102386474609
78084,0.013916015625
78085,0.0182800292969
78086,0.0
78087,0.00189208984375
78088,0.00330543518066
78089,0.00474166870117
78090,0.00813293457031
78091,0.00788879394531
78092,0.00791168212891
78093,0.0131988525391
78094,0.0
78095,0.00326347351074
78096,0.00543212890625
78097,0.00875854492188
78098,0.00873565673828
78099,0.0100479125977
78100,0.00925445556641
78101,0.0105743408203
78102,0.0
78103,0.00265502929688
78104,0.00379943847656
78105,0.00389099121094
78106,0.00593185424805
78107,0.00955963134766
78108,0.0106353759766
78109,0.0122299194336
78110,0.0
78111,0.00155448913574
78112,0.0045280456543
78113,0.00535583496094
78114,0.00843048095703
78115,0.00741577148438
78116,0.0102005004883
78117,0.0105056762695
78118,0.0
78119,0.000843048095703
78120,0.00259780883789
78121,0.00527954101562
78122,0.00705718994141
78123,0.00814819335938
78124,0.00980377197266
78125,0.0134658813477
78126,0.0
78127,0.000674724578857
78128,0.00229072570801
78129,0.00437545776367
78130,0.0075569152832
78131,0.00653839111328
78132,0.0101165771484
78133,0.0113296508789
78134,0.0
78135,0.00206756591797
78136,0.005126953125
78137,0.00705718994141
78138,0.0100936889648
78139,0.0106811523438
78140,0.0140609741211
78141,0.0128402709961
78142,0.0
78143,0.00132942199707
78144,0.00409698486328
78145,0.00451278686523
78146,0.00753784179688
78147,0.00638961791992
78148,0.00929260253906
78149,0.0131301879883
78150,0.0
78151,0.00340270996094
78152,0.00690078735352
78153,0.00724792480469
78154,0.00868988037109
78155,0.0118026733398
78156,0.015869140625
78157,0.0185241699219
78158,0.0
78159,0.00160980224609
78160,0.0034236907959
78161,0.00691604614258
78162,0.00740051269531
78163,0.00933837890625
78164,0.0100250244141
78165,0.014518737793
78166,0.0
78167,0.00227737426758
78168,0.00373458862305
78169,0.00696563720703
78170,0.00713729858398
78171,0.00888824462891
78172,0.0112228393555
78173,0.0128631591797
78174,0.0
78175,0.00251197814941
78176,0.00336647033691
78177,0.00802612304688
78178,0.00932312011719
78179,0.0111236572266
78180,0.015495300293
78181,0.0152816772461
78182,0.0
78183,0.001953125
78184,0.00282859802246
78185,0.00484085083008
78186,0.00753402709961
78187,0.0100555419922
78188,0.0121002197266
78189,0.0115585327148
78190,0.0
78191,0.00215148925781
78192,0.00386428833008
78193,0.00686264038086
78194,0.00735092163086
78195,0.0106658935547
78196,0.0132064819336
78197,0.0123443603516
78198,0.0
78199,0.00116062164307
78200,0.00295829772949
78201,0.0053596496582
78202,0.0103759765625
