4,0.0
5,0.0
6,0.0
7,0.0
8,0.0
9,0.0
10,0.0
11,0.0
12,0.0
13,0.0
14,5.96046447754e-07
15,5.42402267456e-05
16,0.000415563583374
17,0.00104808807373
18,0.0019359588623
19,0.0
20,0.0
21,0.0
22,0.00609588623047
23,0.0116577148438
24,0.0133209228516
25,0.0210723876953
26,0.0247344970703
27,0.0
28,0.0
29,0.0
30,0.00311851501465
31,0.00672912597656
32,0.0113296508789
33,0.0151062011719
34,0.0193786621094
35,0.0
36,0.0
37,0.0
38,0.00256156921387
39,0.00625228881836
40,0.00932312011719
41,0.0144805908203
42,0.0192260742188
43,0.0
44,0.0
45,0.0
46,0.00189781188965
47,0.00513076782227
48,0.00787353515625
49,0.0105895996094
50,0.0154113769531
51,0.0
52,0.0
53,0.0
54,0.000929355621338
55,0.00351524353027
56,0.00782012939453
57,0.0116958618164
58,0.0145034790039
59,0.0
60,0.0
61,0.0
62,0.000676155090332
63,0.00301551818848
64,0.00766372680664
65,0.00997924804688
66,0.0133972167969
67,0.0
68,0.0
69,0.0
70,0.0015811920166
71,0.00349998474121
72,0.00612640380859
73,0.0103988647461
74,0.0128860473633
75,0.0
76,0.0
77,0.0
78,0.000990867614746
79,0.0034351348877
80,0.00700759887695
81,0.0101165771484
82,0.0133438110352
83,0.0
84,0.0
85,0.0
86,0.000977516174316
87,0.00352478027344
88,0.00442886352539
89,0.00816345214844
90,0.00961303710938
91,0.0
92,0.0
93,0.0
94,0.000632286071777
95,0.00223350524902
96,0.00325584411621
97,0.00510406494141
98,0.00732803344727
99,0.0
100,0.0
101,0.0
102,0.00101280212402
103,0.00135231018066
104,0.00444793701172
105,0.00500106811523
106,0.00933837890625
107,0.0
108,0.0
109,0.0
110,0.000765800476074
111,0.00161361694336
112,0.00242233276367
113,0.00641250610352
114,0.00763320922852
115,0.0
116,0.0
117,0.0
118,0.00097131729126
119,0.00243186950684
120,0.0041389465332
121,0.00764465332031
122,0.00691604614258
123,0.0
124,0.0
125,0.0
126,0.00118541717529
127,0.00310897827148
128,0.0031909942627
129,0.00478363037109
130,0.00704193115234
131,0.0
132,0.0
133,0.0
134,0.000219702720642
135,0.00168704986572
136,0.00400543212891
137,0.00524139404297
138,0.00605773925781
139,0.0
140,0.0
141,0.0
142,0.000551223754883
143,0.000999450683594
144,0.00211143493652
145,0.00466918945312
146,0.00666809082031
147,0.0
148,0.0
149,0.0
150,0.000427961349487
151,0.00146865844727
152,0.00196075439453
153,0.00525665283203
154,0.00534057617188
155,0.0
156,0.0
157,0.0
158,0.00134944915771
159,0.00251579284668
160,0.003173828125
161,0.00543975830078
162,0.00736999511719
163,0.0
164,0.0
165,0.0
166,0.000656127929688
167,0.00223731994629
168,0.00191020965576
169,0.00337219238281
170,0.00514984130859
171,0.0
172,0.0
173,0.0
174,1.72853469849e-06
175,0.00145149230957
176,0.00194549560547
177,0.00341606140137
178,0.00418853759766
179,0.0
180,0.0
181,0.0
182,0.000426292419434
183,0.00100135803223
184,0.00319290161133
185,0.00502395629883
186,0.00730514526367
187,0.0
188,0.0
189,0.0
190,0.000644683837891
191,0.00159454345703
192,0.00272560119629
193,0.00422286987305
194,0.00894927978516
195,0.0
196,0.0
197,0.0
198,0.000219106674194
199,0.000558853149414
200,0.00130367279053
201,0.00503921508789
202,0.00811767578125
203,0.0
204,0.0
205,0.0
206,0.000759124755859
207,0.00106811523438
208,0.00204849243164
209,0.00369262695312
210,0.00622177124023
211,0.0
212,0.0
213,0.0
214,0.000224947929382
215,0.000627040863037
216,0.00100803375244
217,0.0021915435791
218,0.00372505187988
219,0.0
220,0.0
221,0.0
222,0.000546932220459
223,0.00101947784424
224,0.00149631500244
225,0.00406265258789
226,0.00666427612305
227,0.0
228,0.0
229,0.0
230,0.000219106674194
231,0.000904083251953
232,0.00148868560791
233,0.0023078918457
234,0.00493621826172
235,0.0
236,0.0
237,0.0
238,0.000223755836487
239,0.0018949508667
240,0.00234603881836
241,0.00527954101562
242,0.00578308105469
243,0.0
244,0.0
245,0.0
246,0.00043249130249
247,0.00144386291504
248,0.00249862670898
249,0.00312042236328
250,0.00503540039062
251,0.0
252,0.0
253,0.0
254,0.000761032104492
255,0.00193309783936
256,0.00201225280762
257,0.00442886352539
258,0.00653076171875
259,0.0
260,0.0
261,0.0
262,0.000426292419434
263,0.00121879577637
264,0.00138664245605
265,0.00337028503418
266,0.00508499145508
267,0.0
268,0.0
269,0.0
270,0.000511169433594
271,0.00118350982666
272,0.00300788879395
273,0.00406265258789
274,0.00491714477539
275,0.0
276,0.0
277,0.0
278,0.000213980674744
279,0.00226402282715
280,0.00310897827148
281,0.00437927246094
282,0.00600051879883
283,0.0
284,0.0
285,0.0
286,0.00043773651123
287,0.00159549713135
288,0.00193405151367
289,0.00289916992188
290,0.00532531738281
291,0.0
292,0.0
293,0.0
294,0.000862598419189
295,0.00151538848877
296,0.00209426879883
297,0.00295829772949
298,0.00527191162109
299,0.0
300,0.0
301,0.0
302,0.000432014465332
303,0.00178813934326
304,0.00168132781982
305,0.00266075134277
306,0.00504302978516
307,0.0
308,0.0
309,0.0
310,0.000335216522217
311,0.000609397888184
312,0.00151348114014
313,0.0023021697998
314,0.00474548339844
315,0.0
316,0.0
317,0.0
318,0.000219702720642
319,0.0012378692627
320,0.00189781188965
321,0.0035572052002
322,0.00485229492188
323,0.0
324,0.0
325,0.0
326,0.000219702720642
327,0.00117111206055
328,0.00186443328857
329,0.00352478027344
330,0.00548934936523
331,0.0
332,0.0
333,0.0
334,0.000452041625977
335,0.000813961029053
336,0.00201416015625
337,0.00334930419922
338,0.00453948974609
339,0.0
340,0.0
341,0.0
342,0.000546455383301
343,0.00146770477295
344,0.00137710571289
345,0.00251388549805
346,0.00394439697266
347,0.0
348,0.0
349,0.0
350,0.000867366790771
351,0.00101184844971
352,0.00225067138672
353,0.00243949890137
354,0.00483322143555
355,0.0
356,0.0
357,0.0
358,0.0
359,0.00127506256104
360,0.00167083740234
361,0.00332069396973
362,0.0048828125
363,0.0
364,0.0
365,0.0
366,0.000214576721191
367,0.00154304504395
368,0.00247001647949
369,0.00428771972656
370,0.00392150878906
371,0.0
372,0.0
373,0.0
374,0.000226259231567
375,0.00117206573486
376,0.00192546844482
377,0.00327491760254
378,0.00503158569336
379,0.0
380,0.0
381,0.0
382,7.5101852417e-06
383,0.00093936920166
384,0.00106620788574
385,0.00327110290527
386,0.00704574584961
387,0.0
388,0.0
389,0.0
390,0.000212788581848
391,0.00121021270752
392,0.00302696228027
393,0.00316619873047
394,0.00650787353516
395,0.0
396,0.0
397,0.0
398,0.000213384628296
399,0.00135517120361
400,0.00153827667236
401,0.00314140319824
402,0.00510787963867
403,0.0
404,0.0
405,0.0
406,5.18560409546e-06
407,0.000145077705383
408,0.00126361846924
409,0.00141143798828
410,0.00349235534668
411,0.0
412,0.0
413,0.0
414,5.96046447754e-07
415,0.00023353099823
416,0.00130558013916
417,0.00249862670898
418,0.00394058227539
419,0.0
420,0.0
421,0.0
422,1.72853469849e-06
423,0.000723361968994
424,0.00186538696289
425,0.0030574798584
426,0.00545120239258
427,0.0
428,0.0
429,0.0
430,0.0
431,0.000741958618164
432,0.00102996826172
433,0.00294303894043
434,0.00448226928711
435,0.0
436,0.0
437,0.0
438,0.000213980674744
439,0.000865936279297
440,0.00205993652344
441,0.00253677368164
442,0.00512313842773
443,0.0
444,0.0
445,0.0
446,0.000219702720642
447,0.000475883483887
448,0.0018367767334
449,0.00349044799805
450,0.00461196899414
451,0.0
452,0.0
453,0.0
454,0.000638961791992
455,0.000711917877197
456,0.00175380706787
457,0.00165367126465
458,0.00374221801758
459,0.0
460,0.0
461,0.0
462,0.000267744064331
463,0.000677108764648
464,0.00172424316406
465,0.00399780273438
466,0.00436782836914
467,0.0
468,0.0
469,0.0
470,0.000213980674744
471,0.000651836395264
472,0.00173282623291
473,0.00251388549805
474,0.00327491760254
475,0.0
476,0.0
477,0.0
478,0.00025486946106
479,0.000325441360474
480,0.00119400024414
481,0.0024585723877
482,0.00344085693359
483,0.0
484,0.0
485,0.0
486,0.000426292419434
487,0.000959396362305
488,0.00172710418701
489,0.00408172607422
490,0.00374794006348
491,0.0
492,0.0
493,0.0
494,6.37769699097e-06
495,0.000188946723938
496,0.00111770629883
497,0.00178050994873
498,0.00344276428223
499,0.0
500,0.0
501,0.0
502,0.00043249130249
503,0.000971794128418
504,0.00106048583984
505,0.00205993652344
506,0.00317192077637
507,0.0
508,0.0
509,0.0
510,5.78165054321e-06
511,9.42945480347e-05
512,0.000829219818115
513,0.00225257873535
514,0.00436401367188
515,0.0
516,0.0
517,0.0
518,2.32458114624e-06
519,0.000782489776611
520,0.00156402587891
521,0.00279426574707
522,0.00331878662109
523,0.0
524,0.0
525,0.0
526,2.58088111877e-05
527,0.000155687332153
528,0.000813961029053
529,0.00211906433105
530,0.00267601013184
531,0.0
532,0.0
533,0.0
534,0.000215172767639
535,0.000528335571289
536,0.00179958343506
537,0.00394058227539
538,0.00521850585938
539,0.0
540,0.0
541,0.0
542,0.0003342628479
543,0.000312566757202
544,0.00135898590088
545,0.00220489501953
546,0.00385856628418
547,0.0
548,0.0
549,0.0
550,5.78165054321e-06
551,0.000346660614014
552,0.0011043548584
553,0.0014762878418
554,0.00260543823242
555,0.0
556,0.0
557,0.0
558,0.000213980674744
559,0.000918865203857
560,0.000936031341553
561,0.00126361846924
562,0.00402069091797
563,0.0
564,0.0
565,0.0
566,5.96046447754e-07
567,0.000288486480713
568,0.000799655914307
569,0.00273895263672
570,0.00397491455078
571,0.0
572,0.0
573,0.0
574,2.86102294922e-06
575,0.000179648399353
576,0.00154685974121
577,0.00269508361816
578,0.00308990478516
579,0.0
580,0.0
581,0.0
582,8.64267349243e-06
583,0.000464916229248
584,0.00214195251465
585,0.00262641906738
586,0.00450897216797
587,0.0
588,0.0
589,0.0
590,8.83340835571e-05
591,0.000206589698792
592,0.00111484527588
593,0.00227737426758
594,0.00249862670898
595,0.0
596,0.0
597,0.0
598,7.5101852417e-06
599,0.000217795372009
600,0.000712394714355
601,0.00178813934326
602,0.00293922424316
603,0.0
604,0.0
605,0.0
606,5.78165054321e-06
607,0.000154256820679
608,0.00127983093262
609,0.00195693969727
610,0.00220680236816
611,0.0
612,0.0
613,0.0
614,7.5101852417e-06
615,0.000550746917725
616,0.00153827667236
617,0.00249099731445
618,0.00325202941895
619,0.0
620,0.0
621,0.0
622,1.98483467102e-05
623,0.000480651855469
624,0.00100803375244
625,0.00156402587891
626,0.00306129455566
627,0.0
628,0.0
629,0.0
630,5.78165054321e-06
631,0.000640869140625
632,0.00126457214355
633,0.00323486328125
634,0.00317192077637
635,0.0
636,0.0
637,0.0
638,6.91413879395e-06
639,0.000108897686005
640,0.000356674194336
641,0.00130271911621
642,0.00323295593262
643,0.0
644,0.0
645,0.0
646,2.86102294922e-06
647,0.000627994537354
648,0.00123310089111
649,0.00305557250977
650,0.00362396240234
651,0.0
652,0.0
653,0.0
654,1.13248825073e-06
655,0.000167012214661
656,0.000617980957031
657,0.00113964080811
658,0.00246429443359
659,0.0
660,0.0
661,0.0
662,6.91413879395e-06
663,0.000381231307983
664,0.00102233886719
665,0.00237083435059
666,0.00349807739258
667,0.0
668,0.0
669,0.0
670,0.000213384628296
671,0.00032114982605
672,0.000845909118652
673,0.00157642364502
674,0.0034065246582
675,0.0
676,0.0
677,0.0
678,2.32458114624e-06
679,8.73208045959e-05
680,0.00112438201904
681,0.00215339660645
682,0.00452423095703
683,0.0
684,0.0
685,0.0
686,1.13248825073e-06
687,0.000284671783447
688,0.000971794128418
689,0.00200462341309
690,0.00284957885742
691,0.0
692,0.0
693,0.0
694,5.96046447754e-07
695,0.000183343887329
696,0.000529766082764
697,0.00196266174316
698,0.00393295288086
699,0.0
700,0.0
701,0.0
702,6.91413879395e-06
703,0.000200271606445
704,0.00132751464844
705,0.000974178314209
706,0.00226783752441
707,0.0
708,0.0
709,0.0
710,1.61528587341e-05
711,0.000218152999878
712,0.000762462615967
713,0.00104808807373
714,0.00214004516602
715,0.0
716,0.0
717,0.0
718,4.67300415039e-05
719,0.000178933143616
720,0.000604152679443
721,0.00118732452393
722,0.00267028808594
723,0.0
724,0.0
725,0.0
726,4.73260879517e-05
727,0.000637531280518
728,0.00179576873779
729,0.00266456604004
730,0.00266456604004
731,0.0
732,0.0
733,0.0
734,2.32458114624e-06
735,8.65459442139e-05
736,0.000330924987793
737,0.00108909606934
738,0.00134563446045
739,0.0
740,0.0
741,0.0
742,6.59823417664e-05
743,0.000451326370239
744,0.00123977661133
745,0.00252914428711
746,0.00259208679199
747,0.0
748,0.0
749,0.0
750,7.5101852417e-06
751,0.000209927558899
752,0.00152397155762
753,0.00230407714844
754,0.00354766845703
755,0.0
756,0.0
757,0.0
758,1.09672546387e-05
759,6.44326210022e-05
760,0.00118064880371
761,0.00312995910645
762,0.00385856628418
763,0.0
764,0.0
765,0.0
766,1.34706497192e-05
767,0.000463962554932
768,0.00161647796631
769,0.00206184387207
770,0.00384712219238
771,0.0
772,0.0
773,0.0
774,5.18560409546e-06
775,0.000221848487854
776,0.000590801239014
777,0.00101661682129
778,0.00170230865479
779,0.0
780,0.0
781,0.0
782,1.20997428894e-05
783,0.000552177429199
784,0.00109672546387
786,0.00244331359863
787,0.00308418273926
788,0.0
789,0.0
790,0.0
791,6.37769699097e-06
792,0.000426054000854
793,0.00158023834229
794,0.00274848937988
795,0.00397491455078
796,0.0
797,0.0
798,0.0
799,6.91413879395e-06
800,0.000104665756226
801,0.000916481018066
802,0.0014820098877
803,0.00250053405762
804,0.0
805,0.0
806,0.0
807,1.13248825073e-06
808,0.000186085700989
809,0.0012264251709
810,0.00326347351074
811,0.00363159179688
812,0.0
813,0.0
814,0.0
815,5.96046447754e-07
816,0.000429153442383
817,0.000743865966797
818,0.00115203857422
819,0.00279998779297
820,0.0
821,0.0
822,0.0
823,9.23871994019e-06
824,0.000175476074219
825,0.000537872314453
826,0.00127410888672
827,0.00186634063721
828,0.0
829,0.0
830,0.0
831,1.13248825073e-06
832,0.000147700309753
833,0.00111484527588
834,0.00166988372803
835,0.00301551818848
836,0.0
837,0.0
838,0.0
839,8.42809677124e-05
840,0.000276565551758
841,0.000975131988525
842,0.00198554992676
843,0.00391006469727
844,0.0
845,0.0
846,0.0
847,0.000167369842529
848,0.000640392303467
849,0.00138187408447
850,0.00178241729736
851,0.0020923614502
852,0.0
853,0.0
854,0.0
855,4.2736530304e-05
856,0.000165224075317
857,0.0010871887207
858,0.00229263305664
859,0.00373268127441
860,0.0
861,0.0
862,0.0
863,4.73260879517e-05
864,0.000157237052917
865,0.000526905059814
866,0.00173091888428
867,0.00325965881348
868,0.0
869,0.0
870,0.0
871,1.72853469849e-06
872,0.000312089920044
873,0.000953674316406
874,0.001784324646
875,0.00241470336914
876,0.0
877,0.0
878,0.0
879,1.72853469849e-06
880,0.000105619430542
881,0.000617980957031
882,0.00105857849121
883,0.00255584716797
884,0.0
885,0.0
886,0.0
887,2.86102294922e-06
888,0.00016987323761
889,0.000406265258789
890,0.00119113922119
891,0.0019702911377
892,0.0
893,0.0
894,0.0
895,8.94665718079e-05
896,9.57846641541e-05
897,0.0011682510376
898,0.00178909301758
899,0.00276565551758
900,0.0
901,0.0
902,0.0
903,0.000125765800476
904,0.0003342628479
905,0.000876903533936
906,0.0015983581543
907,0.00295639038086
908,0.0
909,0.0
910,0.0
911,1.72853469849e-06
912,0.000377893447876
913,0.000558376312256
914,0.00189971923828
915,0.00279808044434
916,0.0
917,0.0
918,0.0
919,2.86102294922e-06
920,0.000547885894775
921,0.00104904174805
922,0.00143527984619
923,0.0045166015625
924,0.0
925,0.0
926,0.0
927,1.13248825073e-06
928,0.00023353099823
929,0.000838279724121
930,0.00183200836182
931,0.00199699401855
932,0.0
933,0.0
934,0.0
935,1.13248825073e-06
936,7.86781311035e-05
937,0.000521659851074
938,0.00115203857422
939,0.00199699401855
940,0.0
941,0.0
942,0.0
943,4.32729721069e-05
944,0.00019359588623
945,0.00063943862915
946,0.00222778320312
947,0.00246238708496
948,0.0
949,0.0
950,0.0
951,6.02006912231e-05
952,0.000288963317871
953,0.000999450683594
954,0.00214576721191
955,0.00326347351074
956,0.0
957,0.0
958,0.0
959,5.96046447754e-07
960,0.000244617462158
961,0.00100612640381
962,0.0011100769043
963,0.00233268737793
964,0.0
965,0.0
966,0.0
967,1.09672546387e-05
968,0.000892639160156
969,0.00143051147461
970,0.00170612335205
971,0.00354766845703
972,0.0
973,0.0
974,0.0
975,5.78165054321e-06
976,9.63807106018e-05
977,0.000766277313232
978,0.00152397155762
979,0.00276565551758
980,0.0
981,0.0
982,0.0
983,1.28746032715e-05
984,0.000150203704834
985,0.00127792358398
986,0.00217056274414
987,0.0026798248291
988,0.0
989,0.0
990,0.0
991,0.000127553939819
992,0.000134468078613
993,0.0012903213501
994,0.00226783752441
995,0.00279235839844
996,0.0
997,0.0
998,0.0
999,1.09672546387e-05
1000,0.000122308731079
1001,0.000684261322021
1002,0.00142288208008
1003,0.00342178344727
1004,0.0
1005,0.0
1006,0.0
1007,5.50150871277e-05
1008,0.000337362289429
1009,0.000354290008545
1010,0.00160217285156
1011,0.0030403137207
1012,0.0
1013,0.0
1014,0.0
1015,5.96046447754e-07
1016,0.000370740890503
1017,0.000600337982178
1018,0.0023136138916
1019,0.00226402282715
1020,0.0
1021,0.0
1022,0.0
1023,0.0
1024,0.000335216522217
1025,0.000803470611572
1026,0.000813961029053
1027,0.00179767608643
1028,0.0
1029,0.0
1030,0.0
1031,0.0
1032,0.000504493713379
1033,0.0011625289917
1034,0.00220108032227
1035,0.00601577758789
1036,0.0
1037,0.0
1038,0.0
1039,1.72853469849e-06
1040,0.000430583953857
1041,0.000612735748291
1042,0.00120735168457
1043,0.002685546875
1044,0.0
1045,0.0
1046,0.0
1047,0.0
1048,0.00028657913208
1049,0.000848770141602
1050,0.0017557144165
1051,0.00182151794434
1052,0.0
1053,0.0
1054,0.0
1055,1.72853469849e-06
1056,0.000875473022461
1057,0.0015697479248
1058,0.00179672241211
1059,0.00233840942383
1060,0.0
1061,0.0
1062,0.0
1063,5.96046447754e-07
1064,0.000608921051025
1065,0.000925064086914
1066,0.00193309783936
1067,0.00336647033691
1068,0.0
1069,0.0
1070,0.0
1071,3.45706939697e-06
1072,8.79168510437e-05
1073,0.00152397155762
1074,0.00273513793945
1075,0.00458526611328
1076,0.0
1077,0.0
1078,0.0
1079,1.72853469849e-06
1080,0.000229477882385
1081,0.00090503692627
1082,0.00297164916992
1083,0.00419235229492
1084,0.0
1085,0.0
1086,0.0
1087,1.72853469849e-06
1088,0.000521659851074
1089,0.00150203704834
1090,0.00131416320801
1091,0.0029239654541
1092,0.0
1093,0.0
1094,0.0
1095,1.13248825073e-06
1096,0.000221967697144
1097,0.000395774841309
1098,0.00119781494141
1099,0.00231170654297
1100,0.0
1101,0.0
1102,0.0
1103,2.86102294922e-06
1104,7.31348991394e-05
1105,0.0007004737854
1106,0.00183296203613
1107,0.00392150878906
1108,0.0
1109,0.0
1110,0.0
1111,5.42402267456e-05
1112,0.000339984893799
1113,0.0013427734375
1114,0.00198936462402
1115,0.00334739685059
1116,0.0
1117,0.0
1118,0.0
1119,7.5101852417e-06
1120,0.00016176700592
1121,0.000995635986328
1122,0.00119018554688
1123,0.00168609619141
1124,0.0
1125,0.0
1126,0.0
1127,8.48174095154e-05
1128,0.000361442565918
1129,0.000884056091309
1130,0.00157737731934
1131,0.00219917297363
1132,0.0
1133,0.0
1134,0.0
1135,1.09672546387e-05
1136,0.000624656677246
1137,0.00094747543335
1138,0.00129508972168
1139,0.00221061706543
1140,0.0
1141,0.0
1142,0.0
1143,4.73260879517e-05
1144,0.00059700012207
1145,0.00080394744873
1146,0.00207328796387
1147,0.00370407104492
1148,0.0
1149,0.0
1150,0.0
1151,0.0
1152,0.000222206115723
1153,0.00107192993164
1154,0.00154590606689
1155,0.0034294128418
1156,0.0
1157,0.0
1158,0.0
1159,1.72853469849e-05
1160,0.000130414962769
1161,0.000293731689453
1162,0.00133419036865
1163,0.00242614746094
1164,0.0
1165,0.0
1166,0.0
1167,8.30888748169e-05
1168,9.42945480347e-05
1169,0.000640392303467
1170,0.00122165679932
1171,0.00235939025879
1172,0.0
1173,0.0
1174,0.0
1175,5.42402267456e-05
1176,0.000175833702087
1177,0.000662803649902
1178,0.00179862976074
1179,0.00296401977539
1180,0.0
1181,0.0
1182,0.0
1183,1.13248825073e-06
1184,0.000129103660583
1185,0.000849723815918
1186,0.00214958190918
1187,0.0034351348877
1188,0.0
1189,0.0
1190,0.0
1191,1.72853469849e-06
1192,0.000323534011841
1193,0.00114154815674
1194,0.00241661071777
1195,0.00366020202637
1196,0.0
1197,0.0
1198,0.0
1199,1.13248825073e-06
1200,0.000253915786743
1201,0.000855922698975
1202,0.00178146362305
1203,0.00292587280273
1204,0.0
1205,0.0
1206,0.0
1207,1.78813934326e-05
1208,0.000175476074219
1209,0.000581741333008
1210,0.00135898590088
1211,0.00268745422363
1212,0.0
1213,0.0
1214,0.0
1215,1.72853469849e-06
1216,0.000237822532654
1217,0.000569820404053
1218,0.00125503540039
1219,0.00285530090332
1220,0.0
1221,0.0
1222,0.0
1223,4.44650650024e-05
1224,0.000107944011688
1225,0.000417232513428
1226,0.00178813934326
1227,0.00180625915527
1228,0.0
1229,0.0
1230,0.0
1231,1.72853469849e-06
1232,0.000313282012939
1233,0.000564098358154
1234,0.000921249389648
1235,0.00171184539795
1236,0.0
1237,0.0
1238,0.0
1239,1.32918357849e-05
1240,0.000151038169861
1241,0.000941753387451
1242,0.00183200836182
1243,0.00482177734375
1244,0.0
1245,0.0
1246,0.0
1247,1.72853469849e-06
1248,0.000870704650879
1249,0.00131511688232
1250,0.00202751159668
1251,0.00307083129883
1252,0.0
1253,0.0
1254,0.0
1255,1.63316726685e-05
1256,0.000247716903687
1257,0.00187969207764
1258,0.00303268432617
1259,0.00348854064941
1260,0.0
1261,0.0
1262,0.0
1263,3.45706939697e-06
1264,0.000197410583496
1265,0.00144195556641
1266,0.00265502929688
1267,0.00489807128906
1268,0.0
1269,0.0
1270,0.0
1271,1.13248825073e-06
1272,0.000343799591064
1273,0.00118350982666
1274,0.00234222412109
1275,0.00290107727051
1276,0.0
1277,0.0
1278,0.0
1279,5.25116920471e-05
1280,0.000149726867676
1281,0.000301361083984
1282,0.000714302062988
1283,0.00214195251465
1284,0.0
1285,0.0
1286,0.0
1287,2.32458114624e-06
1288,0.00011545419693
1289,0.000859260559082
1290,0.00166988372803
1291,0.00209045410156
1292,0.0
1293,0.0
1294,0.0
1295,5.78165054321e-06
1296,0.000580310821533
1297,0.00118064880371
1298,0.00149440765381
1299,0.0026969909668
1300,0.0
1301,0.0
1302,0.0
1303,5.44786453247e-05
1304,0.000279188156128
1305,0.000837326049805
1306,0.00161266326904
1307,0.00330924987793
1308,0.0
1309,0.0
1310,0.0
1311,1.03712081909e-05
1312,0.000188589096069
1313,0.00105094909668
1314,0.00210380554199
1315,0.00324058532715
1316,0.0
1317,0.0
1318,0.0
1319,2.86102294922e-06
1320,0.000204563140869
1321,0.0007004737854
1322,0.00103664398193
1323,0.00296974182129
1324,0.0
1325,0.0
1326,0.0
1327,5.96046447754e-07
1328,0.000102937221527
1329,0.000657558441162
1330,0.00189304351807
1331,0.00308227539062
1332,0.0
1333,0.0
1334,0.0
1335,1.72853469849e-06
1336,0.000167369842529
1337,0.00156688690186
1338,0.00329780578613
1339,0.00645065307617
1340,0.0
1341,0.0
1342,0.0
1343,1.13248825073e-06
1344,0.000550270080566
1345,0.0013542175293
1346,0.0015115737915
1347,0.0029468536377
1348,0.0
1349,0.0
1350,0.0
1351,4.2736530304e-05
1352,0.000251770019531
1353,0.00125217437744
1354,0.000814437866211
1355,0.00223159790039
1356,0.0
1357,0.0
1358,0.0
1359,1.28746032715e-05
1360,0.000282049179077
1361,0.000889778137207
1362,0.00161457061768
1363,0.00261878967285
1364,0.0
1365,0.0
1366,0.0
1367,6.37769699097e-06
1368,9.13739204407e-05
1369,0.000579833984375
1370,0.00118160247803
1371,0.0017261505127
1372,0.0
1373,0.0
1374,0.0
1375,1.72853469849e-06
1376,0.000393629074097
1377,0.00109004974365
1378,0.00238227844238
1379,0.0036735534668
1380,0.0
1381,0.0
1382,0.0
1383,8.36849212646e-05
1384,0.000562191009521
1385,0.00105571746826
1386,0.00160121917725
1387,0.00358772277832
1388,0.0
1389,0.0
1390,0.0
1391,1.09672546387e-05
1392,0.00038743019104
1393,0.000688076019287
1394,0.00153350830078
1395,0.00319671630859
1396,0.0
1397,0.0
1398,0.0
1399,1.80602073669e-05
1400,0.000127911567688
1401,0.000476837158203
1402,0.00102043151855
1403,0.00222587585449
1404,0.0
1405,0.0
1406,0.0
1407,1.09672546387e-05
1408,0.000249862670898
1409,0.000781059265137
1410,0.00189399719238
1411,0.00343132019043
1412,0.0
1413,0.0
1414,0.0
1415,0.0
1416,0.000172138214111
1417,0.000767707824707
1418,0.00208473205566
1419,0.00455093383789
1420,0.0
1421,0.0
1422,0.0
1423,1.72853469849e-06
1424,0.000219345092773
1425,0.000797748565674
1426,0.00189018249512
1427,0.00296783447266
1428,0.0
1429,0.0
1430,0.0
1431,6.37769699097e-06
1432,9.13739204407e-05
1433,0.000792980194092
1434,0.000998497009277
1435,0.00245475769043
1436,0.0
1437,0.0
1438,0.0
1439,5.18560409546e-06
1440,0.000364780426025
1441,0.0008864402771
1442,0.00220680236816
1443,0.00373840332031
1444,0.0
1445,0.0
1446,0.0
1447,0.0
1448,3.23057174683e-05
1449,0.000468492507935
1450,0.00150108337402
1451,0.00237655639648
1452,0.0
1453,0.0
1454,0.0
1455,1.34706497192e-05
1456,8.52346420288e-05
1457,0.000932216644287
1458,0.00192451477051
1459,0.00242233276367
1460,0.0
1461,0.0
1462,0.0
1463,1.13248825073e-06
1464,0.00011545419693
1465,0.000487565994263
1466,0.00118541717529
1467,0.0024471282959
1468,0.0
1469,0.0
1470,0.0
1471,1.72853469849e-06
1472,7.11679458618e-05
1473,0.000536441802979
1474,0.00174236297607
1475,0.0028190612793
1476,0.0
1477,0.0
1478,0.0
1479,5.96046447754e-07
1480,0.000246524810791
1481,0.000904083251953
1482,0.00194931030273
1483,0.00348091125488
1484,0.0
1485,0.0
1486,0.0
1487,1.13248825073e-06
1488,0.000338554382324
1489,0.00108432769775
1490,0.00283813476562
1491,0.00295639038086
1492,0.0
1493,0.0
1494,0.0
1495,0.0
1496,0.000155091285706
1497,0.00065803527832
1498,0.00237846374512
1499,0.00424957275391
1500,0.0
1501,0.0
1502,0.0
1503,5.96046447754e-07
1504,0.000264883041382
1505,0.000779151916504
1506,0.00145816802979
1507,0.00209617614746
1508,0.0
1509,0.0
1510,0.0
1511,2.32458114624e-06
1512,0.000304460525513
1513,0.00158309936523
1514,0.00303268432617
1515,0.00536727905273
1516,0.0
1517,0.0
1518,0.0
1519,1.13248825073e-06
1520,3.94582748413e-05
1521,0.000552654266357
1522,0.00159645080566
1523,0.00302314758301
1524,0.0
1525,0.0
1526,0.0
1527,5.96046447754e-07
1528,0.00036883354187
1529,0.00048041343689
1530,0.00206756591797
1531,0.00223731994629
1532,0.0
1533,0.0
1534,0.0
1535,8.48174095154e-05
1536,0.000111401081085
1537,0.000829219818115
1538,0.00300979614258
1539,0.00431060791016
1540,0.0
1541,0.0
1542,0.0
1543,1.72853469849e-06
1544,0.000127196311951
1545,0.0012321472168
1546,0.00248908996582
1547,0.00607681274414
1548,0.0
1549,0.0
1550,0.0
1551,4.15444374084e-05
1552,0.00018310546875
1553,0.00128078460693
1554,0.00120449066162
1555,0.00234031677246
1556,0.0
1557,0.0
1558,0.0
1559,4.79221343994e-05
1560,0.000151753425598
1561,0.000864505767822
1562,0.00191307067871
1563,0.00372123718262
38319,0.000176668167114
38320,0.000586032867432
38322,0.00227737426758
38323,0.00383758544922
38324,0.0
38325,0.0
38326,0.0
38327,1.13248825073e-06
38328,0.000255346298218
38329,0.00131034851074
38330,0.00168418884277
38331,0.0030517578125
38332,0.0
38333,0.0
38334,0.0
38335,4.32729721069e-05
38336,0.000279664993286
38337,0.000939846038818
38338,0.00208473205566
38339,0.00212860107422
38340,0.0
38341,0.0
38342,0.0
38343,2.32458114624e-06
38344,9.52482223511e-05
38345,0.000993728637695
38346,0.00148296356201
38347,0.00179481506348
38348,0.0
38349,0.0
38350,0.0
38351,1.72853469849e-06
38352,0.000298261642456
38353,0.000787734985352
38354,0.00192260742188
38355,0.0032958984375
38356,0.0
38357,0.0
38358,0.0
38359,1.72853469849e-06
38360,0.000627040863037
38361,0.00124740600586
38362,0.0017786026001
38363,0.00314140319824
38364,0.0
38365,0.0
38366,0.0
38367,6.37769699097e-06
38368,0.000151038169861
38369,0.00110244750977
38370,0.0019702911377
38371,0.00299072265625
38372,0.0
38373,0.0
38374,0.0
38375,4.2736530304e-05
38376,6.46114349365e-05
38377,0.000616550445557
38378,0.00153064727783
38379,0.00274467468262
38380,0.0
38381,0.0
38382,0.0
38383,1.72853469849e-06
38384,0.000445127487183
38385,0.00077486038208
38386,0.00153732299805
38387,0.00234985351562
38388,0.0
38389,0.0
38390,0.0
38391,1.13248825073e-06
38392,8.52346420288e-05
38393,0.00059175491333
38394,0.00136184692383
38395,0.00241851806641
38396,0.0
38397,0.0
38398,0.0
38399,1.13248825073e-06
38400,0.000220894813538
38401,0.000679969787598
38402,0.00154495239258
38403,0.00339698791504
38404,0.0
38405,0.0
38406,0.0
38407,1.460313797e-05
38408,0.000631809234619
38409,0.00102615356445
38410,0.00148391723633
38411,0.00291061401367
38412,0.0
38413,0.0
38414,0.0
38415,2.32458114624e-06
38416,0.000124335289001
38417,0.000552654266357
38418,0.00111961364746
38419,0.00189304351807
38420,0.0
38421,0.0
38422,0.0
38423,2.32458114624e-06
38424,0.000272512435913
38425,0.000473022460938
38426,0.00164699554443
38427,0.00311660766602
38428,0.0
38429,0.0
38430,0.0
38431,6.91413879395e-06
38432,0.000149726867676
38433,0.00113296508789
38434,0.00262451171875
38435,0.00466156005859
38436,0.0
38437,0.0
38438,0.0
38439,8.42809677124e-05
38440,0.000357151031494
38441,0.000706195831299
38442,0.00143527984619
38443,0.00302314758301
38444,0.0
38445,0.0
38446,0.0
38447,1.72853469849e-06
38448,0.000105023384094
38449,0.00110912322998
38450,0.00210952758789
38451,0.00454330444336
38452,0.0
38453,0.0
38454,0.0
38455,0.000108897686005
38456,0.00028657913208
38457,0.000822067260742
38458,0.000883102416992
38459,0.00216484069824
38460,0.0
38461,0.0
38462,0.0
38463,2.32458114624e-06
38464,0.000155448913574
38465,0.00039529800415
38466,0.00193023681641
38467,0.00348663330078
38468,0.0
38469,0.0
38470,0.0
38471,6.37769699097e-06
38472,2.25305557251e-05
38473,0.000438213348389
38474,0.00111865997314
38475,0.00245094299316
38476,0.0
38477,0.0
38478,0.0
38479,2.32458114624e-06
38480,0.000314235687256
38481,0.0006103515625
38482,0.00156116485596
38483,0.00218391418457
38484,0.0
38485,0.0
38486,0.0
38487,1.13248825073e-06
38488,0.000229001045227
38489,0.000959873199463
38490,0.00207138061523
38491,0.00263214111328
38492,0.0
38493,0.0
38494,0.0
38495,1.13248825073e-06
38496,0.000855445861816
38497,0.00123882293701
38498,0.00271415710449
38499,0.00402450561523
38500,0.0
38501,0.0
38502,0.0
38503,0.000351428985596
38504,0.000523090362549
38505,0.00098705291748
38506,0.00187110900879
38507,0.00316619873047
38508,0.0
38509,0.0
38510,0.0
38511,1.13248825073e-06
38512,0.000269651412964
38513,0.000725269317627
38514,0.00199890136719
38515,0.00294303894043
38516,0.0
38517,0.0
38518,0.0
38519,5.78165054321e-06
38520,0.000347375869751
38521,0.00154685974121
38522,0.0028133392334
38523,0.00333595275879
38524,0.0
38525,0.0
38526,0.0
38527,4.50015068054e-05
38528,0.000402212142944
38529,0.000786781311035
38530,0.00137710571289
38531,0.00312805175781
38532,0.0
38533,0.0
38534,0.0
38535,0.0
38536,3.48091125488e-05
38537,0.000392436981201
38538,0.00121593475342
38539,0.00215721130371
38540,0.0
38541,0.0
38542,0.0
38543,2.521276474e-05
38544,8.58306884766e-05
38545,0.000463247299194
38546,0.00203704833984
38547,0.0031566619873
38548,0.0
38549,0.0
38550,0.0
38551,2.32458114624e-06
38552,0.000122904777527
38553,0.00072717666626
38554,0.000991821289062
38555,0.001953125
38556,0.0
38557,0.0
38558,0.0
38559,1.72853469849e-06
38560,0.000425100326538
38561,0.000566482543945
38562,0.00178241729736
38563,0.00326347351074
38564,0.0
38565,0.0
38566,0.0
38567,5.96046447754e-07
38568,0.000103712081909
38569,0.00111293792725
38570,0.00173568725586
38571,0.00220108032227
38572,0.0
38573,0.0
38574,0.0
38575,5.18560409546e-06
38576,0.000387907028198
38577,0.00103664398193
38578,0.00205612182617
38579,0.00267601013184
38580,0.0
38581,0.0
38582,0.0
38583,2.86102294922e-06
38584,0.000417470932007
38585,0.00105094909668
38586,0.00221252441406
38587,0.00393295288086
38588,0.0
38589,0.0
38590,0.0
38591,5.96046447754e-07
38592,8.3863735199e-05
38593,0.000433921813965
38594,0.00192928314209
38595,0.00371742248535
38596,0.0
38597,0.0
38598,0.0
38599,3.45706939697e-06
38600,0.000138759613037
38601,0.000636100769043
38602,0.00289344787598
38603,0.00419616699219
38604,0.0
38605,0.0
38606,0.0
38607,8.88705253601e-05
38608,0.000226855278015
38609,0.000554084777832
38610,0.000985145568848
38611,0.00286483764648
38612,0.0
38613,0.0
38614,0.0
38615,1.34706497192e-05
38616,0.000118672847748
38617,0.00109004974365
38618,0.0020866394043
38619,0.00262832641602
38620,0.0
38621,0.0
38622,0.0
38623,1.80602073669e-05
38624,0.000157952308655
38625,0.00122928619385
38626,0.00193119049072
38627,0.00434112548828
38628,0.0
38629,0.0
38630,0.0
38631,4.32729721069e-05
38632,0.000396013259888
38633,0.000675201416016
38634,0.00159358978271
38635,0.00259971618652
38636,0.0
38637,0.0
38638,0.0
38639,1.13248825073e-06
38640,0.000484943389893
38641,0.000731468200684
38642,0.0018835067749
38643,0.00261306762695
38644,0.0
38645,0.0
38646,0.0
38647,1.72853469849e-06
38648,4.7504901886e-05
38649,0.000990867614746
38650,0.00195503234863
38651,0.00261116027832
38652,0.0
38653,0.0
38654,0.0
38655,8.94665718079e-05
38656,0.000189065933228
38657,0.000546932220459
38658,0.00101947784424
38659,0.00194263458252
38660,0.0
38661,0.0
38662,0.0
38663,1.13248825073e-06
38664,0.000170111656189
38665,0.00132751464844
38666,0.00283813476562
38667,0.00327301025391
38668,0.0
38669,0.0
38670,0.0
38671,2.63452529907e-05
38672,0.000206232070923
38673,0.000762462615967
38674,0.00164127349854
38675,0.00351142883301
38676,0.0
38677,0.0
38678,0.0
38679,2.86102294922e-06
38680,0.000308513641357
38681,0.000515460968018
38682,0.00137042999268
38683,0.00234985351562
38684,0.0
38685,0.0
38686,0.0
38687,6.91413879395e-06
38688,0.00026273727417
38689,0.000589370727539
38690,0.00147342681885
38691,0.00251960754395
38692,0.0
38693,0.0
38694,0.0
38695,5.96046447754e-07
38696,9.42945480347e-05
38697,0.000296354293823
38698,0.0018196105957
38699,0.00325393676758
38700,0.0
38701,0.0
38702,0.0
38703,4.79221343994e-05
38704,0.000132322311401
38705,0.000974655151367
38706,0.00153636932373
38707,0.00272941589355
38708,0.0
38709,0.0
38710,0.0
38711,6.37769699097e-06
38712,0.00020706653595
38713,0.000902652740479
38714,0.00137901306152
38715,0.0026798248291
38716,0.0
38717,0.0
38718,0.0
38719,2.32458114624e-06
38720,0.000179886817932
38721,0.00062894821167
38722,0.000967025756836
38723,0.00161170959473
38724,0.0
38725,0.0
38726,0.0
38727,1.86562538147e-05
38728,0.000460147857666
38729,0.000791549682617
38730,0.00147438049316
38731,0.00254821777344
38732,0.0
38733,0.0
38734,0.0
38735,1.13248825073e-06
38736,0.000206589698792
38737,0.000617027282715
38738,0.0019645690918
38739,0.00393676757812
38740,0.0
38741,0.0
38742,0.0
38743,4.84585762024e-05
38744,0.000136733055115
38745,0.000644683837891
38746,0.0010871887207
38747,0.00233268737793
38748,0.0
38749,0.0
38750,0.0
38751,1.51991844177e-05
38752,0.000547409057617
38753,0.00167751312256
38754,0.00178718566895
38755,0.00317573547363
38756,0.0
38757,0.0
38758,0.0
38759,1.32918357849e-05
38760,0.000568866729736
38761,0.00119113922119
38762,0.00145053863525
38763,0.00383949279785
38764,0.0
38765,0.0
38766,0.0
38767,5.96046447754e-07
38768,0.000271797180176
38769,0.00107860565186
38770,0.00186252593994
38771,0.00175094604492
38772,0.0
38773,0.0
38774,0.0
38775,0.0
38776,0.000195860862732
38777,0.00101470947266
38778,0.00197410583496
38779,0.00242042541504
38780,0.0
38781,0.0
38782,0.0
38783,0.0
38784,0.000186800956726
38785,0.000591278076172
38786,0.00162410736084
38787,0.00249862670898
38788,0.0
38789,0.0
38790,0.0
38791,5.96046447754e-07
38792,0.000122547149658
38793,0.000889301300049
38794,0.00179576873779
38795,0.00297546386719
38796,0.0
38797,0.0
38798,0.0
38799,4.44650650024e-05
38800,0.000396728515625
38801,0.00113296508789
38802,0.00296974182129
38803,0.00407028198242
38804,0.0
38805,0.0
38806,0.0
38807,1.13248825073e-06
38808,0.000303268432617
38809,0.00135612487793
38810,0.00180625915527
38811,0.00335693359375
38812,0.0
38813,0.0
38814,0.0
38815,6.91413879395e-06
38816,0.000175476074219
38817,0.000960826873779
38818,0.00205039978027
38819,0.00259017944336
38820,0.0
38821,0.0
38822,0.0
38823,1.72853469849e-06
38824,0.000253915786743
38825,0.000699043273926
38826,0.00139999389648
38827,0.00254440307617
38828,0.0
38829,0.0
38830,0.0
38831,8.10623168945e-06
38832,0.000234961509705
38833,0.000909805297852
38834,0.00146770477295
38835,0.00304222106934
38836,0.0
38837,0.0
38838,0.0
38839,9.71555709839e-05
38840,0.000334978103638
38841,0.00144195556641
38842,0.00220489501953
38843,0.00423431396484
38844,0.0
38845,0.0
38846,0.0
38847,5.42402267456e-05
38848,0.000202536582947
38849,0.00116729736328
38850,0.0019645690918
38851,0.00326347351074
38852,0.0
38853,0.0
38854,0.0
38855,0.000174283981323
38856,0.000339269638062
38857,0.00102138519287
38858,0.00236320495605
38859,0.00332641601562
38860,0.0
38861,0.0
38862,0.0
38863,4.15444374084e-05
38864,0.000406980514526
38865,0.000751495361328
38866,0.0015926361084
38867,0.00236701965332
38868,0.0
38869,0.0
38870,0.0
38871,5.18560409546e-06
38872,0.000225305557251
38873,0.000844478607178
38874,0.00101757049561
38875,0.00299644470215
38876,0.0
38877,0.0
38878,0.0
38879,1.34706497192e-05
38880,0.000205874443054
38881,0.000882148742676
38882,0.00177669525146
38883,0.00320816040039
38884,0.0
38885,0.0
38886,0.0
38887,5.96046447754e-07
38888,0.000266790390015
38889,0.000974655151367
38890,0.00230979919434
38891,0.0043830871582
38892,0.0
38893,0.0
38894,0.0
38895,2.21133232117e-05
38896,0.00038743019104
38897,0.000399827957153
38898,0.00197410583496
38899,0.00333976745605
38900,0.0
38901,0.0
38902,0.0
38903,8.42809677124e-05
38904,0.000308275222778
38905,0.00119686126709
38906,0.00331497192383
38907,0.00503540039062
38908,0.0
38909,0.0
38910,0.0
38911,8.54134559631e-05
38912,0.000630378723145
38913,0.000991821289062
38914,0.00199317932129
38915,0.0050163269043
38916,0.0
38917,0.0
38918,0.0
38919,2.69412994385e-05
38920,0.00084924697876
38921,0.00226974487305
38922,0.00347137451172
38923,0.00337028503418
38924,0.0
38925,0.0
38926,0.0
38927,2.32458114624e-06
38928,0.000529289245605
38929,0.000970840454102
38930,0.00122928619385
38931,0.00210380554199
38932,0.0
38933,0.0
38934,0.0
38935,8.64267349243e-06
38936,0.000170588493347
38937,0.000826358795166
38938,0.00196647644043
38939,0.0054931640625
38940,0.0
38941,0.0
38942,0.0
38943,1.4066696167e-05
38944,0.000577926635742
38945,0.000946521759033
38946,0.00194835662842
38947,0.0031681060791
38948,0.0
38949,0.0
38950,0.0
38951,0.0
38952,0.00013256072998
38953,0.000505447387695
38954,0.00167083740234
38955,0.00396347045898
38956,0.0
38957,0.0
38958,0.0
38959,1.28746032715e-05
38960,0.000152945518494
38961,0.00101280212402
38962,0.00125217437744
38963,0.00300216674805
38964,0.0
38965,0.0
38966,0.0
38967,1.13248825073e-06
38968,0.000571727752686
38969,0.000884532928467
38970,0.00181579589844
38971,0.00379753112793
38972,0.0
38973,0.0
38974,0.0
38975,2.32458114624e-06
38976,0.000113308429718
38977,0.000985145568848
38978,0.00220108032227
38979,0.00306129455566
38980,0.0
38981,0.0
38982,0.0
38983,2.32458114624e-06
38984,0.000385284423828
38985,0.000850200653076
38986,0.00203514099121
38987,0.00399780273438
38988,0.0
38989,0.0
38990,0.0
38991,1.13248825073e-06
38992,0.000399351119995
38993,0.000923156738281
38994,0.00200271606445
38995,0.00309562683105
38996,0.0
38997,0.0
38998,0.0
38999,3.45706939697e-06
39000,0.000696182250977
39001,0.00133991241455
39002,0.0022144317627
39003,0.00384712219238
39004,0.0
39005,0.0
39006,0.0
39007,4.21404838562e-05
39008,0.000524997711182
39009,0.00214767456055
39010,0.00239562988281
39011,0.00447082519531
39012,0.0
39013,0.0
39014,0.0
39015,1.72853469849e-06
39016,0.000425100326538
39017,0.000725746154785
39018,0.00163173675537
39019,0.00247764587402
39020,0.0
39021,0.0
39022,0.0
39023,1.72853469849e-06
39024,3.88622283936e-05
39025,0.000414133071899
39026,0.0015115737915
39027,0.00304222106934
39028,0.0
39029,0.0
39030,0.0
39031,2.86102294922e-06
39032,0.0004563331604
39033,0.000929355621338
39034,0.00208282470703
39035,0.00317764282227
39036,0.0
39037,0.0
39038,0.0
39039,2.32458114624e-06
39040,0.000109493732452
39041,0.000910758972168
39042,0.0016040802002
39043,0.00316619873047
39044,0.0
39045,0.0
39046,0.0
39047,7.5101852417e-06
39048,8.88705253601e-05
39049,0.000567436218262
39050,0.00237846374512
39051,0.00276374816895
39052,0.0
39053,0.0
39054,0.0
39055,1.13248825073e-06
39056,0.000168204307556
39057,0.00070858001709
39058,0.00180912017822
39059,0.00258636474609
39060,0.0
39061,0.0
39062,0.0
39063,5.96046447754e-07
39064,0.000335931777954
39065,0.00128078460693
39066,0.00174045562744
39067,0.00300407409668
39068,0.0
39069,0.0
39070,0.0
39071,1.13248825073e-06
39072,0.000239491462708
39073,0.000859260559082
39074,0.00158405303955
39075,0.00402450561523
39076,0.0
39077,0.0
39078,0.0
39079,2.32458114624e-06
39080,0.000155448913574
39081,0.000536441802979
39082,0.00212860107422
39083,0.00359725952148
39084,0.0
39085,0.0
39086,0.0
39087,1.13248825073e-06
39088,0.000237464904785
39089,0.000542163848877
39090,0.00101184844971
39091,0.00191688537598
39092,0.0
39093,0.0
39094,0.0
39095,4.96506690979e-05
39096,0.000116229057312
39097,0.000940799713135
39098,0.00206184387207
39099,0.00272941589355
39100,0.0
39101,0.0
39102,0.0
39104,1.13248825073e-06
39105,0.000381231307983
39106,0.000967502593994
39107,0.0014181137085
39108,0.00193023681641
39109,0.0
39110,0.0
39111,0.0
39112,1.72853469849e-06
39113,0.000134348869324
39114,0.00086498260498
39115,0.00190830230713
39116,0.00264358520508
39117,0.0
39118,0.0
39119,0.0
39120,4.84585762024e-05
39121,0.000131845474243
39122,0.000619888305664
39123,0.000933170318604
39124,0.0023365020752
39125,0.0
39126,0.0
39127,0.0
39128,5.96046447754e-07
39129,0.000185251235962
39130,0.000353336334229
39131,0.000954627990723
39132,0.00325012207031
39133,0.0
39134,0.0
39135,0.0
39136,1.13248825073e-06
39137,0.000550746917725
39138,0.00185108184814
39139,0.00309562683105
39140,0.0043830871582
39141,0.0
39142,0.0
39143,0.0
39144,1.72853469849e-06
39145,0.00023090839386
39146,0.00121593475342
39147,0.00214576721191
39148,0.00292015075684
39149,0.0
39150,0.0
39151,0.0
39152,0.000132203102112
39153,0.000248193740845
39154,0.00119113922119
39155,0.00154685974121
39156,0.00318145751953
39157,0.0
39158,0.0
39159,0.0
39160,5.18560409546e-06
39161,0.000159740447998
39162,0.000178217887878
39163,0.00133609771729
39164,0.002685546875
39165,0.0
39166,0.0
39167,0.0
39168,4.2736530304e-05
39169,0.000257730484009
39170,0.000560760498047
39171,0.00129222869873
39172,0.00254249572754
39173,0.0
39174,0.0
39175,0.0
39176,8.36849212646e-05
39177,0.000463724136353
39178,0.000943660736084
39179,0.00102996826172
39180,0.00177001953125
39181,0.0
39182,0.0
39183,0.0
39184,8.54134559631e-05
39185,0.000463008880615
39186,0.0011157989502
39187,0.00277900695801
39188,0.00361633300781
39189,0.0
39190,0.0
39191,0.0
39192,6.37769699097e-06
39193,0.00012481212616
39194,0.00120067596436
39195,0.00233840942383
39196,0.00468063354492
39197,0.0
39198,0.0
39199,0.0
39200,4.05311584473e-06
39201,0.000288963317871
39202,0.00118350982666
39203,0.00248336791992
39204,0.0031681060791
39205,0.0
39206,0.0
39207,0.0
39208,4.15444374084e-05
39209,0.000271797180176
39210,0.00223159790039
39211,0.00271224975586
39212,0.00419616699219
39213,0.0
39214,0.0
39215,0.0
39216,5.96046447754e-07
39217,0.000359058380127
39218,0.000622749328613
39219,0.0014705657959
39220,0.00308799743652
39221,0.0
39222,0.0
39223,0.0
39224,1.72853469849e-06
39225,0.000198125839233
39226,0.000499248504639
39227,0.00186920166016
39228,0.00278282165527
39229,0.0
39230,0.0
39231,0.0
39232,5.96046447754e-07
39233,0.000190854072571
39234,0.000687599182129
39235,0.0020580291748
39236,0.00344467163086
39237,0.0
39238,0.0
39239,0.0
39240,5.96046447754e-07
39241,4.24981117249e-05
39242,0.00054407119751
39243,0.00100994110107
39244,0.00179481506348
39245,0.0
39246,0.0
39247,0.0
39248,5.18560409546e-06
39249,0.000204563140869
39250,0.000986099243164
39251,0.00189971923828
39252,0.00363349914551
39253,0.0
39254,0.0
39255,0.0
39256,4.2736530304e-05
39257,0.000541210174561
39258,0.00143241882324
39259,0.0027961730957
39260,0.00413131713867
39261,0.0
39262,0.0
39263,0.0
39264,0.0
39265,7.55786895752e-05
39266,0.000572681427002
39267,0.00171756744385
39268,0.0030460357666
39269,0.0
39270,0.0
39271,0.0
39272,0.00014328956604
39273,0.000615119934082
39274,0.000560283660889
39275,0.0010461807251
39276,0.00259399414062
39277,0.0
39278,0.0
39279,0.0
39280,1.72853469849e-06
39281,0.000110447406769
39282,0.000954151153564
39283,0.00199699401855
39284,0.0025691986084
39285,0.0
39286,0.0
39287,0.0
39288,8.30888748169e-05
39289,0.000386714935303
39290,0.000595092773438
39291,0.00114727020264
39292,0.00179481506348
39293,0.0
39294,0.0
39295,0.0
39296,7.5101852417e-06
39297,0.000113129615784
39298,0.0006422996521
39299,0.0023021697998
39300,0.00280952453613
39301,0.0
39302,0.0
39303,0.0
39304,2.32458114624e-06
39305,0.00024676322937
39306,0.000957489013672
39307,0.0025749206543
39308,0.00362205505371
39309,0.0
39310,0.0
39311,0.0
39312,1.13248825073e-06
39313,0.000505447387695
39314,0.000635147094727
39315,0.00178813934326
39316,0.00226783752441
39317,0.0
39318,0.0
39319,0.0
39320,2.32458114624e-06
39321,0.000148892402649
39322,0.000457048416138
39323,0.00144100189209
39324,0.00319480895996
39325,0.0
39326,0.0
39327,0.0
39328,1.13248825073e-06
39329,4.19616699219e-05
39330,0.000824928283691
39331,0.00148391723633
39332,0.00203514099121
39333,0.0
39334,0.0
39335,0.0
39336,0.000255107879639
39337,0.00042200088501
39338,0.00109958648682
39339,0.00181579589844
39340,0.00336647033691
39341,0.0
39342,0.0
39343,0.0
39344,8.36849212646e-05
39345,0.00012195110321
39346,0.000844478607178
39347,0.00204086303711
39348,0.00276565551758
39349,0.0
39350,0.0
39351,0.0
39352,1.72853469849e-06
39353,0.000137209892273
39354,0.00079870223999
39355,0.00216293334961
39356,0.00432205200195
39357,0.0
39358,0.0
39359,0.0
39360,1.34706497192e-05
39361,0.000168919563293
39362,0.00159072875977
39363,0.00248527526855
39364,0.00317764282227
39365,0.0
39366,0.0
39367,0.0
39368,1.13248825073e-06
39369,8.13603401184e-05
39370,0.00112819671631
39371,0.00143241882324
39372,0.00241851806641
39373,0.0
39374,0.0
39375,0.0
39376,5.78165054321e-06
39377,0.000133872032166
39378,0.000647068023682
39379,0.00103378295898
39380,0.00410461425781
39381,0.0
39382,0.0
39383,0.0
39384,1.51991844177e-05
39385,0.000694751739502
39386,0.00160980224609
39387,0.00302314758301
39388,0.00395965576172
39389,0.0
39390,0.0
39391,0.0
39392,0.000213384628296
39393,0.000439643859863
39394,0.000655651092529
39395,0.00159740447998
39396,0.00272369384766
39397,0.0
39398,0.0
39399,0.0
39400,5.96046447754e-07
39401,0.000483989715576
39402,0.000750541687012
39403,0.00188255310059
39404,0.00263595581055
39405,0.0
39406,0.0
39407,0.0
39408,1.13248825073e-06
39409,8.41021537781e-05
39410,0.000612258911133
39411,0.00235366821289
39412,0.00310897827148
39413,0.0
39414,0.0
39415,0.0
39416,1.13248825073e-06
39417,9.23275947571e-05
39418,0.000870227813721
39419,0.00169467926025
39420,0.00409698486328
39421,0.0
39422,0.0
39423,0.0
39424,9.23871994019e-06
39425,0.000124454498291
39426,0.000796318054199
39427,0.00165367126465
39428,0.00320816040039
39429,0.0
39430,0.0
39431,0.0
39432,2.32458114624e-06
39433,0.000516414642334
39434,0.000967025756836
39435,0.00122356414795
39436,0.00276374816895
39437,0.0
39438,0.0
39439,0.0
39440,1.13248825073e-06
39441,5.62071800232e-05
39442,0.000494956970215
39443,0.00134086608887
39444,0.00275039672852
39445,0.0
39446,0.0
39447,0.0
39448,1.72853469849e-06
39449,0.000265598297119
39450,0.000814437866211
39451,0.00101184844971
39452,0.00210762023926
39453,0.0
39454,0.0
39455,0.0
39456,1.13248825073e-06
39457,0.000149130821228
39458,0.00184440612793
39459,0.00296592712402
39460,0.00483703613281
39461,0.0
39462,0.0
39463,0.0
39464,0.0
39465,0.000268936157227
39466,0.00130176544189
39467,0.00222969055176
39468,0.00313949584961
39469,0.0
39470,0.0
39471,0.0
39472,1.13248825073e-06
39473,0.000380277633667
39474,0.000974655151367
39475,0.00203323364258
39476,0.0036563873291
39477,0.0
39478,0.0
39479,0.0
39480,4.2736530304e-05
39481,0.000115633010864
39482,0.000901222229004
39483,0.00132179260254
39484,0.00200843811035
39485,0.0
39486,0.0
39487,0.0
39488,2.32458114624e-06
39489,0.000289678573608
39490,0.00102138519287
39491,0.00121784210205
39492,0.00328636169434
39493,0.0
39494,0.0
39495,0.0
39496,5.18560409546e-06
39497,0.000746250152588
39498,0.00066614151001
39499,0.00157165527344
39500,0.00317001342773
39501,0.0
39502,0.0
39503,0.0
39504,1.34706497192e-05
39505,0.000601768493652
39506,0.00110721588135
39507,0.00235176086426
39508,0.00278663635254
39509,0.0
39510,0.0
39511,0.0
39512,4.15444374084e-05
39513,0.000321388244629
39514,0.00193881988525
39515,0.00225067138672
39516,0.00277328491211
39517,0.0
39518,0.0
39519,0.0
39520,5.18560409546e-06
39521,0.000472784042358
39522,0.00100803375244
39523,0.00235557556152
39524,0.00416564941406
39525,0.0
39526,0.0
39527,0.0
39528,0.000207781791687
39529,0.000796794891357
39530,0.000897884368896
39531,0.00133800506592
39532,0.0024242401123
39533,0.0
39534,0.0
39535,0.0
39536,2.80737876892e-05
39537,0.000330686569214
39538,0.000597476959229
39539,0.00166034698486
39540,0.00264930725098
39541,0.0
39542,0.0
39543,0.0
39544,5.96046447754e-07
39545,0.000140786170959
39546,0.000381946563721
39547,0.00161361694336
39548,0.00233268737793
39549,0.0
39550,0.0
39551,0.0
39552,1.72853469849e-06
39553,0.000179648399353
39554,0.000428915023804
39555,0.00198745727539
39556,0.00301742553711
39557,0.0
39558,0.0
39559,0.0
39560,0.0
39561,0.000128507614136
39562,0.0010404586792
39563,0.00208282470703
39564,0.00313758850098
39565,0.0
39566,0.0
39567,0.0
39568,5.96046447754e-07
39569,0.000292539596558
39570,0.000831604003906
39571,0.00152587890625
39572,0.00364875793457
39573,0.0
39574,0.0
39575,0.0
39576,5.96046447754e-07
39577,0.000316619873047
39578,0.001145362854
39579,0.00243377685547
39580,0.00416564941406
39581,0.0
39582,0.0
39583,0.0
39584,5.18560409546e-06
39585,5.4657459259e-05
39586,0.00121593475342
39587,0.00351715087891
39588,0.00461578369141
39589,0.0
39590,0.0
39591,0.0
39592,1.26957893372e-05
39593,0.000179648399353
39594,0.00122833251953
39595,0.0024242401123
39596,0.0034351348877
39597,0.0
39598,0.0
39599,0.0
39600,1.13248825073e-06
39601,0.000121772289276
39602,0.00110912322998
39603,0.00151348114014
39604,0.00272941589355
39605,0.0
39606,0.0
39607,0.0
39608,4.15444374084e-05
39609,0.000284671783447
39610,0.000213980674744
39611,0.00201606750488
39612,0.0029354095459
39613,0.0
39614,0.0
39615,0.0
39616,1.72853469849e-06
39617,0.000381946563721
39618,0.000851154327393
39619,0.0014066696167
39620,0.00365257263184
39621,0.0
39622,0.0
39623,0.0
39624,1.34706497192e-05
39625,0.000159859657288
39626,0.00107479095459
39627,0.00224494934082
39628,0.00306129455566
39629,0.0
39630,0.0
39631,0.0
39632,2.32458114624e-06
39633,0.000271320343018
39634,0.000539302825928
39635,0.00151920318604
39636,0.00245094299316
39637,0.0
39638,0.0
39639,0.0
39640,1.13248825073e-06
39641,0.000131607055664
39642,0.000423192977905
39643,0.00125694274902
39644,0.00217056274414
39645,0.0
39646,0.0
39647,0.0
39648,1.72853469849e-06
39649,0.000330448150635
39650,0.0012035369873
39651,0.00197601318359
39652,0.00439453125
39653,0.0
39654,0.0
39655,0.0
39656,1.23381614685e-05
39657,0.000256538391113
39658,0.00100994110107
39659,0.00209999084473
39660,0.00443267822266
39661,0.0
39662,0.0
39663,0.0
39664,5.96046447754e-07
39665,3.90410423279e-05
39666,0.000633239746094
39667,0.00153064727783
39668,0.0023307800293
39669,0.0
39670,0.0
39671,0.0
39672,7.42673873901e-05
39673,0.000808238983154
39674,0.00197219848633
39675,0.00246429443359
39676,0.00429153442383
39677,0.0
39678,0.0
39679,0.0
39680,2.32458114624e-06
39681,0.000146985054016
39682,0.000968456268311
39683,0.00321769714355
39684,0.00418472290039
39685,0.0
39686,0.0
39687,0.0
39688,1.15633010864e-05
39689,8.79168510437e-05
39690,0.00131893157959
39691,0.00295257568359
39692,0.00516510009766
39693,0.0
39694,0.0
39695,0.0
39696,5.96046447754e-07
39697,0.000166416168213
39698,0.00135898590088
39699,0.00214195251465
39700,0.00331687927246
39701,0.0
39702,0.0
39703,0.0
39704,2.86102294922e-06
39705,0.000325679779053
39706,0.00100517272949
39707,0.00247001647949
39708,0.00296020507812
39709,0.0
39710,0.0
39711,0.0
39712,4.05311584473e-06
39713,0.000142931938171
39714,0.000860691070557
39715,0.0020866394043
39716,0.00424575805664
39717,0.0
39718,0.0
39719,0.0
39720,5.96046447754e-07
39721,0.000432014465332
39722,0.000939846038818
39723,0.0021858215332
39724,0.00461959838867
39725,0.0
39726,0.0
39727,0.0
39728,1.13248825073e-06
39729,7.9870223999e-05
39730,0.00136852264404
39731,0.00262260437012
39732,0.00405883789062
39733,0.0
39734,0.0
39735,0.0
39736,0.000333070755005
39737,0.000494003295898
39738,0.0014066696167
39739,0.00234603881836
39740,0.00450134277344
39741,0.0
39742,0.0
39743,0.0
39744,4.21404838562e-05
39745,0.000206828117371
39746,0.000519275665283
39747,0.00137710571289
39748,0.00306129455566
39749,0.0
39750,0.0
39751,0.0
39752,0.0
39753,0.0002760887146
39754,0.000545024871826
39755,0.00131988525391
39756,0.00239562988281
39757,0.0
39758,0.0
39759,0.0
39760,1.13248825073e-06
39761,0.000312805175781
39762,0.000648975372314
39763,0.00179290771484
39764,0.00332450866699
39765,0.0
39766,0.0
39767,0.0
39768,1.28746032715e-05
39769,0.000558853149414
39770,0.000784873962402
39771,0.00205421447754
39772,0.00307083129883
39773,0.0
39774,0.0
39775,0.0
39776,2.86102294922e-06
39777,0.000327348709106
39778,0.000853538513184
39779,0.00119400024414
39780,0.00306701660156
39781,0.0
39782,0.0
39783,0.0
39784,1.72853469849e-06
39785,0.000616073608398
39786,0.00105953216553
39787,0.00192356109619
39788,0.00388526916504
39789,0.0
39790,0.0
39791,0.0
39792,1.72853469849e-06
39793,1.78813934326e-05
39794,0.000507354736328
39795,0.00226020812988
39796,0.00310134887695
39797,0.0
39798,0.0
39799,0.0
39800,2.86102294922e-06
39801,0.000220060348511
39802,0.000707626342773
39803,0.00174140930176
39804,0.00245666503906
39805,0.0
39806,0.0
39807,0.0
39808,5.96046447754e-07
39809,0.000116586685181
39810,0.00142765045166
39811,0.00174045562744
39812,0.00233268737793
39813,0.0
39814,0.0
39815,0.0
39816,5.96046447754e-07
39817,0.000129699707031
39818,0.001220703125
39819,0.00140380859375
39820,0.00250625610352
39821,0.0
39822,0.0
39823,0.0
39824,1.72853469849e-06
39825,0.000280618667603
39826,0.000511169433594
39827,0.00216674804688
39828,0.00267601013184
39829,0.0
39830,0.0
39831,0.0
39832,2.32458114624e-06
39833,0.000240325927734
39834,0.00119304656982
39835,0.00249862670898
39836,0.00286293029785
39837,0.0
39838,0.0
39839,0.0
39840,4.2736530304e-05
39841,0.000221014022827
39842,0.00141143798828
39843,0.00202941894531
39844,0.00407028198242
39845,0.0
39846,0.0
39847,0.0
39848,1.13248825073e-06
39849,0.000183582305908
39850,0.00059986114502
39851,0.00127601623535
39852,0.00223350524902
39853,0.0
39854,0.0
39855,0.0
39856,1.34706497192e-05
39857,0.000140309333801
39858,0.00107288360596
39859,0.0020809173584
39860,0.00322723388672
39861,0.0
39862,0.0
39863,0.0
39864,6.37769699097e-06
39865,0.000316381454468
39866,0.000832080841064
39867,0.00127410888672
39868,0.00311660766602
39869,0.0
39870,0.0
39871,0.0
39872,5.96046447754e-07
39873,0.000261783599854
39874,0.000988960266113
39875,0.00192070007324
39876,0.00318717956543
39877,0.0
39878,0.0
39879,0.0
39880,5.18560409546e-06
39881,0.000340461730957
76637,0.0
76638,0.0
76640,0.0
76641,0.000195264816284
76642,0.000506401062012
76643,0.001051902771
76644,0.00282096862793
76645,0.0
76646,0.0
76647,0.0
76648,1.23381614685e-05
76649,0.000205874443054
76650,0.00123500823975
76651,0.00200843811035
76652,0.00283622741699
76653,0.0
76654,0.0
76655,0.0
76656,2.32458114624e-06
76657,9.40561294556e-05
76658,0.00057315826416
76659,0.00200271606445
76660,0.00341987609863
76661,0.0
76662,0.0
76663,0.0
76664,1.13248825073e-06
76665,0.000195503234863
76666,0.000922203063965
76667,0.00208282470703
76668,0.00255012512207
76669,0.0
76670,0.0
76671,0.0
76672,1.13248825073e-06
76673,0.000364065170288
76674,0.00162029266357
76675,0.00257301330566
76676,0.00469207763672
76677,0.0
76678,0.0
76679,0.0
76680,0.0
76681,0.000431537628174
76682,0.00113487243652
76683,0.00214004516602
76684,0.00259399414062
76685,0.0
76686,0.0
76687,0.0
76688,4.15444374084e-05
76689,5.94258308411e-05
76690,0.00102710723877
76691,0.00143241882324
76692,0.0027027130127
76693,0.0
76694,0.0
76695,0.0
76696,5.96046447754e-07
76697,0.000414848327637
76698,0.000999450683594
76699,0.00210189819336
76700,0.00406265258789
76701,0.0
76702,0.0
76703,0.0
76704,6.37769699097e-06
76705,9.69767570496e-05
76706,0.000633239746094
76707,0.0010347366333
76708,0.00265693664551
76709,0.0
76710,0.0
76711,0.0
76712,2.32458114624e-06
76713,0.00040864944458
76714,0.000476837158203
76715,0.00180625915527
76716,0.00334930419922
76717,0.0
76718,0.0
76719,0.0
76720,1.63316726685e-05
76721,0.000199317932129
76722,0.000597476959229
76723,0.00181198120117
76724,0.0037956237793
76725,0.0
76726,0.0
76727,0.0
76728,1.13248825073e-06
76729,0.000303506851196
76730,0.00087308883667
76731,0.00149154663086
76732,0.00312423706055
76733,0.0
76734,0.0
76735,0.0
76736,1.72853469849e-06
76737,0.000177025794983
76738,0.000545024871826
76739,0.00164127349854
76740,0.00324249267578
76741,0.0
76742,0.0
76743,0.0
76744,5.96046447754e-07
76745,4.29153442383e-05
76746,0.000649929046631
76747,0.0017614364624
76748,0.0035343170166
76749,0.0
76750,0.0
76751,0.0
76752,5.96046447754e-07
76753,0.000942230224609
76754,0.00185871124268
76755,0.00242042541504
76756,0.00371170043945
76757,0.0
76758,0.0
76759,0.0
76760,1.4066696167e-05
76761,0.000107169151306
76762,0.000655174255371
76763,0.00164604187012
76764,0.00243377685547
76765,0.0
76766,0.0
76767,0.0
76768,2.32458114624e-06
76769,0.000190854072571
76770,0.000353097915649
76771,0.00211906433105
76772,0.00337600708008
76773,0.0
76774,0.0
76775,0.0
76776,1.72853469849e-06
76777,0.000347375869751
76778,0.000980377197266
76779,0.00135898590088
76780,0.00424957275391
76781,0.0
76782,0.0
76783,0.0
76784,2.32458114624e-06
76785,0.000174522399902
76786,0.000527381896973
76787,0.00286293029785
76788,0.0036735534668
76789,0.0
76790,0.0
76791,0.0
76792,1.13248825073e-06
76793,8.10027122498e-05
76794,0.00175762176514
76795,0.00201988220215
76796,0.00304412841797
76797,0.0
76798,0.0
76799,0.0
76800,2.32458114624e-06
76801,0.000344753265381
76802,0.0015172958374
76803,0.00171279907227
76804,0.0040168762207
76805,0.0
76806,0.0
76807,0.0
76808,1.13248825073e-06
76809,0.000268220901489
76810,0.000832557678223
76811,0.00285339355469
76812,0.00343322753906
76813,0.0
76814,0.0
76815,0.0
76816,1.13248825073e-06
76817,0.000203728675842
76818,0.00103187561035
76819,0.00285911560059
76820,0.00361442565918
76821,0.0
76822,0.0
76823,0.0
76824,2.86102294922e-06
76825,0.000547885894775
76826,0.00103855133057
76827,0.0027027130127
76828,0.00490570068359
76829,0.0
76830,0.0
76831,0.0
76832,0.0
76833,0.000372409820557
76834,0.00137233734131
76835,0.00250244140625
76836,0.00417709350586
76837,0.0
76838,0.0
76839,0.0
76840,1.13248825073e-06
76841,6.63995742798e-05
76842,0.000799179077148
76843,0.00168418884277
76844,0.00251770019531
76845,0.0
76846,0.0
76847,0.0
76848,8.42809677124e-05
76849,0.000335454940796
76850,0.000750541687012
76851,0.00200462341309
76852,0.0031909942627
76853,0.0
76854,0.0
76855,0.0
76856,1.72853469849e-06
76857,5.82933425903e-05
76858,0.000699043273926
76859,0.00213241577148
76860,0.00275802612305
76861,0.0
76862,0.0
76863,0.0
76864,0.000168561935425
76865,9.21487808228e-05
76866,0.000673770904541
76867,0.00195026397705
76868,0.00317573547363
76869,0.0
76870,0.0
76871,0.0
76872,4.2736530304e-05
76873,7.92741775513e-05
76874,0.000697612762451
76875,0.00188541412354
76876,0.00274276733398
76877,0.0
76878,0.0
76879,0.0
76880,1.13248825073e-06
76881,0.00026535987854
76882,0.000709056854248
76883,0.00146389007568
76884,0.00189304351807
76885,0.0
76886,0.0
76887,0.0
76888,4.32729721069e-05
76889,0.000540256500244
76890,0.000889778137207
76891,0.00226211547852
76892,0.00357627868652
76893,0.0
76894,0.0
76895,0.0
76896,1.13248825073e-06
76897,0.000206232070923
76898,0.00121021270752
76899,0.00260543823242
76900,0.00453567504883
76901,0.0
76902,0.0
76903,0.0
76904,5.96046447754e-07
76905,0.000441312789917
76906,0.000832080841064
76907,0.00126266479492
76908,0.00232696533203
76909,0.0
76910,0.0
76911,0.0
76912,1.72853469849e-06
76913,0.000258445739746
76914,0.000763893127441
76915,0.00120544433594
76916,0.00320816040039
76917,0.0
76918,0.0
76919,0.0
76920,6.91413879395e-06
76921,0.00029444694519
76922,0.0008225440979
76923,0.0023307800293
76924,0.00452041625977
76925,0.0
76926,0.0
76927,0.0
76928,0.0
76929,0.00047492980957
76930,0.000940799713135
76931,0.00167846679688
76932,0.00371742248535
76933,0.0
76934,0.0
76935,0.0
76936,5.96046447754e-07
76937,0.000119090080261
76938,0.000451803207397
76939,0.00156116485596
76940,0.00255012512207
76941,0.0
76942,0.0
76943,0.0
76944,0.0
76945,0.000324249267578
76946,0.000582695007324
76947,0.00198745727539
76948,0.00405502319336
76949,0.0
76950,0.0
76951,0.0
76952,1.28746032715e-05
76953,0.000230312347412
76954,0.0003342628479
76955,0.00144863128662
76956,0.00258636474609
76957,0.0
76958,0.0
76959,0.0
76960,0.0
76961,0.000707626342773
76962,0.000770092010498
76963,0.00115871429443
76964,0.00261497497559
76965,0.0
76966,0.0
76967,0.0
76968,1.34706497192e-05
76969,0.000506401062012
76970,0.00107383728027
76971,0.00248527526855
76972,0.00374603271484
76973,0.0
76974,0.0
76975,0.0
76976,2.32458114624e-06
76977,0.000120639801025
76978,0.000768184661865
76979,0.00159168243408
76980,0.00301742553711
76981,0.0
76982,0.0
76983,0.0
76984,5.96046447754e-07
76985,0.000401973724365
76986,0.000608444213867
76987,0.00201416015625
76988,0.00381088256836
76989,0.0
76990,0.0
76991,0.0
76992,1.80602073669e-05
76993,0.000243902206421
76994,0.0017204284668
76995,0.00211524963379
76996,0.00375556945801
76997,0.0
76998,0.0
76999,0.0
77000,1.34706497192e-05
77001,0.00028133392334
77002,0.00128173828125
77003,0.0028247833252
77004,0.00497436523438
77005,0.0
77006,0.0
77007,0.0
77008,0.0
77009,0.000213384628296
77010,0.0010929107666
77011,0.00202941894531
77012,0.00332641601562
77013,0.0
77014,0.0
77015,0.0
77016,0.000172019004822
77017,0.000418901443481
77018,0.000801563262939
77019,0.00131225585938
77020,0.0036506652832
77021,0.0
77022,0.0
77023,0.0
77024,2.33054161072e-05
77025,0.000144243240356
77026,0.00105571746826
77027,0.0027961730957
77028,0.00407028198242
77029,0.0
77030,0.0
77031,0.0
77032,0.000127553939819
77033,0.000390529632568
77034,0.000864028930664
77035,0.0023021697998
77036,0.00362014770508
77037,0.0
77038,0.0
77039,0.0
77040,4.21404838562e-05
77041,0.000447988510132
77042,0.0010232925415
77043,0.00157833099365
77044,0.00193214416504
77045,0.0
77046,0.0
77047,0.0
77048,1.13248825073e-06
77049,0.000557899475098
77050,0.000901699066162
77051,0.00130844116211
77052,0.00224113464355
77053,0.0
77054,0.0
77055,0.0
77056,1.72853469849e-06
77057,0.000203967094421
77058,0.00044322013855
77059,0.00156021118164
77060,0.00190258026123
77061,0.0
77062,0.0
77063,0.0
77064,2.86102294922e-06
77065,0.000154137611389
77066,0.00148963928223
77067,0.00190830230713
77068,0.00371551513672
77069,0.0
77070,0.0
77071,0.0
77072,1.72853469849e-06
77073,2.9444694519e-05
77074,0.000445127487183
77075,0.00149822235107
77076,0.0020580291748
77077,0.0
77078,0.0
77079,0.0
77080,6.91413879395e-06
77081,0.000505447387695
77082,0.000958442687988
77083,0.00162506103516
77084,0.00357818603516
77085,0.0
77086,0.0
77087,0.0
77088,3.45706939697e-06
77089,0.000120222568512
77090,0.000720500946045
77091,0.00252723693848
77092,0.00344276428223
77093,0.0
77094,0.0
77095,0.0
77096,5.96046447754e-07
77097,0.000523090362549
77098,0.00135135650635
77099,0.00234985351562
77100,0.00391387939453
77101,0.0
77102,0.0
77103,0.0
77104,4.73260879517e-05
77105,6.34789466858e-05
77106,0.000807285308838
77107,0.00267028808594
77108,0.00334930419922
77109,0.0
77110,0.0
77111,0.0
77112,4.38690185547e-05
77113,0.000433206558228
77114,0.001540184021
77115,0.00294303894043
77116,0.00402069091797
77117,0.0
77118,0.0
77119,0.0
77120,1.23381614685e-05
77121,3.25441360474e-05
77122,0.000569343566895
77123,0.000986099243164
77124,0.0030574798584
77125,0.0
77126,0.0
77127,0.0
77128,1.80602073669e-05
77129,0.000386714935303
77130,0.00113105773926
77131,0.0024242401123
77132,0.00483703613281
77133,0.0
77134,0.0
77135,0.0
77136,1.23381614685e-05
77137,0.000348329544067
77138,0.000339269638062
77139,0.00132751464844
77140,0.00263214111328
77141,0.0
77142,0.0
77143,0.0
77144,1.23381614685e-05
77145,0.000545978546143
77146,0.00107955932617
77147,0.00237846374512
77148,0.00380516052246
77149,0.0
77150,0.0
77151,0.0
77152,4.32729721069e-05
77153,0.000136613845825
77154,0.000997543334961
77155,0.00238227844238
77156,0.00418090820312
77157,0.0
77158,0.0
77159,0.0
77160,2.32458114624e-06
77161,0.000174164772034
77162,0.000387907028198
77163,0.00112342834473
77164,0.00309371948242
77165,0.0
77166,0.0
77167,0.0
77168,0.000219106674194
77169,0.000288963317871
77170,0.000731468200684
77171,0.00230598449707
77172,0.00285720825195
77173,0.0
77174,0.0
77175,0.0
77176,0.000375747680664
77177,0.00057315826416
77178,0.000979423522949
77179,0.00239181518555
77180,0.0029125213623
77181,0.0
77182,0.0
77183,0.0
77184,5.96046447754e-07
77185,0.00011271238327
77186,0.00111770629883
77187,0.00183200836182
77188,0.0024471282959
77189,0.0
77190,0.0
77191,0.0
77192,8.60095024109e-05
77193,0.000405073165894
77194,0.00102138519287
77195,0.00227928161621
77196,0.00346946716309
77197,0.0
77198,0.0
77199,0.0
77200,0.0
77201,5.71608543396e-05
77202,0.00118732452393
77203,0.00317573547363
77204,0.00402069091797
77205,0.0
77206,0.0
77207,0.0
77208,0.000216841697693
77209,0.000799655914307
77210,0.00148868560791
77211,0.0019702911377
77212,0.0035400390625
77213,0.0
77214,0.0
77215,0.0
77216,5.96046447754e-07
77217,6.69360160828e-05
77218,0.000699043273926
77219,0.00160884857178
77220,0.00324821472168
77221,0.0
77222,0.0
77223,0.0
77224,4.58955764771e-06
77225,0.000345230102539
77226,0.00101470947266
77227,0.00226211547852
77228,0.00496292114258
77229,0.0
77230,0.0
77231,0.0
77232,2.32458114624e-06
77233,0.000348567962646
77234,0.00122928619385
77235,0.00198554992676
77236,0.00339889526367
77237,0.0
77238,0.0
77239,0.0
77240,1.13248825073e-06
77241,8.25524330139e-05
77242,0.00118923187256
77243,0.00227737426758
77244,0.00264549255371
77245,0.0
77246,0.0
77247,0.0
77248,1.13248825073e-06
77249,0.000428438186646
77250,0.00142765045166
77251,0.00219345092773
77252,0.00370979309082
77253,0.0
77254,0.0
77255,0.0
77256,1.72853469849e-06
77257,0.000489711761475
77258,0.000901222229004
77259,0.0021915435791
77260,0.00309181213379
77261,0.0
77262,0.0
77263,0.0
77264,5.96046447754e-07
77265,0.000398874282837
77266,0.00161457061768
77267,0.00189304351807
77268,0.00346565246582
77269,0.0
77270,0.0
77271,0.0
77272,1.34706497192e-05
77273,8.17775726318e-05
77274,0.000319480895996
77275,0.00181484222412
77276,0.00274085998535
77277,0.0
77278,0.0
77279,0.0
77280,6.37769699097e-06
77281,0.000566005706787
77282,0.00090503692627
77283,0.00216102600098
77284,0.00297546386719
77285,0.0
77286,0.0
77287,0.0
77288,8.88705253601e-05
77289,0.000196218490601
77290,0.000927448272705
77291,0.00130939483643
77292,0.0020637512207
77293,0.0
77294,0.0
77295,0.0
77296,1.72853469849e-06
77297,0.000271797180176
77298,0.00100517272949
77299,0.0025749206543
77300,0.00252723693848
77301,0.0
77302,0.0
77303,0.0
77304,0.00033712387085
77305,0.000676155090332
77306,0.00121021270752
77307,0.00162696838379
77308,0.00291633605957
77309,0.0
77310,0.0
77311,0.0
77312,6.37769699097e-06
77313,0.00018048286438
77314,0.00103569030762
77315,0.0024528503418
77316,0.00295639038086
77317,0.0
77318,0.0
77319,0.0
77320,1.72853469849e-06
77321,0.000183343887329
77322,0.00100135803223
77323,0.0023193359375
77324,0.0048942565918
77325,0.0
77326,0.0
77327,0.0
77328,1.72853469849e-06
77329,0.00045919418335
77330,0.00127792358398
77331,0.00133895874023
77332,0.00300216674805
77333,0.0
77334,0.0
77335,0.0
77336,5.96046447754e-07
77337,0.000117719173431
77338,0.000872135162354
77339,0.00186729431152
77340,0.00248908996582
77341,0.0
77342,0.0
77343,0.0
77344,4.15444374084e-05
77345,0.000309228897095
77346,0.000616073608398
77347,0.00184726715088
77348,0.00312232971191
77349,0.0
77350,0.0
77351,0.0
77352,1.13248825073e-06
77353,0.000287532806396
77354,0.00147533416748
77355,0.00241851806641
77356,0.00307464599609
77357,0.0
77358,0.0
77359,0.0
77360,1.92523002625e-05
77361,0.000194072723389
77362,0.000576019287109
77363,0.00110340118408
77364,0.00263786315918
77365,0.0
77366,0.0
77367,0.0
77368,2.86102294922e-06
77369,0.000420808792114
77370,0.000670433044434
77371,0.00158500671387
77372,0.00252342224121
77373,0.0
77374,0.0
77375,0.0
77376,1.4066696167e-05
77377,0.000251293182373
77378,0.00135612487793
77379,0.00195121765137
77380,0.00371742248535
77381,0.0
77382,0.0
77383,0.0
77384,5.96046447754e-07
77385,4.44650650024e-05
77386,0.000772476196289
77387,0.00164604187012
77388,0.00281715393066
77389,0.0
77390,0.0
77391,0.0
77392,2.32458114624e-06
77393,0.000360250473022
77394,0.000611782073975
77395,0.00330924987793
77396,0.00405502319336
77397,0.0
77398,0.0
77399,0.0
77400,1.13248825073e-06
77401,0.000236630439758
77402,0.00126266479492
77403,0.00193500518799
77404,0.00296401977539
77405,0.0
77406,0.0
77407,0.0
77408,4.2736530304e-05
77409,0.000392436981201
77410,0.000851631164551
77411,0.00173473358154
77412,0.0031852722168
77413,0.0
77414,0.0
77415,0.0
77416,1.13248825073e-06
77417,0.000282526016235
77418,0.000313520431519
77419,0.0014705657959
77420,0.00265693664551
77422,0.0
77423,0.0
77424,0.0
77425,6.37769699097e-06
77426,0.000202178955078
77427,0.000831604003906
77428,0.0017147064209
77429,0.00312614440918
77430,0.0
77431,0.0
77432,0.0
77433,4.90546226501e-05
77434,0.000224709510803
77435,0.000908374786377
77436,0.00262832641602
77437,0.00387954711914
77438,0.0
77439,0.0
77440,0.0
77441,0.0
77442,6.65783882141e-05
77443,0.000658512115479
77444,0.00261116027832
77445,0.00320625305176
77446,0.0
77447,0.0
77448,0.0
77449,1.13248825073e-06
77450,0.000282764434814
77451,0.00117206573486
77452,0.00242233276367
77453,0.00341606140137
77454,0.0
77455,0.0
77456,0.0
77457,1.72853469849e-06
77458,0.00022554397583
77459,0.000600814819336
77460,0.00203132629395
77461,0.0032901763916
77462,0.0
77463,0.0
77464,0.0
77465,6.91413879395e-06
77466,0.0001460313797
77467,0.000749111175537
77468,0.0010461807251
77469,0.00346183776855
77470,0.0
77471,0.0
77472,0.0
77473,1.72853469849e-06
77474,0.000189900398254
77475,0.000928401947021
77476,0.0013952255249
77477,0.00278663635254
77478,0.0
77479,0.0
77480,0.0
77481,1.13248825073e-06
77482,0.000116765499115
77483,0.000672340393066
77484,0.00209426879883
77485,0.00328826904297
77486,0.0
77487,0.0
77488,0.0
77489,4.79221343994e-05
77490,0.000694751739502
77491,0.00192260742188
77492,0.00368881225586
77493,0.00568771362305
77494,0.0
77495,0.0
77496,0.0
77497,4.05311584473e-06
77498,0.000126004219055
77499,0.000993728637695
77500,0.00303268432617
77501,0.0056266784668
77502,0.0
77503,0.0
77504,0.0
77505,5.96046447754e-07
77506,0.000456571578979
77507,0.00096607208252
77508,0.00220680236816
77509,0.00410461425781
77510,0.0
77511,0.0
77512,0.0
77513,1.57952308655e-05
77514,0.000651836395264
77515,0.00203132629395
77516,0.00275993347168
77517,0.00442886352539
77518,0.0
77519,0.0
77520,0.0
77521,9.05990600586e-05
77522,0.000364780426025
77523,0.00112533569336
77524,0.00276184082031
77525,0.00472640991211
77526,0.0
77527,0.0
77528,0.0
77529,1.13248825073e-06
77530,0.000344276428223
77531,0.00159931182861
77532,0.00244331359863
77533,0.00382804870605
77534,0.0
77535,0.0
77536,0.0
77537,1.13248825073e-06
77538,0.000335454940796
77539,0.000901699066162
77540,0.0020751953125
77541,0.00410079956055
77542,0.0
77543,0.0
77544,0.0
77545,0.0
77546,0.000160098075867
77547,0.000936508178711
77548,0.00227546691895
77549,0.00244331359863
77550,0.0
77551,0.0
77552,0.0
77553,1.34706497192e-05
77554,0.000136375427246
77555,0.000526428222656
77556,0.00290107727051
77557,0.00436401367188
77558,0.0
77559,0.0
77560,0.0
77561,1.13248825073e-06
77562,0.000194549560547
77563,0.000669479370117
77564,0.00195503234863
77565,0.0036449432373
77566,0.0
77567,0.0
77568,0.0
77569,5.96046447754e-07
77570,0.000286102294922
77571,0.000853061676025
77572,0.0015697479248
77573,0.00272178649902
77574,0.0
77575,0.0
77576,0.0
77577,1.13248825073e-06
77578,0.000361204147339
77579,0.000672817230225
77580,0.0017557144165
77581,0.00392913818359
77582,0.0
77583,0.0
77584,0.0
77585,1.13248825073e-06
77586,0.00032639503479
77587,0.000913619995117
77588,0.00198173522949
77589,0.00364303588867
77590,0.0
77591,0.0
77592,0.0
77593,0.000167369842529
77594,0.00058126449585
77595,0.000876903533936
77596,0.00247764587402
77597,0.00408172607422
77598,0.0
77599,0.0
77600,0.0
77601,4.50015068054e-05
77602,0.000455379486084
77603,0.0013370513916
77604,0.00274658203125
77605,0.00307846069336
77606,0.0
77607,0.0
77608,0.0
77609,2.32458114624e-06
77610,0.000345945358276
77611,0.00112533569336
77612,0.00266456604004
77613,0.00476837158203
77614,0.0
77615,0.0
77616,0.0
77617,2.32458114624e-06
77618,0.000129699707031
77619,0.000733852386475
77620,0.00166702270508
77621,0.00308036804199
77622,0.0
77623,0.0
77624,0.0
77625,1.13248825073e-06
77626,0.000262498855591
77627,0.00103664398193
77628,0.00194835662842
77629,0.00369644165039
77630,0.0
77631,0.0
77632,0.0
77633,1.72853469849e-06
77634,0.000822067260742
77635,0.00162696838379
77636,0.00251579284668
77637,0.00377082824707
77638,0.0
77639,0.0
77640,0.0
77641,3.45706939697e-06
77642,9.90629196167e-05
77643,0.000672817230225
77644,0.0019645690918
77645,0.00365257263184
77646,0.0
77647,0.0
77648,0.0
77649,5.96046447754e-07
77650,0.000148296356201
77651,0.000599384307861
77652,0.00144577026367
77653,0.00216865539551
77654,0.0
77655,0.0
77656,0.0
77657,5.96046447754e-07
77658,0.000118494033813
77659,0.000733852386475
77660,0.0017671585083
77661,0.00375747680664
77662,0.0
77663,0.0
77664,0.0
77665,4.50015068054e-05
77666,0.000220060348511
77667,0.00111675262451
77668,0.00210189819336
77669,0.00403594970703
77670,0.0
77671,0.0
77672,0.0
77673,1.72853469849e-06
77674,0.000489234924316
77675,0.0013370513916
77676,0.00265312194824
77677,0.00500869750977
77678,0.0
77679,0.0
77680,0.0
77681,2.32458114624e-06
77682,9.56058502197e-05
77683,0.000611782073975
77684,0.00180816650391
77685,0.00277900695801
77686,0.0
77687,0.0
77688,0.0
77689,5.96046447754e-07
77690,0.000304460525513
77691,0.000557422637939
77692,0.00128078460693
77693,0.00259208679199
77694,0.0
77695,0.0
77696,0.0
77697,0.0
77698,0.000447988510132
77699,0.00147914886475
77700,0.00197410583496
77701,0.00357627868652
77702,0.0
77703,0.0
77704,0.0
77705,5.96046447754e-07
77706,0.000597476959229
77707,0.000925064086914
77708,0.00227546691895
77709,0.00400543212891
77710,0.0
77711,0.0
77712,0.0
77713,2.32458114624e-06
77714,0.000186562538147
77715,0.000808715820312
77716,0.00198936462402
77717,0.00238227844238
77718,0.0
77719,0.0
77720,0.0
77721,5.96046447754e-07
77722,0.000277042388916
77723,0.000895023345947
77724,0.00281143188477
77725,0.00382995605469
77726,0.0
77727,0.0
77728,0.0
77729,0.000166177749634
77730,0.000360250473022
77731,0.000692367553711
77732,0.00133895874023
77733,0.00349998474121
77734,0.0
77735,0.0
77736,0.0
77737,1.72853469849e-06
77738,0.000248432159424
77739,0.00118923187256
77740,0.00310325622559
77741,0.00469207763672
77742,0.0
77743,0.0
77744,0.0
77745,4.2736530304e-05
77746,0.000480651855469
77747,0.000850677490234
77748,0.00144100189209
77749,0.00284767150879
77750,0.0
77751,0.0
77752,0.0
77753,8.42809677124e-05
77754,0.000249624252319
77755,0.000376224517822
77756,0.00070333480835
77757,0.00261497497559
77758,0.0
77759,0.0
77760,0.0
77761,3.45706939697e-06
77762,0.000141620635986
77763,0.000804424285889
77764,0.00148487091064
77765,0.00395965576172
77766,0.0
77767,0.0
77768,0.0
77769,4.21404838562e-05
77770,0.000250577926636
77771,0.00121212005615
77772,0.00194454193115
77773,0.00388336181641
77774,0.0
77775,0.0
77776,0.0
77777,1.72853469849e-06
77778,0.0014066696167
77779,0.0014066696167
77780,0.00191020965576
77781,0.00323867797852
77782,0.0
77783,0.0
77784,0.0
77785,1.34706497192e-05
77786,0.000291109085083
77787,0.000435829162598
77788,0.00160121917725
77789,0.00262641906738
77790,0.0
77791,0.0
77792,0.0
77793,0.000212788581848
77794,0.000198125839233
77795,0.000750064849854
77796,0.00149822235107
77797,0.00147819519043
77798,0.0
77799,0.0
77800,0.0
77801,0.00037956237793
77802,0.000412702560425
77803,0.00108432769775
77804,0.00194454193115
77805,0.00368881225586
77806,0.0
77807,0.0
77808,0.0
77809,4.21404838562e-05
77810,0.00026535987854
77811,0.000726699829102
77812,0.00227546691895
77813,0.00298500061035
77814,0.0
77815,0.0
77816,0.0
77817,1.34706497192e-05
77818,0.000492572784424
77819,0.000796318054199
77820,0.00214767456055
77821,0.00307464599609
77822,0.0
77823,0.0
77824,0.0
77825,5.96046447754e-07
77826,0.000199675559998
77827,0.000511169433594
77828,0.00191497802734
77829,0.00284385681152
77830,0.0
77831,0.0
77832,0.0
77833,4.44650650024e-05
77834,9.63807106018e-05
77835,0.000538349151611
77836,0.00187873840332
77837,0.00398254394531
77838,0.0
77839,0.0
77840,0.0
77841,1.72853469849e-06
77842,0.000133156776428
77843,0.000576972961426
77844,0.00171089172363
77845,0.00255393981934
77846,0.0
77847,0.0
77848,0.0
77849,1.4066696167e-05
77850,0.000232100486755
77851,0.00100135803223
77852,0.00186824798584
77853,0.00315284729004
77854,0.0
77855,0.0
77856,0.0
77857,5.96046447754e-07
77858,0.000186443328857
77859,0.000417232513428
77860,0.000993728637695
77861,0.00255584716797
77862,0.0
77863,0.0
77864,0.0
77865,3.45706939697e-06
77866,0.000211477279663
77867,0.0007004737854
77868,0.00126075744629
77869,0.00250053405762
77870,0.0
77871,0.0
77872,0.0
77873,2.32458114624e-06
77874,0.000504016876221
77875,0.000992774963379
77876,0.0015869140625
77877,0.00274467468262
77878,0.0
77879,0.0
77880,0.0
77881,6.37769699097e-06
77882,0.000419616699219
77883,0.00082540512085
77884,0.00198364257812
77885,0.00331687927246
77886,0.0
77887,0.0
77888,0.0
77889,1.28746032715e-05
77890,0.000429630279541
77891,0.00150489807129
77892,0.00178909301758
77893,0.00299072265625
77894,0.0
77895,0.0
77896,0.0
77897,0.000128149986267
77898,0.000306129455566
77899,0.00142383575439
77900,0.00150680541992
77901,0.00264358520508
77902,0.0
77903,0.0
77904,0.0
77905,1.23381614685e-05
77906,0.000111997127533
77907,0.00105762481689
77908,0.00166702270508
77909,0.00350952148438
77910,0.0
77911,0.0
77912,0.0
77913,5.96046447754e-07
77914,0.000170230865479
77915,0.000459909439087
77916,0.000948905944824
77917,0.00285530090332
77918,0.0
77919,0.0
77920,0.0
77921,5.96046447754e-07
77922,0.000147342681885
77923,0.000936985015869
77924,0.00282859802246
77925,0.00332450866699
77926,0.0
77927,0.0
77928,0.0
77929,4.73260879517e-05
77930,0.000322341918945
77931,0.000862121582031
77932,0.00186061859131
77933,0.00261497497559
77934,0.0
77935,0.0
77936,0.0
77937,5.96046447754e-07
77938,1.32918357849e-05
77939,0.00087308883667
77940,0.001784324646
77941,0.0038890838623
77942,0.0
77943,0.0
77944,0.0
77945,5.3882598877e-05
77946,0.000481605529785
77947,0.000958919525146
77948,0.00144100189209
77949,0.00239562988281
77950,0.0
77951,0.0
77952,0.0
77953,1.72853469849e-06
77954,0.000102162361145
77955,0.000593662261963
77956,0.00169944763184
77957,0.00392150878906
77958,0.0
77959,0.0
77960,0.0
77961,5.96046447754e-07
77962,0.000187635421753
77963,0.0015983581543
77964,0.00304412841797
77965,0.00519561767578
77966,0.0
77967,0.0
77968,0.0
77969,5.96046447754e-07
77970,0.000156402587891
77971,0.00117015838623
77972,0.0023250579834
77973,0.00358200073242
77974,0.0
77975,0.0
77976,0.0
77977,2.32458114624e-06
77978,3.30805778503e-05
77979,0.000941276550293
77980,0.00169277191162
77981,0.00163650512695
77982,0.0
77983,0.0
77984,0.0
77985,4.44650650024e-05
77986,0.000417947769165
77987,0.00117111206055
77988,0.0025577545166
77989,0.00334930419922
77990,0.0
77991,0.0
77992,0.0
77993,5.96046447754e-07
77994,0.000185608863831
77995,0.000463962554932
77996,0.000944137573242
77997,0.00248336791992
77998,0.0
77999,0.0
78000,0.0
78001,5.96046447754e-07
78002,0.000275611877441
78003,0.00125026702881
78004,0.00144672393799
78005,0.00265121459961
78006,0.0
78007,0.0
78008,0.0
78009,4.32729721069e-05
78010,0.000515937805176
78011,0.00124073028564
78012,0.0013484954834
78013,0.00351333618164
78014,0.0
78015,0.0
78016,0.0
78017,1.13248825073e-06
78018,0.000128865242004
78019,0.000881671905518
78020,0.0018835067749
78021,0.00412368774414
78022,0.0
78023,0.0
78024,0.0
78025,1.28746032715e-05
78026,9.8705291748e-05
78027,0.000584602355957
78028,0.00218200683594
78029,0.00369071960449
78030,0.0
78031,0.0
78032,0.0
78033,1.92523002625e-05
78034,0.000297546386719
78035,0.00121116638184
78036,0.00186061859131
78037,0.00428009033203
78038,0.0
78039,0.0
78040,0.0
78041,4.21404838562e-05
78042,0.000420808792114
78043,0.000978469848633
78044,0.00220680236816
78045,0.00418853759766
78046,0.0
78047,0.0
78048,0.0
78049,6.37769699097e-06
78050,0.000238537788391
78051,0.00103759765625
78052,0.00160884857178
78053,0.00234985351562
78054,0.0
78055,0.0
78056,0.0
78057,1.13248825073e-06
78058,0.000483751296997
78059,0.00101852416992
78060,0.00187969207764
78061,0.0029239654541
78062,0.0
78063,0.0
78064,0.0
78065,2.86102294922e-06
78066,0.000473499298096
78067,0.00136280059814
78068,0.00258255004883
78069,0.00478744506836
78070,0.0
78071,0.0
78072,0.0
78073,0.000167965888977
78074,0.00027871131897
78075,0.00106716156006
78076,0.00158977508545
78077,0.00422668457031
78078,0.0
78079,0.0
78080,0.0
78081,8.30888748169e-05
78082,0.000108122825623
78083,0.000932693481445
78084,0.00298690795898
78085,0.00347518920898
78086,0.0
78087,0.0
78088,0.0
78089,1.13248825073e-06
78090,7.06315040588e-05
78091,0.000622749328613
78092,0.00175857543945
78093,0.00321578979492
78094,0.0
78095,0.0
78096,0.0
78097,8.48174095154e-05
78098,0.000667572021484
78099,0.000965118408203
78100,0.00195503234863
78101,0.00172996520996
78102,0.0
78103,0.0
78104,0.0
78105,5.96046447754e-07
78106,5.1736831665e-05
78107,0.00114727020264
78108,0.00275993347168
78109,0.00388336181641
78110,0.0
78111,0.0
78112,0.0
78113,1.13248825073e-06
78114,0.000366449356079
78115,0.00061559677124
78116,0.0013484954834
78117,0.00348472595215
78118,0.0
78119,0.0
78120,0.0
78121,4.67300415039e-05
78122,0.000287532806396
78123,0.000613689422607
78124,0.00200080871582
78125,0.00356292724609
78126,0.0
78127,0.0
78128,0.0
78129,1.72853469849e-06
78130,0.000115215778351
78131,0.00115585327148
78132,0.00234222412109
78133,0.00325965881348
78134,0.0
78135,0.0
78136,0.0
78137,0.000214576721191
78138,0.000356435775757
78139,0.00130939483643
78140,0.00364303588867
78141,0.003662109375
78142,0.0
78143,0.0
78144,0.0
78145,4.84585762024e-05
78146,0.000176191329956
78147,0.000448942184448
78148,0.00102710723877
78149,0.00389671325684
78150,0.0
78151,0.0
78152,0.0
78153,8.10623168945e-06
78154,7.06315040588e-05
78155,0.00113391876221
78156,0.00277900695801
78157,0.00419616699219
78158,0.0
78159,0.0
78160,0.0
78161,1.13248825073e-06
78162,0.000413179397583
78163,0.000925540924072
78164,0.00199127197266
78165,0.00278091430664
78166,0.0
78167,0.0
78168,0.0
78169,8.94665718079e-05
78170,0.000197052955627
78171,0.000501155853271
78172,0.00120544433594
78173,0.00228118896484
78174,0.0
78175,0.0
78176,0.0
78177,2.86102294922e-06
78178,0.00046968460083
78179,0.000971794128418
78180,0.00212478637695
78181,0.00391006469727
78182,0.0
78183,0.0
78184,0.0
78185,5.96046447754e-07
78186,0.000293016433716
78187,0.00149917602539
78188,0.00219917297363
78189,0.00247192382812
78190,0.0
78191,0.0
78192,0.0
78193,1.72853469849e-06
78194,0.00020968914032
78195,0.000960826873779
78196,0.00190925598145
78197,0.00252151489258
78198,0.0
78199,0.0
78200,0.0
78201,1.72853469849e-06
78202,5.57899475098e-05
