4,0.0
5,0.0
6,0.0
7,0.0
8,0.0
9,0.0
10,0.0
11,0.0
12,0.00174236297607
13,0.00336265563965
14,0.00453186035156
15,0.00553894042969
16,0.00712203979492
17,0.00738525390625
18,0.00702667236328
19,0.0
20,0.0556030273438
21,0.0639038085938
22,0.0866088867188
23,0.0940551757812
24,0.100891113281
25,0.106201171875
26,0.106079101562
27,0.0
28,0.044189453125
29,0.0604248046875
30,0.0767211914062
31,0.08203125
32,0.0904541015625
33,0.0875854492188
34,0.09375
35,0.0
36,0.0391845703125
37,0.0525817871094
38,0.0654907226562
39,0.06689453125
40,0.078857421875
41,0.0809936523438
42,0.0845947265625
43,0.0
44,0.0252532958984
45,0.037109375
46,0.0527648925781
47,0.06396484375
48,0.0674438476562
49,0.0757446289062
50,0.07861328125
51,0.0
52,0.0242919921875
53,0.0380554199219
54,0.0512390136719
55,0.0651245117188
56,0.0721435546875
57,0.0752563476562
58,0.0775756835938
59,0.0
60,0.0224761962891
61,0.0393981933594
62,0.0519104003906
63,0.0547180175781
64,0.0585632324219
65,0.0672607421875
66,0.0746459960938
67,0.0
68,0.0188598632812
69,0.0272216796875
70,0.0369873046875
71,0.0460815429688
72,0.0636596679688
73,0.057373046875
74,0.0689697265625
75,0.0
76,0.0219116210938
77,0.03173828125
78,0.0421142578125
79,0.0535278320312
80,0.065673828125
81,0.0606689453125
82,0.0784912109375
83,0.0
84,0.0195007324219
85,0.0298767089844
86,0.0360107421875
87,0.0462341308594
88,0.0595397949219
89,0.0618286132812
90,0.0605163574219
91,0.0
92,0.02001953125
93,0.0266876220703
94,0.0389099121094
95,0.0437927246094
96,0.0560607910156
97,0.0585632324219
98,0.0655517578125
99,0.0
100,0.0179901123047
101,0.0369262695312
102,0.0397644042969
103,0.0620727539062
104,0.0801391601562
105,0.0809936523438
106,0.0929565429688
107,0.0
108,0.0207672119141
109,0.0262451171875
110,0.0359802246094
111,0.043701171875
112,0.05126953125
113,0.0609436035156
114,0.0621948242188
115,0.0
116,0.0167999267578
117,0.0331726074219
118,0.0378112792969
119,0.0450439453125
120,0.0545043945312
121,0.0662231445312
122,0.06396484375
123,0.0
124,0.0193328857422
125,0.0354919433594
126,0.0494384765625
127,0.0565490722656
128,0.0640258789062
129,0.0687866210938
130,0.0703735351562
131,0.0
132,0.0140151977539
133,0.023681640625
134,0.0344543457031
135,0.0438537597656
136,0.0592041015625
137,0.0685424804688
138,0.0736694335938
139,0.0
140,0.0205688476562
141,0.025146484375
142,0.0337829589844
143,0.0424499511719
144,0.0588684082031
145,0.055908203125
146,0.060302734375
147,0.0
148,0.0137634277344
149,0.0233459472656
150,0.0447082519531
151,0.0468139648438
152,0.0516052246094
153,0.0607299804688
154,0.063232421875
155,0.0
156,0.0185241699219
157,0.0293884277344
158,0.0419006347656
159,0.0527038574219
160,0.0533142089844
161,0.0693359375
162,0.0789184570312
163,0.0
164,0.0134201049805
165,0.0217132568359
166,0.036376953125
167,0.0421447753906
168,0.0488891601562
169,0.0509338378906
170,0.056640625
171,0.0
172,0.0197906494141
173,0.024658203125
174,0.0415649414062
175,0.0458068847656
176,0.0432739257812
177,0.0484008789062
178,0.0453796386719
179,0.0
180,0.0167083740234
181,0.0312042236328
182,0.0440673828125
183,0.04931640625
184,0.0623474121094
185,0.0591735839844
186,0.0684814453125
187,0.0
188,0.0155944824219
189,0.0269470214844
190,0.0367126464844
191,0.0520629882812
192,0.0563659667969
193,0.0657348632812
194,0.0528869628906
195,0.0
196,0.0146560668945
197,0.0233154296875
198,0.0469360351562
199,0.0603637695312
200,0.06787109375
201,0.064453125
202,0.07568359375
203,0.0
204,0.0145492553711
205,0.0217742919922
206,0.0318908691406
207,0.044189453125
208,0.0583190917969
209,0.0519104003906
210,0.0661010742188
211,0.0
212,0.0111770629883
213,0.022216796875
214,0.0306091308594
215,0.0411071777344
216,0.0489501953125
217,0.0522766113281
218,0.0496826171875
219,0.0
220,0.0136108398438
221,0.0298004150391
222,0.0445251464844
223,0.0567626953125
224,0.0556640625
225,0.0587463378906
226,0.0671997070312
227,0.0
228,0.00989532470703
229,0.0232391357422
230,0.0283050537109
231,0.0301971435547
232,0.0398559570312
233,0.0480651855469
234,0.0484008789062
235,0.0
236,0.0196380615234
237,0.037841796875
238,0.0429077148438
239,0.0392456054688
240,0.0321044921875
241,0.0463256835938
242,0.0485534667969
243,0.0
244,0.0109024047852
245,0.0216369628906
246,0.0357055664062
247,0.04150390625
248,0.0381469726562
249,0.0530700683594
250,0.0531921386719
251,0.0
252,0.0161895751953
253,0.0301361083984
254,0.0317687988281
255,0.0426940917969
256,0.0470886230469
257,0.0648193359375
258,0.0531921386719
259,0.0
260,0.0106811523438
261,0.0208892822266
262,0.0308685302734
263,0.0376892089844
264,0.0424499511719
265,0.0447082519531
266,0.0521240234375
267,0.0
268,0.0111770629883
269,0.0194702148438
270,0.0325927734375
271,0.0336303710938
272,0.0447692871094
273,0.0450439453125
274,0.047607421875
275,0.0
276,0.01025390625
277,0.0234375
278,0.0252838134766
279,0.0387878417969
280,0.0604248046875
281,0.0654907226562
282,0.0655517578125
283,0.0
284,0.0123825073242
285,0.0220642089844
286,0.0296630859375
287,0.0340576171875
288,0.0394287109375
289,0.0426330566406
290,0.0553283691406
291,0.0
292,0.0198211669922
293,0.0258026123047
294,0.0502319335938
295,0.0462646484375
296,0.0511779785156
297,0.0645141601562
298,0.0858764648438
299,0.0
300,0.00897979736328
301,0.0166320800781
302,0.0259704589844
303,0.0321960449219
304,0.0390930175781
305,0.0457763671875
306,0.0540161132812
307,0.0
308,0.00759887695312
309,0.0151901245117
310,0.0195617675781
311,0.025146484375
312,0.0345153808594
313,0.0411071777344
314,0.0459289550781
315,0.0
316,0.0161743164062
317,0.0232543945312
318,0.0400390625
319,0.0391540527344
320,0.0555725097656
321,0.0568542480469
322,0.052978515625
323,0.0
324,0.0110855102539
325,0.02197265625
326,0.02197265625
327,0.02880859375
328,0.0354614257812
329,0.03955078125
330,0.0372619628906
331,0.0
332,0.0182952880859
333,0.0440673828125
334,0.0333557128906
335,0.0369567871094
336,0.0406188964844
337,0.0553588867188
338,0.0726318359375
339,0.0
340,0.00702667236328
341,0.0173797607422
342,0.0225524902344
343,0.0332946777344
344,0.0399475097656
345,0.0506591796875
346,0.0674438476562
347,0.0
348,0.013427734375
349,0.0390625
350,0.0334777832031
351,0.0587158203125
352,0.0792236328125
353,0.0765380859375
354,0.0982055664062
355,0.0
356,0.00895690917969
357,0.0179748535156
358,0.0377807617188
359,0.0580444335938
360,0.0565490722656
361,0.0508422851562
362,0.0486450195312
363,0.0
364,0.0101776123047
365,0.0205078125
366,0.0373840332031
367,0.033935546875
368,0.0585632324219
369,0.0687255859375
370,0.0709838867188
371,0.0
372,0.00568008422852
373,0.0130386352539
374,0.0165710449219
375,0.0223236083984
376,0.0303039550781
377,0.0285797119141
378,0.0435791015625
379,0.0
380,0.0106735229492
381,0.0256958007812
382,0.0416870117188
383,0.067626953125
384,0.063232421875
385,0.0708618164062
386,0.0592346191406
387,0.0
388,0.00477600097656
389,0.00984191894531
390,0.0148696899414
391,0.0191345214844
392,0.0274505615234
393,0.0330200195312
394,0.0332946777344
395,0.0
396,0.00995635986328
397,0.0193328857422
398,0.0294494628906
399,0.0345153808594
400,0.0484313964844
401,0.0515747070312
402,0.0458068847656
403,0.0
404,0.00892639160156
405,0.0311737060547
406,0.034423828125
407,0.0314636230469
408,0.0341186523438
409,0.0361022949219
410,0.0419006347656
411,0.0
412,0.00442504882812
413,0.0122375488281
414,0.0204010009766
415,0.0354309082031
416,0.0538330078125
417,0.0650634765625
418,0.0728759765625
419,0.0
420,0.00666427612305
421,0.0148849487305
422,0.0171203613281
423,0.0202178955078
424,0.0297088623047
425,0.0498352050781
426,0.0588073730469
427,0.0
428,0.0101928710938
429,0.0136642456055
430,0.0181884765625
431,0.0344848632812
432,0.0334167480469
433,0.0553588867188
434,0.0496520996094
435,0.0
436,0.00580215454102
437,0.0270538330078
438,0.0403747558594
439,0.0389099121094
440,0.0479431152344
441,0.078857421875
442,0.0855712890625
443,0.0
444,0.0039005279541
445,0.0163421630859
446,0.040283203125
447,0.0410766601562
448,0.0414733886719
449,0.0291595458984
450,0.0325927734375
451,0.0
452,0.0089111328125
453,0.0125732421875
454,0.0188903808594
455,0.0296783447266
456,0.0257873535156
457,0.0293579101562
458,0.0306091308594
459,0.0
460,0.0153732299805
461,0.0280914306641
462,0.0457763671875
463,0.05517578125
464,0.0455322265625
465,0.0601501464844
466,0.0589294433594
467,0.0
468,0.00723648071289
469,0.0193328857422
470,0.0320129394531
471,0.037109375
472,0.0331420898438
473,0.0346069335938
474,0.0328979492188
475,0.0
476,0.00716781616211
477,0.013671875
478,0.0208587646484
479,0.0261840820312
480,0.0250396728516
481,0.0409240722656
482,0.0638427734375
483,0.0
484,0.00608062744141
485,0.0121765136719
486,0.0172119140625
487,0.0216369628906
488,0.0237274169922
489,0.0277557373047
490,0.0290222167969
491,0.0
492,0.00360298156738
493,0.0192413330078
494,0.0380554199219
495,0.0654907226562
496,0.0475769042969
497,0.044677734375
498,0.0759887695312
499,0.0
500,0.00658416748047
501,0.0124588012695
502,0.0194396972656
503,0.0381774902344
504,0.0428161621094
505,0.0423889160156
506,0.0500183105469
507,0.0
508,0.0228424072266
509,0.0292358398438
510,0.0389709472656
511,0.0404663085938
512,0.0731811523438
513,0.05126953125
514,0.0445861816406
515,0.0
516,0.00938415527344
517,0.0220489501953
518,0.0220947265625
519,0.0272674560547
520,0.0398559570312
521,0.0414123535156
522,0.0392150878906
523,0.0
524,0.00442886352539
525,0.00941467285156
526,0.0165252685547
527,0.0195770263672
528,0.0248718261719
529,0.0327758789062
530,0.0318908691406
531,0.0
532,0.00397872924805
533,0.00759506225586
534,0.00908660888672
535,0.0181732177734
536,0.0297241210938
537,0.0369567871094
538,0.040771484375
539,0.0
540,0.00582885742188
541,0.0139312744141
542,0.0130004882812
543,0.0207061767578
544,0.0272216796875
545,0.0332946777344
546,0.0373840332031
547,0.0
548,0.0164337158203
549,0.0131759643555
550,0.0273742675781
551,0.0302276611328
552,0.0342712402344
553,0.0296783447266
554,0.0460205078125
555,0.0
556,0.00512313842773
557,0.00935363769531
558,0.0164489746094
559,0.0202484130859
560,0.0223236083984
561,0.0222473144531
562,0.0379943847656
563,0.0
564,0.00406646728516
565,0.00685119628906
566,0.0200042724609
567,0.0196533203125
568,0.0215148925781
569,0.0296478271484
570,0.0564270019531
571,0.0
572,0.00349426269531
573,0.0074462890625
574,0.013427734375
575,0.0237121582031
576,0.0473327636719
577,0.0692749023438
578,0.0714111328125
579,0.0
580,0.00254058837891
581,0.00566101074219
582,0.00982666015625
583,0.0151748657227
584,0.0228118896484
585,0.0257568359375
586,0.0393981933594
587,0.0
588,0.00665283203125
589,0.00961303710938
590,0.0172271728516
591,0.0202484130859
592,0.0242767333984
593,0.0221710205078
594,0.032958984375
595,0.0
596,0.00221633911133
597,0.00790405273438
598,0.0129013061523
599,0.0148620605469
600,0.03466796875
601,0.0329895019531
602,0.0380554199219
603,0.0
604,0.00385093688965
605,0.0106658935547
606,0.0126953125
607,0.0135879516602
608,0.020751953125
609,0.0251922607422
610,0.0332946777344
611,0.0
612,0.00699996948242
613,0.00855255126953
614,0.0128326416016
615,0.0187377929688
616,0.0219116210938
617,0.0235900878906
618,0.0214691162109
619,0.0
620,0.00407791137695
621,0.00625991821289
622,0.0064582824707
623,0.0142288208008
624,0.0214996337891
625,0.0224761962891
626,0.0305023193359
627,0.0
628,0.00386810302734
629,0.0102767944336
630,0.0112609863281
631,0.0153884887695
632,0.0176086425781
633,0.0229034423828
634,0.038818359375
635,0.0
636,0.0046272277832
637,0.0105819702148
638,0.0193481445312
639,0.0260314941406
640,0.028564453125
641,0.0399169921875
642,0.0541076660156
643,0.0
644,0.0202178955078
645,0.0241088867188
646,0.0269317626953
647,0.0623779296875
648,0.0545959472656
649,0.0773315429688
650,0.107543945312
651,0.0
652,0.00192546844482
653,0.00361824035645
654,0.00592041015625
655,0.00893402099609
656,0.0107116699219
657,0.0169677734375
658,0.0186004638672
659,0.0
660,0.00289916992188
661,0.00489807128906
662,0.00617599487305
663,0.0117416381836
664,0.0218048095703
665,0.0251770019531
666,0.0466613769531
667,0.0
668,0.00217247009277
669,0.00540924072266
670,0.00885009765625
671,0.0129852294922
672,0.0151977539062
673,0.0233459472656
674,0.0216674804688
675,0.0
676,0.00374412536621
677,0.00656127929688
678,0.00990295410156
679,0.0128860473633
680,0.0274963378906
681,0.0230255126953
682,0.0309448242188
683,0.0
684,0.0117797851562
685,0.0253601074219
686,0.0506591796875
687,0.0614318847656
688,0.0951538085938
689,0.115539550781
690,0.12744140625
691,0.0
692,0.00700759887695
693,0.00894927978516
694,0.0110321044922
695,0.0111236572266
696,0.0165710449219
697,0.0222015380859
698,0.0282135009766
699,0.0
700,0.00537490844727
701,0.0122604370117
702,0.0112991333008
703,0.0294189453125
704,0.0337524414062
705,0.0293121337891
706,0.0392761230469
707,0.0
708,0.00623321533203
709,0.0196990966797
710,0.0269317626953
711,0.0340576171875
712,0.0444030761719
713,0.0537109375
714,0.0489196777344
715,0.0
716,0.00494003295898
717,0.00715637207031
718,0.0156555175781
719,0.0260467529297
720,0.0213928222656
721,0.0363159179688
722,0.0340576171875
723,0.0
724,0.00376510620117
725,0.0103912353516
726,0.0283813476562
727,0.0294647216797
728,0.0465698242188
729,0.0321960449219
730,0.0280456542969
731,0.0
732,0.00856018066406
733,0.0228118896484
734,0.0241546630859
735,0.0225524902344
736,0.0200653076172
737,0.0433654785156
738,0.0720825195312
739,0.0
740,0.00416564941406
741,0.0122146606445
742,0.0137023925781
743,0.0228271484375
744,0.0230560302734
745,0.0274963378906
746,0.0286102294922
747,0.0
748,0.00625610351562
749,0.0159759521484
750,0.0234222412109
751,0.0536193847656
752,0.0510559082031
753,0.070556640625
754,0.072998046875
755,0.0
756,0.00214958190918
757,0.00629043579102
758,0.00914001464844
759,0.0148544311523
760,0.0204925537109
761,0.0326538085938
762,0.0358581542969
763,0.0
764,0.00198745727539
765,0.00405502319336
766,0.00774002075195
767,0.0203399658203
768,0.0233612060547
769,0.0356140136719
770,0.0353698730469
771,0.0
772,0.00424957275391
773,0.00775909423828
774,0.00905609130859
775,0.0226440429688
776,0.0218353271484
777,0.022216796875
778,0.0220794677734
779,0.0
780,0.0042839050293
781,0.00875091552734
782,0.0121994018555
783,0.0218048095703
784,0.0328979492188
786,0.0533142089844
787,0.0461730957031
788,0.0
789,0.00276184082031
790,0.00548553466797
791,0.00598907470703
792,0.0127868652344
793,0.0219268798828
794,0.0198974609375
795,0.0204010009766
796,0.0
797,0.00304222106934
798,0.00973510742188
799,0.0207214355469
800,0.0333251953125
801,0.0296325683594
802,0.0399475097656
803,0.0379333496094
804,0.0
805,0.00389099121094
806,0.00708389282227
807,0.0125885009766
808,0.0233764648438
809,0.0199890136719
810,0.0234832763672
811,0.0216674804688
812,0.0
813,0.00263977050781
814,0.00396347045898
815,0.00989532470703
816,0.00920867919922
817,0.0120086669922
818,0.0120239257812
819,0.0179595947266
820,0.0
821,0.00565719604492
822,0.0187072753906
823,0.0248718261719
824,0.0231323242188
825,0.0215759277344
826,0.0242156982422
827,0.0259552001953
828,0.0
829,0.00502777099609
830,0.0100936889648
831,0.0179595947266
832,0.0166625976562
833,0.0255889892578
834,0.0510864257812
835,0.0558166503906
836,0.0
837,0.00706481933594
838,0.0177917480469
839,0.036865234375
840,0.0392150878906
841,0.0360717773438
842,0.0350646972656
843,0.0580139160156
844,0.0
845,0.00204467773438
846,0.00471496582031
847,0.00385284423828
848,0.00856781005859
849,0.0121612548828
850,0.0293884277344
851,0.0337219238281
852,0.0
853,0.00381088256836
854,0.00569915771484
855,0.00542068481445
856,0.00990295410156
857,0.0105056762695
858,0.0169067382812
859,0.0200347900391
860,0.0
861,0.00151443481445
862,0.00241470336914
863,0.00450897216797
864,0.00863647460938
865,0.0173492431641
866,0.0215606689453
867,0.0202941894531
868,0.0
869,0.00593948364258
870,0.00878143310547
871,0.00797271728516
872,0.0181427001953
873,0.0222473144531
874,0.0408630371094
875,0.0350646972656
876,0.0
877,0.0111694335938
878,0.0133895874023
879,0.0225830078125
880,0.0225524902344
881,0.0450439453125
882,0.0448608398438
883,0.0495300292969
884,0.0
885,0.00639724731445
886,0.00850677490234
887,0.0167846679688
888,0.0206451416016
889,0.0236053466797
890,0.0253753662109
891,0.0274658203125
892,0.0
893,0.00455474853516
894,0.00627136230469
895,0.0121307373047
896,0.0191650390625
897,0.0193328857422
898,0.0214385986328
899,0.0220489501953
900,0.0
901,0.00345039367676
902,0.00386428833008
903,0.0106048583984
904,0.0146255493164
905,0.0190887451172
906,0.0204772949219
907,0.0213623046875
908,0.0
909,0.00605010986328
910,0.0107192993164
911,0.0189971923828
912,0.0207061767578
913,0.0258941650391
914,0.0264434814453
915,0.0449829101562
916,0.0
917,0.00473403930664
918,0.0186767578125
919,0.0220031738281
920,0.0291900634766
921,0.0309600830078
922,0.0324401855469
923,0.0339660644531
924,0.0
925,0.00172424316406
926,0.00407028198242
927,0.00822448730469
928,0.0164642333984
929,0.0221405029297
930,0.0207366943359
931,0.0324401855469
932,0.0
933,0.00209045410156
934,0.0056037902832
935,0.00899505615234
936,0.0146713256836
937,0.0233306884766
938,0.0221862792969
939,0.0259552001953
940,0.0
941,0.0051155090332
942,0.00732040405273
943,0.0128936767578
944,0.0195465087891
945,0.0202331542969
946,0.0206756591797
947,0.0203247070312
948,0.0
949,0.013313293457
950,0.0104141235352
951,0.014892578125
952,0.018310546875
953,0.0177459716797
954,0.0206451416016
955,0.022216796875
956,0.0
957,0.00519561767578
958,0.00865936279297
959,0.015007019043
960,0.0184783935547
961,0.0143508911133
962,0.0172882080078
963,0.0227355957031
964,0.0
965,0.0023021697998
966,0.00897216796875
967,0.0120849609375
968,0.0276184082031
969,0.0286102294922
970,0.03271484375
971,0.046630859375
972,0.0
973,0.00849151611328
974,0.0117950439453
975,0.0145797729492
976,0.0186462402344
977,0.0240020751953
978,0.0350952148438
979,0.0332946777344
980,0.0
981,0.00223159790039
982,0.00438690185547
983,0.00596237182617
984,0.00690460205078
985,0.0198669433594
986,0.0225372314453
987,0.0360412597656
988,0.0
989,0.00258827209473
990,0.00464630126953
991,0.00688934326172
992,0.00773620605469
993,0.00943756103516
994,0.0156555175781
995,0.0210266113281
996,0.0
997,0.00116920471191
998,0.0130233764648
999,0.0160217285156
1000,0.0164489746094
1001,0.0256958007812
1002,0.04345703125
1003,0.0325012207031
1004,0.0
1005,0.00435256958008
1006,0.00741958618164
1007,0.00953674316406
1008,0.0119781494141
1009,0.0121002197266
1010,0.0222015380859
1011,0.0234680175781
1012,0.0
1013,0.00300788879395
1014,0.00633239746094
1015,0.0105819702148
1016,0.00919342041016
1017,0.0116424560547
1018,0.0157165527344
1019,0.0152130126953
1020,0.0
1021,0.00266265869141
1022,0.00205421447754
1023,0.00961303710938
1024,0.0129928588867
1025,0.0326232910156
1026,0.0377502441406
1027,0.0370178222656
1028,0.0
1029,0.00103759765625
1030,0.00465774536133
1031,0.00585174560547
1032,0.00778579711914
1033,0.00929260253906
1034,0.0150604248047
1035,0.0137100219727
1036,0.0
1037,0.000550270080566
1038,0.00393295288086
1039,0.0054931640625
1040,0.0107421875
1041,0.0113143920898
1042,0.0202789306641
1043,0.0200500488281
1044,0.0
1045,0.00472259521484
1046,0.0102386474609
1047,0.0110702514648
1048,0.0135726928711
1049,0.0133285522461
1050,0.0192565917969
1051,0.0200500488281
1052,0.0
1053,0.0019416809082
1054,0.00905609130859
1055,0.00813293457031
1056,0.0148849487305
1057,0.0102081298828
1058,0.0227508544922
1059,0.0331726074219
1060,0.0
1061,0.0190734863281
1062,0.0273742675781
1063,0.0467529296875
1064,0.0579223632812
1065,0.0560607910156
1066,0.0497436523438
1067,0.0582275390625
1068,0.0
1069,0.00349235534668
1070,0.00979614257812
1071,0.00914001464844
1072,0.0224151611328
1073,0.0234527587891
1074,0.0324401855469
1075,0.0215759277344
1076,0.0
1077,0.00455474853516
1078,0.0153121948242
1079,0.0212249755859
1080,0.0300140380859
1081,0.0401306152344
1082,0.0413513183594
1083,0.0364379882812
1084,0.0
1085,0.00241088867188
1086,0.00505065917969
1087,0.00818634033203
1088,0.0146331787109
1089,0.0244140625
1090,0.0285339355469
1091,0.0281677246094
1092,0.0
1093,0.00635147094727
1094,0.0102691650391
1095,0.0157318115234
1096,0.0208740234375
1097,0.0133285522461
1098,0.0157775878906
1099,0.0240936279297
1100,0.0
1101,0.00546646118164
1102,0.0150375366211
1103,0.0132446289062
1104,0.0194549560547
1105,0.03076171875
1106,0.0310668945312
1107,0.0249328613281
1108,0.0
1109,0.00475311279297
1110,0.00982666015625
1111,0.00990295410156
1112,0.0135040283203
1113,0.0170593261719
1114,0.0238647460938
1115,0.0182647705078
1116,0.0
1117,0.00369071960449
1118,0.00561141967773
1119,0.00841522216797
1120,0.0119857788086
1121,0.0147323608398
1122,0.0186462402344
1123,0.0186767578125
1124,0.0
1125,0.00169086456299
1126,0.00301933288574
1127,0.00686264038086
1128,0.00897216796875
1129,0.0101776123047
1130,0.0105361938477
1131,0.0105590820312
1132,0.0
1133,0.00183773040771
1134,0.00391006469727
1135,0.00457382202148
1136,0.00642776489258
1137,0.006591796875
1138,0.0067138671875
1139,0.00779724121094
1140,0.0
1141,0.00144672393799
1142,0.00361061096191
1143,0.00543212890625
1144,0.00796508789062
1145,0.0124206542969
1146,0.0220794677734
1147,0.0267791748047
1148,0.0
1149,0.00132274627686
1150,0.005126953125
1151,0.00693511962891
1152,0.0116577148438
1153,0.0285491943359
1154,0.0286254882812
1155,0.0321350097656
1156,0.0
1157,0.00597381591797
1158,0.00699996948242
1159,0.0108261108398
1160,0.010986328125
1161,0.0128173828125
1162,0.012825012207
1163,0.0404357910156
1164,0.0
1165,0.00625228881836
1166,0.00912475585938
1167,0.00885009765625
1168,0.0162506103516
1169,0.0147094726562
1170,0.0163421630859
1171,0.0184783935547
1172,0.0
1173,0.000625610351562
1174,0.00553131103516
1175,0.00712203979492
1176,0.0108489990234
1177,0.00857543945312
1178,0.0154495239258
1179,0.0283355712891
1180,0.0
1181,0.0026969909668
1182,0.00666809082031
1183,0.00855255126953
1184,0.00966644287109
1185,0.0110015869141
1186,0.0103378295898
1187,0.0139389038086
1188,0.0
1189,0.000841617584229
1190,0.00272560119629
1191,0.00566864013672
1192,0.00785827636719
1193,0.0124359130859
1194,0.0192413330078
1195,0.0172882080078
1196,0.0
1197,0.00214385986328
1198,0.0054817199707
1199,0.0143203735352
1200,0.0162506103516
1201,0.0174102783203
1202,0.0128479003906
1203,0.016845703125
1204,0.0
1205,0.00120067596436
1206,0.0039005279541
1207,0.00531387329102
1208,0.0101470947266
1209,0.00818634033203
1210,0.00991821289062
1211,0.0176696777344
1212,0.0
1213,0.00519561767578
1214,0.00550842285156
1215,0.00832366943359
1216,0.0142822265625
1217,0.0153274536133
1218,0.0347290039062
1219,0.0264892578125
1220,0.0
1221,0.00532150268555
1222,0.00593185424805
1223,0.0105972290039
1224,0.0177459716797
1225,0.0261993408203
1226,0.0296630859375
1227,0.0312194824219
1228,0.0
1229,0.00249671936035
1230,0.00466156005859
1231,0.00914001464844
1232,0.0119094848633
1233,0.0147705078125
1234,0.0155944824219
1235,0.024169921875
1236,0.0
1237,0.00189876556396
1238,0.0134506225586
1239,0.0180358886719
1240,0.0121765136719
1241,0.0146865844727
1242,0.0308380126953
1243,0.0294799804688
1244,0.0
1245,0.00426483154297
1246,0.00495147705078
1247,0.00930786132812
1248,0.00891876220703
1249,0.0245971679688
1250,0.027099609375
1251,0.033935546875
1252,0.0
1253,0.00190448760986
1254,0.00381278991699
1255,0.0107955932617
1256,0.0123825073242
1257,0.0266265869141
1258,0.0418701171875
1259,0.0634765625
1260,0.0
1261,0.00141525268555
1262,0.00762939453125
1263,0.009521484375
1264,0.0142593383789
1265,0.0193786621094
1266,0.0216217041016
1267,0.0294036865234
1268,0.0
1269,0.00119590759277
1270,0.00655746459961
1271,0.00726699829102
1272,0.01025390625
1273,0.0131683349609
1274,0.0131149291992
1275,0.0201721191406
1276,0.0
1277,0.00223350524902
1278,0.00807952880859
1279,0.009033203125
1280,0.00920867919922
1281,0.0113372802734
1282,0.013916015625
1283,0.0195617675781
1284,0.0
1285,0.00209617614746
1286,0.0025806427002
1287,0.00534057617188
1288,0.00981140136719
1289,0.0159149169922
1290,0.0171661376953
1291,0.0164184570312
1292,0.0
1293,0.000918865203857
1294,0.00367736816406
1295,0.00633239746094
1296,0.00764465332031
1297,0.00809478759766
1298,0.00828552246094
1299,0.0221099853516
1300,0.0
1301,0.0023365020752
1302,0.00727462768555
1303,0.00843048095703
1304,0.0112915039062
1305,0.0228881835938
1306,0.0225677490234
1307,0.0246887207031
1308,0.0
1309,0.0164184570312
1310,0.0256500244141
1311,0.0292358398438
1312,0.0414123535156
1313,0.0582580566406
1314,0.0559692382812
1315,0.05615234375
1316,0.0
1317,0.00321197509766
1318,0.00393676757812
1319,0.00785064697266
1320,0.00906372070312
1321,0.0163879394531
1322,0.0247802734375
1323,0.0314331054688
1324,0.0
1325,0.00370597839355
1326,0.0127563476562
1327,0.0113830566406
1328,0.0138168334961
1329,0.0173645019531
1330,0.0223388671875
1331,0.0195007324219
1332,0.0
1333,0.0058708190918
1334,0.0117263793945
1335,0.0160217285156
1336,0.0155181884766
1337,0.0212554931641
1338,0.0268249511719
1339,0.0287780761719
1340,0.0
1341,0.00346946716309
1342,0.00904083251953
1343,0.00556564331055
1344,0.00744247436523
1345,0.0108108520508
1346,0.00943756103516
1347,0.0143585205078
1348,0.0
1349,0.00487899780273
1350,0.00717163085938
1351,0.0106353759766
1352,0.0121536254883
1353,0.0126190185547
1354,0.0136795043945
1355,0.0165100097656
1356,0.0
1357,0.0122909545898
1358,0.013298034668
1359,0.0165557861328
1360,0.02587890625
1361,0.0243682861328
1362,0.0352783203125
1363,0.0357666015625
1364,0.0
1365,0.00782775878906
1366,0.00724411010742
1367,0.00945281982422
1368,0.0209503173828
1369,0.0190582275391
1370,0.0275268554688
1371,0.0327453613281
1372,0.0
1373,0.00974273681641
1374,0.00878143310547
1375,0.0124206542969
1376,0.0120391845703
1377,0.0138778686523
1378,0.0156860351562
1379,0.0155715942383
1380,0.0
1381,0.00467300415039
1382,0.00736618041992
1383,0.0104064941406
1384,0.0169982910156
1385,0.0121536254883
1386,0.0147171020508
1387,0.0195007324219
1388,0.0
1389,0.00272369384766
1390,0.003173828125
1391,0.00643920898438
1392,0.00573348999023
1393,0.00828552246094
1394,0.0131378173828
1395,0.0119323730469
1396,0.0
1397,0.00779724121094
1398,0.0108184814453
1399,0.0113372802734
1400,0.00957489013672
1401,0.0164489746094
1402,0.0200805664062
1403,0.0205841064453
1404,0.0
1405,0.00211334228516
1406,0.00589752197266
1407,0.00746917724609
1408,0.00958251953125
1409,0.00864410400391
1410,0.0100708007812
1411,0.0137634277344
1412,0.0
1413,0.00581741333008
1414,0.00888061523438
1415,0.0135498046875
1416,0.0158538818359
1417,0.0185089111328
1418,0.02001953125
1419,0.0190124511719
1420,0.0
1421,0.00222206115723
1422,0.0078125
1423,0.0122604370117
1424,0.0204620361328
1425,0.0207214355469
1426,0.0238952636719
1427,0.0216522216797
1428,0.0
1429,0.00223350524902
1430,0.00351142883301
1431,0.010856628418
1432,0.023193359375
1433,0.0258178710938
1434,0.0525512695312
1435,0.0516052246094
1436,0.0
1437,0.00448989868164
1438,0.0105438232422
1439,0.0139465332031
1440,0.0103759765625
1441,0.0102386474609
1442,0.0143966674805
1443,0.0233917236328
1444,0.0
1445,0.00250053405762
1446,0.00472640991211
1447,0.00888061523438
1448,0.0118865966797
1449,0.0241241455078
1450,0.0238952636719
1451,0.0277557373047
1452,0.0
1453,0.00203132629395
1454,0.0034008026123
1455,0.00489044189453
1456,0.0113372802734
1457,0.00833129882812
1458,0.00948333740234
1459,0.0165710449219
1460,0.0
1461,0.00138854980469
1462,0.00827026367188
1463,0.0160369873047
1464,0.0153732299805
1465,0.0162506103516
1466,0.0137786865234
1467,0.0166168212891
1468,0.0
1469,0.00069522857666
1470,0.0160522460938
1471,0.0211791992188
1472,0.0195465087891
1473,0.0256042480469
1474,0.023681640625
1475,0.0300750732422
1476,0.0
1477,0.00487899780273
1478,0.00736618041992
1479,0.0100631713867
1480,0.0127716064453
1481,0.0190582275391
1482,0.0166473388672
1483,0.019775390625
1484,0.0
1485,0.00127124786377
1486,0.00418853759766
1487,0.00682830810547
1488,0.0103149414062
1489,0.0133819580078
1490,0.014762878418
1491,0.0157012939453
1492,0.0
1493,0.00274658203125
1494,0.00978851318359
1495,0.0103073120117
1496,0.0146942138672
1497,0.0217742919922
1498,0.0320129394531
1499,0.0374755859375
1500,0.0
1501,0.00545501708984
1502,0.00636672973633
1503,0.0103302001953
1504,0.013916015625
1505,0.0186767578125
1506,0.0210571289062
1507,0.0207824707031
1508,0.0
1509,0.00152111053467
1510,0.00378036499023
1511,0.00831604003906
1512,0.0116882324219
1513,0.0119094848633
1514,0.0129241943359
1515,0.0227203369141
1516,0.0
1517,0.00167274475098
1518,0.00775909423828
1519,0.00887298583984
1520,0.0125045776367
1521,0.0125732421875
1522,0.0145721435547
1523,0.0246276855469
1524,0.0
1525,0.0114974975586
1526,0.0264892578125
1527,0.0315856933594
1528,0.0285949707031
1529,0.0532836914062
1530,0.0516052246094
1531,0.0524597167969
1532,0.0
1533,0.000946044921875
1534,0.00217056274414
1535,0.00467300415039
1536,0.00684356689453
1537,0.0116271972656
1538,0.0106430053711
1539,0.0109329223633
1540,0.0
1541,0.00387001037598
1542,0.0102233886719
1543,0.0163116455078
1544,0.0165557861328
1545,0.0177154541016
1546,0.0190582275391
1547,0.0191192626953
1548,0.0
1549,0.000908374786377
1550,0.00255012512207
1551,0.00385665893555
1552,0.00288009643555
1553,0.007080078125
1554,0.00940704345703
1555,0.0151214599609
1556,0.0
1557,0.00114631652832
1558,0.00319671630859
1559,0.00949859619141
1560,0.00918579101562
1561,0.0110855102539
1562,0.0155487060547
1563,0.0192565917969
38319,3.25441360474e-05
38320,9.00030136108e-05
38322,9.00030136108e-05
38323,7.77244567871e-05
38324,0.0
38325,0.0
38326,0.0
38327,0.0
38328,0.0
38329,0.000332355499268
38330,0.0
38331,0.0
38332,0.0
38333,0.0
38334,0.0
38335,0.0
38336,0.0
38337,0.0
38338,0.0
38339,1.23381614685e-05
38340,0.0
38341,0.0
38342,0.0
38343,0.0
38344,0.0
38345,0.0
38346,0.00182819366455
38347,0.00184059143066
38348,0.0
38349,0.000418186187744
38350,0.000430583953857
38351,0.000430583953857
38352,0.000656127929688
38353,0.0035572052002
38354,0.00344085693359
38355,0.0020637512207
38356,0.0
38357,0.0
38358,0.0
38359,0.0
38360,5.75184822083e-05
38361,0.000239372253418
38362,0.000924110412598
38363,0.000605583190918
38364,0.0
38365,0.00553894042969
38366,0.00624465942383
38367,0.00691223144531
38368,0.00856018066406
38369,0.00888061523438
38370,0.00643920898438
38371,0.00643920898438
38372,0.0
38373,0.000373125076294
38374,0.00118446350098
38375,0.000915050506592
38376,0.00103378295898
38377,0.00141143798828
38378,0.000584602355957
38379,0.00069522857666
38380,0.0
38381,0.0
38382,0.00166702270508
38383,0.00271415710449
38384,0.00271415710449
38385,0.00264167785645
38386,0.00264167785645
38387,0.00264167785645
38388,0.0
38389,0.0
38390,0.000344753265381
38391,0.00371932983398
38392,0.00374221801758
38393,0.00645446777344
38394,0.00645065307617
38395,0.00643920898438
38396,0.0
38397,0.0
38398,0.0
38399,0.000480175018311
38400,0.000480175018311
38401,0.000480175018311
38402,0.000480175018311
38403,0.000480175018311
38404,0.0
38405,0.0
38406,0.0
38407,0.0
38408,0.0
38409,0.0
38410,0.0
38411,0.0
38412,0.0
38413,0.0
38414,0.0
38415,0.0
38416,0.0
38417,6.16312026978e-05
38418,0.0
38419,1.23381614685e-05
38420,0.0
38421,0.0
38422,0.0
38423,0.0
38424,1.72853469849e-06
38425,1.72853469849e-06
38426,1.72853469849e-06
38427,0.000494956970215
38428,0.0
38429,0.0
38430,0.0
38431,0.0
38432,0.0
38433,0.0
38434,0.0
38435,0.0
38436,0.0
38437,0.0
38438,0.0
38439,0.0
38440,0.0
38441,0.000870227813721
38442,0.000872611999512
38443,0.000872611999512
38444,0.0
38445,0.0
38446,0.000664710998535
38447,0.000664710998535
38448,0.0137100219727
38449,0.0138168334961
38450,0.0125503540039
38451,0.0125503540039
38452,0.0
38453,0.0
38454,0.0
38455,0.0
38456,0.00224494934082
38457,0.00263214111328
38458,0.00278091430664
38459,0.00278091430664
38460,0.0
38461,1.38282775879e-05
38462,0.000762462615967
38463,0.00077486038208
38464,0.0025749206543
38465,0.00259971618652
38466,0.00278282165527
38467,0.00329971313477
38468,0.0
38469,0.0
38470,4.24981117249e-05
38471,0.000417232513428
38472,0.000417232513428
38473,0.0018482208252
38474,0.0021800994873
38475,0.00225830078125
38476,0.0
38477,0.0
38478,0.0
38479,0.0
38480,0.000190138816833
38481,0.000571727752686
38482,0.000740528106689
38483,0.000101447105408
38484,0.0
38485,0.00053882598877
38486,0.00393676757812
38487,0.00431060791016
38488,0.00434494018555
38489,0.00256538391113
38490,0.00234603881836
38491,0.00287818908691
38492,0.0
38493,0.0
38494,0.0
38495,0.0
38496,0.0
38497,0.000332355499268
38498,0.0010232925415
38499,0.00035834312439
38500,0.0
38501,0.0
38502,6.31213188171e-05
38503,6.31213188171e-05
38504,6.31213188171e-05
38505,6.31213188171e-05
38506,5.40614128113e-05
38507,0.000215649604797
38508,0.0
38509,0.0
38510,0.0
38511,0.0
38512,0.0
38513,0.0
38514,0.0
38515,0.0
38516,0.0
38517,2.46167182922e-05
38518,4.92930412292e-05
38519,4.92930412292e-05
38520,0.000418663024902
38521,0.0020923614502
38522,0.00308990478516
38523,0.00199508666992
38524,0.0
38525,0.0
38526,1.23381614685e-05
38527,1.23381614685e-05
38528,0.00245666503906
38529,0.00183391571045
38530,0.00452041625977
38531,0.00436401367188
38532,0.0
38533,0.0
38534,0.0
38535,0.0
38536,0.000664710998535
38537,0.000997543334961
38538,9.85264778137e-05
38539,0.000431060791016
38540,0.0
38541,0.0
38542,0.0
38543,0.000394105911255
38544,0.000369310379028
38545,0.00144100189209
38546,0.00188732147217
38547,0.00188732147217
38548,0.0
38549,0.0
38550,0.0
38551,0.0
38552,0.0
38553,0.0
38554,0.0
38555,0.0
38556,0.0
38557,0.0
38558,0.0
38559,0.0
38560,0.0
38561,0.0
38562,0.00215911865234
38563,0.00559997558594
38564,0.0
38565,4.92930412292e-05
38566,4.92930412292e-05
38567,1.23381614685e-05
38568,1.23381614685e-05
38569,7.84993171692e-05
38570,7.84993171692e-05
38571,0.000127792358398
38572,0.0
38573,0.0
38574,0.0
38575,1.23381614685e-05
38576,0.000344753265381
38577,0.000344753265381
38578,0.000344753265381
38579,1.23381614685e-05
38580,0.0
38581,0.0
38582,0.0
38583,0.0
38584,0.0
38585,3.69548797607e-05
38586,3.69548797607e-05
38587,0.000123262405396
38588,0.0
38589,0.0
38590,0.0
38591,0.0
38592,1.23381614685e-05
38593,1.23381614685e-05
38594,0.000123262405396
38595,0.000669002532959
38596,0.0
38597,0.0
38598,0.0
38599,0.0
38600,0.0
38601,0.0
38602,0.0
38603,1.23381614685e-05
38604,0.0
38605,0.0
38606,7.39097595215e-05
38607,0.000954627990723
38608,0.000184774398804
38609,0.000997543334961
38610,0.00136661529541
38611,0.00140380859375
38612,0.0
38613,1.23381614685e-05
38614,0.000635147094727
38615,0.0010347366333
38616,0.000701904296875
38617,0.000298500061035
38618,0.000298500061035
38619,0.000298500061035
38620,0.0
38621,0.0
38622,0.0
38623,1.23381614685e-05
38624,2.46167182922e-05
38625,2.46167182922e-05
38626,2.46167182922e-05
38627,4.92930412292e-05
38628,0.0
38629,0.0
38630,0.0
38631,0.0
38632,6.16312026978e-05
38633,6.16312026978e-05
38634,4.15444374084e-05
38635,0.00143337249756
38636,0.0
38637,0.0
38638,0.0
38639,0.0
38640,0.0
38641,0.0
38642,0.0
38643,2.46167182922e-05
38644,0.0
38645,0.0
38646,0.0
38647,0.0
38648,2.46167182922e-05
38649,6.67572021484e-05
38650,6.67572021484e-05
38651,0.000399827957153
38652,0.0
38653,0.0
38654,3.69548797607e-05
38655,3.69548797607e-05
38656,3.69548797607e-05
38657,3.69548797607e-05
38658,3.69548797607e-05
38659,3.69548797607e-05
38660,0.0
38661,0.0
38662,0.0
38663,0.0
38664,0.0
38665,0.0
38666,0.0
38667,0.0
38668,0.0
38669,0.0
38670,0.0
38671,2.30669975281e-05
38672,2.30669975281e-05
38673,0.00035548210144
38674,0.00035548210144
38675,5.96046447754e-07
38676,0.0
38677,0.0
38678,2.63452529907e-05
38679,5.3882598877e-05
38680,0.000106036663055
38681,0.000106036663055
38682,0.000438451766968
38683,0.000974655151367
38684,0.0
38685,7.39097595215e-05
38686,7.39097595215e-05
38687,7.39097595215e-05
38688,8.61883163452e-05
38689,8.61883163452e-05
38690,1.23381614685e-05
38691,1.23381614685e-05
38692,0.0
38693,0.0
38694,0.0
38695,2.46167182922e-05
38696,2.46167182922e-05
38697,2.46167182922e-05
38698,2.46167182922e-05
38699,2.46167182922e-05
38700,0.0
38701,0.0
38702,0.000111997127533
38703,0.000111997127533
38704,0.000111997127533
38705,0.00109672546387
38706,0.00109672546387
38707,0.00109672546387
38708,0.0
38709,0.0
38710,0.0
38711,0.0
38712,0.0
38713,0.0
38714,0.0
38715,0.0
38716,0.0
38717,0.0
38718,0.0
38719,0.0
38720,0.0
38721,0.0
38722,1.23381614685e-05
38723,1.23381614685e-05
38724,0.0
38725,0.0
38726,0.0
38727,4.92930412292e-05
38728,0.000123262405396
38729,0.000504970550537
38730,0.000504970550537
38731,0.00118160247803
38732,0.0
38733,0.0
38734,0.0
38735,0.0
38736,0.0
38737,0.0
38738,0.0
38739,0.0
38740,0.0
38741,0.0
38742,0.0
38743,2.46167182922e-05
38744,2.46167182922e-05
38745,2.46167182922e-05
38746,2.46167182922e-05
38747,2.46167182922e-05
38748,0.0
38749,0.0
38750,0.0
38751,0.0
38752,0.0
38753,0.0
38754,0.0
38755,0.0
38756,0.0
38757,0.0
38758,0.0
38759,0.0
38760,0.0
38761,0.0
38762,0.0
38763,0.0
38764,0.0
38765,0.0
38766,0.0
38767,0.0
38768,0.0
38769,0.000332355499268
38770,0.00200653076172
38771,0.00100994110107
38772,0.0
38773,0.0
38774,0.0
38775,0.0
38776,0.0
38777,0.0
38778,0.0
38779,0.0
38780,0.0
38781,0.0
38782,0.000876426696777
38783,0.000876426696777
38784,0.000901699066162
38785,0.00123405456543
38786,0.00123405456543
38787,0.00400543212891
38788,0.0
38789,0.0
38790,7.64131546021e-05
38791,7.75456428528e-05
38792,0.00144577026367
38793,0.000115633010864
38794,0.00104236602783
38795,0.00104236602783
38796,0.0
38797,0.0
38798,0.0
38799,0.0
38800,2.46167182922e-05
38801,2.46167182922e-05
38802,0.00110149383545
38803,0.00110149383545
38804,0.0
38805,0.0
38806,0.00016975402832
38807,0.00016975402832
38808,0.00016975402832
38809,0.000176072120667
38810,0.000176072120667
38811,0.000176072120667
38812,0.0
38813,0.0
38814,0.0
38815,0.0
38816,7.4028968811e-05
38817,0.000602245330811
38818,0.000602245330811
38819,0.00103378295898
38820,0.0
38821,0.0
38822,0.0
38823,0.0
38824,0.0
38825,0.0
38826,6.16312026978e-05
38827,0.000394105911255
38828,0.0
38829,0.0
38830,0.0
38831,4.15444374084e-05
38832,9.54270362854e-05
38833,0.000332832336426
38834,0.000665187835693
38835,0.000144720077515
38836,0.0
38837,0.0
38838,0.0
38839,9.02414321899e-05
38840,0.000311136245728
38841,0.000777721405029
38842,0.000832557678223
38843,0.000480175018311
38844,0.0
38845,5.042552948e-05
38846,0.00101280212402
38847,0.00704574584961
38848,0.00708770751953
38849,0.0116577148438
38850,0.0222930908203
38851,0.0223083496094
38852,0.0
38853,2.46167182922e-05
38854,0.000429630279541
38855,0.00485229492188
38856,0.0196075439453
38857,0.0196228027344
38858,0.0196533203125
38859,0.0101089477539
38860,0.0
38861,0.0
38862,0.0
38863,9.94801521301e-05
38864,0.00446319580078
38865,0.00602722167969
38866,0.0063591003418
38867,0.00735855102539
38868,0.0
38869,0.0
38870,3.45706939697e-06
38871,4.10079956055e-05
38872,4.10079956055e-05
38873,0.000101625919342
38874,0.00111103057861
38875,0.000883102416992
38876,0.0
38877,7.00354576111e-05
38878,7.00354576111e-05
38879,0.000451564788818
38880,0.00144577026367
38881,0.00118350982666
38882,0.00120830535889
38883,0.0017671585083
38884,0.0
38885,0.000860691070557
38886,0.000860691070557
38887,0.000854969024658
38888,0.0110015869141
38889,0.0114440917969
38890,0.00362396240234
38891,0.003662109375
38892,0.0
38893,0.0
38894,0.0
38895,3.69548797607e-05
38896,0.000123739242554
38897,0.000123739242554
38898,0.000124335289001
38899,0.000124335289001
38900,0.0
38901,0.0
38902,0.00146579742432
38903,0.000997543334961
38904,0.00212669372559
38905,0.00212669372559
38906,0.00212478637695
38907,0.00212478637695
38908,0.0
38909,0.0
38910,0.00150108337402
38911,0.00150108337402
38912,0.00185775756836
38913,0.00185775756836
38914,0.00359344482422
38915,0.00359344482422
38916,0.0
38917,0.0
38918,1.23381614685e-05
38919,1.23381614685e-05
38920,1.23381614685e-05
38921,2.46167182922e-05
38922,0.000389099121094
38923,0.000842571258545
38924,0.0
38925,0.0
38926,0.0
38927,0.0
38928,0.0
38929,7.563829422e-05
38930,7.563829422e-05
38931,0.000420331954956
38932,0.0
38933,1.23381614685e-05
38934,2.46167182922e-05
38935,3.75509262085e-05
38936,9.1016292572e-05
38937,0.000488042831421
38938,0.000488042831421
38939,0.000180721282959
38940,0.0
38941,0.0
38942,0.0
38943,0.0
38944,0.0
38945,0.0
38946,0.000332355499268
38947,0.000738620758057
38948,0.0
38949,0.0
38950,0.0
38951,0.000401973724365
38952,0.000389099121094
38953,0.00112819671631
38954,0.0018482208252
38955,0.0018482208252
38956,0.0
38957,0.0
38958,0.000123262405396
38959,0.000123262405396
38960,0.000123262405396
38961,0.000455617904663
38962,0.000369310379028
38963,0.000110864639282
38964,0.0
38965,0.0
38966,0.00719451904297
38967,0.00804901123047
38968,0.00845336914062
38969,0.00747299194336
38970,0.00780487060547
38971,0.00823974609375
38972,0.0
38973,0.0
38974,2.46167182922e-05
38975,0.000406265258789
38976,0.000460386276245
38977,0.000802993774414
38978,0.00152397155762
38979,0.00160217285156
38980,0.0
38981,0.0
38982,0.0
38983,0.0
38984,0.0
38985,0.0
38986,0.0
38987,0.000332355499268
38988,0.0
38989,0.0
38990,0.000911712646484
38991,0.000911712646484
38992,0.000911712646484
38993,0.000911712646484
38994,0.000911712646484
38995,0.000911712646484
38996,0.0
38997,0.0
38998,0.000394105911255
38999,0.000406265258789
39000,0.000406265258789
39001,0.000431060791016
39002,0.000431060791016
39003,0.000583171844482
39004,0.0
39005,0.00137329101562
39006,0.00106143951416
39007,0.00106143951416
39008,0.00106143951416
39009,0.00481796264648
39010,0.00553512573242
39011,0.00553512573242
39012,0.0
39013,0.0
39014,0.0
39015,0.0
39016,0.0
39017,0.0
39018,0.0
39019,3.79085540771e-05
39020,0.0
39021,0.0
39022,0.0
39023,0.0
39024,6.16312026978e-05
39025,0.0
39026,0.000149011611938
39027,0.000481367111206
39028,0.0
39029,0.0
39030,0.0
39031,0.0
39032,0.00234031677246
39033,0.00368118286133
39034,0.00368118286133
39035,0.00208282470703
39036,0.0
39037,0.0
39038,0.0
39039,1.23381614685e-05
39040,1.23381614685e-05
39041,2.46167182922e-05
39042,0.00203895568848
39043,0.00203895568848
39044,0.0
39045,0.0
39046,0.0
39047,1.23381614685e-05
39048,0.000381708145142
39049,0.000381708145142
39050,0.000381708145142
39051,0.000803470611572
39052,0.0
39053,0.00102138519287
39054,0.00102138519287
39055,0.00139045715332
39056,0.00302505493164
39057,0.00303840637207
39058,0.00303840637207
39059,0.0036678314209
39060,0.0
39061,0.0
39062,0.000664710998535
39063,0.000664710998535
39064,0.000677108764648
39065,0.000679492950439
39066,0.000679492950439
39067,0.000679492950439
39068,0.0
39069,0.0
39070,0.0
39071,0.0
39072,4.92930412292e-05
39073,4.92930412292e-05
39074,4.92930412292e-05
39075,4.92930412292e-05
39076,0.0
39077,0.0
39078,0.0
39079,0.0
39080,0.0
39081,0.0
39082,0.0
39083,0.0
39084,0.0
39085,0.0
39086,0.0
39087,0.0
39088,0.0
39089,0.0
39090,0.0
39091,0.0
39092,0.0
39093,0.0
39094,0.0
39095,0.0
39096,0.0
39097,0.0
39098,0.0
39099,0.0
39100,0.0
39101,2.46167182922e-05
39102,0.000357151031494
39104,0.000357151031494
39105,0.000418663024902
39106,0.000824928283691
39107,0.000726699829102
39108,0.000726699829102
39109,0.0
39110,0.0
39111,0.000332355499268
39112,0.000332355499268
39113,0.000332355499268
39114,0.000332355499268
39115,0.000332355499268
39116,0.000357151031494
39117,0.0
39118,0.0
39119,0.0
39120,0.0
39121,0.0
39122,0.0
39123,0.0
39124,0.0
39125,0.0
39126,0.0
39127,0.0
39128,0.00164222717285
39129,0.000977516174316
39130,0.000531196594238
39131,0.00378799438477
39132,0.00331687927246
39133,0.0
39134,0.0
39135,0.0
39136,0.0
39137,0.0
39138,0.0
39139,0.000664710998535
39140,0.00102233886719
39141,0.0
39142,0.0
39143,2.46167182922e-05
39144,2.46167182922e-05
39145,9.85264778137e-05
39146,0.000775814056396
39147,0.000775814056396
39148,0.00118160247803
39149,0.0
39150,0.0
39151,0.0
39152,0.0
39153,2.46167182922e-05
39154,2.46167182922e-05
39155,2.46167182922e-05
39156,0.000840187072754
39157,0.0
39158,0.0
39159,2.46167182922e-05
39160,3.69548797607e-05
39161,3.69548797607e-05
39162,0.0
39163,0.000418663024902
39164,0.00075101852417
39165,0.0
39166,0.0
39167,0.0
39168,0.0
39169,0.0
39170,0.0
39171,0.0
39172,0.0028076171875
39173,0.0
39174,0.0
39175,0.0
39176,0.0
39177,0.0
39178,0.0
39179,0.0
39180,0.0
39181,0.0
39182,0.0
39183,0.0
39184,0.0
39185,0.000664710998535
39186,0.000664710998535
39187,0.000664710998535
39188,0.000664710998535
39189,0.0
39190,0.0
39191,0.0
39192,0.0
39193,0.0
39194,0.0
39195,0.0
39196,0.0
39197,0.0
39198,0.0
39199,0.0
39200,3.69548797607e-05
39201,4.92930412292e-05
39202,4.92930412292e-05
39203,0.00051736831665
39204,0.00051736831665
39205,0.0
39206,0.0
39207,0.0
39208,0.0
39209,0.0
39210,0.0
39211,2.46167182922e-05
39212,2.46167182922e-05
39213,0.0
39214,0.000664710998535
39215,0.000800132751465
39216,0.000800132751465
39217,0.000800132751465
39218,0.000812530517578
39219,0.00110816955566
39220,0.00110816955566
39221,0.0
39222,0.0
39223,0.0
39224,0.0
39225,0.0
39226,0.0
39227,0.0
39228,0.0
39229,0.0
39230,0.0
39231,0.0
39232,0.0
39233,0.0
39234,0.0
39235,0.000274419784546
39236,0.000274419784546
39237,0.0
39238,0.0
39239,0.0
39240,0.0
39241,0.0
39242,0.0
39243,0.0
39244,7.84993171692e-05
39245,0.0
39246,0.0
39247,0.0
39248,0.0
39249,0.0
39250,0.0
39251,0.0
39252,0.0
39253,0.0
39254,0.0
39255,0.0
39256,0.0
39257,2.46167182922e-05
39258,0.00153923034668
39259,0.00530242919922
39260,0.00170803070068
39261,0.0
39262,4.15444374084e-05
39263,4.15444374084e-05
39264,4.15444374084e-05
39265,0.000394105911255
39266,0.000394105911255
39267,0.000406503677368
39268,0.000394105911255
39269,0.0
39270,0.000344753265381
39271,0.000677108764648
39272,0.000677108764648
39273,0.000677108764648
39274,0.000677108764648
39275,0.00146579742432
39276,0.00113296508789
39277,0.0
39278,0.0
39279,0.0
39280,7.39097595215e-05
39281,2.46167182922e-05
39282,0.000369310379028
39283,0.000784873962402
39284,0.000784873962402
39285,0.0
39286,0.0
39287,0.0
39288,0.0
39289,0.0
39290,0.0
39291,0.0
39292,0.0
39293,0.0
39294,0.000332355499268
39295,0.0
39296,0.0
39297,0.0
39298,0.0
39299,0.0
39300,0.0
39301,0.0
39302,0.0
39303,0.0
39304,2.46167182922e-05
39305,2.46167182922e-05
39306,3.32593917847e-05
39307,3.32593917847e-05
39308,3.32593917847e-05
39309,0.0
39310,0.0
39311,0.0
39312,0.0
39313,0.0
39314,0.0
39315,0.0
39316,0.0
39317,0.0
39318,0.0
39319,0.0
39320,0.0
39321,0.0
39322,0.0
39323,0.0
39324,0.0
39325,0.0
39326,0.0
39327,0.0
39328,0.0
39329,0.0
39330,0.0
39331,0.0
39332,0.000332355499268
39333,0.0
39334,1.23381614685e-05
39335,0.00166320800781
39336,0.00166320800781
39337,0.00166320800781
39338,0.00266075134277
39339,0.00266075134277
39340,0.00266075134277
39341,0.0
39342,0.0
39343,0.0
39344,0.0
39345,0.0
39346,0.0
39347,0.0
39348,0.0
39349,0.0
39350,0.000997543334961
39351,0.000997543334961
39352,0.000997543334961
39353,0.000997543334961
39354,0.000997543334961
39355,0.000997543334961
39356,0.0
39357,0.0
39358,0.0
39359,0.0
39360,0.0
39361,0.0
39362,0.0
39363,0.00037407875061
39364,0.00037407875061
39365,0.0
39366,0.0
39367,0.0
39368,0.0
39369,0.0
39370,4.92930412292e-05
39371,4.92930412292e-05
39372,4.92930412292e-05
39373,0.0
39374,0.0
39375,0.000332355499268
39376,0.000332355499268
39377,0.000332355499268
39378,0.000664710998535
39379,0.000664710998535
39380,0.000664710998535
39381,0.0
39382,0.0
39383,0.0
39384,0.0
39385,0.0
39386,0.0
39387,0.0
39388,0.0
39389,0.0
39390,0.0
39391,0.0
39392,0.0
39393,5.79357147217e-05
39394,0.000901699066162
39395,0.000569343566895
39396,0.000569343566895
39397,0.0
39398,0.0
39399,0.0
39400,0.0
39401,0.0
39402,0.0
39403,0.0
39404,0.0
39405,0.0
39406,0.0
39407,0.0
39408,0.000664710998535
39409,0.00177574157715
39410,0.00546264648438
39411,0.00376510620117
39412,0.00366592407227
39413,0.0
39414,0.0
39415,0.0
39416,0.000357151031494
39417,1.460313797e-05
39418,1.460313797e-05
39419,0.000351190567017
39420,0.000351190567017
39421,0.0
39422,0.0
39423,0.0
39424,0.0
39425,0.000418663024902
39426,0.00075101852417
39427,0.00137901306152
39428,0.00137901306152
39429,0.0
39430,0.0
39431,0.0
39432,0.000344753265381
39433,0.000344753265381
39434,0.000344753265381
39435,0.000386238098145
39436,5.3882598877e-05
39437,0.0
39438,0.00414657592773
39439,0.00416946411133
39440,0.00416946411133
39441,0.00416946411133
39442,0.00408172607422
39443,0.00408172607422
39444,0.00617218017578
39445,0.0
39446,0.0
39447,0.0
39448,0.0
39449,0.0
39450,0.0
39451,0.0
39452,0.0
39453,0.0
39454,0.0
39455,0.0
39456,0.0
39457,0.0
39458,0.0
39459,0.0
39460,0.0
39461,0.0
39462,0.0
39463,0.0
39464,0.0
39465,0.0
39466,0.0
39467,0.00117015838623
39468,0.000689506530762
39469,0.0
39470,0.0
39471,3.75509262085e-05
39472,6.21676445007e-05
39473,6.21676445007e-05
39474,0.000149011611938
39475,0.000930309295654
39476,0.000930309295654
39477,0.0
39478,0.0
39479,0.0
39480,0.000332355499268
39481,0.000332355499268
39482,0.000997543334961
39483,0.000332355499268
39484,0.00268745422363
39485,0.0
39486,0.0
39487,0.0
39488,0.0
39489,0.0
39490,0.0
39491,0.0
39492,0.0
39493,0.0
39494,0.0
39495,0.0
39496,0.0
39497,0.0
39498,0.00173568725586
39499,0.0020694732666
39500,0.0020694732666
39501,0.0
39502,0.0
39503,0.0
39504,0.0
39505,0.0
39506,4.15444374084e-05
39507,4.15444374084e-05
39508,4.15444374084e-05
39509,0.0
39510,0.0
39511,0.0
39512,0.0
39513,1.23381614685e-05
39514,0.000677108764648
39515,0.000677108764648
39516,0.000677108764648
39517,0.0
39518,0.0
39519,0.0
39520,0.0
39521,0.0
39522,0.0
39523,0.000677108764648
39524,0.000677108764648
39525,0.0
39526,0.0
39527,1.23381614685e-05
39528,5.3882598877e-05
39529,0.000486850738525
39530,0.000532627105713
39531,0.000532627105713
39532,0.000532627105713
39533,0.0
39534,0.000332355499268
39535,0.0
39536,0.0
39537,0.000812530517578
39538,0.00161266326904
39539,0.000947952270508
39540,0.000947952270508
39541,0.0
39542,0.000738620758057
39543,0.000677108764648
39544,0.000677108764648
39545,0.00100994110107
39546,0.0010347366333
39547,0.0010347366333
39548,0.0010347366333
39549,0.0
39550,0.0
39551,0.0
39552,0.0
39553,0.000357627868652
39554,0.000357627868652
39555,0.000357627868652
39556,0.00072717666626
39557,0.0
39558,0.0
39559,0.0
39560,0.0
39561,0.0
39562,0.0
39563,1.23381614685e-05
39564,1.23381614685e-05
39565,0.0
39566,0.0
39567,0.000332355499268
39568,0.000332355499268
39569,0.000332355499268
39570,0.000332355499268
39571,0.000344753265381
39572,0.000677108764648
39573,0.0
39574,0.0
39575,0.0
39576,0.0
39577,5.96046447754e-07
39578,3.75509262085e-05
39579,3.75509262085e-05
39580,3.75509262085e-05
39581,0.0
39582,0.0
39583,0.0
39584,0.0
39585,3.69548797607e-05
39586,7.84993171692e-05
39587,0.00197792053223
39588,0.00271606445312
39589,0.0
39590,0.000332355499268
39591,0.00105857849121
39592,0.00105857849121
39593,0.00107097625732
39594,0.00140380859375
39595,0.000384092330933
39596,0.000384092330933
39597,0.0
39598,0.0
39599,0.0
39600,0.0
39601,0.000776290893555
39602,0.001145362854
39603,0.00147724151611
39604,0.00147724151611
39605,0.0
39606,0.0
39607,0.0
39608,0.0
39609,0.0
39610,0.0
39611,0.0
39612,0.0
39613,0.0
39614,0.0
39615,0.0
39616,3.69548797607e-05
39617,3.69548797607e-05
39618,4.92930412292e-05
39619,4.92930412292e-05
39620,4.92930412292e-05
39621,0.0
39622,0.0
39623,0.0
39624,0.0
39625,0.0
39626,0.0
39627,0.0
39628,0.0
39629,0.0
39630,2.46167182922e-05
39631,0.00232696533203
39632,0.00232696533203
39633,0.00234031677246
39634,0.00234031677246
39635,0.00267219543457
39636,0.00267219543457
39637,0.0
39638,0.0
39639,0.0
39640,0.0
39641,0.0
39642,0.0018310546875
39643,0.00114154815674
39644,0.00114154815674
39645,0.0
39646,0.0
39647,0.000664710998535
39648,0.000160694122314
39649,0.000160694122314
39650,0.000197649002075
39651,0.000505447387695
39652,0.000505447387695
39653,0.0
39654,0.0
39655,0.0
39656,0.0
39657,0.0
39658,0.0
39659,0.000332355499268
39660,0.00147819519043
39661,0.0
39662,0.0
39663,0.0
39664,0.0
39665,0.0
39666,0.0
39667,0.0
39668,0.0
39669,0.0
39670,0.0
39671,0.000332355499268
39672,0.000332355499268
39673,0.000332355499268
39674,0.000332355499268
39675,0.000393867492676
39676,0.00256156921387
39677,0.0
39678,0.0
39679,0.0
39680,0.0
39681,0.0
39682,0.0
39683,0.000332355499268
39684,0.000332355499268
39685,0.0
39686,0.0
39687,0.0
39688,0.0
39689,0.0
39690,0.0
39691,0.000332355499268
39692,0.000332355499268
39693,0.0
39694,0.0
39695,0.00132942199707
39696,0.0016622543335
39697,0.0016622543335
39698,0.0016622543335
39699,0.0016622543335
39700,0.0016622543335
39701,0.0
39702,0.0
39703,0.0
39704,0.0
39705,0.0016622543335
39706,0.000332355499268
39707,0.000332355499268
39708,0.000332355499268
39709,0.0
39710,0.0
39711,0.0
39712,0.0
39713,0.0
39714,0.0
39715,0.0
39716,0.0
39717,0.0
39718,0.0
39719,0.0
39720,0.0
39721,7.39097595215e-05
39722,7.39097595215e-05
39723,7.39097595215e-05
39724,0.00821685791016
39725,0.0
39726,0.0
39727,0.0
39728,0.0
39729,0.0
39730,0.0
39731,0.0
39732,0.0
39733,0.0
39734,0.0
39735,0.0
39736,0.0
39737,0.0
39738,1.23381614685e-05
39739,1.23381614685e-05
39740,1.23381614685e-05
39741,0.0
39742,0.0
39743,0.0
39744,0.0
39745,0.000664710998535
39746,0.0010347366333
39747,0.0010347366333
39748,0.00139141082764
39749,0.0
39750,0.0
39751,0.0
39752,0.0
39753,0.0
39754,0.000997543334961
39755,0.00132942199707
39756,0.00167465209961
39757,0.0
39758,0.0
39759,0.0
39760,0.0
39761,0.0
39762,0.0
39763,0.0
39764,0.0
39765,0.0
39766,0.0
39767,0.0
39768,0.0
39769,0.0
39770,0.000972747802734
39771,0.000972747802734
39772,0.000972747802734
39773,0.0
39774,0.0
39775,0.0
39776,0.0
39777,0.000443935394287
39778,0.000443935394287
39779,0.000480890274048
39780,0.000480890274048
39781,0.0
39782,0.0
39783,0.0
39784,4.92930412292e-05
39785,4.92930412292e-05
39786,4.92930412292e-05
39787,5.3882598877e-05
39788,0.000775814056396
39789,0.0
39790,0.0
39791,0.0
39792,0.0
39793,0.0
39794,3.86834144592e-05
39795,3.86834144592e-05
39796,0.000418424606323
39797,0.0
39798,0.0
39799,0.0
39800,0.0
39801,0.00119590759277
39802,0.00119590759277
39803,0.00119590759277
39804,0.00123405456543
39805,0.0
39806,0.0
39807,4.15444374084e-05
39808,4.15444374084e-05
39809,4.15444374084e-05
39810,6.61611557007e-05
39811,9.08374786377e-05
39812,9.08374786377e-05
39813,0.0
39814,0.0
39815,0.0
39816,0.0
39817,0.0
39818,0.0
39819,0.0
39820,0.0
39821,0.0
39822,0.0
39823,0.0
39824,0.0
39825,0.0
39826,0.0
39827,0.00267219543457
39828,0.00267219543457
39829,0.0
39830,0.0
39831,0.000332355499268
39832,0.000332355499268
39833,0.000332355499268
39834,0.000332355499268
39835,0.0015344619751
39836,0.00234222412109
39837,0.0
39838,0.0
39839,0.000799179077148
39840,0.000799179077148
39841,0.000126361846924
39842,0.000126361846924
39843,0.000126361846924
39844,0.000791072845459
39845,0.0
39846,0.0
39847,0.0
39848,0.0
39849,0.0
39850,0.0
39851,0.000332355499268
39852,0.000664710998535
39853,0.0
39854,0.0
39855,0.0
39856,0.000368595123291
39857,0.00168704986572
39858,0.00168704986572
39859,0.00168704986572
39860,0.00169944763184
39861,0.0
39862,0.0
39863,0.0
39864,4.92930412292e-05
39865,6.16312026978e-05
39866,0.000726699829102
39867,0.000726699829102
39868,6.16312026978e-05
39869,0.0
39870,0.0
39871,0.00139236450195
39872,0.00139236450195
39873,0.00246429443359
39874,0.00246429443359
39875,0.00246429443359
39876,0.00246429443359
39877,0.0
39878,0.0
39879,0.0
39880,0.0
39881,0.0
76637,0.0
76638,0.0
76640,0.000332355499268
76641,0.000332355499268
76642,0.00049877166748
76643,0.000581741333008
76644,0.000581741333008
76645,0.0
76646,0.0
76647,2.44379043579e-05
76648,0.000125408172607
76649,0.000125408172607
76650,0.000125408172607
76651,0.000819206237793
76652,0.000585079193115
76653,0.0
76654,4.05311584473e-06
76655,0.000167846679688
76656,0.000300168991089
76657,0.000707149505615
76658,0.000715732574463
76659,0.00113868713379
76660,0.00104236602783
76661,0.0
76662,0.000332355499268
76663,0.000333070755005
76664,0.000665664672852
76665,0.000666618347168
76666,0.00143241882324
76667,0.00179958343506
76668,0.00180053710938
76669,0.0
76670,0.0
76671,0.0
76672,0.0
76673,5.96046447754e-07
76674,7.5101852417e-06
76675,5.07831573486e-05
76676,6.9260597229e-05
76677,0.0
76678,0.0
76679,0.0
76680,0.000332355499268
76681,0.00102519989014
76682,0.00203704833984
76683,0.00173282623291
76684,0.00205993652344
76685,0.0
76686,0.0
76687,1.61528587341e-05
76688,2.08020210266e-05
76689,0.000565052032471
76690,0.000587940216064
76691,0.000607967376709
76692,0.000711917877197
76693,0.0
76694,0.0
76695,0.0
76696,0.0
76697,0.0
76698,0.0
76699,0.0
76700,4.09483909607e-05
76701,0.0
76702,0.0
76703,0.0
76704,0.0
76705,1.13248825073e-06
76706,1.13248825073e-06
76707,1.13248825073e-06
76708,1.13248825073e-06
76709,0.0
76710,0.0
76711,0.0
76712,0.0
76713,1.72853469849e-06
76714,0.000332355499268
76715,0.00066614151001
76716,0.00066614151001
76717,0.0
76718,0.0
76719,0.0
76720,0.0
76721,3.6358833313e-05
76722,4.09483909607e-05
76723,3.981590271e-05
76724,3.981590271e-05
76725,0.0
76726,3.45706939697e-06
76727,1.55568122864e-05
76728,8.50558280945e-05
76729,0.00054407119751
76730,0.000251531600952
76731,0.000323057174683
76732,0.000323057174683
76733,0.0
76734,5.96046447754e-07
76735,3.11732292175e-05
76736,1.72853469849e-05
76737,0.000190377235413
76738,0.000256061553955
76739,0.000156998634338
76740,0.000184774398804
76741,0.0
76742,0.0
76743,0.0
76744,1.90138816833e-05
76745,0.000205516815186
76746,0.000216364860535
76747,0.000223875045776
76748,0.000215888023376
76749,0.0
76750,0.0
76751,1.55568122864e-05
76752,1.55568122864e-05
76753,1.57952308655e-05
76754,1.98483467102e-05
76755,3.21269035339e-05
76756,1.98483467102e-05
76757,0.0
76758,0.000131607055664
76759,0.000133275985718
76760,0.000258445739746
76761,0.000270128250122
76762,9.46521759033e-05
76763,0.000665664672852
76764,0.000666618347168
76765,0.0
76766,2.36630439758e-05
76767,3.80873680115e-05
76768,3.11732292175e-05
76769,7.90357589722e-05
76770,0.000192642211914
76771,0.00123691558838
76772,0.00173377990723
76773,0.0
76774,0.0
76775,0.0
76776,0.0
76777,0.0
76778,0.0
76779,0.0
76780,0.0
76781,0.0
76782,3.05771827698e-05
76783,3.46302986145e-05
76784,3.46302986145e-05
76785,0.000147104263306
76786,0.00081205368042
76787,0.00081205368042
76788,0.000479698181152
76789,0.0
76790,0.000370502471924
76791,0.00032377243042
76792,0.000367879867554
76793,0.000396728515625
76794,0.00101757049561
76795,0.000524520874023
76796,0.000526905059814
76797,0.0
76798,2.32458114624e-06
76799,1.09672546387e-05
76800,2.02059745789e-05
76801,3.52263450623e-05
76802,0.00035548210144
76803,0.000354290008545
76804,2.13384628296e-05
76805,0.0
76806,1.20997428894e-05
76807,4.58955764771e-06
76808,4.58955764771e-06
76809,1.26957893372e-05
76810,8.04662704468e-06
76811,8.04662704468e-06
76812,0.0
76813,0.0
76814,0.0
76815,0.0
76816,0.0
76817,0.0
76818,4.05311584473e-06
76819,7.79628753662e-05
76820,5.15580177307e-05
76821,0.0
76822,0.0
76823,0.0
76824,2.86102294922e-06
76825,2.86102294922e-06
76826,2.86102294922e-06
76827,5.18560409546e-06
76828,0.00137519836426
76829,0.0
76830,0.0
76831,0.0
76832,1.13248825073e-06
76833,0.000405550003052
76834,0.000701904296875
76835,0.000705718994141
76836,0.00154399871826
76837,0.0
76838,0.0
76839,0.0
76840,6.9797039032e-05
76841,0.000906467437744
76842,0.000908851623535
76843,0.000911712646484
76844,0.000918388366699
76845,0.0
76846,0.0
76847,1.13248825073e-06
76848,1.72853469849e-06
76849,2.86102294922e-06
76850,6.91413879395e-06
76851,7.5101852417e-06
76852,7.5101852417e-06
76853,0.0
76854,0.0
76855,0.000332355499268
76856,0.0
76857,0.0
76858,0.0
76859,0.0
76860,0.0
76861,0.0
76862,0.0
76863,0.0
76864,5.78165054321e-06
76865,1.72853469849e-06
76866,4.78625297546e-05
76867,0.000106751918793
76868,0.000108540058136
76869,0.0
76870,0.0
76871,0.0
76872,1.09672546387e-05
76873,0.000342845916748
76874,1.09672546387e-05
76875,1.84774398804e-05
76876,0.000349760055542
76877,0.0
76878,0.0
76879,0.0
76880,5.96046447754e-07
76881,5.13195991516e-05
76882,0.000365257263184
76883,0.000532150268555
76884,0.000532150268555
76885,0.0
76886,1.72853469849e-06
76887,1.13248825073e-06
76888,0.000333547592163
76889,0.000332355499268
76890,1.90138816833e-05
76891,0.0003342628479
76892,5.27501106262e-05
76893,0.0
76894,0.0
76895,7.5101852417e-06
76896,7.5101852417e-06
76897,7.5101852417e-06
76898,2.86102294922e-06
76899,0.000335216522217
76900,0.000341653823853
76901,0.0
76902,0.0
76903,0.0
76904,0.0
76905,0.0
76906,0.000333070755005
76907,0.000334739685059
76908,0.00265884399414
76909,0.0
76910,0.0
76911,0.0
76912,0.0
76913,0.0
76914,4.58955764771e-06
76915,5.71608543396e-05
76916,0.000114262104034
76917,0.0
76918,0.0
76919,0.0
76920,0.0
76921,0.0
76922,5.65052032471e-05
76923,5.94258308411e-05
76924,6.17504119873e-05
76925,0.0
76926,0.0
76927,0.0
76928,0.00033712387085
76929,3.45706939697e-06
76930,5.78165054321e-06
76931,7.5101852417e-06
76932,8.64267349243e-06
76933,0.0
76934,0.0
76935,0.0
76936,0.00101852416992
76937,0.001051902771
76938,0.001051902771
76939,0.00110626220703
76940,0.00116062164307
76941,0.0
76942,0.0
76943,0.0
76944,0.00014066696167
76945,0.000202894210815
76946,0.0001220703125
76947,0.000121533870697
76948,0.00027322769165
76949,0.0
76950,0.0
76951,0.0
76952,0.0
76953,5.96046447754e-07
76954,9.23871994019e-06
76955,0.000365972518921
76956,0.0003342628479
76957,0.0
76958,0.0
76959,0.0
76960,0.0
76961,4.38690185547e-05
76962,7.96318054199e-05
76963,8.36849212646e-05
76964,7.67111778259e-05
76965,0.0
76966,0.00072717666626
76967,0.000400066375732
76968,0.00146007537842
76969,0.000787258148193
76970,0.000795841217041
76971,0.00113010406494
76972,0.00113201141357
76973,0.0
76974,0.0
76975,0.0
76976,0.000511646270752
76977,0.000499248504639
76978,0.000499248504639
76979,0.000170826911926
76980,0.00152683258057
76981,0.0
76982,0.0
76983,0.0
76984,0.0
76985,0.0
76986,0.0
76987,5.96046447754e-07
76988,5.96046447754e-07
76989,0.0
76990,0.0
76991,0.0
76992,0.0
76993,0.0
76994,0.000332355499268
76995,0.000333070755005
76996,0.00035834312439
76997,0.0
76998,4.58955764771e-06
76999,5.94258308411e-05
77000,9.11355018616e-05
77001,9.17315483093e-05
77002,0.000511169433594
77003,0.000821113586426
77004,0.00073766708374
77005,0.0
77006,0.0
77007,0.0
77008,0.000332355499268
77009,0.00070333480835
77010,0.00106525421143
77011,0.00106048583984
77012,0.000358819961548
77013,0.0
77014,0.0
77015,0.0
77016,0.0
77017,1.72853469849e-06
77018,0.000333070755005
77019,0.00041675567627
77020,0.000664710998535
77021,0.0
77022,0.0
77023,0.0
77024,4.05311584473e-06
77025,2.86102294922e-06
77026,2.86102294922e-06
77027,2.32458114624e-06
77028,4.26769256592e-05
77029,0.0
77030,0.000332355499268
77031,0.00134181976318
77032,0.00167465209961
77033,0.00135517120361
77034,0.00208854675293
77035,0.00275230407715
77036,0.00311470031738
77037,0.0
77038,2.53915786743e-05
77039,8.64267349243e-05
77040,8.64267349243e-05
77041,0.000173568725586
77042,0.000624179840088
77043,0.000476121902466
77044,0.00116443634033
77045,0.0
77046,1.15633010864e-05
77047,5.88297843933e-05
77048,9.17315483093e-05
77049,0.0
77050,8.77380371094e-05
77051,0.000224947929382
77052,0.000510215759277
77053,0.0
77054,4.05311584473e-06
77055,4.05311584473e-06
77056,2.77161598206e-05
77057,7.33137130737e-05
77058,0.000454664230347
77059,0.000113070011139
77060,0.00055456161499
77061,0.0
77062,0.0
77063,0.0
77064,0.0
77065,0.0
77066,0.0
77067,0.0
77068,0.0
77069,0.0
77070,0.0
77071,0.000332355499268
77072,0.000664710998535
77073,0.000332355499268
77074,0.000332355499268
77075,0.000333070755005
77076,0.000333070755005
77077,0.0
77078,0.0
77079,5.96046447754e-07
77080,5.96046447754e-07
77081,5.96046447754e-07
77082,0.0
77083,1.13248825073e-06
77084,0.000333070755005
77085,0.0
77086,0.0
77087,4.05311584473e-06
77088,4.09483909607e-05
77089,8.65459442139e-05
77090,0.000146389007568
77091,7.71880149841e-05
77092,0.000231862068176
77093,0.0
77094,0.0
77095,0.0
77096,0.0
77097,0.0
77098,0.0
77099,0.0
77100,0.000332355499268
77101,0.0
77102,6.91413879395e-06
77103,0.000361919403076
77104,0.000694751739502
77105,0.000694751739502
77106,0.000357151031494
77107,0.00035548210144
77108,5.71608543396e-05
77109,0.0
77110,0.0
77111,0.0
77112,4.58955764771e-06
77113,4.58955764771e-06
77114,4.58955764771e-06
77115,5.71608543396e-05
77116,3.17096710205e-05
77117,0.0
77118,0.0
77119,3.54051589966e-05
77120,9.71555709839e-05
77121,0.000531196594238
77122,0.00120735168457
77123,0.000798225402832
77124,0.000748157501221
77125,0.0
77126,0.0
77127,0.0
77128,0.0
77129,1.13248825073e-06
77130,4.05311584473e-06
77131,0.0
77132,5.96046447754e-07
77133,0.0
77134,0.0
77135,0.000691890716553
77136,0.000335216522217
77137,0.000678539276123
77138,0.000868797302246
77139,0.00252723693848
77140,0.00378799438477
77141,0.0
77142,0.0
77143,0.0
77144,1.96099281311e-05
77145,0.000135660171509
77146,0.000136137008667
77147,0.000240564346313
77148,0.000304698944092
77149,0.0
77150,0.0
77151,0.0
77152,0.0
77153,2.86102294922e-06
77154,0.000333547592163
77155,0.000338315963745
77156,0.000438690185547
77157,0.0
77158,0.0
77159,1.20997428894e-05
77160,9.23871994019e-06
77161,3.52263450623e-05
77162,1.26957893372e-05
77163,0.0
77164,0.000431060791016
77165,0.0
77166,1.72853469849e-06
77167,3.86834144592e-05
77168,3.86834144592e-05
77169,3.86834144592e-05
77170,3.86834144592e-05
77171,0.000380992889404
77172,0.000706672668457
77173,0.0
77174,0.0
77175,2.47955322266e-05
77176,2.77161598206e-05
77177,9.83476638794e-06
77178,0.00034236907959
77179,0.000342845916748
77180,1.96099281311e-05
77181,0.0
77182,0.0
77183,0.0
77184,2.6524066925e-05
77185,6.31809234619e-06
77186,0.000675201416016
77187,5.18560409546e-06
77188,5.18560409546e-06
77189,0.0
77190,0.0
77191,0.0
77192,5.96046447754e-07
77193,0.0
77194,0.0
77195,0.0
77196,0.0
77197,0.0
77198,3.05771827698e-05
77199,5.18560409546e-06
77200,0.0
77201,0.0003342628479
77202,0.0003342628479
77203,0.000363349914551
77204,0.000876426696777
77205,0.0
77206,7.09891319275e-05
77207,6.31809234619e-06
77208,0.000357151031494
77209,0.000360488891602
77210,0.000357151031494
77211,0.00138378143311
77212,0.00104999542236
77213,0.0
77214,1.61528587341e-05
77215,9.00030136108e-05
77216,0.0001021027565
77217,0.000117123126984
77218,2.08020210266e-05
77219,0.000520706176758
77220,0.000565528869629
77221,0.0
77222,0.0
77223,0.0
77224,0.000332355499268
77225,0.000332355499268
77226,0.000332355499268
77227,0.000332355499268
77228,0.000332355499268
77229,0.0
77230,1.72853469849e-06
77231,9.23871994019e-06
77232,6.31809234619e-06
77233,6.5803527832e-05
77234,0.000208973884583
77235,0.000263690948486
77236,0.000226855278015
77237,0.0
77238,0.0
77239,0.0
77240,0.0
77241,0.0
77242,9.83476638794e-06
77243,9.83476638794e-06
77244,9.23871994019e-06
77245,0.0
77246,0.0
77247,0.0
77248,5.96046447754e-07
77249,4.26769256592e-05
77250,0.000147700309753
77251,0.000189304351807
77252,0.000189304351807
77253,0.0
77254,0.0
77255,0.0
77256,0.0
77257,0.0
77258,0.0
77259,0.0
77260,0.0
77261,0.0
77262,0.0
77263,1.55568122864e-05
77264,0.00234031677246
77265,0.00200653076172
77266,0.00235176086426
77267,0.00235557556152
77268,0.00106525421143
77269,0.0
77270,0.0
77271,0.0
77272,8.64267349243e-06
77273,7.5101852417e-06
77274,7.5101852417e-06
77275,6.31809234619e-06
77276,3.11732292175e-05
77277,0.0
77278,1.23381614685e-05
77279,1.34706497192e-05
77280,0.0003342628479
77281,0.0003342628479
77282,0.000366926193237
77283,0.00044059753418
77284,0.000448703765869
77285,0.0
77286,0.0
77287,0.0
77288,5.96046447754e-07
77289,2.36630439758e-05
77290,0.000339984893799
77291,0.00105381011963
77292,0.00105381011963
77293,0.0
77294,0.000332355499268
77295,0.00106906890869
77296,0.00111103057861
77297,0.00121307373047
77298,0.000558376312256
77299,0.000575542449951
77300,0.00124073028564
77301,0.0
77302,0.0
77303,0.0
77304,0.0
77305,2.77161598206e-05
77306,0.000422954559326
77307,0.000359058380127
77308,0.000367164611816
77309,0.0
77310,0.000333547592163
77311,0.000345706939697
77312,1.44243240356e-05
77313,5.25116920471e-05
77314,6.9797039032e-05
77315,0.0003981590271
77316,0.000669002532959
77317,0.0
77318,0.0
77319,0.000115394592285
77320,0.000115394592285
77321,0.000115394592285
77322,9.81092453003e-05
77323,9.81092453003e-05
77324,0.000155210494995
77325,0.0
77326,0.0
77327,1.72853469849e-06
77328,5.96046447754e-07
77329,5.96046447754e-07
77330,0.000720977783203
77331,0.00074577331543
77332,0.00074577331543
77333,0.0
77334,0.0
77335,1.61528587341e-05
77336,4.67300415039e-05
77337,3.52263450623e-05
77338,0.00015926361084
77339,0.000885486602783
77340,0.000899791717529
77341,0.0
77342,2.36630439758e-05
77343,0.0
77344,0.0
77345,0.000332355499268
77346,0.000332355499268
77347,0.00036358833313
77348,0.000342845916748
77349,0.0
77350,0.0
77351,0.0
77352,0.000332355499268
77353,0.000332355499268
77354,0.0
77355,0.0
77356,0.00100040435791
77357,0.0
77358,0.0
77359,0.0
77360,0.0
77361,1.26957893372e-05
77362,0.000364065170288
77363,2.88486480713e-05
77364,2.6524066925e-05
77365,0.0
77366,0.0
77367,1.72853469849e-06
77368,1.09672546387e-05
77369,1.61528587341e-05
77370,1.61528587341e-05
77371,1.78813934326e-05
77372,0.000372886657715
77373,0.0
77374,0.0
77375,8.04662704468e-06
77376,1.20997428894e-05
77377,1.90138816833e-05
77378,3.11732292175e-05
77379,0.000142455101013
77380,0.000126361846924
77381,0.0
77382,0.000352144241333
77383,0.00114917755127
77384,0.00110912322998
77385,0.000335931777954
77386,0.00101661682129
77387,0.000680446624756
77388,0.000669479370117
77389,0.0
77390,0.0
77391,0.0
77392,0.0
77393,0.0
77394,0.0
77395,0.00035548210144
77396,1.69277191162e-05
77397,0.0
77398,0.0
77399,1.55568122864e-05
77400,0.000348091125488
77401,0.00102710723877
77402,0.000697135925293
77403,0.000693798065186
77404,0.000699043273926
77405,0.0
77406,0.0
77407,0.0
77408,2.86102294922e-06
77409,4.05311584473e-06
77410,2.32458114624e-06
77411,0.000333070755005
77412,0.00184154510498
77413,0.0
77414,0.0
77415,0.00049877166748
77416,0.000831127166748
77417,0.00050163269043
77418,0.000502586364746
77419,0.000176668167114
77420,0.000177145004272
77422,0.0
77423,0.000679969787598
77424,0.000667572021484
77425,5.96046447754e-07
77426,2.32458114624e-06
77427,0.00135707855225
77428,0.00202941894531
77429,0.00203132629395
77430,0.0
77431,0.0
77432,0.0
77433,0.0
77434,5.96046447754e-07
77435,5.96046447754e-07
77436,0.0
77437,0.0
77438,0.0
77439,2.47955322266e-05
77440,9.17315483093e-05
77441,0.000162720680237
77442,3.05771827698e-05
77443,9.98377799988e-05
77444,0.000211358070374
77445,0.000255346298218
77446,0.0
77447,0.0
77448,0.000332355499268
77449,0.00070858001709
77450,0.00168323516846
77451,0.00105381011963
77452,0.00282859802246
77453,0.0031623840332
77454,0.0
77455,0.0
77456,0.0
77457,0.0
77458,0.0
77459,0.0
77460,5.18560409546e-06
77461,5.96046447754e-07
77462,0.0
77463,0.0
77464,0.0
77465,0.000332355499268
77466,1.13248825073e-06
77467,0.0
77468,0.000672340393066
77469,0.000671863555908
77470,0.0
77471,0.0
77472,0.0
77473,0.0
77474,0.000346183776855
77475,6.46114349365e-05
77476,4.09483909607e-05
77477,2.19345092773e-05
77478,0.0
77479,0.0
77480,0.0
77481,0.0
77482,5.48362731934e-05
77483,5.88297843933e-05
77484,0.000183463096619
77485,0.00017249584198
77486,0.0
77487,0.0
77488,0.0
77489,0.000333547592163
77490,0.000716209411621
77491,0.00111198425293
77492,0.00115013122559
77493,0.00123596191406
77494,0.0
77495,0.0
77496,0.0
77497,1.96099281311e-05
77498,0.0
77499,0.0
77500,1.13248825073e-06
77501,8.71419906616e-05
77502,0.0
77503,0.0
77504,0.0
77505,0.0
77506,0.0
77507,0.0
77508,0.0
77509,0.000664710998535
77510,0.0
77511,0.0
77512,5.82933425903e-05
77513,0.00018584728241
77514,0.000175476074219
77515,0.000219821929932
77516,0.000218152999878
77517,0.000218152999878
77518,0.0
77519,5.78165054321e-06
77520,1.13248825073e-06
77521,5.78165054321e-06
77522,2.32458114624e-06
77523,3.45706939697e-06
77524,3.45706939697e-06
77525,4.61935997009e-05
77526,0.0
77527,4.84585762024e-05
77528,0.000339269638062
77529,0.00100135803223
77530,0.00267219543457
77531,0.00234031677246
77532,0.00234031677246
77533,0.00267219543457
77534,0.0
77535,4.05311584473e-06
77536,0.00041675567627
77537,0.000446796417236
77538,0.000446796417236
77539,2.32458114624e-06
77540,1.72853469849e-06
77541,5.96046447754e-07
77542,0.0
77543,0.0
77544,3.92198562622e-05
77545,0.000392436981201
77546,0.000391244888306
77547,0.000390768051147
77548,0.000194907188416
77549,4.96506690979e-05
77550,0.0
77551,0.0
77552,0.0
77553,0.0
77554,0.0
77555,0.000383138656616
77556,0.000396966934204
77557,0.000478506088257
77558,0.0
77559,0.0
77560,1.03712081909e-05
77561,0.0
77562,0.0
77563,0.0
77564,0.0
77565,3.57627868652e-05
77566,0.0
77567,5.18560409546e-06
77568,5.18560409546e-06
77569,7.73072242737e-05
77570,7.03930854797e-05
77571,5.25116920471e-05
77572,6.06179237366e-05
77573,5.36441802979e-05
77574,0.0
77575,0.0
77576,5.96046447754e-07
77577,1.13248825073e-06
77578,2.86102294922e-06
77579,2.86102294922e-06
77580,0.0
77581,5.94258308411e-05
77582,0.0
77583,0.0
77584,0.0
77585,0.0
77586,5.96046447754e-07
77587,1.38282775879e-05
77588,1.61528587341e-05
77589,1.32918357849e-05
77590,0.0
77591,0.0
77592,0.0
77593,5.96046447754e-07
77594,2.02059745789e-05
77595,8.04662704468e-06
77596,1.67489051819e-05
77597,0.000442743301392
77598,0.0
77599,0.0
77600,4.58955764771e-06
77601,1.72853469849e-06
77602,7.67111778259e-05
77603,0.00032901763916
77604,0.000757694244385
77605,0.00108814239502
77606,0.0
77607,0.0
77608,0.0
77609,0.0
77610,0.000776767730713
77611,0.000776767730713
77612,0.000110864639282
77613,0.000110864639282
77614,0.0
77615,0.0
77616,0.0
77617,5.96046447754e-07
77618,5.96046447754e-07
77619,5.96046447754e-07
77620,5.96046447754e-07
77621,0.0
77622,0.0
77623,0.000332355499268
77624,0.000332355499268
77625,0.000369310379028
77626,0.00129795074463
77627,0.00129795074463
77628,0.00133228302002
77629,0.00308990478516
77630,0.0
77631,0.0
77632,0.0
77633,5.96046447754e-07
77634,5.96046447754e-07
77635,0.00100517272949
77636,0.00140857696533
77637,0.00112342834473
77638,0.0
77639,2.32458114624e-06
77640,1.32918357849e-05
77641,5.48362731934e-05
77642,0.000491142272949
77643,0.000505447387695
77644,0.000362396240234
77645,0.00138473510742
77646,0.0
77647,0.0
77648,0.0
77649,0.0
77650,0.0
77651,1.09672546387e-05
77652,2.32458114624e-06
77653,2.32458114624e-06
77654,0.0
77655,0.0
77656,0.0
77657,0.0
77658,0.000332355499268
77659,0.000332355499268
77660,0.000332355499268
77661,1.13248825073e-06
77662,0.0
77663,2.02059745789e-05
77664,1.90138816833e-05
77665,1.90138816833e-05
77666,0.000400304794312
77667,0.000400304794312
77668,0.000388145446777
77669,0.0
77670,0.0
77671,0.0
77672,5.96046447754e-07
77673,8.64267349243e-06
77674,8.64267349243e-06
77675,8.04662704468e-06
77676,0.00172901153564
77677,0.00177574157715
77678,0.0
77679,1.03712081909e-05
77680,7.44462013245e-05
77681,0.000126361846924
77682,0.000132083892822
77683,0.000132083892822
77684,0.000132083892822
77685,0.000213027000427
77686,0.0
77687,0.0
77688,5.96046447754e-07
77689,5.18560409546e-06
77690,6.6339969635e-05
77691,5.48362731934e-05
77692,8.71419906616e-05
77693,0.000102877616882
77694,0.0
77695,3.45706939697e-06
77696,4.58955764771e-06
77697,1.09672546387e-05
77698,0.000343322753906
77699,1.09672546387e-05
77700,0.000379800796509
77701,0.000132083892822
77702,0.0
77703,0.0
77704,0.0
77705,0.0
77706,5.96046447754e-07
77707,0.000166773796082
77708,0.0
77709,0.0
77710,0.0
77711,0.0
77712,0.0
77713,0.0
77714,0.0
77715,0.0
77716,0.0
77717,5.78165054321e-06
77718,0.0
77719,0.0
77720,0.0
77721,0.0
77722,0.0
77723,7.39097595215e-05
77724,0.000101983547211
77725,0.000101983547211
77726,0.0
77727,0.0
77728,0.0
77729,0.0
77730,0.0
77731,0.0
77732,0.0
77733,0.0
77734,0.0
77735,0.0
77736,0.0
77737,0.0
77738,3.45706939697e-06
77739,2.41994857788e-05
77740,2.41994857788e-05
77741,2.36630439758e-05
77742,0.0
77743,5.96046447754e-07
77744,5.78165054321e-06
77745,0.000465154647827
77746,0.000730037689209
77747,0.000396966934204
77748,0.000439643859863
77749,0.000771999359131
77750,0.0
77751,0.0
77752,0.0
77753,0.000380277633667
77754,0.000380277633667
77755,0.00107669830322
77756,0.00273895263672
77757,0.00274085998535
77758,0.0
77759,0.0
77760,0.0
77761,1.26957893372e-05
77762,8.54134559631e-05
77763,8.59498977661e-05
77764,0.000452995300293
77765,0.000338792800903
77766,0.0
77767,0.0
77768,2.13384628296e-05
77769,2.30669975281e-05
77770,0.00035548210144
77771,0.000372886657715
77772,0.000781059265137
77773,0.000457048416138
77774,0.0
77775,0.0
77776,0.0
77777,5.96046447754e-07
77778,2.08020210266e-05
77779,5.48362731934e-05
77780,4.38690185547e-05
77781,0.000162124633789
77782,0.0
77783,0.0
77784,0.0
77785,1.72853469849e-06
77786,1.72853469849e-06
77787,0.0
77788,0.000701904296875
77789,0.00271224975586
77790,0.0
77791,2.08020210266e-05
77792,2.13384628296e-05
77793,3.92198562622e-05
77794,3.69548797607e-05
77795,0.000520706176758
77796,0.000597476959229
77797,0.0009446144104
77798,0.0
77799,0.0
77800,1.84774398804e-05
77801,0.00033712387085
77802,0.00100231170654
77803,0.00104141235352
77804,0.000371694564819
77805,0.00043797492981
77806,0.0
77807,0.0
77808,0.0
77809,0.0
77810,0.000333547592163
77811,0.000997543334961
77812,0.00100135803223
77813,0.000332355499268
77814,0.0
77815,0.0
77816,0.000333547592163
77817,0.000332355499268
77818,0.0003342628479
77819,0.0003342628479
77820,0.000734329223633
77821,0.000734329223633
77822,0.0
77823,0.0
77824,0.0
77825,8.01682472229e-05
77826,0.000842094421387
77827,0.000369310379028
77828,0.000815868377686
77829,0.000375747680664
77830,0.0
77831,1.13248825073e-06
77832,4.61935997009e-05
77833,7.5101852417e-06
77834,7.5101852417e-06
77835,1.13248825073e-06
77836,0.000351428985596
77837,0.000710010528564
77838,0.0
77839,2.86102294922e-06
77840,2.86102294922e-06
77841,0.000671863555908
77842,0.000707626342773
77843,0.00070858001709
77844,0.000722408294678
77845,0.00071907043457
77846,0.0
77847,0.0
77848,0.0
77849,0.000333070755005
77850,0.000332355499268
77851,3.17096710205e-05
77852,0.000692367553711
77853,0.000360727310181
77854,0.0
77855,0.0
77856,0.0
77857,0.0
77858,0.0
77859,8.77380371094e-05
77860,0.000197887420654
77861,0.000218152999878
77862,0.0
77863,0.000107884407043
77864,0.000122308731079
77865,0.000585079193115
77866,0.00029993057251
77867,0.000301837921143
77868,0.000526428222656
77869,0.00133419036865
77870,0.0
77871,0.0
77872,4.58955764771e-06
77873,2.77161598206e-05
77874,0.00040340423584
77875,0.000450611114502
77876,0.00157260894775
77877,0.00157260894775
77878,0.0
77879,0.0
77880,0.0
77881,0.0
77882,0.000332355499268
77883,0.000332355499268
77884,0.0
77885,0.0
77886,0.0
77887,1.72853469849e-05
77888,0.00017774105072
77889,0.000196695327759
77890,0.000252723693848
77891,0.000245809555054
77892,0.000284433364868
77893,0.000529289245605
77894,0.0
77895,3.45706939697e-06
77896,1.50203704834e-05
77897,1.55568122864e-05
77898,3.11732292175e-05
77899,3.80873680115e-05
77900,3.69548797607e-05
77901,0.000118911266327
77902,0.0
77903,0.0
77904,2.32458114624e-06
77905,7.73072242737e-05
77906,0.000229716300964
77907,0.000220894813538
77908,0.000220894813538
77909,4.90546226501e-05
77910,0.0
77911,0.0
77912,0.0
77913,0.0
77914,1.44243240356e-05
77915,0.00118732452393
77916,0.00125312805176
77917,0.00225067138672
77918,0.0
77919,0.0
77920,0.000332355499268
77921,0.000343322753906
77922,0.000332355499268
77923,0.000698566436768
77924,8.94665718079e-05
77925,0.000197410583496
77926,0.0
77927,0.000121772289276
77928,0.000138521194458
77929,0.000338077545166
77930,0.000166654586792
77931,0.000674247741699
77932,0.000339984893799
77933,0.000332355499268
77934,0.0
77935,0.0
77936,2.86102294922e-06
77937,1.84774398804e-05
77938,5.78165054321e-06
77939,0.00037693977356
77940,0.000522136688232
77941,0.000513076782227
77942,0.0
77943,1.13248825073e-06
77944,1.13248825073e-06
77945,0.000125765800476
77946,0.000167846679688
77947,0.000168442726135
77948,0.000244617462158
77949,0.000263214111328
77950,0.0
77951,0.0
77952,0.0
77953,0.000332355499268
77954,0.000332355499268
77955,0.000332355499268
77956,0.00049877166748
77957,0.000664710998535
77958,0.0
77959,5.96046447754e-07
77960,9.6321105957e-05
77961,0.000789165496826
77962,0.00147247314453
77963,0.0015287399292
77964,0.00153255462646
77965,0.000900268554688
77966,0.0
77967,0.0
77968,0.0
77969,2.32458114624e-06
77970,0.000675678253174
77971,0.000694751739502
77972,0.000694751739502
77973,0.0010232925415
77974,0.0
77975,0.0
77976,0.0
77977,6.31809234619e-06
77978,2.25305557251e-05
77979,7.09891319275e-05
77980,0.000115633010864
77981,0.000321388244629
77982,0.0
77983,0.0
77984,0.0
77985,9.83476638794e-06
77986,9.83476638794e-06
77987,9.83476638794e-06
77988,0.000215291976929
77989,0.000226140022278
77990,0.0
77991,1.72853469849e-06
77992,3.3438205719e-05
77993,3.23057174683e-05
77994,9.95993614197e-05
77995,0.000433444976807
77996,0.000516891479492
77997,0.000502586364746
77998,0.0
77999,0.0
78000,0.000148296356201
78001,0.000143051147461
78002,0.0
78003,0.000332355499268
78004,0.00034236907959
78005,4.32729721069e-05
78006,0.0
78007,0.0003502368927
78008,0.000702857971191
78009,0.00101566314697
78010,0.00143432617188
78011,0.000752449035645
78012,0.00118446350098
78013,0.00201034545898
78014,0.0
78015,0.0
78016,0.000348567962646
78017,0.000365257263184
78018,3.2901763916e-05
78019,0.0012788772583
78020,0.00134372711182
78021,0.00167655944824
78022,0.0
78023,0.0
78024,0.0
78025,0.000125765800476
78026,0.000125765800476
78027,0.000340461730957
78028,0.000751495361328
78029,0.000497817993164
78030,0.0
78031,0.0
78032,0.000332355499268
78033,1.90138816833e-05
78034,1.90138816833e-05
78035,0.000385999679565
78036,0.00105762481689
78037,0.000795364379883
78038,0.0
78039,2.25305557251e-05
78040,2.02059745789e-05
78041,3.17096710205e-05
78042,9.23871994019e-05
78043,0.000538349151611
78044,0.00125980377197
78045,0.00194931030273
78046,0.0
78047,0.0
78048,0.0
78049,0.000332355499268
78050,0.000332355499268
78051,0.000347137451172
78052,2.15768814087e-05
78053,3.27229499817e-05
78054,0.0
78055,0.0
78056,0.0
78057,0.000664710998535
78058,4.58955764771e-06
78059,0.000400066375732
78060,0.000400543212891
78061,0.00183391571045
78062,0.0
78063,0.0
78064,9.83476638794e-06
78065,7.49826431274e-05
78066,0.000424861907959
78067,0.000490665435791
78068,0.000588417053223
78069,0.00075101852417
78070,0.0
78071,0.0
78072,4.73260879517e-05
78073,1.20997428894e-05
78074,0.00073766708374
78075,0.000704765319824
78076,0.00103282928467
78077,0.000776767730713
78078,0.0
78079,0.0
78080,0.000353336334229
78081,0.000682830810547
78082,0.000682830810547
78083,0.00143241882324
78084,0.00176048278809
78085,0.00209426879883
78086,0.0
78087,0.0
78088,2.9444694519e-05
78089,5.88297843933e-05
78090,2.08020210266e-05
78091,2.13384628296e-05
78092,1.96099281311e-05
78093,9.94801521301e-05
78094,0.0
78095,0.0
78096,0.0
78097,0.0
78098,0.0
78099,0.0
78100,0.0
78101,2.53915786743e-05
78102,0.0
78103,2.19345092773e-05
78104,0.0
78105,8.59498977661e-05
78106,0.000447273254395
78107,0.000449657440186
78108,0.00078296661377
78109,0.000523567199707
78110,0.0
78111,5.82933425903e-05
78112,0.00039005279541
78113,4.58955764771e-06
78114,0.0
78115,0.000333070755005
78116,0.000333070755005
78117,0.000332355499268
78118,0.0
78119,0.0
78120,3.6358833313e-05
78121,1.13248825073e-06
78122,0.0
78123,0.0
78124,0.0
78125,0.00104999542236
78126,0.0
78127,0.000187516212463
78128,1.03712081909e-05
78129,1.03712081909e-05
78130,0.0
78131,5.96046447754e-07
78132,7.5101852417e-06
78133,4.84585762024e-05
78134,0.0
78135,0.0
78136,0.0
78137,0.0
78138,0.000340461730957
78139,0.00105381011963
78140,0.00106239318848
78141,5.96046447754e-07
78142,0.0
78143,0.0
78144,1.96099281311e-05
78145,0.000133275985718
78146,0.000782489776611
78147,0.00179576873779
78148,0.00161552429199
78149,0.00162029266357
78150,0.0
78151,0.00101852416992
78152,0.00115013122559
78153,0.00119590759277
78154,0.000997543334961
78155,0.00184535980225
78156,0.000340461730957
78157,0.000333547592163
78158,0.0
78159,0.0
78160,0.0
78161,0.0
78162,0.0
78163,0.0
78164,0.000682353973389
78165,0.00210571289062
78166,0.0
78167,1.55568122864e-05
78168,5.96046447754e-07
78169,0.0
78170,1.96099281311e-05
78171,7.5101852417e-06
78172,6.11543655396e-05
78173,0.00167083740234
78174,0.0
78175,0.0
78176,1.26957893372e-05
78177,0.000334739685059
78178,0.000333070755005
78179,0.000665664672852
78180,0.000997543334961
78181,0.000345230102539
78182,0.0
78183,2.13384628296e-05
78184,2.86102294922e-06
78185,0.000165462493896
78186,0.000620365142822
78187,0.00101089477539
78188,0.00139617919922
78189,0.00131702423096
78190,0.0
78191,0.0
78192,0.0
78193,0.0
78194,0.0
78195,0.000677108764648
78196,0.00173759460449
78197,0.00300025939941
78198,0.0
78199,1.32918357849e-05
78200,0.000442028045654
78201,0.00219345092773
78202,0.00326156616211
