4,0.0
5,0.0
6,0.0
7,0.0
8,0.0
9,0.0
10,0.0
11,0.0129318237305
12,0.0129241943359
13,0.0134658813477
14,0.0142059326172
15,0.0139617919922
16,0.0149230957031
17,0.0137176513672
18,0.012321472168
19,0.172729492188
20,0.178466796875
21,0.1787109375
22,0.17919921875
23,0.182250976562
24,0.179809570312
25,0.184448242188
26,0.180053710938
27,0.161499023438
28,0.166625976562
29,0.172241210938
30,0.17529296875
31,0.167358398438
32,0.168701171875
33,0.162841796875
34,0.165283203125
35,0.1435546875
36,0.162841796875
37,0.163696289062
38,0.159912109375
39,0.153198242188
40,0.159057617188
41,0.153686523438
42,0.158203125
43,0.127563476562
44,0.136352539062
45,0.138427734375
46,0.1474609375
47,0.152709960938
48,0.1474609375
49,0.147216796875
50,0.144653320312
51,0.116394042969
52,0.125244140625
53,0.130737304688
54,0.134033203125
55,0.145874023438
56,0.14404296875
57,0.137084960938
58,0.142211914062
59,0.0938110351562
60,0.113586425781
61,0.119812011719
62,0.120666503906
63,0.118041992188
64,0.121948242188
65,0.126831054688
66,0.126098632812
67,0.0846557617188
68,0.095703125
69,0.0919799804688
70,0.0977783203125
71,0.102111816406
72,0.119384765625
73,0.10498046875
74,0.113830566406
75,0.0802612304688
76,0.091796875
77,0.09130859375
78,0.0960693359375
79,0.104553222656
80,0.105285644531
81,0.102783203125
82,0.116333007812
83,0.0772094726562
84,0.08251953125
85,0.0868530273438
86,0.0828247070312
87,0.0932006835938
88,0.109252929688
89,0.102172851562
90,0.0917358398438
91,0.072509765625
92,0.08544921875
93,0.0846557617188
94,0.0819091796875
95,0.0841064453125
96,0.0917358398438
97,0.0885620117188
98,0.0925903320312
99,0.0654296875
100,0.0780029296875
101,0.0914306640625
102,0.0796508789062
103,0.0989990234375
104,0.105651855469
105,0.0965576171875
106,0.107360839844
107,0.0740966796875
108,0.0738525390625
109,0.0689697265625
110,0.0671997070312
111,0.0718994140625
112,0.073486328125
113,0.079345703125
114,0.0731811523438
115,0.0578918457031
116,0.0689697265625
117,0.073486328125
118,0.06884765625
119,0.071044921875
120,0.0687255859375
121,0.0805053710938
122,0.0746459960938
123,0.0709838867188
124,0.0665893554688
125,0.0693969726562
126,0.078369140625
127,0.0772094726562
128,0.0806884765625
129,0.0769653320312
130,0.0784301757812
131,0.0580749511719
132,0.0565185546875
133,0.0562133789062
134,0.0601196289062
135,0.064208984375
136,0.0772094726562
137,0.0787353515625
138,0.0733642578125
139,0.0536804199219
140,0.0689697265625
141,0.0630493164062
142,0.064697265625
143,0.0667724609375
144,0.0750732421875
145,0.063232421875
146,0.0635986328125
147,0.0486145019531
148,0.0528259277344
149,0.0569763183594
150,0.0682373046875
151,0.0624389648438
152,0.0654296875
153,0.068359375
154,0.0657348632812
155,0.0509643554688
156,0.058837890625
157,0.064208984375
158,0.0663452148438
159,0.0692749023438
160,0.06640625
161,0.0685424804688
162,0.0792236328125
163,0.0481262207031
164,0.0470886230469
165,0.0487976074219
166,0.0585327148438
167,0.0591125488281
168,0.0584106445312
169,0.0561218261719
170,0.0587463378906
171,0.0580749511719
172,0.0531616210938
173,0.0520324707031
174,0.0621337890625
175,0.0634155273438
176,0.0629272460938
177,0.0622863769531
178,0.0552062988281
179,0.0514526367188
180,0.0555114746094
181,0.064697265625
182,0.0651245117188
183,0.0632934570312
184,0.0703735351562
185,0.0575866699219
186,0.0607604980469
187,0.0489501953125
188,0.0526733398438
189,0.0575256347656
190,0.0565795898438
191,0.0650024414062
192,0.0645141601562
193,0.0667114257812
194,0.0578918457031
195,0.0449523925781
196,0.0467529296875
197,0.0502014160156
198,0.0640258789062
199,0.0675659179688
200,0.065673828125
201,0.0596618652344
202,0.0682983398438
203,0.0469360351562
204,0.0474548339844
205,0.0481262207031
206,0.0530395507812
207,0.0569152832031
208,0.0584106445312
209,0.0528869628906
210,0.0587768554688
211,0.0455932617188
212,0.0492248535156
213,0.0526733398438
214,0.0536193847656
215,0.0534057617188
216,0.0549926757812
217,0.059326171875
218,0.0575256347656
219,0.0425720214844
220,0.0454711914062
221,0.0563049316406
222,0.0518798828125
223,0.0574035644531
224,0.0592346191406
225,0.050048828125
226,0.0513000488281
227,0.043212890625
228,0.0419006347656
229,0.0489807128906
230,0.0438842773438
231,0.0493774414062
232,0.0512084960938
233,0.0532836914062
234,0.053955078125
235,0.0512390136719
236,0.0491027832031
237,0.0581970214844
238,0.0526733398438
239,0.0518493652344
240,0.0465087890625
241,0.0576171875
242,0.0567016601562
243,0.048828125
244,0.0462341308594
245,0.0536193847656
246,0.0528259277344
247,0.0431823730469
248,0.046875
249,0.0576477050781
250,0.0515747070312
251,0.0456848144531
252,0.048583984375
253,0.0526123046875
254,0.0546875
255,0.0558471679688
256,0.0546264648438
257,0.0616149902344
258,0.0540771484375
259,0.0402526855469
260,0.0457458496094
261,0.0445556640625
262,0.0479431152344
263,0.0481872558594
264,0.05029296875
265,0.0506896972656
266,0.0556335449219
267,0.0401306152344
268,0.0415954589844
269,0.0440673828125
270,0.0461120605469
271,0.0455017089844
272,0.0467529296875
273,0.0490112304688
274,0.04638671875
275,0.0387268066406
276,0.0469665527344
277,0.0500183105469
278,0.0493774414062
279,0.0555725097656
280,0.0702514648438
281,0.066162109375
282,0.0546264648438
283,0.0413513183594
284,0.0419311523438
285,0.0447998046875
286,0.0469665527344
287,0.0442199707031
288,0.0460510253906
289,0.0443420410156
290,0.0504150390625
291,0.04736328125
292,0.04296875
293,0.0447082519531
294,0.0491027832031
295,0.0433959960938
296,0.0414428710938
297,0.0423889160156
298,0.0506591796875
299,0.0404968261719
300,0.0361328125
301,0.0427551269531
302,0.0440979003906
303,0.0420532226562
304,0.0432739257812
305,0.0453796386719
306,0.0469360351562
307,0.0392456054688
308,0.0359191894531
309,0.047119140625
310,0.0461120605469
311,0.0427551269531
312,0.0514526367188
313,0.0513000488281
314,0.0508117675781
315,0.03857421875
316,0.039794921875
317,0.0395812988281
318,0.0466613769531
319,0.0408020019531
320,0.0457153320312
321,0.0503845214844
322,0.0474548339844
323,0.0353088378906
324,0.0451049804688
325,0.0446166992188
326,0.0408630371094
327,0.0421142578125
328,0.0419921875
329,0.0393676757812
330,0.0400085449219
331,0.0365295410156
332,0.0444641113281
333,0.0509338378906
334,0.0483703613281
335,0.0517272949219
336,0.0502624511719
337,0.0515747070312
338,0.0523986816406
339,0.0373840332031
340,0.0341186523438
341,0.0423889160156
342,0.0418395996094
343,0.0502014160156
344,0.0473022460938
345,0.0422973632812
346,0.0548706054688
347,0.0399475097656
348,0.0390014648438
349,0.0529174804688
350,0.0476989746094
351,0.0529479980469
352,0.0510864257812
353,0.0474853515625
354,0.0536499023438
355,0.0382690429688
356,0.0458679199219
357,0.0393981933594
358,0.0383911132812
359,0.04150390625
360,0.0397033691406
361,0.0387573242188
362,0.0448608398438
363,0.0323181152344
364,0.0379943847656
365,0.0361328125
366,0.0477905273438
367,0.0432739257812
368,0.0516052246094
369,0.0521545410156
370,0.045654296875
371,0.0370178222656
372,0.0344543457031
373,0.0378112792969
374,0.0364074707031
375,0.0369567871094
376,0.0447692871094
377,0.0448303222656
378,0.0450744628906
379,0.0382385253906
380,0.0464172363281
381,0.0456848144531
382,0.0488891601562
383,0.0578308105469
384,0.0547485351562
385,0.0549926757812
386,0.0492553710938
387,0.0332336425781
388,0.0357055664062
389,0.0367126464844
390,0.0351257324219
391,0.0399169921875
392,0.0444641113281
393,0.0460510253906
394,0.0435180664062
395,0.0418090820312
396,0.0407409667969
397,0.044189453125
398,0.0443420410156
399,0.0482177734375
400,0.0556030273438
401,0.0550842285156
402,0.0550842285156
403,0.0443420410156
404,0.0367431640625
405,0.0574340820312
406,0.0530395507812
407,0.04931640625
408,0.0494689941406
409,0.0498352050781
410,0.049560546875
411,0.0413513183594
412,0.0369262695312
413,0.0422668457031
414,0.0426940917969
415,0.0472717285156
416,0.0489196777344
417,0.0452270507812
418,0.0497741699219
419,0.0342102050781
420,0.0360717773438
421,0.0408020019531
422,0.0394592285156
423,0.0398254394531
424,0.042236328125
425,0.0476989746094
426,0.0494995117188
427,0.0379333496094
428,0.0438842773438
429,0.0435791015625
430,0.0444641113281
431,0.0564880371094
432,0.0469055175781
433,0.0513305664062
434,0.0507202148438
435,0.0411376953125
436,0.0412902832031
437,0.0523986816406
438,0.0522155761719
439,0.0509338378906
440,0.0547790527344
441,0.0603332519531
442,0.0481262207031
443,0.0362243652344
444,0.035888671875
445,0.0557250976562
446,0.0618896484375
447,0.0620422363281
448,0.05859375
449,0.0513610839844
450,0.0575561523438
451,0.0420532226562
452,0.0465698242188
453,0.0439147949219
454,0.0409545898438
455,0.048095703125
456,0.0417175292969
457,0.0400085449219
458,0.0408630371094
459,0.0475463867188
460,0.0475158691406
461,0.0504150390625
462,0.0571899414062
463,0.0526123046875
464,0.0514221191406
465,0.0545043945312
466,0.0530090332031
467,0.0436096191406
468,0.0480041503906
469,0.0541687011719
470,0.045166015625
471,0.0460815429688
472,0.0445556640625
473,0.0440368652344
474,0.0417175292969
475,0.0396423339844
476,0.0431213378906
477,0.0440979003906
478,0.0525512695312
479,0.0497741699219
480,0.0465087890625
481,0.0626220703125
482,0.0694580078125
483,0.0418701171875
484,0.0429382324219
485,0.0400085449219
486,0.0426025390625
487,0.0436706542969
488,0.0406188964844
489,0.0459289550781
490,0.0437316894531
491,0.0340576171875
492,0.0422058105469
493,0.0466918945312
494,0.0442810058594
495,0.0497741699219
496,0.0482482910156
497,0.0474243164062
498,0.0462036132812
499,0.0365600585938
500,0.0356140136719
501,0.0377197265625
502,0.03759765625
503,0.0408630371094
504,0.038330078125
505,0.0377502441406
506,0.0393676757812
507,0.0461120605469
508,0.0513916015625
509,0.0518188476562
510,0.0499572753906
511,0.0482177734375
512,0.0553588867188
513,0.0479431152344
514,0.0446166992188
515,0.0347595214844
516,0.0475158691406
517,0.0508422851562
518,0.0480041503906
519,0.0477600097656
520,0.0501098632812
521,0.0455627441406
522,0.0474548339844
523,0.0356140136719
524,0.0499877929688
525,0.0436706542969
526,0.0457458496094
527,0.0450134277344
528,0.0452575683594
529,0.0425720214844
530,0.0413208007812
531,0.0352172851562
532,0.0354919433594
533,0.0346984863281
534,0.0360412597656
535,0.0476379394531
536,0.0453186035156
537,0.0476379394531
538,0.046142578125
539,0.0341186523438
540,0.0367736816406
541,0.0402526855469
542,0.040283203125
543,0.0398864746094
544,0.0387878417969
545,0.0396118164062
546,0.0389709472656
547,0.0447387695312
548,0.0411682128906
549,0.0379028320312
550,0.0373840332031
551,0.037353515625
552,0.0374145507812
553,0.0387878417969
554,0.042724609375
555,0.0333251953125
556,0.0375061035156
557,0.0362548828125
558,0.0380554199219
559,0.0363464355469
560,0.035400390625
561,0.0359191894531
562,0.0491027832031
563,0.0393981933594
564,0.0346984863281
565,0.03564453125
566,0.0386657714844
567,0.0363159179688
568,0.0349731445312
569,0.0421447753906
570,0.0430908203125
571,0.0337829589844
572,0.0318603515625
573,0.0320129394531
574,0.0360717773438
575,0.0420837402344
576,0.0552673339844
577,0.0538330078125
578,0.0530090332031
579,0.0312347412109
580,0.0307006835938
581,0.0313415527344
582,0.0316467285156
583,0.0340881347656
584,0.0349426269531
585,0.0359497070312
586,0.0473022460938
587,0.034912109375
588,0.0355529785156
589,0.0347290039062
590,0.0486755371094
591,0.0482788085938
592,0.0498962402344
593,0.05029296875
594,0.0505065917969
595,0.0297393798828
596,0.0290985107422
597,0.0321044921875
598,0.0344543457031
599,0.0305480957031
600,0.0347290039062
601,0.0357360839844
602,0.0358276367188
603,0.0316772460938
604,0.0306396484375
605,0.0323486328125
606,0.0325622558594
607,0.0315246582031
608,0.0330810546875
609,0.0341186523438
610,0.0510559082031
611,0.0354309082031
612,0.0355529785156
613,0.0341186523438
614,0.0356140136719
615,0.0368041992188
616,0.0389404296875
617,0.0377807617188
618,0.0347900390625
619,0.0302429199219
620,0.0288543701172
621,0.0301208496094
622,0.0278472900391
623,0.0377807617188
624,0.0379028320312
625,0.0361633300781
626,0.0374755859375
627,0.0278930664062
628,0.0299987792969
629,0.0341186523438
630,0.0334777832031
631,0.0324096679688
632,0.0332946777344
633,0.0334167480469
634,0.0485229492188
635,0.0283050537109
636,0.0299682617188
637,0.0322570800781
638,0.0346069335938
639,0.0366516113281
640,0.0365905761719
641,0.0372314453125
642,0.0369567871094
643,0.04443359375
644,0.0362548828125
645,0.0367126464844
646,0.0360412597656
647,0.0546264648438
648,0.0526733398438
649,0.0434265136719
650,0.0575866699219
651,0.0269927978516
652,0.0284576416016
653,0.0297698974609
654,0.0288238525391
655,0.0282897949219
656,0.0261688232422
657,0.0275115966797
658,0.0275115966797
659,0.0306701660156
660,0.0272827148438
661,0.0272827148438
662,0.0274810791016
663,0.0334167480469
664,0.0347290039062
665,0.0316772460938
666,0.0376586914062
667,0.02783203125
668,0.0294952392578
669,0.0298919677734
670,0.031494140625
671,0.0303802490234
672,0.0304718017578
673,0.0343933105469
674,0.0322265625
675,0.028076171875
676,0.0270385742188
677,0.0267944335938
678,0.0263977050781
679,0.0295715332031
680,0.0343933105469
681,0.0307312011719
682,0.0323486328125
683,0.0283355712891
684,0.0410461425781
685,0.0425415039062
686,0.0441284179688
687,0.0458984375
688,0.0479736328125
689,0.0494689941406
690,0.0483093261719
691,0.0271453857422
692,0.0388488769531
693,0.0359497070312
694,0.0339965820312
695,0.0348205566406
696,0.0345458984375
697,0.0359802246094
698,0.0377197265625
699,0.0266723632812
700,0.0374755859375
701,0.0386962890625
702,0.0386352539062
703,0.0541381835938
704,0.0538635253906
705,0.0539855957031
706,0.0460815429688
707,0.0304107666016
708,0.0393371582031
709,0.0377502441406
710,0.0360412597656
711,0.0392761230469
712,0.0384521484375
713,0.0418395996094
714,0.0414123535156
715,0.0292663574219
716,0.0328979492188
717,0.03369140625
718,0.034423828125
719,0.0411987304688
720,0.0361328125
721,0.0390625
722,0.0341186523438
723,0.0308074951172
724,0.0328369140625
725,0.0351257324219
726,0.0376586914062
727,0.0360107421875
728,0.0378112792969
729,0.0358276367188
730,0.0367736816406
731,0.0305786132812
732,0.0361633300781
733,0.041748046875
734,0.0402221679688
735,0.0406494140625
736,0.0385437011719
737,0.0527038574219
738,0.0564270019531
739,0.0291137695312
740,0.0301208496094
741,0.0331115722656
742,0.0346069335938
743,0.0341186523438
744,0.03271484375
745,0.0349426269531
746,0.0318908691406
747,0.0277709960938
748,0.0365600585938
749,0.0390930175781
750,0.0422973632812
751,0.0472717285156
752,0.0468139648438
753,0.046875
754,0.0414428710938
755,0.0305328369141
756,0.0308685302734
757,0.03125
758,0.0305786132812
759,0.032470703125
760,0.0326232910156
761,0.0321044921875
762,0.0353393554688
763,0.0276794433594
764,0.0305786132812
765,0.0313720703125
766,0.0357360839844
767,0.0409240722656
768,0.0355529785156
769,0.0351257324219
770,0.0375671386719
771,0.0313110351562
772,0.0337524414062
773,0.0336303710938
774,0.0327758789062
775,0.0444030761719
776,0.0423278808594
777,0.039794921875
778,0.0431823730469
779,0.0295562744141
780,0.032470703125
781,0.0333251953125
782,0.0353393554688
783,0.0478820800781
784,0.0435180664062
786,0.0399475097656
787,0.0400085449219
788,0.0282440185547
789,0.0296630859375
790,0.0326843261719
791,0.0328979492188
792,0.0369873046875
793,0.0374145507812
794,0.0348205566406
795,0.0349426269531
796,0.0317077636719
797,0.0316467285156
798,0.0374755859375
799,0.0375366210938
800,0.0370483398438
801,0.0348815917969
802,0.0377502441406
803,0.0390319824219
804,0.0294799804688
805,0.0331726074219
806,0.0330200195312
807,0.0321350097656
808,0.0409545898438
809,0.0405578613281
810,0.0414733886719
811,0.0416564941406
812,0.0275573730469
813,0.0305328369141
814,0.0304565429688
815,0.0441589355469
816,0.0445861816406
817,0.0442810058594
818,0.0437622070312
819,0.050048828125
820,0.0390625
821,0.0390930175781
822,0.0466918945312
823,0.0439147949219
824,0.0465393066406
825,0.0455627441406
826,0.0458679199219
827,0.0451049804688
828,0.0325927734375
829,0.0338439941406
830,0.0365295410156
831,0.0396728515625
832,0.0380249023438
833,0.0403747558594
834,0.0549621582031
835,0.0552978515625
836,0.0313110351562
837,0.035400390625
838,0.0471496582031
839,0.0591430664062
840,0.0553588867188
841,0.0552062988281
842,0.046875
843,0.0465698242188
844,0.0258941650391
845,0.0287017822266
846,0.0293273925781
847,0.0310974121094
848,0.0333557128906
849,0.0365295410156
850,0.0417175292969
851,0.0420227050781
852,0.0270538330078
853,0.0303955078125
854,0.029541015625
855,0.0306091308594
856,0.0319213867188
857,0.0317687988281
858,0.0397644042969
859,0.0396118164062
860,0.0263519287109
861,0.0292510986328
862,0.0294342041016
863,0.0322570800781
864,0.0348815917969
865,0.0355834960938
866,0.0352783203125
867,0.0341491699219
868,0.0401000976562
869,0.0357055664062
870,0.0357055664062
871,0.0324401855469
872,0.034423828125
873,0.0365905761719
874,0.0403137207031
875,0.0396118164062
876,0.0361938476562
877,0.0378723144531
878,0.0376892089844
879,0.0361022949219
880,0.0346984863281
881,0.0403747558594
882,0.0370483398438
883,0.0380554199219
884,0.0328063964844
885,0.0341796875
886,0.0330505371094
887,0.0401000976562
888,0.0369567871094
889,0.0364685058594
890,0.0362243652344
891,0.0355834960938
892,0.0295715332031
893,0.0321350097656
894,0.0336303710938
895,0.03369140625
896,0.0360717773438
897,0.0308837890625
898,0.0349426269531
899,0.0363159179688
900,0.0276184082031
901,0.0299224853516
902,0.0302581787109
903,0.0289611816406
904,0.0287780761719
905,0.0305328369141
906,0.0305328369141
907,0.0335083007812
908,0.0268859863281
909,0.0334167480469
910,0.0304412841797
911,0.0306549072266
912,0.0314636230469
913,0.0323791503906
914,0.03271484375
915,0.0478515625
916,0.0329895019531
917,0.0350952148438
918,0.0470886230469
919,0.0425720214844
920,0.0408935546875
921,0.0401306152344
922,0.0403442382812
923,0.0400695800781
924,0.0265197753906
925,0.0293731689453
926,0.0298767089844
927,0.0281677246094
928,0.0380249023438
929,0.0463256835938
930,0.0388488769531
931,0.04345703125
932,0.0254821777344
933,0.0277557373047
934,0.0282592773438
935,0.0286712646484
936,0.039306640625
937,0.0343933105469
938,0.033447265625
939,0.0416259765625
940,0.0274505615234
941,0.0555419921875
942,0.0561828613281
943,0.0534973144531
944,0.0625610351562
945,0.0621337890625
946,0.0531616210938
947,0.0538940429688
948,0.0397338867188
949,0.0387878417969
950,0.03564453125
951,0.0362548828125
952,0.0353393554688
953,0.0355529785156
954,0.0351257324219
955,0.0341796875
956,0.0269927978516
957,0.0294189453125
958,0.0319213867188
959,0.0458679199219
960,0.0447692871094
961,0.0331726074219
962,0.0340576171875
963,0.0340881347656
964,0.0273590087891
965,0.0293121337891
966,0.0453186035156
967,0.03662109375
968,0.0442810058594
969,0.0423278808594
970,0.0428466796875
971,0.0450134277344
972,0.0309295654297
973,0.0383911132812
974,0.0369873046875
975,0.0369262695312
976,0.035888671875
977,0.0381774902344
978,0.0367126464844
979,0.0350036621094
980,0.0320129394531
981,0.0335083007812
982,0.034912109375
983,0.033935546875
984,0.03369140625
985,0.0396728515625
986,0.0407409667969
987,0.0295867919922
988,0.026611328125
989,0.0278472900391
990,0.0284118652344
991,0.0281066894531
992,0.0272521972656
993,0.026611328125
994,0.0333557128906
995,0.0323181152344
996,0.0261383056641
997,0.0314025878906
998,0.0404052734375
999,0.0415649414062
1000,0.0417785644531
1001,0.041259765625
1002,0.0434875488281
1003,0.0440979003906
1004,0.0326232910156
1005,0.0331115722656
1006,0.0359191894531
1007,0.0363159179688
1008,0.0350036621094
1009,0.0307006835938
1010,0.0405883789062
1011,0.0412292480469
1012,0.0247497558594
1013,0.0389099121094
1014,0.0382995605469
1015,0.0408325195312
1016,0.0375671386719
1017,0.0360107421875
1018,0.0362854003906
1019,0.0354614257812
1020,0.0314025878906
1021,0.0315551757812
1022,0.0328369140625
1023,0.03857421875
1024,0.0377502441406
1025,0.0486145019531
1026,0.039306640625
1027,0.0386657714844
1028,0.0245056152344
1029,0.0259857177734
1030,0.0279693603516
1031,0.0288238525391
1032,0.0267639160156
1033,0.0266723632812
1034,0.0279388427734
1035,0.0290069580078
1036,0.0255279541016
1037,0.0271759033203
1038,0.0294494628906
1039,0.0306396484375
1040,0.0301666259766
1041,0.0287780761719
1042,0.03759765625
1043,0.0377502441406
1044,0.0267333984375
1045,0.0277862548828
1046,0.0275726318359
1047,0.029052734375
1048,0.0289001464844
1049,0.0277862548828
1050,0.0289611816406
1051,0.0287628173828
1052,0.0376281738281
1053,0.0393371582031
1054,0.0397033691406
1055,0.0394897460938
1056,0.037841796875
1057,0.0376586914062
1058,0.0446472167969
1059,0.044921875
1060,0.0341491699219
1061,0.0531616210938
1062,0.0436096191406
1063,0.100646972656
1064,0.102722167969
1065,0.101379394531
1066,0.100463867188
1067,0.0994262695312
1068,0.024658203125
1069,0.0255126953125
1070,0.0282287597656
1071,0.0276336669922
1072,0.0481872558594
1073,0.0423278808594
1074,0.0435791015625
1075,0.0375671386719
1076,0.0270385742188
1077,0.0282745361328
1078,0.0330505371094
1079,0.0332946777344
1080,0.0316772460938
1081,0.0331115722656
1082,0.0325317382812
1083,0.0310516357422
1084,0.0226898193359
1085,0.0249786376953
1086,0.0247650146484
1087,0.0247192382812
1088,0.0312347412109
1089,0.0365295410156
1090,0.0342407226562
1091,0.0351257324219
1092,0.0301208496094
1093,0.0281982421875
1094,0.0277099609375
1095,0.0274047851562
1096,0.0288391113281
1097,0.0255432128906
1098,0.0272369384766
1099,0.0337524414062
1100,0.0243225097656
1101,0.0283813476562
1102,0.0369567871094
1103,0.0312194824219
1104,0.0323181152344
1105,0.0376892089844
1106,0.0376892089844
1107,0.0345153808594
1108,0.0245361328125
1109,0.0283966064453
1110,0.0289916992188
1111,0.0287780761719
1112,0.0286102294922
1113,0.0285034179688
1114,0.0295867919922
1115,0.0308227539062
1116,0.0265502929688
1117,0.02783203125
1118,0.0281372070312
1119,0.0279235839844
1120,0.0360107421875
1121,0.0365600585938
1122,0.0404052734375
1123,0.0363159179688
1124,0.0211639404297
1125,0.02490234375
1126,0.0250091552734
1127,0.0241851806641
1128,0.0237274169922
1129,0.0418701171875
1130,0.0420837402344
1131,0.0416259765625
1132,0.0225219726562
1133,0.0223083496094
1134,0.0245971679688
1135,0.0252990722656
1136,0.0248870849609
1137,0.0246734619141
1138,0.0267181396484
1139,0.0240173339844
1140,0.0264739990234
1141,0.0264892578125
1142,0.0262756347656
1143,0.0259552001953
1144,0.0228118896484
1145,0.0233154296875
1146,0.0303497314453
1147,0.0291442871094
1148,0.0249938964844
1149,0.0249938964844
1150,0.0302734375
1151,0.0303802490234
1152,0.0307769775391
1153,0.0373229980469
1154,0.034423828125
1155,0.0434875488281
1156,0.039794921875
1157,0.0387573242188
1158,0.0383911132812
1159,0.0399780273438
1160,0.0394897460938
1161,0.0399169921875
1162,0.0386657714844
1163,0.0502014160156
1164,0.0308074951172
1165,0.0360412597656
1166,0.0355224609375
1167,0.0340881347656
1168,0.0364074707031
1169,0.0356750488281
1170,0.0354919433594
1171,0.0348205566406
1172,0.0234527587891
1173,0.0225982666016
1174,0.0230407714844
1175,0.0225219726562
1176,0.0227966308594
1177,0.0229644775391
1178,0.0457763671875
1179,0.0399475097656
1180,0.0252227783203
1181,0.025390625
1182,0.0255737304688
1183,0.0243072509766
1184,0.0239868164062
1185,0.0243225097656
1186,0.0239562988281
1187,0.0271759033203
1188,0.0247650146484
1189,0.0241394042969
1190,0.0241394042969
1191,0.0255126953125
1192,0.0263214111328
1193,0.0382080078125
1194,0.0346984863281
1195,0.0322875976562
1196,0.0250244140625
1197,0.0246734619141
1198,0.0256958007812
1199,0.0302581787109
1200,0.0291595458984
1201,0.0293884277344
1202,0.0293273925781
1203,0.0293426513672
1204,0.0253753662109
1205,0.0251617431641
1206,0.0250701904297
1207,0.0231170654297
1208,0.043701171875
1209,0.043701171875
1210,0.0417175292969
1211,0.044677734375
1212,0.0309906005859
1213,0.0328979492188
1214,0.032470703125
1215,0.0306549072266
1216,0.0312194824219
1217,0.031005859375
1218,0.0436096191406
1219,0.0431518554688
1220,0.0369873046875
1221,0.0365905761719
1222,0.0319213867188
1223,0.0319213867188
1224,0.0322570800781
1225,0.0344543457031
1226,0.0338134765625
1227,0.0335998535156
1228,0.0295104980469
1229,0.0298614501953
1230,0.0287933349609
1231,0.0292205810547
1232,0.0295562744141
1233,0.0303649902344
1234,0.0281982421875
1235,0.0286865234375
1236,0.0359191894531
1237,0.0356750488281
1238,0.0367126464844
1239,0.0362854003906
1240,0.0354614257812
1241,0.0346984863281
1242,0.0359802246094
1243,0.0353393554688
1244,0.0273742675781
1245,0.03271484375
1246,0.0312805175781
1247,0.0310821533203
1248,0.0307769775391
1249,0.0460510253906
1250,0.0455627441406
1251,0.0469360351562
1252,0.029541015625
1253,0.0279083251953
1254,0.0275268554688
1255,0.037109375
1256,0.0368957519531
1257,0.0472717285156
1258,0.0525207519531
1259,0.0589294433594
1260,0.0292510986328
1261,0.0251922607422
1262,0.0346984863281
1263,0.0342712402344
1264,0.0330200195312
1265,0.0326232910156
1266,0.0335998535156
1267,0.0368041992188
1268,0.0274810791016
1269,0.0359497070312
1270,0.0351867675781
1271,0.0344848632812
1272,0.0342407226562
1273,0.0394897460938
1274,0.0392761230469
1275,0.0412292480469
1276,0.026123046875
1277,0.0377502441406
1278,0.0314331054688
1279,0.0312194824219
1280,0.0310211181641
1281,0.0308074951172
1282,0.0301666259766
1283,0.0302276611328
1284,0.0279388427734
1285,0.0267486572266
1286,0.0258941650391
1287,0.0277252197266
1288,0.0289001464844
1289,0.0316772460938
1290,0.0316772460938
1291,0.0305633544922
1292,0.0260009765625
1293,0.0255737304688
1294,0.0310211181641
1295,0.0296936035156
1296,0.0293579101562
1297,0.0291442871094
1298,0.0289306640625
1299,0.0449829101562
1300,0.0260925292969
1301,0.02587890625
1302,0.0275268554688
1303,0.0273132324219
1304,0.0267791748047
1305,0.0361938476562
1306,0.0364074707031
1307,0.0361938476562
1308,0.0440979003906
1309,0.0502319335938
1310,0.0508422851562
1311,0.0509643554688
1312,0.0559692382812
1313,0.0698852539062
1314,0.0663452148438
1315,0.0665893554688
1316,0.0260009765625
1317,0.0252990722656
1318,0.0254821777344
1319,0.0272216796875
1320,0.0312194824219
1321,0.0323791503906
1322,0.0335998535156
1323,0.0395812988281
1324,0.0270080566406
1325,0.0270843505859
1326,0.0306549072266
1327,0.0304412841797
1328,0.0298156738281
1329,0.0337219238281
1330,0.0384826660156
1331,0.0361328125
1332,0.0262756347656
1333,0.0262603759766
1334,0.0483093261719
1335,0.0489196777344
1336,0.0486145019531
1337,0.0462646484375
1338,0.0491943359375
1339,0.0487670898438
1340,0.0258178710938
1341,0.0361938476562
1342,0.0325012207031
1343,0.0321044921875
1344,0.0318908691406
1345,0.0327453613281
1346,0.0312805175781
1347,0.0328063964844
1348,0.0273742675781
1349,0.036376953125
1350,0.0325622558594
1351,0.032470703125
1352,0.0309448242188
1353,0.0313720703125
1354,0.0299682617188
1355,0.0296325683594
1356,0.0377807617188
1357,0.0433654785156
1358,0.0379333496094
1359,0.0361938476562
1360,0.0380249023438
1361,0.03759765625
1362,0.0311431884766
1363,0.0309295654297
1364,0.0284881591797
1365,0.0414733886719
1366,0.0298156738281
1367,0.0305938720703
1368,0.0348815917969
1369,0.0318298339844
1370,0.0304565429688
1371,0.0313415527344
1372,0.0313720703125
1373,0.0466003417969
1374,0.0440673828125
1375,0.0444641113281
1376,0.0414428710938
1377,0.0412292480469
1378,0.0411376953125
1379,0.0409240722656
1380,0.0276336669922
1381,0.0308532714844
1382,0.0293121337891
1383,0.0330505371094
1384,0.0421142578125
1385,0.0406188964844
1386,0.0399475097656
1387,0.0404052734375
1388,0.0269470214844
1389,0.0263061523438
1390,0.0321350097656
1391,0.0321350097656
1392,0.0310211181641
1393,0.0316162109375
1394,0.0294189453125
1395,0.0294189453125
1396,0.0305480957031
1397,0.0303802490234
1398,0.0303802490234
1399,0.0304718017578
1400,0.0287475585938
1401,0.033935546875
1402,0.0333251953125
1403,0.0332641601562
1404,0.0296936035156
1405,0.0292663574219
1406,0.029052734375
1407,0.0282287597656
1408,0.0289154052734
1409,0.0285339355469
1410,0.0322570800781
1411,0.0331115722656
1412,0.0300750732422
1413,0.0360107421875
1414,0.0355834960938
1415,0.03515625
1416,0.0356140136719
1417,0.0350341796875
1418,0.0348205566406
1419,0.0346069335938
1420,0.03125
1421,0.0305023193359
1422,0.0318603515625
1423,0.0491943359375
1424,0.0515747070312
1425,0.0502319335938
1426,0.0491027832031
1427,0.0494995117188
1428,0.0314025878906
1429,0.0305633544922
1430,0.0306701660156
1431,0.0624084472656
1432,0.0626831054688
1433,0.0599060058594
1434,0.0704956054688
1435,0.0696411132812
1436,0.0316162109375
1437,0.0318908691406
1438,0.0348205566406
1439,0.0318908691406
1440,0.0286407470703
1441,0.0287475585938
1442,0.0282440185547
1443,0.0308837890625
1444,0.032958984375
1445,0.0325622558594
1446,0.0364074707031
1447,0.0359497070312
1448,0.0352783203125
1449,0.0398864746094
1450,0.0396728515625
1451,0.0379333496094
1452,0.0309906005859
1453,0.0304870605469
1454,0.0294342041016
1455,0.0303802490234
1456,0.0310516357422
1457,0.0301361083984
1458,0.0294952392578
1459,0.0312042236328
1460,0.0308990478516
1461,0.0298309326172
1462,0.0553588867188
1463,0.0531311035156
1464,0.0522766113281
1465,0.0522766113281
1466,0.0497131347656
1467,0.0498962402344
1468,0.0469970703125
1469,0.0463562011719
1470,0.0523986816406
1471,0.0508728027344
1472,0.0502624511719
1473,0.0511169433594
1474,0.0482788085938
1475,0.0515747070312
1476,0.0313110351562
1477,0.0350341796875
1478,0.0339660644531
1479,0.0341491699219
1480,0.0337829589844
1481,0.0425720214844
1482,0.0380249023438
1483,0.0466613769531
1484,0.0323791503906
1485,0.0321655273438
1486,0.0317687988281
1487,0.0311279296875
1488,0.0312805175781
1489,0.032958984375
1490,0.0332336425781
1491,0.0332336425781
1492,0.0320434570312
1493,0.0320434570312
1494,0.0417175292969
1495,0.0410766601562
1496,0.041259765625
1497,0.0397033691406
1498,0.0414428710938
1499,0.0423583984375
1500,0.0296936035156
1501,0.03466796875
1502,0.0340270996094
1503,0.0331420898438
1504,0.0332336425781
1505,0.0337829589844
1506,0.0328369140625
1507,0.0326232910156
1508,0.0288238525391
1509,0.0280303955078
1510,0.0285491943359
1511,0.0304260253906
1512,0.0300598144531
1513,0.0298461914062
1514,0.0336608886719
1515,0.0474853515625
1516,0.0299224853516
1517,0.0326538085938
1518,0.0347900390625
1519,0.0337219238281
1520,0.0331420898438
1521,0.0316162109375
1522,0.0315856933594
1523,0.0419311523438
1524,0.0611572265625
1525,0.0442810058594
1526,0.0560302734375
1527,0.0557556152344
1528,0.0553588867188
1529,0.0651245117188
1530,0.0653686523438
1531,0.064697265625
1532,0.0308990478516
1533,0.0298461914062
1534,0.0298461914062
1535,0.0292053222656
1536,0.0325622558594
1537,0.0391540527344
1538,0.0389404296875
1539,0.0379638671875
1540,0.0550842285156
1541,0.0538330078125
1542,0.0515441894531
1543,0.0512390136719
1544,0.0511779785156
1545,0.0505676269531
1546,0.0506896972656
1547,0.0499877929688
1548,0.0322875976562
1549,0.0298309326172
1550,0.0292053222656
1551,0.02880859375
1552,0.0279693603516
1553,0.0306854248047
1554,0.0304718017578
1555,0.0314331054688
1556,0.0309753417969
1557,0.0321350097656
1558,0.0334167480469
1559,0.0386962890625
1560,0.0375671386719
1561,0.035888671875
1562,0.0352783203125
1563,0.0370178222656
38319,0.0490417480469
38320,0.0490417480469
38322,0.0490417480469
38323,0.0490417480469
38324,0.0493469238281
38325,0.0493469238281
38326,0.0493469238281
38327,0.0493469238281
38328,0.0493469238281
38329,0.0493469238281
38330,0.0493469238281
38331,0.0493469238281
38332,0.0491333007812
38333,0.0491333007812
38334,0.0491333007812
38335,0.0491333007812
38336,0.0491333007812
38337,0.0491333007812
38338,0.0491333007812
38339,0.0911254882812
38340,0.048828125
38341,0.048828125
38342,0.048828125
38343,0.048828125
38344,0.0728759765625
38345,0.0728759765625
38346,0.0728759765625
38347,0.0728759765625
38348,0.0489807128906
38349,0.0489807128906
38350,0.0489807128906
38351,0.0489807128906
38352,0.0489807128906
38353,0.0489807128906
38354,0.0489807128906
38355,0.0489807128906
38356,0.048828125
38357,0.048828125
38358,0.048828125
38359,0.048828125
38360,0.048828125
38361,0.048828125
38362,0.048828125
38363,0.048828125
38364,0.0490417480469
38365,0.0621337890625
38366,0.0621337890625
38367,0.0621337890625
38368,0.0621337890625
38369,0.0621337890625
38370,0.05810546875
38371,0.05810546875
38372,0.0492553710938
38373,0.0626831054688
38374,0.0626831054688
38375,0.0626831054688
38376,0.0626831054688
38377,0.0626831054688
38378,0.0626831054688
38379,0.0626831054688
38380,0.0492858886719
38381,0.0496215820312
38382,0.0836181640625
38383,0.0836181640625
38384,0.0836181640625
38385,0.0836181640625
38386,0.0836181640625
38387,0.0836181640625
38388,0.0497436523438
38389,0.0497436523438
38390,0.0497436523438
38391,0.0497436523438
38392,0.0497436523438
38393,0.0626220703125
38394,0.0626220703125
38395,0.0626220703125
38396,0.0496215820312
38397,0.0496215820312
38398,0.0496215820312
38399,0.0496215820312
38400,0.0496215820312
38401,0.0496215820312
38402,0.0496215820312
38403,0.0496215820312
38404,0.0497131347656
38405,0.0497131347656
38406,0.0497131347656
38407,0.0497131347656
38408,0.0497131347656
38409,0.0497131347656
38410,0.0497131347656
38411,0.0497131347656
38412,0.049072265625
38413,0.049072265625
38414,0.049072265625
38415,0.049072265625
38416,0.049072265625
38417,0.049072265625
38418,0.049072265625
38419,0.049072265625
38420,0.0488586425781
38421,0.0488586425781
38422,0.0488586425781
38423,0.0488586425781
38424,0.0488586425781
38425,0.0488586425781
38426,0.0488586425781
38427,0.0491943359375
38428,0.0488586425781
38429,0.0488586425781
38430,0.0488586425781
38431,0.0488586425781
38432,0.0488586425781
38433,0.0488586425781
38434,0.0488586425781
38435,0.0488586425781
38436,0.0491027832031
38437,0.050048828125
38438,0.050048828125
38439,0.050048828125
38440,0.050048828125
38441,0.050048828125
38442,0.050048828125
38443,0.050048828125
38444,0.0491027832031
38445,0.0491027832031
38446,0.0784301757812
38447,0.0784301757812
38448,0.070556640625
38449,0.070556640625
38450,0.0709228515625
38451,0.0709228515625
38452,0.049072265625
38453,0.049072265625
38454,0.049072265625
38455,0.049072265625
38456,0.0692749023438
38457,0.0692749023438
38458,0.0692749023438
38459,0.0692749023438
38460,0.0487060546875
38461,0.0487060546875
38462,0.0487060546875
38463,0.0487060546875
38464,0.0487060546875
38465,0.0487060546875
38466,0.0487060546875
38467,0.0487060546875
38468,0.0487670898438
38469,0.0487670898438
38470,0.0487670898438
38471,0.0487670898438
38472,0.0487670898438
38473,0.0549621582031
38474,0.0549621582031
38475,0.0549621582031
38476,0.0484924316406
38477,0.0484924316406
38478,0.0484924316406
38479,0.0484924316406
38480,0.048828125
38481,0.048828125
38482,0.048828125
38483,0.0484924316406
38484,0.0490112304688
38485,0.0490112304688
38486,0.0490112304688
38487,0.0490112304688
38488,0.0490112304688
38489,0.0485534667969
38490,0.0485534667969
38491,0.0485534667969
38492,0.0489501953125
38493,0.0489501953125
38494,0.0489501953125
38495,0.0489501953125
38496,0.0489501953125
38497,0.0489501953125
38498,0.0513000488281
38499,0.0513000488281
38500,0.0492248535156
38501,0.0492248535156
38502,0.0790405273438
38503,0.0790405273438
38504,0.0790405273438
38505,0.0790405273438
38506,0.0790405273438
38507,0.0790405273438
38508,0.0488891601562
38509,0.0488891601562
38510,0.0488891601562
38511,0.0488891601562
38512,0.0488891601562
38513,0.0488891601562
38514,0.0488891601562
38515,0.0488891601562
38516,0.0490112304688
38517,0.0490112304688
38518,0.0490112304688
38519,0.0490112304688
38520,0.0490112304688
38521,0.0490112304688
38522,0.0490112304688
38523,0.0490112304688
38524,0.0491943359375
38525,0.0564880371094
38526,0.0564880371094
38527,0.0564880371094
38528,0.0564880371094
38529,0.0564880371094
38530,0.0564880371094
38531,0.0564880371094
38532,0.0492858886719
38533,0.0492858886719
38534,0.0492858886719
38535,0.0492858886719
38536,0.0492858886719
38537,0.0492858886719
38538,0.0492858886719
38539,0.0492858886719
38540,0.0492858886719
38541,0.0492858886719
38542,0.0492858886719
38543,0.0492858886719
38544,0.0492858886719
38545,0.0503540039062
38546,0.0500793457031
38547,0.0500793457031
38548,0.0494995117188
38549,0.0494995117188
38550,0.0494995117188
38551,0.0494995117188
38552,0.0494995117188
38553,0.0494995117188
38554,0.0494995117188
38555,0.0494995117188
38556,0.0494995117188
38557,0.0494995117188
38558,0.0498352050781
38559,0.0498352050781
38560,0.0498352050781
38561,0.0498352050781
38562,0.0501098632812
38563,0.0494384765625
38564,0.049560546875
38565,0.049560546875
38566,0.049560546875
38567,0.049560546875
38568,0.049560546875
38569,0.049560546875
38570,0.049560546875
38571,0.049560546875
38572,0.049560546875
38573,0.049560546875
38574,0.049560546875
38575,0.0555419921875
38576,0.0555419921875
38577,0.0555419921875
38578,0.0555419921875
38579,0.0555419921875
38580,0.049560546875
38581,0.049560546875
38582,0.049560546875
38583,0.049560546875
38584,0.049560546875
38585,0.049560546875
38586,0.049560546875
38587,0.049560546875
38588,0.049560546875
38589,0.049560546875
38590,0.049560546875
38591,0.049560546875
38592,0.049560546875
38593,0.049560546875
38594,0.0498962402344
38595,0.0498962402344
38596,0.0494689941406
38597,0.0494689941406
38598,0.0494689941406
38599,0.0494689941406
38600,0.0494689941406
38601,0.0494689941406
38602,0.0494689941406
38603,0.0494689941406
38604,0.0494689941406
38605,0.0494689941406
38606,0.0498046875
38607,0.0512084960938
38608,0.0512084960938
38609,0.0512084960938
38610,0.0512084960938
38611,0.0512084960938
38612,0.0494689941406
38613,0.0494689941406
38614,0.0494689941406
38615,0.0494689941406
38616,0.0494689941406
38617,0.0494689941406
38618,0.0494689941406
38619,0.0494689941406
38620,0.0492553710938
38621,0.0492553710938
38622,0.0492553710938
38623,0.0492553710938
38624,0.0492553710938
38625,0.0492553710938
38626,0.0492553710938
38627,0.0492553710938
38628,0.0492553710938
38629,0.0492553710938
38630,0.0492553710938
38631,0.0492553710938
38632,0.0492553710938
38633,0.0492553710938
38634,0.0492553710938
38635,0.0492553710938
38636,0.0486145019531
38637,0.0486145019531
38638,0.0486145019531
38639,0.0486145019531
38640,0.0486145019531
38641,0.0486145019531
38642,0.0486145019531
38643,0.0486145019531
38644,0.0484008789062
38645,0.0484008789062
38646,0.0484008789062
38647,0.0484008789062
38648,0.0484008789062
38649,0.0502319335938
38650,0.0502319335938
38651,0.0502319335938
38652,0.0484619140625
38653,0.0484619140625
38654,0.0484619140625
38655,0.0484619140625
38656,0.0484619140625
38657,0.0484619140625
38658,0.0484619140625
38659,0.0484619140625
38660,0.0486450195312
38661,0.0486450195312
38662,0.0486450195312
38663,0.0486450195312
38664,0.0486450195312
38665,0.0486450195312
38666,0.0486450195312
38667,0.0486450195312
38668,0.0486450195312
38669,0.0486450195312
38670,0.0486450195312
38671,0.0486450195312
38672,0.0486450195312
38673,0.0486450195312
38674,0.0486450195312
38675,0.0486450195312
38676,0.0486450195312
38677,0.0486450195312
38678,0.0486450195312
38679,0.0486450195312
38680,0.0486450195312
38681,0.0486450195312
38682,0.0486450195312
38683,0.0486450195312
38684,0.0488891601562
38685,0.0488891601562
38686,0.0488891601562
38687,0.0488891601562
38688,0.0488891601562
38689,0.0488891601562
38690,0.0488891601562
38691,0.0488891601562
38692,0.0486450195312
38693,0.0486450195312
38694,0.0486450195312
38695,0.0489807128906
38696,0.0489807128906
38697,0.0489807128906
38698,0.0489807128906
38699,0.0489807128906
38700,0.0486755371094
38701,0.0486755371094
38702,0.0541687011719
38703,0.0541687011719
38704,0.0541687011719
38705,0.0541687011719
38706,0.0541687011719
38707,0.0541687011719
38708,0.0483703613281
38709,0.0483703613281
38710,0.0483703613281
38711,0.0483703613281
38712,0.0483703613281
38713,0.0483703613281
38714,0.0483703613281
38715,0.0483703613281
38716,0.04833984375
38717,0.04833984375
38718,0.04833984375
38719,0.04833984375
38720,0.04833984375
38721,0.04833984375
38722,0.04833984375
38723,0.04833984375
38724,0.04833984375
38725,0.04833984375
38726,0.04833984375
38727,0.04833984375
38728,0.04833984375
38729,0.0486755371094
38730,0.0486755371094
38731,0.0486755371094
38732,0.04833984375
38733,0.04833984375
38734,0.04833984375
38735,0.04833984375
38736,0.04833984375
38737,0.04833984375
38738,0.04833984375
38739,0.04833984375
38740,0.0487670898438
38741,0.0487670898438
38742,0.0487670898438
38743,0.0487670898438
38744,0.0487670898438
38745,0.0487670898438
38746,0.0487670898438
38747,0.0487670898438
38748,0.0487670898438
38749,0.0487670898438
38750,0.0487670898438
38751,0.0487670898438
38752,0.0487670898438
38753,0.0487670898438
38754,0.0487670898438
38755,0.0487670898438
38756,0.0490417480469
38757,0.0490417480469
38758,0.0490417480469
38759,0.0490417480469
38760,0.0490417480469
38761,0.0490417480469
38762,0.0490417480469
38763,0.0490417480469
38764,0.04931640625
38765,0.04931640625
38766,0.04931640625
38767,0.04931640625
38768,0.04931640625
38769,0.04931640625
38770,0.04931640625
38771,0.04931640625
38772,0.0493469238281
38773,0.0493469238281
38774,0.0493469238281
38775,0.0493469238281
38776,0.0493469238281
38777,0.0493469238281
38778,0.0493469238281
38779,0.0493469238281
38780,0.08447265625
38781,0.08447265625
38782,0.08447265625
38783,0.08447265625
38784,0.08447265625
38785,0.08447265625
38786,0.08447265625
38787,0.08251953125
38788,0.0493774414062
38789,0.0493774414062
38790,0.0493774414062
38791,0.0493774414062
38792,0.0493774414062
38793,0.0493774414062
38794,0.0493774414062
38795,0.0493774414062
38796,0.0553588867188
38797,0.0553588867188
38798,0.0553588867188
38799,0.0553588867188
38800,0.0553588867188
38801,0.0553588867188
38802,0.0553588867188
38803,0.0553588867188
38804,0.05078125
38805,0.05078125
38806,0.0521240234375
38807,0.0521240234375
38808,0.0521240234375
38809,0.0521240234375
38810,0.0521240234375
38811,0.0521240234375
38812,0.0491333007812
38813,0.0491333007812
38814,0.0491333007812
38815,0.0491333007812
38816,0.0491333007812
38817,0.0491333007812
38818,0.0491333007812
38819,0.051513671875
38820,0.0491333007812
38821,0.0491333007812
38822,0.0491333007812
38823,0.0491333007812
38824,0.0491333007812
38825,0.0491333007812
38826,0.098876953125
38827,0.098876953125
38828,0.0489501953125
38829,0.0489501953125
38830,0.0489501953125
38831,0.0489501953125
38832,0.0489501953125
38833,0.0489501953125
38834,0.0489501953125
38835,0.0489501953125
38836,0.0491333007812
38837,0.0491333007812
38838,0.0491333007812
38839,0.0491333007812
38840,0.0491333007812
38841,0.0491333007812
38842,0.0491333007812
38843,0.0813598632812
38844,0.0493469238281
38845,0.0493469238281
38846,0.0515441894531
38847,0.0648193359375
38848,0.0648193359375
38849,0.0650024414062
38850,0.072509765625
38851,0.072509765625
38852,0.0492553710938
38853,0.0492553710938
38854,0.0594787597656
38855,0.0594787597656
38856,0.0684814453125
38857,0.0684814453125
38858,0.0684814453125
38859,0.0680541992188
38860,0.0492553710938
38861,0.0492553710938
38862,0.0492553710938
38863,0.0492553710938
38864,0.0614318847656
38865,0.0614318847656
38866,0.0614318847656
38867,0.0614318847656
38868,0.0491638183594
38869,0.0491638183594
38870,0.0505065917969
38871,0.0505065917969
38872,0.0505065917969
38873,0.0505065917969
38874,0.0505065917969
38875,0.0505065917969
38876,0.0491638183594
38877,0.0491638183594
38878,0.0491638183594
38879,0.0491638183594
38880,0.0491638183594
38881,0.0491638183594
38882,0.0491638183594
38883,0.0491638183594
38884,0.0491638183594
38885,0.0491638183594
38886,0.0491638183594
38887,0.0491638183594
38888,0.0797729492188
38889,0.0797729492188
38890,0.07861328125
38891,0.07861328125
38892,0.0491027832031
38893,0.0491027832031
38894,0.0491027832031
38895,0.0491027832031
38896,0.0491027832031
38897,0.0491027832031
38898,0.0491027832031
38899,0.0491027832031
38900,0.04931640625
38901,0.04931640625
38902,0.0499877929688
38903,0.0499877929688
38904,0.0495300292969
38905,0.0495300292969
38906,0.0495300292969
38907,0.0495300292969
38908,0.0496520996094
38909,0.0496520996094
38910,0.0496520996094
38911,0.0496520996094
38912,0.0496520996094
38913,0.0496520996094
38914,0.0496520996094
38915,0.0496520996094
38916,0.0491638183594
38917,0.0511474609375
38918,0.0511474609375
38919,0.0511474609375
38920,0.0511474609375
38921,0.0511474609375
38922,0.0511474609375
38923,0.0511474609375
38924,0.0493774414062
38925,0.0493774414062
38926,0.0493774414062
38927,0.0493774414062
38928,0.0493774414062
38929,0.0493774414062
38930,0.0493774414062
38931,0.0493774414062
38932,0.0491638183594
38933,0.0491638183594
38934,0.0491638183594
38935,0.0491638183594
38936,0.0491638183594
38937,0.0491638183594
38938,0.0491638183594
38939,0.0491638183594
38940,0.0489501953125
38941,0.0489501953125
38942,0.0489501953125
38943,0.0489501953125
38944,0.0489501953125
38945,0.0489501953125
38946,0.0489501953125
38947,0.0489501953125
38948,0.0491638183594
38949,0.0491638183594
38950,0.0491638183594
38951,0.0491638183594
38952,0.0491638183594
38953,0.0491638183594
38954,0.0491638183594
38955,0.0491638183594
38956,0.0491638183594
38957,0.0491638183594
38958,0.0491638183594
38959,0.0491638183594
38960,0.0491638183594
38961,0.0491638183594
38962,0.0491638183594
38963,0.0491638183594
38964,0.0489501953125
38965,0.0698852539062
38966,0.0699462890625
38967,0.0699462890625
38968,0.0699462890625
38969,0.0699462890625
38970,0.0699462890625
38971,0.0699462890625
38972,0.0489501953125
38973,0.0489501953125
38974,0.0489501953125
38975,0.0489501953125
38976,0.0489501953125
38977,0.0489501953125
38978,0.0489501953125
38979,0.0489501953125
38980,0.0491638183594
38981,0.0491638183594
38982,0.0491638183594
38983,0.0491638183594
38984,0.0491638183594
38985,0.0494995117188
38986,0.0494995117188
38987,0.0494995117188
38988,0.0491638183594
38989,0.0491638183594
38990,0.0492248535156
38991,0.0492248535156
38992,0.0492248535156
38993,0.0492248535156
38994,0.0492248535156
38995,0.0492248535156
38996,0.0493774414062
38997,0.0493774414062
38998,0.0493774414062
38999,0.0493774414062
39000,0.0493774414062
39001,0.0493774414062
39002,0.0493774414062
39003,0.0493774414062
39004,0.0484924316406
39005,0.0484924316406
39006,0.0475769042969
39007,0.0475769042969
39008,0.0475769042969
39009,0.0571594238281
39010,0.0571594238281
39011,0.0571594238281
39012,0.0489501953125
39013,0.0489501953125
39014,0.0489501953125
39015,0.0489501953125
39016,0.0489501953125
39017,0.0489501953125
39018,0.0489501953125
39019,0.0489501953125
39020,0.0489501953125
39021,0.0489501953125
39022,0.0489501953125
39023,0.0489501953125
39024,0.0489501953125
39025,0.0489501953125
39026,0.0489501953125
39027,0.0489501953125
39028,0.0487365722656
39029,0.0487365722656
39030,0.0487365722656
39031,0.0487365722656
39032,0.0487365722656
39033,0.0487365722656
39034,0.0487365722656
39035,0.049072265625
39036,0.0489501953125
39037,0.0489501953125
39038,0.0489501953125
39039,0.0489501953125
39040,0.0489501953125
39041,0.0489501953125
39042,0.0489501953125
39043,0.0489501953125
39044,0.0487365722656
39045,0.0487365722656
39046,0.0487365722656
39047,0.0487365722656
39048,0.0487365722656
39049,0.0487365722656
39050,0.0487365722656
39051,0.0609436035156
39052,0.0487365722656
39053,0.0888671875
39054,0.0888671875
39055,0.0888671875
39056,0.0887451171875
39057,0.0887451171875
39058,0.0887451171875
39059,0.0887451171875
39060,0.0476989746094
39061,0.0476989746094
39062,0.0476989746094
39063,0.0476989746094
39064,0.0476989746094
39065,0.0591430664062
39066,0.0591430664062
39067,0.0591430664062
39068,0.0475158691406
39069,0.0475158691406
39070,0.0475158691406
39071,0.0475158691406
39072,0.0475158691406
39073,0.0475158691406
39074,0.0475158691406
39075,0.0475158691406
39076,0.0473937988281
39077,0.0473937988281
39078,0.0473937988281
39079,0.0473937988281
39080,0.0473937988281
39081,0.0473937988281
39082,0.0473937988281
39083,0.0473937988281
39084,0.0472717285156
39085,0.0472717285156
39086,0.0472717285156
39087,0.0472717285156
39088,0.0472717285156
39089,0.0472717285156
39090,0.0472717285156
39091,0.0472717285156
39092,0.0472717285156
39093,0.0472717285156
39094,0.0472717285156
39095,0.0472717285156
39096,0.0472717285156
39097,0.0472717285156
39098,0.0472717285156
39099,0.0472717285156
39100,0.0472717285156
39101,0.0472717285156
39102,0.0472717285156
39104,0.0472717285156
39105,0.0472717285156
39106,0.0472717285156
39107,0.0472717285156
39108,0.0472717285156
39109,0.0472717285156
39110,0.0472717285156
39111,0.0472717285156
39112,0.0472717285156
39113,0.0472717285156
39114,0.0472717285156
39115,0.0472717285156
39116,0.0472717285156
39117,0.0472717285156
39118,0.0472717285156
39119,0.0472717285156
39120,0.0533752441406
39121,0.0533752441406
39122,0.0533752441406
39123,0.0533752441406
39124,0.0533752441406
39125,0.0472717285156
39126,0.0472717285156
39127,0.0472717285156
39128,0.067138671875
39129,0.067138671875
39130,0.067138671875
39131,0.0675048828125
39132,0.0592651367188
39133,0.04736328125
39134,0.04736328125
39135,0.04736328125
39136,0.04736328125
39137,0.04736328125
39138,0.04736328125
39139,0.04736328125
39140,0.04736328125
39141,0.0474243164062
39142,0.0474243164062
39143,0.0474243164062
39144,0.0474243164062
39145,0.0474243164062
39146,0.0474243164062
39147,0.0474243164062
39148,0.0474243164062
39149,0.0473022460938
39150,0.0473022460938
39151,0.0473022460938
39152,0.0473022460938
39153,0.0569458007812
39154,0.0569458007812
39155,0.0569458007812
39156,0.0566101074219
39157,0.0473327636719
39158,0.0473327636719
39159,0.0473327636719
39160,0.0473327636719
39161,0.0473327636719
39162,0.0473327636719
39163,0.0476684570312
39164,0.0476684570312
39165,0.0473327636719
39166,0.0473327636719
39167,0.0473327636719
39168,0.0473327636719
39169,0.0485534667969
39170,0.0485534667969
39171,0.0485534667969
39172,0.0485534667969
39173,0.0473327636719
39174,0.0473327636719
39175,0.0473327636719
39176,0.0473327636719
39177,0.0473327636719
39178,0.0473327636719
39179,0.0473327636719
39180,0.0473327636719
39181,0.0473327636719
39182,0.0516662597656
39183,0.0516662597656
39184,0.0516662597656
39185,0.0516662597656
39186,0.0516662597656
39187,0.0516662597656
39188,0.0516662597656
39189,0.0474548339844
39190,0.0474548339844
39191,0.0474548339844
39192,0.0474548339844
39193,0.0474548339844
39194,0.0474548339844
39195,0.0474548339844
39196,0.0474548339844
39197,0.0474548339844
39198,0.0474548339844
39199,0.0474548339844
39200,0.0474548339844
39201,0.0474548339844
39202,0.0474548339844
39203,0.0520324707031
39204,0.0520324707031
39205,0.0480041503906
39206,0.0480041503906
39207,0.0480041503906
39208,0.0480041503906
39209,0.0480041503906
39210,0.0480041503906
39211,0.0480041503906
39212,0.0480041503906
39213,0.0480041503906
39214,0.0480041503906
39215,0.0480041503906
39216,0.0480041503906
39217,0.0480041503906
39218,0.0480041503906
39219,0.0480041503906
39220,0.0480041503906
39221,0.0482177734375
39222,0.0482177734375
39223,0.0482177734375
39224,0.0482177734375
39225,0.0482177734375
39226,0.0482177734375
39227,0.0482177734375
39228,0.0482177734375
39229,0.0485229492188
39230,0.0490417480469
39231,0.0490417480469
39232,0.0490417480469
39233,0.0490417480469
39234,0.0490417480469
39235,0.0490417480469
39236,0.0490417480469
39237,0.0487365722656
39238,0.0487365722656
39239,0.0487365722656
39240,0.0487365722656
39241,0.0487365722656
39242,0.0487365722656
39243,0.0487365722656
39244,0.0498046875
39245,0.0487365722656
39246,0.0487365722656
39247,0.0487365722656
39248,0.0487365722656
39249,0.0487365722656
39250,0.0487365722656
39251,0.0487365722656
39252,0.0487365722656
39253,0.0487365722656
39254,0.0487365722656
39255,0.0565185546875
39256,0.0565185546875
39257,0.0565185546875
39258,0.0565185546875
39259,0.0565185546875
39260,0.0561828613281
39261,0.0487060546875
39262,0.0490417480469
39263,0.0490417480469
39264,0.0490417480469
39265,0.0494079589844
39266,0.0494079589844
39267,0.0494079589844
39268,0.0494079589844
39269,0.0487060546875
39270,0.0487365722656
39271,0.0487365722656
39272,0.0487365722656
39273,0.0487365722656
39274,0.0487365722656
39275,0.0487365722656
39276,0.0487365722656
39277,0.0485534667969
39278,0.0485534667969
39279,0.0485534667969
39280,0.0487976074219
39281,0.047119140625
39282,0.047119140625
39283,0.047119140625
39284,0.047119140625
39285,0.0485534667969
39286,0.0485534667969
39287,0.0485534667969
39288,0.0485534667969
39289,0.0485534667969
39290,0.0485534667969
39291,0.0485534667969
39292,0.0485534667969
39293,0.0562438964844
39294,0.0562438964844
39295,0.0562438964844
39296,0.0562438964844
39297,0.0562438964844
39298,0.0562438964844
39299,0.0562438964844
39300,0.0562438964844
39301,0.0484008789062
39302,0.0484008789062
39303,0.0484008789062
39304,0.0487365722656
39305,0.0487365722656
39306,0.0487365722656
39307,0.0487365722656
39308,0.0487365722656
39309,0.0484008789062
39310,0.0484008789062
39311,0.0484008789062
39312,0.0484008789062
39313,0.0484008789062
39314,0.0484008789062
39315,0.0484008789062
39316,0.0484008789062
39317,0.0481872558594
39318,0.0481872558594
39319,0.0481872558594
39320,0.0481872558594
39321,0.0481872558594
39322,0.0481872558594
39323,0.0481872558594
39324,0.0481872558594
39325,0.0481872558594
39326,0.0481872558594
39327,0.0481872558594
39328,0.0481872558594
39329,0.0481872558594
39330,0.0552978515625
39331,0.0552978515625
39332,0.0552978515625
39333,0.0477600097656
39334,0.0477600097656
39335,0.0477600097656
39336,0.0477600097656
39337,0.0477600097656
39338,0.0477600097656
39339,0.0477600097656
39340,0.0477600097656
39341,0.0476989746094
39342,0.0476989746094
39343,0.0476989746094
39344,0.0476989746094
39345,0.0476989746094
39346,0.0476989746094
39347,0.0476989746094
39348,0.0476989746094
39349,0.0480346679688
39350,0.0476989746094
39351,0.0476989746094
39352,0.0476989746094
39353,0.0476989746094
39354,0.0476989746094
39355,0.0476989746094
39356,0.0476989746094
39357,0.0476989746094
39358,0.0476989746094
39359,0.0476989746094
39360,0.0476989746094
39361,0.0476989746094
39362,0.0510864257812
39363,0.0510864257812
39364,0.0510864257812
39365,0.0474853515625
39366,0.0474853515625
39367,0.0474853515625
39368,0.0474853515625
39369,0.0474853515625
39370,0.0474853515625
39371,0.0474853515625
39372,0.0474853515625
39373,0.047607421875
39374,0.047607421875
39375,0.047607421875
39376,0.047607421875
39377,0.047607421875
39378,0.047607421875
39379,0.047607421875
39380,0.047607421875
39381,0.047607421875
39382,0.047607421875
39383,0.047607421875
39384,0.047607421875
39385,0.047607421875
39386,0.047607421875
39387,0.047607421875
39388,0.047607421875
39389,0.0481872558594
39390,0.0481872558594
39391,0.0481872558594
39392,0.0481872558594
39393,0.0481872558594
39394,0.0481872558594
39395,0.0481872558594
39396,0.0481872558594
39397,0.0477294921875
39398,0.0477294921875
39399,0.0477294921875
39400,0.0477294921875
39401,0.0477294921875
39402,0.0477294921875
39403,0.0477294921875
39404,0.0477294921875
39405,0.0475463867188
39406,0.0475463867188
39407,0.0475463867188
39408,0.0573120117188
39409,0.0570678710938
39410,0.0555419921875
39411,0.0555419921875
39412,0.0555419921875
39413,0.0473022460938
39414,0.0541381835938
39415,0.0541381835938
39416,0.0541381835938
39417,0.0541381835938
39418,0.0541381835938
39419,0.0541381835938
39420,0.0541381835938
39421,0.0473022460938
39422,0.0473022460938
39423,0.0476379394531
39424,0.0476379394531
39425,0.0476379394531
39426,0.0476379394531
39427,0.0476379394531
39428,0.0476379394531
39429,0.0475158691406
39430,0.0475158691406
39431,0.0475158691406
39432,0.0475158691406
39433,0.0475158691406
39434,0.0475158691406
39435,0.0475158691406
39436,0.0475158691406
39437,0.056640625
39438,0.0529479980469
39439,0.0529479980469
39440,0.0529479980469
39441,0.0529479980469
39442,0.0529479980469
39443,0.0529479980469
39444,0.0529479980469
39445,0.047607421875
39446,0.047607421875
39447,0.0479431152344
39448,0.0479431152344
39449,0.0479431152344
39450,0.0479431152344
39451,0.0479431152344
39452,0.0479431152344
39453,0.047607421875
39454,0.047607421875
39455,0.047607421875
39456,0.047607421875
39457,0.047607421875
39458,0.047607421875
39459,0.047607421875
39460,0.047607421875
39461,0.0478210449219
39462,0.0478210449219
39463,0.0478210449219
39464,0.0478210449219
39465,0.0478210449219
39466,0.0478210449219
39467,0.0508117675781
39468,0.0508117675781
39469,0.0479125976562
39470,0.0479125976562
39471,0.0479125976562
39472,0.0479125976562
39473,0.0479125976562
39474,0.0479125976562
39475,0.05078125
39476,0.05078125
39477,0.0479125976562
39478,0.0479125976562
39479,0.0479125976562
39480,0.0479125976562
39481,0.0479125976562
39482,0.0479125976562
39483,0.0479125976562
39484,0.0559997558594
39485,0.0481872558594
39486,0.0481872558594
39487,0.0478820800781
39488,0.0478820800781
39489,0.0478820800781
39490,0.0478820800781
39491,0.0478820800781
39492,0.0478820800781
39493,0.0479431152344
39494,0.0479431152344
39495,0.0479431152344
39496,0.0479431152344
39497,0.0479431152344
39498,0.0479431152344
39499,0.0479431152344
39500,0.0479431152344
39501,0.0478820800781
39502,0.0478820800781
39503,0.0526123046875
39504,0.0526123046875
39505,0.0526123046875
39506,0.0526123046875
39507,0.0526123046875
39508,0.0526123046875
39509,0.0480041503906
39510,0.0480041503906
39511,0.0480041503906
39512,0.0480041503906
39513,0.0480041503906
39514,0.0480041503906
39515,0.0480041503906
39516,0.0480041503906
39517,0.0482177734375
39518,0.0482177734375
39519,0.0482177734375
39520,0.0482177734375
39521,0.0482177734375
39522,0.0482177734375
39523,0.0482177734375
39524,0.0482177734375
39525,0.0480041503906
39526,0.0480041503906
39527,0.04833984375
39528,0.04833984375
39529,0.0480041503906
39530,0.0480041503906
39531,0.0480041503906
39532,0.0480041503906
39533,0.0483093261719
39534,0.0483093261719
39535,0.0483093261719
39536,0.0483093261719
39537,0.0483093261719
39538,0.0483093261719
39539,0.0483093261719
39540,0.0483093261719
39541,0.0481262207031
39542,0.0481262207031
39543,0.0486450195312
39544,0.0486450195312
39545,0.0486450195312
39546,0.0486450195312
39547,0.0486450195312
39548,0.0486450195312
39549,0.0481262207031
39550,0.0481262207031
39551,0.0481262207031
39552,0.0481262207031
39553,0.0481262207031
39554,0.0481262207031
39555,0.0481262207031
39556,0.0481262207031
39557,0.0478210449219
39558,0.0478210449219
39559,0.0478210449219
39560,0.0478210449219
39561,0.0478210449219
39562,0.0478210449219
39563,0.0478210449219
39564,0.0478210449219
39565,0.0478210449219
39566,0.0478210449219
39567,0.0478210449219
39568,0.0478210449219
39569,0.0478210449219
39570,0.0478210449219
39571,0.0478210449219
39572,0.0478210449219
39573,0.0478210449219
39574,0.0478210449219
39575,0.0478210449219
39576,0.0478210449219
39577,0.0479431152344
39578,0.0479431152344
39579,0.0479431152344
39580,0.0479431152344
39581,0.0478210449219
39582,0.0478210449219
39583,0.0478210449219
39584,0.0478210449219
39585,0.0478210449219
39586,0.0478210449219
39587,0.0478210449219
39588,0.0478210449219
39589,0.0478210449219
39590,0.0478210449219
39591,0.0478210449219
39592,0.0478210449219
39593,0.0478210449219
39594,0.0478210449219
39595,0.0811157226562
39596,0.0811157226562
39597,0.0478515625
39598,0.0478515625
39599,0.0478515625
39600,0.0478515625
39601,0.0494995117188
39602,0.0494995117188
39603,0.0494995117188
39604,0.0494995117188
39605,0.0479736328125
39606,0.0479736328125
39607,0.0479736328125
39608,0.0479736328125
39609,0.0479736328125
39610,0.0479736328125
39611,0.0479736328125
39612,0.0479736328125
39613,0.0479736328125
39614,0.0479736328125
39615,0.0479736328125
39616,0.0479736328125
39617,0.0479736328125
39618,0.0479736328125
39619,0.0479736328125
39620,0.0479736328125
39621,0.0479736328125
39622,0.0623474121094
39623,0.0623474121094
39624,0.0623474121094
39625,0.0623474121094
39626,0.0623474121094
39627,0.0623474121094
39628,0.0623474121094
39629,0.0477600097656
39630,0.0477600097656
39631,0.048095703125
39632,0.048095703125
39633,0.048095703125
39634,0.048095703125
39635,0.048095703125
39636,0.048095703125
39637,0.0477600097656
39638,0.0477600097656
39639,0.0477600097656
39640,0.0477600097656
39641,0.0477600097656
39642,0.0544128417969
39643,0.0544128417969
39644,0.0544128417969
39645,0.0481262207031
39646,0.0481262207031
39647,0.0481262207031
39648,0.0474548339844
39649,0.0474548339844
39650,0.0474548339844
39651,0.0474548339844
39652,0.0474548339844
39653,0.0477600097656
39654,0.0477600097656
39655,0.0477600097656
39656,0.0477600097656
39657,0.0477600097656
39658,0.0477600097656
39659,0.0477600097656
39660,0.0487365722656
39661,0.0477600097656
39662,0.0477600097656
39663,0.0477600097656
39664,0.0487670898438
39665,0.0487670898438
39666,0.0487670898438
39667,0.0487670898438
39668,0.0487670898438
39669,0.0479736328125
39670,0.0479736328125
39671,0.0479736328125
39672,0.0479736328125
39673,0.0479736328125
39674,0.0479736328125
39675,0.0479736328125
39676,0.0479736328125
39677,0.0479736328125
39678,0.0479736328125
39679,0.0479736328125
39680,0.0479736328125
39681,0.0479736328125
39682,0.0479736328125
39683,0.0479736328125
39684,0.0479736328125
39685,0.048828125
39686,0.048828125
39687,0.048828125
39688,0.048828125
39689,0.048828125
39690,0.048828125
39691,0.048828125
39692,0.048828125
39693,0.0484008789062
39694,0.0484008789062
39695,0.0487365722656
39696,0.0487365722656
39697,0.0487365722656
39698,0.0487365722656
39699,0.0487365722656
39700,0.0487365722656
39701,0.0484008789062
39702,0.0484008789062
39703,0.0484008789062
39704,0.0484008789062
39705,0.0484008789062
39706,0.0484008789062
39707,0.0484008789062
39708,0.0484008789062
39709,0.0486145019531
39710,0.0486145019531
39711,0.0486145019531
39712,0.0486145019531
39713,0.0486145019531
39714,0.0486145019531
39715,0.0486145019531
39716,0.0486145019531
39717,0.0484008789062
39718,0.0484008789062
39719,0.0484008789062
39720,0.0484008789062
39721,0.0484008789062
39722,0.0484008789062
39723,0.0484008789062
39724,0.0590209960938
39725,0.0481872558594
39726,0.0481872558594
39727,0.0481872558594
39728,0.0481872558594
39729,0.0481872558594
39730,0.0481872558594
39731,0.0481872558594
39732,0.0481872558594
39733,0.0481872558594
39734,0.0481872558594
39735,0.0481872558594
39736,0.0481872558594
39737,0.0481872558594
39738,0.0481872558594
39739,0.0481872558594
39740,0.0481872558594
39741,0.0481872558594
39742,0.0481872558594
39743,0.0481872558594
39744,0.0481872558594
39745,0.0481872558594
39746,0.0481872558594
39747,0.0481872558594
39748,0.0481872558594
39749,0.0479736328125
39750,0.0479736328125
39751,0.0479736328125
39752,0.0479736328125
39753,0.0479736328125
39754,0.0483093261719
39755,0.0483093261719
39756,0.0483093261719
39757,0.0479736328125
39758,0.0479736328125
39759,0.0479736328125
39760,0.0479736328125
39761,0.0479736328125
39762,0.0479736328125
39763,0.0479736328125
39764,0.0479736328125
39765,0.0481872558594
39766,0.0481872558594
39767,0.0481872558594
39768,0.0481872558594
39769,0.0481872558594
39770,0.0481872558594
39771,0.0481872558594
39772,0.0481872558594
39773,0.0479736328125
39774,0.0479736328125
39775,0.0479736328125
39776,0.0479736328125
39777,0.0498352050781
39778,0.0498352050781
39779,0.0498352050781
39780,0.0498352050781
39781,0.0478515625
39782,0.0478515625
39783,0.0478515625
39784,0.0522766113281
39785,0.0522766113281
39786,0.0522766113281
39787,0.0522766113281
39788,0.0469970703125
39789,0.0473327636719
39790,0.0473327636719
39791,0.0473327636719
39792,0.0473327636719
39793,0.0473327636719
39794,0.0473327636719
39795,0.0473327636719
39796,0.0473327636719
39797,0.04736328125
39798,0.04736328125
39799,0.04736328125
39800,0.04736328125
39801,0.0473937988281
39802,0.0473937988281
39803,0.0473937988281
39804,0.0473937988281
39805,0.0472717285156
39806,0.0725708007812
39807,0.0725708007812
39808,0.0725708007812
39809,0.0725708007812
39810,0.0725708007812
39811,0.0725708007812
39812,0.0725708007812
39813,0.0469055175781
39814,0.0469055175781
39815,0.0469055175781
39816,0.0469055175781
39817,0.0469055175781
39818,0.0469055175781
39819,0.0469055175781
39820,0.0469055175781
39821,0.047119140625
39822,0.047119140625
39823,0.047119140625
39824,0.047119140625
39825,0.047119140625
39826,0.047119140625
39827,0.047119140625
39828,0.047119140625
39829,0.0469055175781
39830,0.0469055175781
39831,0.0499877929688
39832,0.0499877929688
39833,0.0499877929688
39834,0.0499877929688
39835,0.0499877929688
39836,0.0496826171875
39837,0.0469360351562
39838,0.0472717285156
39839,0.0472717285156
39840,0.0472717285156
39841,0.0472717285156
39842,0.0472717285156
39843,0.0472717285156
39844,0.0472717285156
39845,0.0469665527344
39846,0.0469665527344
39847,0.0469970703125
39848,0.0469970703125
39849,0.0469970703125
39850,0.0469970703125
39851,0.0469970703125
39852,0.0469970703125
39853,0.0471496582031
39854,0.0471496582031
39855,0.0471496582031
39856,0.0471496582031
39857,0.0471496582031
39858,0.0471496582031
39859,0.0471496582031
39860,0.0505676269531
39861,0.0471496582031
39862,0.0471496582031
39863,0.0471496582031
39864,0.0471496582031
39865,0.0471496582031
39866,0.0471496582031
39867,0.0471496582031
39868,0.0471496582031
39869,0.0471801757812
39870,0.0471801757812
39871,0.0556030273438
39872,0.0556030273438
39873,0.0556030273438
39874,0.0556030273438
39875,0.0556030273438
39876,0.0556030273438
39877,0.0469360351562
39878,0.0469360351562
39879,0.0469360351562
39880,0.0469360351562
39881,0.0469360351562
76637,0.0385437011719
76638,0.0385437011719
76640,0.0385437011719
76641,0.0385437011719
76642,0.0385437011719
76643,0.0385437011719
76644,0.0385437011719
76645,0.0387268066406
76646,0.0387268066406
76647,0.0387268066406
76648,0.0387268066406
76649,0.0387268066406
76650,0.0387268066406
76651,0.0387268066406
76652,0.0387268066406
76653,0.0389404296875
76654,0.0389404296875
76655,0.0389404296875
76656,0.0389404296875
76657,0.0389404296875
76658,0.0389404296875
76659,0.0389404296875
76660,0.0389404296875
76661,0.0391540527344
76662,0.0391540527344
76663,0.0391540527344
76664,0.0391540527344
76665,0.0391540527344
76666,0.0391540527344
76667,0.0391540527344
76668,0.0391540527344
76669,0.0393676757812
76670,0.0393676757812
76671,0.0393676757812
76672,0.0393676757812
76673,0.0393676757812
76674,0.0393676757812
76675,0.0393676757812
76676,0.0393676757812
76677,0.039306640625
76678,0.039306640625
76679,0.039306640625
76680,0.039306640625
76681,0.0396728515625
76682,0.0396728515625
76683,0.0396728515625
76684,0.0396728515625
76685,0.0390930175781
76686,0.0390930175781
76687,0.0390930175781
76688,0.0390930175781
76689,0.0390930175781
76690,0.0390930175781
76691,0.0390930175781
76692,0.0390930175781
76693,0.0390930175781
76694,0.0390930175781
76695,0.0390930175781
76696,0.0390930175781
76697,0.0390930175781
76698,0.0390930175781
76699,0.0390930175781
76700,0.0390930175781
76701,0.0390930175781
76702,0.0390930175781
76703,0.0390930175781
76704,0.0390930175781
76705,0.0390930175781
76706,0.0390930175781
76707,0.0390930175781
76708,0.0390930175781
76709,0.0391540527344
76710,0.0391540527344
76711,0.0391540527344
76712,0.0391540527344
76713,0.0391540527344
76714,0.0391540527344
76715,0.0391540527344
76716,0.0391540527344
76717,0.0391540527344
76718,0.0391540527344
76719,0.0391540527344
76720,0.0391540527344
76721,0.0391540527344
76722,0.0391540527344
76723,0.0391540527344
76724,0.0391540527344
76725,0.0391540527344
76726,0.0391540527344
76727,0.0391540527344
76728,0.0401306152344
76729,0.0401306152344
76730,0.0401306152344
76731,0.0401306152344
76732,0.0401306152344
76733,0.0391845703125
76734,0.0391845703125
76735,0.0391845703125
76736,0.0391845703125
76737,0.0391845703125
76738,0.0391845703125
76739,0.0391845703125
76740,0.0391845703125
76741,0.0393981933594
76742,0.0393981933594
76743,0.0393981933594
76744,0.0393981933594
76745,0.0393981933594
76746,0.0393981933594
76747,0.0393981933594
76748,0.0393981933594
76749,0.0391540527344
76750,0.0391540527344
76751,0.0394897460938
76752,0.0394897460938
76753,0.0394897460938
76754,0.0394897460938
76755,0.0394897460938
76756,0.0394897460938
76757,0.0393676757812
76758,0.0393676757812
76759,0.0393676757812
76760,0.0393676757812
76761,0.0393676757812
76762,0.0393676757812
76763,0.0393676757812
76764,0.0393676757812
76765,0.0393981933594
76766,0.0393981933594
76767,0.0393981933594
76768,0.0393981933594
76769,0.0393981933594
76770,0.0393981933594
76771,0.0393981933594
76772,0.0393981933594
76773,0.0389709472656
76774,0.0389709472656
76775,0.0389709472656
76776,0.0389709472656
76777,0.0389709472656
76778,0.0389709472656
76779,0.0389709472656
76780,0.0389709472656
76781,0.0389709472656
76782,0.0389709472656
76783,0.0389709472656
76784,0.0389709472656
76785,0.0389709472656
76786,0.0389709472656
76787,0.0389709472656
76788,0.0389709472656
76789,0.0399475097656
76790,0.0399475097656
76791,0.0396118164062
76792,0.0396118164062
76793,0.0396118164062
76794,0.0396118164062
76795,0.0396118164062
76796,0.0396118164062
76797,0.0392456054688
76798,0.0392456054688
76799,0.0392456054688
76800,0.0392456054688
76801,0.0392456054688
76802,0.0392456054688
76803,0.0392456054688
76804,0.0392456054688
76805,0.0392456054688
76806,0.0392456054688
76807,0.0392456054688
76808,0.0392456054688
76809,0.0392456054688
76810,0.0392456054688
76811,0.0392456054688
76812,0.0392456054688
76813,0.0392456054688
76814,0.0392456054688
76815,0.0392456054688
76816,0.0392456054688
76817,0.0392456054688
76818,0.0392456054688
76819,0.0392456054688
76820,0.0392456054688
76821,0.0391845703125
76822,0.0391845703125
76823,0.0391845703125
76824,0.0391845703125
76825,0.0391845703125
76826,0.0391845703125
76827,0.0391845703125
76828,0.0438232421875
76829,0.0391540527344
76830,0.0391540527344
76831,0.0391540527344
76832,0.0391540527344
76833,0.0391540527344
76834,0.0391540527344
76835,0.0391540527344
76836,0.0391540527344
76837,0.0390930175781
76838,0.0390930175781
76839,0.0390930175781
76840,0.0390930175781
76841,0.0488891601562
76842,0.0488891601562
76843,0.0488891601562
76844,0.0488891601562
76845,0.0392150878906
76846,0.0392150878906
76847,0.0392150878906
76848,0.0392150878906
76849,0.0392150878906
76850,0.0392150878906
76851,0.0392150878906
76852,0.0392150878906
76853,0.0392761230469
76854,0.0392761230469
76855,0.0392761230469
76856,0.0392761230469
76857,0.0392761230469
76858,0.0392761230469
76859,0.0392761230469
76860,0.0392761230469
76861,0.0392761230469
76862,0.0392761230469
76863,0.0392761230469
76864,0.0392761230469
76865,0.0392761230469
76866,0.0392761230469
76867,0.0392761230469
76868,0.0392761230469
76869,0.0392761230469
76870,0.0392761230469
76871,0.0392761230469
76872,0.0392761230469
76873,0.0392761230469
76874,0.0392761230469
76875,0.0392761230469
76876,0.0392761230469
76877,0.0392761230469
76878,0.0392761230469
76879,0.0392761230469
76880,0.0392761230469
76881,0.0392761230469
76882,0.0392761230469
76883,0.0392761230469
76884,0.0392761230469
76885,0.0392150878906
76886,0.0392150878906
76887,0.0392150878906
76888,0.0392150878906
76889,0.0392150878906
76890,0.0392150878906
76891,0.0392150878906
76892,0.0392150878906
76893,0.0392761230469
76894,0.0392761230469
76895,0.0392761230469
76896,0.0392761230469
76897,0.0392761230469
76898,0.0392761230469
76899,0.0392761230469
76900,0.0392761230469
76901,0.0390625
76902,0.0390625
76903,0.0390625
76904,0.0390625
76905,0.0390625
76906,0.0390625
76907,0.0390625
76908,0.0390625
76909,0.0392761230469
76910,0.0392761230469
76911,0.0392761230469
76912,0.0392761230469
76913,0.0392761230469
76914,0.0392761230469
76915,0.0392761230469
76916,0.0392761230469
76917,0.0390625
76918,0.0390625
76919,0.0390625
76920,0.0390625
76921,0.0390625
76922,0.0390625
76923,0.0390625
76924,0.0390625
76925,0.0390930175781
76926,0.0390930175781
76927,0.0390930175781
76928,0.0390930175781
76929,0.0390930175781
76930,0.0390930175781
76931,0.0390930175781
76932,0.0390930175781
76933,0.0391235351562
76934,0.0391235351562
76935,0.0391235351562
76936,0.0406494140625
76937,0.0406494140625
76938,0.0406494140625
76939,0.0406494140625
76940,0.0406494140625
76941,0.0391235351562
76942,0.0391235351562
76943,0.0391235351562
76944,0.0391235351562
76945,0.0391235351562
76946,0.0391235351562
76947,0.0391235351562
76948,0.0391235351562
76949,0.0391235351562
76950,0.0391235351562
76951,0.0391235351562
76952,0.0391235351562
76953,0.0391235351562
76954,0.0391235351562
76955,0.0391235351562
76956,0.0391235351562
76957,0.0391235351562
76958,0.0391235351562
76959,0.0391235351562
76960,0.0391235351562
76961,0.0391235351562
76962,0.0391235351562
76963,0.0391235351562
76964,0.0391235351562
76965,0.0391235351562
76966,0.0391235351562
76967,0.0391235351562
76968,0.0391235351562
76969,0.0391235351562
76970,0.0391235351562
76971,0.0391235351562
76972,0.0391235351562
76973,0.0391235351562
76974,0.0391235351562
76975,0.0391235351562
76976,0.0435180664062
76977,0.0435180664062
76978,0.0435180664062
76979,0.0435180664062
76980,0.0435180664062
76981,0.0391235351562
76982,0.0391235351562
76983,0.0391235351562
76984,0.0391235351562
76985,0.0391235351562
76986,0.0391235351562
76987,0.0391235351562
76988,0.0391235351562
76989,0.039306640625
76990,0.039306640625
76991,0.039306640625
76992,0.039306640625
76993,0.039306640625
76994,0.039306640625
76995,0.039306640625
76996,0.039306640625
76997,0.039306640625
76998,0.039306640625
76999,0.039306640625
77000,0.039306640625
77001,0.039306640625
77002,0.039306640625
77003,0.039306640625
77004,0.039306640625
77005,0.039306640625
77006,0.039306640625
77007,0.039306640625
77008,0.039306640625
77009,0.039306640625
77010,0.039306640625
77011,0.039306640625
77012,0.039306640625
77013,0.0390014648438
77014,0.0390014648438
77015,0.0390014648438
77016,0.0390014648438
77017,0.0390014648438
77018,0.0390014648438
77019,0.0390014648438
77020,0.0390014648438
77021,0.0392456054688
77022,0.0392456054688
77023,0.0392456054688
77024,0.0392456054688
77025,0.0392456054688
77026,0.0392456054688
77027,0.0392456054688
77028,0.0392456054688
77029,0.0392456054688
77030,0.0392456054688
77031,0.0392456054688
77032,0.0392456054688
77033,0.0392456054688
77034,0.0392456054688
77035,0.0392456054688
77036,0.0392456054688
77037,0.039306640625
77038,0.039306640625
77039,0.039306640625
77040,0.039306640625
77041,0.039306640625
77042,0.039306640625
77043,0.039306640625
77044,0.039306640625
77045,0.03955078125
77046,0.03955078125
77047,0.03955078125
77048,0.03955078125
77049,0.03955078125
77050,0.03955078125
77051,0.03955078125
77052,0.03955078125
77053,0.0399475097656
77054,0.0399475097656
77055,0.0399475097656
77056,0.0399475097656
77057,0.0399475097656
77058,0.0399475097656
77059,0.0399475097656
77060,0.0399475097656
77061,0.0399475097656
77062,0.0399475097656
77063,0.0399475097656
77064,0.0399475097656
77065,0.0399475097656
77066,0.0399475097656
77067,0.0399475097656
77068,0.0399475097656
77069,0.0398559570312
77070,0.0398559570312
77071,0.0398559570312
77072,0.0398559570312
77073,0.0398559570312
77074,0.0398559570312
77075,0.0398559570312
77076,0.0398559570312
77077,0.0398559570312
77078,0.0398559570312
77079,0.0398559570312
77080,0.0398559570312
77081,0.0398559570312
77082,0.0398559570312
77083,0.0398559570312
77084,0.0398559570312
77085,0.0396423339844
77086,0.0396423339844
77087,0.0396423339844
77088,0.0396423339844
77089,0.0396423339844
77090,0.0396423339844
77091,0.0396423339844
77092,0.0396423339844
77093,0.0396423339844
77094,0.0396423339844
77095,0.0396423339844
77096,0.0396423339844
77097,0.0396423339844
77098,0.0396423339844
77099,0.0396423339844
77100,0.0396423339844
77101,0.0396423339844
77102,0.0396423339844
77103,0.0396423339844
77104,0.0396423339844
77105,0.0396423339844
77106,0.0396423339844
77107,0.0396423339844
77108,0.0396423339844
77109,0.0394287109375
77110,0.0394287109375
77111,0.0394287109375
77112,0.0394287109375
77113,0.0394287109375
77114,0.0394287109375
77115,0.0394287109375
77116,0.0394287109375
77117,0.0396423339844
77118,0.0396423339844
77119,0.0384216308594
77120,0.0384216308594
77121,0.0384216308594
77122,0.0384216308594
77123,0.0384216308594
77124,0.0384216308594
77125,0.0396423339844
77126,0.0396423339844
77127,0.0396423339844
77128,0.0396423339844
77129,0.0396423339844
77130,0.0396423339844
77131,0.0396423339844
77132,0.0396423339844
77133,0.0398559570312
77134,0.0398559570312
77135,0.0398559570312
77136,0.0398559570312
77137,0.0398559570312
77138,0.04052734375
77139,0.04052734375
77140,0.04052734375
77141,0.0398864746094
77142,0.0398864746094
77143,0.0398864746094
77144,0.0398864746094
77145,0.0398864746094
77146,0.0398864746094
77147,0.0398864746094
77148,0.0398864746094
77149,0.03955078125
77150,0.03955078125
77151,0.03955078125
77152,0.03955078125
77153,0.03955078125
77154,0.03955078125
77155,0.03955078125
77156,0.03955078125
77157,0.03955078125
77158,0.03955078125
77159,0.03955078125
77160,0.03955078125
77161,0.03955078125
77162,0.03955078125
77163,0.03955078125
77164,0.03955078125
77165,0.039306640625
77166,0.039306640625
77167,0.039306640625
77168,0.039306640625
77169,0.039306640625
77170,0.039306640625
77171,0.039306640625
77172,0.039306640625
77173,0.039306640625
77174,0.039306640625
77175,0.039306640625
77176,0.039306640625
77177,0.039306640625
77178,0.039306640625
77179,0.039306640625
77180,0.039306640625
77181,0.039306640625
77182,0.039306640625
77183,0.039306640625
77184,0.039306640625
77185,0.039306640625
77186,0.039306640625
77187,0.039306640625
77188,0.039306640625
77189,0.0388793945312
77190,0.0388793945312
77191,0.0388793945312
77192,0.0388793945312
77193,0.0388793945312
77194,0.0388793945312
77195,0.0388793945312
77196,0.0388793945312
77197,0.0388793945312
77198,0.0388793945312
77199,0.0388793945312
77200,0.0388793945312
77201,0.0388793945312
77202,0.0388793945312
77203,0.0388793945312
77204,0.0388793945312
77205,0.0388793945312
77206,0.0388793945312
77207,0.0388793945312
77208,0.0388793945312
77209,0.0388793945312
77210,0.0388793945312
77211,0.0392150878906
77212,0.0392150878906
77213,0.039306640625
77214,0.039306640625
77215,0.039306640625
77216,0.039306640625
77217,0.039306640625
77218,0.039306640625
77219,0.039306640625
77220,0.039306640625
77221,0.0395202636719
77222,0.0395202636719
77223,0.0395202636719
77224,0.0395202636719
77225,0.0395202636719
77226,0.0395202636719
77227,0.0395202636719
77228,0.0395202636719
77229,0.0397338867188
77230,0.0397338867188
77231,0.0397338867188
77232,0.0397338867188
77233,0.0397338867188
77234,0.0397338867188
77235,0.0397338867188
77236,0.0397338867188
77237,0.0397338867188
77238,0.0397338867188
77239,0.0397338867188
77240,0.0397338867188
77241,0.0397338867188
77242,0.0397338867188
77243,0.0397338867188
77244,0.0397338867188
77245,0.0397338867188
77246,0.0397338867188
77247,0.0397338867188
77248,0.0397338867188
77249,0.0397338867188
77250,0.0397338867188
77251,0.0397338867188
77252,0.0397338867188
77253,0.0397338867188
77254,0.0397338867188
77255,0.0397338867188
77256,0.0397338867188
77257,0.0397338867188
77258,0.0397338867188
77259,0.0397338867188
77260,0.0397338867188
77261,0.0395202636719
77262,0.0395202636719
77263,0.0395202636719
77264,0.0645751953125
77265,0.0645751953125
77266,0.0645751953125
77267,0.0645751953125
77268,0.0645751953125
77269,0.0399475097656
77270,0.0399475097656
77271,0.0399475097656
77272,0.0399475097656
77273,0.0399475097656
77274,0.0399475097656
77275,0.0399475097656
77276,0.0399475097656
77277,0.040283203125
77278,0.0406188964844
77279,0.0406188964844
77280,0.0406188964844
77281,0.0406188964844
77282,0.0406188964844
77283,0.0406188964844
77284,0.0406188964844
77285,0.0404663085938
77286,0.0404663085938
77287,0.0404663085938
77288,0.0404663085938
77289,0.0404663085938
77290,0.0404663085938
77291,0.0404663085938
77292,0.0404663085938
77293,0.0397644042969
77294,0.0397644042969
77295,0.0397644042969
77296,0.0397644042969
77297,0.0397644042969
77298,0.0397644042969
77299,0.0397644042969
77300,0.0397644042969
77301,0.0393371582031
77302,0.0393371582031
77303,0.0393371582031
77304,0.0393371582031
77305,0.0396728515625
77306,0.0396728515625
77307,0.0396728515625
77308,0.0396728515625
77309,0.0393371582031
77310,0.0393371582031
77311,0.0393371582031
77312,0.0393371582031
77313,0.0393371582031
77314,0.0393371582031
77315,0.0393371582031
77316,0.0393371582031
77317,0.0393371582031
77318,0.0393371582031
77319,0.0393371582031
77320,0.0393371582031
77321,0.0393371582031
77322,0.0393371582031
77323,0.0393371582031
77324,0.0393371582031
77325,0.0393371582031
77326,0.0393371582031
77327,0.0393371582031
77328,0.0393371582031
77329,0.0393371582031
77330,0.0396728515625
77331,0.0396728515625
77332,0.0396728515625
77333,0.0394897460938
77334,0.0394897460938
77335,0.0394897460938
77336,0.0394897460938
77337,0.0394897460938
77338,0.0394897460938
77339,0.0427551269531
77340,0.0427551269531
77341,0.0392761230469
77342,0.0392761230469
77343,0.0392761230469
77344,0.0392761230469
77345,0.0392761230469
77346,0.0392761230469
77347,0.0392761230469
77348,0.0392761230469
77349,0.0392150878906
77350,0.0392150878906
77351,0.0392150878906
77352,0.0392150878906
77353,0.0392150878906
77354,0.0392150878906
77355,0.0392150878906
77356,0.0392150878906
77357,0.0392456054688
77358,0.0392456054688
77359,0.0392456054688
77360,0.0392456054688
77361,0.0392456054688
77362,0.0392456054688
77363,0.0392456054688
77364,0.0392456054688
77365,0.0391235351562
77366,0.0391235351562
77367,0.0391235351562
77368,0.0391235351562
77369,0.0391235351562
77370,0.0391235351562
77371,0.0391235351562
77372,0.0391235351562
77373,0.0389404296875
77374,0.0389404296875
77375,0.0389404296875
77376,0.0389404296875
77377,0.0389404296875
77378,0.0389404296875
77379,0.0389404296875
77380,0.0389404296875
77381,0.0386962890625
77382,0.0386962890625
77383,0.0386962890625
77384,0.0386962890625
77385,0.0386962890625
77386,0.0386962890625
77387,0.0386962890625
77388,0.0386962890625
77389,0.0386352539062
77390,0.0386352539062
77391,0.0386352539062
77392,0.0386352539062
77393,0.0386352539062
77394,0.0386352539062
77395,0.040283203125
77396,0.040283203125
77397,0.0386352539062
77398,0.0386352539062
77399,0.0386352539062
77400,0.0386352539062
77401,0.0386352539062
77402,0.0386352539062
77403,0.0386352539062
77404,0.0386352539062
77405,0.0388488769531
77406,0.0388488769531
77407,0.0388488769531
77408,0.0388488769531
77409,0.0388488769531
77410,0.0388488769531
77411,0.0388488769531
77412,0.0411682128906
77413,0.0388488769531
77414,0.0388488769531
77415,0.0388488769531
77416,0.0388488769531
77417,0.0388488769531
77418,0.0388488769531
77419,0.0388488769531
77420,0.0388488769531
77422,0.0390625
77423,0.0390625
77424,0.0390625
77425,0.0393676757812
77426,0.0393676757812
77427,0.0393676757812
77428,0.0393676757812
77429,0.0393676757812
77430,0.0390625
77431,0.0390625
77432,0.0390625
77433,0.0390625
77434,0.0390625
77435,0.0390625
77436,0.0390625
77437,0.0390625
77438,0.0390625
77439,0.0390625
77440,0.0390625
77441,0.0390625
77442,0.0390625
77443,0.0390625
77444,0.0390625
77445,0.0390625
77446,0.0386352539062
77447,0.0386352539062
77448,0.0386352539062
77449,0.0386352539062
77450,0.0386352539062
77451,0.0386352539062
77452,0.0386352539062
77453,0.0386352539062
77454,0.0387573242188
77455,0.0387573242188
77456,0.0387573242188
77457,0.0387573242188
77458,0.0387573242188
77459,0.0387573242188
77460,0.0387573242188
77461,0.0387573242188
77462,0.0388488769531
77463,0.0388488769531
77464,0.0388488769531
77465,0.0547790527344
77466,0.0547790527344
77467,0.0547790527344
77468,0.0547790527344
77469,0.0547790527344
77470,0.0390014648438
77471,0.0390014648438
77472,0.0390014648438
77473,0.0390014648438
77474,0.0390014648438
77475,0.0390014648438
77476,0.0390014648438
77477,0.0390014648438
77478,0.0392456054688
77479,0.0392456054688
77480,0.0392456054688
77481,0.0392456054688
77482,0.0392456054688
77483,0.0392456054688
77484,0.0392456054688
77485,0.0392456054688
77486,0.0394592285156
77487,0.0394592285156
77488,0.0394592285156
77489,0.0394592285156
77490,0.0394592285156
77491,0.0394592285156
77492,0.0394592285156
77493,0.0394592285156
77494,0.0394592285156
77495,0.0394592285156
77496,0.0394592285156
77497,0.0394592285156
77498,0.0394592285156
77499,0.0394592285156
77500,0.0394592285156
77501,0.0394592285156
77502,0.0394592285156
77503,0.0394592285156
77504,0.0394592285156
77505,0.0394592285156
77506,0.0394592285156
77507,0.0394592285156
77508,0.0394592285156
77509,0.0394592285156
77510,0.0394592285156
77511,0.0394592285156
77512,0.0394592285156
77513,0.0394592285156
77514,0.0394592285156
77515,0.0394592285156
77516,0.0394592285156
77517,0.0394592285156
77518,0.0390319824219
77519,0.0390319824219
77520,0.0390319824219
77521,0.0390319824219
77522,0.0390319824219
77523,0.0390319824219
77524,0.0390319824219
77525,0.0390319824219
77526,0.0390319824219
77527,0.0390319824219
77528,0.0393676757812
77529,0.0390319824219
77530,0.0390319824219
77531,0.0390319824219
77532,0.0390319824219
77533,0.0390319824219
77534,0.0390319824219
77535,0.0390319824219
77536,0.0390319824219
77537,0.0390319824219
77538,0.0390319824219
77539,0.0390319824219
77540,0.0390319824219
77541,0.0390319824219
77542,0.0393676757812
77543,0.0393676757812
77544,0.0393676757812
77545,0.0393676757812
77546,0.0393676757812
77547,0.0393676757812
77548,0.0393676757812
77549,0.0393676757812
77550,0.0394592285156
77551,0.0394592285156
77552,0.0394592285156
77553,0.0394592285156
77554,0.0394592285156
77555,0.0394592285156
77556,0.0394592285156
77557,0.0394592285156
77558,0.0392456054688
77559,0.0392456054688
77560,0.0392456054688
77561,0.0392456054688
77562,0.0392456054688
77563,0.0392456054688
77564,0.0392456054688
77565,0.0392456054688
77566,0.0392456054688
77567,0.0392456054688
77568,0.0392456054688
77569,0.0392456054688
77570,0.0392456054688
77571,0.0392456054688
77572,0.0392456054688
77573,0.0392456054688
77574,0.0390319824219
77575,0.0390319824219
77576,0.0390319824219
77577,0.0390319824219
77578,0.0390319824219
77579,0.0390319824219
77580,0.0390319824219
77581,0.0390319824219
77582,0.0394592285156
77583,0.0394592285156
77584,0.0394592285156
77585,0.0394592285156
77586,0.0394592285156
77587,0.0394592285156
77588,0.0394592285156
77589,0.0394592285156
77590,0.0390014648438
77591,0.0390014648438
77592,0.0390014648438
77593,0.0390014648438
77594,0.0390014648438
77595,0.0390014648438
77596,0.0390014648438
77597,0.0390014648438
77598,0.0392456054688
77599,0.0392456054688
77600,0.0392456054688
77601,0.0392456054688
77602,0.0392456054688
77603,0.0392456054688
77604,0.0392456054688
77605,0.0392456054688
77606,0.0394897460938
77607,0.0394897460938
77608,0.0394897460938
77609,0.0394897460938
77610,0.0394897460938
77611,0.0394897460938
77612,0.0394897460938
77613,0.0394897460938
77614,0.0392761230469
77615,0.0392761230469
77616,0.0392761230469
77617,0.0392761230469
77618,0.0392761230469
77619,0.0392761230469
77620,0.0392761230469
77621,0.0392761230469
77622,0.0415649414062
77623,0.0415649414062
77624,0.0415649414062
77625,0.0415649414062
77626,0.0415649414062
77627,0.0415649414062
77628,0.0415649414062
77629,0.0415649414062
77630,0.0390014648438
77631,0.0390014648438
77632,0.0390014648438
77633,0.0390014648438
77634,0.0390014648438
77635,0.0390014648438
77636,0.0390014648438
77637,0.0390014648438
77638,0.0389709472656
77639,0.0389709472656
77640,0.0389709472656
77641,0.0389709472656
77642,0.0389709472656
77643,0.0389709472656
77644,0.0389709472656
77645,0.0389709472656
77646,0.0390014648438
77647,0.0390014648438
77648,0.0390014648438
77649,0.0390014648438
77650,0.0390014648438
77651,0.0390014648438
77652,0.0390014648438
77653,0.0390014648438
77654,0.0389709472656
77655,0.0389709472656
77656,0.0389709472656
77657,0.0389709472656
77658,0.0389709472656
77659,0.0389709472656
77660,0.0389709472656
77661,0.0389709472656
77662,0.0389709472656
77663,0.0389709472656
77664,0.0389709472656
77665,0.0389709472656
77666,0.0389709472656
77667,0.0389709472656
77668,0.0389709472656
77669,0.0389709472656
77670,0.0437927246094
77671,0.0437927246094
77672,0.0437927246094
77673,0.0437927246094
77674,0.0437927246094
77675,0.0437927246094
77676,0.0437927246094
77677,0.0437927246094
77678,0.0390014648438
77679,0.0390014648438
77680,0.0390014648438
77681,0.0390014648438
77682,0.0390014648438
77683,0.0390014648438
77684,0.0390014648438
77685,0.0390014648438
77686,0.0390319824219
77687,0.0390319824219
77688,0.0390319824219
77689,0.0390319824219
77690,0.0390319824219
77691,0.0390319824219
77692,0.0390319824219
77693,0.0390319824219
77694,0.0390319824219
77695,0.0390319824219
77696,0.0390319824219
77697,0.0390319824219
77698,0.0390319824219
77699,0.0390319824219
77700,0.0390319824219
77701,0.0390319824219
77702,0.0390319824219
77703,0.0390319824219
77704,0.0390319824219
77705,0.0390319824219
77706,0.0390319824219
77707,0.0390319824219
77708,0.0390319824219
77709,0.0390319824219
77710,0.0390319824219
77711,0.0390319824219
77712,0.0390319824219
77713,0.0390319824219
77714,0.0390319824219
77715,0.0390319824219
77716,0.0390319824219
77717,0.0390319824219
77718,0.0390319824219
77719,0.0390319824219
77720,0.0390319824219
77721,0.0390319824219
77722,0.0390319824219
77723,0.0390319824219
77724,0.0390319824219
77725,0.0390319824219
77726,0.0390319824219
77727,0.0390319824219
77728,0.0390319824219
77729,0.0390319824219
77730,0.0390319824219
77731,0.0390319824219
77732,0.0390319824219
77733,0.0390319824219
77734,0.0390319824219
77735,0.0390319824219
77736,0.0390319824219
77737,0.0390319824219
77738,0.0390319824219
77739,0.0390319824219
77740,0.0390319824219
77741,0.0390319824219
77742,0.0390319824219
77743,0.0390319824219
77744,0.0390319824219
77745,0.0390319824219
77746,0.0390319824219
77747,0.0390319824219
77748,0.0390319824219
77749,0.0390319824219
77750,0.0390319824219
77751,0.0390319824219
77752,0.0390319824219
77753,0.0390319824219
77754,0.0390319824219
77755,0.0390319824219
77756,0.0407104492188
77757,0.0407104492188
77758,0.0392456054688
77759,0.0392456054688
77760,0.0392456054688
77761,0.0392456054688
77762,0.0392456054688
77763,0.0392456054688
77764,0.0392456054688
77765,0.0392456054688
77766,0.0392456054688
77767,0.0392456054688
77768,0.0392456054688
77769,0.0392456054688
77770,0.0392456054688
77771,0.0392456054688
77772,0.0392456054688
77773,0.0392456054688
77774,0.0393981933594
77775,0.0393981933594
77776,0.0393981933594
77777,0.0393981933594
77778,0.0393981933594
77779,0.0393981933594
77780,0.0393981933594
77781,0.0393981933594
77782,0.0394592285156
77783,0.0394592285156
77784,0.0394592285156
77785,0.0404663085938
77786,0.0404663085938
77787,0.0404663085938
77788,0.0404663085938
77789,0.0437927246094
77790,0.0401306152344
77791,0.0401306152344
77792,0.0401306152344
77793,0.0401306152344
77794,0.0401306152344
77795,0.0401306152344
77796,0.0401306152344
77797,0.0401306152344
77798,0.0392456054688
77799,0.0392456054688
77800,0.0392456054688
77801,0.0392456054688
77802,0.0392456054688
77803,0.0392456054688
77804,0.0392456054688
77805,0.0392456054688
77806,0.0391540527344
77807,0.0391540527344
77808,0.0391540527344
77809,0.0391540527344
77810,0.0391540527344
77811,0.0391540527344
77812,0.0391540527344
77813,0.0391540527344
77814,0.0391540527344
77815,0.0391540527344
77816,0.0391540527344
77817,0.0391540527344
77818,0.0391540527344
77819,0.0391540527344
77820,0.0391540527344
77821,0.0391540527344
77822,0.0391540527344
77823,0.0391540527344
77824,0.0391540527344
77825,0.0391540527344
77826,0.0391540527344
77827,0.0391540527344
77828,0.0391540527344
77829,0.0391540527344
77830,0.0391540527344
77831,0.0391540527344
77832,0.0391540527344
77833,0.0391540527344
77834,0.0391540527344
77835,0.0391540527344
77836,0.0391540527344
77837,0.0391540527344
77838,0.0391540527344
77839,0.0391540527344
77840,0.0391540527344
77841,0.0391540527344
77842,0.0391540527344
77843,0.0391540527344
77844,0.0391540527344
77845,0.0391540527344
77846,0.0391540527344
77847,0.0391540527344
77848,0.0391540527344
77849,0.0391540527344
77850,0.0391540527344
77851,0.0391540527344
77852,0.0391540527344
77853,0.0391540527344
77854,0.0392456054688
77855,0.0392456054688
77856,0.0392456054688
77857,0.0392456054688
77858,0.0392456054688
77859,0.0392456054688
77860,0.0392456054688
77861,0.0392456054688
77862,0.0392456054688
77863,0.0392456054688
77864,0.0392456054688
77865,0.0392456054688
77866,0.0392456054688
77867,0.0392456054688
77868,0.0392456054688
77869,0.0392456054688
77870,0.0392150878906
77871,0.0392150878906
77872,0.0392150878906
77873,0.0392150878906
77874,0.0392150878906
77875,0.0392150878906
77876,0.0392150878906
77877,0.0392150878906
77878,0.0392150878906
77879,0.0392150878906
77880,0.0392150878906
77881,0.0392150878906
77882,0.0392150878906
77883,0.0392150878906
77884,0.0392150878906
77885,0.0392150878906
77886,0.0391540527344
77887,0.0391540527344
77888,0.0391540527344
77889,0.0391540527344
77890,0.0391540527344
77891,0.0391540527344
77892,0.0391540527344
77893,0.0391540527344
77894,0.0393981933594
77895,0.0393981933594
77896,0.0393981933594
77897,0.0393981933594
77898,0.0393981933594
77899,0.0393981933594
77900,0.0393981933594
77901,0.0393981933594
77902,0.0393981933594
77903,0.0393981933594
77904,0.0393981933594
77905,0.0393981933594
77906,0.0393981933594
77907,0.0393981933594
77908,0.0393981933594
77909,0.0393981933594
77910,0.0393981933594
77911,0.0393981933594
77912,0.0393981933594
77913,0.0393981933594
77914,0.0393981933594
77915,0.0393981933594
77916,0.0393981933594
77917,0.0393981933594
77918,0.0393981933594
77919,0.0393981933594
77920,0.0393981933594
77921,0.0393981933594
77922,0.0393981933594
77923,0.0393981933594
77924,0.0393981933594
77925,0.0393981933594
77926,0.0393981933594
77927,0.0393981933594
77928,0.0393981933594
77929,0.0393981933594
77930,0.0393981933594
77931,0.0393981933594
77932,0.0393981933594
77933,0.0393981933594
77934,0.0393981933594
77935,0.0393981933594
77936,0.0393981933594
77937,0.0393981933594
77938,0.0393981933594
77939,0.0393981933594
77940,0.0393981933594
77941,0.0393981933594
77942,0.0393981933594
77943,0.0393981933594
77944,0.0393981933594
77945,0.0393981933594
77946,0.0393981933594
77947,0.0393981933594
77948,0.0393981933594
77949,0.0393981933594
77950,0.0393981933594
77951,0.0393981933594
77952,0.0393981933594
77953,0.0393981933594
77954,0.0393981933594
77955,0.0393981933594
77956,0.0393981933594
77957,0.0393981933594
77958,0.0389709472656
77959,0.0389709472656
77960,0.0389709472656
77961,0.0389709472656
77962,0.0389709472656
77963,0.0389709472656
77964,0.0389709472656
77965,0.0389709472656
77966,0.0389709472656
77967,0.0389709472656
77968,0.0389709472656
77969,0.0389709472656
77970,0.0610656738281
77971,0.0610656738281
77972,0.0610656738281
77973,0.0610656738281
77974,0.0389709472656
77975,0.0389709472656
77976,0.0389709472656
77977,0.0389709472656
77978,0.0389709472656
77979,0.0389709472656
77980,0.0389709472656
77981,0.0389709472656
77982,0.0390014648438
77983,0.0390014648438
77984,0.0390014648438
77985,0.0390014648438
77986,0.0390014648438
77987,0.0390014648438
77988,0.0390014648438
77989,0.0390014648438
77990,0.0390930175781
77991,0.0390930175781
77992,0.0390930175781
77993,0.0390930175781
77994,0.0390930175781
77995,0.0390930175781
77996,0.0390930175781
77997,0.0390930175781
77998,0.0390319824219
77999,0.0390319824219
78000,0.0390319824219
78001,0.0390319824219
78002,0.0390319824219
78003,0.0390319824219
78004,0.0390319824219
78005,0.0390319824219
78006,0.0384216308594
78007,0.0384216308594
78008,0.0384216308594
78009,0.0384216308594
78010,0.0384216308594
78011,0.0384216308594
78012,0.0384216308594
78013,0.0384216308594
78014,0.0384216308594
78015,0.0384216308594
78016,0.0384216308594
78017,0.0384216308594
78018,0.0384216308594
78019,0.0384216308594
78020,0.0384216308594
78021,0.0384216308594
78022,0.0387878417969
78023,0.0387878417969
78024,0.0387878417969
78025,0.0387878417969
78026,0.0387878417969
78027,0.0387878417969
78028,0.0387878417969
78029,0.0387878417969
78030,0.0387878417969
78031,0.0387878417969
78032,0.0387878417969
78033,0.0387878417969
78034,0.0387878417969
78035,0.0387878417969
78036,0.0387878417969
78037,0.0387878417969
78038,0.0388793945312
78039,0.0388793945312
78040,0.0388793945312
78041,0.0388793945312
78042,0.0388793945312
78043,0.0388793945312
78044,0.0388793945312
78045,0.0388793945312
78046,0.0388793945312
78047,0.0388793945312
78048,0.0388793945312
78049,0.0388793945312
78050,0.0388793945312
78051,0.0388793945312
78052,0.0388793945312
78053,0.0388793945312
78054,0.0389709472656
78055,0.0389709472656
78056,0.0389709472656
78057,0.0392761230469
78058,0.0392761230469
78059,0.0392761230469
78060,0.0392761230469
78061,0.0392761230469
78062,0.0392150878906
78063,0.0392150878906
78064,0.0392150878906
78065,0.0392150878906
78066,0.0392150878906
78067,0.0392150878906
78068,0.0392150878906
78069,0.0392150878906
78070,0.0390014648438
78071,0.0390014648438
78072,0.0390014648438
78073,0.0390014648438
78074,0.0390014648438
78075,0.0390014648438
78076,0.0390014648438
78077,0.0390014648438
78078,0.0390319824219
78079,0.0390319824219
78080,0.0390319824219
78081,0.0390319824219
78082,0.0390319824219
78083,0.0390319824219
78084,0.0390319824219
78085,0.0390319824219
78086,0.038818359375
78087,0.038818359375
78088,0.038818359375
78089,0.038818359375
78090,0.038818359375
78091,0.038818359375
78092,0.038818359375
78093,0.038818359375
78094,0.0385131835938
78095,0.0385131835938
78096,0.0385131835938
78097,0.0385131835938
78098,0.0385131835938
78099,0.0385131835938
78100,0.0385131835938
78101,0.0385131835938
78102,0.0387268066406
78103,0.0387268066406
78104,0.0387268066406
78105,0.0387268066406
78106,0.0387268066406
78107,0.0387268066406
78108,0.0387268066406
78109,0.0387268066406
78110,0.0386962890625
78111,0.0386962890625
78112,0.0386962890625
78113,0.0386962890625
78114,0.0386962890625
78115,0.0386962890625
78116,0.0386962890625
78117,0.0386962890625
78118,0.0386962890625
78119,0.0386962890625
78120,0.0386962890625
78121,0.0386962890625
78122,0.0386962890625
78123,0.0386962890625
78124,0.0386962890625
78125,0.0410461425781
78126,0.0389099121094
78127,0.0389099121094
78128,0.0389099121094
78129,0.0389099121094
78130,0.0389099121094
78131,0.0389099121094
78132,0.0389099121094
78133,0.0389099121094
78134,0.0390319824219
78135,0.0390319824219
78136,0.0390319824219
78137,0.0390319824219
78138,0.0390319824219
78139,0.0390319824219
78140,0.0390319824219
78141,0.0390319824219
78142,0.0392761230469
78143,0.0392761230469
78144,0.0392761230469
78145,0.0392761230469
78146,0.0396118164062
78147,0.0396118164062
78148,0.0396118164062
78149,0.0396118164062
78150,0.0392761230469
78151,0.0392761230469
78152,0.0392761230469
78153,0.0392761230469
78154,0.0392761230469
78155,0.0392761230469
78156,0.0392761230469
78157,0.0392761230469
78158,0.0394897460938
78159,0.0394897460938
78160,0.0394897460938
78161,0.0394897460938
78162,0.0394897460938
78163,0.0394897460938
78164,0.0398254394531
78165,0.0398254394531
78166,0.0394897460938
78167,0.0394897460938
78168,0.0394897460938
78169,0.0394897460938
78170,0.0394897460938
78171,0.0394897460938
78172,0.0394897460938
78173,0.0394897460938
78174,0.0394897460938
78175,0.0394897460938
78176,0.0394897460938
78177,0.0394897460938
78178,0.0394897460938
78179,0.0394897460938
78180,0.0394897460938
78181,0.0394897460938
78182,0.0394897460938
78183,0.0394897460938
78184,0.0394897460938
78185,0.0394897460938
78186,0.0394897460938
78187,0.0394897460938
78188,0.0394897460938
78189,0.0394897460938
78190,0.0394897460938
78191,0.0394897460938
78192,0.0394897460938
78193,0.0394897460938
78194,0.0394897460938
78195,0.0394897460938
78196,0.0394897460938
78197,0.0394897460938
78198,0.0395812988281
78199,0.0395812988281
78200,0.0395812988281
78201,0.0395812988281
78202,0.0395812988281
