4,0.0
5,0.0
6,0.0
7,0.0
8,0.0
9,0.0
10,0.0
11,0.0
12,5.96046447754e-07
13,1.20997428894e-05
14,0.000215888023376
15,0.0
16,0.0
17,0.0
18,0.00330352783203
19,0.00856018066406
20,0.0136032104492
21,0.0
22,0.0
23,0.0
24,0.00471115112305
25,0.0084228515625
26,0.0126800537109
27,0.0
28,0.0
29,0.0
30,0.00155353546143
31,0.00696563720703
32,0.0105438232422
33,0.0
34,0.0
35,0.0
36,0.00281524658203
37,0.00630187988281
38,0.0104293823242
39,0.0
40,0.0
41,0.0
42,0.00152206420898
43,0.0041389465332
44,0.00857543945312
45,0.0
46,0.0
47,0.0
48,0.00264358520508
49,0.00598526000977
50,0.0100326538086
51,0.0
52,0.0
53,0.0
54,0.00131893157959
55,0.00380706787109
56,0.00814056396484
57,0.0
58,0.0
59,0.0
60,0.00171661376953
61,0.00394821166992
62,0.00767135620117
63,0.0
64,0.0
65,0.0
66,0.000967025756836
67,0.00355911254883
68,0.00573348999023
69,0.0
70,0.0
71,0.0
72,0.00172519683838
73,0.00411224365234
74,0.00555801391602
75,0.0
76,0.0
77,0.0
78,0.00135517120361
79,0.00241661071777
80,0.00820922851562
81,0.0
82,0.0
83,0.0
84,0.00135707855225
85,0.00283050537109
86,0.00541687011719
87,0.0
88,0.0
89,0.0
90,0.00080680847168
91,0.00331497192383
92,0.00395202636719
93,0.0
94,0.0
95,0.0
96,0.00113487243652
97,0.00223159790039
98,0.00297737121582
99,0.0
100,0.0
101,0.0
102,0.000858783721924
103,0.000939846038818
104,0.00328254699707
105,0.0
106,0.0
107,0.0
108,0.000772476196289
109,0.00204849243164
110,0.00542831420898
111,0.0
112,0.0
113,0.0
114,0.000333547592163
115,0.0015287399292
116,0.0030460357666
117,0.0
118,0.0
119,0.0
120,0.000938415527344
121,0.00229454040527
122,0.00314712524414
123,0.0
124,0.0
125,0.0
126,2.86102294922e-06
127,0.00137615203857
128,0.0029354095459
129,0.0
130,0.0
131,0.0
132,0.000561237335205
133,0.00127410888672
134,0.00356674194336
135,0.0
136,0.0
137,0.0
138,4.90546226501e-05
139,0.00230979919434
140,0.00327110290527
141,0.0
142,0.0
143,0.0
144,0.000645637512207
145,0.00163078308105
146,0.00384140014648
147,0.0
148,0.0
149,0.0
150,0.000426769256592
151,0.001051902771
152,0.00192832946777
153,0.0
154,0.0
155,0.0
156,0.000551700592041
157,0.00132465362549
158,0.00309753417969
159,0.0
160,0.0
161,0.0
162,1.20997428894e-05
163,0.0012903213501
164,0.00178718566895
165,0.0
166,0.0
167,0.0
168,0.000593662261963
169,0.00149250030518
170,0.00326919555664
171,0.0
172,0.0
173,0.0
174,0.000864505767822
175,0.00123596191406
176,0.00189876556396
177,0.0
178,0.0
179,0.0
180,0.000680923461914
181,0.00144100189209
182,0.00209617614746
183,0.0
184,0.0
185,0.0
186,0.000255584716797
187,0.00130558013916
188,0.00279808044434
189,0.0
190,0.0
191,0.0
192,0.000551223754883
193,0.00211334228516
194,0.00446701049805
195,0.0
196,0.0
197,0.0
198,0.000426769256592
199,0.00144004821777
200,0.00242042541504
201,0.0
202,0.0
203,0.0
204,0.000645160675049
205,0.00191307067871
206,0.00176429748535
207,0.0
208,0.0
209,0.0
210,1.98483467102e-05
211,0.00130081176758
212,0.00335693359375
213,0.0
214,0.0
215,0.0
216,6.37769699097e-06
217,0.00103759765625
218,0.00207138061523
219,0.0
220,0.0
221,0.0
222,0.000375747680664
223,0.000889778137207
224,0.00157833099365
225,0.0
226,0.0
227,0.0
228,0.000467777252197
229,0.00111103057861
230,0.00166606903076
231,0.0
232,0.0
233,0.0
234,1.460313797e-05
235,0.00102043151855
236,0.00251388549805
237,0.0
238,0.0
239,0.0
240,0.000426769256592
241,0.00095272064209
242,0.00187969207764
243,0.0
244,0.0
245,0.0
246,0.000426292419434
247,0.0016450881958
248,0.00332641601562
249,0.0
250,0.0
251,0.0
252,0.000645160675049
253,0.00122356414795
254,0.00290489196777
255,0.0
256,0.0
257,0.0
258,0.000166773796082
259,0.00101280212402
260,0.0028076171875
261,0.0
262,0.0
263,0.0
264,0.000479221343994
265,0.000810146331787
266,0.00349807739258
267,0.0
268,0.0
269,0.0
270,0.000214576721191
271,0.00133609771729
272,0.0021858215332
273,0.0
274,0.0
275,0.0
276,0.00110721588135
277,0.00262069702148
278,0.00250244140625
279,0.0
280,0.0
281,0.0
282,0.000763893127441
283,0.0030632019043
284,0.0036792755127
285,0.0
286,0.0
287,0.0
288,0.00043249130249
289,0.000690937042236
290,0.00145244598389
291,0.0
292,0.0
293,0.0
294,0.00043797492981
295,0.00100898742676
296,0.00190162658691
297,0.0
298,0.0
299,0.0
300,0.000432014465332
301,0.000778675079346
302,0.00416946411133
303,0.0
304,0.0
305,0.0
306,0.000469446182251
307,0.00131893157959
308,0.00196266174316
309,0.0
310,0.0
311,0.0
312,0.0002601146698
313,0.000847339630127
314,0.003173828125
315,0.0
316,0.0
317,0.0
318,0.000685214996338
319,0.000938415527344
320,0.00163841247559
321,0.0
322,0.0
323,0.0
324,5.96046447754e-07
325,0.00114059448242
326,0.00278091430664
327,0.0
328,0.0
329,0.0
330,0.000219702720642
331,0.00129413604736
332,0.00181484222412
333,0.0
334,0.0
335,0.0
336,0.000265836715698
337,0.00128841400146
338,0.00247383117676
339,0.0
340,0.0
341,0.0
342,0.000220894813538
343,0.00125503540039
344,0.00246238708496
345,0.0
346,0.0
347,0.0
348,0.000213980674744
349,0.00055980682373
350,0.00205421447754
351,0.0
352,0.0
353,0.0
354,0.000643253326416
355,0.00125122070312
356,0.00266265869141
357,0.0
358,0.0
359,0.0
360,8.10623168945e-06
361,0.000448226928711
362,0.00183486938477
363,0.0
364,0.0
365,0.0
366,0.000232100486755
367,0.000723361968994
368,0.00188255310059
369,0.0
370,0.0
371,0.0
372,0.000426292419434
373,0.000825881958008
374,0.00129985809326
375,0.0
376,0.0
377,0.0
378,0.000514507293701
379,0.000819206237793
380,0.000941753387451
381,0.0
382,0.0
383,0.0
384,0.000229597091675
385,0.0012903213501
386,0.00196647644043
387,0.0
388,0.0
389,0.0
390,0.000443696975708
391,0.00130844116211
392,0.00185585021973
393,0.0
394,0.0
395,0.0
396,0.000255584716797
397,0.000555515289307
398,0.00125217437744
399,0.0
400,0.0
401,0.0
402,1.13248825073e-06
403,0.000235319137573
404,0.000670433044434
405,0.0
406,0.0
407,0.0
408,0.000126361846924
409,0.000767707824707
410,0.00109100341797
411,0.0
412,0.0
413,0.0
414,2.86102294922e-06
415,0.000434637069702
416,0.00183963775635
417,0.0
418,0.0
419,0.0
420,0.00025486946106
421,0.000177025794983
422,0.0010871887207
423,0.0
424,0.0
425,0.0
426,0.000214576721191
427,0.00083065032959
428,0.00182151794434
429,0.0
430,0.0
431,0.0
432,1.72853469849e-06
433,0.000991821289062
434,0.00114250183105
435,0.0
436,0.0
437,0.0
438,0.000218629837036
439,0.000569820404053
440,0.000939846038818
441,0.0
442,0.0
443,0.0
444,0.000261306762695
445,0.000304698944092
446,0.00168037414551
447,0.0
448,0.0
449,0.0
450,0.000215172767639
451,4.38690185547e-05
452,0.000916004180908
453,0.0
454,0.0
455,0.0
456,1.13248825073e-06
457,6.98566436768e-05
458,0.000504493713379
459,0.0
460,0.0
461,0.0
462,0.000257253646851
463,0.00041127204895
464,0.00112438201904
465,0.0
466,0.0
467,0.0
468,1.72853469849e-06
469,0.000838756561279
470,0.000921249389648
471,0.0
472,0.0
473,0.0
474,0.000215649604797
475,0.000827789306641
476,0.0012092590332
477,0.0
478,0.0
479,0.0
480,2.32458114624e-06
481,8.27312469482e-05
482,0.000537872314453
483,0.0
484,0.0
485,0.0
486,2.32458114624e-06
487,0.000459432601929
488,0.00106620788574
489,0.0
490,0.0
491,0.0
492,2.32458114624e-06
493,0.00034236907959
494,0.000859260559082
495,0.0
496,0.0
497,0.0
498,2.32458114624e-06
499,0.00051212310791
500,0.00191974639893
501,0.0
502,0.0
503,0.0
504,0.00022566318512
505,0.000631809234619
506,0.00135612487793
507,0.0
508,0.0
509,0.0
510,5.96046447754e-07
511,0.00031042098999
512,0.0013256072998
513,0.0
514,0.0
515,0.0
516,1.13248825073e-06
517,0.000881195068359
518,0.00232887268066
519,0.0
520,0.0
521,0.0
522,0.000213384628296
523,0.000720500946045
524,0.000839233398438
525,0.0
526,0.0
527,0.0
528,4.21404838562e-05
529,0.00011271238327
530,0.00143814086914
531,0.0
532,0.0
533,0.0
534,1.86562538147e-05
535,0.000759124755859
536,0.00139141082764
537,0.0
538,0.0
539,0.0
540,5.96046447754e-07
541,0.000678539276123
542,0.001220703125
543,0.0
544,0.0
545,0.0
546,1.28746032715e-05
547,0.000183343887329
548,0.000646114349365
549,0.0
550,0.0
551,0.0
552,5.78165054321e-06
553,7.21216201782e-05
554,0.000467300415039
555,0.0
556,0.0
557,0.0
558,0.000338792800903
559,0.000219941139221
560,0.00113296508789
561,0.0
562,0.0
563,0.0
564,4.05311584473e-06
565,0.000103533267975
566,0.000492095947266
567,0.0
568,0.0
569,0.0
570,8.10623168945e-06
571,0.000342845916748
572,0.000771045684814
573,0.0
574,0.0
575,0.0
576,6.37769699097e-06
577,0.00030255317688
578,0.00135898590088
579,0.0
580,0.0
581,0.0
582,1.09672546387e-05
583,0.000373363494873
584,0.00112915039062
585,0.0
586,0.0
587,0.0
588,1.13248825073e-06
589,0.000199675559998
590,0.00116634368896
591,0.0
592,0.0
593,0.0
594,0.0
595,0.000178337097168
596,0.000524520874023
597,0.0
598,0.0
599,0.0
600,0.000422477722168
601,0.000736236572266
602,0.00177764892578
603,0.0
604,0.0
605,0.0
606,1.15633010864e-05
607,0.000126957893372
608,0.000575065612793
609,0.0
610,0.0
611,0.0
612,2.32458114624e-06
613,0.000184893608093
614,0.000638008117676
615,0.0
616,0.0
617,0.0
618,5.78165054321e-06
619,0.000221014022827
620,0.000766277313232
621,0.0
622,0.0
623,0.0
624,5.18560409546e-06
625,0.00010621547699
626,0.00120258331299
627,0.0
628,0.0
629,0.0
630,0.000356197357178
631,0.000651836395264
632,0.000930309295654
633,0.0
634,0.0
635,0.0
636,0.000339269638062
637,0.000104248523712
638,0.000906944274902
639,0.0
640,0.0
641,0.0
642,5.96046447754e-07
643,0.000201821327209
644,0.00110626220703
645,0.0
646,0.0
647,0.0
648,4.21404838562e-05
649,0.000525951385498
650,0.0010232925415
651,0.0
652,0.0
653,0.0
654,1.72853469849e-06
655,5.19156455994e-05
656,0.000377655029297
657,0.0
658,0.0
659,0.0
660,6.37769699097e-06
661,3.69548797607e-05
662,0.000638484954834
663,0.0
664,0.0
665,0.0
666,2.58088111877e-05
667,0.000329494476318
668,0.00175762176514
669,0.0
670,0.0
671,0.0
672,1.4066696167e-05
673,0.000616550445557
674,0.00120258331299
675,0.0
676,0.0
677,0.0
678,1.20997428894e-05
679,0.00017774105072
680,0.000617027282715
681,0.0
682,0.0
683,0.0
684,1.86562538147e-05
685,0.000132203102112
686,0.00054931640625
687,0.0
688,0.0
689,0.0
690,1.03712081909e-05
691,0.000510215759277
692,0.000932216644287
693,0.0
694,0.0
695,0.0
696,7.5101852417e-06
697,0.000125408172607
698,0.0003821849823
699,0.0
700,0.0
701,0.0
702,1.72853469849e-06
703,0.00021493434906
704,0.000783920288086
705,0.0
706,0.0
707,0.0
708,2.32458114624e-06
709,0.000218391418457
710,0.000723361968994
711,0.0
712,0.0
713,0.0
714,5.78165054321e-06
715,5.26905059814e-05
716,0.00068473815918
717,0.0
718,0.0
719,0.0
720,1.72853469849e-06
721,0.000292062759399
722,0.000949859619141
723,0.0
724,0.0
725,0.0
726,6.91413879395e-06
727,9.8705291748e-05
728,0.000587463378906
729,0.0
730,0.0
731,0.0
732,6.37769699097e-06
733,3.46302986145e-05
734,0.000834941864014
735,0.0
736,0.0
737,0.0
738,0.0
739,0.000389337539673
740,0.000689029693604
741,0.0
742,0.0
743,0.0
744,6.37769699097e-06
745,0.000228404998779
746,0.000532627105713
747,0.0
748,0.0
749,0.0
750,9.65595245361e-05
751,0.000466108322144
752,0.0010461807251
753,0.0
754,0.0
755,0.0
756,1.13248825073e-06
757,0.000106394290924
758,0.000940322875977
759,0.0
760,0.0
761,0.0
762,5.96046447754e-07
763,0.000110983848572
764,0.000318765640259
765,0.0
766,0.0
767,0.0
768,1.13248825073e-06
769,0.000240445137024
770,0.000746726989746
771,0.0
772,0.0
773,0.0
774,7.5101852417e-06
775,0.000197052955627
776,0.00096607208252
777,0.0
778,0.0
779,0.0
780,6.90817832947e-05
781,0.00017261505127
782,0.0011625289917
783,0.0
784,0.0
786,0.0
787,1.23381614685e-05
788,0.000134348869324
789,0.000467777252197
790,0.0
791,0.0
792,0.0
793,5.96046447754e-07
794,9.40561294556e-05
795,0.000723361968994
796,0.0
797,0.0
798,0.0
799,1.92523002625e-05
800,0.000187754631042
801,0.000488758087158
802,0.0
803,0.0
804,0.0
805,2.32458114624e-06
806,9.02414321899e-05
807,0.000434875488281
808,0.0
809,0.0
810,0.0
811,1.13248825073e-06
812,0.000138521194458
813,0.000814437866211
814,0.0
815,0.0
816,0.0
817,1.55568122864e-05
818,0.000114858150482
819,0.000545978546143
820,0.0
821,0.0
822,0.0
823,2.32458114624e-06
824,0.000143885612488
825,0.000578880310059
826,0.0
827,0.0
828,0.0
829,6.91413879395e-06
830,0.000185251235962
831,0.000395536422729
832,0.0
833,0.0
834,0.0
835,1.26957893372e-05
836,0.000145316123962
837,0.00106143951416
838,0.0
839,0.0
840,0.0
841,1.13248825073e-06
842,0.000372171401978
843,0.000968456268311
844,0.0
845,0.0
846,0.0
847,4.32729721069e-05
848,0.000617980957031
849,0.000905513763428
850,0.0
851,0.0
852,0.0
853,2.32458114624e-06
854,0.000472068786621
855,0.000648498535156
856,0.0
857,0.0
858,0.0
859,0.0002601146698
860,0.00043511390686
861,0.000919818878174
862,0.0
863,0.0
864,0.0
865,6.37769699097e-06
866,0.000349283218384
867,0.00098991394043
868,0.0
869,0.0
870,0.0
871,6.37769699097e-06
872,3.40342521667e-05
873,0.00075101852417
874,0.0
875,0.0
876,0.0
877,6.37769699097e-06
878,0.000252962112427
879,0.000598430633545
880,0.0
881,0.0
882,0.0
883,5.78165054321e-06
884,0.00011271238327
885,0.000982284545898
886,0.0
887,0.0
888,0.0
889,8.30888748169e-05
890,0.000433921813965
891,0.00083589553833
892,0.0
893,0.0
894,0.0
895,5.18560409546e-06
896,0.000187158584595
897,0.000837326049805
898,0.0
899,0.0
900,0.0
901,0.00017261505127
902,0.000333547592163
903,0.00105476379395
904,0.0
905,0.0
906,0.0
907,5.96046447754e-07
908,0.000274419784546
909,0.000986099243164
910,0.0
911,0.0
912,0.0
913,1.15633010864e-05
914,0.000210642814636
915,0.000564098358154
916,0.0
917,0.0
918,0.0
919,1.20997428894e-05
920,0.000676155090332
921,0.00121974945068
922,0.0
923,0.0
924,0.0
925,4.32729721069e-05
926,0.000154852867126
927,0.000766277313232
928,0.0
929,0.0
930,0.0
931,1.28746032715e-05
932,0.000252723693848
933,0.000907897949219
934,0.0
935,0.0
936,0.0
937,5.88893890381e-05
938,0.000916004180908
939,0.0015115737915
940,0.0
941,0.0
942,0.0
943,4.21404838562e-05
944,9.60230827332e-05
945,0.00112915039062
946,0.0
947,0.0
948,0.0
949,4.21404838562e-05
950,0.000186562538147
951,0.000865936279297
952,0.0
953,0.0
954,0.0
955,4.2736530304e-05
956,0.000800132751465
957,0.00140762329102
958,0.0
959,0.0
960,0.0
961,2.86102294922e-06
962,0.000261545181274
963,0.000699520111084
964,0.0
965,0.0
966,0.0
967,5.18560409546e-06
968,0.00026798248291
969,0.000804901123047
970,0.0
971,0.0
972,0.0
973,8.64267349243e-06
974,0.000255107879639
975,0.000496387481689
976,0.0
977,0.0
978,0.0
979,1.72853469849e-06
980,0.000167369842529
981,0.000298261642456
982,0.0
983,0.0
984,0.0
985,7.5101852417e-06
986,0.000424146652222
987,0.000875949859619
988,0.0
989,0.0
990,0.0
991,5.96046447754e-07
992,0.000129818916321
993,0.000679016113281
994,0.0
995,0.0
996,0.0
997,0.0
998,0.000179529190063
999,0.000466346740723
1000,0.0
1001,0.0
1002,0.0
1003,6.13927841187e-05
1004,5.15580177307e-05
1005,0.000572681427002
1006,0.0
1007,0.0
1008,0.0
1009,1.72853469849e-06
1010,0.000129342079163
1011,0.00103092193604
1012,0.0
1013,0.0
1014,0.0
1015,5.96046447754e-07
1016,0.000184893608093
1017,0.0011043548584
1018,0.0
1019,0.0
1020,0.0
1021,1.13248825073e-06
1022,0.000194668769836
1023,0.000844955444336
1024,0.0
1025,0.0
1026,0.0
1027,2.86102294922e-06
1028,0.000401020050049
1029,0.000745296478271
1030,0.0
1031,0.0
1032,0.0
1033,1.51991844177e-05
1034,0.00075101852417
1035,0.001708984375
1036,0.0
1037,0.0
1038,0.0
1039,1.13248825073e-06
1040,0.000153541564941
1041,0.000416994094849
1042,0.0
1043,0.0
1044,0.0
1045,2.32458114624e-06
1046,0.000465393066406
1047,0.00211334228516
1048,0.0
1049,0.0
1050,0.0
1051,4.2736530304e-05
1052,0.000495433807373
1053,0.000701427459717
1054,0.0
1055,0.0
1056,0.0
1057,1.23381614685e-05
1058,0.000128388404846
1059,0.000381946563721
1060,0.0
1061,0.0
1062,0.0
1063,0.0
1064,0.00016987323761
1065,0.000625133514404
1066,0.0
1067,0.0
1068,0.0
1069,1.20997428894e-05
1070,0.000311851501465
1071,0.000730514526367
1072,0.0
1073,0.0
1074,0.0
1075,3.45706939697e-06
1076,0.000345945358276
1077,0.001145362854
1078,0.0
1079,0.0
1080,0.0
1081,0.000224351882935
1082,0.000417232513428
1083,0.000784397125244
1084,0.0
1085,0.0
1086,0.0
1087,1.4066696167e-05
1088,0.00030255317688
1089,0.00106811523438
1090,0.0
1091,0.0
1092,0.0
1093,4.05311584473e-06
1094,0.000164151191711
1095,0.000658512115479
1096,0.0
1097,0.0
1098,0.0
1099,0.0
1100,0.000118732452393
1101,0.000929355621338
1102,0.0
1103,0.0
1104,0.0
1105,1.13248825073e-06
1106,0.000254392623901
1107,0.00050163269043
1108,0.0
1109,0.0
1110,0.0
1111,1.15633010864e-05
1112,0.000248670578003
1113,0.000594615936279
1114,0.0
1115,0.0
1116,0.0
1117,3.45706939697e-06
1118,0.000537395477295
1119,0.00108051300049
1120,0.0
1121,0.0
1122,0.0
1123,7.5101852417e-06
1124,5.48362731934e-05
1125,0.000748634338379
1126,0.0
1127,0.0
1128,0.0
1129,2.32458114624e-06
1130,8.15987586975e-05
1131,0.000715732574463
1132,0.0
1133,0.0
1134,0.0
1135,1.13248825073e-06
1136,0.000100612640381
1137,0.000306367874146
1138,0.0
1139,0.0
1140,0.0
1141,1.13248825073e-06
1142,0.000949382781982
1143,0.0013427734375
1144,0.0
1145,0.0
1146,0.0
1147,1.13248825073e-06
1148,0.000126957893372
1149,0.000335931777954
1150,0.0
1151,0.0
1152,0.0
1153,1.92523002625e-05
1154,0.000150680541992
1155,0.000862598419189
1156,0.0
1157,0.0
1158,0.0
1159,1.72853469849e-06
1160,9.60230827332e-05
1161,0.000417232513428
1162,0.0
1163,0.0
1164,0.0
1165,5.78165054321e-06
1166,0.000188708305359
1167,0.000970840454102
1168,0.0
1169,0.0
1170,0.0
1171,5.78165054321e-06
1172,0.000215291976929
1173,0.000812530517578
1174,0.0
1175,0.0
1176,0.0
1177,1.09672546387e-05
1178,0.000178933143616
1179,0.000485897064209
1180,0.0
1181,0.0
1182,0.0
1183,1.13248825073e-06
1184,3.80873680115e-05
1185,0.000553131103516
1186,0.0
1187,0.0
1188,0.0
1189,1.28746032715e-05
1190,0.00038743019104
1191,0.00137805938721
1192,0.0
1193,0.0
1194,0.0
1195,1.13248825073e-06
1196,0.000178098678589
1197,0.00131034851074
1198,0.0
1199,0.0
1200,0.0
1201,8.64267349243e-06
1202,0.000124096870422
1203,0.000808238983154
1204,0.0
1205,0.0
1206,0.0
1207,9.60230827332e-05
1208,0.000409126281738
1209,0.00147151947021
1210,0.0
1211,0.0
1212,0.0
1213,4.15444374084e-05
1214,0.000356435775757
1215,0.00215339660645
1216,0.0
1217,0.0
1218,0.0
1219,4.21404838562e-05
1220,8.30888748169e-05
1221,0.000303506851196
1222,0.0
1223,0.0
1224,0.0
1225,5.78165054321e-06
1226,0.000116586685181
1227,0.000651836395264
1228,0.0
1229,0.0
1230,0.0
1231,4.84585762024e-05
1232,0.000199675559998
1233,0.000529766082764
1234,0.0
1235,0.0
1236,0.0
1237,6.91413879395e-06
1238,0.000259399414062
1239,0.000899791717529
1240,0.0
1241,0.0
1242,0.0
1243,2.32458114624e-06
1244,0.000142216682434
1245,0.000905513763428
1246,0.0
1247,0.0
1248,0.0
1249,7.5101852417e-06
1250,9.27448272705e-05
1251,0.00118064880371
1252,0.0
1253,0.0
1254,0.0
1255,1.13248825073e-06
1256,0.000332593917847
1257,0.00101947784424
1258,0.0
1259,0.0
1260,0.0
1261,1.13248825073e-06
1262,0.000163197517395
1263,0.000730514526367
1264,0.0
1265,0.0
1266,0.0
1267,2.32458114624e-06
1268,0.000578880310059
1269,0.00134181976318
1270,0.0
1271,0.0
1272,0.0
1273,8.88705253601e-05
1274,0.000297546386719
1275,0.0019702911377
1276,0.0
1277,0.0
1278,0.0
1279,1.28746032715e-05
1280,0.000307321548462
1281,0.000946044921875
1282,0.0
1283,0.0
1284,0.0
1285,1.13248825073e-06
1286,0.000135064125061
1287,0.00062370300293
1288,0.0
1289,0.0
1290,0.0
1291,1.13248825073e-06
1292,0.000254154205322
1293,0.00129890441895
1294,0.0
1295,0.0
1296,0.0
1297,1.13248825073e-06
1298,0.000240921974182
1299,0.000751972198486
1300,0.0
1301,0.0
1302,0.0
1303,0.000183701515198
1304,0.000469446182251
1305,0.00115776062012
1306,0.0
1307,0.0
1308,0.0
1309,1.92523002625e-05
1310,0.000305414199829
1311,0.000639915466309
1312,0.0
1313,0.0
1314,0.0
1315,5.96046447754e-07
1316,0.000535488128662
1317,0.000859260559082
1318,0.0
1319,0.0
1320,0.0
1321,5.96046447754e-07
1322,0.000499248504639
1323,0.0010347366333
1324,0.0
1325,0.0
1326,0.0
1327,1.4066696167e-05
1328,0.000156760215759
1329,0.000646114349365
1330,0.0
1331,0.0
1332,0.0
1333,4.79221343994e-05
1334,0.000173091888428
1335,0.00122451782227
1336,0.0
1337,0.0
1338,0.0
1339,2.32458114624e-06
1340,0.000597476959229
1341,0.00136280059814
1342,0.0
1343,0.0
1344,0.0
1345,8.88705253601e-05
1346,0.000196099281311
1347,0.000722885131836
1348,0.0
1349,0.0
1350,0.0
1351,2.32458114624e-06
1352,0.00029468536377
1353,0.000521659851074
1354,0.0
1355,0.0
1356,0.0
1357,6.37769699097e-06
1358,0.000169277191162
1359,0.00066614151001
1360,0.0
1361,0.0
1362,0.0
1363,1.72853469849e-06
1364,9.94801521301e-05
1365,0.000498294830322
1366,0.0
1367,0.0
1368,0.0
1369,5.96046447754e-07
1370,0.000277042388916
1371,0.000770092010498
1372,0.0
1373,0.0
1374,0.0
1375,1.72853469849e-06
1376,0.000319004058838
1377,0.00168609619141
1378,0.0
1379,0.0
1380,0.0
1381,4.55975532532e-05
1382,0.000480175018311
1383,0.00176811218262
1384,0.0
1385,0.0
1386,0.0
1387,1.13248825073e-06
1388,0.00011545419693
1389,0.000642776489258
1390,0.0
1391,0.0
1392,0.0
1393,2.32458114624e-06
1394,0.000138878822327
1395,0.000447988510132
1396,0.0
1397,0.0
1398,0.0
1399,4.84585762024e-05
1400,0.000399112701416
1401,0.000317096710205
1402,0.0
1403,0.0
1404,0.0
1405,1.34706497192e-05
1406,0.000625610351562
1407,0.00109767913818
1408,0.0
1409,0.0
1410,0.0
1411,2.86102294922e-06
1412,0.00029444694519
1413,0.000910758972168
1414,0.0
1415,0.0
1416,0.0
1417,1.09672546387e-05
1418,0.00011795759201
1419,0.000945091247559
1420,0.0
1421,0.0
1422,0.0
1423,1.28746032715e-05
1424,8.21352005005e-05
1425,0.000510692596436
1426,0.0
1427,0.0
1428,0.0
1429,4.32729721069e-05
1430,0.000295877456665
1431,0.000994682312012
1432,0.0
1433,0.0
1434,0.0
1435,0.0
1436,0.000137329101562
1437,0.000978469848633
1438,0.0
1439,0.0
1440,0.0
1441,5.78165054321e-06
1442,0.000182032585144
1443,0.00125598907471
1444,0.0
1445,0.0
1446,0.0
1447,0.000171422958374
1448,0.000239729881287
1449,0.000536441802979
1450,0.0
1451,0.0
1452,0.0
1453,2.33054161072e-05
1454,0.000164866447449
1455,0.000577926635742
1456,0.0
1457,0.0
1458,0.0
1459,4.79221343994e-05
1460,0.000374317169189
1461,0.00114345550537
1462,0.0
1463,0.0
1464,0.0
1465,1.15633010864e-05
1466,6.36577606201e-05
1467,0.00121307373047
1468,0.0
1469,0.0
1470,0.0
1471,5.56111335754e-05
1472,0.000288963317871
1473,0.000534057617188
1474,0.0
1475,0.0
1476,0.0
1477,5.78165054321e-06
1478,0.000379085540771
1479,0.000465869903564
1480,0.0
1481,0.0
1482,0.0
1483,6.91413879395e-06
1484,0.000751972198486
1485,0.00170707702637
1486,0.0
1487,0.0
1488,0.0
1489,5.78165054321e-06
1490,0.00013279914856
1491,0.00105953216553
1492,0.0
1493,0.0
1494,0.0
1495,1.09672546387e-05
1496,0.000170826911926
1497,0.000854015350342
1498,0.0
1499,0.0
1500,0.0
1501,9.11951065063e-05
1502,0.000272512435913
1503,0.000749588012695
1504,0.0
1505,0.0
1506,0.0
1507,5.18560409546e-06
1508,0.000145792961121
1509,0.00090503692627
1510,0.0
1511,0.0
1512,0.0
1513,1.13248825073e-06
1514,0.000145673751831
1515,0.00130081176758
1516,0.0
1517,0.0
1518,0.0
1519,1.20997428894e-05
1520,0.000151753425598
1521,0.000385761260986
1522,0.0
1523,0.0
1524,0.0
1525,1.38282775879e-05
1526,0.000675678253174
1527,0.000974655151367
1528,0.0
1529,0.0
1530,0.0
1531,5.96046447754e-07
1532,0.000423669815063
1533,0.00110626220703
1534,0.0
1535,0.0
1536,0.0
1537,1.09672546387e-05
1538,0.000393390655518
1539,0.00131702423096
1540,0.0
1541,0.0
1542,0.0
1543,1.15633010864e-05
1544,0.00019371509552
1545,0.00167942047119
1546,0.0
1547,0.0
1548,0.0
1549,0.0
1550,0.000219345092773
1551,0.00130748748779
1552,0.0
1553,0.0
1554,0.0
1555,5.96046447754e-07
1556,0.000113725662231
1557,0.00103855133057
1558,0.0
1559,0.0
1560,0.0
1561,1.72853469849e-06
1562,6.1571598053e-05
1563,0.000481367111206
38319,0.0
38320,0.0
38322,0.0
38323,1.72853469849e-06
38324,0.000227570533752
38325,0.00147151947021
38326,0.0
38327,0.0
38328,0.0
38329,8.10623168945e-06
38330,0.000489234924316
38331,0.00104808807373
38332,0.0
38333,0.0
38334,0.0
38335,6.37769699097e-06
38336,0.000507831573486
38337,0.00078296661377
38338,0.0
38339,0.0
38340,0.0
38341,0.000224351882935
38342,0.000433444976807
38343,0.000768661499023
38344,0.0
38345,0.0
38346,0.0
38347,8.10623168945e-06
38348,0.000174880027771
38349,0.000802040100098
38350,0.0
38351,0.0
38352,0.0
38353,0.00042200088501
38354,0.000654697418213
38355,0.00111389160156
38356,0.0
38357,0.0
38358,0.0
38359,1.4066696167e-05
38360,0.000292301177979
38361,0.000921249389648
38362,0.0
38363,0.0
38364,0.0
38365,0.0
38366,0.000137567520142
38367,0.00068998336792
38368,0.0
38369,0.0
38370,0.0
38371,2.86102294922e-06
38372,0.000273942947388
38373,0.000540256500244
38374,0.0
38375,0.0
38376,0.0
38377,0.000213980674744
38378,0.000387668609619
38379,0.000966548919678
38380,0.0
38381,0.0
38382,0.0
38383,4.42266464233e-05
38384,0.000206112861633
38385,0.000486612319946
38386,0.0
38387,0.0
38388,0.0
38389,2.32458114624e-06
38390,0.00068998336792
38391,0.00154781341553
38392,0.0
38393,0.0
38394,0.0
38395,9.83476638794e-06
38396,0.000325679779053
38397,0.00127124786377
38398,0.0
38399,0.0
38400,0.0
38401,5.78165054321e-06
38402,0.000520706176758
38403,0.000916481018066
38404,0.0
38405,0.0
38406,0.0
38407,0.000215172767639
38408,0.00052547454834
38409,0.00212478637695
38410,0.0
38411,0.0
38412,0.0
38413,4.38690185547e-05
38414,0.000126004219055
38415,0.00117778778076
38416,0.0
38417,0.0
38418,0.0
38419,4.15444374084e-05
38420,0.000811576843262
38421,0.00127506256104
38422,0.0
38423,0.0
38424,0.0
38425,5.96046447754e-07
38426,0.000267267227173
38427,0.001296043396
38428,0.0
38429,0.0
38430,0.0
38431,4.21404838562e-05
38432,0.000198364257812
38433,0.000845909118652
38434,0.0
38435,0.0
38436,0.0
38437,0.000167965888977
38438,0.000306606292725
38439,0.00133037567139
38440,0.0
38441,0.0
38442,0.0
38443,3.45706939697e-06
38444,0.000297546386719
38445,0.00174045562744
38446,0.0
38447,0.0
38448,0.0
38449,1.09672546387e-05
38450,0.000593185424805
38451,0.00164127349854
38452,0.0
38453,0.0
38454,0.0
38455,1.13248825073e-06
38456,0.000647068023682
38457,0.00169086456299
38458,0.0
38459,0.0
38460,0.0
38461,0.000147938728333
38462,0.000531673431396
38463,0.00104999542236
38464,0.0
38465,0.0
38466,0.0
38467,6.91413879395e-06
38468,0.000120043754578
38469,0.000617980957031
38470,0.0
38471,0.0
38472,0.0
38473,1.13248825073e-06
38474,0.000686168670654
38475,0.00104713439941
38476,0.0
38477,0.0
38478,0.0
38479,1.4066696167e-05
38480,0.000304460525513
38481,0.00152111053467
38482,0.0
38483,0.0
38484,0.0
38485,5.96046447754e-07
38486,0.000245809555054
38487,0.000523090362549
38488,0.0
38489,0.0
38490,0.0
38491,1.72853469849e-06
38492,7.79032707214e-05
38493,0.00098991394043
38494,0.0
38495,0.0
38496,0.0
38497,4.32729721069e-05
38498,0.000428915023804
38499,0.000995635986328
38500,0.0
38501,0.0
38502,0.0
38503,0.000170826911926
38504,0.000648975372314
38505,0.00139808654785
38506,0.0
38507,0.0
38508,0.0
38509,1.13248825073e-06
38510,0.000384330749512
38511,0.000956058502197
38512,0.0
38513,0.0
38514,0.0
38515,4.38690185547e-05
38516,0.000348329544067
38517,0.00178241729736
38518,0.0
38519,0.0
38520,0.0
38521,1.15633010864e-05
38522,0.000196218490601
38523,0.00120258331299
38524,0.0
38525,0.0
38526,0.0
38527,8.42809677124e-05
38528,0.000180125236511
38529,0.000523090362549
38530,0.0
38531,0.0
38532,0.0
38533,2.32458114624e-06
38534,0.000348567962646
38535,0.00137042999268
38536,0.0
38537,0.0
38538,0.0
38539,6.37769699097e-06
38540,9.90629196167e-05
38541,0.000753402709961
38542,0.0
38543,0.0
38544,0.0
38545,4.84585762024e-05
38546,0.00029468536377
38547,0.000951766967773
38548,0.0
38549,0.0
38550,0.0
38551,6.91413879395e-06
38552,0.000220417976379
38553,0.00112915039062
38554,0.0
38555,0.0
38556,0.0
38557,1.09672546387e-05
38558,8.48174095154e-05
38559,0.000545024871826
38560,0.0
38561,0.0
38562,0.0
38563,4.32729721069e-05
38564,0.000557899475098
38565,0.00160884857178
38566,0.0
38567,0.0
38568,0.0
38569,8.36849212646e-05
38570,0.000543117523193
38571,0.00209045410156
38572,0.0
38573,0.0
38574,0.0
38575,6.91413879395e-06
38576,0.000497341156006
38577,0.0013952255249
38578,0.0
38579,0.0
38580,0.0
38581,1.34706497192e-05
38582,0.000354528427124
38583,0.000703811645508
38584,0.0
38585,0.0
38586,0.0
38587,1.03712081909e-05
38588,0.000207185745239
38589,0.00203132629395
38590,0.0
38591,0.0
38592,0.0
38593,0.0
38594,0.000206470489502
38595,0.000718593597412
38596,0.0
38597,0.0
38598,0.0
38599,5.73396682739e-05
38600,0.0002760887146
38601,0.00106143951416
38602,0.0
38603,0.0
38604,0.0
38605,0.00013279914856
38606,0.000329971313477
38607,0.00113010406494
38608,0.0
38609,0.0
38610,0.0
38611,5.96046447754e-07
38612,0.000241279602051
38613,0.00127983093262
38614,0.0
38615,0.0
38616,0.0
38617,1.15633010864e-05
38618,0.000327587127686
38619,0.00116062164307
38620,0.0
38621,0.0
38622,0.0
38623,1.13248825073e-06
38624,0.00012481212616
38625,0.00116920471191
38626,0.0
38627,0.0
38628,0.0
38629,5.78165054321e-06
38630,8.8095664978e-05
38631,0.00084114074707
38632,0.0
38633,0.0
38634,0.0
38635,9.00626182556e-05
38636,0.00055456161499
38637,0.00154781341553
38638,0.0
38639,0.0
38640,0.0
38641,0.00017774105072
38642,0.000142216682434
38643,0.00124454498291
38644,0.0
38645,0.0
38646,0.0
38647,8.64267349243e-06
38648,0.000354051589966
38649,0.00169467926025
38650,0.0
38651,0.0
38652,0.0
38653,6.91413879395e-06
38654,0.00034499168396
38655,0.00119590759277
38656,0.0
38657,0.0
38658,0.0
38659,5.78165054321e-06
38660,0.000147342681885
38661,0.00112438201904
38662,0.0
38663,0.0
38664,0.0
38665,1.13248825073e-06
38666,0.000170826911926
38667,0.000481843948364
38668,0.0
38669,0.0
38670,0.0
38671,1.72853469849e-06
38672,0.000361204147339
38673,0.00147724151611
38674,0.0
38675,0.0
38676,0.0
38677,6.91413879395e-06
38678,0.000354051589966
38679,0.00074291229248
38680,0.0
38681,0.0
38682,0.0
38683,5.18560409546e-06
38684,4.44650650024e-05
38685,0.000717639923096
38686,0.0
38687,0.0
38688,0.0
38689,4.90546226501e-05
38690,0.000468254089355
38691,0.00089168548584
38692,0.0
38693,0.0
38694,0.0
38695,1.460313797e-05
38696,0.000240087509155
38697,0.00174236297607
38698,0.0
38699,0.0
38700,0.0
38701,8.60095024109e-05
38702,0.00023353099823
38703,0.00100898742676
38704,0.0
38705,0.0
38706,0.0
38707,5.96046447754e-07
38708,0.000285387039185
38709,0.000635623931885
38710,0.0
38711,0.0
38712,0.0
38713,5.96642494202e-05
38714,0.000494480133057
38715,0.00101375579834
38716,0.0
38717,0.0
38718,0.0
38719,1.4066696167e-05
38720,0.000434875488281
38721,0.00149250030518
38722,0.0
38723,0.0
38724,0.0
38725,5.18560409546e-06
38726,0.000114858150482
38727,0.00145816802979
38728,0.0
38729,0.0
38730,0.0
38731,2.86102294922e-06
38732,0.00027322769165
38733,0.000916481018066
38734,0.0
38735,0.0
38736,0.0
38737,0.0
38738,0.000126361846924
38739,0.00133991241455
38740,0.0
38741,0.0
38742,0.0
38743,1.13248825073e-06
38744,0.000114262104034
38745,0.00122451782227
38746,0.0
38747,0.0
38748,0.0
38749,5.78165054321e-06
38750,0.000146627426147
38751,0.000500679016113
38752,0.0
38753,0.0
38754,0.0
38755,5.18560409546e-06
38756,0.000625133514404
38757,0.00136566162109
38758,0.0
38759,0.0
38760,0.0
38761,0.000167965888977
38762,8.85128974915e-05
38763,0.000617504119873
38764,0.0
38765,0.0
38766,0.0
38767,2.09808349609e-05
38768,0.000472545623779
38769,0.00145626068115
38770,0.0
38771,0.0
38772,0.0
38773,2.75373458862e-05
38774,0.000613689422607
38775,0.00129508972168
38776,0.0
38777,0.0
38778,0.0
38779,1.72853469849e-06
38780,0.000240921974182
38781,0.0012731552124
38782,0.0
38783,0.0
38784,0.0
38785,2.32458114624e-06
38786,0.000177145004272
38787,0.00126552581787
38788,0.0
38789,0.0
38790,0.0
38791,1.03712081909e-05
38792,0.000186562538147
38793,0.00132942199707
38794,0.0
38795,0.0
38796,0.0
38797,0.000166177749634
38798,0.000347137451172
38799,0.000905990600586
38800,0.0
38801,0.0
38802,0.0
38803,1.13248825073e-06
38804,0.000319719314575
38805,0.000771522521973
38806,0.0
38807,0.0
38808,0.0
38809,0.000186562538147
38810,0.000643253326416
38811,0.00119495391846
38812,0.0
38813,0.0
38814,0.0
38815,5.90682029724e-05
38816,0.000246524810791
38817,0.00141716003418
38818,0.0
38819,0.0
38820,0.0
38821,6.37769699097e-06
38822,8.83340835571e-05
38823,0.000715732574463
38824,0.0
38825,0.0
38826,0.0
38827,4.21404838562e-05
38828,0.000447511672974
38829,0.000786304473877
38830,0.0
38831,0.0
38832,0.0
38833,1.78813934326e-05
38834,0.000372409820557
38835,0.00135326385498
38836,0.0
38837,0.0
38838,0.0
38839,1.72853469849e-06
38840,0.000310182571411
38841,0.00121593475342
38842,0.0
38843,0.0
38844,0.0
38845,1.13248825073e-06
38846,0.000604629516602
38847,0.00113868713379
38848,0.0
38849,0.0
38850,0.0
38851,4.79221343994e-05
38852,0.000162720680237
38853,0.00106811523438
38854,0.0
38855,0.0
38856,0.0
38857,0.0
38858,0.000110805034637
38859,0.00083065032959
38860,0.0
38861,0.0
38862,0.0
38863,1.13248825073e-06
38864,0.000290393829346
38865,0.000521183013916
38866,0.0
38867,0.0
38868,0.0
38869,3.45706939697e-06
38870,0.000184893608093
38871,0.000522136688232
38872,0.0
38873,0.0
38874,0.0
38875,1.4066696167e-05
38876,0.000284433364868
38877,0.00149917602539
38878,0.0
38879,0.0
38880,0.0
38881,4.2736530304e-05
38882,0.000313758850098
38883,0.00107002258301
38884,0.0
38885,0.0
38886,0.0
38887,2.86102294922e-06
38888,8.15987586975e-05
38889,0.00138187408447
38890,0.0
38891,0.0
38892,0.0
38893,1.09672546387e-05
38894,0.000151038169861
38895,0.000943660736084
38896,0.0
38897,0.0
38898,0.0
38899,1.61528587341e-05
38900,0.000181794166565
38901,0.000622272491455
38902,0.0
38903,0.0
38904,0.0
38905,1.72853469849e-06
38906,0.000183701515198
38907,0.00113296508789
38908,0.0
38909,0.0
38910,0.0
38911,1.28746032715e-05
38912,0.000709533691406
38913,0.00159358978271
38914,0.0
38915,0.0
38916,0.0
38917,1.34706497192e-05
38918,0.000503540039062
38919,0.00198173522949
38920,0.0
38921,0.0
38922,0.0
38923,5.96046447754e-07
38924,0.000921249389648
38925,0.00335502624512
38926,0.0
38927,0.0
38928,0.0
38929,8.10623168945e-06
38930,0.000655174255371
38931,0.00150680541992
38932,0.0
38933,0.0
38934,0.0
38935,1.63316726685e-05
38936,0.000775337219238
38937,0.0023365020752
38938,0.0
38939,0.0
38940,0.0
38941,5.18560409546e-06
38942,0.000258207321167
38943,0.00100421905518
38944,0.0
38945,0.0
38946,0.0
38947,5.56111335754e-05
38948,0.000170588493347
38949,0.00129985809326
38950,0.0
38951,0.0
38952,0.0
38953,1.72853469849e-06
38954,0.000171780586243
38955,0.00108432769775
38956,0.0
38957,0.0
38958,0.0
38959,1.72853469849e-06
38960,0.000537395477295
38961,0.00111770629883
38962,0.0
38963,0.0
38964,0.0
38965,0.000260829925537
38966,0.000466346740723
38967,0.00147533416748
38968,0.0
38969,0.0
38970,0.0
38971,1.15633010864e-05
38972,0.00026273727417
38973,0.00137042999268
38974,0.0
38975,0.0
38976,0.0
38977,1.13248825073e-06
38978,0.000665664672852
38979,0.00118923187256
38980,0.0
38981,0.0
38982,0.0
38983,5.96046447754e-07
38984,0.000331878662109
38985,0.000931262969971
38986,0.0
38987,0.0
38988,0.0
38989,1.15633010864e-05
38990,0.000128746032715
38991,0.000971794128418
38992,0.0
38993,0.0
38994,0.0
38995,5.96046447754e-07
38996,0.000126838684082
38997,0.000431299209595
38998,0.0
38999,0.0
39000,0.0
39001,1.13248825073e-06
39002,0.000519752502441
39003,0.00140476226807
39004,0.0
39005,0.0
39006,0.0
39007,7.5101852417e-06
39008,0.00021755695343
39009,0.000895500183105
39010,0.0
39011,0.0
39012,0.0
39013,1.72853469849e-06
39014,0.000229954719543
39015,0.000956535339355
39016,0.0
39017,0.0
39018,0.0
39019,0.000213980674744
39020,0.000305414199829
39021,0.00153732299805
39022,0.0
39023,0.0
39024,0.0
39025,1.13248825073e-06
39026,0.000309228897095
39027,0.00132179260254
39028,0.0
39029,0.0
39030,0.0
39031,2.32458114624e-06
39032,0.000167369842529
39033,0.00108814239502
39034,0.0
39035,0.0
39036,0.0
39037,1.13248825073e-06
39038,0.000155687332153
39039,0.000868320465088
39040,0.0
39041,0.0
39042,0.0
39043,9.23871994019e-06
39044,0.000310182571411
39045,0.00117588043213
39046,0.0
39047,0.0
39048,0.0
39049,0.000379085540771
39050,0.000577449798584
39051,0.00134563446045
39052,0.0
39053,0.0
39054,0.0
39055,1.80602073669e-05
39056,0.000279188156128
39057,0.00119400024414
39058,0.0
39059,0.0
39060,0.0
39061,9.00626182556e-05
39062,0.000479936599731
39063,0.00104713439941
39064,0.0
39065,0.0
39066,0.0
39067,5.96046447754e-07
39068,0.000431299209595
39069,0.00136184692383
39070,0.0
39071,0.0
39072,0.0
39073,5.78165054321e-06
39074,0.000380039215088
39075,0.000816345214844
39076,0.0
39077,0.0
39078,0.0
39079,2.32458114624e-06
39080,0.000630855560303
39081,0.000908374786377
39082,0.0
39083,0.0
39084,0.0
39085,0.000218629837036
39086,0.000161409378052
39087,0.00128078460693
39088,0.0
39089,0.0
39090,0.0
39091,0.000542163848877
39092,0.00059175491333
39093,0.00138282775879
39094,0.0
39095,0.0
39096,0.0
39097,0.000223159790039
39098,0.000665187835693
39099,0.00104236602783
39100,0.0
39101,0.0
39102,0.0
39104,2.86102294922e-06
39105,0.000240325927734
39106,0.000697612762451
39107,0.0
39108,0.0
39109,0.0
39110,2.86102294922e-06
39111,0.000482320785522
39112,0.00161743164062
39113,0.0
39114,0.0
39115,0.0
39116,4.21404838562e-05
39117,0.000171422958374
39118,0.000997543334961
39119,0.0
39120,0.0
39121,0.0
39122,0.0
39123,0.000408411026001
39124,0.00103282928467
39125,0.0
39126,0.0
39127,0.0
39128,5.42402267456e-05
39129,0.000273466110229
39130,0.00089168548584
39131,0.0
39132,0.0
39133,0.0
39134,5.96046447754e-07
39135,0.000271797180176
39136,0.0020637512207
39137,0.0
39138,0.0
39139,0.0
39140,5.96046447754e-07
39141,0.000279426574707
39142,0.000789642333984
39143,0.0
39144,0.0
39145,0.0
39146,5.96046447754e-07
39147,0.00044584274292
39148,0.00165462493896
39149,0.0
39150,0.0
39151,0.0
39152,4.73260879517e-05
39153,0.000527381896973
39154,0.00077486038208
39155,0.0
39156,0.0
39157,0.0
39158,5.96046447754e-07
39159,8.77380371094e-05
39160,0.00143432617188
39161,0.0
39162,0.0
39163,0.0
39164,1.72853469849e-06
39165,0.000215530395508
39166,0.00125312805176
39167,0.0
39168,0.0
39169,0.0
39170,0.000334739685059
39171,0.000448942184448
39172,0.00167274475098
39173,0.0
39174,0.0
39175,0.0
39176,9.11951065063e-05
39177,0.000754356384277
39178,0.00110912322998
39179,0.0
39180,0.0
39181,0.0
39182,7.5101852417e-06
39183,0.000147581100464
39184,0.00063943862915
39185,0.0
39186,0.0
39187,0.0
39188,5.18560409546e-06
39189,0.000579833984375
39190,0.0011739730835
39191,0.0
39192,0.0
39193,0.0
39194,2.32458114624e-06
39195,0.000121235847473
39196,0.00142383575439
39197,0.0
39198,0.0
39199,0.0
39200,2.32458114624e-06
39201,0.000724792480469
39202,0.00148963928223
39203,0.0
39204,0.0
39205,0.0
39206,0.0
39207,0.000251054763794
39208,0.000597953796387
39209,0.0
39210,0.0
39211,0.0
39212,4.2736530304e-05
39213,9.48309898376e-05
39214,0.00118827819824
39215,0.0
39216,0.0
39217,0.0
39218,0.0
39219,0.000344753265381
39220,0.00104427337646
39221,0.0
39222,0.0
39223,0.0
39224,6.53862953186e-05
39225,0.000169515609741
39226,0.00121784210205
39227,0.0
39228,0.0
39229,0.0
39230,1.13248825073e-06
39231,0.000264406204224
39232,0.000914096832275
39233,0.0
39234,0.0
39235,0.0
39236,8.94665718079e-05
39237,0.000291109085083
39238,0.000662326812744
39239,0.0
39240,0.0
39241,0.0
39242,5.96046447754e-07
39243,0.000135660171509
39244,0.00115966796875
39245,0.0
39246,0.0
39247,0.0
39248,1.4066696167e-05
39249,9.42945480347e-05
39250,0.00118064880371
39251,0.0
39252,0.0
39253,0.0
39254,2.33054161072e-05
39255,0.00025463104248
39256,0.000903129577637
39257,0.0
39258,0.0
39259,0.0
39260,0.000136733055115
39261,0.000298500061035
39262,0.000714778900146
39263,0.0
39264,0.0
39265,0.0
39266,5.78165054321e-06
39267,0.000400066375732
39268,0.00133037567139
39269,0.0
39270,0.0
39271,0.0
39272,3.03983688354e-05
39273,0.000200510025024
39274,0.00106525421143
39275,0.0
39276,0.0
39277,0.0
39278,2.32458114624e-06
39279,0.000377893447876
39280,0.00134181976318
39281,0.0
39282,0.0
39283,0.0
39284,2.32458114624e-06
39285,0.000410795211792
39286,0.000955104827881
39287,0.0
39288,0.0
39289,0.0
39290,1.78813934326e-05
39291,0.000186324119568
39292,0.000477313995361
39293,0.0
39294,0.0
39295,0.0
39296,0.0
39297,0.000141024589539
39298,0.000765323638916
39299,0.0
39300,0.0
39301,0.0
39302,1.72853469849e-06
39303,0.000129818916321
39304,0.000758647918701
39305,0.0
39306,0.0
39307,0.0
39308,5.96046447754e-07
39309,0.000531673431396
39310,0.00114822387695
39311,0.0
39312,0.0
39313,0.0
39314,2.32458114624e-06
39315,0.000161170959473
39316,0.00105285644531
39317,0.0
39318,0.0
39319,0.0
39320,4.38690185547e-05
39321,0.000854015350342
39322,0.00156784057617
39323,0.0
39324,0.0
39325,0.0
39326,7.5101852417e-06
39327,0.000225305557251
39328,0.00122356414795
39329,0.0
39330,0.0
39331,0.0
39332,5.94258308411e-05
39333,0.00020956993103
39334,0.0010871887207
39335,0.0
39336,0.0
39337,0.0
39338,6.37769699097e-06
39339,0.00040602684021
39340,0.000946521759033
39341,0.0
39342,0.0
39343,0.0
39344,2.32458114624e-06
39345,0.00021493434906
39346,0.0016393661499
39347,0.0
39348,0.0
39349,0.0
39350,7.5101852417e-06
39351,0.000476837158203
39352,0.00179004669189
39353,0.0
39354,0.0
39355,0.0
39356,4.2736530304e-05
39357,0.00033164024353
39358,0.000606536865234
39359,0.0
39360,0.0
39361,0.0
39362,1.86562538147e-05
39363,0.000107944011688
39364,0.000604629516602
39365,0.0
39366,0.0
39367,0.0
39368,2.86102294922e-06
39369,0.000103533267975
39370,0.000913619995117
39371,0.0
39372,0.0
39373,0.0
39374,1.13248825073e-06
39375,7.79032707214e-05
39376,0.000883102416992
39377,0.0
39378,0.0
39379,0.0
39380,6.37769699097e-06
39381,0.000214338302612
39382,0.000767230987549
39383,0.0
39384,0.0
39385,0.0
39386,8.64267349243e-06
39387,0.000712394714355
39388,0.00106525421143
39389,0.0
39390,0.0
39391,0.0
39392,5.42402267456e-05
39393,5.48362731934e-05
39394,0.000729560852051
39395,0.0
39396,0.0
39397,0.0
39398,1.34706497192e-05
39399,0.000102341175079
39400,0.000890254974365
39401,0.0
39402,0.0
39403,0.0
39404,1.13248825073e-06
39405,0.000501155853271
39406,0.00109195709229
39407,0.0
39408,0.0
39409,0.0
39410,5.96046447754e-07
39411,0.000291585922241
39412,0.000770092010498
39413,0.0
39414,0.0
39415,0.0
39416,5.96046447754e-07
39417,0.000394344329834
39418,0.00113296508789
39419,0.0
39420,0.0
39421,0.0
39422,1.09672546387e-05
39423,0.00031852722168
39424,0.000862598419189
39425,0.0
39426,0.0
39427,0.0
39428,2.32458114624e-06
39429,0.000656604766846
39430,0.00063419342041
39431,0.0
39432,0.0
39433,0.0
39434,5.96046447754e-07
39435,0.000218510627747
39436,0.00168418884277
39437,0.0
39438,0.0
39439,0.0
39440,1.72853469849e-06
39441,6.56247138977e-05
39442,0.000759124755859
39443,0.0
39444,0.0
39445,0.0
39446,5.96046447754e-07
39447,0.000148773193359
39448,0.00066089630127
39449,0.0
39450,0.0
39451,0.0
39452,1.15633010864e-05
39453,0.000283479690552
39454,0.000970840454102
39455,0.0
39456,0.0
39457,0.0
39458,2.32458114624e-06
39459,0.000149965286255
39460,0.0016565322876
39461,0.0
39462,0.0
39463,0.0
39464,5.25116920471e-05
39465,0.000377178192139
39466,0.00105857849121
39467,0.0
39468,0.0
39469,0.0
39470,3.45706939697e-06
39471,0.000134110450745
39472,0.0017557144165
39473,0.0
39474,0.0
39475,0.0
39476,1.92523002625e-05
39477,0.000558376312256
39478,0.00156402587891
39479,0.0
39480,0.0
39481,0.0
39482,1.72853469849e-06
39483,6.83069229126e-05
39484,0.00131988525391
39485,0.0
39486,0.0
39487,0.0
39488,5.96046447754e-07
39489,0.00013530254364
39490,0.000789642333984
39491,0.0
39492,0.0
39493,0.0
39494,1.72853469849e-06
39495,0.000299453735352
39496,0.00105094909668
39497,0.0
39498,0.0
39499,0.0
39500,0.0
39501,0.00014317035675
39502,0.00105381011963
39503,0.0
39504,0.0
39505,0.0
39506,0.0
39507,0.000504493713379
39508,0.00137710571289
39509,0.0
39510,0.0
39511,0.0
39512,0.0
39513,0.000162959098816
39514,0.0018835067749
39515,0.0
39516,0.0
39517,0.0
39518,6.65783882141e-05
39519,0.000974655151367
39520,0.00185203552246
39521,0.0
39522,0.0
39523,0.0
39524,1.13248825073e-06
39525,0.00010871887207
39526,0.00111293792725
39527,0.0
39528,0.0
39529,0.0
39530,6.37769699097e-06
39531,0.000110805034637
39532,0.000426054000854
39533,0.0
39534,0.0
39535,0.0
39536,0.000111222267151
39537,0.000278472900391
39538,0.000852584838867
39539,0.0
39540,0.0
39541,0.0
39542,1.61528587341e-05
39543,0.000190138816833
39544,0.00107002258301
39545,0.0
39546,0.0
39547,0.0
39548,2.32458114624e-06
39549,0.000528335571289
39550,0.000967979431152
39551,0.0
39552,0.0
39553,0.0
39554,1.13248825073e-06
39555,7.15851783752e-05
39556,0.000797748565674
39557,0.0
39558,0.0
39559,0.0
39560,8.48174095154e-05
39561,0.00046181678772
39562,0.00119018554688
39563,0.0
39564,0.0
39565,0.0
39566,5.78165054321e-06
39567,0.000599384307861
39568,0.000966548919678
39569,0.0
39570,0.0
39571,0.0
39572,8.42809677124e-05
39573,0.000340223312378
39574,0.000633716583252
39575,0.0
39576,0.0
39577,0.0
39578,0.0
39579,0.00060510635376
39580,0.00341033935547
39581,0.0
39582,0.0
39583,0.0
39584,1.13248825073e-06
39585,0.000243544578552
39586,0.000706195831299
39587,0.0
39588,0.0
39589,0.0
39590,2.86102294922e-06
39591,6.56247138977e-05
39592,0.00105857849121
39593,0.0
39594,0.0
39595,0.0
39596,4.96506690979e-05
39597,0.000284671783447
39598,0.00116443634033
39599,0.0
39600,0.0
39601,0.0
39602,5.96046447754e-07
39603,0.00025200843811
39604,0.0018949508667
39605,0.0
39606,0.0
39607,0.0
39608,2.03847885132e-05
39609,0.000640869140625
39610,0.00135612487793
39611,0.0
39612,0.0
39613,0.0
39614,1.72853469849e-06
39615,0.00054407119751
39616,0.00166797637939
39617,0.0
39618,0.0
39619,0.0
39620,6.73532485962e-05
39621,0.000303268432617
39622,0.00146198272705
39623,0.0
39624,0.0
39625,0.0
39626,6.91413879395e-06
39627,0.000319004058838
39628,0.00108814239502
39629,0.0
39630,0.0
39631,0.0
39632,2.32458114624e-06
39633,0.000316381454468
39634,0.000898838043213
39635,0.0
39636,0.0
39637,0.0
39638,1.72853469849e-06
39639,0.000126600265503
39640,0.000505924224854
39641,0.0
39642,0.0
39643,0.0
39644,0.000166773796082
39645,0.00108051300049
39646,0.00212860107422
39647,0.0
39648,0.0
39649,0.0
39650,9.23871994019e-06
39651,0.000344514846802
39652,0.00094747543335
39653,0.0
39654,0.0
39655,0.0
39656,5.18560409546e-06
39657,0.000374555587769
39658,0.00133895874023
39659,0.0
39660,0.0
39661,0.0
39662,4.15444374084e-05
39663,0.000306606292725
39664,0.000811576843262
39665,0.0
39666,0.0
39667,0.0
39668,4.90546226501e-05
39669,0.000179529190063
39670,0.00101852416992
39671,0.0
39672,0.0
39673,0.0
39674,2.32458114624e-06
39675,0.000317573547363
39676,0.000443935394287
39677,0.0
39678,0.0
39679,0.0
39680,5.96046447754e-07
39681,0.000194907188416
39682,0.000648498535156
39683,0.0
39684,0.0
39685,0.0
39686,4.32729721069e-05
39687,0.000250577926636
39688,0.000872135162354
39689,0.0
39690,0.0
39691,0.0
39692,1.72853469849e-06
39693,0.000368356704712
39694,0.000942230224609
39695,0.0
39696,0.0
39697,0.0
39698,0.000179648399353
39699,0.000672817230225
39700,0.00116062164307
39701,0.0
39702,0.0
39703,0.0
39704,2.32458114624e-06
39705,0.000218391418457
39706,0.000864505767822
39707,0.0
39708,0.0
39709,0.0
39710,0.000333547592163
39711,0.00049877166748
39712,0.00121307373047
39713,0.0
39714,0.0
39715,0.0
39716,4.44650650024e-05
39717,0.000361442565918
39718,0.00119304656982
39719,0.0
39720,0.0
39721,0.0
39722,0.0
39723,0.000225424766541
39724,0.000636577606201
39725,0.0
39726,0.0
39727,0.0
39728,4.32729721069e-05
39729,5.36441802979e-05
39730,0.000403881072998
39731,0.0
39732,0.0
39733,0.0
39734,8.10623168945e-06
39735,9.40561294556e-05
39736,0.000607967376709
39737,0.0
39738,0.0
39739,0.0
39740,4.73260879517e-05
39741,0.000442981719971
39742,0.000935554504395
39743,0.0
39744,0.0
39745,0.0
39746,0.000546455383301
39747,0.000524997711182
39748,0.00116443634033
39749,0.0
39750,0.0
39751,0.0
39752,6.37769699097e-06
39753,0.000340461730957
39754,0.000887870788574
39755,0.0
39756,0.0
39757,0.0
39758,1.03712081909e-05
39759,0.000311374664307
39760,0.00111770629883
39761,0.0
39762,0.0
39763,0.0
39764,0.0
39765,0.000395774841309
39766,0.000768661499023
39767,0.0
39768,0.0
39769,0.0
39770,5.18560409546e-06
39771,0.000229001045227
39772,0.00065279006958
39773,0.0
39774,0.0
39775,0.0
39776,2.32458114624e-06
39777,0.000214457511902
39778,0.000903606414795
39779,0.0
39780,0.0
39781,0.0
39782,1.69277191162e-05
39783,0.000134110450745
39784,0.000521183013916
39785,0.0
39786,0.0
39787,0.0
39788,1.13248825073e-06
39789,0.000208377838135
39790,0.000773906707764
39791,0.0
39792,0.0
39793,0.0
39794,5.50150871277e-05
39795,0.000221252441406
39796,0.000937461853027
39797,0.0
39798,0.0
39799,0.0
39800,0.000226259231567
39801,0.000641345977783
39802,0.00140762329102
39803,0.0
39804,0.0
39805,0.0
39806,0.000179171562195
39807,0.000462293624878
39808,0.00129508972168
39809,0.0
39810,0.0
39811,0.0
39812,5.96046447754e-07
39813,0.000427961349487
39814,0.00150489807129
39815,0.0
39816,0.0
39817,0.0
39818,5.96046447754e-07
39819,0.000232219696045
39820,0.000879764556885
39821,0.0
39822,0.0
39823,0.0
39824,1.13248825073e-06
39825,0.000198006629944
39826,0.00114440917969
39827,0.0
39828,0.0
39829,0.0
39830,1.13248825073e-06
39831,0.000328540802002
39832,0.00130081176758
39833,0.0
39834,0.0
39835,0.0
39836,0.00017261505127
39837,0.000305414199829
39838,0.000964164733887
39839,0.0
39840,0.0
39841,0.0
39842,6.37769699097e-06
39843,9.60230827332e-05
39844,0.000959873199463
39845,0.0
39846,0.0
39847,0.0
39848,6.37769699097e-06
39849,0.000283002853394
39850,0.00149440765381
39851,0.0
39852,0.0
39853,0.0
39854,2.86102294922e-06
39855,0.000501155853271
39856,0.00113582611084
39857,0.0
39858,0.0
39859,0.0
39860,6.91413879395e-06
39861,0.000106632709503
39862,0.00168323516846
39863,0.0
39864,0.0
39865,0.0
39866,0.0
39867,0.000216960906982
39868,0.000901699066162
39869,0.0
39870,0.0
39871,0.0
39872,5.44786453247e-05
39873,0.000289916992188
39874,0.00133228302002
39875,0.0
39876,0.0
39877,0.0
39878,8.10623168945e-06
39879,0.000113129615784
39880,0.000776767730713
39881,0.0
76637,0.0
76638,0.0
76640,4.2736530304e-05
76641,0.000689029693604
76642,0.00136470794678
76643,0.0
76644,0.0
76645,0.0
76646,1.72853469849e-06
76647,0.000609397888184
76648,0.00108051300049
76649,0.0
76650,0.0
76651,0.0
76652,1.86562538147e-05
76653,0.000442981719971
76654,0.000897884368896
76655,0.0
76656,0.0
76657,0.0
76658,5.78165054321e-06
76659,0.000302791595459
76660,0.000818729400635
76661,0.0
76662,0.0
76663,0.0
76664,4.67300415039e-05
76665,0.000267267227173
76666,0.00119304656982
76667,0.0
76668,0.0
76669,0.0
76670,5.44786453247e-05
76671,0.000410556793213
76672,0.00113582611084
76673,0.0
76674,0.0
76675,0.0
76676,1.28746032715e-05
76677,0.000305414199829
76678,0.000564575195312
76679,0.0
76680,0.0
76681,0.0
76682,1.13248825073e-06
76683,0.000175833702087
76684,0.000598430633545
76685,0.0
76686,0.0
76687,0.0
76688,1.13248825073e-06
76689,7.09891319275e-05
76690,0.000996589660645
76691,0.0
76692,0.0
76693,0.0
76694,6.91413879395e-06
76695,0.000152945518494
76696,0.000875473022461
76697,0.0
76698,0.0
76699,0.0
76700,2.86102294922e-06
76701,0.00119972229004
76702,0.00157928466797
76703,0.0
76704,0.0
76705,0.0
76706,6.91413879395e-06
76707,9.27448272705e-05
76708,0.000923633575439
76709,0.0
76710,0.0
76711,0.0
76712,0.0
76713,6.46710395813e-05
76714,0.000569343566895
76715,0.0
76716,0.0
76717,0.0
76718,1.72853469849e-06
76719,0.000205039978027
76720,0.00107383728027
76721,0.0
76722,0.0
76723,0.0
76724,1.13248825073e-06
76725,0.000380992889404
76726,0.000790596008301
76727,0.0
76728,0.0
76729,0.0
76730,4.05311584473e-06
76731,3.86834144592e-05
76732,0.000859260559082
76733,0.0
76734,0.0
76735,0.0
76736,9.17911529541e-05
76737,0.000314712524414
76738,0.00106143951416
76739,0.0
76740,0.0
76741,0.0
76742,8.30888748169e-05
76743,0.000467538833618
76744,0.000462293624878
76745,0.0
76746,0.0
76747,0.0
76748,8.88705253601e-05
76749,0.000222444534302
76750,0.00110340118408
76751,0.0
76752,0.0
76753,0.0
76754,6.37769699097e-06
76755,0.000874996185303
76756,0.00184059143066
76757,0.0
76758,0.0
76759,0.0
76760,1.13248825073e-06
76761,0.000186204910278
76762,0.000539779663086
76763,0.0
76764,0.0
76765,0.0
76766,8.10623168945e-06
76767,0.000685691833496
76768,0.00134658813477
76769,0.0
76770,0.0
76771,0.0
76772,5.78165054321e-06
76773,0.000609397888184
76774,0.00167560577393
76775,0.0
76776,0.0
76777,0.0
76778,4.50015068054e-05
76779,0.000206589698792
76780,0.000568866729736
76781,0.0
76782,0.0
76783,0.0
76784,5.18560409546e-06
76785,0.000585556030273
76786,0.00185585021973
76787,0.0
76788,0.0
76789,0.0
76790,1.13248825073e-06
76791,0.000163555145264
76792,0.00162696838379
76793,0.0
76794,0.0
76795,0.0
76796,2.27093696594e-05
76797,0.000293493270874
76798,0.000969409942627
76799,0.0
76800,0.0
76801,0.0
76802,0.0
76803,0.000110805034637
76804,0.000787258148193
76805,0.0
76806,0.0
76807,0.0
76808,5.96046447754e-07
76809,6.9260597229e-05
76810,0.00107192993164
76811,0.0
76812,0.0
76813,0.0
76814,6.37769699097e-06
76815,0.000792026519775
76816,0.0026969909668
76817,0.0
76818,0.0
76819,0.0
76820,1.13248825073e-06
76821,0.000725269317627
76822,0.00183200836182
76823,0.0
76824,0.0
76825,0.0
76826,0.000167965888977
76827,0.000296831130981
76828,0.00136470794678
76829,0.0
76830,0.0
76831,0.0
76832,5.78165054321e-06
76833,0.000145077705383
76834,0.000939846038818
76835,0.0
76836,0.0
76837,0.0
76838,0.000310659408569
76839,0.000598430633545
76840,0.00100421905518
76841,0.0
76842,0.0
76843,0.0
76844,1.72853469849e-06
76845,0.000174164772034
76846,0.000828266143799
76847,0.0
76848,0.0
76849,0.0
76850,1.13248825073e-06
76851,0.000154733657837
76852,0.000731945037842
76853,0.0
76854,0.0
76855,0.0
76856,5.78165054321e-06
76857,0.000411987304688
76858,0.000838756561279
76859,0.0
76860,0.0
76861,0.0
76862,0.000167965888977
76863,0.000390291213989
76864,0.00141906738281
76865,0.0
76866,0.0
76867,0.0
76868,0.000138163566589
76869,0.000177025794983
76870,0.00107765197754
76871,0.0
76872,0.0
76873,0.0
76874,4.38690185547e-05
76875,0.000678062438965
76876,0.00100803375244
76877,0.0
76878,0.0
76879,0.0
76880,7.5101852417e-06
76881,0.000383377075195
76882,0.000822067260742
76883,0.0
76884,0.0
76885,0.0
76886,2.86102294922e-06
76887,0.000495433807373
76888,0.00100708007812
76889,0.0
76890,0.0
76891,0.0
76892,9.65595245361e-05
76893,0.000304460525513
76894,0.00105667114258
76895,0.0
76896,0.0
76897,0.0
76898,1.67489051819e-05
76899,0.000127553939819
76900,0.00114059448242
76901,0.0
76902,0.0
76903,0.0
76904,8.60095024109e-05
76905,7.23600387573e-05
76906,0.00121974945068
76907,0.0
76908,0.0
76909,0.0
76910,5.78165054321e-06
76911,0.000304698944092
76912,0.000499725341797
76913,0.0
76914,0.0
76915,0.0
76916,3.45706939697e-06
76917,0.000217795372009
76918,0.000751495361328
76919,0.0
76920,0.0
76921,0.0
76922,5.78165054321e-06
76923,0.000293493270874
76924,0.00108242034912
76925,0.0
76926,0.0
76927,0.0
76928,1.4066696167e-05
76929,0.000502586364746
76930,0.000904560089111
76931,0.0
76932,0.0
76933,0.0
76934,5.96046447754e-07
76935,0.00016450881958
76936,0.00106334686279
76937,0.0
76938,0.0
76939,0.0
76940,4.61935997009e-05
76941,0.000246524810791
76942,0.000937461853027
76943,0.0
76944,0.0
76945,0.0
76946,1.34706497192e-05
76947,0.000166654586792
76948,0.000651836395264
76949,0.0
76950,0.0
76951,0.0
76952,1.23381614685e-05
76953,0.000124335289001
76954,0.000724315643311
76955,0.0
76956,0.0
76957,0.0
76958,8.36849212646e-05
76959,0.000347852706909
76960,0.000909805297852
76961,0.0
76962,0.0
76963,0.0
76964,1.86562538147e-05
76965,0.000402688980103
76966,0.00081729888916
76967,0.0
76968,0.0
76969,0.0
76970,8.10623168945e-06
76971,0.00032639503479
76972,0.00137615203857
76973,0.0
76974,0.0
76975,0.0
76976,2.32458114624e-06
76977,0.000131011009216
76978,0.00108242034912
76979,0.0
76980,0.0
76981,0.0
76982,2.32458114624e-06
76983,0.000170826911926
76984,0.000890731811523
76985,0.0
76986,0.0
76987,0.0
76988,3.15308570862e-05
76989,0.000380039215088
76990,0.00122928619385
76991,0.0
76992,0.0
76993,0.0
76994,5.96046447754e-07
76995,0.000458955764771
76996,0.00181484222412
76997,0.0
76998,0.0
76999,0.0
77000,5.37037849426e-05
77001,0.000251531600952
77002,0.000956058502197
77003,0.0
77004,0.0
77005,0.0
77006,9.77516174316e-05
77007,0.000180602073669
77008,0.00117492675781
77009,0.0
77010,0.0
77011,0.0
77012,8.88705253601e-05
77013,0.000383138656616
77014,0.00141429901123
77015,0.0
77016,0.0
77017,0.0
77018,5.78165054321e-06
77019,0.000379085540771
77020,0.000643730163574
77021,0.0
77022,0.0
77023,0.0
77024,0.000214576721191
77025,0.00053596496582
77026,0.00118446350098
77027,0.0
77028,0.0
77029,0.0
77030,0.0
77031,0.000123381614685
77032,0.000700950622559
77033,0.0
77034,0.0
77035,0.0
77036,4.2736530304e-05
77037,0.000394344329834
77038,0.00130939483643
77039,0.0
77040,0.0
77041,0.0
77042,8.36849212646e-05
77043,0.00061559677124
77044,0.000935077667236
77045,0.0
77046,0.0
77047,0.0
77048,0.000338315963745
77049,0.000388622283936
77050,0.00118350982666
77051,0.0
77052,0.0
77053,0.0
77054,1.13248825073e-06
77055,0.00031852722168
77056,0.000582695007324
77057,0.0
77058,0.0
77059,0.0
77060,1.13248825073e-06
77061,0.000921726226807
77062,0.00186157226562
77063,0.0
77064,0.0
77065,0.0
77066,5.18560409546e-06
77067,0.000388383865356
77068,0.00137901306152
77069,0.0
77070,0.0
77071,0.0
77072,3.45706939697e-06
77073,0.000134706497192
77074,0.000815391540527
77075,0.0
77076,0.0
77077,0.0
77078,5.18560409546e-06
77079,0.00029468536377
77080,0.00167942047119
77081,0.0
77082,0.0
77083,0.0
77084,8.36849212646e-05
77085,0.000408887863159
77086,0.000921726226807
77087,0.0
77088,0.0
77089,0.0
77090,0.000169157981873
77091,0.000327587127686
77092,0.00121402740479
77093,0.0
77094,0.0
77095,0.0
77096,5.96046447754e-07
77097,0.000351190567017
77098,0.0013484954834
77099,0.0
77100,0.0
77101,0.0
77102,6.37769699097e-06
77103,0.000468015670776
77104,0.00173091888428
77105,0.0
77106,0.0
77107,0.0
77108,7.5101852417e-06
77109,0.000139236450195
77110,0.000871658325195
77111,0.0
77112,0.0
77113,0.0
77114,1.72853469849e-06
77115,0.000221610069275
77116,0.000732898712158
77117,0.0
77118,0.0
77119,0.0
77120,5.96046447754e-07
77121,0.000359535217285
77122,0.00163555145264
77123,0.0
77124,0.0
77125,0.0
77126,5.18560409546e-06
77127,0.000200867652893
77128,0.00100040435791
77129,0.0
77130,0.0
77131,0.0
77132,1.28746032715e-05
77133,0.000367403030396
77134,0.000964641571045
77135,0.0
77136,0.0
77137,0.0
77138,5.96046447754e-07
77139,0.000572204589844
77140,0.00119018554688
77141,0.0
77142,0.0
77143,0.0
77144,2.86102294922e-06
77145,0.000419139862061
77146,0.00100040435791
77147,0.0
77148,0.0
77149,0.0
77150,0.0
77151,0.000219464302063
77152,0.000880718231201
77153,0.0
77154,0.0
77155,0.0
77156,6.91413879395e-06
77157,0.000426769256592
77158,0.00118637084961
77159,0.0
77160,0.0
77161,0.0
77162,6.91413879395e-06
77163,0.000160694122314
77164,0.000947952270508
77165,0.0
77166,0.0
77167,0.0
77168,1.09672546387e-05
77169,0.000291109085083
77170,0.00141429901123
77171,0.0
77172,0.0
77173,0.0
77174,5.96046447754e-07
77175,0.000320434570312
77176,0.00112628936768
77177,0.0
77178,0.0
77179,0.0
77180,4.44650650024e-05
77181,0.000120222568512
77182,0.000934600830078
77183,0.0
77184,0.0
77185,0.0
77186,2.86102294922e-06
77187,0.000167012214661
77188,0.000936985015869
77189,0.0
77190,0.0
77191,0.0
77192,5.31077384949e-05
77193,0.000152707099915
77194,0.00101470947266
77195,0.0
77196,0.0
77197,0.0
77198,1.72853469849e-05
77199,0.000249862670898
77200,0.00187015533447
77201,0.0
77202,0.0
77203,0.0
77204,0.000167369842529
77205,0.000571727752686
77206,0.00161933898926
77207,0.0
77208,0.0
77209,0.0
77210,0.0
77211,0.00080680847168
77212,0.00118446350098
77213,0.0
77214,0.0
77215,0.0
77216,1.72853469849e-06
77217,8.79168510437e-05
77218,0.000845909118652
77219,0.0
77220,0.0
77221,0.0
77222,1.34706497192e-05
77223,0.000171422958374
77224,0.000978469848633
77225,0.0
77226,0.0
77227,0.0
77228,5.96046447754e-07
77229,4.15444374084e-05
77230,0.00107097625732
77231,0.0
77232,0.0
77233,0.0
77234,5.96046447754e-07
77235,0.000528812408447
77236,0.00135612487793
77237,0.0
77238,0.0
77239,0.0
77240,4.15444374084e-05
77241,0.000109851360321
77242,0.000509262084961
77243,0.0
77244,0.0
77245,0.0
77246,1.13248825073e-06
77247,0.000128388404846
77248,0.00142097473145
77249,0.0
77250,0.0
77251,0.0
77252,1.09672546387e-05
77253,0.000238180160522
77254,0.000943660736084
77255,0.0
77256,0.0
77257,0.0
77258,2.86102294922e-06
77259,0.000237107276917
77260,0.00120258331299
77261,0.0
77262,0.0
77263,0.0
77264,6.13927841187e-05
77265,0.00113105773926
77266,0.00190353393555
77267,0.0
77268,0.0
77269,0.0
77270,5.78165054321e-06
77271,0.000528812408447
77272,0.00173473358154
77273,0.0
77274,0.0
77275,0.0
77276,7.5101852417e-06
77277,0.000503063201904
77278,0.000897407531738
77279,0.0
77280,0.0
77281,0.0
77282,6.91413879395e-06
77283,0.000203132629395
77284,0.00098991394043
77285,0.0
77286,0.0
77287,0.0
77288,1.15633010864e-05
77289,0.000131249427795
77290,0.000694274902344
77291,0.0
77292,0.0
77293,0.0
77294,1.13248825073e-06
77295,0.000161409378052
77296,0.000464200973511
77297,0.0
77298,0.0
77299,0.0
77300,5.96046447754e-07
77301,0.000514030456543
77302,0.000784397125244
77303,0.0
77304,0.0
77305,0.0
77306,4.38690185547e-05
77307,0.000170469284058
77308,0.000980377197266
77309,0.0
77310,0.0
77311,0.0
77312,6.37769699097e-06
77313,0.000174522399902
77314,0.0010404586792
77315,0.0
77316,0.0
77317,0.0
77318,1.13248825073e-06
77319,0.000243544578552
77320,0.000901222229004
77321,0.0
77322,0.0
77323,0.0
77324,0.000100612640381
77325,0.000490188598633
77326,0.0009765625
77327,0.0
77328,0.0
77329,0.0
77330,1.72853469849e-06
77331,0.000257015228271
77332,0.00107192993164
77333,0.0
77334,0.0
77335,0.0
77336,8.48174095154e-05
77337,0.000387191772461
77338,0.00191402435303
77339,0.0
77340,0.0
77341,0.0
77342,8.88705253601e-05
77343,0.000508308410645
77344,0.00161361694336
77345,0.0
77346,0.0
77347,0.0
77348,5.96046447754e-07
77349,0.000277996063232
77350,0.00107383728027
77351,0.0
77352,0.0
77353,0.0
77354,1.72853469849e-06
77355,0.000350952148438
77356,0.00112247467041
77357,0.0
77358,0.0
77359,0.0
77360,1.460313797e-05
77361,0.000140070915222
77362,0.000970840454102
77363,0.0
77364,0.0
77365,0.0
77366,0.000214099884033
77367,0.000470161437988
77368,0.00104999542236
77369,0.0
77370,0.0
77371,0.0
77372,1.09672546387e-05
77373,0.000614643096924
77374,0.0014066696167
77375,0.0
77376,0.0
77377,0.0
77378,5.78165054321e-06
77379,0.000669479370117
77380,0.00134754180908
77381,0.0
77382,0.0
77383,0.0
77384,5.78165054321e-06
77385,0.000178217887878
77386,0.000852584838867
77387,0.0
77388,0.0
77389,0.0
77390,7.5101852417e-06
77391,0.000503540039062
77392,0.00110054016113
77393,0.0
77394,0.0
77395,0.0
77396,1.03712081909e-05
77397,0.000173926353455
77398,0.0014762878418
77399,0.0
77400,0.0
77401,0.0
77402,4.21404838562e-05
77403,0.000210642814636
77404,0.00136756896973
77405,0.0
77406,0.0
77407,0.0
77408,1.09672546387e-05
77409,0.00014328956604
77410,0.000475645065308
77411,0.0
77412,0.0
77413,0.0
77414,1.09672546387e-05
77415,0.000259160995483
77416,0.000837326049805
77417,0.0
77418,0.0
77419,0.0
77420,1.13248825073e-06
77422,0.000620365142822
77423,0.000921726226807
77424,0.0
77425,0.0
77426,0.0
77427,5.78165054321e-06
77428,0.000479221343994
77429,0.00112915039062
77430,0.0
77431,0.0
77432,0.0
77433,2.86102294922e-06
77434,0.000410079956055
77435,0.00103569030762
77436,0.0
77437,0.0
77438,0.0
77439,1.72853469849e-06
77440,0.000187039375305
77441,0.00115299224854
77442,0.0
77443,0.0
77444,0.0
77445,5.96046447754e-07
77446,0.00042462348938
77447,0.00125598907471
77448,0.0
77449,0.0
77450,0.0
77451,2.32458114624e-06
77452,0.000192165374756
77453,0.00087833404541
77454,0.0
77455,0.0
77456,0.0
77457,3.45706939697e-06
77458,0.000136971473694
77459,0.000824928283691
77460,0.0
77461,0.0
77462,0.0
77463,6.91413879395e-06
77464,0.000493049621582
77465,0.000952243804932
77466,0.0
77467,0.0
77468,0.0
77469,6.37769699097e-06
77470,0.000428676605225
77471,0.000741481781006
77472,0.0
77473,0.0
77474,0.0
77475,0.00022554397583
77476,0.000499248504639
77477,0.00131797790527
77478,0.0
77479,0.0
77480,0.0
77481,1.23381614685e-05
77482,0.000168681144714
77483,0.00186920166016
77484,0.0
77485,0.0
77486,0.0
77487,2.86102294922e-06
77488,0.000248908996582
77489,0.00128555297852
77490,0.0
77491,0.0
77492,0.0
77493,5.78165054321e-06
77494,0.000296592712402
77495,0.00124263763428
77496,0.0
77497,0.0
77498,0.0
77499,1.09672546387e-05
77500,0.000112354755402
77501,0.0012378692627
77502,0.0
77503,0.0
77504,0.0
77505,1.34706497192e-05
77506,0.000257015228271
77507,0.000743865966797
77508,0.0
77509,0.0
77510,0.0
77511,1.72853469849e-06
77512,0.000925540924072
77513,0.00155162811279
77514,0.0
77515,0.0
77516,0.0
77517,0.0
77518,0.000341415405273
77519,0.000671863555908
77520,0.0
77521,0.0
77522,0.0
77523,5.96046447754e-07
77524,3.34978103638e-05
77525,0.000937461853027
77526,0.0
77527,0.0
77528,0.0
77529,0.000132203102112
77530,0.000308036804199
77531,0.00121688842773
77532,0.0
77533,0.0
77534,0.0
77535,2.32458114624e-06
77536,0.000248908996582
77537,0.00190448760986
77538,0.0
77539,0.0
77540,0.0
77541,2.32458114624e-06
77542,0.000455141067505
77543,0.000786304473877
77544,0.0
77545,0.0
77546,0.0
77547,5.96046447754e-07
77548,0.000284194946289
77549,0.000711917877197
77550,0.0
77551,0.0
77552,0.0
77553,5.78165054321e-06
77554,0.000776767730713
77555,0.00196838378906
77556,0.0
77557,0.0
77558,0.0
77559,4.2736530304e-05
77560,7.03930854797e-05
77561,0.000770092010498
77562,0.0
77563,0.0
77564,0.0
77565,2.86102294922e-06
77566,0.000282049179077
77567,0.000908374786377
77568,0.0
77569,0.0
77570,0.0
77571,5.96046447754e-07
77572,0.000208020210266
77573,0.000858783721924
77574,0.0
77575,0.0
77576,0.0
77577,1.72853469849e-06
77578,0.000234484672546
77579,0.000870704650879
77580,0.0
77581,0.0
77582,0.0
77583,5.96046447754e-07
77584,0.000267505645752
77585,0.00129699707031
77586,0.0
77587,0.0
77588,0.0
77589,3.15308570862e-05
77590,0.000717639923096
77591,0.00133419036865
77592,0.0
77593,0.0
77594,0.0
77595,5.78165054321e-06
77596,0.000559329986572
77597,0.00155735015869
77598,0.0
77599,0.0
77600,0.0
77601,5.78165054321e-06
77602,0.000464916229248
77603,0.00140380859375
77604,0.0
77605,0.0
77606,0.0
77607,1.72853469849e-06
77608,0.000166177749634
77609,0.000852108001709
77610,0.0
77611,0.0
77612,0.0
77613,8.64267349243e-06
77614,0.00020968914032
77615,0.00104141235352
77616,0.0
77617,0.0
77618,0.0
77619,0.000184059143066
77620,0.000460624694824
77621,0.00114250183105
77622,0.0
77623,0.0
77624,0.0
77625,4.84585762024e-05
77626,0.000419855117798
77627,0.000874996185303
77628,0.0
77629,0.0
77630,0.0
77631,5.78165054321e-06
77632,0.000321388244629
77633,0.000789165496826
77634,0.0
77635,0.0
77636,0.0
77637,1.13248825073e-06
77638,0.000319719314575
77639,0.00145149230957
77640,0.0
77641,0.0
77642,0.0
77643,1.13248825073e-06
77644,6.29425048828e-05
77645,0.000833034515381
77646,0.0
77647,0.0
77648,0.0
77649,1.20997428894e-05
77650,0.000270366668701
77651,0.000771045684814
77652,0.0
77653,0.0
77654,0.0
77655,4.2736530304e-05
77656,0.000103294849396
77657,0.000495910644531
77658,0.0
77659,0.0
77660,0.0
77661,8.42809677124e-05
77662,0.000482320785522
77663,0.00124931335449
77664,0.0
77665,0.0
77666,0.0
77667,6.37769699097e-06
77668,0.000464200973511
77669,0.00137901306152
77670,0.0
77671,0.0
77672,0.0
77673,1.28746032715e-05
77674,0.000363349914551
77675,0.00031566619873
77676,0.0
77677,0.0
77678,0.0
77679,1.23381614685e-05
77680,0.000180840492249
77681,0.00125598907471
77682,0.0
77683,0.0
77684,0.0
77685,1.13248825073e-06
77686,0.000855922698975
77687,0.00222969055176
77688,0.0
77689,0.0
77690,0.0
77691,4.2736530304e-05
77692,0.000793933868408
77693,0.000975131988525
77694,0.0
77695,0.0
77696,0.0
77697,1.72853469849e-05
77698,0.000183701515198
77699,0.000988960266113
77700,0.0
77701,0.0
77702,0.0
77703,1.72853469849e-06
77704,0.000173568725586
77705,0.000705242156982
77706,0.0
77707,0.0
77708,0.0
77709,1.28746032715e-05
77710,0.000199675559998
77711,0.000625133514404
77712,0.0
77713,0.0
77714,0.0
77715,4.32729721069e-05
77716,0.000186562538147
77717,0.00135612487793
77718,0.0
77719,0.0
77720,0.0
77721,6.37769699097e-06
77722,0.000316619873047
77723,0.000551223754883
77724,0.0
77725,0.0
77726,0.0
77727,2.32458114624e-06
77728,0.000595569610596
77729,0.00114345550537
77730,0.0
77731,0.0
77732,0.0
77733,1.13248825073e-06
77734,0.00019109249115
77735,0.00108623504639
77736,0.0
77737,0.0
77738,0.0
77739,1.23381614685e-05
77740,0.000468969345093
77741,0.000856399536133
77742,0.0
77743,0.0
77744,0.0
77745,0.000171422958374
77746,0.000539302825928
77747,0.000583648681641
77748,0.0
77749,0.0
77750,0.0
77751,1.13248825073e-06
77752,0.00024676322937
77753,0.00103378295898
77754,0.0
77755,0.0
77756,0.0
77757,6.37769699097e-06
77758,9.73343849182e-05
77759,0.00130271911621
77760,0.0
77761,0.0
77762,0.0
77763,5.96046447754e-07
77764,0.000331401824951
77765,0.000627994537354
77766,0.0
77767,0.0
77768,0.0
77769,4.55975532532e-05
77770,0.000324487686157
77771,0.00100612640381
77772,0.0
77773,0.0
77774,0.0
77775,3.45706939697e-06
77776,0.000133514404297
77777,0.00110340118408
77778,0.0
77779,0.0
77780,0.0
77781,1.32918357849e-05
77782,0.000199675559998
77783,0.000883102416992
77784,0.0
77785,0.0
77786,0.0
77787,5.96046447754e-07
77788,0.000471830368042
77789,0.000678062438965
77790,0.0
77791,0.0
77792,0.0
77793,5.96046447754e-07
77794,0.000273942947388
77795,0.000584125518799
77796,0.0
77797,0.0
77798,0.0
77799,1.72853469849e-06
77800,0.000397920608521
77801,0.00116539001465
77802,0.0
77803,0.0
77804,0.0
77805,5.96046447754e-07
77806,0.000710964202881
77807,0.00168800354004
77808,0.0
77809,0.0
77810,0.0
77811,5.96046447754e-07
77812,0.000341892242432
77813,0.00113201141357
77814,0.0
77815,0.0
77816,0.0
77817,4.38690185547e-05
77818,0.000291347503662
77819,0.00158500671387
77820,0.0
77821,0.0
77822,0.0
77823,5.78165054321e-06
77824,1.67489051819e-05
77825,0.000424146652222
77826,0.0
77827,0.0
77828,0.0
77829,1.13248825073e-06
77830,0.000131845474243
77831,0.000543594360352
77832,0.0
77833,0.0
77834,0.0
77835,4.79221343994e-05
77836,0.000609874725342
77837,0.000808238983154
77838,0.0
77839,0.0
77840,0.0
77841,0.0
77842,0.000434398651123
77843,0.000469446182251
77844,0.0
77845,0.0
77846,0.0
77847,1.72853469849e-06
77848,0.000101387500763
77849,0.00144481658936
77850,0.0
77851,0.0
77852,0.0
77853,4.61935997009e-05
77854,0.000318765640259
77855,0.00106143951416
77856,0.0
77857,0.0
77858,0.0
77859,5.96046447754e-07
77860,0.000680923461914
77861,0.00147151947021
77862,0.0
77863,0.0
77864,0.0
77865,3.45706939697e-06
77866,0.000350475311279
77867,0.00162601470947
77868,0.0
77869,0.0
77870,0.0
77871,0.0
77872,0.000589370727539
77873,0.00121784210205
77874,0.0
77875,0.0
77876,0.0
77877,0.0
77878,0.000160455703735
77879,0.00112438201904
77880,0.0
77881,0.0
77882,0.0
77883,0.000207781791687
77884,0.000543117523193
77885,0.00152683258057
77886,0.0
77887,0.0
77888,0.0
77889,5.96046447754e-07
77890,0.000494956970215
77891,0.000832080841064
77892,0.0
77893,0.0
77894,0.0
77895,5.96046447754e-07
77896,0.000332355499268
77897,0.000950336456299
77898,0.0
77899,0.0
77900,0.0
77901,2.32458114624e-06
77902,0.00030255317688
77903,0.00119590759277
77904,0.0
77905,0.0
77906,0.0
77907,4.73260879517e-05
77908,0.000348091125488
77909,0.000899791717529
77910,0.0
77911,0.0
77912,0.0
77913,6.37769699097e-06
77914,8.06450843811e-05
77915,0.0008864402771
77916,0.0
77917,0.0
77918,0.0
77919,0.0
77920,0.000373840332031
77921,0.000877857208252
77922,0.0
77923,0.0
77924,0.0
77925,1.72853469849e-06
77926,0.000131011009216
77927,0.000479936599731
77928,0.0
77929,0.0
77930,0.0
77931,1.78813934326e-05
77932,8.30888748169e-05
77933,0.000969409942627
77934,0.0
77935,0.0
77936,0.0
77937,8.30888748169e-05
77938,0.000240921974182
77939,0.0011100769043
77940,0.0
77941,0.0
77942,0.0
77943,1.34706497192e-05
77944,0.000486135482788
77945,0.00071382522583
77946,0.0
77947,0.0
77948,0.0
77949,4.79221343994e-05
77950,8.71419906616e-05
77951,0.00146198272705
77952,0.0
77953,0.0
77954,0.0
77955,2.32458114624e-06
77956,0.000749588012695
77957,0.0021858215332
77958,0.0
77959,0.0
77960,0.0
77961,5.96046447754e-07
77962,0.000284671783447
77963,0.000398874282837
77964,0.0
77965,0.0
77966,0.0
77967,5.78165054321e-06
77968,0.000136733055115
77969,0.00107288360596
77970,0.0
77971,0.0
77972,0.0
77973,5.96046447754e-07
77974,0.000422954559326
77975,0.00132846832275
77976,0.0
77977,0.0
77978,0.0
77979,1.51991844177e-05
77980,0.000154137611389
77981,0.000967979431152
77982,0.0
77983,0.0
77984,0.0
77985,1.86562538147e-05
77986,0.000336885452271
77987,0.000998497009277
77988,0.0
77989,0.0
77990,0.0
77991,5.96046447754e-07
77992,0.000237941741943
77993,0.000714778900146
77994,0.0
77995,0.0
77996,0.0
77997,0.0
77998,0.000219106674194
77999,0.000865936279297
78000,0.0
78001,0.0
78002,0.0
78003,1.13248825073e-06
78004,0.000340223312378
78005,0.00081729888916
78006,0.0
78007,0.0
78008,0.0
78009,1.13248825073e-06
78010,0.000370502471924
78011,0.00192737579346
78012,0.0
78013,0.0
78014,0.0
78015,4.2736530304e-05
78016,0.000206589698792
78017,0.000466108322144
78018,0.0
78019,0.0
78020,0.0
78021,5.76972961426e-05
78022,0.000311374664307
78023,0.000571727752686
78024,0.0
78025,0.0
78026,0.0
78027,4.73260879517e-05
78028,0.000318288803101
78029,0.00095796585083
78030,0.0
78031,0.0
78032,0.0
78033,1.13248825073e-06
78034,0.000376462936401
78035,0.00117588043213
78036,0.0
78037,0.0
78038,0.0
78039,1.13248825073e-06
78040,0.000157713890076
78041,0.00136184692383
78042,0.0
78043,0.0
78044,0.0
78045,2.03847885132e-05
78046,0.000248432159424
78047,0.000924110412598
78048,0.0
78049,0.0
78050,0.0
78051,4.21404838562e-05
78052,0.000226616859436
78053,0.00144481658936
78054,0.0
78055,0.0
78056,0.0
78057,5.18560409546e-06
78058,0.000111937522888
78059,0.00101852416992
78060,0.0
78061,0.0
78062,0.0
78063,0.000174283981323
78064,0.000379085540771
78065,0.0010404586792
78066,0.0
78067,0.0
78068,0.0
78069,5.25116920471e-05
78070,0.000106573104858
78071,0.00118827819824
78072,0.0
78073,0.0
78074,0.0
78075,4.2736530304e-05
78076,0.000124335289001
78077,0.00175285339355
78078,0.0
78079,0.0
78080,0.0
78081,1.72853469849e-06
78082,0.000161051750183
78083,0.00100612640381
78084,0.0
78085,0.0
78086,0.0
78087,5.96046447754e-07
78088,0.000211834907532
78089,0.000592708587646
78090,0.0
78091,0.0
78092,0.0
78093,1.20997428894e-05
78094,0.000323295593262
78095,0.00148582458496
78096,0.0
78097,0.0
78098,0.0
78099,4.2736530304e-05
78100,0.000499248504639
78101,0.00107860565186
78102,0.0
78103,0.0
78104,0.0
78105,5.96046447754e-07
78106,0.000438451766968
78107,0.00121974945068
78108,0.0
78109,0.0
78110,0.0
78111,5.18560409546e-06
78112,0.00067138671875
78113,0.00167083740234
78114,0.0
78115,0.0
78116,0.0
78117,2.32458114624e-06
78118,0.000332832336426
78119,0.00107002258301
78120,0.0
78121,0.0
78122,0.0
78123,4.55975532532e-05
78124,0.000377416610718
78125,0.00127792358398
78126,0.0
78127,0.0
78128,0.0
78129,5.96046447754e-07
78130,0.000226616859436
78131,0.00108051300049
78132,0.0
78133,0.0
78134,0.0
78135,1.72853469849e-06
78136,0.000213742256165
78137,0.00131416320801
78138,0.0
78139,0.0
78140,0.0
78141,4.2736530304e-05
78142,0.000252723693848
78143,0.00100994110107
78144,0.0
78145,0.0
78146,0.0
78147,7.5101852417e-06
78148,0.000150084495544
78149,0.000651836395264
78150,0.0
78151,0.0
78152,0.0
78153,8.88705253601e-05
78154,0.00070858001709
78155,0.00134181976318
78156,0.0
78157,0.0
78158,0.0
78159,5.78165054321e-06
78160,0.000248670578003
78161,0.000837326049805
78162,0.0
78163,0.0
78164,0.0
78165,6.91413879395e-06
78166,0.000193119049072
78167,0.000598430633545
78168,0.0
78169,0.0
78170,0.0
78171,1.4066696167e-05
78172,0.00083589553833
78173,0.00176429748535
78174,0.0
78175,0.0
78176,0.0
78177,0.0
78178,0.000338792800903
78179,0.00117492675781
78180,0.0
78181,0.0
78182,0.0
78183,1.4066696167e-05
78184,0.000441551208496
78185,0.000992774963379
78186,0.0
78187,0.0
78188,0.0
78189,1.72853469849e-06
78190,0.000408411026001
78191,0.00168418884277
78192,0.0
78193,0.0
78194,0.0
78195,1.28746032715e-05
78196,0.000330924987793
78197,0.00129127502441
78198,0.0
78199,0.0
78200,0.0
78201,5.96046447754e-07
78202,0.000234365463257
