4,0.0
5,0.0
6,0.0
7,0.0
8,0.0
9,0.0
10,0.00244522094727
11,0.00581359863281
12,0.00944519042969
13,0.0107269287109
14,0.0167541503906
15,0.0
16,0.0594177246094
17,0.0662231445312
18,0.0880737304688
19,0.0911254882812
20,0.104919433594
21,0.0
22,0.0551452636719
23,0.0634765625
24,0.0822143554688
25,0.0831298828125
26,0.0938110351562
27,0.0
28,0.0447998046875
29,0.0594787597656
30,0.082763671875
31,0.0833129882812
32,0.0929565429688
33,0.0
34,0.0511779785156
35,0.063232421875
36,0.07861328125
37,0.0808715820312
38,0.0925903320312
39,0.0
40,0.044189453125
41,0.0592651367188
42,0.0697631835938
43,0.0784912109375
44,0.0841674804688
45,0.0
46,0.0408325195312
47,0.0584411621094
48,0.0697021484375
49,0.0797119140625
50,0.0867309570312
51,0.0
52,0.0346984863281
53,0.05029296875
54,0.0676879882812
55,0.0763549804688
56,0.0863037109375
57,0.0
58,0.0372619628906
59,0.0520629882812
60,0.06591796875
61,0.0748291015625
62,0.0853271484375
63,0.0
64,0.0358581542969
65,0.0485534667969
66,0.0613098144531
67,0.071044921875
68,0.0780639648438
69,0.0
70,0.0309600830078
71,0.04541015625
72,0.0616149902344
73,0.0648803710938
74,0.0741577148438
75,0.0
76,0.0284271240234
77,0.0471496582031
78,0.0574340820312
79,0.064208984375
80,0.071044921875
81,0.0
82,0.0288696289062
83,0.0433654785156
84,0.0597229003906
85,0.065673828125
86,0.0745849609375
87,0.0
88,0.0303649902344
89,0.0459899902344
90,0.0537719726562
91,0.0640869140625
92,0.0711059570312
93,0.0
94,0.0274963378906
95,0.0411376953125
96,0.0545349121094
97,0.0594787597656
98,0.0637817382812
99,0.0
100,0.0228881835938
101,0.03271484375
102,0.0455932617188
103,0.0547485351562
104,0.0609741210938
105,0.0
106,0.0226898193359
107,0.0348510742188
108,0.0521240234375
109,0.0587463378906
110,0.0669555664062
111,0.0
112,0.021484375
113,0.0345764160156
114,0.048095703125
115,0.0564270019531
116,0.062744140625
117,0.0
118,0.0213775634766
119,0.0357055664062
120,0.0455322265625
121,0.0558166503906
122,0.0654907226562
123,0.0
124,0.0209503173828
125,0.0381774902344
126,0.0475158691406
127,0.0567321777344
128,0.0677490234375
129,0.0
130,0.0255279541016
131,0.0387268066406
132,0.0474853515625
133,0.0574035644531
134,0.06787109375
135,0.0
136,0.0214385986328
137,0.0383605957031
138,0.056396484375
139,0.0640258789062
140,0.0669555664062
141,0.0
142,0.0220794677734
143,0.0331420898438
144,0.0464477539062
145,0.0560302734375
146,0.0623474121094
147,0.0
148,0.0199432373047
149,0.0284881591797
150,0.0464172363281
151,0.0526123046875
152,0.0608825683594
153,0.0
154,0.0218353271484
155,0.0325622558594
156,0.048828125
157,0.052978515625
158,0.0566711425781
159,0.0
160,0.0180206298828
161,0.0279541015625
162,0.0437927246094
163,0.0521850585938
164,0.0612487792969
165,0.0
166,0.0224609375
167,0.0364379882812
168,0.0509338378906
169,0.0546264648438
170,0.0619506835938
171,0.0
172,0.0220642089844
173,0.0307922363281
174,0.0434875488281
175,0.0565795898438
176,0.0570373535156
177,0.0
178,0.0172424316406
179,0.0283508300781
180,0.0401000976562
181,0.0512084960938
182,0.0610961914062
183,0.0
184,0.0187683105469
185,0.0282897949219
186,0.0430908203125
187,0.0545043945312
188,0.0623474121094
189,0.0
190,0.0184478759766
191,0.0367736816406
192,0.0473022460938
193,0.0589904785156
194,0.0696411132812
195,0.0
196,0.0182189941406
197,0.0297546386719
198,0.0479125976562
199,0.0582885742188
200,0.0598754882812
201,0.0
202,0.0187835693359
203,0.0315856933594
204,0.0431823730469
205,0.0501403808594
206,0.060302734375
207,0.0
208,0.0190277099609
209,0.0314025878906
210,0.0453186035156
211,0.0518493652344
212,0.0617370605469
213,0.0
214,0.0156707763672
215,0.0294799804688
216,0.0429992675781
217,0.0505981445312
218,0.0557250976562
219,0.0
220,0.0198669433594
221,0.0357666015625
222,0.0416870117188
223,0.0555725097656
224,0.0591430664062
225,0.0
226,0.0179443359375
227,0.0316162109375
228,0.0416259765625
229,0.0508728027344
230,0.058349609375
231,0.0
232,0.0160980224609
233,0.0277557373047
234,0.0395812988281
235,0.04638671875
236,0.0581665039062
237,0.0
238,0.0195617675781
239,0.0297393798828
240,0.0409240722656
241,0.0473327636719
242,0.0595397949219
243,0.0
244,0.0175018310547
245,0.0252380371094
246,0.0368957519531
247,0.0486145019531
248,0.0545349121094
249,0.0
250,0.0205535888672
251,0.0337524414062
252,0.0456237792969
253,0.0516357421875
254,0.0623168945312
255,0.0
256,0.0165557861328
257,0.0323486328125
258,0.0473937988281
259,0.0591125488281
260,0.0611877441406
261,0.0
262,0.0186920166016
263,0.0305023193359
264,0.0426940917969
265,0.0544738769531
266,0.0596313476562
267,0.0
268,0.0208892822266
269,0.0276336669922
270,0.0407409667969
271,0.0523986816406
272,0.0592041015625
273,0.0
274,0.0165557861328
275,0.0316772460938
276,0.04052734375
277,0.048828125
278,0.0588073730469
279,0.0
280,0.0162200927734
281,0.0331115722656
282,0.0435180664062
283,0.0513610839844
284,0.0569763183594
285,0.0
286,0.0183410644531
287,0.0335083007812
288,0.0453186035156
289,0.0530090332031
290,0.0603637695312
291,0.0
292,0.0188598632812
293,0.0322875976562
294,0.0416870117188
295,0.0527954101562
296,0.0557250976562
297,0.0
298,0.0170288085938
299,0.0301971435547
300,0.0445556640625
301,0.0530700683594
302,0.0628662109375
303,0.0
304,0.0218353271484
305,0.0361328125
306,0.048828125
307,0.0567932128906
308,0.0590209960938
309,0.0
310,0.02001953125
311,0.0333251953125
312,0.0498962402344
313,0.0528564453125
314,0.0643920898438
315,0.0
316,0.0155181884766
317,0.0294189453125
318,0.0411682128906
319,0.0498352050781
320,0.055419921875
321,0.0
322,0.0179443359375
323,0.0296630859375
324,0.0416564941406
325,0.0498657226562
326,0.0538024902344
327,0.0
328,0.018798828125
329,0.0276641845703
330,0.0400695800781
331,0.0518798828125
332,0.0586853027344
333,0.0
334,0.0186920166016
335,0.0328674316406
336,0.0419311523438
337,0.0511169433594
338,0.0603332519531
339,0.0
340,0.0180206298828
341,0.0298614501953
342,0.0394592285156
343,0.0482177734375
344,0.0587158203125
345,0.0
346,0.0178070068359
347,0.0308837890625
348,0.0435180664062
349,0.0521850585938
350,0.0514221191406
351,0.0
352,0.0179595947266
353,0.0335693359375
354,0.0390319824219
355,0.0484619140625
356,0.0568237304688
357,0.0
358,0.0150604248047
359,0.0316162109375
360,0.041748046875
361,0.0474243164062
362,0.0574035644531
363,0.0
364,0.0163269042969
365,0.0241851806641
366,0.0386047363281
367,0.0465087890625
368,0.0563659667969
369,0.0
370,0.0163269042969
371,0.0291442871094
372,0.0401916503906
373,0.0483093261719
374,0.0500793457031
375,0.0
376,0.0165405273438
377,0.0277404785156
378,0.0388793945312
379,0.0486450195312
380,0.055908203125
381,0.0
382,0.016845703125
383,0.0307464599609
384,0.0442810058594
385,0.0552368164062
386,0.0578308105469
387,0.0
388,0.0162506103516
389,0.0300445556641
390,0.0420837402344
391,0.0518493652344
392,0.0603332519531
393,0.0
394,0.0123519897461
395,0.0236358642578
396,0.0341491699219
397,0.0464782714844
398,0.0501403808594
399,0.0
400,0.0100021362305
401,0.0242767333984
402,0.037841796875
403,0.0473022460938
404,0.0565490722656
405,0.0
406,0.0163421630859
407,0.0273284912109
408,0.0364990234375
409,0.045654296875
410,0.0525512695312
411,0.0
412,0.0181732177734
413,0.0337524414062
414,0.0430603027344
415,0.0474243164062
416,0.056640625
417,0.0
418,0.0153121948242
419,0.0264129638672
420,0.0402526855469
421,0.0453491210938
422,0.0504760742188
423,0.0
424,0.0136947631836
425,0.0270538330078
426,0.0423278808594
427,0.0509948730469
428,0.0583190917969
429,0.0
430,0.01708984375
431,0.0315246582031
432,0.0460205078125
433,0.0465087890625
434,0.054443359375
435,0.0
436,0.0138854980469
437,0.0300750732422
438,0.0363464355469
439,0.0460510253906
440,0.0502624511719
441,0.0
442,0.0162353515625
443,0.0263671875
444,0.0396118164062
445,0.0459594726562
446,0.0595703125
447,0.0
448,0.0136566162109
449,0.0265197753906
450,0.0352783203125
451,0.0428161621094
452,0.0494079589844
453,0.0
454,0.014030456543
455,0.0247344970703
456,0.0335998535156
457,0.0440368652344
458,0.0522155761719
459,0.0
460,0.0152053833008
461,0.0324401855469
462,0.0450744628906
463,0.0504760742188
464,0.0591735839844
465,0.0
466,0.0150451660156
467,0.0243377685547
468,0.0373840332031
469,0.0465087890625
470,0.0534973144531
471,0.0
472,0.0176239013672
473,0.0334777832031
474,0.0410461425781
475,0.0519714355469
476,0.0564575195312
477,0.0
478,0.0126724243164
479,0.0282440185547
480,0.0344543457031
481,0.0460205078125
482,0.0571594238281
483,0.0
484,0.014892578125
485,0.0254669189453
486,0.0415954589844
487,0.0495910644531
488,0.0556945800781
489,0.0
490,0.0117340087891
491,0.0263824462891
492,0.0353698730469
493,0.0472106933594
494,0.0505676269531
495,0.0
496,0.0132217407227
497,0.0250549316406
498,0.0379333496094
499,0.0455627441406
500,0.0513305664062
501,0.0
502,0.0113906860352
503,0.0248718261719
504,0.0385131835938
505,0.0479431152344
506,0.0578918457031
507,0.0
508,0.0133209228516
509,0.0281372070312
510,0.0364074707031
511,0.0431823730469
512,0.0542297363281
513,0.0
514,0.0155792236328
515,0.0321350097656
516,0.0417175292969
517,0.050537109375
518,0.0610046386719
519,0.0
520,0.0177612304688
521,0.0306854248047
522,0.0401000976562
523,0.0503540039062
524,0.0542907714844
525,0.0
526,0.0125427246094
527,0.030029296875
528,0.0377197265625
529,0.0482177734375
530,0.0554809570312
531,0.0
532,0.0183715820312
533,0.0332336425781
534,0.0359497070312
535,0.0475158691406
536,0.0536193847656
537,0.0
538,0.0144729614258
539,0.0260314941406
540,0.0360107421875
541,0.0459289550781
542,0.0567626953125
543,0.0
544,0.013801574707
545,0.0200347900391
546,0.0311737060547
547,0.0387268066406
548,0.0471496582031
549,0.0
550,0.0113296508789
551,0.0224609375
552,0.0340576171875
553,0.0400695800781
554,0.0503540039062
555,0.0
556,0.0169525146484
557,0.0351867675781
558,0.0453491210938
559,0.0567016601562
560,0.0582275390625
561,0.0
562,0.0130996704102
563,0.0261535644531
564,0.0401611328125
565,0.0488586425781
566,0.0587768554688
567,0.0
568,0.0174255371094
569,0.0291900634766
570,0.0376281738281
571,0.0419616699219
572,0.0501708984375
573,0.0
574,0.0140838623047
575,0.0270080566406
576,0.0392761230469
577,0.0460205078125
578,0.0489196777344
579,0.0
580,0.0115432739258
581,0.0263366699219
582,0.0367126464844
583,0.0459899902344
584,0.0586242675781
585,0.0
586,0.0171356201172
587,0.0333862304688
588,0.0433654785156
589,0.0511169433594
590,0.0585327148438
591,0.0
592,0.0115127563477
593,0.0221862792969
594,0.0312805175781
595,0.0414733886719
596,0.0500183105469
597,0.0
598,0.013671875
599,0.027099609375
600,0.0393676757812
601,0.0485534667969
602,0.0546264648438
603,0.0
604,0.0133438110352
605,0.0245819091797
606,0.0317077636719
607,0.0446166992188
608,0.0528564453125
609,0.0
610,0.013542175293
611,0.0245666503906
612,0.0365295410156
613,0.0474548339844
614,0.0548706054688
615,0.0
616,0.0137405395508
617,0.0239105224609
618,0.0361328125
619,0.0473022460938
620,0.0537719726562
621,0.0
622,0.0125350952148
623,0.0235137939453
624,0.0361633300781
625,0.04052734375
626,0.0572204589844
627,0.0
628,0.0154266357422
629,0.0283203125
630,0.0409545898438
631,0.0496520996094
632,0.0548706054688
633,0.0
634,0.012077331543
635,0.0258636474609
636,0.0359497070312
637,0.0418395996094
638,0.0440673828125
639,0.0
640,0.0105743408203
641,0.0233764648438
642,0.0348815917969
643,0.0438842773438
644,0.0564880371094
645,0.0
646,0.0159301757812
647,0.0322570800781
648,0.0441589355469
649,0.0514831542969
650,0.0599975585938
651,0.0
652,0.0104293823242
653,0.0203704833984
654,0.0299530029297
655,0.0383911132812
656,0.0484313964844
657,0.0
658,0.0132751464844
659,0.0260009765625
660,0.0360717773438
661,0.0439758300781
662,0.0439147949219
663,0.0
664,0.0193634033203
665,0.0362854003906
666,0.0499267578125
667,0.0526428222656
668,0.0546875
669,0.0
670,0.0121002197266
671,0.0260162353516
672,0.0347900390625
673,0.0454406738281
674,0.0514831542969
675,0.0
676,0.0122222900391
677,0.0253448486328
678,0.0325317382812
679,0.0465393066406
680,0.0549926757812
681,0.0
682,0.0101623535156
683,0.024169921875
684,0.0340270996094
685,0.0424499511719
686,0.0509338378906
687,0.0
688,0.0129699707031
689,0.0265808105469
690,0.037353515625
691,0.0488586425781
692,0.0547790527344
693,0.0
694,0.0103378295898
695,0.0231170654297
696,0.0314636230469
697,0.0399475097656
698,0.0462951660156
699,0.0
700,0.0129928588867
701,0.0211639404297
702,0.0336608886719
703,0.048828125
704,0.0534057617188
705,0.0
706,0.0157165527344
707,0.0312347412109
708,0.0387573242188
709,0.0524291992188
710,0.0558471679688
711,0.0
712,0.011848449707
713,0.0198822021484
714,0.0334167480469
715,0.0393676757812
716,0.0482788085938
717,0.0
718,0.0131530761719
719,0.0268249511719
720,0.0367126464844
721,0.0476989746094
722,0.0534362792969
723,0.0
724,0.0128784179688
725,0.0255737304688
726,0.0402526855469
727,0.0469360351562
728,0.0504150390625
729,0.0
730,0.0109481811523
731,0.0212097167969
732,0.03564453125
733,0.0399169921875
734,0.0503540039062
735,0.0
736,0.0139541625977
737,0.0201873779297
738,0.0298156738281
739,0.038818359375
740,0.0495300292969
741,0.0
742,0.0137100219727
743,0.0271301269531
744,0.0341491699219
745,0.0436096191406
746,0.0518798828125
747,0.0
748,0.0136337280273
749,0.0281066894531
750,0.0405883789062
751,0.0506591796875
752,0.0558166503906
753,0.0
754,0.0124893188477
755,0.0245513916016
756,0.0359497070312
757,0.0447387695312
758,0.0473937988281
759,0.0
760,0.0155639648438
761,0.0294647216797
762,0.0432739257812
763,0.0502014160156
764,0.0553283691406
765,0.0
766,0.0155715942383
767,0.0283050537109
768,0.0374450683594
769,0.0487060546875
770,0.0534362792969
771,0.0
772,0.0116348266602
773,0.0253753662109
774,0.0375061035156
775,0.0496826171875
776,0.0552062988281
777,0.0
778,0.013786315918
779,0.0259704589844
780,0.0414733886719
781,0.0511169433594
782,0.0579223632812
783,0.0
784,0.0130767822266
786,0.0205383300781
787,0.0316467285156
788,0.039306640625
789,0.0451354980469
790,0.0
791,0.0104064941406
792,0.0190582275391
793,0.0294342041016
794,0.0396728515625
795,0.0502014160156
796,0.0
797,0.00922393798828
798,0.0220947265625
799,0.0299987792969
800,0.0360412597656
801,0.045166015625
802,0.0
803,0.0148391723633
804,0.0252685546875
805,0.0361022949219
806,0.0439758300781
807,0.0505981445312
808,0.0
809,0.0117721557617
810,0.0240478515625
811,0.0389709472656
812,0.0502014160156
813,0.0536499023438
814,0.0
815,0.0128936767578
816,0.0211639404297
817,0.0321350097656
818,0.0422058105469
819,0.0497131347656
820,0.0
821,0.00987243652344
822,0.0187835693359
823,0.0323486328125
824,0.0411071777344
825,0.0479431152344
826,0.0
827,0.0115814208984
828,0.0199432373047
829,0.0295715332031
830,0.0418701171875
831,0.0482177734375
832,0.0
833,0.0117645263672
834,0.0257568359375
835,0.0351867675781
836,0.0433349609375
837,0.0532531738281
838,0.0
839,0.0195922851562
840,0.0333557128906
841,0.0444641113281
842,0.0504455566406
843,0.0626831054688
844,0.0
845,0.0133514404297
846,0.0299987792969
847,0.0381164550781
848,0.0485534667969
849,0.062744140625
850,0.0
851,0.00994110107422
852,0.0230102539062
853,0.0341491699219
854,0.0449829101562
855,0.0506591796875
856,0.0
857,0.00942993164062
858,0.0236511230469
859,0.0339660644531
860,0.0400085449219
861,0.0474548339844
862,0.0
863,0.0132064819336
864,0.0279388427734
865,0.0361633300781
866,0.0535583496094
867,0.0599975585938
868,0.0
869,0.0109329223633
870,0.0206146240234
871,0.0326232910156
872,0.0431518554688
873,0.05029296875
874,0.0
875,0.0165557861328
876,0.0263671875
877,0.0380859375
878,0.0456237792969
879,0.04931640625
880,0.0
881,0.014762878418
882,0.0340881347656
883,0.0407104492188
884,0.0421447753906
885,0.0436401367188
886,0.0
887,0.012077331543
888,0.0248565673828
889,0.0355224609375
890,0.0412292480469
891,0.0462646484375
892,0.0
893,0.0114059448242
894,0.0230712890625
895,0.0300598144531
896,0.0395202636719
897,0.051025390625
898,0.0
899,0.013313293457
900,0.0318603515625
901,0.0477600097656
902,0.0537109375
903,0.0614318847656
904,0.0
905,0.0121459960938
906,0.0240631103516
907,0.0339965820312
908,0.0417785644531
909,0.048095703125
910,0.0
911,0.0103454589844
912,0.0235595703125
913,0.0355224609375
914,0.0429077148438
915,0.0489807128906
916,0.0
917,0.0126647949219
918,0.0230102539062
919,0.0361328125
920,0.0453186035156
921,0.0492553710938
922,0.0
923,0.0163269042969
924,0.0305938720703
925,0.0399169921875
926,0.0444030761719
927,0.0487060546875
928,0.0
929,0.0125045776367
930,0.0237884521484
931,0.0347595214844
932,0.0431213378906
933,0.0500183105469
934,0.0
935,0.0181732177734
936,0.0295562744141
937,0.0458984375
938,0.0492248535156
939,0.0585021972656
940,0.0
941,0.0148620605469
942,0.02783203125
943,0.031494140625
944,0.0426025390625
945,0.0447387695312
946,0.0
947,0.0122680664062
948,0.0228576660156
949,0.0357666015625
950,0.04638671875
951,0.0532836914062
952,0.0
953,0.0219268798828
954,0.0384216308594
955,0.0591125488281
956,0.0519714355469
957,0.0593872070312
958,0.0
959,0.0149917602539
960,0.0297698974609
961,0.038818359375
962,0.0442504882812
963,0.0508117675781
964,0.0
965,0.0121765136719
966,0.0234069824219
967,0.036865234375
968,0.0470275878906
969,0.0483093261719
970,0.0
971,0.0114135742188
972,0.0225677490234
973,0.0310974121094
974,0.0441284179688
975,0.04638671875
976,0.0
977,0.0119400024414
978,0.0242767333984
979,0.0364990234375
980,0.0417785644531
981,0.050537109375
982,0.0
983,0.0161895751953
984,0.0317687988281
985,0.0455017089844
986,0.0517578125
987,0.0578308105469
988,0.0
989,0.0119323730469
990,0.0271759033203
991,0.0311584472656
992,0.0480651855469
993,0.0478820800781
994,0.0
995,0.00933074951172
996,0.0190277099609
997,0.0338134765625
998,0.0443420410156
999,0.0524291992188
1000,0.0
1001,0.0119323730469
1002,0.0255737304688
1003,0.0331726074219
1004,0.0411682128906
1005,0.0502014160156
1006,0.0
1007,0.0148468017578
1008,0.0273590087891
1009,0.0459899902344
1010,0.0554504394531
1011,0.0603332519531
1012,0.0
1013,0.0143890380859
1014,0.0238342285156
1015,0.0364379882812
1016,0.0461120605469
1017,0.06201171875
1018,0.0
1019,0.0131912231445
1020,0.0230560302734
1021,0.0352478027344
1022,0.0447998046875
1023,0.0529479980469
1024,0.0
1025,0.0182647705078
1026,0.0332336425781
1027,0.0430908203125
1028,0.0508117675781
1029,0.0535583496094
1030,0.0
1031,0.0135498046875
1032,0.0237274169922
1033,0.0369262695312
1034,0.0475769042969
1035,0.055419921875
1036,0.0
1037,0.0113143920898
1038,0.0294342041016
1039,0.0379943847656
1040,0.0406494140625
1041,0.0458374023438
1042,0.0
1043,0.0128784179688
1044,0.0269622802734
1045,0.039794921875
1046,0.0552062988281
1047,0.0608520507812
1048,0.0
1049,0.0114212036133
1050,0.0283508300781
1051,0.0352172851562
1052,0.0438842773438
1053,0.0482788085938
1054,0.0
1055,0.0100936889648
1056,0.0242614746094
1057,0.0361328125
1058,0.0435180664062
1059,0.0555725097656
1060,0.0
1061,0.00910186767578
1062,0.0242614746094
1063,0.0328674316406
1064,0.0450439453125
1065,0.0537109375
1066,0.0
1067,0.0109405517578
1068,0.0229797363281
1069,0.0359497070312
1070,0.0462036132812
1071,0.0553894042969
1072,0.0
1073,0.0162506103516
1074,0.0290222167969
1075,0.0478210449219
1076,0.049560546875
1077,0.0577087402344
1078,0.0
1079,0.0167388916016
1080,0.026611328125
1081,0.03662109375
1082,0.0427551269531
1083,0.0515441894531
1084,0.0
1085,0.0132675170898
1086,0.0257263183594
1087,0.0396118164062
1088,0.0477905273438
1089,0.05126953125
1090,0.0
1091,0.0177459716797
1092,0.0298614501953
1093,0.0420227050781
1094,0.0554809570312
1095,0.0634155273438
1096,0.0
1097,0.0165863037109
1098,0.0348510742188
1099,0.0478515625
1100,0.0432434082031
1101,0.0576782226562
1102,0.0
1103,0.0119781494141
1104,0.0269165039062
1105,0.0371704101562
1106,0.0362243652344
1107,0.0462951660156
1108,0.0
1109,0.0134506225586
1110,0.0232696533203
1111,0.0321960449219
1112,0.0419006347656
1113,0.0523986816406
1114,0.0
1115,0.0172576904297
1116,0.0315246582031
1117,0.0408630371094
1118,0.0486450195312
1119,0.0518493652344
1120,0.0
1121,0.0151824951172
1122,0.0270080566406
1123,0.0359497070312
1124,0.0437316894531
1125,0.0555419921875
1126,0.0
1127,0.0153503417969
1128,0.0336303710938
1129,0.0429382324219
1130,0.0510864257812
1131,0.0544128417969
1132,0.0
1133,0.0110092163086
1134,0.0242309570312
1135,0.0325622558594
1136,0.041015625
1137,0.0497131347656
1138,0.0
1139,0.0137329101562
1140,0.0258636474609
1141,0.0393371582031
1142,0.0497741699219
1143,0.061767578125
1144,0.0
1145,0.00996398925781
1146,0.016357421875
1147,0.0282440185547
1148,0.0374755859375
1149,0.0415649414062
1150,0.0
1151,0.0122756958008
1152,0.0282440185547
1153,0.0372009277344
1154,0.0484619140625
1155,0.0590209960938
1156,0.0
1157,0.0125961303711
1158,0.0234985351562
1159,0.0319519042969
1160,0.04443359375
1161,0.0493469238281
1162,0.0
1163,0.0146865844727
1164,0.0321655273438
1165,0.0420227050781
1166,0.0494079589844
1167,0.0567626953125
1168,0.0
1169,0.010368347168
1170,0.0261383056641
1171,0.0286560058594
1172,0.0365600585938
1173,0.0471801757812
1174,0.0
1175,0.0101852416992
1176,0.0258483886719
1177,0.0369567871094
1178,0.0405578613281
1179,0.0496826171875
1180,0.0
1181,0.0119857788086
1182,0.0244903564453
1183,0.0338134765625
1184,0.0421752929688
1185,0.04736328125
1186,0.0
1187,0.0125961303711
1188,0.0284118652344
1189,0.0400085449219
1190,0.0528564453125
1191,0.0590209960938
1192,0.0
1193,0.0127792358398
1194,0.0289916992188
1195,0.0350646972656
1196,0.0460815429688
1197,0.0524597167969
1198,0.0
1199,0.0125122070312
1200,0.0253143310547
1201,0.0414123535156
1202,0.0501098632812
1203,0.0549011230469
1204,0.0
1205,0.0145721435547
1206,0.0297546386719
1207,0.0371398925781
1208,0.0439147949219
1209,0.0469055175781
1210,0.0
1211,0.0104141235352
1212,0.0234680175781
1213,0.0337829589844
1214,0.0450439453125
1215,0.0523376464844
1216,0.0
1217,0.0117645263672
1218,0.0215759277344
1219,0.0328063964844
1220,0.039794921875
1221,0.0448608398438
1222,0.0
1223,0.010009765625
1224,0.0230560302734
1225,0.0365295410156
1226,0.0407409667969
1227,0.0508422851562
1228,0.0
1229,0.0150833129883
1230,0.0326843261719
1231,0.0379638671875
1232,0.0459899902344
1233,0.0492858886719
1234,0.0
1235,0.0149688720703
1236,0.0242309570312
1237,0.0348205566406
1238,0.0511779785156
1239,0.0592041015625
1240,0.0
1241,0.0145721435547
1242,0.0217742919922
1243,0.033935546875
1244,0.0389404296875
1245,0.0508117675781
1246,0.0
1247,0.0169219970703
1248,0.0318908691406
1249,0.0492858886719
1250,0.0610046386719
1251,0.0560913085938
1252,0.0
1253,0.0166778564453
1254,0.0402221679688
1255,0.043701171875
1256,0.0501098632812
1257,0.0559692382812
1258,0.0
1259,0.0126419067383
1260,0.0262908935547
1261,0.0371704101562
1262,0.0484008789062
1263,0.057373046875
1264,0.0
1265,0.0151214599609
1266,0.033935546875
1267,0.0442810058594
1268,0.0469360351562
1269,0.0559692382812
1270,0.0
1271,0.01708984375
1272,0.0261993408203
1273,0.0402221679688
1274,0.0606689453125
1275,0.062744140625
1276,0.0
1277,0.0160217285156
1278,0.0269622802734
1279,0.033447265625
1280,0.0406799316406
1281,0.0496520996094
1282,0.0
1283,0.0190124511719
1284,0.0301513671875
1285,0.0360717773438
1286,0.0425415039062
1287,0.0447998046875
1288,0.0
1289,0.0160064697266
1290,0.0315856933594
1291,0.0380859375
1292,0.0442810058594
1293,0.0556640625
1294,0.0
1295,0.0127792358398
1296,0.0279998779297
1297,0.0334777832031
1298,0.0419616699219
1299,0.0480041503906
1300,0.0
1301,0.0138168334961
1302,0.0277404785156
1303,0.0325012207031
1304,0.0454711914062
1305,0.0601806640625
1306,0.0
1307,0.0139846801758
1308,0.0276184082031
1309,0.0328063964844
1310,0.0360717773438
1311,0.0420227050781
1312,0.0
1313,0.0165100097656
1314,0.0299224853516
1315,0.0340576171875
1316,0.0453796386719
1317,0.04833984375
1318,0.0
1319,0.00965118408203
1320,0.0200500488281
1321,0.0296630859375
1322,0.038818359375
1323,0.0475769042969
1324,0.0
1325,0.0109634399414
1326,0.0217742919922
1327,0.0309600830078
1328,0.036376953125
1329,0.0431518554688
1330,0.0
1331,0.0165863037109
1332,0.0352478027344
1333,0.0501403808594
1334,0.0454711914062
1335,0.0624084472656
1336,0.0
1337,0.0125732421875
1338,0.0235443115234
1339,0.0385437011719
1340,0.04736328125
1341,0.0576477050781
1342,0.0
1343,0.0116806030273
1344,0.0224151611328
1345,0.03515625
1346,0.0462646484375
1347,0.0541076660156
1348,0.0
1349,0.0170288085938
1350,0.0314331054688
1351,0.0450439453125
1352,0.0464782714844
1353,0.0487976074219
1354,0.0
1355,0.0104370117188
1356,0.0232849121094
1357,0.03662109375
1358,0.0447998046875
1359,0.0513305664062
1360,0.0
1361,0.0127029418945
1362,0.0286102294922
1363,0.0388488769531
1364,0.0465393066406
1365,0.0518188476562
1366,0.0
1367,0.0136260986328
1368,0.0265045166016
1369,0.0396728515625
1370,0.0418701171875
1371,0.044921875
1372,0.0
1373,0.0117950439453
1374,0.0226898193359
1375,0.0365905761719
1376,0.04736328125
1377,0.0553588867188
1378,0.0
1379,0.0157318115234
1380,0.0304565429688
1381,0.04443359375
1382,0.0535278320312
1383,0.0618286132812
1384,0.0
1385,0.0112838745117
1386,0.0268096923828
1387,0.0320434570312
1388,0.0378112792969
1389,0.0471496582031
1390,0.0
1391,0.009033203125
1392,0.0203247070312
1393,0.0301208496094
1394,0.0448913574219
1395,0.0574951171875
1396,0.0
1397,0.00989532470703
1398,0.0214080810547
1399,0.03466796875
1400,0.0409545898438
1401,0.0435180664062
1402,0.0
1403,0.0117950439453
1404,0.0221557617188
1405,0.0375671386719
1406,0.0451354980469
1407,0.0541687011719
1408,0.0
1409,0.0110549926758
1410,0.0207977294922
1411,0.0308837890625
1412,0.0397033691406
1413,0.0520935058594
1414,0.0
1415,0.0157165527344
1416,0.0261993408203
1417,0.0350646972656
1418,0.0465087890625
1419,0.0547790527344
1420,0.0
1421,0.0110626220703
1422,0.0259094238281
1423,0.034912109375
1424,0.0391845703125
1425,0.0459594726562
1426,0.0
1427,0.0119323730469
1428,0.0217132568359
1429,0.0336608886719
1430,0.0433654785156
1431,0.0515747070312
1432,0.0
1433,0.0124359130859
1434,0.0249938964844
1435,0.0350036621094
1436,0.044677734375
1437,0.0547485351562
1438,0.0
1439,0.0192718505859
1440,0.0284118652344
1441,0.0439453125
1442,0.051513671875
1443,0.0584716796875
1444,0.0
1445,0.0148620605469
1446,0.0253143310547
1447,0.0376586914062
1448,0.0431518554688
1449,0.0547180175781
1450,0.0
1451,0.0132598876953
1452,0.0246124267578
1453,0.0305786132812
1454,0.0342102050781
1455,0.0401000976562
1456,0.0
1457,0.0123825073242
1458,0.0260009765625
1459,0.04296875
1460,0.0518493652344
1461,0.0580749511719
1462,0.0
1463,0.0108413696289
1464,0.0219116210938
1465,0.0288848876953
1466,0.0379638671875
1467,0.0490417480469
1468,0.0
1469,0.00996398925781
1470,0.0193634033203
1471,0.0288543701172
1472,0.0355529785156
1473,0.0442199707031
1474,0.0
1475,0.0146789550781
1476,0.0255126953125
1477,0.0286712646484
1478,0.0362243652344
1479,0.0432434082031
1480,0.0
1481,0.0164642333984
1482,0.0305023193359
1483,0.0459289550781
1484,0.050537109375
1485,0.0647583007812
1486,0.0
1487,0.0142440795898
1488,0.0280456542969
1489,0.0397033691406
1490,0.0525207519531
1491,0.0562133789062
1492,0.0
1493,0.0107345581055
1494,0.0235290527344
1495,0.0325622558594
1496,0.0372924804688
1497,0.0454406738281
1498,0.0
1499,0.0109710693359
1500,0.0225524902344
1501,0.0341796875
1502,0.0432739257812
1503,0.04833984375
1504,0.0
1505,0.0130310058594
1506,0.0198364257812
1507,0.0323791503906
1508,0.0392456054688
1509,0.0492858886719
1510,0.0
1511,0.0165557861328
1512,0.0257415771484
1513,0.0363464355469
1514,0.0547790527344
1515,0.0571594238281
1516,0.0
1517,0.0125274658203
1518,0.0222320556641
1519,0.0300445556641
1520,0.0391540527344
1521,0.0509338378906
1522,0.0
1523,0.0149536132812
1524,0.0289001464844
1525,0.0418395996094
1526,0.056396484375
1527,0.0579833984375
1528,0.0
1529,0.0110931396484
1530,0.0215454101562
1531,0.0337829589844
1532,0.0410461425781
1533,0.0525207519531
1534,0.0
1535,0.0120620727539
1536,0.0253295898438
1537,0.0300750732422
1538,0.0428466796875
1539,0.0516662597656
1540,0.0
1541,0.0125198364258
1542,0.0242919921875
1543,0.0379333496094
1544,0.0534057617188
1545,0.0619506835938
1546,0.0
1547,0.012939453125
1548,0.0320434570312
1549,0.0474548339844
1550,0.0541076660156
1551,0.0514221191406
1552,0.0
1553,0.0145568847656
1554,0.0214080810547
1555,0.0331726074219
1556,0.0409545898438
1557,0.0520324707031
1558,0.0
1559,0.0108184814453
1560,0.0253753662109
1561,0.03564453125
1562,0.0426940917969
1563,0.0552673339844
38319,0.0
38320,0.0103759765625
38322,0.0176086425781
38323,0.0262756347656
38324,0.033203125
38325,0.0413208007812
38326,0.0
38327,0.00801849365234
38328,0.0198974609375
38329,0.0287322998047
38330,0.0337524414062
38331,0.0423583984375
38332,0.0
38333,0.00813293457031
38334,0.0174102783203
38335,0.02880859375
38336,0.0328369140625
38337,0.0409851074219
38338,0.0
38339,0.00785827636719
38340,0.0180053710938
38341,0.0238189697266
38342,0.0292053222656
38343,0.0363464355469
38344,0.0
38345,0.0106658935547
38346,0.0213165283203
38347,0.0300598144531
38348,0.032470703125
38349,0.039306640625
38350,0.0
38351,0.0100555419922
38352,0.0202178955078
38353,0.0286712646484
38354,0.0352478027344
38355,0.0423278808594
38356,0.0
38357,0.00816345214844
38358,0.0172119140625
38359,0.0238494873047
38360,0.0304565429688
38361,0.0365600585938
38362,0.0
38363,0.010139465332
38364,0.0209197998047
38365,0.0285491943359
38366,0.034423828125
38367,0.0365295410156
38368,0.0
38369,0.00926208496094
38370,0.0166168212891
38371,0.0240631103516
38372,0.0330200195312
38373,0.0430908203125
38374,0.0
38375,0.0110092163086
38376,0.0174255371094
38377,0.0252532958984
38378,0.0338745117188
38379,0.0375671386719
38380,0.0
38381,0.00836181640625
38382,0.0172729492188
38383,0.0261383056641
38384,0.0326232910156
38385,0.0426940917969
38386,0.0
38387,0.0117645263672
38388,0.0234069824219
38389,0.0288543701172
38390,0.0374450683594
38391,0.0418395996094
38392,0.0
38393,0.00927734375
38394,0.0197448730469
38395,0.0291595458984
38396,0.0373840332031
38397,0.0436706542969
38398,0.0
38399,0.00724411010742
38400,0.0162353515625
38401,0.027587890625
38402,0.0376586914062
38403,0.0426940917969
38404,0.0
38405,0.00654602050781
38406,0.01904296875
38407,0.0286407470703
38408,0.0352172851562
38409,0.0462951660156
38410,0.0
38411,0.00914001464844
38412,0.0193939208984
38413,0.0274353027344
38414,0.0313720703125
38415,0.0399475097656
38416,0.0
38417,0.00890350341797
38418,0.0168304443359
38419,0.0251617431641
38420,0.0340270996094
38421,0.0438537597656
38422,0.0
38423,0.00875091552734
38424,0.0186309814453
38425,0.0274505615234
38426,0.0345153808594
38427,0.0423278808594
38428,0.0
38429,0.00846099853516
38430,0.0181427001953
38431,0.03076171875
38432,0.0359191894531
38433,0.0405883789062
38434,0.0
38435,0.00920104980469
38436,0.0200500488281
38437,0.0263214111328
38438,0.0353393554688
38439,0.0413818359375
38440,0.0
38441,0.00935363769531
38442,0.0165557861328
38443,0.0266876220703
38444,0.0318298339844
38445,0.0364379882812
38446,0.0
38447,0.00671005249023
38448,0.0184020996094
38449,0.0249938964844
38450,0.0311279296875
38451,0.0386657714844
38452,0.0
38453,0.00804138183594
38454,0.0189514160156
38455,0.0263061523438
38456,0.03466796875
38457,0.0403442382812
38458,0.0
38459,0.00807189941406
38460,0.0182189941406
38461,0.0283508300781
38462,0.0331115722656
38463,0.0389404296875
38464,0.0
38465,0.00936889648438
38466,0.0187225341797
38467,0.0279388427734
38468,0.0328063964844
38469,0.0398864746094
38470,0.0
38471,0.0123825073242
38472,0.0215454101562
38473,0.0321655273438
38474,0.037109375
38475,0.044921875
38476,0.0
38477,0.0087890625
38478,0.01953125
38479,0.0250244140625
38480,0.0338134765625
38481,0.0416870117188
38482,0.0
38483,0.00956726074219
38484,0.0203399658203
38485,0.0273590087891
38486,0.0338439941406
38487,0.0371398925781
38488,0.0
38489,0.00885772705078
38490,0.0171508789062
38491,0.0247039794922
38492,0.0318908691406
38493,0.0349426269531
38494,0.0
38495,0.0104141235352
38496,0.0208892822266
38497,0.0269622802734
38498,0.0370483398438
38499,0.0390014648438
38500,0.0
38501,0.00985717773438
38502,0.0210266113281
38503,0.0331115722656
38504,0.0387878417969
38505,0.0451354980469
38506,0.0
38507,0.00568771362305
38508,0.0179901123047
38509,0.0260772705078
38510,0.0316467285156
38511,0.0378112792969
38512,0.0
38513,0.00968933105469
38514,0.0209045410156
38515,0.0307769775391
38516,0.0386047363281
38517,0.0429382324219
38518,0.0
38519,0.00972747802734
38520,0.0196380615234
38521,0.0242614746094
38522,0.0330200195312
38523,0.0392456054688
38524,0.0
38525,0.00831604003906
38526,0.0164337158203
38527,0.0241241455078
38528,0.0321350097656
38529,0.0384216308594
38530,0.0
38531,0.008544921875
38532,0.0160064697266
38533,0.0280456542969
38534,0.0360412597656
38535,0.0413208007812
38536,0.0
38537,0.00918579101562
38538,0.0175933837891
38539,0.0275573730469
38540,0.0346069335938
38541,0.0414123535156
38542,0.0
38543,0.00946044921875
38544,0.0200500488281
38545,0.0278167724609
38546,0.0352478027344
38547,0.0447692871094
38548,0.0
38549,0.00936126708984
38550,0.015869140625
38551,0.0263061523438
38552,0.0340270996094
38553,0.0429992675781
38554,0.0
38555,0.00922393798828
38556,0.0173187255859
38557,0.0246887207031
38558,0.0320129394531
38559,0.038330078125
38560,0.0
38561,0.00895690917969
38562,0.016845703125
38563,0.0269927978516
38564,0.0322265625
38565,0.0381164550781
38566,0.0
38567,0.00880432128906
38568,0.0199890136719
38569,0.0282897949219
38570,0.0399780273438
38571,0.0422058105469
38572,0.0
38573,0.00989532470703
38574,0.0176239013672
38575,0.0261688232422
38576,0.0332336425781
38577,0.0408325195312
38578,0.0
38579,0.00832366943359
38580,0.0172729492188
38581,0.0259094238281
38582,0.0325927734375
38583,0.0384826660156
38584,0.0
38585,0.00978851318359
38586,0.0193786621094
38587,0.0301055908203
38588,0.0359802246094
38589,0.0406494140625
38590,0.0
38591,0.00817108154297
38592,0.0155410766602
38593,0.0257568359375
38594,0.0324401855469
38595,0.0376281738281
38596,0.0
38597,0.00669479370117
38598,0.017333984375
38599,0.0289154052734
38600,0.0316162109375
38601,0.042724609375
38602,0.0
38603,0.0107803344727
38604,0.0238037109375
38605,0.033447265625
38606,0.0403747558594
38607,0.0419921875
38608,0.0
38609,0.00817108154297
38610,0.0165252685547
38611,0.0249481201172
38612,0.0314025878906
38613,0.0367736816406
38614,0.0
38615,0.00930786132812
38616,0.0167541503906
38617,0.0276794433594
38618,0.0348815917969
38619,0.0402221679688
38620,0.0
38621,0.00971221923828
38622,0.0218200683594
38623,0.0306549072266
38624,0.0344543457031
38625,0.0440979003906
38626,0.0
38627,0.0104675292969
38628,0.0178375244141
38629,0.0244445800781
38630,0.03369140625
38631,0.0386657714844
38632,0.0
38633,0.010009765625
38634,0.0194549560547
38635,0.0296783447266
38636,0.0372009277344
38637,0.0470886230469
38638,0.0
38639,0.00933074951172
38640,0.0163726806641
38641,0.0258941650391
38642,0.031982421875
38643,0.0427551269531
38644,0.0
38645,0.00994110107422
38646,0.0185546875
38647,0.0301361083984
38648,0.0352172851562
38649,0.042724609375
38650,0.0
38651,0.0111694335938
38652,0.0208129882812
38653,0.0281524658203
38654,0.0350341796875
38655,0.0457763671875
38656,0.0
38657,0.0126800537109
38658,0.018310546875
38659,0.0276794433594
38660,0.0359191894531
38661,0.0430297851562
38662,0.0
38663,0.00948333740234
38664,0.0178985595703
38665,0.0291290283203
38666,0.0342407226562
38667,0.0391235351562
38668,0.0
38669,0.00961303710938
38670,0.0204467773438
38671,0.0265808105469
38672,0.0359497070312
38673,0.0438842773438
38674,0.0
38675,0.00845336914062
38676,0.0186767578125
38677,0.0285797119141
38678,0.0340270996094
38679,0.0385437011719
38680,0.0
38681,0.00887298583984
38682,0.0168151855469
38683,0.0272521972656
38684,0.0305938720703
38685,0.0390014648438
38686,0.0
38687,0.011360168457
38688,0.0172729492188
38689,0.0298309326172
38690,0.03369140625
38691,0.0436096191406
38692,0.0
38693,0.00767135620117
38694,0.0160064697266
38695,0.0264282226562
38696,0.0331420898438
38697,0.0372009277344
38698,0.0
38699,0.00757598876953
38700,0.0168914794922
38701,0.0249786376953
38702,0.0313720703125
38703,0.0343933105469
38704,0.0
38705,0.00871276855469
38706,0.0190582275391
38707,0.03076171875
38708,0.036376953125
38709,0.0401000976562
38710,0.0
38711,0.0089111328125
38712,0.0209350585938
38713,0.0284118652344
38714,0.03466796875
38715,0.0373840332031
38716,0.0
38717,0.010498046875
38718,0.0198364257812
38719,0.0271148681641
38720,0.0353698730469
38721,0.0369567871094
38722,0.0
38723,0.0114822387695
38724,0.0203247070312
38725,0.0258331298828
38726,0.0273590087891
38727,0.0350036621094
38728,0.0
38729,0.0111083984375
38730,0.0200958251953
38731,0.0277252197266
38732,0.0368041992188
38733,0.0400390625
38734,0.0
38735,0.0115814208984
38736,0.0209350585938
38737,0.0287475585938
38738,0.0366821289062
38739,0.0394287109375
38740,0.0
38741,0.00836181640625
38742,0.0160980224609
38743,0.0245971679688
38744,0.0304565429688
38745,0.0403442382812
38746,0.0
38747,0.0106201171875
38748,0.0186614990234
38749,0.0248565673828
38750,0.0365905761719
38751,0.0386047363281
38752,0.0
38753,0.00965881347656
38754,0.0171966552734
38755,0.0262298583984
38756,0.0305023193359
38757,0.032470703125
38758,0.0
38759,0.0106735229492
38760,0.0182800292969
38761,0.0263519287109
38762,0.033447265625
38763,0.0379028320312
38764,0.0
38765,0.00813293457031
38766,0.0162811279297
38767,0.0239562988281
38768,0.0299377441406
38769,0.0370483398438
38770,0.0
38771,0.00946807861328
38772,0.0163116455078
38773,0.0264129638672
38774,0.030517578125
38775,0.0374755859375
38776,0.0
38777,0.00966644287109
38778,0.0205841064453
38779,0.0287017822266
38780,0.0420532226562
38781,0.0453186035156
38782,0.0
38783,0.0075798034668
38784,0.0177764892578
38785,0.0269165039062
38786,0.0296325683594
38787,0.0368041992188
38788,0.0
38789,0.00790405273438
38790,0.0144729614258
38791,0.0236968994141
38792,0.0310363769531
38793,0.0394897460938
38794,0.0
38795,0.00789642333984
38796,0.0178680419922
38797,0.0219879150391
38798,0.0314636230469
38799,0.0362548828125
38800,0.0
38801,0.0087890625
38802,0.0158386230469
38803,0.0259246826172
38804,0.03515625
38805,0.040771484375
38806,0.0
38807,0.00930023193359
38808,0.0184173583984
38809,0.0292510986328
38810,0.0377502441406
38811,0.0418701171875
38812,0.0
38813,0.00916290283203
38814,0.0207824707031
38815,0.0276489257812
38816,0.0370788574219
38817,0.0442504882812
38818,0.0
38819,0.0104370117188
38820,0.0221557617188
38821,0.0317993164062
38822,0.0363159179688
38823,0.0440673828125
38824,0.0
38825,0.0107955932617
38826,0.01904296875
38827,0.0245361328125
38828,0.0359497070312
38829,0.0442810058594
38830,0.0
38831,0.00792694091797
38832,0.0161743164062
38833,0.0260314941406
38834,0.0356140136719
38835,0.0399169921875
38836,0.0
38837,0.00939178466797
38838,0.0175933837891
38839,0.0268707275391
38840,0.0360412597656
38841,0.0449523925781
38842,0.0
38843,0.00862884521484
38844,0.0189666748047
38845,0.0291442871094
38846,0.032958984375
38847,0.0372314453125
38848,0.0
38849,0.00803375244141
38850,0.0191650390625
38851,0.0267639160156
38852,0.0321044921875
38853,0.0341491699219
38854,0.0
38855,0.00782012939453
38856,0.0166473388672
38857,0.0252532958984
38858,0.0354614257812
38859,0.0380249023438
38860,0.0
38861,0.00986480712891
38862,0.0155181884766
38863,0.0244750976562
38864,0.0309906005859
38865,0.0389099121094
38866,0.0
38867,0.00890350341797
38868,0.0176086425781
38869,0.0246429443359
38870,0.0319519042969
38871,0.0355529785156
38872,0.0
38873,0.0102005004883
38874,0.0186614990234
38875,0.0276947021484
38876,0.03662109375
38877,0.0439453125
38878,0.0
38879,0.00775527954102
38880,0.0184478759766
38881,0.0270843505859
38882,0.0337829589844
38883,0.0426940917969
38884,0.0
38885,0.00834655761719
38886,0.0171813964844
38887,0.0253295898438
38888,0.0333862304688
38889,0.0366821289062
38890,0.0
38891,0.00979614257812
38892,0.0198211669922
38893,0.0265197753906
38894,0.0325012207031
38895,0.0382690429688
38896,0.0
38897,0.00749206542969
38898,0.0146331787109
38899,0.0246124267578
38900,0.0331726074219
38901,0.0393371582031
38902,0.0
38903,0.0106735229492
38904,0.0222473144531
38905,0.0317077636719
38906,0.0431823730469
38907,0.044189453125
38908,0.0
38909,0.0106964111328
38910,0.0247955322266
38911,0.0359497070312
38912,0.0430603027344
38913,0.0463562011719
38914,0.0
38915,0.0101776123047
38916,0.0215301513672
38917,0.0312347412109
38918,0.0368347167969
38919,0.0426940917969
38920,0.0
38921,0.0100479125977
38922,0.0215301513672
38923,0.0331115722656
38924,0.0475158691406
38925,0.0540466308594
38926,0.0
38927,0.0105819702148
38928,0.0184631347656
38929,0.0312347412109
38930,0.0381164550781
38931,0.0440673828125
38932,0.0
38933,0.0103607177734
38934,0.0225372314453
38935,0.0335693359375
38936,0.0433654785156
38937,0.0492553710938
38938,0.0
38939,0.00901794433594
38940,0.0201263427734
38941,0.0283966064453
38942,0.039794921875
38943,0.048583984375
38944,0.0
38945,0.0101928710938
38946,0.0190582275391
38947,0.0299682617188
38948,0.0359497070312
38949,0.041259765625
38950,0.0
38951,0.0076789855957
38952,0.0188293457031
38953,0.0272521972656
38954,0.0376892089844
38955,0.0426025390625
38956,0.0
38957,0.0107269287109
38958,0.0166320800781
38959,0.0244140625
38960,0.0355834960938
38961,0.0389709472656
38962,0.0
38963,0.00762939453125
38964,0.0182495117188
38965,0.0273895263672
38966,0.0359191894531
38967,0.0388488769531
38968,0.0
38969,0.00862884521484
38970,0.0199890136719
38971,0.0281219482422
38972,0.0358581542969
38973,0.0375671386719
38974,0.0
38975,0.0100326538086
38976,0.0162658691406
38977,0.0233459472656
38978,0.0287780761719
38979,0.0373229980469
38980,0.0
38981,0.00933837890625
38982,0.0180511474609
38983,0.0262603759766
38984,0.0309448242188
38985,0.0401000976562
38986,0.0
38987,0.00982666015625
38988,0.0185394287109
38989,0.0262908935547
38990,0.0326843261719
38991,0.0370483398438
38992,0.0
38993,0.0107192993164
38994,0.0184326171875
38995,0.0278930664062
38996,0.0333557128906
38997,0.0389709472656
38998,0.0
38999,0.0108871459961
39000,0.0220184326172
39001,0.0293121337891
39002,0.0330200195312
39003,0.0425415039062
39004,0.0
39005,0.00801849365234
39006,0.0159301757812
39007,0.0230102539062
39008,0.0327758789062
39009,0.0397338867188
39010,0.0
39011,0.00872039794922
39012,0.0172119140625
39013,0.0258026123047
39014,0.0327758789062
39015,0.0374145507812
39016,0.0
39017,0.00899505615234
39018,0.0186462402344
39019,0.0284729003906
39020,0.0343017578125
39021,0.0434265136719
39022,0.0
39023,0.00958251953125
39024,0.0215606689453
39025,0.0292053222656
39026,0.0346374511719
39027,0.0397033691406
39028,0.0
39029,0.00899505615234
39030,0.0175170898438
39031,0.0276031494141
39032,0.0332946777344
39033,0.0444641113281
39034,0.0
39035,0.0112991333008
39036,0.0200500488281
39037,0.02392578125
39038,0.0343627929688
39039,0.0417785644531
39040,0.0
39041,0.00772857666016
39042,0.01708984375
39043,0.0270080566406
39044,0.0343627929688
39045,0.0399780273438
39046,0.0
39047,0.00983428955078
39048,0.0189971923828
39049,0.0278778076172
39050,0.0342712402344
39051,0.0415954589844
39052,0.0
39053,0.0110473632812
39054,0.0202789306641
39055,0.0250854492188
39056,0.0337829589844
39057,0.0416564941406
39058,0.0
39059,0.00965118408203
39060,0.0196838378906
39061,0.0277404785156
39062,0.0356140136719
39063,0.0360412597656
39064,0.0
39065,0.00789642333984
39066,0.0139312744141
39067,0.0219879150391
39068,0.0326843261719
39069,0.0362854003906
39070,0.0
39071,0.0079345703125
39072,0.0186004638672
39073,0.0261840820312
39074,0.0323791503906
39075,0.0357666015625
39076,0.0
39077,0.00843048095703
39078,0.0182647705078
39079,0.0280303955078
39080,0.036865234375
39081,0.0426330566406
39082,0.0
39083,0.00896453857422
39084,0.0160522460938
39085,0.0254821777344
39086,0.033447265625
39087,0.0426330566406
39088,0.0
39089,0.0104751586914
39090,0.0208129882812
39091,0.0287933349609
39092,0.0339660644531
39093,0.0397644042969
39094,0.0
39095,0.00811767578125
39096,0.0178833007812
39097,0.0251312255859
39098,0.032470703125
39099,0.0369873046875
39100,0.0
39101,0.00617980957031
39102,0.0144653320312
39104,0.0235900878906
39105,0.0280914306641
39106,0.0367126464844
39107,0.0
39108,0.00779724121094
39109,0.0178375244141
39110,0.0274047851562
39111,0.0335998535156
39112,0.0450744628906
39113,0.0
39114,0.0109024047852
39115,0.0168914794922
39116,0.0273284912109
39117,0.0321960449219
39118,0.0383911132812
39119,0.0
39120,0.0115203857422
39121,0.0187530517578
39122,0.0311126708984
39123,0.0363159179688
39124,0.0453491210938
39125,0.0
39126,0.00895690917969
39127,0.0212860107422
39128,0.0291748046875
39129,0.0364074707031
39130,0.041015625
39131,0.0
39132,0.0106048583984
39133,0.0213012695312
39134,0.0287933349609
39135,0.040283203125
39136,0.0436096191406
39137,0.0
39138,0.00697708129883
39139,0.0204925537109
39140,0.0243530273438
39141,0.0308227539062
39142,0.0392761230469
39143,0.0
39144,0.00927734375
39145,0.0206604003906
39146,0.0359191894531
39147,0.0382385253906
39148,0.0479431152344
39149,0.0
39150,0.00910949707031
39151,0.0200805664062
39152,0.0295104980469
39153,0.0354614257812
39154,0.0415954589844
39155,0.0
39156,0.00731658935547
39157,0.0173492431641
39158,0.0288238525391
39159,0.0364379882812
39160,0.0457153320312
39161,0.0
39162,0.00971984863281
39163,0.0209503173828
39164,0.0315246582031
39165,0.0370178222656
39166,0.0419311523438
39167,0.0
39168,0.00996398925781
39169,0.0175476074219
39170,0.0256958007812
39171,0.0373229980469
39172,0.0467529296875
39173,0.0
39174,0.00951385498047
39175,0.0181274414062
39176,0.025390625
39177,0.0312805175781
39178,0.0359497070312
39179,0.0
39180,0.00942993164062
39181,0.0164642333984
39182,0.0255584716797
39183,0.0330810546875
39184,0.0381774902344
39185,0.0
39186,0.0100021362305
39187,0.0199737548828
39188,0.0270385742188
39189,0.0328369140625
39190,0.0411376953125
39191,0.0
39192,0.010986328125
39193,0.0218200683594
39194,0.0296020507812
39195,0.0334777832031
39196,0.0372619628906
39197,0.0
39198,0.0137329101562
39199,0.0194244384766
39200,0.0314025878906
39201,0.0356140136719
39202,0.044677734375
39203,0.0
39204,0.00858306884766
39205,0.0198516845703
39206,0.0255737304688
39207,0.0296020507812
39208,0.0348815917969
39209,0.0
39210,0.0101318359375
39211,0.0212249755859
39212,0.0290222167969
39213,0.0332946777344
39214,0.0426330566406
39215,0.0
39216,0.0103759765625
39217,0.0204620361328
39218,0.0283050537109
39219,0.0327453613281
39220,0.043212890625
39221,0.0
39222,0.0081787109375
39223,0.020751953125
39224,0.0283355712891
39225,0.0377807617188
39226,0.0456237792969
39227,0.0
39228,0.00801849365234
39229,0.0173492431641
39230,0.0269317626953
39231,0.0349731445312
39232,0.0418090820312
39233,0.0
39234,0.00923919677734
39235,0.0194396972656
39236,0.0283966064453
39237,0.0323486328125
39238,0.0424194335938
39239,0.0
39240,0.00862121582031
39241,0.0162506103516
39242,0.0267486572266
39243,0.0343017578125
39244,0.0415344238281
39245,0.0
39246,0.00697326660156
39247,0.0186614990234
39248,0.0275573730469
39249,0.0346984863281
39250,0.0434265136719
39251,0.0
39252,0.00786590576172
39253,0.0180206298828
39254,0.0260467529297
39255,0.0330505371094
39256,0.0379333496094
39257,0.0
39258,0.010498046875
39259,0.020751953125
39260,0.0265655517578
39261,0.0366821289062
39262,0.0418395996094
39263,0.0
39264,0.00820922851562
39265,0.0216674804688
39266,0.0301208496094
39267,0.0350036621094
39268,0.0428771972656
39269,0.0
39270,0.0128860473633
39271,0.0225372314453
39272,0.0313110351562
39273,0.0336608886719
39274,0.0419006347656
39275,0.0
39276,0.00693130493164
39277,0.0182495117188
39278,0.0296173095703
39279,0.0365295410156
39280,0.0445861816406
39281,0.0
39282,0.0104904174805
39283,0.0195922851562
39284,0.0288391113281
39285,0.0331726074219
39286,0.0386047363281
39287,0.0
39288,0.00967407226562
39289,0.0183410644531
39290,0.0268859863281
39291,0.03564453125
39292,0.0418395996094
39293,0.0
39294,0.00843811035156
39295,0.0180969238281
39296,0.0255737304688
39297,0.0300140380859
39298,0.0398559570312
39299,0.0
39300,0.0123138427734
39301,0.0210418701172
39302,0.0292358398438
39303,0.0358581542969
39304,0.0387878417969
39305,0.0
39306,0.00888061523438
39307,0.0167694091797
39308,0.0284423828125
39309,0.0350341796875
39310,0.0397338867188
39311,0.0
39312,0.00984954833984
39313,0.0190887451172
39314,0.0266571044922
39315,0.0328369140625
39316,0.0364074707031
39317,0.0
39318,0.0109100341797
39319,0.0188140869141
39320,0.0265350341797
39321,0.0327453613281
39322,0.0390319824219
39323,0.0
39324,0.00845336914062
39325,0.016845703125
39326,0.0260162353516
39327,0.0350952148438
39328,0.0437927246094
39329,0.0
39330,0.00715255737305
39331,0.0195159912109
39332,0.0274505615234
39333,0.0341491699219
39334,0.0425415039062
39335,0.0
39336,0.0100402832031
39337,0.0225524902344
39338,0.0334777832031
39339,0.0391845703125
39340,0.0481567382812
39341,0.0
39342,0.00883483886719
39343,0.0204315185547
39344,0.030517578125
39345,0.0368347167969
39346,0.0474853515625
39347,0.0
39348,0.00917053222656
39349,0.0234069824219
39350,0.0314025878906
39351,0.0430297851562
39352,0.0474853515625
39353,0.0
39354,0.0104675292969
39355,0.0181121826172
39356,0.0282287597656
39357,0.0361022949219
39358,0.037841796875
39359,0.0
39360,0.00916290283203
39361,0.0174407958984
39362,0.0318908691406
39363,0.0359497070312
39364,0.0366821289062
39365,0.0
39366,0.00773239135742
39367,0.0154418945312
39368,0.0259246826172
39369,0.0319519042969
39370,0.0379638671875
39371,0.0
39372,0.00812530517578
39373,0.0170440673828
39374,0.02783203125
39375,0.0337829589844
39376,0.0396118164062
39377,0.0
39378,0.00994873046875
39379,0.0177917480469
39380,0.0255889892578
39381,0.036376953125
39382,0.0401000976562
39383,0.0
39384,0.0103454589844
39385,0.0196075439453
39386,0.0292816162109
39387,0.0371398925781
39388,0.0411071777344
39389,0.0
39390,0.00864410400391
39391,0.0187683105469
39392,0.0260314941406
39393,0.0330505371094
39394,0.0409851074219
39395,0.0
39396,0.00717544555664
39397,0.0172424316406
39398,0.0249786376953
39399,0.0328674316406
39400,0.0366516113281
39401,0.0
39402,0.0110092163086
39403,0.0210571289062
39404,0.0242156982422
39405,0.0267791748047
39406,0.0354919433594
39407,0.0
39408,0.00777816772461
39409,0.0176391601562
39410,0.0302734375
39411,0.0342102050781
39412,0.0408935546875
39413,0.0
39414,0.00991821289062
39415,0.021240234375
39416,0.0302734375
39417,0.038330078125
39418,0.0406799316406
39419,0.0
39420,0.0110855102539
39421,0.0186309814453
39422,0.0228424072266
39423,0.0306854248047
39424,0.0371704101562
39425,0.0
39426,0.0101089477539
39427,0.0195770263672
39428,0.0282440185547
39429,0.0339965820312
39430,0.0402221679688
39431,0.0
39432,0.00863647460938
39433,0.0196838378906
39434,0.0299377441406
39435,0.0346374511719
39436,0.0440673828125
39437,0.0
39438,0.0118637084961
39439,0.0206909179688
39440,0.0294189453125
39441,0.0365600585938
39442,0.0413818359375
39443,0.0
39444,0.0108261108398
39445,0.021240234375
39446,0.0291748046875
39447,0.037109375
39448,0.0425720214844
39449,0.0
39450,0.00837707519531
39451,0.0186157226562
39452,0.0284423828125
39453,0.0349731445312
39454,0.0416564941406
39455,0.0
39456,0.00979614257812
39457,0.0194854736328
39458,0.029052734375
39459,0.037109375
39460,0.0361022949219
39461,0.0
39462,0.0107269287109
39463,0.0227508544922
39464,0.0299530029297
39465,0.0339965820312
39466,0.0394897460938
39467,0.0
39468,0.00926208496094
39469,0.0224456787109
39470,0.0314025878906
39471,0.0390930175781
39472,0.0393981933594
39473,0.0
39474,0.00873565673828
39475,0.0201721191406
39476,0.0290679931641
39477,0.0351867675781
39478,0.0416259765625
39479,0.0
39480,0.00725173950195
39481,0.0160217285156
39482,0.0258178710938
39483,0.0311279296875
39484,0.0354309082031
39485,0.0
39486,0.0101699829102
39487,0.0184631347656
39488,0.0287475585938
39489,0.0339050292969
39490,0.0402526855469
39491,0.0
39492,0.00835418701172
39493,0.0199127197266
39494,0.0266723632812
39495,0.0338134765625
39496,0.0388488769531
39497,0.0
39498,0.00881958007812
39499,0.0190277099609
39500,0.0258178710938
39501,0.0330505371094
39502,0.0413208007812
39503,0.0
39504,0.00835418701172
39505,0.0191650390625
39506,0.0256042480469
39507,0.0330200195312
39508,0.0405578613281
39509,0.0
39510,0.00849151611328
39511,0.0173797607422
39512,0.0270843505859
39513,0.0341796875
39514,0.0432739257812
39515,0.0
39516,0.00863647460938
39517,0.0167388916016
39518,0.0247039794922
39519,0.0348815917969
39520,0.0387268066406
39521,0.0
39522,0.00741195678711
39523,0.0191040039062
39524,0.0274505615234
39525,0.034912109375
39526,0.0443420410156
39527,0.0
39528,0.00883483886719
39529,0.0172576904297
39530,0.0239868164062
39531,0.0301208496094
39532,0.0360107421875
39533,0.0
39534,0.00910949707031
39535,0.0203704833984
39536,0.0274505615234
39537,0.0342102050781
39538,0.0426025390625
39539,0.0
39540,0.00840759277344
39541,0.0180816650391
39542,0.0282440185547
39543,0.0343627929688
39544,0.037353515625
39545,0.0
39546,0.0120391845703
39547,0.0200958251953
39548,0.0294647216797
39549,0.0377807617188
39550,0.0451049804688
39551,0.0
39552,0.0118789672852
39553,0.0169525146484
39554,0.0223388671875
39555,0.0303955078125
39556,0.0407409667969
39557,0.0
39558,0.00810241699219
39559,0.0175323486328
39560,0.0269317626953
39561,0.0346984863281
39562,0.0450134277344
39563,0.0
39564,0.00991821289062
39565,0.0185241699219
39566,0.0270690917969
39567,0.0313720703125
39568,0.0415344238281
39569,0.0
39570,0.0102157592773
39571,0.0196228027344
39572,0.0288848876953
39573,0.0347900390625
39574,0.0393676757812
39575,0.0
39576,0.010383605957
39577,0.0204467773438
39578,0.0332946777344
39579,0.041015625
39580,0.0439453125
39581,0.0
39582,0.00861358642578
39583,0.0191497802734
39584,0.0295104980469
39585,0.03466796875
39586,0.041259765625
39587,0.0
39588,0.00766372680664
39589,0.0171813964844
39590,0.0243682861328
39591,0.0296478271484
39592,0.041259765625
39593,0.0
39594,0.00905609130859
39595,0.0187530517578
39596,0.0261840820312
39597,0.033935546875
39598,0.0400085449219
39599,0.0
39600,0.0109786987305
39601,0.0228424072266
39602,0.0300750732422
39603,0.0377502441406
39604,0.0450439453125
39605,0.0
39606,0.00888061523438
39607,0.0155792236328
39608,0.0254058837891
39609,0.0316772460938
39610,0.0379638671875
39611,0.0
39612,0.00840759277344
39613,0.0160217285156
39614,0.0245361328125
39615,0.0336303710938
39616,0.0389099121094
39617,0.0
39618,0.0122756958008
39619,0.0221099853516
39620,0.0277252197266
39621,0.0386962890625
39622,0.0441589355469
39623,0.0
39624,0.00971221923828
39625,0.0168609619141
39626,0.0275726318359
39627,0.0356750488281
39628,0.0422973632812
39629,0.0
39630,0.00790405273438
39631,0.0157928466797
39632,0.0274353027344
39633,0.0363159179688
39634,0.0394592285156
39635,0.0
39636,0.00738525390625
39637,0.0176849365234
39638,0.0245208740234
39639,0.0325622558594
39640,0.0357971191406
39641,0.0
39642,0.00852203369141
39643,0.0209503173828
39644,0.0261383056641
39645,0.0375366210938
39646,0.0451049804688
39647,0.0
39648,0.00849914550781
39649,0.0189361572266
39650,0.0281829833984
39651,0.0361633300781
39652,0.0381774902344
39653,0.0
39654,0.00977325439453
39655,0.0185699462891
39656,0.0268249511719
39657,0.0316772460938
39658,0.0401000976562
39659,0.0
39660,0.00931549072266
39661,0.0187683105469
39662,0.0267028808594
39663,0.0357666015625
39664,0.0428771972656
39665,0.0
39666,0.010368347168
39667,0.0193023681641
39668,0.0289154052734
39669,0.0328979492188
39670,0.041259765625
39671,0.0
39672,0.00711059570312
39673,0.0153961181641
39674,0.0269317626953
39675,0.0353393554688
39676,0.0368041992188
39677,0.0
39678,0.00937652587891
39679,0.0174865722656
39680,0.0274353027344
39681,0.0348815917969
39682,0.038818359375
39683,0.0
39684,0.0108642578125
39685,0.0178527832031
39686,0.0253143310547
39687,0.0316162109375
39688,0.0352172851562
39689,0.0
39690,0.0105743408203
39691,0.0181579589844
39692,0.0242919921875
39693,0.0309600830078
39694,0.0390930175781
39695,0.0
39696,0.00887298583984
39697,0.02197265625
39698,0.0300903320312
39699,0.0385131835938
39700,0.03857421875
39701,0.0
39702,0.00741958618164
39703,0.0178527832031
39704,0.0260925292969
39705,0.0312194824219
39706,0.0417785644531
39707,0.0
39708,0.00679779052734
39709,0.0177154541016
39710,0.0258026123047
39711,0.0310974121094
39712,0.0407409667969
39713,0.0
39714,0.00782012939453
39715,0.0149154663086
39716,0.0230255126953
39717,0.0265960693359
39718,0.0367431640625
39719,0.0
39720,0.00853729248047
39721,0.0188598632812
39722,0.02685546875
39723,0.03369140625
39724,0.0438842773438
39725,0.0
39726,0.00953674316406
39727,0.0188751220703
39728,0.0271301269531
39729,0.03759765625
39730,0.0430297851562
39731,0.0
39732,0.00749969482422
39733,0.0174560546875
39734,0.0256195068359
39735,0.0340576171875
39736,0.0386352539062
39737,0.0
39738,0.00992584228516
39739,0.0174407958984
39740,0.0254974365234
39741,0.0311584472656
39742,0.0359802246094
39743,0.0
39744,0.00831604003906
39745,0.0182952880859
39746,0.0275421142578
39747,0.0365905761719
39748,0.0386657714844
39749,0.0
39750,0.00798034667969
39751,0.0159149169922
39752,0.0214538574219
39753,0.0267333984375
39754,0.0370788574219
39755,0.0
39756,0.00822448730469
39757,0.0178833007812
39758,0.0283508300781
39759,0.0353393554688
39760,0.0408935546875
39761,0.0
39762,0.00906372070312
39763,0.0196838378906
39764,0.0252380371094
39765,0.0340270996094
39766,0.0367431640625
39767,0.0
39768,0.00820159912109
39769,0.0181427001953
39770,0.0265655517578
39771,0.0328674316406
39772,0.0361938476562
39773,0.0
39774,0.0096435546875
39775,0.0183715820312
39776,0.0256958007812
39777,0.03369140625
39778,0.0343627929688
39779,0.0
39780,0.00961303710938
39781,0.0171813964844
39782,0.0273284912109
39783,0.0311126708984
39784,0.036376953125
39785,0.0
39786,0.0098876953125
39787,0.0180816650391
39788,0.0253601074219
39789,0.032470703125
39790,0.0370178222656
39791,0.0
39792,0.0104904174805
39793,0.0189208984375
39794,0.0238037109375
39795,0.0312805175781
39796,0.0433349609375
39797,0.0
39798,0.0106201171875
39799,0.0206298828125
39800,0.0280151367188
39801,0.0361022949219
39802,0.0408630371094
39803,0.0
39804,0.0110092163086
39805,0.0208587646484
39806,0.0315551757812
39807,0.0347595214844
39808,0.0372009277344
39809,0.0
39810,0.00816345214844
39811,0.0157318115234
39812,0.0260925292969
39813,0.0357360839844
39814,0.043701171875
39815,0.0
39816,0.00904846191406
39817,0.0201416015625
39818,0.0273742675781
39819,0.0341796875
39820,0.0363464355469
39821,0.0
39822,0.00693511962891
39823,0.0174255371094
39824,0.0251312255859
39825,0.0306701660156
39826,0.0366821289062
39827,0.0
39828,0.00801849365234
39829,0.0185699462891
39830,0.0270690917969
39831,0.0307922363281
39832,0.0388793945312
39833,0.0
39834,0.00876617431641
39835,0.0186462402344
39836,0.0268096923828
39837,0.0327758789062
39838,0.0350646972656
39839,0.0
39840,0.00857543945312
39841,0.0190124511719
39842,0.0244750976562
39843,0.0335693359375
39844,0.0384216308594
39845,0.0
39846,0.0081787109375
39847,0.0168609619141
39848,0.0249328613281
39849,0.03271484375
39850,0.0360412597656
39851,0.0
39852,0.00980377197266
39853,0.0227508544922
39854,0.0304260253906
39855,0.0387268066406
39856,0.040771484375
39857,0.0
39858,0.007568359375
39859,0.0191192626953
39860,0.0328369140625
39861,0.0371398925781
39862,0.0410461425781
39863,0.0
39864,0.00859069824219
39865,0.0166168212891
39866,0.0261993408203
39867,0.0338439941406
39868,0.0379333496094
39869,0.0
39870,0.00894927978516
39871,0.0206756591797
39872,0.0229797363281
39873,0.0270843505859
39874,0.0362243652344
39875,0.0
39876,0.00921630859375
39877,0.0189361572266
39878,0.0238952636719
39879,0.0339050292969
39880,0.0418701171875
39881,0.0
76637,0.00788879394531
76638,0.0156555175781
76640,0.0244293212891
76641,0.0294952392578
76642,0.0372924804688
76643,0.0
76644,0.00847625732422
76645,0.0193328857422
76646,0.02392578125
76647,0.0329895019531
76648,0.0387268066406
76649,0.0
76650,0.00808715820312
76651,0.0162811279297
76652,0.0249786376953
76653,0.0319519042969
76654,0.0355834960938
76655,0.0
76656,0.00762939453125
76657,0.0149841308594
76658,0.0242309570312
76659,0.0335693359375
76660,0.0404663085938
76661,0.0
76662,0.0089111328125
76663,0.0173187255859
76664,0.0244140625
76665,0.0338134765625
76666,0.0423583984375
76667,0.0
76668,0.00814056396484
76669,0.0173187255859
76670,0.0259552001953
76671,0.0354919433594
76672,0.0368347167969
76673,0.0
76674,0.00714492797852
76675,0.0161743164062
76676,0.0277557373047
76677,0.0339660644531
76678,0.0398254394531
76679,0.0
76680,0.00608444213867
76681,0.0142135620117
76682,0.0224914550781
76683,0.0277099609375
76684,0.0353393554688
76685,0.0
76686,0.00843811035156
76687,0.0165863037109
76688,0.0250091552734
76689,0.0331115722656
76690,0.0393371582031
76691,0.0
76692,0.00785064697266
76693,0.0142517089844
76694,0.0244293212891
76695,0.0303192138672
76696,0.0366516113281
76697,0.0
76698,0.00734329223633
76699,0.0184783935547
76700,0.0261383056641
76701,0.0342407226562
76702,0.0381164550781
76703,0.0
76704,0.00873565673828
76705,0.0181884765625
76706,0.0288543701172
76707,0.0359497070312
76708,0.0431213378906
76709,0.0
76710,0.00736236572266
76711,0.0155029296875
76712,0.0231628417969
76713,0.0289764404297
76714,0.0371704101562
76715,0.0
76716,0.00600051879883
76717,0.0144271850586
76718,0.0204620361328
76719,0.0298767089844
76720,0.0341796875
76721,0.0
76722,0.00839996337891
76723,0.0161743164062
76724,0.0249633789062
76725,0.0330200195312
76726,0.0368347167969
76727,0.0
76728,0.00703048706055
76729,0.0161743164062
76730,0.0262145996094
76731,0.0319519042969
76732,0.0364074707031
76733,0.0
76734,0.00772857666016
76735,0.0145263671875
76736,0.0239562988281
76737,0.0333862304688
76738,0.0378723144531
76739,0.0
76740,0.00568771362305
76741,0.0151748657227
76742,0.0257415771484
76743,0.0302886962891
76744,0.0360412597656
76745,0.0
76746,0.00655364990234
76747,0.0149612426758
76748,0.0222473144531
76749,0.0286102294922
76750,0.0357971191406
76751,0.0
76752,0.00665283203125
76753,0.0176696777344
76754,0.0265960693359
76755,0.0333557128906
76756,0.0359497070312
76757,0.0
76758,0.007568359375
76759,0.0182342529297
76760,0.0247802734375
76761,0.0314025878906
76762,0.0355834960938
76763,0.0
76764,0.0069694519043
76765,0.0159454345703
76766,0.0233612060547
76767,0.0294799804688
76768,0.0396423339844
76769,0.0
76770,0.00815582275391
76771,0.0173950195312
76772,0.0241546630859
76773,0.0335083007812
76774,0.0393676757812
76775,0.0
76776,0.00849914550781
76777,0.0176239013672
76778,0.0263824462891
76779,0.0347900390625
76780,0.0398254394531
76781,0.0
76782,0.00899505615234
76783,0.0189971923828
76784,0.0273895263672
76785,0.0396423339844
76786,0.0470275878906
76787,0.0
76788,0.00820922851562
76789,0.0163269042969
76790,0.0234985351562
76791,0.0334167480469
76792,0.0357666015625
76793,0.0
76794,0.00698471069336
76795,0.0148391723633
76796,0.0230865478516
76797,0.0291595458984
76798,0.0379943847656
76799,0.0
76800,0.00851440429688
76801,0.01708984375
76802,0.02734375
76803,0.0281219482422
76804,0.0378723144531
76805,0.0
76806,0.00815582275391
76807,0.0168762207031
76808,0.0249176025391
76809,0.0338134765625
76810,0.0431823730469
76811,0.0
76812,0.00771331787109
76813,0.0163269042969
76814,0.0283355712891
76815,0.0400085449219
76816,0.0457458496094
76817,0.0
76818,0.00901794433594
76819,0.0190582275391
76820,0.0293579101562
76821,0.0382690429688
76822,0.04638671875
76823,0.0
76824,0.00901031494141
76825,0.0191345214844
76826,0.0294342041016
76827,0.0379333496094
76828,0.0425415039062
76829,0.0
76830,0.00936889648438
76831,0.018798828125
76832,0.0277557373047
76833,0.0364379882812
76834,0.04443359375
76835,0.0
76836,0.00846099853516
76837,0.0203399658203
76838,0.0289306640625
76839,0.0374145507812
76840,0.0420837402344
76841,0.0
76842,0.00931549072266
76843,0.0186309814453
76844,0.0295257568359
76845,0.0373229980469
76846,0.0429382324219
76847,0.0
76848,0.00868225097656
76849,0.0186309814453
76850,0.0248565673828
76851,0.0334167480469
76852,0.0400085449219
76853,0.0
76854,0.00922393798828
76855,0.0186614990234
76856,0.0264892578125
76857,0.0356140136719
76858,0.0393981933594
76859,0.0
76860,0.00764846801758
76861,0.0155487060547
76862,0.025146484375
76863,0.0337829589844
76864,0.0398254394531
76865,0.0
76866,0.008056640625
76867,0.0172576904297
76868,0.0260162353516
76869,0.0381469726562
76870,0.047119140625
76871,0.0
76872,0.00755310058594
76873,0.0178833007812
76874,0.0255432128906
76875,0.0315551757812
76876,0.0384826660156
76877,0.0
76878,0.00944519042969
76879,0.0198822021484
76880,0.0281066894531
76881,0.0350952148438
76882,0.0408935546875
76883,0.0
76884,0.00783538818359
76885,0.015266418457
76886,0.0252838134766
76887,0.0307922363281
76888,0.0365600585938
76889,0.0
76890,0.00825500488281
76891,0.0181274414062
76892,0.0271301269531
76893,0.034423828125
76894,0.0369873046875
76895,0.0
76896,0.00779342651367
76897,0.0190887451172
76898,0.0266723632812
76899,0.0376281738281
76900,0.043212890625
76901,0.0
76902,0.00874328613281
76903,0.0213775634766
76904,0.0302581787109
76905,0.0364379882812
76906,0.0415344238281
76907,0.0
76908,0.00896453857422
76909,0.0167999267578
76910,0.0275726318359
76911,0.0334167480469
76912,0.03857421875
76913,0.0
76914,0.00904083251953
76915,0.0168304443359
76916,0.0243225097656
76917,0.0335388183594
76918,0.0411376953125
76919,0.0
76920,0.0068473815918
76921,0.0141677856445
76922,0.0242156982422
76923,0.0318603515625
76924,0.0361938476562
76925,0.0
76926,0.00873565673828
76927,0.0158843994141
76928,0.0239105224609
76929,0.0346374511719
76930,0.0417785644531
76931,0.0
76932,0.00840759277344
76933,0.0208892822266
76934,0.0229949951172
76935,0.0274200439453
76936,0.0361022949219
76937,0.0
76938,0.008056640625
76939,0.0186462402344
76940,0.0257110595703
76941,0.0350036621094
76942,0.0408935546875
76943,0.0
76944,0.00834655761719
76945,0.0183868408203
76946,0.0272521972656
76947,0.0357360839844
76948,0.0421142578125
76949,0.0
76950,0.00721740722656
76951,0.0151214599609
76952,0.0216064453125
76953,0.0295562744141
76954,0.0381469726562
76955,0.0
76956,0.0106353759766
76957,0.0182800292969
76958,0.0260772705078
76959,0.0300598144531
76960,0.0358581542969
76961,0.0
76962,0.00920104980469
76963,0.0166931152344
76964,0.0273590087891
76965,0.0391235351562
76966,0.0446166992188
76967,0.0
76968,0.0105133056641
76969,0.0197601318359
76970,0.0312042236328
76971,0.0358581542969
76972,0.0419006347656
76973,0.0
76974,0.00741577148438
76975,0.0174102783203
76976,0.0286712646484
76977,0.035400390625
76978,0.0399780273438
76979,0.0
76980,0.00749969482422
76981,0.0180511474609
76982,0.0262603759766
76983,0.0306091308594
76984,0.0376892089844
76985,0.0
76986,0.00868225097656
76987,0.0191955566406
76988,0.0247802734375
76989,0.0339660644531
76990,0.0397033691406
76991,0.0
76992,0.00995635986328
76993,0.0220489501953
76994,0.0264129638672
76995,0.0355224609375
76996,0.0392150878906
76997,0.0
76998,0.00800323486328
76999,0.0161743164062
77000,0.02490234375
77001,0.03125
77002,0.0398864746094
77003,0.0
77004,0.00917053222656
77005,0.0202789306641
77006,0.0273590087891
77007,0.0321960449219
77008,0.0387268066406
77009,0.0
77010,0.0086669921875
77011,0.0145416259766
77012,0.0216369628906
77013,0.0281066894531
77014,0.03466796875
77015,0.0
77016,0.00924682617188
77017,0.0174713134766
77018,0.026611328125
77019,0.0325012207031
77020,0.0391845703125
77021,0.0
77022,0.00963592529297
77023,0.0178375244141
77024,0.0253753662109
77025,0.0300598144531
77026,0.0361633300781
77027,0.0
77028,0.00863647460938
77029,0.017578125
77030,0.0253601074219
77031,0.0331115722656
77032,0.0345764160156
77033,0.0
77034,0.00791168212891
77035,0.0170745849609
77036,0.0249938964844
77037,0.0331726074219
77038,0.0371704101562
77039,0.0
77040,0.00604248046875
77041,0.0148315429688
77042,0.023681640625
77043,0.0314636230469
77044,0.0372924804688
77045,0.0
77046,0.0070915222168
77047,0.0169067382812
77048,0.0258026123047
77049,0.0304107666016
77050,0.0357055664062
77051,0.0
77052,0.00766372680664
77053,0.0155258178711
77054,0.0193939208984
77055,0.0274505615234
77056,0.0338745117188
77057,0.0
77058,0.00970458984375
77059,0.0155334472656
77060,0.0289764404297
77061,0.0364074707031
77062,0.046875
77063,0.0
77064,0.00914001464844
77065,0.017333984375
77066,0.0245056152344
77067,0.0388488769531
77068,0.0451049804688
77069,0.0
77070,0.0109176635742
77071,0.0211944580078
77072,0.0262298583984
77073,0.031982421875
77074,0.037109375
77075,0.0
77076,0.00576400756836
77077,0.0154724121094
77078,0.0240783691406
77079,0.0302124023438
77080,0.0362854003906
77081,0.0
77082,0.00795745849609
77083,0.0162658691406
77084,0.0255737304688
77085,0.032470703125
77086,0.0389709472656
77087,0.0
77088,0.00748062133789
77089,0.0189208984375
77090,0.0257263183594
77091,0.030029296875
77092,0.0381164550781
77093,0.0
77094,0.00731658935547
77095,0.0149612426758
77096,0.0223999023438
77097,0.02978515625
77098,0.0338439941406
77099,0.0
77100,0.00960540771484
77101,0.0180206298828
77102,0.0229644775391
77103,0.0357666015625
77104,0.0396728515625
77105,0.0
77106,0.00778198242188
77107,0.0169372558594
77108,0.0218811035156
77109,0.0330200195312
77110,0.0376892089844
77111,0.0
77112,0.00659561157227
77113,0.0167999267578
77114,0.0240325927734
77115,0.0331420898438
77116,0.0390625
77117,0.0
77118,0.00909423828125
77119,0.017333984375
77120,0.0264587402344
77121,0.034423828125
77122,0.0394897460938
77123,0.0
77124,0.00918579101562
77125,0.0166015625
77126,0.0231781005859
77127,0.0292510986328
77128,0.0362854003906
77129,0.0
77130,0.00841522216797
77131,0.0158843994141
77132,0.0267181396484
77133,0.0331115722656
77134,0.0409851074219
77135,0.0
77136,0.00674438476562
77137,0.0138397216797
77138,0.0219879150391
77139,0.0300598144531
77140,0.0361022949219
77141,0.0
77142,0.00751495361328
77143,0.0166320800781
77144,0.0262908935547
77145,0.0303039550781
77146,0.0357055664062
77147,0.0
77148,0.00673294067383
77149,0.0153884887695
77150,0.0235290527344
77151,0.0305786132812
77152,0.0382080078125
77153,0.0
77154,0.00885772705078
77155,0.0178070068359
77156,0.028076171875
77157,0.0338745117188
77158,0.0397033691406
77159,0.0
77160,0.00816345214844
77161,0.0176086425781
77162,0.0263366699219
77163,0.0316467285156
77164,0.0341491699219
77165,0.0
77166,0.00756072998047
77167,0.0166778564453
77168,0.0257720947266
77169,0.0357666015625
77170,0.0429382324219
77171,0.0
77172,0.00904083251953
77173,0.0202178955078
77174,0.0271606445312
77175,0.0359191894531
77176,0.0404968261719
77177,0.0
77178,0.00801849365234
77179,0.0175170898438
77180,0.0286560058594
77181,0.0388488769531
77182,0.0398864746094
77183,0.0
77184,0.00942993164062
77185,0.0224914550781
77186,0.0276184082031
77187,0.0321350097656
77188,0.0375061035156
77189,0.0
77190,0.00904846191406
77191,0.0184173583984
77192,0.0278015136719
77193,0.0358581542969
77194,0.0431213378906
77195,0.0
77196,0.00756454467773
77197,0.01611328125
77198,0.0261840820312
77199,0.0372009277344
77200,0.0411071777344
77201,0.0
77202,0.0100784301758
77203,0.0198059082031
77204,0.0239715576172
77205,0.0298919677734
77206,0.0357055664062
77207,0.0
77208,0.00628662109375
77209,0.0162506103516
77210,0.0251159667969
77211,0.0310211181641
77212,0.037841796875
77213,0.0
77214,0.00778198242188
77215,0.014762878418
77216,0.0227813720703
77217,0.0341796875
77218,0.0372924804688
77219,0.0
77220,0.00742721557617
77221,0.0167388916016
77222,0.0254669189453
77223,0.031494140625
77224,0.0355529785156
77225,0.0
77226,0.00836181640625
77227,0.0156555175781
77228,0.0257415771484
77229,0.0336303710938
77230,0.0367736816406
77231,0.0
77232,0.00856781005859
77233,0.0163879394531
77234,0.0258941650391
77235,0.0334167480469
77236,0.0386657714844
77237,0.0
77238,0.0102844238281
77239,0.0204010009766
77240,0.0295867919922
77241,0.03271484375
77242,0.0376281738281
77243,0.0
77244,0.00846099853516
77245,0.0156860351562
77246,0.0258636474609
77247,0.0329284667969
77248,0.038330078125
77249,0.0
77250,0.00888824462891
77251,0.0198211669922
77252,0.0277099609375
77253,0.0308227539062
77254,0.0384521484375
77255,0.0
77256,0.00826263427734
77257,0.0173950195312
77258,0.0291748046875
77259,0.0316467285156
77260,0.0367736816406
77261,0.0
77262,0.0104293823242
77263,0.0205535888672
77264,0.0321350097656
77265,0.0379333496094
77266,0.0420227050781
77267,0.0
77268,0.00991821289062
77269,0.0191040039062
77270,0.0269927978516
77271,0.033447265625
77272,0.0391540527344
77273,0.0
77274,0.00816345214844
77275,0.0178833007812
77276,0.0257873535156
77277,0.0354309082031
77278,0.0366516113281
77279,0.0
77280,0.00908660888672
77281,0.0201873779297
77282,0.0290374755859
77283,0.0332946777344
77284,0.0409240722656
77285,0.0
77286,0.00777053833008
77287,0.0173034667969
77288,0.0232696533203
77289,0.0300140380859
77290,0.0357360839844
77291,0.0
77292,0.0100860595703
77293,0.0182037353516
77294,0.0258331298828
77295,0.0298461914062
77296,0.0364990234375
77297,0.0
77298,0.00779342651367
77299,0.0176544189453
77300,0.0260925292969
77301,0.0333251953125
77302,0.0413513183594
77303,0.0
77304,0.00807952880859
77305,0.0154495239258
77306,0.0279998779297
77307,0.0332641601562
77308,0.0399169921875
77309,0.0
77310,0.00926971435547
77311,0.0219268798828
77312,0.0274353027344
77313,0.0338745117188
77314,0.0415649414062
77315,0.0
77316,0.00972747802734
77317,0.0177917480469
77318,0.0267944335938
77319,0.0343017578125
77320,0.0390014648438
77321,0.0
77322,0.0081787109375
77323,0.0166015625
77324,0.0265960693359
77325,0.032958984375
77326,0.0414428710938
77327,0.0
77328,0.00869750976562
77329,0.0169982910156
77330,0.0267486572266
77331,0.0375671386719
77332,0.04248046875
77333,0.0
77334,0.00613403320312
77335,0.0161285400391
77336,0.023681640625
77337,0.0306243896484
77338,0.0358581542969
77339,0.0
77340,0.00833129882812
77341,0.0164642333984
77342,0.0231323242188
77343,0.0301818847656
77344,0.0374145507812
77345,0.0
77346,0.00811767578125
77347,0.0189819335938
77348,0.0263824462891
77349,0.0349426269531
77350,0.0393371582031
77351,0.0
77352,0.00905609130859
77353,0.0172119140625
77354,0.0250549316406
77355,0.03369140625
77356,0.0426330566406
77357,0.0
77358,0.00937652587891
77359,0.0155258178711
77360,0.0259704589844
77361,0.0302429199219
77362,0.0403442382812
77363,0.0
77364,0.0116500854492
77365,0.0158386230469
77366,0.0254516601562
77367,0.0305938720703
77368,0.0408020019531
77369,0.0
77370,0.0071907043457
77371,0.0146408081055
77372,0.0227966308594
77373,0.0318908691406
77374,0.037353515625
77375,0.0
77376,0.00968170166016
77377,0.0189361572266
77378,0.028564453125
77379,0.0357666015625
77380,0.0419921875
77381,0.0
77382,0.00846099853516
77383,0.0201568603516
77384,0.0291290283203
77385,0.0392761230469
77386,0.0421752929688
77387,0.0
77388,0.00928497314453
77389,0.0167846679688
77390,0.0237579345703
77391,0.0336303710938
77392,0.0415344238281
77393,0.0
77394,0.00923156738281
77395,0.0203399658203
77396,0.0282440185547
77397,0.0393981933594
77398,0.0436096191406
77399,0.0
77400,0.00834655761719
77401,0.0183868408203
77402,0.0279083251953
77403,0.0344543457031
77404,0.0400085449219
77405,0.0
77406,0.0107879638672
77407,0.02001953125
77408,0.0309143066406
77409,0.036865234375
77410,0.0406799316406
77411,0.0
77412,0.0100021362305
77413,0.0172119140625
77414,0.0298004150391
77415,0.0350952148438
77416,0.0429992675781
77417,0.0
77418,0.00923919677734
77419,0.0199432373047
77420,0.0268249511719
77422,0.0306549072266
77423,0.0383911132812
77424,0.0
77425,0.00852966308594
77426,0.017822265625
77427,0.025634765625
77428,0.0317687988281
77429,0.0365905761719
77430,0.0
77431,0.00907897949219
77432,0.0177459716797
77433,0.0271606445312
77434,0.0380554199219
77435,0.0422058105469
77436,0.0
77437,0.00806427001953
77438,0.0166778564453
77439,0.0250091552734
77440,0.0311889648438
77441,0.0394287109375
77442,0.0
77443,0.00887298583984
77444,0.0201721191406
77445,0.0282440185547
77446,0.0320434570312
77447,0.0382080078125
77448,0.0
77449,0.00827789306641
77450,0.0173187255859
77451,0.0237426757812
77452,0.0314636230469
77453,0.03759765625
77454,0.0
77455,0.00836181640625
77456,0.0186767578125
77457,0.0272979736328
77458,0.0364990234375
77459,0.0409851074219
77460,0.0
77461,0.00839996337891
77462,0.0163879394531
77463,0.0257263183594
77464,0.0325317382812
77465,0.036865234375
77466,0.0
77467,0.00759887695312
77468,0.0174255371094
77469,0.0250091552734
77470,0.0327758789062
77471,0.0385131835938
77472,0.0
77473,0.00659561157227
77474,0.0179290771484
77475,0.0279846191406
77476,0.0343017578125
77477,0.0370788574219
77478,0.0
77479,0.00992584228516
77480,0.0213775634766
77481,0.0315551757812
77482,0.0357971191406
77483,0.0398559570312
77484,0.0
77485,0.00943756103516
77486,0.0163269042969
77487,0.024658203125
77488,0.0315856933594
77489,0.0382385253906
77490,0.0
77491,0.00658416748047
77492,0.0159301757812
77493,0.0248718261719
77494,0.0290985107422
77495,0.0385437011719
77496,0.0
77497,0.00868225097656
77498,0.0186462402344
77499,0.0244140625
77500,0.0323486328125
77501,0.0365295410156
77502,0.0
77503,0.0104293823242
77504,0.01806640625
77505,0.0248870849609
77506,0.0296783447266
77507,0.0359497070312
77508,0.0
77509,0.00815582275391
77510,0.0163421630859
77511,0.02587890625
77512,0.0354614257812
77513,0.0382995605469
77514,0.0
77515,0.0102233886719
77516,0.0201110839844
77517,0.0264892578125
77518,0.0360412597656
77519,0.0401000976562
77520,0.0
77521,0.00914764404297
77522,0.0171203613281
77523,0.0241394042969
77524,0.030029296875
77525,0.0382690429688
77526,0.0
77527,0.00785827636719
77528,0.0166168212891
77529,0.0250854492188
77530,0.0323181152344
77531,0.0354614257812
77532,0.0
77533,0.0108184814453
77534,0.0200347900391
77535,0.0258941650391
77536,0.0332336425781
77537,0.0402526855469
77538,0.0
77539,0.00884246826172
77540,0.0150299072266
77541,0.0236358642578
77542,0.031982421875
77543,0.0370788574219
77544,0.0
77545,0.00771713256836
77546,0.0171508789062
77547,0.0287628173828
77548,0.0325622558594
77549,0.0409851074219
77550,0.0
77551,0.00984191894531
77552,0.0169525146484
77553,0.0254211425781
77554,0.0319213867188
77555,0.0403442382812
77556,0.0
77557,0.0075798034668
77558,0.0179290771484
77559,0.0269317626953
77560,0.0312347412109
77561,0.0385437011719
77562,0.0
77563,0.00813293457031
77564,0.0179138183594
77565,0.0264434814453
77566,0.0329284667969
77567,0.0380859375
77568,0.0
77569,0.00858306884766
77570,0.014274597168
77571,0.0235443115234
77572,0.0321044921875
77573,0.0410766601562
77574,0.0
77575,0.00724792480469
77576,0.0185546875
77577,0.0263519287109
77578,0.03271484375
77579,0.037109375
77580,0.0
77581,0.00864410400391
77582,0.0178527832031
77583,0.0259399414062
77584,0.0323791503906
77585,0.0367431640625
77586,0.0
77587,0.00935363769531
77588,0.0186462402344
77589,0.0272827148438
77590,0.0354919433594
77591,0.0370178222656
77592,0.0
77593,0.0106048583984
77594,0.0219268798828
77595,0.0305480957031
77596,0.0365905761719
77597,0.0411376953125
77598,0.0
77599,0.00913238525391
77600,0.0192413330078
77601,0.0286102294922
77602,0.0361022949219
77603,0.0388488769531
77604,0.0
77605,0.00928497314453
77606,0.0189819335938
77607,0.0240783691406
77608,0.0328369140625
77609,0.0394897460938
77610,0.0
77611,0.0086669921875
77612,0.0156860351562
77613,0.0254058837891
77614,0.0322265625
77615,0.0358581542969
77616,0.0
77617,0.00819396972656
77618,0.0151443481445
77619,0.0243225097656
77620,0.0363159179688
77621,0.0416259765625
77622,0.0
77623,0.00936126708984
77624,0.0182342529297
77625,0.0284118652344
77626,0.03515625
77627,0.0408020019531
77628,0.0
77629,0.00872039794922
77630,0.0179290771484
77631,0.025390625
77632,0.0335388183594
77633,0.0371398925781
77634,0.0
77635,0.00918579101562
77636,0.0169525146484
77637,0.0257263183594
77638,0.0333251953125
77639,0.0369873046875
77640,0.0
77641,0.00882720947266
77642,0.0207977294922
77643,0.0292510986328
77644,0.0345458984375
77645,0.0372924804688
77646,0.0
77647,0.0067253112793
77648,0.0176391601562
77649,0.0280303955078
77650,0.0354614257812
77651,0.0391845703125
77652,0.0
77653,0.00758361816406
77654,0.0144271850586
77655,0.0234832763672
77656,0.0301208496094
77657,0.037109375
77658,0.0
77659,0.00776672363281
77660,0.0176086425781
77661,0.0256042480469
77662,0.0311584472656
77663,0.0382385253906
77664,0.0
77665,0.00794219970703
77666,0.0171356201172
77667,0.0258941650391
77668,0.0333251953125
77669,0.0384216308594
77670,0.0
77671,0.00997161865234
77672,0.0174713134766
77673,0.0281219482422
77674,0.0351257324219
77675,0.0444030761719
77676,0.0
77677,0.00963592529297
77678,0.0151901245117
77679,0.0239410400391
77680,0.0306091308594
77681,0.0382385253906
77682,0.0
77683,0.00835418701172
77684,0.0171508789062
77685,0.0296478271484
77686,0.0334167480469
77687,0.0389099121094
77688,0.0
77689,0.00578689575195
77690,0.0130767822266
77691,0.0224609375
77692,0.0285949707031
77693,0.0358581542969
77694,0.0
77695,0.0071907043457
77696,0.0151977539062
77697,0.0233459472656
77698,0.0279541015625
77699,0.0348205566406
77700,0.0
77701,0.00828552246094
77702,0.0161895751953
77703,0.0242309570312
77704,0.0316467285156
77705,0.0384826660156
77706,0.0
77707,0.007568359375
77708,0.0150527954102
77709,0.0244140625
77710,0.0301971435547
77711,0.0370788574219
77712,0.0
77713,0.00662612915039
77714,0.0148086547852
77715,0.0244598388672
77716,0.0343322753906
77717,0.0396423339844
77718,0.0
77719,0.00703811645508
77720,0.0167846679688
77721,0.0254364013672
77722,0.0304870605469
77723,0.0367431640625
77724,0.0
77725,0.00864410400391
77726,0.0170288085938
77727,0.0274658203125
77728,0.0371398925781
77729,0.0424499511719
77730,0.0
77731,0.00664901733398
77732,0.014404296875
77733,0.0230560302734
77734,0.0284729003906
77735,0.0376281738281
77736,0.0
77737,0.00881195068359
77738,0.0201873779297
77739,0.0240631103516
77740,0.0318603515625
77741,0.0362243652344
77742,0.0
77743,0.00688171386719
77744,0.0182800292969
77745,0.0271148681641
77746,0.0344543457031
77747,0.037353515625
77748,0.0
77749,0.00783538818359
77750,0.0164794921875
77751,0.0269317626953
77752,0.0351257324219
77753,0.041015625
77754,0.0
77755,0.00900268554688
77756,0.0178833007812
77757,0.0279541015625
77758,0.0367431640625
77759,0.0421752929688
77760,0.0
77761,0.00651550292969
77762,0.0182342529297
77763,0.0270080566406
77764,0.0316772460938
77765,0.0350952148438
77766,0.0
77767,0.00767517089844
77768,0.0173187255859
77769,0.0271911621094
77770,0.0370178222656
77771,0.0429077148438
77772,0.0
77773,0.00931549072266
77774,0.0181121826172
77775,0.0260620117188
77776,0.0327453613281
77777,0.0387878417969
77778,0.0
77779,0.00960540771484
77780,0.0179138183594
77781,0.0271759033203
77782,0.0324401855469
77783,0.0366821289062
77784,0.0
77785,0.00823974609375
77786,0.0166320800781
77787,0.0255279541016
77788,0.031982421875
77789,0.0369567871094
77790,0.0
77791,0.00859069824219
77792,0.0196685791016
77793,0.0285339355469
77794,0.0322875976562
77795,0.0398864746094
77796,0.0
77797,0.0110931396484
77798,0.0195465087891
77799,0.025146484375
77800,0.0303802490234
77801,0.0372924804688
77802,0.0
77803,0.00965118408203
77804,0.0196533203125
77805,0.0245361328125
77806,0.0314025878906
77807,0.0357666015625
77808,0.0
77809,0.00926971435547
77810,0.0185852050781
77811,0.0287933349609
77812,0.0326843261719
77813,0.0394287109375
77814,0.0
77815,0.0074462890625
77816,0.0176391601562
77817,0.0291748046875
77818,0.0376281738281
77819,0.0392761230469
77820,0.0
77821,0.00753021240234
77822,0.0167694091797
77823,0.0259552001953
77824,0.0319519042969
77825,0.0406188964844
77826,0.0
77827,0.00691604614258
77828,0.0145492553711
77829,0.0225830078125
77830,0.0295104980469
77831,0.0340881347656
77832,0.0
77833,0.00980377197266
77834,0.0185546875
77835,0.0259552001953
77836,0.0340270996094
77837,0.0405578613281
77838,0.0
77839,0.00600051879883
77840,0.0159759521484
77841,0.0239105224609
77842,0.0315551757812
77843,0.0364074707031
77844,0.0
77845,0.00724411010742
77846,0.021728515625
77847,0.0269927978516
77848,0.0353393554688
77849,0.0420837402344
77850,0.0
77851,0.0075569152832
77852,0.0163879394531
77853,0.0225067138672
77854,0.0321350097656
77855,0.03759765625
77856,0.0
77857,0.00764083862305
77858,0.0177917480469
77859,0.0273590087891
77860,0.031494140625
77861,0.0382385253906
77862,0.0
77863,0.0109176635742
77864,0.0195159912109
77865,0.0264892578125
77866,0.0351867675781
77867,0.0372924804688
77868,0.0
77869,0.0105133056641
77870,0.0228729248047
77871,0.0253143310547
77872,0.0303497314453
77873,0.0397033691406
77874,0.0
77875,0.0087890625
77876,0.0160522460938
77877,0.0272216796875
77878,0.0317993164062
77879,0.0404052734375
77880,0.0
77881,0.0108795166016
77882,0.0216217041016
77883,0.0264739990234
77884,0.0320739746094
77885,0.0401611328125
77886,0.0
77887,0.00859832763672
77888,0.0170440673828
77889,0.0260467529297
77890,0.0333251953125
77891,0.0375061035156
77892,0.0
77893,0.00890350341797
77894,0.0182037353516
77895,0.0265960693359
77896,0.0331115722656
77897,0.0413818359375
77898,0.0
77899,0.00938415527344
77900,0.0187377929688
77901,0.0274658203125
77902,0.0302429199219
77903,0.0385437011719
77904,0.0
77905,0.00764083862305
77906,0.0191192626953
77907,0.0262603759766
77908,0.03662109375
77909,0.04150390625
77910,0.0
77911,0.00644683837891
77912,0.0160064697266
77913,0.0220031738281
77914,0.0319519042969
77915,0.0379333496094
77916,0.0
77917,0.0113143920898
77918,0.0207977294922
77919,0.0284576416016
77920,0.0375671386719
77921,0.0423583984375
77922,0.0
77923,0.00699234008789
77924,0.015510559082
77925,0.023193359375
77926,0.0341186523438
77927,0.0388488769531
77928,0.0
77929,0.0078125
77930,0.0169525146484
77931,0.0257415771484
77932,0.0323486328125
77933,0.03564453125
77934,0.0
77935,0.00643920898438
77936,0.0159912109375
77937,0.0255126953125
77938,0.0355224609375
77939,0.0417175292969
77940,0.0
77941,0.00859832763672
77942,0.0167236328125
77943,0.0227203369141
77944,0.0287780761719
77945,0.0380249023438
77946,0.0
77947,0.00974273681641
77948,0.0162658691406
77949,0.0248565673828
77950,0.0314636230469
77951,0.0374450683594
77952,0.0
77953,0.00897979736328
77954,0.0204925537109
77955,0.0278167724609
77956,0.0344543457031
77957,0.0377807617188
77958,0.0
77959,0.00796508789062
77960,0.0158843994141
77961,0.0249633789062
77962,0.0314331054688
77963,0.03662109375
77964,0.0
77965,0.00598526000977
77966,0.0153656005859
77967,0.0238189697266
77968,0.0304412841797
77969,0.035400390625
77970,0.0
77971,0.0089111328125
77972,0.0184173583984
77973,0.0230865478516
77974,0.0308227539062
77975,0.0355834960938
77976,0.0
77977,0.009765625
77978,0.0191497802734
77979,0.0271301269531
77980,0.031982421875
77981,0.0397338867188
77982,0.0
77983,0.00923156738281
77984,0.0167083740234
77985,0.0258178710938
77986,0.0362854003906
77987,0.0395202636719
77988,0.0
77989,0.00836181640625
77990,0.0172729492188
77991,0.0245208740234
77992,0.0293731689453
77993,0.036865234375
77994,0.0
77995,0.0069465637207
77996,0.0174560546875
77997,0.0248870849609
77998,0.0331726074219
77999,0.0358276367188
78000,0.0
78001,0.0108871459961
78002,0.0165252685547
78003,0.0243072509766
78004,0.0290374755859
78005,0.0359191894531
78006,0.0
78007,0.0103302001953
78008,0.0223999023438
78009,0.0304107666016
78010,0.0409851074219
78011,0.0426635742188
78012,0.0
78013,0.00815582275391
78014,0.0162506103516
78015,0.0246429443359
78016,0.0309143066406
78017,0.0366516113281
78018,0.0
78019,0.0105438232422
78020,0.0197143554688
78021,0.0266571044922
78022,0.0322265625
78023,0.0393676757812
78024,0.0
78025,0.00788116455078
78026,0.0143737792969
78027,0.0252838134766
78028,0.0313415527344
78029,0.0386352539062
78030,0.0
78031,0.00735473632812
78032,0.0180816650391
78033,0.0274810791016
78034,0.0324401855469
78035,0.0429077148438
78036,0.0
78037,0.00769805908203
78038,0.0180053710938
78039,0.0292053222656
78040,0.0343933105469
78041,0.0436096191406
78042,0.0
78043,0.00875091552734
78044,0.0151214599609
78045,0.0266876220703
78046,0.0353698730469
78047,0.0407409667969
78048,0.0
78049,0.00837707519531
78050,0.0172271728516
78051,0.0237579345703
78052,0.0316467285156
78053,0.0399475097656
78054,0.0
78055,0.00764083862305
78056,0.0176086425781
78057,0.0287322998047
78058,0.0346374511719
78059,0.0436706542969
78060,0.0
78061,0.0114288330078
78062,0.0205688476562
78063,0.0298919677734
78064,0.0348815917969
78065,0.0458679199219
78066,0.0
78067,0.00777053833008
78068,0.0168762207031
78069,0.0270843505859
78070,0.0339050292969
78071,0.0382385253906
78072,0.0
78073,0.00661087036133
78074,0.0175323486328
78075,0.0272064208984
78076,0.0345458984375
78077,0.04345703125
78078,0.0
78079,0.00700759887695
78080,0.0154571533203
78081,0.0247039794922
78082,0.0343627929688
78083,0.037841796875
78084,0.0
78085,0.00922393798828
78086,0.0220336914062
78087,0.0276184082031
78088,0.0365295410156
78089,0.0424499511719
78090,0.0
78091,0.00875091552734
78092,0.0177917480469
78093,0.0263824462891
78094,0.0346069335938
78095,0.0419006347656
78096,0.0
78097,0.00910949707031
78098,0.0187072753906
78099,0.030029296875
78100,0.0352478027344
78101,0.0449523925781
78102,0.0
78103,0.00956726074219
78104,0.0241241455078
78105,0.034423828125
78106,0.0394287109375
78107,0.0445861816406
78108,0.0
78109,0.00728225708008
78110,0.0173492431641
78111,0.0251007080078
78112,0.0344543457031
78113,0.0378112792969
78114,0.0
78115,0.00776290893555
78116,0.0179748535156
78117,0.0267333984375
78118,0.0332641601562
78119,0.0419311523438
78120,0.0
78121,0.0104827880859
78122,0.023681640625
78123,0.0328674316406
78124,0.0397644042969
78125,0.0479431152344
78126,0.0
78127,0.00789642333984
78128,0.0178070068359
78129,0.0236358642578
78130,0.0345153808594
78131,0.0398254394531
78132,0.0
78133,0.00814819335938
78134,0.0163421630859
78135,0.0237731933594
78136,0.0306243896484
78137,0.03662109375
78138,0.0
78139,0.0103454589844
78140,0.0190887451172
78141,0.0286407470703
78142,0.0388488769531
78143,0.0445251464844
78144,0.0
78145,0.00782775878906
78146,0.0172271728516
78147,0.0268402099609
78148,0.0331420898438
78149,0.0408935546875
78150,0.0
78151,0.00955200195312
78152,0.0199584960938
78153,0.0278015136719
78154,0.03369140625
78155,0.0420837402344
78156,0.0
78157,0.00825500488281
78158,0.0173034667969
78159,0.0255584716797
78160,0.0359802246094
78161,0.0399475097656
78162,0.0
78163,0.00933837890625
78164,0.0201263427734
78165,0.027587890625
78166,0.0329895019531
78167,0.0376892089844
78168,0.0
78169,0.00786590576172
78170,0.0174560546875
78171,0.0268859863281
78172,0.0317077636719
78173,0.0365295410156
78174,0.0
78175,0.010368347168
78176,0.0226745605469
78177,0.0331726074219
78178,0.0407104492188
78179,0.040283203125
78180,0.0
78181,0.00924682617188
78182,0.0182342529297
78183,0.0277404785156
78184,0.0304107666016
78185,0.0420532226562
78186,0.0
78187,0.00841522216797
78188,0.0199737548828
78189,0.0254821777344
78190,0.0320129394531
78191,0.0361022949219
78192,0.0
78193,0.00980377197266
78194,0.0162353515625
78195,0.0259399414062
78196,0.0338439941406
78197,0.037841796875
78198,0.0
78199,0.00782775878906
78200,0.0141220092773
78201,0.0255432128906
78202,0.0331726074219
