4,0.0
5,0.0
6,0.0
7,0.0
8,0.0
9,0.033447265625
10,0.0329895019531
11,0.0346374511719
12,0.0361938476562
13,0.0356750488281
14,0.0344848632812
15,0.178466796875
16,0.181884765625
17,0.182250976562
18,0.176513671875
19,0.18310546875
20,0.18408203125
21,0.181030273438
22,0.17724609375
23,0.174194335938
24,0.179565429688
25,0.178100585938
26,0.178588867188
27,0.153564453125
28,0.168579101562
29,0.176513671875
30,0.175659179688
31,0.172973632812
32,0.166137695312
33,0.149169921875
34,0.16552734375
35,0.164306640625
36,0.159545898438
37,0.162353515625
38,0.157104492188
39,0.1337890625
40,0.145751953125
41,0.152587890625
42,0.151977539062
43,0.1572265625
44,0.145629882812
45,0.126098632812
46,0.1318359375
47,0.140014648438
48,0.140991210938
49,0.14208984375
50,0.146484375
51,0.108825683594
52,0.126831054688
53,0.137573242188
54,0.137817382812
55,0.140258789062
56,0.138549804688
57,0.102172851562
58,0.108337402344
59,0.123901367188
60,0.125122070312
61,0.124389648438
62,0.124389648438
63,0.0842895507812
64,0.0995483398438
65,0.102355957031
66,0.112487792969
67,0.113525390625
68,0.109252929688
69,0.0794067382812
70,0.0933227539062
71,0.1044921875
72,0.105041503906
73,0.11376953125
74,0.111633300781
75,0.0862426757812
76,0.0914306640625
77,0.101501464844
78,0.112731933594
79,0.112854003906
80,0.113891601562
81,0.0709838867188
82,0.0833129882812
83,0.0823364257812
84,0.0916748046875
85,0.0769653320312
86,0.0924682617188
87,0.0704345703125
88,0.0746459960938
89,0.0826416015625
90,0.0955200195312
91,0.09228515625
92,0.0922241210938
93,0.0652465820312
94,0.0690307617188
95,0.0798950195312
96,0.079345703125
97,0.0869750976562
98,0.0794067382812
99,0.0620727539062
100,0.0682983398438
101,0.0684814453125
102,0.0680541992188
103,0.0750732421875
104,0.0714111328125
105,0.0607299804688
106,0.0671997070312
107,0.0742797851562
108,0.0693359375
109,0.069580078125
110,0.068115234375
111,0.0630493164062
112,0.0580139160156
113,0.0614318847656
114,0.0607299804688
115,0.0636596679688
116,0.0722045898438
117,0.0645141601562
118,0.0630493164062
119,0.0621948242188
120,0.0684204101562
121,0.0643920898438
122,0.0731811523438
123,0.073486328125
124,0.0714721679688
125,0.078125
126,0.08203125
127,0.0760498046875
128,0.0794677734375
129,0.0588684082031
130,0.0580444335938
131,0.0638427734375
132,0.0706787109375
133,0.0717163085938
134,0.0685424804688
135,0.0578308105469
136,0.06591796875
137,0.0703735351562
138,0.0704345703125
139,0.076416015625
140,0.0803833007812
141,0.0486450195312
142,0.0594482421875
143,0.0586242675781
144,0.060302734375
145,0.0675659179688
146,0.0674438476562
147,0.0491333007812
148,0.0550842285156
149,0.0610656738281
150,0.053466796875
151,0.067626953125
152,0.0625
153,0.0611572265625
154,0.0633544921875
155,0.063232421875
156,0.0592041015625
157,0.061767578125
158,0.0659790039062
159,0.0531616210938
160,0.0523986816406
161,0.0564270019531
162,0.066650390625
163,0.0592956542969
164,0.0578918457031
165,0.0599975585938
166,0.0631713867188
167,0.0680541992188
168,0.0703735351562
169,0.0605163574219
170,0.0585327148438
171,0.0609741210938
172,0.0576782226562
173,0.0517883300781
174,0.06201171875
175,0.0613098144531
176,0.0617370605469
177,0.0500183105469
178,0.0461730957031
179,0.0553588867188
180,0.0575256347656
181,0.0646362304688
182,0.0599365234375
183,0.0506286621094
184,0.0578002929688
185,0.05029296875
186,0.0497436523438
187,0.0603637695312
188,0.0557556152344
189,0.0506591796875
190,0.0509643554688
191,0.054443359375
192,0.0626220703125
193,0.0672607421875
194,0.0691528320312
195,0.0467834472656
196,0.0542602539062
197,0.0531005859375
198,0.058837890625
199,0.0597229003906
200,0.0582275390625
201,0.0478820800781
202,0.05224609375
203,0.0573120117188
204,0.0523071289062
205,0.0479431152344
206,0.0591125488281
207,0.0496215820312
208,0.0531005859375
209,0.0494384765625
210,0.0492553710938
211,0.0503845214844
212,0.0541381835938
213,0.0429382324219
214,0.0473327636719
215,0.0501708984375
216,0.0536804199219
217,0.0538635253906
218,0.0561828613281
219,0.0420227050781
220,0.0474548339844
221,0.0457458496094
222,0.0483093261719
223,0.0487976074219
224,0.0476684570312
225,0.0433349609375
226,0.0483703613281
227,0.0562133789062
228,0.0502624511719
229,0.0482788085938
230,0.0453796386719
231,0.0429992675781
232,0.0481872558594
233,0.052978515625
234,0.0523681640625
235,0.0496520996094
236,0.0553894042969
237,0.0568237304688
238,0.0552978515625
239,0.0604858398438
240,0.0550231933594
241,0.0608520507812
242,0.0592956542969
243,0.0405578613281
244,0.0417785644531
245,0.0441589355469
246,0.0450439453125
247,0.04443359375
248,0.0455017089844
249,0.0463256835938
250,0.0438842773438
251,0.0513305664062
252,0.0470581054688
253,0.04833984375
254,0.0514831542969
255,0.0426940917969
256,0.0455932617188
257,0.0507202148438
258,0.0445251464844
259,0.0469055175781
260,0.0450744628906
261,0.0372619628906
262,0.0401916503906
263,0.0423889160156
264,0.0531616210938
265,0.0527038574219
266,0.0469055175781
267,0.0356140136719
268,0.0367431640625
269,0.0416564941406
270,0.0403747558594
271,0.0438537597656
272,0.0411682128906
273,0.0437927246094
274,0.0440673828125
275,0.0400695800781
276,0.0565795898438
277,0.0532836914062
278,0.0460815429688
279,0.0460205078125
280,0.0596008300781
281,0.0570983886719
282,0.0489807128906
283,0.0616455078125
284,0.0593872070312
285,0.0441589355469
286,0.0400390625
287,0.0393371582031
288,0.0421142578125
289,0.0457458496094
290,0.0603332519531
291,0.0469360351562
292,0.0451354980469
293,0.0434265136719
294,0.0440368652344
295,0.0404968261719
296,0.0445251464844
297,0.0413208007812
298,0.0367736816406
299,0.0408020019531
300,0.0386352539062
301,0.0409240722656
302,0.042236328125
303,0.0367736816406
304,0.0386657714844
305,0.0392456054688
306,0.0501098632812
307,0.0458374023438
308,0.0394592285156
309,0.0511474609375
310,0.0516662597656
311,0.0501403808594
312,0.0579223632812
313,0.0619506835938
314,0.0541687011719
315,0.0428466796875
316,0.0484008789062
317,0.0497741699219
318,0.0448608398438
319,0.0455932617188
320,0.0503540039062
321,0.04052734375
322,0.0443420410156
323,0.0442810058594
324,0.0492553710938
325,0.045654296875
326,0.0446472167969
327,0.0392761230469
328,0.0372314453125
329,0.038330078125
330,0.0394592285156
331,0.0371398925781
332,0.0440673828125
333,0.0511779785156
334,0.0552368164062
335,0.0557250976562
336,0.0576171875
337,0.05810546875
338,0.0569152832031
339,0.0419311523438
340,0.0481262207031
341,0.0467834472656
342,0.0453186035156
343,0.0448913574219
344,0.0406494140625
345,0.0388793945312
346,0.0419616699219
347,0.0422973632812
348,0.0486145019531
349,0.0543823242188
350,0.0545043945312
351,0.0363464355469
352,0.0328063964844
353,0.0365295410156
354,0.0386047363281
355,0.0404052734375
356,0.0440063476562
357,0.0396728515625
358,0.0435180664062
359,0.047607421875
360,0.04296875
361,0.0421752929688
362,0.0448913574219
363,0.0325622558594
364,0.0346984863281
365,0.031494140625
366,0.0455322265625
367,0.0419616699219
368,0.0535888671875
369,0.0471496582031
370,0.0404968261719
371,0.0408020019531
372,0.0429077148438
373,0.0386657714844
374,0.0342102050781
375,0.0347290039062
376,0.0409545898438
377,0.0389099121094
378,0.0422668457031
379,0.0372314453125
380,0.0389404296875
381,0.0334777832031
382,0.0393676757812
383,0.045654296875
384,0.0521850585938
385,0.0509338378906
386,0.0506896972656
387,0.0328674316406
388,0.0320739746094
389,0.0336608886719
390,0.0351257324219
391,0.0360107421875
392,0.0343322753906
393,0.0347290039062
394,0.0336303710938
395,0.0476379394531
396,0.0440673828125
397,0.0458679199219
398,0.0487976074219
399,0.0479736328125
400,0.0554809570312
401,0.0526428222656
402,0.054931640625
403,0.0488586425781
404,0.0453186035156
405,0.0546264648438
406,0.0536499023438
407,0.0533752441406
408,0.0516357421875
409,0.0484008789062
410,0.0519409179688
411,0.0394897460938
412,0.0373229980469
413,0.041015625
414,0.0409545898438
415,0.0430297851562
416,0.04052734375
417,0.0334167480469
418,0.0380249023438
419,0.0363159179688
420,0.0450744628906
421,0.0447387695312
422,0.0386962890625
423,0.0300750732422
424,0.0308532714844
425,0.0341186523438
426,0.0328979492188
427,0.0380554199219
428,0.0459899902344
429,0.0314331054688
430,0.03857421875
431,0.0386352539062
432,0.0372924804688
433,0.0400695800781
434,0.0476379394531
435,0.0378112792969
436,0.0416259765625
437,0.046142578125
438,0.0448303222656
439,0.045166015625
440,0.0425720214844
441,0.0419616699219
442,0.0401306152344
443,0.0377197265625
444,0.0370483398438
445,0.0504760742188
446,0.0509643554688
447,0.0329284667969
448,0.0391235351562
449,0.0403747558594
450,0.041259765625
451,0.041748046875
452,0.0376586914062
453,0.0346984863281
454,0.0323791503906
455,0.0411987304688
456,0.0422668457031
457,0.0400085449219
458,0.0421447753906
459,0.0307312011719
460,0.0372924804688
461,0.0404663085938
462,0.0550537109375
463,0.0445556640625
464,0.037841796875
465,0.0346069335938
466,0.034912109375
467,0.0391540527344
468,0.0392150878906
469,0.0400085449219
470,0.046142578125
471,0.0314025878906
472,0.0331420898438
473,0.033203125
474,0.0334167480469
475,0.033203125
476,0.0340881347656
477,0.0310668945312
478,0.0362854003906
479,0.0357666015625
480,0.034423828125
481,0.0452575683594
482,0.0447387695312
483,0.0323486328125
484,0.0331420898438
485,0.0362854003906
486,0.0390319824219
487,0.0361633300781
488,0.0376586914062
489,0.0311584472656
490,0.0363464355469
491,0.0368041992188
492,0.0401611328125
493,0.0429992675781
494,0.0360412597656
495,0.0379028320312
496,0.0372619628906
497,0.0379943847656
498,0.0374755859375
499,0.03857421875
500,0.0387268066406
501,0.0321655273438
502,0.0289001464844
503,0.0356140136719
504,0.0368347167969
505,0.033447265625
506,0.0314331054688
507,0.0414123535156
508,0.0491638183594
509,0.0491027832031
510,0.0501403808594
511,0.0501098632812
512,0.0500793457031
513,0.0291900634766
514,0.0320129394531
515,0.0330810546875
516,0.0404357910156
517,0.0403137207031
518,0.0379028320312
519,0.0315246582031
520,0.0352478027344
521,0.0371398925781
522,0.0358581542969
523,0.0366516113281
524,0.0438842773438
525,0.0318603515625
526,0.0357666015625
527,0.0362854003906
528,0.0349426269531
529,0.0395812988281
530,0.0370178222656
531,0.0314636230469
532,0.0338134765625
533,0.0351867675781
534,0.037353515625
535,0.0361328125
536,0.0355224609375
537,0.0315856933594
538,0.0342407226562
539,0.0339660644531
540,0.0478515625
541,0.0413513183594
542,0.0411987304688
543,0.0313110351562
544,0.0416564941406
545,0.0392761230469
546,0.0366516113281
547,0.0376892089844
548,0.0393676757812
549,0.0362548828125
550,0.0375366210938
551,0.0374755859375
552,0.0368957519531
553,0.0364379882812
554,0.044677734375
555,0.032470703125
556,0.0426940917969
557,0.0426025390625
558,0.0372009277344
559,0.0366516113281
560,0.0401000976562
561,0.0308990478516
562,0.0439758300781
563,0.0480651855469
564,0.0487060546875
565,0.0422973632812
566,0.0421142578125
567,0.0479736328125
568,0.0514831542969
569,0.0575561523438
570,0.0514526367188
571,0.0522766113281
572,0.0516357421875
573,0.0390014648438
574,0.0372619628906
575,0.0469970703125
576,0.0504455566406
577,0.0490417480469
578,0.0475463867188
579,0.0320129394531
580,0.03466796875
581,0.0359802246094
582,0.0350646972656
583,0.0369262695312
584,0.0347290039062
585,0.0328063964844
586,0.0469970703125
587,0.0491027832031
588,0.0404663085938
589,0.0422668457031
590,0.0482177734375
591,0.031982421875
592,0.0416870117188
593,0.0419006347656
594,0.0534057617188
595,0.0536804199219
596,0.053466796875
597,0.0343322753906
598,0.0381469726562
599,0.0346984863281
600,0.0433349609375
601,0.0377502441406
602,0.0375671386719
603,0.0323181152344
604,0.0335083007812
605,0.038330078125
606,0.0365905761719
607,0.0401306152344
608,0.0412902832031
609,0.037353515625
610,0.035400390625
611,0.0418090820312
612,0.0444030761719
613,0.0419616699219
614,0.0416259765625
615,0.0308990478516
616,0.0357971191406
617,0.0320434570312
618,0.0309295654297
619,0.0304412841797
620,0.0320129394531
621,0.0300445556641
622,0.0306854248047
623,0.0353393554688
624,0.0372924804688
625,0.0376281738281
626,0.03759765625
627,0.0271148681641
628,0.0323181152344
629,0.0331726074219
630,0.0331726074219
631,0.0328369140625
632,0.0339660644531
633,0.0299072265625
634,0.0376586914062
635,0.0331115722656
636,0.0386047363281
637,0.0424499511719
638,0.0384521484375
639,0.0354919433594
640,0.03466796875
641,0.0376586914062
642,0.0379943847656
643,0.0436706542969
644,0.0393981933594
645,0.0271759033203
646,0.0297546386719
647,0.0515441894531
648,0.0505676269531
649,0.0712890625
650,0.0660400390625
651,0.025390625
652,0.0274200439453
653,0.0282745361328
654,0.0278472900391
655,0.0277252197266
656,0.0266723632812
657,0.0290832519531
658,0.0307464599609
659,0.0364379882812
660,0.0357055664062
661,0.0357055664062
662,0.0326538085938
663,0.0288238525391
664,0.0352783203125
665,0.0341186523438
666,0.0350341796875
667,0.0340881347656
668,0.0332946777344
669,0.0270690917969
670,0.0278167724609
671,0.0274200439453
672,0.0275421142578
673,0.0341796875
674,0.0328369140625
675,0.0249328613281
676,0.0262756347656
677,0.025634765625
678,0.0265655517578
679,0.0293731689453
680,0.0303344726562
681,0.0243072509766
682,0.0255432128906
683,0.0262145996094
684,0.0262145996094
685,0.0366516113281
686,0.0325927734375
687,0.0238647460938
688,0.0291900634766
689,0.0344543457031
690,0.03515625
691,0.0379028320312
692,0.0408630371094
693,0.0225677490234
694,0.0226898193359
695,0.0226898193359
696,0.0240325927734
697,0.0310516357422
698,0.0321350097656
699,0.0269927978516
700,0.0350341796875
701,0.0338134765625
702,0.0310516357422
703,0.0292663574219
704,0.0299530029297
705,0.022216796875
706,0.0218963623047
707,0.021728515625
708,0.0227966308594
709,0.0240783691406
710,0.0243225097656
711,0.0246124267578
712,0.0254211425781
713,0.0250244140625
714,0.0244445800781
715,0.0258941650391
716,0.0372924804688
717,0.0211639404297
718,0.0247497558594
719,0.0338439941406
720,0.0331726074219
721,0.0330200195312
722,0.0319519042969
723,0.0243682861328
724,0.0240478515625
725,0.0249938964844
726,0.0257873535156
727,0.0290832519531
728,0.0265045166016
729,0.0260620117188
730,0.0243072509766
731,0.0322570800781
732,0.0452880859375
733,0.0479125976562
734,0.0368041992188
735,0.0246124267578
736,0.0225067138672
737,0.0471496582031
738,0.0482788085938
739,0.0513000488281
740,0.0517883300781
741,0.0252990722656
742,0.0274810791016
743,0.0304565429688
744,0.0305786132812
745,0.0358276367188
746,0.0296783447266
747,0.0221862792969
748,0.0380859375
749,0.0383605957031
750,0.0352783203125
751,0.049072265625
752,0.04931640625
753,0.0337219238281
754,0.0254974365234
755,0.0252227783203
756,0.0243530273438
757,0.0262908935547
758,0.0277099609375
759,0.0831298828125
760,0.0830688476562
761,0.0784301757812
762,0.0961303710938
763,0.0965576171875
764,0.0968017578125
765,0.0222625732422
766,0.0275115966797
767,0.0262145996094
768,0.0261077880859
769,0.0254669189453
770,0.0258483886719
771,0.0222778320312
772,0.0228729248047
773,0.0235748291016
774,0.0230712890625
775,0.0278930664062
776,0.0264129638672
777,0.0230407714844
778,0.0229187011719
779,0.0221557617188
780,0.0224456787109
781,0.0289001464844
782,0.0301971435547
783,0.0442199707031
784,0.0390930175781
786,0.0382995605469
787,0.0376586914062
788,0.0376892089844
789,0.0381164550781
790,0.0270080566406
791,0.0269165039062
792,0.0295562744141
793,0.0327453613281
794,0.0333862304688
795,0.0291442871094
796,0.0283966064453
797,0.0275726318359
798,0.0251159667969
799,0.0290374755859
800,0.0269927978516
801,0.0352783203125
802,0.0221862792969
803,0.0251312255859
804,0.0235290527344
805,0.0245666503906
806,0.0251922607422
807,0.0253601074219
808,0.031005859375
809,0.0303192138672
810,0.029296875
811,0.0276489257812
812,0.0260314941406
813,0.0265960693359
814,0.0225677490234
815,0.0270385742188
816,0.0261993408203
817,0.0289001464844
818,0.0286865234375
819,0.0254821777344
820,0.0283813476562
821,0.0293579101562
822,0.0259246826172
823,0.0242462158203
824,0.0252227783203
825,0.0246887207031
826,0.0229339599609
827,0.0226745605469
828,0.0230255126953
829,0.0228424072266
830,0.0241851806641
831,0.0305328369141
832,0.0228881835938
833,0.0237426757812
834,0.0229644775391
835,0.0221557617188
836,0.0233612060547
837,0.0244293212891
838,0.0329895019531
839,0.029296875
840,0.0292358398438
841,0.0272064208984
842,0.0255279541016
843,0.0333557128906
844,0.0240936279297
845,0.0231323242188
846,0.0227203369141
847,0.0214691162109
848,0.0283050537109
849,0.0291748046875
850,0.0258941650391
851,0.0252532958984
852,0.0266571044922
853,0.0263671875
854,0.0267639160156
855,0.0232391357422
856,0.0231170654297
857,0.0209655761719
858,0.0276794433594
859,0.0252990722656
860,0.0247039794922
861,0.0245208740234
862,0.0230560302734
863,0.0236206054688
864,0.0251770019531
865,0.0259704589844
866,0.0236663818359
867,0.0234680175781
868,0.0300750732422
869,0.0254669189453
870,0.0246124267578
871,0.0243225097656
872,0.0233154296875
873,0.0228271484375
874,0.0241241455078
875,0.0239715576172
876,0.0373840332031
877,0.0378112792969
878,0.0357666015625
879,0.0352172851562
880,0.0239562988281
881,0.0289764404297
882,0.0267944335938
883,0.0260314941406
884,0.0251617431641
885,0.0250854492188
886,0.0285186767578
887,0.0274047851562
888,0.0298156738281
889,0.0480651855469
890,0.0474548339844
891,0.045166015625
892,0.0255432128906
893,0.0251770019531
894,0.0243225097656
895,0.0247039794922
896,0.027099609375
897,0.0261383056641
898,0.0284881591797
899,0.0284729003906
900,0.0278472900391
901,0.0268402099609
902,0.0276794433594
903,0.0279235839844
904,0.0289764404297
905,0.0289154052734
906,0.0293579101562
907,0.0288543701172
908,0.0290985107422
909,0.0260009765625
910,0.0275115966797
911,0.0243988037109
912,0.0235443115234
913,0.0235443115234
914,0.0222778320312
915,0.0241546630859
916,0.0249786376953
917,0.0274047851562
918,0.0285797119141
919,0.0278778076172
920,0.0331726074219
921,0.0333557128906
922,0.0315551757812
923,0.0298156738281
924,0.0301818847656
925,0.0297393798828
926,0.0291442871094
927,0.0289306640625
928,0.0310668945312
929,0.0302276611328
930,0.0299224853516
931,0.0310516357422
932,0.0305328369141
933,0.0303039550781
934,0.03369140625
935,0.0330505371094
936,0.0272827148438
937,0.0357360839844
938,0.0351867675781
939,0.0314331054688
940,0.0232086181641
941,0.0330200195312
942,0.0328979492188
943,0.0298461914062
944,0.0297698974609
945,0.0291290283203
946,0.0281829833984
947,0.0266876220703
948,0.0250244140625
949,0.0244598388672
950,0.0241546630859
951,0.0265502929688
952,0.0260467529297
953,0.0261077880859
954,0.0244903564453
955,0.0257110595703
956,0.0248565673828
957,0.0239868164062
958,0.0330810546875
959,0.0388793945312
960,0.0359497070312
961,0.0353698730469
962,0.0364379882812
963,0.0355834960938
964,0.0272064208984
965,0.0265350341797
966,0.0307159423828
967,0.0294036865234
968,0.0291137695312
969,0.0259246826172
970,0.025146484375
971,0.0250244140625
972,0.0241394042969
973,0.0287933349609
974,0.0294952392578
975,0.0288238525391
976,0.0248413085938
977,0.0242614746094
978,0.0238342285156
979,0.0318603515625
980,0.0318603515625
981,0.0320739746094
982,0.0238342285156
983,0.0235595703125
984,0.0229644775391
985,0.0307312011719
986,0.0318908691406
987,0.0207824707031
988,0.0247802734375
989,0.0243530273438
990,0.0241394042969
991,0.0240173339844
992,0.0231628417969
993,0.0231628417969
994,0.0365905761719
995,0.0339660644531
996,0.0330505371094
997,0.0335693359375
998,0.0360412597656
999,0.0359497070312
1000,0.0255584716797
1001,0.0338439941406
1002,0.0326538085938
1003,0.0318603515625
1004,0.0331115722656
1005,0.0294647216797
1006,0.0254974365234
1007,0.0248718261719
1008,0.0292053222656
1009,0.0285339355469
1010,0.0291748046875
1011,0.0288848876953
1012,0.0256500244141
1013,0.0382995605469
1014,0.0365600585938
1015,0.0369567871094
1016,0.0353393554688
1017,0.0358276367188
1018,0.0246429443359
1019,0.0250549316406
1020,0.0256805419922
1021,0.0238647460938
1022,0.023681640625
1023,0.0226593017578
1024,0.0490112304688
1025,0.0492553710938
1026,0.0458984375
1027,0.0498352050781
1028,0.0491638183594
1029,0.0491333007812
1030,0.0234375
1031,0.0248107910156
1032,0.0229187011719
1033,0.0226440429688
1034,0.0257720947266
1035,0.0257720947266
1036,0.0222778320312
1037,0.0243225097656
1038,0.0290374755859
1039,0.0289459228516
1040,0.0299072265625
1041,0.0299072265625
1042,0.0239562988281
1043,0.0236358642578
1044,0.0240631103516
1045,0.0251770019531
1046,0.0269775390625
1047,0.0276031494141
1048,0.0280914306641
1049,0.0282135009766
1050,0.0231628417969
1051,0.0217590332031
1052,0.0327453613281
1053,0.0323181152344
1054,0.0242004394531
1055,0.0239868164062
1056,0.0235595703125
1057,0.0238037109375
1058,0.0288696289062
1059,0.0290832519531
1060,0.0245971679688
1061,0.0279388427734
1062,0.025634765625
1063,0.0254211425781
1064,0.0282440185547
1065,0.0294952392578
1066,0.0249938964844
1067,0.0302734375
1068,0.0300598144531
1069,0.0300598144531
1070,0.0303955078125
1071,0.0290222167969
1072,0.0296936035156
1073,0.0381164550781
1074,0.0379333496094
1075,0.0381164550781
1076,0.0379028320312
1077,0.0370483398438
1078,0.0420227050781
1079,0.0411071777344
1080,0.0404968261719
1081,0.0398254394531
1082,0.0359802246094
1083,0.0357971191406
1084,0.0270385742188
1085,0.0265197753906
1086,0.0260925292969
1087,0.0252227783203
1088,0.0243988037109
1089,0.0245056152344
1090,0.0606994628906
1091,0.0601806640625
1092,0.0572204589844
1093,0.0563354492188
1094,0.0550231933594
1095,0.0546569824219
1096,0.0365905761719
1097,0.0384521484375
1098,0.0362854003906
1099,0.0384216308594
1100,0.0360107421875
1101,0.0345458984375
1102,0.0298461914062
1103,0.0285339355469
1104,0.0279388427734
1105,0.0292053222656
1106,0.0287933349609
1107,0.0282592773438
1108,0.0294036865234
1109,0.03857421875
1110,0.03564453125
1111,0.0345764160156
1112,0.0277099609375
1113,0.0436401367188
1114,0.0329284667969
1115,0.0316467285156
1116,0.0368957519531
1117,0.0365600585938
1118,0.0357055664062
1119,0.0350646972656
1120,0.0301666259766
1121,0.0290222167969
1122,0.0278472900391
1123,0.0299224853516
1124,0.0294952392578
1125,0.0297546386719
1126,0.0292663574219
1127,0.0336303710938
1128,0.0336303710938
1129,0.039794921875
1130,0.0389709472656
1131,0.0521545410156
1132,0.029296875
1133,0.0287628173828
1134,0.0303649902344
1135,0.0316162109375
1136,0.0372619628906
1137,0.0365905761719
1138,0.0326232910156
1139,0.0309753417969
1140,0.0250701904297
1141,0.0242156982422
1142,0.0236053466797
1143,0.0233917236328
1144,0.0387573242188
1145,0.0370788574219
1146,0.0362854003906
1147,0.0355224609375
1148,0.0321655273438
1149,0.0301055908203
1150,0.0341796875
1151,0.0337829589844
1152,0.0386657714844
1153,0.0408630371094
1154,0.0380554199219
1155,0.0394287109375
1156,0.0419921875
1157,0.0371398925781
1158,0.0344543457031
1159,0.0369262695312
1160,0.0367736816406
1161,0.0359497070312
1162,0.0272674560547
1163,0.0352172851562
1164,0.0371398925781
1165,0.0319519042969
1166,0.0310974121094
1167,0.0308837890625
1168,0.0313720703125
1169,0.0306854248047
1170,0.0298461914062
1171,0.0285034179688
1172,0.0281677246094
1173,0.0271453857422
1174,0.0278625488281
1175,0.0267944335938
1176,0.0261535644531
1177,0.02587890625
1178,0.026611328125
1179,0.0250701904297
1180,0.0284423828125
1181,0.0310516357422
1182,0.0299835205078
1183,0.0298004150391
1184,0.0293273925781
1185,0.0327453613281
1186,0.0287170410156
1187,0.0305938720703
1188,0.0303802490234
1189,0.0295257568359
1190,0.0291442871094
1191,0.0287475585938
1192,0.0296630859375
1193,0.0281066894531
1194,0.02880859375
1195,0.0291595458984
1196,0.0283050537109
1197,0.0265197753906
1198,0.0296173095703
1199,0.0281524658203
1200,0.0276641845703
1201,0.0262451171875
1202,0.0321350097656
1203,0.031494140625
1204,0.0286712646484
1205,0.0279083251953
1206,0.0278167724609
1207,0.0339050292969
1208,0.116027832031
1209,0.114990234375
1210,0.0281829833984
1211,0.0410766601562
1212,0.0380859375
1213,0.0365295410156
1214,0.0353393554688
1215,0.03515625
1216,0.0273132324219
1217,0.0267791748047
1218,0.039794921875
1219,0.0548400878906
1220,0.0484619140625
1221,0.0445251464844
1222,0.0310211181641
1223,0.0310974121094
1224,0.0341796875
1225,0.033935546875
1226,0.0332946777344
1227,0.0328674316406
1228,0.0281066894531
1229,0.0314636230469
1230,0.0307159423828
1231,0.0306396484375
1232,0.0307769775391
1233,0.0300903320312
1234,0.0250091552734
1235,0.0243988037109
1236,0.0302429199219
1237,0.0298461914062
1238,0.0316162109375
1239,0.0306091308594
1240,0.0253448486328
1241,0.0271148681641
1242,0.0287170410156
1243,0.0288543701172
1244,0.0306396484375
1245,0.0343017578125
1246,0.0290985107422
1247,0.0300445556641
1248,0.0296173095703
1249,0.0411682128906
1250,0.040771484375
1251,0.042724609375
1252,0.0289611816406
1253,0.029296875
1254,0.0289611816406
1255,0.03369140625
1256,0.0327453613281
1257,0.0355529785156
1258,0.0301361083984
1259,0.0294036865234
1260,0.0267486572266
1261,0.0357971191406
1262,0.0426940917969
1263,0.0424194335938
1264,0.0258331298828
1265,0.0332641601562
1266,0.0333862304688
1267,0.0380249023438
1268,0.0390625
1269,0.0381469726562
1270,0.0262603759766
1271,0.0250244140625
1272,0.0240936279297
1273,0.0248565673828
1274,0.0248565673828
1275,0.0249328613281
1276,0.0364074707031
1277,0.0422973632812
1278,0.0432434082031
1279,0.0428161621094
1280,0.0462036132812
1281,0.0385131835938
1282,0.0279541015625
1283,0.0312805175781
1284,0.0325317382812
1285,0.0297546386719
1286,0.0289001464844
1287,0.0299377441406
1288,0.0326538085938
1289,0.0338134765625
1290,0.0545349121094
1291,0.0542907714844
1292,0.0540771484375
1293,0.0534362792969
1294,0.0285339355469
1295,0.0281219482422
1296,0.0274810791016
1297,0.0263366699219
1298,0.026123046875
1299,0.0298614501953
1300,0.0285186767578
1301,0.0295257568359
1302,0.0282287597656
1303,0.0283813476562
1304,0.0285034179688
1305,0.0357666015625
1306,0.0332946777344
1307,0.0326232910156
1308,0.0318603515625
1309,0.0428771972656
1310,0.0447082519531
1311,0.0409851074219
1312,0.0398864746094
1313,0.0639038085938
1314,0.0606994628906
1315,0.0601806640625
1316,0.0568542480469
1317,0.0564880371094
1318,0.0384521484375
1319,0.0390625
1320,0.039794921875
1321,0.0539245605469
1322,0.0514221191406
1323,0.0451354980469
1324,0.0268859863281
1325,0.0390319824219
1326,0.0324096679688
1327,0.0379638671875
1328,0.0375061035156
1329,0.0373840332031
1330,0.0455932617188
1331,0.0447692871094
1332,0.0440063476562
1333,0.0434875488281
1334,0.0494079589844
1335,0.0450439453125
1336,0.0271148681641
1337,0.0265045166016
1338,0.0359497070312
1339,0.0355224609375
1340,0.0350952148438
1341,0.0351257324219
1342,0.0624694824219
1343,0.0620422363281
1344,0.0597839355469
1345,0.0593566894531
1346,0.0591430664062
1347,0.0583801269531
1348,0.0270538330078
1349,0.0435791015625
1350,0.0413208007812
1351,0.0394897460938
1352,0.0375671386719
1353,0.0373229980469
1354,0.0281066894531
1355,0.0296020507812
1356,0.0404357910156
1357,0.0390014648438
1358,0.0379638671875
1359,0.0387268066406
1360,0.0370178222656
1361,0.0364074707031
1362,0.0370788574219
1363,0.0368957519531
1364,0.0429382324219
1365,0.0240936279297
1366,0.0374145507812
1367,0.0376586914062
1368,0.0374145507812
1369,0.0342407226562
1370,0.0324401855469
1371,0.0322875976562
1372,0.03271484375
1373,0.0363464355469
1374,0.0351257324219
1375,0.0338745117188
1376,0.0322570800781
1377,0.0316162109375
1378,0.0305938720703
1379,0.0303192138672
1380,0.0292510986328
1381,0.03125
1382,0.0311584472656
1383,0.0310516357422
1384,0.0294342041016
1385,0.0321655273438
1386,0.0314636230469
1387,0.0303344726562
1388,0.0296783447266
1389,0.0294647216797
1390,0.0384826660156
1391,0.0375366210938
1392,0.0373229980469
1393,0.0360717773438
1394,0.0326538085938
1395,0.0331115722656
1396,0.0364685058594
1397,0.0310363769531
1398,0.0306091308594
1399,0.0303649902344
1400,0.0362854003906
1401,0.0421447753906
1402,0.0300750732422
1403,0.0294647216797
1404,0.0302429199219
1405,0.0298156738281
1406,0.0310363769531
1407,0.0306091308594
1408,0.0317687988281
1409,0.0312805175781
1410,0.0332336425781
1411,0.0385437011719
1412,0.0372314453125
1413,0.0741577148438
1414,0.0531311035156
1415,0.0529174804688
1416,0.0523986816406
1417,0.0521545410156
1418,0.0529174804688
1419,0.05322265625
1420,0.0322265625
1421,0.0317993164062
1422,0.0326538085938
1423,0.0687866210938
1424,0.069091796875
1425,0.0665893554688
1426,0.0470886230469
1427,0.0601196289062
1428,0.0577087402344
1429,0.0564270019531
1430,0.046875
1431,0.0536804199219
1432,0.0343017578125
1433,0.0348205566406
1434,0.0335083007812
1435,0.0320434570312
1436,0.0317687988281
1437,0.0328063964844
1438,0.0395202636719
1439,0.0357666015625
1440,0.0346069335938
1441,0.0332641601562
1442,0.0407409667969
1443,0.0400695800781
1444,0.0332336425781
1445,0.0343933105469
1446,0.0433349609375
1447,0.0420532226562
1448,0.0376586914062
1449,0.0414733886719
1450,0.0331115722656
1451,0.0318298339844
1452,0.0314025878906
1453,0.0303497314453
1454,0.0293579101562
1455,0.0310516357422
1456,0.0322265625
1457,0.0312805175781
1458,0.0300445556641
1459,0.0325012207031
1460,0.0420532226562
1461,0.0422668457031
1462,0.0626220703125
1463,0.0586853027344
1464,0.0581359863281
1465,0.0579223632812
1466,0.0553283691406
1467,0.0545654296875
1468,0.0432739257812
1469,0.0425415039062
1470,0.0390625
1471,0.0376586914062
1472,0.0357360839844
1473,0.0350036621094
1474,0.0293121337891
1475,0.0315856933594
1476,0.0317077636719
1477,0.0321350097656
1478,0.0321350097656
1479,0.0350036621094
1480,0.0306854248047
1481,0.04150390625
1482,0.0382385253906
1483,0.0458984375
1484,0.0464782714844
1485,0.0466918945312
1486,0.0308837890625
1487,0.0297241210938
1488,0.0290832519531
1489,0.0303497314453
1490,0.0303192138672
1491,0.0296783447266
1492,0.0504760742188
1493,0.0499267578125
1494,0.0511474609375
1495,0.0504455566406
1496,0.0496520996094
1497,0.0409545898438
1498,0.0396423339844
1499,0.0488586425781
1500,0.043212890625
1501,0.043212890625
1502,0.0421752929688
1503,0.0416870117188
1504,0.0319519042969
1505,0.0348815917969
1506,0.0340881347656
1507,0.0336608886719
1508,0.0328369140625
1509,0.0332641601562
1510,0.0303497314453
1511,0.0476684570312
1512,0.0472717285156
1513,0.0468444824219
1514,0.046142578125
1515,0.0419006347656
1516,0.0305786132812
1517,0.03515625
1518,0.0347290039062
1519,0.0338745117188
1520,0.0328674316406
1521,0.0323181152344
1522,0.0310363769531
1523,0.0318298339844
1524,0.0337219238281
1525,0.0364074707031
1526,0.0529479980469
1527,0.0425415039062
1528,0.0321350097656
1529,0.0301666259766
1530,0.0318298339844
1531,0.0318603515625
1532,0.0349731445312
1533,0.0341186523438
1534,0.0330505371094
1535,0.0318603515625
1536,0.0458374023438
1537,0.0430297851562
1538,0.0455322265625
1539,0.0435485839844
1540,0.0664672851562
1541,0.0573425292969
1542,0.0625
1543,0.0557556152344
1544,0.0603332519531
1545,0.0592651367188
1546,0.0632934570312
1547,0.06396484375
1548,0.06494140625
1549,0.0615844726562
1550,0.0603332519531
1551,0.0606384277344
1552,0.0338745117188
1553,0.0382690429688
1554,0.0377807617188
1555,0.0367126464844
1556,0.0370178222656
1557,0.0368347167969
1558,0.0386047363281
1559,0.0485229492188
1560,0.0469055175781
1561,0.0546569824219
1562,0.0467529296875
1563,0.0414428710938
38319,0.0406188964844
38320,0.0406188964844
38322,0.0406188964844
38323,0.0406188964844
38324,0.0406188964844
38325,0.039306640625
38326,0.0404052734375
38327,0.0404052734375
38328,0.0407409667969
38329,0.0407409667969
38330,0.0407409667969
38331,0.0407409667969
38332,0.0404052734375
38333,0.0404052734375
38334,0.0404052734375
38335,0.0404052734375
38336,0.0404052734375
38337,0.0404052734375
38338,0.0404052734375
38339,0.05712890625
38340,0.05712890625
38341,0.05712890625
38342,0.05712890625
38343,0.05712890625
38344,0.0404052734375
38345,0.0404052734375
38346,0.0404052734375
38347,0.0404052734375
38348,0.0404052734375
38349,0.0440673828125
38350,0.0403747558594
38351,0.0403747558594
38352,0.0403747558594
38353,0.0403747558594
38354,0.0403747558594
38355,0.0403747558594
38356,0.0407104492188
38357,0.0407104492188
38358,0.0407104492188
38359,0.0407104492188
38360,0.0407104492188
38361,0.0407104492188
38362,0.0410461425781
38363,0.0410461425781
38364,0.0410461425781
38365,0.0410461425781
38366,0.0410461425781
38367,0.046630859375
38368,0.0410461425781
38369,0.0455627441406
38370,0.0455627441406
38371,0.0455627441406
38372,0.0455627441406
38373,0.0455627441406
38374,0.0410461425781
38375,0.0410461425781
38376,0.0410461425781
38377,0.0410461425781
38378,0.0410461425781
38379,0.0410461425781
38380,0.0413513183594
38381,0.0413513183594
38382,0.0413513183594
38383,0.0413513183594
38384,0.0413513183594
38385,0.0413513183594
38386,0.0413513183594
38387,0.0413513183594
38388,0.0413513183594
38389,0.0413513183594
38390,0.0413513183594
38391,0.0413513183594
38392,0.0413513183594
38393,0.0635986328125
38394,0.0635986328125
38395,0.0645141601562
38396,0.065185546875
38397,0.0642700195312
38398,0.041015625
38399,0.041015625
38400,0.041015625
38401,0.041015625
38402,0.041015625
38403,0.0403442382812
38404,0.0413513183594
38405,0.0413513183594
38406,0.0413513183594
38407,0.0413513183594
38408,0.0413513183594
38409,0.0419921875
38410,0.0411376953125
38411,0.0411376953125
38412,0.0411376953125
38413,0.0414733886719
38414,0.0414733886719
38415,0.0414733886719
38416,0.0412902832031
38417,0.0412902832031
38418,0.0412902832031
38419,0.0412902832031
38420,0.0412902832031
38421,0.0412902832031
38422,0.0412902832031
38423,0.0585327148438
38424,0.0585327148438
38425,0.0585327148438
38426,0.0585327148438
38427,0.0585327148438
38428,0.0413208007812
38429,0.0413208007812
38430,0.0413208007812
38431,0.0413208007812
38432,0.0413208007812
38433,0.0413208007812
38434,0.0413513183594
38435,0.0413513183594
38436,0.0413513183594
38437,0.0524291992188
38438,0.0524291992188
38439,0.0524291992188
38440,0.0413513183594
38441,0.0413513183594
38442,0.0413513183594
38443,0.0413513183594
38444,0.0413513183594
38445,0.0413513183594
38446,0.0738525390625
38447,0.0738525390625
38448,0.0738525390625
38449,0.0736694335938
38450,0.0736694335938
38451,0.0736694335938
38452,0.0413818359375
38453,0.0413818359375
38454,0.0413818359375
38455,0.0451354980469
38456,0.0451354980469
38457,0.0451354980469
38458,0.0413513183594
38459,0.0413513183594
38460,0.0413513183594
38461,0.0413513183594
38462,0.0413513183594
38463,0.0413513183594
38464,0.0413513183594
38465,0.0413513183594
38466,0.0413513183594
38467,0.0413513183594
38468,0.0413513183594
38469,0.0413513183594
38470,0.0500793457031
38471,0.0500793457031
38472,0.0500793457031
38473,0.0500793457031
38474,0.0500793457031
38475,0.0500793457031
38476,0.041015625
38477,0.041015625
38478,0.041015625
38479,0.041015625
38480,0.041015625
38481,0.041015625
38482,0.041015625
38483,0.041015625
38484,0.041015625
38485,0.041015625
38486,0.0773315429688
38487,0.0773315429688
38488,0.0409240722656
38489,0.0442810058594
38490,0.0442810058594
38491,0.0442810058594
38492,0.0442810058594
38493,0.0432739257812
38494,0.0418701171875
38495,0.0418701171875
38496,0.0418701171875
38497,0.0418701171875
38498,0.0439147949219
38499,0.0439147949219
38500,0.0422058105469
38501,0.0629272460938
38502,0.0629272460938
38503,0.0629272460938
38504,0.0629272460938
38505,0.0629272460938
38506,0.0415954589844
38507,0.0415954589844
38508,0.0415954589844
38509,0.0415954589844
38510,0.0415954589844
38511,0.0481567382812
38512,0.0418090820312
38513,0.0418090820312
38514,0.0418090820312
38515,0.0418090820312
38516,0.0418090820312
38517,0.0418090820312
38518,0.0418395996094
38519,0.0418395996094
38520,0.0418395996094
38521,0.0421752929688
38522,0.0422058105469
38523,0.0418701171875
38524,0.0418395996094
38525,0.0564575195312
38526,0.0564575195312
38527,0.06982421875
38528,0.06982421875
38529,0.06982421875
38530,0.0418395996094
38531,0.0418395996094
38532,0.0418395996094
38533,0.0418395996094
38534,0.0418395996094
38535,0.0418395996094
38536,0.0418395996094
38537,0.0418395996094
38538,0.0418395996094
38539,0.0418395996094
38540,0.0418395996094
38541,0.0418395996094
38542,0.04150390625
38543,0.0406799316406
38544,0.0406799316406
38545,0.0404357910156
38546,0.0404357910156
38547,0.0404357910156
38548,0.04150390625
38549,0.04150390625
38550,0.04150390625
38551,0.04150390625
38552,0.04150390625
38553,0.0395202636719
38554,0.0409851074219
38555,0.0409851074219
38556,0.0409851074219
38557,0.0409851074219
38558,0.0409851074219
38559,0.0409851074219
38560,0.0390319824219
38561,0.0390319824219
38562,0.052734375
38563,0.052734375
38564,0.052734375
38565,0.052734375
38566,0.041015625
38567,0.0416870117188
38568,0.0416870117188
38569,0.0416870117188
38570,0.0416870117188
38571,0.0416870117188
38572,0.041015625
38573,0.041015625
38574,0.041015625
38575,0.0654907226562
38576,0.0654907226562
38577,0.0654907226562
38578,0.0428771972656
38579,0.0417175292969
38580,0.0417175292969
38581,0.0417175292969
38582,0.067626953125
38583,0.067626953125
38584,0.0411071777344
38585,0.0411071777344
38586,0.0411071777344
38587,0.0411071777344
38588,0.0411071777344
38589,0.0411071777344
38590,0.0414428710938
38591,0.0414428710938
38592,0.0414428710938
38593,0.0414428710938
38594,0.0414428710938
38595,0.0414428710938
38596,0.0414428710938
38597,0.0414428710938
38598,0.04833984375
38599,0.04833984375
38600,0.04833984375
38601,0.04833984375
38602,0.0414428710938
38603,0.0414428710938
38604,0.0414428710938
38605,0.0414428710938
38606,0.0414428710938
38607,0.0576477050781
38608,0.0414428710938
38609,0.0414428710938
38610,0.0414428710938
38611,0.0414428710938
38612,0.0414428710938
38613,0.0414428710938
38614,0.0414428710938
38615,0.0414428710938
38616,0.0414428710938
38617,0.0414428710938
38618,0.0414428710938
38619,0.0414428710938
38620,0.04150390625
38621,0.04150390625
38622,0.04150390625
38623,0.04150390625
38624,0.04150390625
38625,0.04150390625
38626,0.04150390625
38627,0.04150390625
38628,0.04150390625
38629,0.04150390625
38630,0.04150390625
38631,0.04150390625
38632,0.04150390625
38633,0.04150390625
38634,0.04150390625
38635,0.04150390625
38636,0.04150390625
38637,0.04150390625
38638,0.04150390625
38639,0.04150390625
38640,0.04150390625
38641,0.04150390625
38642,0.04150390625
38643,0.04150390625
38644,0.0415649414062
38645,0.0415649414062
38646,0.0415649414062
38647,0.0415649414062
38648,0.0415649414062
38649,0.0415649414062
38650,0.0415649414062
38651,0.0415649414062
38652,0.0423278808594
38653,0.0423278808594
38654,0.049072265625
38655,0.049072265625
38656,0.0415649414062
38657,0.0415649414062
38658,0.0415649414062
38659,0.0415649414062
38660,0.0415649414062
38661,0.0415649414062
38662,0.0415649414062
38663,0.0415649414062
38664,0.0415649414062
38665,0.0415649414062
38666,0.0415649414062
38667,0.0415649414062
38668,0.0417785644531
38669,0.0417785644531
38670,0.0417785644531
38671,0.0417785644531
38672,0.0417785644531
38673,0.0417785644531
38674,0.0417785644531
38675,0.0417785644531
38676,0.0417785644531
38677,0.0417785644531
38678,0.0417785644531
38679,0.0417785644531
38680,0.0417785644531
38681,0.0417785644531
38682,0.0417785644531
38683,0.0417785644531
38684,0.0417785644531
38685,0.0417785644531
38686,0.0417785644531
38687,0.0417785644531
38688,0.0417785644531
38689,0.0417785644531
38690,0.0417785644531
38691,0.0417785644531
38692,0.0417785644531
38693,0.0417785644531
38694,0.0417785644531
38695,0.04443359375
38696,0.04443359375
38697,0.0451049804688
38698,0.0417785644531
38699,0.0417785644531
38700,0.0417785644531
38701,0.0417785644531
38702,0.0469360351562
38703,0.0469360351562
38704,0.0417785644531
38705,0.0417785644531
38706,0.0417785644531
38707,0.0417785644531
38708,0.0417785644531
38709,0.0417785644531
38710,0.0417785644531
38711,0.0417785644531
38712,0.0417785644531
38713,0.0417785644531
38714,0.0417785644531
38715,0.0417785644531
38716,0.0417785644531
38717,0.0417785644531
38718,0.0417785644531
38719,0.0421447753906
38720,0.0421447753906
38721,0.0427856445312
38722,0.0418395996094
38723,0.0418395996094
38724,0.0418395996094
38725,0.0418395996094
38726,0.0418395996094
38727,0.0418395996094
38728,0.0418395996094
38729,0.0418395996094
38730,0.0418395996094
38731,0.0418395996094
38732,0.0418395996094
38733,0.0418395996094
38734,0.0420532226562
38735,0.0420532226562
38736,0.0420532226562
38737,0.0420532226562
38738,0.0420532226562
38739,0.0420532226562
38740,0.0419616699219
38741,0.0419616699219
38742,0.0419616699219
38743,0.0419616699219
38744,0.0419616699219
38745,0.0419616699219
38746,0.0419616699219
38747,0.0419616699219
38748,0.0419616699219
38749,0.0422973632812
38750,0.0422973632812
38751,0.0422973632812
38752,0.0419616699219
38753,0.0419616699219
38754,0.0419616699219
38755,0.0419616699219
38756,0.0419616699219
38757,0.0419616699219
38758,0.0386657714844
38759,0.0386657714844
38760,0.0386657714844
38761,0.0386657714844
38762,0.0386657714844
38763,0.0382995605469
38764,0.041748046875
38765,0.041748046875
38766,0.041748046875
38767,0.041748046875
38768,0.041748046875
38769,0.041748046875
38770,0.041748046875
38771,0.041748046875
38772,0.041748046875
38773,0.041748046875
38774,0.041748046875
38775,0.041748046875
38776,0.041748046875
38777,0.041748046875
38778,0.041748046875
38779,0.041748046875
38780,0.041748046875
38781,0.041748046875
38782,0.0415344238281
38783,0.0415344238281
38784,0.0415344238281
38785,0.0415344238281
38786,0.0415344238281
38787,0.0720825195312
38788,0.041748046875
38789,0.041748046875
38790,0.041748046875
38791,0.041748046875
38792,0.0414733886719
38793,0.0414733886719
38794,0.041748046875
38795,0.041748046875
38796,0.0464477539062
38797,0.047119140625
38798,0.047119140625
38799,0.047119140625
38800,0.0417175292969
38801,0.0417175292969
38802,0.0417175292969
38803,0.0417175292969
38804,0.0417175292969
38805,0.0417175292969
38806,0.0417175292969
38807,0.0417175292969
38808,0.0417175292969
38809,0.0417175292969
38810,0.0417175292969
38811,0.0417175292969
38812,0.0419311523438
38813,0.0419311523438
38814,0.0419311523438
38815,0.0419311523438
38816,0.0419311523438
38817,0.0426635742188
38818,0.0419311523438
38819,0.0419311523438
38820,0.0419311523438
38821,0.0419311523438
38822,0.0419311523438
38823,0.0419311523438
38824,0.0419311523438
38825,0.0419311523438
38826,0.0736083984375
38827,0.0726928710938
38828,0.0726928710938
38829,0.0726928710938
38830,0.0419311523438
38831,0.0419311523438
38832,0.0419311523438
38833,0.0419311523438
38834,0.0641479492188
38835,0.0641479492188
38836,0.0434875488281
38837,0.0434875488281
38838,0.0434875488281
38839,0.0434875488281
38840,0.0434875488281
38841,0.0434875488281
38842,0.0414733886719
38843,0.0414733886719
38844,0.0414733886719
38845,0.0418090820312
38846,0.0494384765625
38847,0.0494384765625
38848,0.041259765625
38849,0.041259765625
38850,0.041259765625
38851,0.041259765625
38852,0.041259765625
38853,0.041259765625
38854,0.041259765625
38855,0.0415954589844
38856,0.0415954589844
38857,0.0415954589844
38858,0.0415954589844
38859,0.0612487792969
38860,0.041259765625
38861,0.041259765625
38862,0.041259765625
38863,0.041259765625
38864,0.041259765625
38865,0.041259765625
38866,0.041259765625
38867,0.041259765625
38868,0.041259765625
38869,0.041259765625
38870,0.041259765625
38871,0.041259765625
38872,0.041259765625
38873,0.041259765625
38874,0.041259765625
38875,0.041259765625
38876,0.041259765625
38877,0.041259765625
38878,0.0415954589844
38879,0.0415954589844
38880,0.0415954589844
38881,0.0415954589844
38882,0.0415954589844
38883,0.041259765625
38884,0.041259765625
38885,0.041259765625
38886,0.041259765625
38887,0.041259765625
38888,0.041259765625
38889,0.041259765625
38890,0.041259765625
38891,0.041259765625
38892,0.041259765625
38893,0.041259765625
38894,0.041259765625
38895,0.0396423339844
38896,0.041259765625
38897,0.041259765625
38898,0.041259765625
38899,0.041259765625
38900,0.041259765625
38901,0.041259765625
38902,0.0415954589844
38903,0.0415954589844
38904,0.0415954589844
38905,0.0415954589844
38906,0.0415954589844
38907,0.0415954589844
38908,0.041259765625
38909,0.041259765625
38910,0.041259765625
38911,0.041259765625
38912,0.0415954589844
38913,0.0466918945312
38914,0.041259765625
38915,0.041259765625
38916,0.041259765625
38917,0.041259765625
38918,0.041259765625
38919,0.041259765625
38920,0.041259765625
38921,0.041259765625
38922,0.041259765625
38923,0.041259765625
38924,0.0415649414062
38925,0.0415649414062
38926,0.041259765625
38927,0.041259765625
38928,0.041259765625
38929,0.041259765625
38930,0.041259765625
38931,0.041259765625
38932,0.041259765625
38933,0.041259765625
38934,0.041259765625
38935,0.041259765625
38936,0.0409240722656
38937,0.0409240722656
38938,0.041259765625
38939,0.041259765625
38940,0.0513000488281
38941,0.0513000488281
38942,0.045654296875
38943,0.045654296875
38944,0.0410461425781
38945,0.0410461425781
38946,0.0410461425781
38947,0.0410461425781
38948,0.0410461425781
38949,0.0410461425781
38950,0.0410461425781
38951,0.0410461425781
38952,0.0410461425781
38953,0.0410461425781
38954,0.0410461425781
38955,0.0410461425781
38956,0.0410461425781
38957,0.0410461425781
38958,0.0410461425781
38959,0.0410461425781
38960,0.0410461425781
38961,0.0410461425781
38962,0.0410461425781
38963,0.0384216308594
38964,0.0384216308594
38965,0.0384216308594
38966,0.0384216308594
38967,0.0390930175781
38968,0.0441284179688
38969,0.0441284179688
38970,0.0441284179688
38971,0.04345703125
38972,0.04345703125
38973,0.04345703125
38974,0.0410461425781
38975,0.0410461425781
38976,0.0410461425781
38977,0.0410461425781
38978,0.0410461425781
38979,0.0410461425781
38980,0.0410461425781
38981,0.0407104492188
38982,0.0407104492188
38983,0.0407104492188
38984,0.0407104492188
38985,0.0407104492188
38986,0.0410461425781
38987,0.0410461425781
38988,0.0410461425781
38989,0.0410461425781
38990,0.0410461425781
38991,0.0410461425781
38992,0.0410461425781
38993,0.0410461425781
38994,0.0410461425781
38995,0.0410461425781
38996,0.0437622070312
38997,0.0437622070312
38998,0.0410461425781
38999,0.0410461425781
39000,0.0410461425781
39001,0.0410461425781
39002,0.0410461425781
39003,0.04345703125
39004,0.0410461425781
39005,0.0410461425781
39006,0.0410461425781
39007,0.0711669921875
39008,0.0711669921875
39009,0.06640625
39010,0.0414733886719
39011,0.0411376953125
39012,0.0411376953125
39013,0.0411376953125
39014,0.0411376953125
39015,0.0411376953125
39016,0.0413818359375
39017,0.0413818359375
39018,0.0413818359375
39019,0.0413818359375
39020,0.0413818359375
39021,0.0413818359375
39022,0.0413818359375
39023,0.0413818359375
39024,0.0413818359375
39025,0.0413818359375
39026,0.0383911132812
39027,0.0383911132812
39028,0.0412292480469
39029,0.0412292480469
39030,0.0412292480469
39031,0.0412292480469
39032,0.0412292480469
39033,0.0412292480469
39034,0.0409545898438
39035,0.0409545898438
39036,0.0409545898438
39037,0.0409545898438
39038,0.0409545898438
39039,0.0409545898438
39040,0.0409545898438
39041,0.0409545898438
39042,0.0409545898438
39043,0.0409545898438
39044,0.0412902832031
39045,0.0416259765625
39046,0.0411682128906
39047,0.0411682128906
39048,0.0389709472656
39049,0.0389709472656
39050,0.039306640625
39051,0.068115234375
39052,0.0411682128906
39053,0.0411682128906
39054,0.0411682128906
39055,0.0411682128906
39056,0.0411682128906
39057,0.0411682128906
39058,0.04150390625
39059,0.0415344238281
39060,0.0473022460938
39061,0.0473022460938
39062,0.0466613769531
39063,0.0466613769531
39064,0.04150390625
39065,0.04150390625
39066,0.04150390625
39067,0.04150390625
39068,0.04150390625
39069,0.04150390625
39070,0.0412902832031
39071,0.0412902832031
39072,0.0787353515625
39073,0.0787353515625
39074,0.0787353515625
39075,0.0787353515625
39076,0.0416259765625
39077,0.0416259765625
39078,0.0416259765625
39079,0.0416259765625
39080,0.0419616699219
39081,0.0419616699219
39082,0.0416259765625
39083,0.0416259765625
39084,0.0416259765625
39085,0.0416259765625
39086,0.0416259765625
39087,0.0416259765625
39088,0.0418395996094
39089,0.0418395996094
39090,0.0418395996094
39091,0.0421752929688
39092,0.0421752929688
39093,0.0421752929688
39094,0.04150390625
39095,0.04150390625
39096,0.04150390625
39097,0.04150390625
39098,0.04150390625
39099,0.04150390625
39100,0.0418395996094
39101,0.0418395996094
39102,0.0418395996094
39104,0.0418395996094
39105,0.0444641113281
39106,0.0444641113281
39107,0.0418395996094
39108,0.0418395996094
39109,0.0418395996094
39110,0.0418395996094
39111,0.0418395996094
39112,0.0418395996094
39113,0.0418395996094
39114,0.0418395996094
39115,0.0418395996094
39116,0.0418395996094
39117,0.0418395996094
39118,0.0418395996094
39119,0.0418395996094
39120,0.0418395996094
39121,0.0418395996094
39122,0.0418395996094
39123,0.0418395996094
39124,0.0418395996094
39125,0.0418395996094
39126,0.0418395996094
39127,0.0418395996094
39128,0.0418395996094
39129,0.0418395996094
39130,0.0418395996094
39131,0.05517578125
39132,0.0496520996094
39133,0.0496520996094
39134,0.0496520996094
39135,0.0496520996094
39136,0.0496520996094
39137,0.0418395996094
39138,0.0418395996094
39139,0.0418395996094
39140,0.0418395996094
39141,0.0421752929688
39142,0.0421752929688
39143,0.0416564941406
39144,0.0416564941406
39145,0.0416564941406
39146,0.0416564941406
39147,0.0416564941406
39148,0.0416564941406
39149,0.0414733886719
39150,0.0414733886719
39151,0.0414733886719
39152,0.0414733886719
39153,0.0414733886719
39154,0.0414733886719
39155,0.0415344238281
39156,0.0415344238281
39157,0.0415344238281
39158,0.0415344238281
39159,0.0415344238281
39160,0.0415344238281
39161,0.0415344238281
39162,0.0415344238281
39163,0.0415344238281
39164,0.0415344238281
39165,0.0415344238281
39166,0.0415344238281
39167,0.041748046875
39168,0.041748046875
39169,0.041748046875
39170,0.041748046875
39171,0.041748046875
39172,0.041748046875
39173,0.041748046875
39174,0.041748046875
39175,0.041748046875
39176,0.041748046875
39177,0.041748046875
39178,0.0414123535156
39179,0.0417175292969
39180,0.0417175292969
39181,0.0417175292969
39182,0.0393981933594
39183,0.0393981933594
39184,0.0393981933594
39185,0.0419311523438
39186,0.0419311523438
39187,0.0419311523438
39188,0.0419311523438
39189,0.0419311523438
39190,0.0419311523438
39191,0.0419311523438
39192,0.0419311523438
39193,0.0419311523438
39194,0.0419311523438
39195,0.0419311523438
39196,0.0423889160156
39197,0.0417175292969
39198,0.0417175292969
39199,0.056640625
39200,0.056640625
39201,0.056640625
39202,0.056640625
39203,0.0419311523438
39204,0.0419311523438
39205,0.0419311523438
39206,0.0419311523438
39207,0.0419311523438
39208,0.0419311523438
39209,0.0415954589844
39210,0.0415954589844
39211,0.0836791992188
39212,0.0836791992188
39213,0.0836791992188
39214,0.0836791992188
39215,0.0415649414062
39216,0.0415649414062
39217,0.0422058105469
39218,0.0422058105469
39219,0.0422058105469
39220,0.0418701171875
39221,0.0415649414062
39222,0.0415649414062
39223,0.0411987304688
39224,0.0480346679688
39225,0.0480346679688
39226,0.0480346679688
39227,0.0411682128906
39228,0.0411682128906
39229,0.0411682128906
39230,0.0458068847656
39231,0.0458068847656
39232,0.0674438476562
39233,0.0423278808594
39234,0.0423278808594
39235,0.0423278808594
39236,0.0423278808594
39237,0.0423278808594
39238,0.0423278808594
39239,0.0424194335938
39240,0.0424194335938
39241,0.0424194335938
39242,0.0424194335938
39243,0.0424194335938
39244,0.0477905273438
39245,0.0427856445312
39246,0.0427856445312
39247,0.0427856445312
39248,0.0427856445312
39249,0.0427856445312
39250,0.0427856445312
39251,0.0427856445312
39252,0.0427856445312
39253,0.0427856445312
39254,0.0427856445312
39255,0.0427856445312
39256,0.0427856445312
39257,0.0429992675781
39258,0.0429992675781
39259,0.0429992675781
39260,0.0429992675781
39261,0.0447692871094
39262,0.0615844726562
39263,0.112609863281
39264,0.112609863281
39265,0.112609863281
39266,0.119689941406
39267,0.119384765625
39268,0.119384765625
39269,0.0430297851562
39270,0.0430297851562
39271,0.0430297851562
39272,0.0430297851562
39273,0.0430297851562
39274,0.0430297851562
39275,0.0595092773438
39276,0.0595092773438
39277,0.0595092773438
39278,0.0608520507812
39279,0.0608520507812
39280,0.0608520507812
39281,0.0430603027344
39282,0.0513610839844
39283,0.0513610839844
39284,0.0513610839844
39285,0.0513610839844
39286,0.0513610839844
39287,0.0433959960938
39288,0.0433959960938
39289,0.0433959960938
39290,0.0460510253906
39291,0.0460510253906
39292,0.0460510253906
39293,0.0660400390625
39294,0.0660400390625
39295,0.0660400390625
39296,0.0660400390625
39297,0.0660400390625
39298,0.0660400390625
39299,0.0430603027344
39300,0.0430603027344
39301,0.050537109375
39302,0.050537109375
39303,0.050537109375
39304,0.050537109375
39305,0.0430603027344
39306,0.0599975585938
39307,0.0599975585938
39308,0.0599975585938
39309,0.0599975585938
39310,0.059326171875
39311,0.0417175292969
39312,0.0417175292969
39313,0.0417175292969
39314,0.0417175292969
39315,0.0417175292969
39316,0.0417175292969
39317,0.0437622070312
39318,0.0437622070312
39319,0.0437622070312
39320,0.0438232421875
39321,0.0444641113281
39322,0.0444641113281
39323,0.0452270507812
39324,0.0452270507812
39325,0.0452270507812
39326,0.0452270507812
39327,0.0452270507812
39328,0.0448913574219
39329,0.0431518554688
39330,0.0670166015625
39331,0.0670166015625
39332,0.0670166015625
39333,0.0670166015625
39334,0.0670166015625
39335,0.0431518554688
39336,0.0431518554688
39337,0.0431518554688
39338,0.0431518554688
39339,0.0445556640625
39340,0.063232421875
39341,0.0428161621094
39342,0.0428161621094
39343,0.0428161621094
39344,0.0428161621094
39345,0.0428161621094
39346,0.0428161621094
39347,0.0427856445312
39348,0.0427856445312
39349,0.04248046875
39350,0.04248046875
39351,0.04248046875
39352,0.04248046875
39353,0.0427551269531
39354,0.0427551269531
39355,0.0427551269531
39356,0.0427551269531
39357,0.0520324707031
39358,0.0520324707031
39359,0.04248046875
39360,0.04248046875
39361,0.04248046875
39362,0.04248046875
39363,0.04248046875
39364,0.04248046875
39365,0.0422668457031
39366,0.0422668457031
39367,0.0422668457031
39368,0.0422668457031
39369,0.0442504882812
39370,0.0442504882812
39371,0.0422668457031
39372,0.0422668457031
39373,0.0422668457031
39374,0.0422668457031
39375,0.0422668457031
39376,0.0422668457031
39377,0.0422668457031
39378,0.0422668457031
39379,0.0422668457031
39380,0.0422668457031
39381,0.0422668457031
39382,0.0422668457031
39383,0.0420532226562
39384,0.0420532226562
39385,0.0420532226562
39386,0.0420532226562
39387,0.0420532226562
39388,0.0420532226562
39389,0.04248046875
39390,0.04248046875
39391,0.04248046875
39392,0.04248046875
39393,0.04248046875
39394,0.0584716796875
39395,0.0425109863281
39396,0.0425109863281
39397,0.0425109863281
39398,0.0425109863281
39399,0.0425109863281
39400,0.0425109863281
39401,0.0419921875
39402,0.0419921875
39403,0.0419921875
39404,0.0419921875
39405,0.0419921875
39406,0.0419921875
39407,0.0422058105469
39408,0.0422058105469
39409,0.0422058105469
39410,0.0422058105469
39411,0.0422058105469
39412,0.0422058105469
39413,0.0422058105469
39414,0.0422058105469
39415,0.0422058105469
39416,0.0422058105469
39417,0.0422058105469
39418,0.0422058105469
39419,0.0422058105469
39420,0.0422058105469
39421,0.0422058105469
39422,0.0422058105469
39423,0.0422058105469
39424,0.0422058105469
39425,0.0424194335938
39426,0.0424194335938
39427,0.0427551269531
39428,0.0427551269531
39429,0.0427551269531
39430,0.0427551269531
39431,0.0424194335938
39432,0.0424194335938
39433,0.0424194335938
39434,0.0424194335938
39435,0.0424194335938
39436,0.0424194335938
39437,0.0544738769531
39438,0.0544738769531
39439,0.0544738769531
39440,0.0544738769531
39441,0.0544738769531
39442,0.0544738769531
39443,0.0422668457031
39444,0.0422668457031
39445,0.0429077148438
39446,0.0429077148438
39447,0.0429077148438
39448,0.0429077148438
39449,0.0430297851562
39450,0.0430297851562
39451,0.0430297851562
39452,0.0430297851562
39453,0.0430297851562
39454,0.0430297851562
39455,0.0420227050781
39456,0.0420227050781
39457,0.0420227050781
39458,0.0420227050781
39459,0.0420227050781
39460,0.0420227050781
39461,0.0417785644531
39462,0.0417785644531
39463,0.0417785644531
39464,0.0417785644531
39465,0.0417785644531
39466,0.0417785644531
39467,0.0417785644531
39468,0.0417785644531
39469,0.0417785644531
39470,0.0417785644531
39471,0.0417785644531
39472,0.0417785644531
39473,0.0418395996094
39474,0.0455932617188
39475,0.0521240234375
39476,0.0521240234375
39477,0.0521240234375
39478,0.0521240234375
39479,0.0417785644531
39480,0.0424499511719
39481,0.0424499511719
39482,0.0424499511719
39483,0.0424499511719
39484,0.0427856445312
39485,0.0417785644531
39486,0.0417785644531
39487,0.0417785644531
39488,0.0417785644531
39489,0.0417785644531
39490,0.0417785644531
39491,0.0417785644531
39492,0.0417785644531
39493,0.0417785644531
39494,0.0417785644531
39495,0.0417785644531
39496,0.0670776367188
39497,0.0418090820312
39498,0.0418090820312
39499,0.0418090820312
39500,0.0418090820312
39501,0.0418090820312
39502,0.0418090820312
39503,0.0411071777344
39504,0.0411071777344
39505,0.0502014160156
39506,0.0502014160156
39507,0.0502014160156
39508,0.0502014160156
39509,0.0411071777344
39510,0.0411071777344
39511,0.0411071777344
39512,0.0414428710938
39513,0.0414428710938
39514,0.0414428710938
39515,0.0411071777344
39516,0.0411071777344
39517,0.0411071777344
39518,0.0411071777344
39519,0.0411071777344
39520,0.0411071777344
39521,0.0411071777344
39522,0.0411071777344
39523,0.0411071777344
39524,0.0427856445312
39525,0.0427856445312
39526,0.0427856445312
39527,0.0411071777344
39528,0.0411071777344
39529,0.0411071777344
39530,0.0411071777344
39531,0.0411071777344
39532,0.0411071777344
39533,0.0418090820312
39534,0.0418090820312
39535,0.0418090820312
39536,0.0418090820312
39537,0.0418090820312
39538,0.0418090820312
39539,0.0411071777344
39540,0.0411071777344
39541,0.0411071777344
39542,0.0411071777344
39543,0.0411071777344
39544,0.0411071777344
39545,0.0411071777344
39546,0.0411071777344
39547,0.0382080078125
39548,0.0382080078125
39549,0.0385437011719
39550,0.0385437011719
39551,0.0411071777344
39552,0.0411071777344
39553,0.0411071777344
39554,0.0411071777344
39555,0.0411071777344
39556,0.0411071777344
39557,0.0411682128906
39558,0.0411682128906
39559,0.0411682128906
39560,0.0411682128906
39561,0.0411682128906
39562,0.037841796875
39563,0.0411682128906
39564,0.0411682128906
39565,0.0411682128906
39566,0.0411682128906
39567,0.0411682128906
39568,0.0411682128906
39569,0.0411682128906
39570,0.0411682128906
39571,0.0411682128906
39572,0.04150390625
39573,0.0411682128906
39574,0.0411682128906
39575,0.0411682128906
39576,0.0411682128906
39577,0.0411682128906
39578,0.0411682128906
39579,0.0411682128906
39580,0.0411682128906
39581,0.0411682128906
39582,0.0411682128906
39583,0.0411682128906
39584,0.0411682128906
39585,0.0411682128906
39586,0.0411682128906
39587,0.0411987304688
39588,0.0411987304688
39589,0.0411987304688
39590,0.0411987304688
39591,0.0411987304688
39592,0.0411987304688
39593,0.0411987304688
39594,0.0411987304688
39595,0.0411987304688
39596,0.0411987304688
39597,0.0411987304688
39598,0.0411987304688
39599,0.0411987304688
39600,0.0411987304688
39601,0.0448608398438
39602,0.0448608398438
39603,0.0448608398438
39604,0.0448608398438
39605,0.0411987304688
39606,0.0411987304688
39607,0.0411987304688
39608,0.0411987304688
39609,0.0411987304688
39610,0.0411987304688
39611,0.0414428710938
39612,0.0414428710938
39613,0.0414428710938
39614,0.0414428710938
39615,0.0414428710938
39616,0.0414428710938
39617,0.0416564941406
39618,0.0416564941406
39619,0.0416564941406
39620,0.0416564941406
39621,0.0416564941406
39622,0.0416564941406
39623,0.0416564941406
39624,0.0416564941406
39625,0.0416564941406
39626,0.0416564941406
39627,0.0416564941406
39628,0.0416564941406
39629,0.0416259765625
39630,0.0412902832031
39631,0.0412902832031
39632,0.0412902832031
39633,0.0412902832031
39634,0.0412902832031
39635,0.0416259765625
39636,0.0416259765625
39637,0.0423583984375
39638,0.0423583984375
39639,0.0423583984375
39640,0.0423583984375
39641,0.0418395996094
39642,0.0418395996094
39643,0.0418395996094
39644,0.0418395996094
39645,0.0418395996094
39646,0.0418395996094
39647,0.0416259765625
39648,0.0416259765625
39649,0.0416259765625
39650,0.0416259765625
39651,0.0419616699219
39652,0.0419616699219
39653,0.0416870117188
39654,0.0419921875
39655,0.0419921875
39656,0.0419921875
39657,0.0419921875
39658,0.0419921875
39659,0.0406799316406
39660,0.0406799316406
39661,0.0406799316406
39662,0.0406799316406
39663,0.0406799316406
39664,0.041015625
39665,0.0417175292969
39666,0.0417175292969
39667,0.0417175292969
39668,0.0417175292969
39669,0.0417175292969
39670,0.0417175292969
39671,0.0417175292969
39672,0.0417175292969
39673,0.0417175292969
39674,0.0417175292969
39675,0.0626831054688
39676,0.0626831054688
39677,0.0417175292969
39678,0.0417175292969
39679,0.0417175292969
39680,0.0417175292969
39681,0.0417175292969
39682,0.0417175292969
39683,0.0413208007812
39684,0.0413208007812
39685,0.0413208007812
39686,0.0413208007812
39687,0.0413208007812
39688,0.0413208007812
39689,0.0415954589844
39690,0.0419311523438
39691,0.0419311523438
39692,0.0419311523438
39693,0.0419311523438
39694,0.0419311523438
39695,0.0415344238281
39696,0.0415344238281
39697,0.0415344238281
39698,0.0415344238281
39699,0.0415344238281
39700,0.0415344238281
39701,0.0420837402344
39702,0.0420837402344
39703,0.0420837402344
39704,0.0424194335938
39705,0.0424194335938
39706,0.0424194335938
39707,0.0418701171875
39708,0.0418701171875
39709,0.0418701171875
39710,0.0418701171875
39711,0.0418701171875
39712,0.0418701171875
39713,0.0418701171875
39714,0.0418701171875
39715,0.0418701171875
39716,0.0418701171875
39717,0.0418701171875
39718,0.0418701171875
39719,0.0418701171875
39720,0.0418701171875
39721,0.0418701171875
39722,0.0418701171875
39723,0.0418701171875
39724,0.0418701171875
39725,0.0510864257812
39726,0.0510864257812
39727,0.0510864257812
39728,0.0511779785156
39729,0.0511779785156
39730,0.0511779785156
39731,0.0418701171875
39732,0.0418701171875
39733,0.0418701171875
39734,0.0418701171875
39735,0.0415649414062
39736,0.0415649414062
39737,0.0416564941406
39738,0.0416564941406
39739,0.0416564941406
39740,0.0416564941406
39741,0.0416564941406
39742,0.0416564941406
39743,0.0416564941406
39744,0.0416564941406
39745,0.0416564941406
39746,0.0830078125
39747,0.0830078125
39748,0.0830078125
39749,0.0419921875
39750,0.0419921875
39751,0.0419921875
39752,0.0419921875
39753,0.0419921875
39754,0.0419921875
39755,0.0416870117188
39756,0.0416870117188
39757,0.0416870117188
39758,0.0416870117188
39759,0.0416870117188
39760,0.0416870117188
39761,0.0416870117188
39762,0.0416870117188
39763,0.0416870117188
39764,0.0416870117188
39765,0.0416870117188
39766,0.0416870117188
39767,0.0415344238281
39768,0.0415344238281
39769,0.0415344238281
39770,0.0415344238281
39771,0.0415344238281
39772,0.0415344238281
39773,0.0471801757812
39774,0.0471801757812
39775,0.0471801757812
39776,0.043212890625
39777,0.0429077148438
39778,0.0429077148438
39779,0.0417175292969
39780,0.0417175292969
39781,0.0417175292969
39782,0.0417175292969
39783,0.0417175292969
39784,0.0476989746094
39785,0.0417175292969
39786,0.0417175292969
39787,0.0417175292969
39788,0.0417175292969
39789,0.0417175292969
39790,0.0417175292969
39791,0.0417175292969
39792,0.0420532226562
39793,0.0420532226562
39794,0.0420532226562
39795,0.0420532226562
39796,0.0420532226562
39797,0.0419311523438
39798,0.0419311523438
39799,0.0419311523438
39800,0.0419311523438
39801,0.0419311523438
39802,0.0419311523438
39803,0.0421447753906
39804,0.045166015625
39805,0.045166015625
39806,0.0546569824219
39807,0.0546569824219
39808,0.0553283691406
39809,0.0421447753906
39810,0.0421447753906
39811,0.0421447753906
39812,0.0421447753906
39813,0.0421447753906
39814,0.0421447753906
39815,0.0421447753906
39816,0.0421447753906
39817,0.0421447753906
39818,0.0421447753906
39819,0.0421447753906
39820,0.0421447753906
39821,0.0421447753906
39822,0.0421447753906
39823,0.0421447753906
39824,0.0421447753906
39825,0.0418090820312
39826,0.0418090820312
39827,0.0421447753906
39828,0.0421447753906
39829,0.0421447753906
39830,0.0421447753906
39831,0.0421447753906
39832,0.0421447753906
39833,0.0421752929688
39834,0.0421752929688
39835,0.0421752929688
39836,0.0421752929688
39837,0.0421752929688
39838,0.0421752929688
39839,0.0421752929688
39840,0.0421752929688
39841,0.0421752929688
39842,0.0421752929688
39843,0.0421752929688
39844,0.0418395996094
39845,0.0421752929688
39846,0.0421752929688
39847,0.0421752929688
39848,0.0421752929688
39849,0.0455017089844
39850,0.0455017089844
39851,0.0421752929688
39852,0.0421752929688
39853,0.0421752929688
39854,0.0421752929688
39855,0.0421752929688
39856,0.0421752929688
39857,0.0523376464844
39858,0.0523376464844
39859,0.0523376464844
39860,0.0523376464844
39861,0.0523376464844
39862,0.0523376464844
39863,0.0419616699219
39864,0.0419616699219
39865,0.0433044433594
39866,0.0431213378906
39867,0.0424499511719
39868,0.0424499511719
39869,0.0419616699219
39870,0.0419616699219
39871,0.0419616699219
39872,0.0419616699219
39873,0.0419616699219
39874,0.0419616699219
39875,0.041748046875
39876,0.041748046875
39877,0.041748046875
39878,0.041748046875
39879,0.041748046875
39880,0.041748046875
39881,0.0415344238281
76637,0.0327758789062
76638,0.0327758789062
76640,0.0327758789062
76641,0.0327758789062
76642,0.0327758789062
76643,0.0330505371094
76644,0.0330505371094
76645,0.0330505371094
76646,0.0330505371094
76647,0.0330505371094
76648,0.0330505371094
76649,0.0331115722656
76650,0.0335998535156
76651,0.0335998535156
76652,0.0335998535156
76653,0.0335998535156
76654,0.0335998535156
76655,0.0332336425781
76656,0.0332336425781
76657,0.0332336425781
76658,0.0332336425781
76659,0.0332336425781
76660,0.0332336425781
76661,0.0332336425781
76662,0.0332336425781
76663,0.0332336425781
76664,0.0332336425781
76665,0.0332336425781
76666,0.0332336425781
76667,0.0331420898438
76668,0.0331420898438
76669,0.0331420898438
76670,0.0331420898438
76671,0.0331420898438
76672,0.0331420898438
76673,0.0331420898438
76674,0.0331420898438
76675,0.0331420898438
76676,0.0331420898438
76677,0.0331420898438
76678,0.0331420898438
76679,0.0329284667969
76680,0.0329284667969
76681,0.0329284667969
76682,0.0329284667969
76683,0.0329284667969
76684,0.0329284667969
76685,0.0329284667969
76686,0.0329284667969
76687,0.0329284667969
76688,0.0329284667969
76689,0.0329284667969
76690,0.0329284667969
76691,0.0329284667969
76692,0.0329284667969
76693,0.0329284667969
76694,0.0329284667969
76695,0.0329284667969
76696,0.0329284667969
76697,0.0329284667969
76698,0.0328979492188
76699,0.0328979492188
76700,0.0328979492188
76701,0.0328979492188
76702,0.0328979492188
76703,0.0330200195312
76704,0.0330200195312
76705,0.0330200195312
76706,0.0330200195312
76707,0.0330200195312
76708,0.0330200195312
76709,0.0325927734375
76710,0.0328979492188
76711,0.0328063964844
76712,0.0328063964844
76713,0.0328063964844
76714,0.0328063964844
76715,0.0325012207031
76716,0.0325012207031
76717,0.0325012207031
76718,0.0325012207031
76719,0.0325012207031
76720,0.0325012207031
76721,0.032470703125
76722,0.032470703125
76723,0.032470703125
76724,0.032470703125
76725,0.032470703125
76726,0.0459289550781
76727,0.0326843261719
76728,0.0326843261719
76729,0.0326843261719
76730,0.0326843261719
76731,0.0326843261719
76732,0.0326843261719
76733,0.0324401855469
76734,0.0324401855469
76735,0.0337524414062
76736,0.0337524414062
76737,0.0337524414062
76738,0.0337524414062
76739,0.0325012207031
76740,0.0325012207031
76741,0.0325012207031
76742,0.0328369140625
76743,0.0328369140625
76744,0.0328369140625
76745,0.0327453613281
76746,0.0327453613281
76747,0.0327453613281
76748,0.0327453613281
76749,0.0327453613281
76750,0.0327453613281
76751,0.0330200195312
76752,0.0330200195312
76753,0.0330200195312
76754,0.0330200195312
76755,0.0330200195312
76756,0.0330200195312
76757,0.0330200195312
76758,0.0330200195312
76759,0.0330200195312
76760,0.0333557128906
76761,0.0333557128906
76762,0.0333557128906
76763,0.0330200195312
76764,0.0330200195312
76765,0.0330200195312
76766,0.0330200195312
76767,0.0330200195312
76768,0.0330200195312
76769,0.0330200195312
76770,0.0330200195312
76771,0.0330200195312
76772,0.0330200195312
76773,0.0330200195312
76774,0.0330200195312
76775,0.0330200195312
76776,0.0330200195312
76777,0.0330200195312
76778,0.0330200195312
76779,0.0330200195312
76780,0.0330200195312
76781,0.0328063964844
76782,0.0328063964844
76783,0.033203125
76784,0.033203125
76785,0.033203125
76786,0.033203125
76787,0.0328063964844
76788,0.0328063964844
76789,0.0328063964844
76790,0.0328063964844
76791,0.0328063964844
76792,0.0328063964844
76793,0.0328063964844
76794,0.0328063964844
76795,0.0328063964844
76796,0.0328063964844
76797,0.0328063964844
76798,0.0328063964844
76799,0.0325012207031
76800,0.0325012207031
76801,0.0325012207031
76802,0.0325012207031
76803,0.0325012207031
76804,0.0325012207031
76805,0.0325012207031
76806,0.0325012207031
76807,0.0325012207031
76808,0.0331726074219
76809,0.0331726074219
76810,0.0331726074219
76811,0.0325012207031
76812,0.0325012207031
76813,0.0325012207031
76814,0.0325012207031
76815,0.0325012207031
76816,0.0325012207031
76817,0.0325012207031
76818,0.0325012207031
76819,0.0325012207031
76820,0.0325012207031
76821,0.0325012207031
76822,0.0325012207031
76823,0.0325012207031
76824,0.0325012207031
76825,0.0325012207031
76826,0.0325012207031
76827,0.0325012207031
76828,0.0325012207031
76829,0.0325012207031
76830,0.0325012207031
76831,0.0325012207031
76832,0.0325012207031
76833,0.0325012207031
76834,0.0328369140625
76835,0.0328063964844
76836,0.0341796875
76837,0.0341796875
76838,0.0341796875
76839,0.0341796875
76840,0.0341796875
76841,0.0500183105469
76842,0.0500183105469
76843,0.0500183105469
76844,0.0500183105469
76845,0.0500183105469
76846,0.0500183105469
76847,0.0327758789062
76848,0.0327758789062
76849,0.0327758789062
76850,0.0327758789062
76851,0.0327758789062
76852,0.0327758789062
76853,0.0325317382812
76854,0.0325317382812
76855,0.0325317382812
76856,0.0447692871094
76857,0.0447692871094
76858,0.0447692871094
76859,0.0325622558594
76860,0.0325622558594
76861,0.0325622558594
76862,0.0325622558594
76863,0.0325622558594
76864,0.0325622558594
76865,0.0325317382812
76866,0.0325317382812
76867,0.0325317382812
76868,0.0325317382812
76869,0.0326538085938
76870,0.0326538085938
76871,0.0326232910156
76872,0.0326232910156
76873,0.0326232910156
76874,0.0326232910156
76875,0.0326232910156
76876,0.0326232910156
76877,0.0324401855469
76878,0.0324401855469
76879,0.0329284667969
76880,0.0329284667969
76881,0.0329284667969
76882,0.0329284667969
76883,0.0325317382812
76884,0.0325317382812
76885,0.067138671875
76886,0.067138671875
76887,0.067138671875
76888,0.067138671875
76889,0.0325012207031
76890,0.0325012207031
76891,0.0325012207031
76892,0.0325012207031
76893,0.0325012207031
76894,0.0328369140625
76895,0.032470703125
76896,0.032470703125
76897,0.032470703125
76898,0.032470703125
76899,0.032470703125
76900,0.032470703125
76901,0.0322570800781
76902,0.0322570800781
76903,0.0322570800781
76904,0.0322570800781
76905,0.0322570800781
76906,0.0322570800781
76907,0.0322570800781
76908,0.0322570800781
76909,0.0322570800781
76910,0.0322570800781
76911,0.0322570800781
76912,0.0372314453125
76913,0.0323181152344
76914,0.0323181152344
76915,0.0323181152344
76916,0.0323181152344
76917,0.0323181152344
76918,0.0323181152344
76919,0.032470703125
76920,0.032470703125
76921,0.032470703125
76922,0.032470703125
76923,0.032470703125
76924,0.032470703125
76925,0.0323791503906
76926,0.0323791503906
76927,0.0323791503906
76928,0.0323791503906
76929,0.0323791503906
76930,0.0323791503906
76931,0.0323791503906
76932,0.071533203125
76933,0.071533203125
76934,0.06982421875
76935,0.06982421875
76936,0.06982421875
76937,0.032470703125
76938,0.032470703125
76939,0.032470703125
76940,0.032470703125
76941,0.0325317382812
76942,0.0325317382812
76943,0.0320129394531
76944,0.0320129394531
76945,0.0320129394531
76946,0.0320129394531
76947,0.0320129394531
76948,0.0320129394531
76949,0.0319213867188
76950,0.0319213867188
76951,0.0319213867188
76952,0.0319213867188
76953,0.0319213867188
76954,0.0319213867188
76955,0.0320129394531
76956,0.0320129394531
76957,0.0320129394531
76958,0.0320129394531
76959,0.0320129394531
76960,0.0320129394531
76961,0.0326843261719
76962,0.0326843261719
76963,0.0326843261719
76964,0.0326843261719
76965,0.0326843261719
76966,0.0457153320312
76967,0.0320129394531
76968,0.0320129394531
76969,0.0320129394531
76970,0.0320129394531
76971,0.0320129394531
76972,0.0320129394531
76973,0.0321044921875
76974,0.0321044921875
76975,0.0321044921875
76976,0.0321044921875
76977,0.0321044921875
76978,0.0321044921875
76979,0.0321044921875
76980,0.0321044921875
76981,0.0321044921875
76982,0.0321044921875
76983,0.0321044921875
76984,0.0321044921875
76985,0.0321044921875
76986,0.0335083007812
76987,0.0325012207031
76988,0.0325012207031
76989,0.0325012207031
76990,0.0325012207031
76991,0.0319519042969
76992,0.0319519042969
76993,0.0319519042969
76994,0.0319519042969
76995,0.0319519042969
76996,0.0319519042969
76997,0.076416015625
76998,0.0774536132812
76999,0.0774536132812
77000,0.0774536132812
77001,0.0774536132812
77002,0.0774536132812
77003,0.0323791503906
77004,0.0323791503906
77005,0.032470703125
77006,0.0319213867188
77007,0.0319213867188
77008,0.0319213867188
77009,0.032470703125
77010,0.032470703125
77011,0.032470703125
77012,0.0331420898438
77013,0.0343627929688
77014,0.0343627929688
77015,0.0323791503906
77016,0.0323791503906
77017,0.0442199707031
77018,0.0442199707031
77019,0.0443115234375
77020,0.0443115234375
77021,0.0323791503906
77022,0.0323791503906
77023,0.0323791503906
77024,0.0323791503906
77025,0.0323791503906
77026,0.0323791503906
77027,0.0323791503906
77028,0.0323791503906
77029,0.0323791503906
77030,0.0323791503906
77031,0.0323791503906
77032,0.0323791503906
77033,0.0325012207031
77034,0.0325012207031
77035,0.0325012207031
77036,0.0325012207031
77037,0.0325012207031
77038,0.0325012207031
77039,0.0328369140625
77040,0.0328369140625
77041,0.0328369140625
77042,0.0328369140625
77043,0.0328369140625
77044,0.0328369140625
77045,0.03271484375
77046,0.03271484375
77047,0.03271484375
77048,0.03271484375
77049,0.03271484375
77050,0.03271484375
77051,0.0328063964844
77052,0.0328063964844
77053,0.0328063964844
77054,0.0328063964844
77055,0.0328063964844
77056,0.0328063964844
77057,0.0328063964844
77058,0.0328063964844
77059,0.0328063964844
77060,0.0328063964844
77061,0.0328063964844
77062,0.0328063964844
77063,0.0327453613281
77064,0.0327453613281
77065,0.0327453613281
77066,0.0327453613281
77067,0.0327453613281
77068,0.0327453613281
77069,0.0326843261719
77070,0.0326843261719
77071,0.0326843261719
77072,0.0326843261719
77073,0.0326843261719
77074,0.0326843261719
77075,0.0325317382812
77076,0.0325317382812
77077,0.0325317382812
77078,0.0325317382812
77079,0.0325317382812
77080,0.0325317382812
77081,0.0325317382812
77082,0.0325317382812
77083,0.0325317382812
77084,0.0325317382812
77085,0.0325317382812
77086,0.0325317382812
77087,0.0327453613281
77088,0.0327453613281
77089,0.0330810546875
77090,0.0330810546875
77091,0.0330810546875
77092,0.0330810546875
77093,0.0327453613281
77094,0.0327453613281
77095,0.0327453613281
77096,0.0327453613281
77097,0.0327453613281
77098,0.0327453613281
77099,0.0325317382812
77100,0.0325317382812
77101,0.0325317382812
77102,0.0325317382812
77103,0.0325317382812
77104,0.0325317382812
77105,0.032958984375
77106,0.032958984375
77107,0.032958984375
77108,0.032958984375
77109,0.032958984375
77110,0.032958984375
77111,0.0326232910156
77112,0.0326232910156
77113,0.0326232910156
77114,0.0326232910156
77115,0.0326232910156
77116,0.0326232910156
77117,0.0328369140625
77118,0.0328369140625
77119,0.0328369140625
77120,0.0328369140625
77121,0.0328369140625
77122,0.0328369140625
77123,0.0325317382812
77124,0.0325317382812
77125,0.0325317382812
77126,0.0325317382812
77127,0.0335693359375
77128,0.0335693359375
77129,0.0325317382812
77130,0.0325317382812
77131,0.0325317382812
77132,0.0325317382812
77133,0.0325317382812
77134,0.0325317382812
77135,0.0325317382812
77136,0.0325317382812
77137,0.0325317382812
77138,0.0325317382812
77139,0.0325317382812
77140,0.0325317382812
77141,0.0327453613281
77142,0.0327453613281
77143,0.0327453613281
77144,0.0327453613281
77145,0.0327453613281
77146,0.0327453613281
77147,0.0327453613281
77148,0.0327453613281
77149,0.0327453613281
77150,0.0466613769531
77151,0.0466613769531
77152,0.0466613769531
77153,0.0326538085938
77154,0.0326538085938
77155,0.0326538085938
77156,0.0326538085938
77157,0.0326538085938
77158,0.0326538085938
77159,0.0326538085938
77160,0.0326538085938
77161,0.0326538085938
77162,0.0326538085938
77163,0.0326538085938
77164,0.0326538085938
77165,0.0330810546875
77166,0.0330810546875
77167,0.0692138671875
77168,0.0692138671875
77169,0.0692138671875
77170,0.0692138671875
77171,0.0330810546875
77172,0.0330810546875
77173,0.0331420898438
77174,0.0331420898438
77175,0.0331420898438
77176,0.0331420898438
77177,0.0326538085938
77178,0.0326538085938
77179,0.0326538085938
77180,0.0326538085938
77181,0.0326538085938
77182,0.0326538085938
77183,0.0326538085938
77184,0.0326538085938
77185,0.0326538085938
77186,0.0326538085938
77187,0.0326538085938
77188,0.0326538085938
77189,0.0326538085938
77190,0.0326538085938
77191,0.0326538085938
77192,0.0326538085938
77193,0.0326538085938
77194,0.0326538085938
77195,0.0326538085938
77196,0.0327453613281
77197,0.0328063964844
77198,0.0328063964844
77199,0.0328063964844
77200,0.0328063964844
77201,0.0326538085938
77202,0.0326538085938
77203,0.0326538085938
77204,0.0326538085938
77205,0.0326538085938
77206,0.0326538085938
77207,0.032470703125
77208,0.032470703125
77209,0.032470703125
77210,0.032470703125
77211,0.032470703125
77212,0.032470703125
77213,0.032470703125
77214,0.032470703125
77215,0.032470703125
77216,0.032470703125
77217,0.032470703125
77218,0.032470703125
77219,0.032470703125
77220,0.032470703125
77221,0.032470703125
77222,0.032470703125
77223,0.032470703125
77224,0.032470703125
77225,0.032470703125
77226,0.032470703125
77227,0.032470703125
77228,0.032470703125
77229,0.032470703125
77230,0.032470703125
77231,0.0323181152344
77232,0.0323181152344
77233,0.0323181152344
77234,0.0323181152344
77235,0.0323181152344
77236,0.0323181152344
77237,0.0323181152344
77238,0.0323181152344
77239,0.0323181152344
77240,0.0323181152344
77241,0.0323181152344
77242,0.0323181152344
77243,0.0323181152344
77244,0.0323181152344
77245,0.0323181152344
77246,0.0323181152344
77247,0.0323181152344
77248,0.0323181152344
77249,0.0323181152344
77250,0.0400695800781
77251,0.0400695800781
77252,0.0400695800781
77253,0.0400695800781
77254,0.0397338867188
77255,0.0323181152344
77256,0.0323181152344
77257,0.0323181152344
77258,0.0323181152344
77259,0.0323181152344
77260,0.0323181152344
77261,0.0323181152344
77262,0.0323181152344
77263,0.0323181152344
77264,0.0323181152344
77265,0.0323181152344
77266,0.0323181152344
77267,0.0323181152344
77268,0.0323181152344
77269,0.0323181152344
77270,0.0323181152344
77271,0.0323181152344
77272,0.0323181152344
77273,0.0323181152344
77274,0.0323181152344
77275,0.0329895019531
77276,0.0329895019531
77277,0.0329895019531
77278,0.0329895019531
77279,0.0323181152344
77280,0.0323181152344
77281,0.0323181152344
77282,0.0323181152344
77283,0.0323181152344
77284,0.0323181152344
77285,0.0321044921875
77286,0.0321044921875
77287,0.0321044921875
77288,0.0321044921875
77289,0.0321044921875
77290,0.0321044921875
77291,0.0321044921875
77292,0.0321044921875
77293,0.0321044921875
77294,0.0321044921875
77295,0.0321044921875
77296,0.0321044921875
77297,0.0323181152344
77298,0.0323181152344
77299,0.0323181152344
77300,0.0323181152344
77301,0.0323181152344
77302,0.0323181152344
77303,0.0321044921875
77304,0.0321044921875
77305,0.0321044921875
77306,0.0321044921875
77307,0.0321044921875
77308,0.0321044921875
77309,0.0321044921875
77310,0.0321044921875
77311,0.0321044921875
77312,0.0321044921875
77313,0.0321044921875
77314,0.0321044921875
77315,0.0323181152344
77316,0.0323181152344
77317,0.0323181152344
77318,0.0323181152344
77319,0.0323181152344
77320,0.0323181152344
77321,0.0323181152344
77322,0.0323181152344
77323,0.0323181152344
77324,0.0323181152344
77325,0.0323181152344
77326,0.0323181152344
77327,0.0323181152344
77328,0.0323181152344
77329,0.0323181152344
77330,0.0323181152344
77331,0.0323181152344
77332,0.0323181152344
77333,0.03271484375
77334,0.03271484375
77335,0.03271484375
77336,0.03271484375
77337,0.03271484375
77338,0.03271484375
77339,0.032958984375
77340,0.032958984375
77341,0.032958984375
77342,0.032958984375
77343,0.0338439941406
77344,0.0338439941406
77345,0.0328674316406
77346,0.0328674316406
77347,0.0361938476562
77348,0.0345153808594
77349,0.0345153808594
77350,0.0345153808594
77351,0.0327758789062
77352,0.0327758789062
77353,0.0328674316406
77354,0.0328674316406
77355,0.0328674316406
77356,0.0327758789062
77357,0.0329895019531
77358,0.0329895019531
77359,0.0329895019531
77360,0.0329895019531
77361,0.0329895019531
77362,0.0329895019531
77363,0.0330200195312
77364,0.0330200195312
77365,0.0327758789062
77366,0.0327758789062
77367,0.0327758789062
77368,0.0327758789062
77369,0.0330200195312
77370,0.0330200195312
77371,0.0330200195312
77372,0.0330200195312
77373,0.0366821289062
77374,0.0366821289062
77375,0.0330810546875
77376,0.0330810546875
77377,0.0330810546875
77378,0.0420837402344
77379,0.0420837402344
77380,0.0420837402344
77381,0.0338745117188
77382,0.0338745117188
77383,0.0338745117188
77384,0.0338745117188
77385,0.0338745117188
77386,0.0338745117188
77387,0.0328674316406
77388,0.0328674316406
77389,0.0328674316406
77390,0.0328674316406
77391,0.0328674316406
77392,0.0328674316406
77393,0.0328674316406
77394,0.0328674316406
77395,0.032958984375
77396,0.032958984375
77397,0.032958984375
77398,0.032958984375
77399,0.0334167480469
77400,0.0334167480469
77401,0.0333251953125
77402,0.0333251953125
77403,0.0333251953125
77404,0.0333251953125
77405,0.0328674316406
77406,0.0328674316406
77407,0.0328674316406
77408,0.0328674316406
77409,0.0328674316406
77410,0.0328674316406
77411,0.0358581542969
77412,0.0358581542969
77413,0.0358581542969
77414,0.0358581542969
77415,0.0358581542969
77416,0.0358581542969
77417,0.0328063964844
77418,0.0328063964844
77419,0.0328063964844
77420,0.0328063964844
77422,0.0328063964844
77423,0.0328063964844
77424,0.0330200195312
77425,0.0330200195312
77426,0.0330200195312
77427,0.0330200195312
77428,0.0330200195312
77429,0.0330200195312
77430,0.0330200195312
77431,0.0330200195312
77432,0.0330200195312
77433,0.0330200195312
77434,0.0333557128906
77435,0.0333557128906
77436,0.0330200195312
77437,0.0330200195312
77438,0.0330200195312
77439,0.0330200195312
77440,0.0330200195312
77441,0.0330200195312
77442,0.0330200195312
77443,0.0330200195312
77444,0.0330810546875
77445,0.0330810546875
77446,0.0330810546875
77447,0.0330810546875
77448,0.0331115722656
77449,0.0331115722656
77450,0.0331115722656
77451,0.0331115722656
77452,0.0331115722656
77453,0.0331115722656
77454,0.0326843261719
77455,0.0326843261719
77456,0.0326843261719
77457,0.0326843261719
77458,0.0326843261719
77459,0.0326843261719
77460,0.0326843261719
77461,0.0326843261719
77462,0.0326843261719
77463,0.0326843261719
77464,0.0326843261719
77465,0.0326843261719
77466,0.0326843261719
77467,0.0326843261719
77468,0.0326843261719
77469,0.0326843261719
77470,0.0326843261719
77471,0.0326843261719
77472,0.0327758789062
77473,0.0331115722656
77474,0.0331115722656
77475,0.0331115722656
77476,0.0331115722656
77477,0.0331115722656
77478,0.0326843261719
77479,0.0326843261719
77480,0.0326843261719
77481,0.0326843261719
77482,0.0326843261719
77483,0.0326843261719
77484,0.0326843261719
77485,0.0326843261719
77486,0.0326843261719
77487,0.0326843261719
77488,0.0326843261719
77489,0.0326843261719
77490,0.0326843261719
77491,0.0326843261719
77492,0.0326843261719
77493,0.0326843261719
77494,0.0326843261719
77495,0.0326843261719
77496,0.0326843261719
77497,0.0326843261719
77498,0.0326843261719
77499,0.0326843261719
77500,0.0326843261719
77501,0.0326843261719
77502,0.0326843261719
77503,0.0326843261719
77504,0.0326843261719
77505,0.0326843261719
77506,0.0326843261719
77507,0.0326843261719
77508,0.0326843261719
77509,0.0326843261719
77510,0.0326843261719
77511,0.0326843261719
77512,0.0326843261719
77513,0.0326843261719
77514,0.0326843261719
77515,0.0326843261719
77516,0.0326843261719
77517,0.0326843261719
77518,0.0326843261719
77519,0.0326843261719
77520,0.0327758789062
77521,0.0327758789062
77522,0.0327758789062
77523,0.0327758789062
77524,0.0327758789062
77525,0.0327758789062
77526,0.032470703125
77527,0.032470703125
77528,0.0392761230469
77529,0.0392761230469
77530,0.0392761230469
77531,0.0392761230469
77532,0.032470703125
77533,0.032470703125
77534,0.032470703125
77535,0.032470703125
77536,0.032470703125
77537,0.032470703125
77538,0.0317077636719
77539,0.0317077636719
77540,0.0317077636719
77541,0.0317077636719
77542,0.0317077636719
77543,0.0317077636719
77544,0.0317077636719
77545,0.0317077636719
77546,0.0317077636719
77547,0.0317077636719
77548,0.0317077636719
77549,0.0317993164062
77550,0.0317077636719
77551,0.0317077636719
77552,0.0317077636719
77553,0.0317077636719
77554,0.0317077636719
77555,0.0317077636719
77556,0.0317077636719
77557,0.0317077636719
77558,0.0317077636719
77559,0.0317077636719
77560,0.0317077636719
77561,0.0317077636719
77562,0.0317077636719
77563,0.0317077636719
77564,0.0317077636719
77565,0.0317077636719
77566,0.0317993164062
77567,0.0317993164062
77568,0.0317077636719
77569,0.0317077636719
77570,0.0317077636719
77571,0.0317077636719
77572,0.0317077636719
77573,0.0317077636719
77574,0.0317077636719
77575,0.0317077636719
77576,0.0317077636719
77577,0.0317077636719
77578,0.0317077636719
77579,0.0317077636719
77580,0.0317077636719
77581,0.0317077636719
77582,0.0317077636719
77583,0.0317077636719
77584,0.0317077636719
77585,0.0317077636719
77586,0.0317077636719
77587,0.0317077636719
77588,0.0317077636719
77589,0.0317077636719
77590,0.0317077636719
77591,0.0317077636719
77592,0.0319213867188
77593,0.0319213867188
77594,0.0319213867188
77595,0.0319213867188
77596,0.0319213867188
77597,0.0319213867188
77598,0.0319213867188
77599,0.0319213867188
77600,0.0319213867188
77601,0.0319213867188
77602,0.0319213867188
77603,0.0319213867188
77604,0.0321350097656
77605,0.0321350097656
77606,0.0321350097656
77607,0.0321350097656
77608,0.0321350097656
77609,0.0321350097656
77610,0.0325622558594
77611,0.0325622558594
77612,0.0325622558594
77613,0.0325622558594
77614,0.0325622558594
77615,0.0325622558594
77616,0.0326538085938
77617,0.0326538085938
77618,0.0326538085938
77619,0.0336303710938
77620,0.0344543457031
77621,0.0344543457031
77622,0.0326538085938
77623,0.0326538085938
77624,0.0326538085938
77625,0.0326538085938
77626,0.0326538085938
77627,0.0326538085938
77628,0.0326538085938
77629,0.0326538085938
77630,0.0326538085938
77631,0.0326538085938
77632,0.0326538085938
77633,0.0326538085938
77634,0.0327453613281
77635,0.0327453613281
77636,0.0327453613281
77637,0.0711059570312
77638,0.0711059570312
77639,0.0711059570312
77640,0.0326538085938
77641,0.0326538085938
77642,0.0326538085938
77643,0.0326538085938
77644,0.0326538085938
77645,0.0326538085938
77646,0.0325622558594
77647,0.0325622558594
77648,0.0325622558594
77649,0.0325622558594
77650,0.0325622558594
77651,0.0325622558594
77652,0.0321350097656
77653,0.0321350097656
77654,0.0321350097656
77655,0.0321350097656
77656,0.0321350097656
77657,0.0321350097656
77658,0.0321350097656
77659,0.0321350097656
77660,0.0321350097656
77661,0.0321350097656
77662,0.0321350097656
77663,0.0321350097656
77664,0.0321655273438
77665,0.0321655273438
77666,0.0321655273438
77667,0.0321655273438
77668,0.0328369140625
77669,0.0328369140625
77670,0.0325012207031
77671,0.0325012207031
77672,0.0325012207031
77673,0.0325012207031
77674,0.0325012207031
77675,0.0325012207031
77676,0.0323791503906
77677,0.0323791503906
77678,0.0323791503906
77679,0.0343627929688
77680,0.0343627929688
77681,0.0343627929688
77682,0.0321655273438
77683,0.0321655273438
77684,0.0321655273438
77685,0.0321655273438
77686,0.0321655273438
77687,0.0321655273438
77688,0.0321655273438
77689,0.0321655273438
77690,0.0321655273438
77691,0.0321655273438
77692,0.0321655273438
77693,0.0321655273438
77694,0.0321655273438
77695,0.0321655273438
77696,0.0321655273438
77697,0.0321655273438
77698,0.0321655273438
77699,0.0321655273438
77700,0.0321350097656
77701,0.0321350097656
77702,0.0321350097656
77703,0.0321350097656
77704,0.0321350097656
77705,0.0321350097656
77706,0.0321350097656
77707,0.0321350097656
77708,0.0321350097656
77709,0.0321350097656
77710,0.0321350097656
77711,0.0321350097656
77712,0.0321350097656
77713,0.0321350097656
77714,0.0321350097656
77715,0.0321350097656
77716,0.0321350097656
77717,0.0321350097656
77718,0.0321350097656
77719,0.0321350097656
77720,0.0328063964844
77721,0.0328063964844
77722,0.0328063964844
77723,0.0328063964844
77724,0.0323486328125
77725,0.0323486328125
77726,0.0323486328125
77727,0.0323486328125
77728,0.0323486328125
77729,0.0323486328125
77730,0.0321350097656
77731,0.0321350097656
77732,0.0321350097656
77733,0.0321350097656
77734,0.0321350097656
77735,0.0321350097656
77736,0.0321350097656
77737,0.0321350097656
77738,0.0321350097656
77739,0.0321350097656
77740,0.0321350097656
77741,0.0321350097656
77742,0.0319213867188
77743,0.0319213867188
77744,0.0319213867188
77745,0.0319213867188
77746,0.0319213867188
77747,0.0319213867188
77748,0.0319213867188
77749,0.0319213867188
77750,0.0322570800781
77751,0.0322570800781
77752,0.0322570800781
77753,0.0322570800781
77754,0.0319213867188
77755,0.0322570800781
77756,0.0322570800781
77757,0.0322570800781
77758,0.0322570800781
77759,0.0322570800781
77760,0.0319213867188
77761,0.0319213867188
77762,0.0319213867188
77763,0.0319213867188
77764,0.0319213867188
77765,0.0319213867188
77766,0.0319519042969
77767,0.0319519042969
77768,0.0319519042969
77769,0.0319519042969
77770,0.0319519042969
77771,0.0700073242188
77772,0.0319213867188
77773,0.0319213867188
77774,0.0319213867188
77775,0.0319213867188
77776,0.0319213867188
77777,0.0319213867188
77778,0.0319213867188
77779,0.0319213867188
77780,0.0319213867188
77781,0.0319213867188
77782,0.0319213867188
77783,0.0319213867188
77784,0.0319213867188
77785,0.0319213867188
77786,0.0319213867188
77787,0.0319213867188
77788,0.0319213867188
77789,0.0332336425781
77790,0.0319213867188
77791,0.0319213867188
77792,0.0319213867188
77793,0.0319213867188
77794,0.0319213867188
77795,0.0319213867188
77796,0.0319213867188
77797,0.0319213867188
77798,0.0319213867188
77799,0.0319213867188
77800,0.0319213867188
77801,0.0319213867188
77802,0.0318298339844
77803,0.0318298339844
77804,0.0318298339844
77805,0.0318298339844
77806,0.0318298339844
77807,0.0318298339844
77808,0.0318298339844
77809,0.031982421875
77810,0.031982421875
77811,0.031982421875
77812,0.031982421875
77813,0.031982421875
77814,0.0318298339844
77815,0.0318298339844
77816,0.0318298339844
77817,0.0318298339844
77818,0.0318298339844
77819,0.0318298339844
77820,0.0317993164062
77821,0.0317993164062
77822,0.0317993164062
77823,0.0317993164062
77824,0.0317993164062
77825,0.0317993164062
77826,0.0318603515625
77827,0.0321960449219
77828,0.0321960449219
77829,0.0321960449219
77830,0.0321960449219
77831,0.033203125
77832,0.0318603515625
77833,0.0318603515625
77834,0.0318603515625
77835,0.0318603515625
77836,0.0318603515625
77837,0.0318603515625
77838,0.0321044921875
77839,0.0321044921875
77840,0.0321044921875
77841,0.0321044921875
77842,0.0325012207031
77843,0.0325012207031
77844,0.0325317382812
77845,0.0328369140625
77846,0.0328369140625
77847,0.0328369140625
77848,0.0328369140625
77849,0.0328369140625
77850,0.0325012207031
77851,0.0325012207031
77852,0.0325012207031
77853,0.0325012207031
77854,0.0325012207031
77855,0.0325012207031
77856,0.0325012207031
77857,0.0325012207031
77858,0.0325012207031
77859,0.0325012207031
77860,0.0325012207031
77861,0.0325012207031
77862,0.0325012207031
77863,0.0325012207031
77864,0.0325012207031
77865,0.0325012207031
77866,0.0325012207031
77867,0.0325012207031
77868,0.0322570800781
77869,0.0322570800781
77870,0.0322570800781
77871,0.0322570800781
77872,0.0322570800781
77873,0.0322570800781
77874,0.0322570800781
77875,0.0322570800781
77876,0.0322570800781
77877,0.0322570800781
77878,0.0322570800781
77879,0.0322570800781
77880,0.0322570800781
77881,0.0322570800781
77882,0.0322570800781
77883,0.0322570800781
77884,0.0322570800781
77885,0.0322570800781
77886,0.032470703125
77887,0.0325622558594
77888,0.0325622558594
77889,0.0325622558594
77890,0.0325622558594
77891,0.0325622558594
77892,0.0321655273438
77893,0.0321655273438
77894,0.0321655273438
77895,0.0321655273438
77896,0.0321655273438
77897,0.0321655273438
77898,0.0321655273438
77899,0.0321655273438
77900,0.0321655273438
77901,0.0321655273438
77902,0.0321655273438
77903,0.0322570800781
77904,0.0323791503906
77905,0.0323791503906
77906,0.0323791503906
77907,0.0323791503906
77908,0.0347290039062
77909,0.0347290039062
77910,0.0323791503906
77911,0.0323791503906
77912,0.0323791503906
77913,0.0323791503906
77914,0.0323791503906
77915,0.0323791503906
77916,0.0323791503906
77917,0.0323791503906
77918,0.0323791503906
77919,0.0323791503906
77920,0.0323791503906
77921,0.0323791503906
77922,0.0323791503906
77923,0.0323791503906
77924,0.0323791503906
77925,0.0323791503906
77926,0.0323791503906
77927,0.0323791503906
77928,0.0323791503906
77929,0.0323791503906
77930,0.0323791503906
77931,0.0323791503906
77932,0.0323791503906
77933,0.0323791503906
77934,0.0323791503906
77935,0.0323791503906
77936,0.0323791503906
77937,0.0323791503906
77938,0.0323791503906
77939,0.0323791503906
77940,0.0323791503906
77941,0.0323791503906
77942,0.0323791503906
77943,0.0323791503906
77944,0.0323791503906
77945,0.0323791503906
77946,0.0323791503906
77947,0.0323791503906
77948,0.0323791503906
77949,0.0323791503906
77950,0.0323791503906
77951,0.0323791503906
77952,0.0321655273438
77953,0.0321655273438
77954,0.0321655273438
77955,0.0321655273438
77956,0.0321655273438
77957,0.0321655273438
77958,0.0321655273438
77959,0.0321655273438
77960,0.0358276367188
77961,0.0358276367188
77962,0.0358276367188
77963,0.0358276367188
77964,0.0321655273438
77965,0.0321655273438
77966,0.0779418945312
77967,0.0779418945312
77968,0.0779418945312
77969,0.0779418945312
77970,0.0321655273438
77971,0.0321655273438
77972,0.0321655273438
77973,0.0321655273438
77974,0.0321655273438
77975,0.0321655273438
77976,0.0320739746094
77977,0.0320739746094
77978,0.0320739746094
77979,0.0320739746094
77980,0.0320739746094
77981,0.0320739746094
77982,0.0321044921875
77983,0.0321044921875
77984,0.0321044921875
77985,0.0321044921875
77986,0.0321044921875
77987,0.0465698242188
77988,0.0321044921875
77989,0.0321044921875
77990,0.0321044921875
77991,0.0321044921875
77992,0.0321044921875
77993,0.0321044921875
77994,0.0318908691406
77995,0.0318908691406
77996,0.0318908691406
77997,0.0318908691406
77998,0.0318908691406
77999,0.0318908691406
78000,0.0324401855469
78001,0.0324401855469
78002,0.0324401855469
78003,0.0324401855469
78004,0.0324401855469
78005,0.0324401855469
78006,0.0362243652344
78007,0.0362243652344
78008,0.0362243652344
78009,0.0362243652344
78010,0.0362243652344
78011,0.0362243652344
78012,0.0318908691406
78013,0.0318908691406
78014,0.031982421875
78015,0.031982421875
78016,0.031982421875
78017,0.031982421875
78018,0.0318908691406
78019,0.0318908691406
78020,0.0318908691406
78021,0.0318908691406
78022,0.0318908691406
78023,0.0318908691406
78024,0.0318908691406
78025,0.0318908691406
78026,0.0318908691406
78027,0.0318908691406
78028,0.0318908691406
78029,0.0318908691406
78030,0.0318908691406
78031,0.0318908691406
78032,0.0318908691406
78033,0.0318908691406
78034,0.0318908691406
78035,0.0318908691406
78036,0.0318908691406
78037,0.0318908691406
78038,0.0318908691406
78039,0.0318908691406
78040,0.0318908691406
78041,0.0318908691406
78042,0.0318908691406
78043,0.0318908691406
78044,0.0318908691406
78045,0.0318908691406
78046,0.0318908691406
78047,0.0318908691406
78048,0.0318908691406
78049,0.0318908691406
78050,0.0318908691406
78051,0.0318908691406
78052,0.0318908691406
78053,0.0318908691406
78054,0.0321044921875
78055,0.0321044921875
78056,0.0321044921875
78057,0.0321044921875
78058,0.0321044921875
78059,0.0321044921875
78060,0.0318908691406
78061,0.0318908691406
78062,0.0318908691406
78063,0.0318908691406
78064,0.0318908691406
78065,0.0318908691406
78066,0.0318908691406
78067,0.0318908691406
78068,0.0318908691406
78069,0.0318908691406
78070,0.0318908691406
78071,0.0318908691406
78072,0.0316772460938
78073,0.0316772460938
78074,0.0316772460938
78075,0.0316772460938
78076,0.0320129394531
78077,0.0320129394531
78078,0.0318908691406
78079,0.0318908691406
78080,0.0318908691406
78081,0.0318908691406
78082,0.0318908691406
78083,0.0318908691406
78084,0.0318908691406
78085,0.0318908691406
78086,0.0318908691406
78087,0.0318908691406
78088,0.0318908691406
78089,0.0318908691406
78090,0.0318908691406
78091,0.0318908691406
78092,0.0318908691406
78093,0.0318908691406
78094,0.0318908691406
78095,0.0318908691406
78096,0.0318908691406
78097,0.0318908691406
78098,0.0318908691406
78099,0.0318908691406
78100,0.0318908691406
78101,0.0318908691406
78102,0.0318908691406
78103,0.0318908691406
78104,0.0318908691406
78105,0.0318908691406
78106,0.0318908691406
78107,0.0318908691406
78108,0.0318908691406
78109,0.0318908691406
78110,0.0318908691406
78111,0.0318908691406
78112,0.0318908691406
78113,0.0318908691406
78114,0.0318908691406
78115,0.0318908691406
78116,0.0318908691406
78117,0.0318908691406
78118,0.0318908691406
78119,0.0318908691406
78120,0.0321044921875
78121,0.0321044921875
78122,0.0321044921875
78123,0.0321044921875
78124,0.0321044921875
78125,0.0321044921875
78126,0.0321044921875
78127,0.0321044921875
78128,0.0321044921875
78129,0.0321044921875
78130,0.0321044921875
78131,0.0324401855469
78132,0.0321044921875
78133,0.0321044921875
78134,0.0321044921875
78135,0.0321044921875
78136,0.0321044921875
78137,0.0321044921875
78138,0.0321044921875
78139,0.0321044921875
78140,0.0321044921875
78141,0.0321044921875
78142,0.0321044921875
78143,0.0321044921875
78144,0.0321044921875
78145,0.0321044921875
78146,0.0321044921875
78147,0.0321044921875
78148,0.0321044921875
78149,0.0321044921875
78150,0.0321044921875
78151,0.0321044921875
78152,0.0321044921875
78153,0.0321044921875
78154,0.0321044921875
78155,0.0321044921875
78156,0.0321044921875
78157,0.0321044921875
78158,0.0321044921875
78159,0.0321044921875
78160,0.0321044921875
78161,0.0321044921875
78162,0.0321044921875
78163,0.0321044921875
78164,0.0321044921875
78165,0.0324401855469
78166,0.0324401855469
78167,0.0324401855469
78168,0.0325317382812
78169,0.0325317382812
78170,0.0325317382812
78171,0.0325317382812
78172,0.0325317382812
78173,0.0325317382812
78174,0.0325317382812
78175,0.0328674316406
78176,0.0328674316406
78177,0.0328674316406
78178,0.0328674316406
78179,0.0328674316406
78180,0.0325317382812
78181,0.0325317382812
78182,0.0325317382812
78183,0.0325317382812
78184,0.0325317382812
78185,0.0325317382812
78186,0.0325317382812
78187,0.0325317382812
78188,0.0325317382812
78189,0.0326843261719
78190,0.0326843261719
78191,0.0326843261719
78192,0.0325317382812
78193,0.0325317382812
78194,0.0325317382812
78195,0.0325317382812
78196,0.0325317382812
78197,0.0328674316406
78198,0.0328674316406
78199,0.0328674316406
78200,0.0355224609375
78201,0.0355224609375
78202,0.0355224609375
