4,0.0
5,0.0
6,0.0
7,0.0
8,0.0
9,0.0
10,0.00154495239258
11,0.00411605834961
12,0.00439071655273
13,0.00545501708984
14,0.00566482543945
15,0.0
16,0.0293273925781
17,0.0332946777344
18,0.0446472167969
19,0.0455322265625
20,0.0493469238281
21,0.0
22,0.0274810791016
23,0.0308532714844
24,0.0419006347656
25,0.0408935546875
26,0.0472106933594
27,0.0
28,0.0226898193359
29,0.0303344726562
30,0.0386657714844
31,0.0395202636719
32,0.044189453125
33,0.0
34,0.0224761962891
35,0.0289001464844
36,0.0397338867188
37,0.0396118164062
38,0.0424194335938
39,0.0
40,0.0222015380859
41,0.0267181396484
42,0.0357666015625
43,0.0378723144531
44,0.0421752929688
45,0.0
46,0.0213775634766
47,0.0279388427734
48,0.0346069335938
49,0.0350952148438
50,0.0418090820312
51,0.0
52,0.0216064453125
53,0.0282287597656
54,0.0380859375
55,0.0408020019531
56,0.0419006347656
57,0.0
58,0.0181274414062
59,0.0230560302734
60,0.0306549072266
61,0.0355834960938
62,0.0384216308594
63,0.0
64,0.0163269042969
65,0.0236511230469
66,0.031494140625
67,0.0342102050781
68,0.03857421875
69,0.0
70,0.0139541625977
71,0.0205078125
72,0.0306243896484
73,0.0320739746094
74,0.0377502441406
75,0.0
76,0.0144729614258
77,0.0221862792969
78,0.0284729003906
79,0.0321350097656
80,0.0372009277344
81,0.0
82,0.0131607055664
83,0.0191650390625
84,0.0263977050781
85,0.0290832519531
86,0.0317077636719
87,0.0
88,0.0120620727539
89,0.0181579589844
90,0.0209045410156
91,0.0245056152344
92,0.0294342041016
93,0.0
94,0.0108871459961
95,0.0162963867188
96,0.0198974609375
97,0.0224609375
98,0.0270538330078
99,0.0
100,0.009765625
101,0.0149612426758
102,0.0215301513672
103,0.0244445800781
104,0.0267639160156
105,0.0
106,0.0103607177734
107,0.0161437988281
108,0.0235595703125
109,0.0271606445312
110,0.029541015625
111,0.0
112,0.00925445556641
113,0.0145111083984
114,0.0197906494141
115,0.0231475830078
116,0.0249786376953
117,0.0
118,0.0109252929688
119,0.013916015625
120,0.0191955566406
121,0.0225219726562
122,0.0263824462891
123,0.0
124,0.00998687744141
125,0.0149536132812
126,0.0196228027344
127,0.0205535888672
128,0.0240173339844
129,0.0
130,0.00954437255859
131,0.0140762329102
132,0.0186614990234
133,0.0217590332031
134,0.0257568359375
135,0.0
136,0.00920104980469
137,0.0136642456055
138,0.0181427001953
139,0.0221252441406
140,0.0234985351562
141,0.0
142,0.00814819335938
143,0.0115509033203
144,0.0164489746094
145,0.0203552246094
146,0.0253295898438
147,0.0
148,0.00914001464844
149,0.0134506225586
150,0.0211639404297
151,0.0224914550781
152,0.0255279541016
153,0.0
154,0.00799560546875
155,0.0128173828125
156,0.0174865722656
157,0.0181427001953
158,0.0204772949219
159,0.0
160,0.00894165039062
161,0.0137252807617
162,0.0186309814453
163,0.0221862792969
164,0.0237731933594
165,0.0
166,0.00759124755859
167,0.0116119384766
168,0.0170440673828
169,0.0197143554688
170,0.0225677490234
171,0.0
172,0.00864410400391
173,0.0108489990234
174,0.0170288085938
175,0.018310546875
176,0.0198211669922
177,0.0
178,0.00586700439453
179,0.0110244750977
180,0.0150604248047
181,0.0178375244141
182,0.0216674804688
183,0.0
184,0.00698089599609
185,0.0117263793945
186,0.0176544189453
187,0.0203857421875
188,0.0217437744141
189,0.0
190,0.00685501098633
191,0.0119705200195
192,0.0173645019531
193,0.0218811035156
194,0.0253753662109
195,0.0
196,0.00759506225586
197,0.00967407226562
198,0.0162200927734
199,0.0191650390625
200,0.01953125
201,0.0
202,0.00872039794922
203,0.0146179199219
204,0.0179748535156
205,0.02001953125
206,0.0230712890625
207,0.0
208,0.00603103637695
209,0.00921630859375
210,0.0155639648438
211,0.0182037353516
212,0.0210113525391
213,0.0
214,0.00602340698242
215,0.0101623535156
216,0.0159301757812
217,0.0171356201172
218,0.0204010009766
219,0.0
220,0.00700759887695
221,0.0116806030273
222,0.0164947509766
223,0.0204315185547
224,0.0218811035156
225,0.0
226,0.00609588623047
227,0.0108947753906
228,0.0147476196289
229,0.0196075439453
230,0.0210266113281
231,0.0
232,0.00598526000977
233,0.0101318359375
234,0.0144195556641
235,0.0165252685547
236,0.0189514160156
237,0.0
238,0.00724792480469
239,0.0111999511719
240,0.013916015625
241,0.0170440673828
242,0.0187377929688
243,0.0
244,0.00532531738281
245,0.00914001464844
246,0.0143127441406
247,0.0164031982422
248,0.0191955566406
249,0.0
250,0.00773239135742
251,0.0118789672852
252,0.0148620605469
253,0.0160522460938
254,0.0207214355469
255,0.0
256,0.00521087646484
257,0.009033203125
258,0.0133056640625
259,0.0169372558594
260,0.0196533203125
261,0.0
262,0.00547027587891
263,0.00904083251953
264,0.0127487182617
265,0.017822265625
266,0.0181427001953
267,0.0
268,0.00594329833984
269,0.00831604003906
270,0.0120162963867
271,0.014892578125
272,0.0176544189453
273,0.0
274,0.0061149597168
275,0.0113677978516
276,0.0174102783203
277,0.0196228027344
278,0.0207824707031
279,0.0
280,0.00632858276367
281,0.00995635986328
282,0.0134048461914
283,0.0157012939453
284,0.0177001953125
285,0.0
286,0.00550842285156
287,0.00954437255859
288,0.0135650634766
289,0.0149765014648
290,0.0181274414062
291,0.0
292,0.00606155395508
293,0.00982666015625
294,0.0140762329102
295,0.0154113769531
296,0.0186004638672
297,0.0
298,0.00631713867188
299,0.0108261108398
300,0.0146865844727
301,0.0177307128906
302,0.0205383300781
303,0.0
304,0.00549697875977
305,0.00883483886719
306,0.0130157470703
307,0.0163726806641
308,0.0178375244141
309,0.0
310,0.00525665283203
311,0.00910949707031
312,0.0128479003906
313,0.015380859375
314,0.0182495117188
315,0.0
316,0.00513076782227
317,0.00923919677734
318,0.0121917724609
319,0.0156555175781
320,0.0169677734375
321,0.0
322,0.00547409057617
323,0.00901794433594
324,0.0131454467773
325,0.0166320800781
326,0.0193939208984
327,0.0
328,0.00531768798828
329,0.00813293457031
330,0.0113525390625
331,0.0146713256836
332,0.0161590576172
333,0.0
334,0.00558853149414
335,0.00932312011719
336,0.0118637084961
337,0.014289855957
338,0.0163269042969
339,0.0
340,0.00548553466797
341,0.00904083251953
342,0.0128631591797
343,0.0160369873047
344,0.0186614990234
345,0.0
346,0.00654220581055
347,0.0116729736328
348,0.0155868530273
349,0.0191040039062
350,0.0196990966797
351,0.0
352,0.00471115112305
353,0.00997161865234
354,0.0117645263672
355,0.0150604248047
356,0.0181274414062
357,0.0
358,0.00453948974609
359,0.00912475585938
360,0.0124893188477
361,0.0136642456055
362,0.0162658691406
363,0.0
364,0.00434875488281
365,0.00770950317383
366,0.0115509033203
367,0.0131683349609
368,0.0176696777344
369,0.0
370,0.00461959838867
371,0.00807189941406
372,0.0112075805664
373,0.0145111083984
374,0.0162353515625
375,0.0
376,0.00453948974609
377,0.00810241699219
378,0.0122451782227
379,0.0156555175781
380,0.0180206298828
381,0.0
382,0.00506591796875
383,0.00962829589844
384,0.013298034668
385,0.0166168212891
386,0.0181732177734
387,0.0
388,0.00525283813477
389,0.00955200195312
390,0.0121002197266
391,0.0156402587891
392,0.0171661376953
393,0.0
394,0.00441741943359
395,0.0078125
396,0.0112380981445
397,0.0147171020508
398,0.0167694091797
399,0.0
400,0.00433731079102
401,0.0069580078125
402,0.0108795166016
403,0.0141220092773
404,0.0160522460938
405,0.0
406,0.00419616699219
407,0.00808715820312
408,0.0125885009766
409,0.0151748657227
410,0.0180969238281
411,0.0
412,0.00356292724609
413,0.0076904296875
414,0.0105667114258
415,0.0136260986328
416,0.0169982910156
417,0.0
418,0.00481033325195
419,0.00811767578125
420,0.011344909668
421,0.0139389038086
422,0.0167999267578
423,0.0
424,0.00381469726562
425,0.00828552246094
426,0.0131225585938
427,0.0142974853516
428,0.0153884887695
429,0.0
430,0.00369262695312
431,0.00712585449219
432,0.0105667114258
433,0.0128479003906
434,0.0149307250977
435,0.0
436,0.00388336181641
437,0.00714111328125
438,0.0103149414062
439,0.0125579833984
440,0.0137252807617
441,0.0
442,0.00453567504883
443,0.00894165039062
444,0.0124359130859
445,0.0147399902344
446,0.015380859375
447,0.0
448,0.00357437133789
449,0.00724029541016
450,0.0103912353516
451,0.012825012207
452,0.0145797729492
453,0.0
454,0.00345039367676
455,0.00701904296875
456,0.0111465454102
457,0.0145034790039
458,0.0169372558594
459,0.0
460,0.00467681884766
461,0.0098876953125
462,0.014518737793
463,0.0176849365234
464,0.0191192626953
465,0.0
466,0.00401306152344
467,0.0075569152832
468,0.0114822387695
469,0.0146484375
470,0.0170288085938
471,0.0
472,0.00425338745117
473,0.00891876220703
474,0.0114822387695
475,0.0153579711914
476,0.0146102905273
477,0.0
478,0.00329780578613
479,0.00828552246094
480,0.0105667114258
481,0.0143051147461
482,0.0179901123047
483,0.0
484,0.00382804870605
485,0.00772476196289
486,0.0127563476562
487,0.0152359008789
488,0.0169677734375
489,0.0
490,0.00329399108887
491,0.00627899169922
492,0.00987243652344
493,0.0125503540039
494,0.0137176513672
495,0.0
496,0.00350189208984
497,0.00701904296875
498,0.00958251953125
499,0.0133819580078
500,0.0151062011719
501,0.0
502,0.0035343170166
503,0.00730133056641
504,0.00951385498047
505,0.0135879516602
506,0.0160217285156
507,0.0
508,0.00317001342773
509,0.00669479370117
510,0.00979614257812
511,0.0121459960938
512,0.0157623291016
513,0.0
514,0.00525283813477
515,0.0107879638672
516,0.013916015625
517,0.0179443359375
518,0.0201416015625
519,0.0
520,0.00419616699219
521,0.00783538818359
522,0.0106582641602
523,0.0135955810547
524,0.0164947509766
525,0.0
526,0.00386810302734
527,0.00801086425781
528,0.0116500854492
529,0.0142593383789
530,0.0169372558594
531,0.0
532,0.00515365600586
533,0.00968933105469
534,0.0115051269531
535,0.0128555297852
536,0.0169219970703
537,0.0
538,0.0043830871582
539,0.00759887695312
540,0.011344909668
541,0.0155181884766
542,0.0196075439453
543,0.0
544,0.00418853759766
545,0.00673294067383
546,0.00973510742188
547,0.0129470825195
548,0.0146102905273
549,0.0
550,0.00284767150879
551,0.00643920898438
552,0.00977325439453
553,0.0127792358398
554,0.0162200927734
555,0.0
556,0.00492477416992
557,0.00968933105469
558,0.0119018554688
559,0.0143432617188
560,0.0164031982422
561,0.0
562,0.00412368774414
563,0.00715255737305
564,0.010612487793
565,0.0138320922852
566,0.0155410766602
567,0.0
568,0.00469207763672
569,0.00825500488281
570,0.0130004882812
571,0.0150451660156
572,0.0150985717773
573,0.0
574,0.00363922119141
575,0.007568359375
576,0.0104217529297
577,0.0146331787109
578,0.0168762207031
579,0.0
580,0.00307273864746
581,0.0077018737793
582,0.0106201171875
583,0.0138168334961
584,0.0150833129883
585,0.0
586,0.00462341308594
587,0.00944519042969
588,0.0131072998047
589,0.0145416259766
590,0.0174865722656
591,0.0
592,0.00370407104492
593,0.00670623779297
594,0.0104141235352
595,0.0132141113281
596,0.0134735107422
597,0.0
598,0.00448608398438
599,0.00794982910156
600,0.0111083984375
601,0.0147705078125
602,0.0151596069336
603,0.0
604,0.0030460357666
605,0.00627136230469
606,0.00832366943359
607,0.0117568969727
608,0.0142974853516
609,0.0
610,0.00357818603516
611,0.00699996948242
612,0.0111846923828
613,0.0138549804688
614,0.0143737792969
615,0.0
616,0.00382423400879
617,0.00714492797852
618,0.0111999511719
619,0.0151748657227
620,0.0158843994141
621,0.0
622,0.00404739379883
623,0.00787353515625
624,0.0106887817383
625,0.0130004882812
626,0.0167388916016
627,0.0
628,0.00407791137695
629,0.00856018066406
630,0.012321472168
631,0.014533996582
632,0.0157775878906
633,0.0
634,0.0034351348877
635,0.00619506835938
636,0.00909423828125
637,0.0121994018555
638,0.0117340087891
639,0.0
640,0.00257873535156
641,0.00679779052734
642,0.00933837890625
643,0.0115509033203
644,0.0149612426758
645,0.0
646,0.00268745422363
647,0.00702285766602
648,0.0102157592773
649,0.0117111206055
650,0.0150909423828
651,0.0
652,0.00274467468262
653,0.00565719604492
654,0.00876617431641
655,0.0105590820312
656,0.0130081176758
657,0.0
658,0.00361824035645
659,0.00855255126953
660,0.0122146606445
661,0.01416015625
662,0.0177307128906
663,0.0
664,0.00389099121094
665,0.00725555419922
666,0.0110549926758
667,0.0134658813477
668,0.0143051147461
669,0.0
670,0.0034008026123
671,0.00536346435547
672,0.00909423828125
673,0.0109481811523
674,0.0142517089844
675,0.0
676,0.00276184082031
677,0.00553131103516
678,0.00894165039062
679,0.011848449707
680,0.0138473510742
681,0.0
682,0.00292587280273
683,0.00612258911133
684,0.00892639160156
685,0.012809753418
686,0.014289855957
687,0.0
688,0.00359725952148
689,0.00686264038086
690,0.0118713378906
691,0.0144424438477
692,0.0158081054688
693,0.0
694,0.00338172912598
695,0.00712966918945
696,0.01025390625
697,0.0141372680664
698,0.0151824951172
699,0.0
700,0.00338935852051
701,0.00581359863281
702,0.00952911376953
703,0.0125732421875
704,0.0160827636719
705,0.0
706,0.00472640991211
707,0.00890350341797
708,0.0130996704102
709,0.0164947509766
710,0.0186157226562
711,0.0
712,0.00320053100586
713,0.00576400756836
714,0.00817108154297
715,0.0111541748047
716,0.0135726928711
717,0.0
718,0.0029182434082
719,0.00739288330078
720,0.009765625
721,0.0125198364258
722,0.0135345458984
723,0.0
724,0.00340843200684
725,0.00639343261719
726,0.00965118408203
727,0.0107803344727
728,0.0125045776367
729,0.0
730,0.00294303894043
731,0.00676727294922
732,0.0101165771484
733,0.0124359130859
734,0.0138626098633
735,0.0
736,0.00318145751953
737,0.00556945800781
738,0.00775909423828
739,0.0107421875
740,0.0132446289062
741,0.0
742,0.00294494628906
743,0.00634002685547
744,0.00785827636719
745,0.0104370117188
746,0.0116424560547
747,0.0
748,0.00358581542969
749,0.00695037841797
750,0.0105514526367
751,0.0134506225586
752,0.0156555175781
753,0.0
754,0.00358390808105
755,0.00758743286133
756,0.0111083984375
757,0.0140838623047
758,0.0131607055664
759,0.0
760,0.00300598144531
761,0.00682067871094
762,0.0101699829102
763,0.0131607055664
764,0.0143280029297
765,0.0
766,0.00293731689453
767,0.00672912597656
768,0.00981140136719
769,0.0122451782227
770,0.0136795043945
771,0.0
772,0.0030345916748
773,0.00600051879883
774,0.00959777832031
775,0.0118789672852
776,0.0137710571289
777,0.0
778,0.00358390808105
779,0.00740051269531
780,0.0111236572266
781,0.014762878418
782,0.0177612304688
783,0.0
784,0.00390625
786,0.00646591186523
787,0.00934600830078
788,0.0120697021484
789,0.0142974853516
790,0.0
791,0.00275802612305
792,0.00525665283203
793,0.00823974609375
794,0.0117645263672
795,0.0134506225586
796,0.0
797,0.00290107727051
798,0.00598907470703
799,0.0089111328125
800,0.0121383666992
801,0.0143508911133
802,0.0
803,0.00323486328125
804,0.00646591186523
805,0.00907135009766
806,0.010856628418
807,0.0133819580078
808,0.0
809,0.00281143188477
810,0.00638198852539
811,0.00889587402344
812,0.0116119384766
813,0.0132675170898
814,0.0
815,0.00299644470215
816,0.00564956665039
817,0.00804138183594
818,0.0110626220703
819,0.0153427124023
820,0.0
821,0.00336074829102
822,0.00763320922852
823,0.0104293823242
824,0.0127868652344
825,0.0127105712891
826,0.0
827,0.00314140319824
828,0.00578689575195
829,0.00798034667969
830,0.0110626220703
831,0.013427734375
832,0.0
833,0.00236701965332
834,0.00599670410156
835,0.00895690917969
836,0.011360168457
837,0.0148773193359
838,0.0
839,0.00364303588867
840,0.00764465332031
841,0.0106506347656
842,0.0127639770508
843,0.0157623291016
844,0.0
845,0.00318717956543
846,0.00570678710938
847,0.00824737548828
848,0.0115127563477
849,0.0156402587891
850,0.0
851,0.00246047973633
852,0.0052490234375
853,0.00843811035156
854,0.0113143920898
855,0.0125885009766
856,0.0
857,0.00269889831543
858,0.00563430786133
859,0.00968933105469
860,0.0104370117188
861,0.0124969482422
862,0.0
863,0.00313568115234
864,0.00622177124023
865,0.0084228515625
866,0.0123901367188
867,0.0142974853516
868,0.0
869,0.00356864929199
870,0.00625228881836
871,0.0105972290039
872,0.0127182006836
873,0.0151062011719
874,0.0
875,0.00305938720703
876,0.00693130493164
877,0.0103454589844
878,0.0132141113281
879,0.0143432617188
880,0.0
881,0.00349235534668
882,0.00796508789062
883,0.00875854492188
884,0.00986480712891
885,0.0119552612305
886,0.0
887,0.00312232971191
888,0.00610733032227
889,0.00897216796875
890,0.0106735229492
891,0.013069152832
892,0.0
893,0.00317764282227
894,0.00667190551758
895,0.00835418701172
896,0.0116500854492
897,0.0130004882812
898,0.0
899,0.00313949584961
900,0.00648498535156
901,0.00991821289062
902,0.0123977661133
903,0.0157775878906
904,0.0
905,0.00360870361328
906,0.00734329223633
907,0.0102005004883
908,0.0135726928711
909,0.0164642333984
910,0.0
911,0.0039176940918
912,0.00814056396484
913,0.00920104980469
914,0.011344909668
915,0.0127334594727
916,0.0
917,0.00333595275879
918,0.00562286376953
919,0.00813293457031
920,0.0117263793945
921,0.0120468139648
922,0.0
923,0.00336647033691
924,0.006591796875
925,0.00890350341797
926,0.0102386474609
927,0.0126647949219
928,0.0
929,0.00295066833496
930,0.00537109375
931,0.00804901123047
932,0.010368347168
933,0.0121841430664
934,0.0
935,0.00373840332031
936,0.00667190551758
937,0.0127410888672
938,0.0145416259766
939,0.0158233642578
940,0.0
941,0.00271606445312
942,0.00663375854492
943,0.00939178466797
944,0.0122528076172
945,0.0129470825195
946,0.0
947,0.00282669067383
948,0.00535202026367
949,0.00871276855469
950,0.0110931396484
951,0.013427734375
952,0.0
953,0.00426864624023
954,0.00956726074219
955,0.0134811401367
956,0.0132446289062
957,0.0143737792969
958,0.0
959,0.00456237792969
960,0.00882720947266
961,0.011833190918
962,0.0122985839844
963,0.0148239135742
964,0.0
965,0.00350761413574
966,0.00609970092773
967,0.0107727050781
968,0.012077331543
969,0.0140609741211
970,0.0
971,0.0037956237793
972,0.00653457641602
973,0.00840759277344
974,0.0117797851562
975,0.0122146606445
976,0.0
977,0.00330924987793
978,0.00636291503906
979,0.0103912353516
980,0.0127334594727
981,0.013557434082
982,0.0
983,0.00387001037598
984,0.00662994384766
985,0.0117721557617
986,0.0136566162109
987,0.0160522460938
988,0.0
989,0.00303077697754
990,0.00723648071289
991,0.0111312866211
992,0.0151443481445
993,0.0158996582031
994,0.0
995,0.00283432006836
996,0.00581741333008
997,0.00873565673828
998,0.00994873046875
999,0.0118789672852
1000,0.0
1001,0.00309181213379
1002,0.00584411621094
1003,0.00920867919922
1004,0.0121383666992
1005,0.0141448974609
1006,0.0
1007,0.00267601013184
1008,0.00652313232422
1009,0.0110931396484
1010,0.0119552612305
1011,0.0155639648438
1012,0.0
1013,0.00347137451172
1014,0.0065803527832
1015,0.00904083251953
1016,0.0122756958008
1017,0.01611328125
1018,0.0
1019,0.00333786010742
1020,0.00668334960938
1021,0.00911712646484
1022,0.0114822387695
1023,0.0112915039062
1024,0.0
1025,0.00438690185547
1026,0.00751876831055
1027,0.0107650756836
1028,0.0107650756836
1029,0.0127258300781
1030,0.0
1031,0.00251770019531
1032,0.00620269775391
1033,0.00811767578125
1034,0.0111083984375
1035,0.0131759643555
1036,0.0
1037,0.00309562683105
1038,0.00676345825195
1039,0.00891876220703
1040,0.0107650756836
1041,0.0118408203125
1042,0.0
1043,0.00289344787598
1044,0.0070686340332
1045,0.00987243652344
1046,0.0128860473633
1047,0.0131607055664
1048,0.0
1049,0.00310516357422
1050,0.00679016113281
1051,0.00962066650391
1052,0.00963592529297
1053,0.0107269287109
1054,0.0
1055,0.00322723388672
1056,0.00811767578125
1057,0.0118560791016
1058,0.0144271850586
1059,0.0162200927734
1060,0.0
1061,0.00208473205566
1062,0.00581359863281
1063,0.00870513916016
1064,0.0107574462891
1065,0.0130844116211
1066,0.0
1067,0.00218200683594
1068,0.00508117675781
1069,0.00833892822266
1070,0.0110168457031
1071,0.013786315918
1072,0.0
1073,0.00278854370117
1074,0.0068473815918
1075,0.0111312866211
1076,0.0116577148438
1077,0.0136184692383
1078,0.0
1079,0.00277519226074
1080,0.0059814453125
1081,0.00849151611328
1082,0.0101165771484
1083,0.0120468139648
1084,0.0
1085,0.00228500366211
1086,0.00592041015625
1087,0.00935363769531
1088,0.0130996704102
1089,0.0132751464844
1090,0.0
1091,0.00374412536621
1092,0.00687789916992
1093,0.00917053222656
1094,0.0129623413086
1095,0.0158538818359
1096,0.0
1097,0.00345611572266
1098,0.00768280029297
1099,0.010856628418
1100,0.0123291015625
1101,0.0137481689453
1102,0.0
1103,0.00285720825195
1104,0.00666427612305
1105,0.00875091552734
1106,0.00882720947266
1107,0.0116729736328
1108,0.0
1109,0.00288391113281
1110,0.00536346435547
1111,0.00722503662109
1112,0.010627746582
1113,0.0117492675781
1114,0.0
1115,0.00440216064453
1116,0.00861358642578
1117,0.0110092163086
1118,0.0121994018555
1119,0.0137786865234
1120,0.0
1121,0.00340461730957
1122,0.0069465637207
1123,0.00946044921875
1124,0.0116958618164
1125,0.0158386230469
1126,0.0
1127,0.0036678314209
1128,0.00821685791016
1129,0.0101089477539
1130,0.0142211914062
1131,0.0162506103516
1132,0.0
1133,0.00227546691895
1134,0.00637054443359
1135,0.00910949707031
1136,0.0112609863281
1137,0.0128936767578
1138,0.0
1139,0.00255584716797
1140,0.0057258605957
1141,0.00717544555664
1142,0.0102844238281
1143,0.0135650634766
1144,0.0
1145,0.00215530395508
1146,0.00471496582031
1147,0.00740814208984
1148,0.00958251953125
1149,0.0106582641602
1150,0.0
1151,0.00350189208984
1152,0.00780868530273
1153,0.00942993164062
1154,0.0126037597656
1155,0.0152435302734
1156,0.0
1157,0.00255393981934
1158,0.00567626953125
1159,0.00847625732422
1160,0.00916290283203
1161,0.0109252929688
1162,0.0
1163,0.00375938415527
1164,0.00815582275391
1165,0.0115280151367
1166,0.0126876831055
1167,0.0154342651367
1168,0.0
1169,0.00221252441406
1170,0.00531768798828
1171,0.00766754150391
1172,0.00982666015625
1173,0.0116882324219
1174,0.0
1175,0.00251388549805
1176,0.00661849975586
1177,0.00759506225586
1178,0.00919342041016
1179,0.0114288330078
1180,0.0
1181,0.00228309631348
1182,0.00504302978516
1183,0.00704574584961
1184,0.011604309082
1185,0.0147018432617
1186,0.0
1187,0.00265312194824
1188,0.00591659545898
1189,0.00912475585938
1190,0.0109024047852
1191,0.014030456543
1192,0.0
1193,0.00321197509766
1194,0.00766754150391
1195,0.00937652587891
1196,0.0122756958008
1197,0.0132904052734
1198,0.0
1199,0.00284385681152
1200,0.00654983520508
1201,0.00832366943359
1202,0.0119781494141
1203,0.0136947631836
1204,0.0
1205,0.00277137756348
1206,0.0060920715332
1207,0.00835418701172
1208,0.00967407226562
1209,0.0105361938477
1210,0.0
1211,0.00227737426758
1212,0.00444412231445
1213,0.00679016113281
1214,0.0101318359375
1215,0.0113143920898
1216,0.0
1217,0.00304412841797
1218,0.00494766235352
1219,0.00865936279297
1220,0.0104904174805
1221,0.0112533569336
1222,0.0
1223,0.00297737121582
1224,0.00706481933594
1225,0.0111389160156
1226,0.0129089355469
1227,0.0133514404297
1228,0.0
1229,0.00284576416016
1230,0.00642395019531
1231,0.00875854492188
1232,0.00967407226562
1233,0.0109786987305
1234,0.0
1235,0.0032958984375
1236,0.00738525390625
1237,0.00950622558594
1238,0.0122528076172
1239,0.013427734375
1240,0.0
1241,0.00333595275879
1242,0.00576782226562
1243,0.00833892822266
1244,0.010498046875
1245,0.0137710571289
1246,0.0
1247,0.00342178344727
1248,0.00615310668945
1249,0.00882720947266
1250,0.0114440917969
1251,0.0118713378906
1252,0.0
1253,0.00340843200684
1254,0.00809478759766
1255,0.012451171875
1256,0.013801574707
1257,0.0172424316406
1258,0.0
1259,0.00285148620605
1260,0.00576782226562
1261,0.00865173339844
1262,0.0134353637695
1263,0.0167694091797
1264,0.0
1265,0.00442504882812
1266,0.00875091552734
1267,0.0104293823242
1268,0.0128631591797
1269,0.0144271850586
1270,0.0
1271,0.00294876098633
1272,0.00543594360352
1273,0.00898742675781
1274,0.0144195556641
1275,0.0154266357422
1276,0.0
1277,0.00404357910156
1278,0.00680923461914
1279,0.00796508789062
1280,0.0107879638672
1281,0.0132522583008
1282,0.0
1283,0.00350570678711
1284,0.00667190551758
1285,0.00887298583984
1286,0.0107955932617
1287,0.0113830566406
1288,0.0
1289,0.00283432006836
1290,0.00665664672852
1291,0.00926971435547
1292,0.0108871459961
1293,0.0147171020508
1294,0.0
1295,0.0024471282959
1296,0.00564956665039
1297,0.00772094726562
1298,0.00856781005859
1299,0.0111694335938
1300,0.0
1301,0.00300788879395
1302,0.00603485107422
1303,0.00686264038086
1304,0.00886535644531
1305,0.0117568969727
1306,0.0
1307,0.003173828125
1308,0.00661087036133
1309,0.00714492797852
1310,0.00836181640625
1311,0.0108261108398
1312,0.0
1313,0.00508880615234
1314,0.00729370117188
1315,0.00876617431641
1316,0.0123672485352
1317,0.0136871337891
1318,0.0
1319,0.00242805480957
1320,0.00539398193359
1321,0.00751495361328
1322,0.00881958007812
1323,0.0115661621094
1324,0.0
1325,0.00216674804688
1326,0.00429916381836
1327,0.00611114501953
1328,0.00905609130859
1329,0.0107650756836
1330,0.0
1331,0.00473785400391
1332,0.00991821289062
1333,0.0131530761719
1334,0.0110321044922
1335,0.0154647827148
1336,0.0
1337,0.00235939025879
1338,0.00457382202148
1339,0.00904083251953
1340,0.0108108520508
1341,0.0115051269531
1342,0.0
1343,0.00354957580566
1344,0.00631332397461
1345,0.00955200195312
1346,0.0111312866211
1347,0.0131454467773
1348,0.0
1349,0.0032901763916
1350,0.00545120239258
1351,0.00865173339844
1352,0.00959014892578
1353,0.0127716064453
1354,0.0
1355,0.00214004516602
1356,0.00428009033203
1357,0.00674438476562
1358,0.00891876220703
1359,0.0114974975586
1360,0.0
1361,0.00272369384766
1362,0.005859375
1363,0.00890350341797
1364,0.0106353759766
1365,0.0139617919922
1366,0.0
1367,0.0024356842041
1368,0.00527954101562
1369,0.00795745849609
1370,0.00916290283203
1371,0.0119934082031
1372,0.0
1373,0.00266075134277
1374,0.0054817199707
1375,0.00902557373047
1376,0.0111465454102
1377,0.0127563476562
1378,0.0
1379,0.00298690795898
1380,0.00592041015625
1381,0.00756072998047
1382,0.0110778808594
1383,0.012451171875
1384,0.0
1385,0.00256538391113
1386,0.00559997558594
1387,0.00662994384766
1388,0.00946807861328
1389,0.011833190918
1390,0.0
1391,0.00217437744141
1392,0.00460815429688
1393,0.00765228271484
1394,0.0116500854492
1395,0.014274597168
1396,0.0
1397,0.00259780883789
1398,0.00574493408203
1399,0.00837707519531
1400,0.0110321044922
1401,0.0120162963867
1402,0.0
1403,0.00276565551758
1404,0.00516510009766
1405,0.00862121582031
1406,0.011962890625
1407,0.0132064819336
1408,0.0
1409,0.00250244140625
1410,0.00516128540039
1411,0.0076789855957
1412,0.0104370117188
1413,0.0137023925781
1414,0.0
1415,0.00274658203125
1416,0.00503921508789
1417,0.0062255859375
1418,0.0100250244141
1419,0.0128936767578
1420,0.0
1421,0.00274276733398
1422,0.0064582824707
1423,0.00858306884766
1424,0.0101699829102
1425,0.0133819580078
1426,0.0
1427,0.00217819213867
1428,0.00478744506836
1429,0.00678634643555
1430,0.00893402099609
1431,0.011100769043
1432,0.0
1433,0.0025577545166
1434,0.00644683837891
1435,0.00779342651367
1436,0.0102691650391
1437,0.0131530761719
1438,0.0
1439,0.0036563873291
1440,0.00545883178711
1441,0.00927734375
1442,0.0116653442383
1443,0.0133743286133
1444,0.0
1445,0.00234603881836
1446,0.00421905517578
1447,0.00792694091797
1448,0.00875091552734
1449,0.0105743408203
1450,0.0
1451,0.00290679931641
1452,0.00518035888672
1453,0.00627899169922
1454,0.0078010559082
1455,0.00874328613281
1456,0.0
1457,0.00257110595703
1458,0.00546264648438
1459,0.00894165039062
1460,0.0109939575195
1461,0.0132369995117
1462,0.0
1463,0.00284194946289
1464,0.00491333007812
1465,0.00733184814453
1466,0.0116729736328
1467,0.0123596191406
1468,0.0
1469,0.00179290771484
1470,0.00434494018555
1471,0.00724792480469
1472,0.00885772705078
1473,0.0108337402344
1474,0.0
1475,0.00352668762207
1476,0.0062141418457
1477,0.00868225097656
1478,0.0102844238281
1479,0.0110092163086
1480,0.0
1481,0.0026798248291
1482,0.00529098510742
1483,0.00845336914062
1484,0.0107116699219
1485,0.0135803222656
1486,0.0
1487,0.00282669067383
1488,0.00506973266602
1489,0.00892639160156
1490,0.0107269287109
1491,0.0127410888672
1492,0.0
1493,0.00255584716797
1494,0.00518798828125
1495,0.0074462890625
1496,0.00870513916016
1497,0.0108184814453
1498,0.0
1499,0.00209426879883
1500,0.00469970703125
1501,0.00762557983398
1502,0.00953674316406
1503,0.0102157592773
1504,0.0
1505,0.00200843811035
1506,0.00400161743164
1507,0.00613403320312
1508,0.00795745849609
1509,0.010009765625
1510,0.0
1511,0.00309562683105
1512,0.00544738769531
1513,0.00888824462891
1514,0.0132293701172
1515,0.0134887695312
1516,0.0
1517,0.00197601318359
1518,0.00373649597168
1519,0.00579452514648
1520,0.00851440429688
1521,0.0109786987305
1522,0.0
1523,0.00242614746094
1524,0.00531768798828
1525,0.00921630859375
1526,0.0131988525391
1527,0.0131988525391
1528,0.0
1529,0.00305366516113
1530,0.00576400756836
1531,0.00794219970703
1532,0.010498046875
1533,0.0130844116211
1534,0.0
1535,0.00247192382812
1536,0.00595855712891
1537,0.00749588012695
1538,0.00946807861328
1539,0.0121231079102
1540,0.0
1541,0.00336837768555
1542,0.00496292114258
1543,0.0087890625
1544,0.011474609375
1545,0.015510559082
1546,0.0
1547,0.00294494628906
1548,0.00613784790039
1549,0.00997161865234
1550,0.0119247436523
1551,0.0122909545898
1552,0.0
1553,0.00358200073242
1554,0.00680541992188
1555,0.00971984863281
1556,0.0118026733398
1557,0.0140838623047
1558,0.0
1559,0.0020580291748
1560,0.00441741943359
1561,0.0078125
1562,0.00924682617188
1563,0.0111923217773
38319,0.0
38320,0.00177001953125
38322,0.00273704528809
38323,0.00411987304688
38324,0.00557708740234
38325,0.00674057006836
38326,0.0
38327,0.00177669525146
38328,0.00371742248535
38329,0.00530242919922
38330,0.00575637817383
38331,0.00870513916016
38332,0.0
38333,0.00164794921875
38334,0.00313186645508
38335,0.00463104248047
38336,0.00613403320312
38337,0.0073356628418
38338,0.0
38339,0.00130367279053
38340,0.00285720825195
38341,0.00461578369141
38342,0.00625610351562
38343,0.00710296630859
38344,0.0
38345,0.00144481658936
38346,0.00287055969238
38347,0.00450897216797
38348,0.00527572631836
38349,0.00605392456055
38350,0.0
38351,0.00162220001221
38352,0.00307655334473
38353,0.00406646728516
38354,0.006103515625
38355,0.00756454467773
38356,0.0
38357,0.00196838378906
38358,0.00330352783203
38359,0.00510787963867
38360,0.0057373046875
38361,0.00769424438477
38362,0.0
38363,0.00127983093262
38364,0.00313186645508
38365,0.00487518310547
38366,0.0060920715332
38367,0.00824737548828
38368,0.0
38369,0.00137424468994
38370,0.00266075134277
38371,0.00466918945312
38372,0.00536346435547
38373,0.00746917724609
38374,0.0
38375,0.00130939483643
38376,0.0028247833252
38377,0.00480651855469
38378,0.00631332397461
38379,0.00851440429688
38380,0.0
38381,0.00178146362305
38382,0.00413131713867
38383,0.00579452514648
38384,0.00695037841797
38385,0.00902557373047
38386,0.0
38387,0.00126171112061
38388,0.00283050537109
38389,0.00451278686523
38390,0.00557327270508
38391,0.00653076171875
38392,0.0
38393,0.00162220001221
38394,0.00324440002441
38395,0.00479507446289
38396,0.00593566894531
38397,0.00640869140625
38398,0.0
38399,0.00157356262207
38400,0.00268173217773
38401,0.00446701049805
38402,0.00609588623047
38403,0.00776672363281
38404,0.0
38405,0.0011157989502
38406,0.00271606445312
38407,0.00416564941406
38408,0.00576019287109
38409,0.0068359375
38410,0.0
38411,0.0016450881958
38412,0.00280952453613
38413,0.00383377075195
38414,0.00542449951172
38415,0.00674057006836
38416,0.0
38417,0.0016393661499
38418,0.00296211242676
38419,0.00491714477539
38420,0.00634765625
38421,0.00782012939453
38422,0.0
38423,0.00159072875977
38424,0.00286293029785
38425,0.00475311279297
38426,0.00601196289062
38427,0.00717926025391
38428,0.0
38429,0.00142860412598
38430,0.00284194946289
38431,0.00458908081055
38432,0.00652313232422
38433,0.00794219970703
38434,0.0
38435,0.00136947631836
38436,0.00291633605957
38437,0.00450897216797
38438,0.00630950927734
38439,0.00738143920898
38440,0.0
38441,0.00119495391846
38442,0.00221633911133
38443,0.00428009033203
38444,0.00597381591797
38445,0.0068359375
38446,0.0
38447,0.00142097473145
38448,0.0034008026123
38449,0.00458145141602
38450,0.00560760498047
38451,0.00669479370117
38452,0.0
38453,0.00186347961426
38454,0.00371170043945
38455,0.00577163696289
38456,0.00821685791016
38457,0.0102996826172
38458,0.0
38459,0.00116443634033
38460,0.0025749206543
38461,0.00423431396484
38462,0.00525665283203
38463,0.00714874267578
38464,0.0
38465,0.00128936767578
38466,0.00331687927246
38467,0.00489044189453
38468,0.00646209716797
38469,0.00718307495117
38470,0.0
38471,0.00166034698486
38472,0.00351905822754
38473,0.00465393066406
38474,0.0057258605957
38475,0.00680923461914
38476,0.0
38477,0.00114917755127
38478,0.00273323059082
38479,0.00415802001953
38480,0.00618362426758
38481,0.00714492797852
38482,0.0
38483,0.00124073028564
38484,0.00328826904297
38485,0.00500869750977
38486,0.00640869140625
38487,0.00725936889648
38488,0.0
38489,0.00154113769531
38490,0.00313949584961
38491,0.00518798828125
38492,0.00650024414062
38493,0.00753402709961
38494,0.0
38495,0.00149345397949
38496,0.00260162353516
38497,0.00423431396484
38498,0.00557327270508
38499,0.00627899169922
38500,0.0
38501,0.00146198272705
38502,0.00300407409668
38503,0.00441741943359
38504,0.00611877441406
38505,0.00768661499023
38506,0.0
38507,0.00121212005615
38508,0.00266647338867
38509,0.00419235229492
38510,0.00600814819336
38511,0.00756454467773
38512,0.0
38513,0.00136184692383
38514,0.0026912689209
38515,0.00475692749023
38516,0.00600814819336
38517,0.00730133056641
38518,0.0
38519,0.00128936767578
38520,0.00309562683105
38521,0.00441741943359
38522,0.00626373291016
38523,0.00686264038086
38524,0.0
38525,0.00147151947021
38526,0.00305557250977
38527,0.00442123413086
38528,0.00606536865234
38529,0.00756072998047
38530,0.0
38531,0.00174903869629
38532,0.00328826904297
38533,0.0049934387207
38534,0.0059814453125
38535,0.00685882568359
38536,0.0
38537,0.00170421600342
38538,0.0033130645752
38539,0.00498199462891
38540,0.00739669799805
38541,0.00850677490234
38542,0.0
38543,0.00110340118408
38544,0.00308227539062
38545,0.00468444824219
38546,0.00603866577148
38547,0.00766372680664
38548,0.0
38549,0.00149726867676
38550,0.00355911254883
38551,0.00470733642578
38552,0.0062255859375
38553,0.00720977783203
38554,0.0
38555,0.00128173828125
38556,0.00290489196777
38557,0.0042610168457
38558,0.0058708190918
38559,0.00693511962891
38560,0.0
38561,0.00142765045166
38562,0.00263023376465
38563,0.00389289855957
38564,0.00527191162109
38565,0.00601196289062
38566,0.0
38567,0.00141525268555
38568,0.00304985046387
38569,0.00428009033203
38570,0.00557327270508
38571,0.00620651245117
38572,0.0
38573,0.00139999389648
38574,0.0029354095459
38575,0.00473403930664
38576,0.00651931762695
38577,0.00738525390625
38578,0.0
38579,0.00177192687988
38580,0.00331115722656
38581,0.0046501159668
38582,0.0067253112793
38583,0.00725936889648
38584,0.0
38585,0.0012149810791
38586,0.00237274169922
38587,0.00394439697266
38588,0.00580215454102
38589,0.00613021850586
38590,0.0
38591,0.00121974945068
38592,0.00289344787598
38593,0.00537872314453
38594,0.00623321533203
38595,0.00782775878906
38596,0.0
38597,0.00125122070312
38598,0.00324249267578
38599,0.00476455688477
38600,0.00675201416016
38601,0.00798034667969
38602,0.0
38603,0.0016450881958
38604,0.00349235534668
38605,0.00487518310547
38606,0.00572204589844
38607,0.00658798217773
38608,0.0
38609,0.00174522399902
38610,0.00292205810547
38611,0.00432586669922
38612,0.00603103637695
38613,0.00732421875
38614,0.0
38615,0.00131130218506
38616,0.00285530090332
38617,0.00493621826172
38618,0.00625228881836
38619,0.00735473632812
38620,0.0
38621,0.00180339813232
38622,0.00320816040039
38623,0.00495147705078
38624,0.00608825683594
38625,0.00758743286133
38626,0.0
38627,0.00163650512695
38628,0.00346755981445
38629,0.00481033325195
38630,0.00632476806641
38631,0.00663757324219
38632,0.0
38633,0.00149345397949
38634,0.00302886962891
38635,0.00447845458984
38636,0.00546646118164
38637,0.00642776489258
38638,0.0
38639,0.00116539001465
38640,0.0031681060791
38641,0.00484085083008
38642,0.00644302368164
38643,0.00847625732422
38644,0.0
38645,0.0014009475708
38646,0.00325393676758
38647,0.00486373901367
38648,0.00698852539062
38649,0.00747299194336
38650,0.0
38651,0.00119113922119
38652,0.00288581848145
38653,0.00441360473633
38654,0.0059814453125
38655,0.00716400146484
38656,0.0
38657,0.00126934051514
38658,0.00264739990234
38659,0.00432968139648
38660,0.0061149597168
38661,0.00743103027344
38662,0.0
38663,0.00138473510742
38664,0.00277328491211
38665,0.00446701049805
38666,0.00621032714844
38667,0.00778961181641
38668,0.0
38669,0.00160503387451
38670,0.00323486328125
38671,0.00431442260742
38672,0.00622940063477
38673,0.00757598876953
38674,0.0
38675,0.00124740600586
38676,0.00265884399414
38677,0.00444793701172
38678,0.00601959228516
38679,0.00723266601562
38680,0.0
38681,0.00180435180664
38682,0.00402450561523
38683,0.00557708740234
38684,0.00743103027344
38685,0.00779342651367
38686,0.0
38687,0.00122928619385
38688,0.00290870666504
38689,0.00469207763672
38690,0.00555801391602
38691,0.00656127929688
38692,0.0
38693,0.001145362854
38694,0.00257110595703
38695,0.00408935546875
38696,0.00455093383789
38697,0.00653839111328
38698,0.0
38699,0.00160694122314
38700,0.0027904510498
38701,0.00449752807617
38702,0.00541305541992
38703,0.00633239746094
38704,0.0
38705,0.0015287399292
38706,0.00293922424316
38707,0.00470352172852
38708,0.00608825683594
38709,0.00815582275391
38710,0.0
38711,0.00151252746582
38712,0.00367736816406
38713,0.00556564331055
38714,0.00707626342773
38715,0.00814056396484
38716,0.0
38717,0.00134658813477
38718,0.00310325622559
38719,0.00432968139648
38720,0.00612258911133
38721,0.00714492797852
38722,0.0
38723,0.00158500671387
38724,0.00325775146484
38725,0.00463104248047
38726,0.00656127929688
38727,0.00687789916992
38728,0.0
38729,0.00154590606689
38730,0.00345230102539
38731,0.00495910644531
38732,0.00704574584961
38733,0.00833129882812
38734,0.0
38735,0.00139999389648
38736,0.00337791442871
38737,0.00543594360352
38738,0.0068473815918
38739,0.00789642333984
38740,0.0
38741,0.00116157531738
38742,0.00308036804199
38743,0.00410079956055
38744,0.00550842285156
38745,0.00696563720703
38746,0.0
38747,0.0013370513916
38748,0.00295448303223
38749,0.00515365600586
38750,0.00671768188477
38751,0.00833129882812
38752,0.0
38753,0.0014066696167
38754,0.00353813171387
38755,0.00479507446289
38756,0.00575256347656
38757,0.00631332397461
38758,0.0
38759,0.00144672393799
38760,0.00320816040039
38761,0.00430679321289
38762,0.00597381591797
38763,0.00693511962891
38764,0.0
38765,0.00123882293701
38766,0.00239181518555
38767,0.00361061096191
38768,0.0050048828125
38769,0.00606918334961
38770,0.0
38771,0.00103950500488
38772,0.00234222412109
38773,0.00408935546875
38774,0.00537872314453
38775,0.00642013549805
38776,0.0
38777,0.0015869140625
38778,0.00323867797852
38779,0.00425338745117
38780,0.00564575195312
38781,0.00635528564453
38782,0.0
38783,0.00112915039062
38784,0.00259399414062
38785,0.00392532348633
38786,0.00537109375
38787,0.00673294067383
38788,0.0
38789,0.00119495391846
38790,0.00348854064941
38791,0.0056266784668
38792,0.00725936889648
38793,0.00804901123047
38794,0.0
38795,0.00159168243408
38796,0.00359344482422
38797,0.00505828857422
38798,0.00656509399414
38799,0.00810241699219
38800,0.0
38801,0.00137901306152
38802,0.00248336791992
38803,0.00429916381836
38804,0.00603485107422
38805,0.00758743286133
38806,0.0
38807,0.0012321472168
38808,0.00248336791992
38809,0.00419235229492
38810,0.00523376464844
38811,0.00690841674805
38812,0.0
38813,0.00116920471191
38814,0.00279808044434
38815,0.00426483154297
38816,0.0050163269043
38817,0.0064582824707
38818,0.0
38819,0.00224494934082
38820,0.00447463989258
38821,0.00545120239258
38822,0.00561904907227
38823,0.00699615478516
38824,0.0
38825,0.00156307220459
38826,0.00281715393066
38827,0.00447082519531
38828,0.00528335571289
38829,0.00700759887695
38830,0.0
38831,0.00136280059814
38832,0.00288200378418
38833,0.00449371337891
38834,0.00580978393555
38835,0.00634002685547
38836,0.0
38837,0.00152015686035
38838,0.00279235839844
38839,0.00428771972656
38840,0.00576400756836
38841,0.00711822509766
38842,0.0
38843,0.0013370513916
38844,0.0031909942627
38845,0.00510787963867
38846,0.00592422485352
38847,0.00659942626953
38848,0.0
38849,0.00137329101562
38850,0.00322341918945
38851,0.00472259521484
38852,0.00606155395508
38853,0.00682830810547
38854,0.0
38855,0.0016975402832
38856,0.00271797180176
38857,0.00437164306641
38858,0.00532150268555
38859,0.00632095336914
38860,0.0
38861,0.00098705291748
38862,0.00250053405762
38863,0.0037727355957
38864,0.00476837158203
38865,0.0058479309082
38866,0.0
38867,0.00129985809326
38868,0.00272560119629
38869,0.00433731079102
38870,0.00614166259766
38871,0.007080078125
38872,0.0
38873,0.00153732299805
38874,0.0027904510498
38875,0.00453186035156
38876,0.00556564331055
38877,0.00745391845703
38878,0.0
38879,0.00131130218506
38880,0.00315475463867
38881,0.00461578369141
38882,0.00617599487305
38883,0.00791931152344
38884,0.0
38885,0.00173664093018
38886,0.00396728515625
38887,0.00586318969727
38888,0.00767135620117
38889,0.0079345703125
38890,0.0
38891,0.00185871124268
38892,0.00374412536621
38893,0.00590133666992
38894,0.00671768188477
38895,0.00763702392578
38896,0.0
38897,0.00142192840576
38898,0.00294876098633
38899,0.00508880615234
38900,0.00693893432617
38901,0.00741195678711
38902,0.0
38903,0.00161361694336
38904,0.00362205505371
38905,0.00503158569336
38906,0.00585174560547
38907,0.0068244934082
38908,0.0
38909,0.00149536132812
38910,0.00322532653809
38911,0.00411605834961
38912,0.00537109375
38913,0.0079345703125
38914,0.0
38915,0.0016622543335
38916,0.0028076171875
38917,0.00447463989258
38918,0.00611114501953
38919,0.00758743286133
38920,0.0
38921,0.00169849395752
38922,0.00314331054688
38923,0.00500869750977
38924,0.00674819946289
38925,0.00794982910156
38926,0.0
38927,0.00158786773682
38928,0.00344657897949
38929,0.00563430786133
38930,0.00669097900391
38931,0.00823974609375
38932,0.0
38933,0.00152206420898
38934,0.0028190612793
38935,0.00450134277344
38936,0.0057487487793
38937,0.00732040405273
38938,0.0
38939,0.00205230712891
38940,0.00406265258789
38941,0.00588989257812
38942,0.00644683837891
38943,0.0069694519043
38944,0.0
38945,0.00189399719238
38946,0.0037841796875
38947,0.00564193725586
38948,0.00703430175781
38949,0.00814056396484
38950,0.0
38951,0.00202178955078
38952,0.00405502319336
38953,0.00460052490234
38954,0.00605773925781
38955,0.00791931152344
38956,0.0
38957,0.00205230712891
38958,0.00320625305176
38959,0.00498580932617
38960,0.00687789916992
38961,0.00801086425781
38962,0.0
38963,0.00136280059814
38964,0.0027904510498
38965,0.00453567504883
38966,0.0059928894043
38967,0.00774383544922
38968,0.0
38969,0.00150871276855
38970,0.00338935852051
38971,0.00481796264648
38972,0.00600051879883
38973,0.00732803344727
38974,0.0
38975,0.00161170959473
38976,0.00363731384277
38977,0.00549697875977
38978,0.00642395019531
38979,0.00788879394531
38980,0.0
38981,0.00123596191406
38982,0.00294876098633
38983,0.00438690185547
38984,0.00575256347656
38985,0.00632858276367
38986,0.0
38987,0.00207328796387
38988,0.00369644165039
38989,0.00513076782227
38990,0.00589752197266
38991,0.00611877441406
38992,0.0
38993,0.00166416168213
38994,0.00317764282227
38995,0.0050163269043
38996,0.00615692138672
38997,0.00786590576172
38998,0.0
38999,0.00163555145264
39000,0.00360870361328
39001,0.00531768798828
39002,0.00634002685547
39003,0.00782012939453
39004,0.0
39005,0.00178337097168
39006,0.00287437438965
39007,0.00469970703125
39008,0.00590515136719
39009,0.00680541992188
39010,0.0
39011,0.00155639648438
39012,0.00382423400879
39013,0.00547790527344
39014,0.00633239746094
39015,0.00712203979492
39016,0.0
39017,0.00165176391602
39018,0.00345611572266
39019,0.00542449951172
39020,0.00698089599609
39021,0.00773239135742
39022,0.0
39023,0.00155639648438
39024,0.00337791442871
39025,0.00521850585938
39026,0.0068359375
39027,0.00874328613281
39028,0.0
39029,0.00174427032471
39030,0.0037784576416
39031,0.00507354736328
39032,0.00692367553711
39033,0.00839996337891
39034,0.0
39035,0.00146675109863
39036,0.00317764282227
39037,0.00522994995117
39038,0.00743103027344
39039,0.00821685791016
39040,0.0
39041,0.00152683258057
39042,0.00352668762207
39043,0.00505828857422
39044,0.00602722167969
39045,0.00832366943359
39046,0.0
39047,0.00205993652344
39048,0.00428771972656
39049,0.00583267211914
39050,0.00654602050781
39051,0.00738906860352
39052,0.0
39053,0.00186443328857
39054,0.00328826904297
39055,0.00420761108398
39056,0.00605392456055
39057,0.00736236572266
39058,0.0
39059,0.00217819213867
39060,0.00492858886719
39061,0.00627517700195
39062,0.00785827636719
39063,0.00978851318359
39064,0.0
39065,0.00174713134766
39066,0.00325775146484
39067,0.00508880615234
39068,0.0062255859375
39069,0.00702667236328
39070,0.0
39071,0.00194835662842
39072,0.00389289855957
39073,0.00494003295898
39074,0.00608062744141
39075,0.00706481933594
39076,0.0
39077,0.00116443634033
39078,0.00300788879395
39079,0.00479507446289
39080,0.00627899169922
39081,0.00798797607422
39082,0.0
39083,0.00171375274658
39084,0.00413131713867
39085,0.00602722167969
39086,0.00735855102539
39087,0.00818634033203
39088,0.0
39089,0.00175762176514
39090,0.00286102294922
39091,0.00425338745117
39092,0.00595474243164
39093,0.00764846801758
39094,0.0
39095,0.0015869140625
39096,0.00432968139648
39097,0.00624084472656
39098,0.00788879394531
39099,0.00975036621094
39100,0.0
39101,0.00156879425049
39102,0.00261688232422
39104,0.00482177734375
39105,0.00566864013672
39106,0.00735855102539
39107,0.0
39108,0.00166702270508
39109,0.00345802307129
39110,0.00540542602539
39111,0.00707244873047
39112,0.00848388671875
39113,0.0
39114,0.00173377990723
39115,0.00325965881348
39116,0.00487899780273
39117,0.00701141357422
39118,0.00836181640625
39119,0.0
39120,0.00155258178711
39121,0.00330352783203
39122,0.00485992431641
39123,0.00690841674805
39124,0.00834655761719
39125,0.0
39126,0.00138187408447
39127,0.00290489196777
39128,0.00436782836914
39129,0.00594329833984
39130,0.00749588012695
39131,0.0
39132,0.00178718566895
39133,0.00358009338379
39134,0.00496292114258
39135,0.00662231445312
39136,0.00750350952148
39137,0.0
39138,0.00158023834229
39139,0.00359344482422
39140,0.005615234375
39141,0.0068473815918
39142,0.0078010559082
39143,0.0
39144,0.00160694122314
39145,0.00397491455078
39146,0.00663757324219
39147,0.00778961181641
39148,0.0084228515625
39149,0.0
39150,0.00186347961426
39151,0.00352668762207
39152,0.00532913208008
39153,0.00647354125977
39154,0.00788116455078
39155,0.0
39156,0.0015344619751
39157,0.00333976745605
39158,0.00500869750977
39159,0.00686264038086
39160,0.0081787109375
39161,0.0
39162,0.00150775909424
39163,0.0030632019043
39164,0.00542068481445
39165,0.00788879394531
39166,0.00875854492188
39167,0.0
39168,0.00146007537842
39169,0.00351905822754
39170,0.00531005859375
39171,0.00671005249023
39172,0.00785064697266
39173,0.0
39174,0.00161838531494
39175,0.00351524353027
39176,0.00519943237305
39177,0.0062370300293
39178,0.00894927978516
39179,0.0
39180,0.00193214416504
39181,0.00392913818359
39182,0.00582122802734
39183,0.0067253112793
39184,0.0086669921875
39185,0.0
39186,0.00211334228516
39187,0.00505447387695
39188,0.00752639770508
39189,0.0100479125977
39190,0.0121688842773
39191,0.0
39192,0.00237274169922
39193,0.0046272277832
39194,0.00678253173828
39195,0.00879669189453
39196,0.00876617431641
39197,0.0
39198,0.00179290771484
39199,0.00356292724609
39200,0.00545883178711
39201,0.00642776489258
39202,0.00783538818359
39203,0.0
39204,0.00148487091064
39205,0.00300025939941
39206,0.00471878051758
39207,0.00621032714844
39208,0.00764465332031
39209,0.0
39210,0.0014476776123
39211,0.00345039367676
39212,0.00485229492188
39213,0.0069694519043
39214,0.00863647460938
39215,0.0
39216,0.00138759613037
39217,0.0029239654541
39218,0.00450897216797
39219,0.00524520874023
39220,0.00875854492188
39221,0.0
39222,0.00135803222656
39223,0.0028018951416
39224,0.00506591796875
39225,0.00710678100586
39226,0.00819396972656
39227,0.0
39228,0.00192737579346
39229,0.00430679321289
39230,0.00608062744141
39231,0.00782775878906
39232,0.00895690917969
39233,0.0
39234,0.00223350524902
39235,0.00473022460938
39236,0.00709533691406
39237,0.00783538818359
39238,0.010383605957
39239,0.0
39240,0.00179195404053
39241,0.0032901763916
39242,0.00542831420898
39243,0.00746917724609
39244,0.00910186767578
39245,0.0
39246,0.00170803070068
39247,0.00366592407227
39248,0.00515365600586
39249,0.00637435913086
39250,0.00788879394531
39251,0.0
39252,0.00188255310059
39253,0.0037899017334
39254,0.00620269775391
39255,0.00727081298828
39256,0.00901794433594
39257,0.0
39258,0.00160217285156
39259,0.00318717956543
39260,0.0053825378418
39261,0.00686645507812
39262,0.00830841064453
39263,0.0
39264,0.00132942199707
39265,0.00301551818848
39266,0.00481796264648
39267,0.0063591003418
39268,0.00756072998047
39269,0.0
39270,0.001784324646
39271,0.00429534912109
39272,0.00577926635742
39273,0.00715255737305
39274,0.00863647460938
39275,0.0
39276,0.00137424468994
39277,0.00311851501465
39278,0.00449752807617
39279,0.00575637817383
39280,0.00705337524414
39281,0.0
39282,0.0019702911377
39283,0.00406646728516
39284,0.00602340698242
39285,0.0069580078125
39286,0.00830078125
39287,0.0
39288,0.00189685821533
39289,0.00362586975098
39290,0.00529479980469
39291,0.00656127929688
39292,0.00607299804688
39293,0.0
39294,0.00198936462402
39295,0.00355339050293
39296,0.00468444824219
39297,0.00641632080078
39298,0.00826263427734
39299,0.0
39300,0.00214004516602
39301,0.00432586669922
39302,0.0050163269043
39303,0.00615692138672
39304,0.00717544555664
39305,0.0
39306,0.0018949508667
39307,0.0037956237793
39308,0.00576782226562
39309,0.00695037841797
39310,0.00852203369141
39311,0.0
39312,0.00147342681885
39313,0.0028018951416
39314,0.005126953125
39315,0.00594329833984
39316,0.00715637207031
39317,0.0
39318,0.00164127349854
39319,0.00295066833496
39320,0.0045166015625
39321,0.00495529174805
39322,0.00679016113281
39323,0.0
39324,0.00171947479248
39325,0.00389671325684
39326,0.00522994995117
39327,0.00665664672852
39328,0.00837707519531
39329,0.0
39330,0.00124931335449
39331,0.00327682495117
39332,0.00405120849609
39333,0.00541305541992
39334,0.0063591003418
39335,0.0
39336,0.0017786026001
39337,0.00375747680664
39338,0.00554656982422
39339,0.00653839111328
39340,0.00737380981445
39341,0.0
39342,0.00158023834229
39343,0.00349235534668
39344,0.00536346435547
39345,0.00667190551758
39346,0.00732040405273
39347,0.0
39348,0.00147438049316
39349,0.0034236907959
39350,0.00464248657227
39351,0.00580978393555
39352,0.00628662109375
39353,0.0
39354,0.00131893157959
39355,0.00307083129883
39356,0.0042724609375
39357,0.00601959228516
39358,0.00708389282227
39359,0.0
39360,0.00147342681885
39361,0.00324249267578
39362,0.00494003295898
39363,0.00657272338867
39364,0.00847625732422
39365,0.0
39366,0.00166797637939
39367,0.00348854064941
39368,0.00421905517578
39369,0.00559997558594
39370,0.00666809082031
39371,0.0
39372,0.00118350982666
39373,0.00281143188477
39374,0.00525665283203
39375,0.00669479370117
39376,0.00834655761719
39377,0.0
39378,0.00132656097412
39379,0.00310897827148
39380,0.00468444824219
39381,0.00668716430664
39382,0.0076904296875
39383,0.0
39384,0.00110816955566
39385,0.00323295593262
39386,0.00498199462891
39387,0.00648880004883
39388,0.00785827636719
39389,0.0
39390,0.00157928466797
39391,0.00331878662109
39392,0.00518798828125
39393,0.00588989257812
39394,0.00711059570312
39395,0.0
39396,0.00187301635742
39397,0.00349044799805
39398,0.00495147705078
39399,0.00621032714844
39400,0.00702667236328
39401,0.0
39402,0.00213241577148
39403,0.00374221801758
39404,0.00526428222656
39405,0.00688171386719
39406,0.00760269165039
39407,0.0
39408,0.00236320495605
39409,0.00371742248535
39410,0.00459289550781
39411,0.00638580322266
39412,0.0072135925293
39413,0.0
39414,0.00125217437744
39415,0.00244140625
39416,0.00443267822266
39417,0.00591278076172
39418,0.00763320922852
39419,0.0
39420,0.00114154815674
39421,0.00233459472656
39422,0.00405883789062
39423,0.00529479980469
39424,0.00708389282227
39425,0.0
39426,0.00167083740234
39427,0.0034065246582
39428,0.00486373901367
39429,0.00629425048828
39430,0.00698089599609
39431,0.0
39432,0.00158786773682
39433,0.00300216674805
39434,0.00487899780273
39435,0.00635528564453
39436,0.00746154785156
39437,0.0
39438,0.00129318237305
39439,0.00318336486816
39440,0.00467681884766
39441,0.00680541992188
39442,0.00818634033203
39443,0.0
39444,0.0015926361084
39445,0.00373649597168
39446,0.00509643554688
39447,0.00575637817383
39448,0.00823974609375
39449,0.0
39450,0.00129222869873
39451,0.00234603881836
39452,0.00418853759766
39453,0.00576019287109
39454,0.00690078735352
39455,0.0
39456,0.00145053863525
39457,0.00314903259277
39458,0.00465393066406
39459,0.00615692138672
39460,0.00714111328125
39461,0.0
39462,0.00163269042969
39463,0.00363159179688
39464,0.00510787963867
39465,0.00629043579102
39466,0.00769805908203
39467,0.0
39468,0.00166893005371
39469,0.00349617004395
39470,0.00491714477539
39471,0.00635528564453
39472,0.00718688964844
39473,0.0
39474,0.00146293640137
39475,0.0032787322998
39476,0.00504302978516
39477,0.00625991821289
39478,0.00704193115234
39479,0.0
39480,0.00149345397949
39481,0.00289726257324
39482,0.00473403930664
39483,0.0063591003418
39484,0.00706100463867
39485,0.0
39486,0.00191402435303
39487,0.00339317321777
39488,0.00471115112305
39489,0.00574493408203
39490,0.00693893432617
39491,0.0
39492,0.00124740600586
39493,0.0032787322998
39494,0.0048828125
39495,0.00598526000977
39496,0.00735473632812
39497,0.0
39498,0.00146961212158
39499,0.00305938720703
39500,0.00445175170898
39501,0.00545501708984
39502,0.00645446777344
39503,0.0
39504,0.00105667114258
39505,0.00308418273926
39506,0.0047492980957
39507,0.00588989257812
39508,0.00680160522461
39509,0.0
39510,0.00161361694336
39511,0.00355529785156
39512,0.00462341308594
39513,0.00622940063477
39514,0.00750350952148
39515,0.0
39516,0.00140762329102
39517,0.00383567810059
39518,0.00531387329102
39519,0.00711059570312
39520,0.00852203369141
39521,0.0
39522,0.00156307220459
39523,0.00357055664062
39524,0.00502777099609
39525,0.00580978393555
39526,0.00662612915039
39527,0.0
39528,0.00171089172363
39529,0.0035457611084
39530,0.00492095947266
39531,0.00627899169922
39532,0.00847625732422
39533,0.0
39534,0.00135326385498
39535,0.0031852722168
39536,0.00481033325195
39537,0.00670623779297
39538,0.00747299194336
39539,0.0
39540,0.00141143798828
39541,0.00294494628906
39542,0.0047492980957
39543,0.00581741333008
39544,0.00673675537109
39545,0.0
39546,0.00168323516846
39547,0.00350570678711
39548,0.00551986694336
39549,0.00682830810547
39550,0.00828552246094
39551,0.0
39552,0.00153541564941
39553,0.00346183776855
39554,0.00541687011719
39555,0.00645446777344
39556,0.00772476196289
39557,0.0
39558,0.00153064727783
39559,0.00295829772949
39560,0.00468826293945
39561,0.00605010986328
39562,0.00766372680664
39563,0.0
39564,0.00122356414795
39565,0.00295066833496
39566,0.00470733642578
39567,0.0058479309082
39568,0.00741577148438
39569,0.0
39570,0.00158214569092
39571,0.00319862365723
39572,0.00506973266602
39573,0.00786590576172
39574,0.00816345214844
39575,0.0
39576,0.00143432617188
39577,0.00358390808105
39578,0.00483322143555
39579,0.00579833984375
39580,0.00679397583008
39581,0.0
39582,0.00152015686035
39583,0.00343894958496
39584,0.00571823120117
39585,0.00630950927734
39586,0.00727462768555
39587,0.0
39588,0.00145721435547
39589,0.00270462036133
39590,0.00370216369629
39591,0.00559997558594
39592,0.00719451904297
39593,0.0
39594,0.00212097167969
39595,0.0034065246582
39596,0.00509262084961
39597,0.00568008422852
39598,0.00678634643555
39599,0.0
39600,0.00112628936768
39601,0.00333023071289
39602,0.00494766235352
39603,0.00595855712891
39604,0.00652694702148
39605,0.0
39606,0.00191879272461
39607,0.00349235534668
39608,0.00469207763672
39609,0.00654602050781
39610,0.00765228271484
39611,0.0
39612,0.00170707702637
39613,0.00319862365723
39614,0.00448608398438
39615,0.00558853149414
39616,0.00655364990234
39617,0.0
39618,0.00202178955078
39619,0.00388526916504
39620,0.00522613525391
39621,0.00598907470703
39622,0.00662231445312
39623,0.0
39624,0.0018482208252
39625,0.00398635864258
39626,0.00532531738281
39627,0.00693130493164
39628,0.00807952880859
39629,0.0
39630,0.00117588043213
39631,0.00251960754395
39632,0.00453567504883
39633,0.00591659545898
39634,0.0068473815918
39635,0.0
39636,0.00140857696533
39637,0.00309753417969
39638,0.00423812866211
39639,0.00599670410156
39640,0.00694274902344
39641,0.0
39642,0.00202369689941
39643,0.0036735534668
39644,0.00496292114258
39645,0.00640487670898
39646,0.00685119628906
39647,0.0
39648,0.00147533416748
39649,0.0026969909668
39650,0.00370216369629
39651,0.00551986694336
39652,0.00740814208984
39653,0.0
39654,0.00133895874023
39655,0.00340270996094
39656,0.00442886352539
39657,0.0063362121582
39658,0.00742340087891
39659,0.0
39660,0.00172328948975
39661,0.0033073425293
39662,0.00433731079102
39663,0.00530242919922
39664,0.00729751586914
39665,0.0
39666,0.00128078460693
39667,0.00233840942383
39668,0.00385284423828
39669,0.0051383972168
39670,0.00624084472656
39671,0.0
39672,0.00136947631836
39673,0.00332260131836
39674,0.00433349609375
39675,0.00577163696289
39676,0.00723266601562
39677,0.0
39678,0.00188541412354
39679,0.00362586975098
39680,0.0057487487793
39681,0.00725936889648
39682,0.0078125
39683,0.0
39684,0.00144386291504
39685,0.0037956237793
39686,0.00564575195312
39687,0.00676727294922
39688,0.00772857666016
39689,0.0
39690,0.00180530548096
39691,0.00339317321777
39692,0.00510406494141
39693,0.00665283203125
39694,0.00858306884766
39695,0.0
39696,0.00138854980469
39697,0.00349044799805
39698,0.00535583496094
39699,0.00638580322266
39700,0.00624084472656
39701,0.0
39702,0.00166702270508
39703,0.00336265563965
39704,0.00472640991211
39705,0.00554656982422
39706,0.00652313232422
39707,0.0
39708,0.0017147064209
39709,0.00380706787109
39710,0.00447463989258
39711,0.00657272338867
39712,0.0075798034668
39713,0.0
39714,0.00172710418701
39715,0.00374794006348
39716,0.00522994995117
39717,0.0062141418457
39718,0.00678634643555
39719,0.0
39720,0.00148677825928
39721,0.00321388244629
39722,0.0048828125
39723,0.00656509399414
39724,0.00814819335938
39725,0.0
39726,0.00139617919922
39727,0.00373840332031
39728,0.00556182861328
39729,0.00707626342773
39730,0.00835418701172
39731,0.0
39732,0.00144481658936
39733,0.0032901763916
39734,0.0047721862793
39735,0.00627136230469
39736,0.00690460205078
39737,0.0
39738,0.00141525268555
39739,0.00326919555664
39740,0.00542449951172
39741,0.00613021850586
39742,0.00764083862305
39743,0.0
39744,0.00164890289307
39745,0.00296211242676
39746,0.00426483154297
39747,0.00651550292969
39748,0.00732803344727
39749,0.0
39750,0.00134563446045
39751,0.00356483459473
39752,0.00550079345703
39753,0.00716781616211
39754,0.00829315185547
39755,0.0
39756,0.00139236450195
39757,0.00350952148438
39758,0.00554275512695
39759,0.00675964355469
39760,0.00727081298828
39761,0.0
39762,0.00146102905273
39763,0.00369834899902
39764,0.00550842285156
39765,0.00649642944336
39766,0.00824737548828
39767,0.0
39768,0.00178527832031
39769,0.00332260131836
39770,0.00522613525391
39771,0.00616073608398
39772,0.00728607177734
39773,0.0
39774,0.00124073028564
39775,0.00238609313965
39776,0.00448989868164
39777,0.00532150268555
39778,0.00642395019531
39779,0.0
39780,0.00157356262207
39781,0.00312805175781
39782,0.00452041625977
39783,0.00580215454102
39784,0.00709533691406
39785,0.0
39786,0.00157070159912
39787,0.00326919555664
39788,0.00509262084961
39789,0.00626754760742
39790,0.00681686401367
39791,0.0
39792,0.0017261505127
39793,0.00302886962891
39794,0.00485229492188
39795,0.00613403320312
39796,0.00718307495117
39797,0.0
39798,0.00181484222412
39799,0.00294876098633
39800,0.00424957275391
39801,0.00610733032227
39802,0.0067138671875
39803,0.0
39804,0.00184059143066
39805,0.00343322753906
39806,0.00526428222656
39807,0.00620651245117
39808,0.00672912597656
39809,0.0
39810,0.00136375427246
39811,0.00289535522461
39812,0.00424575805664
39813,0.00536346435547
39814,0.0065803527832
39815,0.0
39816,0.00127506256104
39817,0.00283432006836
39818,0.00456619262695
39819,0.0060920715332
39820,0.00704193115234
39821,0.0
39822,0.00154399871826
39823,0.00380897521973
39824,0.00529861450195
39825,0.00709533691406
39826,0.00739288330078
39827,0.0
39828,0.00137233734131
39829,0.00284004211426
39830,0.00494384765625
39831,0.00611114501953
39832,0.00729751586914
39833,0.0
39834,0.00134372711182
39835,0.00324630737305
39836,0.00404357910156
39837,0.00630187988281
39838,0.0069580078125
39839,0.0
39840,0.00161647796631
39841,0.00281143188477
39842,0.00445938110352
39843,0.00559234619141
39844,0.00747680664062
39845,0.0
39846,0.00175952911377
39847,0.00320816040039
39848,0.00495910644531
39849,0.00635147094727
39850,0.00759887695312
39851,0.0
39852,0.00158500671387
39853,0.00399398803711
39854,0.00559997558594
39855,0.00717544555664
39856,0.00798797607422
39857,0.0
39858,0.00126552581787
39859,0.00299644470215
39860,0.00464630126953
39861,0.00621795654297
39862,0.00766372680664
39863,0.0
39864,0.00138759613037
39865,0.00309562683105
39866,0.00458526611328
39867,0.00627136230469
39868,0.00739669799805
39869,0.0
39870,0.00166416168213
39871,0.00288963317871
39872,0.0042724609375
39873,0.00554275512695
39874,0.00679779052734
39875,0.0
39876,0.00157451629639
39877,0.00324249267578
39878,0.00478744506836
39879,0.00633239746094
39880,0.00775527954102
39881,0.0
76637,0.00144100189209
76638,0.00259590148926
76640,0.00404357910156
76641,0.00540924072266
76642,0.0069580078125
76643,0.0
76644,0.00136852264404
76645,0.00281715393066
76646,0.00393676757812
76647,0.00495147705078
76648,0.00647354125977
76649,0.0
76650,0.000819683074951
76651,0.00266265869141
76652,0.00397491455078
76653,0.006103515625
76654,0.00708770751953
76655,0.0
76656,0.00125122070312
76657,0.0023193359375
76658,0.00404739379883
76659,0.0048942565918
76660,0.00612258911133
76661,0.0
76662,0.00107860565186
76663,0.00236320495605
76664,0.00381088256836
76665,0.00546264648438
76666,0.00666809082031
76667,0.0
76668,0.00152587890625
76669,0.0033130645752
76670,0.00445556640625
76671,0.00568389892578
76672,0.00662231445312
76673,0.0
76674,0.00140380859375
76675,0.00287055969238
76676,0.00444412231445
76677,0.00542831420898
76678,0.00724029541016
76679,0.0
76680,0.00142097473145
76681,0.00281715393066
76682,0.00417709350586
76683,0.00505828857422
76684,0.00638198852539
76685,0.0
76686,0.0014009475708
76687,0.00286102294922
76688,0.00422668457031
76689,0.00600814819336
76690,0.00725555419922
76691,0.0
76692,0.00113964080811
76693,0.00286293029785
76694,0.00428009033203
76695,0.00466156005859
76696,0.00566101074219
76697,0.0
76698,0.00142669677734
76699,0.00281524658203
76700,0.00467300415039
76701,0.00543212890625
76702,0.00597381591797
76703,0.0
76704,0.00122451782227
76705,0.0025520324707
76706,0.00443267822266
76707,0.00586318969727
76708,0.00732803344727
76709,0.0
76710,0.00161647796631
76711,0.00322151184082
76712,0.00453186035156
76713,0.00532913208008
76714,0.00600051879883
76715,0.0
76716,0.00141906738281
76717,0.00278854370117
76718,0.00376319885254
76719,0.00510406494141
76720,0.00650405883789
76721,0.0
76722,0.00150871276855
76723,0.00272941589355
76724,0.00336074829102
76725,0.005126953125
76726,0.00548934936523
76727,0.0
76728,0.00155925750732
76729,0.0024356842041
76730,0.00402069091797
76731,0.00503540039062
76732,0.00608825683594
76733,0.0
76734,0.00111961364746
76735,0.00253868103027
76736,0.00395202636719
76737,0.00539398193359
76738,0.00640869140625
76739,0.0
76740,0.00115394592285
76741,0.00224876403809
76742,0.00375556945801
76743,0.00455474853516
76744,0.00539398193359
76745,0.0
76746,0.00113296508789
76747,0.00292015075684
76748,0.00435638427734
76749,0.0061149597168
76750,0.00646591186523
76751,0.0
76752,0.00162601470947
76753,0.00312805175781
76754,0.00433731079102
76755,0.00565719604492
76756,0.00662612915039
76757,0.0
76758,0.000988960266113
76759,0.00248718261719
76760,0.00421524047852
76761,0.00485992431641
76762,0.00628662109375
76763,0.0
76764,0.00150775909424
76765,0.00325965881348
76766,0.00498199462891
76767,0.00573348999023
76768,0.00642395019531
76769,0.0
76770,0.00154113769531
76771,0.00332832336426
76772,0.00447082519531
76773,0.00584411621094
76774,0.00704193115234
76775,0.0
76776,0.00162220001221
76777,0.00326919555664
76778,0.0050048828125
76779,0.00579833984375
76780,0.00678253173828
76781,0.0
76782,0.00139331817627
76783,0.00332069396973
76784,0.00523376464844
76785,0.00720596313477
76786,0.00748062133789
76787,0.0
76788,0.00124263763428
76789,0.00280952453613
76790,0.00388526916504
76791,0.00594711303711
76792,0.00673294067383
76793,0.0
76794,0.00130653381348
76795,0.00286102294922
76796,0.00423431396484
76797,0.00590896606445
76798,0.00669097900391
76799,0.0
76800,0.00152778625488
76801,0.0026741027832
76802,0.00399780273438
76803,0.00592803955078
76804,0.00703430175781
76805,0.0
76806,0.0015344619751
76807,0.00323104858398
76808,0.00460052490234
76809,0.00600814819336
76810,0.00677490234375
76811,0.0
76812,0.00140190124512
76813,0.00309181213379
76814,0.00428009033203
76815,0.00561904907227
76816,0.00680160522461
76817,0.0
76818,0.00136470794678
76819,0.0036678314209
76820,0.00505065917969
76821,0.00619888305664
76822,0.0072135925293
76823,0.0
76824,0.00184535980225
76825,0.00332832336426
76826,0.00508499145508
76827,0.00644683837891
76828,0.00695037841797
76829,0.0
76830,0.00185680389404
76831,0.00303268432617
76832,0.00466537475586
76833,0.00601577758789
76834,0.00733184814453
76835,0.0
76836,0.00171279907227
76837,0.00354766845703
76838,0.00477981567383
76839,0.00570678710938
76840,0.00690078735352
76841,0.0
76842,0.00166511535645
76843,0.00337409973145
76844,0.00519943237305
76845,0.00616836547852
76846,0.00664520263672
76847,0.0
76848,0.00171089172363
76849,0.00346946716309
76850,0.00545501708984
76851,0.00724029541016
76852,0.00768661499023
76853,0.0
76854,0.00160598754883
76855,0.00303840637207
76856,0.00408554077148
76857,0.005615234375
76858,0.00670623779297
76859,0.0
76860,0.00166606903076
76861,0.00251388549805
76862,0.00436401367188
76863,0.00536727905273
76864,0.00654602050781
76865,0.0
76866,0.00124168395996
76867,0.0030345916748
76868,0.0042839050293
76869,0.00549697875977
76870,0.00667190551758
76871,0.0
76872,0.00122547149658
76873,0.0034294128418
76874,0.00543212890625
76875,0.00700759887695
76876,0.00792694091797
76877,0.0
76878,0.00149631500244
76879,0.00313377380371
76880,0.00468063354492
76881,0.00544357299805
76882,0.00617218017578
76883,0.0
76884,0.00144481658936
76885,0.00322151184082
76886,0.00436401367188
76887,0.00591659545898
76888,0.00704956054688
76889,0.0
76890,0.0013599395752
76891,0.00296020507812
76892,0.0042610168457
76893,0.0059814453125
76894,0.00705718994141
76895,0.0
76896,0.00137424468994
76897,0.00270080566406
76898,0.00414657592773
76899,0.00528717041016
76900,0.0062370300293
76901,0.0
76902,0.00179195404053
76903,0.00375747680664
76904,0.00510787963867
76905,0.00659942626953
76906,0.00669479370117
76907,0.0
76908,0.00160121917725
76909,0.00292778015137
76910,0.00406265258789
76911,0.00532531738281
76912,0.00612258911133
76913,0.0
76914,0.00137519836426
76915,0.00307464599609
76916,0.00463104248047
76917,0.00579833984375
76918,0.00680923461914
76919,0.0
76920,0.00129413604736
76921,0.0030403137207
76922,0.00448989868164
76923,0.00570678710938
76924,0.00650405883789
76925,0.0
76926,0.00184917449951
76927,0.0029468536377
76928,0.00466156005859
76929,0.00551223754883
76930,0.00719833374023
76931,0.0
76932,0.00179004669189
76933,0.00307083129883
76934,0.00414276123047
76935,0.00497817993164
76936,0.00596618652344
76937,0.0
76938,0.00174713134766
76939,0.00297737121582
76940,0.00434875488281
76941,0.00568008422852
76942,0.00701141357422
76943,0.0
76944,0.00133514404297
76945,0.00273704528809
76946,0.00429916381836
76947,0.00533294677734
76948,0.00599670410156
76949,0.0
76950,0.00140380859375
76951,0.00300788879395
76952,0.00461196899414
76953,0.00585556030273
76954,0.00704574584961
76955,0.0
76956,0.00195026397705
76957,0.00386428833008
76958,0.00503921508789
76959,0.00662231445312
76960,0.00782775878906
76961,0.0
76962,0.00168609619141
76963,0.00356483459473
76964,0.00579833984375
76965,0.00799560546875
76966,0.00853729248047
76967,0.0
76968,0.00232696533203
76969,0.00345611572266
76970,0.00493621826172
76971,0.00607299804688
76972,0.00740051269531
76973,0.0
76974,0.00126171112061
76975,0.00278282165527
76976,0.00401306152344
76977,0.00520706176758
76978,0.00582122802734
76979,0.0
76980,0.00141525268555
76981,0.00347328186035
76982,0.0045280456543
76983,0.00614166259766
76984,0.00720596313477
76985,0.0
76986,0.00148963928223
76987,0.00261878967285
76988,0.0045166015625
76989,0.0057373046875
76990,0.00657653808594
76991,0.0
76992,0.00141716003418
76993,0.00254821777344
76994,0.00444793701172
76995,0.00617980957031
76996,0.00758743286133
76997,0.0
76998,0.00130081176758
76999,0.00251960754395
77000,0.0042610168457
77001,0.0051383972168
77002,0.00606536865234
77003,0.0
77004,0.00166702270508
77005,0.00319671630859
77006,0.00427627563477
77007,0.00515747070312
77008,0.00632095336914
77009,0.0
77010,0.00104236602783
77011,0.00240898132324
77012,0.00325393676758
77013,0.00421905517578
77014,0.00539398193359
77015,0.0
77016,0.0012845993042
77017,0.002685546875
77018,0.00442886352539
77019,0.00600433349609
77020,0.00665664672852
77021,0.0
77022,0.00157451629639
77023,0.00294303894043
77024,0.00461578369141
77025,0.00565719604492
77026,0.0069580078125
77027,0.0
77028,0.00100708007812
77029,0.0024471282959
77030,0.00360679626465
77031,0.00509262084961
77032,0.006591796875
77033,0.0
77034,0.00155162811279
77035,0.00365447998047
77036,0.00498962402344
77037,0.00572967529297
77038,0.00715637207031
77039,0.0
77040,0.00127601623535
77041,0.00252723693848
77042,0.00425720214844
77043,0.00573348999023
77044,0.00654220581055
77045,0.0
77046,0.00134563446045
77047,0.00258255004883
77048,0.00480270385742
77049,0.00555419921875
77050,0.00662994384766
77051,0.0
77052,0.00124454498291
77053,0.00315284729004
77054,0.00424957275391
77055,0.00627136230469
77056,0.00751495361328
77057,0.0
77058,0.00145053863525
77059,0.00331497192383
77060,0.00431823730469
77061,0.00562286376953
77062,0.00647735595703
77063,0.0
77064,0.00161838531494
77065,0.00296211242676
77066,0.00405502319336
77067,0.0055046081543
77068,0.0075569152832
77069,0.0
77070,0.0014533996582
77071,0.00308418273926
77072,0.00398254394531
77073,0.00469207763672
77074,0.00562286376953
77075,0.0
77076,0.00126647949219
77077,0.00283622741699
77078,0.00429153442383
77079,0.00568771362305
77080,0.00687026977539
77081,0.0
77082,0.00179862976074
77083,0.00345039367676
77084,0.00485610961914
77085,0.00573348999023
77086,0.0070686340332
77087,0.0
77088,0.0015287399292
77089,0.00350952148438
77090,0.00505447387695
77091,0.00598907470703
77092,0.00678634643555
77093,0.0
77094,0.00148677825928
77095,0.0028018951416
77096,0.00381278991699
77097,0.00476455688477
77098,0.005859375
77099,0.0
77100,0.00128936767578
77101,0.00246810913086
77102,0.00365447998047
77103,0.0050163269043
77104,0.00681686401367
77105,0.0
77106,0.00146293640137
77107,0.0027961730957
77108,0.00381851196289
77109,0.00505447387695
77110,0.00587844848633
77111,0.0
77112,0.00120830535889
77113,0.00272560119629
77114,0.00399398803711
77115,0.00540542602539
77116,0.00715255737305
77117,0.0
77118,0.00144481658936
77119,0.00310134887695
77120,0.00468826293945
77121,0.00554275512695
77122,0.00693893432617
77123,0.0
77124,0.001877784729
77125,0.00302886962891
77126,0.00482559204102
77127,0.00620269775391
77128,0.00736236572266
77129,0.0
77130,0.00111675262451
77131,0.00262451171875
77132,0.00412368774414
77133,0.00514602661133
77134,0.00622940063477
77135,0.0
77136,0.00132369995117
77137,0.00282859802246
77138,0.00412750244141
77139,0.00478363037109
77140,0.00497817993164
77141,0.0
77142,0.00149726867676
77143,0.00322723388672
77144,0.00422286987305
77145,0.00454711914062
77146,0.00622940063477
77147,0.0
77148,0.00178050994873
77149,0.00298881530762
77150,0.00444412231445
77151,0.00561141967773
77152,0.00650787353516
77153,0.0
77154,0.00137138366699
77155,0.00301551818848
77156,0.00487518310547
77157,0.00582504272461
77158,0.00684356689453
77159,0.0
77160,0.00117111206055
77161,0.00288200378418
77162,0.00431060791016
77163,0.00527954101562
77164,0.00622177124023
77165,0.0
77166,0.0015926361084
77167,0.00321960449219
77168,0.00455474853516
77169,0.00587463378906
77170,0.00710678100586
77171,0.0
77172,0.00148677825928
77173,0.0035343170166
77174,0.00451278686523
77175,0.00577926635742
77176,0.00729370117188
77177,0.0
77178,0.00173187255859
77179,0.00332450866699
77180,0.00447082519531
77181,0.00665664672852
77182,0.00704193115234
77183,0.0
77184,0.000972270965576
77185,0.00247764587402
77186,0.00369834899902
77187,0.00471878051758
77188,0.00615692138672
77189,0.0
77190,0.00148105621338
77191,0.00296211242676
77192,0.00455856323242
77193,0.00613021850586
77194,0.00699615478516
77195,0.0
77196,0.00123023986816
77197,0.00302124023438
77198,0.00394821166992
77199,0.00541305541992
77200,0.00630950927734
77201,0.0
77202,0.00138759613037
77203,0.00281715393066
77204,0.0046501159668
77205,0.00571823120117
77206,0.00693130493164
77207,0.0
77208,0.00117015838623
77209,0.00302886962891
77210,0.00453567504883
77211,0.0048942565918
77212,0.00727844238281
77213,0.0
77214,0.00131797790527
77215,0.00291061401367
77216,0.00398635864258
77217,0.00561904907227
77218,0.00663757324219
77219,0.0
77220,0.00134944915771
77221,0.00236511230469
77222,0.0038890838623
77223,0.00494384765625
77224,0.00616455078125
77225,0.0
77226,0.00171566009521
77227,0.00339317321777
77228,0.00468444824219
77229,0.00559616088867
77230,0.00664520263672
77231,0.0
77232,0.00140571594238
77233,0.00326347351074
77234,0.00473022460938
77235,0.00615692138672
77236,0.00685882568359
77237,0.0
77238,0.00145816802979
77239,0.00300025939941
77240,0.00437927246094
77241,0.00567626953125
77242,0.00648498535156
77243,0.0
77244,0.00167751312256
77245,0.00283622741699
77246,0.00453567504883
77247,0.00569915771484
77248,0.00678634643555
77249,0.0
77250,0.00136566162109
77251,0.0026741027832
77252,0.00376892089844
77253,0.00524520874023
77254,0.00615310668945
77255,0.0
77256,0.00129318237305
77257,0.00297546386719
77258,0.00435638427734
77259,0.00557708740234
77260,0.00661468505859
77261,0.0
77262,0.0015287399292
77263,0.0030517578125
77264,0.00390625
77265,0.00568389892578
77266,0.00638198852539
77267,0.0
77268,0.00110626220703
77269,0.00275039672852
77270,0.00431823730469
77271,0.00556945800781
77272,0.00666427612305
77273,0.0
77274,0.00143432617188
77275,0.00299263000488
77276,0.00469589233398
77277,0.0057487487793
77278,0.00692367553711
77279,0.0
77280,0.00119209289551
77281,0.00284385681152
77282,0.00376129150391
77283,0.00475311279297
77284,0.00641250610352
77285,0.0
77286,0.00131988525391
77287,0.00266456604004
77288,0.00374984741211
77289,0.0052375793457
77290,0.00576782226562
77291,0.0
77292,0.00133037567139
77293,0.00255966186523
77294,0.00405883789062
77295,0.00522232055664
77296,0.00641632080078
77297,0.0
77298,0.00146484375
77299,0.00256156921387
77300,0.00399780273438
77301,0.00561141967773
77302,0.00642013549805
77303,0.0
77304,0.00140380859375
77305,0.00232315063477
77306,0.00353240966797
77307,0.00485610961914
77308,0.00568389892578
77309,0.0
77310,0.00114250183105
77311,0.00237846374512
77312,0.00407028198242
77313,0.00529479980469
77314,0.00586318969727
77315,0.0
77316,0.00112152099609
77317,0.00211906433105
77318,0.003662109375
77319,0.00492477416992
77320,0.00617599487305
77321,0.0
77322,0.00118827819824
77323,0.00258445739746
77324,0.00368881225586
77325,0.00503921508789
77326,0.00618362426758
77327,0.0
77328,0.00158309936523
77329,0.00301933288574
77330,0.00448608398438
77331,0.00549697875977
77332,0.00699996948242
77333,0.0
77334,0.00127983093262
77335,0.00308418273926
77336,0.00475311279297
77337,0.00661087036133
77338,0.00718307495117
77339,0.0
77340,0.00157451629639
77341,0.00320816040039
77342,0.00445938110352
77343,0.00553894042969
77344,0.00674057006836
77345,0.0
77346,0.00117874145508
77347,0.0024585723877
77348,0.0038013458252
77349,0.00481414794922
77350,0.00643157958984
77351,0.0
77352,0.00124073028564
77353,0.00248336791992
77354,0.0040397644043
77355,0.00513076782227
77356,0.006103515625
77357,0.0
77358,0.00163745880127
77359,0.00287818908691
77360,0.00430679321289
77361,0.00594329833984
77362,0.00726318359375
77363,0.0
77364,0.00121307373047
77365,0.00268173217773
77366,0.00432968139648
77367,0.00500106811523
77368,0.00612640380859
77369,0.0
77370,0.00138664245605
77371,0.00268745422363
77372,0.00399017333984
77373,0.00510406494141
77374,0.00677490234375
77375,0.0
77376,0.00116062164307
77377,0.0026912689209
77378,0.00429916381836
77379,0.00668716430664
77380,0.00769805908203
77381,0.0
77382,0.00135612487793
77383,0.00241088867188
77384,0.00366401672363
77385,0.00539398193359
77386,0.00617599487305
77387,0.0
77388,0.00142002105713
77389,0.00273513793945
77390,0.00430297851562
77391,0.0055046081543
77392,0.00620269775391
77393,0.0
77394,0.00153732299805
77395,0.00295257568359
77396,0.00431442260742
77397,0.00545883178711
77398,0.00652313232422
77399,0.0
77400,0.00179290771484
77401,0.00298690795898
77402,0.00409317016602
77403,0.00526428222656
77404,0.0062370300293
77405,0.0
77406,0.00103187561035
77407,0.00257682800293
77408,0.00372505187988
77409,0.00481414794922
77410,0.00610733032227
77411,0.0
77412,0.00120639801025
77413,0.00247764587402
77414,0.00419616699219
77415,0.00546646118164
77416,0.00574111938477
77417,0.0
77418,0.00135803222656
77419,0.00246238708496
77420,0.00403594970703
77422,0.00522232055664
77423,0.00654983520508
77424,0.0
77425,0.00137424468994
77426,0.00290870666504
77427,0.00404357910156
77428,0.00495147705078
77429,0.00563812255859
77430,0.0
77431,0.00137424468994
77432,0.00278282165527
77433,0.00450897216797
77434,0.0068244934082
77435,0.00686264038086
77436,0.0
77437,0.00132942199707
77438,0.00306701660156
77439,0.00440979003906
77440,0.00522232055664
77441,0.00619125366211
77442,0.0
77443,0.00109004974365
77444,0.00272750854492
77445,0.00453186035156
77446,0.00570297241211
77447,0.00646209716797
77448,0.0
77449,0.00171184539795
77450,0.0027961730957
77451,0.00429916381836
77452,0.00527954101562
77453,0.00648880004883
77454,0.0
77455,0.00121879577637
77456,0.00236892700195
77457,0.00399398803711
77458,0.00521469116211
77459,0.00654602050781
77460,0.0
77461,0.00120639801025
77462,0.0025806427002
77463,0.0040397644043
77464,0.00533294677734
77465,0.00661087036133
77466,0.0
77467,0.00143146514893
77468,0.00328826904297
77469,0.00445175170898
77470,0.0059814453125
77471,0.00646591186523
77472,0.0
77473,0.0013313293457
77474,0.00292587280273
77475,0.00392532348633
77476,0.00582885742188
77477,0.0069694519043
77478,0.0
77479,0.00152397155762
77480,0.00374794006348
77481,0.00481033325195
77482,0.00606155395508
77483,0.00725555419922
77484,0.0
77485,0.00175762176514
77486,0.00275230407715
77487,0.00395202636719
77488,0.00576782226562
77489,0.00690841674805
77490,0.0
77491,0.000916004180908
77492,0.0020866394043
77493,0.00338554382324
77494,0.00444030761719
77495,0.00559616088867
77496,0.0
77497,0.001540184021
77498,0.00320243835449
77499,0.0041389465332
77500,0.00580978393555
77501,0.00659942626953
77502,0.0
77503,0.00144100189209
77504,0.00320243835449
77505,0.00455856323242
77506,0.00589370727539
77507,0.00707626342773
77508,0.0
77509,0.0017261505127
77510,0.0026741027832
77511,0.00407791137695
77512,0.00575637817383
77513,0.00833892822266
77514,0.0
77515,0.00125122070312
77516,0.00262260437012
77517,0.0039005279541
77518,0.00547027587891
77519,0.00697326660156
77520,0.0
77521,0.00148773193359
77522,0.00259590148926
77523,0.00430679321289
77524,0.00574493408203
77525,0.00626373291016
77526,0.0
77527,0.00145053863525
77528,0.00350379943848
77529,0.00477600097656
77530,0.00592803955078
77531,0.0063591003418
77532,0.0
77533,0.00134944915771
77534,0.00372505187988
77535,0.00495910644531
77536,0.00570297241211
77537,0.00699234008789
77538,0.0
77539,0.00149440765381
77540,0.00306701660156
77541,0.00406646728516
77542,0.00484466552734
77543,0.00595474243164
77544,0.0
77545,0.00119018554688
77546,0.00317573547363
77547,0.00450897216797
77548,0.00572204589844
77549,0.00587463378906
77550,0.0
77551,0.00112152099609
77552,0.00241088867188
77553,0.00377082824707
77554,0.00519180297852
77555,0.00606918334961
77556,0.0
77557,0.00156307220459
77558,0.00313377380371
77559,0.00482559204102
77560,0.00574493408203
77561,0.00631332397461
77562,0.0
77563,0.00165748596191
77564,0.00271034240723
77565,0.00436782836914
77566,0.00574111938477
77567,0.00836944580078
77568,0.0
77569,0.00173091888428
77570,0.00304222106934
77571,0.00459289550781
77572,0.00522994995117
77573,0.0064811706543
77574,0.0
77575,0.00143623352051
77576,0.0029354095459
77577,0.00425720214844
77578,0.00609588623047
77579,0.00674438476562
77580,0.0
77581,0.00177383422852
77582,0.00357437133789
77583,0.00496292114258
77584,0.00595092773438
77585,0.00715255737305
77586,0.0
77587,0.00132083892822
77588,0.00328063964844
77589,0.00440979003906
77590,0.00580215454102
77591,0.00677871704102
77592,0.0
77593,0.00212860107422
77594,0.00372314453125
77595,0.00547790527344
77596,0.00883483886719
77597,0.00985717773438
77598,0.0
77599,0.00161266326904
77600,0.0035400390625
77601,0.00484848022461
77602,0.00737762451172
77603,0.00803375244141
77604,0.0
77605,0.00160694122314
77606,0.00354385375977
77607,0.00479125976562
77608,0.0067253112793
77609,0.00907135009766
77610,0.0
77611,0.00128269195557
77612,0.0027961730957
77613,0.00461578369141
77614,0.00571060180664
77615,0.0069465637207
77616,0.0
77617,0.00164794921875
77618,0.00325584411621
77619,0.00442504882812
77620,0.00563049316406
77621,0.00698471069336
77622,0.0
77623,0.0013313293457
77624,0.00291442871094
77625,0.00477981567383
77626,0.00653076171875
77627,0.00640869140625
77628,0.0
77629,0.00138664245605
77630,0.00288009643555
77631,0.00424957275391
77632,0.00531387329102
77633,0.00667572021484
77634,0.0
77635,0.0013427734375
77636,0.00327491760254
77637,0.00524520874023
77638,0.00623321533203
77639,0.00757598876953
77640,0.0
77641,0.00136661529541
77642,0.00292015075684
77643,0.00438690185547
77644,0.00593185424805
77645,0.00778961181641
77646,0.0
77647,0.0014476776123
77648,0.00347137451172
77649,0.00522232055664
77650,0.006103515625
77651,0.00752639770508
77652,0.0
77653,0.00149631500244
77654,0.00279998779297
77655,0.00455474853516
77656,0.00505065917969
77657,0.00629806518555
77658,0.0
77659,0.0014066696167
77660,0.00325202941895
77661,0.004638671875
77662,0.00541305541992
77663,0.00641250610352
77664,0.0
77665,0.00168895721436
77666,0.00290107727051
77667,0.00416564941406
77668,0.00567626953125
77669,0.00713729858398
77670,0.0
77671,0.00133609771729
77672,0.00248146057129
77673,0.00415802001953
77674,0.00542068481445
77675,0.00621795654297
77676,0.0
77677,0.00167942047119
77678,0.00358581542969
77679,0.00571060180664
77680,0.0064582824707
77681,0.00865936279297
77682,0.0
77683,0.00154304504395
77684,0.00312423706055
77685,0.00405120849609
77686,0.00541687011719
77687,0.00680160522461
77688,0.0
77689,0.00160789489746
77690,0.00298118591309
77691,0.00465393066406
77692,0.00639343261719
77693,0.00616455078125
77694,0.0
77695,0.00191402435303
77696,0.00343322753906
77697,0.00479125976562
77698,0.00566482543945
77699,0.00639343261719
77700,0.0
77701,0.00184535980225
77702,0.00286483764648
77703,0.0042610168457
77704,0.00617218017578
77705,0.00682067871094
77706,0.0
77707,0.00163650512695
77708,0.00315093994141
77709,0.0045280456543
77710,0.00582122802734
77711,0.00677871704102
77712,0.0
77713,0.00136852264404
77714,0.00265312194824
77715,0.00416564941406
77716,0.00547409057617
77717,0.00604629516602
77718,0.0
77719,0.00138473510742
77720,0.00321388244629
77721,0.00448226928711
77722,0.00547027587891
77723,0.00627136230469
77724,0.0
77725,0.00171184539795
77726,0.00280952453613
77727,0.00407791137695
77728,0.00531387329102
77729,0.00742721557617
77730,0.0
77731,0.00144481658936
77732,0.00332832336426
77733,0.00493621826172
77734,0.00645446777344
77735,0.00684356689453
77736,0.0
77737,0.00139045715332
77738,0.0028247833252
77739,0.00452041625977
77740,0.00518417358398
77741,0.00626373291016
77742,0.0
77743,0.00209999084473
77744,0.00363540649414
77745,0.00471115112305
77746,0.00571823120117
77747,0.00726699829102
77748,0.0
77749,0.00161838531494
77750,0.00296974182129
77751,0.00487899780273
77752,0.00611114501953
77753,0.00677871704102
77754,0.0
77755,0.00125122070312
77756,0.00345802307129
77757,0.00472259521484
77758,0.0058708190918
77759,0.00748062133789
77760,0.0
77761,0.0018138885498
77762,0.0037956237793
77763,0.00473022460938
77764,0.00605392456055
77765,0.00740432739258
77766,0.0
77767,0.00141525268555
77768,0.003173828125
77769,0.00444030761719
77770,0.00579452514648
77771,0.0068244934082
77772,0.0
77773,0.00128269195557
77774,0.00260162353516
77775,0.00384330749512
77776,0.00461959838867
77777,0.00586700439453
77778,0.0
77779,0.00117778778076
77780,0.00297737121582
77781,0.0043830871582
77782,0.00582504272461
77783,0.00655746459961
77784,0.0
77785,0.00119400024414
77786,0.00227737426758
77787,0.00363922119141
77788,0.00493240356445
77789,0.00574111938477
77790,0.0
77791,0.00153064727783
77792,0.00281143188477
77793,0.00436401367188
77794,0.00500106811523
77795,0.00618743896484
77796,0.0
77797,0.00180053710938
77798,0.00336265563965
77799,0.00465774536133
77800,0.00530242919922
77801,0.00626373291016
77802,0.0
77803,0.00135135650635
77804,0.00251007080078
77805,0.00424957275391
77806,0.0057258605957
77807,0.00716781616211
77808,0.0
77809,0.0013256072998
77810,0.00333404541016
77811,0.00469970703125
77812,0.00617980957031
77813,0.00812530517578
77814,0.0
77815,0.00143909454346
77816,0.00282859802246
77817,0.00401306152344
77818,0.00565338134766
77819,0.00690460205078
77820,0.0
77821,0.0017261505127
77822,0.0029468536377
77823,0.00398635864258
77824,0.00579452514648
77825,0.00601577758789
77826,0.0
77827,0.000965118408203
77828,0.00241851806641
77829,0.00418472290039
77830,0.00524139404297
77831,0.00641250610352
77832,0.0
77833,0.001389503479
77834,0.00277709960938
77835,0.00447463989258
77836,0.00553894042969
77837,0.00647354125977
77838,0.0
77839,0.00165748596191
77840,0.00338935852051
77841,0.00468444824219
77842,0.00605010986328
77843,0.00677490234375
77844,0.0
77845,0.00146293640137
77846,0.0029411315918
77847,0.00447845458984
77848,0.00598526000977
77849,0.00617980957031
77850,0.0
77851,0.00113773345947
77852,0.00276374816895
77853,0.00471115112305
77854,0.00604629516602
77855,0.00699615478516
77856,0.0
77857,0.00124359130859
77858,0.00283050537109
77859,0.00417327880859
77860,0.00563430786133
77861,0.00652313232422
77862,0.0
77863,0.00183391571045
77864,0.0031623840332
77865,0.00405120849609
77866,0.0052490234375
77867,0.00571823120117
77868,0.0
77869,0.00164985656738
77870,0.00277900695801
77871,0.00380706787109
77872,0.00522994995117
77873,0.00579071044922
77874,0.0
77875,0.00136184692383
77876,0.00290107727051
77877,0.0047607421875
77878,0.00585556030273
77879,0.00787353515625
77880,0.0
77881,0.00173091888428
77882,0.00339698791504
77883,0.00443649291992
77884,0.00585556030273
77885,0.00713729858398
77886,0.0
77887,0.00157928466797
77888,0.00272750854492
77889,0.00390243530273
77890,0.00617980957031
77891,0.00684356689453
77892,0.0
77893,0.0014762878418
77894,0.0029296875
77895,0.0052604675293
77896,0.00679779052734
77897,0.00849151611328
77898,0.0
77899,0.00142097473145
77900,0.00235939025879
77901,0.00370216369629
77902,0.0054931640625
77903,0.00751113891602
77904,0.0
77905,0.00165271759033
77906,0.00327682495117
77907,0.00452041625977
77908,0.00566482543945
77909,0.00666809082031
77910,0.0
77911,0.00117206573486
77912,0.0024356842041
77913,0.00392913818359
77914,0.00477600097656
77915,0.00594329833984
77916,0.0
77917,0.00113391876221
77918,0.00278091430664
77919,0.0036792755127
77920,0.00529479980469
77921,0.00643920898438
77922,0.0
77923,0.0014820098877
77924,0.00304985046387
77925,0.00470733642578
77926,0.00638961791992
77927,0.00758361816406
77928,0.0
77929,0.00132846832275
77930,0.00274276733398
77931,0.00388526916504
77932,0.00520706176758
77933,0.00666427612305
77934,0.0
77935,0.00138187408447
77936,0.00308990478516
77937,0.00485992431641
77938,0.00551986694336
77939,0.00647735595703
77940,0.0
77941,0.00152587890625
77942,0.0029468536377
77943,0.00446319580078
77944,0.00558090209961
77945,0.00701141357422
77946,0.0
77947,0.00133037567139
77948,0.00249099731445
77949,0.00428771972656
77950,0.00538635253906
77951,0.00566101074219
77952,0.0
77953,0.00151443481445
77954,0.00271034240723
77955,0.0041389465332
77956,0.00537109375
77957,0.00652694702148
77958,0.0
77959,0.00138187408447
77960,0.00264739990234
77961,0.00423812866211
77962,0.00571823120117
77963,0.00699615478516
77964,0.0
77965,0.00157737731934
77966,0.00317764282227
77967,0.00428009033203
77968,0.00534820556641
77969,0.0067253112793
77970,0.0
77971,0.00131511688232
77972,0.00293350219727
77973,0.00415420532227
77974,0.00568008422852
77975,0.00667953491211
77976,0.0
77977,0.00180530548096
77978,0.00361061096191
77979,0.00517272949219
77980,0.00616836547852
77981,0.00738143920898
77982,0.0
77983,0.00147438049316
77984,0.00322723388672
77985,0.00449371337891
77986,0.00539779663086
77987,0.00617218017578
77988,0.0
77989,0.00123882293701
77990,0.00228691101074
77991,0.00351715087891
77992,0.0042724609375
77993,0.00548934936523
77994,0.0
77995,0.00123310089111
77996,0.00253868103027
77997,0.00407409667969
77998,0.00521850585938
77999,0.00625228881836
78000,0.0
78001,0.00146770477295
78002,0.00295448303223
78003,0.0040168762207
78004,0.00496673583984
78005,0.00565719604492
78006,0.0
78007,0.00222396850586
78008,0.00466537475586
78009,0.00616455078125
78010,0.00742721557617
78011,0.00751113891602
78012,0.0
78013,0.00179100036621
78014,0.00346565246582
78015,0.00452423095703
78016,0.0059928894043
78017,0.00676345825195
78018,0.0
78019,0.00184440612793
78020,0.0038013458252
78021,0.00527954101562
78022,0.00601959228516
78023,0.0069465637207
78024,0.0
78025,0.00115966796875
78026,0.00271797180176
78027,0.0046272277832
78028,0.00562286376953
78029,0.00607681274414
78030,0.0
78031,0.00201034545898
78032,0.0034008026123
78033,0.00494766235352
78034,0.00607299804688
78035,0.0070915222168
78036,0.0
78037,0.00107383728027
78038,0.00248718261719
78039,0.00427627563477
78040,0.00505447387695
78041,0.00613784790039
78042,0.0
78043,0.00140190124512
78044,0.00241088867188
78045,0.00384902954102
78046,0.00528717041016
78047,0.00609588623047
78048,0.0
78049,0.00170612335205
78050,0.00283241271973
78051,0.00483322143555
78052,0.0058479309082
78053,0.00677490234375
78054,0.0
78055,0.00121593475342
78056,0.00241279602051
78057,0.00390243530273
78058,0.00503158569336
78059,0.00579071044922
78060,0.0
78061,0.00141620635986
78062,0.00312614440918
78063,0.00447845458984
78064,0.00547027587891
78065,0.0063591003418
78066,0.0
78067,0.00168132781982
78068,0.00337028503418
78069,0.00462341308594
78070,0.00616836547852
78071,0.00685882568359
78072,0.0
78073,0.00119400024414
78074,0.00260734558105
78075,0.00467300415039
78076,0.00520324707031
78077,0.00707244873047
78078,0.0
78079,0.00133228302002
78080,0.00238227844238
78081,0.00380516052246
78082,0.00500106811523
78083,0.00595855712891
78084,0.0
78085,0.00118541717529
78086,0.00252532958984
78087,0.00431442260742
78088,0.00533294677734
78089,0.00579833984375
78090,0.0
78091,0.00160980224609
78092,0.00311851501465
78093,0.00476837158203
78094,0.00592422485352
78095,0.0081787109375
78096,0.0
78097,0.0010871887207
78098,0.00252342224121
78099,0.00401306152344
78100,0.00529479980469
78101,0.006591796875
78102,0.0
78103,0.00142955780029
78104,0.00296211242676
78105,0.00434494018555
78106,0.00578308105469
78107,0.00685882568359
78108,0.0
78109,0.00165939331055
78110,0.00336837768555
78111,0.00505828857422
78112,0.00713729858398
78113,0.00791931152344
78114,0.0
78115,0.00180912017822
78116,0.00366020202637
78117,0.00519943237305
78118,0.0068473815918
78119,0.00759887695312
78120,0.0
78121,0.0014066696167
78122,0.00308036804199
78123,0.00468444824219
78124,0.0059700012207
78125,0.00790405273438
78126,0.0
78127,0.00152206420898
78128,0.00335693359375
78129,0.00493240356445
78130,0.00563049316406
78131,0.00651550292969
78132,0.0
78133,0.0015287399292
78134,0.00253677368164
78135,0.00400161743164
78136,0.00553131103516
78137,0.00606918334961
78138,0.0
78139,0.00122547149658
78140,0.00257682800293
78141,0.00346374511719
78142,0.00477981567383
78143,0.00572204589844
78144,0.0
78145,0.00178241729736
78146,0.00361061096191
78147,0.0042839050293
78148,0.00530624389648
78149,0.00687026977539
78150,0.0
78151,0.00157737731934
78152,0.00277709960938
78153,0.00457763671875
78154,0.00566864013672
78155,0.00617218017578
78156,0.0
78157,0.00169467926025
78158,0.00302124023438
78159,0.00489044189453
78160,0.00600433349609
78161,0.00728988647461
78162,0.0
78163,0.00112724304199
78164,0.0026683807373
78165,0.00441741943359
78166,0.00561904907227
78167,0.00644683837891
78168,0.0
78169,0.00124359130859
78170,0.00329399108887
78171,0.0052375793457
78172,0.00665664672852
78173,0.00822448730469
78174,0.0
78175,0.00107955932617
78176,0.00226974487305
78177,0.00339698791504
78178,0.0046501159668
78179,0.00567245483398
78180,0.0
78181,0.00159931182861
78182,0.00352478027344
78183,0.00444030761719
78184,0.00533294677734
78185,0.00677108764648
78186,0.0
78187,0.00178527832031
78188,0.00366973876953
78189,0.00520706176758
78190,0.00710678100586
78191,0.00759506225586
78192,0.0
78193,0.00121307373047
78194,0.00299072265625
78195,0.00429534912109
78196,0.00544738769531
78197,0.00646209716797
78198,0.0
78199,0.00111389160156
78200,0.00237083435059
78201,0.00386238098145
78202,0.00569915771484
