4,0.046875
5,0.03125
6,0.125
7,0.046875
8,0.046875
9,0.046875
10,0.03125
11,0.171875
12,0.0625
13,0.046875
14,0.03125
15,0.109375
16,0.046875
17,0.09375
18,0.078125
19,0.015625
20,0.0625
21,0.015625
22,0.03125
23,0.03125
24,0.0625
25,0.0
26,0.03125
27,0.046875
28,0.03125
29,0.0
30,0.03125
31,0.03125
32,0.046875
33,0.09375
34,0.0625
35,0.0
36,0.03125
37,0.09375
38,0.03125
39,0.015625
40,0.0625
41,0.0625
42,0.015625
43,0.046875
44,0.09375
45,0.0625
46,0.078125
47,0.03125
48,0.015625
49,0.03125
50,0.046875
51,0.03125
52,0.109375
53,0.0
54,0.046875
55,0.0625
56,0.078125
57,0.078125
58,0.015625
59,0.03125
60,0.015625
61,0.078125
62,0.0625
63,0.03125
64,0.0625
65,0.0625
66,0.0
67,0.03125
68,0.015625
69,0.0625
70,0.0625
71,0.03125
72,0.015625
73,0.078125
74,0.09375
75,0.09375
76,0.046875
77,0.0625
78,0.078125
79,0.046875
80,0.078125
81,0.09375
82,0.0625
83,0.03125
84,0.0625
85,0.09375
86,0.078125
87,0.0625
88,0.078125
89,0.078125
90,0.0625
91,0.03125
92,0.046875
93,0.03125
94,0.046875
95,0.0625
96,0.0625
97,0.046875
98,0.078125
99,0.078125
100,0.03125
101,0.078125
102,0.078125
103,0.109375
104,0.046875
105,0.03125
106,0.046875
107,0.078125
108,0.0625
109,0.140625
110,0.0625
111,0.0625
112,0.03125
113,0.109375
114,0.03125
115,0.03125
116,0.109375
117,0.0625
118,0.03125
119,0.09375
120,0.046875
121,0.0
122,0.046875
123,0.0
124,0.125
125,0.0
126,0.078125
127,0.046875
128,0.125
129,0.109375
130,0.03125
131,0.109375
132,0.0625
133,0.09375
134,0.0625
135,0.078125
136,0.03125
137,0.078125
138,0.078125
139,0.0625
140,0.046875
141,0.0625
142,0.09375
143,0.046875
144,0.0625
145,0.078125
146,0.046875
147,0.0625
148,0.0625
149,0.078125
150,0.046875
151,0.046875
152,0.03125
153,0.0625
154,0.09375
155,0.0625
156,0.078125
157,0.03125
158,0.0625
159,0.109375
160,0.0625
161,0.03125
162,0.078125
163,0.03125
164,0.015625
165,0.0625
166,0.03125
167,0.078125
168,0.0
169,0.0625
170,0.078125
171,0.03125
172,0.046875
173,0.0625
174,0.0625
175,0.09375
176,0.03125
177,0.046875
178,0.0625
179,0.09375
180,0.03125
181,0.0625
182,0.046875
183,0.046875
184,0.0625
185,0.0625
186,0.046875
187,0.078125
188,0.078125
189,0.03125
190,0.0625
191,0.078125
192,0.078125
193,0.046875
194,0.0625
195,0.0625
196,0.046875
197,0.078125
198,0.046875
199,0.09375
200,0.015625
201,0.0625
202,0.078125
203,0.09375
204,0.046875
205,0.0625
206,0.046875
207,0.046875
208,0.0625
209,0.03125
210,0.078125
211,0.046875
212,0.046875
213,0.109375
214,0.0
215,0.0
216,0.078125
217,0.0625
218,0.09375
219,0.125
220,0.0625
221,0.078125
222,0.078125
223,0.0625
224,0.015625
225,0.046875
226,0.0625
227,0.140625
228,0.03125
229,0.0
230,0.078125
231,0.03125
232,0.046875
233,0.046875
234,0.0625
235,0.046875
236,0.09375
237,0.078125
238,0.109375
239,0.109375
240,0.078125
241,0.078125
242,0.03125
243,0.078125
244,0.109375
245,0.09375
246,0.0625
247,0.046875
248,0.078125
249,0.0625
250,0.0625
251,0.046875
252,0.09375
253,0.0625
254,0.046875
255,0.0625
256,0.03125
257,0.0625
258,0.078125
259,0.0625
260,0.0625
261,0.046875
262,0.015625
263,0.03125
264,0.046875
265,0.0625
266,0.0625
267,0.046875
268,0.171875
269,0.0625
270,0.03125
271,0.125
272,0.078125
273,0.046875
274,0.0
275,0.0625
276,0.0625
277,0.046875
278,0.0625
279,0.0625
280,0.015625
281,0.109375
282,0.0625
283,0.078125
284,0.015625
285,0.03125
286,0.046875
287,0.046875
288,0.015625
289,0.125
290,0.03125
291,0.140625
292,0.109375
293,0.109375
294,0.015625
295,0.0625
296,0.03125
297,0.0625
298,0.0625
299,0.015625
300,0.0625
301,0.125
302,0.03125
303,0.109375
304,0.046875
305,0.125
306,0.09375
307,0.03125
308,0.046875
309,0.0625
310,0.03125
311,0.03125
312,0.15625
313,0.078125
314,0.078125
315,0.03125
316,0.03125
317,0.078125
318,0.078125
319,0.046875
320,0.0625
321,0.046875
322,0.046875
323,0.0625
324,0.015625
325,0.0625
326,0.03125
327,0.03125
328,0.078125
329,0.078125
330,0.046875
331,0.0625
332,0.09375
333,0.015625
334,0.09375
335,0.109375
336,0.0625
337,0.078125
338,0.0625
339,0.015625
340,0.109375
341,0.078125
342,0.078125
343,0.078125
344,0.03125
345,0.03125
346,0.0625
347,0.0625
348,0.046875
349,0.03125
350,0.0625
351,0.078125
352,0.078125
353,0.03125
354,0.0625
355,0.09375
356,0.078125
357,0.109375
358,0.015625
359,0.0625
360,0.0625
361,0.078125
362,0.03125
363,0.015625
364,0.0625
365,0.046875
366,0.046875
367,0.078125
368,0.03125
369,0.15625
370,0.046875
371,0.078125
372,0.0625
373,0.03125
374,0.046875
375,0.03125
376,0.078125
377,0.046875
378,0.03125
379,0.0625
380,0.0625
381,0.0625
382,0.046875
383,0.078125
384,0.046875
385,0.078125
386,0.078125
387,0.109375
388,0.03125
389,0.125
390,0.078125
391,0.046875
392,0.0625
393,0.0625
394,0.09375
395,0.0625
396,0.046875
397,0.046875
398,0.046875
399,0.046875
400,0.109375
401,0.09375
402,0.078125
403,0.03125
404,0.0625
405,0.0625
406,0.078125
407,0.109375
408,0.015625
409,0.046875
410,0.015625
411,0.109375
412,0.0625
413,0.046875
414,0.03125
415,0.078125
416,0.015625
417,0.140625
418,0.03125
419,0.0625
420,0.125
421,0.078125
422,0.078125
423,0.078125
424,0.046875
425,0.046875
426,0.03125
427,0.046875
428,0.046875
429,0.0625
430,0.015625
431,0.078125
432,0.078125
433,0.046875
434,0.0625
435,0.015625
436,0.015625
437,0.03125
438,0.109375
439,0.0625
440,0.078125
441,0.03125
442,0.078125
443,0.0625
444,0.0625
445,0.046875
446,0.125
447,0.0625
448,0.015625
449,0.09375
450,0.078125
451,0.0625
452,0.046875
453,0.078125
454,0.0625
455,0.046875
456,0.03125
457,0.078125
458,0.078125
459,0.015625
460,0.0625
461,0.03125
462,0.09375
463,0.078125
464,0.03125
465,0.09375
466,0.03125
467,0.0625
468,0.0625
469,0.046875
470,0.046875
471,0.046875
472,0.015625
473,0.09375
474,0.0625
475,0.078125
476,0.046875
477,0.03125
478,0.046875
479,0.046875
480,0.125
481,0.03125
482,0.046875
483,0.0
484,0.0625
485,0.078125
486,0.109375
487,0.09375
488,0.09375
489,0.09375
490,0.03125
491,0.0625
492,0.03125
493,0.09375
494,0.09375
495,0.078125
496,0.09375
497,0.046875
498,0.09375
499,0.0625
500,0.109375
501,0.015625
502,0.125
503,0.0625
504,0.078125
505,0.109375
506,0.03125
507,0.078125
508,0.015625
509,0.0625
510,0.078125
511,0.078125
512,0.046875
513,0.078125
514,0.078125
515,0.078125
516,0.09375
517,0.078125
518,0.046875
519,0.09375
520,0.0625
521,0.03125
522,0.0625
523,0.0625
524,0.078125
525,0.078125
526,0.046875
527,0.0625
528,0.09375
529,0.015625
530,0.0625
531,0.015625
532,0.0625
533,0.078125
534,0.046875
535,0.09375
536,0.078125
537,0.109375
538,0.109375
539,0.09375
540,0.046875
541,0.109375
542,0.078125
543,0.0625
544,0.078125
545,0.046875
546,0.0625
547,0.046875
548,0.046875
549,0.15625
550,0.046875
551,0.046875
552,0.03125
553,0.0625
554,0.0625
555,0.140625
556,0.09375
557,0.09375
558,0.0625
559,0.0625
560,0.03125
561,0.09375
562,0.046875
563,0.0625
564,0.03125
565,0.046875
566,0.078125
567,0.0625
568,0.046875
569,0.0625
570,0.0625
571,0.078125
572,0.0625
573,0.046875
574,0.09375
575,0.046875
576,0.046875
577,0.09375
578,0.03125
579,0.078125
580,0.046875
581,0.078125
582,0.046875
583,0.046875
584,0.046875
585,0.078125
586,0.015625
587,0.046875
588,0.0625
589,0.03125
590,0.03125
591,0.078125
592,0.046875
593,0.0625
594,0.0625
595,0.09375
596,0.0625
597,0.046875
598,0.109375
599,0.0625
600,0.078125
601,0.09375
602,0.078125
603,0.0625
604,0.109375
605,0.09375
606,0.078125
607,0.046875
608,0.078125
609,0.046875
610,0.125
611,0.0625
612,0.046875
613,0.09375
614,0.03125
615,0.046875
616,0.046875
617,0.078125
618,0.078125
619,0.109375
620,0.046875
621,0.0625
622,0.109375
623,0.078125
624,0.078125
625,0.046875
626,0.03125
627,0.109375
628,0.03125
629,0.015625
630,0.046875
631,0.109375
632,0.03125
633,0.09375
634,0.015625
635,0.09375
636,0.046875
637,0.015625
638,0.109375
639,0.046875
640,0.078125
641,0.046875
642,0.0625
643,0.09375
644,0.078125
645,0.078125
646,0.046875
647,0.078125
648,0.09375
649,0.09375
650,0.078125
651,0.125
652,0.0625
653,0.078125
654,0.046875
655,0.09375
656,0.09375
657,0.046875
658,0.09375
659,0.109375
660,0.015625
661,0.046875
662,0.09375
663,0.03125
664,0.046875
665,0.078125
666,0.09375
667,0.0625
668,0.0625
669,0.078125
670,0.03125
671,0.046875
672,0.03125
673,0.09375
674,0.078125
675,0.0625
676,0.109375
677,0.0625
678,0.0625
679,0.046875
680,0.078125
681,0.0625
682,0.125
683,0.125
684,0.078125
685,0.15625
686,0.046875
687,0.0625
688,0.0625
689,0.046875
690,0.03125
691,0.109375
692,0.046875
693,0.03125
694,0.0625
695,0.078125
696,0.109375
697,0.09375
698,0.0625
699,0.09375
700,0.078125
701,0.078125
702,0.0625
703,0.03125
704,0.109375
705,0.078125
706,0.078125
707,0.078125
708,0.046875
709,0.046875
710,0.109375
711,0.09375
712,0.125
713,0.125
714,0.03125
715,0.078125
716,0.109375
717,0.140625
718,0.03125
719,0.03125
720,0.046875
721,0.078125
722,0.15625
723,0.0625
724,0.0625
725,0.0625
726,0.078125
727,0.09375
728,0.078125
729,0.078125
730,0.109375
731,0.046875
732,0.0625
733,0.09375
734,0.140625
735,0.109375
736,0.125
737,0.109375
738,0.09375
739,0.109375
740,0.015625
741,0.046875
742,0.015625
743,0.03125
744,0.0625
745,0.0625
746,0.046875
747,0.0625
748,0.03125
749,0.0625
750,0.109375
751,0.0625
752,0.0625
753,0.078125
754,0.046875
755,0.171875
756,0.078125
757,0.078125
758,0.03125
759,0.078125
760,0.046875
761,0.015625
762,0.125
763,0.109375
764,0.125
765,0.109375
766,0.046875
767,0.046875
768,0.03125
769,0.109375
770,0.125
771,0.109375
772,0.046875
773,0.03125
774,0.109375
775,0.078125
776,0.078125
777,0.109375
778,0.125
779,0.046875
780,0.09375
781,0.046875
782,0.046875
783,0.046875
784,0.03125
786,0.015625
787,0.109375
788,0.0625
789,0.09375
790,0.078125
791,0.109375
792,0.03125
793,0.0625
794,0.078125
795,0.03125
796,0.078125
797,0.046875
798,0.078125
799,0.09375
800,0.0625
801,0.046875
802,0.046875
803,0.015625
804,0.109375
805,0.0625
806,0.078125
807,0.046875
808,0.046875
809,0.015625
810,0.03125
811,0.046875
812,0.046875
813,0.046875
814,0.109375
815,0.078125
816,0.09375
817,0.09375
818,0.09375
819,0.0625
820,0.109375
821,0.03125
822,0.09375
823,0.046875
824,0.109375
825,0.046875
826,0.0625
827,0.109375
828,0.09375
829,0.078125
830,0.046875
831,0.078125
832,0.0625
833,0.078125
834,0.046875
835,0.09375
836,0.078125
837,0.03125
838,0.09375
839,0.0625
840,0.125
841,0.125
842,0.0625
843,0.046875
844,0.125
845,0.09375
846,0.0625
847,0.0625
848,0.0625
849,0.078125
850,0.046875
851,0.09375
852,0.046875
853,0.109375
854,0.03125
855,0.078125
856,0.0625
857,0.046875
858,0.078125
859,0.109375
860,0.078125
861,0.09375
862,0.0625
863,0.078125
864,0.03125
865,0.078125
866,0.078125
867,0.078125
868,0.046875
869,0.0625
870,0.09375
871,0.109375
872,0.0625
873,0.09375
874,0.046875
875,0.078125
876,0.046875
877,0.0625
878,0.109375
879,0.09375
880,0.046875
881,0.046875
882,0.0625
883,0.0625
884,0.0625
885,0.03125
886,0.0625
887,0.078125
888,0.0625
889,0.0625
890,0.0625
891,0.0625
892,0.015625
893,0.0625
894,0.09375
895,0.046875
896,0.03125
897,0.03125
898,0.0625
899,0.09375
900,0.078125
901,0.09375
902,0.09375
903,0.03125
904,0.0625
905,0.125
906,0.078125
907,0.046875
908,0.03125
909,0.109375
910,0.078125
911,0.046875
912,0.0625
913,0.09375
914,0.046875
915,0.046875
916,0.046875
917,0.03125
918,0.109375
919,0.046875
920,0.09375
921,0.140625
922,0.03125
923,0.0625
924,0.078125
925,0.140625
926,0.109375
927,0.015625
928,0.109375
929,0.03125
930,0.0625
931,0.078125
932,0.109375
933,0.0625
934,0.09375
935,0.109375
936,0.078125
937,0.015625
938,0.078125
939,0.03125
940,0.046875
941,0.046875
942,0.046875
943,0.109375
944,0.078125
945,0.046875
946,0.03125
947,0.09375
948,0.046875
949,0.0625
950,0.09375
951,0.09375
952,0.078125
953,0.0625
954,0.078125
955,0.09375
956,0.0625
957,0.0625
958,0.078125
959,0.0625
960,0.0625
961,0.046875
962,0.046875
963,0.046875
964,0.140625
965,0.046875
966,0.046875
967,0.046875
968,0.03125
969,0.078125
970,0.09375
971,0.046875
972,0.03125
973,0.078125
974,0.015625
975,0.046875
976,0.09375
977,0.078125
978,0.03125
979,0.078125
980,0.09375
981,0.0625
982,0.046875
983,0.09375
984,0.109375
985,0.03125
986,0.078125
987,0.046875
988,0.078125
989,0.09375
990,0.078125
991,0.09375
992,0.109375
993,0.09375
994,0.0625
995,0.0625
996,0.046875
997,0.09375
998,0.015625
999,0.0625
1000,0.046875
1001,0.046875
1002,0.125
1003,0.046875
1004,0.046875
1005,0.125
1006,0.078125
1007,0.0625
1008,0.03125
1009,0.078125
1010,0.09375
1011,0.0625
1012,0.0625
1013,0.046875
1014,0.0625
1015,0.09375
1016,0.078125
1017,0.109375
1018,0.03125
1019,0.015625
1020,0.0625
1021,0.109375
1022,0.09375
1023,0.0625
1024,0.03125
1025,0.09375
1026,0.15625
1027,0.0625
1028,0.03125
1029,0.078125
1030,0.046875
1031,0.046875
1032,0.125
1033,0.078125
1034,0.109375
1035,0.0625
1036,0.109375
1037,0.078125
1038,0.03125
1039,0.0625
1040,0.09375
1041,0.03125
1042,0.09375
1043,0.09375
1044,0.046875
1045,0.09375
1046,0.109375
1047,0.046875
1048,0.109375
1049,0.03125
1050,0.0625
1051,0.078125
1052,0.046875
1053,0.109375
1054,0.0625
1055,0.125
1056,0.109375
1057,0.078125
1058,0.0625
1059,0.109375
1060,0.09375
1061,0.078125
1062,0.0625
1063,0.078125
1064,0.09375
1065,0.03125
1066,0.140625
1067,0.078125
1068,0.0625
1069,0.125
1070,0.046875
1071,0.03125
1072,0.046875
1073,0.109375
1074,0.09375
1075,0.0625
1076,0.109375
1077,0.03125
1078,0.015625
1079,0.046875
1080,0.078125
1081,0.0625
1082,0.078125
1083,0.046875
1084,0.109375
1085,0.078125
1086,0.015625
1087,0.078125
1088,0.09375
1089,0.046875
1090,0.09375
1091,0.171875
1092,0.046875
1093,0.078125
1094,0.0625
1095,0.03125
1096,0.109375
1097,0.140625
1098,0.03125
1099,0.03125
1100,0.046875
1101,0.078125
1102,0.0625
1103,0.109375
1104,0.046875
1105,0.046875
1106,0.109375
1107,0.03125
1108,0.0625
1109,0.125
1110,0.0625
1111,0.0625
1112,0.03125
1113,0.0625
1114,0.03125
1115,0.0625
1116,0.03125
1117,0.140625
1118,0.03125
1119,0.0625
1120,0.03125
1121,0.0625
1122,0.109375
1123,0.046875
1124,0.078125
1125,0.09375
1126,0.078125
1127,0.09375
1128,0.078125
1129,0.078125
1130,0.046875
1131,0.125
1132,0.109375
1133,0.09375
1134,0.0625
1135,0.03125
1136,0.046875
1137,0.125
1138,0.046875
1139,0.109375
1140,0.09375
1141,0.078125
1142,0.0625
1143,0.078125
1144,0.0625
1145,0.09375
1146,0.015625
1147,0.078125
1148,0.046875
1149,0.078125
1150,0.046875
1151,0.109375
1152,0.015625
1153,0.0625
1154,0.0625
1155,0.078125
1156,0.015625
1157,0.0625
1158,0.109375
1159,0.0625
1160,0.078125
1161,0.078125
1162,0.0625
1163,0.109375
1164,0.046875
1165,0.046875
1166,0.078125
1167,0.078125
1168,0.015625
1169,0.046875
1170,0.078125
1171,0.03125
1172,0.0625
1173,0.0625
1174,0.0625
1175,0.109375
1176,0.03125
1177,0.109375
1178,0.046875
1179,0.09375
1180,0.0625
1181,0.03125
1182,0.0625
1183,0.078125
1184,0.109375
1185,0.125
1186,0.03125
1187,0.015625
1188,0.125
1189,0.0625
1190,0.09375
1191,0.09375
1192,0.078125
1193,0.046875
1194,0.03125
1195,0.046875
1196,0.078125
1197,0.09375
1198,0.078125
1199,0.0625
1200,0.078125
1201,0.0625
1202,0.03125
1203,0.078125
1204,0.0625
1205,0.09375
1206,0.078125
1207,0.09375
1208,0.125
1209,0.03125
1210,0.046875
1211,0.09375
1212,0.0625
1213,0.0625
1214,0.09375
1215,0.09375
1216,0.0625
1217,0.0625
1218,0.0625
1219,0.0625
1220,0.03125
1221,0.0625
1222,0.03125
1223,0.109375
1224,0.0625
1225,0.03125
1226,0.046875
1227,0.078125
1228,0.078125
1229,0.046875
1230,0.09375
1231,0.09375
1232,0.109375
1233,0.078125
1234,0.046875
1235,0.078125
1236,0.125
1237,0.09375
1238,0.09375
1239,0.03125
1240,0.078125
1241,0.09375
1242,0.03125
1243,0.03125
1244,0.03125
1245,0.109375
1246,0.0625
1247,0.046875
1248,0.109375
1249,0.09375
1250,0.09375
1251,0.0625
1252,0.09375
1253,0.09375
1254,0.078125
1255,0.09375
1256,0.109375
1257,0.109375
1258,0.109375
1259,0.0625
1260,0.046875
1261,0.125
1262,0.171875
1263,0.046875
1264,0.078125
1265,0.015625
1266,0.09375
1267,0.03125
1268,0.125
1269,0.078125
1270,0.078125
1271,0.03125
1272,0.03125
1273,0.0625
1274,0.046875
1275,0.0625
1276,0.0625
1277,0.046875
1278,0.046875
1279,0.0625
1280,0.03125
1281,0.015625
1282,0.0625
1283,0.046875
1284,0.015625
1285,0.078125
1286,0.078125
1287,0.078125
1288,0.078125
1289,0.03125
1290,0.0625
1291,0.0625
1292,0.09375
1293,0.078125
1294,0.078125
1295,0.109375
1296,0.09375
1297,0.046875
1298,0.078125
1299,0.046875
1300,0.140625
1301,0.015625
1302,0.046875
1303,0.015625
1304,0.109375
1305,0.09375
1306,0.03125
1307,0.109375
1308,0.125
1309,0.109375
1310,0.09375
1311,0.078125
1312,0.078125
1313,0.0625
1314,0.046875
1315,0.09375
1316,0.15625
1317,0.09375
1318,0.046875
1319,0.046875
1320,0.046875
1321,0.046875
1322,0.0625
1323,0.0625
1324,0.03125
1325,0.03125
1326,0.09375
1327,0.078125
1328,0.09375
1329,0.015625
1330,0.03125
1331,0.125
1332,0.03125
1333,0.046875
1334,0.0625
1335,0.078125
1336,0.03125
1337,0.0625
1338,0.078125
1339,0.015625
1340,0.09375
1341,0.078125
1342,0.046875
1343,0.078125
1344,0.09375
1345,0.09375
1346,0.109375
1347,0.09375
1348,0.0625
1349,0.109375
1350,0.125
1351,0.109375
1352,0.0625
1353,0.09375
1354,0.09375
1355,0.0625
1356,0.078125
1357,0.03125
1358,0.140625
1359,0.0625
1360,0.03125
1361,0.0625
1362,0.0625
1363,0.046875
1364,0.015625
1365,0.078125
1366,0.09375
1367,0.09375
1368,0.0625
1369,0.09375
1370,0.109375
1371,0.03125
1372,0.03125
1373,0.09375
1374,0.046875
1375,0.109375
1376,0.078125
1377,0.046875
1378,0.09375
1379,0.09375
1380,0.0625
1381,0.09375
1382,0.046875
1383,0.03125
1384,0.046875
1385,0.0625
1386,0.0625
1387,0.015625
1388,0.0625
1389,0.03125
1390,0.109375
1391,0.09375
1392,0.0625
1393,0.15625
1394,0.078125
1395,0.078125
1396,0.125
1397,0.078125
1398,0.078125
1399,0.03125
1400,0.078125
1401,0.046875
1402,0.09375
1403,0.078125
1404,0.046875
1405,0.109375
1406,0.03125
1407,0.0625
1408,0.015625
1409,0.078125
1410,0.078125
1411,0.0625
1412,0.0625
1413,0.0625
1414,0.0625
1415,0.078125
1416,0.03125
1417,0.078125
1418,0.125
1419,0.015625
1420,0.046875
1421,0.109375
1422,0.0625
1423,0.09375
1424,0.078125
1425,0.015625
1426,0.0625
1427,0.0625
1428,0.078125
1429,0.0625
1430,0.046875
1431,0.046875
1432,0.109375
1433,0.09375
1434,0.046875
1435,0.0625
1436,0.078125
1437,0.109375
1438,0.03125
1439,0.0625
1440,0.046875
1441,0.03125
1442,0.015625
1443,0.046875
1444,0.0625
1445,0.09375
1446,0.03125
1447,0.078125
1448,0.0625
1449,0.078125
1450,0.109375
1451,0.078125
1452,0.09375
1453,0.046875
1454,0.0625
1455,0.015625
1456,0.078125
1457,0.078125
1458,0.046875
1459,0.09375
1460,0.03125
1461,0.015625
1462,0.078125
1463,0.046875
1464,0.078125
1465,0.09375
1466,0.046875
1467,0.078125
1468,0.046875
1469,0.0625
1470,0.03125
1471,0.03125
1472,0.0625
1473,0.0625
1474,0.046875
1475,0.03125
1476,0.140625
1477,0.078125
1478,0.078125
1479,0.078125
1480,0.046875
1481,0.0625
1482,0.015625
1483,0.078125
1484,0.078125
1485,0.0625
1486,0.078125
1487,0.0625
1488,0.140625
1489,0.046875
1490,0.09375
1491,0.125
1492,0.109375
1493,0.078125
1494,0.078125
1495,0.078125
1496,0.0
1497,0.078125
1498,0.046875
1499,0.0625
1500,0.03125
1501,0.0625
1502,0.0625
1503,0.09375
1504,0.125
1505,0.125
1506,0.046875
1507,0.109375
1508,0.046875
1509,0.078125
1510,0.0
1511,0.078125
1512,0.0625
1513,0.078125
1514,0.0625
1515,0.0625
1516,0.0625
1517,0.046875
1518,0.15625
1519,0.03125
1520,0.078125
1521,0.0625
1522,0.109375
1523,0.09375
1524,0.078125
1525,0.015625
1526,0.0625
1527,0.0625
1528,0.0625
1529,0.109375
1530,0.046875
1531,0.15625
1532,0.09375
1533,0.0625
1534,0.0625
1535,0.109375
1536,0.09375
1537,0.078125
1538,0.03125
1539,0.125
1540,0.046875
1541,0.0625
1542,0.015625
1543,0.078125
1544,0.09375
1545,0.0625
1546,0.109375
1547,0.125
1548,0.09375
1549,0.078125
1550,0.140625
1551,0.0625
1552,0.078125
1553,0.0625
1554,0.078125
1555,0.03125
1556,0.046875
1557,0.046875
1558,0.015625
1559,0.046875
1560,0.078125
1561,0.046875
1562,0.046875
1563,0.03125
38319,0.046875
38320,0.078125
38322,0.046875
38323,0.109375
38324,0.0625
38325,0.046875
38326,0.046875
38327,0.046875
38328,0.046875
38329,0.046875
38330,0.0625
38331,0.046875
38332,0.03125
38333,0.09375
38334,0.046875
38335,0.046875
38336,0.0
38337,0.0625
38338,0.078125
38339,0.046875
38340,0.0625
38341,0.015625
38342,0.09375
38343,0.0625
38344,0.0625
38345,0.0625
38346,0.0625
38347,0.0625
38348,0.09375
38349,0.109375
38350,0.0625
38351,0.0
38352,0.078125
38353,0.0625
38354,0.015625
38355,0.078125
38356,0.0625
38357,0.0625
38358,0.03125
38359,0.0
38360,0.078125
38361,0.046875
38362,0.03125
38363,0.03125
38364,0.0625
38365,0.0625
38366,0.03125
38367,0.015625
38368,0.046875
38369,0.09375
38370,0.015625
38371,0.0625
38372,0.09375
38373,0.0625
38374,0.0625
38375,0.140625
38376,0.0
38377,0.03125
38378,0.03125
38379,0.046875
38380,0.078125
38381,0.015625
38382,0.03125
38383,0.015625
38384,0.03125
38385,0.0625
38386,0.03125
38387,0.078125
38388,0.078125
38389,0.125
38390,0.046875
38391,0.046875
38392,0.015625
38393,0.09375
38394,0.0625
38395,0.015625
38396,0.078125
38397,0.078125
38398,0.0625
38399,0.09375
38400,0.015625
38401,0.0625
38402,0.046875
38403,0.0625
38404,0.03125
38405,0.0625
38406,0.078125
38407,0.015625
38408,0.015625
38409,0.109375
38410,0.046875
38411,0.046875
38412,0.0625
38413,0.078125
38414,0.046875
38415,0.0625
38416,0.0625
38417,0.0625
38418,0.109375
38419,0.046875
38420,0.09375
38421,0.0625
38422,0.0625
38423,0.046875
38424,0.046875
38425,0.015625
38426,0.125
38427,0.015625
38428,0.09375
38429,0.078125
38430,0.125
38431,0.078125
38432,0.078125
38433,0.078125
38434,0.03125
38435,0.125
38436,0.046875
38437,0.046875
38438,0.09375
38439,0.078125
38440,0.015625
38441,0.0625
38442,0.109375
38443,0.03125
38444,0.078125
38445,0.0625
38446,0.015625
38447,0.078125
38448,0.046875
38449,0.09375
38450,0.078125
38451,0.0625
38452,0.0625
38453,0.078125
38454,0.078125
38455,0.078125
38456,0.09375
38457,0.015625
38458,0.109375
38459,0.046875
38460,0.078125
38461,0.109375
38462,0.0625
38463,0.0625
38464,0.078125
38465,0.09375
38466,0.09375
38467,0.015625
38468,0.0625
38469,0.125
38470,0.0
38471,0.078125
38472,0.0625
38473,0.0625
38474,0.046875
38475,0.046875
38476,0.0625
38477,0.03125
38478,0.078125
38479,0.125
38480,0.0625
38481,0.09375
38482,0.125
38483,0.0625
38484,0.09375
38485,0.125
38486,0.015625
38487,0.078125
38488,0.0625
38489,0.046875
38490,0.0625
38491,0.125
38492,0.09375
38493,0.046875
38494,0.046875
38495,0.09375
38496,0.046875
38497,0.046875
38498,0.109375
38499,0.0625
38500,0.03125
38501,0.125
38502,0.03125
38503,0.03125
38504,0.046875
38505,0.046875
38506,0.09375
38507,0.0
38508,0.046875
38509,0.125
38510,0.0625
38511,0.0625
38512,0.03125
38513,0.03125
38514,0.03125
38515,0.09375
38516,0.0625
38517,0.046875
38518,0.046875
38519,0.078125
38520,0.015625
38521,0.0625
38522,0.0625
38523,0.015625
38524,0.078125
38525,0.015625
38526,0.046875
38527,0.046875
38528,0.0625
38529,0.0
38530,0.03125
38531,0.078125
38532,0.0625
38533,0.046875
38534,0.078125
38535,0.0625
38536,0.109375
38537,0.03125
38538,0.015625
38539,0.03125
38540,0.046875
38541,0.078125
38542,0.078125
38543,0.03125
38544,0.03125
38545,0.03125
38546,0.0625
38547,0.09375
38548,0.09375
38549,0.0625
38550,0.046875
38551,0.109375
38552,0.0625
38553,0.0
38554,0.03125
38555,0.0625
38556,0.03125
38557,0.03125
38558,0.0625
38559,0.09375
38560,0.046875
38561,0.03125
38562,0.078125
38563,0.046875
38564,0.09375
38565,0.140625
38566,0.109375
38567,0.09375
38568,0.0
38569,0.078125
38570,0.015625
38571,0.0625
38572,0.0625
38573,0.03125
38574,0.0625
38575,0.03125
38576,0.03125
38577,0.046875
38578,0.078125
38579,0.015625
38580,0.0625
38581,0.0625
38582,0.03125
38583,0.03125
38584,0.03125
38585,0.09375
38586,0.09375
38587,0.078125
38588,0.078125
38589,0.046875
38590,0.0625
38591,0.03125
38592,0.046875
38593,0.046875
38594,0.046875
38595,0.046875
38596,0.03125
38597,0.03125
38598,0.046875
38599,0.03125
38600,0.09375
38601,0.078125
38602,0.09375
38603,0.09375
38604,0.046875
38605,0.046875
38606,0.046875
38607,0.03125
38608,0.078125
38609,0.09375
38610,0.09375
38611,0.046875
38612,0.03125
38613,0.0625
38614,0.09375
38615,0.046875
38616,0.09375
38617,0.03125
38618,0.0625
38619,0.078125
38620,0.0625
38621,0.078125
38622,0.046875
38623,0.0625
38624,0.03125
38625,0.09375
38626,0.0625
38627,0.109375
38628,0.09375
38629,0.046875
38630,0.046875
38631,0.078125
38632,0.0625
38633,0.09375
38634,0.078125
38635,0.03125
38636,0.125
38637,0.046875
38638,0.03125
38639,0.046875
38640,0.078125
38641,0.09375
38642,0.0625
38643,0.078125
38644,0.09375
38645,0.046875
38646,0.046875
38647,0.109375
38648,0.109375
38649,0.015625
38650,0.046875
38651,0.015625
38652,0.0625
38653,0.0625
38654,0.0625
38655,0.0625
38656,0.078125
38657,0.046875
38658,0.046875
38659,0.03125
38660,0.109375
38661,0.03125
38662,0.046875
38663,0.046875
38664,0.109375
38665,0.03125
38666,0.0625
38667,0.046875
38668,0.015625
38669,0.125
38670,0.0625
38671,0.0625
38672,0.046875
38673,0.140625
38674,0.109375
38675,0.078125
38676,0.078125
38677,0.046875
38678,0.03125
38679,0.078125
38680,0.09375
38681,0.0625
38682,0.078125
38683,0.078125
38684,0.03125
38685,0.03125
38686,0.03125
38687,0.078125
38688,0.078125
38689,0.125
38690,0.0
38691,0.09375
38692,0.09375
38693,0.0625
38694,0.0625
38695,0.046875
38696,0.03125
38697,0.046875
38698,0.078125
38699,0.0625
38700,0.078125
38701,0.03125
38702,0.046875
38703,0.015625
38704,0.03125
38705,0.078125
38706,0.0625
38707,0.015625
38708,0.09375
38709,0.03125
38710,0.015625
38711,0.078125
38712,0.09375
38713,0.015625
38714,0.0625
38715,0.03125
38716,0.0625
38717,0.03125
38718,0.046875
38719,0.0625
38720,0.046875
38721,0.046875
38722,0.078125
38723,0.09375
38724,0.078125
38725,0.0625
38726,0.109375
38727,0.03125
38728,0.0625
38729,0.046875
38730,0.03125
38731,0.078125
38732,0.046875
38733,0.015625
38734,0.09375
38735,0.046875
38736,0.0625
38737,0.015625
38738,0.140625
38739,0.0625
38740,0.109375
38741,0.046875
38742,0.078125
38743,0.0625
38744,0.046875
38745,0.109375
38746,0.09375
38747,0.0625
38748,0.078125
38749,0.03125
38750,0.03125
38751,0.046875
38752,0.015625
38753,0.046875
38754,0.109375
38755,0.046875
38756,0.0625
38757,0.0625
38758,0.03125
38759,0.0625
38760,0.078125
38761,0.046875
38762,0.0
38763,0.078125
38764,0.03125
38765,0.0625
38766,0.046875
38767,0.046875
38768,0.078125
38769,0.046875
38770,0.0625
38771,0.09375
38772,0.0625
38773,0.09375
38774,0.015625
38775,0.046875
38776,0.078125
38777,0.15625
38778,0.03125
38779,0.0625
38780,0.03125
38781,0.0625
38782,0.078125
38783,0.0625
38784,0.078125
38785,0.046875
38786,0.046875
38787,0.03125
38788,0.015625
38789,0.0
38790,0.046875
38791,0.109375
38792,0.0625
38793,0.09375
38794,0.046875
38795,0.078125
38796,0.109375
38797,0.03125
38798,0.078125
38799,0.046875
38800,0.046875
38801,0.046875
38802,0.0625
38803,0.125
38804,0.046875
38805,0.125
38806,0.09375
38807,0.109375
38808,0.0625
38809,0.046875
38810,0.09375
38811,0.0625
38812,0.078125
38813,0.046875
38814,0.09375
38815,0.0625
38816,0.078125
38817,0.078125
38818,0.0625
38819,0.0625
38820,0.046875
38821,0.09375
38822,0.0625
38823,0.078125
38824,0.046875
38825,0.046875
38826,0.046875
38827,0.046875
38828,0.0625
38829,0.046875
38830,0.03125
38831,0.03125
38832,0.03125
38833,0.046875
38834,0.03125
38835,0.09375
38836,0.015625
38837,0.046875
38838,0.046875
38839,0.09375
38840,0.078125
38841,0.109375
38842,0.078125
38843,0.046875
38844,0.109375
38845,0.046875
38846,0.125
38847,0.03125
38848,0.09375
38849,0.046875
38850,0.078125
38851,0.0625
38852,0.046875
38853,0.09375
38854,0.09375
38855,0.109375
38856,0.0625
38857,0.140625
38858,0.125
38859,0.046875
38860,0.078125
38861,0.03125
38862,0.125
38863,0.09375
38864,0.0625
38865,0.09375
38866,0.09375
38867,0.046875
38868,0.0625
38869,0.078125
38870,0.078125
38871,0.046875
38872,0.078125
38873,0.0625
38874,0.015625
38875,0.046875
38876,0.03125
38877,0.0625
38878,0.015625
38879,0.03125
38880,0.015625
38881,0.09375
38882,0.046875
38883,0.078125
38884,0.046875
38885,0.046875
38886,0.015625
38887,0.03125
38888,0.0
38889,0.0625
38890,0.078125
38891,0.046875
38892,0.078125
38893,0.03125
38894,0.03125
38895,0.03125
38896,0.046875
38897,0.03125
38898,0.09375
38899,0.046875
38900,0.046875
38901,0.078125
38902,0.078125
38903,0.0625
38904,0.09375
38905,0.03125
38906,0.015625
38907,0.09375
38908,0.078125
38909,0.0625
38910,0.0625
38911,0.046875
38912,0.078125
38913,0.03125
38914,0.046875
38915,0.015625
38916,0.046875
38917,0.0625
38918,0.03125
38919,0.03125
38920,0.0625
38921,0.0625
38922,0.03125
38923,0.0625
38924,0.078125
38925,0.0625
38926,0.0625
38927,0.046875
38928,0.078125
38929,0.078125
38930,0.03125
38931,0.0625
38932,0.078125
38933,0.078125
38934,0.0625
38935,0.046875
38936,0.046875
38937,0.03125
38938,0.078125
38939,0.078125
38940,0.09375
38941,0.03125
38942,0.03125
38943,0.0625
38944,0.109375
38945,0.078125
38946,0.03125
38947,0.03125
38948,0.09375
38949,0.0625
38950,0.109375
38951,0.078125
38952,0.03125
38953,0.046875
38954,0.109375
38955,0.078125
38956,0.03125
38957,0.078125
38958,0.046875
38959,0.0625
38960,0.0
38961,0.09375
38962,0.140625
38963,0.078125
38964,0.03125
38965,0.0625
38966,0.078125
38967,0.03125
38968,0.046875
38969,0.125
38970,0.09375
38971,0.125
38972,0.03125
38973,0.078125
38974,0.046875
38975,0.0625
38976,0.078125
38977,0.0625
38978,0.078125
38979,0.015625
38980,0.03125
38981,0.09375
38982,0.015625
38983,0.0625
38984,0.078125
38985,0.09375
38986,0.0625
38987,0.046875
38988,0.09375
38989,0.0625
38990,0.046875
38991,0.046875
38992,0.09375
38993,0.078125
38994,0.03125
38995,0.0625
38996,0.046875
38997,0.0625
38998,0.109375
38999,0.0625
39000,0.0
39001,0.046875
39002,0.09375
39003,0.015625
39004,0.078125
39005,0.09375
39006,0.109375
39007,0.015625
39008,0.046875
39009,0.0625
39010,0.09375
39011,0.046875
39012,0.015625
39013,0.078125
39014,0.015625
39015,0.078125
39016,0.0625
39017,0.109375
39018,0.015625
39019,0.046875
39020,0.140625
39021,0.109375
39022,0.078125
39023,0.0625
39024,0.0625
39025,0.0625
39026,0.078125
39027,0.0625
39028,0.09375
39029,0.046875
39030,0.0625
39031,0.03125
39032,0.0625
39033,0.0625
39034,0.0625
39035,0.078125
39036,0.0625
39037,0.046875
39038,0.0625
39039,0.046875
39040,0.0625
39041,0.0625
39042,0.046875
39043,0.03125
39044,0.046875
39045,0.03125
39046,0.046875
39047,0.046875
39048,0.078125
39049,0.140625
39050,0.0625
39051,0.03125
39052,0.078125
39053,0.03125
39054,0.046875
39055,0.046875
39056,0.09375
39057,0.109375
39058,0.09375
39059,0.0625
39060,0.078125
39061,0.109375
39062,0.0625
39063,0.0625
39064,0.078125
39065,0.09375
39066,0.125
39067,0.046875
39068,0.046875
39069,0.078125
39070,0.03125
39071,0.09375
39072,0.0625
39073,0.046875
39074,0.0625
39075,0.0625
39076,0.078125
39077,0.078125
39078,0.046875
39079,0.046875
39080,0.0625
39081,0.109375
39082,0.03125
39083,0.109375
39084,0.046875
39085,0.0625
39086,0.078125
39087,0.046875
39088,0.109375
39089,0.09375
39090,0.0625
39091,0.046875
39092,0.046875
39093,0.0625
39094,0.078125
39095,0.03125
39096,0.046875
39097,0.0625
39098,0.03125
39099,0.0625
39100,0.0
39101,0.0625
39102,0.046875
39104,0.0625
39105,0.09375
39106,0.03125
39107,0.09375
39108,0.09375
39109,0.03125
39110,0.09375
39111,0.09375
39112,0.078125
39113,0.09375
39114,0.0625
39115,0.03125
39116,0.078125
39117,0.109375
39118,0.109375
39119,0.09375
39120,0.03125
39121,0.015625
39122,0.015625
39123,0.0625
39124,0.0625
39125,0.109375
39126,0.046875
39127,0.03125
39128,0.015625
39129,0.015625
39130,0.046875
39131,0.109375
39132,0.0625
39133,0.09375
39134,0.0625
39135,0.078125
39136,0.078125
39137,0.09375
39138,0.046875
39139,0.03125
39140,0.015625
39141,0.078125
39142,0.03125
39143,0.03125
39144,0.09375
39145,0.03125
39146,0.0625
39147,0.0625
39148,0.078125
39149,0.125
39150,0.0625
39151,0.015625
39152,0.0625
39153,0.046875
39154,0.046875
39155,0.09375
39156,0.078125
39157,0.078125
39158,0.015625
39159,0.03125
39160,0.0625
39161,0.046875
39162,0.03125
39163,0.0625
39164,0.09375
39165,0.109375
39166,0.0625
39167,0.0625
39168,0.109375
39169,0.046875
39170,0.078125
39171,0.0625
39172,0.046875
39173,0.0625
39174,0.03125
39175,0.09375
39176,0.09375
39177,0.0625
39178,0.0
39179,0.03125
39180,0.03125
39181,0.03125
39182,0.046875
39183,0.109375
39184,0.03125
39185,0.078125
39186,0.046875
39187,0.09375
39188,0.078125
39189,0.03125
39190,0.109375
39191,0.109375
39192,0.078125
39193,0.046875
39194,0.0625
39195,0.046875
39196,0.03125
39197,0.046875
39198,0.046875
39199,0.03125
39200,0.046875
39201,0.078125
39202,0.03125
39203,0.046875
39204,0.03125
39205,0.09375
39206,0.09375
39207,0.0
39208,0.09375
39209,0.09375
39210,0.09375
39211,0.109375
39212,0.046875
39213,0.125
39214,0.0625
39215,0.09375
39216,0.0625
39217,0.0625
39218,0.078125
39219,0.078125
39220,0.046875
39221,0.03125
39222,0.046875
39223,0.0625
39224,0.015625
39225,0.109375
39226,0.046875
39227,0.046875
39228,0.0625
39229,0.015625
39230,0.09375
39231,0.03125
39232,0.046875
39233,0.0625
39234,0.078125
39235,0.0625
39236,0.109375
39237,0.046875
39238,0.03125
39239,0.015625
39240,0.0625
39241,0.0
39242,0.015625
39243,0.046875
39244,0.0625
39245,0.046875
39246,0.0625
39247,0.0625
39248,0.078125
39249,0.109375
39250,0.03125
39251,0.03125
39252,0.03125
39253,0.09375
39254,0.0625
39255,0.109375
39256,0.046875
39257,0.0625
39258,0.0
39259,0.09375
39260,0.015625
39261,0.0625
39262,0.109375
39263,0.046875
39264,0.078125
39265,0.046875
39266,0.046875
39267,0.046875
39268,0.0625
39269,0.03125
39270,0.0625
39271,0.046875
39272,0.0625
39273,0.046875
39274,0.0625
39275,0.03125
39276,0.09375
39277,0.046875
39278,0.046875
39279,0.078125
39280,0.046875
39281,0.109375
39282,0.0625
39283,0.0625
39284,0.109375
39285,0.046875
39286,0.078125
39287,0.0625
39288,0.0625
39289,0.0625
39290,0.03125
39291,0.015625
39292,0.03125
39293,0.046875
39294,0.0625
39295,0.0625
39296,0.046875
39297,0.078125
39298,0.09375
39299,0.125
39300,0.015625
39301,0.046875
39302,0.0625
39303,0.046875
39304,0.0625
39305,0.078125
39306,0.03125
39307,0.046875
39308,0.09375
39309,0.046875
39310,0.046875
39311,0.03125
39312,0.046875
39313,0.015625
39314,0.03125
39315,0.015625
39316,0.0625
39317,0.03125
39318,0.0
39319,0.09375
39320,0.109375
39321,0.015625
39322,0.109375
39323,0.046875
39324,0.0625
39325,0.03125
39326,0.046875
39327,0.046875
39328,0.046875
39329,0.09375
39330,0.03125
39331,0.046875
39332,0.046875
39333,0.078125
39334,0.078125
39335,0.046875
39336,0.03125
39337,0.0625
39338,0.09375
39339,0.03125
39340,0.03125
39341,0.078125
39342,0.109375
39343,0.0
39344,0.03125
39345,0.078125
39346,0.0625
39347,0.046875
39348,0.015625
39349,0.046875
39350,0.0625
39351,0.109375
39352,0.078125
39353,0.046875
39354,0.03125
39355,0.046875
39356,0.0625
39357,0.0625
39358,0.078125
39359,0.078125
39360,0.046875
39361,0.0625
39362,0.03125
39363,0.078125
39364,0.046875
39365,0.03125
39366,0.078125
39367,0.03125
39368,0.015625
39369,0.078125
39370,0.046875
39371,0.046875
39372,0.0625
39373,0.0625
39374,0.03125
39375,0.078125
39376,0.03125
39377,0.046875
39378,0.0625
39379,0.09375
39380,0.03125
39381,0.0625
39382,0.046875
39383,0.015625
39384,0.0625
39385,0.078125
39386,0.109375
39387,0.0625
39388,0.03125
39389,0.078125
39390,0.046875
39391,0.078125
39392,0.0625
39393,0.0625
39394,0.078125
39395,0.09375
39396,0.0625
39397,0.046875
39398,0.0625
39399,0.109375
39400,0.046875
39401,0.046875
39402,0.078125
39403,0.046875
39404,0.03125
39405,0.078125
39406,0.078125
39407,0.03125
39408,0.09375
39409,0.03125
39410,0.03125
39411,0.09375
39412,0.078125
39413,0.125
39414,0.09375
39415,0.046875
39416,0.078125
39417,0.046875
39418,0.09375
39419,0.046875
39420,0.078125
39421,0.125
39422,0.078125
39423,0.046875
39424,0.03125
39425,0.046875
39426,0.078125
39427,0.09375
39428,0.03125
39429,0.03125
39430,0.09375
39431,0.03125
39432,0.078125
39433,0.0625
39434,0.078125
39435,0.03125
39436,0.078125
39437,0.078125
39438,0.078125
39439,0.046875
39440,0.078125
39441,0.03125
39442,0.078125
39443,0.03125
39444,0.03125
39445,0.109375
39446,0.046875
39447,0.046875
39448,0.015625
39449,0.09375
39450,0.046875
39451,0.078125
39452,0.078125
39453,0.0625
39454,0.09375
39455,0.078125
39456,0.046875
39457,0.046875
39458,0.03125
39459,0.03125
39460,0.0625
39461,0.125
39462,0.078125
39463,0.078125
39464,0.0625
39465,0.046875
39466,0.046875
39467,0.0625
39468,0.0625
39469,0.0
39470,0.0625
39471,0.0625
39472,0.109375
39473,0.078125
39474,0.109375
39475,0.046875
39476,0.0625
39477,0.046875
39478,0.09375
39479,0.078125
39480,0.0625
39481,0.078125
39482,0.046875
39483,0.046875
39484,0.109375
39485,0.03125
39486,0.03125
39487,0.015625
39488,0.046875
39489,0.03125
39490,0.125
39491,0.0625
39492,0.046875
39493,0.046875
39494,0.015625
39495,0.0625
39496,0.0625
39497,0.0625
39498,0.125
39499,0.0625
39500,0.109375
39501,0.078125
39502,0.09375
39503,0.0625
39504,0.09375
39505,0.109375
39506,0.09375
39507,0.09375
39508,0.109375
39509,0.03125
39510,0.078125
39511,0.046875
39512,0.0625
39513,0.09375
39514,0.03125
39515,0.0625
39516,0.078125
39517,0.046875
39518,0.078125
39519,0.125
39520,0.046875
39521,0.015625
39522,0.140625
39523,0.0625
39524,0.03125
39525,0.078125
39526,0.046875
39527,0.078125
39528,0.09375
39529,0.03125
39530,0.09375
39531,0.078125
39532,0.0625
39533,0.03125
39534,0.03125
39535,0.046875
39536,0.046875
39537,0.078125
39538,0.09375
39539,0.0625
39540,0.078125
39541,0.125
39542,0.109375
39543,0.0625
39544,0.046875
39545,0.0625
39546,0.015625
39547,0.03125
39548,0.0625
39549,0.015625
39550,0.015625
39551,0.03125
39552,0.125
39553,0.046875
39554,0.078125
39555,0.046875
39556,0.015625
39557,0.078125
39558,0.0625
39559,0.03125
39560,0.046875
39561,0.046875
39562,0.09375
39563,0.0625
39564,0.171875
39565,0.046875
39566,0.046875
39567,0.046875
39568,0.03125
39569,0.03125
39570,0.046875
39571,0.078125
39572,0.03125
39573,0.125
39574,0.140625
39575,0.015625
39576,0.046875
39577,0.046875
39578,0.09375
39579,0.09375
39580,0.078125
39581,0.078125
39582,0.09375
39583,0.046875
39584,0.0625
39585,0.09375
39586,0.0625
39587,0.046875
39588,0.015625
39589,0.078125
39590,0.09375
39591,0.125
39592,0.0625
39593,0.078125
39594,0.015625
39595,0.03125
39596,0.078125
39597,0.0625
39598,0.078125
39599,0.09375
39600,0.0625
39601,0.0625
39602,0.078125
39603,0.046875
39604,0.03125
39605,0.078125
39606,0.046875
39607,0.078125
39608,0.03125
39609,0.046875
39610,0.0625
39611,0.046875
39612,0.0625
39613,0.03125
39614,0.078125
39615,0.0
39616,0.078125
39617,0.03125
39618,0.125
39619,0.078125
39620,0.09375
39621,0.109375
39622,0.0625
39623,0.0625
39624,0.078125
39625,0.046875
39626,0.078125
39627,0.078125
39628,0.03125
39629,0.03125
39630,0.046875
39631,0.046875
39632,0.09375
39633,0.09375
39634,0.015625
39635,0.03125
39636,0.078125
39637,0.0
39638,0.046875
39639,0.09375
39640,0.078125
39641,0.078125
39642,0.046875
39643,0.03125
39644,0.0625
39645,0.0625
39646,0.0625
39647,0.046875
39648,0.09375
39649,0.078125
39650,0.03125
39651,0.0625
39652,0.046875
39653,0.046875
39654,0.015625
39655,0.109375
39656,0.03125
39657,0.078125
39658,0.0625
39659,0.140625
39660,0.046875
39661,0.078125
39662,0.0625
39663,0.078125
39664,0.046875
39665,0.0625
39666,0.078125
39667,0.0625
39668,0.0625
39669,0.046875
39670,0.0625
39671,0.078125
39672,0.046875
39673,0.078125
39674,0.078125
39675,0.0
39676,0.09375
39677,0.015625
39678,0.078125
39679,0.046875
39680,0.046875
39681,0.015625
39682,0.03125
39683,0.03125
39684,0.0
39685,0.046875
39686,0.09375
39687,0.0625
39688,0.0625
39689,0.0625
39690,0.09375
39691,0.109375
39692,0.015625
39693,0.09375
39694,0.0625
39695,0.09375
39696,0.0625
39697,0.046875
39698,0.03125
39699,0.03125
39700,0.0625
39701,0.078125
39702,0.046875
39703,0.046875
39704,0.0625
39705,0.0625
39706,0.046875
39707,0.046875
39708,0.015625
39709,0.078125
39710,0.0625
39711,0.03125
39712,0.0625
39713,0.03125
39714,0.03125
39715,0.0625
39716,0.0625
39717,0.015625
39718,0.046875
39719,0.09375
39720,0.046875
39721,0.0625
39722,0.046875
39723,0.0625
39724,0.0625
39725,0.125
39726,0.125
39727,0.125
39728,0.0625
39729,0.03125
39730,0.03125
39731,0.078125
39732,0.0625
39733,0.046875
39734,0.015625
39735,0.046875
39736,0.0625
39737,0.078125
39738,0.109375
39739,0.09375
39740,0.0625
39741,0.0625
39742,0.09375
39743,0.109375
39744,0.078125
39745,0.109375
39746,0.109375
39747,0.109375
39748,0.0625
39749,0.0625
39750,0.0625
39751,0.0625
39752,0.03125
39753,0.078125
39754,0.03125
39755,0.09375
39756,0.046875
39757,0.03125
39758,0.0625
39759,0.078125
39760,0.078125
39761,0.0625
39762,0.015625
39763,0.0625
39764,0.125
39765,0.0625
39766,0.03125
39767,0.09375
39768,0.015625
39769,0.046875
39770,0.078125
39771,0.0625
39772,0.0625
39773,0.125
39774,0.078125
39775,0.03125
39776,0.0625
39777,0.078125
39778,0.09375
39779,0.109375
39780,0.09375
39781,0.046875
39782,0.109375
39783,0.078125
39784,0.046875
39785,0.046875
39786,0.03125
39787,0.046875
39788,0.078125
39789,0.0625
39790,0.03125
39791,0.046875
39792,0.109375
39793,0.0625
39794,0.078125
39795,0.046875
39796,0.0625
39797,0.03125
39798,0.078125
39799,0.015625
39800,0.046875
39801,0.09375
39802,0.0625
39803,0.03125
39804,0.078125
39805,0.03125
39806,0.078125
39807,0.046875
39808,0.125
39809,0.03125
39810,0.109375
39811,0.046875
39812,0.078125
39813,0.078125
39814,0.046875
39815,0.09375
39816,0.09375
39817,0.09375
39818,0.0625
39819,0.0
39820,0.046875
39821,0.0625
39822,0.09375
39823,0.03125
39824,0.140625
39825,0.09375
39826,0.046875
39827,0.109375
39828,0.015625
39829,0.109375
39830,0.09375
39831,0.078125
39832,0.078125
39833,0.109375
39834,0.015625
39835,0.109375
39836,0.03125
39837,0.078125
39838,0.03125
39839,0.0625
39840,0.046875
39841,0.0625
39842,0.09375
39843,0.03125
39844,0.046875
39845,0.0625
39846,0.015625
39847,0.015625
39848,0.09375
39849,0.0625
39850,0.046875
39851,0.0625
39852,0.078125
39853,0.140625
39854,0.0625
39855,0.109375
39856,0.0625
39857,0.078125
39858,0.03125
39859,0.046875
39860,0.046875
39861,0.078125
39862,0.046875
39863,0.03125
39864,0.09375
39865,0.03125
39866,0.09375
39867,0.09375
39868,0.09375
39869,0.046875
39870,0.0625
39871,0.046875
39872,0.046875
39873,0.046875
39874,0.109375
39875,0.03125
39876,0.09375
39877,0.046875
39878,0.03125
39879,0.125
39880,0.03125
39881,0.03125
76637,0.03125
76638,0.03125
76640,0.109375
76641,0.078125
76642,0.078125
76643,0.0625
76644,0.046875
76645,0.046875
76646,0.078125
76647,0.15625
76648,0.0625
76649,0.078125
76650,0.0625
76651,0.078125
76652,0.03125
76653,0.015625
76654,0.0625
76655,0.109375
76656,0.0625
76657,0.046875
76658,0.125
76659,0.046875
76660,0.03125
76661,0.09375
76662,0.046875
76663,0.125
76664,0.015625
76665,0.0625
76666,0.0625
76667,0.078125
76668,0.0625
76669,0.0
76670,0.078125
76671,0.109375
76672,0.046875
76673,0.0625
76674,0.0625
76675,0.0625
76676,0.015625
76677,0.0625
76678,0.015625
76679,0.015625
76680,0.046875
76681,0.078125
76682,0.078125
76683,0.0
76684,0.109375
76685,0.109375
76686,0.046875
76687,0.078125
76688,0.015625
76689,0.078125
76690,0.0625
76691,0.015625
76692,0.046875
76693,0.09375
76694,0.0625
76695,0.0625
76696,0.03125
76697,0.015625
76698,0.03125
76699,0.046875
76700,0.03125
76701,0.046875
76702,0.046875
76703,0.109375
76704,0.03125
76705,0.078125
76706,0.03125
76707,0.0625
76708,0.0625
76709,0.046875
76710,0.046875
76711,0.125
76712,0.015625
76713,0.09375
76714,0.078125
76715,0.078125
76716,0.046875
76717,0.046875
76718,0.140625
76719,0.09375
76720,0.0625
76721,0.046875
76722,0.03125
76723,0.078125
76724,0.0625
76725,0.03125
76726,0.046875
76727,0.0625
76728,0.0625
76729,0.046875
76730,0.015625
76731,0.03125
76732,0.09375
76733,0.078125
76734,0.0625
76735,0.03125
76736,0.0625
76737,0.09375
76738,0.0625
76739,0.046875
76740,0.0625
76741,0.046875
76742,0.0625
76743,0.0625
76744,0.0625
76745,0.15625
76746,0.109375
76747,0.078125
76748,0.0625
76749,0.015625
76750,0.03125
76751,0.03125
76752,0.0625
76753,0.03125
76754,0.046875
76755,0.09375
76756,0.09375
76757,0.0625
76758,0.03125
76759,0.078125
76760,0.09375
76761,0.109375
76762,0.046875
76763,0.046875
76764,0.078125
76765,0.046875
76766,0.0625
76767,0.046875
76768,0.03125
76769,0.078125
76770,0.046875
76771,0.078125
76772,0.03125
76773,0.078125
76774,0.015625
76775,0.046875
76776,0.09375
76777,0.046875
76778,0.078125
76779,0.046875
76780,0.046875
76781,0.0625
76782,0.015625
76783,0.109375
76784,0.0625
76785,0.03125
76786,0.046875
76787,0.03125
76788,0.078125
76789,0.03125
76790,0.046875
76791,0.03125
76792,0.0625
76793,0.0625
76794,0.0625
76795,0.046875
76796,0.078125
76797,0.03125
76798,0.078125
76799,0.0625
76800,0.0
76801,0.0625
76802,0.0625
76803,0.0625
76804,0.0625
76805,0.03125
76806,0.015625
76807,0.078125
76808,0.03125
76809,0.09375
76810,0.0625
76811,0.015625
76812,0.0
76813,0.046875
76814,0.09375
76815,0.0625
76816,0.078125
76817,0.109375
76818,0.078125
76819,0.03125
76820,0.015625
76821,0.015625
76822,0.09375
76823,0.109375
76824,0.03125
76825,0.046875
76826,0.03125
76827,0.09375
76828,0.078125
76829,0.078125
76830,0.0625
76831,0.125
76832,0.109375
76833,0.109375
76834,0.0625
76835,0.015625
76836,0.09375
76837,0.09375
76838,0.0625
76839,0.046875
76840,0.125
76841,0.078125
76842,0.0625
76843,0.046875
76844,0.046875
76845,0.0625
76846,0.03125
76847,0.09375
76848,0.0625
76849,0.03125
76850,0.046875
76851,0.0625
76852,0.03125
76853,0.046875
76854,0.046875
76855,0.0625
76856,0.078125
76857,0.046875
76858,0.015625
76859,0.046875
76860,0.0625
76861,0.078125
76862,0.03125
76863,0.0625
76864,0.03125
76865,0.046875
76866,0.109375
76867,0.0625
76868,0.0625
76869,0.0625
76870,0.046875
76871,0.078125
76872,0.03125
76873,0.109375
76874,0.015625
76875,0.09375
76876,0.078125
76877,0.046875
76878,0.078125
76879,0.03125
76880,0.015625
76881,0.0625
76882,0.109375
76883,0.140625
76884,0.0625
76885,0.09375
76886,0.03125
76887,0.0625
76888,0.0625
76889,0.0625
76890,0.046875
76891,0.0625
76892,0.03125
76893,0.078125
76894,0.0
76895,0.03125
76896,0.078125
76897,0.015625
76898,0.078125
76899,0.09375
76900,0.09375
76901,0.0625
76902,0.078125
76903,0.046875
76904,0.03125
76905,0.078125
76906,0.03125
76907,0.078125
76908,0.0625
76909,0.0625
76910,0.09375
76911,0.03125
76912,0.078125
76913,0.09375
76914,0.09375
76915,0.09375
76916,0.015625
76917,0.078125
76918,0.09375
76919,0.109375
76920,0.09375
76921,0.09375
76922,0.0625
76923,0.046875
76924,0.0625
76925,0.046875
76926,0.03125
76927,0.078125
76928,0.0625
76929,0.046875
76930,0.03125
76931,0.125
76932,0.03125
76933,0.03125
76934,0.03125
76935,0.046875
76936,0.0625
76937,0.015625
76938,0.046875
76939,0.03125
76940,0.109375
76941,0.09375
76942,0.046875
76943,0.046875
76944,0.046875
76945,0.0625
76946,0.09375
76947,0.046875
76948,0.140625
76949,0.078125
76950,0.03125
76951,0.0625
76952,0.03125
76953,0.109375
76954,0.03125
76955,0.03125
76956,0.0625
76957,0.0625
76958,0.046875
76959,0.0625
76960,0.015625
76961,0.078125
76962,0.125
76963,0.0625
76964,0.03125
76965,0.015625
76966,0.046875
76967,0.0625
76968,0.09375
76969,0.078125
76970,0.015625
76971,0.0625
76972,0.046875
76973,0.046875
76974,0.015625
76975,0.09375
76976,0.0
76977,0.0625
76978,0.078125
76979,0.03125
76980,0.046875
76981,0.078125
76982,0.046875
76983,0.046875
76984,0.0625
76985,0.09375
76986,0.046875
76987,0.09375
76988,0.109375
76989,0.046875
76990,0.046875
76991,0.0625
76992,0.03125
76993,0.0625
76994,0.046875
76995,0.03125
76996,0.078125
76997,0.078125
76998,0.078125
76999,0.09375
77000,0.046875
77001,0.078125
77002,0.0625
77003,0.109375
77004,0.0625
77005,0.046875
77006,0.046875
77007,0.078125
77008,0.0625
77009,0.046875
77010,0.0625
77011,0.0625
77012,0.046875
77013,0.0625
77014,0.046875
77015,0.078125
77016,0.0625
77017,0.0625
77018,0.0625
77019,0.03125
77020,0.078125
77021,0.0625
77022,0.078125
77023,0.0625
77024,0.078125
77025,0.046875
77026,0.09375
77027,0.0625
77028,0.046875
77029,0.09375
77030,0.03125
77031,0.046875
77032,0.078125
77033,0.03125
77034,0.046875
77035,0.078125
77036,0.0625
77037,0.046875
77038,0.046875
77039,0.0625
77040,0.046875
77041,0.078125
77042,0.078125
77043,0.0625
77044,0.0
77045,0.0625
77046,0.03125
77047,0.015625
77048,0.078125
77049,0.03125
77050,0.078125
77051,0.0625
77052,0.03125
77053,0.125
77054,0.109375
77055,0.0625
77056,0.078125
77057,0.078125
77058,0.015625
77059,0.09375
77060,0.109375
77061,0.03125
77062,0.046875
77063,0.078125
77064,0.125
77065,0.0625
77066,0.03125
77067,0.03125
77068,0.078125
77069,0.046875
77070,0.078125
77071,0.046875
77072,0.09375
77073,0.0625
77074,0.078125
77075,0.015625
77076,0.046875
77077,0.03125
77078,0.0625
77079,0.125
77080,0.046875
77081,0.0625
77082,0.046875
77083,0.03125
77084,0.078125
77085,0.046875
77086,0.046875
77087,0.078125
77088,0.03125
77089,0.09375
77090,0.09375
77091,0.0625
77092,0.046875
77093,0.078125
77094,0.0625
77095,0.078125
77096,0.03125
77097,0.078125
77098,0.046875
77099,0.078125
77100,0.03125
77101,0.046875
77102,0.0625
77103,0.03125
77104,0.046875
77105,0.0625
77106,0.109375
77107,0.078125
77108,0.046875
77109,0.078125
77110,0.109375
77111,0.0625
77112,0.078125
77113,0.0625
77114,0.03125
77115,0.015625
77116,0.015625
77117,0.046875
77118,0.046875
77119,0.046875
77120,0.0625
77121,0.015625
77122,0.078125
77123,0.0625
77124,0.046875
77125,0.046875
77126,0.03125
77127,0.046875
77128,0.03125
77129,0.046875
77130,0.078125
77131,0.0625
77132,0.078125
77133,0.078125
77134,0.09375
77135,0.078125
77136,0.046875
77137,0.015625
77138,0.015625
77139,0.0625
77140,0.078125
77141,0.09375
77142,0.046875
77143,0.09375
77144,0.09375
77145,0.0625
77146,0.09375
77147,0.109375
77148,0.078125
77149,0.0625
77150,0.0625
77151,0.015625
77152,0.0625
77153,0.0625
77154,0.03125
77155,0.046875
77156,0.03125
77157,0.015625
77158,0.09375
77159,0.015625
77160,0.046875
77161,0.03125
77162,0.0625
77163,0.109375
77164,0.109375
77165,0.09375
77166,0.0625
77167,0.0625
77168,0.015625
77169,0.0625
77170,0.0625
77171,0.046875
77172,0.0
77173,0.0
77174,0.0625
77175,0.015625
77176,0.0625
77177,0.078125
77178,0.0625
77179,0.03125
77180,0.03125
77181,0.078125
77182,0.09375
77183,0.078125
77184,0.125
77185,0.03125
77186,0.109375
77187,0.09375
77188,0.046875
77189,0.03125
77190,0.03125
77191,0.09375
77192,0.03125
77193,0.09375
77194,0.09375
77195,0.046875
77196,0.0625
77197,0.109375
77198,0.046875
77199,0.0625
77200,0.03125
77201,0.0625
77202,0.0625
77203,0.0625
77204,0.03125
77205,0.078125
77206,0.03125
77207,0.09375
77208,0.046875
77209,0.0625
77210,0.0625
77211,0.09375
77212,0.078125
77213,0.046875
77214,0.03125
77215,0.046875
77216,0.0625
77217,0.03125
77218,0.078125
77219,0.015625
77220,0.046875
77221,0.046875
77222,0.0625
77223,0.109375
77224,0.03125
77225,0.0625
77226,0.15625
77227,0.015625
77228,0.09375
77229,0.03125
77230,0.0625
77231,0.078125
77232,0.078125
77233,0.078125
77234,0.0625
77235,0.0625
77236,0.046875
77237,0.078125
77238,0.03125
77239,0.09375
77240,0.078125
77241,0.109375
77242,0.078125
77243,0.078125
77244,0.046875
77245,0.046875
77246,0.125
77247,0.09375
77248,0.0625
77249,0.109375
77250,0.0625
77251,0.0625
77252,0.03125
77253,0.046875
77254,0.03125
77255,0.0625
77256,0.09375
77257,0.0625
77258,0.078125
77259,0.078125
77260,0.109375
77261,0.09375
77262,0.078125
77263,0.046875
77264,0.109375
77265,0.015625
77266,0.0625
77267,0.0625
77268,0.046875
77269,0.03125
77270,0.0625
77271,0.015625
77272,0.109375
77273,0.046875
77274,0.0625
77275,0.046875
77276,0.0625
77277,0.046875
77278,0.046875
77279,0.09375
77280,0.078125
77281,0.0625
77282,0.09375
77283,0.09375
77284,0.109375
77285,0.078125
77286,0.046875
77287,0.0
77288,0.046875
77289,0.0625
77290,0.0625
77291,0.078125
77292,0.015625
77293,0.140625
77294,0.140625
77295,0.0625
77296,0.046875
77297,0.078125
77298,0.046875
77299,0.0625
77300,0.109375
77301,0.078125
77302,0.125
77303,0.0625
77304,0.046875
77305,0.078125
77306,0.046875
77307,0.046875
77308,0.0625
77309,0.046875
77310,0.0625
77311,0.046875
77312,0.0625
77313,0.078125
77314,0.09375
77315,0.125
77316,0.109375
77317,0.03125
77318,0.109375
77319,0.078125
77320,0.078125
77321,0.0625
77322,0.078125
77323,0.0625
77324,0.03125
77325,0.125
77326,0.09375
77327,0.03125
77328,0.0625
77329,0.09375
77330,0.046875
77331,0.015625
77332,0.015625
77333,0.046875
77334,0.0625
77335,0.0625
77336,0.125
77337,0.109375
77338,0.046875
77339,0.0625
77340,0.09375
77341,0.015625
77342,0.015625
77343,0.015625
77344,0.03125
77345,0.046875
77346,0.09375
77347,0.015625
77348,0.03125
77349,0.078125
77350,0.015625
77351,0.09375
77352,0.0625
77353,0.0625
77354,0.046875
77355,0.03125
77356,0.03125
77357,0.03125
77358,0.078125
77359,0.109375
77360,0.046875
77361,0.0625
77362,0.078125
77363,0.09375
77364,0.09375
77365,0.046875
77366,0.0625
77367,0.078125
77368,0.0625
77369,0.0625
77370,0.0625
77371,0.0625
77372,0.09375
77373,0.046875
77374,0.0625
77375,0.09375
77376,0.125
77377,0.046875
77378,0.046875
77379,0.078125
77380,0.015625
77381,0.03125
77382,0.046875
77383,0.0625
77384,0.0625
77385,0.0625
77386,0.046875
77387,0.046875
77388,0.125
77389,0.078125
77390,0.046875
77391,0.078125
77392,0.0625
77393,0.0625
77394,0.078125
77395,0.0
77396,0.046875
77397,0.015625
77398,0.0625
77399,0.03125
77400,0.03125
77401,0.0625
77402,0.03125
77403,0.03125
77404,0.078125
77405,0.109375
77406,0.078125
77407,0.078125
77408,0.0625
77409,0.125
77410,0.046875
77411,0.09375
77412,0.0625
77413,0.046875
77414,0.0625
77415,0.03125
77416,0.0625
77417,0.0625
77418,0.03125
77419,0.078125
77420,0.046875
77422,0.078125
77423,0.125
77424,0.046875
77425,0.0625
77426,0.03125
77427,0.078125
77428,0.0625
77429,0.03125
77430,0.03125
77431,0.078125
77432,0.0625
77433,0.109375
77434,0.09375
77435,0.078125
77436,0.0625
77437,0.078125
77438,0.03125
77439,0.046875
77440,0.125
77441,0.078125
77442,0.0625
77443,0.0625
77444,0.109375
77445,0.015625
77446,0.03125
77447,0.078125
77448,0.09375
77449,0.078125
77450,0.109375
77451,0.078125
77452,0.03125
77453,0.046875
77454,0.015625
77455,0.09375
77456,0.0625
77457,0.046875
77458,0.0
77459,0.078125
77460,0.0
77461,0.078125
77462,0.0
77463,0.046875
77464,0.0625
77465,0.0625
77466,0.03125
77467,0.046875
77468,0.03125
77469,0.015625
77470,0.0625
77471,0.046875
77472,0.078125
77473,0.109375
77474,0.015625
77475,0.0625
77476,0.09375
77477,0.109375
77478,0.09375
77479,0.015625
77480,0.09375
77481,0.03125
77482,0.0625
77483,0.0625
77484,0.03125
77485,0.046875
77486,0.078125
77487,0.0625
77488,0.03125
77489,0.0625
77490,0.09375
77491,0.0625
77492,0.078125
77493,0.109375
77494,0.03125
77495,0.03125
77496,0.03125
77497,0.046875
77498,0.03125
77499,0.0625
77500,0.03125
77501,0.03125
77502,0.015625
77503,0.03125
77504,0.078125
77505,0.0625
77506,0.09375
77507,0.03125
77508,0.015625
77509,0.046875
77510,0.015625
77511,0.125
77512,0.0625
77513,0.03125
77514,0.078125
77515,0.078125
77516,0.109375
77517,0.046875
77518,0.125
77519,0.03125
77520,0.0625
77521,0.0625
77522,0.0625
77523,0.078125
77524,0.03125
77525,0.046875
77526,0.046875
77527,0.09375
77528,0.0625
77529,0.109375
77530,0.03125
77531,0.09375
77532,0.046875
77533,0.125
77534,0.046875
77535,0.03125
77536,0.046875
77537,0.09375
77538,0.09375
77539,0.125
77540,0.0625
77541,0.0625
77542,0.03125
77543,0.03125
77544,0.0625
77545,0.0625
77546,0.078125
77547,0.03125
77548,0.078125
77549,0.109375
77550,0.046875
77551,0.109375
77552,0.078125
77553,0.046875
77554,0.0625
77555,0.078125
77556,0.140625
77557,0.0625
77558,0.078125
77559,0.109375
77560,0.0625
77561,0.0625
77562,0.03125
77563,0.0625
77564,0.03125
77565,0.09375
77566,0.078125
77567,0.0625
77568,0.09375
77569,0.0625
77570,0.015625
77571,0.015625
77572,0.03125
77573,0.015625
77574,0.046875
77575,0.09375
77576,0.078125
77577,0.046875
77578,0.046875
77579,0.03125
77580,0.09375
77581,0.0
77582,0.03125
77583,0.046875
77584,0.046875
77585,0.03125
77586,0.046875
77587,0.078125
77588,0.046875
77589,0.0625
77590,0.046875
77591,0.0625
77592,0.046875
77593,0.046875
77594,0.03125
77595,0.09375
77596,0.078125
77597,0.0625
77598,0.046875
77599,0.015625
77600,0.09375
77601,0.03125
77602,0.03125
77603,0.0625
77604,0.0
77605,0.03125
77606,0.078125
77607,0.0625
77608,0.0625
77609,0.046875
77610,0.09375
77611,0.046875
77612,0.03125
77613,0.09375
77614,0.03125
77615,0.09375
77616,0.078125
77617,0.078125
77618,0.03125
77619,0.046875
77620,0.03125
77621,0.078125
77622,0.046875
77623,0.0625
77624,0.0625
77625,0.078125
77626,0.03125
77627,0.03125
77628,0.09375
77629,0.046875
77630,0.078125
77631,0.09375
77632,0.078125
77633,0.0625
77634,0.046875
77635,0.0
77636,0.046875
77637,0.0625
77638,0.03125
77639,0.09375
77640,0.125
77641,0.078125
77642,0.0625
77643,0.03125
77644,0.015625
77645,0.078125
77646,0.03125
77647,0.0625
77648,0.046875
77649,0.0625
77650,0.0625
77651,0.109375
77652,0.109375
77653,0.0625
77654,0.09375
77655,0.046875
77656,0.0625
77657,0.09375
77658,0.03125
77659,0.109375
77660,0.078125
77661,0.0625
77662,0.046875
77663,0.0625
77664,0.09375
77665,0.046875
77666,0.03125
77667,0.046875
77668,0.078125
77669,0.078125
77670,0.0625
77671,0.078125
77672,0.0625
77673,0.046875
77674,0.078125
77675,0.0625
77676,0.09375
77677,0.03125
77678,0.09375
77679,0.046875
77680,0.046875
77681,0.0625
77682,0.0625
77683,0.0625
77684,0.0625
77685,0.046875
77686,0.046875
77687,0.046875
77688,0.0625
77689,0.0625
77690,0.046875
77691,0.03125
77692,0.015625
77693,0.078125
77694,0.046875
77695,0.0625
77696,0.078125
77697,0.09375
77698,0.078125
77699,0.078125
77700,0.0625
77701,0.078125
77702,0.078125
77703,0.109375
77704,0.015625
77705,0.09375
77706,0.078125
77707,0.015625
77708,0.078125
77709,0.109375
77710,0.078125
77711,0.046875
77712,0.046875
77713,0.0625
77714,0.015625
77715,0.078125
77716,0.03125
77717,0.078125
77718,0.109375
77719,0.046875
77720,0.078125
77721,0.03125
77722,0.0625
77723,0.03125
77724,0.015625
77725,0.015625
77726,0.03125
77727,0.078125
77728,0.09375
77729,0.09375
77730,0.046875
77731,0.078125
77732,0.046875
77733,0.015625
77734,0.078125
77735,0.015625
77736,0.15625
77737,0.046875
77738,0.046875
77739,0.046875
77740,0.0625
77741,0.09375
77742,0.0625
77743,0.015625
77744,0.09375
77745,0.0625
77746,0.125
77747,0.15625
77748,0.09375
77749,0.046875
77750,0.015625
77751,0.046875
77752,0.03125
77753,0.03125
77754,0.046875
77755,0.109375
77756,0.0625
77757,0.0625
77758,0.078125
77759,0.078125
77760,0.0625
77761,0.03125
77762,0.046875
77763,0.109375
77764,0.0625
77765,0.046875
77766,0.078125
77767,0.03125
77768,0.078125
77769,0.0
77770,0.046875
77771,0.0625
77772,0.0625
77773,0.0625
77774,0.015625
77775,0.046875
77776,0.078125
77777,0.03125
77778,0.046875
77779,0.09375
77780,0.03125
77781,0.0625
77782,0.0625
77783,0.015625
77784,0.0625
77785,0.109375
77786,0.046875
77787,0.03125
77788,0.0625
77789,0.03125
77790,0.046875
77791,0.0625
77792,0.0625
77793,0.109375
77794,0.09375
77795,0.03125
77796,0.078125
77797,0.09375
77798,0.015625
77799,0.015625
77800,0.078125
77801,0.125
77802,0.015625
77803,0.03125
77804,0.078125
77805,0.078125
77806,0.078125
77807,0.0625
77808,0.0625
77809,0.078125
77810,0.09375
77811,0.0625
77812,0.03125
77813,0.046875
77814,0.046875
77815,0.03125
77816,0.078125
77817,0.171875
77818,0.078125
77819,0.0625
77820,0.0625
77821,0.09375
77822,0.078125
77823,0.03125
77824,0.046875
77825,0.046875
77826,0.0625
77827,0.015625
77828,0.0625
77829,0.046875
77830,0.046875
77831,0.078125
77832,0.046875
77833,0.015625
77834,0.03125
77835,0.046875
77836,0.046875
77837,0.03125
77838,0.109375
77839,0.046875
77840,0.046875
77841,0.078125
77842,0.015625
77843,0.0625
77844,0.078125
77845,0.078125
77846,0.078125
77847,0.015625
77848,0.046875
77849,0.078125
77850,0.0625
77851,0.0
77852,0.09375
77853,0.109375
77854,0.015625
77855,0.078125
77856,0.109375
77857,0.046875
77858,0.078125
77859,0.03125
77860,0.046875
77861,0.078125
77862,0.015625
77863,0.046875
77864,0.078125
77865,0.046875
77866,0.03125
77867,0.0625
77868,0.0625
77869,0.046875
77870,0.09375
77871,0.09375
77872,0.0625
77873,0.078125
77874,0.078125
77875,0.03125
77876,0.046875
77877,0.109375
77878,0.015625
77879,0.0625
77880,0.078125
77881,0.09375
77882,0.125
77883,0.03125
77884,0.0625
77885,0.046875
77886,0.09375
77887,0.03125
77888,0.0625
77889,0.0625
77890,0.0625
77891,0.03125
77892,0.0625
77893,0.078125
77894,0.0625
77895,0.046875
77896,0.0625
77897,0.09375
77898,0.0625
77899,0.015625
77900,0.078125
77901,0.015625
77902,0.046875
77903,0.078125
77904,0.03125
77905,0.078125
77906,0.0625
77907,0.0625
77908,0.046875
77909,0.046875
77910,0.046875
77911,0.0625
77912,0.0625
77913,0.015625
77914,0.046875
77915,0.0625
77916,0.03125
77917,0.0625
77918,0.03125
77919,0.0625
77920,0.078125
77921,0.03125
77922,0.03125
77923,0.046875
77924,0.09375
77925,0.03125
77926,0.125
77927,0.0625
77928,0.0625
77929,0.09375
77930,0.0625
77931,0.046875
77932,0.03125
77933,0.078125
77934,0.046875
77935,0.109375
77936,0.078125
77937,0.03125
77938,0.03125
77939,0.0625
77940,0.0625
77941,0.0625
77942,0.046875
77943,0.03125
77944,0.0625
77945,0.0625
77946,0.078125
77947,0.0625
77948,0.046875
77949,0.015625
77950,0.078125
77951,0.09375
77952,0.046875
77953,0.046875
77954,0.0625
77955,0.109375
77956,0.046875
77957,0.046875
77958,0.03125
77959,0.078125
77960,0.0625
77961,0.046875
77962,0.09375
77963,0.078125
77964,0.078125
77965,0.078125
77966,0.046875
77967,0.0625
77968,0.0625
77969,0.0625
77970,0.046875
77971,0.03125
77972,0.078125
77973,0.046875
77974,0.09375
77975,0.078125
77976,0.078125
77977,0.015625
77978,0.046875
77979,0.046875
77980,0.046875
77981,0.0625
77982,0.0625
77983,0.046875
77984,0.03125
77985,0.078125
77986,0.0625
77987,0.09375
77988,0.078125
77989,0.078125
77990,0.0625
77991,0.015625
77992,0.0625
77993,0.125
77994,0.03125
77995,0.109375
77996,0.078125
77997,0.0625
77998,0.09375
77999,0.109375
78000,0.0625
78001,0.109375
78002,0.125
78003,0.03125
78004,0.09375
78005,0.0625
78006,0.09375
78007,0.078125
78008,0.046875
78009,0.03125
78010,0.0625
78011,0.03125
78012,0.03125
78013,0.09375
78014,0.0625
78015,0.015625
78016,0.0625
78017,0.046875
78018,0.046875
78019,0.015625
78020,0.015625
78021,0.0625
78022,0.0625
78023,0.0625
78024,0.0
78025,0.03125
78026,0.078125
78027,0.125
78028,0.0625
78029,0.078125
78030,0.015625
78031,0.046875
78032,0.09375
78033,0.125
78034,0.03125
78035,0.03125
78036,0.03125
78037,0.03125
78038,0.046875
78039,0.0625
78040,0.078125
78041,0.109375
78042,0.03125
78043,0.046875
78044,0.03125
78045,0.09375
78046,0.109375
78047,0.015625
78048,0.0625
78049,0.078125
78050,0.015625
78051,0.046875
78052,0.0625
78053,0.03125
78054,0.078125
78055,0.046875
78056,0.0625
78057,0.0625
78058,0.03125
78059,0.0625
78060,0.078125
78061,0.09375
78062,0.0
78063,0.09375
78064,0.046875
78065,0.0625
78066,0.046875
78067,0.109375
78068,0.046875
78069,0.109375
78070,0.0625
78071,0.046875
78072,0.03125
78073,0.046875
78074,0.0625
78075,0.0625
78076,0.046875
78077,0.109375
78078,0.125
78079,0.125
78080,0.078125
78081,0.09375
78082,0.09375
78083,0.03125
78084,0.03125
78085,0.125
78086,0.015625
78087,0.078125
78088,0.046875
78089,0.078125
78090,0.078125
78091,0.0625
78092,0.109375
78093,0.046875
78094,0.046875
78095,0.03125
78096,0.046875
78097,0.046875
78098,0.03125
78099,0.046875
78100,0.078125
78101,0.046875
78102,0.109375
78103,0.078125
78104,0.0
78105,0.03125
78106,0.0625
78107,0.046875
78108,0.03125
78109,0.078125
78110,0.0625
78111,0.03125
78112,0.0625
78113,0.046875
78114,0.046875
78115,0.046875
78116,0.03125
78117,0.078125
78118,0.03125
78119,0.03125
78120,0.0625
78121,0.0625
78122,0.03125
78123,0.078125
78124,0.078125
78125,0.0
78126,0.078125
78127,0.03125
78128,0.03125
78129,0.0625
78130,0.0625
78131,0.046875
78132,0.046875
78133,0.046875
78134,0.09375
78135,0.015625
78136,0.0
78137,0.0625
78138,0.09375
78139,0.0625
78140,0.09375
78141,0.09375
78142,0.078125
78143,0.125
78144,0.015625
78145,0.078125
78146,0.0625
78147,0.0625
78148,0.0625
78149,0.03125
78150,0.078125
78151,0.078125
78152,0.109375
78153,0.0625
78154,0.109375
78155,0.078125
78156,0.09375
78157,0.109375
78158,0.0625
78159,0.046875
78160,0.09375
78161,0.109375
78162,0.109375
78163,0.03125
78164,0.125
78165,0.09375
78166,0.078125
78167,0.046875
78168,0.046875
78169,0.09375
78170,0.015625
78171,0.078125
78172,0.09375
78173,0.109375
78174,0.0625
78175,0.046875
78176,0.046875
78177,0.078125
78178,0.015625
78179,0.0625
78180,0.046875
78181,0.03125
78182,0.046875
78183,0.140625
78184,0.0625
78185,0.0625
78186,0.09375
78187,0.078125
78188,0.015625
78189,0.09375
78190,0.0
78191,0.109375
78192,0.03125
78193,0.0625
78194,0.0625
78195,0.03125
78196,0.109375
78197,0.03125
78198,0.046875
78199,0.109375
78200,0.0625
78201,0.046875
78202,0.046875
