4,5.11743497849
5,4.87050390244
6,4.92230844498
7,4.9518866539
8,5.10765647888
9,5.13471984863
10,5.12469244003
11,4.67896270752
12,4.93373918533
13,4.93847036362
14,5.0645608902
15,4.83332538605
16,5.12849521637
17,5.11871099472
18,4.98248004913
19,5.08654737473
20,4.95073509216
21,5.24948883057
22,5.07229709625
23,5.19645357132
24,5.10397291183
25,5.0018491745
26,5.20768642426
27,5.15197467804
28,5.05640363693
29,5.13067483902
30,4.8649315834
31,5.01617336273
32,5.02950811386
33,5.12002277374
34,5.14671802521
35,5.32581758499
36,5.16514348984
37,4.98957633972
38,5.22137546539
39,5.34508180618
40,5.05177974701
41,5.07991600037
42,5.11311626434
43,5.00427484512
44,4.99259901047
45,5.00066137314
46,5.11215400696
47,4.88324403763
48,5.04760408401
49,5.01497173309
50,5.01763296127
51,5.00348854065
52,4.85527515411
53,5.09132003784
54,5.02373790741
55,5.04443597794
56,5.03646469116
57,5.12587928772
58,5.07764863968
59,5.11230325699
60,5.10531044006
61,5.14236974716
62,4.90969800949
63,5.2569270134
64,5.06698799133
65,5.05178260803
66,5.23708295822
67,5.26832103729
68,5.03266716003
69,5.1853427887
70,5.15319156647
71,4.96482563019
72,4.91978168488
73,4.64447593689
74,4.9478931427
75,4.97578620911
76,5.13963794708
77,4.89796733856
78,5.15505361557
79,5.01007413864
80,4.91206550598
81,4.76947784424
82,4.80255556107
83,5.02266693115
84,4.87423992157
85,5.23448944092
86,4.92766952515
87,5.02595806122
88,4.9396944046
89,4.83692836761
90,4.91031551361
91,5.04466247559
92,4.93815851212
93,4.86189842224
94,4.97392702103
95,5.07762002945
96,5.03589344025
97,4.9731259346
98,4.75688457489
99,5.01602840424
100,4.97321510315
101,5.01095676422
102,4.69144630432
103,4.85375118256
104,4.9612493515
105,5.23535585403
106,5.00953102112
107,4.83079719543
108,4.92483854294
109,4.94543933868
110,4.81020593643
111,4.86977291107
112,4.83116531372
113,4.82895040512
114,4.96541547775
115,5.11214447021
116,4.63684225082
117,4.72990703583
118,4.99383211136
119,4.63246440887
120,4.95143222809
121,5.02909755707
122,4.73825311661
123,4.91210174561
124,4.70349788666
125,4.87995052338
126,4.80105400085
127,4.96961688995
128,4.73824977875
129,4.74101924896
130,4.86834383011
131,5.01754999161
132,4.60719108582
133,5.04385709763
134,4.80202579498
135,4.91273546219
136,4.97617483139
137,4.80324172974
138,5.10706615448
139,4.92544841766
140,4.72615671158
141,4.81561660767
142,4.77403640747
143,4.81560325623
144,4.90432929993
145,4.75559520721
146,4.79049253464
147,4.77300214767
148,4.87434673309
149,4.78177404404
150,4.91842651367
151,4.66393375397
152,4.82038068771
153,4.58633852005
154,4.7390422821
155,4.87003421783
156,4.74072265625
157,4.86015892029
158,4.73917627335
159,4.86808109283
160,4.81439495087
161,4.77990818024
162,4.79209518433
163,4.77801799774
164,4.69583797455
165,4.72715091705
166,4.89934968948
167,4.98650121689
168,4.78593921661
169,4.76902627945
170,4.78006362915
171,4.84015464783
172,4.58145999908
173,4.55799293518
174,4.98719120026
175,4.6757941246
176,4.77104949951
177,4.80432987213
178,4.74408531189
179,4.75681686401
180,4.84185791016
181,4.83113336563
182,4.75718593597
183,4.82105827332
184,5.03873205185
185,4.73031044006
186,4.75849580765
187,4.65581035614
188,4.62653446198
189,4.81012392044
190,4.76984930038
191,4.92867517471
192,4.77462768555
193,4.98552131653
194,4.71466636658
195,4.65040588379
196,4.69557285309
197,4.55705308914
198,4.816198349
199,4.76484775543
200,4.94918251038
201,4.64821529388
202,4.94533443451
203,4.72342061996
204,4.71531963348
205,4.72168731689
206,4.82347106934
207,4.70173931122
208,4.58750343323
209,4.73387527466
210,4.72291564941
211,4.6959810257
212,4.83028936386
213,4.63958024979
214,4.61289215088
215,4.70118045807
216,4.72901725769
217,4.48233270645
218,4.74871349335
219,4.64184808731
220,4.64720821381
221,4.85918951035
222,4.69877815247
223,4.7272567749
224,4.62975788116
225,4.68191051483
226,4.98618602753
227,4.58717155457
228,4.67096853256
229,4.84410476685
230,4.67786502838
231,4.78089952469
232,4.65205383301
233,4.88083076477
234,4.74358415604
235,4.53918647766
236,4.68477535248
237,4.59629011154
238,4.92420005798
239,4.84612321854
240,4.56970977783
241,4.71394729614
242,4.63527011871
243,4.84153461456
244,4.62901449203
245,4.71289348602
246,4.73590660095
247,4.85245895386
248,4.57489776611
249,4.63268852234
250,4.66344594955
251,4.54092216492
252,4.8377828598
253,4.66563510895
254,4.61644172668
255,4.60807800293
256,4.5528178215
257,4.86217975616
258,4.57377290726
259,4.64416122437
260,4.62376451492
261,4.64816665649
262,4.61768817902
263,4.59124755859
264,4.97094917297
265,4.7169752121
266,5.15700674057
267,4.66294193268
268,4.6434173584
269,4.74682235718
270,4.71585464478
271,4.53902101517
272,4.65098619461
273,4.71001338959
274,4.66751480103
275,4.57179784775
276,4.60137796402
277,4.85219144821
278,4.52773189545
279,4.72812795639
280,4.80915212631
281,4.62317085266
282,4.63955640793
283,4.57443284988
284,4.67279052734
285,4.57799386978
286,4.72191143036
287,4.43273735046
288,4.8614859581
289,4.62580680847
290,4.86267137527
291,4.57670593262
292,4.55413961411
293,4.46846485138
294,4.8180065155
295,4.59720039368
296,4.54049921036
297,4.62446928024
298,4.87317752838
299,4.67411804199
300,4.55585289001
301,4.63075828552
302,4.59420108795
303,4.66465234756
304,4.6553401947
305,4.63677310944
306,5.26072692871
307,4.56523942947
308,4.51310110092
309,4.60333061218
310,4.73661470413
311,4.51962375641
312,4.559674263
313,4.58510303497
314,4.59412384033
315,4.65255451202
316,4.71906089783
317,4.50507831573
318,4.51788473129
319,4.62106895447
320,4.68049716949
321,4.85626840591
322,4.70919704437
323,4.49968624115
324,4.97726535797
325,4.49420261383
326,4.69534015656
327,4.70520114899
328,4.5789270401
329,4.62903118134
330,4.53449726105
331,4.76893520355
332,4.60566282272
333,4.79418373108
334,4.77098560333
335,4.55007219315
336,4.7177696228
337,4.75239753723
338,4.54536533356
339,4.80606460571
340,4.64181137085
341,4.53656578064
342,4.56845378876
343,4.54104995728
344,4.64943265915
345,4.79725074768
346,4.70337963104
347,4.64532470703
348,4.75233697891
349,4.6385383606
350,4.56719493866
351,4.54593849182
352,4.59205961227
353,4.71306419373
354,4.56703853607
355,4.63355779648
356,4.61480712891
357,4.53647613525
358,4.83567810059
359,4.7529592514
360,4.53969287872
361,4.47587013245
362,4.59259033203
363,4.80167531967
364,4.6182012558
365,4.72638034821
366,4.69598484039
367,4.66044473648
368,4.75716495514
369,4.51357650757
370,4.81660366058
371,4.5290184021
372,4.58185434341
373,4.58644771576
374,4.55312538147
375,4.60863828659
376,4.63801860809
377,4.50305080414
378,4.60818576813
379,4.67529678345
380,4.83248376846
381,4.61185455322
382,4.64137077332
383,4.58464813232
384,4.7551317215
385,4.77576780319
386,4.55671215057
387,4.51416540146
388,4.62672042847
389,4.57065105438
390,4.56725692749
391,4.70489835739
392,4.61631679535
393,4.60823011398
394,4.56736278534
395,4.6288228035
396,4.62200212479
397,4.61312580109
398,4.57608509064
399,4.80756473541
400,4.80551528931
401,4.65395069122
402,4.58736038208
403,4.85170650482
404,4.63340568542
405,5.19770431519
406,5.12247276306
407,4.58554172516
408,4.74909639359
409,4.81317234039
410,4.71636581421
411,4.68610334396
412,4.6144080162
413,4.72639703751
414,4.69853448868
415,4.48270797729
416,4.75790977478
417,4.52308559418
418,5.03255653381
419,4.56581544876
420,4.49115896225
421,4.5025510788
422,4.66385364532
423,4.46806907654
424,4.51968193054
425,4.62844944
426,4.63788223267
427,4.57747840881
428,4.6127705574
429,4.52759313583
430,4.64957427979
431,4.74389505386
432,4.75624704361
433,4.52307748795
434,4.99324131012
435,4.56211853027
436,4.58783102036
437,4.75890493393
438,4.51595973969
439,4.56352186203
440,4.48476219177
441,4.89355754852
442,4.58377981186
443,4.54214477539
444,4.65309524536
445,4.62835216522
446,4.53433895111
447,4.53007888794
448,4.6086602211
449,4.60782909393
450,4.54329061508
451,4.64491415024
452,4.55931377411
453,4.7275686264
454,4.44939422607
455,4.62540006638
456,4.56788063049
457,4.63812017441
458,4.51303529739
459,4.67914247513
460,4.67859077454
461,4.93854618073
462,4.53759098053
463,4.71839427948
464,4.55824184418
465,4.57631826401
466,4.5933599472
467,4.49750041962
468,4.50431728363
469,4.58428573608
470,4.63605117798
471,4.52316761017
472,4.55742645264
473,4.74862527847
474,4.660115242
475,4.58435440063
476,4.6414604187
477,4.6005897522
478,4.58537340164
479,4.54238700867
480,4.46752023697
481,4.76487636566
482,4.58885526657
483,4.61502122879
484,4.65531826019
485,4.53811883926
486,4.62514209747
487,4.59228801727
488,4.53154277802
489,4.5791592598
490,4.53864097595
491,4.49557876587
492,4.67705059052
493,4.60018444061
494,4.65221738815
495,4.51964187622
496,4.73645830154
497,4.54806613922
498,4.59359836578
499,4.55099344254
500,4.51249361038
501,4.59478616714
502,4.54886341095
503,4.53643131256
504,4.7370300293
505,4.5764913559
506,4.66186904907
507,4.69163703918
508,4.91938018799
509,4.54040670395
510,4.66980266571
511,4.51671791077
512,4.61885261536
513,4.53225135803
514,4.64817476273
515,4.46562004089
516,4.56905174255
517,4.58072757721
518,4.5121049881
519,4.5606212616
520,4.77268123627
521,4.85892105103
522,4.63104057312
523,4.47481632233
524,4.75778198242
525,4.52819871902
526,4.47329616547
527,4.77024412155
528,4.4976682663
529,4.70002555847
530,4.53092622757
531,4.62593841553
532,4.56054067612
533,4.58218812943
534,4.77790117264
535,4.84068489075
536,4.55039691925
537,4.44641923904
538,4.51276111603
539,4.5476975441
540,4.68517303467
541,4.56897211075
542,4.87035179138
543,4.56257200241
544,4.53841972351
545,4.54798412323
546,4.55923604965
547,4.65972518921
548,4.69697189331
549,4.78383016586
550,4.54934978485
551,4.48785877228
552,4.57911634445
553,4.49025440216
554,4.77558326721
555,4.51557064056
556,4.52919816971
557,4.47957468033
558,4.51304721832
559,4.4457116127
560,4.74520874023
561,4.52738046646
562,4.8188495636
563,4.53795862198
564,4.54077339172
565,4.64041805267
566,4.60776662827
567,4.50569248199
568,4.62563514709
569,5.26135349274
570,4.70348930359
571,4.4934463501
572,4.60342216492
573,4.70047283173
574,4.55979061127
575,4.71082115173
576,5.0404548645
577,4.68905544281
578,4.54960346222
579,4.54531669617
580,4.59203290939
581,4.60478067398
582,4.51048946381
583,4.62729644775
584,4.5526599884
585,4.55253982544
586,4.67414951324
587,4.63638114929
588,4.50989437103
589,4.51948785782
590,5.2172703743
591,4.51096820831
592,4.56385993958
593,4.52825975418
594,4.55688762665
595,4.53091001511
596,4.62568044662
597,4.65495538712
598,4.69312572479
599,4.57653236389
600,4.91453933716
601,4.58124446869
602,4.51087141037
603,4.75445747375
604,4.53597831726
605,4.58123922348
606,4.81358480453
607,4.84000873566
608,4.59544849396
609,4.70726680756
610,4.54082107544
611,4.72346067429
612,4.54994106293
613,4.55661964417
614,4.63405179977
615,4.9221200943
616,4.58296585083
617,4.5962305069
618,4.59122657776
619,4.57405757904
620,4.54007816315
621,4.54401254654
622,4.54433345795
623,4.49793195724
624,4.61506462097
625,4.74931812286
626,4.6185798645
627,4.58304405212
628,4.57514810562
629,4.50688123703
630,4.56700181961
631,4.48576068878
632,4.59139919281
633,4.51262331009
634,5.99206018448
635,4.4100189209
636,4.50170564651
637,4.65509605408
638,4.45933961868
639,4.54118347168
640,4.48596668243
641,4.5545668602
642,4.6080698967
643,4.48842906952
644,4.87847995758
645,4.71309661865
646,4.63679599762
647,4.61280250549
648,4.56386089325
649,4.55131101608
650,4.64607810974
651,4.49195289612
652,4.517993927
653,4.54910087585
654,4.49470853806
655,4.48443984985
656,4.61297416687
657,4.67129659653
658,4.4639954567
659,4.58679962158
660,4.61191368103
661,4.51075029373
662,4.56487703323
663,6.55946731567
664,4.53890419006
665,4.59665679932
666,4.62343406677
667,4.54138469696
668,4.53894472122
669,4.50975227356
670,4.52678012848
671,4.53002786636
672,4.61270904541
673,4.65250682831
674,4.77933692932
675,4.43980789185
676,4.5593328476
677,4.49484872818
678,4.49863624573
679,4.52046871185
680,4.50092554092
681,4.5435385704
682,4.48401975632
683,4.53755092621
684,4.48160266876
685,4.9482049942
686,4.5183057785
687,4.51868915558
688,4.67947101593
689,4.81834888458
690,4.92528247833
691,4.56324100494
692,4.65691661835
693,5.10685348511
694,4.64002323151
695,4.52494573593
696,4.68952846527
697,4.57379245758
698,4.52223873138
699,4.51713514328
700,4.80519008636
701,4.79807186127
702,4.55516433716
703,4.62237167358
704,4.49723577499
705,4.48961305618
706,4.49608707428
707,4.46265983582
708,4.59710502625
709,4.6104259491
710,4.47675895691
711,4.49947929382
712,4.48322296143
713,4.52848863602
714,4.61489629745
715,4.86228466034
716,4.41754579544
717,4.53932189941
718,4.65094852448
719,4.6290307045
720,4.55399990082
721,5.0375418663
722,4.8609585762
723,4.62437582016
724,4.49416637421
725,4.54758930206
726,4.79496860504
727,4.43221950531
728,4.84653568268
729,4.4876537323
730,4.49271202087
731,4.64437866211
732,5.02010536194
733,4.56916046143
734,4.39599990845
735,4.54213237762
736,4.77671909332
737,4.53842496872
738,4.74465227127
739,4.741106987
740,4.65031766891
741,5.61688232422
742,5.32141256332
743,4.60455751419
744,4.46057605743
745,4.59365558624
746,4.68160772324
747,4.59493112564
748,4.95991516113
749,4.64509773254
750,5.38952207565
751,4.84542179108
752,4.54936742783
753,4.45623922348
754,4.51798820496
755,4.57364606857
756,4.48996067047
757,4.53082275391
758,5.06221055984
759,4.70083045959
760,4.93798923492
761,4.57194948196
762,4.94304943085
763,4.54473161697
764,4.47704124451
765,4.48382329941
766,4.85963439941
767,4.56282997131
768,4.72229576111
769,4.71636009216
770,4.48917484283
771,4.49596214294
772,4.56660032272
773,4.54517555237
774,4.55834722519
775,4.60088539124
776,4.59236907959
777,4.50893354416
778,4.76038789749
779,4.54857063293
780,4.46623849869
781,4.48928451538
782,4.79922008514
783,4.54711532593
784,4.70274972916
786,4.93367815018
787,4.65276050568
788,4.51711654663
789,4.49883174896
790,4.70583343506
791,4.42634344101
792,5.44184398651
793,4.52219104767
794,4.46741485596
795,4.52422475815
796,4.57529973984
797,5.40673971176
798,4.89562225342
799,4.71397781372
800,4.48559713364
801,4.9138507843
802,4.57678222656
803,4.81252002716
804,4.52780151367
805,4.90365362167
806,4.75425434113
807,4.55106544495
808,5.02614688873
809,4.54509401321
810,4.56921815872
811,4.49943447113
812,4.66052150726
813,4.58504247665
814,4.49929952621
815,4.753033638
816,4.58910560608
817,4.56701564789
818,4.50199985504
819,4.75101947784
820,4.48144435883
821,4.54129648209
822,4.62489700317
823,4.74792909622
824,4.47125148773
825,4.73216819763
826,4.64344787598
827,4.5123591423
828,4.73984003067
829,4.46219396591
830,4.69202327728
831,5.41939878464
832,4.58270072937
833,4.51636171341
834,4.63970565796
835,4.54290962219
836,4.73166322708
837,4.68703079224
838,5.01786613464
839,4.73105430603
840,4.56546878815
841,4.48055410385
842,4.89697504044
843,4.49024105072
844,4.45123767853
845,4.48007392883
846,4.48628997803
847,4.52327251434
848,4.55109024048
849,4.62334156036
850,4.55377864838
851,4.45376014709
852,4.61219120026
853,4.39948749542
854,4.55216407776
855,4.75298118591
856,4.66533470154
857,4.77308750153
858,5.24041843414
859,4.46059513092
860,4.52536249161
861,4.54324626923
862,4.56185913086
863,4.6627497673
864,5.03491544724
865,5.01060771942
866,4.47588157654
867,4.49390459061
868,4.94149637222
869,6.15442037582
870,4.57570838928
871,4.52373218536
872,4.53487539291
873,4.45300674438
874,4.61608982086
875,4.50045871735
876,4.83383655548
877,4.6865568161
878,4.52552366257
879,4.57178354263
880,4.52754259109
881,4.59890270233
882,4.64279079437
883,4.51328659058
884,4.52309560776
885,4.63838005066
886,4.57215023041
887,4.77536582947
888,4.58381986618
889,4.78410148621
890,4.59937953949
891,4.5116891861
892,4.64414405823
893,4.59079408646
894,4.45683908463
895,5.29529571533
896,4.66338443756
897,4.96376419067
898,4.76154136658
899,4.52316141129
900,4.46140909195
901,4.53865814209
902,4.49111843109
903,4.83715629578
904,4.57755279541
905,4.60604953766
906,4.46594572067
907,4.5645108223
908,4.5702958107
909,4.89064455032
910,4.5116353035
911,4.6823425293
912,4.52683639526
913,4.48943901062
914,4.47629833221
915,5.48742628098
916,4.49087047577
917,4.75729656219
918,4.55139255524
919,4.59971046448
920,5.38349246979
921,4.58059453964
922,4.62622070312
923,4.49557685852
924,4.6496720314
925,4.49076128006
926,4.52754020691
927,4.6893863678
928,4.74554824829
929,4.59266090393
930,4.55490636826
931,4.58137321472
932,4.40468645096
933,4.5213303566
934,4.58709859848
935,4.45919895172
936,4.57974815369
937,4.79749202728
938,4.47815561295
939,4.68507671356
940,4.52391004562
941,4.68401002884
942,4.55513858795
943,4.63153553009
944,4.64817237854
945,4.52749633789
946,4.61943817139
947,4.52954244614
948,4.77747535706
949,5.26360177994
950,4.50951910019
951,4.82224178314
952,4.59715366364
953,4.53359031677
954,4.60206031799
955,4.55538511276
956,4.59075927734
957,4.5509595871
958,4.71360397339
959,5.01837873459
960,4.61869239807
961,4.48188877106
962,4.55016708374
963,4.56507968903
964,4.48583316803
965,4.56928348541
966,4.86053276062
967,4.58999729156
968,4.55974912643
969,4.62822198868
970,4.55192899704
971,4.59853553772
972,4.70014572144
973,4.45836544037
974,4.82925891876
975,4.53291034698
976,4.95956325531
977,4.49924278259
978,4.75146245956
979,4.51377630234
980,4.6021437645
981,4.51792240143
982,4.55152320862
983,4.43667030334
984,4.58999681473
985,5.20023727417
986,4.63111877441
987,4.90837907791
988,4.52813768387
989,4.51194190979
990,4.43644762039
991,4.49291229248
992,4.54652786255
993,4.58943319321
994,4.61845111847
995,4.53193426132
996,4.54189348221
997,4.58003807068
998,5.22376060486
999,4.47704792023
1000,4.55673217773
1001,4.63402938843
1002,4.56022357941
1003,4.52318382263
1004,4.65024375916
1005,4.42600822449
1006,4.58694124222
1007,4.5588388443
1008,4.74817943573
1009,4.51021957397
1010,4.69009971619
1011,4.88527297974
1012,4.51131916046
1013,4.7214756012
1014,4.58011674881
1015,4.66265773773
1016,4.71217536926
1017,4.4392580986
1018,4.68459224701
1019,4.63411617279
1020,4.6635928154
1021,4.5094628334
1022,4.51305007935
1023,5.24436092377
1024,4.67882442474
1025,4.63103866577
1026,4.57115507126
1027,4.59575271606
1028,4.51849126816
1029,4.49375486374
1030,4.75001764297
1031,4.62985515594
1032,4.48623275757
1033,4.47455072403
1034,4.51893186569
1035,4.52854537964
1036,4.50448131561
1037,4.52037811279
1038,4.74412059784
1039,5.38454198837
1040,4.71350955963
1041,4.55560731888
1042,5.00913763046
1043,4.55342960358
1044,4.63589859009
1045,4.63263273239
1046,4.44992208481
1047,4.50474643707
1048,4.65571069717
1049,4.56665945053
1050,4.72137737274
1051,4.43470525742
1052,5.31587028503
1053,4.46413612366
1054,4.51351737976
1055,4.46795463562
1056,4.4966635704
1057,4.5984582901
1058,4.79363107681
1059,4.46320819855
1060,4.83959197998
1061,5.32444095612
1062,4.73767852783
1063,4.51596927643
1064,4.56819534302
1065,4.51866579056
1066,4.80603599548
1067,4.55093383789
1068,4.49850130081
1069,4.50432777405
1070,4.6442399025
1071,4.54717922211
1072,4.61314725876
1073,4.99582862854
1074,4.5098490715
1075,4.65178537369
1076,4.51991462708
1077,4.70045185089
1078,4.78360748291
1079,4.53283929825
1080,4.55246162415
1081,4.52583694458
1082,4.49991989136
1083,4.51452064514
1084,4.38760757446
1085,4.50168228149
1086,4.62537813187
1087,4.53179216385
1088,5.06731843948
1089,4.62791347504
1090,4.5675163269
1091,4.42606782913
1092,4.65524196625
1093,4.50472831726
1094,4.50452613831
1095,4.60587930679
1096,4.79605770111
1097,4.40191411972
1098,4.5879907608
1099,4.712059021
1100,4.64528226852
1101,4.60236024857
1102,4.67308330536
1103,4.58171987534
1104,4.6490778923
1105,4.69796466827
1106,4.4165148735
1107,4.54227352142
1108,4.51211500168
1109,4.71336126328
1110,4.7067899704
1111,4.63493299484
1112,4.99026823044
1113,4.47539138794
1114,4.66637706757
1115,4.48108577728
1116,4.72585868835
1117,5.63578224182
1118,4.6062912941
1119,4.56333208084
1120,5.29400730133
1121,4.51546001434
1122,4.52264165878
1123,4.5993719101
1124,4.59648895264
1125,4.55801343918
1126,4.56691932678
1127,4.62345600128
1128,4.65629720688
1129,4.58720016479
1130,4.63111066818
1131,4.45011091232
1132,4.79594659805
1133,5.07925367355
1134,4.62519073486
1135,5.77499818802
1136,4.88147640228
1137,4.52767562866
1138,4.51934623718
1139,4.53589296341
1140,4.61210203171
1141,4.54269170761
1142,4.50374364853
1143,4.4862241745
1144,4.83494281769
1145,4.49528217316
1146,4.61357355118
1147,4.55601119995
1148,4.52032661438
1149,4.57065486908
1150,4.5438117981
1151,4.49782848358
1152,4.47738027573
1153,4.89724731445
1154,4.60655927658
1155,5.64295005798
1156,4.67629814148
1157,4.45061445236
1158,4.55069112778
1159,4.51027393341
1160,4.52057647705
1161,4.80651378632
1162,4.56632804871
1163,4.68316507339
1164,5.85157871246
1165,4.62416744232
1166,4.65795946121
1167,4.77791023254
1168,4.55745315552
1169,4.51376438141
1170,4.5213842392
1171,4.69125175476
1172,4.60445594788
1173,4.57013034821
1174,4.50083875656
1175,4.53343820572
1176,4.54023647308
1177,4.49911117554
1178,4.57507228851
1179,4.7626619339
1180,4.63228130341
1181,4.48859500885
1182,4.77853679657
1183,4.72926330566
1184,4.50487470627
1185,4.551176548
1186,4.652592659
1187,4.61011552811
1188,4.47391986847
1189,4.68105697632
1190,4.46969985962
1191,4.49248743057
1192,4.50548648834
1193,5.70129585266
1194,4.50184631348
1195,4.65773677826
1196,4.62257432938
1197,4.42571783066
1198,4.60252761841
1199,4.58035564423
1200,4.56224918365
1201,4.60947370529
1202,4.49678277969
1203,4.52071475983
1204,4.8872756958
1205,4.47328901291
1206,4.43962192535
1207,4.51681900024
1208,4.62232780457
1209,4.57214069366
1210,4.59697294235
1211,4.61546134949
1212,4.47492027283
1213,4.99894618988
1214,4.61338710785
1215,4.49302768707
1216,4.57565069199
1217,4.60592365265
1218,5.19493198395
1219,4.55751609802
1220,4.59474754333
1221,4.52701711655
1222,4.50910043716
1223,4.51290178299
1224,4.57903766632
1225,4.60324573517
1226,4.53660964966
1227,4.51808071136
1228,4.54354381561
1229,4.54098415375
1230,4.79054403305
1231,4.47672080994
1232,4.50494289398
1233,4.66819667816
1234,4.76999616623
1235,4.69906139374
1236,4.6340675354
1237,4.49943637848
1238,4.62319469452
1239,4.69217967987
1240,4.52735757828
1241,4.52569484711
1242,4.70788002014
1243,4.57857036591
1244,4.65557765961
1245,4.59712219238
1246,4.48637771606
1247,5.81479597092
1248,4.47589063644
1249,5.94820404053
1250,4.5503077507
1251,4.53713512421
1252,4.80295610428
1253,4.51800537109
1254,4.64295530319
1255,4.6425075531
1256,4.47928237915
1257,5.10058879852
1258,4.78143501282
1259,4.53138923645
1260,4.61626529694
1261,4.49215364456
1262,4.63120889664
1263,4.52478694916
1264,4.49838256836
1265,4.59781074524
1266,4.59561538696
1267,4.64930152893
1268,4.47742414474
1269,4.9339632988
1270,4.5263800621
1271,4.49896717072
1272,4.46389436722
1273,4.71299934387
1274,4.53041172028
1275,4.5202870369
1276,4.57361125946
1277,4.83027935028
1278,4.74009227753
1279,4.50827503204
1280,4.53227233887
1281,5.24846076965
1282,4.53738021851
1283,4.58757400513
1284,4.67263936996
1285,4.55406951904
1286,4.60640048981
1287,4.66247940063
1288,4.90569019318
1289,4.72091341019
1290,5.53062343597
1291,4.54403352737
1292,4.5438375473
1293,4.55547714233
1294,4.55636548996
1295,4.53530883789
1296,4.51963853836
1297,4.52685451508
1298,4.58268260956
1299,4.70137119293
1300,4.49172258377
1301,4.606112957
1302,4.49053001404
1303,4.49989414215
1304,4.48866081238
1305,4.84401512146
1306,4.53063583374
1307,4.4711432457
1308,4.62750244141
1309,4.96049833298
1310,4.49790477753
1311,4.55812072754
1312,4.71690130234
1313,5.69178533554
1314,4.6473903656
1315,4.63107919693
1316,4.46153354645
1317,4.52505731583
1318,4.86570453644
1319,4.58456945419
1320,4.64314031601
1321,4.80349349976
1322,4.48001003265
1323,4.58701133728
1324,4.51854038239
1325,4.51067829132
1326,4.69393205643
1327,4.54244041443
1328,4.50774288177
1329,4.72406435013
1330,4.60590076447
1331,4.501953125
1332,4.58929252625
1333,4.83341884613
1334,4.93057632446
1335,4.46264076233
1336,4.50059890747
1337,4.53418254852
1338,5.39954996109
1339,4.58139562607
1340,4.53931951523
1341,4.45397186279
1342,4.58529949188
1343,4.54761219025
1344,4.70936965942
1345,4.4510140419
1346,4.45890426636
1347,4.49167633057
1348,4.54208946228
1349,4.44546747208
1350,4.53039550781
1351,4.42564439774
1352,4.70780324936
1353,4.43654441833
1354,4.54832029343
1355,4.7513256073
1356,4.91055774689
1357,4.97467803955
1358,4.39578056335
1359,4.67365884781
1360,4.62948036194
1361,4.63020133972
1362,4.54815483093
1363,4.57563018799
1364,4.63756895065
1365,4.81773948669
1366,4.62256622314
1367,4.54090499878
1368,4.50168323517
1369,4.56988859177
1370,4.56995248795
1371,4.87589359283
1372,4.66132259369
1373,4.68000030518
1374,4.62575435638
1375,4.58677625656
1376,4.46583223343
1377,4.57142972946
1378,4.48179769516
1379,4.46778297424
1380,4.60524129868
1381,4.70267248154
1382,5.00693225861
1383,4.72012805939
1384,4.66975593567
1385,4.48932743073
1386,4.47608947754
1387,4.94119739532
1388,4.44928646088
1389,4.60323047638
1390,4.7565407753
1391,4.45311260223
1392,4.64528465271
1393,4.58712005615
1394,4.45643520355
1395,4.51133918762
1396,4.67988300323
1397,4.52784156799
1398,4.57359170914
1399,4.55559110641
1400,4.54186820984
1401,4.81883001328
1402,4.59783363342
1403,4.47988605499
1404,4.5576043129
1405,4.49971866608
1406,4.52348232269
1407,4.61448764801
1408,4.75741958618
1409,4.53539657593
1410,4.88137435913
1411,4.72050952911
1412,5.80864572525
1413,4.7932806015
1414,4.99851751328
1415,4.56018209457
1416,4.54431915283
1417,4.54987668991
1418,4.6022810936
1419,4.60173225403
1420,4.56191158295
1421,4.55596733093
1422,5.33622455597
1423,4.78135204315
1424,4.59997844696
1425,4.76679801941
1426,4.55673360825
1427,4.55182933807
1428,4.75079393387
1429,4.47596168518
1430,5.20003795624
1431,4.8576593399
1432,4.61175060272
1433,4.85893917084
1434,4.51447486877
1435,4.4581489563
1436,4.50162410736
1437,4.50068569183
1438,4.72428512573
1439,4.58065986633
1440,4.54283809662
1441,4.50617265701
1442,4.65888118744
1443,4.61292743683
1444,4.59458875656
1445,4.60472011566
1446,5.14020586014
1447,4.52415323257
1448,4.50514125824
1449,4.56753063202
1450,4.48888587952
1451,4.59940719604
1452,4.56774568558
1453,4.52118492126
1454,4.52182102203
1455,4.82985115051
1456,4.7533864975
1457,4.58905744553
1458,4.48510169983
1459,4.48511886597
1460,4.66572904587
1461,4.6287689209
1462,5.53382730484
1463,4.52226305008
1464,4.52386856079
1465,4.52889728546
1466,4.6469669342
1467,4.54041957855
1468,5.15471124649
1469,4.51176452637
1470,4.66223478317
1471,4.7302737236
1472,4.50329065323
1473,4.56567764282
1474,4.5121254921
1475,4.51878547668
1476,4.44297027588
1477,4.84044265747
1478,4.56799650192
1479,4.52177429199
1480,4.55667448044
1481,4.99448013306
1482,4.56669712067
1483,4.56718301773
1484,4.50309562683
1485,4.52199554443
1486,4.68190193176
1487,4.53354597092
1488,4.52511644363
1489,4.46115732193
1490,4.56487751007
1491,4.66012382507
1492,4.68179798126
1493,4.47347354889
1494,7.92116641998
1495,4.50255823135
1496,4.58078670502
1497,4.50795841217
1498,4.78765058517
1499,5.0743470192
1500,4.59459733963
1501,4.54799795151
1502,4.53461742401
1503,4.48757362366
1504,4.68016719818
1505,4.59736251831
1506,4.53617334366
1507,4.52747058868
1508,4.5890789032
1509,4.49281406403
1510,4.67533588409
1511,7.03392124176
1512,4.68085432053
1513,4.58147192001
1514,4.64255666733
1515,5.22716236115
1516,4.781291008
1517,4.52722167969
1518,4.53594112396
1519,4.95044231415
1520,4.48820304871
1521,4.49086427689
1522,4.53963804245
1523,4.49244880676
1524,5.07029628754
1525,4.54819965363
1526,5.13195466995
1527,4.58992671967
1528,4.48030614853
1529,4.52926635742
1530,5.26096725464
1531,4.46391677856
1532,4.45830154419
1533,4.55708217621
1534,4.52847480774
1535,4.59179496765
1536,4.62197780609
1537,4.88705921173
1538,4.555996418
1539,4.51568460464
1540,5.18027591705
1541,4.55867338181
1542,4.81925106049
1543,4.51151609421
1544,4.45266151428
1545,4.51823139191
1546,4.6020898819
1547,4.46277332306
1548,4.63134384155
1549,4.75159454346
1550,4.48112726212
1551,4.54224348068
1552,4.44297218323
1553,4.61260604858
1554,4.52449464798
1555,4.65123653412
1556,4.53568029404
1557,4.66680812836
1558,4.62099504471
1559,5.01350498199
1560,4.53950834274
1561,4.53687667847
1562,4.5716843605
1563,4.84548950195
38319,4.56632709503
38320,56.2267189026
38322,4.6060385704
38323,4.52076339722
38324,4.57603645325
38325,45.364528656
38326,4.64037799835
38327,4.53127098083
38328,4.62511920929
38329,4.67733860016
38330,4.52377176285
38331,5.97723770142
38332,23.9885730743
38333,4.70677900314
38334,4.52507209778
38335,4.53904438019
38336,4.72901725769
38337,4.71430063248
38338,4.52216720581
38339,39.8008155823
38340,4.52548265457
38341,4.57388925552
38342,4.50749444962
38343,4.57169818878
38344,5.0813574791
38345,4.51025104523
38346,4.57356357574
38347,16.3840293884
38348,4.50484466553
38349,4.55398273468
38350,6.22928619385
38351,4.75900888443
38352,4.78038024902
38353,4.49817657471
38354,5.45192623138
38355,4.58545970917
38356,4.51117420197
38357,17.0897502899
38358,4.73254060745
38359,4.59344911575
38360,4.56847190857
38361,4.54082584381
38362,4.6133146286
38363,4.85018587112
38364,4.56708097458
38365,14.3302116394
38366,4.79027462006
38367,22.8774909973
38368,4.59993076324
38369,5.09488201141
38370,4.87388515472
38371,4.58484745026
38372,4.50278520584
38373,4.56419181824
38374,4.74518489838
38375,4.5753993988
38376,4.62370491028
38377,4.78311920166
38378,4.67593288422
38379,4.53430318832
38380,4.58124876022
38381,30.6602897644
38382,4.54121780396
38383,4.55884742737
38384,4.61406326294
38385,4.56561088562
38386,4.83674240112
38387,5.37455654144
38388,4.54359865189
38389,14.6895580292
38390,4.63286018372
38391,4.64164543152
38392,5.94318580627
38393,50.1378479004
38394,4.56233358383
38395,4.56391906738
38396,4.5505232811
38397,4.53312444687
38398,4.55118989944
38399,5.12484550476
38400,5.02196502686
38401,4.6900177002
38402,27.5673751831
38403,4.53734874725
38404,4.87354755402
38405,18.4007892609
38406,4.49592542648
38407,6.28427600861
38408,4.55111312866
38409,4.70125865936
38410,42.7162475586
38411,4.54772758484
38412,4.75105428696
38413,4.56811475754
38414,4.66806602478
38415,4.6203622818
38416,4.66630649567
38417,4.62995529175
38418,4.69204998016
38419,4.56202507019
38420,4.64971733093
38421,37.5652008057
38422,4.55183982849
38423,4.62062358856
38424,4.89424514771
38425,4.59701967239
38426,4.55393409729
38427,4.67718553543
38428,4.57519769669
38429,4.76237869263
38430,4.57723999023
38431,4.54869699478
38432,4.56380558014
38433,4.55261707306
38434,16.9120349884
38435,4.56017875671
38436,4.57339715958
38437,11.7368822098
38438,4.68914031982
38439,30.782699585
38440,40.5507774353
38441,4.51302957535
38442,4.52283573151
38443,5.36435461044
38444,4.61219120026
38445,4.56837272644
38446,6.1705160141
38447,4.55720043182
38448,4.69874000549
38449,4.50829219818
38450,6.34492874146
38451,4.59310245514
38452,4.67896175385
38453,4.56068515778
38454,4.55785131454
38455,4.54530191422
38456,24.603717804
38457,4.61612415314
38458,4.50684928894
38459,4.81441259384
38460,4.50699329376
38461,4.49194002151
38462,4.73909091949
38463,4.57738399506
38464,4.60993623734
38465,4.65758466721
38466,4.53018474579
38467,4.57155418396
38468,4.51237297058
38469,4.47966003418
38470,57.0671730042
38471,4.72258758545
38472,4.70420742035
38473,4.62071418762
38474,4.54094982147
38475,4.50631713867
38476,4.76525974274
38477,4.66039085388
38478,11.0587835312
38479,4.63327550888
38480,4.52567768097
38481,5.63636779785
38482,4.73340463638
38483,4.68921470642
38484,4.52163553238
38485,4.5969080925
38486,19.8359298706
38487,4.47669696808
38488,4.66589355469
38489,15.0050592422
38490,4.82884788513
38491,4.69598293304
38492,4.58797311783
38493,4.84434509277
38494,4.56247758865
38495,4.51923751831
38496,4.50588846207
38497,17.1942138672
38498,4.58579492569
38499,4.58070468903
38500,4.56386232376
38501,4.59457778931
38502,5.15321826935
38503,4.63232421875
38504,4.78293800354
38505,4.57101392746
38506,5.66718196869
38507,4.57718753815
38508,4.57209348679
38509,4.51518774033
38510,4.53926086426
38511,7.19080877304
38512,4.56125736237
38513,4.74314785004
38514,5.11644220352
38515,4.55695152283
38516,4.58912277222
38517,4.53177165985
38518,4.60008144379
38519,61.2051544189
38520,4.57084846497
38521,4.66351318359
38522,4.55564641953
38523,4.677339077
38524,4.50302505493
38525,58.2439346313
38526,26.3979358673
38527,4.58962488174
38528,4.52769851685
38529,4.74810791016
38530,4.60924053192
38531,4.55376338959
38532,4.61364936829
38533,5.22026395798
38534,6.66770839691
38535,4.54894924164
38536,4.50441646576
38537,4.75953483582
38538,4.81870937347
38539,4.88477134705
38540,4.74450159073
38541,49.7306480408
38542,4.72649621964
38543,91.8285980225
38544,4.86158275604
38545,97.6932144165
38546,4.70680809021
38547,4.55873060226
38548,4.52551555634
38549,4.66438436508
38550,4.73369216919
38551,4.52807378769
38552,5.09322404861
38553,4.61965322495
38554,4.58168172836
38555,4.68414211273
38556,5.03880405426
38557,4.59923267365
38558,10.5163316727
38559,4.56598567963
38560,16.3408164978
38561,4.66603946686
38562,37.4938697815
38563,4.56406068802
38564,4.58747386932
38565,4.47965049744
38566,4.55282783508
38567,4.56071472168
38568,4.60125827789
38569,4.56598377228
38570,5.25103473663
38571,4.58862876892
38572,4.5619764328
38573,4.6177649498
38574,5.60424995422
38575,68.7108078003
38576,4.56516456604
38577,4.58055782318
38578,4.74264287949
38579,4.65186929703
38580,76.4443664551
38581,5.44704675674
38582,4.79320240021
38583,4.57547855377
38584,4.6306476593
38585,4.80993366241
38586,4.58390903473
38587,4.51000928879
38588,4.53837203979
38589,4.58146572113
38590,4.67620277405
38591,4.59135055542
38592,5.59338521957
38593,4.58628845215
38594,4.72854423523
38595,5.22456216812
38596,4.55036354065
38597,4.59462213516
38598,94.5529708862
38599,4.54678153992
38600,4.50762176514
38601,4.52222537994
38602,5.41182661057
38603,4.50365447998
38604,4.590259552
38605,5.25965309143
38606,4.57981204987
38607,5.80123806
38608,4.65173959732
38609,4.73105049133
38610,4.67099380493
38611,5.27221488953
38612,4.73545503616
38613,4.54915094376
38614,38.1944351196
38615,4.57761859894
38616,4.56033468246
38617,24.3427333832
38618,4.56488609314
38619,4.53454780579
38620,4.5258769989
38621,4.55015420914
38622,4.86163330078
38623,4.52774238586
38624,4.52902984619
38625,4.49098587036
38626,4.59686851501
38627,4.59672307968
38628,4.55375099182
38629,4.57274341583
38630,4.60427713394
38631,32.5024185181
38632,26.0240097046
38633,4.59773921967
38634,4.86592435837
38635,4.55740022659
38636,4.50793361664
38637,4.53005886078
38638,4.5407781601
38639,4.82385826111
38640,4.54272079468
38641,4.58878087997
38642,4.49537372589
38643,12.4439048767
38644,64.1202316284
38645,4.61657857895
38646,4.54968357086
38647,4.58353805542
38648,4.58459758759
38649,4.94221067429
38650,4.56963729858
38651,4.70756816864
38652,4.54282045364
38653,4.59380722046
38654,4.53568267822
38655,4.55364370346
38656,4.55243396759
38657,4.56263923645
38658,9.30202579498
38659,10.9777870178
38660,4.53012418747
38661,4.54342842102
38662,4.55724811554
38663,4.58718299866
38664,4.60611867905
38665,19.7931613922
38666,4.53668546677
38667,4.84627723694
38668,4.5628786087
38669,4.60734844208
38670,4.53914022446
38671,124.899528503
38672,4.60895442963
38673,5.25129985809
38674,4.49691438675
38675,4.56253433228
38676,119.763053894
38677,4.659096241
38678,4.86622047424
38679,4.53795528412
38680,4.6314125061
38681,4.5496931076
38682,4.57907867432
38683,4.69771242142
38684,4.58381271362
38685,4.91930294037
38686,4.60627365112
38687,5.01469945908
38688,4.73973560333
38689,4.81616210938
38690,4.57341957092
38691,4.55182981491
38692,4.82712841034
38693,4.55469417572
38694,4.66571712494
38695,4.639960289
38696,4.55759239197
38697,5.53860187531
38698,4.54501533508
38699,4.89981794357
38700,4.72081375122
38701,4.54420042038
38702,32.5569267273
38703,4.84238672256
38704,4.5902132988
38705,4.55208206177
38706,4.557472229
38707,4.56289958954
38708,4.59862995148
38709,5.47030353546
38710,4.56990623474
38711,4.8187251091
38712,4.725522995
38713,4.55123329163
38714,4.57309627533
38715,4.62569379807
38716,4.57328701019
38717,4.53088951111
38718,4.67488765717
38719,4.58765697479
38720,4.93987464905
38721,4.53862333298
38722,4.62027645111
38723,4.56484794617
38724,4.53582715988
38725,4.80029964447
38726,4.45485305786
38727,4.56720161438
38728,4.73722362518
38729,4.63009643555
38730,4.57030773163
38731,4.48728370667
38732,4.69350004196
38733,4.60678577423
38734,4.52531385422
38735,4.70510339737
38736,4.84301376343
38737,4.57653617859
38738,4.54094266891
38739,4.76002788544
38740,4.76905632019
38741,4.58709287643
38742,4.65996980667
38743,4.58208370209
38744,4.92589664459
38745,4.6396074295
38746,4.51636981964
38747,4.53288841248
38748,4.57004833221
38749,4.74197673798
38750,4.74548053741
38751,4.55412340164
38752,4.54914569855
38753,4.56716823578
38754,4.50621318817
38755,107.299766541
38756,4.57746267319
38757,4.64748573303
38758,4.5596075058
38759,4.70158243179
38760,4.57489967346
38761,4.80204582214
38762,4.5771651268
38763,4.83211421967
38764,4.64086151123
38765,4.78377962112
38766,4.61737728119
38767,5.22681236267
38768,4.52089548111
38769,4.51548814774
38770,4.53671693802
38771,4.52916431427
38772,4.70836400986
38773,4.56677150726
38774,4.61027812958
38775,4.58373069763
38776,4.57355976105
38777,4.90190029144
38778,4.52078056335
38779,4.5645904541
38780,4.70915126801
38781,31.1572685242
38782,4.65939331055
38783,4.51251125336
38784,4.6288151741
38785,4.9451918602
38786,4.66487264633
38787,8.81136703491
38788,4.62254238129
38789,4.61693763733
38790,4.61002159119
38791,4.62760162354
38792,11.4502534866
38793,4.56538200378
38794,4.54829883575
38795,4.64326572418
38796,26.9191017151
38797,5.03827190399
38798,4.49411201477
38799,4.59069824219
38800,4.54061841965
38801,4.95873308182
38802,4.52367115021
38803,4.47440576553
38804,4.62467098236
38805,4.50617790222
38806,4.6460943222
38807,4.50202798843
38808,4.62575054169
38809,4.56997966766
38810,4.50467729568
38811,4.55549573898
38812,4.61196041107
38813,4.60045528412
38814,4.57253646851
38815,20.9475860596
38816,4.78556394577
38817,4.5384683609
38818,5.48219203949
38819,30.1398086548
38820,4.53141880035
38821,4.72685813904
38822,4.47767877579
38823,4.74507522583
38824,4.56015825272
38825,4.937084198
38826,4.90390300751
38827,4.5428647995
38828,86.0999908447
38829,4.55550432205
38830,4.53668260574
38831,4.57888364792
38832,4.55231618881
38833,4.5621805191
38834,13.5076904297
38835,4.59047412872
38836,4.77016448975
38837,4.58252048492
38838,4.57576084137
38839,4.88931846619
38840,4.83420848846
38841,4.93428373337
38842,4.61170101166
38843,4.96103286743
38844,4.55948638916
38845,55.1283226013
38846,49.7001152039
38847,4.57196903229
38848,4.57778835297
38849,4.58635997772
38850,4.66873788834
38851,15.1884326935
38852,4.5300283432
38853,4.62254810333
38854,8.324010849
38855,4.61983394623
38856,4.62375450134
38857,4.51584911346
38858,4.54985809326
38859,27.6132240295
38860,4.55826377869
38861,4.58311843872
38862,4.68105220795
38863,4.50967311859
38864,4.56656360626
38865,5.02829551697
38866,4.70455360413
38867,4.6435585022
38868,6.89207983017
38869,4.49697875977
38870,4.47979307175
38871,4.57786607742
38872,4.54229164124
38873,4.9611492157
38874,4.5953874588
38875,4.74897909164
38876,4.73680973053
38877,4.47392272949
38878,4.56630992889
38879,4.53207015991
38880,4.54760694504
38881,4.58184528351
38882,5.60190010071
38883,4.61111211777
38884,4.65007686615
38885,4.70349931717
38886,4.92339038849
38887,4.54486942291
38888,4.76957416534
38889,4.75368595123
38890,4.58208417892
38891,5.39875411987
38892,4.51718568802
38893,4.55738544464
38894,4.753677845
38895,4.57747077942
38896,4.59821462631
38897,4.51735591888
38898,4.5528049469
38899,5.03171253204
38900,4.77200889587
38901,4.5005273819
38902,4.5478219986
38903,4.57495355606
38904,4.55117368698
38905,4.61957263947
38906,5.20233869553
38907,4.57797336578
38908,6.27705287933
38909,4.62133598328
38910,5.31938648224
38911,4.5835146904
38912,4.61848449707
38913,13.552778244
38914,4.84421682358
38915,29.9045219421
38916,4.60421180725
38917,4.62233781815
38918,29.1846923828
38919,4.69214439392
38920,4.91726493835
38921,4.57445955276
38922,4.54305410385
38923,12.2593193054
38924,4.54570674896
38925,4.55121898651
38926,4.48644351959
38927,4.99951076508
38928,4.57059192657
38929,4.57542419434
38930,4.82597446442
38931,4.63016986847
38932,4.59602642059
38933,4.57338380814
38934,4.59406852722
38935,4.57620811462
38936,4.49897003174
38937,4.55766677856
38938,4.68785667419
38939,4.99268627167
38940,4.54114484787
38941,4.57677459717
38942,4.56034040451
38943,4.76897716522
38944,4.50871944427
38945,4.58043384552
38946,5.10998058319
38947,4.77263641357
38948,4.61850690842
38949,4.5617275238
38950,4.56626987457
38951,4.5495467186
38952,4.67200231552
38953,87.542175293
38954,4.46097660065
38955,4.52204418182
38956,4.59138298035
38957,4.53445768356
38958,4.70854187012
38959,4.53280067444
38960,6.86694478989
38961,35.5637130737
38962,4.52742385864
38963,4.54367446899
38964,4.74343347549
38965,5.23815393448
38966,4.54475879669
38967,4.66762256622
38968,4.82144403458
38969,6.16276788712
38970,20.0372867584
38971,4.6765537262
38972,4.63117980957
38973,4.54848861694
38974,12.2431383133
38975,4.53058195114
38976,4.52015256882
38977,4.88118839264
38978,4.66681146622
38979,4.97734308243
38980,4.55077266693
38981,4.4939289093
38982,4.51485872269
38983,4.71667098999
38984,4.62955713272
38985,4.55283260345
38986,4.48280239105
38987,4.56677103043
38988,4.57309770584
38989,4.6032743454
38990,4.87433815002
38991,29.7814674377
38992,4.56707954407
38993,5.16343593597
38994,4.70572805405
38995,4.50515937805
38996,4.57806015015
38997,4.56925487518
38998,17.2540435791
38999,5.51210308075
39000,4.67458248138
39001,6.56342411041
39002,4.63671636581
39003,14.334274292
39004,4.79846191406
39005,4.58471679688
39006,4.9947977066
39007,4.53455257416
39008,4.76066637039
39009,21.075378418
39010,14.4969749451
39011,4.54628038406
39012,18.9663887024
39013,4.7770280838
39014,4.96552753448
39015,4.63349723816
39016,4.52955722809
39017,4.54252958298
39018,4.6130361557
39019,5.18767309189
39020,4.50813674927
39021,4.65110492706
39022,4.57395553589
39023,4.64348077774
39024,4.64531993866
39025,4.59785270691
39026,4.49907112122
39027,4.51310968399
39028,4.47630977631
39029,4.63895893097
39030,39.1916046143
39031,4.74633312225
39032,4.4670009613
39033,4.82564878464
39034,5.06261253357
39035,4.49129104614
39036,4.55791378021
39037,4.551841259
39038,4.93279457092
39039,4.5285692215
39040,4.57462596893
39041,4.67809534073
39042,9.9554901123
39043,4.55002784729
39044,4.61365699768
39045,6.58698606491
39046,4.83714294434
39047,4.55259227753
39048,4.62730836868
39049,4.60004854202
39050,4.60935115814
39051,34.9637451172
39052,4.53891563416
39053,12.2121229172
39054,4.6419467926
39055,4.59154415131
39056,4.60983181
39057,5.00138092041
39058,4.53328323364
39059,4.78246498108
39060,4.53924226761
39061,4.51083993912
39062,4.53224277496
39063,4.58592939377
39064,4.51094245911
39065,4.49366664886
39066,4.5703163147
39067,4.85922336578
39068,5.17452383041
39069,5.2703037262
39070,4.5503950119
39071,4.54677581787
39072,64.0774078369
39073,36.9242095947
39074,4.65857219696
39075,4.5370349884
39076,43.5651359558
39077,4.48435497284
39078,4.73201942444
39079,4.89093494415
39080,5.00987863541
39081,4.58632946014
39082,4.65721607208
39083,4.68385267258
39084,4.98866939545
39085,4.58578872681
39086,4.61452198029
39087,4.54478263855
39088,4.53053092957
39089,4.52208518982
39090,4.50514411926
39091,20.0058097839
39092,4.54870319366
39093,4.71488761902
39094,4.47127056122
39095,4.73962831497
39096,4.57168483734
39097,4.71769762039
39098,4.56854724884
39099,4.66259336472
39100,49.9614982605
39101,4.59861946106
39102,4.85345363617
39104,4.68134403229
39105,4.6016998291
39106,9.37904548645
39107,4.46508550644
39108,4.72767353058
39109,6.00063037872
39110,4.65826129913
39111,4.47139549255
39112,5.22599411011
39113,4.61374282837
39114,12.311413765
39115,4.55187034607
39116,4.58160209656
39117,4.47843170166
39118,4.47866153717
39119,4.56015110016
39120,4.56497526169
39121,4.61487627029
39122,30.8555774689
39123,5.10624551773
39124,4.5965719223
39125,4.58238124847
39126,4.48908424377
39127,4.54165267944
39128,20.5445861816
39129,4.55925559998
39130,4.95020771027
39131,4.53990650177
39132,49.7466239929
39133,4.52651023865
39134,4.66673469543
39135,4.85910606384
39136,4.52793502808
39137,38.9449119568
39138,4.56817817688
39139,4.48558950424
39140,5.22183609009
39141,13.7293758392
39142,4.59848117828
39143,4.56350803375
39144,4.58198595047
39145,4.59417963028
39146,25.9338188171
39147,4.51006793976
39148,4.4512257576
39149,4.43680858612
39150,4.6150560379
39151,5.50321006775
39152,4.71369075775
39153,4.55656909943
39154,4.54160404205
39155,4.60273456573
39156,4.47090005875
39157,4.56160926819
39158,4.67389059067
39159,4.97707366943
39160,4.55761384964
39161,4.54068231583
39162,4.65781545639
39163,4.56867218018
39164,4.50066614151
39165,19.3790016174
39166,4.67873573303
39167,4.5459690094
39168,4.58283472061
39169,5.18093681335
39170,4.65513134003
39171,4.56260681152
39172,4.59823799133
39173,19.8857955933
39174,4.60775709152
39175,4.45848846436
39176,4.48626327515
39177,4.53991127014
39178,5.22045516968
39179,4.59639358521
39180,4.59911203384
39181,4.59343576431
39182,5.02084445953
39183,45.037361145
39184,4.53230476379
39185,4.57065200806
39186,4.57525682449
39187,4.55229568481
39188,4.53700733185
39189,4.56321954727
39190,4.51504135132
39191,4.47167778015
39192,4.59458732605
39193,4.66845083237
39194,25.6056690216
39195,4.50043392181
39196,24.8235740662
39197,4.61807727814
39198,4.58333587646
39199,54.1234283447
39200,4.75067234039
39201,4.91332578659
39202,4.5082988739
39203,67.8147964478
39204,4.59939241409
39205,4.52432727814
39206,4.5555267334
39207,4.62628364563
39208,4.84220600128
39209,4.59069252014
39210,4.5858206749
39211,5.32838821411
39212,4.91884613037
39213,4.50984382629
39214,4.62679195404
39215,4.46874713898
39216,4.71586990356
39217,4.52168273926
39218,4.87103462219
39219,86.8037719727
39220,4.73548221588
39221,71.9029769897
39222,4.83990097046
39223,4.58895111084
39224,49.7823104858
39225,4.71680927277
39226,4.62666034698
39227,4.60544729233
39228,4.71778345108
39229,4.6188750267
39230,4.56163692474
39231,4.61660575867
39232,14.8464012146
39233,4.59516048431
39234,4.55599880219
39235,4.843957901
39236,4.54325866699
39237,4.55138492584
39238,4.54813671112
39239,4.58294487
39240,5.36095237732
39241,23.9739551544
39242,4.59493255615
39243,4.64471721649
39244,5.89315605164
39245,4.55704498291
39246,5.43164920807
39247,4.53404712677
39248,4.63571357727
39249,4.94405078888
39250,4.53552627563
39251,4.74065971375
39252,5.68061447144
39253,4.61371803284
39254,4.69910764694
39255,4.4967918396
39256,4.53468132019
39257,4.74323320389
39258,5.26721715927
39259,5.10563182831
39260,4.5360994339
39261,33.8980255127
39262,9.32314395905
39263,4.77672767639
39264,4.63984107971
39265,4.69010305405
39266,26.9018478394
39267,4.51723480225
39268,4.73000955582
39269,50.8434257507
39270,4.58215713501
39271,4.76770734787
39272,4.55940437317
39273,4.637570858
39274,4.86635875702
39275,4.65663814545
39276,4.53558683395
39277,4.55279684067
39278,4.94911956787
39279,4.63234043121
39280,4.63281154633
39281,4.62382602692
39282,4.51143550873
39283,4.6058807373
39284,16.361328125
39285,4.68016576767
39286,4.67222356796
39287,4.53978157043
39288,4.69338607788
39289,4.73737859726
39290,4.73685646057
39291,4.60286235809
39292,4.61534309387
39293,4.85370540619
39294,10.5332889557
39295,4.55318498611
39296,5.29845285416
39297,4.51905679703
39298,4.49673366547
39299,4.5774679184
39300,49.7220726013
39301,4.53625059128
39302,4.82909107208
39303,5.22016906738
39304,5.39528751373
39305,4.4880657196
39306,34.526008606
39307,5.02116298676
39308,4.50427341461
39309,4.59535598755
39310,4.64534139633
39311,4.63266944885
39312,4.62145471573
39313,4.85065364838
39314,4.61761760712
39315,4.58960723877
39316,4.5626115799
39317,4.57769870758
39318,10.7702465057
39319,4.60907793045
39320,4.73172283173
39321,7.82333421707
39322,4.47732925415
39323,4.57191038132
39324,4.57613754272
39325,4.64209079742
39326,4.59462594986
39327,34.7442016602
39328,4.774081707
39329,4.54321289062
39330,4.95283508301
39331,13.4317569733
39332,4.59171104431
39333,4.52530908585
39334,4.61641979218
39335,8.71074581146
39336,4.61093044281
39337,4.52753448486
39338,4.65596866608
39339,4.58714532852
39340,4.50579500198
39341,4.56213283539
39342,4.51088523865
39343,77.3669052124
39344,4.5536775589
39345,5.00216007233
39346,15.5411281586
39347,4.52993249893
39348,6.23499155045
39349,4.68565750122
39350,14.7052001953
39351,8.76019859314
39352,4.535135746
39353,4.78883838654
39354,4.74725723267
39355,4.53703832626
39356,4.54223442078
39357,4.52591323853
39358,4.5504989624
39359,4.56846141815
39360,4.59555244446
39361,4.61958599091
39362,47.0689849854
39363,4.54565620422
39364,4.92952251434
39365,4.62098312378
39366,4.50706100464
39367,4.58541202545
39368,4.71906089783
39369,5.02186203003
39370,4.54552078247
39371,4.59188270569
39372,4.73716020584
39373,4.55232429504
39374,4.54089593887
39375,4.56043434143
39376,5.19618320465
39377,4.69339942932
39378,4.73418331146
39379,4.57287788391
39380,4.61190462112
39381,4.6572675705
39382,4.58674144745
39383,102.296455383
39384,4.73942327499
39385,4.56905555725
39386,4.57950925827
39387,4.61204099655
39388,4.67284393311
39389,77.4003067017
39390,4.5435667038
39391,4.70809412003
39392,4.57004547119
39393,4.52292108536
39394,46.3555335999
39395,4.61277008057
39396,4.61198139191
39397,4.56833839417
39398,29.2610187531
39399,4.58198785782
39400,4.53948736191
39401,4.58443260193
39402,4.70942735672
39403,5.58578300476
39404,4.83568286896
39405,4.57521438599
39406,4.71528863907
39407,4.65580606461
39408,14.1192436218
39409,9.09162044525
39410,4.63663625717
39411,4.61975097656
39412,4.51579904556
39413,103.958999634
39414,6.85875988007
39415,4.62349367142
39416,4.57064199448
39417,4.57473087311
39418,4.5461473465
39419,5.3377904892
39420,43.7218017578
39421,4.51010036469
39422,8.51525783539
39423,22.6233463287
39424,10.8577766418
39425,4.59712171555
39426,4.55219697952
39427,4.57670879364
39428,4.57624483109
39429,5.33239889145
39430,4.51212453842
39431,4.75705242157
39432,4.87288093567
39433,4.78335428238
39434,4.61542224884
39435,4.54538631439
39436,4.82027196884
39437,18.2854175568
39438,4.53486442566
39439,4.55467891693
39440,4.65402793884
39441,4.49788856506
39442,4.61455631256
39443,4.58873701096
39444,4.53517055511
39445,4.54527282715
39446,5.07079982758
39447,4.59253549576
39448,4.58145904541
39449,4.57919502258
39450,4.99662733078
39451,4.72667694092
39452,4.58047485352
39453,4.5478515625
39454,4.64109802246
39455,4.52095890045
39456,4.78466081619
39457,4.54144191742
39458,4.60050582886
39459,4.53817462921
39460,14.8240671158
39461,12.4863061905
39462,4.66218280792
39463,4.56793212891
39464,4.69166755676
39465,4.65715789795
39466,4.62775230408
39467,4.6166934967
39468,4.54738903046
39469,6.18008136749
39470,4.59827375412
39471,4.5598192215
39472,4.82255315781
39473,4.58450651169
39474,9.36217021942
39475,5.24834775925
39476,4.56739139557
39477,4.74923372269
39478,4.55874109268
39479,4.54719257355
39480,5.738509655
39481,4.83079433441
39482,4.61402273178
39483,4.48983001709
39484,4.73670339584
39485,5.07928514481
39486,4.65943527222
39487,4.90104007721
39488,6.8588104248
39489,4.50240802765
39490,4.54236698151
39491,4.55735349655
39492,4.60777568817
39493,12.0995931625
39494,21.0596122742
39495,4.52682924271
39496,5.84890222549
39497,4.58069753647
39498,4.49950456619
39499,4.75960636139
39500,4.5386557579
39501,5.29846763611
39502,4.61146640778
39503,4.95269727707
39504,4.57720899582
39505,21.0492782593
39506,4.71203422546
39507,4.75072956085
39508,4.59383773804
39509,4.5836224556
39510,4.50818681717
39511,4.53294277191
39512,4.51639175415
39513,4.468313694
39514,4.4782538414
39515,4.56219530106
39516,4.51925802231
39517,4.63495206833
39518,4.54365158081
39519,4.58180570602
39520,4.69316482544
39521,4.66015100479
39522,4.52721166611
39523,6.34505033493
39524,4.53843975067
39525,4.66273546219
39526,4.84987831116
39527,4.7690205574
39528,4.62661838531
39529,4.58345937729
39530,4.73098468781
39531,4.52261304855
39532,4.52078914642
39533,13.5316324234
39534,5.0003862381
39535,4.56437063217
39536,4.81364440918
39537,4.82095527649
39538,4.68225002289
39539,4.52301883698
39540,4.72712230682
39541,4.54357242584
39542,4.91968822479
39543,4.49587059021
39544,23.0081310272
39545,16.5392532349
39546,4.54284095764
39547,4.57805919647
39548,4.60310840607
39549,4.89368438721
39550,4.59589767456
39551,4.61494970322
39552,4.49248743057
39553,4.67462539673
39554,4.58981895447
39555,4.55252552032
39556,4.54019594193
39557,41.9187011719
39558,7.34252786636
39559,4.77529096603
39560,4.54918956757
39561,4.54332351685
39562,8.84975147247
39563,4.64457130432
39564,4.55296325684
39565,4.65942287445
39566,21.9158725739
39567,12.4110431671
39568,4.56880807877
39569,4.55680608749
39570,4.59501838684
39571,4.4972410202
39572,4.63278579712
39573,5.01657104492
39574,4.44888019562
39575,4.69085741043
39576,5.12100696564
39577,4.60079479218
39578,4.78935718536
39579,4.63823461533
39580,4.5557346344
39581,4.55496501923
39582,4.56301021576
39583,4.51260471344
39584,4.59401702881
39585,4.45514059067
39586,4.56357002258
39587,4.82065582275
39588,4.68548870087
39589,4.52718353271
39590,4.52941799164
39591,4.58799171448
39592,4.60429239273
39593,4.58603096008
39594,4.75923156738
39595,5.49668121338
39596,4.58971595764
39597,4.54882335663
39598,4.48499774933
39599,4.521692276
39600,4.55930328369
39601,11.8468866348
39602,4.71901035309
39603,4.54531764984
39604,4.65185260773
39605,4.92833948135
39606,4.55278110504
39607,21.2896404266
39608,4.71733760834
39609,5.88563537598
39610,6.49962091446
39611,5.07514190674
39612,4.58383464813
39613,4.60097885132
39614,4.53594875336
39615,131.765213013
39616,4.63627815247
39617,13.4449005127
39618,4.55983066559
39619,4.53669834137
39620,4.53512239456
39621,4.55908441544
39622,9.00989055634
39623,4.63595867157
39624,4.49479103088
39625,4.81232070923
39626,4.62181472778
39627,72.1371917725
39628,4.56995201111
39629,4.58465433121
39630,4.64057254791
39631,4.60196304321
39632,4.5162935257
39633,4.64469671249
39634,4.5900759697
39635,4.63326311111
39636,4.50277614594
39637,4.62215089798
39638,4.62309455872
39639,4.51901626587
39640,4.70838451385
39641,4.5649394989
39642,4.90391016006
39643,4.88875198364
39644,5.17274284363
39645,4.92776489258
39646,4.55819702148
39647,4.55138206482
39648,4.69332313538
39649,4.49532032013
39650,4.90593194962
39651,6.42682981491
39652,4.5624370575
39653,4.53693580627
39654,4.87113952637
39655,5.09056663513
39656,4.70792865753
39657,4.58770513535
39658,4.56499671936
39659,4.56296110153
39660,13.9824466705
39661,4.58646059036
39662,4.59855794907
39663,4.5510892868
39664,4.60217475891
39665,34.7787322998
39666,4.74713230133
39667,4.52651309967
39668,4.79224872589
39669,4.81442928314
39670,4.5384645462
39671,122.137802124
39672,4.51296424866
39673,4.52448368073
39674,4.54103755951
39675,58.4463653564
39676,4.4825296402
39677,29.8217945099
39678,4.58508396149
39679,4.59559965134
39680,4.55679225922
39681,12.150094986
39682,4.55336475372
39683,45.1496658325
39684,5.08302783966
39685,4.57178592682
39686,4.56927967072
39687,4.72298431396
39688,4.55871295929
39689,4.62981128693
39690,4.49381065369
39691,8.68289375305
39692,4.65636014938
39693,4.53269290924
39694,4.54367256165
39695,4.4739356041
39696,79.1964187622
39697,4.65671491623
39698,4.65703678131
39699,4.98850107193
39700,4.84643650055
39701,4.52743148804
39702,4.61189556122
39703,4.53455257416
39704,4.94216251373
39705,4.64065647125
39706,4.56785392761
39707,4.68911933899
39708,4.59044456482
39709,4.53869152069
39710,4.47735214233
39711,4.71510124207
39712,4.56246471405
39713,4.58361530304
39714,4.59097194672
39715,4.4767575264
39716,4.5521402359
39717,4.7117099762
39718,5.13370275497
39719,6.01379919052
39720,4.52532243729
39721,4.65195274353
39722,4.78718614578
39723,73.2648849487
39724,6.24338340759
39725,28.9360523224
39726,4.49108076096
39727,4.79291057587
39728,4.60876655579
39729,48.0723571777
39730,4.61949062347
39731,4.62672138214
39732,4.68012809753
39733,4.59612941742
39734,4.58914279938
39735,5.3162021637
39736,5.50228977203
39737,4.87513446808
39738,4.53304481506
39739,4.55460262299
39740,4.66839981079
39741,4.53495359421
39742,4.57806110382
39743,5.8640203476
39744,4.96566343307
39745,4.54529476166
39746,42.6756744385
39747,4.55937385559
39748,4.47519207001
39749,4.49748039246
39750,4.79467391968
39751,4.65840291977
39752,9.87944698334
39753,8.05961513519
39754,7.9037733078
39755,4.61302995682
39756,4.57445716858
39757,4.60013866425
39758,4.50219011307
39759,4.54314041138
39760,4.63982105255
39761,4.83001327515
39762,5.35746908188
39763,4.536195755
39764,4.95571804047
39765,4.55379295349
39766,4.75409269333
39767,4.50194883347
39768,4.68705654144
39769,4.66418027878
39770,4.44255399704
39771,4.51858615875
39772,4.72402667999
39773,4.46366643906
39774,4.54970598221
39775,4.53949356079
39776,37.1341514587
39777,67.4692459106
39778,9.90269851685
39779,4.45987129211
39780,4.68544387817
39781,4.6417427063
39782,4.48919200897
39783,4.52692747116
39784,7.17015266418
39785,4.62471866608
39786,29.4776954651
39787,4.86336135864
39788,28.530921936
39789,4.66250896454
39790,90.5863494873
39791,4.59522342682
39792,4.49607849121
39793,4.56868553162
39794,4.71598291397
39795,4.49682331085
39796,5.65736436844
39797,5.09690666199
39798,4.848736763
39799,4.70913696289
39800,4.60757732391
39801,4.72253751755
39802,4.56666564941
39803,4.57501363754
39804,4.82010555267
39805,4.76690101624
39806,4.50899410248
39807,4.6622877121
39808,4.57769060135
39809,4.60847949982
39810,4.88470745087
39811,4.54552936554
39812,4.54283857346
39813,4.83020401001
39814,4.56868457794
39815,4.8099899292
39816,4.5315284729
39817,4.640417099
39818,4.79827833176
39819,4.76168060303
39820,4.56736469269
39821,4.56020832062
39822,4.50001811981
39823,4.61123180389
39824,4.55076694489
39825,4.45621299744
39826,4.53390169144
39827,6.35304069519
39828,4.69299316406
39829,4.50870084763
39830,5.60630512238
39831,71.4302978516
39832,4.56059360504
39833,5.06939220428
39834,4.59932899475
39835,4.55089473724
39836,4.89047908783
39837,4.53913784027
39838,5.90190410614
39839,5.40056228638
39840,4.66022968292
39841,4.52500534058
39842,4.63401651382
39843,4.47916889191
39844,4.67855358124
39845,28.8494758606
39846,4.58484554291
39847,4.71633529663
39848,4.50288772583
39849,5.38466644287
39850,4.52543020248
39851,4.52013349533
39852,65.5245056152
39853,4.54185819626
39854,4.89076328278
39855,4.74890613556
39856,4.54169225693
39857,4.58730363846
39858,4.59288978577
39859,4.54103565216
39860,29.7795352936
39861,4.53915691376
39862,4.55773353577
39863,4.53602218628
39864,4.96530199051
39865,4.54388809204
39866,4.53426170349
39867,4.53638553619
39868,4.51537895203
39869,4.59011697769
39870,4.63921117783
39871,4.88407611847
39872,5.57921981812
39873,4.73163461685
39874,4.70374965668
39875,4.97427034378
39876,4.63091278076
39877,4.60587882996
39878,4.67647600174
39879,5.18354415894
39880,45.9895477295
39881,4.58944892883
76637,96.3318634033
76638,30.4128170013
76640,4.58672809601
76641,4.60030460358
76642,4.57642745972
76643,4.53952026367
76644,4.59101963043
76645,4.53816652298
76646,4.55250167847
76647,4.80762577057
76648,6.12457084656
76649,4.53405237198
76650,4.77366352081
76651,99.732460022
76652,4.64743614197
76653,25.4911270142
76654,4.61955928802
76655,4.7260556221
76656,4.55948781967
76657,6.30564975739
76658,5.29416465759
76659,4.51197481155
76660,104.421173096
76661,5.45475292206
76662,161.040298462
76663,4.50754022598
76664,5.86257171631
76665,4.59265518188
76666,4.6470451355
76667,4.56209802628
76668,4.81532526016
76669,6.59525203705
76670,4.45334386826
76671,4.52506637573
76672,4.64562797546
76673,5.10184955597
76674,4.5528345108
76675,92.5970916748
76676,6.38403701782
76677,4.74366950989
76678,5.0128660202
76679,4.57035064697
76680,4.66905403137
76681,4.60044622421
76682,4.58978748322
76683,4.61271858215
76684,4.58409404755
76685,16.7617549896
76686,45.625377655
76687,5.69337511063
76688,21.9004135132
76689,4.58409547806
76690,5.77721834183
76691,4.54367446899
76692,61.9283027649
76693,4.52734565735
76694,4.53130435944
76695,4.51283359528
76696,4.5637140274
76697,4.70837116241
76698,4.55371856689
76699,4.59760856628
76700,4.76754617691
76701,4.72787952423
76702,4.56022167206
76703,9.76682472229
76704,4.56937074661
76705,4.56222772598
76706,4.62832927704
76707,4.52697324753
76708,5.13440418243
76709,4.63578557968
76710,6.55256080627
76711,91.7247085571
76712,4.57128238678
76713,4.48353385925
76714,4.5633482933
76715,7.88364553452
76716,4.62049341202
76717,4.66321706772
76718,12.8469276428
76719,17.4299201965
76720,4.59850978851
76721,203.623306274
76722,4.5536813736
76723,115.426017761
76724,5.34418773651
76725,136.640289307
76726,5.71776676178
76727,4.61297655106
76728,48.8147087097
76729,4.55303573608
76730,6.22119426727
76731,9.05902767181
76732,4.64828062057
76733,4.62035655975
76734,4.56733512878
76735,5.37572431564
76736,4.56752490997
76737,11.7677993774
76738,4.53247737885
76739,6.39635944366
76740,4.54862976074
76741,4.7596206665
76742,4.48971366882
76743,4.62912416458
76744,4.5349521637
76745,4.57564926147
76746,4.69178199768
76747,4.97277355194
76748,4.56653404236
76749,8.37737560272
76750,32.5322647095
76751,4.61719417572
76752,12.4311571121
76753,4.66620254517
76754,10.6249837875
76755,6.94512367249
76756,4.61036872864
76757,4.57562923431
76758,150.173614502
76759,4.58607578278
76760,6.34417295456
76761,4.49877405167
76762,8.81223964691
76763,4.61353540421
76764,4.61941814423
76765,46.6714706421
76766,4.58396720886
76767,4.5904507637
76768,4.5771446228
76769,4.54157829285
76770,4.55279636383
76771,150.574737549
76772,19.4013938904
76773,4.55103206635
76774,4.77270507812
76775,4.68640089035
76776,4.68339252472
76777,4.68369960785
76778,5.59619855881
76779,4.98781681061
76780,4.61291217804
76781,4.58604812622
76782,4.59389829636
76783,4.56883096695
76784,29.5411376953
76785,6.43327474594
76786,7.31128549576
76787,19.5336112976
76788,4.56107473373
76789,158.010971069
76790,8.82105827332
76791,4.59295320511
76792,5.89354324341
76793,4.51259994507
76794,4.54561710358
76795,4.52502059937
76796,5.94261312485
76797,4.56352138519
76798,4.54455280304
76799,4.54594326019
76800,4.64301013947
76801,4.52432060242
76802,4.60811328888
76803,6.7530708313
76804,6.00386762619
76805,4.55070114136
76806,4.66034841537
76807,13.7341461182
76808,60.1140899658
76809,20.136592865
76810,21.4021606445
76811,24.3109207153
76812,4.6021938324
76813,4.80982971191
76814,4.57708597183
76815,8.29773426056
76816,4.54248809814
76817,4.56008529663
76818,11.0848484039
76819,16.4981002808
76820,8.26235961914
76821,6.25317955017
76822,4.60575151443
76823,4.57258319855
76824,87.8123779297
76825,5.12720346451
76826,16.4210395813
76827,4.56327009201
76828,158.3306427
76829,8.51438903809
76830,5.40421009064
76831,4.54948711395
76832,4.66224098206
76833,5.10092687607
76834,4.60025644302
76835,4.60795402527
76836,6.38872861862
76837,5.2438955307
76838,101.764251709
76839,4.54431867599
76840,4.62920188904
76841,199.443634033
76842,4.540122509
76843,4.72838258743
76844,4.55193710327
76845,4.5728187561
76846,4.55808639526
76847,4.56295394897
76848,4.81519889832
76849,5.00173282623
76850,4.70132493973
76851,4.79060411453
76852,6.85838508606
76853,4.59631824493
76854,5.00588321686
76855,4.63519525528
76856,4.54875183105
76857,6.88187503815
76858,11.812921524
76859,4.57458877563
76860,13.6401100159
76861,4.541431427
76862,4.71949100494
76863,4.75179815292
76864,4.63345813751
76865,21.6340942383
76866,4.5431394577
76867,4.55926036835
76868,4.63519048691
76869,4.53841733932
76870,5.20708417892
76871,4.61467075348
76872,5.05461788177
76873,138.945541382
76874,4.65170001984
76875,4.63103723526
76876,4.5159740448
76877,4.57395887375
76878,6.11618614197
76879,4.59842014313
76880,4.67160272598
76881,4.61153125763
76882,4.54839468002
76883,4.5078420639
76884,4.57879686356
76885,5.09320163727
76886,4.67719841003
76887,4.71756315231
76888,4.84719848633
76889,7.43499088287
76890,4.54097175598
76891,4.57833480835
76892,9.15778923035
76893,26.6075210571
76894,14.4080181122
76895,11.6053981781
76896,4.58958625793
76897,4.57523345947
76898,4.53392219543
76899,152.194229126
76900,6.02856731415
76901,5.91345405579
76902,4.50659608841
76903,4.55091190338
76904,4.65199947357
76905,4.77485847473
76906,109.427192688
76907,5.19084644318
76908,9.52234840393
76909,4.71137905121
76910,4.54449987411
76911,4.53754138947
76912,9.87902545929
76913,4.59759712219
76914,4.55365896225
76915,4.54234838486
76916,4.56603908539
76917,8.85141277313
76918,4.80784130096
76919,4.58111000061
76920,4.73780965805
76921,4.67853736877
76922,4.66291809082
76923,8.27870845795
76924,4.52699375153
76925,4.62533569336
76926,4.60009002686
76927,126.299102783
76928,4.93465900421
76929,4.52145290375
76930,4.63600349426
76931,4.58872795105
76932,125.797836304
76933,4.73371505737
76934,4.56518268585
76935,4.61434745789
76936,4.58917474747
76937,4.55107355118
76938,6.35972499847
76939,9.57508277893
76940,4.47445392609
76941,4.48849201202
76942,4.64539527893
76943,4.53403806686
76944,4.55710458755
76945,46.9185371399
76946,6.5005941391
76947,86.988494873
76948,9.1299571991
76949,4.56445550919
76950,16.3923721313
76951,4.69707012177
76952,5.37225627899
76953,7.43501329422
76954,4.56693840027
76955,6.82745838165
76956,4.55183553696
76957,4.5382771492
76958,4.53170156479
76959,4.69648361206
76960,16.8425331116
76961,4.52974510193
76962,4.55797147751
76963,4.6028842926
76964,4.53653669357
76965,4.59547948837
76966,17.9564571381
76967,270.333404541
76968,4.73500537872
76969,21.356338501
76970,4.62118911743
76971,4.57952642441
76972,4.6662478447
76973,8.70962715149
76974,4.6940870285
76975,4.50248861313
76976,4.94207811356
76977,9.97663211823
76978,4.87780332565
76979,4.67926597595
76980,22.4883956909
76981,4.52011203766
76982,4.52549552917
76983,4.72553062439
76984,4.61907291412
76985,4.48996067047
76986,4.53430843353
76987,4.61271190643
76988,4.59646606445
76989,4.56859350204
76990,8.87454319
76991,4.70314121246
76992,4.58716201782
76993,4.59183979034
76994,4.74501752853
76995,4.56343412399
76996,4.58074092865
76997,4.61761283875
76998,4.51634597778
76999,4.55555152893
77000,200.415008545
77001,4.62868022919
77002,4.95248508453
77003,6.24973201752
77004,4.82786607742
77005,5.06215572357
77006,37.0673789978
77007,4.4942817688
77008,4.95041322708
77009,4.93752002716
77010,4.51129674911
77011,4.5791554451
77012,4.61082363129
77013,4.56648921967
77014,4.88092565536
77015,4.54334354401
77016,4.60076713562
77017,54.7007751465
77018,4.57581520081
77019,19.8390979767
77020,4.5552687645
77021,4.87094640732
77022,5.30906581879
77023,4.58600902557
77024,19.5614261627
77025,4.51000785828
77026,4.75096940994
77027,34.9736862183
77028,4.6493434906
77029,4.65149974823
77030,4.59701013565
77031,24.4555072784
77032,4.5775642395
77033,4.62223243713
77034,22.8015022278
77035,7.9633641243
77036,4.62218570709
77037,4.60690259933
77038,13.8344373703
77039,201.054641724
77040,4.56800460815
77041,4.54067420959
77042,4.53778505325
77043,4.61352396011
77044,4.65804767609
77045,9.7546043396
77046,4.72669887543
77047,7.09474992752
77048,116.919708252
77049,9.77070522308
77050,4.59795045853
77051,4.56555223465
77052,4.5574131012
77053,4.56300163269
77054,6.71188783646
77055,4.53420305252
77056,4.7510061264
77057,4.76157236099
77058,5.96290206909
77059,4.69330215454
77060,4.60696125031
77061,4.69598388672
77062,4.62893676758
77063,4.56718921661
77064,4.56425857544
77065,4.54230833054
77066,109.149169922
77067,4.55808639526
77068,4.54166793823
77069,4.66934013367
77070,4.53988361359
77071,13.4119272232
77072,4.61601734161
77073,4.53853845596
77074,4.52612066269
77075,4.73768520355
77076,13.8692054749
77077,4.90281820297
77078,4.63483667374
77079,4.5940990448
77080,4.64713811874
77081,4.6065454483
77082,4.72614097595
77083,4.91809892654
77084,4.5336432457
77085,4.53125667572
77086,4.55757904053
77087,4.52094554901
77088,17.5511074066
77089,8.7685956955
77090,203.516357422
77091,4.580909729
77092,87.4775314331
77093,4.59422922134
77094,4.51377868652
77095,4.60759210587
77096,4.59726715088
77097,4.73459720612
77098,4.60430431366
77099,4.55217218399
77100,4.80736923218
77101,8.48809623718
77102,4.65149974823
77103,4.57719612122
77104,98.2343139648
77105,4.52417755127
77106,4.49607086182
77107,23.2756538391
77108,4.60726118088
77109,4.63090896606
77110,4.51687812805
77111,4.5768404007
77112,4.56183624268
77113,5.00879573822
77114,4.5538983345
77115,4.68304634094
77116,285.10736084
77117,4.72797584534
77118,4.63370037079
77119,92.9510116577
77120,4.53562784195
77121,10.061750412
77122,4.55829048157
77123,6.03443622589
77124,4.51990222931
77125,4.75562667847
77126,4.59428691864
77127,75.6501464844
77128,4.59286117554
77129,4.57000589371
77130,4.70985555649
77131,4.86232805252
77132,4.62056541443
77133,4.54579591751
77134,4.50440120697
77135,4.51988697052
77136,4.5890789032
77137,4.57419872284
77138,26.4430351257
77139,13.1915035248
77140,4.56324958801
77141,8.26383304596
77142,4.61246299744
77143,4.74083328247
77144,4.54915618896
77145,35.3851089478
77146,4.52178096771
77147,4.51486635208
77148,4.54313516617
77149,4.86506080627
77150,36.5659103394
77151,10.3584470749
77152,71.6202392578
77153,4.58298015594
77154,4.74090385437
77155,4.68936443329
77156,4.95243549347
77157,4.91652965546
77158,4.59740829468
77159,4.5629940033
77160,4.54384708405
77161,64.6117248535
77162,4.61404895782
77163,5.21703577042
77164,4.55926656723
77165,4.53965187073
77166,4.75665616989
77167,18.475030899
77168,4.75988578796
77169,4.80897808075
77170,4.49553775787
77171,4.55815076828
77172,4.61757278442
77173,4.73563098907
77174,4.56427383423
77175,6.10986375809
77176,4.9983959198
77177,4.5231552124
77178,4.57294511795
77179,32.0852012634
77180,4.61509895325
77181,4.5632686615
77182,4.66496896744
77183,4.53070354462
77184,4.54825592041
77185,4.88698291779
77186,4.68690681458
77187,4.55541944504
77188,4.58632898331
77189,13.6447935104
77190,8.41835594177
77191,4.49503660202
77192,4.50802373886
77193,4.82159328461
77194,4.53367137909
77195,6.15828704834
77196,5.99806690216
77197,4.53894376755
77198,6.5349111557
77199,6.42434215546
77200,4.55420589447
77201,4.50709342957
77202,4.56579875946
77203,4.61797428131
77204,5.66140508652
77205,4.53837394714
77206,4.5985121727
77207,4.71284389496
77208,4.67481803894
77209,4.48145675659
77210,31.5653953552
77211,4.55377674103
77212,4.6699924469
77213,98.9301223755
77214,128.868103027
77215,74.7952575684
77216,4.5841126442
77217,136.463577271
77218,4.507396698
77219,4.93014717102
77220,4.57608985901
77221,4.55403232574
77222,4.58552694321
77223,4.55157327652
77224,107.523124695
77225,4.57100820541
77226,4.58682584763
77227,4.6273188591
77228,4.6028008461
77229,5.19461297989
77230,38.7624511719
77231,4.50140953064
77232,6.08448171616
77233,13.0088539124
77234,4.5079460144
77235,4.57402038574
77236,4.57409000397
77237,10.7648391724
77238,4.58505630493
77239,4.58803462982
77240,5.71569824219
77241,4.54792022705
77242,4.58052635193
77243,4.58098506927
77244,4.56782865524
77245,4.60130405426
77246,9.33733081818
77247,4.55187606812
77248,4.48703384399
77249,4.62961244583
77250,25.3582458496
77251,5.9523358345
77252,4.55240678787
77253,4.72298431396
77254,4.91396617889
77255,5.93029975891
77256,4.58311510086
77257,4.57063770294
77258,4.62604236603
77259,74.2570495605
77260,4.64592981339
77261,4.54417037964
77262,5.01106643677
77263,4.91401481628
77264,4.52882766724
77265,4.59883785248
77266,4.58068180084
77267,4.5400891304
77268,5.26945829391
77269,130.602828979
77270,4.58053302765
77271,4.56324100494
77272,4.89420890808
77273,4.93419218063
77274,4.53793811798
77275,4.88488912582
77276,4.59716320038
77277,4.54634284973
77278,4.63224983215
77279,4.49602222443
77280,4.61065101624
77281,4.88198661804
77282,4.51373004913
77283,4.56850719452
77284,4.59667348862
77285,4.52708911896
77286,4.53863048553
77287,9.24262619019
77288,4.6530456543
77289,4.55862140656
77290,11.5130090714
77291,4.67753314972
77292,4.5559387207
77293,89.8436508179
77294,4.58697462082
77295,28.1808052063
77296,4.65132522583
77297,4.63588523865
77298,4.87622451782
77299,4.50227737427
77300,4.85259246826
77301,14.7627067566
77302,4.8041176796
77303,4.56980371475
77304,4.53355789185
77305,4.61720085144
77306,7.41072702408
77307,28.127986908
77308,4.5819683075
77309,8.42931747437
77310,4.58304595947
77311,4.51809406281
77312,5.59355163574
77313,4.51443958282
77314,5.27278804779
77315,4.56352233887
77316,4.57880496979
77317,24.3409156799
77318,4.53350496292
77319,4.56755685806
77320,4.54848480225
77321,6.47319221497
77322,21.7406082153
77323,4.64046430588
77324,4.57245540619
77325,4.55686378479
77326,4.55672502518
77327,64.9287567139
77328,4.55051231384
77329,4.495844841
77330,4.87641572952
77331,4.56840801239
77332,4.54496002197
77333,19.7224197388
77334,4.57604789734
77335,4.56269931793
77336,23.8762435913
77337,8.9504070282
77338,4.53959083557
77339,6.76535511017
77340,4.59495639801
77341,33.4167518616
77342,5.13864946365
77343,4.83779811859
77344,4.57897949219
77345,4.59076499939
77346,8.39306545258
77347,4.67043495178
77348,4.57022571564
77349,4.54144287109
77350,7.13839149475
77351,4.56490421295
77352,5.46329593658
77353,5.14137792587
77354,4.66653013229
77355,4.64999103546
77356,4.71510410309
77357,6.15260887146
77358,4.65042686462
77359,4.58119821548
77360,5.20374393463
77361,81.945274353
77362,8.25058555603
77363,4.50975704193
77364,4.56675386429
77365,29.9626216888
77366,4.63495159149
77367,4.74112987518
77368,4.75429201126
77369,4.61447000504
77370,4.64236307144
77371,5.91826295853
77372,4.65724849701
77373,109.804122925
77374,5.55751514435
77375,230.485946655
77376,26.3110904694
77377,4.58660364151
77378,93.3806838989
77379,4.44835090637
77380,4.60623550415
77381,20.7694740295
77382,6.33475399017
77383,4.58968114853
77384,6.51544284821
77385,4.49850702286
77386,4.56313514709
77387,34.2711868286
77388,4.56387710571
77389,4.55826187134
77390,4.52298355103
77391,4.54501724243
77392,4.70531702042
77393,4.56170797348
77394,12.4784507751
77395,4.87902879715
77396,44.3128509521
77397,6.20578575134
77398,4.50903892517
77399,5.14211368561
77400,24.9350147247
77401,4.58173894882
77402,13.0656890869
77403,4.57238721848
77404,4.82380485535
77405,4.50710773468
77406,4.57647275925
77407,4.62315368652
77408,4.5632610321
77409,4.52535152435
77410,4.52803373337
77411,4.54949092865
77412,4.57626962662
77413,5.748295784
77414,4.56026983261
77415,5.01017475128
77416,5.07751607895
77417,5.12428474426
77418,44.2842903137
77419,4.5280752182
77420,4.73399066925
77422,4.53677988052
77423,5.37554264069
77424,4.59679698944
77425,5.47659826279
77426,21.7783279419
77427,4.54712915421
77428,4.69569349289
77429,4.5528678894
77430,4.90174198151
77431,4.56557846069
77432,4.54003000259
77433,4.54225349426
77434,4.52471256256
77435,9.04905319214
77436,4.53410005569
77437,4.67881774902
77438,4.81548452377
77439,4.55756664276
77440,4.51212215424
77441,98.2825012207
77442,28.1902637482
77443,4.67081260681
77444,4.4920873642
77445,4.55851507187
77446,4.57897377014
77447,4.63063621521
77448,4.51271820068
77449,4.59144830704
77450,4.55681037903
77451,147.398956299
77452,5.43998527527
77453,19.9322509766
77454,7.57491540909
77455,4.56404924393
77456,4.69416713715
77457,4.79342126846
77458,110.486488342
77459,4.56287717819
77460,5.13330125809
77461,4.51281738281
77462,5.83162021637
77463,4.5808634758
77464,16.6596946716
77465,4.96972751617
77466,4.56723594666
77467,4.55744743347
77468,29.4314880371
77469,9.77606773376
77470,4.58817577362
77471,23.4182872772
77472,5.56479454041
77473,4.5382270813
77474,4.56536245346
77475,5.36162519455
77476,4.52203464508
77477,4.53595161438
77478,4.5469121933
77479,4.69938087463
77480,4.52272367477
77481,4.72857570648
77482,43.3584480286
77483,4.70751953125
77484,4.80916690826
77485,47.7764320374
77486,4.56512069702
77487,16.5441761017
77488,14.8909349442
77489,4.51602077484
77490,4.56216907501
77491,4.69029426575
77492,4.58841133118
77493,4.6051492691
77494,183.190612793
77495,4.60096120834
77496,105.642547607
77497,5.08856010437
77498,8.1207408905
77499,4.6015458107
77500,4.82903194427
77501,4.6714220047
77502,12.4720020294
77503,5.74900388718
77504,4.56460189819
77505,4.64432096481
77506,4.53740787506
77507,5.09479999542
77508,193.959472656
77509,287.688568115
77510,88.6095428467
77511,4.53168296814
77512,4.59855461121
77513,6.46125030518
77514,4.5736656189
77515,23.9760818481
77516,4.92035007477
77517,4.97124385834
77518,4.64657831192
77519,4.53062391281
77520,45.536655426
77521,17.6083679199
77522,35.8142929077
77523,4.63532066345
77524,5.08244895935
77525,4.58690166473
77526,4.64126491547
77527,4.60286664963
77528,222.080932617
77529,4.53834295273
77530,4.61250734329
77531,4.56179475784
77532,4.57740116119
77533,24.3631629944
77534,4.85814857483
77535,5.4515838623
77536,4.53440761566
77537,4.53124856949
77538,5.87222194672
77539,4.52261352539
77540,5.61888504028
77541,4.58890914917
77542,4.57274436951
77543,4.56788158417
77544,4.92121982574
77545,4.5696349144
77546,27.1755523682
77547,4.5659122467
77548,98.7307891846
77549,4.52796697617
77550,4.560297966
77551,4.54452991486
77552,4.47450256348
77553,5.35274124146
77554,4.50511884689
77555,4.57475852966
77556,4.62429380417
77557,4.55349779129
77558,4.6472902298
77559,4.55897045135
77560,4.9838104248
77561,4.83847570419
77562,5.00260782242
77563,4.89237928391
77564,4.75724315643
77565,4.48651790619
77566,35.815990448
77567,13.0830230713
77568,4.53063297272
77569,4.67976474762
77570,5.08338928223
77571,4.8224439621
77572,8.18592166901
77573,4.56507062912
77574,4.67811727524
77575,114.430969238
77576,4.94256591797
77577,4.57519483566
77578,4.69353151321
77579,4.64131498337
77580,4.67877864838
77581,5.17720031738
77582,4.56801509857
77583,34.5714569092
77584,5.98292541504
77585,8.95710945129
77586,4.57070541382
77587,12.4507398605
77588,4.56460762024
77589,4.54239320755
77590,4.85157728195
77591,4.53783988953
77592,43.694229126
77593,4.47748851776
77594,21.0065784454
77595,4.50579977036
77596,4.98325204849
77597,4.90010643005
77598,4.68276691437
77599,4.70316696167
77600,4.60520935059
77601,4.56574106216
77602,4.60566425323
77603,18.0593795776
77604,29.2376861572
77605,62.1261978149
77606,4.67070579529
77607,4.57608985901
77608,4.53357934952
77609,4.72078037262
77610,7.10815238953
77611,4.6332950592
77612,9.6480846405
77613,4.65970087051
77614,145.500946045
77615,4.59481525421
77616,65.2182922363
77617,4.63622617722
77618,4.57633161545
77619,6.02525997162
77620,4.62300920486
77621,4.55458498001
77622,4.5822558403
77623,4.73869895935
77624,4.57078170776
77625,4.54929113388
77626,4.69350242615
77627,6.29253864288
77628,4.53136825562
77629,4.62974834442
77630,4.55003118515
77631,21.0804138184
77632,4.64183616638
77633,4.74432373047
77634,4.5806145668
77635,4.69380378723
77636,5.06351327896
77637,17.5198078156
77638,78.4124450684
77639,4.59191513062
77640,4.50833749771
77641,4.54333686829
77642,8.30959320068
77643,4.74278926849
77644,23.3593425751
77645,4.62420558929
77646,4.5346198082
77647,4.7423324585
77648,4.55444431305
77649,4.50766134262
77650,4.55415916443
77651,8.07911777496
77652,4.57515525818
77653,55.1105918884
77654,4.51975440979
77655,4.58465099335
77656,4.57687282562
77657,4.55369472504
77658,4.53851938248
77659,4.53217315674
77660,9.13836669922
77661,4.59034156799
77662,4.5973110199
77663,4.55495262146
77664,4.5598282814
77665,4.58418369293
77666,4.64562129974
77667,4.65637683868
77668,4.58402585983
77669,33.6536064148
77670,6.80112934113
77671,4.56655883789
77672,4.69191455841
77673,4.49249839783
77674,4.55244350433
77675,4.68817090988
77676,4.61821079254
77677,4.66712665558
77678,4.56260919571
77679,22.9278831482
77680,4.56269931793
77681,4.72739219666
77682,4.63763904572
77683,4.64679336548
77684,7.93211126328
77685,5.32810211182
77686,5.33059024811
77687,4.57580661774
77688,4.56338691711
77689,4.75492477417
77690,6.66136980057
77691,4.6198720932
77692,6.51856851578
77693,4.61263275146
77694,4.54022884369
77695,19.8540744781
77696,4.57818078995
77697,4.54392623901
77698,4.5447807312
77699,4.5404882431
77700,114.447502136
77701,4.52822065353
77702,4.481549263
77703,4.5173740387
77704,6.38881540298
77705,4.90765666962
77706,10.3064632416
77707,4.55374574661
77708,4.5618519783
77709,4.64666175842
77710,4.58481121063
77711,4.53461647034
77712,4.66614580154
77713,4.64895105362
77714,8.13437652588
77715,4.58914661407
77716,175.030029297
77717,4.5642490387
77718,5.0379357338
77719,4.6236872673
77720,4.61656570435
77721,4.53529071808
77722,4.55202102661
77723,4.7335691452
77724,4.77476787567
77725,41.6170578003
77726,4.69607686996
77727,4.5691857338
77728,4.69860124588
77729,4.53234863281
77730,4.51279067993
77731,4.54271602631
77732,4.72180461884
77733,4.5382642746
77734,4.57230424881
77735,29.6249065399
77736,4.51883888245
77737,4.52508974075
77738,4.52901220322
77739,4.54553222656
77740,4.7052192688
77741,6.42679548264
77742,4.54220962524
77743,20.145368576
77744,4.6101641655
77745,22.8736228943
77746,4.51342964172
77747,4.50779914856
77748,4.54805469513
77749,5.19516086578
77750,4.84710597992
77751,4.51916408539
77752,8.10942459106
77753,22.2810707092
77754,4.63152551651
77755,4.51291418076
77756,4.82449436188
77757,4.559217453
77758,7.4590921402
77759,4.55268716812
77760,4.56144332886
77761,13.2289896011
77762,4.57214641571
77763,4.58961391449
77764,4.54797458649
77765,32.4652099609
77766,4.5533118248
77767,4.60526943207
77768,4.53037023544
77769,4.75169849396
77770,4.53582763672
77771,7.09732627869
77772,4.51012611389
77773,4.55733203888
77774,6.00243663788
77775,4.5612616539
77776,4.52985572815
77777,4.79588508606
77778,4.61704015732
77779,4.59665393829
77780,4.59476232529
77781,4.44074440002
77782,4.50911331177
77783,4.65152835846
77784,36.3222389221
77785,63.7731323242
77786,4.57026672363
77787,4.71623802185
77788,4.53542661667
77789,4.89125919342
77790,4.56939506531
77791,4.62279510498
77792,8.99013328552
77793,4.55554580688
77794,4.51363182068
77795,4.53848075867
77796,4.97422647476
77797,19.7578372955
77798,4.55811882019
77799,4.66361427307
77800,4.56619596481
77801,4.55016803741
77802,4.59417533875
77803,4.59804344177
77804,6.68349885941
77805,32.3161201477
77806,4.58981990814
77807,4.61754179001
77808,5.28358030319
77809,4.51508808136
77810,4.54548835754
77811,4.50571203232
77812,44.6147117615
77813,4.5365524292
77814,8.70843791962
77815,4.61019992828
77816,23.931306839
77817,4.69551038742
77818,4.5208568573
77819,4.54314661026
77820,4.57534790039
77821,4.46505594254
77822,29.88829422
77823,5.93828392029
77824,6.94271707535
77825,4.66493415833
77826,4.56498432159
77827,5.56169033051
77828,4.84156322479
77829,5.18528318405
77830,9.82516098022
77831,4.97746372223
77832,4.6669383049
77833,4.66501712799
77834,4.73225021362
77835,4.56470584869
77836,4.54597091675
77837,23.535369873
77838,4.57227325439
77839,9.57476425171
77840,6.94201850891
77841,4.54729366302
77842,4.75987768173
77843,13.4846916199
77844,12.827665329
77845,9.344871521
77846,4.62061500549
77847,4.65195465088
77848,4.72420215607
77849,4.62071609497
77850,17.900226593
77851,24.8534526825
77852,4.55833625793
77853,4.53109645844
77854,4.63597106934
77855,4.49996852875
77856,11.4962587357
77857,5.35100269318
77858,4.5909538269
77859,125.520942688
77860,5.01916790009
77861,4.50398254395
77862,4.73295783997
77863,4.71113157272
77864,4.55783653259
77865,4.78048324585
77866,80.1024093628
77867,4.50581550598
77868,4.55490493774
77869,4.92028856277
77870,16.4095344543
77871,6.32323932648
77872,31.9899291992
77873,4.54853916168
77874,6.58215618134
77875,5.09150218964
77876,4.69692420959
77877,4.54463100433
77878,4.86195755005
77879,4.63261556625
77880,4.70835876465
77881,5.2156829834
77882,28.3975048065
77883,4.94525527954
77884,4.52172088623
77885,4.56962871552
77886,4.6242518425
77887,4.56261348724
77888,4.56425666809
77889,4.77024364471
77890,4.48618507385
77891,4.70945644379
77892,5.72364330292
77893,4.77081871033
77894,4.85549592972
77895,18.7401828766
77896,4.77353096008
77897,8.97467803955
77898,4.761967659
77899,4.70181560516
77900,4.57852602005
77901,4.53211975098
77902,49.0741500854
77903,4.76522254944
77904,4.77460861206
77905,4.62905502319
77906,4.64255619049
77907,4.60333681107
77908,7.35781955719
77909,29.384967804
77910,4.61049842834
77911,4.57876825333
77912,4.55403804779
77913,4.66456413269
77914,15.2063751221
77915,4.59936714172
77916,44.3070068359
77917,4.79692268372
77918,4.66838026047
77919,65.9629592896
77920,4.48841285706
77921,4.55861759186
77922,4.75469923019
77923,20.2875862122
77924,20.6235084534
77925,4.55859947205
77926,4.55812835693
77927,8.73350429535
77928,4.59639453888
77929,42.8233451843
77930,117.894439697
77931,6.71458625793
77932,4.63174057007
77933,4.58031368256
77934,4.60340690613
77935,4.59765005112
77936,6.19879055023
77937,4.54337215424
77938,4.55283403397
77939,40.118560791
77940,12.3249330521
77941,4.541223526
77942,4.53885555267
77943,4.59212017059
77944,4.54322624207
77945,33.5365447998
77946,4.63039016724
77947,104.283935547
77948,4.6463508606
77949,11.8307952881
77950,156.647628784
77951,5.02826786041
77952,4.66255187988
77953,4.55297327042
77954,10.8250980377
77955,21.0704460144
77956,85.9941864014
77957,4.63919734955
77958,4.70368671417
77959,4.58512496948
77960,4.55481052399
77961,4.88308429718
77962,4.55419111252
77963,4.84608268738
77964,4.55565071106
77965,4.55666255951
77966,28.412519455
77967,6.09090089798
77968,4.72976064682
77969,4.52614593506
77970,4.57059764862
77971,4.77531337738
77972,4.59540653229
77973,52.433380127
77974,5.13900279999
77975,4.55111408234
77976,5.921251297
77977,7.85361146927
77978,4.54817914963
77979,4.76665878296
77980,6.68308734894
77981,4.9135055542
77982,4.55515098572
77983,4.54011249542
77984,5.33799886703
77985,4.55922698975
77986,4.58174419403
77987,5.3338804245
77988,4.50579309464
77989,4.61898899078
77990,4.55876636505
77991,4.82468795776
77992,4.54152679443
77993,4.53461170197
77994,4.77947235107
77995,4.54137182236
77996,4.56600618362
77997,10.2186336517
77998,10.0310764313
77999,9.24754810333
78000,4.58861446381
78001,4.77712965012
78002,4.56309986115
78003,4.75862026215
78004,4.56257343292
78005,33.484336853
78006,9.11965370178
78007,20.293636322
78008,4.53122472763
78009,5.10135650635
78010,4.82830905914
78011,4.66303730011
78012,4.87526321411
78013,4.7373752594
78014,4.55195617676
78015,4.67993307114
78016,4.62401485443
78017,11.8041009903
78018,39.8642463684
78019,4.67939758301
78020,5.31068992615
78021,4.57634544373
78022,4.57316064835
78023,6.85617923737
78024,4.94197702408
78025,4.65556716919
78026,4.79970836639
78027,4.53475522995
78028,4.56052112579
78029,4.5558795929
78030,284.740631104
78031,9.77817153931
78032,6.24281549454
78033,4.55595207214
78034,9.32291126251
78035,24.288444519
78036,23.4034194946
78037,4.60370159149
78038,4.59311199188
78039,4.5116519928
78040,79.7478790283
78041,4.5094127655
78042,4.67633771896
78043,4.56408500671
78044,4.6179060936
78045,4.51097249985
78046,4.5963807106
78047,14.3060855865
78048,4.55649185181
78049,4.57508850098
78050,4.57951974869
78051,5.69080352783
78052,4.67134571075
78053,5.58552837372
78054,8.8431596756
78055,6.70355224609
78056,4.61850547791
78057,4.60571908951
78058,4.55563545227
78059,4.5593624115
78060,230.016372681
78061,121.599884033
78062,76.1349182129
78063,4.54913473129
78064,4.53458690643
78065,106.312316895
78066,5.34428405762
78067,4.52396202087
78068,9.10613250732
78069,20.095785141
78070,5.67165374756
78071,7.56373262405
78072,4.85531234741
78073,4.59727096558
78074,4.5729341507
78075,4.55887842178
78076,4.80111694336
78077,4.56941604614
78078,136.427902222
78079,4.55827188492
78080,4.51475429535
78081,4.53023815155
78082,4.54900836945
78083,4.63023281097
78084,4.57156181335
78085,60.7844238281
78086,17.2040119171
78087,4.59849214554
78088,4.65484428406
78089,7.3720331192
78090,9.3498840332
78091,4.64394283295
78092,4.70546674728
78093,4.58768796921
78094,24.1412734985
78095,4.65999650955
78096,11.3024368286
78097,4.48316287994
78098,4.57750940323
78099,4.51352024078
78100,14.9981355667
78101,112.078186035
78102,4.49688434601
78103,4.59048938751
78104,5.06066656113
78105,4.94293355942
78106,4.60197734833
78107,4.74234962463
78108,4.54953098297
78109,4.83025169373
78110,156.440811157
78111,4.56017971039
78112,4.57362127304
78113,4.56449794769
78114,4.7466506958
78115,12.2775640488
78116,4.54625892639
78117,4.56145238876
78118,19.4769706726
78119,4.60976982117
78120,18.64112854
78121,4.92139625549
78122,5.49095964432
78123,4.52717256546
78124,4.65077829361
78125,33.4524917603
78126,4.57840967178
78127,4.89052009583
78128,4.56054067612
78129,4.5514831543
78130,5.76328325272
78131,9.36420345306
78132,4.53302001953
78133,4.5598359108
78134,4.62916707993
78135,5.13644361496
78136,9.11753749847
78137,4.61796712875
78138,4.57208347321
78139,6.11486148834
78140,4.7263879776
78141,4.55145168304
78142,6.54937171936
78143,4.5193567276
78144,20.3656959534
78145,4.58661794662
78146,58.1199913025
78147,6.30432271957
78148,4.71098041534
78149,4.58710575104
78150,4.54508066177
78151,4.60840654373
78152,4.70304584503
78153,4.54788398743
78154,4.53279018402
78155,16.9246501923
78156,4.52275466919
78157,4.5077829361
78158,5.08312892914
78159,4.96555233002
78160,4.58330631256
78161,4.86501550674
78162,4.56670331955
78163,4.53314208984
78164,4.58051776886
78165,4.55275821686
78166,97.3369216919
78167,4.54405641556
78168,4.87106609344
78169,4.75232124329
78170,4.82531929016
78171,4.54785680771
78172,4.57685565948
78173,12.4101142883
78174,4.73678636551
78175,4.76328086853
78176,11.3749246597
78177,5.26262378693
78178,19.8755111694
78179,4.68391227722
78180,4.63086032867
78181,11.9623184204
78182,4.78270816803
78183,4.62253665924
78184,4.67465543747
78185,10.3411407471
78186,4.59821605682
78187,13.0492019653
78188,4.61447525024
78189,4.64585351944
78190,15.1885375977
78191,4.71916437149
78192,4.61052846909
78193,4.56488800049
78194,91.9176940918
78195,43.6246833801
78196,4.69472837448
78197,4.78836250305
78198,4.69455051422
78199,4.50223636627
78200,4.91022777557
78201,5.00539588928
78202,7.56380367279
