4,0.0
5,0.0
6,0.0
7,0.0
8,0.0
9,0.0
10,0.0
11,0.0
12,0.0
13,0.0
14,0.0
15,0.0
16,0.0
17,0.0
18,0.0
19,0.0
20,0.0
21,0.0
22,0.0
23,0.0
24,0.0
25,0.0
26,0.0
27,0.0
28,0.0
29,0.0
30,0.0
31,0.0
32,0.0
33,0.0
34,0.0
35,0.0
36,0.0
37,0.0
38,0.0
39,0.0
40,0.0
41,0.0
42,0.0
43,0.0
44,0.0
45,0.0
46,0.0
47,0.0
48,0.0
49,0.0
50,0.0
51,0.0
52,0.0
53,0.0
54,0.0
55,0.0
56,0.0
57,0.0
58,0.0
59,0.0
60,0.0
61,0.0
62,0.0
63,0.0
64,0.0
65,0.0
66,0.0
67,0.0
68,0.0109710693359
69,0.0199890136719
70,0.0323181152344
71,0.0427856445312
72,0.054931640625
73,0.0621337890625
74,0.0676879882812
75,0.073974609375
76,0.0759887695312
77,0.07958984375
78,0.0787353515625
79,0.0799560546875
80,0.08203125
81,0.0806884765625
82,0.0838012695312
83,0.084228515625
84,0.0833740234375
85,0.0838623046875
86,0.08544921875
87,0.08349609375
88,0.086181640625
89,0.0833740234375
90,0.0805053710938
91,0.0816650390625
92,0.0823364257812
93,0.0812377929688
94,0.0819091796875
95,0.0811767578125
96,0.0836791992188
97,0.0845947265625
98,0.0845947265625
99,0.0848388671875
100,0.084228515625
101,0.0835571289062
102,0.0833740234375
103,0.0831298828125
104,0.0843505859375
105,0.0820922851562
106,0.0823364257812
107,0.0830688476562
108,0.0816040039062
109,0.0845947265625
110,0.0825805664062
111,0.0819702148438
112,0.0794067382812
113,0.0816650390625
114,0.0795288085938
115,0.0823364257812
116,0.08251953125
117,0.0839233398438
118,0.082763671875
119,0.0859375
120,0.0834350585938
121,0.0807495117188
122,0.083984375
123,0.080078125
124,0.0820922851562
125,0.0838012695312
126,0.0850219726562
127,0.0826416015625
128,0.0883178710938
129,0.0906372070312
130,0.092529296875
131,0.0
132,0.022216796875
133,0.0376281738281
134,0.0509338378906
135,0.0609741210938
136,0.066162109375
137,0.0750732421875
138,0.0808715820312
139,0.0855712890625
140,0.0861206054688
141,0.0841674804688
142,0.0792846679688
143,0.0808715820312
144,0.0806884765625
145,0.0836181640625
146,0.0819702148438
147,0.0856323242188
148,0.0839233398438
149,0.0826416015625
150,0.0872192382812
151,0.0874633789062
152,0.08984375
153,0.0930786132812
154,0.0885009765625
155,0.0984497070312
156,0.0934448242188
157,0.0989379882812
158,0.101135253906
159,0.102966308594
160,0.0950317382812
161,0.0902099609375
162,0.0825805664062
163,0.095947265625
164,0.0949096679688
165,0.102722167969
166,0.0906982421875
167,0.0855712890625
168,0.0775756835938
169,0.0811767578125
170,0.0789184570312
171,0.0829467773438
172,0.0820922851562
173,0.0745849609375
174,0.0814208984375
175,0.0777587890625
176,0.0821533203125
177,0.0796508789062
178,0.0827026367188
179,0.0838012695312
180,0.0872192382812
181,0.0838623046875
182,0.0870971679688
183,0.0853271484375
184,0.0906982421875
185,0.093994140625
186,0.0910034179688
187,0.0858764648438
188,0.0858154296875
189,0.0836181640625
190,0.0855712890625
191,0.084716796875
192,0.083984375
193,0.08154296875
194,0.0863037109375
195,0.0
196,0.0207672119141
197,0.029052734375
198,0.044189453125
199,0.04931640625
200,0.0612182617188
201,0.0702514648438
202,0.0707397460938
203,0.072509765625
204,0.0782470703125
205,0.0769653320312
206,0.0791015625
207,0.0812377929688
208,0.0827026367188
209,0.0783081054688
210,0.0803833007812
211,0.0838012695312
212,0.0835571289062
213,0.0848388671875
214,0.0835571289062
215,0.0856323242188
216,0.0863037109375
217,0.087158203125
218,0.0819091796875
219,0.0866088867188
220,0.0885009765625
221,0.0842895507812
222,0.0858764648438
223,0.085205078125
224,0.0820922851562
225,0.0839233398438
226,0.0802612304688
227,0.0825805664062
228,0.0809326171875
229,0.0826416015625
230,0.0794677734375
231,0.0819091796875
232,0.0795288085938
233,0.0791625976562
234,0.0785522460938
235,0.0787963867188
236,0.0844116210938
237,0.0840454101562
238,0.0845947265625
239,0.0817260742188
240,0.0809936523438
241,0.0833740234375
242,0.0799560546875
243,0.0811767578125
244,0.084228515625
245,0.0875244140625
246,0.08935546875
247,0.0912475585938
248,0.0900268554688
249,0.0916748046875
250,0.0863037109375
251,0.0917358398438
252,0.0875244140625
253,0.0856323242188
254,0.0850219726562
255,0.08544921875
256,0.081298828125
257,0.0801391601562
258,0.0789794921875
259,0.0
260,0.0191497802734
261,0.0268096923828
262,0.0457458496094
263,0.0540161132812
264,0.0551147460938
265,0.0617980957031
266,0.0684814453125
267,0.0723876953125
268,0.0761108398438
269,0.0769653320312
270,0.0775146484375
271,0.081787109375
272,0.0859375
273,0.0773315429688
274,0.0792846679688
275,0.0822143554688
276,0.0838623046875
277,0.0797729492188
278,0.0812377929688
279,0.0848999023438
280,0.086181640625
281,0.0831298828125
282,0.0905151367188
283,0.0869750976562
284,0.0899658203125
285,0.0831298828125
286,0.0825805664062
287,0.0802001953125
288,0.0827026367188
289,0.083740234375
290,0.0821533203125
291,0.0786743164062
292,0.0761108398438
293,0.0767211914062
294,0.0779418945312
295,0.0795288085938
296,0.0838012695312
297,0.083984375
298,0.084228515625
299,0.0819091796875
300,0.0860595703125
301,0.0848388671875
302,0.0905151367188
303,0.0919189453125
304,0.0838012695312
305,0.0859375
306,0.085205078125
307,0.0859985351562
308,0.0835571289062
309,0.083984375
310,0.0841064453125
311,0.0794677734375
312,0.0802612304688
313,0.0858764648438
314,0.0894775390625
315,0.0870971679688
316,0.0764770507812
317,0.075439453125
318,0.0779418945312
319,0.0852661132812
320,0.08642578125
321,0.0914916992188
322,0.0863647460938
323,0.0
324,0.0168609619141
325,0.0254364013672
326,0.0324401855469
327,0.0459594726562
328,0.0564270019531
329,0.0609130859375
330,0.0704345703125
331,0.07373046875
332,0.0852661132812
333,0.0752563476562
334,0.0836181640625
335,0.0827026367188
336,0.0719604492188
337,0.077392578125
338,0.0796508789062
339,0.0860595703125
340,0.078125
341,0.0814208984375
342,0.0877685546875
343,0.0891723632812
344,0.0827026367188
345,0.0908813476562
346,0.0869750976562
347,0.0895385742188
348,0.0911865234375
349,0.088134765625
350,0.0887451171875
351,0.088623046875
352,0.0873413085938
353,0.078857421875
354,0.0861206054688
355,0.0817260742188
356,0.0884399414062
357,0.0941772460938
358,0.0896606445312
359,0.0814819335938
360,0.087158203125
361,0.0863037109375
362,0.0833740234375
363,0.08349609375
364,0.082763671875
365,0.0833740234375
366,0.0858154296875
367,0.0861206054688
368,0.0831298828125
369,0.0826416015625
370,0.082275390625
371,0.0838012695312
372,0.0783081054688
373,0.0833740234375
374,0.0802612304688
375,0.0845947265625
376,0.0841674804688
377,0.080810546875
378,0.0724487304688
379,0.0848388671875
380,0.0842895507812
381,0.087646484375
382,0.0846557617188
383,0.0875854492188
384,0.0877685546875
385,0.0874633789062
386,0.0859375
387,0.0
388,0.0206298828125
389,0.0342102050781
390,0.0497436523438
391,0.0588073730469
392,0.0571594238281
393,0.0633544921875
394,0.0650024414062
395,0.073486328125
396,0.0699462890625
397,0.0782470703125
398,0.0814819335938
399,0.078369140625
400,0.0726928710938
401,0.0742797851562
402,0.072265625
403,0.0768432617188
404,0.0729370117188
405,0.0762329101562
406,0.0763549804688
407,0.0797729492188
408,0.0813598632812
409,0.0881958007812
410,0.08349609375
411,0.0838012695312
412,0.0818481445312
413,0.0852661132812
414,0.090087890625
415,0.0814819335938
416,0.0864868164062
417,0.0934448242188
418,0.0869750976562
419,0.0943603515625
420,0.0948486328125
421,0.100402832031
422,0.104797363281
423,0.0923461914062
424,0.0960693359375
425,0.102722167969
426,0.0926513671875
427,0.0927734375
428,0.0924072265625
429,0.0938110351562
430,0.0897827148438
431,0.0892944335938
432,0.0925903320312
433,0.0840454101562
434,0.0882568359375
435,0.0806884765625
436,0.0842895507812
437,0.078125
438,0.0767822265625
439,0.0804443359375
440,0.076904296875
441,0.0798950195312
442,0.0802001953125
443,0.0803833007812
444,0.0882568359375
445,0.081298828125
446,0.0844116210938
447,0.08642578125
448,0.09033203125
449,0.0870971679688
450,0.094970703125
451,0.0
452,0.0185089111328
453,0.0315856933594
454,0.0408325195312
455,0.0473327636719
456,0.0494995117188
457,0.0575866699219
458,0.0651245117188
459,0.0671997070312
460,0.0712890625
461,0.0775146484375
462,0.0844116210938
463,0.0777587890625
464,0.084716796875
465,0.0872802734375
466,0.0864868164062
467,0.0792846679688
468,0.079345703125
469,0.083984375
470,0.0808715820312
471,0.0842895507812
472,0.08056640625
473,0.0835571289062
474,0.078125
475,0.0819091796875
476,0.078857421875
477,0.078857421875
478,0.0829467773438
479,0.0846557617188
480,0.0891723632812
481,0.0800170898438
482,0.08984375
483,0.09033203125
484,0.0797119140625
485,0.0848999023438
486,0.0835571289062
487,0.0841674804688
488,0.0845947265625
489,0.0833129882812
490,0.0816650390625
491,0.0798950195312
492,0.0830688476562
493,0.086669921875
494,0.0867919921875
495,0.0947265625
496,0.0968017578125
497,0.0974731445312
498,0.0953979492188
499,0.0928344726562
500,0.08251953125
501,0.0831298828125
502,0.0794677734375
503,0.0770874023438
504,0.076171875
505,0.0792846679688
506,0.0772705078125
507,0.0820922851562
508,0.0833740234375
509,0.0889892578125
510,0.0795288085938
511,0.0874633789062
512,0.0830688476562
513,0.0801391601562
514,0.0853881835938
515,0.0
516,0.0205688476562
517,0.0316162109375
518,0.0456237792969
519,0.05712890625
520,0.0669555664062
521,0.0572814941406
522,0.0712280273438
523,0.0724487304688
524,0.0684204101562
525,0.0716552734375
526,0.0767211914062
527,0.0791625976562
528,0.0765991210938
529,0.0845336914062
530,0.07763671875
531,0.0773315429688
532,0.0785522460938
533,0.0874633789062
534,0.0906982421875
535,0.0943603515625
536,0.0962524414062
537,0.105285644531
538,0.095947265625
539,0.0992431640625
540,0.100830078125
541,0.10595703125
542,0.095458984375
543,0.0927124023438
544,0.0890502929688
545,0.0833129882812
546,0.084228515625
547,0.0875854492188
548,0.078125
549,0.0904541015625
550,0.0859985351562
551,0.0892333984375
552,0.088134765625
553,0.0924072265625
554,0.0911254882812
555,0.0873413085938
556,0.0960083007812
557,0.102111816406
558,0.0922241210938
559,0.100952148438
560,0.0975952148438
561,0.1025390625
562,0.0895385742188
563,0.0986328125
564,0.0972900390625
565,0.0927734375
566,0.081298828125
567,0.0933227539062
568,0.0980834960938
569,0.09423828125
570,0.0936889648438
571,0.0802001953125
572,0.0908203125
573,0.0899658203125
574,0.090087890625
575,0.102905273438
576,0.0936889648438
577,0.0880737304688
578,0.089599609375
579,0.0
580,0.0211029052734
581,0.0399780273438
582,0.0561828613281
583,0.0532531738281
584,0.0656127929688
585,0.0679321289062
586,0.0748291015625
587,0.0734252929688
588,0.0755004882812
589,0.0716552734375
590,0.07763671875
591,0.0799560546875
592,0.08642578125
593,0.0863037109375
594,0.0862426757812
595,0.084716796875
596,0.0772705078125
597,0.0845336914062
598,0.077880859375
599,0.0728759765625
600,0.08154296875
601,0.081298828125
602,0.0907592773438
603,0.085693359375
604,0.088623046875
605,0.08251953125
606,0.089111328125
607,0.0834350585938
608,0.0784912109375
609,0.083740234375
610,0.0808715820312
611,0.0919189453125
612,0.0911865234375
613,0.0924682617188
614,0.080078125
615,0.0858764648438
616,0.0872192382812
617,0.0918579101562
618,0.0928955078125
619,0.107849121094
620,0.107421875
621,0.105895996094
622,0.111572265625
623,0.112487792969
624,0.109191894531
625,0.102966308594
626,0.108093261719
627,0.10693359375
628,0.114868164062
629,0.103393554688
630,0.108825683594
631,0.106384277344
632,0.104187011719
633,0.112731933594
634,0.109619140625
635,0.112609863281
636,0.109558105469
637,0.112731933594
638,0.114379882812
639,0.103210449219
640,0.0980224609375
641,0.0921020507812
642,0.0948486328125
643,0.0
644,0.0161285400391
645,0.0256500244141
646,0.0343933105469
647,0.0488586425781
648,0.0499877929688
649,0.0634155273438
650,0.0625
651,0.0703125
652,0.0784912109375
653,0.07421875
654,0.0809936523438
655,0.0833740234375
656,0.0770874023438
657,0.0831298828125
658,0.0801391601562
659,0.0875854492188
660,0.0910034179688
661,0.0923461914062
662,0.0811767578125
663,0.085693359375
664,0.0859375
665,0.0857543945312
666,0.0903930664062
667,0.0931396484375
668,0.0849609375
669,0.0855712890625
670,0.0861206054688
671,0.0961303710938
672,0.0885009765625
673,0.0902709960938
674,0.090576171875
675,0.0841674804688
676,0.08447265625
677,0.078369140625
678,0.0831909179688
679,0.0877685546875
680,0.094482421875
681,0.0922241210938
682,0.100036621094
683,0.105590820312
684,0.09033203125
685,0.0919799804688
686,0.0952758789062
687,0.098876953125
688,0.0958251953125
689,0.0895385742188
690,0.100402832031
691,0.082275390625
692,0.0820922851562
693,0.0916748046875
694,0.09228515625
695,0.0909423828125
696,0.096923828125
697,0.0946044921875
698,0.0817260742188
699,0.0906982421875
700,0.0903930664062
701,0.0952758789062
702,0.09619140625
703,0.0892944335938
704,0.0947875976562
705,0.0940551757812
706,0.0858764648438
707,0.0
708,0.0160980224609
709,0.0307159423828
710,0.0442504882812
711,0.05517578125
712,0.0592346191406
713,0.0669555664062
714,0.0682983398438
715,0.0657958984375
716,0.0736694335938
717,0.0801391601562
718,0.0833740234375
719,0.0859375
720,0.0919799804688
721,0.0905151367188
722,0.0997314453125
723,0.0877075195312
724,0.093994140625
725,0.103820800781
726,0.0885009765625
727,0.090576171875
728,0.0880126953125
729,0.0885620117188
730,0.0921630859375
731,0.0791625976562
732,0.0846557617188
733,0.08642578125
734,0.0941162109375
735,0.096435546875
736,0.09765625
737,0.0867919921875
738,0.0955810546875
739,0.081298828125
740,0.0812377929688
741,0.08935546875
742,0.0859375
743,0.100646972656
744,0.0997924804688
745,0.101135253906
746,0.0999755859375
747,0.0997924804688
748,0.0775146484375
749,0.0873413085938
750,0.0903930664062
751,0.100402832031
752,0.0891723632812
753,0.0908203125
754,0.09765625
755,0.0894165039062
756,0.09716796875
757,0.101379394531
758,0.105590820312
759,0.101501464844
760,0.0991821289062
761,0.083251953125
762,0.08447265625
763,0.0906372070312
764,0.101257324219
765,0.0975341796875
766,0.0994262695312
767,0.103210449219
768,0.108825683594
769,0.109313964844
770,0.114562988281
771,0.0
772,0.0114822387695
773,0.0231018066406
774,0.04052734375
775,0.0540771484375
776,0.0650024414062
777,0.0792846679688
778,0.0859985351562
779,0.0910034179688
780,0.0995483398438
781,0.105285644531
782,0.0872802734375
783,0.0851440429688
784,0.0941162109375
786,0.102355957031
787,0.111755371094
788,0.101196289062
789,0.0988159179688
790,0.107116699219
791,0.110229492188
792,0.103393554688
793,0.107116699219
794,0.107177734375
795,0.117980957031
796,0.107727050781
797,0.0982055664062
798,0.108581542969
799,0.100341796875
800,0.114074707031
801,0.103576660156
802,0.10791015625
803,0.100280761719
804,0.102416992188
805,0.114562988281
806,0.100830078125
807,0.120544433594
808,0.113037109375
809,0.119873046875
810,0.125610351562
811,0.0985717773438
812,0.0944213867188
813,0.101867675781
814,0.107727050781
815,0.0989990234375
816,0.101867675781
817,0.106872558594
818,0.108825683594
819,0.0985107421875
820,0.0982055664062
821,0.0931396484375
822,0.0955200195312
823,0.0921630859375
824,0.0905151367188
825,0.100036621094
826,0.0886840820312
827,0.0881958007812
828,0.0941162109375
829,0.100036621094
830,0.110290527344
831,0.103759765625
832,0.0970458984375
833,0.1005859375
834,0.10400390625
835,0.110046386719
836,0.0
837,0.0225219726562
838,0.0355529785156
839,0.0545654296875
840,0.0578918457031
841,0.0718994140625
842,0.0664672851562
843,0.065185546875
844,0.067626953125
845,0.06689453125
846,0.0762939453125
847,0.0794067382812
848,0.0748901367188
849,0.0787963867188
850,0.07568359375
851,0.077392578125
852,0.0805053710938
853,0.0833129882812
854,0.0894775390625
855,0.091552734375
856,0.0980224609375
857,0.101501464844
858,0.0869140625
859,0.091796875
860,0.0922241210938
861,0.0889282226562
862,0.0916137695312
863,0.0953369140625
864,0.0963745117188
865,0.087158203125
866,0.0897827148438
867,0.0953979492188
868,0.09521484375
869,0.092529296875
870,0.100891113281
871,0.0894165039062
872,0.0836181640625
873,0.083984375
874,0.0872802734375
875,0.0914306640625
876,0.0860595703125
877,0.0875244140625
878,0.0960083007812
879,0.09765625
880,0.0972900390625
881,0.109008789062
882,0.0999145507812
883,0.104187011719
884,0.1103515625
885,0.109130859375
886,0.105712890625
887,0.0946044921875
888,0.0895385742188
889,0.0889282226562
890,0.0833129882812
891,0.095703125
892,0.0883178710938
893,0.0908203125
894,0.0885620117188
895,0.094482421875
896,0.0923461914062
897,0.0906982421875
898,0.0889892578125
899,0.0970458984375
900,0.0
901,0.0179443359375
902,0.0283660888672
903,0.0398559570312
904,0.0487670898438
905,0.0586242675781
906,0.0602416992188
907,0.0690307617188
908,0.0671997070312
909,0.075927734375
910,0.0831298828125
911,0.0873413085938
912,0.0861206054688
913,0.0870361328125
914,0.0918579101562
915,0.0845947265625
916,0.0941772460938
917,0.0923461914062
918,0.0872192382812
919,0.095947265625
920,0.101867675781
921,0.101623535156
922,0.0995483398438
923,0.09375
924,0.095703125
925,0.0964965820312
926,0.105773925781
927,0.0973510742188
928,0.099609375
929,0.103637695312
930,0.0957641601562
931,0.0961303710938
932,0.107055664062
933,0.112548828125
934,0.099853515625
935,0.0952758789062
936,0.0969848632812
937,0.0977172851562
938,0.1025390625
939,0.101440429688
940,0.0953979492188
941,0.0933837890625
942,0.0940551757812
943,0.0914306640625
944,0.0928344726562
945,0.0952758789062
946,0.1005859375
947,0.0979614257812
948,0.0990600585938
949,0.0985717773438
950,0.0994873046875
951,0.101379394531
952,0.106567382812
953,0.111572265625
954,0.104064941406
955,0.0936279296875
956,0.102294921875
957,0.111450195312
958,0.105224609375
959,0.101318359375
960,0.0977172851562
961,0.105102539062
962,0.101135253906
963,0.099609375
964,0.0
965,0.0181732177734
966,0.0362548828125
967,0.0423278808594
968,0.0504150390625
969,0.0600891113281
970,0.0657348632812
971,0.071044921875
972,0.0703125
973,0.0789794921875
974,0.0739135742188
975,0.080078125
976,0.0792236328125
977,0.0787353515625
978,0.0821533203125
979,0.0789794921875
980,0.0820922851562
981,0.0867919921875
982,0.0825805664062
983,0.0816040039062
984,0.0862426757812
985,0.0879516601562
986,0.0892333984375
987,0.0873413085938
988,0.095458984375
989,0.0970458984375
990,0.0927734375
991,0.088623046875
992,0.0880126953125
993,0.0890502929688
994,0.0940551757812
995,0.0935668945312
996,0.0906982421875
997,0.0961303710938
998,0.087646484375
999,0.0935668945312
1000,0.0945434570312
1001,0.0928955078125
1002,0.0865478515625
1003,0.0851440429688
1004,0.0910034179688
1005,0.090576171875
1006,0.0809936523438
1007,0.0826416015625
1008,0.085693359375
1009,0.0889892578125
1010,0.09033203125
1011,0.0882568359375
1012,0.0822143554688
1013,0.0830688476562
1014,0.0835571289062
1015,0.0845947265625
1016,0.087646484375
1017,0.0956420898438
1018,0.0929565429688
1019,0.0943603515625
1020,0.0939331054688
1021,0.097412109375
1022,0.0950317382812
1023,0.0969848632812
1024,0.0916748046875
1025,0.0942993164062
1026,0.0953979492188
1027,0.1005859375
1028,0.0
1029,0.0172424316406
1030,0.0339660644531
1031,0.043212890625
1032,0.0544128417969
1033,0.05810546875
1034,0.0642700195312
1035,0.0674438476562
1036,0.0687255859375
1037,0.0723266601562
1038,0.07568359375
1039,0.0779418945312
1040,0.0809936523438
1041,0.078369140625
1042,0.0833740234375
1043,0.073486328125
1044,0.0764770507812
1045,0.0821533203125
1046,0.0779418945312
1047,0.0811157226562
1048,0.0884399414062
1049,0.08251953125
1050,0.0836791992188
1051,0.0853881835938
1052,0.08740234375
1053,0.0859375
1054,0.090087890625
1055,0.0850219726562
1056,0.0951538085938
1057,0.0848999023438
1058,0.0845336914062
1059,0.0860595703125
1060,0.0872192382812
1061,0.0946044921875
1062,0.093994140625
1063,0.100219726562
1064,0.0997314453125
1065,0.0953369140625
1066,0.0836181640625
1067,0.0873413085938
1068,0.090087890625
1069,0.0875854492188
1070,0.0828857421875
1071,0.0799560546875
1072,0.08642578125
1073,0.0885620117188
1074,0.0902099609375
1075,0.08935546875
1076,0.0912475585938
1077,0.0839233398438
1078,0.08935546875
1079,0.0914916992188
1080,0.09912109375
1081,0.0943603515625
1082,0.0977783203125
1083,0.101257324219
1084,0.0994873046875
1085,0.084716796875
1086,0.0924072265625
1087,0.0975952148438
1088,0.0874633789062
1089,0.0867309570312
1090,0.0865478515625
1091,0.0811767578125
1092,0.0
1093,0.0159912109375
1094,0.0216522216797
1095,0.0352478027344
1096,0.0439453125
1097,0.0522766113281
1098,0.0621643066406
1099,0.068603515625
1100,0.0668334960938
1101,0.0729370117188
1102,0.0769653320312
1103,0.0794067382812
1104,0.0805053710938
1105,0.0787963867188
1106,0.083740234375
1107,0.07958984375
1108,0.0791015625
1109,0.08203125
1110,0.0858154296875
1111,0.0921630859375
1112,0.0853881835938
1113,0.088134765625
1114,0.0827026367188
1115,0.0826416015625
1116,0.0848999023438
1117,0.0800170898438
1118,0.080810546875
1119,0.0858154296875
1120,0.0867919921875
1121,0.0826416015625
1122,0.08154296875
1123,0.0791015625
1124,0.0823364257812
1125,0.0891723632812
1126,0.0932006835938
1127,0.0989990234375
1128,0.0921020507812
1129,0.083740234375
1130,0.0859375
1131,0.0886840820312
1132,0.0816040039062
1133,0.0807495117188
1134,0.0729370117188
1135,0.0869140625
1136,0.0820922851562
1137,0.0819091796875
1138,0.084716796875
1139,0.0878295898438
1140,0.0902709960938
1141,0.0922241210938
1142,0.0941162109375
1143,0.0877685546875
1144,0.0955200195312
1145,0.0896606445312
1146,0.0971069335938
1147,0.0950927734375
1148,0.0982055664062
1149,0.095703125
1150,0.091552734375
1151,0.0882568359375
1152,0.098388671875
1153,0.0906982421875
1154,0.0961303710938
1155,0.0995483398438
1156,0.0
1157,0.0148468017578
1158,0.0274047851562
1159,0.0414428710938
1160,0.0484924316406
1161,0.0540161132812
1162,0.0618591308594
1163,0.0679321289062
1164,0.0777587890625
1165,0.072265625
1166,0.0731811523438
1167,0.0835571289062
1168,0.0778198242188
1169,0.0846557617188
1170,0.0870971679688
1171,0.085205078125
1172,0.083251953125
1173,0.0850830078125
1174,0.0858764648438
1175,0.0800170898438
1176,0.0862426757812
1177,0.0823364257812
1178,0.0894165039062
1179,0.0975341796875
1180,0.09521484375
1181,0.0925903320312
1182,0.0928344726562
1183,0.0897827148438
1184,0.0867309570312
1185,0.0932006835938
1186,0.087158203125
1187,0.082763671875
1188,0.0850830078125
1189,0.0848388671875
1190,0.0894165039062
1191,0.0858154296875
1192,0.0836791992188
1193,0.0933837890625
1194,0.0892333984375
1195,0.0870361328125
1196,0.08154296875
1197,0.0872192382812
1198,0.082275390625
1199,0.0881958007812
1200,0.0819091796875
1201,0.083740234375
1202,0.08642578125
1203,0.0885620117188
1204,0.0908203125
1205,0.0870971679688
1206,0.0900268554688
1207,0.0919189453125
1208,0.097412109375
1209,0.103210449219
1210,0.107482910156
1211,0.0966796875
1212,0.100891113281
1213,0.0946655273438
1214,0.0906372070312
1215,0.0891723632812
1216,0.0973510742188
1217,0.093505859375
1218,0.0966796875
1219,0.0892333984375
1220,0.0
1221,0.0168609619141
1222,0.032958984375
1223,0.0404357910156
1224,0.0534973144531
1225,0.0641479492188
1226,0.0692138671875
1227,0.06982421875
1228,0.0719604492188
1229,0.065185546875
1230,0.0673217773438
1231,0.0706787109375
1232,0.072265625
1233,0.0792846679688
1234,0.0841064453125
1235,0.08251953125
1236,0.08642578125
1237,0.0851440429688
1238,0.0811767578125
1239,0.0844116210938
1240,0.0811157226562
1241,0.0905151367188
1242,0.0938110351562
1243,0.0890502929688
1244,0.0834350585938
1245,0.0859375
1246,0.0830688476562
1247,0.085205078125
1248,0.0845336914062
1249,0.088623046875
1250,0.0939331054688
1251,0.0894165039062
1252,0.0985717773438
1253,0.0900268554688
1254,0.0926513671875
1255,0.0972290039062
1256,0.0963745117188
1257,0.096435546875
1258,0.094970703125
1259,0.0921630859375
1260,0.100280761719
1261,0.095947265625
1262,0.0966186523438
1263,0.0865478515625
1264,0.085693359375
1265,0.081298828125
1266,0.0869140625
1267,0.0855102539062
1268,0.0789184570312
1269,0.08837890625
1270,0.0862426757812
1271,0.0859375
1272,0.08642578125
1273,0.0806274414062
1274,0.0847778320312
1275,0.0836181640625
1276,0.0879516601562
1277,0.0885620117188
1278,0.0840454101562
1279,0.0811157226562
1280,0.0845947265625
1281,0.0889892578125
1282,0.0939331054688
1283,0.0955200195312
1284,0.0
1285,0.0183868408203
1286,0.0312805175781
1287,0.0420837402344
1288,0.0537719726562
1289,0.0542602539062
1290,0.0656127929688
1291,0.064208984375
1292,0.0689086914062
1293,0.0700073242188
1294,0.0692138671875
1295,0.072021484375
1296,0.0751953125
1297,0.0777587890625
1298,0.0781860351562
1299,0.0833740234375
1300,0.08349609375
1301,0.0884399414062
1302,0.0846557617188
1303,0.0858764648438
1304,0.0867919921875
1305,0.0906982421875
1306,0.0867919921875
1307,0.0881958007812
1308,0.0866088867188
1309,0.0819702148438
1310,0.0851440429688
1311,0.0907592773438
1312,0.0840454101562
1313,0.0856323242188
1314,0.0844116210938
1315,0.0858764648438
1316,0.0904541015625
1317,0.0975952148438
1318,0.09130859375
1319,0.0921020507812
1320,0.0908203125
1321,0.0899047851562
1322,0.0930786132812
1323,0.0877685546875
1324,0.0904541015625
1325,0.0953979492188
1326,0.0955810546875
1327,0.0922241210938
1328,0.089111328125
1329,0.09228515625
1330,0.085205078125
1331,0.0806884765625
1332,0.0792846679688
1333,0.0844116210938
1334,0.0804443359375
1335,0.0874633789062
1336,0.0906982421875
1337,0.09228515625
1338,0.0873413085938
1339,0.0841064453125
1340,0.0911865234375
1341,0.0929565429688
1342,0.0875854492188
1343,0.0817260742188
1344,0.0867309570312
1345,0.0765380859375
1346,0.08447265625
1347,0.0867309570312
1348,0.0
1349,0.0188140869141
1350,0.0348815917969
1351,0.0494995117188
1352,0.060302734375
1353,0.0653076171875
1354,0.071533203125
1355,0.0684204101562
1356,0.0767211914062
1357,0.0863037109375
1358,0.0900268554688
1359,0.0843505859375
1360,0.0765380859375
1361,0.0714721679688
1362,0.0692749023438
1363,0.07763671875
1364,0.085693359375
1365,0.0886840820312
1366,0.0848999023438
1367,0.0811767578125
1368,0.0838623046875
1369,0.0829467773438
1370,0.0827026367188
1371,0.086669921875
1372,0.0899047851562
1373,0.0880126953125
1374,0.0856323242188
1375,0.0916137695312
1376,0.0921020507812
1377,0.0855102539062
1378,0.0867309570312
1379,0.094482421875
1380,0.0839233398438
1381,0.0827026367188
1382,0.078857421875
1383,0.0765991210938
1384,0.078125
1385,0.0841674804688
1386,0.0921020507812
1387,0.0938720703125
1388,0.0881958007812
1389,0.078369140625
1390,0.0870971679688
1391,0.0930786132812
1392,0.0897827148438
1393,0.0931396484375
1394,0.0945434570312
1395,0.0970458984375
1396,0.101440429688
1397,0.0899047851562
1398,0.08349609375
1399,0.0950317382812
1400,0.0903930664062
1401,0.0811767578125
1402,0.0853271484375
1403,0.0850830078125
1404,0.084716796875
1405,0.0888671875
1406,0.0969848632812
1407,0.08837890625
1408,0.0869750976562
1409,0.0845336914062
1410,0.0922241210938
1411,0.0936889648438
1412,0.0
1413,0.0187530517578
1414,0.0297698974609
1415,0.0494995117188
1416,0.05712890625
1417,0.0689697265625
1418,0.0751342773438
1419,0.0839233398438
1420,0.0916137695312
1421,0.0745239257812
1422,0.0935668945312
1423,0.0771484375
1424,0.0835571289062
1425,0.0897827148438
1426,0.0945434570312
1427,0.104370117188
1428,0.0989379882812
1429,0.0956420898438
1430,0.0877075195312
1431,0.0825805664062
1432,0.0980224609375
1433,0.0972900390625
1434,0.0845947265625
1435,0.0847778320312
1436,0.0966186523438
1437,0.104370117188
1438,0.101928710938
1439,0.09716796875
1440,0.0955200195312
1441,0.102905273438
1442,0.0841064453125
1443,0.08642578125
1444,0.0816040039062
1445,0.087890625
1446,0.0894165039062
1447,0.0986938476562
1448,0.0831298828125
1449,0.0839233398438
1450,0.0975341796875
1451,0.092041015625
1452,0.0933837890625
1453,0.0972900390625
1454,0.102416992188
1455,0.105712890625
1456,0.108032226562
1457,0.110229492188
1458,0.0994873046875
1459,0.107116699219
1460,0.0943603515625
1461,0.0809936523438
1462,0.0910034179688
1463,0.0853881835938
1464,0.0955810546875
1465,0.091552734375
1466,0.0977172851562
1467,0.0877075195312
1468,0.0889282226562
1469,0.08837890625
1470,0.0856323242188
1471,0.085693359375
1472,0.0899047851562
1473,0.0806884765625
1474,0.0869140625
1475,0.0917358398438
1476,0.0
1477,0.0143508911133
1478,0.0281524658203
1479,0.0414123535156
1480,0.0453491210938
1481,0.0571899414062
1482,0.0554809570312
1483,0.0625610351562
1484,0.0626220703125
1485,0.0728759765625
1486,0.0687866210938
1487,0.0714111328125
1488,0.0767211914062
1489,0.0771484375
1490,0.0822143554688
1491,0.0860595703125
1492,0.0833740234375
1493,0.089111328125
1494,0.0869750976562
1495,0.079345703125
1496,0.080810546875
1497,0.083251953125
1498,0.0830688476562
1499,0.087646484375
1500,0.0836181640625
1501,0.085693359375
1502,0.0780639648438
1503,0.0880126953125
1504,0.0819702148438
1505,0.088134765625
1506,0.09716796875
1507,0.0975341796875
1508,0.09521484375
1509,0.0911254882812
1510,0.0869750976562
1511,0.0848388671875
1512,0.0894775390625
1513,0.0858764648438
1514,0.0845336914062
1515,0.091064453125
1516,0.100280761719
1517,0.0889892578125
1518,0.0889892578125
1519,0.0867309570312
1520,0.0908813476562
1521,0.0934448242188
1522,0.0881958007812
1523,0.0888671875
1524,0.0839233398438
1525,0.0806884765625
1526,0.0816040039062
1527,0.07763671875
1528,0.0853271484375
1529,0.091064453125
1530,0.0849609375
1531,0.08984375
1532,0.0882568359375
1533,0.0874633789062
1534,0.0946655273438
1535,0.0928955078125
1536,0.0956420898438
1537,0.0816040039062
1538,0.08935546875
1539,0.0950927734375
1540,0.0
1541,0.0145874023438
1542,0.0269927978516
1543,0.037841796875
1544,0.0512084960938
1545,0.0645141601562
1546,0.0836181640625
1547,0.0960083007812
1548,0.101440429688
1549,0.100830078125
1550,0.099365234375
1551,0.0889892578125
1552,0.0970458984375
1553,0.0980834960938
1554,0.0947875976562
1555,0.0769653320312
1556,0.0743408203125
1557,0.0809936523438
1558,0.0802001953125
1559,0.0770263671875
1560,0.0818481445312
1561,0.0843505859375
1562,0.0814208984375
1563,0.0830688476562
38319,0.127319335938
38320,0.128662109375
38322,0.133178710938
38323,0.14306640625
38324,0.0
38325,0.00946807861328
38326,0.0208892822266
38327,0.0282440185547
38328,0.0304260253906
38329,0.0424194335938
38330,0.0463562011719
38331,0.0465393066406
38332,0.0520629882812
38333,0.0577697753906
38334,0.0546569824219
38335,0.0673828125
38336,0.0729370117188
38337,0.0863037109375
38338,0.107666015625
38339,0.0867309570312
38340,0.113830566406
38341,0.0838623046875
38342,0.111022949219
38343,0.111938476562
38344,0.126220703125
38345,0.135131835938
38346,0.122863769531
38347,0.121398925781
38348,0.122375488281
38349,0.135864257812
38350,0.0974731445312
38351,0.101928710938
38352,0.120788574219
38353,0.144165039062
38354,0.143432617188
38355,0.110046386719
38356,0.131958007812
38357,0.1318359375
38358,0.12939453125
38359,0.140991210938
38360,0.146118164062
38361,0.13427734375
38362,0.150512695312
38363,0.149169921875
38364,0.162109375
38365,0.0932006835938
38366,0.1201171875
38367,0.09423828125
38368,0.110046386719
38369,0.114685058594
38370,0.1201171875
38371,0.083740234375
38372,0.0599365234375
38373,0.0631103515625
38374,0.0849609375
38375,0.112121582031
38376,0.11328125
38377,0.100158691406
38378,0.123413085938
38379,0.134643554688
38380,0.142944335938
38381,0.111206054688
38382,0.107666015625
38383,0.0895385742188
38384,0.0903930664062
38385,0.118225097656
38386,0.13818359375
38387,0.127685546875
38388,0.0
38389,0.0104141235352
38390,0.0238189697266
38391,0.0336608886719
38392,0.0372619628906
38393,0.0519104003906
38394,0.0613098144531
38395,0.0520935058594
38396,0.05615234375
38397,0.0626220703125
38398,0.0687255859375
38399,0.0661010742188
38400,0.0730590820312
38401,0.0684814453125
38402,0.074462890625
38403,0.0852661132812
38404,0.0747680664062
38405,0.0852661132812
38406,0.0812377929688
38407,0.081787109375
38408,0.0888671875
38409,0.0830078125
38410,0.0778198242188
38411,0.0694580078125
38412,0.0823974609375
38413,0.0828247070312
38414,0.0917358398438
38415,0.0914916992188
38416,0.0941162109375
38417,0.110107421875
38418,0.10693359375
38419,0.109191894531
38420,0.108703613281
38421,0.111633300781
38422,0.0960083007812
38423,0.11279296875
38424,0.0966186523438
38425,0.112121582031
38426,0.123779296875
38427,0.0992431640625
38428,0.1044921875
38429,0.0695190429688
38430,0.104309082031
38431,0.12890625
38432,0.0676879882812
38433,0.095947265625
38434,0.125366210938
38435,0.13232421875
38436,0.140502929688
38437,0.158203125
38438,0.140258789062
38439,0.1494140625
38440,0.128173828125
38441,0.0965576171875
38442,0.0968017578125
38443,0.0833740234375
38444,0.0928955078125
38445,0.110595703125
38446,0.10986328125
38447,0.1337890625
38448,0.116394042969
38449,0.108642578125
38450,0.13916015625
38451,0.134155273438
38452,0.0
38453,0.0112380981445
38454,0.0215301513672
38455,0.0341491699219
38456,0.0468444824219
38457,0.0563049316406
38458,0.0760498046875
38459,0.0894775390625
38460,0.0822143554688
38461,0.0720825195312
38462,0.0830688476562
38463,0.102478027344
38464,0.103759765625
38465,0.102722167969
38466,0.10986328125
38467,0.092529296875
38468,0.08544921875
38469,0.08544921875
38470,0.101379394531
38471,0.119079589844
38472,0.12109375
38473,0.115112304688
38474,0.120666503906
38475,0.135498046875
38476,0.1259765625
38477,0.12060546875
38478,0.139282226562
38479,0.143676757812
38480,0.111694335938
38481,0.12548828125
38482,0.139038085938
38483,0.133056640625
38484,0.112854003906
38485,0.136596679688
38486,0.149047851562
38487,0.1533203125
38488,0.15771484375
38489,0.106994628906
38490,0.13818359375
38491,0.135375976562
38492,0.121887207031
38493,0.151123046875
38494,0.124206542969
38495,0.155517578125
38496,0.143798828125
38497,0.138305664062
38498,0.127807617188
38499,0.0985107421875
38500,0.0905151367188
38501,0.0986328125
38502,0.116760253906
38503,0.129516601562
38504,0.129760742188
38505,0.09814453125
38506,0.1279296875
38507,0.144165039062
38508,0.0985107421875
38509,0.0894165039062
38510,0.10546875
38511,0.113647460938
38512,0.0802612304688
38513,0.0980834960938
38514,0.0919799804688
38515,0.0885009765625
38516,0.0
38517,0.00623321533203
38518,0.0119323730469
38519,0.0241546630859
38520,0.0328369140625
38521,0.0389709472656
38522,0.0465087890625
38523,0.0387878417969
38524,0.0580749511719
38525,0.0720825195312
38526,0.0846557617188
38527,0.0657348632812
38528,0.0938110351562
38529,0.107177734375
38530,0.119812011719
38531,0.1171875
38532,0.132568359375
38533,0.114624023438
38534,0.140991210938
38535,0.154296875
38536,0.1513671875
38537,0.1689453125
38538,0.174926757812
38539,0.150634765625
38540,0.110168457031
38541,0.106201171875
38542,0.128295898438
38543,0.100219726562
38544,0.122924804688
38545,0.114013671875
38546,0.104553222656
38547,0.1220703125
38548,0.129272460938
38549,0.12939453125
38550,0.137084960938
38551,0.142700195312
38552,0.129760742188
38553,0.135131835938
38554,0.118408203125
38555,0.101196289062
38556,0.106018066406
38557,0.110534667969
38558,0.122009277344
38559,0.124572753906
38560,0.129516601562
38561,0.099609375
38562,0.114868164062
38563,0.128662109375
38564,0.148803710938
38565,0.130737304688
38566,0.106262207031
38567,0.0980834960938
38568,0.093505859375
38569,0.10986328125
38570,0.0955810546875
38571,0.122802734375
38572,0.111755371094
38573,0.120361328125
38574,0.097900390625
38575,0.0845947265625
38576,0.098876953125
38577,0.109924316406
38578,0.0723266601562
38579,0.0851440429688
38580,0.0
38581,0.0129013061523
38582,0.0247802734375
38583,0.0406188964844
38584,0.0509338378906
38585,0.0662231445312
38586,0.0592956542969
38587,0.0554504394531
38588,0.0645751953125
38589,0.0693969726562
38590,0.0825805664062
38591,0.08544921875
38592,0.0767822265625
38593,0.098876953125
38594,0.0888061523438
38595,0.0796508789062
38596,0.0850219726562
38597,0.108825683594
38598,0.119018554688
38599,0.106018066406
38600,0.12060546875
38601,0.131958007812
38602,0.134155273438
38603,0.152954101562
38604,0.158935546875
38605,0.128173828125
38606,0.12451171875
38607,0.130737304688
38608,0.15673828125
38609,0.16015625
38610,0.130004882812
38611,0.150512695312
38612,0.10009765625
38613,0.134765625
38614,0.0809326171875
38615,0.105712890625
38616,0.0782470703125
38617,0.0877075195312
38618,0.099365234375
38619,0.101501464844
38620,0.110229492188
38621,0.133666992188
38622,0.13232421875
38623,0.130126953125
38624,0.140991210938
38625,0.105285644531
38626,0.121765136719
38627,0.152099609375
38628,0.147827148438
38629,0.149780273438
38630,0.114501953125
38631,0.12939453125
38632,0.0827026367188
38633,0.0996704101562
38634,0.117980957031
38635,0.136962890625
38636,0.130859375
38637,0.124633789062
38638,0.140869140625
38639,0.1552734375
38640,0.162963867188
38641,0.131225585938
38642,0.122009277344
38643,0.106567382812
38644,0.0
38645,0.0109558105469
38646,0.0158996582031
38647,0.0241546630859
38648,0.0304718017578
38649,0.0377197265625
38650,0.0506896972656
38651,0.063720703125
38652,0.0808715820312
38653,0.0972290039062
38654,0.0963134765625
38655,0.092529296875
38656,0.112487792969
38657,0.130493164062
38658,0.0845947265625
38659,0.12646484375
38660,0.136596679688
38661,0.0892944335938
38662,0.128662109375
38663,0.142456054688
38664,0.165649414062
38665,0.166137695312
38666,0.162475585938
38667,0.139770507812
38668,0.117736816406
38669,0.142944335938
38670,0.141723632812
38671,0.110168457031
38672,0.106567382812
38673,0.0748901367188
38674,0.0858764648438
38675,0.103515625
38676,0.082763671875
38677,0.11083984375
38678,0.119506835938
38679,0.125610351562
38680,0.105529785156
38681,0.129028320312
38682,0.1455078125
38683,0.143432617188
38684,0.151123046875
38685,0.159790039062
38686,0.156372070312
38687,0.125610351562
38688,0.152099609375
38689,0.161376953125
38690,0.168579101562
38691,0.15234375
38692,0.158203125
38693,0.172485351562
38694,0.176391601562
38695,0.177368164062
38696,0.183471679688
38697,0.136840820312
38698,0.118103027344
38699,0.1259765625
38700,0.126342773438
38701,0.130981445312
38702,0.135620117188
38703,0.147216796875
38704,0.10302734375
38705,0.0672607421875
38706,0.0868530273438
38707,0.0805053710938
38708,0.0
38709,0.0107040405273
38710,0.0225677490234
38711,0.0436096191406
38712,0.0603637695312
38713,0.0650634765625
38714,0.0748901367188
38715,0.0827026367188
38716,0.0709228515625
38717,0.0731811523438
38718,0.080810546875
38719,0.0622253417969
38720,0.0802001953125
38721,0.0949096679688
38722,0.0924072265625
38723,0.08935546875
38724,0.0956420898438
38725,0.0796508789062
38726,0.0848999023438
38727,0.080810546875
38728,0.0909423828125
38729,0.0993041992188
38730,0.113220214844
38731,0.123046875
38732,0.0917358398438
38733,0.112365722656
38734,0.108520507812
38735,0.113403320312
38736,0.116638183594
38737,0.114440917969
38738,0.119812011719
38739,0.114562988281
38740,0.122924804688
38741,0.123229980469
38742,0.116394042969
38743,0.105834960938
38744,0.0996704101562
38745,0.1025390625
38746,0.110473632812
38747,0.119750976562
38748,0.115844726562
38749,0.131958007812
38750,0.145874023438
38751,0.0818481445312
38752,0.0867919921875
38753,0.0909423828125
38754,0.0673217773438
38755,0.0729370117188
38756,0.0932006835938
38757,0.0907592773438
38758,0.0824584960938
38759,0.0940551757812
38760,0.100830078125
38761,0.098876953125
38762,0.118347167969
38763,0.105224609375
38764,0.0986328125
38765,0.095703125
38766,0.0921630859375
38767,0.078857421875
38768,0.0897216796875
38769,0.0909423828125
38770,0.082763671875
38771,0.0671997070312
38772,0.0
38773,0.00894165039062
38774,0.0152053833008
38775,0.0207672119141
38776,0.0365905761719
38777,0.0504760742188
38778,0.0639038085938
38779,0.0759887695312
38780,0.0596313476562
38781,0.072021484375
38782,0.0740356445312
38783,0.0824584960938
38784,0.0936279296875
38785,0.107177734375
38786,0.106750488281
38787,0.1103515625
38788,0.098388671875
38789,0.0892333984375
38790,0.0751953125
38791,0.099365234375
38792,0.109191894531
38793,0.119812011719
38794,0.131958007812
38795,0.118041992188
38796,0.0731201171875
38797,0.08984375
38798,0.0860595703125
38799,0.0780639648438
38800,0.0859985351562
38801,0.100158691406
38802,0.107116699219
38803,0.121887207031
38804,0.131958007812
38805,0.13818359375
38806,0.142211914062
38807,0.146484375
38808,0.105346679688
38809,0.133178710938
38810,0.146484375
38811,0.128295898438
38812,0.133666992188
38813,0.1513671875
38814,0.131713867188
38815,0.130615234375
38816,0.108459472656
38817,0.116394042969
38818,0.14208984375
38819,0.165161132812
38820,0.18017578125
38821,0.165161132812
38822,0.165161132812
38823,0.13720703125
38824,0.12353515625
38825,0.1103515625
38826,0.103515625
38827,0.114074707031
38828,0.07568359375
38829,0.092041015625
38830,0.105102539062
38831,0.105773925781
38832,0.122131347656
38833,0.122863769531
38834,0.1318359375
38835,0.13671875
38836,0.0
38837,0.00738143920898
38838,0.0125961303711
38839,0.0214538574219
38840,0.0285034179688
38841,0.0448913574219
38842,0.0517883300781
38843,0.0641479492188
38844,0.0813598632812
38845,0.07373046875
38846,0.0896606445312
38847,0.0624694824219
38848,0.0745849609375
38849,0.10107421875
38850,0.11669921875
38851,0.0946044921875
38852,0.0999755859375
38853,0.0873413085938
38854,0.0968017578125
38855,0.106872558594
38856,0.0997924804688
38857,0.115295410156
38858,0.124267578125
38859,0.132568359375
38860,0.0947265625
38861,0.0908203125
38862,0.101013183594
38863,0.0670776367188
38864,0.0963134765625
38865,0.113220214844
38866,0.131103515625
38867,0.129760742188
38868,0.123596191406
38869,0.120361328125
38870,0.120056152344
38871,0.0844116210938
38872,0.117248535156
38873,0.119934082031
38874,0.129150390625
38875,0.13720703125
38876,0.142456054688
38877,0.150634765625
38878,0.14990234375
38879,0.157470703125
38880,0.166381835938
38881,0.156127929688
38882,0.154541015625
38883,0.168823242188
38884,0.1748046875
38885,0.146240234375
38886,0.135620117188
38887,0.135498046875
38888,0.0872192382812
38889,0.09912109375
38890,0.121765136719
38891,0.145263671875
38892,0.135131835938
38893,0.149291992188
38894,0.158203125
38895,0.167724609375
38896,0.128540039062
38897,0.156616210938
38898,0.152099609375
38899,0.131958007812
38900,0.0
38901,0.00894165039062
38902,0.0163116455078
38903,0.0225677490234
38904,0.0341491699219
38905,0.0521850585938
38906,0.0581665039062
38907,0.0517883300781
38908,0.0608215332031
38909,0.0689086914062
38910,0.0604858398438
38911,0.0704956054688
38912,0.0743408203125
38913,0.0934448242188
38914,0.0912475585938
38915,0.0996704101562
38916,0.0843505859375
38917,0.089111328125
38918,0.0978393554688
38919,0.103149414062
38920,0.108520507812
38921,0.0929565429688
38922,0.0999145507812
38923,0.106323242188
38924,0.107482910156
38925,0.105529785156
38926,0.114135742188
38927,0.107055664062
38928,0.115173339844
38929,0.1279296875
38930,0.131225585938
38931,0.124755859375
38932,0.1142578125
38933,0.114196777344
38934,0.119506835938
38935,0.138793945312
38936,0.11474609375
38937,0.116394042969
38938,0.123718261719
38939,0.103942871094
38940,0.09619140625
38941,0.116943359375
38942,0.124267578125
38943,0.105224609375
38944,0.12158203125
38945,0.129272460938
38946,0.111083984375
38947,0.122863769531
38948,0.127075195312
38949,0.12158203125
38950,0.0761108398438
38951,0.0944213867188
38952,0.0872802734375
38953,0.105773925781
38954,0.131958007812
38955,0.0892944335938
38956,0.126098632812
38957,0.0919799804688
38958,0.101013183594
38959,0.124816894531
38960,0.122741699219
38961,0.127563476562
38962,0.15625
38963,0.167358398438
38964,0.0
38965,0.0109634399414
38966,0.0193023681641
38967,0.0278625488281
38968,0.0411682128906
38969,0.0501403808594
38970,0.0601196289062
38971,0.0534973144531
38972,0.0563659667969
38973,0.0658569335938
38974,0.06201171875
38975,0.0572814941406
38976,0.0501708984375
38977,0.0518798828125
38978,0.0657958984375
38979,0.0745849609375
38980,0.0763549804688
38981,0.0733642578125
38982,0.0861206054688
38983,0.0946044921875
38984,0.110534667969
38985,0.0711669921875
38986,0.074462890625
38987,0.102783203125
38988,0.0910034179688
38989,0.0911865234375
38990,0.09033203125
38991,0.0891723632812
38992,0.0796508789062
38993,0.0646362304688
38994,0.076171875
38995,0.0977172851562
38996,0.108154296875
38997,0.112365722656
38998,0.0805053710938
38999,0.103332519531
39000,0.118347167969
39001,0.0908203125
39002,0.09228515625
39003,0.104309082031
39004,0.119079589844
39005,0.122497558594
39006,0.110656738281
39007,0.137451171875
39008,0.10693359375
39009,0.109375
39010,0.114318847656
39011,0.113891601562
39012,0.104614257812
39013,0.108215332031
39014,0.116088867188
39015,0.12548828125
39016,0.13134765625
39017,0.134155273438
39018,0.113952636719
39019,0.14013671875
39020,0.154052734375
39021,0.105224609375
39022,0.114562988281
39023,0.132202148438
39024,0.083740234375
39025,0.085693359375
39026,0.117614746094
39027,0.1201171875
39028,0.0
39029,0.0106430053711
39030,0.0192718505859
39031,0.0300903320312
39032,0.0390014648438
39033,0.0428466796875
39034,0.044921875
39035,0.0467529296875
39036,0.0601806640625
39037,0.0679321289062
39038,0.0739135742188
39039,0.0812377929688
39040,0.093017578125
39041,0.114318847656
39042,0.116638183594
39043,0.124755859375
39044,0.120788574219
39045,0.1142578125
39046,0.0674438476562
39047,0.0701904296875
39048,0.06640625
39049,0.09423828125
39050,0.109985351562
39051,0.0850219726562
39052,0.0882568359375
39053,0.115661621094
39054,0.111633300781
39055,0.106994628906
39056,0.0899658203125
39057,0.102844238281
39058,0.0776977539062
39059,0.064208984375
39060,0.0768432617188
39061,0.0890502929688
39062,0.109558105469
39063,0.096435546875
39064,0.109008789062
39065,0.121276855469
39066,0.11279296875
39067,0.107116699219
39068,0.0673217773438
39069,0.0674438476562
39070,0.074462890625
39071,0.0924682617188
39072,0.067138671875
39073,0.0796508789062
39074,0.065185546875
39075,0.0633544921875
39076,0.0795288085938
39077,0.0838012695312
39078,0.077392578125
39079,0.07763671875
39080,0.0794677734375
39081,0.0672607421875
39082,0.0809326171875
39083,0.092529296875
39084,0.0975341796875
39085,0.111145019531
39086,0.116943359375
39087,0.111572265625
39088,0.124572753906
39089,0.13232421875
39090,0.137084960938
39091,0.124938964844
39092,0.0
39093,0.00800323486328
39094,0.0190582275391
39095,0.0207061767578
39096,0.0281066894531
39097,0.0404968261719
39098,0.0534362792969
39099,0.0518188476562
39100,0.061279296875
39101,0.0564575195312
39102,0.0639038085938
39104,0.0689697265625
39105,0.0784301757812
39106,0.0802612304688
39107,0.0860595703125
39108,0.0792236328125
39109,0.08544921875
39110,0.0868530273438
39111,0.10400390625
39112,0.101257324219
39113,0.106140136719
39114,0.0794677734375
39115,0.0970458984375
39116,0.0679321289062
39117,0.0814208984375
39118,0.0966796875
39119,0.0875244140625
39120,0.101379394531
39121,0.109008789062
39122,0.107727050781
39123,0.0882568359375
39124,0.0916137695312
39125,0.0910034179688
39126,0.105163574219
39127,0.121765136719
39128,0.121276855469
39129,0.121826171875
39130,0.135498046875
39131,0.154663085938
39132,0.101013183594
39133,0.0848388671875
39134,0.0947265625
39135,0.100952148438
39136,0.124328613281
39137,0.123107910156
39138,0.128295898438
39139,0.123291015625
39140,0.13427734375
39141,0.0802001953125
39142,0.100402832031
39143,0.127685546875
39144,0.126342773438
39145,0.0846557617188
39146,0.0675659179688
39147,0.0721435546875
39148,0.0817260742188
39149,0.0913696289062
39150,0.0914916992188
39151,0.072021484375
39152,0.0778198242188
39153,0.0787963867188
39154,0.0784912109375
39155,0.0917358398438
39156,0.0963134765625
39157,0.0
39158,0.00898742675781
39159,0.0189361572266
39160,0.0225677490234
39161,0.0307006835938
39162,0.0430603027344
39163,0.0589904785156
39164,0.0648803710938
39165,0.082763671875
39166,0.079345703125
39167,0.101867675781
39168,0.118225097656
39169,0.0919799804688
39170,0.0883178710938
39171,0.098388671875
39172,0.0926513671875
39173,0.103576660156
39174,0.1025390625
39175,0.0980224609375
39176,0.098388671875
39177,0.109924316406
39178,0.1279296875
39179,0.121154785156
39180,0.106506347656
39181,0.100646972656
39182,0.058837890625
39183,0.0758666992188
39184,0.08349609375
39185,0.114929199219
39186,0.109069824219
39187,0.137084960938
39188,0.129760742188
39189,0.117492675781
39190,0.131958007812
39191,0.103515625
39192,0.101135253906
39193,0.0921020507812
39194,0.119262695312
39195,0.135986328125
39196,0.111328125
39197,0.101806640625
39198,0.11279296875
39199,0.119384765625
39200,0.128784179688
39201,0.0899047851562
39202,0.086181640625
39203,0.0880737304688
39204,0.0894775390625
39205,0.1064453125
39206,0.113891601562
39207,0.113159179688
39208,0.112976074219
39209,0.104919433594
39210,0.0844116210938
39211,0.0736083984375
39212,0.0763549804688
39213,0.0822143554688
39214,0.079833984375
39215,0.0702514648438
39216,0.0740966796875
39217,0.0938110351562
39218,0.10595703125
39219,0.112121582031
39220,0.0914916992188
39221,0.0
39222,0.0174255371094
39223,0.0306854248047
39224,0.04150390625
39225,0.0448608398438
39226,0.0496520996094
39227,0.0620727539062
39228,0.072021484375
39229,0.0783081054688
39230,0.0790405273438
39231,0.08349609375
39232,0.104553222656
39233,0.07861328125
39234,0.0969848632812
39235,0.0888671875
39236,0.106689453125
39237,0.112670898438
39238,0.0736083984375
39239,0.0938720703125
39240,0.117919921875
39241,0.119262695312
39242,0.125244140625
39243,0.128051757812
39244,0.108337402344
39245,0.12109375
39246,0.112121582031
39247,0.13330078125
39248,0.134155273438
39249,0.0783081054688
39250,0.112670898438
39251,0.126342773438
39252,0.106872558594
39253,0.102844238281
39254,0.126098632812
39255,0.118286132812
39256,0.112731933594
39257,0.125
39258,0.13818359375
39259,0.152587890625
39260,0.119140625
39261,0.143310546875
39262,0.138549804688
39263,0.13916015625
39264,0.142333984375
39265,0.123474121094
39266,0.143798828125
39267,0.1416015625
39268,0.120239257812
39269,0.119506835938
39270,0.1220703125
39271,0.110107421875
39272,0.123413085938
39273,0.124267578125
39274,0.149291992188
39275,0.103393554688
39276,0.0759887695312
39277,0.0804443359375
39278,0.0894165039062
39279,0.0927734375
39280,0.111450195312
39281,0.116760253906
39282,0.114196777344
39283,0.112670898438
39284,0.1220703125
39285,0.0
39286,0.00841522216797
39287,0.0189514160156
39288,0.0269927978516
39289,0.0368957519531
39290,0.0497436523438
39291,0.05615234375
39292,0.0667114257812
39293,0.0509338378906
39294,0.0709228515625
39295,0.0643920898438
39296,0.0702514648438
39297,0.0678100585938
39298,0.085205078125
39299,0.093017578125
39300,0.112915039062
39301,0.109130859375
39302,0.132568359375
39303,0.125244140625
39304,0.137084960938
39305,0.132568359375
39306,0.115783691406
39307,0.127807617188
39308,0.151733398438
39309,0.0966796875
39310,0.119079589844
39311,0.145141601562
39312,0.112243652344
39313,0.136108398438
39314,0.0927124023438
39315,0.125244140625
39316,0.125854492188
39317,0.1298828125
39318,0.139770507812
39319,0.13427734375
39320,0.130737304688
39321,0.13330078125
39322,0.12841796875
39323,0.0872192382812
39324,0.110778808594
39325,0.128051757812
39326,0.1474609375
39327,0.146118164062
39328,0.126342773438
39329,0.131469726562
39330,0.119201660156
39331,0.12646484375
39332,0.128540039062
39333,0.0787963867188
39334,0.0877075195312
39335,0.08740234375
39336,0.0905151367188
39337,0.106079101562
39338,0.132934570312
39339,0.0891723632812
39340,0.114379882812
39341,0.128784179688
39342,0.106750488281
39343,0.077880859375
39344,0.0668334960938
39345,0.0899658203125
39346,0.077392578125
39347,0.0629272460938
39348,0.072265625
39349,0.0
39350,0.00830078125
39351,0.0173950195312
39352,0.0285339355469
39353,0.0332336425781
39354,0.0456237792969
39355,0.0607604980469
39356,0.0643310546875
39357,0.0753784179688
39358,0.0545043945312
39359,0.07177734375
39360,0.0859985351562
39361,0.0929565429688
39362,0.0912475585938
39363,0.0939331054688
39364,0.0867919921875
39365,0.0958251953125
39366,0.100280761719
39367,0.125
39368,0.129638671875
39369,0.0929565429688
39370,0.11083984375
39371,0.127197265625
39372,0.113647460938
39373,0.0992431640625
39374,0.0996704101562
39375,0.0902709960938
39376,0.0726318359375
39377,0.0696411132812
39378,0.08251953125
39379,0.117797851562
39380,0.109130859375
39381,0.0765991210938
39382,0.0973510742188
39383,0.09326171875
39384,0.0768432617188
39385,0.0739135742188
39386,0.107360839844
39387,0.115661621094
39388,0.129760742188
39389,0.085205078125
39390,0.0933227539062
39391,0.107666015625
39392,0.127075195312
39393,0.140380859375
39394,0.142456054688
39395,0.158569335938
39396,0.111267089844
39397,0.122497558594
39398,0.127075195312
39399,0.139282226562
39400,0.141967773438
39401,0.118469238281
39402,0.12744140625
39403,0.137817382812
39404,0.0925903320312
39405,0.101135253906
39406,0.114501953125
39407,0.121520996094
39408,0.105895996094
39409,0.120056152344
39410,0.138061523438
39411,0.144165039062
39412,0.154541015625
39413,0.0
39414,0.0340270996094
39415,0.0599975585938
39416,0.076171875
39417,0.0906372070312
39418,0.0963745117188
39419,0.0731811523438
39420,0.103332519531
39421,0.120849609375
39422,0.149291992188
39423,0.0833129882812
39424,0.0619506835938
39425,0.0711059570312
39426,0.0858764648438
39427,0.0822143554688
39428,0.0592956542969
39429,0.0637817382812
39430,0.064697265625
39431,0.0708618164062
39432,0.0757446289062
39433,0.080322265625
39434,0.0942993164062
39435,0.0916748046875
39436,0.0869750976562
39437,0.0858764648438
39438,0.092041015625
39439,0.107482910156
39440,0.103698730469
39441,0.11572265625
39442,0.120239257812
39443,0.12939453125
39444,0.145263671875
39445,0.0828857421875
39446,0.106994628906
39447,0.113708496094
39448,0.105041503906
39449,0.101623535156
39450,0.098388671875
39451,0.0631103515625
39452,0.09619140625
39453,0.0999755859375
39454,0.115295410156
39455,0.110473632812
39456,0.100463867188
39457,0.0997314453125
39458,0.0859375
39459,0.0974731445312
39460,0.111450195312
39461,0.124267578125
39462,0.125
39463,0.129516601562
39464,0.138305664062
39465,0.130249023438
39466,0.12646484375
39467,0.107543945312
39468,0.118469238281
39469,0.13037109375
39470,0.130249023438
39471,0.145141601562
39472,0.118286132812
39473,0.100341796875
39474,0.0939331054688
39475,0.09423828125
39476,0.0758666992188
39477,0.0
39478,0.0212707519531
39479,0.0327758789062
39480,0.0360412597656
39481,0.04345703125
39482,0.0456237792969
39483,0.0648193359375
39484,0.0670166015625
39485,0.073486328125
39486,0.0833740234375
39487,0.0905151367188
39488,0.09130859375
39489,0.113708496094
39490,0.0808715820312
39491,0.078369140625
39492,0.0809936523438
39493,0.083251953125
39494,0.080322265625
39495,0.0848388671875
39496,0.08642578125
39497,0.100280761719
39498,0.101440429688
39499,0.119018554688
39500,0.10400390625
39501,0.09912109375
39502,0.0975952148438
39503,0.09716796875
39504,0.1064453125
39505,0.101867675781
39506,0.110961914062
39507,0.107055664062
39508,0.093994140625
39509,0.112670898438
39510,0.122619628906
39511,0.120056152344
39512,0.123596191406
39513,0.106140136719
39514,0.13134765625
39515,0.119445800781
39516,0.130126953125
39517,0.135864257812
39518,0.139892578125
39519,0.139282226562
39520,0.112854003906
39521,0.0738525390625
39522,0.0923461914062
39523,0.104858398438
39524,0.12744140625
39525,0.106323242188
39526,0.12255859375
39527,0.106750488281
39528,0.137817382812
39529,0.104675292969
39530,0.122192382812
39531,0.125854492188
39532,0.136596679688
39533,0.119873046875
39534,0.110412597656
39535,0.143188476562
39536,0.14892578125
39537,0.137573242188
39538,0.141479492188
39539,0.1533203125
39540,0.155151367188
39541,0.0
39542,0.0149154663086
39543,0.0234527587891
39544,0.0308380126953
39545,0.0375671386719
39546,0.0429992675781
39547,0.0438232421875
39548,0.0534057617188
39549,0.066650390625
39550,0.0780639648438
39551,0.0912475585938
39552,0.0951538085938
39553,0.109069824219
39554,0.101257324219
39555,0.0997924804688
39556,0.0572814941406
39557,0.0812377929688
39558,0.098388671875
39559,0.093505859375
39560,0.111267089844
39561,0.124450683594
39562,0.12841796875
39563,0.120483398438
39564,0.0848999023438
39565,0.0919189453125
39566,0.0908203125
39567,0.10595703125
39568,0.125854492188
39569,0.138916015625
39570,0.122314453125
39571,0.137939453125
39572,0.146118164062
39573,0.146850585938
39574,0.1396484375
39575,0.14599609375
39576,0.152709960938
39577,0.1474609375
39578,0.152587890625
39579,0.0994873046875
39580,0.11376953125
39581,0.139526367188
39582,0.157104492188
39583,0.161376953125
39584,0.173095703125
39585,0.100280761719
39586,0.0825805664062
39587,0.116882324219
39588,0.112243652344
39589,0.110168457031
39590,0.0891723632812
39591,0.102783203125
39592,0.124633789062
39593,0.131958007812
39594,0.146240234375
39595,0.116821289062
39596,0.106262207031
39597,0.120361328125
39598,0.116149902344
39599,0.136840820312
39600,0.1279296875
39601,0.150024414062
39602,0.160766601562
39603,0.146850585938
39604,0.157958984375
39605,0.0
39606,0.0120391845703
39607,0.0236358642578
39608,0.0368957519531
39609,0.0421142578125
39610,0.0459899902344
39611,0.0545349121094
39612,0.063720703125
39613,0.0526123046875
39614,0.07177734375
39615,0.090576171875
39616,0.0953979492188
39617,0.115173339844
39618,0.116882324219
39619,0.12548828125
39620,0.132568359375
39621,0.09228515625
39622,0.0646362304688
39623,0.0787963867188
39624,0.0863037109375
39625,0.0719604492188
39626,0.0909423828125
39627,0.0740966796875
39628,0.07373046875
39629,0.0953369140625
39630,0.09130859375
39631,0.103576660156
39632,0.119262695312
39633,0.0955200195312
39634,0.115905761719
39635,0.10498046875
39636,0.13671875
39637,0.160766601562
39638,0.154174804688
39639,0.16259765625
39640,0.1474609375
39641,0.163330078125
39642,0.153564453125
39643,0.108520507812
39644,0.1376953125
39645,0.104614257812
39646,0.0827026367188
39647,0.098388671875
39648,0.121948242188
39649,0.126342773438
39650,0.131225585938
39651,0.127197265625
39652,0.137329101562
39653,0.112121582031
39654,0.121887207031
39655,0.129150390625
39656,0.122985839844
39657,0.12841796875
39658,0.132568359375
39659,0.112243652344
39660,0.0958251953125
39661,0.118530273438
39662,0.129638671875
39663,0.14599609375
39664,0.150146484375
39665,0.116882324219
39666,0.0946044921875
39667,0.099365234375
39668,0.094970703125
39669,0.0
39670,0.0089111328125
39671,0.0270690917969
39672,0.0369567871094
39673,0.0370483398438
39674,0.0452880859375
39675,0.0467834472656
39676,0.0452270507812
39677,0.048583984375
39678,0.0487365722656
39679,0.0555419921875
39680,0.0602722167969
39681,0.0635375976562
39682,0.0786743164062
39683,0.0759887695312
39684,0.0731811523438
39685,0.0794677734375
39686,0.0848388671875
39687,0.0919799804688
39688,0.0977172851562
39689,0.108093261719
39690,0.0880126953125
39691,0.103942871094
39692,0.114135742188
39693,0.110778808594
39694,0.107055664062
39695,0.123962402344
39696,0.100280761719
39697,0.122009277344
39698,0.139526367188
39699,0.110046386719
39700,0.102783203125
39701,0.0961303710938
39702,0.0856323242188
39703,0.0794677734375
39704,0.0914306640625
39705,0.111206054688
39706,0.125244140625
39707,0.128784179688
39708,0.072509765625
39709,0.101135253906
39710,0.11669921875
39711,0.130126953125
39712,0.1103515625
39713,0.0994873046875
39714,0.117980957031
39715,0.12841796875
39716,0.106628417969
39717,0.118286132812
39718,0.121276855469
39719,0.126342773438
39720,0.122619628906
39721,0.150756835938
39722,0.13818359375
39723,0.123596191406
39724,0.118835449219
39725,0.130493164062
39726,0.141235351562
39727,0.114562988281
39728,0.139038085938
39729,0.150268554688
39730,0.164916992188
39731,0.136474609375
39732,0.0917358398438
39733,0.0
39734,0.0078125
39735,0.0189361572266
39736,0.028564453125
39737,0.0503845214844
39738,0.0531005859375
39739,0.0618286132812
39740,0.0905151367188
39741,0.110168457031
39742,0.113098144531
39743,0.128173828125
39744,0.12548828125
39745,0.119689941406
39746,0.113342285156
39747,0.124694824219
39748,0.14794921875
39749,0.123046875
39750,0.101928710938
39751,0.10791015625
39752,0.119750976562
39753,0.13671875
39754,0.0963745117188
39755,0.101013183594
39756,0.0878295898438
39757,0.0563354492188
39758,0.0739135742188
39759,0.0907592773438
39760,0.0814819335938
39761,0.0928344726562
39762,0.0958251953125
39763,0.0733642578125
39764,0.0984497070312
39765,0.105102539062
39766,0.091064453125
39767,0.101501464844
39768,0.100219726562
39769,0.0947265625
39770,0.114379882812
39771,0.0986938476562
39772,0.09619140625
39773,0.0974731445312
39774,0.109069824219
39775,0.122619628906
39776,0.122497558594
39777,0.122863769531
39778,0.119079589844
39779,0.135864257812
39780,0.116638183594
39781,0.119201660156
39782,0.131469726562
39783,0.1396484375
39784,0.120239257812
39785,0.12548828125
39786,0.135131835938
39787,0.150024414062
39788,0.080078125
39789,0.113708496094
39790,0.135009765625
39791,0.15185546875
39792,0.157836914062
39793,0.118225097656
39794,0.101989746094
39795,0.0995483398438
39796,0.0803833007812
39797,0.0
39798,0.0106735229492
39799,0.0216217041016
39800,0.0315551757812
39801,0.0426635742188
39802,0.0423889160156
39803,0.0512084960938
39804,0.0553283691406
39805,0.06494140625
39806,0.0750122070312
39807,0.0592651367188
39808,0.0637817382812
39809,0.0704956054688
39810,0.0810546875
39811,0.0745849609375
39812,0.0885009765625
39813,0.0831298828125
39814,0.0745849609375
39815,0.0693969726562
39816,0.0726928710938
39817,0.0770263671875
39818,0.0872802734375
39819,0.0908813476562
39820,0.098388671875
39821,0.0936279296875
39822,0.0847778320312
39823,0.0912475585938
39824,0.11474609375
39825,0.103576660156
39826,0.104431152344
39827,0.0956420898438
39828,0.118103027344
39829,0.134155273438
39830,0.13818359375
39831,0.142578125
39832,0.148559570312
39833,0.157958984375
39834,0.146850585938
39835,0.0744018554688
39836,0.1171875
39837,0.115356445312
39838,0.123046875
39839,0.102661132812
39840,0.122985839844
39841,0.121276855469
39842,0.111694335938
39843,0.119262695312
39844,0.12890625
39845,0.141357421875
39846,0.145141601562
39847,0.09765625
39848,0.13818359375
39849,0.114379882812
39850,0.125732421875
39851,0.155517578125
39852,0.1494140625
39853,0.119323730469
39854,0.118347167969
39855,0.129150390625
39856,0.142333984375
39857,0.124145507812
39858,0.118408203125
39859,0.134521484375
39860,0.1044921875
39861,0.0
39862,0.00946044921875
39863,0.0217895507812
39864,0.0326232910156
39865,0.0505065917969
39866,0.0545349121094
39867,0.0723876953125
39868,0.076904296875
39869,0.0887451171875
39870,0.109375
39871,0.101196289062
39872,0.0807495117188
39873,0.080078125
39874,0.0767822265625
39875,0.072265625
39876,0.085693359375
39877,0.110046386719
39878,0.0886840820312
39879,0.111328125
39880,0.12158203125
39881,0.141357421875
76637,0.112609863281
76638,0.107482910156
76640,0.130981445312
76641,0.143310546875
76642,0.162719726562
76643,0.100524902344
76644,0.118530273438
76645,0.0
76646,0.00744247436523
76647,0.0201873779297
76648,0.0295715332031
76649,0.0453796386719
76650,0.0657958984375
76651,0.0423278808594
76652,0.0725708007812
76653,0.0875244140625
76654,0.0881958007812
76655,0.094482421875
76656,0.0985107421875
76657,0.0741577148438
76658,0.0958251953125
76659,0.122802734375
76660,0.119384765625
76661,0.1416015625
76662,0.0806884765625
76663,0.0796508789062
76664,0.0809326171875
76665,0.07958984375
76666,0.0753173828125
76667,0.0888061523438
76668,0.102783203125
76669,0.1083984375
76670,0.12353515625
76671,0.132934570312
76672,0.15625
76673,0.147338867188
76674,0.16552734375
76675,0.16162109375
76676,0.154296875
76677,0.153442382812
76678,0.1474609375
76679,0.163452148438
76680,0.13671875
76681,0.1376953125
76682,0.146118164062
76683,0.147583007812
76684,0.151489257812
76685,0.15283203125
76686,0.1455078125
76687,0.16552734375
76688,0.1240234375
76689,0.154174804688
76690,0.145141601562
76691,0.144287109375
76692,0.155029296875
76693,0.14794921875
76694,0.148315429688
76695,0.16455078125
76696,0.1396484375
76697,0.117370605469
76698,0.093994140625
76699,0.109985351562
76700,0.136352539062
76701,0.135009765625
76702,0.139282226562
76703,0.153930664062
76704,0.151733398438
76705,0.155517578125
76706,0.151977539062
76707,0.163818359375
76708,0.17138671875
76709,0.0
76710,0.00910949707031
76711,0.0229034423828
76712,0.0263977050781
76713,0.0386962890625
76714,0.0362243652344
76715,0.0480346679688
76716,0.0451965332031
76717,0.0458679199219
76718,0.0513000488281
76719,0.0613098144531
76720,0.0603637695312
76721,0.0578918457031
76722,0.0586853027344
76723,0.066650390625
76724,0.0752563476562
76725,0.0814819335938
76726,0.0657348632812
76727,0.0904541015625
76728,0.0875244140625
76729,0.084716796875
76730,0.084228515625
76731,0.112365722656
76732,0.124572753906
76733,0.114685058594
76734,0.1298828125
76735,0.146850585938
76736,0.138793945312
76737,0.119384765625
76738,0.125244140625
76739,0.132934570312
76740,0.0687255859375
76741,0.108032226562
76742,0.119873046875
76743,0.115417480469
76744,0.143798828125
76745,0.13916015625
76746,0.123168945312
76747,0.1513671875
76748,0.152587890625
76749,0.158081054688
76750,0.142944335938
76751,0.103332519531
76752,0.101745605469
76753,0.110534667969
76754,0.142578125
76755,0.132690429688
76756,0.146850585938
76757,0.0859375
76758,0.1123046875
76759,0.133544921875
76760,0.13818359375
76761,0.140747070312
76762,0.146850585938
76763,0.142700195312
76764,0.148803710938
76765,0.155639648438
76766,0.1259765625
76767,0.109802246094
76768,0.138305664062
76769,0.148071289062
76770,0.0798950195312
76771,0.096923828125
76772,0.0930786132812
76773,0.0
76774,0.00837707519531
76775,0.0186920166016
76776,0.0294189453125
76777,0.0344848632812
76778,0.0527954101562
76779,0.0615234375
76780,0.091064453125
76781,0.115783691406
76782,0.106140136719
76783,0.126342773438
76784,0.14892578125
76785,0.124389648438
76786,0.115478515625
76787,0.143798828125
76788,0.1357421875
76789,0.137451171875
76790,0.147216796875
76791,0.111694335938
76792,0.12646484375
76793,0.118713378906
76794,0.12646484375
76795,0.12646484375
76796,0.15234375
76797,0.159912109375
76798,0.15087890625
76799,0.135009765625
76800,0.152221679688
76801,0.161376953125
76802,0.14599609375
76803,0.168334960938
76804,0.167358398438
76805,0.1787109375
76806,0.160766601562
76807,0.171997070312
76808,0.113098144531
76809,0.147216796875
76810,0.1796875
76811,0.181762695312
76812,0.141723632812
76813,0.155151367188
76814,0.16845703125
76815,0.123474121094
76816,0.132934570312
76817,0.153564453125
76818,0.12890625
76819,0.148803710938
76820,0.0762939453125
76821,0.0923461914062
76822,0.143798828125
76823,0.165649414062
76824,0.156616210938
76825,0.147338867188
76826,0.143676757812
76827,0.1181640625
76828,0.135498046875
76829,0.121948242188
76830,0.146118164062
76831,0.116943359375
76832,0.15380859375
76833,0.170288085938
76834,0.163452148438
76835,0.182250976562
76836,0.158935546875
76837,0.0
76838,0.016357421875
76839,0.0338134765625
76840,0.0309906005859
76841,0.0464782714844
76842,0.047119140625
76843,0.0507507324219
76844,0.0531005859375
76845,0.0613708496094
76846,0.0712890625
76847,0.0720825195312
76848,0.0811767578125
76849,0.0804443359375
76850,0.0996704101562
76851,0.109069824219
76852,0.107849121094
76853,0.117858886719
76854,0.088134765625
76855,0.0885620117188
76856,0.0662231445312
76857,0.07080078125
76858,0.0925903320312
76859,0.102416992188
76860,0.111022949219
76861,0.130249023438
76862,0.141479492188
76863,0.151245117188
76864,0.145141601562
76865,0.139526367188
76866,0.114929199219
76867,0.146362304688
76868,0.1513671875
76869,0.15966796875
76870,0.117126464844
76871,0.116149902344
76872,0.104370117188
76873,0.101806640625
76874,0.109497070312
76875,0.10693359375
76876,0.103393554688
76877,0.139282226562
76878,0.0941772460938
76879,0.1240234375
76880,0.109558105469
76881,0.134643554688
76882,0.124084472656
76883,0.111145019531
76884,0.0950927734375
76885,0.112487792969
76886,0.1298828125
76887,0.132202148438
76888,0.135498046875
76889,0.14306640625
76890,0.128662109375
76891,0.115051269531
76892,0.13134765625
76893,0.14404296875
76894,0.129516601562
76895,0.134887695312
76896,0.135986328125
76897,0.130126953125
76898,0.13232421875
76899,0.110473632812
76900,0.135864257812
76901,0.0
76902,0.00691986083984
76903,0.01513671875
76904,0.0241088867188
76905,0.0300140380859
76906,0.0356140136719
76907,0.0415344238281
76908,0.0450134277344
76909,0.0486755371094
76910,0.0438842773438
76911,0.0481872558594
76912,0.0585327148438
76913,0.0640869140625
76914,0.0745239257812
76915,0.0839233398438
76916,0.0806884765625
76917,0.07373046875
76918,0.072509765625
76919,0.0841064453125
76920,0.0944213867188
76921,0.09619140625
76922,0.111938476562
76923,0.0940551757812
76924,0.087646484375
76925,0.0795288085938
76926,0.0955200195312
76927,0.114196777344
76928,0.126708984375
76929,0.093505859375
76930,0.0803833007812
76931,0.104370117188
76932,0.105407714844
76933,0.0968627929688
76934,0.080322265625
76935,0.0947875976562
76936,0.0740966796875
76937,0.0714721679688
76938,0.0897827148438
76939,0.0714721679688
76940,0.0661010742188
76941,0.0827026367188
76942,0.0777587890625
76943,0.0819702148438
76944,0.068603515625
76945,0.081298828125
76946,0.102294921875
76947,0.109985351562
76948,0.112060546875
76949,0.130859375
76950,0.142211914062
76951,0.159423828125
76952,0.135620117188
76953,0.143798828125
76954,0.1552734375
76955,0.167358398438
76956,0.126953125
76957,0.1484375
76958,0.146728515625
76959,0.144775390625
76960,0.13427734375
76961,0.149536132812
76962,0.14794921875
76963,0.138549804688
76964,0.123413085938
76965,0.0
76966,0.00740814208984
76967,0.0133285522461
76968,0.0289154052734
76969,0.0355529785156
76970,0.0437927246094
76971,0.0400085449219
76972,0.0421752929688
76973,0.0437622070312
76974,0.04931640625
76975,0.0598754882812
76976,0.057373046875
76977,0.0606384277344
76978,0.067626953125
76979,0.0640869140625
76980,0.0583190917969
76981,0.0672607421875
76982,0.0887451171875
76983,0.090087890625
76984,0.0866088867188
76985,0.0890502929688
76986,0.0958251953125
76987,0.0932006835938
76988,0.099853515625
76989,0.105590820312
76990,0.116088867188
76991,0.111450195312
76992,0.115051269531
76993,0.119384765625
76994,0.1298828125
76995,0.14013671875
76996,0.142456054688
76997,0.14501953125
76998,0.08251953125
76999,0.0933837890625
77000,0.0948486328125
77001,0.11279296875
77002,0.107727050781
77003,0.118591308594
77004,0.1279296875
77005,0.126953125
77006,0.133422851562
77007,0.139526367188
77008,0.143676757812
77009,0.123962402344
77010,0.115112304688
77011,0.110290527344
77012,0.127319335938
77013,0.14599609375
77014,0.1337890625
77015,0.146118164062
77016,0.142578125
77017,0.15283203125
77018,0.139892578125
77019,0.154174804688
77020,0.12939453125
77021,0.13818359375
77022,0.149780273438
77023,0.15576171875
77024,0.16162109375
77025,0.156616210938
77026,0.1259765625
77027,0.089599609375
77028,0.120239257812
77029,0.0
77030,0.0069465637207
77031,0.0134811401367
77032,0.0171051025391
77033,0.0222778320312
77034,0.0382385253906
77035,0.0538330078125
77036,0.0711059570312
77037,0.101196289062
77038,0.106201171875
77039,0.107788085938
77040,0.111083984375
77041,0.126831054688
77042,0.0767822265625
77043,0.113403320312
77044,0.110595703125
77045,0.103393554688
77046,0.0938110351562
77047,0.0956420898438
77048,0.0621032714844
77049,0.065185546875
77050,0.0927734375
77051,0.0843505859375
77052,0.092041015625
77053,0.0921020507812
77054,0.0953979492188
77055,0.0985107421875
77056,0.101684570312
77057,0.103881835938
77058,0.116638183594
77059,0.125122070312
77060,0.122192382812
77061,0.122253417969
77062,0.0936889648438
77063,0.113159179688
77064,0.1171875
77065,0.1328125
77066,0.139282226562
77067,0.1357421875
77068,0.137084960938
77069,0.147705078125
77070,0.149780273438
77071,0.145874023438
77072,0.133911132812
77073,0.142211914062
77074,0.154663085938
77075,0.166137695312
77076,0.15673828125
77077,0.156982421875
77078,0.162719726562
77079,0.153442382812
77080,0.147216796875
77081,0.164306640625
77082,0.154418945312
77083,0.152587890625
77084,0.153442382812
77085,0.139892578125
77086,0.162475585938
77087,0.142333984375
77088,0.142578125
77089,0.1318359375
77090,0.145629882812
77091,0.145874023438
77092,0.16650390625
77093,0.0
77094,0.00791931152344
77095,0.0150833129883
77096,0.0246429443359
77097,0.0358581542969
77098,0.0470581054688
77099,0.0528869628906
77100,0.0556945800781
77101,0.055419921875
77102,0.0698852539062
77103,0.0880737304688
77104,0.0962524414062
77105,0.0830078125
77106,0.1083984375
77107,0.124084472656
77108,0.123474121094
77109,0.139404296875
77110,0.140625
77111,0.152709960938
77112,0.119995117188
77113,0.1396484375
77114,0.148071289062
77115,0.15380859375
77116,0.095458984375
77117,0.117126464844
77118,0.139892578125
77119,0.151245117188
77120,0.157104492188
77121,0.169921875
77122,0.149047851562
77123,0.147216796875
77124,0.153442382812
77125,0.153564453125
77126,0.158081054688
77127,0.142944335938
77128,0.1572265625
77129,0.116760253906
77130,0.12060546875
77131,0.13623046875
77132,0.14892578125
77133,0.150756835938
77134,0.144165039062
77135,0.15234375
77136,0.157104492188
77137,0.149169921875
77138,0.136840820312
77139,0.153442382812
77140,0.15869140625
77141,0.177368164062
77142,0.123901367188
77143,0.135375976562
77144,0.13525390625
77145,0.1337890625
77146,0.145263671875
77147,0.15673828125
77148,0.136474609375
77149,0.136596679688
77150,0.116760253906
77151,0.148315429688
77152,0.137084960938
77153,0.1171875
77154,0.119445800781
77155,0.122741699219
77156,0.134399414062
77157,0.0
77158,0.00613403320312
77159,0.0134506225586
77160,0.0198211669922
77161,0.0407409667969
77162,0.0439453125
77163,0.0451965332031
77164,0.0473937988281
77165,0.0510864257812
77166,0.0511474609375
77167,0.0525512695312
77168,0.0556945800781
77169,0.074951171875
77170,0.066162109375
77171,0.07421875
77172,0.0675659179688
77173,0.0908203125
77174,0.101928710938
77175,0.115478515625
77176,0.109619140625
77177,0.0814208984375
77178,0.09619140625
77179,0.0953369140625
77180,0.078125
77181,0.0907592773438
77182,0.0969848632812
77183,0.09716796875
77184,0.111145019531
77185,0.125
77186,0.0667724609375
77187,0.0987548828125
77188,0.0984497070312
77189,0.0833740234375
77190,0.0970458984375
77191,0.115661621094
77192,0.106201171875
77193,0.120300292969
77194,0.13232421875
77195,0.1435546875
77196,0.119873046875
77197,0.13916015625
77198,0.0814208984375
77199,0.115356445312
77200,0.124694824219
77201,0.138061523438
77202,0.138061523438
77203,0.147338867188
77204,0.14697265625
77205,0.15625
77206,0.15869140625
77207,0.16259765625
77208,0.164916992188
77209,0.0814819335938
77210,0.0891723632812
77211,0.140014648438
77212,0.138549804688
77213,0.165893554688
77214,0.135375976562
77215,0.137329101562
77216,0.128784179688
77217,0.129638671875
77218,0.140502929688
77219,0.141723632812
77220,0.0908203125
77221,0.0
77222,0.0165863037109
77223,0.0171356201172
77224,0.0275115966797
77225,0.0413513183594
77226,0.0474243164062
77227,0.0389709472656
77228,0.0457763671875
77229,0.0579223632812
77230,0.076171875
77231,0.0622863769531
77232,0.0784912109375
77233,0.078369140625
77234,0.0964965820312
77235,0.10986328125
77236,0.104736328125
77237,0.105590820312
77238,0.0847778320312
77239,0.107482910156
77240,0.107849121094
77241,0.111206054688
77242,0.106689453125
77243,0.113525390625
77244,0.135498046875
77245,0.151000976562
77246,0.1435546875
77247,0.153442382812
77248,0.132202148438
77249,0.145141601562
77250,0.121948242188
77251,0.142578125
77252,0.146484375
77253,0.108825683594
77254,0.135864257812
77255,0.144409179688
77256,0.1455078125
77257,0.155151367188
77258,0.14794921875
77259,0.096923828125
77260,0.102844238281
77261,0.0966186523438
77262,0.08837890625
77263,0.12255859375
77264,0.140869140625
77265,0.0938110351562
77266,0.119506835938
77267,0.140380859375
77268,0.0913696289062
77269,0.120788574219
77270,0.113586425781
77271,0.142211914062
77272,0.142944335938
77273,0.150390625
77274,0.129516601562
77275,0.142822265625
77276,0.145385742188
77277,0.123779296875
77278,0.147583007812
77279,0.148681640625
77280,0.155639648438
77281,0.156982421875
77282,0.1298828125
77283,0.167846679688
77284,0.112060546875
77285,0.0
77286,0.00869750976562
77287,0.0188446044922
77288,0.0262756347656
77289,0.0332946777344
77290,0.0445556640625
77291,0.0465698242188
77292,0.0404663085938
77293,0.0609741210938
77294,0.064453125
77295,0.067138671875
77296,0.0860595703125
77297,0.0575561523438
77298,0.0924072265625
77299,0.0907592773438
77300,0.0941772460938
77301,0.087890625
77302,0.105529785156
77303,0.106872558594
77304,0.133178710938
77305,0.127807617188
77306,0.121704101562
77307,0.122009277344
77308,0.13037109375
77309,0.0984497070312
77310,0.102355957031
77311,0.13427734375
77312,0.133911132812
77313,0.143310546875
77314,0.106079101562
77315,0.129638671875
77316,0.142211914062
77317,0.146240234375
77318,0.132080078125
77319,0.142456054688
77320,0.134765625
77321,0.114624023438
77322,0.138916015625
77323,0.13037109375
77324,0.12109375
77325,0.136596679688
77326,0.105163574219
77327,0.116088867188
77328,0.0900268554688
77329,0.0958862304688
77330,0.0653076171875
77331,0.07421875
77332,0.0825805664062
77333,0.0990600585938
77334,0.128173828125
77335,0.131225585938
77336,0.116088867188
77337,0.14013671875
77338,0.150024414062
77339,0.131713867188
77340,0.14111328125
77341,0.132202148438
77342,0.147216796875
77343,0.152587890625
77344,0.122741699219
77345,0.138549804688
77346,0.154174804688
77347,0.141357421875
77348,0.144653320312
77349,0.0
77350,0.0106811523438
77351,0.0188293457031
77352,0.0199890136719
77353,0.0297546386719
77354,0.0379638671875
77355,0.0413208007812
77356,0.0445556640625
77357,0.0504455566406
77358,0.0567626953125
77359,0.0565795898438
77360,0.0668334960938
77361,0.080322265625
77362,0.0613403320312
77363,0.0642700195312
77364,0.0491333007812
77365,0.0699462890625
77366,0.0733032226562
77367,0.10009765625
77368,0.07861328125
77369,0.0719604492188
77370,0.0801391601562
77371,0.079833984375
77372,0.0865478515625
77373,0.103820800781
77374,0.11474609375
77375,0.113708496094
77376,0.1044921875
77377,0.111694335938
77378,0.108642578125
77379,0.101745605469
77380,0.0973510742188
77381,0.0750122070312
77382,0.11181640625
77383,0.117919921875
77384,0.117614746094
77385,0.106567382812
77386,0.112487792969
77387,0.0886840820312
77388,0.110290527344
77389,0.129516601562
77390,0.133178710938
77391,0.0961303710938
77392,0.119445800781
77393,0.12646484375
77394,0.12548828125
77395,0.13232421875
77396,0.132446289062
77397,0.129638671875
77398,0.126586914062
77399,0.131958007812
77400,0.11572265625
77401,0.119140625
77402,0.132568359375
77403,0.120727539062
77404,0.125366210938
77405,0.139404296875
77406,0.144287109375
77407,0.14208984375
77408,0.144165039062
77409,0.153686523438
77410,0.129638671875
77411,0.127075195312
77412,0.106323242188
77413,0.0
77414,0.0120391845703
77415,0.0211029052734
77416,0.0277557373047
77417,0.0364074707031
77418,0.0448303222656
77419,0.0559387207031
77420,0.0687255859375
77422,0.066650390625
77423,0.0652465820312
77424,0.0669555664062
77425,0.0685424804688
77426,0.0620422363281
77427,0.0761108398438
77428,0.078125
77429,0.0823974609375
77430,0.100402832031
77431,0.07177734375
77432,0.0764770507812
77433,0.101501464844
77434,0.108825683594
77435,0.121337890625
77436,0.126342773438
77437,0.138427734375
77438,0.116821289062
77439,0.129516601562
77440,0.127807617188
77441,0.120178222656
77442,0.11669921875
77443,0.125732421875
77444,0.137573242188
77445,0.125366210938
77446,0.14306640625
77447,0.158081054688
77448,0.0890502929688
77449,0.125366210938
77450,0.134521484375
77451,0.132568359375
77452,0.144165039062
77453,0.148315429688
77454,0.1640625
77455,0.146240234375
77456,0.157348632812
77457,0.150268554688
77458,0.153930664062
77459,0.163208007812
77460,0.1640625
77461,0.14501953125
77462,0.101623535156
77463,0.112121582031
77464,0.0975341796875
77465,0.131713867188
77466,0.130493164062
77467,0.0901489257812
77468,0.099365234375
77469,0.088623046875
77470,0.105041503906
77471,0.11669921875
77472,0.123291015625
77473,0.1533203125
77474,0.131958007812
77475,0.124938964844
77476,0.12646484375
77477,0.112548828125
77478,0.0
77479,0.0116119384766
77480,0.0171356201172
77481,0.0294494628906
77482,0.0407104492188
77483,0.040771484375
77484,0.0472106933594
77485,0.0577087402344
77486,0.0768432617188
77487,0.0686645507812
77488,0.0540161132812
77489,0.074462890625
77490,0.0753784179688
77491,0.0775146484375
77492,0.0859375
77493,0.0979614257812
77494,0.09375
77495,0.113220214844
77496,0.119262695312
77497,0.104797363281
77498,0.115844726562
77499,0.105529785156
77500,0.0975952148438
77501,0.0989990234375
77502,0.119079589844
77503,0.128540039062
77504,0.110107421875
77505,0.129028320312
77506,0.146606445312
77507,0.16162109375
77508,0.173706054688
77509,0.125
77510,0.0899658203125
77511,0.115783691406
77512,0.118041992188
77513,0.119323730469
77514,0.125244140625
77515,0.111328125
77516,0.0941162109375
77517,0.0983276367188
77518,0.0941772460938
77519,0.112731933594
77520,0.0851440429688
77521,0.088134765625
77522,0.0682983398438
77523,0.0755004882812
77524,0.0894165039062
77525,0.114440917969
77526,0.133422851562
77527,0.123901367188
77528,0.129760742188
77529,0.1142578125
77530,0.125610351562
77531,0.113525390625
77532,0.102905273438
77533,0.11376953125
77534,0.131103515625
77535,0.132934570312
77536,0.148559570312
77537,0.151611328125
77538,0.150390625
77539,0.150390625
77540,0.167114257812
77541,0.167114257812
77542,0.0
77543,0.008544921875
77544,0.0188293457031
77545,0.0275115966797
77546,0.0291137695312
77547,0.0443725585938
77548,0.0471801757812
77549,0.051513671875
77550,0.0624084472656
77551,0.076904296875
77552,0.0657348632812
77553,0.0729370117188
77554,0.0693359375
77555,0.0589904785156
77556,0.0842895507812
77557,0.0849609375
77558,0.0947265625
77559,0.0753173828125
77560,0.0761108398438
77561,0.105834960938
77562,0.110656738281
77563,0.104919433594
77564,0.10791015625
77565,0.103698730469
77566,0.102966308594
77567,0.122253417969
77568,0.0984497070312
77569,0.09375
77570,0.112609863281
77571,0.09765625
77572,0.0957641601562
77573,0.0888671875
77574,0.104187011719
77575,0.117370605469
77576,0.105346679688
77577,0.12841796875
77578,0.131591796875
77579,0.134521484375
77580,0.122497558594
77581,0.141845703125
77582,0.148559570312
77583,0.132080078125
77584,0.149047851562
77585,0.154296875
77586,0.146118164062
77587,0.134887695312
77588,0.0938720703125
77589,0.0859985351562
77590,0.115539550781
77591,0.135986328125
77592,0.154663085938
77593,0.161010742188
77594,0.155883789062
77595,0.123901367188
77596,0.0975952148438
77597,0.109497070312
77598,0.124633789062
77599,0.0969848632812
77600,0.120300292969
77601,0.114013671875
77602,0.0945434570312
77603,0.111572265625
77604,0.133544921875
77605,0.139282226562
77606,0.0
77607,0.00728988647461
77608,0.0211029052734
77609,0.0269012451172
77610,0.0361022949219
77611,0.0447692871094
77612,0.0474853515625
77613,0.0506591796875
77614,0.0594482421875
77615,0.0739135742188
77616,0.081787109375
77617,0.0736083984375
77618,0.0645141601562
77619,0.0806884765625
77620,0.083740234375
77621,0.0967407226562
77622,0.0995483398438
77623,0.0977783203125
77624,0.104248046875
77625,0.12548828125
77626,0.117980957031
77627,0.115356445312
77628,0.099365234375
77629,0.124572753906
77630,0.124450683594
77631,0.118713378906
77632,0.135620117188
77633,0.133544921875
77634,0.133544921875
77635,0.121398925781
77636,0.08203125
77637,0.10400390625
77638,0.0970458984375
77639,0.1171875
77640,0.0963745117188
77641,0.106384277344
77642,0.116333007812
77643,0.105651855469
77644,0.133422851562
77645,0.146606445312
77646,0.158813476562
77647,0.123352050781
77648,0.149291992188
77649,0.143920898438
77650,0.130737304688
77651,0.090087890625
77652,0.094970703125
77653,0.105346679688
77654,0.122680664062
77655,0.140258789062
77656,0.1318359375
77657,0.140625
77658,0.157592773438
77659,0.163452148438
77660,0.170654296875
77661,0.166748046875
77662,0.14013671875
77663,0.130004882812
77664,0.147094726562
77665,0.158813476562
77666,0.147583007812
77667,0.143920898438
77668,0.138061523438
77669,0.0901489257812
77670,0.0
77671,0.010871887207
77672,0.0167236328125
77673,0.0204315185547
77674,0.0335083007812
77675,0.0445556640625
77676,0.0526733398438
77677,0.0651245117188
77678,0.0778198242188
77679,0.0535278320312
77680,0.0692749023438
77681,0.0572204589844
77682,0.0756225585938
77683,0.0728759765625
77684,0.0841674804688
77685,0.0845336914062
77686,0.0904541015625
77687,0.108154296875
77688,0.10986328125
77689,0.0925903320312
77690,0.107116699219
77691,0.131958007812
77692,0.138061523438
77693,0.140380859375
77694,0.13720703125
77695,0.142211914062
77696,0.130859375
77697,0.1416015625
77698,0.15185546875
77699,0.1455078125
77700,0.165283203125
77701,0.130493164062
77702,0.12451171875
77703,0.112670898438
77704,0.134033203125
77705,0.104125976562
77706,0.134399414062
77707,0.146362304688
77708,0.139404296875
77709,0.149047851562
77710,0.137573242188
77711,0.0986328125
77712,0.0801391601562
77713,0.081787109375
77714,0.0828247070312
77715,0.104919433594
77716,0.122741699219
77717,0.131958007812
77718,0.122619628906
77719,0.125244140625
77720,0.140869140625
77721,0.144409179688
77722,0.145629882812
77723,0.124694824219
77724,0.119262695312
77725,0.0996704101562
77726,0.108032226562
77727,0.134887695312
77728,0.134033203125
77729,0.15185546875
77730,0.146606445312
77731,0.111877441406
77732,0.117370605469
77733,0.133422851562
77734,0.0
77735,0.00746154785156
77736,0.0171508789062
77737,0.0211944580078
77738,0.0267639160156
77739,0.0285186767578
77740,0.0392150878906
77741,0.0474853515625
77742,0.0394897460938
77743,0.0418701171875
77744,0.054931640625
77745,0.0473022460938
77746,0.0556335449219
77747,0.0641479492188
77748,0.0792236328125
77749,0.06884765625
77750,0.076171875
77751,0.0834350585938
77752,0.0933227539062
77753,0.0933837890625
77754,0.0836181640625
77755,0.0921020507812
77756,0.110717773438
77757,0.0979614257812
77758,0.109680175781
77759,0.123291015625
77760,0.131103515625
77761,0.131103515625
77762,0.113342285156
77763,0.109680175781
77764,0.133544921875
77765,0.139038085938
77766,0.143798828125
77767,0.149658203125
77768,0.1435546875
77769,0.0737915039062
77770,0.11865234375
77771,0.138549804688
77772,0.0942993164062
77773,0.0902709960938
77774,0.098876953125
77775,0.117309570312
77776,0.124389648438
77777,0.154296875
77778,0.156127929688
77779,0.16064453125
77780,0.1416015625
77781,0.152709960938
77782,0.154418945312
77783,0.161743164062
77784,0.137573242188
77785,0.0655517578125
77786,0.0625
77787,0.0741577148438
77788,0.110290527344
77789,0.126708984375
77790,0.130859375
77791,0.1474609375
77792,0.157592773438
77793,0.146484375
77794,0.104736328125
77795,0.116577148438
77796,0.0879516601562
77797,0.110046386719
77798,0.0
77799,0.00942993164062
77800,0.0161590576172
77801,0.0226440429688
77802,0.0299530029297
77803,0.0369262695312
77804,0.0426330566406
77805,0.0521850585938
77806,0.0617980957031
77807,0.0595092773438
77808,0.0657348632812
77809,0.073486328125
77810,0.086181640625
77811,0.0682373046875
77812,0.0875244140625
77813,0.104064941406
77814,0.115173339844
77815,0.12646484375
77816,0.132080078125
77817,0.12744140625
77818,0.121887207031
77819,0.115478515625
77820,0.122009277344
77821,0.0921630859375
77822,0.10546875
77823,0.108764648438
77824,0.114074707031
77825,0.080078125
77826,0.0977783203125
77827,0.0870971679688
77828,0.0906982421875
77829,0.106689453125
77830,0.104064941406
77831,0.112976074219
77832,0.120788574219
77833,0.133544921875
77834,0.0883178710938
77835,0.0985717773438
77836,0.0791625976562
77837,0.0933227539062
77838,0.0883178710938
77839,0.0861206054688
77840,0.103149414062
77841,0.131713867188
77842,0.126220703125
77843,0.124755859375
77844,0.135375976562
77845,0.140747070312
77846,0.125610351562
77847,0.110412597656
77848,0.104309082031
77849,0.0784912109375
77850,0.0811767578125
77851,0.0869750976562
77852,0.1142578125
77853,0.111694335938
77854,0.111877441406
77855,0.123168945312
77856,0.136840820312
77857,0.137817382812
77858,0.120727539062
77859,0.119323730469
77860,0.0850219726562
77861,0.112121582031
77862,0.0
77863,0.00858306884766
77864,0.0308532714844
77865,0.0282287597656
77866,0.0357666015625
77867,0.0504760742188
77868,0.056884765625
77869,0.0538024902344
77870,0.0650024414062
77871,0.0692749023438
77872,0.0636596679688
77873,0.08154296875
77874,0.0861206054688
77875,0.092041015625
77876,0.0865478515625
77877,0.09228515625
77878,0.080322265625
77879,0.107727050781
77880,0.112487792969
77881,0.117614746094
77882,0.122863769531
77883,0.118957519531
77884,0.134521484375
77885,0.122619628906
77886,0.0923461914062
77887,0.102478027344
77888,0.10205078125
77889,0.114318847656
77890,0.124694824219
77891,0.144653320312
77892,0.14404296875
77893,0.113403320312
77894,0.0926513671875
77895,0.0983276367188
77896,0.10888671875
77897,0.113647460938
77898,0.119323730469
77899,0.1376953125
77900,0.116638183594
77901,0.136474609375
77902,0.130859375
77903,0.149780273438
77904,0.0729370117188
77905,0.0687255859375
77906,0.0852661132812
77907,0.117309570312
77908,0.109130859375
77909,0.109375
77910,0.110595703125
77911,0.110656738281
77912,0.135131835938
77913,0.0968017578125
77914,0.0845336914062
77915,0.111694335938
77916,0.13720703125
77917,0.145141601562
77918,0.116577148438
77919,0.1328125
77920,0.0870361328125
77921,0.107238769531
77922,0.1279296875
77923,0.114624023438
77924,0.108276367188
77925,0.118286132812
77926,0.0
77927,0.0146942138672
77928,0.0215759277344
77929,0.0341186523438
77930,0.0413208007812
77931,0.0379638671875
77932,0.049560546875
77933,0.0588684082031
77934,0.0692138671875
77935,0.0863037109375
77936,0.0840454101562
77937,0.0921020507812
77938,0.105224609375
77939,0.102478027344
77940,0.0849609375
77941,0.095458984375
77942,0.106079101562
77943,0.121032714844
77944,0.0961303710938
77945,0.119750976562
77946,0.11376953125
77947,0.102783203125
77948,0.108215332031
77949,0.0999755859375
77950,0.0960693359375
77951,0.0939331054688
77952,0.115417480469
77953,0.111022949219
77954,0.108032226562
77955,0.124389648438
77956,0.100708007812
77957,0.0994873046875
77958,0.10498046875
77959,0.126708984375
77960,0.118103027344
77961,0.107421875
77962,0.120666503906
77963,0.134643554688
77964,0.133056640625
77965,0.142578125
77966,0.137573242188
77967,0.145874023438
77968,0.130249023438
77969,0.126342773438
77970,0.1171875
77971,0.100402832031
77972,0.100036621094
77973,0.100402832031
77974,0.123840332031
77975,0.117858886719
77976,0.105529785156
77977,0.116638183594
77978,0.131591796875
77979,0.111511230469
77980,0.111145019531
77981,0.11376953125
77982,0.113891601562
77983,0.0972900390625
77984,0.103271484375
77985,0.1357421875
77986,0.140747070312
77987,0.144897460938
77988,0.130859375
77989,0.144897460938
77990,0.0
77991,0.00497436523438
77992,0.0146331787109
77993,0.0232238769531
77994,0.0318908691406
77995,0.045166015625
77996,0.0387573242188
77997,0.0498962402344
77998,0.0662841796875
77999,0.0829467773438
78000,0.094482421875
78001,0.113708496094
78002,0.120971679688
78003,0.0834350585938
78004,0.0899658203125
78005,0.0977172851562
78006,0.072998046875
78007,0.0806884765625
78008,0.097412109375
78009,0.1162109375
78010,0.120849609375
78011,0.151000976562
78012,0.10498046875
78013,0.0989379882812
78014,0.103393554688
78015,0.113525390625
78016,0.0782470703125
78017,0.09423828125
78018,0.127197265625
78019,0.120788574219
78020,0.138427734375
78021,0.07470703125
78022,0.0853271484375
78023,0.0955810546875
78024,0.08544921875
78025,0.0818481445312
78026,0.0940551757812
78027,0.099853515625
78028,0.123229980469
78029,0.120727539062
78030,0.143798828125
78031,0.151000976562
78032,0.135498046875
78033,0.144409179688
78034,0.143310546875
78035,0.104614257812
78036,0.114379882812
78037,0.121643066406
78038,0.143798828125
78039,0.128784179688
78040,0.0738525390625
78041,0.120971679688
78042,0.140014648438
78043,0.143676757812
78044,0.139282226562
78045,0.155395507812
78046,0.159301757812
78047,0.162475585938
78048,0.161010742188
78049,0.168090820312
78050,0.160766601562
78051,0.165283203125
78052,0.165405273438
78053,0.117492675781
78054,0.0
78055,0.0131072998047
78056,0.0202026367188
78057,0.0269470214844
78058,0.0345458984375
78059,0.0434265136719
78060,0.0499267578125
78061,0.0568542480469
78062,0.0661010742188
78063,0.0739135742188
78064,0.0667114257812
78065,0.0826416015625
78066,0.100830078125
78067,0.0896606445312
78068,0.102844238281
78069,0.113403320312
78070,0.119445800781
78071,0.127197265625
78072,0.11572265625
78073,0.130249023438
78074,0.128784179688
78075,0.12548828125
78076,0.1435546875
78077,0.147705078125
78078,0.156005859375
78079,0.1142578125
78080,0.134399414062
78081,0.12841796875
78082,0.130859375
78083,0.132080078125
78084,0.12548828125
78085,0.139282226562
78086,0.13134765625
78087,0.142456054688
78088,0.1513671875
78089,0.149658203125
78090,0.150024414062
78091,0.124877929688
78092,0.115966796875
78093,0.139282226562
78094,0.156372070312
78095,0.173706054688
78096,0.15478515625
78097,0.161987304688
78098,0.153930664062
78099,0.161865234375
78100,0.0960083007812
78101,0.0950927734375
78102,0.142700195312
78103,0.15966796875
78104,0.167846679688
78105,0.1689453125
78106,0.173095703125
78107,0.156494140625
78108,0.164428710938
78109,0.15673828125
78110,0.161865234375
78111,0.150756835938
78112,0.151000976562
78113,0.0856323242188
78114,0.0923461914062
78115,0.083740234375
78116,0.0994262695312
78117,0.139282226562
78118,0.0
78119,0.00600433349609
78120,0.0174560546875
78121,0.0227203369141
78122,0.0341491699219
78123,0.0374755859375
78124,0.0410766601562
78125,0.0527038574219
78126,0.0675659179688
78127,0.0806884765625
78128,0.0582885742188
78129,0.0736083984375
78130,0.0809936523438
78131,0.0948486328125
78132,0.0947875976562
78133,0.0985107421875
78134,0.0991821289062
78135,0.0957641601562
78136,0.107299804688
78137,0.114868164062
78138,0.127563476562
78139,0.122802734375
78140,0.135986328125
78141,0.130004882812
78142,0.107238769531
78143,0.128051757812
78144,0.140380859375
78145,0.135131835938
78146,0.130249023438
78147,0.14111328125
78148,0.121215820312
78149,0.149658203125
78150,0.138305664062
78151,0.154052734375
78152,0.13818359375
78153,0.139526367188
78154,0.141967773438
78155,0.1005859375
78156,0.124877929688
78157,0.117126464844
78158,0.141723632812
78159,0.148803710938
78160,0.1572265625
78161,0.117248535156
78162,0.1396484375
78163,0.1357421875
78164,0.102966308594
78165,0.133422851562
78166,0.149780273438
78167,0.150024414062
78168,0.144897460938
78169,0.155151367188
78170,0.156494140625
78171,0.145629882812
78172,0.14892578125
78173,0.151489257812
78174,0.159423828125
78175,0.160278320312
78176,0.153564453125
78177,0.145751953125
78178,0.124450683594
78179,0.119873046875
78180,0.129028320312
78181,0.140747070312
78182,0.0
78183,0.00827026367188
78184,0.0154342651367
78185,0.0301513671875
78186,0.02685546875
78187,0.0308532714844
78188,0.0414123535156
78189,0.0493774414062
78190,0.0585021972656
78191,0.064453125
78192,0.0588073730469
78193,0.0610046386719
78194,0.0712280273438
78195,0.069580078125
78196,0.084716796875
78197,0.0600891113281
78198,0.0747680664062
78199,0.0711059570312
78200,0.0540161132812
78201,0.0615539550781
78202,0.0772094726562
