4,0.0
5,0.0
6,0.0
7,0.0
8,0.0
9,0.0
10,0.0
11,0.0
12,0.0
13,0.0
14,0.0
15,0.0
16,0.0
17,0.0
18,0.0
19,0.0
20,0.0
21,0.0
22,0.0
23,0.0
24,0.0
25,0.0
26,0.0
27,0.0
28,0.0
29,0.0
30,0.0
31,0.0
32,0.0
33,0.0
34,0.0
35,0.0
36,0.0
37,0.0
38,0.0
39,0.0
40,0.0
41,0.0
42,0.0
43,0.0
44,0.0
45,0.0
46,0.0
47,0.0
48,0.0
49,0.0
50,0.0
51,0.0
52,0.0
53,0.0
54,0.0
55,0.0
56,0.0
57,0.0
58,0.0
59,0.0
60,0.0
61,0.0
62,0.0
63,0.0
64,0.0
65,0.0
66,0.0
67,0.0
68,0.0109634399414
69,0.0156555175781
70,0.0256195068359
71,0.0331726074219
72,0.0424499511719
73,0.0493774414062
74,0.0498962402344
75,0.0552368164062
76,0.0579833984375
77,0.0602722167969
78,0.0631103515625
79,0.0645141601562
80,0.0657348632812
81,0.063232421875
82,0.0681762695312
83,0.0640258789062
84,0.0642700195312
85,0.064697265625
86,0.0670776367188
87,0.0664672851562
88,0.0682373046875
89,0.068115234375
90,0.0697631835938
91,0.0676879882812
92,0.0671997070312
93,0.0682983398438
94,0.069091796875
95,0.068115234375
96,0.0672607421875
97,0.0619506835938
98,0.0673217773438
99,0.0670776367188
100,0.0660400390625
101,0.0631713867188
102,0.0631103515625
103,0.0645751953125
104,0.0667114257812
105,0.0661010742188
106,0.06884765625
107,0.06689453125
108,0.0658569335938
109,0.0682373046875
110,0.0690307617188
111,0.0682983398438
112,0.0662231445312
113,0.0663452148438
114,0.0640869140625
115,0.062255859375
116,0.0648193359375
117,0.0684814453125
118,0.0706176757812
119,0.0684204101562
120,0.06689453125
121,0.0655517578125
122,0.0684814453125
123,0.0648803710938
124,0.071044921875
125,0.0687866210938
126,0.0689697265625
127,0.06689453125
128,0.071044921875
129,0.0708618164062
130,0.0719604492188
131,0.0
132,0.0217132568359
133,0.0355529785156
134,0.048095703125
135,0.059814453125
136,0.06298828125
137,0.0728759765625
138,0.0775146484375
139,0.0841064453125
140,0.0841674804688
141,0.0830078125
142,0.0772705078125
143,0.0780029296875
144,0.0792846679688
145,0.0858764648438
146,0.0827026367188
147,0.0872192382812
148,0.07958984375
149,0.0809326171875
150,0.0838623046875
151,0.08837890625
152,0.089111328125
153,0.0930786132812
154,0.0904541015625
155,0.0971069335938
156,0.0953979492188
157,0.10302734375
158,0.100280761719
159,0.103637695312
160,0.0958862304688
161,0.0934448242188
162,0.0858764648438
163,0.09521484375
164,0.0895385742188
165,0.101623535156
166,0.0916137695312
167,0.0848999023438
168,0.078125
169,0.0805053710938
170,0.0799560546875
171,0.085205078125
172,0.0836791992188
173,0.0769653320312
174,0.0841064453125
175,0.0784912109375
176,0.0812377929688
177,0.0814819335938
178,0.0803833007812
179,0.0814208984375
180,0.0842895507812
181,0.0833740234375
182,0.083984375
183,0.082763671875
184,0.0867919921875
185,0.0897827148438
186,0.0906982421875
187,0.0848999023438
188,0.0879516601562
189,0.0857543945312
190,0.0827026367188
191,0.0836791992188
192,0.0844116210938
193,0.0811767578125
194,0.0831909179688
195,0.0
196,0.0206451416016
197,0.0296630859375
198,0.0451354980469
199,0.049560546875
200,0.0604248046875
201,0.0711059570312
202,0.0744018554688
203,0.076171875
204,0.0757446289062
205,0.0753784179688
206,0.0825805664062
207,0.0789794921875
208,0.0830688476562
209,0.0806884765625
210,0.0780639648438
211,0.0830078125
212,0.078125
213,0.079833984375
214,0.079345703125
215,0.0868530273438
216,0.0857543945312
217,0.0865478515625
218,0.07861328125
219,0.0878295898438
220,0.0849609375
221,0.0816650390625
222,0.0820922851562
223,0.0824584960938
224,0.0814819335938
225,0.0829467773438
226,0.0809936523438
227,0.0811157226562
228,0.07861328125
229,0.0823974609375
230,0.0779418945312
231,0.0784912109375
232,0.0765991210938
233,0.079833984375
234,0.078857421875
235,0.0779418945312
236,0.0802612304688
237,0.0825805664062
238,0.0830078125
239,0.0819091796875
240,0.082763671875
241,0.0818481445312
242,0.0812377929688
243,0.0800170898438
244,0.076904296875
245,0.082275390625
246,0.080810546875
247,0.0863647460938
248,0.0825805664062
249,0.0836791992188
250,0.0811767578125
251,0.0856323242188
252,0.0830078125
253,0.0808715820312
254,0.0818481445312
255,0.0836181640625
256,0.0797119140625
257,0.08056640625
258,0.0810546875
259,0.0
260,0.0220794677734
261,0.03076171875
262,0.0454711914062
263,0.0518188476562
264,0.0563659667969
265,0.0576171875
266,0.0660400390625
267,0.070068359375
268,0.0764770507812
269,0.0778198242188
270,0.08154296875
271,0.0808715820312
272,0.0842895507812
273,0.0783081054688
274,0.0797729492188
275,0.0852661132812
276,0.0818481445312
277,0.0784301757812
278,0.0819091796875
279,0.0842895507812
280,0.086181640625
281,0.0795288085938
282,0.0875854492188
283,0.0851440429688
284,0.0875854492188
285,0.0808715820312
286,0.08056640625
287,0.0802612304688
288,0.08154296875
289,0.0817260742188
290,0.0819091796875
291,0.0781860351562
292,0.0759887695312
293,0.0775756835938
294,0.0799560546875
295,0.08056640625
296,0.0843505859375
297,0.0863037109375
298,0.0845336914062
299,0.0784912109375
300,0.0824584960938
301,0.0787963867188
302,0.087646484375
303,0.08544921875
304,0.080322265625
305,0.0860595703125
306,0.0848388671875
307,0.0828857421875
308,0.0847778320312
309,0.0891723632812
310,0.0831298828125
311,0.0823364257812
312,0.08056640625
313,0.0830078125
314,0.0881958007812
315,0.0886840820312
316,0.081787109375
317,0.08203125
318,0.0838623046875
319,0.0908203125
320,0.0867309570312
321,0.0958862304688
322,0.0863647460938
323,0.0
324,0.0190887451172
325,0.0296020507812
326,0.0350036621094
327,0.0492553710938
328,0.0560607910156
329,0.063720703125
330,0.0692138671875
331,0.0758666992188
332,0.0839233398438
333,0.0755004882812
334,0.0792236328125
335,0.0827026367188
336,0.0724487304688
337,0.0780639648438
338,0.0823364257812
339,0.0877075195312
340,0.0796508789062
341,0.080810546875
342,0.0867919921875
343,0.085205078125
344,0.0792846679688
345,0.083740234375
346,0.0811767578125
347,0.0863647460938
348,0.0853881835938
349,0.0852661132812
350,0.085693359375
351,0.08935546875
352,0.0880126953125
353,0.08154296875
354,0.089111328125
355,0.080810546875
356,0.0913696289062
357,0.0933227539062
358,0.0870361328125
359,0.0810546875
360,0.0846557617188
361,0.0866088867188
362,0.0853881835938
363,0.0883178710938
364,0.088623046875
365,0.0836791992188
366,0.08349609375
367,0.0838012695312
368,0.082763671875
369,0.08544921875
370,0.0786743164062
371,0.0868530273438
372,0.0827026367188
373,0.0857543945312
374,0.0833740234375
375,0.0886840820312
376,0.089111328125
377,0.0868530273438
378,0.0792236328125
379,0.086669921875
380,0.080810546875
381,0.0831298828125
382,0.0848388671875
383,0.0859985351562
384,0.0886840820312
385,0.0857543945312
386,0.0828857421875
387,0.0
388,0.0220642089844
389,0.0382385253906
390,0.0479125976562
391,0.0595703125
392,0.0543823242188
393,0.0633544921875
394,0.0656127929688
395,0.069091796875
396,0.0704956054688
397,0.0735473632812
398,0.0768432617188
399,0.0780029296875
400,0.0751342773438
401,0.0772705078125
402,0.072998046875
403,0.075439453125
404,0.0742797851562
405,0.082275390625
406,0.0803833007812
407,0.0830078125
408,0.0831909179688
409,0.0906372070312
410,0.0828857421875
411,0.0829467773438
412,0.0848999023438
413,0.0848388671875
414,0.08740234375
415,0.0850830078125
416,0.0869750976562
417,0.0952758789062
418,0.09423828125
419,0.0980224609375
420,0.0975952148438
421,0.103088378906
422,0.103393554688
423,0.0944213867188
424,0.0966186523438
425,0.106384277344
426,0.091796875
427,0.0940551757812
428,0.0903930664062
429,0.0944213867188
430,0.09130859375
431,0.0875854492188
432,0.0926513671875
433,0.0866088867188
434,0.0916748046875
435,0.0767211914062
436,0.0853271484375
437,0.0782470703125
438,0.0747680664062
439,0.0757446289062
440,0.077880859375
441,0.0850219726562
442,0.0830688476562
443,0.0819702148438
444,0.08642578125
445,0.079345703125
446,0.083251953125
447,0.0894165039062
448,0.0902709960938
449,0.084716796875
450,0.0919799804688
451,0.0
452,0.0182495117188
453,0.0326843261719
454,0.0415954589844
455,0.0477600097656
456,0.0514221191406
457,0.058349609375
458,0.0653076171875
459,0.0693969726562
460,0.07177734375
461,0.0795288085938
462,0.0795288085938
463,0.0811157226562
464,0.0858154296875
465,0.0928955078125
466,0.08984375
467,0.0836791992188
468,0.0841674804688
469,0.0811157226562
470,0.0836181640625
471,0.083984375
472,0.0809326171875
473,0.0848999023438
474,0.0822143554688
475,0.084716796875
476,0.0803833007812
477,0.080322265625
478,0.0801391601562
479,0.083740234375
480,0.0864868164062
481,0.0816040039062
482,0.0881958007812
483,0.0887451171875
484,0.0821533203125
485,0.0875244140625
486,0.0814819335938
487,0.0808715820312
488,0.0826416015625
489,0.0792846679688
490,0.0822143554688
491,0.0801391601562
492,0.0809936523438
493,0.0891723632812
494,0.0913696289062
495,0.0986938476562
496,0.101013183594
497,0.0961303710938
498,0.0965576171875
499,0.0936279296875
500,0.0789794921875
501,0.0853881835938
502,0.0827026367188
503,0.0824584960938
504,0.0775146484375
505,0.0796508789062
506,0.0786743164062
507,0.0859375
508,0.0892333984375
509,0.0942993164062
510,0.0851440429688
511,0.0848388671875
512,0.0852661132812
513,0.080810546875
514,0.087890625
515,0.0
516,0.0215911865234
517,0.0352478027344
518,0.0493774414062
519,0.0592346191406
520,0.0692138671875
521,0.0575866699219
522,0.0700073242188
523,0.0739135742188
524,0.0656127929688
525,0.0720825195312
526,0.0767822265625
527,0.081787109375
528,0.0740966796875
529,0.0889892578125
530,0.078369140625
531,0.0795288085938
532,0.0796508789062
533,0.0895385742188
534,0.0942993164062
535,0.0911254882812
536,0.0967407226562
537,0.104919433594
538,0.096923828125
539,0.0967407226562
540,0.0988159179688
541,0.107727050781
542,0.0968627929688
543,0.0896606445312
544,0.08447265625
545,0.0826416015625
546,0.0794067382812
547,0.08251953125
548,0.0769653320312
549,0.0866088867188
550,0.0831298828125
551,0.08544921875
552,0.0877075195312
553,0.0900268554688
554,0.0901489257812
555,0.0870971679688
556,0.099365234375
557,0.103332519531
558,0.0916137695312
559,0.102233886719
560,0.0962524414062
561,0.102111816406
562,0.0894775390625
563,0.0966796875
564,0.0968017578125
565,0.0895385742188
566,0.0833129882812
567,0.0927124023438
568,0.0972900390625
569,0.0970458984375
570,0.0932006835938
571,0.0830688476562
572,0.09423828125
573,0.092041015625
574,0.0922241210938
575,0.100952148438
576,0.09814453125
577,0.0836791992188
578,0.088623046875
579,0.0
580,0.0195465087891
581,0.036376953125
582,0.052734375
583,0.0529174804688
584,0.06103515625
585,0.0639038085938
586,0.0730590820312
587,0.0719604492188
588,0.070556640625
589,0.0706787109375
590,0.0805053710938
591,0.0819702148438
592,0.0846557617188
593,0.0826416015625
594,0.0856323242188
595,0.0848999023438
596,0.0775146484375
597,0.0836791992188
598,0.0728759765625
599,0.07373046875
600,0.0794067382812
601,0.0805053710938
602,0.0845336914062
603,0.0814819335938
604,0.0841674804688
605,0.0811767578125
606,0.0836791992188
607,0.0830078125
608,0.0758666992188
609,0.08251953125
610,0.083740234375
611,0.090087890625
612,0.0885009765625
613,0.08642578125
614,0.0810546875
615,0.0816650390625
616,0.0848999023438
617,0.0906372070312
618,0.090087890625
619,0.104553222656
620,0.10791015625
621,0.105163574219
622,0.109558105469
623,0.1142578125
624,0.109008789062
625,0.101135253906
626,0.103149414062
627,0.100280761719
628,0.111938476562
629,0.0989379882812
630,0.109191894531
631,0.107604980469
632,0.104858398438
633,0.116394042969
634,0.110168457031
635,0.109985351562
636,0.113403320312
637,0.114379882812
638,0.110778808594
639,0.101928710938
640,0.0947265625
641,0.0935668945312
642,0.0964965820312
643,0.0
644,0.0175170898438
645,0.0248413085938
646,0.0386657714844
647,0.0481262207031
648,0.0498046875
649,0.0592651367188
650,0.0604553222656
651,0.0661010742188
652,0.076416015625
653,0.0745239257812
654,0.0794067382812
655,0.0802001953125
656,0.0776977539062
657,0.0830078125
658,0.0781860351562
659,0.0836791992188
660,0.0850830078125
661,0.0882568359375
662,0.078369140625
663,0.0830688476562
664,0.0816040039062
665,0.083251953125
666,0.0889282226562
667,0.0941162109375
668,0.0797119140625
669,0.0811157226562
670,0.0859985351562
671,0.0935668945312
672,0.0892333984375
673,0.0914916992188
674,0.0928955078125
675,0.0856323242188
676,0.0842895507812
677,0.0781860351562
678,0.0877075195312
679,0.0892333984375
680,0.093994140625
681,0.0886840820312
682,0.0977172851562
683,0.0990600585938
684,0.0873413085938
685,0.089111328125
686,0.0914306640625
687,0.0957641601562
688,0.0961303710938
689,0.0900268554688
690,0.101257324219
691,0.0870971679688
692,0.0941162109375
693,0.0965576171875
694,0.0951538085938
695,0.095458984375
696,0.0965576171875
697,0.09619140625
698,0.0833129882812
699,0.0899047851562
700,0.0929565429688
701,0.096923828125
702,0.0963745117188
703,0.0922241210938
704,0.095947265625
705,0.0972900390625
706,0.0856323242188
707,0.0
708,0.0169219970703
709,0.0293273925781
710,0.0434875488281
711,0.0526733398438
712,0.0592651367188
713,0.0630493164062
714,0.062255859375
715,0.0640869140625
716,0.0682983398438
717,0.07421875
718,0.0820922851562
719,0.0816040039062
720,0.0880737304688
721,0.0868530273438
722,0.09912109375
723,0.0845947265625
724,0.0941162109375
725,0.102111816406
726,0.0908203125
727,0.0939331054688
728,0.08837890625
729,0.091064453125
730,0.0946044921875
731,0.0825805664062
732,0.0842895507812
733,0.0903930664062
734,0.0955810546875
735,0.09716796875
736,0.103515625
737,0.0866088867188
738,0.0989379882812
739,0.0846557617188
740,0.08740234375
741,0.0928955078125
742,0.0879516601562
743,0.103332519531
744,0.101623535156
745,0.103515625
746,0.10302734375
747,0.0989990234375
748,0.078369140625
749,0.0882568359375
750,0.0863037109375
751,0.0945434570312
752,0.0866088867188
753,0.0888061523438
754,0.096923828125
755,0.0904541015625
756,0.0928955078125
757,0.102905273438
758,0.104553222656
759,0.0978393554688
760,0.0974731445312
761,0.0834350585938
762,0.0842895507812
763,0.08935546875
764,0.101684570312
765,0.0953369140625
766,0.101013183594
767,0.103271484375
768,0.112487792969
769,0.111572265625
770,0.117797851562
771,0.0
772,0.0109481811523
773,0.0223846435547
774,0.0390625
775,0.051513671875
776,0.0631103515625
777,0.0750122070312
778,0.0823974609375
779,0.0900268554688
780,0.0974731445312
781,0.104187011719
782,0.0890502929688
783,0.0888061523438
784,0.0971069335938
786,0.107604980469
787,0.114074707031
788,0.101989746094
789,0.100280761719
790,0.107238769531
791,0.108337402344
792,0.102783203125
793,0.106323242188
794,0.103942871094
795,0.113159179688
796,0.106994628906
797,0.0943603515625
798,0.10693359375
799,0.0989379882812
800,0.112487792969
801,0.0993041992188
802,0.103332519531
803,0.100830078125
804,0.103454589844
805,0.110534667969
806,0.105407714844
807,0.120666503906
808,0.115600585938
809,0.119750976562
810,0.120361328125
811,0.0966186523438
812,0.0930786132812
813,0.101440429688
814,0.107849121094
815,0.101928710938
816,0.101501464844
817,0.107788085938
818,0.106079101562
819,0.0941772460938
820,0.0941162109375
821,0.0905151367188
822,0.0948486328125
823,0.0918579101562
824,0.0879516601562
825,0.104370117188
826,0.0912475585938
827,0.0884399414062
828,0.0929565429688
829,0.0965576171875
830,0.105895996094
831,0.10888671875
832,0.100158691406
833,0.104064941406
834,0.103881835938
835,0.10791015625
836,0.0
837,0.0217742919922
838,0.0386657714844
839,0.0533142089844
840,0.0535278320312
841,0.0709228515625
842,0.062255859375
843,0.0624389648438
844,0.0643310546875
845,0.0714721679688
846,0.0751953125
847,0.07666015625
848,0.0717163085938
849,0.0762939453125
850,0.0762329101562
851,0.0794677734375
852,0.0833740234375
853,0.0862426757812
854,0.08984375
855,0.0942993164062
856,0.1025390625
857,0.105407714844
858,0.0868530273438
859,0.0858764648438
860,0.0877685546875
861,0.0899047851562
862,0.08984375
863,0.0936889648438
864,0.0917358398438
865,0.0877685546875
866,0.0872802734375
867,0.100891113281
868,0.0961303710938
869,0.0958251953125
870,0.0991821289062
871,0.0887451171875
872,0.0819702148438
873,0.0800170898438
874,0.0860595703125
875,0.0885620117188
876,0.085205078125
877,0.0868530273438
878,0.0965576171875
879,0.0916137695312
880,0.0924072265625
881,0.103942871094
882,0.095947265625
883,0.0983276367188
884,0.105529785156
885,0.105041503906
886,0.102722167969
887,0.0931396484375
888,0.087646484375
889,0.0838623046875
890,0.0814819335938
891,0.093505859375
892,0.0908203125
893,0.0933837890625
894,0.092529296875
895,0.091552734375
896,0.0897216796875
897,0.086669921875
898,0.0873413085938
899,0.099853515625
900,0.0
901,0.0163879394531
902,0.0276031494141
903,0.0379638671875
904,0.0486755371094
905,0.0570678710938
906,0.0614929199219
907,0.0703735351562
908,0.0700073242188
909,0.0797729492188
910,0.0814819335938
911,0.0859375
912,0.0851440429688
913,0.0903930664062
914,0.0948486328125
915,0.0875854492188
916,0.0980224609375
917,0.0943603515625
918,0.0883178710938
919,0.095703125
920,0.103698730469
921,0.102172851562
922,0.1005859375
923,0.0939331054688
924,0.0962524414062
925,0.0968017578125
926,0.102478027344
927,0.0999145507812
928,0.0995483398438
929,0.103576660156
930,0.0953369140625
931,0.0977172851562
932,0.105224609375
933,0.111450195312
934,0.100219726562
935,0.0974731445312
936,0.0975952148438
937,0.101867675781
938,0.104614257812
939,0.0982666015625
940,0.09130859375
941,0.091064453125
942,0.0952758789062
943,0.0908813476562
944,0.0924072265625
945,0.0977172851562
946,0.102844238281
947,0.098876953125
948,0.100952148438
949,0.0947875976562
950,0.100830078125
951,0.100402832031
952,0.1064453125
953,0.110717773438
954,0.102905273438
955,0.097900390625
956,0.104187011719
957,0.112548828125
958,0.103820800781
959,0.10009765625
960,0.103149414062
961,0.10400390625
962,0.103515625
963,0.102905273438
964,0.0
965,0.0174865722656
966,0.0365600585938
967,0.0440063476562
968,0.0473327636719
969,0.0570983886719
970,0.0607299804688
971,0.065185546875
972,0.06640625
973,0.076416015625
974,0.0723266601562
975,0.07373046875
976,0.0806884765625
977,0.0825805664062
978,0.0814208984375
979,0.0770263671875
980,0.0791015625
981,0.0853271484375
982,0.0836181640625
983,0.0836181640625
984,0.0867919921875
985,0.08935546875
986,0.0919799804688
987,0.0875854492188
988,0.0886840820312
989,0.0972290039062
990,0.0951538085938
991,0.09326171875
992,0.09033203125
993,0.08984375
994,0.0942993164062
995,0.090087890625
996,0.0896606445312
997,0.0949096679688
998,0.0901489257812
999,0.0970458984375
1000,0.0931396484375
1001,0.0911254882812
1002,0.0897827148438
1003,0.088623046875
1004,0.0926513671875
1005,0.0900268554688
1006,0.0867919921875
1007,0.0848999023438
1008,0.0891723632812
1009,0.0888061523438
1010,0.09033203125
1011,0.0886840820312
1012,0.0807495117188
1013,0.085693359375
1014,0.08740234375
1015,0.0870361328125
1016,0.0884399414062
1017,0.09326171875
1018,0.091796875
1019,0.0944213867188
1020,0.09619140625
1021,0.096923828125
1022,0.0895385742188
1023,0.095458984375
1024,0.0929565429688
1025,0.0889892578125
1026,0.0975341796875
1027,0.0982055664062
1028,0.0
1029,0.0180511474609
1030,0.0311584472656
1031,0.0413208007812
1032,0.0525207519531
1033,0.0567626953125
1034,0.06689453125
1035,0.06982421875
1036,0.070068359375
1037,0.0735473632812
1038,0.0814819335938
1039,0.0780639648438
1040,0.0753784179688
1041,0.0803833007812
1042,0.0818481445312
1043,0.0712890625
1044,0.0813598632812
1045,0.0779418945312
1046,0.0753173828125
1047,0.0850830078125
1048,0.0872802734375
1049,0.0885009765625
1050,0.0863037109375
1051,0.0851440429688
1052,0.085693359375
1053,0.0869750976562
1054,0.08642578125
1055,0.0818481445312
1056,0.0881958007812
1057,0.0848999023438
1058,0.0805053710938
1059,0.0875244140625
1060,0.087890625
1061,0.087646484375
1062,0.0939331054688
1063,0.0989379882812
1064,0.09765625
1065,0.0924682617188
1066,0.08740234375
1067,0.0900268554688
1068,0.0924072265625
1069,0.087646484375
1070,0.0848388671875
1071,0.0819091796875
1072,0.0894165039062
1073,0.0897827148438
1074,0.0902099609375
1075,0.09326171875
1076,0.0901489257812
1077,0.085205078125
1078,0.0930786132812
1079,0.0955200195312
1080,0.101379394531
1081,0.09423828125
1082,0.0938720703125
1083,0.103149414062
1084,0.0983276367188
1085,0.0855102539062
1086,0.0943603515625
1087,0.0971069335938
1088,0.0841064453125
1089,0.0848388671875
1090,0.0822143554688
1091,0.0829467773438
1092,0.0
1093,0.0146408081055
1094,0.0218811035156
1095,0.0332641601562
1096,0.0420227050781
1097,0.0486450195312
1098,0.0595397949219
1099,0.0657348632812
1100,0.0654907226562
1101,0.0677490234375
1102,0.0760498046875
1103,0.080810546875
1104,0.0823364257812
1105,0.0775756835938
1106,0.0791625976562
1107,0.0785522460938
1108,0.0823364257812
1109,0.0842895507812
1110,0.085693359375
1111,0.0899047851562
1112,0.0880737304688
1113,0.0926513671875
1114,0.082275390625
1115,0.0831909179688
1116,0.08837890625
1117,0.0846557617188
1118,0.0836181640625
1119,0.0894775390625
1120,0.0902099609375
1121,0.0803833007812
1122,0.0828247070312
1123,0.0804443359375
1124,0.0827026367188
1125,0.0903930664062
1126,0.0932006835938
1127,0.0939331054688
1128,0.0924682617188
1129,0.0869750976562
1130,0.0872802734375
1131,0.0884399414062
1132,0.0834350585938
1133,0.0808715820312
1134,0.0791015625
1135,0.0864868164062
1136,0.080810546875
1137,0.080078125
1138,0.0870971679688
1139,0.0902099609375
1140,0.0930786132812
1141,0.091064453125
1142,0.0953369140625
1143,0.0886840820312
1144,0.0894165039062
1145,0.0872802734375
1146,0.0938720703125
1147,0.0950317382812
1148,0.093505859375
1149,0.0922241210938
1150,0.083984375
1151,0.0869140625
1152,0.0951538085938
1153,0.0889282226562
1154,0.0947265625
1155,0.0960083007812
1156,0.0
1157,0.0139694213867
1158,0.0231628417969
1159,0.0385437011719
1160,0.0475463867188
1161,0.0526733398438
1162,0.0605163574219
1163,0.0645141601562
1164,0.072509765625
1165,0.0722045898438
1166,0.0735473632812
1167,0.081298828125
1168,0.077392578125
1169,0.08349609375
1170,0.08349609375
1171,0.0819091796875
1172,0.0806274414062
1173,0.0780639648438
1174,0.08349609375
1175,0.0784912109375
1176,0.080078125
1177,0.0780029296875
1178,0.0884399414062
1179,0.0953979492188
1180,0.091796875
1181,0.0906982421875
1182,0.091796875
1183,0.0940551757812
1184,0.084716796875
1185,0.087646484375
1186,0.0855102539062
1187,0.082275390625
1188,0.081298828125
1189,0.0802612304688
1190,0.0869140625
1191,0.085693359375
1192,0.08837890625
1193,0.0989379882812
1194,0.0921630859375
1195,0.0907592773438
1196,0.08544921875
1197,0.0919189453125
1198,0.0865478515625
1199,0.0870971679688
1200,0.0847778320312
1201,0.0865478515625
1202,0.0889282226562
1203,0.08642578125
1204,0.0916137695312
1205,0.0869750976562
1206,0.08837890625
1207,0.088134765625
1208,0.0970458984375
1209,0.10009765625
1210,0.103088378906
1211,0.0929565429688
1212,0.0993041992188
1213,0.0957641601562
1214,0.0869750976562
1215,0.0884399414062
1216,0.0947875976562
1217,0.0919189453125
1218,0.09326171875
1219,0.0889282226562
1220,0.0
1221,0.0162200927734
1222,0.0316467285156
1223,0.0399475097656
1224,0.0567626953125
1225,0.0645141601562
1226,0.0675659179688
1227,0.0696411132812
1228,0.0675048828125
1229,0.063232421875
1230,0.0684204101562
1231,0.0690307617188
1232,0.0716552734375
1233,0.078369140625
1234,0.0848388671875
1235,0.0840454101562
1236,0.0850830078125
1237,0.08837890625
1238,0.0809326171875
1239,0.0827026367188
1240,0.0782470703125
1241,0.0875854492188
1242,0.093505859375
1243,0.0848999023438
1244,0.078857421875
1245,0.088623046875
1246,0.0821533203125
1247,0.0859985351562
1248,0.0850830078125
1249,0.0867919921875
1250,0.0951538085938
1251,0.0899658203125
1252,0.0966186523438
1253,0.0872802734375
1254,0.09423828125
1255,0.0979614257812
1256,0.0932006835938
1257,0.0978393554688
1258,0.097412109375
1259,0.0900268554688
1260,0.0994873046875
1261,0.095947265625
1262,0.0973510742188
1263,0.0912475585938
1264,0.090576171875
1265,0.0809936523438
1266,0.0845947265625
1267,0.0841674804688
1268,0.077392578125
1269,0.0885620117188
1270,0.0848388671875
1271,0.083740234375
1272,0.0892944335938
1273,0.0789794921875
1274,0.0831909179688
1275,0.082275390625
1276,0.0844116210938
1277,0.082275390625
1278,0.0806274414062
1279,0.0836181640625
1280,0.0823364257812
1281,0.0838012695312
1282,0.0889282226562
1283,0.0907592773438
1284,0.0
1285,0.017822265625
1286,0.0316467285156
1287,0.0421752929688
1288,0.0542297363281
1289,0.0541381835938
1290,0.0642700195312
1291,0.0636596679688
1292,0.0677490234375
1293,0.0680541992188
1294,0.0661010742188
1295,0.073974609375
1296,0.07568359375
1297,0.0746459960938
1298,0.073486328125
1299,0.0818481445312
1300,0.0851440429688
1301,0.0935668945312
1302,0.0875244140625
1303,0.0853881835938
1304,0.0882568359375
1305,0.087646484375
1306,0.0845336914062
1307,0.085693359375
1308,0.0859985351562
1309,0.0843505859375
1310,0.0845947265625
1311,0.0833129882812
1312,0.0814819335938
1313,0.0829467773438
1314,0.083984375
1315,0.0869140625
1316,0.091552734375
1317,0.0985107421875
1318,0.092529296875
1319,0.0975952148438
1320,0.0955810546875
1321,0.0982666015625
1322,0.0927124023438
1323,0.0870361328125
1324,0.0906372070312
1325,0.100952148438
1326,0.0970458984375
1327,0.0933837890625
1328,0.088134765625
1329,0.0957641601562
1330,0.0883178710938
1331,0.0807495117188
1332,0.0770874023438
1333,0.0841674804688
1334,0.0789794921875
1335,0.0845947265625
1336,0.0868530273438
1337,0.0856323242188
1338,0.0827026367188
1339,0.0787963867188
1340,0.0884399414062
1341,0.0919799804688
1342,0.0862426757812
1343,0.0820922851562
1344,0.0859375
1345,0.0792846679688
1346,0.0839233398438
1347,0.0848388671875
1348,0.0
1349,0.0159301757812
1350,0.0324096679688
1351,0.0504760742188
1352,0.0598449707031
1353,0.066162109375
1354,0.06982421875
1355,0.0674438476562
1356,0.0751342773438
1357,0.083984375
1358,0.0864868164062
1359,0.0772094726562
1360,0.0726928710938
1361,0.0706787109375
1362,0.0671997070312
1363,0.076416015625
1364,0.0836791992188
1365,0.0831909179688
1366,0.0869140625
1367,0.0785522460938
1368,0.0838623046875
1369,0.080810546875
1370,0.0821533203125
1371,0.0902709960938
1372,0.0905151367188
1373,0.091552734375
1374,0.0853271484375
1375,0.0888061523438
1376,0.0902099609375
1377,0.083251953125
1378,0.0856323242188
1379,0.0918579101562
1380,0.0801391601562
1381,0.0776977539062
1382,0.0734252929688
1383,0.0789184570312
1384,0.0778198242188
1385,0.0829467773438
1386,0.0902709960938
1387,0.0904541015625
1388,0.0868530273438
1389,0.0804443359375
1390,0.08642578125
1391,0.09423828125
1392,0.0853881835938
1393,0.0911865234375
1394,0.0965576171875
1395,0.0982666015625
1396,0.0969848632812
1397,0.0899658203125
1398,0.0812377929688
1399,0.0931396484375
1400,0.0877075195312
1401,0.0784301757812
1402,0.0831298828125
1403,0.08447265625
1404,0.083251953125
1405,0.0875244140625
1406,0.09619140625
1407,0.0868530273438
1408,0.0851440429688
1409,0.0861206054688
1410,0.0923461914062
1411,0.0936889648438
1412,0.0
1413,0.0179290771484
1414,0.0296020507812
1415,0.0450744628906
1416,0.0534057617188
1417,0.06640625
1418,0.072509765625
1419,0.0808715820312
1420,0.0867919921875
1421,0.07275390625
1422,0.0874633789062
1423,0.0697631835938
1424,0.082275390625
1425,0.0858154296875
1426,0.093017578125
1427,0.102661132812
1428,0.099853515625
1429,0.0999755859375
1430,0.0910034179688
1431,0.08642578125
1432,0.0996704101562
1433,0.0993041992188
1434,0.0848388671875
1435,0.0824584960938
1436,0.0924682617188
1437,0.103759765625
1438,0.0967407226562
1439,0.0947875976562
1440,0.0997924804688
1441,0.1015625
1442,0.0806884765625
1443,0.0901489257812
1444,0.0819091796875
1445,0.0902099609375
1446,0.0889892578125
1447,0.0985107421875
1448,0.084228515625
1449,0.0867309570312
1450,0.0985107421875
1451,0.0910034179688
1452,0.0946655273438
1453,0.09912109375
1454,0.101867675781
1455,0.101501464844
1456,0.1064453125
1457,0.1064453125
1458,0.0978393554688
1459,0.106628417969
1460,0.096923828125
1461,0.08251953125
1462,0.0909423828125
1463,0.0836791992188
1464,0.0930786132812
1465,0.0947265625
1466,0.0987548828125
1467,0.0888061523438
1468,0.0895385742188
1469,0.0869750976562
1470,0.0853881835938
1471,0.0823364257812
1472,0.088134765625
1473,0.0797729492188
1474,0.0848388671875
1475,0.0855102539062
1476,0.0
1477,0.0161285400391
1478,0.0283966064453
1479,0.0405578613281
1480,0.0413513183594
1481,0.0537414550781
1482,0.0577697753906
1483,0.0630493164062
1484,0.0641479492188
1485,0.0711059570312
1486,0.0723876953125
1487,0.0725708007812
1488,0.078125
1489,0.0767211914062
1490,0.08447265625
1491,0.088134765625
1492,0.0819702148438
1493,0.091796875
1494,0.08740234375
1495,0.0817260742188
1496,0.0821533203125
1497,0.0818481445312
1498,0.0850219726562
1499,0.0916137695312
1500,0.0873413085938
1501,0.0872802734375
1502,0.0858154296875
1503,0.0895385742188
1504,0.0875854492188
1505,0.0942993164062
1506,0.0927124023438
1507,0.0985717773438
1508,0.0956420898438
1509,0.086669921875
1510,0.0864868164062
1511,0.0840454101562
1512,0.0929565429688
1513,0.0862426757812
1514,0.0875854492188
1515,0.0892333984375
1516,0.097900390625
1517,0.0924682617188
1518,0.0907592773438
1519,0.0913696289062
1520,0.088134765625
1521,0.0912475585938
1522,0.0863647460938
1523,0.0889892578125
1524,0.0835571289062
1525,0.076416015625
1526,0.0809326171875
1527,0.0814208984375
1528,0.0833740234375
1529,0.0872802734375
1530,0.087158203125
1531,0.0850219726562
1532,0.0859375
1533,0.0828247070312
1534,0.085205078125
1535,0.0923461914062
1536,0.100463867188
1537,0.0852661132812
1538,0.0952758789062
1539,0.0968017578125
1540,0.0
1541,0.014762878418
1542,0.0236663818359
1543,0.0342102050781
1544,0.0509033203125
1545,0.0661010742188
1546,0.0822143554688
1547,0.0916137695312
1548,0.0999145507812
1549,0.103332519531
1550,0.101257324219
1551,0.087646484375
1552,0.090087890625
1553,0.0955200195312
1554,0.090576171875
1555,0.0780639648438
1556,0.0694580078125
1557,0.079833984375
1558,0.076171875
1559,0.07568359375
1560,0.082763671875
1561,0.0811157226562
1562,0.0807495117188
1563,0.08544921875
38319,0.068359375
38320,0.0672607421875
38322,0.0652465820312
38323,0.0736083984375
38324,0.0
38325,0.00341987609863
38326,0.0086669921875
38327,0.0114364624023
38328,0.0106964111328
38329,0.0145874023438
38330,0.0193176269531
38331,0.0186614990234
38332,0.0198516845703
38333,0.0221710205078
38334,0.0193786621094
38335,0.0243530273438
38336,0.0289154052734
38337,0.0335083007812
38338,0.0398254394531
38339,0.0374755859375
38340,0.040771484375
38341,0.0396423339844
38342,0.0391845703125
38343,0.0408630371094
38344,0.0470886230469
38345,0.0527038574219
38346,0.0426330566406
38347,0.0387573242188
38348,0.0427551269531
38349,0.0464477539062
38350,0.0398559570312
38351,0.0480651855469
38352,0.0451354980469
38353,0.0557861328125
38354,0.0530395507812
38355,0.0531921386719
38356,0.0571594238281
38357,0.0553283691406
38358,0.0525817871094
38359,0.0566101074219
38360,0.0581970214844
38361,0.0587768554688
38362,0.0624084472656
38363,0.0646362304688
38364,0.0697021484375
38365,0.0562438964844
38366,0.0643920898438
38367,0.05224609375
38368,0.0523986816406
38369,0.0745239257812
38370,0.0741577148438
38371,0.0635986328125
38372,0.0584411621094
38373,0.0560302734375
38374,0.06494140625
38375,0.0681762695312
38376,0.0697021484375
38377,0.0660400390625
38378,0.0691528320312
38379,0.0701293945312
38380,0.06787109375
38381,0.0617980957031
38382,0.0645141601562
38383,0.0567932128906
38384,0.0653076171875
38385,0.0740966796875
38386,0.0808715820312
38387,0.0826416015625
38388,0.0
38389,0.00473022460938
38390,0.0109939575195
38391,0.0157165527344
38392,0.0218658447266
38393,0.0267333984375
38394,0.0330810546875
38395,0.0275115966797
38396,0.0341796875
38397,0.0384826660156
38398,0.0303344726562
38399,0.0317993164062
38400,0.0377807617188
38401,0.0414428710938
38402,0.04443359375
38403,0.0486450195312
38404,0.0451965332031
38405,0.0453491210938
38406,0.0423889160156
38407,0.0417175292969
38408,0.0424499511719
38409,0.0471496582031
38410,0.0475769042969
38411,0.0462646484375
38412,0.0546569824219
38413,0.0543212890625
38414,0.0529479980469
38415,0.0543823242188
38416,0.0601806640625
38417,0.0661010742188
38418,0.0653686523438
38419,0.070068359375
38420,0.0637817382812
38421,0.0645751953125
38422,0.0535583496094
38423,0.0526428222656
38424,0.0564880371094
38425,0.0506286621094
38426,0.0496215820312
38427,0.0517272949219
38428,0.0499572753906
38429,0.0523071289062
38430,0.052734375
38431,0.0519714355469
38432,0.0494995117188
38433,0.0542907714844
38434,0.0593566894531
38435,0.0632934570312
38436,0.0622863769531
38437,0.0722045898438
38438,0.0643310546875
38439,0.062744140625
38440,0.0634765625
38441,0.0715942382812
38442,0.077880859375
38443,0.0664672851562
38444,0.0703125
38445,0.0715942382812
38446,0.0762329101562
38447,0.0792846679688
38448,0.0848388671875
38449,0.0770874023438
38450,0.0835571289062
38451,0.0744018554688
38452,0.0
38453,0.00605773925781
38454,0.010124206543
38455,0.0141372680664
38456,0.0193786621094
38457,0.0226135253906
38458,0.0256805419922
38459,0.0272216796875
38460,0.0310363769531
38461,0.0304260253906
38462,0.03662109375
38463,0.0407104492188
38464,0.0386352539062
38465,0.0495910644531
38466,0.0509033203125
38467,0.050537109375
38468,0.0459594726562
38469,0.0513000488281
38470,0.0553588867188
38471,0.0611572265625
38472,0.0645751953125
38473,0.0660400390625
38474,0.0693359375
38475,0.0733642578125
38476,0.0763549804688
38477,0.0558776855469
38478,0.0642700195312
38479,0.0667114257812
38480,0.0624084472656
38481,0.0662231445312
38482,0.06884765625
38483,0.0704345703125
38484,0.0544738769531
38485,0.0658569335938
38486,0.0722045898438
38487,0.0730590820312
38488,0.0726928710938
38489,0.0689697265625
38490,0.0806274414062
38491,0.0751953125
38492,0.0641479492188
38493,0.07080078125
38494,0.0684814453125
38495,0.0750122070312
38496,0.0721435546875
38497,0.0635986328125
38498,0.0557861328125
38499,0.06298828125
38500,0.0583801269531
38501,0.0533447265625
38502,0.0590515136719
38503,0.0623779296875
38504,0.075439453125
38505,0.0742797851562
38506,0.080322265625
38507,0.0856323242188
38508,0.0790405273438
38509,0.0772094726562
38510,0.074462890625
38511,0.0712280273438
38512,0.0692749023438
38513,0.0753173828125
38514,0.076171875
38515,0.066650390625
38516,0.0
38517,0.00139713287354
38518,0.00459289550781
38519,0.0114135742188
38520,0.0162811279297
38521,0.0155487060547
38522,0.0159454345703
38523,0.0165863037109
38524,0.019775390625
38525,0.0230407714844
38526,0.0262603759766
38527,0.0204467773438
38528,0.0304565429688
38529,0.0372314453125
38530,0.0368041992188
38531,0.0376586914062
38532,0.0429382324219
38533,0.0398559570312
38534,0.0450439453125
38535,0.0571594238281
38536,0.0574645996094
38537,0.0635375976562
38538,0.0675048828125
38539,0.0528259277344
38540,0.0504760742188
38541,0.0491943359375
38542,0.0643310546875
38543,0.0565490722656
38544,0.0581665039062
38545,0.0740966796875
38546,0.0623474121094
38547,0.0694580078125
38548,0.0697631835938
38549,0.0615844726562
38550,0.0665893554688
38551,0.0664672851562
38552,0.0621948242188
38553,0.064208984375
38554,0.0782470703125
38555,0.0663452148438
38556,0.0723266601562
38557,0.0673828125
38558,0.0680541992188
38559,0.064453125
38560,0.0662841796875
38561,0.065673828125
38562,0.06640625
38563,0.0657958984375
38564,0.076416015625
38565,0.0709228515625
38566,0.0728759765625
38567,0.0732421875
38568,0.0660400390625
38569,0.065185546875
38570,0.068115234375
38571,0.069580078125
38572,0.0703735351562
38573,0.0704956054688
38574,0.075439453125
38575,0.0703735351562
38576,0.06640625
38577,0.0686645507812
38578,0.0668334960938
38579,0.06884765625
38580,0.0
38581,0.0114593505859
38582,0.0166015625
38583,0.0196990966797
38584,0.0219116210938
38585,0.0296630859375
38586,0.0333862304688
38587,0.0260314941406
38588,0.0357055664062
38589,0.0283508300781
38590,0.0341796875
38591,0.0370483398438
38592,0.0332641601562
38593,0.0344848632812
38594,0.0328063964844
38595,0.037353515625
38596,0.0370178222656
38597,0.0431823730469
38598,0.0462951660156
38599,0.0444030761719
38600,0.0454406738281
38601,0.0515441894531
38602,0.0565795898438
38603,0.0628051757812
38604,0.0618591308594
38605,0.0679321289062
38606,0.0620727539062
38607,0.0606384277344
38608,0.073486328125
38609,0.0726318359375
38610,0.0687866210938
38611,0.0707397460938
38612,0.0565490722656
38613,0.07421875
38614,0.0578002929688
38615,0.0621948242188
38616,0.0530700683594
38617,0.0589599609375
38618,0.0573120117188
38619,0.0547485351562
38620,0.0614624023438
38621,0.071533203125
38622,0.0708618164062
38623,0.0756225585938
38624,0.0775756835938
38625,0.0731201171875
38626,0.0729370117188
38627,0.0853881835938
38628,0.0811157226562
38629,0.0821533203125
38630,0.07861328125
38631,0.0743408203125
38632,0.072021484375
38633,0.0631103515625
38634,0.0801391601562
38635,0.0886840820312
38636,0.0868530273438
38637,0.087646484375
38638,0.0817260742188
38639,0.0892944335938
38640,0.0933227539062
38641,0.0836791992188
38642,0.08154296875
38643,0.0787353515625
38644,0.0
38645,0.00422668457031
38646,0.00843811035156
38647,0.015625
38648,0.01953125
38649,0.0231323242188
38650,0.0246429443359
38651,0.0275726318359
38652,0.0356140136719
38653,0.0371398925781
38654,0.03955078125
38655,0.0414733886719
38656,0.0417175292969
38657,0.0520935058594
38658,0.0413818359375
38659,0.0567626953125
38660,0.0567321777344
38661,0.0433654785156
38662,0.0599365234375
38663,0.0590209960938
38664,0.0684814453125
38665,0.0663452148438
38666,0.0653686523438
38667,0.06103515625
38668,0.0578002929688
38669,0.0597534179688
38670,0.0631713867188
38671,0.0723876953125
38672,0.0651245117188
38673,0.0617065429688
38674,0.0567016601562
38675,0.0595703125
38676,0.0795288085938
38677,0.0868530273438
38678,0.0844116210938
38679,0.0829467773438
38680,0.0794067382812
38681,0.0810546875
38682,0.0843505859375
38683,0.0806274414062
38684,0.0810546875
38685,0.0870971679688
38686,0.0878295898438
38687,0.079345703125
38688,0.082275390625
38689,0.0888671875
38690,0.0907592773438
38691,0.0895385742188
38692,0.0870971679688
38693,0.0946655273438
38694,0.0984497070312
38695,0.0975341796875
38696,0.104553222656
38697,0.0990600585938
38698,0.0914916992188
38699,0.0922241210938
38700,0.0928955078125
38701,0.08837890625
38702,0.0868530273438
38703,0.09521484375
38704,0.0889282226562
38705,0.0663452148438
38706,0.0686645507812
38707,0.0654296875
38708,0.0
38709,0.00373268127441
38710,0.00468063354492
38711,0.0142593383789
38712,0.0194396972656
38713,0.0215606689453
38714,0.0237731933594
38715,0.0267639160156
38716,0.0365905761719
38717,0.0408935546875
38718,0.0407409667969
38719,0.0397644042969
38720,0.0415954589844
38721,0.0473022460938
38722,0.0414123535156
38723,0.0403442382812
38724,0.0619812011719
38725,0.0516967773438
38726,0.0479431152344
38727,0.0511779785156
38728,0.0703735351562
38729,0.06591796875
38730,0.0670166015625
38731,0.0691528320312
38732,0.0657958984375
38733,0.0670776367188
38734,0.0630493164062
38735,0.0709838867188
38736,0.064697265625
38737,0.069091796875
38738,0.0729370117188
38739,0.0718383789062
38740,0.0728149414062
38741,0.0758056640625
38742,0.0736694335938
38743,0.0726318359375
38744,0.072265625
38745,0.0752563476562
38746,0.0741577148438
38747,0.0702514648438
38748,0.0657348632812
38749,0.0654907226562
38750,0.0720825195312
38751,0.0639038085938
38752,0.0659790039062
38753,0.0679321289062
38754,0.060302734375
38755,0.0592956542969
38756,0.0718994140625
38757,0.070068359375
38758,0.0631713867188
38759,0.0675659179688
38760,0.0709838867188
38761,0.0751342773438
38762,0.0804443359375
38763,0.0762939453125
38764,0.0693359375
38765,0.0714721679688
38766,0.0722045898438
38767,0.06396484375
38768,0.066162109375
38769,0.0657348632812
38770,0.0610961914062
38771,0.0567626953125
38772,0.0
38773,0.00310325622559
38774,0.00481033325195
38775,0.00604629516602
38776,0.0130233764648
38777,0.0204315185547
38778,0.0272369384766
38779,0.0301055908203
38780,0.0252075195312
38781,0.0335388183594
38782,0.0303649902344
38783,0.032470703125
38784,0.0380554199219
38785,0.0421142578125
38786,0.0406799316406
38787,0.0410461425781
38788,0.039306640625
38789,0.0394287109375
38790,0.0383911132812
38791,0.0414123535156
38792,0.052490234375
38793,0.0558776855469
38794,0.0637817382812
38795,0.0603942871094
38796,0.0459289550781
38797,0.0588989257812
38798,0.0528564453125
38799,0.0565185546875
38800,0.0485229492188
38801,0.0509338378906
38802,0.0595703125
38803,0.0694580078125
38804,0.0652465820312
38805,0.0679931640625
38806,0.0656127929688
38807,0.0698852539062
38808,0.0596923828125
38809,0.0674438476562
38810,0.0668334960938
38811,0.0585021972656
38812,0.0616149902344
38813,0.0722045898438
38814,0.0828247070312
38815,0.0763549804688
38816,0.0740356445312
38817,0.0775756835938
38818,0.0807495117188
38819,0.0810546875
38820,0.087890625
38821,0.078369140625
38822,0.0828247070312
38823,0.0947265625
38824,0.0931396484375
38825,0.0853881835938
38826,0.0806274414062
38827,0.0753173828125
38828,0.0696411132812
38829,0.0736083984375
38830,0.0840454101562
38831,0.0797729492188
38832,0.072998046875
38833,0.070556640625
38834,0.068359375
38835,0.0753784179688
38836,0.0
38837,0.00152397155762
38838,0.00341796875
38839,0.00778198242188
38840,0.0135650634766
38841,0.0187530517578
38842,0.0230865478516
38843,0.0265350341797
38844,0.0291900634766
38845,0.0294952392578
38846,0.0288238525391
38847,0.0274963378906
38848,0.0353698730469
38849,0.0437316894531
38850,0.0509338378906
38851,0.0391540527344
38852,0.0408020019531
38853,0.0536193847656
38854,0.0646362304688
38855,0.0650024414062
38856,0.0596618652344
38857,0.0630493164062
38858,0.0638427734375
38859,0.06640625
38860,0.0591430664062
38861,0.0531921386719
38862,0.0545043945312
38863,0.0547485351562
38864,0.0538330078125
38865,0.0574035644531
38866,0.0569152832031
38867,0.055419921875
38868,0.0587463378906
38869,0.0503234863281
38870,0.051025390625
38871,0.050048828125
38872,0.0556030273438
38873,0.0555114746094
38874,0.0616149902344
38875,0.0607299804688
38876,0.06982421875
38877,0.0652465820312
38878,0.0645141601562
38879,0.064697265625
38880,0.0692138671875
38881,0.0615539550781
38882,0.0625
38883,0.0657348632812
38884,0.0701293945312
38885,0.0621643066406
38886,0.057373046875
38887,0.0584106445312
38888,0.0677490234375
38889,0.0713500976562
38890,0.0734252929688
38891,0.0878295898438
38892,0.08154296875
38893,0.0902709960938
38894,0.0919799804688
38895,0.0924072265625
38896,0.0866088867188
38897,0.0891723632812
38898,0.0904541015625
38899,0.08349609375
38900,0.0
38901,0.00308418273926
38902,0.00862121582031
38903,0.0104293823242
38904,0.0167388916016
38905,0.0223541259766
38906,0.0251617431641
38907,0.0249328613281
38908,0.0249938964844
38909,0.0285491943359
38910,0.0237731933594
38911,0.027587890625
38912,0.0273284912109
38913,0.0433959960938
38914,0.0491943359375
38915,0.0551452636719
38916,0.0515747070312
38917,0.0506286621094
38918,0.0565795898438
38919,0.0551147460938
38920,0.0642700195312
38921,0.0596008300781
38922,0.0600891113281
38923,0.0645751953125
38924,0.0611877441406
38925,0.062744140625
38926,0.0634155273438
38927,0.0701904296875
38928,0.0691528320312
38929,0.0750732421875
38930,0.0774536132812
38931,0.0704345703125
38932,0.0701904296875
38933,0.0907592773438
38934,0.086181640625
38935,0.09375
38936,0.0806274414062
38937,0.0811157226562
38938,0.0861206054688
38939,0.0821533203125
38940,0.0758056640625
38941,0.0828247070312
38942,0.0825805664062
38943,0.0860595703125
38944,0.0966796875
38945,0.09228515625
38946,0.0977172851562
38947,0.106140136719
38948,0.102416992188
38949,0.0926513671875
38950,0.0905151367188
38951,0.0894775390625
38952,0.0731811523438
38953,0.0779418945312
38954,0.0844116210938
38955,0.081787109375
38956,0.0931396484375
38957,0.0877075195312
38958,0.0895385742188
38959,0.0955200195312
38960,0.0956420898438
38961,0.102905273438
38962,0.112548828125
38963,0.114929199219
38964,0.0
38965,0.00275039672852
38966,0.0045166015625
38967,0.00861358642578
38968,0.0185241699219
38969,0.0260467529297
38970,0.0350646972656
38971,0.0318298339844
38972,0.0328369140625
38973,0.0325317382812
38974,0.036376953125
38975,0.0337829589844
38976,0.03173828125
38977,0.03271484375
38978,0.0344543457031
38979,0.0375061035156
38980,0.0550842285156
38981,0.0520324707031
38982,0.0501403808594
38983,0.0479125976562
38984,0.0531921386719
38985,0.0479736328125
38986,0.051513671875
38987,0.0528869628906
38988,0.0599365234375
38989,0.0579223632812
38990,0.06103515625
38991,0.0758666992188
38992,0.0720825195312
38993,0.0635375976562
38994,0.06640625
38995,0.067138671875
38996,0.066650390625
38997,0.072265625
38998,0.0657958984375
38999,0.0650634765625
39000,0.0708618164062
39001,0.072998046875
39002,0.064453125
39003,0.06787109375
39004,0.072509765625
39005,0.0780639648438
39006,0.074951171875
39007,0.0812377929688
39008,0.08154296875
39009,0.08154296875
39010,0.105651855469
39011,0.0986328125
39012,0.0916748046875
39013,0.0972290039062
39014,0.09521484375
39015,0.0942993164062
39016,0.0949096679688
39017,0.0966186523438
39018,0.0872802734375
39019,0.0996704101562
39020,0.10546875
39021,0.0977172851562
39022,0.0973510742188
39023,0.09814453125
39024,0.0951538085938
39025,0.0926513671875
39026,0.09619140625
39027,0.0994262695312
39028,0.0
39029,0.00331115722656
39030,0.00843811035156
39031,0.0120697021484
39032,0.0158386230469
39033,0.0150604248047
39034,0.0161437988281
39035,0.0244140625
39036,0.0281829833984
39037,0.0241546630859
39038,0.0289611816406
39039,0.0323486328125
39040,0.0382995605469
39041,0.0401306152344
39042,0.037841796875
39043,0.0411071777344
39044,0.0419616699219
39045,0.045166015625
39046,0.0382690429688
39047,0.0356140136719
39048,0.0357666015625
39049,0.0451965332031
39050,0.0501403808594
39051,0.0514831542969
39052,0.0498352050781
39053,0.0557250976562
39054,0.0552978515625
39055,0.0497131347656
39056,0.0448913574219
39057,0.0477905273438
39058,0.0517883300781
39059,0.0433959960938
39060,0.0409851074219
39061,0.0420532226562
39062,0.0528564453125
39063,0.0471801757812
39064,0.0437927246094
39065,0.0552368164062
39066,0.0543823242188
39067,0.0592651367188
39068,0.0551452636719
39069,0.0460510253906
39070,0.0479736328125
39071,0.05224609375
39072,0.0525512695312
39073,0.0597534179688
39074,0.0545349121094
39075,0.05224609375
39076,0.0585327148438
39077,0.0592346191406
39078,0.0513305664062
39079,0.0514526367188
39080,0.0560302734375
39081,0.0466003417969
39082,0.0523376464844
39083,0.050537109375
39084,0.0578308105469
39085,0.0630493164062
39086,0.0591430664062
39087,0.0561828613281
39088,0.0606384277344
39089,0.0626220703125
39090,0.0675659179688
39091,0.0661010742188
39092,0.0
39093,0.00239372253418
39094,0.00611877441406
39095,0.00867462158203
39096,0.0130386352539
39097,0.0177917480469
39098,0.0216979980469
39099,0.0230712890625
39100,0.0253295898438
39101,0.0248260498047
39102,0.0240325927734
39104,0.0258026123047
39105,0.0242767333984
39106,0.0238952636719
39107,0.0306243896484
39108,0.0355529785156
39109,0.0364074707031
39110,0.0396728515625
39111,0.0426635742188
39112,0.0467834472656
39113,0.0408630371094
39114,0.0322875976562
39115,0.0368347167969
39116,0.0361938476562
39117,0.0379943847656
39118,0.0425720214844
39119,0.0421447753906
39120,0.0497436523438
39121,0.0513610839844
39122,0.0479431152344
39123,0.0545959472656
39124,0.0509338378906
39125,0.0522155761719
39126,0.0479125976562
39127,0.0522766113281
39128,0.0586242675781
39129,0.066650390625
39130,0.0694580078125
39131,0.0714721679688
39132,0.063720703125
39133,0.0607299804688
39134,0.0557556152344
39135,0.0610046386719
39136,0.0619812011719
39137,0.062744140625
39138,0.0677490234375
39139,0.0625610351562
39140,0.062744140625
39141,0.0635375976562
39142,0.0621643066406
39143,0.0620727539062
39144,0.0657958984375
39145,0.0665893554688
39146,0.069580078125
39147,0.066650390625
39148,0.067138671875
39149,0.068359375
39150,0.0724487304688
39151,0.0674438476562
39152,0.0680541992188
39153,0.0909423828125
39154,0.0855102539062
39155,0.0916137695312
39156,0.0901489257812
39157,0.0
39158,0.00317192077637
39159,0.00674057006836
39160,0.0121459960938
39161,0.0125198364258
39162,0.0145950317383
39163,0.0157928466797
39164,0.0214385986328
39165,0.0268096923828
39166,0.0294189453125
39167,0.0355224609375
39168,0.0370178222656
39169,0.0331726074219
39170,0.0328063964844
39171,0.0396423339844
39172,0.0448608398438
39173,0.0468444824219
39174,0.0466918945312
39175,0.0495910644531
39176,0.0420837402344
39177,0.0487060546875
39178,0.0536804199219
39179,0.0575561523438
39180,0.056884765625
39181,0.0581665039062
39182,0.0418090820312
39183,0.0411071777344
39184,0.0416564941406
39185,0.0518493652344
39186,0.06591796875
39187,0.071044921875
39188,0.0734252929688
39189,0.06689453125
39190,0.07861328125
39191,0.0711059570312
39192,0.0697021484375
39193,0.0689697265625
39194,0.0772094726562
39195,0.080322265625
39196,0.0743408203125
39197,0.0736694335938
39198,0.0702514648438
39199,0.091552734375
39200,0.0966186523438
39201,0.0798950195312
39202,0.0730590820312
39203,0.086181640625
39204,0.0789184570312
39205,0.0812377929688
39206,0.0850830078125
39207,0.0867309570312
39208,0.0849609375
39209,0.084228515625
39210,0.0785522460938
39211,0.0768432617188
39212,0.0722045898438
39213,0.0767822265625
39214,0.0704345703125
39215,0.065673828125
39216,0.0677490234375
39217,0.0689086914062
39218,0.0695190429688
39219,0.0805053710938
39220,0.0912475585938
39221,0.0
39222,0.010368347168
39223,0.0203094482422
39224,0.028076171875
39225,0.0282135009766
39226,0.0253295898438
39227,0.0306549072266
39228,0.0316467285156
39229,0.0375366210938
39230,0.0332946777344
39231,0.034912109375
39232,0.0377502441406
39233,0.0406494140625
39234,0.0421752929688
39235,0.0431518554688
39236,0.0461120605469
39237,0.04736328125
39238,0.0464477539062
39239,0.0447387695312
39240,0.0509643554688
39241,0.0517578125
39242,0.0570678710938
39243,0.05615234375
39244,0.0734252929688
39245,0.0726318359375
39246,0.0689086914062
39247,0.0763549804688
39248,0.07763671875
39249,0.0667724609375
39250,0.0693359375
39251,0.072021484375
39252,0.0648193359375
39253,0.068359375
39254,0.071044921875
39255,0.066650390625
39256,0.0663452148438
39257,0.0859375
39258,0.0864868164062
39259,0.09228515625
39260,0.0867309570312
39261,0.0950317382812
39262,0.0892944335938
39263,0.101013183594
39264,0.0908813476562
39265,0.0919799804688
39266,0.0991821289062
39267,0.0984497070312
39268,0.0935668945312
39269,0.109130859375
39270,0.0973510742188
39271,0.0936889648438
39272,0.0861206054688
39273,0.0877075195312
39274,0.0953369140625
39275,0.103454589844
39276,0.0951538085938
39277,0.0955810546875
39278,0.092529296875
39279,0.0989990234375
39280,0.104797363281
39281,0.0993041992188
39282,0.0955200195312
39283,0.0938110351562
39284,0.0967407226562
39285,0.0
39286,0.00326538085938
39287,0.00772857666016
39288,0.0136108398438
39289,0.0216217041016
39290,0.0232086181641
39291,0.0272521972656
39292,0.0355834960938
39293,0.0330810546875
39294,0.0510559082031
39295,0.0478515625
39296,0.0464782714844
39297,0.04638671875
39298,0.0479736328125
39299,0.0479431152344
39300,0.0563049316406
39301,0.0563354492188
39302,0.0628662109375
39303,0.0577697753906
39304,0.0667114257812
39305,0.0680541992188
39306,0.0603332519531
39307,0.0621643066406
39308,0.0725708007812
39309,0.07421875
39310,0.078369140625
39311,0.0791625976562
39312,0.0732421875
39313,0.0742797851562
39314,0.0670166015625
39315,0.078857421875
39316,0.0784912109375
39317,0.072265625
39318,0.07568359375
39319,0.0684814453125
39320,0.0663452148438
39321,0.0677490234375
39322,0.0695190429688
39323,0.06884765625
39324,0.0715942382812
39325,0.06884765625
39326,0.0830688476562
39327,0.09130859375
39328,0.0773315429688
39329,0.0770874023438
39330,0.08251953125
39331,0.0928344726562
39332,0.0855712890625
39333,0.0735473632812
39334,0.0796508789062
39335,0.0794067382812
39336,0.0750122070312
39337,0.0822143554688
39338,0.08935546875
39339,0.077880859375
39340,0.0802001953125
39341,0.0849609375
39342,0.0842895507812
39343,0.0733642578125
39344,0.0653686523438
39345,0.0777587890625
39346,0.0658569335938
39347,0.05615234375
39348,0.064453125
39349,0.0
39350,0.00245094299316
39351,0.00981140136719
39352,0.0145492553711
39353,0.0175628662109
39354,0.021728515625
39355,0.0284271240234
39356,0.0287170410156
39357,0.0297546386719
39358,0.026123046875
39359,0.0309753417969
39360,0.0352783203125
39361,0.0334777832031
39362,0.0487670898438
39363,0.0481567382812
39364,0.0501098632812
39365,0.0602111816406
39366,0.0614624023438
39367,0.068115234375
39368,0.068359375
39369,0.0707397460938
39370,0.0648193359375
39371,0.0698852539062
39372,0.0737915039062
39373,0.06640625
39374,0.0648193359375
39375,0.0609741210938
39376,0.062744140625
39377,0.0675048828125
39378,0.07373046875
39379,0.0770263671875
39380,0.0675048828125
39381,0.0632934570312
39382,0.0662231445312
39383,0.065185546875
39384,0.065673828125
39385,0.0611877441406
39386,0.0659790039062
39387,0.0616760253906
39388,0.0658569335938
39389,0.060302734375
39390,0.0602111816406
39391,0.069580078125
39392,0.0764770507812
39393,0.0770263671875
39394,0.0772705078125
39395,0.0774536132812
39396,0.072021484375
39397,0.0734252929688
39398,0.0709838867188
39399,0.0759887695312
39400,0.080322265625
39401,0.07568359375
39402,0.0822143554688
39403,0.08203125
39404,0.0760498046875
39405,0.0762329101562
39406,0.0795288085938
39407,0.0845947265625
39408,0.0841064453125
39409,0.0816650390625
39410,0.0919189453125
39411,0.09423828125
39412,0.0955200195312
39413,0.0
39414,0.0340270996094
39415,0.0397644042969
39416,0.0414733886719
39417,0.0426330566406
39418,0.0435485839844
39419,0.0391235351562
39420,0.0715942382812
39421,0.082275390625
39422,0.119201660156
39423,0.103820800781
39424,0.0977172851562
39425,0.0970458984375
39426,0.099609375
39427,0.102600097656
39428,0.092041015625
39429,0.091796875
39430,0.0947265625
39431,0.101013183594
39432,0.101989746094
39433,0.0995483398438
39434,0.109008789062
39435,0.103515625
39436,0.098876953125
39437,0.0990600585938
39438,0.0939331054688
39439,0.0982666015625
39440,0.0947265625
39441,0.0989990234375
39442,0.0977172851562
39443,0.0980834960938
39444,0.0983276367188
39445,0.091552734375
39446,0.0989379882812
39447,0.0966796875
39448,0.0875244140625
39449,0.0792236328125
39450,0.0751342773438
39451,0.068359375
39452,0.083740234375
39453,0.0880737304688
39454,0.0872192382812
39455,0.08837890625
39456,0.0914306640625
39457,0.096923828125
39458,0.0878295898438
39459,0.0860595703125
39460,0.0892333984375
39461,0.0890502929688
39462,0.0944213867188
39463,0.0906372070312
39464,0.0957641601562
39465,0.0921020507812
39466,0.0822143554688
39467,0.0809326171875
39468,0.0805053710938
39469,0.0860595703125
39470,0.0874633789062
39471,0.0950317382812
39472,0.0848388671875
39473,0.0807495117188
39474,0.0803833007812
39475,0.0858764648438
39476,0.0759887695312
39477,0.0
39478,0.0142211914062
39479,0.0277099609375
39480,0.0257720947266
39481,0.0287170410156
39482,0.0347900390625
39483,0.0369567871094
39484,0.0527648925781
39485,0.0499572753906
39486,0.0615844726562
39487,0.055419921875
39488,0.0557556152344
39489,0.0601196289062
39490,0.0552368164062
39491,0.0580139160156
39492,0.0562133789062
39493,0.0521545410156
39494,0.0509338378906
39495,0.0531616210938
39496,0.0819702148438
39497,0.0746459960938
39498,0.0753784179688
39499,0.0772705078125
39500,0.0784912109375
39501,0.0798950195312
39502,0.0823974609375
39503,0.0842895507812
39504,0.0853881835938
39505,0.083740234375
39506,0.0850830078125
39507,0.103393554688
39508,0.09228515625
39509,0.0962524414062
39510,0.100891113281
39511,0.0903930664062
39512,0.0938110351562
39513,0.0899658203125
39514,0.100769042969
39515,0.0877685546875
39516,0.0906982421875
39517,0.0900268554688
39518,0.09033203125
39519,0.0908203125
39520,0.0923461914062
39521,0.0784912109375
39522,0.0819091796875
39523,0.0827026367188
39524,0.0906372070312
39525,0.0848388671875
39526,0.0822143554688
39527,0.0823364257812
39528,0.087890625
39529,0.0845336914062
39530,0.0868530273438
39531,0.0863647460938
39532,0.0894165039062
39533,0.0897216796875
39534,0.0900268554688
39535,0.10009765625
39536,0.101623535156
39537,0.0971069335938
39538,0.0990600585938
39539,0.105651855469
39540,0.105651855469
39541,0.0
39542,0.00711822509766
39543,0.0123672485352
39544,0.0154342651367
39545,0.0199584960938
39546,0.0182647705078
39547,0.0205535888672
39548,0.0278472900391
39549,0.0392456054688
39550,0.041259765625
39551,0.0408630371094
39552,0.0423889160156
39553,0.0457458496094
39554,0.0508422851562
39555,0.0429382324219
39556,0.0347595214844
39557,0.0331420898438
39558,0.0484619140625
39559,0.0491333007812
39560,0.051513671875
39561,0.0574340820312
39562,0.0509948730469
39563,0.0538330078125
39564,0.0450134277344
39565,0.0524291992188
39566,0.0550537109375
39567,0.0577392578125
39568,0.0626831054688
39569,0.0605773925781
39570,0.0585021972656
39571,0.0590515136719
39572,0.0549621582031
39573,0.0570373535156
39574,0.05322265625
39575,0.0543212890625
39576,0.057861328125
39577,0.0567321777344
39578,0.0677490234375
39579,0.062744140625
39580,0.0640258789062
39581,0.0629272460938
39582,0.076416015625
39583,0.0741577148438
39584,0.0823974609375
39585,0.0618591308594
39586,0.0629272460938
39587,0.0753173828125
39588,0.0751342773438
39589,0.0640258789062
39590,0.0597229003906
39591,0.0564270019531
39592,0.0614318847656
39593,0.0585632324219
39594,0.0703125
39595,0.06298828125
39596,0.0568542480469
39597,0.0596313476562
39598,0.0568542480469
39599,0.0646362304688
39600,0.0673217773438
39601,0.0751953125
39602,0.0755004882812
39603,0.0707397460938
39604,0.0724487304688
39605,0.0
39606,0.00340270996094
39607,0.00704193115234
39608,0.0130767822266
39609,0.0135650634766
39610,0.0164184570312
39611,0.0179595947266
39612,0.0254974365234
39613,0.0317687988281
39614,0.0370178222656
39615,0.0420227050781
39616,0.0445556640625
39617,0.0499877929688
39618,0.046142578125
39619,0.0465087890625
39620,0.0498046875
39621,0.0401916503906
39622,0.0368041992188
39623,0.0344543457031
39624,0.0341491699219
39625,0.0389099121094
39626,0.04833984375
39627,0.0398559570312
39628,0.0368041992188
39629,0.0426940917969
39630,0.0411682128906
39631,0.0420227050781
39632,0.0489196777344
39633,0.0475463867188
39634,0.0501098632812
39635,0.0549011230469
39636,0.0623474121094
39637,0.0664672851562
39638,0.0643310546875
39639,0.0663452148438
39640,0.06396484375
39641,0.068359375
39642,0.0646362304688
39643,0.0640869140625
39644,0.0648803710938
39645,0.0693969726562
39646,0.0697021484375
39647,0.0723876953125
39648,0.0767822265625
39649,0.0704956054688
39650,0.0765380859375
39651,0.0728759765625
39652,0.074462890625
39653,0.0645141601562
39654,0.0610046386719
39655,0.0684814453125
39656,0.0643920898438
39657,0.0670166015625
39658,0.0712890625
39659,0.0655517578125
39660,0.0695190429688
39661,0.075927734375
39662,0.0733032226562
39663,0.0820922851562
39664,0.0849609375
39665,0.0791015625
39666,0.0717163085938
39667,0.0693359375
39668,0.0741577148438
39669,0.0
39670,0.00403213500977
39671,0.0118713378906
39672,0.016845703125
39673,0.0172729492188
39674,0.0234680175781
39675,0.0237426757812
39676,0.0282745361328
39677,0.0309600830078
39678,0.0307006835938
39679,0.0339660644531
39680,0.0357666015625
39681,0.0330200195312
39682,0.0439147949219
39683,0.0409851074219
39684,0.0434875488281
39685,0.0426025390625
39686,0.0425415039062
39687,0.0470886230469
39688,0.0420227050781
39689,0.04638671875
39690,0.0502624511719
39691,0.0493774414062
39692,0.0541381835938
39693,0.0504455566406
39694,0.0515441894531
39695,0.0516052246094
39696,0.06298828125
39697,0.0650024414062
39698,0.0658569335938
39699,0.0611267089844
39700,0.0639038085938
39701,0.0578918457031
39702,0.0523986816406
39703,0.0520324707031
39704,0.0528259277344
39705,0.0632934570312
39706,0.0677490234375
39707,0.065673828125
39708,0.0571594238281
39709,0.0582580566406
39710,0.0611877441406
39711,0.0639038085938
39712,0.0598754882812
39713,0.0569763183594
39714,0.0591430664062
39715,0.0571899414062
39716,0.0563354492188
39717,0.0579528808594
39718,0.0609741210938
39719,0.0701904296875
39720,0.0704345703125
39721,0.0755004882812
39722,0.06640625
39723,0.0622863769531
39724,0.0564880371094
39725,0.0623779296875
39726,0.0661010742188
39727,0.0827026367188
39728,0.090576171875
39729,0.09033203125
39730,0.09130859375
39731,0.080810546875
39732,0.0739135742188
39733,0.0
39734,0.00540161132812
39735,0.0106353759766
39736,0.0132751464844
39737,0.02197265625
39738,0.0217437744141
39739,0.0230255126953
39740,0.0265045166016
39741,0.0295867919922
39742,0.0326538085938
39743,0.0330200195312
39744,0.0375671386719
39745,0.0445251464844
39746,0.0458068847656
39747,0.0455322265625
39748,0.0504455566406
39749,0.0460815429688
39750,0.0495300292969
39751,0.0504150390625
39752,0.057373046875
39753,0.0547790527344
39754,0.0560913085938
39755,0.0592651367188
39756,0.054931640625
39757,0.0514526367188
39758,0.0531005859375
39759,0.0572204589844
39760,0.0552978515625
39761,0.0541381835938
39762,0.0440063476562
39763,0.0448608398438
39764,0.0489501953125
39765,0.0519409179688
39766,0.0529479980469
39767,0.0490417480469
39768,0.0450439453125
39769,0.043701171875
39770,0.0491333007812
39771,0.0433959960938
39772,0.0487060546875
39773,0.0433654785156
39774,0.0476684570312
39775,0.0503234863281
39776,0.0526733398438
39777,0.0532836914062
39778,0.0536499023438
39779,0.0569152832031
39780,0.0435791015625
39781,0.0479125976562
39782,0.0473327636719
39783,0.0516967773438
39784,0.0550537109375
39785,0.0545349121094
39786,0.0585327148438
39787,0.0646362304688
39788,0.0479125976562
39789,0.0478210449219
39790,0.0544128417969
39791,0.066162109375
39792,0.0733032226562
39793,0.0759887695312
39794,0.0712280273438
39795,0.068603515625
39796,0.06689453125
39797,0.0
39798,0.00578689575195
39799,0.0117797851562
39800,0.0146865844727
39801,0.0239562988281
39802,0.0242767333984
39803,0.0290832519531
39804,0.0268707275391
39805,0.0450744628906
39806,0.0540161132812
39807,0.0536499023438
39808,0.0545043945312
39809,0.0503540039062
39810,0.0508422851562
39811,0.0526123046875
39812,0.056884765625
39813,0.0539245605469
39814,0.0553588867188
39815,0.0671997070312
39816,0.0634765625
39817,0.0593872070312
39818,0.0645141601562
39819,0.0681762695312
39820,0.0682983398438
39821,0.0637817382812
39822,0.0667724609375
39823,0.0694580078125
39824,0.0700073242188
39825,0.074951171875
39826,0.0682373046875
39827,0.0625610351562
39828,0.0685424804688
39829,0.0693359375
39830,0.0731811523438
39831,0.074951171875
39832,0.0792846679688
39833,0.0845336914062
39834,0.0753784179688
39835,0.06689453125
39836,0.0742797851562
39837,0.0753784179688
39838,0.0794067382812
39839,0.0762939453125
39840,0.0772705078125
39841,0.077880859375
39842,0.0755004882812
39843,0.0751953125
39844,0.0748901367188
39845,0.0798950195312
39846,0.0846557617188
39847,0.0728759765625
39848,0.0865478515625
39849,0.0872192382812
39850,0.0896606445312
39851,0.101440429688
39852,0.101013183594
39853,0.0901489257812
39854,0.088623046875
39855,0.0895385742188
39856,0.0985717773438
39857,0.0991821289062
39858,0.0980834960938
39859,0.096435546875
39860,0.0894165039062
39861,0.0
39862,0.00502395629883
39863,0.0120239257812
39864,0.0152740478516
39865,0.024169921875
39866,0.0246734619141
39867,0.0369567871094
39868,0.0359497070312
39869,0.0406188964844
39870,0.0405578613281
39871,0.045654296875
39872,0.0503540039062
39873,0.0494689941406
39874,0.0423278808594
39875,0.0433349609375
39876,0.0477600097656
39877,0.0534973144531
39878,0.0517272949219
39879,0.0532531738281
39880,0.0551147460938
39881,0.0611877441406
76637,0.10986328125
76638,0.101745605469
76640,0.106506347656
76641,0.108337402344
76642,0.109497070312
76643,0.113525390625
76644,0.114440917969
76645,0.0
76646,0.00272178649902
76647,0.00613784790039
76648,0.0098876953125
76649,0.0162811279297
76650,0.0206756591797
76651,0.0188751220703
76652,0.0303802490234
76653,0.0476684570312
76654,0.0465393066406
76655,0.0420227050781
76656,0.0395202636719
76657,0.0384826660156
76658,0.0459289550781
76659,0.0516357421875
76660,0.0551147460938
76661,0.0582275390625
76662,0.04736328125
76663,0.0416870117188
76664,0.0425415039062
76665,0.0542907714844
76666,0.0515747070312
76667,0.0594177246094
76668,0.063232421875
76669,0.062255859375
76670,0.0689086914062
76671,0.0694580078125
76672,0.08056640625
76673,0.0820922851562
76674,0.0828857421875
76675,0.077392578125
76676,0.0740966796875
76677,0.0650634765625
76678,0.0701904296875
76679,0.0709228515625
76680,0.0670166015625
76681,0.0544738769531
76682,0.0543518066406
76683,0.0737915039062
76684,0.0753173828125
76685,0.069091796875
76686,0.0714721679688
76687,0.075439453125
76688,0.0609130859375
76689,0.0634155273438
76690,0.0711669921875
76691,0.0698852539062
76692,0.076416015625
76693,0.0689086914062
76694,0.0661010742188
76695,0.0763549804688
76696,0.0711059570312
76697,0.0655517578125
76698,0.08837890625
76699,0.0877685546875
76700,0.0812377929688
76701,0.0791625976562
76702,0.0772094726562
76703,0.0834350585938
76704,0.0792846679688
76705,0.0814819335938
76706,0.0734252929688
76707,0.0817260742188
76708,0.080322265625
76709,0.0
76710,0.00234985351562
76711,0.00661468505859
76712,0.00975799560547
76713,0.0100936889648
76714,0.0112991333008
76715,0.0162200927734
76716,0.0184631347656
76717,0.0207214355469
76718,0.0224609375
76719,0.0297393798828
76720,0.0279388427734
76721,0.0278167724609
76722,0.0246276855469
76723,0.0260009765625
76724,0.0285797119141
76725,0.0343627929688
76726,0.0341491699219
76727,0.0374145507812
76728,0.0391845703125
76729,0.0372009277344
76730,0.033935546875
76731,0.0479431152344
76732,0.0484619140625
76733,0.0510864257812
76734,0.0505981445312
76735,0.06787109375
76736,0.0680541992188
76737,0.0606384277344
76738,0.05712890625
76739,0.0606384277344
76740,0.0509033203125
76741,0.0522766113281
76742,0.0558776855469
76743,0.057861328125
76744,0.059326171875
76745,0.0528259277344
76746,0.0494689941406
76747,0.0581359863281
76748,0.0572814941406
76749,0.06689453125
76750,0.0628662109375
76751,0.0639038085938
76752,0.0618286132812
76753,0.0635375976562
76754,0.071533203125
76755,0.0655517578125
76756,0.0691528320312
76757,0.0645751953125
76758,0.084228515625
76759,0.0826416015625
76760,0.0791625976562
76761,0.0819702148438
76762,0.0841674804688
76763,0.0781860351562
76764,0.0814819335938
76765,0.085205078125
76766,0.0811157226562
76767,0.0827026367188
76768,0.084716796875
76769,0.08544921875
76770,0.0728759765625
76771,0.0751342773438
76772,0.0919799804688
76773,0.0
76774,0.00166034698486
76775,0.00859069824219
76776,0.0171813964844
76777,0.0167846679688
76778,0.0185699462891
76779,0.0169219970703
76780,0.0295715332031
76781,0.0350341796875
76782,0.0342407226562
76783,0.0379333496094
76784,0.043212890625
76785,0.0489196777344
76786,0.0403442382812
76787,0.0531616210938
76788,0.0448608398438
76789,0.0397644042969
76790,0.0489807128906
76791,0.0368957519531
76792,0.0475158691406
76793,0.0425109863281
76794,0.0433959960938
76795,0.0441589355469
76796,0.0530090332031
76797,0.0582580566406
76798,0.0536804199219
76799,0.0461730957031
76800,0.0556335449219
76801,0.065673828125
76802,0.0499877929688
76803,0.066650390625
76804,0.0651245117188
76805,0.0648193359375
76806,0.0576782226562
76807,0.0602416992188
76808,0.0614318847656
76809,0.0648193359375
76810,0.0824584960938
76811,0.0828247070312
76812,0.0713500976562
76813,0.0680541992188
76814,0.07568359375
76815,0.080078125
76816,0.0704956054688
76817,0.0712280273438
76818,0.071533203125
76819,0.073974609375
76820,0.0652465820312
76821,0.0646362304688
76822,0.0772094726562
76823,0.0822143554688
76824,0.0845947265625
76825,0.084716796875
76826,0.0823364257812
76827,0.091064453125
76828,0.0908203125
76829,0.0887451171875
76830,0.0916748046875
76831,0.100036621094
76832,0.0957641601562
76833,0.0943603515625
76834,0.0952758789062
76835,0.102844238281
76836,0.10205078125
76837,0.0
76838,0.0146713256836
76839,0.0299377441406
76840,0.0302886962891
76841,0.0408630371094
76842,0.0420837402344
76843,0.0408325195312
76844,0.0416870117188
76845,0.0442504882812
76846,0.0481567382812
76847,0.0480651855469
76848,0.0455322265625
76849,0.0452575683594
76850,0.047119140625
76851,0.0581665039062
76852,0.0568542480469
76853,0.0580139160156
76854,0.0598754882812
76855,0.0636596679688
76856,0.0690307617188
76857,0.0662231445312
76858,0.0816650390625
76859,0.082275390625
76860,0.0828857421875
76861,0.0814819335938
76862,0.0813598632812
76863,0.084228515625
76864,0.0836181640625
76865,0.0870971679688
76866,0.0846557617188
76867,0.0816650390625
76868,0.0834350585938
76869,0.08251953125
76870,0.098388671875
76871,0.0911254882812
76872,0.088623046875
76873,0.0857543945312
76874,0.0921630859375
76875,0.0934448242188
76876,0.0911254882812
76877,0.091796875
76878,0.0905151367188
76879,0.0936889648438
76880,0.0919189453125
76881,0.0956420898438
76882,0.096923828125
76883,0.0972290039062
76884,0.08740234375
76885,0.0856323242188
76886,0.107360839844
76887,0.104675292969
76888,0.104797363281
76889,0.106201171875
76890,0.0955200195312
76891,0.0988159179688
76892,0.0999145507812
76893,0.100524902344
76894,0.09765625
76895,0.0980224609375
76896,0.0966186523438
76897,0.0968627929688
76898,0.0962524414062
76899,0.105163574219
76900,0.104064941406
76901,0.0
76902,0.00112152099609
76903,0.0047721862793
76904,0.0118713378906
76905,0.0113677978516
76906,0.0154418945312
76907,0.0174713134766
76908,0.0211181640625
76909,0.0240783691406
76910,0.0235137939453
76911,0.0233306884766
76912,0.0238952636719
76913,0.0278625488281
76914,0.0273132324219
76915,0.0310821533203
76916,0.0308380126953
76917,0.0265502929688
76918,0.0292816162109
76919,0.0314636230469
76920,0.0352478027344
76921,0.0290679931641
76922,0.0368957519531
76923,0.0394592285156
76924,0.0374145507812
76925,0.0337524414062
76926,0.0369262695312
76927,0.0430908203125
76928,0.0441589355469
76929,0.0469360351562
76930,0.043701171875
76931,0.0378112792969
76932,0.0454406738281
76933,0.0409851074219
76934,0.0474853515625
76935,0.0465087890625
76936,0.0457763671875
76937,0.04443359375
76938,0.0491943359375
76939,0.0502624511719
76940,0.0524291992188
76941,0.0528869628906
76942,0.0755615234375
76943,0.0746459960938
76944,0.076904296875
76945,0.0781860351562
76946,0.0770874023438
76947,0.0777587890625
76948,0.079833984375
76949,0.080810546875
76950,0.0857543945312
76951,0.0855712890625
76952,0.0841674804688
76953,0.0874633789062
76954,0.0873413085938
76955,0.0926513671875
76956,0.0880126953125
76957,0.0919799804688
76958,0.0933227539062
76959,0.0940551757812
76960,0.119323730469
76961,0.118835449219
76962,0.111877441406
76963,0.1005859375
76964,0.0940551757812
76965,0.0
76966,0.00371551513672
76967,0.00506591796875
76968,0.00865936279297
76969,0.012451171875
76970,0.0129241943359
76971,0.0163116455078
76972,0.0204162597656
76973,0.0215454101562
76974,0.0227203369141
76975,0.0261535644531
76976,0.0230865478516
76977,0.0286407470703
76978,0.0309143066406
76979,0.0339050292969
76980,0.0319213867188
76981,0.03466796875
76982,0.0440063476562
76983,0.0387878417969
76984,0.0422668457031
76985,0.0403137207031
76986,0.0400085449219
76987,0.0394287109375
76988,0.0345458984375
76989,0.0371398925781
76990,0.0436096191406
76991,0.0444946289062
76992,0.0448303222656
76993,0.0418395996094
76994,0.0372314453125
76995,0.0449829101562
76996,0.0466003417969
76997,0.0482788085938
76998,0.0439758300781
76999,0.0414733886719
77000,0.046630859375
77001,0.0526428222656
77002,0.0514526367188
77003,0.0490417480469
77004,0.0453186035156
77005,0.0516357421875
77006,0.0516967773438
77007,0.0462036132812
77008,0.0492248535156
77009,0.062744140625
77010,0.0586242675781
77011,0.0697021484375
77012,0.074951171875
77013,0.0773315429688
77014,0.0684814453125
77015,0.0706787109375
77016,0.0703125
77017,0.073974609375
77018,0.0618286132812
77019,0.0667724609375
77020,0.0665893554688
77021,0.0662231445312
77022,0.06689453125
77023,0.0702514648438
77024,0.0784912109375
77025,0.0784301757812
77026,0.0725708007812
77027,0.0563049316406
77028,0.0603942871094
77029,0.0
77030,0.00146389007568
77031,0.00403213500977
77032,0.0065803527832
77033,0.00693511962891
77034,0.0106430053711
77035,0.0149688720703
77036,0.0181274414062
77037,0.0238494873047
77038,0.0260009765625
77039,0.0433044433594
77040,0.040771484375
77041,0.0453186035156
77042,0.0399780273438
77043,0.0426025390625
77044,0.0395202636719
77045,0.0495300292969
77046,0.0516052246094
77047,0.0537109375
77048,0.0491333007812
77049,0.0474243164062
77050,0.0498657226562
77051,0.05224609375
77052,0.0501403808594
77053,0.0535888671875
77054,0.0576477050781
77055,0.05029296875
77056,0.059326171875
77057,0.0567321777344
77058,0.0599975585938
77059,0.0523681640625
77060,0.0536499023438
77061,0.0539855957031
77062,0.04541015625
77063,0.0473937988281
77064,0.0547790527344
77065,0.0609741210938
77066,0.0643920898438
77067,0.0669555664062
77068,0.064208984375
77069,0.06396484375
77070,0.0626831054688
77071,0.0641479492188
77072,0.0585021972656
77073,0.0607299804688
77074,0.0664672851562
77075,0.0618896484375
77076,0.06640625
77077,0.0645141601562
77078,0.0682983398438
77079,0.0639038085938
77080,0.0629272460938
77081,0.0660400390625
77082,0.0610046386719
77083,0.0637817382812
77084,0.0648193359375
77085,0.0640869140625
77086,0.0673828125
77087,0.0571899414062
77088,0.0557861328125
77089,0.0631103515625
77090,0.07373046875
77091,0.0721435546875
77092,0.0796508789062
77093,0.0
77094,0.00356674194336
77095,0.00566482543945
77096,0.00670623779297
77097,0.0127944946289
77098,0.0211181640625
77099,0.0226898193359
77100,0.0196685791016
77101,0.0240783691406
77102,0.0274963378906
77103,0.0317993164062
77104,0.0364379882812
77105,0.0309753417969
77106,0.0407409667969
77107,0.0405578613281
77108,0.0392456054688
77109,0.0489501953125
77110,0.0472106933594
77111,0.0487976074219
77112,0.0430908203125
77113,0.0473937988281
77114,0.0538635253906
77115,0.0536804199219
77116,0.0455017089844
77117,0.0476379394531
77118,0.0510864257812
77119,0.0508117675781
77120,0.0602722167969
77121,0.0669555664062
77122,0.0563049316406
77123,0.0566101074219
77124,0.0585327148438
77125,0.0537414550781
77126,0.0534362792969
77127,0.0535888671875
77128,0.0579528808594
77129,0.0585632324219
77130,0.0621948242188
77131,0.054931640625
77132,0.0523986816406
77133,0.0550842285156
77134,0.0510864257812
77135,0.0526733398438
77136,0.0579528808594
77137,0.0520324707031
77138,0.0499267578125
77139,0.0495910644531
77140,0.05322265625
77141,0.0609741210938
77142,0.0574340820312
77143,0.0559692382812
77144,0.0542297363281
77145,0.0532836914062
77146,0.0588073730469
77147,0.06396484375
77148,0.0567626953125
77149,0.0564575195312
77150,0.065185546875
77151,0.0700073242188
77152,0.0715942382812
77153,0.0640869140625
77154,0.0609741210938
77155,0.0596923828125
77156,0.0603942871094
77157,0.0
77158,0.00229263305664
77159,0.00600051879883
77160,0.00808715820312
77161,0.0197448730469
77162,0.0224151611328
77163,0.0217895507812
77164,0.0228271484375
77165,0.0213012695312
77166,0.0206451416016
77167,0.0196838378906
77168,0.0190582275391
77169,0.0276184082031
77170,0.0262451171875
77171,0.0270233154297
77172,0.0253753662109
77173,0.0291900634766
77174,0.0322570800781
77175,0.0360717773438
77176,0.0394897460938
77177,0.0330200195312
77178,0.0363159179688
77179,0.0370788574219
77180,0.0373840332031
77181,0.0349426269531
77182,0.0435180664062
77183,0.0404968261719
77184,0.0436401367188
77185,0.0516662597656
77186,0.0450439453125
77187,0.0408325195312
77188,0.0479431152344
77189,0.0354614257812
77190,0.0336303710938
77191,0.0367736816406
77192,0.0345764160156
77193,0.0372009277344
77194,0.0418395996094
77195,0.0479736328125
77196,0.0437927246094
77197,0.0467529296875
77198,0.04150390625
77199,0.0400390625
77200,0.0391235351562
77201,0.0383605957031
77202,0.0399475097656
77203,0.0444030761719
77204,0.045166015625
77205,0.0453796386719
77206,0.0499877929688
77207,0.05224609375
77208,0.051025390625
77209,0.0451049804688
77210,0.0419921875
77211,0.0487365722656
77212,0.0520935058594
77213,0.0592346191406
77214,0.0606079101562
77215,0.0687255859375
77216,0.0571899414062
77217,0.0637817382812
77218,0.0681762695312
77219,0.0660400390625
77220,0.0600280761719
77221,0.0
77222,0.0114898681641
77223,0.00968933105469
77224,0.0156021118164
77225,0.02099609375
77226,0.0220336914062
77227,0.0185546875
77228,0.0160675048828
77229,0.0215148925781
77230,0.0345153808594
77231,0.03173828125
77232,0.0327453613281
77233,0.0367126464844
77234,0.0419921875
77235,0.0440368652344
77236,0.0440673828125
77237,0.0740356445312
77238,0.059326171875
77239,0.0711669921875
77240,0.0679321289062
77241,0.0687866210938
77242,0.0612182617188
77243,0.058837890625
77244,0.0652465820312
77245,0.070556640625
77246,0.06640625
77247,0.0682983398438
77248,0.0560302734375
77249,0.0595703125
77250,0.0579528808594
77251,0.0608825683594
77252,0.060791015625
77253,0.0550537109375
77254,0.0606079101562
77255,0.0636596679688
77256,0.0655517578125
77257,0.0694580078125
77258,0.0697631835938
77259,0.0696411132812
77260,0.0713500976562
77261,0.065673828125
77262,0.0660400390625
77263,0.063720703125
77264,0.0635986328125
77265,0.0680541992188
77266,0.07177734375
77267,0.06689453125
77268,0.0657958984375
77269,0.0642700195312
77270,0.0563659667969
77271,0.0601806640625
77272,0.068603515625
77273,0.0640258789062
77274,0.0630493164062
77275,0.0592651367188
77276,0.0675659179688
77277,0.0697021484375
77278,0.0673217773438
77279,0.067626953125
77280,0.0693969726562
77281,0.07080078125
77282,0.0711669921875
77283,0.0830688476562
77284,0.0739135742188
77285,0.0
77286,0.00333213806152
77287,0.00669097900391
77288,0.0122833251953
77289,0.0121688842773
77290,0.0222625732422
77291,0.0230102539062
77292,0.0188140869141
77293,0.0401000976562
77294,0.0381469726562
77295,0.0354919433594
77296,0.0375671386719
77297,0.0353698730469
77298,0.0421142578125
77299,0.0425720214844
77300,0.0427551269531
77301,0.0392761230469
77302,0.0445251464844
77303,0.0416259765625
77304,0.0547790527344
77305,0.0492248535156
77306,0.0465087890625
77307,0.0449829101562
77308,0.0496215820312
77309,0.0433349609375
77310,0.0414123535156
77311,0.0483093261719
77312,0.0490112304688
77313,0.0472717285156
77314,0.0481567382812
77315,0.0480041503906
77316,0.0513305664062
77317,0.0511474609375
77318,0.0469360351562
77319,0.0506286621094
77320,0.0424194335938
77321,0.0394592285156
77322,0.0429382324219
77323,0.041748046875
77324,0.045166015625
77325,0.0473937988281
77326,0.0587768554688
77327,0.0584106445312
77328,0.0570068359375
77329,0.0564575195312
77330,0.0481567382812
77331,0.0486145019531
77332,0.042724609375
77333,0.04541015625
77334,0.0543823242188
77335,0.0548400878906
77336,0.0531005859375
77337,0.0558471679688
77338,0.06103515625
77339,0.0539245605469
77340,0.0574951171875
77341,0.0645751953125
77342,0.065185546875
77343,0.0692138671875
77344,0.0702514648438
77345,0.0661010742188
77346,0.066162109375
77347,0.0634765625
77348,0.0689697265625
77349,0.0
77350,0.00316047668457
77351,0.00859832763672
77352,0.0103759765625
77353,0.0155258178711
77354,0.0186614990234
77355,0.02001953125
77356,0.0181121826172
77357,0.0221405029297
77358,0.0265808105469
77359,0.0216217041016
77360,0.0287475585938
77361,0.0477905273438
77362,0.0321044921875
77363,0.0319519042969
77364,0.0296478271484
77365,0.0292663574219
77366,0.0303192138672
77367,0.0370483398438
77368,0.0374755859375
77369,0.0474243164062
77370,0.0458068847656
77371,0.0431823730469
77372,0.0424499511719
77373,0.0498046875
77374,0.0476684570312
77375,0.0476684570312
77376,0.050048828125
77377,0.0498962402344
77378,0.0460205078125
77379,0.0468139648438
77380,0.0463562011719
77381,0.0515747070312
77382,0.0526123046875
77383,0.0505676269531
77384,0.051025390625
77385,0.0459899902344
77386,0.0479736328125
77387,0.0671997070312
77388,0.064453125
77389,0.06787109375
77390,0.0665283203125
77391,0.0657348632812
77392,0.062744140625
77393,0.0598449707031
77394,0.0684814453125
77395,0.0712890625
77396,0.074462890625
77397,0.072021484375
77398,0.0712890625
77399,0.07177734375
77400,0.075927734375
77401,0.07470703125
77402,0.0853271484375
77403,0.0858764648438
77404,0.0772705078125
77405,0.0738525390625
77406,0.0756225585938
77407,0.0758056640625
77408,0.077392578125
77409,0.0791015625
77410,0.0750732421875
77411,0.0780639648438
77412,0.0740356445312
77413,0.0
77414,0.00287055969238
77415,0.00454330444336
77416,0.00513458251953
77417,0.00884246826172
77418,0.0164031982422
77419,0.0159149169922
77420,0.0171813964844
77422,0.0208129882812
77423,0.0388488769531
77424,0.0372619628906
77425,0.0316162109375
77426,0.0387878417969
77427,0.0466613769531
77428,0.0430603027344
77429,0.043212890625
77430,0.0436096191406
77431,0.0441589355469
77432,0.0413513183594
77433,0.0426940917969
77434,0.0519104003906
77435,0.0532836914062
77436,0.0561828613281
77437,0.057373046875
77438,0.0536193847656
77439,0.0502014160156
77440,0.0534973144531
77441,0.0629272460938
77442,0.0640258789062
77443,0.0604248046875
77444,0.0596008300781
77445,0.0567321777344
77446,0.0629272460938
77447,0.0646362304688
77448,0.0590515136719
77449,0.05810546875
77450,0.0617370605469
77451,0.0545959472656
77452,0.0561828613281
77453,0.0545043945312
77454,0.0622253417969
77455,0.0578308105469
77456,0.0599975585938
77457,0.0621643066406
77458,0.069580078125
77459,0.0740966796875
77460,0.076171875
77461,0.0795288085938
77462,0.0715942382812
77463,0.070556640625
77464,0.07421875
77465,0.0950317382812
77466,0.0890502929688
77467,0.0869750976562
77468,0.0859375
77469,0.0826416015625
77470,0.087890625
77471,0.0909423828125
77472,0.0909423828125
77473,0.0980224609375
77474,0.0747680664062
77475,0.0770263671875
77476,0.0792236328125
77477,0.0689086914062
77478,0.0
77479,0.00159454345703
77480,0.00400543212891
77481,0.0105438232422
77482,0.0177154541016
77483,0.0136184692383
77484,0.0135650634766
77485,0.013557434082
77486,0.0196990966797
77487,0.0290679931641
77488,0.0274047851562
77489,0.0359802246094
77490,0.0433349609375
77491,0.0307922363281
77492,0.0283813476562
77493,0.0413513183594
77494,0.0426330566406
77495,0.0410766601562
77496,0.0354614257812
77497,0.0442810058594
77498,0.0414733886719
77499,0.03515625
77500,0.0415954589844
77501,0.0491333007812
77502,0.0444641113281
77503,0.0462646484375
77504,0.0452270507812
77505,0.0491333007812
77506,0.0538635253906
77507,0.053955078125
77508,0.0607299804688
77509,0.0532531738281
77510,0.0629272460938
77511,0.0565795898438
77512,0.05517578125
77513,0.05322265625
77514,0.0480651855469
77515,0.0518493652344
77516,0.0519409179688
77517,0.0524597167969
77518,0.0565795898438
77519,0.0619506835938
77520,0.0794067382812
77521,0.0740966796875
77522,0.0693359375
77523,0.0711059570312
77524,0.0662841796875
77525,0.0743408203125
77526,0.0722045898438
77527,0.0734252929688
77528,0.0836791992188
77529,0.0951538085938
77530,0.1123046875
77531,0.0966186523438
77532,0.123474121094
77533,0.110595703125
77534,0.110412597656
77535,0.109436035156
77536,0.114379882812
77537,0.1142578125
77538,0.112854003906
77539,0.114196777344
77540,0.120361328125
77541,0.121765136719
77542,0.0
77543,0.00341033935547
77544,0.00839233398438
77545,0.00897979736328
77546,0.0120849609375
77547,0.0178527832031
77548,0.0178680419922
77549,0.0249481201172
77550,0.0285339355469
77551,0.0293273925781
77552,0.0263214111328
77553,0.0555725097656
77554,0.0509948730469
77555,0.0467224121094
77556,0.0486755371094
77557,0.046142578125
77558,0.0564880371094
77559,0.0471496582031
77560,0.0517883300781
77561,0.0560302734375
77562,0.0579223632812
77563,0.0467529296875
77564,0.0524291992188
77565,0.0532836914062
77566,0.0520629882812
77567,0.0587768554688
77568,0.0726318359375
77569,0.0665893554688
77570,0.0664672851562
77571,0.0602111816406
77572,0.0569152832031
77573,0.0596313476562
77574,0.0603332519531
77575,0.0611267089844
77576,0.0611877441406
77577,0.0640258789062
77578,0.0678100585938
77579,0.0742797851562
77580,0.07666015625
77581,0.0740356445312
77582,0.0740356445312
77583,0.0712890625
77584,0.0701904296875
77585,0.0736083984375
77586,0.0778198242188
77587,0.08251953125
77588,0.0817260742188
77589,0.0664672851562
77590,0.0660400390625
77591,0.0704956054688
77592,0.0777587890625
77593,0.076416015625
77594,0.0800170898438
77595,0.0770263671875
77596,0.0758056640625
77597,0.0775146484375
77598,0.0778198242188
77599,0.0785522460938
77600,0.0796508789062
77601,0.0690307617188
77602,0.0697021484375
77603,0.0715942382812
77604,0.086181640625
77605,0.0842895507812
77606,0.0
77607,0.00177478790283
77608,0.00862884521484
77609,0.0135040283203
77610,0.017822265625
77611,0.0236053466797
77612,0.0279998779297
77613,0.0305786132812
77614,0.034912109375
77615,0.0421447753906
77616,0.0478515625
77617,0.046875
77618,0.0362243652344
77619,0.0413818359375
77620,0.0432434082031
77621,0.0525512695312
77622,0.0466003417969
77623,0.0453491210938
77624,0.0439147949219
77625,0.0494995117188
77626,0.0475158691406
77627,0.0442504882812
77628,0.0558166503906
77629,0.0604858398438
77630,0.0591735839844
77631,0.0603942871094
77632,0.0618286132812
77633,0.0497131347656
77634,0.0438232421875
77635,0.04150390625
77636,0.0501098632812
77637,0.0655517578125
77638,0.0660400390625
77639,0.0657348632812
77640,0.0624389648438
77641,0.0637817382812
77642,0.0632934570312
77643,0.0632934570312
77644,0.0750732421875
77645,0.0626831054688
77646,0.064453125
77647,0.0499572753906
77648,0.0557556152344
77649,0.0510559082031
77650,0.0599670410156
77651,0.0589904785156
77652,0.0592041015625
77653,0.0577697753906
77654,0.0588684082031
77655,0.0586547851562
77656,0.0617980957031
77657,0.0601501464844
77658,0.0677490234375
77659,0.0692749023438
77660,0.0730590820312
77661,0.071533203125
77662,0.07568359375
77663,0.0709838867188
77664,0.0780029296875
77665,0.0701293945312
77666,0.0643920898438
77667,0.062744140625
77668,0.0654907226562
77669,0.0618591308594
77670,0.0
77671,0.00716018676758
77672,0.00760650634766
77673,0.00812530517578
77674,0.0119247436523
77675,0.0133438110352
77676,0.0149612426758
77677,0.0204467773438
77678,0.0228118896484
77679,0.0201721191406
77680,0.0206146240234
77681,0.0269622802734
77682,0.0327453613281
77683,0.0295104980469
77684,0.0330505371094
77685,0.02685546875
77686,0.0277557373047
77687,0.0287170410156
77688,0.0290069580078
77689,0.0286102294922
77690,0.0310821533203
77691,0.0329895019531
77692,0.0416870117188
77693,0.0355224609375
77694,0.0410766601562
77695,0.037109375
77696,0.0445861816406
77697,0.0459289550781
77698,0.0521240234375
77699,0.0509033203125
77700,0.063720703125
77701,0.0517883300781
77702,0.057861328125
77703,0.0386047363281
77704,0.050048828125
77705,0.0460815429688
77706,0.0506896972656
77707,0.05517578125
77708,0.0640258789062
77709,0.0613708496094
77710,0.0575561523438
77711,0.0588989257812
77712,0.0451354980469
77713,0.0550537109375
77714,0.0562744140625
77715,0.0598449707031
77716,0.072021484375
77717,0.0714721679688
77718,0.064208984375
77719,0.0546875
77720,0.0555419921875
77721,0.0575256347656
77722,0.0581970214844
77723,0.06298828125
77724,0.0669555664062
77725,0.0894165039062
77726,0.0900268554688
77727,0.0867309570312
77728,0.0882568359375
77729,0.0939331054688
77730,0.0833129882812
77731,0.087890625
77732,0.0901489257812
77733,0.0906982421875
77734,0.0
77735,0.00251579284668
77736,0.00910186767578
77737,0.00888824462891
77738,0.00796508789062
77739,0.00833892822266
77740,0.0169525146484
77741,0.0281066894531
77742,0.0264434814453
77743,0.0237274169922
77744,0.0324401855469
77745,0.0301361083984
77746,0.0300903320312
77747,0.0277557373047
77748,0.0285949707031
77749,0.0278625488281
77750,0.0326232910156
77751,0.0296478271484
77752,0.0337829589844
77753,0.05126953125
77754,0.0464477539062
77755,0.0465698242188
77756,0.0499877929688
77757,0.0443725585938
77758,0.0456237792969
77759,0.0494689941406
77760,0.0507507324219
77761,0.0497436523438
77762,0.0483093261719
77763,0.0471496582031
77764,0.0521545410156
77765,0.0596008300781
77766,0.0584411621094
77767,0.0520935058594
77768,0.053955078125
77769,0.0494079589844
77770,0.0550537109375
77771,0.0546569824219
77772,0.05810546875
77773,0.0563049316406
77774,0.0562438964844
77775,0.0617065429688
77776,0.0624389648438
77777,0.0584106445312
77778,0.0575561523438
77779,0.0623474121094
77780,0.0634155273438
77781,0.0679321289062
77782,0.062744140625
77783,0.0689086914062
77784,0.0591125488281
77785,0.0476684570312
77786,0.0457153320312
77787,0.0471801757812
77788,0.0515747070312
77789,0.0551452636719
77790,0.0577697753906
77791,0.0580749511719
77792,0.0684204101562
77793,0.0686645507812
77794,0.0623168945312
77795,0.0598449707031
77796,0.0504760742188
77797,0.0516967773438
77798,0.0
77799,0.00436782836914
77800,0.00876617431641
77801,0.00910949707031
77802,0.00914764404297
77803,0.0126037597656
77804,0.0164337158203
77805,0.0291137695312
77806,0.0314025878906
77807,0.0234985351562
77808,0.0326232910156
77809,0.0346984863281
77810,0.0370483398438
77811,0.0371398925781
77812,0.0367126464844
77813,0.0453796386719
77814,0.0590515136719
77815,0.0584411621094
77816,0.0616760253906
77817,0.058349609375
77818,0.0562438964844
77819,0.0464477539062
77820,0.048828125
77821,0.0539245605469
77822,0.0531921386719
77823,0.0513000488281
77824,0.0483703613281
77825,0.0482482910156
77826,0.0545654296875
77827,0.0505981445312
77828,0.0528869628906
77829,0.07177734375
77830,0.0614013671875
77831,0.0595703125
77832,0.0546264648438
77833,0.0612487792969
77834,0.0697631835938
77835,0.0634765625
77836,0.0638427734375
77837,0.0706176757812
77838,0.0719604492188
77839,0.071533203125
77840,0.0787353515625
77841,0.082275390625
77842,0.0791015625
77843,0.0729370117188
77844,0.0782470703125
77845,0.0791625976562
77846,0.0750122070312
77847,0.0770263671875
77848,0.0770263671875
77849,0.0682373046875
77850,0.0625
77851,0.0615844726562
77852,0.0653076171875
77853,0.06689453125
77854,0.063720703125
77855,0.0663452148438
77856,0.0661010742188
77857,0.0678100585938
77858,0.066650390625
77859,0.0625610351562
77860,0.0617980957031
77861,0.0656127929688
77862,0.0
77863,0.00311660766602
77864,0.0154495239258
77865,0.0164642333984
77866,0.0158996582031
77867,0.0226287841797
77868,0.0250396728516
77869,0.0209808349609
77870,0.0255279541016
77871,0.0220184326172
77872,0.0234069824219
77873,0.0276184082031
77874,0.0255279541016
77875,0.0461120605469
77876,0.0388793945312
77877,0.038818359375
77878,0.0446166992188
77879,0.05126953125
77880,0.0557250976562
77881,0.0521545410156
77882,0.0540161132812
77883,0.0531921386719
77884,0.0561828613281
77885,0.0514831542969
77886,0.0638427734375
77887,0.0614013671875
77888,0.06494140625
77889,0.0648803710938
77890,0.0648193359375
77891,0.068359375
77892,0.0672607421875
77893,0.0698852539062
77894,0.0624389648438
77895,0.0625610351562
77896,0.0633544921875
77897,0.0626220703125
77898,0.0787353515625
77899,0.078369140625
77900,0.102294921875
77901,0.0987548828125
77902,0.0962524414062
77903,0.103759765625
77904,0.0828857421875
77905,0.0829467773438
77906,0.0851440429688
77907,0.086669921875
77908,0.0829467773438
77909,0.080810546875
77910,0.0836791992188
77911,0.07421875
77912,0.0944213867188
77913,0.0856323242188
77914,0.07958984375
77915,0.08056640625
77916,0.0908813476562
77917,0.0887451171875
77918,0.0897827148438
77919,0.0916748046875
77920,0.104858398438
77921,0.104309082031
77922,0.106628417969
77923,0.108520507812
77924,0.105773925781
77925,0.10400390625
77926,0.0
77927,0.00759124755859
77928,0.0077018737793
77929,0.0123825073242
77930,0.0139465332031
77931,0.0175323486328
77932,0.0173492431641
77933,0.0190277099609
77934,0.0218963623047
77935,0.0261383056641
77936,0.0296325683594
77937,0.0256958007812
77938,0.0237121582031
77939,0.0274200439453
77940,0.037353515625
77941,0.037841796875
77942,0.0430908203125
77943,0.0417785644531
77944,0.0382080078125
77945,0.04296875
77946,0.0536193847656
77947,0.044921875
77948,0.04443359375
77949,0.0551147460938
77950,0.0475158691406
77951,0.049560546875
77952,0.0500183105469
77953,0.0490417480469
77954,0.0462036132812
77955,0.0526733398438
77956,0.0597534179688
77957,0.0509033203125
77958,0.0496215820312
77959,0.0548400878906
77960,0.0506896972656
77961,0.0639038085938
77962,0.0581665039062
77963,0.059326171875
77964,0.0633544921875
77965,0.0615539550781
77966,0.0682983398438
77967,0.0670166015625
77968,0.0581665039062
77969,0.0585327148438
77970,0.07373046875
77971,0.0680541992188
77972,0.0668334960938
77973,0.0723876953125
77974,0.074951171875
77975,0.0704956054688
77976,0.0695190429688
77977,0.0738525390625
77978,0.0804443359375
77979,0.0687866210938
77980,0.068603515625
77981,0.0635986328125
77982,0.0642700195312
77983,0.068359375
77984,0.0653076171875
77985,0.0712280273438
77986,0.0609741210938
77987,0.0663452148438
77988,0.0690307617188
77989,0.0699462890625
77990,0.0
77991,0.000853061676025
77992,0.00538635253906
77993,0.00864410400391
77994,0.00955200195312
77995,0.0169372558594
77996,0.0138092041016
77997,0.0184020996094
77998,0.0182037353516
77999,0.0206756591797
78000,0.0262145996094
78001,0.0252838134766
78002,0.0273284912109
78003,0.0222473144531
78004,0.025634765625
78005,0.0281219482422
78006,0.0311737060547
78007,0.0323791503906
78008,0.0333251953125
78009,0.0378112792969
78010,0.0385131835938
78011,0.04638671875
78012,0.0456237792969
78013,0.0451965332031
78014,0.0418701171875
78015,0.0461730957031
78016,0.0409545898438
78017,0.040283203125
78018,0.0497131347656
78019,0.0475769042969
78020,0.0513916015625
78021,0.0369873046875
78022,0.0379943847656
78023,0.0572814941406
78024,0.0472717285156
78025,0.0496215820312
78026,0.0517578125
78027,0.0737915039062
78028,0.0726928710938
78029,0.0603942871094
78030,0.0733642578125
78031,0.0744018554688
78032,0.061279296875
78033,0.0614013671875
78034,0.0606994628906
78035,0.0778198242188
78036,0.0731811523438
78037,0.0675048828125
78038,0.0720825195312
78039,0.0726318359375
78040,0.0694580078125
78041,0.0798950195312
78042,0.079833984375
78043,0.0789184570312
78044,0.0791015625
78045,0.0769653320312
78046,0.0802001953125
78047,0.0794677734375
78048,0.0783081054688
78049,0.0810546875
78050,0.07470703125
78051,0.07568359375
78052,0.07763671875
78053,0.0791015625
78054,0.0
78055,0.00375175476074
78056,0.00471496582031
78057,0.0121383666992
78058,0.0152053833008
78059,0.0174865722656
78060,0.0215911865234
78061,0.0219573974609
78062,0.0255889892578
78063,0.0277404785156
78064,0.0285797119141
78065,0.0290679931641
78066,0.0353698730469
78067,0.0382080078125
78068,0.0452270507812
78069,0.0429382324219
78070,0.0389709472656
78071,0.0489196777344
78072,0.0454711914062
78073,0.0548095703125
78074,0.0559387207031
78075,0.0509643554688
78076,0.05712890625
78077,0.054931640625
78078,0.056640625
78079,0.0584716796875
78080,0.0563049316406
78081,0.054443359375
78082,0.0581665039062
78083,0.0552062988281
78084,0.0542602539062
78085,0.054443359375
78086,0.0561218261719
78087,0.0525207519531
78088,0.0584411621094
78089,0.054931640625
78090,0.055419921875
78091,0.0536193847656
78092,0.0467834472656
78093,0.0498352050781
78094,0.0557250976562
78095,0.0670166015625
78096,0.0640869140625
78097,0.0634155273438
78098,0.064697265625
78099,0.066162109375
78100,0.0645141601562
78101,0.0648193359375
78102,0.0745849609375
78103,0.0737915039062
78104,0.076171875
78105,0.0731201171875
78106,0.0750732421875
78107,0.0742797851562
78108,0.0772705078125
78109,0.076416015625
78110,0.0694580078125
78111,0.0702514648438
78112,0.0730590820312
78113,0.0634765625
78114,0.0637817382812
78115,0.0662231445312
78116,0.07177734375
78117,0.0657958984375
78118,0.0
78119,0.00212478637695
78120,0.0041389465332
78121,0.00495910644531
78122,0.0108032226562
78123,0.0121841430664
78124,0.00862884521484
78125,0.00960540771484
78126,0.0137481689453
78127,0.0154342651367
78128,0.0204010009766
78129,0.0214691162109
78130,0.0204925537109
78131,0.0185394287109
78132,0.0168762207031
78133,0.015869140625
78134,0.0195465087891
78135,0.0220336914062
78136,0.0237731933594
78137,0.0270690917969
78138,0.0248718261719
78139,0.0227966308594
78140,0.0273895263672
78141,0.0292053222656
78142,0.0280914306641
78143,0.0318603515625
78144,0.0352478027344
78145,0.0356140136719
78146,0.0365600585938
78147,0.0331420898438
78148,0.0318603515625
78149,0.0332946777344
78150,0.03564453125
78151,0.0421142578125
78152,0.0401916503906
78153,0.0360107421875
78154,0.0409851074219
78155,0.0334777832031
78156,0.0420532226562
78157,0.0408020019531
78158,0.04443359375
78159,0.0509033203125
78160,0.0548706054688
78161,0.0413208007812
78162,0.0422668457031
78163,0.0417175292969
78164,0.0406494140625
78165,0.0444030761719
78166,0.0470581054688
78167,0.0469665527344
78168,0.0441589355469
78169,0.0497131347656
78170,0.0516662597656
78171,0.0516357421875
78172,0.04931640625
78173,0.0491333007812
78174,0.0511169433594
78175,0.0569458007812
78176,0.0609436035156
78177,0.0549011230469
78178,0.0523681640625
78179,0.0521545410156
78180,0.0510559082031
78181,0.0531005859375
78182,0.0
78183,0.00188255310059
78184,0.00371360778809
78185,0.00918579101562
78186,0.00954437255859
78187,0.0108032226562
78188,0.0140991210938
78189,0.0165710449219
78190,0.0196533203125
78191,0.0207366943359
78192,0.0184783935547
78193,0.016357421875
78194,0.0237731933594
78195,0.0201568603516
78196,0.0210113525391
78197,0.02099609375
78198,0.0230102539062
78199,0.0210418701172
78200,0.0238647460938
78201,0.020263671875
78202,0.0358276367188
