4,0.0
5,0.0
6,0.0
7,0.0
8,0.0
9,0.0
10,0.0
11,0.0
12,0.0
13,0.0
14,0.0
15,0.0
16,0.0
17,0.0
18,0.0
19,0.0
20,0.0
21,0.0
22,0.0
23,0.0
24,0.0
25,0.0
26,0.0
27,0.0
28,0.0
29,0.0
30,0.0
31,0.0
32,0.0
33,0.0
34,0.0
35,0.0
36,0.0
37,0.0
38,0.0
39,0.0
40,0.0
41,0.0
42,0.0
43,0.0
44,0.0
45,0.0
46,0.0
47,0.0
48,0.0
49,0.0
50,0.0
51,0.0
52,0.0
53,0.0
54,0.0
55,0.0
56,0.0
57,0.0
58,0.0
59,0.0
60,0.0
61,0.0
62,0.0
63,0.0
64,0.0
65,0.0
66,0.0
67,0.0
68,0.0103378295898
69,0.0128173828125
70,0.0162506103516
71,0.0202789306641
72,0.0240325927734
73,0.0284729003906
74,0.0283660888672
75,0.0312347412109
76,0.0292053222656
77,0.0296630859375
78,0.0320129394531
79,0.0321655273438
80,0.0342102050781
81,0.03515625
82,0.0348205566406
83,0.03466796875
84,0.0346984863281
85,0.0340576171875
86,0.0350646972656
87,0.0321044921875
88,0.0308227539062
89,0.0311737060547
90,0.0329895019531
91,0.0342712402344
92,0.0341186523438
93,0.0322570800781
94,0.0324401855469
95,0.0319519042969
96,0.0312194824219
97,0.0293579101562
98,0.0307464599609
99,0.0302886962891
100,0.0314331054688
101,0.0290069580078
102,0.0289611816406
103,0.0305633544922
104,0.0308074951172
105,0.0289001464844
106,0.0294799804688
107,0.0286712646484
108,0.0288543701172
109,0.0308990478516
110,0.0314636230469
111,0.0303192138672
112,0.0316162109375
113,0.0328063964844
114,0.0321655273438
115,0.0337829589844
116,0.0334167480469
117,0.0346984863281
118,0.0364379882812
119,0.0367431640625
120,0.0356750488281
121,0.0340576171875
122,0.03759765625
123,0.0341186523438
124,0.0376281738281
125,0.036865234375
126,0.0377197265625
127,0.0335998535156
128,0.0368347167969
129,0.0380554199219
130,0.0407104492188
131,0.0
132,0.0223999023438
133,0.0367736816406
134,0.050537109375
135,0.0599060058594
136,0.0615539550781
137,0.0730590820312
138,0.0791625976562
139,0.0833129882812
140,0.0831909179688
141,0.0814819335938
142,0.0764770507812
143,0.0777587890625
144,0.0796508789062
145,0.083251953125
146,0.0823364257812
147,0.0867309570312
148,0.0795288085938
149,0.0797119140625
150,0.0838623046875
151,0.089111328125
152,0.0894775390625
153,0.0890502929688
154,0.0888671875
155,0.0987548828125
156,0.0950927734375
157,0.0999755859375
158,0.100341796875
159,0.0997314453125
160,0.091552734375
161,0.0904541015625
162,0.0816040039062
163,0.0946044921875
164,0.088623046875
165,0.0999755859375
166,0.0958251953125
167,0.0890502929688
168,0.0787963867188
169,0.08251953125
170,0.0808715820312
171,0.0836791992188
172,0.0798950195312
173,0.0758056640625
174,0.0811767578125
175,0.0746459960938
176,0.0814819335938
177,0.0794677734375
178,0.0826416015625
179,0.0798950195312
180,0.084228515625
181,0.0828247070312
182,0.0820922851562
183,0.0799560546875
184,0.0878295898438
185,0.0914916992188
186,0.0897216796875
187,0.0872802734375
188,0.0868530273438
189,0.0846557617188
190,0.0859375
191,0.0878295898438
192,0.084228515625
193,0.0853271484375
194,0.087890625
195,0.0
196,0.0185394287109
197,0.031494140625
198,0.0434265136719
199,0.0517883300781
200,0.0595092773438
201,0.0686645507812
202,0.0723266601562
203,0.07421875
204,0.0755615234375
205,0.079833984375
206,0.0830688476562
207,0.0772705078125
208,0.0786743164062
209,0.0777587890625
210,0.0759887695312
211,0.084228515625
212,0.0780639648438
213,0.083740234375
214,0.082275390625
215,0.0853271484375
216,0.08447265625
217,0.085693359375
218,0.08203125
219,0.0880126953125
220,0.0851440429688
221,0.0846557617188
222,0.0857543945312
223,0.0852661132812
224,0.0850219726562
225,0.085205078125
226,0.0850219726562
227,0.0863647460938
228,0.080078125
229,0.0855712890625
230,0.0808715820312
231,0.0831909179688
232,0.07666015625
233,0.0772094726562
234,0.0782470703125
235,0.0826416015625
236,0.0804443359375
237,0.0849609375
238,0.0803833007812
239,0.081298828125
240,0.0783081054688
241,0.0802001953125
242,0.0783081054688
243,0.0797729492188
244,0.08056640625
245,0.0841674804688
246,0.084228515625
247,0.0873413085938
248,0.0860595703125
249,0.0873413085938
250,0.082763671875
251,0.0888671875
252,0.0811157226562
253,0.0813598632812
254,0.0841064453125
255,0.0859375
256,0.0823364257812
257,0.0773315429688
258,0.079833984375
259,0.0
260,0.0180358886719
261,0.0286865234375
262,0.0448303222656
263,0.0526123046875
264,0.0535583496094
265,0.0585632324219
266,0.0645141601562
267,0.0664672851562
268,0.0729370117188
269,0.0771484375
270,0.0783081054688
271,0.0789794921875
272,0.0851440429688
273,0.0755004882812
274,0.0755615234375
275,0.0820922851562
276,0.0786743164062
277,0.07763671875
278,0.0794067382812
279,0.0811157226562
280,0.0810546875
281,0.0833740234375
282,0.0891723632812
283,0.08935546875
284,0.0878295898438
285,0.0816040039062
286,0.079833984375
287,0.0835571289062
288,0.0848999023438
289,0.0858764648438
290,0.0792236328125
291,0.078125
292,0.076904296875
293,0.0796508789062
294,0.0809936523438
295,0.08349609375
296,0.0895385742188
297,0.087158203125
298,0.0853271484375
299,0.0818481445312
300,0.0830078125
301,0.08349609375
302,0.0906982421875
303,0.086181640625
304,0.0787963867188
305,0.0833740234375
306,0.0855712890625
307,0.08544921875
308,0.0852661132812
309,0.0870361328125
310,0.08447265625
311,0.0840454101562
312,0.0787353515625
313,0.0821533203125
314,0.091552734375
315,0.0890502929688
316,0.081787109375
317,0.0809936523438
318,0.0831909179688
319,0.09033203125
320,0.0911865234375
321,0.096435546875
322,0.0886840820312
323,0.0
324,0.0138092041016
325,0.0260314941406
326,0.0328674316406
327,0.0444030761719
328,0.0535278320312
329,0.0579528808594
330,0.06640625
331,0.0736083984375
332,0.0833740234375
333,0.0756225585938
334,0.08056640625
335,0.0855712890625
336,0.0709838867188
337,0.0751342773438
338,0.0810546875
339,0.087158203125
340,0.0778198242188
341,0.0792236328125
342,0.0835571289062
343,0.0863037109375
344,0.0804443359375
345,0.0841064453125
346,0.0852661132812
347,0.0895385742188
348,0.086669921875
349,0.0855712890625
350,0.0850219726562
351,0.0868530273438
352,0.0886840820312
353,0.0770263671875
354,0.0906372070312
355,0.083251953125
356,0.0869750976562
357,0.0872192382812
358,0.0810546875
359,0.0797729492188
360,0.0800170898438
361,0.0836181640625
362,0.08740234375
363,0.0870361328125
364,0.086669921875
365,0.0826416015625
366,0.0806884765625
367,0.0816040039062
368,0.0809936523438
369,0.0851440429688
370,0.0823974609375
371,0.0845947265625
372,0.0784301757812
373,0.0823974609375
374,0.0794067382812
375,0.0848999023438
376,0.0827026367188
377,0.0820922851562
378,0.0750122070312
379,0.0830078125
380,0.07958984375
381,0.08544921875
382,0.0833129882812
383,0.0855102539062
384,0.0843505859375
385,0.0862426757812
386,0.0861206054688
387,0.0
388,0.0175628662109
389,0.0297698974609
390,0.0458984375
391,0.055908203125
392,0.0543823242188
393,0.0591735839844
394,0.06201171875
395,0.0709228515625
396,0.0677490234375
397,0.0743408203125
398,0.0757446289062
399,0.076171875
400,0.0722045898438
401,0.0751342773438
402,0.0737915039062
403,0.0767211914062
404,0.0761108398438
405,0.0779418945312
406,0.0787353515625
407,0.0789794921875
408,0.0780029296875
409,0.0875854492188
410,0.0802612304688
411,0.0807495117188
412,0.0811157226562
413,0.080078125
414,0.0841674804688
415,0.0816650390625
416,0.0838012695312
417,0.0919189453125
418,0.0902099609375
419,0.0938720703125
420,0.0956420898438
421,0.103271484375
422,0.112976074219
423,0.0986938476562
424,0.10009765625
425,0.107177734375
426,0.0946044921875
427,0.089599609375
428,0.090087890625
429,0.0916748046875
430,0.0899047851562
431,0.0864868164062
432,0.09228515625
433,0.0827026367188
434,0.0873413085938
435,0.08056640625
436,0.08203125
437,0.076904296875
438,0.074951171875
439,0.0771484375
440,0.0783081054688
441,0.0796508789062
442,0.0823974609375
443,0.0833740234375
444,0.0883178710938
445,0.084228515625
446,0.0891723632812
447,0.0933227539062
448,0.087890625
449,0.0865478515625
450,0.0939331054688
451,0.0
452,0.0166015625
453,0.0291442871094
454,0.0377502441406
455,0.0447387695312
456,0.0491638183594
457,0.0534362792969
458,0.0620422363281
459,0.06787109375
460,0.0686645507812
461,0.0753784179688
462,0.0784301757812
463,0.0774536132812
464,0.0842895507812
465,0.0888061523438
466,0.084716796875
467,0.0845336914062
468,0.0848999023438
469,0.0814819335938
470,0.081298828125
471,0.0759887695312
472,0.0801391601562
473,0.0817260742188
474,0.0773315429688
475,0.0806274414062
476,0.0756225585938
477,0.0775756835938
478,0.0799560546875
479,0.0805053710938
480,0.0875244140625
481,0.079833984375
482,0.0889282226562
483,0.086181640625
484,0.0841674804688
485,0.0884399414062
486,0.0805053710938
487,0.08203125
488,0.0869750976562
489,0.08251953125
490,0.0839233398438
491,0.0835571289062
492,0.08349609375
493,0.084228515625
494,0.0868530273438
495,0.0925903320312
496,0.0955200195312
497,0.0966186523438
498,0.0977783203125
499,0.0977783203125
500,0.0805053710938
501,0.0844116210938
502,0.0795288085938
503,0.0792236328125
504,0.079833984375
505,0.0784912109375
506,0.077392578125
507,0.0844116210938
508,0.0835571289062
509,0.0903930664062
510,0.078125
511,0.0824584960938
512,0.084228515625
513,0.0796508789062
514,0.0859375
515,0.0
516,0.0189819335938
517,0.03173828125
518,0.0444946289062
519,0.05078125
520,0.0660400390625
521,0.0546264648438
522,0.0659790039062
523,0.067626953125
524,0.0625
525,0.0689086914062
526,0.0783081054688
527,0.0806274414062
528,0.073974609375
529,0.0821533203125
530,0.0780029296875
531,0.0770874023438
532,0.07275390625
533,0.0890502929688
534,0.0907592773438
535,0.0901489257812
536,0.0936279296875
537,0.101379394531
538,0.0969848632812
539,0.097900390625
540,0.0993041992188
541,0.10546875
542,0.0936889648438
543,0.0938110351562
544,0.0916748046875
545,0.0826416015625
546,0.0848999023438
547,0.085205078125
548,0.0780029296875
549,0.091064453125
550,0.0875854492188
551,0.0905151367188
552,0.0908813476562
553,0.0926513671875
554,0.0950317382812
555,0.0882568359375
556,0.0973510742188
557,0.104736328125
558,0.091552734375
559,0.104309082031
560,0.0994262695312
561,0.105163574219
562,0.0897216796875
563,0.100219726562
564,0.099609375
565,0.0930786132812
566,0.0820922851562
567,0.0933227539062
568,0.0992431640625
569,0.0963745117188
570,0.0955810546875
571,0.078857421875
572,0.0913696289062
573,0.0880737304688
574,0.0911865234375
575,0.103942871094
576,0.0966186523438
577,0.0878295898438
578,0.0903930664062
579,0.0
580,0.0183410644531
581,0.0351867675781
582,0.0487670898438
583,0.051513671875
584,0.0597534179688
585,0.0603332519531
586,0.0687255859375
587,0.0681762695312
588,0.068115234375
589,0.0655517578125
590,0.076416015625
591,0.0802001953125
592,0.0840454101562
593,0.085205078125
594,0.0859375
595,0.0814819335938
596,0.0750732421875
597,0.0842895507812
598,0.073486328125
599,0.073486328125
600,0.0760498046875
601,0.0806274414062
602,0.0839233398438
603,0.080078125
604,0.0828857421875
605,0.07958984375
606,0.0823974609375
607,0.08203125
608,0.073974609375
609,0.079345703125
610,0.0817260742188
611,0.0887451171875
612,0.085205078125
613,0.0874633789062
614,0.0748291015625
615,0.0814819335938
616,0.0818481445312
617,0.0875244140625
618,0.0885009765625
619,0.10205078125
620,0.105041503906
621,0.104675292969
622,0.109741210938
623,0.110961914062
624,0.108215332031
625,0.102844238281
626,0.107849121094
627,0.103332519531
628,0.114440917969
629,0.100036621094
630,0.10498046875
631,0.109252929688
632,0.101928710938
633,0.111328125
634,0.113342285156
635,0.115356445312
636,0.117614746094
637,0.1171875
638,0.114685058594
639,0.104919433594
640,0.0991821289062
641,0.0994262695312
642,0.0970458984375
643,0.0
644,0.0150375366211
645,0.0248260498047
646,0.0346374511719
647,0.0445556640625
648,0.0467224121094
649,0.0620422363281
650,0.0605773925781
651,0.0671997070312
652,0.0784301757812
653,0.0744018554688
654,0.0784912109375
655,0.0791625976562
656,0.07666015625
657,0.0869750976562
658,0.0797119140625
659,0.0846557617188
660,0.091064453125
661,0.0928344726562
662,0.082763671875
663,0.084228515625
664,0.0831298828125
665,0.0839233398438
666,0.0909423828125
667,0.0933227539062
668,0.0836181640625
669,0.0834350585938
670,0.0875854492188
671,0.0982055664062
672,0.08642578125
673,0.0906372070312
674,0.0906982421875
675,0.0855102539062
676,0.0840454101562
677,0.0809936523438
678,0.0873413085938
679,0.0960693359375
680,0.1044921875
681,0.0951538085938
682,0.103820800781
683,0.108337402344
684,0.0885620117188
685,0.0913696289062
686,0.093017578125
687,0.0956420898438
688,0.09765625
689,0.0863647460938
690,0.0977783203125
691,0.0838012695312
692,0.08544921875
693,0.0913696289062
694,0.0934448242188
695,0.0900268554688
696,0.095703125
697,0.0971069335938
698,0.0840454101562
699,0.0908203125
700,0.0908203125
701,0.0934448242188
702,0.097900390625
703,0.0923461914062
704,0.0944213867188
705,0.0924072265625
706,0.08349609375
707,0.0
708,0.0145034790039
709,0.0293731689453
710,0.0426940917969
711,0.0502014160156
712,0.0552673339844
713,0.0623168945312
714,0.0658569335938
715,0.0628051757812
716,0.0675048828125
717,0.0753173828125
718,0.0789184570312
719,0.0804443359375
720,0.0872192382812
721,0.0814819335938
722,0.0921020507812
723,0.0814819335938
724,0.0928344726562
725,0.102844238281
726,0.08837890625
727,0.0933837890625
728,0.08544921875
729,0.0867309570312
730,0.09423828125
731,0.0779418945312
732,0.0857543945312
733,0.0892333984375
734,0.095458984375
735,0.0982666015625
736,0.102600097656
737,0.0875244140625
738,0.0980224609375
739,0.081298828125
740,0.0841674804688
741,0.0928344726562
742,0.0845947265625
743,0.099365234375
744,0.100708007812
745,0.101257324219
746,0.0953979492188
747,0.100341796875
748,0.0759887695312
749,0.0845947265625
750,0.0886840820312
751,0.0985107421875
752,0.0905151367188
753,0.0917358398438
754,0.095458984375
755,0.0908813476562
756,0.097900390625
757,0.101257324219
758,0.105407714844
759,0.101989746094
760,0.104187011719
761,0.0860595703125
762,0.0867919921875
763,0.0890502929688
764,0.101013183594
765,0.0985717773438
766,0.101623535156
767,0.107727050781
768,0.113464355469
769,0.113342285156
770,0.120483398438
771,0.0
772,0.00980377197266
773,0.0200653076172
774,0.0345458984375
775,0.0477294921875
776,0.06005859375
777,0.0714111328125
778,0.0820922851562
779,0.0897216796875
780,0.0973510742188
781,0.105407714844
782,0.084716796875
783,0.082763671875
784,0.0934448242188
786,0.100830078125
787,0.106994628906
788,0.102172851562
789,0.097412109375
790,0.107788085938
791,0.115051269531
792,0.107849121094
793,0.114135742188
794,0.107543945312
795,0.116149902344
796,0.106079101562
797,0.0960693359375
798,0.10693359375
799,0.101318359375
800,0.113830566406
801,0.100646972656
802,0.106811523438
803,0.101379394531
804,0.103698730469
805,0.115966796875
806,0.103881835938
807,0.123840332031
808,0.120971679688
809,0.127197265625
810,0.126708984375
811,0.0965576171875
812,0.0977783203125
813,0.103942871094
814,0.113342285156
815,0.102478027344
816,0.104553222656
817,0.108154296875
818,0.108947753906
819,0.09619140625
820,0.101440429688
821,0.094482421875
822,0.0994262695312
823,0.0969848632812
824,0.0899658203125
825,0.103210449219
826,0.0894775390625
827,0.0885009765625
828,0.0950317382812
829,0.1025390625
830,0.109375
831,0.107299804688
832,0.099853515625
833,0.102966308594
834,0.107177734375
835,0.111267089844
836,0.0
837,0.0216827392578
838,0.0370178222656
839,0.0491027832031
840,0.0540771484375
841,0.0643310546875
842,0.0595092773438
843,0.057861328125
844,0.0605773925781
845,0.0637817382812
846,0.0673217773438
847,0.0736083984375
848,0.0712890625
849,0.073974609375
850,0.0741577148438
851,0.0772094726562
852,0.0802612304688
853,0.085205078125
854,0.0872802734375
855,0.0899047851562
856,0.0956420898438
857,0.0997924804688
858,0.0831909179688
859,0.08251953125
860,0.08837890625
861,0.0886840820312
862,0.08984375
863,0.094970703125
864,0.0970458984375
865,0.0856323242188
866,0.0888061523438
867,0.0972900390625
868,0.09423828125
869,0.0909423828125
870,0.100402832031
871,0.0910034179688
872,0.0862426757812
873,0.085205078125
874,0.0906982421875
875,0.0923461914062
876,0.0841064453125
877,0.087890625
878,0.0975341796875
879,0.0921020507812
880,0.0919799804688
881,0.100769042969
882,0.0947265625
883,0.0985717773438
884,0.107666015625
885,0.106994628906
886,0.104125976562
887,0.0935668945312
888,0.08837890625
889,0.0833740234375
890,0.0831909179688
891,0.0951538085938
892,0.0926513671875
893,0.0939331054688
894,0.0936279296875
895,0.095947265625
896,0.0911865234375
897,0.0897216796875
898,0.089599609375
899,0.0996704101562
900,0.0
901,0.015869140625
902,0.0283050537109
903,0.0390319824219
904,0.0489196777344
905,0.0624694824219
906,0.0595703125
907,0.0686645507812
908,0.0669555664062
909,0.0753784179688
910,0.0800170898438
911,0.0847778320312
912,0.0865478515625
913,0.0897216796875
914,0.0930786132812
915,0.0855102539062
916,0.0963134765625
917,0.0931396484375
918,0.092041015625
919,0.0973510742188
920,0.102111816406
921,0.102478027344
922,0.103576660156
923,0.0946044921875
924,0.09814453125
925,0.100646972656
926,0.104919433594
927,0.0987548828125
928,0.100708007812
929,0.104125976562
930,0.0946044921875
931,0.0973510742188
932,0.107299804688
933,0.111022949219
934,0.0949096679688
935,0.0941162109375
936,0.0919189453125
937,0.100219726562
938,0.104187011719
939,0.102355957031
940,0.0939331054688
941,0.0940551757812
942,0.0918579101562
943,0.0880737304688
944,0.0921020507812
945,0.0951538085938
946,0.101928710938
947,0.0980834960938
948,0.0986938476562
949,0.09619140625
950,0.103149414062
951,0.100524902344
952,0.10791015625
953,0.112976074219
954,0.105590820312
955,0.0968627929688
956,0.106018066406
957,0.109741210938
958,0.103881835938
959,0.0997924804688
960,0.0988159179688
961,0.103820800781
962,0.100280761719
963,0.0988159179688
964,0.0
965,0.0175628662109
966,0.0334777832031
967,0.0411987304688
968,0.0491638183594
969,0.0560607910156
970,0.0601196289062
971,0.065185546875
972,0.0656127929688
973,0.070068359375
974,0.0733642578125
975,0.0739135742188
976,0.0790405273438
977,0.0758666992188
978,0.080078125
979,0.076904296875
980,0.0814819335938
981,0.0881958007812
982,0.0811157226562
983,0.0809936523438
984,0.0834350585938
985,0.0823364257812
986,0.0872192382812
987,0.0833740234375
988,0.0883178710938
989,0.0928344726562
990,0.0907592773438
991,0.0863647460938
992,0.0877075195312
993,0.0921020507812
994,0.0905151367188
995,0.08935546875
996,0.0872192382812
997,0.0923461914062
998,0.0840454101562
999,0.095703125
1000,0.0909423828125
1001,0.0877685546875
1002,0.084228515625
1003,0.0859375
1004,0.0923461914062
1005,0.0890502929688
1006,0.0812377929688
1007,0.0826416015625
1008,0.087646484375
1009,0.0911865234375
1010,0.0939331054688
1011,0.0933227539062
1012,0.0846557617188
1013,0.08642578125
1014,0.0875244140625
1015,0.0880737304688
1016,0.0884399414062
1017,0.0936279296875
1018,0.0938110351562
1019,0.093994140625
1020,0.0974731445312
1021,0.0985717773438
1022,0.0941162109375
1023,0.0960083007812
1024,0.0935668945312
1025,0.0931396484375
1026,0.09521484375
1027,0.0997924804688
1028,0.0
1029,0.0177764892578
1030,0.0301971435547
1031,0.0420532226562
1032,0.0508422851562
1033,0.0568542480469
1034,0.0656127929688
1035,0.0704956054688
1036,0.0676879882812
1037,0.0718383789062
1038,0.07568359375
1039,0.0792236328125
1040,0.0770263671875
1041,0.0789794921875
1042,0.0814208984375
1043,0.0747680664062
1044,0.0819702148438
1045,0.0794067382812
1046,0.0799560546875
1047,0.08544921875
1048,0.08740234375
1049,0.0872802734375
1050,0.0875854492188
1051,0.0865478515625
1052,0.0852661132812
1053,0.08447265625
1054,0.0869140625
1055,0.083984375
1056,0.0913696289062
1057,0.0825805664062
1058,0.0844116210938
1059,0.0862426757812
1060,0.0889892578125
1061,0.0922241210938
1062,0.0933837890625
1063,0.09375
1064,0.0984497070312
1065,0.08935546875
1066,0.0870971679688
1067,0.0859375
1068,0.09033203125
1069,0.085205078125
1070,0.0842895507812
1071,0.08056640625
1072,0.0869750976562
1073,0.0852661132812
1074,0.0870971679688
1075,0.0899047851562
1076,0.083740234375
1077,0.0797729492188
1078,0.0885009765625
1079,0.0913696289062
1080,0.0967407226562
1081,0.0944213867188
1082,0.0930786132812
1083,0.102844238281
1084,0.102111816406
1085,0.0850219726562
1086,0.0916748046875
1087,0.0971069335938
1088,0.0822143554688
1089,0.0831298828125
1090,0.0836181640625
1091,0.0805053710938
1092,0.0
1093,0.0115203857422
1094,0.0186004638672
1095,0.0326232910156
1096,0.0401000976562
1097,0.0461120605469
1098,0.0558776855469
1099,0.0597839355469
1100,0.0611877441406
1101,0.0634155273438
1102,0.0731201171875
1103,0.076171875
1104,0.0778198242188
1105,0.0739135742188
1106,0.0781860351562
1107,0.0774536132812
1108,0.074462890625
1109,0.0787353515625
1110,0.0827026367188
1111,0.0838012695312
1112,0.0816650390625
1113,0.0849609375
1114,0.081298828125
1115,0.0814208984375
1116,0.08837890625
1117,0.0816040039062
1118,0.0826416015625
1119,0.088623046875
1120,0.0897827148438
1121,0.0809936523438
1122,0.0816650390625
1123,0.0787353515625
1124,0.083740234375
1125,0.0861206054688
1126,0.0884399414062
1127,0.095947265625
1128,0.0902099609375
1129,0.0831298828125
1130,0.0887451171875
1131,0.089111328125
1132,0.0840454101562
1133,0.0813598632812
1134,0.0798950195312
1135,0.0896606445312
1136,0.0834350585938
1137,0.0850219726562
1138,0.09033203125
1139,0.0929565429688
1140,0.0927734375
1141,0.0897216796875
1142,0.0952758789062
1143,0.08935546875
1144,0.0939331054688
1145,0.0905151367188
1146,0.0997924804688
1147,0.09912109375
1148,0.0991821289062
1149,0.0985107421875
1150,0.0927124023438
1151,0.0872802734375
1152,0.0973510742188
1153,0.0908813476562
1154,0.0935668945312
1155,0.0968627929688
1156,0.0
1157,0.0149230957031
1158,0.0232849121094
1159,0.037353515625
1160,0.0419006347656
1161,0.0479125976562
1162,0.0570983886719
1163,0.066162109375
1164,0.0718383789062
1165,0.07275390625
1166,0.0751953125
1167,0.0778198242188
1168,0.0765380859375
1169,0.084228515625
1170,0.0838623046875
1171,0.0811157226562
1172,0.08251953125
1173,0.083251953125
1174,0.089111328125
1175,0.0789794921875
1176,0.0833129882812
1177,0.0812377929688
1178,0.0928955078125
1179,0.0970458984375
1180,0.0935668945312
1181,0.0919799804688
1182,0.090087890625
1183,0.0864868164062
1184,0.0850830078125
1185,0.0880737304688
1186,0.0830078125
1187,0.0779418945312
1188,0.0831298828125
1189,0.0816650390625
1190,0.0859985351562
1191,0.08447265625
1192,0.0853271484375
1193,0.0969848632812
1194,0.0906372070312
1195,0.0879516601562
1196,0.0851440429688
1197,0.089111328125
1198,0.0850219726562
1199,0.0848388671875
1200,0.0812377929688
1201,0.0836181640625
1202,0.0857543945312
1203,0.0865478515625
1204,0.092041015625
1205,0.0868530273438
1206,0.0907592773438
1207,0.092041015625
1208,0.0967407226562
1209,0.100036621094
1210,0.107482910156
1211,0.0925903320312
1212,0.09619140625
1213,0.0928955078125
1214,0.0867919921875
1215,0.0897216796875
1216,0.0940551757812
1217,0.0953979492188
1218,0.0982666015625
1219,0.0917358398438
1220,0.0
1221,0.0164031982422
1222,0.0282897949219
1223,0.0381774902344
1224,0.0524291992188
1225,0.0623779296875
1226,0.0626220703125
1227,0.0605163574219
1228,0.067626953125
1229,0.061279296875
1230,0.0648803710938
1231,0.0687255859375
1232,0.0675048828125
1233,0.0742797851562
1234,0.0805053710938
1235,0.078125
1236,0.0833129882812
1237,0.0848388671875
1238,0.0786743164062
1239,0.0812377929688
1240,0.0819702148438
1241,0.0884399414062
1242,0.0940551757812
1243,0.0859985351562
1244,0.0803833007812
1245,0.0899047851562
1246,0.0800170898438
1247,0.0836181640625
1248,0.081787109375
1249,0.0830688476562
1250,0.0875244140625
1251,0.085693359375
1252,0.0942993164062
1253,0.0856323242188
1254,0.0934448242188
1255,0.0967407226562
1256,0.0964965820312
1257,0.0997314453125
1258,0.094482421875
1259,0.0904541015625
1260,0.0973510742188
1261,0.0945434570312
1262,0.0961303710938
1263,0.0870971679688
1264,0.0867309570312
1265,0.0808715820312
1266,0.083984375
1267,0.0833129882812
1268,0.0772705078125
1269,0.087646484375
1270,0.0878295898438
1271,0.085205078125
1272,0.0875244140625
1273,0.0787353515625
1274,0.0852661132812
1275,0.0833740234375
1276,0.08251953125
1277,0.0801391601562
1278,0.079345703125
1279,0.0816040039062
1280,0.0825805664062
1281,0.0844116210938
1282,0.0857543945312
1283,0.0935668945312
1284,0.0
1285,0.0162200927734
1286,0.0287780761719
1287,0.0414123535156
1288,0.0526123046875
1289,0.05126953125
1290,0.0639038085938
1291,0.0631103515625
1292,0.0652465820312
1293,0.0665893554688
1294,0.0669555664062
1295,0.0697631835938
1296,0.0772094726562
1297,0.079833984375
1298,0.07861328125
1299,0.0865478515625
1300,0.0866088867188
1301,0.0930786132812
1302,0.0855712890625
1303,0.087646484375
1304,0.0906982421875
1305,0.0924682617188
1306,0.087890625
1307,0.0899047851562
1308,0.0878295898438
1309,0.0839233398438
1310,0.0859985351562
1311,0.0899047851562
1312,0.0860595703125
1313,0.0844116210938
1314,0.0867309570312
1315,0.08837890625
1316,0.0894775390625
1317,0.0973510742188
1318,0.0949096679688
1319,0.0974731445312
1320,0.0988159179688
1321,0.0934448242188
1322,0.0949096679688
1323,0.0890502929688
1324,0.0911865234375
1325,0.0952758789062
1326,0.0985717773438
1327,0.0914306640625
1328,0.0904541015625
1329,0.0923461914062
1330,0.0847778320312
1331,0.08056640625
1332,0.0780639648438
1333,0.0806884765625
1334,0.078857421875
1335,0.08837890625
1336,0.0894165039062
1337,0.0908813476562
1338,0.0877685546875
1339,0.0840454101562
1340,0.0892944335938
1341,0.0922241210938
1342,0.0866088867188
1343,0.08154296875
1344,0.0839233398438
1345,0.078125
1346,0.0856323242188
1347,0.0834350585938
1348,0.0
1349,0.0152282714844
1350,0.0292510986328
1351,0.0508728027344
1352,0.0578002929688
1353,0.0671997070312
1354,0.0703125
1355,0.0687866210938
1356,0.0750732421875
1357,0.0861206054688
1358,0.0875854492188
1359,0.0756225585938
1360,0.0716552734375
1361,0.0689086914062
1362,0.0702514648438
1363,0.07666015625
1364,0.0853271484375
1365,0.0872192382812
1366,0.0848999023438
1367,0.0803833007812
1368,0.0824584960938
1369,0.0823974609375
1370,0.0847778320312
1371,0.0886840820312
1372,0.0899658203125
1373,0.0906372070312
1374,0.08740234375
1375,0.0888671875
1376,0.0938110351562
1377,0.0879516601562
1378,0.0919189453125
1379,0.0931396484375
1380,0.0857543945312
1381,0.0811767578125
1382,0.0779418945312
1383,0.0786743164062
1384,0.0764770507812
1385,0.079345703125
1386,0.09033203125
1387,0.0933227539062
1388,0.0916137695312
1389,0.079833984375
1390,0.0842895507812
1391,0.0939331054688
1392,0.087158203125
1393,0.0921020507812
1394,0.0963134765625
1395,0.0948486328125
1396,0.0975952148438
1397,0.0921020507812
1398,0.085693359375
1399,0.0933837890625
1400,0.08935546875
1401,0.0780029296875
1402,0.0840454101562
1403,0.0842895507812
1404,0.0869140625
1405,0.091064453125
1406,0.0980834960938
1407,0.087890625
1408,0.0845947265625
1409,0.0846557617188
1410,0.08984375
1411,0.0907592773438
1412,0.0
1413,0.0174865722656
1414,0.0272064208984
1415,0.0440368652344
1416,0.0525817871094
1417,0.0659790039062
1418,0.0725708007812
1419,0.0770874023438
1420,0.0848388671875
1421,0.0695190429688
1422,0.0887451171875
1423,0.0740966796875
1424,0.0787963867188
1425,0.0834350585938
1426,0.0905151367188
1427,0.1044921875
1428,0.101013183594
1429,0.0996704101562
1430,0.0911865234375
1431,0.0859375
1432,0.100463867188
1433,0.0986938476562
1434,0.084716796875
1435,0.084716796875
1436,0.0956420898438
1437,0.101928710938
1438,0.0953979492188
1439,0.0969848632812
1440,0.0950927734375
1441,0.0995483398438
1442,0.0791625976562
1443,0.0867309570312
1444,0.0797119140625
1445,0.08935546875
1446,0.0884399414062
1447,0.098388671875
1448,0.0851440429688
1449,0.08251953125
1450,0.0945434570312
1451,0.0897827148438
1452,0.0973510742188
1453,0.0979614257812
1454,0.101379394531
1455,0.101196289062
1456,0.104431152344
1457,0.103759765625
1458,0.0955810546875
1459,0.102294921875
1460,0.0938110351562
1461,0.0829467773438
1462,0.091796875
1463,0.0866088867188
1464,0.0950927734375
1465,0.096435546875
1466,0.10107421875
1467,0.0874633789062
1468,0.0885009765625
1469,0.0863037109375
1470,0.0810546875
1471,0.0830078125
1472,0.0890502929688
1473,0.0792846679688
1474,0.0895385742188
1475,0.0919189453125
1476,0.0
1477,0.0130004882812
1478,0.0269317626953
1479,0.0364379882812
1480,0.0401306152344
1481,0.0547180175781
1482,0.0559387207031
1483,0.0620422363281
1484,0.0628051757812
1485,0.0679321289062
1486,0.0689086914062
1487,0.0701904296875
1488,0.0792236328125
1489,0.077880859375
1490,0.082763671875
1491,0.0857543945312
1492,0.0806884765625
1493,0.087646484375
1494,0.089599609375
1495,0.0816650390625
1496,0.0838623046875
1497,0.0868530273438
1498,0.0847778320312
1499,0.0889282226562
1500,0.0818481445312
1501,0.0824584960938
1502,0.0792846679688
1503,0.0836181640625
1504,0.0819702148438
1505,0.0873413085938
1506,0.0901489257812
1507,0.09521484375
1508,0.0966186523438
1509,0.0883178710938
1510,0.083740234375
1511,0.0853271484375
1512,0.0913696289062
1513,0.08154296875
1514,0.0822143554688
1515,0.086181640625
1516,0.0999145507812
1517,0.0927124023438
1518,0.0870361328125
1519,0.087646484375
1520,0.0853881835938
1521,0.0889282226562
1522,0.0879516601562
1523,0.0880737304688
1524,0.079833984375
1525,0.080078125
1526,0.0784912109375
1527,0.0750122070312
1528,0.0778198242188
1529,0.087158203125
1530,0.0820922851562
1531,0.0838623046875
1532,0.0836181640625
1533,0.0877075195312
1534,0.0882568359375
1535,0.0902709960938
1536,0.0964965820312
1537,0.0828857421875
1538,0.0900268554688
1539,0.0949096679688
1540,0.0
1541,0.0142135620117
1542,0.0239868164062
1543,0.0353393554688
1544,0.0485229492188
1545,0.0622253417969
1546,0.0775146484375
1547,0.0860595703125
1548,0.0950927734375
1549,0.0973510742188
1550,0.0995483398438
1551,0.0874633789062
1552,0.0962524414062
1553,0.100708007812
1554,0.0944213867188
1555,0.0785522460938
1556,0.068359375
1557,0.0764770507812
1558,0.074951171875
1559,0.0769653320312
1560,0.078857421875
1561,0.0842895507812
1562,0.0796508789062
1563,0.0795288085938
38319,0.0510864257812
38320,0.052001953125
38322,0.0477905273438
38323,0.0492248535156
38324,0.0
38325,0.00406646728516
38326,0.00772857666016
38327,0.0115966796875
38328,0.0114059448242
38329,0.013801574707
38330,0.0150375366211
38331,0.0144119262695
38332,0.0173645019531
38333,0.0153503417969
38334,0.0117797851562
38335,0.0122985839844
38336,0.013916015625
38337,0.0180053710938
38338,0.0187225341797
38339,0.0190887451172
38340,0.0202178955078
38341,0.0214691162109
38342,0.0193176269531
38343,0.0197143554688
38344,0.0210266113281
38345,0.0235137939453
38346,0.0196228027344
38347,0.0194244384766
38348,0.0194549560547
38349,0.0216979980469
38350,0.0205841064453
38351,0.0275421142578
38352,0.0247497558594
38353,0.0272827148438
38354,0.0247497558594
38355,0.0271606445312
38356,0.0243225097656
38357,0.0244445800781
38358,0.0253601074219
38359,0.0301818847656
38360,0.0269470214844
38361,0.0284881591797
38362,0.030029296875
38363,0.0313415527344
38364,0.0321350097656
38365,0.0326843261719
38366,0.035888671875
38367,0.0326843261719
38368,0.0333862304688
38369,0.0494079589844
38370,0.0477905273438
38371,0.0411682128906
38372,0.0389709472656
38373,0.0390625
38374,0.0397338867188
38375,0.0419006347656
38376,0.0416870117188
38377,0.0418395996094
38378,0.0412902832031
38379,0.0432739257812
38380,0.0404052734375
38381,0.04052734375
38382,0.0379028320312
38383,0.0376281738281
38384,0.0413513183594
38385,0.0436401367188
38386,0.0446472167969
38387,0.0462646484375
38388,0.0
38389,0.00481796264648
38390,0.00807952880859
38391,0.0121612548828
38392,0.0129928588867
38393,0.0152282714844
38394,0.0201263427734
38395,0.0146102905273
38396,0.0181732177734
38397,0.0214538574219
38398,0.0156555175781
38399,0.0182342529297
38400,0.0231628417969
38401,0.0281982421875
38402,0.0298004150391
38403,0.0312347412109
38404,0.0301666259766
38405,0.0292205810547
38406,0.0287475585938
38407,0.0306549072266
38408,0.0322875976562
38409,0.0338134765625
38410,0.0377807617188
38411,0.0354309082031
38412,0.0339660644531
38413,0.0372314453125
38414,0.0372619628906
38415,0.0368957519531
38416,0.0429382324219
38417,0.046142578125
38418,0.0519409179688
38419,0.0519409179688
38420,0.0513610839844
38421,0.0489196777344
38422,0.0362243652344
38423,0.03369140625
38424,0.0354614257812
38425,0.0329895019531
38426,0.0333862304688
38427,0.0436401367188
38428,0.0433349609375
38429,0.0442504882812
38430,0.0434875488281
38431,0.0429382324219
38432,0.0399169921875
38433,0.0418090820312
38434,0.0419616699219
38435,0.0419311523438
38436,0.0377197265625
38437,0.0453491210938
38438,0.0394897460938
38439,0.0379028320312
38440,0.0395202636719
38441,0.0531616210938
38442,0.0542602539062
38443,0.0448303222656
38444,0.0452575683594
38445,0.0461120605469
38446,0.0468139648438
38447,0.0488891601562
38448,0.0591430664062
38449,0.0528259277344
38450,0.0551452636719
38451,0.0525207519531
38452,0.0
38453,0.00559234619141
38454,0.00654602050781
38455,0.00952911376953
38456,0.0124816894531
38457,0.0162658691406
38458,0.0164642333984
38459,0.0169067382812
38460,0.0174102783203
38461,0.0174407958984
38462,0.0217742919922
38463,0.0226898193359
38464,0.0193481445312
38465,0.0207977294922
38466,0.0224151611328
38467,0.0231475830078
38468,0.0232849121094
38469,0.0263977050781
38470,0.0247192382812
38471,0.0255126953125
38472,0.0282745361328
38473,0.0281372070312
38474,0.0293884277344
38475,0.0307159423828
38476,0.0322570800781
38477,0.0220794677734
38478,0.0258178710938
38479,0.0278930664062
38480,0.0273132324219
38481,0.0289916992188
38482,0.0274047851562
38483,0.0311584472656
38484,0.0193481445312
38485,0.0243682861328
38486,0.0317687988281
38487,0.0299530029297
38488,0.0276489257812
38489,0.0310974121094
38490,0.0369262695312
38491,0.0352478027344
38492,0.0389099121094
38493,0.0408630371094
38494,0.0397033691406
38495,0.0406188964844
38496,0.0440368652344
38497,0.0347595214844
38498,0.0274810791016
38499,0.0365905761719
38500,0.0280456542969
38501,0.0284729003906
38502,0.0279846191406
38503,0.0288543701172
38504,0.051025390625
38505,0.0507507324219
38506,0.0523376464844
38507,0.052978515625
38508,0.0523376464844
38509,0.0498046875
38510,0.0486145019531
38511,0.0453491210938
38512,0.0378723144531
38513,0.0441284179688
38514,0.0462646484375
38515,0.0465698242188
38516,0.0
38517,0.00360298156738
38518,0.00573348999023
38519,0.00955200195312
38520,0.0113372802734
38521,0.0109481811523
38522,0.00997161865234
38523,0.0120086669922
38524,0.0144424438477
38525,0.0136795043945
38526,0.0155258178711
38527,0.0124893188477
38528,0.0149536132812
38529,0.0162963867188
38530,0.0174713134766
38531,0.0173797607422
38532,0.0187377929688
38533,0.0207977294922
38534,0.0211334228516
38535,0.0240936279297
38536,0.0248413085938
38537,0.0297241210938
38538,0.0281066894531
38539,0.0236663818359
38540,0.0252685546875
38541,0.0255279541016
38542,0.0288696289062
38543,0.0267791748047
38544,0.0248718261719
38545,0.0384216308594
38546,0.0380859375
38547,0.0422973632812
38548,0.0387878417969
38549,0.0392150878906
38550,0.0395812988281
38551,0.0396423339844
38552,0.0374145507812
38553,0.0366821289062
38554,0.0557556152344
38555,0.0473022460938
38556,0.0528564453125
38557,0.0517883300781
38558,0.0456237792969
38559,0.0455322265625
38560,0.0456848144531
38561,0.0438842773438
38562,0.0434875488281
38563,0.0439758300781
38564,0.0464172363281
38565,0.0419006347656
38566,0.0463256835938
38567,0.0466918945312
38568,0.0402221679688
38569,0.037109375
38570,0.0399169921875
38571,0.0406494140625
38572,0.0380859375
38573,0.0406494140625
38574,0.0429992675781
38575,0.0397644042969
38576,0.0386657714844
38577,0.0404968261719
38578,0.0416259765625
38579,0.0387268066406
38580,0.0
38581,0.009521484375
38582,0.0103302001953
38583,0.0120391845703
38584,0.0173645019531
38585,0.0196838378906
38586,0.0224151611328
38587,0.0170135498047
38588,0.023193359375
38589,0.0134506225586
38590,0.0163421630859
38591,0.0193634033203
38592,0.0225067138672
38593,0.0196533203125
38594,0.0178833007812
38595,0.0210418701172
38596,0.0186309814453
38597,0.0209197998047
38598,0.0237274169922
38599,0.0227508544922
38600,0.0229187011719
38601,0.0249786376953
38602,0.0260772705078
38603,0.0280303955078
38604,0.0273132324219
38605,0.0346374511719
38606,0.0335998535156
38607,0.0302734375
38608,0.0323181152344
38609,0.0330810546875
38610,0.0335998535156
38611,0.0312347412109
38612,0.0263061523438
38613,0.0297241210938
38614,0.0294647216797
38615,0.0299377441406
38616,0.027099609375
38617,0.0321350097656
38618,0.0309295654297
38619,0.0286865234375
38620,0.02880859375
38621,0.0333557128906
38622,0.031982421875
38623,0.0381164550781
38624,0.0383911132812
38625,0.0389709472656
38626,0.0408325195312
38627,0.0435180664062
38628,0.0392761230469
38629,0.0382385253906
38630,0.0368347167969
38631,0.0353393554688
38632,0.0361022949219
38633,0.0300750732422
38634,0.0415954589844
38635,0.0427551269531
38636,0.04345703125
38637,0.0470581054688
38638,0.038818359375
38639,0.0421752929688
38640,0.0433959960938
38641,0.0392150878906
38642,0.0388488769531
38643,0.0387268066406
38644,0.0
38645,0.00321388244629
38646,0.00634384155273
38647,0.0104141235352
38648,0.014533996582
38649,0.0162353515625
38650,0.015022277832
38651,0.0194549560547
38652,0.0229949951172
38653,0.0227966308594
38654,0.0230102539062
38655,0.0227661132812
38656,0.0227508544922
38657,0.0274963378906
38658,0.0254821777344
38659,0.0325622558594
38660,0.03369140625
38661,0.0287780761719
38662,0.0358276367188
38663,0.0347290039062
38664,0.0389099121094
38665,0.0398254394531
38666,0.0338439941406
38667,0.0342712402344
38668,0.0341491699219
38669,0.0318908691406
38670,0.033935546875
38671,0.0436401367188
38672,0.0413513183594
38673,0.0420532226562
38674,0.0361633300781
38675,0.0374145507812
38676,0.048583984375
38677,0.05029296875
38678,0.0492553710938
38679,0.0476989746094
38680,0.0480651855469
38681,0.04931640625
38682,0.046142578125
38683,0.0433959960938
38684,0.04296875
38685,0.0488891601562
38686,0.048828125
38687,0.0490417480469
38688,0.0497741699219
38689,0.0528259277344
38690,0.0523681640625
38691,0.0542907714844
38692,0.0500183105469
38693,0.0525512695312
38694,0.0604858398438
38695,0.0596008300781
38696,0.0615844726562
38697,0.0596313476562
38698,0.0558166503906
38699,0.057861328125
38700,0.05517578125
38701,0.0571899414062
38702,0.0532531738281
38703,0.0547790527344
38704,0.0543518066406
38705,0.050537109375
38706,0.0513305664062
38707,0.0511779785156
38708,0.0
38709,0.00322151184082
38710,0.00498580932617
38711,0.00933074951172
38712,0.0131378173828
38713,0.01416015625
38714,0.0156860351562
38715,0.0136184692383
38716,0.0234069824219
38717,0.0245971679688
38718,0.0243530273438
38719,0.0245361328125
38720,0.0256805419922
38721,0.0256500244141
38722,0.0310211181641
38723,0.0249938964844
38724,0.0448303222656
38725,0.0467834472656
38726,0.0429077148438
38727,0.0427551269531
38728,0.0500183105469
38729,0.04931640625
38730,0.0439147949219
38731,0.0491333007812
38732,0.0476379394531
38733,0.0433654785156
38734,0.0445251464844
38735,0.0506286621094
38736,0.0467224121094
38737,0.0511169433594
38738,0.0510864257812
38739,0.0479736328125
38740,0.0465698242188
38741,0.047119140625
38742,0.0446472167969
38743,0.0445861816406
38744,0.0492248535156
38745,0.0505065917969
38746,0.0462341308594
38747,0.0460205078125
38748,0.0440979003906
38749,0.0423583984375
38750,0.0446472167969
38751,0.0443115234375
38752,0.0456237792969
38753,0.0494384765625
38754,0.0453491210938
38755,0.0473327636719
38756,0.0506286621094
38757,0.0480346679688
38758,0.0430908203125
38759,0.04443359375
38760,0.049560546875
38761,0.0480041503906
38762,0.0534973144531
38763,0.0503540039062
38764,0.04638671875
38765,0.0493469238281
38766,0.0484313964844
38767,0.04345703125
38768,0.0412292480469
38769,0.0413208007812
38770,0.0388793945312
38771,0.0416564941406
38772,0.0
38773,0.00296592712402
38774,0.0031623840332
38775,0.00473022460938
38776,0.00634384155273
38777,0.0153045654297
38778,0.0189666748047
38779,0.0252075195312
38780,0.0214996337891
38781,0.0245971679688
38782,0.0196685791016
38783,0.0194702148438
38784,0.0281372070312
38785,0.0320739746094
38786,0.0294342041016
38787,0.031005859375
38788,0.0282745361328
38789,0.0252990722656
38790,0.0277252197266
38791,0.0288696289062
38792,0.0300445556641
38793,0.0304260253906
38794,0.0338134765625
38795,0.0350341796875
38796,0.0299530029297
38797,0.0442504882812
38798,0.0422668457031
38799,0.0431823730469
38800,0.035400390625
38801,0.0336303710938
38802,0.0410766601562
38803,0.0444030761719
38804,0.0387878417969
38805,0.0365295410156
38806,0.0401916503906
38807,0.0440979003906
38808,0.0389404296875
38809,0.041259765625
38810,0.0429382324219
38811,0.0383911132812
38812,0.0417175292969
38813,0.0444030761719
38814,0.0578918457031
38815,0.0523376464844
38816,0.0507202148438
38817,0.05224609375
38818,0.0542602539062
38819,0.0509338378906
38820,0.0555725097656
38821,0.0491638183594
38822,0.0521240234375
38823,0.0650024414062
38824,0.0652465820312
38825,0.0595703125
38826,0.0579223632812
38827,0.0554504394531
38828,0.0555114746094
38829,0.0574645996094
38830,0.0611877441406
38831,0.0597229003906
38832,0.0509948730469
38833,0.0509948730469
38834,0.0453186035156
38835,0.0513610839844
38836,0.0
38837,0.00288963317871
38838,0.00410461425781
38839,0.00736999511719
38840,0.0105590820312
38841,0.0134811401367
38842,0.0172576904297
38843,0.0205383300781
38844,0.0200042724609
38845,0.0189514160156
38846,0.0190124511719
38847,0.0173034667969
38848,0.0263519287109
38849,0.0279541015625
38850,0.0305938720703
38851,0.0249938964844
38852,0.030029296875
38853,0.0325927734375
38854,0.0399475097656
38855,0.0400085449219
38856,0.0378112792969
38857,0.0376892089844
38858,0.0382385253906
38859,0.0381164550781
38860,0.0346374511719
38861,0.0345764160156
38862,0.0343627929688
38863,0.0402526855469
38864,0.0384826660156
38865,0.0391540527344
38866,0.0344848632812
38867,0.0356750488281
38868,0.0353393554688
38869,0.0335998535156
38870,0.033203125
38871,0.0363464355469
38872,0.0352478027344
38873,0.0341491699219
38874,0.0382080078125
38875,0.0390014648438
38876,0.0426635742188
38877,0.0393371582031
38878,0.0413208007812
38879,0.0399169921875
38880,0.0406494140625
38881,0.036865234375
38882,0.0357055664062
38883,0.0364074707031
38884,0.0350341796875
38885,0.0369567871094
38886,0.0338439941406
38887,0.0347900390625
38888,0.0394897460938
38889,0.0382080078125
38890,0.0405883789062
38891,0.0578002929688
38892,0.052490234375
38893,0.0553588867188
38894,0.0536499023438
38895,0.0541381835938
38896,0.0498352050781
38897,0.0492858886719
38898,0.05224609375
38899,0.0541381835938
38900,0.0
38901,0.00453567504883
38902,0.00657653808594
38903,0.00871276855469
38904,0.0107192993164
38905,0.0124816894531
38906,0.0191650390625
38907,0.0198669433594
38908,0.020751953125
38909,0.0187377929688
38910,0.0182800292969
38911,0.0206756591797
38912,0.0225067138672
38913,0.0325927734375
38914,0.0335388183594
38915,0.0376586914062
38916,0.0362548828125
38917,0.036376953125
38918,0.0339050292969
38919,0.032958984375
38920,0.0337219238281
38921,0.034912109375
38922,0.0326538085938
38923,0.0309295654297
38924,0.0302124023438
38925,0.031982421875
38926,0.0365905761719
38927,0.0341186523438
38928,0.0328063964844
38929,0.0346374511719
38930,0.0381469726562
38931,0.0369873046875
38932,0.0373229980469
38933,0.0470886230469
38934,0.0436401367188
38935,0.0420227050781
38936,0.0397644042969
38937,0.0404357910156
38938,0.039794921875
38939,0.0411987304688
38940,0.0386047363281
38941,0.0359802246094
38942,0.0369873046875
38943,0.054443359375
38944,0.0580749511719
38945,0.0529174804688
38946,0.0584411621094
38947,0.0613708496094
38948,0.0572814941406
38949,0.0478210449219
38950,0.0482788085938
38951,0.0482177734375
38952,0.0455932617188
38953,0.0442810058594
38954,0.0491943359375
38955,0.047607421875
38956,0.05322265625
38957,0.052001953125
38958,0.0526123046875
38959,0.05029296875
38960,0.0497131347656
38961,0.0547485351562
38962,0.0572814941406
38963,0.0589904785156
38964,0.0
38965,0.00253486633301
38966,0.0042839050293
38967,0.00677490234375
38968,0.010986328125
38969,0.016845703125
38970,0.0270385742188
38971,0.0234222412109
38972,0.0252075195312
38973,0.0244598388672
38974,0.0307006835938
38975,0.0307159423828
38976,0.0271759033203
38977,0.0272064208984
38978,0.0279083251953
38979,0.0303497314453
38980,0.0456237792969
38981,0.0434875488281
38982,0.0387268066406
38983,0.0379028320312
38984,0.0371398925781
38985,0.0366821289062
38986,0.0341491699219
38987,0.0325622558594
38988,0.0433654785156
38989,0.0438537597656
38990,0.0437316894531
38991,0.0546875
38992,0.0530395507812
38993,0.0479736328125
38994,0.0474548339844
38995,0.0503845214844
38996,0.0523681640625
38997,0.0506591796875
38998,0.0467224121094
38999,0.0473022460938
39000,0.0489501953125
39001,0.0468139648438
39002,0.046630859375
39003,0.0458679199219
39004,0.0460205078125
39005,0.0507202148438
39006,0.0509643554688
39007,0.0536499023438
39008,0.0543518066406
39009,0.0528564453125
39010,0.06884765625
39011,0.0673828125
39012,0.0624084472656
39013,0.0650024414062
39014,0.0624084472656
39015,0.0625610351562
39016,0.0658569335938
39017,0.0677490234375
39018,0.0585327148438
39019,0.0597534179688
39020,0.0586853027344
39021,0.0631713867188
39022,0.0667114257812
39023,0.0667114257812
39024,0.0652465820312
39025,0.0640258789062
39026,0.0672607421875
39027,0.0673828125
39028,0.0
39029,0.00383567810059
39030,0.00701904296875
39031,0.00985717773438
39032,0.0104064941406
39033,0.0116424560547
39034,0.0109634399414
39035,0.0143356323242
39036,0.0141296386719
39037,0.0114898681641
39038,0.015495300293
39039,0.0157318115234
39040,0.018798828125
39041,0.0162963867188
39042,0.0155258178711
39043,0.0152740478516
39044,0.0160369873047
39045,0.0215454101562
39046,0.0240783691406
39047,0.0240325927734
39048,0.0236206054688
39049,0.0252075195312
39050,0.0257568359375
39051,0.0296630859375
39052,0.0283660888672
39053,0.0328979492188
39054,0.0335693359375
39055,0.0280609130859
39056,0.0280151367188
39057,0.032958984375
39058,0.0327453613281
39059,0.0312805175781
39060,0.0302429199219
39061,0.0298767089844
39062,0.0317687988281
39063,0.0332946777344
39064,0.0316772460938
39065,0.0366821289062
39066,0.0279998779297
39067,0.0350646972656
39068,0.0345458984375
39069,0.0302124023438
39070,0.0297546386719
39071,0.0352478027344
39072,0.0367126464844
39073,0.0463256835938
39074,0.0432434082031
39075,0.0377197265625
39076,0.0440368652344
39077,0.0432739257812
39078,0.0375671386719
39079,0.0393371582031
39080,0.0414123535156
39081,0.0370178222656
39082,0.0380554199219
39083,0.034912109375
39084,0.0387268066406
39085,0.0456848144531
39086,0.0442199707031
39087,0.043212890625
39088,0.0452575683594
39089,0.0453186035156
39090,0.049560546875
39091,0.0531005859375
39092,0.0
39093,0.00322914123535
39094,0.00562286376953
39095,0.00741195678711
39096,0.00774765014648
39097,0.0110092163086
39098,0.0112228393555
39099,0.0133895874023
39100,0.0157165527344
39101,0.0187683105469
39102,0.0180511474609
39104,0.0184936523438
39105,0.0184783935547
39106,0.0172424316406
39107,0.0210723876953
39108,0.0211029052734
39109,0.0222015380859
39110,0.0209197998047
39111,0.0238647460938
39112,0.0291900634766
39113,0.0215454101562
39114,0.0176239013672
39115,0.0181121826172
39116,0.019775390625
39117,0.0198516845703
39118,0.0211029052734
39119,0.0239562988281
39120,0.0248718261719
39121,0.0271911621094
39122,0.0332641601562
39123,0.0381164550781
39124,0.0370178222656
39125,0.0347595214844
39126,0.0343017578125
39127,0.0379028320312
39128,0.0341491699219
39129,0.0350036621094
39130,0.0357055664062
39131,0.0351867675781
39132,0.0399169921875
39133,0.0358276367188
39134,0.0338134765625
39135,0.0419311523438
39136,0.0409240722656
39137,0.0418090820312
39138,0.0428466796875
39139,0.04345703125
39140,0.042236328125
39141,0.0430297851562
39142,0.0436096191406
39143,0.0432739257812
39144,0.0444030761719
39145,0.0521545410156
39146,0.0668334960938
39147,0.0646362304688
39148,0.062744140625
39149,0.0584106445312
39150,0.0599060058594
39151,0.0586242675781
39152,0.0603637695312
39153,0.08935546875
39154,0.0859375
39155,0.0816650390625
39156,0.0826416015625
39157,0.0
39158,0.00380516052246
39159,0.00443649291992
39160,0.00828552246094
39161,0.00843048095703
39162,0.00878143310547
39163,0.0124588012695
39164,0.0115737915039
39165,0.0115585327148
39166,0.0123748779297
39167,0.0129318237305
39168,0.0121536254883
39169,0.0133438110352
39170,0.0169677734375
39171,0.0220184326172
39172,0.0243377685547
39173,0.0252532958984
39174,0.0245819091797
39175,0.0268096923828
39176,0.0210266113281
39177,0.0204162597656
39178,0.0221252441406
39179,0.0250854492188
39180,0.0243072509766
39181,0.0248107910156
39182,0.0201263427734
39183,0.0182495117188
39184,0.0177459716797
39185,0.0220947265625
39186,0.0346069335938
39187,0.0394592285156
39188,0.0430603027344
39189,0.0449829101562
39190,0.0504760742188
39191,0.0452270507812
39192,0.0451965332031
39193,0.0435485839844
39194,0.0497436523438
39195,0.0514221191406
39196,0.0466613769531
39197,0.047607421875
39198,0.04296875
39199,0.062744140625
39200,0.0660400390625
39201,0.0591125488281
39202,0.0585021972656
39203,0.0570678710938
39204,0.0513610839844
39205,0.0477294921875
39206,0.049072265625
39207,0.0484313964844
39208,0.0519714355469
39209,0.052734375
39210,0.0531616210938
39211,0.0530700683594
39212,0.0453186035156
39213,0.0450134277344
39214,0.0422668457031
39215,0.0422058105469
39216,0.0408630371094
39217,0.0409851074219
39218,0.0426940917969
39219,0.0429992675781
39220,0.0588073730469
39221,0.0
39222,0.00791931152344
39223,0.0111389160156
39224,0.0222930908203
39225,0.0210571289062
39226,0.0186462402344
39227,0.0232543945312
39228,0.0205535888672
39229,0.0256195068359
39230,0.0264129638672
39231,0.0248565673828
39232,0.0260009765625
39233,0.0259857177734
39234,0.0246276855469
39235,0.0246124267578
39236,0.0208282470703
39237,0.0207214355469
39238,0.0270233154297
39239,0.0223388671875
39240,0.0224304199219
39241,0.0259704589844
39242,0.0271453857422
39243,0.0247497558594
39244,0.0491943359375
39245,0.0474243164062
39246,0.0485534667969
39247,0.0504760742188
39248,0.0486450195312
39249,0.0459289550781
39250,0.0426940917969
39251,0.0399475097656
39252,0.04052734375
39253,0.0390930175781
39254,0.0393981933594
39255,0.0396423339844
39256,0.0390625
39257,0.0508422851562
39258,0.053466796875
39259,0.054443359375
39260,0.0519714355469
39261,0.0533142089844
39262,0.0510864257812
39263,0.06005859375
39264,0.0586547851562
39265,0.0578002929688
39266,0.0603942871094
39267,0.0565795898438
39268,0.0593566894531
39269,0.0782470703125
39270,0.0726318359375
39271,0.0673217773438
39272,0.06298828125
39273,0.0645141601562
39274,0.06591796875
39275,0.0759887695312
39276,0.0687866210938
39277,0.0657348632812
39278,0.0645141601562
39279,0.0719604492188
39280,0.073974609375
39281,0.0682373046875
39282,0.0687255859375
39283,0.0672607421875
39284,0.0640869140625
39285,0.0
39286,0.00295066833496
39287,0.00569915771484
39288,0.00885772705078
39289,0.0142517089844
39290,0.0152053833008
39291,0.0171661376953
39292,0.0201110839844
39293,0.0195922851562
39294,0.0266876220703
39295,0.0238494873047
39296,0.0233612060547
39297,0.0273590087891
39298,0.0276336669922
39299,0.0260467529297
39300,0.0261840820312
39301,0.0263519287109
39302,0.0313110351562
39303,0.0298919677734
39304,0.0318298339844
39305,0.0317993164062
39306,0.0288391113281
39307,0.0277404785156
39308,0.0322265625
39309,0.0318908691406
39310,0.03466796875
39311,0.0348205566406
39312,0.0336608886719
39313,0.0332336425781
39314,0.0333862304688
39315,0.0381164550781
39316,0.0358276367188
39317,0.0386657714844
39318,0.0422973632812
39319,0.0369873046875
39320,0.036376953125
39321,0.0363159179688
39322,0.0374145507812
39323,0.0397338867188
39324,0.0408630371094
39325,0.0371398925781
39326,0.041015625
39327,0.0450134277344
39328,0.0369873046875
39329,0.0371704101562
39330,0.0389404296875
39331,0.0484924316406
39332,0.0459289550781
39333,0.0438232421875
39334,0.0482788085938
39335,0.0450744628906
39336,0.0441284179688
39337,0.0457763671875
39338,0.0489501953125
39339,0.0466003417969
39340,0.0485534667969
39341,0.0502624511719
39342,0.0517883300781
39343,0.04931640625
39344,0.0481262207031
39345,0.0534973144531
39346,0.0438232421875
39347,0.0387878417969
39348,0.0419311523438
39349,0.0
39350,0.003662109375
39351,0.00733947753906
39352,0.00991058349609
39353,0.0118026733398
39354,0.0160369873047
39355,0.0208892822266
39356,0.0204315185547
39357,0.0190734863281
39358,0.0159454345703
39359,0.0155334472656
39360,0.0224456787109
39361,0.0214233398438
39362,0.0308227539062
39363,0.0312805175781
39364,0.0335388183594
39365,0.0415954589844
39366,0.0417175292969
39367,0.048828125
39368,0.0454711914062
39369,0.0518493652344
39370,0.0485229492188
39371,0.0482177734375
39372,0.0515441894531
39373,0.04833984375
39374,0.0455322265625
39375,0.0463256835938
39376,0.0491333007812
39377,0.0526428222656
39378,0.0519714355469
39379,0.0510864257812
39380,0.0486450195312
39381,0.0481872558594
39382,0.0420837402344
39383,0.0457763671875
39384,0.04833984375
39385,0.0453186035156
39386,0.0439758300781
39387,0.0382995605469
39388,0.0390930175781
39389,0.0384216308594
39390,0.0387573242188
39391,0.0490112304688
39392,0.0494079589844
39393,0.0498657226562
39394,0.0473022460938
39395,0.0442810058594
39396,0.0518188476562
39397,0.0506896972656
39398,0.0460815429688
39399,0.049072265625
39400,0.0478210449219
39401,0.0479125976562
39402,0.0549926757812
39403,0.0528869628906
39404,0.0514221191406
39405,0.0557250976562
39406,0.0566101074219
39407,0.0562438964844
39408,0.0503234863281
39409,0.0496215820312
39410,0.0511474609375
39411,0.0516967773438
39412,0.0511474609375
39413,0.0
39414,0.0313110351562
39415,0.0361938476562
39416,0.0376281738281
39417,0.0372924804688
39418,0.0376892089844
39419,0.0316162109375
39420,0.0645751953125
39421,0.0698852539062
39422,0.11083984375
39423,0.108703613281
39424,0.105529785156
39425,0.103393554688
39426,0.10302734375
39427,0.103576660156
39428,0.102966308594
39429,0.101379394531
39430,0.100769042969
39431,0.100219726562
39432,0.1005859375
39433,0.104248046875
39434,0.107482910156
39435,0.103210449219
39436,0.101684570312
39437,0.105163574219
39438,0.100341796875
39439,0.102722167969
39440,0.103637695312
39441,0.103881835938
39442,0.102233886719
39443,0.100830078125
39444,0.104248046875
39445,0.102111816406
39446,0.100830078125
39447,0.111938476562
39448,0.108947753906
39449,0.104187011719
39450,0.0994262695312
39451,0.0983276367188
39452,0.102905273438
39453,0.100830078125
39454,0.0986938476562
39455,0.100463867188
39456,0.103271484375
39457,0.104064941406
39458,0.0938720703125
39459,0.0925903320312
39460,0.0924682617188
39461,0.0936279296875
39462,0.0900268554688
39463,0.092529296875
39464,0.0936889648438
39465,0.0921630859375
39466,0.0902099609375
39467,0.08837890625
39468,0.0882568359375
39469,0.0907592773438
39470,0.0911254882812
39471,0.0956420898438
39472,0.0930786132812
39473,0.0948486328125
39474,0.0969848632812
39475,0.086181640625
39476,0.0848388671875
39477,0.0
39478,0.00584030151367
39479,0.0245208740234
39480,0.0260314941406
39481,0.0269927978516
39482,0.0299835205078
39483,0.0312042236328
39484,0.0452575683594
39485,0.0398864746094
39486,0.0540771484375
39487,0.0509643554688
39488,0.0506896972656
39489,0.0499572753906
39490,0.0526428222656
39491,0.0540771484375
39492,0.0516052246094
39493,0.0492858886719
39494,0.0514831542969
39495,0.0522766113281
39496,0.0738525390625
39497,0.067626953125
39498,0.0694580078125
39499,0.0691528320312
39500,0.0692138671875
39501,0.0659790039062
39502,0.0659790039062
39503,0.0703735351562
39504,0.0706176757812
39505,0.0709838867188
39506,0.0703125
39507,0.0934448242188
39508,0.0848388671875
39509,0.0868530273438
39510,0.094482421875
39511,0.0841064453125
39512,0.082275390625
39513,0.0813598632812
39514,0.0840454101562
39515,0.088623046875
39516,0.088623046875
39517,0.0881958007812
39518,0.0849609375
39519,0.0867919921875
39520,0.08544921875
39521,0.0806274414062
39522,0.0805053710938
39523,0.0806884765625
39524,0.0808715820312
39525,0.0779418945312
39526,0.0790405273438
39527,0.0765991210938
39528,0.0779418945312
39529,0.072509765625
39530,0.0765380859375
39531,0.0760498046875
39532,0.0760498046875
39533,0.0784301757812
39534,0.0801391601562
39535,0.0813598632812
39536,0.0811767578125
39537,0.0850830078125
39538,0.08447265625
39539,0.0830078125
39540,0.08544921875
39541,0.0
39542,0.0036506652832
39543,0.00667572021484
39544,0.00879669189453
39545,0.0110397338867
39546,0.0106735229492
39547,0.0176086425781
39548,0.021484375
39549,0.0302429199219
39550,0.0291442871094
39551,0.0312042236328
39552,0.0319519042969
39553,0.0292358398438
39554,0.0315856933594
39555,0.0287017822266
39556,0.0258483886719
39557,0.0275573730469
39558,0.0316772460938
39559,0.0301971435547
39560,0.0293579101562
39561,0.0294342041016
39562,0.0280456542969
39563,0.0289611816406
39564,0.0276641845703
39565,0.0279083251953
39566,0.0294189453125
39567,0.0294494628906
39568,0.02783203125
39569,0.0267639160156
39570,0.0263824462891
39571,0.0271301269531
39572,0.0254821777344
39573,0.0259246826172
39574,0.0254211425781
39575,0.0257110595703
39576,0.0254211425781
39577,0.0263519287109
39578,0.0312805175781
39579,0.0367736816406
39580,0.0366516113281
39581,0.0339965820312
39582,0.0408020019531
39583,0.0372009277344
39584,0.0385131835938
39585,0.0324401855469
39586,0.0349731445312
39587,0.038818359375
39588,0.0404968261719
39589,0.0303192138672
39590,0.0318908691406
39591,0.0314025878906
39592,0.031982421875
39593,0.0296783447266
39594,0.0311889648438
39595,0.0354614257812
39596,0.0308990478516
39597,0.0304870605469
39598,0.032958984375
39599,0.0323791503906
39600,0.0349731445312
39601,0.0358581542969
39602,0.0359497070312
39603,0.0361633300781
39604,0.0360107421875
39605,0.0
39606,0.0019702911377
39607,0.00527572631836
39608,0.00868988037109
39609,0.00759506225586
39610,0.00995635986328
39611,0.0114212036133
39612,0.0137252807617
39613,0.0148239135742
39614,0.0168609619141
39615,0.0195007324219
39616,0.0197906494141
39617,0.0209045410156
39618,0.0182647705078
39619,0.0198669433594
39620,0.0219573974609
39621,0.0189819335938
39622,0.0183258056641
39623,0.0172119140625
39624,0.0165710449219
39625,0.0208587646484
39626,0.0231018066406
39627,0.0186309814453
39628,0.0211029052734
39629,0.0225982666016
39630,0.0235748291016
39631,0.0245208740234
39632,0.0241851806641
39633,0.0235595703125
39634,0.0256805419922
39635,0.032470703125
39636,0.0332641601562
39637,0.0371704101562
39638,0.0380554199219
39639,0.0373229980469
39640,0.033447265625
39641,0.0335693359375
39642,0.0315246582031
39643,0.0303649902344
39644,0.0301055908203
39645,0.0445861816406
39646,0.0387268066406
39647,0.0399780273438
39648,0.0427551269531
39649,0.0411987304688
39650,0.0410766601562
39651,0.0419006347656
39652,0.0418701171875
39653,0.0384826660156
39654,0.0387573242188
39655,0.0420532226562
39656,0.0372619628906
39657,0.0380554199219
39658,0.0354614257812
39659,0.0366516113281
39660,0.0389404296875
39661,0.0400390625
39662,0.0391235351562
39663,0.0383605957031
39664,0.038330078125
39665,0.0354309082031
39666,0.0409545898438
39667,0.0435485839844
39668,0.0448303222656
39669,0.0
39670,0.0039005279541
39671,0.0078010559082
39672,0.00856018066406
39673,0.0109634399414
39674,0.015251159668
39675,0.0142364501953
39676,0.0185241699219
39677,0.0212097167969
39678,0.0229187011719
39679,0.0241851806641
39680,0.0247344970703
39681,0.0231628417969
39682,0.0234985351562
39683,0.0223083496094
39684,0.0265197753906
39685,0.026123046875
39686,0.0260772705078
39687,0.0258636474609
39688,0.0243072509766
39689,0.0246429443359
39690,0.0308685302734
39691,0.0317993164062
39692,0.0334777832031
39693,0.0303497314453
39694,0.0318298339844
39695,0.0311737060547
39696,0.0382690429688
39697,0.0393676757812
39698,0.0395812988281
39699,0.0411682128906
39700,0.043212890625
39701,0.0401916503906
39702,0.0391235351562
39703,0.0412292480469
39704,0.0379638671875
39705,0.0425109863281
39706,0.0443725585938
39707,0.0439147949219
39708,0.0413818359375
39709,0.0422058105469
39710,0.0409851074219
39711,0.0409545898438
39712,0.0379333496094
39713,0.0357360839844
39714,0.03662109375
39715,0.0330505371094
39716,0.0357666015625
39717,0.0364379882812
39718,0.0354614257812
39719,0.0409851074219
39720,0.0418395996094
39721,0.04296875
39722,0.0428771972656
39723,0.0391845703125
39724,0.0374755859375
39725,0.03955078125
39726,0.0401916503906
39727,0.0520324707031
39728,0.0520935058594
39729,0.0537109375
39730,0.0539245605469
39731,0.0519104003906
39732,0.0482177734375
39733,0.0
39734,0.0037727355957
39735,0.00759887695312
39736,0.0149383544922
39737,0.0184478759766
39738,0.0178833007812
39739,0.0182647705078
39740,0.0175323486328
39741,0.0180969238281
39742,0.0187835693359
39743,0.0188293457031
39744,0.0188903808594
39745,0.0216064453125
39746,0.0216522216797
39747,0.0226287841797
39748,0.0218658447266
39749,0.0228118896484
39750,0.0228576660156
39751,0.0246734619141
39752,0.0259857177734
39753,0.025390625
39754,0.0265350341797
39755,0.0283355712891
39756,0.0268402099609
39757,0.0267639160156
39758,0.0262603759766
39759,0.0256500244141
39760,0.0285491943359
39761,0.0297698974609
39762,0.0274963378906
39763,0.0295715332031
39764,0.0291137695312
39765,0.0266265869141
39766,0.0301513671875
39767,0.0285034179688
39768,0.0244598388672
39769,0.0233764648438
39770,0.0239410400391
39771,0.0236206054688
39772,0.0227966308594
39773,0.0248107910156
39774,0.0284423828125
39775,0.0297241210938
39776,0.028564453125
39777,0.0305786132812
39778,0.0333862304688
39779,0.0338134765625
39780,0.0271453857422
39781,0.0271453857422
39782,0.0263824462891
39783,0.0290069580078
39784,0.0345153808594
39785,0.0302734375
39786,0.0298156738281
39787,0.0298461914062
39788,0.0337829589844
39789,0.0355529785156
39790,0.0351257324219
39791,0.0394897460938
39792,0.0392456054688
39793,0.0503540039062
39794,0.0516967773438
39795,0.0507202148438
39796,0.0481262207031
39797,0.0
39798,0.00348854064941
39799,0.00745010375977
39800,0.00923156738281
39801,0.0179901123047
39802,0.0171203613281
39803,0.0201568603516
39804,0.0179595947266
39805,0.0357055664062
39806,0.0411376953125
39807,0.0409545898438
39808,0.0398559570312
39809,0.0401611328125
39810,0.0384216308594
39811,0.0389099121094
39812,0.044189453125
39813,0.0411682128906
39814,0.0409851074219
39815,0.049560546875
39816,0.04443359375
39817,0.0433654785156
39818,0.0440673828125
39819,0.0442810058594
39820,0.042724609375
39821,0.0437927246094
39822,0.0433349609375
39823,0.0449829101562
39824,0.0483093261719
39825,0.0484008789062
39826,0.0447082519531
39827,0.0462341308594
39828,0.0470275878906
39829,0.0447998046875
39830,0.0463562011719
39831,0.0467529296875
39832,0.0482177734375
39833,0.0494384765625
39834,0.0466003417969
39835,0.047119140625
39836,0.0452880859375
39837,0.0476379394531
39838,0.0464477539062
39839,0.0484924316406
39840,0.0450439453125
39841,0.0458679199219
39842,0.0476989746094
39843,0.0496826171875
39844,0.0479431152344
39845,0.0498657226562
39846,0.0508117675781
39847,0.0469055175781
39848,0.0525817871094
39849,0.0550231933594
39850,0.0517272949219
39851,0.0572509765625
39852,0.0579528808594
39853,0.0526428222656
39854,0.0517272949219
39855,0.0528259277344
39856,0.0543518066406
39857,0.06201171875
39858,0.0632934570312
39859,0.0575561523438
39860,0.05419921875
39861,0.0
39862,0.00373649597168
39863,0.00539016723633
39864,0.00764465332031
39865,0.0136413574219
39866,0.0150451660156
39867,0.0202941894531
39868,0.01513671875
39869,0.0169067382812
39870,0.01806640625
39871,0.0228271484375
39872,0.0261077880859
39873,0.0257568359375
39874,0.0275115966797
39875,0.0272064208984
39876,0.0271911621094
39877,0.0274047851562
39878,0.0318908691406
39879,0.0316467285156
39880,0.0371704101562
39881,0.0389404296875
76637,0.078857421875
76638,0.0741577148438
76640,0.0775756835938
76641,0.0771484375
76642,0.0777587890625
76643,0.0811157226562
76644,0.078857421875
76645,0.0
76646,0.00237846374512
76647,0.00378608703613
76648,0.00317192077637
76649,0.00709915161133
76650,0.0104751586914
76651,0.0103225708008
76652,0.0141448974609
76653,0.0305938720703
76654,0.0311431884766
76655,0.0278625488281
76656,0.0253753662109
76657,0.0246734619141
76658,0.0243682861328
76659,0.0283966064453
76660,0.0374755859375
76661,0.037841796875
76662,0.0291595458984
76663,0.0269012451172
76664,0.0303497314453
76665,0.0368957519531
76666,0.0348205566406
76667,0.0403442382812
76668,0.0422973632812
76669,0.0420837402344
76670,0.0451354980469
76671,0.0475158691406
76672,0.0489807128906
76673,0.0487976074219
76674,0.0490417480469
76675,0.0478515625
76676,0.0453186035156
76677,0.0409851074219
76678,0.04345703125
76679,0.0422668457031
76680,0.0405578613281
76681,0.0377197265625
76682,0.0386962890625
76683,0.0574340820312
76684,0.0588073730469
76685,0.0444641113281
76686,0.0446472167969
76687,0.0484008789062
76688,0.0359497070312
76689,0.0369873046875
76690,0.0469360351562
76691,0.0445861816406
76692,0.0449523925781
76693,0.0451049804688
76694,0.0446472167969
76695,0.0455932617188
76696,0.039794921875
76697,0.0426025390625
76698,0.0755615234375
76699,0.076171875
76700,0.0711669921875
76701,0.076416015625
76702,0.0732421875
76703,0.0748901367188
76704,0.074951171875
76705,0.0745239257812
76706,0.0663452148438
76707,0.0726928710938
76708,0.0726928710938
76709,0.0
76710,0.00213050842285
76711,0.00374603271484
76712,0.00440979003906
76713,0.00642395019531
76714,0.00559616088867
76715,0.00856018066406
76716,0.0109481811523
76717,0.011100769043
76718,0.0124053955078
76719,0.0156021118164
76720,0.0144195556641
76721,0.013542175293
76722,0.0133438110352
76723,0.0129165649414
76724,0.0124664306641
76725,0.0149612426758
76726,0.0162963867188
76727,0.0187835693359
76728,0.0168609619141
76729,0.0181732177734
76730,0.0164337158203
76731,0.0194854736328
76732,0.0191040039062
76733,0.0199127197266
76734,0.0201721191406
76735,0.0267028808594
76736,0.0273590087891
76737,0.0235748291016
76738,0.0216827392578
76739,0.0213775634766
76740,0.017333984375
76741,0.0226593017578
76742,0.0220031738281
76743,0.0227813720703
76744,0.0235748291016
76745,0.0200653076172
76746,0.0166320800781
76747,0.0185089111328
76748,0.0181884765625
76749,0.0252227783203
76750,0.0235595703125
76751,0.0231018066406
76752,0.0245971679688
76753,0.0239868164062
76754,0.0247955322266
76755,0.0216522216797
76756,0.0233001708984
76757,0.0241241455078
76758,0.0279235839844
76759,0.0263214111328
76760,0.0252532958984
76761,0.0279541015625
76762,0.0262451171875
76763,0.02587890625
76764,0.0254516601562
76765,0.0273132324219
76766,0.0261077880859
76767,0.0279388427734
76768,0.0275421142578
76769,0.0284576416016
76770,0.0261535644531
76771,0.0256500244141
76772,0.0442199707031
76773,0.0
76774,0.00181293487549
76775,0.0028190612793
76776,0.00411987304688
76777,0.00637054443359
76778,0.00804138183594
76779,0.00601577758789
76780,0.010139465332
76781,0.0152587890625
76782,0.0145416259766
76783,0.0157318115234
76784,0.0205688476562
76785,0.0257873535156
76786,0.0205841064453
76787,0.0215454101562
76788,0.0173797607422
76789,0.0196990966797
76790,0.0196533203125
76791,0.015022277832
76792,0.0198669433594
76793,0.0205535888672
76794,0.0197448730469
76795,0.0196533203125
76796,0.0231628417969
76797,0.0265808105469
76798,0.0287322998047
76799,0.0259704589844
76800,0.0320739746094
76801,0.0353698730469
76802,0.0221405029297
76803,0.0270080566406
76804,0.0255126953125
76805,0.0257720947266
76806,0.0234069824219
76807,0.0231781005859
76808,0.04052734375
76809,0.0423889160156
76810,0.0468444824219
76811,0.0469360351562
76812,0.041748046875
76813,0.0430908203125
76814,0.0438232421875
76815,0.0509643554688
76816,0.0446166992188
76817,0.0401000976562
76818,0.04052734375
76819,0.0360107421875
76820,0.0355529785156
76821,0.035400390625
76822,0.0364990234375
76823,0.0375366210938
76824,0.0380554199219
76825,0.0396118164062
76826,0.0424194335938
76827,0.0488891601562
76828,0.0428161621094
76829,0.0453796386719
76830,0.0458374023438
76831,0.0506896972656
76832,0.0523376464844
76833,0.0453186035156
76834,0.0451354980469
76835,0.0470581054688
76836,0.0570373535156
76837,0.0
76838,0.0126266479492
76839,0.0255126953125
76840,0.0273895263672
76841,0.0305023193359
76842,0.0314331054688
76843,0.0310668945312
76844,0.0339965820312
76845,0.034912109375
76846,0.03466796875
76847,0.0341491699219
76848,0.0303497314453
76849,0.0301818847656
76850,0.0289764404297
76851,0.0398559570312
76852,0.0331115722656
76853,0.0354309082031
76854,0.0340881347656
76855,0.0348510742188
76856,0.0431518554688
76857,0.0429077148438
76858,0.05712890625
76859,0.0542602539062
76860,0.0537109375
76861,0.052734375
76862,0.052490234375
76863,0.0531616210938
76864,0.0509948730469
76865,0.0523986816406
76866,0.0492248535156
76867,0.0489196777344
76868,0.0503234863281
76869,0.0490112304688
76870,0.0653686523438
76871,0.0589294433594
76872,0.0588989257812
76873,0.0607604980469
76874,0.06103515625
76875,0.0611572265625
76876,0.0633544921875
76877,0.0625610351562
76878,0.060302734375
76879,0.0628662109375
76880,0.0616149902344
76881,0.05908203125
76882,0.05859375
76883,0.0643310546875
76884,0.0632934570312
76885,0.0589904785156
76886,0.0750732421875
76887,0.07373046875
76888,0.0723266601562
76889,0.068603515625
76890,0.065673828125
76891,0.0656127929688
76892,0.06494140625
76893,0.067138671875
76894,0.06494140625
76895,0.0653076171875
76896,0.0653076171875
76897,0.061279296875
76898,0.0628051757812
76899,0.06982421875
76900,0.0706787109375
76901,0.0
76902,0.00153160095215
76903,0.00387954711914
76904,0.00567245483398
76905,0.00596237182617
76906,0.00841522216797
76907,0.0112686157227
76908,0.0112457275391
76909,0.0129013061523
76910,0.0117034912109
76911,0.0112762451172
76912,0.0114974975586
76913,0.00982666015625
76914,0.0106887817383
76915,0.0123291015625
76916,0.0146713256836
76917,0.0134201049805
76918,0.015869140625
76919,0.0166320800781
76920,0.0204162597656
76921,0.0175476074219
76922,0.0215148925781
76923,0.0231170654297
76924,0.0229339599609
76925,0.0232849121094
76926,0.0226593017578
76927,0.0217437744141
76928,0.0255279541016
76929,0.0263214111328
76930,0.0250091552734
76931,0.0244903564453
76932,0.0176849365234
76933,0.017822265625
76934,0.038818359375
76935,0.036865234375
76936,0.0359191894531
76937,0.0372009277344
76938,0.0354919433594
76939,0.0334167480469
76940,0.0326232910156
76941,0.0377502441406
76942,0.0658569335938
76943,0.0670776367188
76944,0.0706176757812
76945,0.0701293945312
76946,0.0711059570312
76947,0.0635986328125
76948,0.064453125
76949,0.0650024414062
76950,0.064208984375
76951,0.0662841796875
76952,0.0668334960938
76953,0.0665283203125
76954,0.0657958984375
76955,0.0670166015625
76956,0.0670166015625
76957,0.0679321289062
76958,0.0686645507812
76959,0.070556640625
76960,0.0962524414062
76961,0.095947265625
76962,0.09326171875
76963,0.0879516601562
76964,0.083251953125
76965,0.0
76966,0.00117588043213
76967,0.00376319885254
76968,0.00531005859375
76969,0.00730895996094
76970,0.0089111328125
76971,0.00912475585938
76972,0.0109939575195
76973,0.0107803344727
76974,0.0121002197266
76975,0.0125350952148
76976,0.0122833251953
76977,0.0141448974609
76978,0.0157165527344
76979,0.014289855957
76980,0.0145416259766
76981,0.0133285522461
76982,0.023193359375
76983,0.0242004394531
76984,0.0240478515625
76985,0.0223083496094
76986,0.0215759277344
76987,0.0196380615234
76988,0.0189361572266
76989,0.0194549560547
76990,0.0207672119141
76991,0.0252227783203
76992,0.0251922607422
76993,0.0211029052734
76994,0.0196838378906
76995,0.0216217041016
76996,0.0207977294922
76997,0.0240478515625
76998,0.0264434814453
76999,0.0254211425781
77000,0.0276184082031
77001,0.0257110595703
77002,0.0272674560547
77003,0.0303649902344
77004,0.0278015136719
77005,0.0262145996094
77006,0.0254364013672
77007,0.0260772705078
77008,0.0257263183594
77009,0.0412292480469
77010,0.041748046875
77011,0.0570373535156
77012,0.0554504394531
77013,0.0547485351562
77014,0.0500183105469
77015,0.0493774414062
77016,0.0505065917969
77017,0.0516052246094
77018,0.0443725585938
77019,0.0442810058594
77020,0.0439758300781
77021,0.0441284179688
77022,0.0440673828125
77023,0.0443420410156
77024,0.046875
77025,0.0497131347656
77026,0.0431213378906
77027,0.0449523925781
77028,0.0470275878906
77029,0.0
77030,0.00175285339355
77031,0.00277328491211
77032,0.00417709350586
77033,0.00532913208008
77034,0.00654983520508
77035,0.00955963134766
77036,0.00926208496094
77037,0.0128555297852
77038,0.0133972167969
77039,0.0163116455078
77040,0.0162353515625
77041,0.0171051025391
77042,0.0156173706055
77043,0.0151596069336
77044,0.0153427124023
77045,0.0223083496094
77046,0.026611328125
77047,0.0279998779297
77048,0.0256805419922
77049,0.0253601074219
77050,0.0250396728516
77051,0.0253753662109
77052,0.0237579345703
77053,0.0225067138672
77054,0.0256195068359
77055,0.0255126953125
77056,0.0281829833984
77057,0.0266876220703
77058,0.0279998779297
77059,0.0239562988281
77060,0.0238647460938
77061,0.0247192382812
77062,0.0218353271484
77063,0.0229339599609
77064,0.0283813476562
77065,0.0320739746094
77066,0.0309448242188
77067,0.0321655273438
77068,0.031982421875
77069,0.0358276367188
77070,0.0337524414062
77071,0.0330810546875
77072,0.0286865234375
77073,0.0299682617188
77074,0.0331115722656
77075,0.0289764404297
77076,0.0307769775391
77077,0.0323791503906
77078,0.0348205566406
77079,0.0420837402344
77080,0.0424194335938
77081,0.040283203125
77082,0.0362854003906
77083,0.0376892089844
77084,0.0377197265625
77085,0.0375671386719
77086,0.0362548828125
77087,0.0264434814453
77088,0.0241088867188
77089,0.0337219238281
77090,0.0394287109375
77091,0.0371398925781
77092,0.0393371582031
77093,0.0
77094,0.00163459777832
77095,0.00290107727051
77096,0.00468826293945
77097,0.00795745849609
77098,0.0102386474609
77099,0.0126800537109
77100,0.0121688842773
77101,0.0145797729492
77102,0.0138854980469
77103,0.0150833129883
77104,0.0144271850586
77105,0.0132751464844
77106,0.0198059082031
77107,0.021484375
77108,0.0220489501953
77109,0.0276489257812
77110,0.0261383056641
77111,0.0254516601562
77112,0.0252380371094
77113,0.0261688232422
77114,0.0317077636719
77115,0.03271484375
77116,0.0294494628906
77117,0.0282287597656
77118,0.0279693603516
77119,0.0287475585938
77120,0.0338439941406
77121,0.0350036621094
77122,0.0335388183594
77123,0.0314636230469
77124,0.0321044921875
77125,0.0287475585938
77126,0.0326843261719
77127,0.0335083007812
77128,0.0323486328125
77129,0.0309906005859
77130,0.0392456054688
77131,0.0372009277344
77132,0.0359802246094
77133,0.0370483398438
77134,0.0329895019531
77135,0.0326843261719
77136,0.0308074951172
77137,0.0306243896484
77138,0.0293273925781
77139,0.0289154052734
77140,0.0286254882812
77141,0.0325317382812
77142,0.0298919677734
77143,0.0294189453125
77144,0.0341186523438
77145,0.0335693359375
77146,0.0337829589844
77147,0.0369262695312
77148,0.0307769775391
77149,0.03173828125
77150,0.0375671386719
77151,0.0381774902344
77152,0.0442810058594
77153,0.0382995605469
77154,0.0392456054688
77155,0.0394592285156
77156,0.0397033691406
77157,0.0
77158,0.00285339355469
77159,0.00337791442871
77160,0.00386238098145
77161,0.0120697021484
77162,0.0160369873047
77163,0.0145492553711
77164,0.0143737792969
77165,0.0139389038086
77166,0.012451171875
77167,0.00966644287109
77168,0.011360168457
77169,0.0137252807617
77170,0.0117263793945
77171,0.0111999511719
77172,0.0120697021484
77173,0.0121459960938
77174,0.0129318237305
77175,0.0128631591797
77176,0.0153961181641
77177,0.013427734375
77178,0.0139236450195
77179,0.01318359375
77180,0.0177307128906
77181,0.0207824707031
77182,0.0238647460938
77183,0.021484375
77184,0.0231781005859
77185,0.0232238769531
77186,0.0226593017578
77187,0.0171813964844
77188,0.0240478515625
77189,0.0227813720703
77190,0.0194244384766
77191,0.0208282470703
77192,0.0207824707031
77193,0.019287109375
77194,0.0211181640625
77195,0.0206146240234
77196,0.0166473388672
77197,0.0163116455078
77198,0.0181427001953
77199,0.0208282470703
77200,0.0202178955078
77201,0.0193939208984
77202,0.0182647705078
77203,0.0192718505859
77204,0.0199127197266
77205,0.0212249755859
77206,0.0228118896484
77207,0.0233306884766
77208,0.0216522216797
77209,0.02099609375
77210,0.0210571289062
77211,0.0211334228516
77212,0.0239562988281
77213,0.0305480957031
77214,0.0347290039062
77215,0.0413513183594
77216,0.0316467285156
77217,0.0368041992188
77218,0.0369567871094
77219,0.0340881347656
77220,0.0424499511719
77221,0.0
77222,0.0081787109375
77223,0.0101547241211
77224,0.0144271850586
77225,0.0158538818359
77226,0.0155868530273
77227,0.0109405517578
77228,0.011474609375
77229,0.0129165649414
77230,0.0246429443359
77231,0.0229797363281
77232,0.0225067138672
77233,0.0211029052734
77234,0.0224609375
77235,0.0228881835938
77236,0.0243530273438
77237,0.0466613769531
77238,0.0405883789062
77239,0.0470275878906
77240,0.047607421875
77241,0.0477905273438
77242,0.0455322265625
77243,0.0438232421875
77244,0.0461120605469
77245,0.0474548339844
77246,0.0434875488281
77247,0.0448608398438
77248,0.0350952148438
77249,0.0341491699219
77250,0.0360717773438
77251,0.0369873046875
77252,0.0383605957031
77253,0.0371704101562
77254,0.0358581542969
77255,0.0368041992188
77256,0.0376281738281
77257,0.0376281738281
77258,0.0410766601562
77259,0.0456237792969
77260,0.0447082519531
77261,0.051025390625
77262,0.0490112304688
77263,0.0451049804688
77264,0.0467529296875
77265,0.0528564453125
77266,0.0521240234375
77267,0.0459594726562
77268,0.046630859375
77269,0.0443420410156
77270,0.0390625
77271,0.0408630371094
77272,0.0405883789062
77273,0.0387878417969
77274,0.0416259765625
77275,0.0403747558594
77276,0.0445861816406
77277,0.0445556640625
77278,0.0408935546875
77279,0.0428161621094
77280,0.0401916503906
77281,0.0436096191406
77282,0.0447998046875
77283,0.0486145019531
77284,0.0480346679688
77285,0.0
77286,0.0027904510498
77287,0.00464630126953
77288,0.00520324707031
77289,0.00580596923828
77290,0.0132141113281
77291,0.0120239257812
77292,0.00939178466797
77293,0.0260009765625
77294,0.0236053466797
77295,0.0233612060547
77296,0.0229797363281
77297,0.0237426757812
77298,0.0270080566406
77299,0.0269622802734
77300,0.02783203125
77301,0.0262908935547
77302,0.0266723632812
77303,0.0228118896484
77304,0.0284423828125
77305,0.0287322998047
77306,0.0276489257812
77307,0.0268859863281
77308,0.0296630859375
77309,0.0268402099609
77310,0.0285186767578
77311,0.0286712646484
77312,0.0298919677734
77313,0.0300445556641
77314,0.02783203125
77315,0.0294952392578
77316,0.0305633544922
77317,0.0292358398438
77318,0.0284423828125
77319,0.0285949707031
77320,0.0278472900391
77321,0.0253143310547
77322,0.02734375
77323,0.0289001464844
77324,0.0282897949219
77325,0.0289764404297
77326,0.0412902832031
77327,0.0361633300781
77328,0.0339965820312
77329,0.0341186523438
77330,0.0282592773438
77331,0.0316162109375
77332,0.0267486572266
77333,0.0275268554688
77334,0.0271759033203
77335,0.0277099609375
77336,0.0268402099609
77337,0.0260772705078
77338,0.0283050537109
77339,0.0255432128906
77340,0.0283813476562
77341,0.0269622802734
77342,0.0271453857422
77343,0.0269775390625
77344,0.0269622802734
77345,0.0257720947266
77346,0.0263824462891
77347,0.0263366699219
77348,0.0278778076172
77349,0.0
77350,0.00400924682617
77351,0.00630569458008
77352,0.00540542602539
77353,0.0114669799805
77354,0.0141906738281
77355,0.0146179199219
77356,0.0147323608398
77357,0.0139007568359
77358,0.0145874023438
77359,0.0139236450195
77360,0.0168304443359
77361,0.0341491699219
77362,0.0244293212891
77363,0.0242919921875
77364,0.0243072509766
77365,0.0234527587891
77366,0.0225830078125
77367,0.0260925292969
77368,0.0251007080078
77369,0.0360412597656
77370,0.0384826660156
77371,0.0339965820312
77372,0.0296783447266
77373,0.0380249023438
77374,0.0353698730469
77375,0.0359802246094
77376,0.0341796875
77377,0.0342407226562
77378,0.0315246582031
77379,0.0304107666016
77380,0.0299987792969
77381,0.0320739746094
77382,0.0335083007812
77383,0.03466796875
77384,0.0345458984375
77385,0.0302581787109
77386,0.0289611816406
77387,0.0478515625
77388,0.0469360351562
77389,0.045654296875
77390,0.0434265136719
77391,0.0420227050781
77392,0.0463256835938
77393,0.0424499511719
77394,0.0466003417969
77395,0.0481262207031
77396,0.0419006347656
77397,0.0413818359375
77398,0.0412902832031
77399,0.0427856445312
77400,0.0426330566406
77401,0.0404052734375
77402,0.0509338378906
77403,0.0521545410156
77404,0.0479736328125
77405,0.0469970703125
77406,0.04638671875
77407,0.0469970703125
77408,0.0399780273438
77409,0.0394592285156
77410,0.0407104492188
77411,0.0440673828125
77412,0.0461120605469
77413,0.0
77414,0.00300216674805
77415,0.00359535217285
77416,0.00283622741699
77417,0.00357818603516
77418,0.00776290893555
77419,0.00873565673828
77420,0.00969696044922
77422,0.0109100341797
77423,0.0213012695312
77424,0.0230255126953
77425,0.0210876464844
77426,0.0256042480469
77427,0.0305938720703
77428,0.0296630859375
77429,0.0281677246094
77430,0.0218200683594
77431,0.0241851806641
77432,0.0230712890625
77433,0.0238189697266
77434,0.0239715576172
77435,0.02783203125
77436,0.0284881591797
77437,0.0240478515625
77438,0.0234832763672
77439,0.0223693847656
77440,0.0232238769531
77441,0.0278625488281
77442,0.0281066894531
77443,0.0290069580078
77444,0.0302886962891
77445,0.0292053222656
77446,0.028076171875
77447,0.0253143310547
77448,0.0230865478516
77449,0.0247955322266
77450,0.0328063964844
77451,0.0302124023438
77452,0.0315246582031
77453,0.0288848876953
77454,0.0321960449219
77455,0.0315856933594
77456,0.0326232910156
77457,0.0307312011719
77458,0.0346374511719
77459,0.0353393554688
77460,0.0358276367188
77461,0.0365600585938
77462,0.0345764160156
77463,0.0337524414062
77464,0.0321350097656
77465,0.0517578125
77466,0.0473937988281
77467,0.0491943359375
77468,0.049072265625
77469,0.0496520996094
77470,0.052734375
77471,0.0524597167969
77472,0.05322265625
77473,0.054931640625
77474,0.0399780273438
77475,0.0397338867188
77476,0.0457458496094
77477,0.039306640625
77478,0.0
77479,0.00280952453613
77480,0.00235939025879
77481,0.00379371643066
77482,0.00757217407227
77483,0.00637054443359
77484,0.00741958618164
77485,0.00632095336914
77486,0.00812530517578
77487,0.0161895751953
77488,0.0175018310547
77489,0.0200500488281
77490,0.0246734619141
77491,0.0180358886719
77492,0.0160675048828
77493,0.0242004394531
77494,0.0245361328125
77495,0.0247344970703
77496,0.02099609375
77497,0.0299530029297
77498,0.0286865234375
77499,0.0231323242188
77500,0.0254974365234
77501,0.0320129394531
77502,0.0271606445312
77503,0.0292053222656
77504,0.0277252197266
77505,0.0279235839844
77506,0.0296325683594
77507,0.0271759033203
77508,0.0292816162109
77509,0.0270385742188
77510,0.0510864257812
77511,0.0437316894531
77512,0.0414733886719
77513,0.0325012207031
77514,0.0309600830078
77515,0.0381469726562
77516,0.0377807617188
77517,0.0371398925781
77518,0.0361633300781
77519,0.0399169921875
77520,0.0494689941406
77521,0.0495910644531
77522,0.0487976074219
77523,0.0483703613281
77524,0.0476684570312
77525,0.0504455566406
77526,0.0458984375
77527,0.0458374023438
77528,0.0498657226562
77529,0.060302734375
77530,0.0814819335938
77531,0.0693359375
77532,0.0932006835938
77533,0.0792236328125
77534,0.0811767578125
77535,0.0777587890625
77536,0.077392578125
77537,0.0784912109375
77538,0.0772094726562
77539,0.077392578125
77540,0.0770874023438
77541,0.0772705078125
77542,0.0
77543,0.00203132629395
77544,0.0038948059082
77545,0.00390625
77546,0.00601196289062
77547,0.00845336914062
77548,0.00946807861328
77549,0.0126953125
77550,0.013801574707
77551,0.0135879516602
77552,0.0157775878906
77553,0.046142578125
77554,0.0451354980469
77555,0.0429077148438
77556,0.0447387695312
77557,0.0382690429688
77558,0.0536804199219
77559,0.04638671875
77560,0.0476989746094
77561,0.0455322265625
77562,0.0463562011719
77563,0.0413513183594
77564,0.0415954589844
77565,0.0418701171875
77566,0.04345703125
77567,0.0445861816406
77568,0.0539855957031
77569,0.0479736328125
77570,0.0484008789062
77571,0.0458984375
77572,0.0438537597656
77573,0.0470886230469
77574,0.0470886230469
77575,0.0479736328125
77576,0.0492553710938
77577,0.0481262207031
77578,0.0497436523438
77579,0.0511779785156
77580,0.0525512695312
77581,0.0497741699219
77582,0.0467834472656
77583,0.0480041503906
77584,0.048828125
77585,0.0482177734375
77586,0.0506591796875
77587,0.0542602539062
77588,0.0563049316406
77589,0.0491638183594
77590,0.0478515625
77591,0.0482788085938
77592,0.0546569824219
77593,0.0546264648438
77594,0.0548706054688
77595,0.0551452636719
77596,0.0551147460938
77597,0.0556640625
77598,0.0563354492188
77599,0.054931640625
77600,0.0544128417969
77601,0.0490112304688
77602,0.0488891601562
77603,0.0494995117188
77604,0.046142578125
77605,0.0462036132812
77606,0.0
77607,0.00173950195312
77608,0.0036449432373
77609,0.00718307495117
77610,0.0109176635742
77611,0.0109481811523
77612,0.0170593261719
77613,0.0173797607422
77614,0.0206298828125
77615,0.0214080810547
77616,0.0284423828125
77617,0.0273284912109
77618,0.0223541259766
77619,0.0283508300781
77620,0.0289154052734
77621,0.0328674316406
77622,0.0307006835938
77623,0.0307922363281
77624,0.0296478271484
77625,0.0323791503906
77626,0.0318298339844
77627,0.0262756347656
77628,0.0339660644531
77629,0.0345153808594
77630,0.0335388183594
77631,0.0340270996094
77632,0.036865234375
77633,0.0307769775391
77634,0.0274658203125
77635,0.0240783691406
77636,0.0330200195312
77637,0.0537414550781
77638,0.0531311035156
77639,0.0508117675781
77640,0.0491943359375
77641,0.0484313964844
77642,0.0464172363281
77643,0.0479431152344
77644,0.0568237304688
77645,0.0567321777344
77646,0.0588989257812
77647,0.0373229980469
77648,0.0397033691406
77649,0.0343627929688
77650,0.0347290039062
77651,0.0341796875
77652,0.0456848144531
77653,0.04541015625
77654,0.0409545898438
77655,0.0408325195312
77656,0.043701171875
77657,0.0443115234375
77658,0.0430603027344
77659,0.0433959960938
77660,0.0437927246094
77661,0.0463562011719
77662,0.0467529296875
77663,0.0464172363281
77664,0.0460205078125
77665,0.0466003417969
77666,0.0450134277344
77667,0.0429992675781
77668,0.0432739257812
77669,0.0428771972656
77670,0.0
77671,0.00561904907227
77672,0.00526809692383
77673,0.00444030761719
77674,0.00476455688477
77675,0.00663757324219
77676,0.00826263427734
77677,0.00799560546875
77678,0.00909423828125
77679,0.00831604003906
77680,0.00743865966797
77681,0.00926208496094
77682,0.00820922851562
77683,0.00701141357422
77684,0.00994110107422
77685,0.0078010559082
77686,0.00829315185547
77687,0.00786590576172
77688,0.00748825073242
77689,0.0075798034668
77690,0.00870513916016
77691,0.0109252929688
77692,0.0170288085938
77693,0.0165557861328
77694,0.0152359008789
77695,0.0138473510742
77696,0.0251007080078
77697,0.0255432128906
77698,0.0302886962891
77699,0.0293731689453
77700,0.0313110351562
77701,0.0265655517578
77702,0.0297088623047
77703,0.0216979980469
77704,0.0321350097656
77705,0.0252685546875
77706,0.0260162353516
77707,0.0317687988281
77708,0.0344848632812
77709,0.032470703125
77710,0.0320129394531
77711,0.0314331054688
77712,0.0246887207031
77713,0.0312042236328
77714,0.0308685302734
77715,0.0295867919922
77716,0.034912109375
77717,0.03466796875
77718,0.0284576416016
77719,0.0272064208984
77720,0.0281982421875
77721,0.0278015136719
77722,0.0252075195312
77723,0.0316162109375
77724,0.0328063964844
77725,0.0470275878906
77726,0.0486145019531
77727,0.0437622070312
77728,0.0447082519531
77729,0.0481567382812
77730,0.0469970703125
77731,0.0501098632812
77732,0.0508117675781
77733,0.0512390136719
77734,0.0
77735,0.00468063354492
77736,0.00601959228516
77737,0.00771713256836
77738,0.00745391845703
77739,0.00733947753906
77740,0.0187377929688
77741,0.0271911621094
77742,0.0249176025391
77743,0.0229949951172
77744,0.0272064208984
77745,0.024658203125
77746,0.0233764648438
77747,0.0202178955078
77748,0.0215454101562
77749,0.0218658447266
77750,0.0234985351562
77751,0.0237884521484
77752,0.0212097167969
77753,0.0386352539062
77754,0.0387573242188
77755,0.0349731445312
77756,0.0374145507812
77757,0.0365600585938
77758,0.0284881591797
77759,0.0331420898438
77760,0.0363464355469
77761,0.0348510742188
77762,0.0360412597656
77763,0.0328063964844
77764,0.0305938720703
77765,0.03466796875
77766,0.0333557128906
77767,0.0298614501953
77768,0.0271148681641
77769,0.0238952636719
77770,0.0291900634766
77771,0.0319519042969
77772,0.0314636230469
77773,0.0292205810547
77774,0.030517578125
77775,0.0336303710938
77776,0.0338134765625
77777,0.0328674316406
77778,0.0340576171875
77779,0.0322265625
77780,0.0309143066406
77781,0.0283203125
77782,0.0277099609375
77783,0.0305938720703
77784,0.0295104980469
77785,0.0265808105469
77786,0.0267181396484
77787,0.027587890625
77788,0.0308990478516
77789,0.0306854248047
77790,0.0345153808594
77791,0.0340881347656
77792,0.0369567871094
77793,0.0355224609375
77794,0.0386047363281
77795,0.033203125
77796,0.0295257568359
77797,0.0321350097656
77798,0.0
77799,0.00409317016602
77800,0.00628280639648
77801,0.00725936889648
77802,0.00803375244141
77803,0.00859832763672
77804,0.011848449707
77805,0.0177307128906
77806,0.0192413330078
77807,0.0153884887695
77808,0.0218658447266
77809,0.0226898193359
77810,0.0232086181641
77811,0.0233154296875
77812,0.0208892822266
77813,0.0306701660156
77814,0.0369873046875
77815,0.0370178222656
77816,0.0396423339844
77817,0.0374450683594
77818,0.0363159179688
77819,0.0271148681641
77820,0.0298614501953
77821,0.0387268066406
77822,0.0384521484375
77823,0.0366821289062
77824,0.0354309082031
77825,0.0372924804688
77826,0.0368041992188
77827,0.0363464355469
77828,0.0361328125
77829,0.0528259277344
77830,0.0427551269531
77831,0.0390319824219
77832,0.0387878417969
77833,0.0399169921875
77834,0.0478820800781
77835,0.0453491210938
77836,0.0463562011719
77837,0.051025390625
77838,0.0523681640625
77839,0.0519714355469
77840,0.0515747070312
77841,0.0514831542969
77842,0.0507202148438
77843,0.0514526367188
77844,0.0507202148438
77845,0.0501708984375
77846,0.052978515625
77847,0.0533447265625
77848,0.0525817871094
77849,0.051025390625
77850,0.0486450195312
77851,0.0472717285156
77852,0.04931640625
77853,0.0501708984375
77854,0.0492248535156
77855,0.0468139648438
77856,0.0467224121094
77857,0.0488891601562
77858,0.048828125
77859,0.04833984375
77860,0.0455017089844
77861,0.048095703125
77862,0.0
77863,0.00339508056641
77864,0.0107498168945
77865,0.011848449707
77866,0.0107803344727
77867,0.0173034667969
77868,0.0172729492188
77869,0.0148849487305
77870,0.015007019043
77871,0.0140609741211
77872,0.0167388916016
77873,0.0157470703125
77874,0.0185394287109
77875,0.0342712402344
77876,0.0312042236328
77877,0.0325622558594
77878,0.0362243652344
77879,0.0354309082031
77880,0.0385437011719
77881,0.0375671386719
77882,0.039306640625
77883,0.0380859375
77884,0.0395202636719
77885,0.0367431640625
77886,0.0367431640625
77887,0.0337219238281
77888,0.0333557128906
77889,0.0344543457031
77890,0.0328369140625
77891,0.037109375
77892,0.0361938476562
77893,0.0385131835938
77894,0.0376281738281
77895,0.0369567871094
77896,0.0374145507812
77897,0.0386657714844
77898,0.0497436523438
77899,0.0497131347656
77900,0.0692138671875
77901,0.069580078125
77902,0.0678100585938
77903,0.06494140625
77904,0.0530395507812
77905,0.0526428222656
77906,0.0521545410156
77907,0.0546569824219
77908,0.0549621582031
77909,0.0530090332031
77910,0.054931640625
77911,0.0426330566406
77912,0.0489807128906
77913,0.0445556640625
77914,0.0432434082031
77915,0.0440368652344
77916,0.0416870117188
77917,0.0413208007812
77918,0.0420532226562
77919,0.0407409667969
77920,0.0522155761719
77921,0.0544128417969
77922,0.053466796875
77923,0.0552062988281
77924,0.0533142089844
77925,0.0536804199219
77926,0.0
77927,0.00335502624512
77928,0.00474166870117
77929,0.00777435302734
77930,0.0102310180664
77931,0.00950622558594
77932,0.00812530517578
77933,0.00850677490234
77934,0.0109939575195
77935,0.0120544433594
77936,0.0151443481445
77937,0.013313293457
77938,0.0129318237305
77939,0.0127487182617
77940,0.0193786621094
77941,0.0198516845703
77942,0.0277862548828
77943,0.0249176025391
77944,0.0251617431641
77945,0.0283508300781
77946,0.0365905761719
77947,0.0292663574219
77948,0.0269775390625
77949,0.0384826660156
77950,0.0324096679688
77951,0.0322875976562
77952,0.0332641601562
77953,0.0352783203125
77954,0.035888671875
77955,0.0372314453125
77956,0.0438232421875
77957,0.0382995605469
77958,0.0375366210938
77959,0.0391540527344
77960,0.0356750488281
77961,0.0458068847656
77962,0.0436096191406
77963,0.0457763671875
77964,0.0489196777344
77965,0.0461730957031
77966,0.0505065917969
77967,0.0497741699219
77968,0.044921875
77969,0.0468444824219
77970,0.064697265625
77971,0.0555114746094
77972,0.0547485351562
77973,0.0547485351562
77974,0.0538635253906
77975,0.0558776855469
77976,0.0560302734375
77977,0.0606689453125
77978,0.065673828125
77979,0.0619201660156
77980,0.0525207519531
77981,0.0478210449219
77982,0.0472412109375
77983,0.0536499023438
77984,0.0532836914062
77985,0.0566711425781
77986,0.0490417480469
77987,0.048095703125
77988,0.0493774414062
77989,0.0502319335938
77990,0.0
77991,0.0025463104248
77992,0.00299835205078
77993,0.00336074829102
77994,0.00413513183594
77995,0.00627899169922
77996,0.00799560546875
77997,0.00923156738281
77998,0.00946044921875
77999,0.0100402832031
78000,0.00986480712891
78001,0.0135345458984
78002,0.0135879516602
78003,0.0115737915039
78004,0.0139389038086
78005,0.0163726806641
78006,0.0176544189453
78007,0.0158233642578
78008,0.0172424316406
78009,0.0200500488281
78010,0.0220489501953
78011,0.0225372314453
78012,0.0215148925781
78013,0.0250396728516
78014,0.0223693847656
78015,0.0251007080078
78016,0.0240020751953
78017,0.0212249755859
78018,0.0249633789062
78019,0.0246124267578
78020,0.0276641845703
78021,0.023681640625
78022,0.0262603759766
78023,0.0369567871094
78024,0.0362243652344
78025,0.0334777832031
78026,0.0314025878906
78027,0.0448608398438
78028,0.0456848144531
78029,0.0415344238281
78030,0.04248046875
78031,0.0418701171875
78032,0.0296020507812
78033,0.0321655273438
78034,0.0313110351562
78035,0.0435485839844
78036,0.044921875
78037,0.0437622070312
78038,0.0452880859375
78039,0.0470886230469
78040,0.04736328125
78041,0.0530700683594
78042,0.0506286621094
78043,0.0492553710938
78044,0.0494079589844
78045,0.0491638183594
78046,0.0469360351562
78047,0.0458068847656
78048,0.0419006347656
78049,0.0441589355469
78050,0.0412902832031
78051,0.0414733886719
78052,0.0424194335938
78053,0.0366516113281
78054,0.0
78055,0.00216293334961
78056,0.00421524047852
78057,0.00771713256836
78058,0.00863647460938
78059,0.0078125
78060,0.0177917480469
78061,0.0177764892578
78062,0.0186157226562
78063,0.0190582275391
78064,0.0199279785156
78065,0.0205993652344
78066,0.0215301513672
78067,0.0227813720703
78068,0.0250854492188
78069,0.0235595703125
78070,0.0248565673828
78071,0.0299072265625
78072,0.0304107666016
78073,0.0325927734375
78074,0.0382995605469
78075,0.0375061035156
78076,0.041015625
78077,0.040771484375
78078,0.0384216308594
78079,0.0369262695312
78080,0.0364379882812
78081,0.0369873046875
78082,0.0388488769531
78083,0.0368347167969
78084,0.0400085449219
78085,0.0411682128906
78086,0.0376281738281
78087,0.0337219238281
78088,0.0340576171875
78089,0.0332946777344
78090,0.0309906005859
78091,0.0308532714844
78092,0.0336303710938
78093,0.0321350097656
78094,0.0353698730469
78095,0.0354614257812
78096,0.033203125
78097,0.0325927734375
78098,0.03369140625
78099,0.0340881347656
78100,0.0345153808594
78101,0.03759765625
78102,0.0424194335938
78103,0.0393981933594
78104,0.0410766601562
78105,0.0414123535156
78106,0.0421142578125
78107,0.0405883789062
78108,0.0448303222656
78109,0.0457458496094
78110,0.0447692871094
78111,0.046142578125
78112,0.0490417480469
78113,0.0458068847656
78114,0.0439147949219
78115,0.0462036132812
78116,0.0457458496094
78117,0.0425109863281
78118,0.0
78119,0.00202560424805
78120,0.00400924682617
78121,0.00445938110352
78122,0.00500869750977
78123,0.0076904296875
78124,0.00616073608398
78125,0.00515365600586
78126,0.00704574584961
78127,0.00586318969727
78128,0.00605392456055
78129,0.00687026977539
78130,0.00738525390625
78131,0.00590896606445
78132,0.00584411621094
78133,0.00797271728516
78134,0.00955963134766
78135,0.00960540771484
78136,0.00935363769531
78137,0.0112228393555
78138,0.00988006591797
78139,0.00876617431641
78140,0.00994110107422
78141,0.0110549926758
78142,0.00901794433594
78143,0.0115509033203
78144,0.0111465454102
78145,0.0113525390625
78146,0.0119476318359
78147,0.0116958618164
78148,0.010368347168
78149,0.01171875
78150,0.0123748779297
78151,0.0172729492188
78152,0.0182952880859
78153,0.0152587890625
78154,0.0137481689453
78155,0.0135803222656
78156,0.0194549560547
78157,0.0162200927734
78158,0.0179443359375
78159,0.0234680175781
78160,0.0247344970703
78161,0.0133438110352
78162,0.0155792236328
78163,0.0150146484375
78164,0.0135192871094
78165,0.0167236328125
78166,0.0180358886719
78167,0.0173645019531
78168,0.0160217285156
78169,0.0197296142578
78170,0.0227966308594
78171,0.0265045166016
78172,0.0219879150391
78173,0.0210571289062
78174,0.0207214355469
78175,0.0293731689453
78176,0.0308532714844
78177,0.0274047851562
78178,0.0302581787109
78179,0.03173828125
78180,0.0288238525391
78181,0.0274963378906
78182,0.0
78183,0.00200653076172
78184,0.00312614440918
78185,0.00386238098145
78186,0.00473403930664
78187,0.00497436523438
78188,0.00489807128906
78189,0.00576400756836
78190,0.00577545166016
78191,0.00876617431641
78192,0.0084228515625
78193,0.0086669921875
78194,0.0107879638672
78195,0.0101318359375
78196,0.00885772705078
78197,0.00736236572266
78198,0.00777053833008
78199,0.00759506225586
78200,0.0108947753906
78201,0.00942230224609
78202,0.0193328857422
