4,0.0
5,0.0
6,0.0
7,0.0
8,0.0
9,0.0
10,0.0
11,0.0
12,0.0
13,0.0
14,0.0
15,0.0
16,0.0
17,0.0
18,0.0
19,0.0
20,0.0
21,0.0
22,0.0
23,0.0
24,0.0
25,0.0
26,0.0
27,0.0
28,0.0
29,0.0
30,0.0
31,0.0
32,0.0
33,0.0
34,0.0
35,0.0
36,0.0
37,0.0
38,0.0
39,0.0
40,0.0
41,0.0
42,0.0
43,0.0
44,0.0
45,0.0
46,0.0
47,0.0
48,0.0
49,0.0
50,0.0
51,0.0
52,0.0
53,0.0
54,0.0
55,0.0
56,0.0
57,0.0
58,0.0
59,0.0
60,0.0
61,0.0
62,0.0
63,0.0
64,0.0
65,0.0
66,0.0
67,0.0
68,0.0101318359375
69,0.0121612548828
70,0.0147552490234
71,0.0162506103516
72,0.0191192626953
73,0.0208892822266
74,0.0204315185547
75,0.0227355957031
76,0.0219116210938
77,0.0215454101562
78,0.0228118896484
79,0.0232238769531
80,0.02294921875
81,0.0225524902344
82,0.0233612060547
83,0.0223999023438
84,0.0233917236328
85,0.0209655761719
86,0.023681640625
87,0.0210266113281
88,0.0211029052734
89,0.0196838378906
90,0.0200958251953
91,0.0198211669922
92,0.0212554931641
93,0.0192565917969
94,0.0189514160156
95,0.0216064453125
96,0.02099609375
97,0.0202941894531
98,0.0206909179688
99,0.0190124511719
100,0.0214996337891
101,0.0192413330078
102,0.0201721191406
103,0.02099609375
104,0.0218505859375
105,0.0189819335938
106,0.0195617675781
107,0.0193939208984
108,0.02001953125
109,0.0202789306641
110,0.0205230712891
111,0.0194702148438
112,0.0190124511719
113,0.0199584960938
114,0.0210113525391
115,0.0224761962891
116,0.0220031738281
117,0.0240936279297
118,0.0256958007812
119,0.0252990722656
120,0.0239715576172
121,0.0216674804688
122,0.024169921875
123,0.0211181640625
124,0.0223541259766
125,0.0219421386719
126,0.0224151611328
127,0.0189056396484
128,0.0227966308594
129,0.0239562988281
130,0.025634765625
131,0.0
132,0.0204315185547
133,0.03564453125
134,0.0524597167969
135,0.0607604980469
136,0.0622863769531
137,0.0707397460938
138,0.0787353515625
139,0.0856323242188
140,0.084716796875
141,0.0809936523438
142,0.0760498046875
143,0.0787353515625
144,0.0789184570312
145,0.0830688476562
146,0.078125
147,0.0853271484375
148,0.07861328125
149,0.0791625976562
150,0.0855102539062
151,0.0849609375
152,0.0883178710938
153,0.0863647460938
154,0.0850830078125
155,0.0947265625
156,0.0924072265625
157,0.1005859375
158,0.098388671875
159,0.10205078125
160,0.090087890625
161,0.0891723632812
162,0.0831909179688
163,0.0958251953125
164,0.0912475585938
165,0.104187011719
166,0.0929565429688
167,0.0838623046875
168,0.0762939453125
169,0.0836791992188
170,0.0803833007812
171,0.0802001953125
172,0.082763671875
173,0.0765991210938
174,0.0804443359375
175,0.0768432617188
176,0.0823974609375
177,0.078369140625
178,0.08203125
179,0.0804443359375
180,0.0851440429688
181,0.0830688476562
182,0.0821533203125
183,0.081787109375
184,0.0858764648438
185,0.0941162109375
186,0.0912475585938
187,0.0853881835938
188,0.0858764648438
189,0.0809936523438
190,0.0812377929688
191,0.0853881835938
192,0.0831909179688
193,0.0810546875
194,0.0836181640625
195,0.0
196,0.0167846679688
197,0.0261688232422
198,0.0421447753906
199,0.0466613769531
200,0.0569763183594
201,0.0682373046875
202,0.0713500976562
203,0.0707397460938
204,0.0708618164062
205,0.0712890625
206,0.0753784179688
207,0.0740356445312
208,0.07861328125
209,0.0734252929688
210,0.074462890625
211,0.0812377929688
212,0.0823974609375
213,0.0857543945312
214,0.0833129882812
215,0.0818481445312
216,0.0841064453125
217,0.0859375
218,0.0784912109375
219,0.0867309570312
220,0.082275390625
221,0.0814208984375
222,0.0830078125
223,0.080078125
224,0.07861328125
225,0.0819702148438
226,0.0819091796875
227,0.0811157226562
228,0.075927734375
229,0.08056640625
230,0.0753784179688
231,0.078857421875
232,0.0775756835938
233,0.0824584960938
234,0.0797119140625
235,0.0823364257812
236,0.079833984375
237,0.0810546875
238,0.0768432617188
239,0.0830078125
240,0.0784301757812
241,0.0801391601562
242,0.078369140625
243,0.0794677734375
244,0.0809936523438
245,0.0840454101562
246,0.0811767578125
247,0.0845336914062
248,0.0821533203125
249,0.0828247070312
250,0.0794067382812
251,0.0864868164062
252,0.08349609375
253,0.08056640625
254,0.0862426757812
255,0.0851440429688
256,0.080810546875
257,0.078857421875
258,0.0774536132812
259,0.0
260,0.0188140869141
261,0.0264739990234
262,0.0403442382812
263,0.0454406738281
264,0.0492553710938
265,0.0509948730469
266,0.0594787597656
267,0.064453125
268,0.0684814453125
269,0.0697021484375
270,0.07080078125
271,0.0764770507812
272,0.07763671875
273,0.0685424804688
274,0.0722045898438
275,0.079833984375
276,0.078125
277,0.0767211914062
278,0.0745239257812
279,0.0772705078125
280,0.0755615234375
281,0.0750732421875
282,0.079833984375
283,0.080078125
284,0.085693359375
285,0.0812377929688
286,0.0820922851562
287,0.0818481445312
288,0.0805053710938
289,0.0775146484375
290,0.0761108398438
291,0.0750122070312
292,0.0738525390625
293,0.076416015625
294,0.0787963867188
295,0.0811157226562
296,0.0838012695312
297,0.0812377929688
298,0.0836181640625
299,0.0822143554688
300,0.085693359375
301,0.0855102539062
302,0.0908203125
303,0.087890625
304,0.0801391601562
305,0.0829467773438
306,0.0792846679688
307,0.0768432617188
308,0.0791625976562
309,0.084228515625
310,0.079833984375
311,0.0791015625
312,0.0795288085938
313,0.0828247070312
314,0.090576171875
315,0.0845336914062
316,0.0792846679688
317,0.0739135742188
318,0.0796508789062
319,0.0853881835938
320,0.0848999023438
321,0.091796875
322,0.0827026367188
323,0.0
324,0.0136642456055
325,0.0225219726562
326,0.0281524658203
327,0.0355224609375
328,0.0472412109375
329,0.0485229492188
330,0.0553283691406
331,0.0619506835938
332,0.0697631835938
333,0.0635375976562
334,0.0679931640625
335,0.0773315429688
336,0.0631103515625
337,0.0716552734375
338,0.0748291015625
339,0.0828857421875
340,0.0748901367188
341,0.0785522460938
342,0.0814208984375
343,0.0809326171875
344,0.0724487304688
345,0.078369140625
346,0.0806884765625
347,0.0881958007812
348,0.0872192382812
349,0.0863037109375
350,0.0828247070312
351,0.0892944335938
352,0.085693359375
353,0.078857421875
354,0.0830688476562
355,0.0765991210938
356,0.0827026367188
357,0.0885620117188
358,0.0826416015625
359,0.0757446289062
360,0.0812377929688
361,0.0809936523438
362,0.0806884765625
363,0.0845336914062
364,0.0845947265625
365,0.0794677734375
366,0.07763671875
367,0.0817260742188
368,0.0789184570312
369,0.0810546875
370,0.0781860351562
371,0.0805053710938
372,0.0737915039062
373,0.0771484375
374,0.0747680664062
375,0.0810546875
376,0.0802001953125
377,0.081298828125
378,0.0740356445312
379,0.077880859375
380,0.0761108398438
381,0.083984375
382,0.0823974609375
383,0.080322265625
384,0.0792236328125
385,0.0794067382812
386,0.0822143554688
387,0.0
388,0.0138549804688
389,0.0255432128906
390,0.034912109375
391,0.0453796386719
392,0.0398559570312
393,0.0471801757812
394,0.0494384765625
395,0.0572509765625
396,0.06005859375
397,0.0654296875
398,0.0680541992188
399,0.0669555664062
400,0.0616149902344
401,0.0631713867188
402,0.0633544921875
403,0.0662231445312
404,0.06494140625
405,0.0693359375
406,0.0679321289062
407,0.0691528320312
408,0.0718994140625
409,0.0795288085938
410,0.0765991210938
411,0.0772094726562
412,0.0790405273438
413,0.076416015625
414,0.0795288085938
415,0.0764770507812
416,0.0816650390625
417,0.0861206054688
418,0.0864868164062
419,0.092529296875
420,0.0923461914062
421,0.0985107421875
422,0.101684570312
423,0.0944213867188
424,0.096923828125
425,0.105102539062
426,0.09326171875
427,0.0929565429688
428,0.0918579101562
429,0.09033203125
430,0.0877685546875
431,0.0853881835938
432,0.0905151367188
433,0.0830078125
434,0.0869750976562
435,0.075439453125
436,0.0806884765625
437,0.0734252929688
438,0.070068359375
439,0.074951171875
440,0.0753173828125
441,0.0792236328125
442,0.0783081054688
443,0.0786743164062
444,0.0844116210938
445,0.0781860351562
446,0.0829467773438
447,0.0867919921875
448,0.0902099609375
449,0.0866088867188
450,0.09423828125
451,0.0
452,0.00927734375
453,0.0207824707031
454,0.0259094238281
455,0.0339660644531
456,0.0375061035156
457,0.0393371582031
458,0.049072265625
459,0.0568237304688
460,0.0538330078125
461,0.0609130859375
462,0.0654296875
463,0.0618896484375
464,0.072509765625
465,0.0801391601562
466,0.0744018554688
467,0.0692749023438
468,0.0731811523438
469,0.0733642578125
470,0.0743408203125
471,0.0714721679688
472,0.0723266601562
473,0.0725708007812
474,0.0719604492188
475,0.0752563476562
476,0.0709228515625
477,0.07373046875
478,0.0770263671875
479,0.0806274414062
480,0.0830078125
481,0.075439453125
482,0.0831298828125
483,0.0823974609375
484,0.0763549804688
485,0.0782470703125
486,0.0763549804688
487,0.0731201171875
488,0.0789794921875
489,0.075439453125
490,0.0803833007812
491,0.0777587890625
492,0.0771484375
493,0.0828857421875
494,0.0828247070312
495,0.092041015625
496,0.0921020507812
497,0.0918579101562
498,0.0888061523438
499,0.0905151367188
500,0.0762329101562
501,0.0824584960938
502,0.0778198242188
503,0.078369140625
504,0.078857421875
505,0.0773315429688
506,0.07275390625
507,0.0818481445312
508,0.0810546875
509,0.08837890625
510,0.0751953125
511,0.0756225585938
512,0.0750122070312
513,0.0768432617188
514,0.081298828125
515,0.0
516,0.0148849487305
517,0.0225067138672
518,0.037353515625
519,0.0406188964844
520,0.0489501953125
521,0.0419006347656
522,0.0524291992188
523,0.0578002929688
524,0.0513305664062
525,0.0569152832031
526,0.0639038085938
527,0.0651245117188
528,0.0600891113281
529,0.0698852539062
530,0.0670776367188
531,0.0614318847656
532,0.0633544921875
533,0.072998046875
534,0.0758056640625
535,0.0791625976562
536,0.0817260742188
537,0.0885620117188
538,0.0849609375
539,0.0881958007812
540,0.0927734375
541,0.0972290039062
542,0.0902099609375
543,0.0889282226562
544,0.0841064453125
545,0.0778198242188
546,0.0748901367188
547,0.0818481445312
548,0.07177734375
549,0.0838012695312
550,0.0860595703125
551,0.0852661132812
552,0.0877075195312
553,0.0861206054688
554,0.0888671875
555,0.088623046875
556,0.102783203125
557,0.104614257812
558,0.0957641601562
559,0.105407714844
560,0.103576660156
561,0.10888671875
562,0.0963745117188
563,0.101745605469
564,0.0985107421875
565,0.0901489257812
566,0.0839233398438
567,0.0979614257812
568,0.102905273438
569,0.096923828125
570,0.0988159179688
571,0.0796508789062
572,0.0932006835938
573,0.0888671875
574,0.0912475585938
575,0.100952148438
576,0.0940551757812
577,0.0836791992188
578,0.0853881835938
579,0.0
580,0.0102386474609
581,0.0242614746094
582,0.0402221679688
583,0.0385437011719
584,0.0464172363281
585,0.0429077148438
586,0.0526123046875
587,0.0541381835938
588,0.0539245605469
589,0.0544128417969
590,0.064697265625
591,0.0665283203125
592,0.0723266601562
593,0.0751342773438
594,0.0767211914062
595,0.0739135742188
596,0.0652465820312
597,0.0711669921875
598,0.0617980957031
599,0.0577087402344
600,0.0659790039062
601,0.0670166015625
602,0.0714721679688
603,0.0697631835938
604,0.0720825195312
605,0.0696411132812
606,0.0703125
607,0.0724487304688
608,0.0656127929688
609,0.0691528320312
610,0.072998046875
611,0.0765991210938
612,0.0797119140625
613,0.0770874023438
614,0.0698852539062
615,0.0726928710938
616,0.0716552734375
617,0.0812377929688
618,0.0799560546875
619,0.0939331054688
620,0.0936889648438
621,0.0955200195312
622,0.0997924804688
623,0.104248046875
624,0.10009765625
625,0.0992431640625
626,0.105224609375
627,0.102111816406
628,0.111389160156
629,0.099853515625
630,0.107360839844
631,0.104797363281
632,0.100646972656
633,0.117370605469
634,0.1162109375
635,0.118896484375
636,0.118286132812
637,0.121154785156
638,0.120971679688
639,0.107482910156
640,0.0995483398438
641,0.09912109375
642,0.0966796875
643,0.0
644,0.0131988525391
645,0.0190887451172
646,0.0285339355469
647,0.0325012207031
648,0.0301055908203
649,0.0459899902344
650,0.0477294921875
651,0.0511169433594
652,0.061767578125
653,0.0546264648438
654,0.0636596679688
655,0.0648803710938
656,0.0650024414062
657,0.07421875
658,0.0680541992188
659,0.0765991210938
660,0.0785522460938
661,0.0779418945312
662,0.0684814453125
663,0.0768432617188
664,0.0745849609375
665,0.072998046875
666,0.0810546875
667,0.0838623046875
668,0.0761108398438
669,0.0760498046875
670,0.0735473632812
671,0.0839233398438
672,0.0825805664062
673,0.0863037109375
674,0.0858154296875
675,0.0794677734375
676,0.0758056640625
677,0.0697021484375
678,0.0798950195312
679,0.0878295898438
680,0.09619140625
681,0.0908813476562
682,0.10107421875
683,0.104187011719
684,0.0866088867188
685,0.08984375
686,0.0888671875
687,0.0979614257812
688,0.09423828125
689,0.0890502929688
690,0.0968017578125
691,0.08056640625
692,0.0806274414062
693,0.0927124023438
694,0.0867919921875
695,0.0897216796875
696,0.0949096679688
697,0.093505859375
698,0.0809936523438
699,0.0858154296875
700,0.0896606445312
701,0.093017578125
702,0.09619140625
703,0.0922241210938
704,0.0963745117188
705,0.0955200195312
706,0.0880737304688
707,0.0
708,0.00925445556641
709,0.0214538574219
710,0.0320434570312
711,0.0365295410156
712,0.0410461425781
713,0.0429992675781
714,0.0430908203125
715,0.0455932617188
716,0.0525512695312
717,0.0570373535156
718,0.0641479492188
719,0.0657348632812
720,0.0712890625
721,0.0738525390625
722,0.0861206054688
723,0.0771484375
724,0.0870361328125
725,0.0941162109375
726,0.0803833007812
727,0.08349609375
728,0.077880859375
729,0.0828857421875
730,0.0850219726562
731,0.0765991210938
732,0.0830078125
733,0.0824584960938
734,0.0919189453125
735,0.0967407226562
736,0.101257324219
737,0.0892333984375
738,0.0963134765625
739,0.0785522460938
740,0.0751342773438
741,0.084716796875
742,0.0795288085938
743,0.0985717773438
744,0.0977783203125
745,0.102600097656
746,0.0974731445312
747,0.09765625
748,0.0771484375
749,0.08349609375
750,0.087158203125
751,0.0977172851562
752,0.0850219726562
753,0.0885009765625
754,0.0947265625
755,0.0921020507812
756,0.0956420898438
757,0.105529785156
758,0.109069824219
759,0.102966308594
760,0.104248046875
761,0.0836791992188
762,0.0833740234375
763,0.0888061523438
764,0.101684570312
765,0.100891113281
766,0.106872558594
767,0.10693359375
768,0.115539550781
769,0.115905761719
770,0.119934082031
771,0.0
772,0.0101547241211
773,0.0145416259766
774,0.0252838134766
775,0.035888671875
776,0.0423889160156
777,0.0505065917969
778,0.0592346191406
779,0.06787109375
780,0.0746459960938
781,0.0831298828125
782,0.0694580078125
783,0.066650390625
784,0.0751342773438
786,0.0888061523438
787,0.0982666015625
788,0.0953979492188
789,0.092041015625
790,0.101928710938
791,0.106140136719
792,0.0999755859375
793,0.107055664062
794,0.107177734375
795,0.113342285156
796,0.104431152344
797,0.0903930664062
798,0.107482910156
799,0.102966308594
800,0.115966796875
801,0.100830078125
802,0.105102539062
803,0.098388671875
804,0.101501464844
805,0.112670898438
806,0.106262207031
807,0.124633789062
808,0.123413085938
809,0.130249023438
810,0.131591796875
811,0.102233886719
812,0.100158691406
813,0.108032226562
814,0.115478515625
815,0.106079101562
816,0.112365722656
817,0.112365722656
818,0.117797851562
819,0.100769042969
820,0.101501464844
821,0.0929565429688
822,0.093994140625
823,0.0891723632812
824,0.0888061523438
825,0.105407714844
826,0.0961303710938
827,0.091064453125
828,0.100952148438
829,0.104431152344
830,0.116149902344
831,0.110778808594
832,0.109252929688
833,0.114318847656
834,0.1142578125
835,0.116638183594
836,0.0
837,0.0151977539062
838,0.0279083251953
839,0.0439147949219
840,0.044189453125
841,0.0528259277344
842,0.0479125976562
843,0.0486755371094
844,0.0461120605469
845,0.0465087890625
846,0.0559692382812
847,0.0608825683594
848,0.0578002929688
849,0.065673828125
850,0.0650634765625
851,0.07080078125
852,0.0714721679688
853,0.0718383789062
854,0.0801391601562
855,0.0835571289062
856,0.0845947265625
857,0.093994140625
858,0.0799560546875
859,0.0772094726562
860,0.0783081054688
861,0.0845947265625
862,0.0841064453125
863,0.0845947265625
864,0.0877075195312
865,0.080322265625
866,0.0813598632812
867,0.0896606445312
868,0.0907592773438
869,0.0874633789062
870,0.095703125
871,0.086669921875
872,0.0828857421875
873,0.0795288085938
874,0.0874633789062
875,0.0889282226562
876,0.08544921875
877,0.0883178710938
878,0.100036621094
879,0.09619140625
880,0.09423828125
881,0.101928710938
882,0.0983276367188
883,0.103942871094
884,0.110290527344
885,0.111267089844
886,0.105102539062
887,0.0975341796875
888,0.0888671875
889,0.0843505859375
890,0.0821533203125
891,0.0963745117188
892,0.0916748046875
893,0.094970703125
894,0.0941772460938
895,0.0957641601562
896,0.0894165039062
897,0.092041015625
898,0.0909423828125
899,0.104675292969
900,0.0
901,0.0114517211914
902,0.0210418701172
903,0.0289001464844
904,0.040283203125
905,0.04736328125
906,0.0491333007812
907,0.0521850585938
908,0.05126953125
909,0.0633544921875
910,0.069580078125
911,0.0775756835938
912,0.0784912109375
913,0.0814819335938
914,0.0875854492188
915,0.0799560546875
916,0.088623046875
917,0.0873413085938
918,0.0845336914062
919,0.0906372070312
920,0.100708007812
921,0.0986328125
922,0.10009765625
923,0.091552734375
924,0.100952148438
925,0.102966308594
926,0.108032226562
927,0.100280761719
928,0.101928710938
929,0.10546875
930,0.10009765625
931,0.0986328125
932,0.109069824219
933,0.113708496094
934,0.0968017578125
935,0.095947265625
936,0.0921020507812
937,0.1005859375
938,0.104797363281
939,0.102172851562
940,0.0936279296875
941,0.0955200195312
942,0.0911254882812
943,0.088623046875
944,0.091552734375
945,0.0968627929688
946,0.1025390625
947,0.0989379882812
948,0.103576660156
949,0.098388671875
950,0.10302734375
951,0.103332519531
952,0.109558105469
953,0.116333007812
954,0.109252929688
955,0.098876953125
956,0.112854003906
957,0.117614746094
958,0.109802246094
959,0.106262207031
960,0.0979614257812
961,0.104736328125
962,0.101501464844
963,0.102661132812
964,0.0
965,0.0137481689453
966,0.0305328369141
967,0.0333557128906
968,0.0362243652344
969,0.0425720214844
970,0.0451049804688
971,0.0492858886719
972,0.0535583496094
973,0.0608215332031
974,0.0614929199219
975,0.0685424804688
976,0.0694580078125
977,0.06884765625
978,0.0684814453125
979,0.0697631835938
980,0.0728759765625
981,0.0789184570312
982,0.0755004882812
983,0.076416015625
984,0.0791015625
985,0.0797729492188
986,0.0833129882812
987,0.0809326171875
988,0.0861206054688
989,0.0899047851562
990,0.0905151367188
991,0.0858154296875
992,0.0859985351562
993,0.0858154296875
994,0.090576171875
995,0.087158203125
996,0.0831909179688
997,0.0922241210938
998,0.0872802734375
999,0.0972290039062
1000,0.0899658203125
1001,0.0875244140625
1002,0.0833740234375
1003,0.0867309570312
1004,0.0902099609375
1005,0.087646484375
1006,0.0787353515625
1007,0.0823974609375
1008,0.0841064453125
1009,0.0883178710938
1010,0.0875854492188
1011,0.0892944335938
1012,0.0784912109375
1013,0.0813598632812
1014,0.0860595703125
1015,0.0853271484375
1016,0.0863647460938
1017,0.0949096679688
1018,0.0941162109375
1019,0.0940551757812
1020,0.0989379882812
1021,0.100280761719
1022,0.09423828125
1023,0.101623535156
1024,0.0958862304688
1025,0.0967407226562
1026,0.0978393554688
1027,0.103332519531
1028,0.0
1029,0.0121459960938
1030,0.0223236083984
1031,0.0298614501953
1032,0.0391540527344
1033,0.0434875488281
1034,0.0511779785156
1035,0.0555419921875
1036,0.0579833984375
1037,0.0619201660156
1038,0.0677490234375
1039,0.0698852539062
1040,0.066162109375
1041,0.0682983398438
1042,0.0678100585938
1043,0.0648193359375
1044,0.0723876953125
1045,0.0708618164062
1046,0.0703125
1047,0.0768432617188
1048,0.0797729492188
1049,0.07666015625
1050,0.081298828125
1051,0.0758056640625
1052,0.0775146484375
1053,0.0778198242188
1054,0.07763671875
1055,0.0802001953125
1056,0.0869140625
1057,0.0809936523438
1058,0.078857421875
1059,0.0808715820312
1060,0.0829467773438
1061,0.0910034179688
1062,0.0934448242188
1063,0.0957641601562
1064,0.0946655273438
1065,0.0919799804688
1066,0.0843505859375
1067,0.0865478515625
1068,0.0901489257812
1069,0.08642578125
1070,0.0812377929688
1071,0.0797119140625
1072,0.0872802734375
1073,0.088623046875
1074,0.0853881835938
1075,0.0906982421875
1076,0.08935546875
1077,0.0827026367188
1078,0.086181640625
1079,0.0904541015625
1080,0.0974731445312
1081,0.0908203125
1082,0.0948486328125
1083,0.100402832031
1084,0.097900390625
1085,0.0811157226562
1086,0.0883178710938
1087,0.0936889648438
1088,0.08203125
1089,0.0825805664062
1090,0.0806884765625
1091,0.0818481445312
1092,0.0
1093,0.00971221923828
1094,0.0153198242188
1095,0.0267333984375
1096,0.0301818847656
1097,0.0357666015625
1098,0.04345703125
1099,0.0503540039062
1100,0.0494689941406
1101,0.0566711425781
1102,0.0656127929688
1103,0.0674438476562
1104,0.069091796875
1105,0.0697631835938
1106,0.0746459960938
1107,0.0735473632812
1108,0.0722045898438
1109,0.0747680664062
1110,0.0786743164062
1111,0.0818481445312
1112,0.0806884765625
1113,0.0814208984375
1114,0.0713500976562
1115,0.0742797851562
1116,0.0770874023438
1117,0.0728759765625
1118,0.0753173828125
1119,0.0801391601562
1120,0.0803833007812
1121,0.07421875
1122,0.0744018554688
1123,0.0731201171875
1124,0.08203125
1125,0.084228515625
1126,0.092041015625
1127,0.0925903320312
1128,0.0868530273438
1129,0.0800170898438
1130,0.08447265625
1131,0.0851440429688
1132,0.0816040039062
1133,0.0800170898438
1134,0.0734252929688
1135,0.08203125
1136,0.0767211914062
1137,0.076171875
1138,0.0842895507812
1139,0.0849609375
1140,0.08837890625
1141,0.09130859375
1142,0.0966186523438
1143,0.088134765625
1144,0.0955200195312
1145,0.0916137695312
1146,0.093505859375
1147,0.09716796875
1148,0.101135253906
1149,0.094970703125
1150,0.0888061523438
1151,0.0907592773438
1152,0.0945434570312
1153,0.0933837890625
1154,0.0950317382812
1155,0.0988159179688
1156,0.0
1157,0.0102081298828
1158,0.0155258178711
1159,0.0278015136719
1160,0.0362243652344
1161,0.0402526855469
1162,0.0482177734375
1163,0.056396484375
1164,0.0665283203125
1165,0.06494140625
1166,0.067138671875
1167,0.0751342773438
1168,0.0721435546875
1169,0.0742797851562
1170,0.0742797851562
1171,0.0773315429688
1172,0.0739135742188
1173,0.0774536132812
1174,0.0825805664062
1175,0.075439453125
1176,0.0781860351562
1177,0.0763549804688
1178,0.084716796875
1179,0.0941162109375
1180,0.0891723632812
1181,0.0892333984375
1182,0.0906982421875
1183,0.0936889648438
1184,0.085205078125
1185,0.0850219726562
1186,0.081298828125
1187,0.076904296875
1188,0.0792236328125
1189,0.0795288085938
1190,0.0841064453125
1191,0.0811767578125
1192,0.080810546875
1193,0.0880737304688
1194,0.0896606445312
1195,0.0856323242188
1196,0.0757446289062
1197,0.086669921875
1198,0.082763671875
1199,0.0847778320312
1200,0.0746459960938
1201,0.0796508789062
1202,0.0867309570312
1203,0.0848999023438
1204,0.0887451171875
1205,0.08154296875
1206,0.0838012695312
1207,0.0896606445312
1208,0.0970458984375
1209,0.103881835938
1210,0.10546875
1211,0.0919799804688
1212,0.09716796875
1213,0.0910034179688
1214,0.08642578125
1215,0.0863647460938
1216,0.0904541015625
1217,0.0845336914062
1218,0.090087890625
1219,0.08642578125
1220,0.0
1221,0.0134963989258
1222,0.0239868164062
1223,0.0308685302734
1224,0.0416564941406
1225,0.0490417480469
1226,0.0511169433594
1227,0.0488586425781
1228,0.0531005859375
1229,0.0508728027344
1230,0.0550537109375
1231,0.053955078125
1232,0.0563659667969
1233,0.065185546875
1234,0.072265625
1235,0.07080078125
1236,0.073486328125
1237,0.078857421875
1238,0.0741577148438
1239,0.078857421875
1240,0.0752563476562
1241,0.0856323242188
1242,0.0870971679688
1243,0.0796508789062
1244,0.0739135742188
1245,0.083251953125
1246,0.0780639648438
1247,0.0769653320312
1248,0.0789184570312
1249,0.0829467773438
1250,0.0880737304688
1251,0.0839233398438
1252,0.0933227539062
1253,0.0897216796875
1254,0.0906372070312
1255,0.094482421875
1256,0.091552734375
1257,0.0941162109375
1258,0.0902099609375
1259,0.089111328125
1260,0.0967407226562
1261,0.0946655273438
1262,0.0935668945312
1263,0.084228515625
1264,0.0819091796875
1265,0.0757446289062
1266,0.0814208984375
1267,0.0816040039062
1268,0.0758666992188
1269,0.0829467773438
1270,0.0800170898438
1271,0.0764770507812
1272,0.0823974609375
1273,0.0701904296875
1274,0.0799560546875
1275,0.0784912109375
1276,0.08251953125
1277,0.0755615234375
1278,0.0758666992188
1279,0.0729370117188
1280,0.0791015625
1281,0.081787109375
1282,0.090087890625
1283,0.0914306640625
1284,0.0
1285,0.012336730957
1286,0.0200958251953
1287,0.0301513671875
1288,0.0407409667969
1289,0.0401000976562
1290,0.0513610839844
1291,0.0507507324219
1292,0.0555114746094
1293,0.0615844726562
1294,0.061767578125
1295,0.0626831054688
1296,0.0625610351562
1297,0.0624084472656
1298,0.0657958984375
1299,0.0728149414062
1300,0.0689697265625
1301,0.07421875
1302,0.0729370117188
1303,0.0723876953125
1304,0.0759887695312
1305,0.07373046875
1306,0.0712280273438
1307,0.077392578125
1308,0.0760498046875
1309,0.0713500976562
1310,0.07470703125
1311,0.0772705078125
1312,0.0730590820312
1313,0.0767211914062
1314,0.0773315429688
1315,0.0814819335938
1316,0.0845336914062
1317,0.0924682617188
1318,0.090087890625
1319,0.0941772460938
1320,0.0910034179688
1321,0.0890502929688
1322,0.0912475585938
1323,0.0852661132812
1324,0.0899047851562
1325,0.095703125
1326,0.09326171875
1327,0.0892333984375
1328,0.0874633789062
1329,0.0869140625
1330,0.0823974609375
1331,0.0762329101562
1332,0.0714721679688
1333,0.0778198242188
1334,0.0724487304688
1335,0.0819091796875
1336,0.0867919921875
1337,0.0869750976562
1338,0.0829467773438
1339,0.0773315429688
1340,0.087646484375
1341,0.0899658203125
1342,0.0845336914062
1343,0.0792846679688
1344,0.0833740234375
1345,0.0764770507812
1346,0.0816040039062
1347,0.081787109375
1348,0.0
1349,0.00811767578125
1350,0.0173492431641
1351,0.0332641601562
1352,0.0420837402344
1353,0.050537109375
1354,0.0537109375
1355,0.0510864257812
1356,0.0592651367188
1357,0.0682373046875
1358,0.0751953125
1359,0.0636596679688
1360,0.056884765625
1361,0.0563354492188
1362,0.0560302734375
1363,0.0629272460938
1364,0.0662841796875
1365,0.068603515625
1366,0.068603515625
1367,0.0654296875
1368,0.06884765625
1369,0.0730590820312
1370,0.07373046875
1371,0.079833984375
1372,0.0805053710938
1373,0.0809936523438
1374,0.0773315429688
1375,0.0802001953125
1376,0.0852661132812
1377,0.0773315429688
1378,0.0827026367188
1379,0.0867309570312
1380,0.0761108398438
1381,0.0750732421875
1382,0.0698852539062
1383,0.073486328125
1384,0.0761108398438
1385,0.08154296875
1386,0.08544921875
1387,0.0934448242188
1388,0.0881958007812
1389,0.0768432617188
1390,0.0883178710938
1391,0.0906982421875
1392,0.086669921875
1393,0.0897216796875
1394,0.0950927734375
1395,0.0924682617188
1396,0.096923828125
1397,0.0866088867188
1398,0.0794067382812
1399,0.088623046875
1400,0.084716796875
1401,0.0736083984375
1402,0.0806884765625
1403,0.0825805664062
1404,0.0855712890625
1405,0.0885009765625
1406,0.0964965820312
1407,0.0833129882812
1408,0.0798950195312
1409,0.0828857421875
1410,0.0872192382812
1411,0.0902099609375
1412,0.0
1413,0.0118560791016
1414,0.0222930908203
1415,0.0341796875
1416,0.0399169921875
1417,0.0533447265625
1418,0.0549926757812
1419,0.0609436035156
1420,0.0697021484375
1421,0.0580444335938
1422,0.0726318359375
1423,0.0567626953125
1424,0.0634765625
1425,0.0700073242188
1426,0.0798950195312
1427,0.0872802734375
1428,0.08935546875
1429,0.091796875
1430,0.0824584960938
1431,0.074951171875
1432,0.0892333984375
1433,0.0880737304688
1434,0.0769653320312
1435,0.0744018554688
1436,0.08203125
1437,0.0940551757812
1438,0.0911865234375
1439,0.0881958007812
1440,0.0925903320312
1441,0.0933227539062
1442,0.0758056640625
1443,0.0829467773438
1444,0.0789184570312
1445,0.0855712890625
1446,0.0848999023438
1447,0.0966186523438
1448,0.083984375
1449,0.082275390625
1450,0.0941162109375
1451,0.087890625
1452,0.0946655273438
1453,0.0960693359375
1454,0.102233886719
1455,0.101257324219
1456,0.106567382812
1457,0.106750488281
1458,0.0963745117188
1459,0.102294921875
1460,0.095458984375
1461,0.0779418945312
1462,0.0900268554688
1463,0.0792236328125
1464,0.0853271484375
1465,0.0870971679688
1466,0.0938720703125
1467,0.0820922851562
1468,0.0830688476562
1469,0.0784301757812
1470,0.0762939453125
1471,0.076416015625
1472,0.0859985351562
1473,0.0758056640625
1474,0.078369140625
1475,0.0840454101562
1476,0.0
1477,0.00728607177734
1478,0.015869140625
1479,0.0245513916016
1480,0.0276794433594
1481,0.03466796875
1482,0.0368347167969
1483,0.0465087890625
1484,0.0417175292969
1485,0.0482788085938
1486,0.0482482910156
1487,0.0492553710938
1488,0.0555114746094
1489,0.0595397949219
1490,0.06689453125
1491,0.0675048828125
1492,0.0662841796875
1493,0.074951171875
1494,0.077392578125
1495,0.0689697265625
1496,0.0701293945312
1497,0.0708618164062
1498,0.0734252929688
1499,0.0774536132812
1500,0.0723876953125
1501,0.0748291015625
1502,0.0704956054688
1503,0.0772094726562
1504,0.0730590820312
1505,0.0802001953125
1506,0.0844116210938
1507,0.0886840820312
1508,0.083740234375
1509,0.0770874023438
1510,0.0770874023438
1511,0.07861328125
1512,0.0835571289062
1513,0.0772094726562
1514,0.0785522460938
1515,0.0808715820312
1516,0.0943603515625
1517,0.0867919921875
1518,0.0843505859375
1519,0.0809936523438
1520,0.079345703125
1521,0.084716796875
1522,0.0828857421875
1523,0.082763671875
1524,0.0763549804688
1525,0.071533203125
1526,0.0721435546875
1527,0.0684814453125
1528,0.0745239257812
1529,0.0780639648438
1530,0.0769653320312
1531,0.0846557617188
1532,0.0828247070312
1533,0.0787353515625
1534,0.0853881835938
1535,0.0831298828125
1536,0.0908203125
1537,0.0769653320312
1538,0.0838012695312
1539,0.0853271484375
1540,0.0
1541,0.00897979736328
1542,0.0148239135742
1543,0.0236511230469
1544,0.0339965820312
1545,0.0452880859375
1546,0.0605773925781
1547,0.0703125
1548,0.0807495117188
1549,0.0849609375
1550,0.0806884765625
1551,0.0703735351562
1552,0.0806884765625
1553,0.0843505859375
1554,0.0808715820312
1555,0.0659790039062
1556,0.0540771484375
1557,0.0654296875
1558,0.0626831054688
1559,0.0625
1560,0.0676879882812
1561,0.0720825195312
1562,0.0682373046875
1563,0.0706176757812
38319,0.0316162109375
38320,0.0325012207031
38322,0.0298461914062
38323,0.0298156738281
38324,0.0
38325,0.00075101852417
38326,0.00129318237305
38327,0.00286674499512
38328,0.00234413146973
38329,0.00342750549316
38330,0.00346183776855
38331,0.00302124023438
38332,0.00385665893555
38333,0.00352478027344
38334,0.00420379638672
38335,0.00399017333984
38336,0.00373649597168
38337,0.00521469116211
38338,0.0069465637207
38339,0.00751495361328
38340,0.00779342651367
38341,0.00740051269531
38342,0.00820159912109
38343,0.00741958618164
38344,0.00788116455078
38345,0.00737380981445
38346,0.00736999511719
38347,0.00556945800781
38348,0.00757217407227
38349,0.00745391845703
38350,0.00959777832031
38351,0.0155258178711
38352,0.0147399902344
38353,0.0155563354492
38354,0.0152893066406
38355,0.0153350830078
38356,0.0155868530273
38357,0.0156555175781
38358,0.01416015625
38359,0.0151519775391
38360,0.0157165527344
38361,0.0152587890625
38362,0.0157928466797
38363,0.0167846679688
38364,0.0160522460938
38365,0.0163421630859
38366,0.0161895751953
38367,0.0178070068359
38368,0.0193634033203
38369,0.0287322998047
38370,0.0281829833984
38371,0.0228271484375
38372,0.0233154296875
38373,0.0245666503906
38374,0.0236663818359
38375,0.0245513916016
38376,0.0224914550781
38377,0.0240936279297
38378,0.0242614746094
38379,0.0253448486328
38380,0.0238037109375
38381,0.0239562988281
38382,0.0227661132812
38383,0.0224151611328
38384,0.0230712890625
38385,0.0221862792969
38386,0.0229644775391
38387,0.0224914550781
38388,0.0
38389,0.000372886657715
38390,0.00097131729126
38391,0.00162315368652
38392,0.00325584411621
38393,0.0041389465332
38394,0.00494384765625
38395,0.00363540649414
38396,0.00659942626953
38397,0.00857543945312
38398,0.00696563720703
38399,0.00680160522461
38400,0.011589050293
38401,0.0122146606445
38402,0.013427734375
38403,0.0138626098633
38404,0.0139541625977
38405,0.0133438110352
38406,0.0131149291992
38407,0.0229797363281
38408,0.0205688476562
38409,0.0227966308594
38410,0.0221710205078
38411,0.0225982666016
38412,0.0218200683594
38413,0.0214691162109
38414,0.0214538574219
38415,0.0220642089844
38416,0.0252990722656
38417,0.0256652832031
38418,0.0279998779297
38419,0.0273742675781
38420,0.0282440185547
38421,0.0297546386719
38422,0.0238494873047
38423,0.0243225097656
38424,0.0243530273438
38425,0.0237884521484
38426,0.0232391357422
38427,0.0261383056641
38428,0.0264282226562
38429,0.0274505615234
38430,0.0270233154297
38431,0.0275726318359
38432,0.0265045166016
38433,0.0250244140625
38434,0.0268402099609
38435,0.0255737304688
38436,0.0245208740234
38437,0.0270385742188
38438,0.0234680175781
38439,0.0234375
38440,0.0241241455078
38441,0.0369262695312
38442,0.0381469726562
38443,0.0333557128906
38444,0.0325317382812
38445,0.0326232910156
38446,0.0325012207031
38447,0.0328369140625
38448,0.0498046875
38449,0.0459594726562
38450,0.0464477539062
38451,0.0453796386719
38452,0.0
38453,0.000295639038086
38454,0.000258684158325
38455,0.00162124633789
38456,0.0022029876709
38457,0.00409698486328
38458,0.00378227233887
38459,0.00460815429688
38460,0.00511169433594
38461,0.00511169433594
38462,0.0067138671875
38463,0.00830078125
38464,0.00736236572266
38465,0.0102844238281
38466,0.0084228515625
38467,0.00874328613281
38468,0.00895690917969
38469,0.00995635986328
38470,0.00921630859375
38471,0.00830841064453
38472,0.0106353759766
38473,0.00978088378906
38474,0.0111083984375
38475,0.0110931396484
38476,0.0119934082031
38477,0.00682067871094
38478,0.00712203979492
38479,0.00672912597656
38480,0.00572204589844
38481,0.00825500488281
38482,0.00798797607422
38483,0.00974273681641
38484,0.0070686340332
38485,0.00910186767578
38486,0.00882720947266
38487,0.00958251953125
38488,0.00950622558594
38489,0.00952911376953
38490,0.0102081298828
38491,0.0122299194336
38492,0.0126876831055
38493,0.0131454467773
38494,0.0159149169922
38495,0.015007019043
38496,0.0150680541992
38497,0.0113830566406
38498,0.0108871459961
38499,0.0166778564453
38500,0.0122299194336
38501,0.0130157470703
38502,0.0135269165039
38503,0.0128326416016
38504,0.0294342041016
38505,0.0292205810547
38506,0.03076171875
38507,0.0299530029297
38508,0.0294036865234
38509,0.0299530029297
38510,0.0286712646484
38511,0.0281829833984
38512,0.0228271484375
38513,0.0256195068359
38514,0.0273742675781
38515,0.030517578125
38516,0.0
38517,0.000160098075867
38518,0.000184774398804
38519,0.00349235534668
38520,0.00509643554688
38521,0.00462341308594
38522,0.0050048828125
38523,0.005126953125
38524,0.00592041015625
38525,0.00634002685547
38526,0.00652313232422
38527,0.00638961791992
38528,0.00615310668945
38529,0.00486755371094
38530,0.00580215454102
38531,0.00675201416016
38532,0.00676727294922
38533,0.00815582275391
38534,0.00910186767578
38535,0.00784301757812
38536,0.00849914550781
38537,0.00934600830078
38538,0.0100631713867
38539,0.00657272338867
38540,0.00899505615234
38541,0.00926208496094
38542,0.010871887207
38543,0.0109710693359
38544,0.011116027832
38545,0.0174102783203
38546,0.0178985595703
38547,0.0181121826172
38548,0.0193023681641
38549,0.0172576904297
38550,0.0167236328125
38551,0.0182342529297
38552,0.0181427001953
38553,0.0183258056641
38554,0.0291748046875
38555,0.0274963378906
38556,0.0273590087891
38557,0.0282287597656
38558,0.0268249511719
38559,0.0260467529297
38560,0.0255432128906
38561,0.0245513916016
38562,0.0247650146484
38563,0.0255279541016
38564,0.0263671875
38565,0.0261688232422
38566,0.0293121337891
38567,0.0284576416016
38568,0.0288238525391
38569,0.0272521972656
38570,0.0277099609375
38571,0.0286560058594
38572,0.0284576416016
38573,0.0290374755859
38574,0.0306549072266
38575,0.0288848876953
38576,0.0252075195312
38577,0.0269012451172
38578,0.0290069580078
38579,0.0281677246094
38580,0.0
38581,0.00453567504883
38582,0.00464248657227
38583,0.00560760498047
38584,0.00771713256836
38585,0.00703811645508
38586,0.00855255126953
38587,0.00636672973633
38588,0.0068244934082
38589,0.00639724731445
38590,0.00640487670898
38591,0.00718307495117
38592,0.0106735229492
38593,0.0104675292969
38594,0.00907135009766
38595,0.00981903076172
38596,0.00656127929688
38597,0.00797271728516
38598,0.00849151611328
38599,0.00861358642578
38600,0.00800323486328
38601,0.0118179321289
38602,0.010383605957
38603,0.00843811035156
38604,0.00898742675781
38605,0.0217895507812
38606,0.0193786621094
38607,0.0188446044922
38608,0.0180053710938
38609,0.0183410644531
38610,0.0206451416016
38611,0.0209655761719
38612,0.01904296875
38613,0.0194854736328
38614,0.0188446044922
38615,0.0189971923828
38616,0.0181274414062
38617,0.0207366943359
38618,0.020263671875
38619,0.0178527832031
38620,0.0153045654297
38621,0.015869140625
38622,0.0153350830078
38623,0.0155181884766
38624,0.0143737792969
38625,0.0187072753906
38626,0.0226440429688
38627,0.0248107910156
38628,0.0218658447266
38629,0.02099609375
38630,0.0179595947266
38631,0.0145950317383
38632,0.0175018310547
38633,0.0144119262695
38634,0.0177459716797
38635,0.0160064697266
38636,0.0163879394531
38637,0.0185089111328
38638,0.0185241699219
38639,0.0185241699219
38640,0.0187225341797
38641,0.0176849365234
38642,0.0164031982422
38643,0.0150680541992
38644,0.0
38645,0.000456571578979
38646,0.00032377243042
38647,0.00173854827881
38648,0.00441741943359
38649,0.00473022460938
38650,0.00497817993164
38651,0.00617599487305
38652,0.00647354125977
38653,0.00788116455078
38654,0.00900268554688
38655,0.00950622558594
38656,0.00843048095703
38657,0.0109710693359
38658,0.00994873046875
38659,0.0133590698242
38660,0.0143280029297
38661,0.0116500854492
38662,0.0125350952148
38663,0.0124053955078
38664,0.0135345458984
38665,0.0143661499023
38666,0.0136642456055
38667,0.0135803222656
38668,0.0129470825195
38669,0.0135345458984
38670,0.0131454467773
38671,0.0230102539062
38672,0.0219268798828
38673,0.0225524902344
38674,0.0217132568359
38675,0.0216064453125
38676,0.0270538330078
38677,0.0276184082031
38678,0.0282897949219
38679,0.0268402099609
38680,0.0276336669922
38681,0.0281219482422
38682,0.0252532958984
38683,0.0252838134766
38684,0.0251159667969
38685,0.0258483886719
38686,0.0252838134766
38687,0.0276794433594
38688,0.0274047851562
38689,0.0281219482422
38690,0.0277252197266
38691,0.0289306640625
38692,0.029541015625
38693,0.0295562744141
38694,0.0326843261719
38695,0.031982421875
38696,0.0338134765625
38697,0.0345458984375
38698,0.0336303710938
38699,0.0339965820312
38700,0.032470703125
38701,0.0325622558594
38702,0.0305938720703
38703,0.0317993164062
38704,0.0317687988281
38705,0.0320129394531
38706,0.0318603515625
38707,0.031005859375
38708,0.0
38709,0.0
38710,0.000110864639282
38711,0.00129699707031
38712,0.00277709960938
38713,0.00357055664062
38714,0.00368881225586
38715,0.00326347351074
38716,0.0147018432617
38717,0.0154266357422
38718,0.01611328125
38719,0.0152816772461
38720,0.0154190063477
38721,0.0175933837891
38722,0.0199279785156
38723,0.0165710449219
38724,0.0367431640625
38725,0.0392150878906
38726,0.0379028320312
38727,0.0386047363281
38728,0.0372314453125
38729,0.0365600585938
38730,0.0344848632812
38731,0.0363464355469
38732,0.036376953125
38733,0.0367431640625
38734,0.0354614257812
38735,0.0362548828125
38736,0.03466796875
38737,0.0354614257812
38738,0.0356750488281
38739,0.0346374511719
38740,0.0350646972656
38741,0.0357055664062
38742,0.0323486328125
38743,0.0343322753906
38744,0.0358276367188
38745,0.0364379882812
38746,0.0364379882812
38747,0.0349731445312
38748,0.0354614257812
38749,0.0334777832031
38750,0.0332641601562
38751,0.0350952148438
38752,0.0363464355469
38753,0.0362854003906
38754,0.0361328125
38755,0.0350646972656
38756,0.0358581542969
38757,0.0362548828125
38758,0.0341491699219
38759,0.0333557128906
38760,0.0348815917969
38761,0.0315246582031
38762,0.0320739746094
38763,0.0318603515625
38764,0.0316162109375
38765,0.0330810546875
38766,0.0319519042969
38767,0.0310974121094
38768,0.0299530029297
38769,0.0289764404297
38770,0.027587890625
38771,0.0281219482422
38772,0.0
38773,1.23381614685e-05
38774,1.23381614685e-05
38775,0.000548839569092
38776,0.00240135192871
38777,0.00526809692383
38778,0.00621032714844
38779,0.00644683837891
38780,0.00614929199219
38781,0.00973510742188
38782,0.00766754150391
38783,0.00830078125
38784,0.0100631713867
38785,0.0138397216797
38786,0.0142364501953
38787,0.0150756835938
38788,0.0143356323242
38789,0.0140533447266
38790,0.0139007568359
38791,0.0123825073242
38792,0.0134963989258
38793,0.0147247314453
38794,0.0159149169922
38795,0.017578125
38796,0.0176086425781
38797,0.0268096923828
38798,0.0259246826172
38799,0.0259552001953
38800,0.0231628417969
38801,0.0220947265625
38802,0.0225067138672
38803,0.0248718261719
38804,0.0247497558594
38805,0.0245056152344
38806,0.0238494873047
38807,0.0275726318359
38808,0.0219421386719
38809,0.0242156982422
38810,0.0224914550781
38811,0.0222778320312
38812,0.0222320556641
38813,0.0222778320312
38814,0.0382995605469
38815,0.0373840332031
38816,0.0366821289062
38817,0.0367431640625
38818,0.0390014648438
38819,0.0361938476562
38820,0.0377197265625
38821,0.0364074707031
38822,0.0361328125
38823,0.0467224121094
38824,0.0460815429688
38825,0.0441589355469
38826,0.0456848144531
38827,0.0450134277344
38828,0.0435791015625
38829,0.0427551269531
38830,0.04541015625
38831,0.0455322265625
38832,0.0390014648438
38833,0.0401916503906
38834,0.0290832519531
38835,0.0323791503906
38836,0.0
38837,4.92930412292e-05
38838,0.000286817550659
38839,0.00142478942871
38840,0.00405883789062
38841,0.00391387939453
38842,0.00596618652344
38843,0.0059814453125
38844,0.00536727905273
38845,0.0074577331543
38846,0.00679397583008
38847,0.00743865966797
38848,0.0134124755859
38849,0.0145492553711
38850,0.0138626098633
38851,0.0121154785156
38852,0.0132293701172
38853,0.0143508911133
38854,0.0180053710938
38855,0.0184478759766
38856,0.0177917480469
38857,0.0178527832031
38858,0.0183258056641
38859,0.0174865722656
38860,0.0186462402344
38861,0.0165252685547
38862,0.0161743164062
38863,0.0175323486328
38864,0.0181121826172
38865,0.0178833007812
38866,0.0165557861328
38867,0.0159912109375
38868,0.0161285400391
38869,0.0165405273438
38870,0.0183258056641
38871,0.0185699462891
38872,0.01611328125
38873,0.0168762207031
38874,0.0170745849609
38875,0.0170593261719
38876,0.0188903808594
38877,0.0172576904297
38878,0.01708984375
38879,0.0156555175781
38880,0.0161895751953
38881,0.014892578125
38882,0.0148391723633
38883,0.0148468017578
38884,0.0143661499023
38885,0.0171051025391
38886,0.0164794921875
38887,0.0167541503906
38888,0.0240020751953
38889,0.0202484130859
38890,0.0196533203125
38891,0.0302276611328
38892,0.0276641845703
38893,0.0294952392578
38894,0.0299987792969
38895,0.0303802490234
38896,0.0299682617188
38897,0.0330505371094
38898,0.0325012207031
38899,0.0303497314453
38900,0.0
38901,0.000486135482788
38902,0.000652313232422
38903,0.00107765197754
38904,0.00356292724609
38905,0.00387954711914
38906,0.00658798217773
38907,0.0064582824707
38908,0.00895690917969
38909,0.00764846801758
38910,0.00658416748047
38911,0.0118408203125
38912,0.0116195678711
38913,0.0197906494141
38914,0.0211944580078
38915,0.0237426757812
38916,0.0228729248047
38917,0.0243835449219
38918,0.0216064453125
38919,0.0217742919922
38920,0.02001953125
38921,0.0218505859375
38922,0.0203247070312
38923,0.0206298828125
38924,0.0196533203125
38925,0.0202026367188
38926,0.0209503173828
38927,0.0185241699219
38928,0.0171203613281
38929,0.0178833007812
38930,0.0196380615234
38931,0.0191955566406
38932,0.0192565917969
38933,0.028076171875
38934,0.0276184082031
38935,0.0284576416016
38936,0.0252075195312
38937,0.0260314941406
38938,0.0278778076172
38939,0.0274353027344
38940,0.02783203125
38941,0.0269622802734
38942,0.0257568359375
38943,0.0365295410156
38944,0.0354919433594
38945,0.0328369140625
38946,0.0385131835938
38947,0.0416870117188
38948,0.0413513183594
38949,0.0359497070312
38950,0.0372314453125
38951,0.036865234375
38952,0.036376953125
38953,0.0366516113281
38954,0.0386962890625
38955,0.0380859375
38956,0.0372619628906
38957,0.0381774902344
38958,0.0389404296875
38959,0.0396728515625
38960,0.0386047363281
38961,0.0387573242188
38962,0.0384216308594
38963,0.0369873046875
38964,0.0
38965,0.00013542175293
38966,0.000446796417236
38967,0.00163555145264
38968,0.00320816040039
38969,0.00862884521484
38970,0.0157775878906
38971,0.0153579711914
38972,0.0140228271484
38973,0.0148696899414
38974,0.0158538818359
38975,0.0175170898438
38976,0.0148544311523
38977,0.0149230957031
38978,0.0154418945312
38979,0.0150527954102
38980,0.0353088378906
38981,0.0350646972656
38982,0.0339660644531
38983,0.0279235839844
38984,0.0278625488281
38985,0.0288848876953
38986,0.0288696289062
38987,0.0292816162109
38988,0.0337829589844
38989,0.0329284667969
38990,0.0325317382812
38991,0.0385437011719
38992,0.0368041992188
38993,0.0375671386719
38994,0.035888671875
38995,0.0364685058594
38996,0.0383605957031
38997,0.0379333496094
38998,0.0347290039062
38999,0.0347900390625
39000,0.0336608886719
39001,0.0345458984375
39002,0.0352172851562
39003,0.0294799804688
39004,0.0308990478516
39005,0.0310974121094
39006,0.0308074951172
39007,0.0312347412109
39008,0.0315246582031
39009,0.0359191894531
39010,0.05419921875
39011,0.0540771484375
39012,0.0522766113281
39013,0.0538635253906
39014,0.0522155761719
39015,0.0518798828125
39016,0.052978515625
39017,0.0531616210938
39018,0.0495300292969
39019,0.0505065917969
39020,0.0476379394531
39021,0.04931640625
39022,0.0491638183594
39023,0.0482177734375
39024,0.0477600097656
39025,0.0475769042969
39026,0.0477600097656
39027,0.0473937988281
39028,0.0
39029,0.00017523765564
39030,0.000399827957153
39031,0.00142478942871
39032,0.00258636474609
39033,0.00313568115234
39034,0.00331115722656
39035,0.00403213500977
39036,0.00513076782227
39037,0.00469207763672
39038,0.00626754760742
39039,0.00559616088867
39040,0.00612258911133
39041,0.00498580932617
39042,0.00530624389648
39043,0.00502777099609
39044,0.00580596923828
39045,0.00680160522461
39046,0.00724792480469
39047,0.00836181640625
39048,0.00962066650391
39049,0.010627746582
39050,0.00985717773438
39051,0.0116806030273
39052,0.0117492675781
39053,0.0142974853516
39054,0.0119247436523
39055,0.0123519897461
39056,0.0134048461914
39057,0.0136795043945
39058,0.0137329101562
39059,0.0124130249023
39060,0.0140609741211
39061,0.0135498046875
39062,0.0141067504883
39063,0.0139846801758
39064,0.014762878418
39065,0.0151214599609
39066,0.0122985839844
39067,0.0223236083984
39068,0.0217742919922
39069,0.0184478759766
39070,0.0153274536133
39071,0.0169067382812
39072,0.0166931152344
39073,0.0264282226562
39074,0.0262298583984
39075,0.0224456787109
39076,0.0229187011719
39077,0.0221862792969
39078,0.0223541259766
39079,0.0227966308594
39080,0.0215301513672
39081,0.0211334228516
39082,0.0236663818359
39083,0.0216369628906
39084,0.0242156982422
39085,0.0265960693359
39086,0.0261077880859
39087,0.0265960693359
39088,0.0267944335938
39089,0.0264282226562
39090,0.0259857177734
39091,0.0315551757812
39092,0.0
39093,0.0
39094,6.16312026978e-05
39095,0.00156021118164
39096,0.00187969207764
39097,0.00232696533203
39098,0.0023193359375
39099,0.00297164916992
39100,0.00348091125488
39101,0.00467681884766
39102,0.00448608398438
39104,0.00445175170898
39105,0.00326919555664
39106,0.00386810302734
39107,0.00509643554688
39108,0.0062255859375
39109,0.00590515136719
39110,0.00657272338867
39111,0.00683212280273
39112,0.00686645507812
39113,0.0066032409668
39114,0.00624084472656
39115,0.00544738769531
39116,0.00643539428711
39117,0.00492477416992
39118,0.00647735595703
39119,0.0103378295898
39120,0.00979614257812
39121,0.0100936889648
39122,0.0134353637695
39123,0.0158538818359
39124,0.0148086547852
39125,0.0153350830078
39126,0.0130920410156
39127,0.0142059326172
39128,0.0137100219727
39129,0.0149841308594
39130,0.0146789550781
39131,0.0151290893555
39132,0.0224609375
39133,0.0215148925781
39134,0.0175170898438
39135,0.02490234375
39136,0.0240631103516
39137,0.0243988037109
39138,0.0240631103516
39139,0.0235443115234
39140,0.0244445800781
39141,0.0240631103516
39142,0.0232238769531
39143,0.0236053466797
39144,0.0241241455078
39145,0.0332336425781
39146,0.0434265136719
39147,0.04345703125
39148,0.0431823730469
39149,0.0438537597656
39150,0.0457153320312
39151,0.0433349609375
39152,0.0441589355469
39153,0.0569458007812
39154,0.0545043945312
39155,0.05517578125
39156,0.0556640625
39157,0.0
39158,9.85264778137e-05
39159,0.000344753265381
39160,0.00123310089111
39161,0.00238418579102
39162,0.00239944458008
39163,0.00237464904785
39164,0.00345993041992
39165,0.00425338745117
39166,0.00420379638672
39167,0.00524520874023
39168,0.00572204589844
39169,0.00578308105469
39170,0.00734329223633
39171,0.00697326660156
39172,0.00722885131836
39173,0.00762939453125
39174,0.00712585449219
39175,0.00990295410156
39176,0.00738525390625
39177,0.00701522827148
39178,0.00726318359375
39179,0.00828552246094
39180,0.00789642333984
39181,0.00911712646484
39182,0.0070686340332
39183,0.00681304931641
39184,0.00761413574219
39185,0.00998687744141
39186,0.0120544433594
39187,0.0130004882812
39188,0.0133056640625
39189,0.0144119262695
39190,0.0137176513672
39191,0.0114288330078
39192,0.0107879638672
39193,0.0113754272461
39194,0.0114669799805
39195,0.0123291015625
39196,0.0114364624023
39197,0.0131759643555
39198,0.0132751464844
39199,0.0313110351562
39200,0.0330810546875
39201,0.0321044921875
39202,0.0325927734375
39203,0.0328979492188
39204,0.0336608886719
39205,0.0320434570312
39206,0.0335693359375
39207,0.0336608886719
39208,0.0381774902344
39209,0.0378723144531
39210,0.0390930175781
39211,0.0398254394531
39212,0.0322570800781
39213,0.0315246582031
39214,0.0299377441406
39215,0.0299072265625
39216,0.0285797119141
39217,0.0286254882812
39218,0.0308532714844
39219,0.0309295654297
39220,0.0338439941406
39221,0.0
39222,0.000507831573486
39223,0.000950813293457
39224,0.00985717773438
39225,0.0110626220703
39226,0.012092590332
39227,0.0121078491211
39228,0.0133209228516
39229,0.0169067382812
39230,0.0176544189453
39231,0.0169830322266
39232,0.0174407958984
39233,0.0206298828125
39234,0.0205535888672
39235,0.0196380615234
39236,0.0164489746094
39237,0.0153045654297
39238,0.0185852050781
39239,0.0157775878906
39240,0.0163726806641
39241,0.0168762207031
39242,0.0169830322266
39243,0.0166625976562
39244,0.0380859375
39245,0.03759765625
39246,0.0375671386719
39247,0.0368041992188
39248,0.037109375
39249,0.0364990234375
39250,0.0368957519531
39251,0.0347595214844
39252,0.0339660644531
39253,0.0328979492188
39254,0.0310211181641
39255,0.0326843261719
39256,0.0275268554688
39257,0.037109375
39258,0.0376586914062
39259,0.0363159179688
39260,0.0370788574219
39261,0.0380554199219
39262,0.037353515625
39263,0.0384826660156
39264,0.0370788574219
39265,0.0333251953125
39266,0.0342102050781
39267,0.0326232910156
39268,0.0353088378906
39269,0.0526733398438
39270,0.0508728027344
39271,0.04931640625
39272,0.0491943359375
39273,0.05078125
39274,0.0502624511719
39275,0.0564575195312
39276,0.0464782714844
39277,0.0442504882812
39278,0.0433349609375
39279,0.062744140625
39280,0.0629272460938
39281,0.0619506835938
39282,0.0606689453125
39283,0.0617065429688
39284,0.0620727539062
39285,0.0
39286,0.0
39287,0.000286817550659
39288,0.00292205810547
39289,0.00398635864258
39290,0.00494766235352
39291,0.00767517089844
39292,0.0079345703125
39293,0.0101013183594
39294,0.015869140625
39295,0.015495300293
39296,0.0151824951172
39297,0.0157928466797
39298,0.0161590576172
39299,0.0162811279297
39300,0.0160064697266
39301,0.0164031982422
39302,0.0180816650391
39303,0.0171966552734
39304,0.0178527832031
39305,0.0178833007812
39306,0.0161743164062
39307,0.0165252685547
39308,0.0162506103516
39309,0.0165557861328
39310,0.0172729492188
39311,0.0175476074219
39312,0.0173950195312
39313,0.0174407958984
39314,0.0171356201172
39315,0.0186462402344
39316,0.0176391601562
39317,0.0176849365234
39318,0.0192413330078
39319,0.0186614990234
39320,0.0194854736328
39321,0.0192413330078
39322,0.0182342529297
39323,0.0211029052734
39324,0.0208282470703
39325,0.0167236328125
39326,0.0189971923828
39327,0.021240234375
39328,0.0192108154297
39329,0.0182952880859
39330,0.0189666748047
39331,0.0283813476562
39332,0.0277709960938
39333,0.0280456542969
39334,0.0292053222656
39335,0.0266723632812
39336,0.0272674560547
39337,0.0280151367188
39338,0.0283660888672
39339,0.0271301269531
39340,0.0276641845703
39341,0.0303802490234
39342,0.0305023193359
39343,0.0299682617188
39344,0.0294036865234
39345,0.0301971435547
39346,0.0240478515625
39347,0.0246887207031
39348,0.0243377685547
39349,0.0
39350,0.00013542175293
39351,0.00121879577637
39352,0.00232887268066
39353,0.00259399414062
39354,0.00317001342773
39355,0.00824737548828
39356,0.00959014892578
39357,0.00934600830078
39358,0.00785827636719
39359,0.0079345703125
39360,0.00994110107422
39361,0.0107269287109
39362,0.0208282470703
39363,0.0215301513672
39364,0.0213470458984
39365,0.0303039550781
39366,0.0290832519531
39367,0.0288238525391
39368,0.0287170410156
39369,0.03515625
39370,0.0340881347656
39371,0.0342712402344
39372,0.0332641601562
39373,0.0326232910156
39374,0.0325622558594
39375,0.031982421875
39376,0.0351867675781
39377,0.0350952148438
39378,0.0347595214844
39379,0.0357360839844
39380,0.034912109375
39381,0.0350341796875
39382,0.0338745117188
39383,0.0331420898438
39384,0.0318603515625
39385,0.0318298339844
39386,0.0306854248047
39387,0.0265502929688
39388,0.0270080566406
39389,0.0275268554688
39390,0.0270385742188
39391,0.0370178222656
39392,0.0370178222656
39393,0.0365905761719
39394,0.0350952148438
39395,0.0330810546875
39396,0.0387268066406
39397,0.0381774902344
39398,0.0351257324219
39399,0.03466796875
39400,0.0348815917969
39401,0.0345153808594
39402,0.0418090820312
39403,0.0404663085938
39404,0.0408325195312
39405,0.0425720214844
39406,0.0426940917969
39407,0.0431823730469
39408,0.0342407226562
39409,0.0345764160156
39410,0.0327453613281
39411,0.0327453613281
39412,0.0307922363281
39413,0.0
39414,0.0230712890625
39415,0.0231170654297
39416,0.0242614746094
39417,0.0249176025391
39418,0.0251922607422
39419,0.0211639404297
39420,0.0453186035156
39421,0.0451354980469
39422,0.0828857421875
39423,0.0809326171875
39424,0.0806274414062
39425,0.080810546875
39426,0.0807495117188
39427,0.0803833007812
39428,0.080322265625
39429,0.0782470703125
39430,0.0802001953125
39431,0.0798950195312
39432,0.0789794921875
39433,0.07763671875
39434,0.0759887695312
39435,0.0757446289062
39436,0.075439453125
39437,0.07568359375
39438,0.0733642578125
39439,0.0811157226562
39440,0.0806884765625
39441,0.080810546875
39442,0.080322265625
39443,0.0778198242188
39444,0.0784912109375
39445,0.0781860351562
39446,0.074462890625
39447,0.0772705078125
39448,0.074951171875
39449,0.0760498046875
39450,0.0736694335938
39451,0.0737915039062
39452,0.0751342773438
39453,0.080810546875
39454,0.0821533203125
39455,0.0821533203125
39456,0.0814819335938
39457,0.0806274414062
39458,0.0689086914062
39459,0.0680541992188
39460,0.0673217773438
39461,0.066162109375
39462,0.0654907226562
39463,0.0668334960938
39464,0.0664672851562
39465,0.0677490234375
39466,0.0657348632812
39467,0.0669555664062
39468,0.0653686523438
39469,0.0654907226562
39470,0.0653686523438
39471,0.0667724609375
39472,0.0672607421875
39473,0.0658569335938
39474,0.0685424804688
39475,0.0686645507812
39476,0.0689697265625
39477,0.0
39478,0.000457048416138
39479,0.0164337158203
39480,0.0171356201172
39481,0.0176849365234
39482,0.0184631347656
39483,0.017578125
39484,0.0317687988281
39485,0.0311889648438
39486,0.04248046875
39487,0.0411682128906
39488,0.0415954589844
39489,0.0416870117188
39490,0.0424499511719
39491,0.0420227050781
39492,0.0410461425781
39493,0.0421752929688
39494,0.0422058105469
39495,0.0426635742188
39496,0.0535583496094
39497,0.0518188476562
39498,0.0526428222656
39499,0.0530090332031
39500,0.0517272949219
39501,0.0462341308594
39502,0.0473022460938
39503,0.0456237792969
39504,0.0445556640625
39505,0.0468139648438
39506,0.0458679199219
39507,0.0645141601562
39508,0.0599060058594
39509,0.0604858398438
39510,0.0616760253906
39511,0.059326171875
39512,0.0591125488281
39513,0.0595092773438
39514,0.0613403320312
39515,0.0624084472656
39516,0.0635986328125
39517,0.0638427734375
39518,0.0634155273438
39519,0.0634155273438
39520,0.063720703125
39521,0.0617065429688
39522,0.0614624023438
39523,0.0622863769531
39524,0.0599670410156
39525,0.0586853027344
39526,0.0585021972656
39527,0.0580139160156
39528,0.0586547851562
39529,0.0520629882812
39530,0.0485534667969
39531,0.0491333007812
39532,0.0484008789062
39533,0.0523071289062
39534,0.0523986816406
39535,0.0522155761719
39536,0.0520324707031
39537,0.0544738769531
39538,0.0543823242188
39539,0.0536193847656
39540,0.0558776855469
39541,0.0
39542,0.000418901443481
39543,0.0010347366333
39544,0.00320816040039
39545,0.00302314758301
39546,0.002685546875
39547,0.00567245483398
39548,0.00789642333984
39549,0.0103225708008
39550,0.0113906860352
39551,0.011848449707
39552,0.0115280151367
39553,0.0121841430664
39554,0.0122528076172
39555,0.0121231079102
39556,0.0109558105469
39557,0.0134429931641
39558,0.0189361572266
39559,0.016845703125
39560,0.0165863037109
39561,0.0155639648438
39562,0.0153045654297
39563,0.0133819580078
39564,0.0118637084961
39565,0.0142364501953
39566,0.0146636962891
39567,0.0145645141602
39568,0.0137252807617
39569,0.0131759643555
39570,0.0136032104492
39571,0.014045715332
39572,0.014030456543
39573,0.0131607055664
39574,0.0120162963867
39575,0.0138854980469
39576,0.0122528076172
39577,0.0111999511719
39578,0.0113296508789
39579,0.0164947509766
39580,0.0174255371094
39581,0.0178527832031
39582,0.0193176269531
39583,0.0191802978516
39584,0.01904296875
39585,0.015869140625
39586,0.0193176269531
39587,0.0200958251953
39588,0.0213928222656
39589,0.0175628662109
39590,0.0170745849609
39591,0.0165863037109
39592,0.0175628662109
39593,0.0157470703125
39594,0.0156707763672
39595,0.0246276855469
39596,0.0246276855469
39597,0.0247039794922
39598,0.0225982666016
39599,0.0218505859375
39600,0.0217437744141
39601,0.0212554931641
39602,0.0220031738281
39603,0.0229034423828
39604,0.022705078125
39605,0.0
39606,6.16312026978e-05
39607,0.000900268554688
39608,0.00156307220459
39609,0.00185871124268
39610,0.0025463104248
39611,0.00369262695312
39612,0.00444412231445
39613,0.00447082519531
39614,0.00403213500977
39615,0.00445938110352
39616,0.00447463989258
39617,0.00410461425781
39618,0.00500869750977
39619,0.00523376464844
39620,0.00542068481445
39621,0.00728225708008
39622,0.0068359375
39623,0.00605773925781
39624,0.00665664672852
39625,0.00938415527344
39626,0.010871887207
39627,0.00940704345703
39628,0.00990295410156
39629,0.0104141235352
39630,0.0108337402344
39631,0.0109786987305
39632,0.00996398925781
39633,0.0110244750977
39634,0.0120849609375
39635,0.0178375244141
39636,0.0190277099609
39637,0.0189514160156
39638,0.0180511474609
39639,0.0179595947266
39640,0.0163116455078
39641,0.0171966552734
39642,0.0179138183594
39643,0.0184783935547
39644,0.0167694091797
39645,0.0285034179688
39646,0.0290222167969
39647,0.0293426513672
39648,0.0304718017578
39649,0.0257415771484
39650,0.0279846191406
39651,0.0285186767578
39652,0.0267333984375
39653,0.0246276855469
39654,0.0231475830078
39655,0.0259246826172
39656,0.0239715576172
39657,0.0242462158203
39658,0.0252532958984
39659,0.0262908935547
39660,0.0229034423828
39661,0.0229034423828
39662,0.0227508544922
39663,0.0234375
39664,0.0226745605469
39665,0.0250396728516
39666,0.0252227783203
39667,0.0266418457031
39668,0.0274353027344
39669,0.0
39670,9.85264778137e-05
39671,0.000518798828125
39672,0.00205230712891
39673,0.00241470336914
39674,0.00429153442383
39675,0.00383567810059
39676,0.00703430175781
39677,0.0132598876953
39678,0.0159606933594
39679,0.0167388916016
39680,0.0156021118164
39681,0.0140533447266
39682,0.0139694213867
39683,0.0131072998047
39684,0.0134124755859
39685,0.0140914916992
39686,0.0128555297852
39687,0.0128402709961
39688,0.0126190185547
39689,0.0131607055664
39690,0.0154724121094
39691,0.0161895751953
39692,0.0156860351562
39693,0.0153503417969
39694,0.0163421630859
39695,0.0150909423828
39696,0.0219116210938
39697,0.0213317871094
39698,0.0215148925781
39699,0.0216522216797
39700,0.0241851806641
39701,0.0221557617188
39702,0.0214996337891
39703,0.0220947265625
39704,0.0212707519531
39705,0.0237579345703
39706,0.0233612060547
39707,0.0232849121094
39708,0.0226593017578
39709,0.0233917236328
39710,0.0243530273438
39711,0.0256042480469
39712,0.0242156982422
39713,0.0248870849609
39714,0.0244293212891
39715,0.0221099853516
39716,0.0209197998047
39717,0.0218505859375
39718,0.0208129882812
39719,0.0238800048828
39720,0.0257263183594
39721,0.0244445800781
39722,0.0252990722656
39723,0.0232086181641
39724,0.0235290527344
39725,0.0223541259766
39726,0.0228424072266
39727,0.038330078125
39728,0.0386352539062
39729,0.0389404296875
39730,0.0389709472656
39731,0.0395812988281
39732,0.0396728515625
39733,0.0
39734,6.50882720947e-05
39735,0.000905990600586
39736,0.00183296203613
39737,0.00542449951172
39738,0.00685501098633
39739,0.00589370727539
39740,0.00481796264648
39741,0.00417327880859
39742,0.00452423095703
39743,0.0051155090332
39744,0.00481414794922
39745,0.00663757324219
39746,0.00688171386719
39747,0.0072021484375
39748,0.00771713256836
39749,0.00865173339844
39750,0.00687026977539
39751,0.00629043579102
39752,0.0075569152832
39753,0.0081787109375
39754,0.00887298583984
39755,0.00991821289062
39756,0.00826263427734
39757,0.00808715820312
39758,0.00875854492188
39759,0.00834655761719
39760,0.008544921875
39761,0.00841522216797
39762,0.00846862792969
39763,0.00834655761719
39764,0.00823974609375
39765,0.00830078125
39766,0.0164184570312
39767,0.0163269042969
39768,0.0146636962891
39769,0.0148773193359
39770,0.0159759521484
39771,0.0133056640625
39772,0.0113830566406
39773,0.0121994018555
39774,0.0115585327148
39775,0.0120544433594
39776,0.0121459960938
39777,0.0111999511719
39778,0.0180511474609
39779,0.0181884765625
39780,0.0164794921875
39781,0.01611328125
39782,0.015495300293
39783,0.0147018432617
39784,0.0249328613281
39785,0.0216217041016
39786,0.0227508544922
39787,0.0193786621094
39788,0.0191497802734
39789,0.0184173583984
39790,0.0184783935547
39791,0.0210113525391
39792,0.0199584960938
39793,0.0393676757812
39794,0.0398559570312
39795,0.0401000976562
39796,0.0407104492188
39797,0.0
39798,0.000603199005127
39799,0.000809192657471
39800,0.00150775909424
39801,0.00807189941406
39802,0.00844573974609
39803,0.00935363769531
39804,0.00899505615234
39805,0.0231628417969
39806,0.0276031494141
39807,0.0278930664062
39808,0.0285034179688
39809,0.0276336669922
39810,0.0263214111328
39811,0.0257720947266
39812,0.0255279541016
39813,0.0257568359375
39814,0.0253295898438
39815,0.037109375
39816,0.0354919433594
39817,0.0369873046875
39818,0.0365295410156
39819,0.0357055664062
39820,0.0359191894531
39821,0.0353088378906
39822,0.0353698730469
39823,0.0358276367188
39824,0.0369567871094
39825,0.0325317382812
39826,0.0327758789062
39827,0.0340881347656
39828,0.0322570800781
39829,0.0330200195312
39830,0.034423828125
39831,0.0345153808594
39832,0.03271484375
39833,0.0343627929688
39834,0.0343627929688
39835,0.0329895019531
39836,0.0325317382812
39837,0.0317993164062
39838,0.0335693359375
39839,0.0323181152344
39840,0.0333557128906
39841,0.0321655273438
39842,0.03515625
39843,0.0346984863281
39844,0.0363464355469
39845,0.0370483398438
39846,0.0375366210938
39847,0.0369873046875
39848,0.0384826660156
39849,0.0360412597656
39850,0.0349731445312
39851,0.03662109375
39852,0.0367431640625
39853,0.0357666015625
39854,0.0343933105469
39855,0.0346374511719
39856,0.0350036621094
39857,0.0468444824219
39858,0.0450439453125
39859,0.0408630371094
39860,0.0420532226562
39861,0.0
39862,0.000677108764648
39863,0.000468015670776
39864,0.000933647155762
39865,0.00255393981934
39866,0.0041618347168
39867,0.00568771362305
39868,0.00544357299805
39869,0.00559234619141
39870,0.00652694702148
39871,0.00547790527344
39872,0.00914764404297
39873,0.00966644287109
39874,0.00990295410156
39875,0.0130767822266
39876,0.0128860473633
39877,0.0132598876953
39878,0.0137786865234
39879,0.0140380859375
39880,0.0166320800781
39881,0.0169219970703
76637,0.0467834472656
76638,0.0450744628906
76640,0.047119140625
76641,0.0480346679688
76642,0.0489807128906
76643,0.0473022460938
76644,0.0486755371094
76645,0.0
76646,0.0
76647,7.39097595215e-05
76648,0.000511646270752
76649,0.00243186950684
76650,0.00362014770508
76651,0.00470733642578
76652,0.00593185424805
76653,0.0189666748047
76654,0.0182952880859
76655,0.0163421630859
76656,0.0165557861328
76657,0.0149765014648
76658,0.0171356201172
76659,0.0174255371094
76660,0.0260620117188
76661,0.0256195068359
76662,0.0207824707031
76663,0.0181274414062
76664,0.0183715820312
76665,0.0236511230469
76666,0.0232391357422
76667,0.0238189697266
76668,0.0249176025391
76669,0.0245819091797
76670,0.025390625
76671,0.0255432128906
76672,0.0261535644531
76673,0.0265502929688
76674,0.0274047851562
76675,0.0277099609375
76676,0.0289459228516
76677,0.0252532958984
76678,0.0256652832031
76679,0.0260772705078
76680,0.0253295898438
76681,0.0249328613281
76682,0.0245208740234
76683,0.0407104492188
76684,0.0398864746094
76685,0.0351257324219
76686,0.0353698730469
76687,0.0350341796875
76688,0.0325622558594
76689,0.0320739746094
76690,0.0328674316406
76691,0.0323181152344
76692,0.0322875976562
76693,0.0303955078125
76694,0.0306396484375
76695,0.0320739746094
76696,0.031494140625
76697,0.0318298339844
76698,0.0473327636719
76699,0.0461120605469
76700,0.0458374023438
76701,0.0482177734375
76702,0.047607421875
76703,0.0479431152344
76704,0.0462951660156
76705,0.0468139648438
76706,0.0407104492188
76707,0.0436706542969
76708,0.0437316894531
76709,0.0
76710,9.85264778137e-05
76711,0.000419855117798
76712,0.000632762908936
76713,0.00146198272705
76714,0.00216293334961
76715,0.00455474853516
76716,0.00435638427734
76717,0.0045166015625
76718,0.0047721862793
76719,0.00605773925781
76720,0.0059814453125
76721,0.00689697265625
76722,0.00643539428711
76723,0.0055046081543
76724,0.00682830810547
76725,0.00751876831055
76726,0.00738906860352
76727,0.00716018676758
76728,0.00724792480469
76729,0.00704574584961
76730,0.00784301757812
76731,0.0109100341797
76732,0.0107269287109
76733,0.0109252929688
76734,0.0108489990234
76735,0.0129699707031
76736,0.0134963989258
76737,0.0115432739258
76738,0.0111312866211
76739,0.0107574462891
76740,0.0110473632812
76741,0.0117950439453
76742,0.0111236572266
76743,0.0106964111328
76744,0.0114669799805
76745,0.0110702514648
76746,0.0106582641602
76747,0.011344909668
76748,0.01123046875
76749,0.0117034912109
76750,0.0112380981445
76751,0.0113220214844
76752,0.0133590698242
76753,0.0121612548828
76754,0.0119094848633
76755,0.0110321044922
76756,0.0125198364258
76757,0.0159759521484
76758,0.0214538574219
76759,0.0191650390625
76760,0.0188293457031
76761,0.0177001953125
76762,0.0178375244141
76763,0.0170745849609
76764,0.017333984375
76765,0.0188903808594
76766,0.0181579589844
76767,0.0189056396484
76768,0.0171051025391
76769,0.0170593261719
76770,0.0154647827148
76771,0.0154800415039
76772,0.0274505615234
76773,0.0
76774,0.000147819519043
76775,0.000209450721741
76776,0.000696659088135
76777,0.00157260894775
76778,0.00235939025879
76779,0.00246429443359
76780,0.00326728820801
76781,0.00384521484375
76782,0.0048828125
76783,0.00570678710938
76784,0.00666809082031
76785,0.00846862792969
76786,0.0108261108398
76787,0.0110092163086
76788,0.00988006591797
76789,0.0107269287109
76790,0.0105514526367
76791,0.0141143798828
76792,0.015022277832
76793,0.0153198242188
76794,0.0144958496094
76795,0.0141448974609
76796,0.0141448974609
76797,0.0143356323242
76798,0.0159149169922
76799,0.0159301757812
76800,0.0156555175781
76801,0.0162200927734
76802,0.0132446289062
76803,0.0142440795898
76804,0.0142440795898
76805,0.0134429931641
76806,0.0137405395508
76807,0.0130081176758
76808,0.0301361083984
76809,0.0304718017578
76810,0.0305938720703
76811,0.0309143066406
76812,0.0309295654297
76813,0.0308380126953
76814,0.0309143066406
76815,0.0357666015625
76816,0.0348510742188
76817,0.0344543457031
76818,0.0351257324219
76819,0.0307006835938
76820,0.0300903320312
76821,0.0304260253906
76822,0.03125
76823,0.0318298339844
76824,0.0297546386719
76825,0.0299072265625
76826,0.0281982421875
76827,0.0424194335938
76828,0.0408020019531
76829,0.0403442382812
76830,0.0401306152344
76831,0.0430908203125
76832,0.0442199707031
76833,0.0414733886719
76834,0.0419311523438
76835,0.0430908203125
76836,0.0553894042969
76837,0.0
76838,0.00899505615234
76839,0.0171051025391
76840,0.0182495117188
76841,0.0207824707031
76842,0.0199432373047
76843,0.019287109375
76844,0.0204772949219
76845,0.0210723876953
76846,0.0210723876953
76847,0.0205688476562
76848,0.0204772949219
76849,0.0212097167969
76850,0.0224151611328
76851,0.0360412597656
76852,0.0315551757812
76853,0.0292510986328
76854,0.0284576416016
76855,0.0295104980469
76856,0.0368957519531
76857,0.0376892089844
76858,0.0467834472656
76859,0.046630859375
76860,0.0468139648438
76861,0.0469970703125
76862,0.0478820800781
76863,0.0472412109375
76864,0.0469360351562
76865,0.04345703125
76866,0.0433044433594
76867,0.0434265136719
76868,0.0429382324219
76869,0.0433349609375
76870,0.0534362792969
76871,0.0521240234375
76872,0.0522766113281
76873,0.0525512695312
76874,0.0521850585938
76875,0.0518493652344
76876,0.0518493652344
76877,0.0525817871094
76878,0.0487365722656
76879,0.0490112304688
76880,0.0482177734375
76881,0.0465698242188
76882,0.0469970703125
76883,0.0513305664062
76884,0.0512390136719
76885,0.0465698242188
76886,0.0647583007812
76887,0.0657348632812
76888,0.0651245117188
76889,0.0669555664062
76890,0.0653686523438
76891,0.066650390625
76892,0.0650634765625
76893,0.065185546875
76894,0.0647583007812
76895,0.0638427734375
76896,0.0648193359375
76897,0.0629272460938
76898,0.0621948242188
76899,0.0568542480469
76900,0.0592346191406
76901,0.0
76902,0.000225186347961
76903,0.000692844390869
76904,0.00192642211914
76905,0.00249290466309
76906,0.00410461425781
76907,0.00491714477539
76908,0.00438690185547
76909,0.00527572631836
76910,0.00522232055664
76911,0.00553512573242
76912,0.00680541992188
76913,0.00703811645508
76914,0.00722503662109
76915,0.00718307495117
76916,0.00860595703125
76917,0.00818634033203
76918,0.00933074951172
76919,0.0104370117188
76920,0.0107421875
76921,0.0110168457031
76922,0.0116806030273
76923,0.0114669799805
76924,0.012825012207
76925,0.0135192871094
76926,0.0146484375
76927,0.0150985717773
76928,0.0142593383789
76929,0.0179901123047
76930,0.0159759521484
76931,0.0162200927734
76932,0.0115737915039
76933,0.0139389038086
76934,0.0327453613281
76935,0.0343933105469
76936,0.0343627929688
76937,0.0333862304688
76938,0.0316772460938
76939,0.0316162109375
76940,0.0320129394531
76941,0.03369140625
76942,0.0682983398438
76943,0.068115234375
76944,0.0678100585938
76945,0.0665283203125
76946,0.0670166015625
76947,0.0675659179688
76948,0.0681762695312
76949,0.0687866210938
76950,0.0682373046875
76951,0.0682983398438
76952,0.0682983398438
76953,0.0677490234375
76954,0.0687866210938
76955,0.0684204101562
76956,0.0684814453125
76957,0.0681762695312
76958,0.0669555664062
76959,0.0682373046875
76960,0.0894775390625
76961,0.0908203125
76962,0.089111328125
76963,0.0839233398438
76964,0.0838623046875
76965,0.0
76966,4.92930412292e-05
76967,4.92930412292e-05
76968,0.00139999389648
76969,0.00266456604004
76970,0.00336456298828
76971,0.00356483459473
76972,0.00348854064941
76973,0.00336265563965
76974,0.00457000732422
76975,0.0052490234375
76976,0.00547409057617
76977,0.00686645507812
76978,0.00818634033203
76979,0.00647354125977
76980,0.00728607177734
76981,0.00726318359375
76982,0.0137939453125
76983,0.0134735107422
76984,0.0135040283203
76985,0.0130767822266
76986,0.0133514404297
76987,0.0138168334961
76988,0.0132293701172
76989,0.0139007568359
76990,0.0153045654297
76991,0.017578125
76992,0.0179138183594
76993,0.0174560546875
76994,0.0161743164062
76995,0.0161437988281
76996,0.0157623291016
76997,0.0160064697266
76998,0.0182342529297
76999,0.0167541503906
77000,0.0210876464844
77001,0.0198669433594
77002,0.0206298828125
77003,0.0160522460938
77004,0.0162353515625
77005,0.0169677734375
77006,0.0167388916016
77007,0.0166778564453
77008,0.0164184570312
77009,0.0300903320312
77010,0.0279083251953
77011,0.0482788085938
77012,0.0476684570312
77013,0.0446472167969
77014,0.0446472167969
77015,0.0420227050781
77016,0.0419006347656
77017,0.0435485839844
77018,0.0419311523438
77019,0.0416870117188
77020,0.0418090820312
77021,0.0424194335938
77022,0.0412902832031
77023,0.0422668457031
77024,0.04150390625
77025,0.0398254394531
77026,0.0413208007812
77027,0.042724609375
77028,0.0448303222656
77029,0.0
77030,0.0
77031,1.23381614685e-05
77032,0.000536441802979
77033,0.000872135162354
77034,0.00233840942383
77035,0.00424194335938
77036,0.00548553466797
77037,0.00577926635742
77038,0.0056266784668
77039,0.00833129882812
77040,0.00776290893555
77041,0.00814056396484
77042,0.00748443603516
77043,0.00706481933594
77044,0.00612640380859
77045,0.0127487182617
77046,0.014778137207
77047,0.0153121948242
77048,0.0152969360352
77049,0.0156860351562
77050,0.0154037475586
77051,0.0164794921875
77052,0.0152816772461
77053,0.0151596069336
77054,0.0159301757812
77055,0.0159912109375
77056,0.0182952880859
77057,0.0186920166016
77058,0.0186004638672
77059,0.0189361572266
77060,0.0170745849609
77061,0.0171508789062
77062,0.0151596069336
77063,0.0156555175781
77064,0.0187072753906
77065,0.019287109375
77066,0.0182189941406
77067,0.0196228027344
77068,0.0197601318359
77069,0.0196990966797
77070,0.0204010009766
77071,0.0202484130859
77072,0.0182952880859
77073,0.018798828125
77074,0.0197906494141
77075,0.0171508789062
77076,0.0173645019531
77077,0.0162811279297
77078,0.0167846679688
77079,0.0231170654297
77080,0.0238800048828
77081,0.0258026123047
77082,0.0245361328125
77083,0.0234069824219
77084,0.0227508544922
77085,0.0233917236328
77086,0.0233306884766
77087,0.0219268798828
77088,0.0214080810547
77089,0.0234832763672
77090,0.0272674560547
77091,0.0263366699219
77092,0.0250244140625
77093,0.0
77094,0.00107097625732
77095,0.00115776062012
77096,0.00140190124512
77097,0.00208854675293
77098,0.0027904510498
77099,0.00568771362305
77100,0.00600814819336
77101,0.011360168457
77102,0.0124664306641
77103,0.0136032104492
77104,0.0124664306641
77105,0.0126800537109
77106,0.0175628662109
77107,0.0171966552734
77108,0.014518737793
77109,0.0151901245117
77110,0.0162963867188
77111,0.0154876708984
77112,0.0171661376953
77113,0.0159606933594
77114,0.0186614990234
77115,0.0191497802734
77116,0.01708984375
77117,0.0173187255859
77118,0.0160827636719
77119,0.0162353515625
77120,0.0159606933594
77121,0.0164947509766
77122,0.0171051025391
77123,0.0169219970703
77124,0.017578125
77125,0.0167236328125
77126,0.0153961181641
77127,0.0150527954102
77128,0.0153579711914
77129,0.0152130126953
77130,0.0175628662109
77131,0.0171661376953
77132,0.017822265625
77133,0.0173797607422
77134,0.01806640625
77135,0.0189056396484
77136,0.0201416015625
77137,0.0180206298828
77138,0.0161743164062
77139,0.0167236328125
77140,0.0167083740234
77141,0.0169372558594
77142,0.0179138183594
77143,0.0182647705078
77144,0.0186157226562
77145,0.0182952880859
77146,0.0191192626953
77147,0.0188598632812
77148,0.017578125
77149,0.0181274414062
77150,0.0251007080078
77151,0.0249633789062
77152,0.0257568359375
77153,0.0242004394531
77154,0.0228424072266
77155,0.0224456787109
77156,0.0228118896484
77157,0.0
77158,9.85264778137e-05
77159,9.85264778137e-05
77160,0.0014123916626
77161,0.00292205810547
77162,0.00713729858398
77163,0.00767135620117
77164,0.00827789306641
77165,0.00762176513672
77166,0.00803375244141
77167,0.00778198242188
77168,0.00801849365234
77169,0.00930023193359
77170,0.00899505615234
77171,0.00934600830078
77172,0.0102310180664
77173,0.0104370117188
77174,0.0107345581055
77175,0.00981903076172
77176,0.0105438232422
77177,0.0113525390625
77178,0.0118865966797
77179,0.011848449707
77180,0.0130462646484
77181,0.012580871582
77182,0.0170288085938
77183,0.0155029296875
77184,0.0160217285156
77185,0.0158538818359
77186,0.0153274536133
77187,0.0141143798828
77188,0.0166473388672
77189,0.0153274536133
77190,0.0149307250977
77191,0.0147323608398
77192,0.0152359008789
77193,0.015266418457
77194,0.0172119140625
77195,0.0171813964844
77196,0.0148544311523
77197,0.0159759521484
77198,0.0156021118164
77199,0.0161895751953
77200,0.0159149169922
77201,0.0157623291016
77202,0.0158386230469
77203,0.0151672363281
77204,0.0150833129883
77205,0.0158233642578
77206,0.0154113769531
77207,0.0152893066406
77208,0.0153121948242
77209,0.0143814086914
77210,0.0150146484375
77211,0.0157775878906
77212,0.0174407958984
77213,0.0255126953125
77214,0.0282897949219
77215,0.03466796875
77216,0.0325622558594
77217,0.0308380126953
77218,0.0313720703125
77219,0.0260162353516
77220,0.0369873046875
77221,0.0
77222,0.00399398803711
77223,0.00369834899902
77224,0.00788116455078
77225,0.0100479125977
77226,0.0112457275391
77227,0.0110015869141
77228,0.0114898681641
77229,0.0116500854492
77230,0.0211486816406
77231,0.0215148925781
77232,0.0203704833984
77233,0.0209808349609
77234,0.0201873779297
77235,0.0207366943359
77236,0.0208587646484
77237,0.0330505371094
77238,0.0328979492188
77239,0.0354614257812
77240,0.035400390625
77241,0.0357666015625
77242,0.0368347167969
77243,0.0362548828125
77244,0.0363159179688
77245,0.0377807617188
77246,0.0368347167969
77247,0.0359191894531
77248,0.0303497314453
77249,0.0282287597656
77250,0.0298767089844
77251,0.0306549072266
77252,0.0307922363281
77253,0.0318298339844
77254,0.0300445556641
77255,0.030029296875
77256,0.0300140380859
77257,0.0304412841797
77258,0.0331420898438
77259,0.03369140625
77260,0.0338745117188
77261,0.0319519042969
77262,0.031982421875
77263,0.0312042236328
77264,0.0324401855469
77265,0.0350036621094
77266,0.0350646972656
77267,0.0324096679688
77268,0.0334777832031
77269,0.0339965820312
77270,0.0306396484375
77271,0.0315551757812
77272,0.0305633544922
77273,0.0304870605469
77274,0.0299530029297
77275,0.02978515625
77276,0.031982421875
77277,0.0323486328125
77278,0.0317687988281
77279,0.0314331054688
77280,0.0322570800781
77281,0.033935546875
77282,0.0331420898438
77283,0.0356140136719
77284,0.0341186523438
77285,0.0
77286,4.92930412292e-05
77287,0.000303030014038
77288,0.000824451446533
77289,0.00206565856934
77290,0.00645446777344
77291,0.00743103027344
77292,0.00749206542969
77293,0.017333984375
77294,0.0179595947266
77295,0.0187683105469
77296,0.0186157226562
77297,0.0191345214844
77298,0.0211486816406
77299,0.0214538574219
77300,0.0222930908203
77301,0.0173492431641
77302,0.0173950195312
77303,0.0179290771484
77304,0.0185394287109
77305,0.0197296142578
77306,0.0240173339844
77307,0.0226135253906
77308,0.0215301513672
77309,0.0217742919922
77310,0.0206604003906
77311,0.0210418701172
77312,0.0216979980469
77313,0.0205841064453
77314,0.0195770263672
77315,0.0210723876953
77316,0.0211029052734
77317,0.0218048095703
77318,0.0212707519531
77319,0.0205688476562
77320,0.0205383300781
77321,0.0178375244141
77322,0.0183868408203
77323,0.0211944580078
77324,0.0216369628906
77325,0.0230865478516
77326,0.03564453125
77327,0.0335083007812
77328,0.0324401855469
77329,0.0323791503906
77330,0.0268249511719
77331,0.0264282226562
77332,0.0254974365234
77333,0.0261993408203
77334,0.0263366699219
77335,0.0266571044922
77336,0.0266418457031
77337,0.0283813476562
77338,0.0297088623047
77339,0.0290069580078
77340,0.0286254882812
77341,0.0277404785156
77342,0.0270385742188
77343,0.0269012451172
77344,0.0276794433594
77345,0.0285949707031
77346,0.0280456542969
77347,0.0289154052734
77348,0.0301818847656
77349,0.0
77350,0.000123262405396
77351,0.000381708145142
77352,0.00103569030762
77353,0.00371932983398
77354,0.00570678710938
77355,0.00688934326172
77356,0.00766754150391
77357,0.00710678100586
77358,0.00780868530273
77359,0.00824737548828
77360,0.01123046875
77361,0.0249328613281
77362,0.0195465087891
77363,0.0194244384766
77364,0.0195159912109
77365,0.0192565917969
77366,0.0192565917969
77367,0.0204467773438
77368,0.0196685791016
77369,0.03662109375
77370,0.0363159179688
77371,0.0357666015625
77372,0.0357971191406
77373,0.0402221679688
77374,0.0342102050781
77375,0.0331115722656
77376,0.0324401855469
77377,0.0337219238281
77378,0.0274658203125
77379,0.0274810791016
77380,0.0271301269531
77381,0.0274505615234
77382,0.0295257568359
77383,0.0290832519531
77384,0.0286407470703
77385,0.0281829833984
77386,0.0286712646484
77387,0.0450134277344
77388,0.045654296875
77389,0.0454406738281
77390,0.0411376953125
77391,0.0412902832031
77392,0.0411071777344
77393,0.0425720214844
77394,0.0475463867188
77395,0.0484619140625
77396,0.0437927246094
77397,0.0431213378906
77398,0.0402526855469
77399,0.0398864746094
77400,0.0400085449219
77401,0.0394897460938
77402,0.0486450195312
77403,0.04833984375
77404,0.0478820800781
77405,0.0473022460938
77406,0.0480651855469
77407,0.0480651855469
77408,0.0483703613281
77409,0.0463562011719
77410,0.0396118164062
77411,0.0404052734375
77412,0.0399475097656
77413,0.0
77414,0.000147819519043
77415,9.85264778137e-05
77416,0.000749111175537
77417,0.00204086303711
77418,0.00371932983398
77419,0.00461959838867
77420,0.00740432739258
77422,0.00871276855469
77423,0.0135269165039
77424,0.0132904052734
77425,0.0136184692383
77426,0.0193481445312
77427,0.0211639404297
77428,0.0189056396484
77429,0.0189819335938
77430,0.0181427001953
77431,0.0179748535156
77432,0.0172576904297
77433,0.0175476074219
77434,0.0185852050781
77435,0.0191955566406
77436,0.0182189941406
77437,0.0180816650391
77438,0.0165405273438
77439,0.0173034667969
77440,0.0182495117188
77441,0.0180206298828
77442,0.0183715820312
77443,0.0215148925781
77444,0.0223846435547
77445,0.0209045410156
77446,0.021240234375
77447,0.0202026367188
77448,0.0212249755859
77449,0.0191192626953
77450,0.0304870605469
77451,0.0285339355469
77452,0.0286102294922
77453,0.0286102294922
77454,0.0289001464844
77455,0.0294342041016
77456,0.0292816162109
77457,0.0289916992188
77458,0.0289154052734
77459,0.0306243896484
77460,0.0312805175781
77461,0.0298767089844
77462,0.0287780761719
77463,0.029052734375
77464,0.0294799804688
77465,0.0463256835938
77466,0.0446166992188
77467,0.0457458496094
77468,0.0446472167969
77469,0.044189453125
77470,0.0469665527344
77471,0.046630859375
77472,0.0470581054688
77473,0.0470275878906
77474,0.0367736816406
77475,0.0370178222656
77476,0.04248046875
77477,0.0390625
77478,0.0
77479,0.000270843505859
77480,0.000308036804199
77481,0.00154495239258
77482,0.00360870361328
77483,0.00252723693848
77484,0.00359153747559
77485,0.00370597839355
77486,0.00546646118164
77487,0.00624847412109
77488,0.00674819946289
77489,0.00699615478516
77490,0.00807952880859
77491,0.00990295410156
77492,0.0102386474609
77493,0.0139236450195
77494,0.0141677856445
77495,0.0140991210938
77496,0.0138778686523
77497,0.0224914550781
77498,0.0222015380859
77499,0.0191192626953
77500,0.0181884765625
77501,0.0220336914062
77502,0.0217437744141
77503,0.0208892822266
77504,0.0213470458984
77505,0.0220031738281
77506,0.0234985351562
77507,0.0223388671875
77508,0.0235595703125
77509,0.0229797363281
77510,0.0367126464844
77511,0.0367431640625
77512,0.037353515625
77513,0.0271148681641
77514,0.0251007080078
77515,0.0278930664062
77516,0.0281066894531
77517,0.0274200439453
77518,0.0272979736328
77519,0.0283355712891
77520,0.0401916503906
77521,0.038330078125
77522,0.0385437011719
77523,0.0381774902344
77524,0.0376892089844
77525,0.0378112792969
77526,0.0388793945312
77527,0.0387573242188
77528,0.0386047363281
77529,0.0504455566406
77530,0.0667724609375
77531,0.0648193359375
77532,0.0724487304688
77533,0.0618896484375
77534,0.0620727539062
77535,0.0608215332031
77536,0.0606384277344
77537,0.0618896484375
77538,0.0611267089844
77539,0.0604248046875
77540,0.0609130859375
77541,0.0608825683594
77542,0.0
77543,0.0
77544,1.23381614685e-05
77545,0.000699996948242
77546,0.00178909301758
77547,0.00289535522461
77548,0.00596237182617
77549,0.00827026367188
77550,0.00941467285156
77551,0.00909423828125
77552,0.0110397338867
77553,0.0411071777344
77554,0.0401916503906
77555,0.0407409667969
77556,0.0420837402344
77557,0.0360107421875
77558,0.0454711914062
77559,0.041748046875
77560,0.0421752929688
77561,0.0396423339844
77562,0.0397644042969
77563,0.0399475097656
77564,0.0408020019531
77565,0.0414733886719
77566,0.0398254394531
77567,0.0419616699219
77568,0.0460205078125
77569,0.0448608398438
77570,0.0448303222656
77571,0.0422668457031
77572,0.0412902832031
77573,0.0438232421875
77574,0.0435791015625
77575,0.0435791015625
77576,0.04345703125
77577,0.0433654785156
77578,0.0432434082031
77579,0.0442199707031
77580,0.0458374023438
77581,0.0469055175781
77582,0.04638671875
77583,0.0463562011719
77584,0.04638671875
77585,0.0455627441406
77586,0.041748046875
77587,0.0408630371094
77588,0.0410461425781
77589,0.0414428710938
77590,0.0401306152344
77591,0.0409545898438
77592,0.0424194335938
77593,0.0426330566406
77594,0.0422058105469
77595,0.0466613769531
77596,0.0477905273438
77597,0.0472106933594
77598,0.0471496582031
77599,0.0462951660156
77600,0.0463256835938
77601,0.0430603027344
77602,0.0434875488281
77603,0.0423889160156
77604,0.0417785644531
77605,0.04150390625
77606,0.0
77607,1.23381614685e-05
77608,7.39097595215e-05
77609,0.000622749328613
77610,0.00230979919434
77611,0.00299644470215
77612,0.00486755371094
77613,0.00714874267578
77614,0.00722885131836
77615,0.00833892822266
77616,0.0174255371094
77617,0.0186767578125
77618,0.0184326171875
77619,0.0210266113281
77620,0.0211944580078
77621,0.0224456787109
77622,0.0218963623047
77623,0.0227661132812
77624,0.0229187011719
77625,0.0247344970703
77626,0.0247039794922
77627,0.0230407714844
77628,0.0253753662109
77629,0.0246276855469
77630,0.0245819091797
77631,0.0231475830078
77632,0.0234680175781
77633,0.0239868164062
77634,0.0232391357422
77635,0.0226287841797
77636,0.029296875
77637,0.0439453125
77638,0.0418395996094
77639,0.0389404296875
77640,0.03759765625
77641,0.0378723144531
77642,0.0381164550781
77643,0.0386047363281
77644,0.046875
77645,0.0469360351562
77646,0.0466918945312
77647,0.0386047363281
77648,0.0381774902344
77649,0.0369873046875
77650,0.038330078125
77651,0.0383605957031
77652,0.0395202636719
77653,0.0389709472656
77654,0.0360412597656
77655,0.0374755859375
77656,0.0387268066406
77657,0.0395812988281
77658,0.0398254394531
77659,0.0403747558594
77660,0.0389404296875
77661,0.0377197265625
77662,0.0380249023438
77663,0.0386962890625
77664,0.0386352539062
77665,0.0385437011719
77666,0.0383605957031
77667,0.0368347167969
77668,0.0378723144531
77669,0.0369262695312
77670,0.0
77671,0.00318908691406
77672,0.00212669372559
77673,0.00194263458252
77674,0.00369453430176
77675,0.00555419921875
77676,0.0056037902832
77677,0.00582885742188
77678,0.00566482543945
77679,0.00576782226562
77680,0.00582885742188
77681,0.00643157958984
77682,0.00713348388672
77683,0.00735855102539
77684,0.00792694091797
77685,0.00701522827148
77686,0.00627899169922
77687,0.00740051269531
77688,0.00818634033203
77689,0.00811767578125
77690,0.00985717773438
77691,0.00839996337891
77692,0.0127487182617
77693,0.0116119384766
77694,0.0107650756836
77695,0.0105667114258
77696,0.0213775634766
77697,0.0234680175781
77698,0.0258941650391
77699,0.0254974365234
77700,0.0254974365234
77701,0.0247650146484
77702,0.0250854492188
77703,0.0217590332031
77704,0.0269012451172
77705,0.0254058837891
77706,0.0250701904297
77707,0.0264129638672
77708,0.0271759033203
77709,0.0279693603516
77710,0.0272521972656
77711,0.0261688232422
77712,0.02001953125
77713,0.0231628417969
77714,0.0231781005859
77715,0.0240020751953
77716,0.0256958007812
77717,0.0246276855469
77718,0.0244750976562
77719,0.0219573974609
77720,0.0212554931641
77721,0.0223236083984
77722,0.0222015380859
77723,0.0244750976562
77724,0.0242614746094
77725,0.0401000976562
77726,0.0415344238281
77727,0.0408325195312
77728,0.0408020019531
77729,0.0421447753906
77730,0.042236328125
77731,0.0452270507812
77732,0.04443359375
77733,0.0446472167969
77734,0.0
77735,0.0
77736,0.0019006729126
77737,0.00300216674805
77738,0.00326347351074
77739,0.00362777709961
77740,0.012939453125
77741,0.0199127197266
77742,0.0189666748047
77743,0.0187835693359
77744,0.0194244384766
77745,0.0201873779297
77746,0.0198211669922
77747,0.0195159912109
77748,0.0184173583984
77749,0.0195007324219
77750,0.0175628662109
77751,0.0184173583984
77752,0.0161895751953
77753,0.0345153808594
77754,0.0347290039062
77755,0.0359497070312
77756,0.0365905761719
77757,0.0364379882812
77758,0.0278778076172
77759,0.0278015136719
77760,0.0273895263672
77761,0.028076171875
77762,0.0295257568359
77763,0.0277252197266
77764,0.0274047851562
77765,0.0282897949219
77766,0.0285949707031
77767,0.0258331298828
77768,0.0247497558594
77769,0.0250244140625
77770,0.0261383056641
77771,0.0283203125
77772,0.0273132324219
77773,0.0276031494141
77774,0.0271301269531
77775,0.0276336669922
77776,0.0287170410156
77777,0.0272521972656
77778,0.0263824462891
77779,0.0269622802734
77780,0.0232543945312
77781,0.0228271484375
77782,0.0229187011719
77783,0.0238342285156
77784,0.0230407714844
77785,0.0234680175781
77786,0.0236511230469
77787,0.0239715576172
77788,0.026123046875
77789,0.0259399414062
77790,0.0261077880859
77791,0.0255889892578
77792,0.0263519287109
77793,0.0268859863281
77794,0.0256958007812
77795,0.0262451171875
77796,0.0267486572266
77797,0.0267944335938
77798,0.0
77799,8.85128974915e-05
77800,0.00130939483643
77801,0.00227546691895
77802,0.00242233276367
77803,0.00393676757812
77804,0.0042610168457
77805,0.00698471069336
77806,0.00950622558594
77807,0.00992584228516
77808,0.0112915039062
77809,0.0123062133789
77810,0.0126800537109
77811,0.0116729736328
77812,0.0104904174805
77813,0.0207672119141
77814,0.0234069824219
77815,0.0250091552734
77816,0.0294952392578
77817,0.0290985107422
77818,0.0290069580078
77819,0.027587890625
77820,0.0287170410156
77821,0.0331726074219
77822,0.03369140625
77823,0.0326538085938
77824,0.031982421875
77825,0.0317077636719
77826,0.0307922363281
77827,0.0307922363281
77828,0.0318603515625
77829,0.0438232421875
77830,0.0370178222656
77831,0.0370788574219
77832,0.0356140136719
77833,0.0346984863281
77834,0.034423828125
77835,0.0348205566406
77836,0.0334167480469
77837,0.0337524414062
77838,0.033447265625
77839,0.033203125
77840,0.0338745117188
77841,0.0342407226562
77842,0.0332946777344
77843,0.0335693359375
77844,0.0328979492188
77845,0.0331420898438
77846,0.0348815917969
77847,0.0373229980469
77848,0.0369873046875
77849,0.0374755859375
77850,0.0389709472656
77851,0.0364379882812
77852,0.0365905761719
77853,0.0353698730469
77854,0.0364685058594
77855,0.0362243652344
77856,0.0348510742188
77857,0.0357055664062
77858,0.0343322753906
77859,0.0334167480469
77860,0.0336608886719
77861,0.0326843261719
77862,0.0
77863,0.000431060791016
77864,0.0031623840332
77865,0.00365447998047
77866,0.00506591796875
77867,0.00723648071289
77868,0.00726699829102
77869,0.00672912597656
77870,0.00830078125
77871,0.00859069824219
77872,0.010871887207
77873,0.0114822387695
77874,0.0113372802734
77875,0.0255432128906
77876,0.0263061523438
77877,0.0259552001953
77878,0.0261993408203
77879,0.0256042480469
77880,0.0263824462891
77881,0.0268249511719
77882,0.0258178710938
77883,0.0263366699219
77884,0.0257110595703
77885,0.0254516601562
77886,0.0233917236328
77887,0.0230865478516
77888,0.0236663818359
77889,0.0242767333984
77890,0.0235595703125
77891,0.0253601074219
77892,0.0249328613281
77893,0.030517578125
77894,0.0291290283203
77895,0.0293426513672
77896,0.0294952392578
77897,0.0289154052734
77898,0.0379638671875
77899,0.0410461425781
77900,0.0569458007812
77901,0.0583190917969
77902,0.0581970214844
77903,0.0601196289062
77904,0.0541687011719
77905,0.053466796875
77906,0.0539855957031
77907,0.0549621582031
77908,0.0543823242188
77909,0.0545043945312
77910,0.0553588867188
77911,0.042236328125
77912,0.0483703613281
77913,0.0455322265625
77914,0.0453796386719
77915,0.0451049804688
77916,0.0422668457031
77917,0.0419921875
77918,0.0470275878906
77919,0.0455322265625
77920,0.0467529296875
77921,0.0472717285156
77922,0.0472717285156
77923,0.0482788085938
77924,0.0455627441406
77925,0.0469360351562
77926,0.0
77927,0.000295639038086
77928,0.000221729278564
77929,0.000785827636719
77930,0.00274848937988
77931,0.00354957580566
77932,0.00418853759766
77933,0.00539016723633
77934,0.00577545166016
77935,0.00553131103516
77936,0.0114822387695
77937,0.00971221923828
77938,0.0102996826172
77939,0.0103302001953
77940,0.014045715332
77941,0.0151519775391
77942,0.0159912109375
77943,0.0150909423828
77944,0.0151596069336
77945,0.0165710449219
77946,0.0293579101562
77947,0.0240325927734
77948,0.0228576660156
77949,0.033447265625
77950,0.0273284912109
77951,0.0267791748047
77952,0.0270385742188
77953,0.0281066894531
77954,0.0288543701172
77955,0.0296936035156
77956,0.0391235351562
77957,0.0338134765625
77958,0.0335693359375
77959,0.0319213867188
77960,0.0311737060547
77961,0.0401306152344
77962,0.0406799316406
77963,0.0406494140625
77964,0.0399780273438
77965,0.0406188964844
77966,0.0420532226562
77967,0.0408630371094
77968,0.0377502441406
77969,0.03857421875
77970,0.0611267089844
77971,0.0560607910156
77972,0.0539245605469
77973,0.0535278320312
77974,0.0531921386719
77975,0.0531005859375
77976,0.053955078125
77977,0.05615234375
77978,0.05615234375
77979,0.0559997558594
77980,0.0509338378906
77981,0.0498352050781
77982,0.0483093261719
77983,0.0502014160156
77984,0.0508117675781
77985,0.0525207519531
77986,0.0502014160156
77987,0.0437316894531
77988,0.0417175292969
77989,0.0415344238281
77990,0.0
77991,0.000668525695801
77992,0.000692844390869
77993,0.000967502593994
77994,0.00172901153564
77995,0.00216293334961
77996,0.00305366516113
77997,0.00460052490234
77998,0.00536727905273
77999,0.0062255859375
78000,0.00653457641602
78001,0.00749588012695
78002,0.00684356689453
78003,0.00559997558594
78004,0.0059928894043
78005,0.00535583496094
78006,0.00726318359375
78007,0.00746536254883
78008,0.00818634033203
78009,0.00745010375977
78010,0.00818634033203
78011,0.00812530517578
78012,0.00925445556641
78013,0.00977325439453
78014,0.00987243652344
78015,0.00935363769531
78016,0.00978088378906
78017,0.00979614257812
78018,0.0100173950195
78019,0.00916290283203
78020,0.0121917724609
78021,0.0118865966797
78022,0.0110015869141
78023,0.0216522216797
78024,0.0223541259766
78025,0.0205230712891
78026,0.0204925537109
78027,0.0353088378906
78028,0.0352478027344
78029,0.0361328125
78030,0.0346069335938
78031,0.0336303710938
78032,0.0306701660156
78033,0.0314331054688
78034,0.032470703125
78035,0.0424194335938
78036,0.0432739257812
78037,0.042724609375
78038,0.0437316894531
78039,0.0437622070312
78040,0.0426330566406
78041,0.0429077148438
78042,0.0429077148438
78043,0.0437622070312
78044,0.0447998046875
78045,0.0453186035156
78046,0.0432434082031
78047,0.0426940917969
78048,0.0399475097656
78049,0.040771484375
78050,0.0370788574219
78051,0.0376892089844
78052,0.0370483398438
78053,0.0336608886719
78054,0.0
78055,6.16312026978e-05
78056,0.000209450721741
78057,0.0033073425293
78058,0.00475692749023
78059,0.00539779663086
78060,0.0105056762695
78061,0.0107955932617
78062,0.00830078125
78063,0.00997924804688
78064,0.0102310180664
78065,0.0100860595703
78066,0.010383605957
78067,0.0108108520508
78068,0.0110168457031
78069,0.0110244750977
78070,0.0114059448242
78071,0.0137252807617
78072,0.013916015625
78073,0.0134429931641
78074,0.0257110595703
78075,0.0268707275391
78076,0.0270843505859
78077,0.0271911621094
78078,0.0267333984375
78079,0.0272064208984
78080,0.0272979736328
78081,0.0267639160156
78082,0.0280151367188
78083,0.0243682861328
78084,0.0254516601562
78085,0.0252380371094
78086,0.02490234375
78087,0.0215759277344
78088,0.0225830078125
78089,0.0206909179688
78090,0.0212860107422
78091,0.0206604003906
78092,0.0213775634766
78093,0.0206451416016
78094,0.0208587646484
78095,0.0211639404297
78096,0.0200347900391
78097,0.0207824707031
78098,0.0221557617188
78099,0.0235900878906
78100,0.0271759033203
78101,0.0269622802734
78102,0.026123046875
78103,0.0265197753906
78104,0.0267181396484
78105,0.0261688232422
78106,0.0263214111328
78107,0.0266876220703
78108,0.0257110595703
78109,0.0278167724609
78110,0.0271911621094
78111,0.0274353027344
78112,0.0282287597656
78113,0.0283508300781
78114,0.0293273925781
78115,0.0290832519531
78116,0.0294952392578
78117,0.0258941650391
78118,0.0
78119,1.23381614685e-05
78120,0.000283241271973
78121,0.00121212005615
78122,0.00225257873535
78123,0.00302505493164
78124,0.00396347045898
78125,0.00529098510742
78126,0.00522994995117
78127,0.00552749633789
78128,0.00493621826172
78129,0.00553512573242
78130,0.00679779052734
78131,0.00740814208984
78132,0.00603485107422
78133,0.00598907470703
78134,0.00619125366211
78135,0.00688934326172
78136,0.00693893432617
78137,0.00848388671875
78138,0.00822448730469
78139,0.00827026367188
78140,0.00811767578125
78141,0.00780868530273
78142,0.0076904296875
78143,0.00811004638672
78144,0.00904846191406
78145,0.00784301757812
78146,0.00746917724609
78147,0.00725173950195
78148,0.0068473815918
78149,0.00789642333984
78150,0.00881195068359
78151,0.00981140136719
78152,0.0084228515625
78153,0.00812530517578
78154,0.00902557373047
78155,0.00825500488281
78156,0.00927734375
78157,0.00940704345703
78158,0.010627746582
78159,0.0103225708008
78160,0.0108261108398
78161,0.00778961181641
78162,0.00777053833008
78163,0.00867462158203
78164,0.00907897949219
78165,0.00909423828125
78166,0.00991058349609
78167,0.0121383666992
78168,0.0125579833984
78169,0.0127410888672
78170,0.0133285522461
78171,0.0135650634766
78172,0.0127944946289
78173,0.0120697021484
78174,0.0126571655273
78175,0.0138931274414
78176,0.0167388916016
78177,0.0163726806641
78178,0.0171966552734
78179,0.0203857421875
78180,0.0206451416016
78181,0.0209197998047
78182,0.0
78183,6.16312026978e-05
78184,0.000262022018433
78185,0.000925064086914
78186,0.00108909606934
78187,0.00242805480957
78188,0.00362586975098
78189,0.00392532348633
78190,0.00473785400391
78191,0.00500869750977
78192,0.00536727905273
78193,0.00557327270508
78194,0.00579833984375
78195,0.00648498535156
78196,0.00653839111328
78197,0.00742340087891
78198,0.00785827636719
78199,0.00739288330078
78200,0.00830841064453
78201,0.00852966308594
78202,0.0115814208984
