4,4.99531745911
5,5.03522205353
6,4.84098148346
7,5.14569711685
8,4.96534919739
9,5.10573768616
10,5.08120107651
11,5.11536884308
12,5.18112564087
13,5.02942180634
14,5.06142377853
15,4.98187828064
16,5.04986953735
17,4.94769096375
18,5.08592224121
19,4.94230747223
20,5.04821395874
21,4.92352581024
22,4.93079662323
23,5.2015414238
24,5.20923185349
25,4.9765586853
26,5.16314220428
27,5.05940151215
28,4.79668807983
29,5.01080703735
30,5.16362285614
31,4.91679859161
32,5.08134794235
33,5.41291713715
34,5.21459579468
35,4.73713111877
36,5.21423339844
37,5.08680057526
38,5.23186683655
39,5.109998703
40,4.89082431793
41,5.16229438782
42,4.8125667572
43,5.15913009644
44,5.11287736893
45,5.39207267761
46,5.13463783264
47,5.1405916214
48,5.04481935501
49,5.03317499161
50,5.3477306366
51,5.24404144287
52,5.00088500977
53,5.00638055801
54,4.95801973343
55,4.93490791321
56,5.1169552803
57,5.06163787842
58,5.20889902115
59,5.03680849075
60,5.03839492798
61,4.88497543335
62,5.15896511078
63,4.93826532364
64,5.1417722702
65,4.9830160141
66,5.00743055344
67,5.19651651382
68,4.91950130463
69,5.08929538727
70,4.89998340607
71,4.86398935318
72,5.03244495392
73,4.98892116547
74,4.67032814026
75,4.72535896301
76,4.9721570015
77,5.09413957596
78,4.97128677368
79,5.06583881378
80,5.08617782593
81,4.803358078
82,5.05356407166
83,4.95174407959
84,4.95882129669
85,4.92899227142
86,5.02021503448
87,5.00942134857
88,4.79046154022
89,4.76525402069
90,4.81734991074
91,4.79720258713
92,4.94465351105
93,4.76523828506
94,4.80742454529
95,4.91089105606
96,5.0673623085
97,4.87796497345
98,4.55402183533
99,4.87790203094
100,4.74489307404
101,5.02004528046
102,4.94648742676
103,5.20235109329
104,4.95722770691
105,4.96160840988
106,4.58933830261
107,5.00733566284
108,4.73723506927
109,4.57813167572
110,4.69263839722
111,4.79466533661
112,4.37074661255
113,4.89989852905
114,4.94480848312
115,4.84016275406
116,4.61827468872
117,5.08190727234
118,4.52566337585
119,4.88075733185
120,5.03854942322
121,4.98887109756
122,4.73918914795
123,4.77370548248
124,4.63283824921
125,5.11381101608
126,4.73562335968
127,4.8444108963
128,4.84547233582
129,5.00270557404
130,4.75551509857
131,4.79328536987
132,4.49709939957
133,4.81595611572
134,4.78269958496
135,4.91431903839
136,4.82105541229
137,4.75125789642
138,4.9324889183
139,5.10371589661
140,4.8957824707
141,4.95513629913
142,4.86816644669
143,5.09088134766
144,4.9017162323
145,4.7840256691
146,4.49438762665
147,4.81723976135
148,4.73797082901
149,4.97261238098
150,4.77305984497
151,4.76176214218
152,4.71218299866
153,4.50079536438
154,4.76174116135
155,4.67712974548
156,4.87210416794
157,4.61519622803
158,4.87474060059
159,4.69738435745
160,4.76859235764
161,4.91451644897
162,4.85206317902
163,4.67464256287
164,4.64522314072
165,5.14050769806
166,4.79539299011
167,4.83454704285
168,4.87686443329
169,4.67334365845
170,4.63434457779
171,4.68966674805
172,4.54823493958
173,4.69978904724
174,4.54165744781
175,4.79575777054
176,4.55720663071
177,4.54453468323
178,4.77987384796
179,4.79279613495
180,4.96351480484
181,5.03334474564
182,4.70549869537
183,4.58326721191
184,4.71263170242
185,4.6842546463
186,4.75174427032
187,4.3123793602
188,4.93083000183
189,4.74000549316
190,4.64248847961
191,4.89139795303
192,4.8243470192
193,4.79403114319
194,4.77160453796
195,4.89689254761
196,4.65690612793
197,4.69283342361
198,4.89660167694
199,4.85354232788
200,4.6441078186
201,4.54295158386
202,4.85618400574
203,4.61708641052
204,4.78637599945
205,4.61802577972
206,4.70489597321
207,4.70495605469
208,4.70801830292
209,5.05960464478
210,4.83987474442
211,4.57135868073
212,4.74424743652
213,4.84662532806
214,4.76787042618
215,4.81443023682
216,4.83730697632
217,4.72536373138
218,4.76989746094
219,4.55940151215
220,4.77708911896
221,4.73309421539
222,4.51697254181
223,4.56287050247
224,4.45802402496
225,4.55838632584
226,4.70901489258
227,4.83112478256
228,4.55858802795
229,4.55513858795
230,4.7178401947
231,4.89846420288
232,4.64981555939
233,4.83527946472
234,4.7941660881
235,4.66207122803
236,4.61342573166
237,4.88156890869
238,4.78159713745
239,4.69349193573
240,4.55968999863
241,4.84778738022
242,4.70042228699
243,4.73591661453
244,4.87037277222
245,4.81029987335
246,4.62319660187
247,4.73847389221
248,4.6766500473
249,4.69812202454
250,4.7108669281
251,4.56202125549
252,4.7533864975
253,4.57238674164
254,4.85364055634
255,4.64614391327
256,4.62865257263
257,4.81094551086
258,4.63349580765
259,4.74050569534
260,4.58576488495
261,4.49881362915
262,4.84466362
263,4.70558786392
264,4.88317108154
265,4.64640140533
266,4.67008399963
267,4.75558376312
268,4.37833118439
269,4.91104030609
270,4.65792942047
271,4.30953168869
272,4.56452512741
273,4.43467998505
274,4.49493312836
275,4.67789077759
276,4.91809177399
277,4.93650817871
278,4.52463579178
279,4.81513834
280,4.76946115494
281,4.57248592377
282,4.89325237274
283,4.68526935577
284,4.49897480011
285,4.58168697357
286,4.67577362061
287,4.54470443726
288,4.59067630768
289,4.55317163467
290,4.66944980621
291,4.54896879196
292,4.66061210632
293,4.61720991135
294,4.57445383072
295,4.64602565765
296,4.446185112
297,4.74869298935
298,4.62562561035
299,4.60906124115
300,4.57712602615
301,4.67443656921
302,4.60853242874
303,4.50714588165
304,4.72995710373
305,4.61556529999
306,4.92043495178
307,4.6974105835
308,4.72393465042
309,4.65694999695
310,4.66884565353
311,4.73917388916
312,4.48132038116
313,4.47151756287
314,4.65269804001
315,4.70050048828
316,4.82646512985
317,4.50404834747
318,4.55383491516
319,4.44541883469
320,4.76415538788
321,4.78553390503
322,4.6017947197
323,4.65785980225
324,4.82827711105
325,4.56443738937
326,4.57637834549
327,4.6684961319
328,4.4509472847
329,4.48059558868
330,4.4330329895
331,4.64330768585
332,4.73109817505
333,4.55693531036
334,4.56268215179
335,4.54267978668
336,4.64050388336
337,4.58719110489
338,4.70017242432
339,4.6096405983
340,4.54856395721
341,4.46564388275
342,4.58664131165
343,4.40285539627
344,4.53352832794
345,4.66282129288
346,4.58544588089
347,4.71795654297
348,4.41951751709
349,4.58692121506
350,4.54425859451
351,4.46752738953
352,4.57615232468
353,4.46910572052
354,4.70992326736
355,4.43965244293
356,4.551820755
357,4.43438911438
358,4.68315219879
359,4.70657968521
360,4.33617019653
361,4.63865661621
362,4.51956987381
363,4.72282648087
364,4.52787494659
365,4.5284204483
366,4.75582313538
367,4.57991600037
368,4.71012020111
369,4.60853004456
370,4.60461711884
371,4.70488548279
372,4.73665428162
373,4.67519664764
374,4.51485538483
375,4.63392543793
376,4.673620224
377,4.5660610199
378,4.5675983429
379,4.6498260498
380,4.6939663887
381,4.70017242432
382,4.60143089294
383,4.53504371643
384,4.56874418259
385,4.65049648285
386,4.53924179077
387,4.49489784241
388,4.85316371918
389,4.55850505829
390,4.55298566818
391,4.51900959015
392,4.53124809265
393,4.49086380005
394,4.52551269531
395,4.45283985138
396,4.55307769775
397,4.62161016464
398,4.76979637146
399,4.64608669281
400,4.76669740677
401,4.49482727051
402,4.70553016663
403,4.68462991714
404,4.56237030029
405,4.77519416809
406,4.56628799438
407,4.4950876236
408,4.67236375809
409,4.54765367508
410,4.54297399521
411,4.53804302216
412,4.48873996735
413,4.51233959198
414,4.69769430161
415,4.31735420227
416,4.53430461884
417,4.64961719513
418,4.54243659973
419,4.64519119263
420,4.69423007965
421,4.59015274048
422,4.40431594849
423,4.59349822998
424,4.54677677155
425,4.58303165436
426,4.5754327774
427,4.58759593964
428,4.50337409973
429,4.34539794922
430,4.70276498795
431,4.86764812469
432,4.56208610535
433,4.5721411705
434,4.68343162537
435,4.44543457031
436,4.54927921295
437,4.81228065491
438,4.4640455246
439,4.46516609192
440,4.52882957458
441,4.69191551208
442,4.54547214508
443,4.41367053986
444,4.71850585938
445,4.68914556503
446,4.33947277069
447,4.51368141174
448,4.72523880005
449,4.52537155151
450,4.51001358032
451,4.4779958725
452,4.42182445526
453,4.69033288956
454,4.35748004913
455,4.64852523804
456,4.35079526901
457,4.46362686157
458,4.36846065521
459,4.69821357727
460,4.58726167679
461,4.78540992737
462,4.69486427307
463,4.49963665009
464,4.40420150757
465,4.42755508423
466,4.49502563477
467,4.39041233063
468,4.55598783493
469,4.61379528046
470,4.45397138596
471,4.32771110535
472,4.54582309723
473,4.6419467926
474,4.47801923752
475,4.56434726715
476,4.37109470367
477,4.39523553848
478,4.39735031128
479,4.56181097031
480,4.3843460083
481,4.64748287201
482,4.41654157639
483,4.70044994354
484,4.61054611206
485,4.5974855423
486,4.25853300095
487,4.63708925247
488,4.58990859985
489,4.46119689941
490,4.6608877182
491,4.53802061081
492,4.55985116959
493,4.58589458466
494,4.67276573181
495,4.35546588898
496,4.53560733795
497,4.46142292023
498,4.62593460083
499,4.55937099457
500,4.70915651321
501,4.43259382248
502,4.48481750488
503,4.50045824051
504,4.48916006088
505,4.48320293427
506,4.49758481979
507,4.82090473175
508,4.68147230148
509,4.30284881592
510,4.70023536682
511,4.71829605103
512,4.49609136581
513,4.71616268158
514,4.38356399536
515,4.35092163086
516,4.6302280426
517,4.34683465958
518,4.38385772705
519,4.54851436615
520,4.42921352386
521,4.65848636627
522,4.46881389618
523,4.4413318634
524,4.68663787842
525,4.4192609787
526,4.4769744873
527,4.55325031281
528,4.23215579987
529,4.65075874329
530,4.24806308746
531,4.50228214264
532,4.37466955185
533,4.51519441605
534,4.63854980469
535,4.61752223969
536,4.49201726913
537,4.2656211853
538,4.59716558456
539,4.46516895294
540,4.3677444458
541,4.40182828903
542,4.70607328415
543,4.53956460953
544,4.52242946625
545,4.34402370453
546,4.38853263855
547,4.50329685211
548,4.51069641113
549,4.4785528183
550,4.5595240593
551,4.4400305748
552,4.69654226303
553,4.19403743744
554,4.51312017441
555,4.51285648346
556,4.54461145401
557,4.36585426331
558,4.64403295517
559,4.36337661743
560,4.5243396759
561,4.57148647308
562,4.61739683151
563,4.38065242767
564,4.45291042328
565,4.57145023346
566,4.54623031616
567,4.25734519958
568,4.52840232849
569,4.77185249329
570,4.69274520874
571,4.49092960358
572,4.46488618851
573,4.71406364441
574,4.57077121735
575,4.50392436981
576,4.51203250885
577,4.64427280426
578,4.39751529694
579,4.48657798767
580,4.55910921097
581,4.6197052002
582,4.40676879883
583,4.48203277588
584,4.35058879852
585,4.36850357056
586,4.74071836472
587,4.32411956787
588,4.4492430687
589,4.41450500488
590,4.38943529129
591,4.49567461014
592,4.55168199539
593,4.19381189346
594,4.39260578156
595,4.32338857651
596,4.54816436768
597,4.56150627136
598,4.32387495041
599,4.391497612
600,4.54896879196
601,4.37845373154
602,4.3863120079
603,4.49967956543
604,4.24921131134
605,4.49308776855
606,4.47660160065
607,4.4450302124
608,4.62687397003
609,4.51393795013
610,4.57644701004
611,4.40799617767
612,4.66664123535
613,4.48262548447
614,4.51088905334
615,4.51540374756
616,4.27773475647
617,4.34479236603
618,4.0710811615
619,4.27253961563
620,4.23839855194
621,4.27286529541
622,4.28544998169
623,4.44479179382
624,4.5318031311
625,4.49273395538
626,4.52452421188
627,4.46510791779
628,4.35738420486
629,4.56243801117
630,4.63850641251
631,4.47254180908
632,4.39943027496
633,4.31913423538
634,4.77113389969
635,4.29824829102
636,4.65794706345
637,4.35694885254
638,4.44298839569
639,4.40552043915
640,4.27805328369
641,4.45160579681
642,4.46398496628
643,4.64303779602
644,4.69573736191
645,4.51895046234
646,4.26193237305
647,4.53087759018
648,4.41933012009
649,4.47819757462
650,4.44245624542
651,4.5105342865
652,4.46472930908
653,4.34909152985
654,4.42271900177
655,4.38985443115
656,4.47758769989
657,4.49261331558
658,4.22467327118
659,4.49391317368
660,4.20591878891
661,4.32923221588
662,4.54478168488
663,5.19570732117
664,4.45472383499
665,4.23436880112
666,4.4739522934
667,4.28786087036
668,4.32011795044
669,4.30567884445
670,4.34132957458
671,4.32596921921
672,4.34118938446
673,4.72058820724
674,4.42346191406
675,4.59803771973
676,4.43563556671
677,4.38663196564
678,4.33111810684
679,4.43700551987
680,4.45181655884
681,4.34883594513
682,4.33927345276
683,4.3698143959
684,4.66248226166
685,4.3755197525
686,4.32674741745
687,4.45289611816
688,4.44053173065
689,4.57337856293
690,4.61788749695
691,4.32608795166
692,4.41513872147
693,4.59021759033
694,4.57314062119
695,4.40242671967
696,4.47652006149
697,4.45015954971
698,4.44198179245
699,4.37542009354
700,4.41760158539
701,4.51678133011
702,4.21309804916
703,4.37383842468
704,4.40879964828
705,4.4454202652
706,4.28083992004
707,4.30468940735
708,4.56826114655
709,4.48904895782
710,4.27266120911
711,4.49860286713
712,4.35720062256
713,4.26653766632
714,4.263463974
715,4.36904382706
716,4.18866539001
717,4.20921134949
718,4.39368343353
719,4.40025043488
720,4.2692527771
721,4.56681346893
722,4.59262561798
723,4.39174365997
724,4.41029882431
725,4.32966279984
726,4.50173568726
727,4.27411556244
728,4.51122808456
729,4.56442546844
730,4.40590667725
731,4.60623121262
732,4.49060821533
733,4.27884960175
734,4.16184329987
735,4.35128831863
736,4.54040718079
737,4.34632396698
738,4.3749165535
739,4.45567989349
740,4.459025383
741,4.54795312881
742,4.27433204651
743,4.52013492584
744,4.38148355484
745,4.43547582626
746,4.50195550919
747,4.43542194366
748,4.46388053894
749,4.72175645828
750,4.68822956085
751,4.53529787064
752,4.40371799469
753,4.57704257965
754,4.4668636322
755,4.36596775055
756,4.44294786453
757,4.44914054871
758,4.36852073669
759,4.77674865723
760,4.32651615143
761,4.41605520248
762,4.5112452507
763,4.42859649658
764,4.39656496048
765,4.46376132965
766,4.56392335892
767,4.36883115768
768,4.52765083313
769,4.41183280945
770,4.21121644974
771,4.38478755951
772,4.68747234344
773,4.39585876465
774,4.31838607788
775,4.53620815277
776,4.47656106949
777,4.35787963867
778,4.72337532043
779,4.45938968658
780,4.19144868851
781,4.14175271988
782,4.67353248596
783,4.47372817993
784,4.47168540955
786,4.2702755928
787,4.21275186539
788,4.27579307556
789,4.47243118286
790,4.48225688934
791,4.20619916916
792,4.44673728943
793,4.48038625717
794,4.38287639618
795,4.35981369019
796,4.24792957306
797,4.73633480072
798,4.55847358704
799,4.40127801895
800,4.42238426208
801,4.42963886261
802,4.51708316803
803,4.39845848083
804,4.28022480011
805,4.33087396622
806,4.53967380524
807,4.25957012177
808,4.27523946762
809,4.30690670013
810,4.43243312836
811,4.38949680328
812,4.37448453903
813,4.42441654205
814,4.26087760925
815,4.60198736191
816,4.36302042007
817,4.2348613739
818,4.28626537323
819,4.33095932007
820,4.29640388489
821,4.44771194458
822,4.40576267242
823,4.41645812988
824,4.46757316589
825,4.53151750565
826,4.44440031052
827,4.30022096634
828,4.43204498291
829,4.28193664551
830,4.3457698822
831,4.53512907028
832,4.3423948288
833,4.35635757446
834,4.37033748627
835,4.52875614166
836,4.50865459442
837,4.36577320099
838,4.53443670273
839,4.53998088837
840,4.62224960327
841,4.44520902634
842,4.42861652374
843,4.49626350403
844,4.33447265625
845,4.25753355026
846,4.36430740356
847,4.4769487381
848,4.41758155823
849,4.33348274231
850,4.30785512924
851,4.26562356949
852,4.33134841919
853,4.34380722046
854,4.29718112946
855,4.41589164734
856,4.4348487854
857,4.38979768753
858,4.24477338791
859,4.3465924263
860,4.27293586731
861,4.50922489166
862,4.21576213837
863,4.44220209122
864,4.49464941025
865,4.52087211609
866,4.41022634506
867,4.34797859192
868,4.56603574753
869,4.60640764236
870,4.28533267975
871,4.43334579468
872,4.42095851898
873,4.35066843033
874,4.42352581024
875,4.35267925262
876,4.46761655807
877,4.33498477936
878,4.44586849213
879,4.45820569992
880,4.65065097809
881,4.52778863907
882,4.29717445374
883,4.28310012817
884,4.37329721451
885,4.42394304276
886,4.30854654312
887,4.44225597382
888,4.5676856041
889,4.37908267975
890,4.33930110931
891,4.18085002899
892,4.37066268921
893,4.28397846222
894,4.4264125824
895,4.50390148163
896,4.43313407898
897,4.49228000641
898,4.47477531433
899,4.43201828003
900,4.17069959641
901,4.52290630341
902,4.32146310806
903,4.29151344299
904,4.59783744812
905,4.42527151108
906,4.36753606796
907,4.38738536835
908,4.26962852478
909,4.70955228806
910,4.1417798996
911,4.39287662506
912,4.20046186447
913,4.52851963043
914,4.18507862091
915,4.50403118134
916,4.29408979416
917,4.31753396988
918,4.32789564133
919,4.37032032013
920,4.44487667084
921,4.26202201843
922,4.11468553543
923,4.32080554962
924,4.34280014038
925,4.27229309082
926,4.4365105629
927,4.2050280571
928,4.31083679199
929,4.33514881134
930,4.54648017883
931,4.39309597015
932,4.33729791641
933,4.29753923416
934,4.26881694794
935,4.33121824265
936,4.63485336304
937,4.50602817535
938,4.37959861755
939,4.4941444397
940,4.19169712067
941,4.37860202789
942,4.20880079269
943,4.37587928772
944,4.3089017868
945,4.29485702515
946,4.22857666016
947,4.35913133621
948,4.50518417358
949,4.61473369598
950,4.39885044098
951,4.33513069153
952,4.23429775238
953,4.22108268738
954,4.31302547455
955,4.37555027008
956,4.48474168777
957,4.3269405365
958,4.49081420898
959,4.44547843933
960,4.32517337799
961,4.33230876923
962,4.38751649857
963,4.43538284302
964,4.51286888123
965,4.33563804626
966,4.63919448853
967,4.46608448029
968,4.30371189117
969,4.50042819977
970,4.42872095108
971,4.32758712769
972,4.39423036575
973,4.08586406708
974,4.23438453674
975,4.15365600586
976,4.67594909668
977,4.31631660461
978,4.47106266022
979,4.47110319138
980,4.35155057907
981,4.15535831451
982,4.20727825165
983,4.39385318756
984,4.2307138443
985,4.33981370926
986,4.36364173889
987,4.59703159332
988,4.07381057739
989,4.24037265778
990,4.25216293335
991,4.27669811249
992,4.28138017654
993,4.49945020676
994,4.51724147797
995,4.39724826813
996,4.16600418091
997,4.33222532272
998,4.42281389236
999,4.34841489792
1000,4.4390411377
1001,4.33784294128
1002,4.40019226074
1003,4.46068525314
1004,4.43398952484
1005,4.18490123749
1006,4.44863510132
1007,4.3089928627
1008,4.49117803574
1009,4.14148712158
1010,4.44756889343
1011,4.31482601166
1012,4.21205997467
1013,4.36262702942
1014,4.21636152267
1015,4.17226696014
1016,4.38315868378
1017,4.29147529602
1018,4.50472927094
1019,4.2855052948
1020,4.24848556519
1021,4.29427957535
1022,4.43269109726
1023,4.2163233757
1024,4.31636190414
1025,4.35530567169
1026,4.39269304276
1027,4.23199653625
1028,4.41778707504
1029,4.30389070511
1030,4.48246955872
1031,4.30697917938
1032,4.25146055222
1033,4.45808935165
1034,4.37332391739
1035,4.09278011322
1036,4.11948013306
1037,4.34647274017
1038,4.33762598038
1039,4.32825517654
1040,4.38424015045
1041,4.3106212616
1042,4.24395227432
1043,4.31278657913
1044,4.58423709869
1045,4.42344713211
1046,4.28950786591
1047,4.37253761292
1048,4.31411457062
1049,4.17667865753
1050,4.3032245636
1051,4.28029108047
1052,4.83987998962
1053,4.26301336288
1054,4.32666778564
1055,4.14482498169
1056,4.16503620148
1057,4.24590349197
1058,4.19975662231
1059,4.42328929901
1060,4.43997716904
1061,4.594871521
1062,4.16551685333
1063,4.27766895294
1064,4.38070344925
1065,4.40495824814
1066,4.31589603424
1067,4.11035633087
1068,4.37649250031
1069,4.36321878433
1070,4.30512475967
1071,4.37382793427
1072,4.4333896637
1073,4.32581663132
1074,4.38760566711
1075,4.38854265213
1076,4.32329893112
1077,4.23626708984
1078,4.58677101135
1079,4.17706489563
1080,4.24188327789
1081,4.23462295532
1082,4.32993936539
1083,4.20182323456
1084,4.10575580597
1085,4.26237535477
1086,4.28144741058
1087,4.24584770203
1088,4.51348686218
1089,4.32313251495
1090,4.24395275116
1091,4.39875555038
1092,4.3860001564
1093,4.30483150482
1094,4.3821182251
1095,4.3618721962
1096,4.2884054184
1097,4.16703033447
1098,4.45221614838
1099,4.5272898674
1100,4.41627979279
1101,4.20894050598
1102,4.20359802246
1103,4.41054344177
1104,4.24895858765
1105,4.3067150116
1106,4.48562765121
1107,4.19004058838
1108,4.20051956177
1109,4.27206611633
1110,4.47323226929
1111,4.23512458801
1112,4.48113822937
1113,4.19882774353
1114,4.24139070511
1115,4.32297325134
1116,4.4328250885
1117,4.92567539215
1118,4.36253738403
1119,4.20322370529
1120,4.87379837036
1121,4.35010242462
1122,4.31499385834
1123,4.36973667145
1124,4.40007162094
1125,4.39466810226
1126,4.44896936417
1127,4.30636358261
1128,4.26720046997
1129,4.41238451004
1130,4.43335103989
1131,4.33893108368
1132,4.27258491516
1133,4.17244434357
1134,4.66898870468
1135,4.77144479752
1136,4.42140579224
1137,4.20771789551
1138,4.27878475189
1139,4.00866985321
1140,4.28447246552
1141,4.25412750244
1142,4.36865615845
1143,4.1992225647
1144,4.29834079742
1145,4.09726333618
1146,4.14848136902
1147,4.15938949585
1148,4.25834131241
1149,4.19611930847
1150,4.58356761932
1151,4.40981292725
1152,4.34714317322
1153,4.3612279892
1154,4.23362398148
1155,4.48565483093
1156,4.26422357559
1157,4.26714420319
1158,4.27038669586
1159,4.17573642731
1160,4.12754440308
1161,4.29400587082
1162,4.3366765976
1163,4.38222742081
1164,4.83722782135
1165,4.35605239868
1166,4.24716424942
1167,4.11901092529
1168,4.34501838684
1169,4.35369491577
1170,4.36252403259
1171,4.20021486282
1172,4.31840229034
1173,4.69095039368
1174,4.27434825897
1175,4.08971118927
1176,4.30174303055
1177,4.49413156509
1178,4.39083433151
1179,4.15185785294
1180,4.20295619965
1181,4.60450267792
1182,4.58945226669
1183,4.50331068039
1184,4.26317071915
1185,4.48210763931
1186,4.24833965302
1187,4.34615325928
1188,4.30700111389
1189,4.29667615891
1190,4.19154691696
1191,4.36383581161
1192,4.3294839859
1193,4.3850274086
1194,4.2973742485
1195,4.50189781189
1196,4.32376337051
1197,4.31035614014
1198,4.19817829132
1199,4.26086330414
1200,4.23916006088
1201,4.24956417084
1202,4.35286045074
1203,4.39888763428
1204,4.3203830719
1205,4.29266405106
1206,4.28541946411
1207,4.25064706802
1208,4.39165592194
1209,4.13941383362
1210,4.32657623291
1211,4.29304981232
1212,4.13191986084
1213,4.55879020691
1214,4.13374137878
1215,4.4092168808
1216,4.17619228363
1217,4.35907793045
1218,4.3613653183
1219,4.27558517456
1220,4.22460079193
1221,4.44828176498
1222,4.20065021515
1223,4.50540685654
1224,4.12750196457
1225,4.33844280243
1226,4.40016365051
1227,4.24516487122
1228,4.18752288818
1229,4.2970790863
1230,4.43804836273
1231,4.4228219986
1232,4.34196186066
1233,4.3052315712
1234,4.23740673065
1235,4.46274709702
1236,4.35096502304
1237,4.32031679153
1238,4.44204807281
1239,4.41034412384
1240,4.24278879166
1241,4.41055488586
1242,4.50935983658
1243,4.40191841125
1244,4.43187999725
1245,4.43630409241
1246,4.31430625916
1247,4.46982002258
1248,4.24129056931
1249,4.71282291412
1250,4.18816280365
1251,4.50831508636
1252,4.61045122147
1253,4.24564504623
1254,4.24349117279
1255,4.52454280853
1256,4.30391311646
1257,4.21372413635
1258,4.3796787262
1259,4.11069917679
1260,4.41107940674
1261,4.53714084625
1262,4.30663108826
1263,4.35785675049
1264,4.39068937302
1265,4.33047199249
1266,4.19180440903
1267,4.39885044098
1268,4.31510829926
1269,4.26411151886
1270,4.23092889786
1271,4.26027488708
1272,4.42394113541
1273,4.27574443817
1274,4.20638275146
1275,4.48237895966
1276,4.28277492523
1277,4.36010169983
1278,4.16819858551
1279,4.39733791351
1280,4.22921705246
1281,4.53093242645
1282,4.08318710327
1283,4.25903129578
1284,4.30889701843
1285,4.30963039398
1286,4.23810005188
1287,4.22614860535
1288,4.49461889267
1289,4.38787269592
1290,4.74433708191
1291,4.20097827911
1292,4.28229522705
1293,4.37757110596
1294,4.18915319443
1295,4.29399633408
1296,4.33235645294
1297,4.19467687607
1298,4.30636358261
1299,4.41593742371
1300,4.16189432144
1301,4.37776374817
1302,4.23821115494
1303,4.17505216599
1304,4.10895299911
1305,4.29148101807
1306,4.25942277908
1307,4.14272069931
1308,4.29778003693
1309,4.56972885132
1310,4.17011070251
1311,4.3796005249
1312,4.34155082703
1313,4.85653066635
1314,4.22677612305
1315,4.32131195068
1316,4.26126289368
1317,4.21356582642
1318,4.60047578812
1319,4.25647449493
1320,4.47181129456
1321,4.4513053894
1322,4.23723602295
1323,4.53364849091
1324,4.18395137787
1325,4.17440795898
1326,4.36435699463
1327,4.27790546417
1328,4.15386390686
1329,4.75362825394
1330,4.72081661224
1331,4.23178958893
1332,4.11086940765
1333,4.26312732697
1334,4.52900409698
1335,4.17213582993
1336,4.07570266724
1337,4.286277771
1338,4.46719312668
1339,4.34191989899
1340,4.36122274399
1341,4.24864673615
1342,4.36842346191
1343,4.37363052368
1344,4.3125295639
1345,4.43611621857
1346,4.40285634995
1347,4.24474430084
1348,4.17295837402
1349,4.14658737183
1350,4.53492021561
1351,4.44769668579
1352,4.27531528473
1353,4.40601444244
1354,4.20265007019
1355,4.31679105759
1356,4.46428775787
1357,4.69423103333
1358,4.10800933838
1359,4.16012811661
1360,4.27769565582
1361,4.30916452408
1362,4.22140312195
1363,4.11769008636
1364,4.43047332764
1365,4.53359031677
1366,4.16240501404
1367,4.28529310226
1368,4.24942111969
1369,4.40843105316
1370,4.29069662094
1371,4.55828714371
1372,4.50564146042
1373,4.57311153412
1374,4.13381004333
1375,4.41889667511
1376,4.35390281677
1377,4.20456457138
1378,4.06144189835
1379,4.23071098328
1380,4.3987827301
1381,4.58636760712
1382,4.40345096588
1383,4.39608287811
1384,4.37700080872
1385,4.17766857147
1386,4.39372634888
1387,4.487596035
1388,4.15950012207
1389,4.42838048935
1390,4.30177116394
1391,4.31814813614
1392,4.29916191101
1393,4.37277984619
1394,4.39956474304
1395,4.28757476807
1396,4.1895904541
1397,4.32149171829
1398,4.47131252289
1399,4.1850528717
1400,4.12640380859
1401,4.43357181549
1402,4.43352031708
1403,4.19669151306
1404,4.43613624573
1405,4.43028020859
1406,4.25554180145
1407,4.61709594727
1408,4.45388126373
1409,4.28444671631
1410,4.25256633759
1411,4.26030349731
1412,4.47915649414
1413,4.4482049942
1414,4.33889198303
1415,4.35673093796
1416,4.19598197937
1417,4.06481742859
1418,4.34544754028
1419,4.44129800797
1420,4.29065418243
1421,4.27703380585
1422,4.4373717308
1423,4.80655431747
1424,4.21901464462
1425,4.54980564117
1426,4.20519733429
1427,4.22378730774
1428,4.44887065887
1429,4.35564947128
1430,4.35677337646
1431,4.29250478745
1432,4.27502727509
1433,4.15480709076
1434,4.27472400665
1435,4.47141551971
1436,4.14730739594
1437,4.37620449066
1438,4.43261814117
1439,4.29299116135
1440,4.25976133347
1441,4.24160671234
1442,4.40504789352
1443,4.38441562653
1444,4.19475317001
1445,4.17962503433
1446,4.52311611176
1447,4.24164676666
1448,4.36165094376
1449,4.36784172058
1450,4.21105241776
1451,4.4087934494
1452,4.26993894577
1453,4.16367435455
1454,4.21383857727
1455,4.13736009598
1456,4.37915277481
1457,4.1370344162
1458,4.391664505
1459,4.21845769882
1460,4.65101480484
1461,4.44150447845
1462,4.55866146088
1463,4.15661334991
1464,4.00005626678
1465,4.27088117599
1466,4.19218349457
1467,4.39403438568
1468,4.44951534271
1469,4.26846551895
1470,4.12028026581
1471,4.50787353516
1472,4.21112155914
1473,4.51491212845
1474,4.28565406799
1475,4.21715450287
1476,4.06165122986
1477,4.37186002731
1478,4.27111148834
1479,4.34040737152
1480,4.18632316589
1481,4.27254867554
1482,4.33161640167
1483,4.24514579773
1484,4.33419895172
1485,4.17014408112
1486,4.54164028168
1487,4.27523994446
1488,4.11548852921
1489,4.26690578461
1490,4.41119146347
1491,4.35516643524
1492,4.22361755371
1493,4.12523174286
1494,5.63001918793
1495,4.37737989426
1496,4.37801456451
1497,4.38525438309
1498,4.33067798615
1499,4.45349025726
1500,4.21885919571
1501,4.17477035522
1502,4.34235906601
1503,4.33387947083
1504,4.4193239212
1505,4.28348445892
1506,4.03352355957
1507,4.09439659119
1508,4.31753253937
1509,4.26319980621
1510,4.25094604492
1511,5.19729852676
1512,4.21307706833
1513,4.38477230072
1514,4.16862726212
1515,4.8217549324
1516,4.59928894043
1517,4.27997970581
1518,4.51070356369
1519,4.40642356873
1520,4.17590856552
1521,4.14460468292
1522,4.50230693817
1523,4.25793647766
1524,4.29275655746
1525,4.20199012756
1526,5.01494884491
1527,4.45297527313
1528,4.32570075989
1529,4.18384075165
1530,4.54154920578
1531,4.38929080963
1532,4.31236410141
1533,4.4701051712
1534,4.31453800201
1535,4.53579521179
1536,4.64548683167
1537,4.1743478775
1538,4.37350654602
1539,4.32059192657
1540,4.74918174744
1541,4.37286472321
1542,4.22085905075
1543,4.33691835403
1544,4.22601985931
1545,4.10697174072
1546,4.27977561951
1547,4.24353218079
1548,4.35627746582
1549,4.29861974716
1550,4.18009757996
1551,4.35000133514
1552,4.38044261932
1553,4.24153900146
1554,4.17934417725
1555,4.15422153473
1556,4.24970769882
1557,4.17414665222
1558,4.29696273804
1559,4.43102264404
1560,4.51295518875
1561,4.25586509705
1562,4.26182889938
1563,4.33088684082
38319,2.05406951904
38320,2.31295585632
38322,1.80051147938
38323,1.88872218132
38324,1.7792057991
38325,2.49466514587
38326,1.88291716576
38327,2.04798913002
38328,1.70827555656
38329,2.23972320557
38330,1.8672939539
38331,2.56561207771
38332,2.15004110336
38333,2.19035720825
38334,2.32371282578
38335,2.07279396057
38336,2.43575501442
38337,2.60326480865
38338,2.50347423553
38339,2.23786687851
38340,1.97290110588
38341,2.08268070221
38342,2.490899086
38343,3.10746622086
38344,2.43393468857
38345,2.11471843719
38346,2.12109780312
38347,2.5049200058
38348,1.97816884518
38349,2.39199972153
38350,2.08232045174
38351,2.14952754974
38352,2.40431928635
38353,2.73041057587
38354,2.31925559044
38355,2.46032428741
38356,2.68464660645
38357,2.45650744438
38358,2.68516969681
38359,2.74729347229
38360,1.88943123817
38361,2.54165172577
38362,2.5416135788
38363,2.0035302639
38364,2.10286426544
38365,2.30105447769
38366,2.2695889473
38367,2.23011875153
38368,2.52055025101
38369,2.39685916901
38370,2.29405784607
38371,2.57987904549
38372,2.32930135727
38373,2.03953409195
38374,3.22054576874
38375,1.80401980877
38376,2.13236761093
38377,1.95872652531
38378,2.18903017044
38379,2.07440233231
38380,1.79888296127
38381,2.23517107964
38382,2.27235293388
38383,2.067923069
38384,2.01797103882
38385,2.29672956467
38386,1.99399363995
38387,2.35475873947
38388,2.07618188858
38389,2.22236990929
38390,2.13488149643
38391,2.18071556091
38392,2.26926136017
38393,2.13158130646
38394,2.02892994881
38395,1.93315327168
38396,2.38033533096
38397,2.52306699753
38398,2.05599117279
38399,2.42727661133
38400,2.11292147636
38401,2.28465247154
38402,1.6349029541
38403,2.03619122505
38404,2.06292009354
38405,1.92869198322
38406,2.33434247971
38407,1.97272586823
38408,2.35114479065
38409,2.07352018356
38410,2.08417081833
38411,2.02751374245
38412,2.03953814507
38413,1.73047077656
38414,1.99271678925
38415,1.71985650063
38416,1.95836806297
38417,1.84047269821
38418,2.38528370857
38419,1.98102116585
38420,1.88079535961
38421,2.5148267746
38422,1.60743951797
38423,2.31254005432
38424,1.89307260513
38425,2.20943212509
38426,1.87822067738
38427,2.10520005226
38428,2.34175014496
38429,2.47562742233
38430,2.17875552177
38431,2.34186887741
38432,2.16801023483
38433,2.04151010513
38434,2.76937961578
38435,1.94090294838
38436,2.06984615326
38437,2.11522102356
38438,1.68773555756
38439,2.17876243591
38440,1.65924918652
38441,2.39499378204
38442,1.69271588326
38443,2.34498262405
38444,1.9692261219
38445,1.79063749313
38446,2.26581788063
38447,2.11998867989
38448,2.41888380051
38449,2.22156476974
38450,2.2520172596
38451,2.12072324753
38452,2.16871094704
38453,1.92569410801
38454,2.30374407768
38455,2.14735603333
38456,2.01778793335
38457,1.90824210644
38458,1.6535282135
38459,1.83418822289
38460,2.3446252346
38461,1.99674630165
38462,1.86925458908
38463,1.77127671242
38464,1.75986111164
38465,1.79000937939
38466,2.14792442322
38467,1.88281965256
38468,2.04146194458
38469,2.0162858963
38470,2.35673856735
38471,1.9140740633
38472,2.26205563545
38473,2.5124900341
38474,2.06919193268
38475,2.34047532082
38476,1.58480119705
38477,1.86756336689
38478,2.35262680054
38479,1.8523812294
38480,2.15385484695
38481,2.04653358459
38482,1.77068662643
38483,1.85379838943
38484,2.15829801559
38485,2.0176923275
38486,2.32414054871
38487,2.01634073257
38488,1.9368891716
38489,1.74622416496
38490,2.47250008583
38491,2.10395002365
38492,2.19965696335
38493,1.66159296036
38494,1.52399802208
38495,1.83394348621
38496,2.32587766647
38497,2.35824251175
38498,2.20206475258
38499,2.19456577301
38500,1.5957608223
38501,2.21480679512
38502,2.04525518417
38503,1.89554679394
38504,2.36103892326
38505,1.91802513599
38506,1.99622678757
38507,2.02331876755
38508,2.15791082382
38509,2.28957605362
38510,2.0575504303
38511,1.80766224861
38512,2.10387587547
38513,2.08495807648
38514,1.75346052647
38515,2.28506445885
38516,2.00262784958
38517,1.70024383068
38518,1.73484063148
38519,2.09584856033
38520,1.82617425919
38521,1.9722673893
38522,2.05647611618
38523,1.94363498688
38524,1.80745267868
38525,1.67681980133
38526,1.97109103203
38527,2.13131189346
38528,2.29857778549
38529,2.02340078354
38530,2.00548553467
38531,2.10802412033
38532,2.00308799744
38533,2.38296365738
38534,2.10147666931
38535,1.70509552956
38536,1.99411225319
38537,2.33526110649
38538,2.42364645004
38539,2.12629079819
38540,1.89880990982
38541,2.31605911255
38542,2.03333353996
38543,1.96959745884
38544,1.71379709244
38545,2.03993463516
38546,2.15838646889
38547,2.33067679405
38548,2.30331516266
38549,2.00622463226
38550,1.79056119919
38551,2.15651750565
38552,1.94106280804
38553,2.10291528702
38554,2.21375489235
38555,2.04127693176
38556,2.07155847549
38557,1.97704386711
38558,2.10079717636
38559,1.8329808712
38560,1.84592485428
38561,1.6163367033
38562,1.7861161232
38563,2.23767948151
38564,1.829413414
38565,2.04843902588
38566,1.85426473618
38567,2.02272319794
38568,1.84998416901
38569,2.07349634171
38570,1.74642348289
38571,1.88238286972
38572,1.85818624496
38573,1.35609388351
38574,1.89619207382
38575,2.1756939888
38576,1.96634054184
38577,1.86451792717
38578,2.03749656677
38579,2.32235741615
38580,2.04834508896
38581,1.97553193569
38582,1.85379624367
38583,2.21141433716
38584,1.90855967999
38585,1.65845918655
38586,2.17853474617
38587,2.05846691132
38588,2.30609607697
38589,2.0891046524
38590,1.88347554207
38591,1.93148767948
38592,1.7089612484
38593,1.95049905777
38594,2.21869063377
38595,1.66107106209
38596,2.05325031281
38597,1.73151183128
38598,2.54734373093
38599,2.34433984756
38600,1.95992517471
38601,2.12260866165
38602,1.91817069054
38603,2.27814483643
38604,1.78060531616
38605,2.06612896919
38606,1.98552811146
38607,2.04230904579
38608,2.2603302002
38609,2.06719040871
38610,2.21743345261
38611,1.91658377647
38612,1.9783219099
38613,1.66962730885
38614,2.03306913376
38615,2.05634260178
38616,2.12933206558
38617,1.78093469143
38618,2.0437040329
38619,2.02218294144
38620,2.39014029503
38621,2.12565469742
38622,1.82001590729
38623,2.15015506744
38624,1.95844328403
38625,2.09403967857
38626,2.14353847504
38627,1.5780146122
38628,2.07477474213
38629,1.7468020916
38630,1.8788728714
38631,1.62438583374
38632,2.06337761879
38633,1.78332054615
38634,1.82949733734
38635,2.38605880737
38636,2.06220006943
38637,2.03180837631
38638,1.70736646652
38639,1.7997751236
38640,2.09832859039
38641,2.19820642471
38642,2.34442210197
38643,2.05211353302
38644,1.91664791107
38645,1.96751892567
38646,2.09510612488
38647,1.81597089767
38648,2.1686630249
38649,2.02843141556
38650,1.98588657379
38651,2.03141736984
38652,2.2830593586
38653,2.3527739048
38654,1.94188868999
38655,2.29342889786
38656,2.26237821579
38657,1.83926129341
38658,2.22192239761
38659,2.20474052429
38660,2.09105634689
38661,2.0100312233
38662,2.30844688416
38663,1.95992493629
38664,1.58265566826
38665,1.9532097578
38666,1.93282675743
38667,2.01853466034
38668,2.11863207817
38669,1.93736410141
38670,1.99967074394
38671,1.72844266891
38672,2.56645584106
38673,1.88491344452
38674,1.90238308907
38675,1.46243810654
38676,1.93108201027
38677,1.84134984016
38678,2.07241868973
38679,1.71098828316
38680,1.89808797836
38681,1.84578669071
38682,1.61572086811
38683,2.41331481934
38684,1.66149437428
38685,2.40057182312
38686,1.82648420334
38687,1.49429535866
38688,1.80818879604
38689,1.98306393623
38690,2.02132797241
38691,1.97891974449
38692,1.78571116924
38693,1.73800468445
38694,1.71329784393
38695,2.02088546753
38696,2.14697885513
38697,2.07315373421
38698,1.92740106583
38699,1.54402327538
38700,2.16908121109
38701,1.78570842743
38702,2.00595712662
38703,2.32332730293
38704,2.00670003891
38705,2.25006866455
38706,2.04604291916
38707,1.97433507442
38708,2.08445453644
38709,1.88821995258
38710,2.22808265686
38711,2.32572889328
38712,1.8381831646
38713,1.91401934624
38714,1.90332996845
38715,1.67798089981
38716,1.82867455482
38717,1.6603230238
38718,2.0984544754
38719,1.97452175617
38720,2.08702754974
38721,2.31952810287
38722,2.51486349106
38723,1.89013123512
38724,2.10080528259
38725,1.79041695595
38726,2.00939941406
38727,1.87076640129
38728,2.09605765343
38729,2.05355262756
38730,1.91336297989
38731,1.79252362251
38732,1.97507750988
38733,2.27457666397
38734,1.62445664406
38735,1.76716125011
38736,2.00986742973
38737,2.01097297668
38738,1.95511817932
38739,2.00771951675
38740,1.97903299332
38741,2.06294417381
38742,1.57967841625
38743,1.77608668804
38744,1.58473920822
38745,2.43949699402
38746,1.99176955223
38747,2.02335166931
38748,2.39770698547
38749,1.98202884197
38750,2.10637235641
38751,1.99979138374
38752,2.06549429893
38753,1.83368635178
38754,1.68165016174
38755,2.05858325958
38756,2.00351214409
38757,1.99474477768
38758,1.80116653442
38759,2.23580932617
38760,1.82264053822
38761,1.79481303692
38762,2.40225934982
38763,1.7802811861
38764,2.00834083557
38765,1.94788455963
38766,1.91258764267
38767,2.29596805573
38768,2.04602074623
38769,2.1595659256
38770,1.68714880943
38771,2.07133793831
38772,2.15952062607
38773,1.82978761196
38774,1.60678946972
38775,2.10310149193
38776,1.93521463871
38777,1.58734989166
38778,1.92286491394
38779,1.73620295525
38780,2.15988755226
38781,2.15768933296
38782,1.51423549652
38783,1.95959591866
38784,2.20078229904
38785,2.13230419159
38786,2.23605632782
38787,1.94553470612
38788,1.95044350624
38789,2.02520847321
38790,2.45029354095
38791,1.8998029232
38792,1.67236876488
38793,2.22368192673
38794,1.924451828
38795,1.51417446136
38796,1.83765804768
38797,1.96976959705
38798,1.68889427185
38799,2.04951620102
38800,2.04855775833
38801,1.93023085594
38802,1.98583126068
38803,1.57287037373
38804,1.93199920654
38805,2.0428185463
38806,1.77904939651
38807,1.88066577911
38808,1.61818170547
38809,2.00588822365
38810,1.74590134621
38811,1.80601930618
38812,1.89994621277
38813,1.97154760361
38814,1.81291365623
38815,2.2114982605
38816,2.28358674049
38817,1.79605960846
38818,2.19933843613
38819,2.16869974136
38820,2.00701332092
38821,1.72427368164
38822,2.04289412498
38823,1.97367882729
38824,2.37064552307
38825,2.24960279465
38826,1.8551222086
38827,2.17169260979
38828,2.01389765739
38829,2.32666301727
38830,1.70198965073
38831,2.10634040833
38832,1.83277511597
38833,2.09028553963
38834,2.13304853439
38835,1.73159146309
38836,1.98557794094
38837,2.49592590332
38838,1.89455223083
38839,2.03273272514
38840,1.72123408318
38841,2.05933308601
38842,1.35638129711
38843,1.73845458031
38844,1.95058250427
38845,2.04968380928
38846,1.89095592499
38847,2.55694007874
38848,2.22620844841
38849,1.87095594406
38850,1.41234743595
38851,2.14956569672
38852,2.06974458694
38853,2.29433107376
38854,1.83157348633
38855,1.87174463272
38856,1.70638370514
38857,2.06736373901
38858,1.99662947655
38859,1.9546918869
38860,2.07020974159
38861,1.49286091328
38862,1.70917332172
38863,1.63544178009
38864,1.82918596268
38865,2.08644795418
38866,1.91577649117
38867,2.09425497055
38868,2.07693362236
38869,1.6470707655
38870,2.06800079346
38871,2.01220226288
38872,1.99891531467
38873,2.29379153252
38874,2.17238259315
38875,1.88546395302
38876,1.82599043846
38877,2.04950428009
38878,2.36886835098
38879,1.73771190643
38880,2.23315548897
38881,2.24697256088
38882,2.54396748543
38883,1.97820854187
38884,2.11431264877
38885,1.93592047691
38886,1.63304662704
38887,2.03801512718
38888,1.84226489067
38889,2.41415786743
38890,1.90802109241
38891,2.14924383163
38892,1.82720458508
38893,2.26438045502
38894,1.72663152218
38895,1.90820121765
38896,2.09423804283
38897,1.94977498055
38898,1.88307905197
38899,2.04325914383
38900,2.00069618225
38901,1.84025681019
38902,1.95257973671
38903,1.90589761734
38904,2.23301935196
38905,2.13264775276
38906,1.89985048771
38907,1.64336323738
38908,1.70393395424
38909,2.1285879612
38910,1.99158287048
38911,1.92450165749
38912,1.65988743305
38913,1.87506604195
38914,1.47663891315
38915,2.23586511612
38916,1.72408425808
38917,1.96084475517
38918,2.3673377037
38919,2.09607791901
38920,2.00361061096
38921,2.10220694542
38922,1.63071167469
38923,1.82741618156
38924,1.8935546875
38925,1.72998595238
38926,2.12724423409
38927,2.00081157684
38928,2.15017271042
38929,2.24385786057
38930,1.77399682999
38931,2.0248003006
38932,1.80125463009
38933,1.94755578041
38934,2.00767636299
38935,2.16254401207
38936,2.01387882233
38937,1.79519844055
38938,2.04101848602
38939,1.97516131401
38940,2.18850517273
38941,1.97471880913
38942,2.08874797821
38943,1.51565015316
38944,1.94773697853
38945,1.9750161171
38946,2.08906030655
38947,1.92105054855
38948,1.78352618217
38949,1.8750975132
38950,1.87277698517
38951,2.16805648804
38952,1.72131156921
38953,1.81159424782
38954,2.06301164627
38955,2.39882111549
38956,1.6774520874
38957,1.89061307907
38958,1.86719584465
38959,2.34461069107
38960,1.88840818405
38961,1.71284782887
38962,2.0213727951
38963,1.78594684601
38964,1.94655764103
38965,2.42321586609
38966,1.97926580906
38967,2.29530072212
38968,1.9605884552
38969,1.82309997082
38970,1.96833562851
38971,1.56440997124
38972,1.97839438915
38973,1.59242856503
38974,1.82755672932
38975,1.64989113808
38976,1.89995646477
38977,2.32251620293
38978,2.21627569199
38979,1.98891925812
38980,1.91694641113
38981,1.98207807541
38982,1.92284989357
38983,1.93733382225
38984,1.75007212162
38985,2.01693415642
38986,2.07358217239
38987,1.61985850334
38988,1.85139036179
38989,1.84999024868
38990,1.76492524147
38991,1.51879191399
38992,2.14568853378
38993,1.71893930435
38994,1.67309081554
38995,1.5573785305
38996,1.7714856863
38997,2.25516343117
38998,1.8912730217
38999,2.15119600296
39000,2.01025485992
39001,2.04996013641
39002,1.73056364059
39003,1.86337947845
39004,2.12003350258
39005,2.2230758667
39006,1.6048823595
39007,1.95509004593
39008,1.5861260891
39009,2.03876066208
39010,1.76789939404
39011,1.84856700897
39012,2.18548369408
39013,1.96574187279
39014,1.82351207733
39015,1.690564394
39016,1.8349852562
39017,2.05989265442
39018,2.17604160309
39019,1.868486166
39020,1.92721569538
39021,2.31149721146
39022,2.18102478981
39023,1.76255178452
39024,1.80031907558
39025,1.96076846123
39026,1.63031518459
39027,1.63385152817
39028,1.71250236034
39029,2.09522533417
39030,1.84539151192
39031,1.82072722912
39032,2.24090504646
39033,1.95012569427
39034,1.81333446503
39035,1.92293667793
39036,2.01150846481
39037,2.17492198944
39038,1.86955618858
39039,2.24540042877
39040,1.84526205063
39041,1.88707494736
39042,1.85744655132
39043,2.70942616463
39044,1.85250377655
39045,1.78462064266
39046,1.99515223503
39047,2.00233030319
39048,1.78219413757
39049,2.15118169785
39050,1.61062419415
39051,1.91893672943
39052,1.77361428738
39053,2.13629770279
39054,2.04698777199
39055,1.71824097633
39056,1.87006640434
39057,1.68473660946
39058,2.20208191872
39059,2.09244251251
39060,2.06780004501
39061,1.84158563614
39062,2.08491539955
39063,1.91633963585
39064,1.69560408592
39065,1.73315513134
39066,1.82298707962
39067,2.05642461777
39068,1.98567414284
39069,1.95677983761
39070,2.27111911774
39071,2.18151068687
39072,2.11968326569
39073,2.23526120186
39074,1.91111278534
39075,1.97381150723
39076,2.01726484299
39077,2.02587747574
39078,2.09947824478
39079,1.61811184883
39080,1.76489782333
39081,1.95376932621
39082,2.17485666275
39083,1.84763073921
39084,2.28113174438
39085,2.13944339752
39086,1.68788278103
39087,2.032954216
39088,1.91350984573
39089,1.85529875755
39090,2.01916718483
39091,1.90770232677
39092,1.79278755188
39093,1.48984098434
39094,1.6053096056
39095,2.01922607422
39096,2.17772817612
39097,1.63437843323
39098,2.43119955063
39099,1.88349509239
39100,1.774071455
39101,1.5995850563
39102,1.71204018593
39104,1.92272973061
39105,2.25378656387
39106,2.32272768021
39107,1.88812971115
39108,1.95927298069
39109,1.76808679104
39110,1.89132833481
39111,1.74521255493
39112,1.72985267639
39113,1.55060207844
39114,2.70181941986
39115,1.54882276058
39116,2.10201478004
39117,1.86410629749
39118,2.10743188858
39119,2.0684196949
39120,1.90472459793
39121,2.34259557724
39122,1.8074285984
39123,2.52175450325
39124,2.01453518867
39125,1.68130159378
39126,1.94279778004
39127,1.71462130547
39128,2.13410305977
39129,1.8648314476
39130,1.73080277443
39131,1.84584331512
39132,2.14115023613
39133,1.61848533154
39134,1.60534060001
39135,2.07799434662
39136,1.88689815998
39137,2.12784004211
39138,1.61669325829
39139,1.9868273735
39140,2.04718828201
39141,2.58440518379
39142,2.29742431641
39143,1.59568738937
39144,1.65439128876
39145,1.98588716984
39146,1.91872525215
39147,1.91571748257
39148,2.15008711815
39149,1.82069861889
39150,1.91065323353
39151,1.88474953175
39152,1.74154424667
39153,2.33167266846
39154,2.19028973579
39155,1.8766067028
39156,1.89694583416
39157,2.01752328873
39158,2.10110783577
39159,1.63762307167
39160,1.65941202641
39161,1.76506757736
39162,1.99641156197
39163,1.89831995964
39164,2.19783878326
39165,1.83407664299
39166,1.98623478413
39167,1.79364073277
39168,1.85174357891
39169,1.83994698524
39170,1.844414711
39171,1.89254319668
39172,1.8973749876
39173,1.72451710701
39174,2.02336931229
39175,1.75905489922
39176,2.01562261581
39177,1.88061857224
39178,1.93831038475
39179,1.81735992432
39180,1.87933313847
39181,1.91276431084
39182,1.93277215958
39183,2.00334692001
39184,2.07415628433
39185,1.74829292297
39186,1.63718152046
39187,1.93475604057
39188,1.75633871555
39189,1.93970060349
39190,1.85105228424
39191,2.43240857124
39192,1.95844686031
39193,1.90211093426
39194,2.17039370537
39195,1.78112411499
39196,1.81329703331
39197,2.12767505646
39198,1.85677313805
39199,2.45572543144
39200,2.31132864952
39201,2.11787247658
39202,1.99507832527
39203,2.32639694214
39204,1.96827936172
39205,1.92807865143
39206,1.77715706825
39207,1.82975029945
39208,2.16142058372
39209,1.86385452747
39210,2.10013532639
39211,1.78266131878
39212,2.13423132896
39213,1.94550156593
39214,2.08114600182
39215,1.71656858921
39216,1.89956402779
39217,2.09401941299
39218,1.52966308594
39219,2.27887821198
39220,1.90932881832
39221,1.94187307358
39222,2.04470300674
39223,2.06004667282
39224,2.08421206474
39225,1.82671260834
39226,1.8609303236
39227,1.98365962505
39228,1.80980944633
39229,2.0537006855
39230,1.8940756321
39231,1.85978507996
39232,2.00687861443
39233,2.23687553406
39234,1.57811450958
39235,1.87314343452
39236,1.7139570713
39237,1.70840990543
39238,1.91669917107
39239,1.60614871979
39240,2.08503675461
39241,1.59287381172
39242,1.78471398354
39243,2.05752420425
39244,1.65495860577
39245,1.94204616547
39246,1.41913080215
39247,1.71349573135
39248,1.80373644829
39249,2.06997108459
39250,1.81726408005
39251,1.99146139622
39252,2.04115343094
39253,1.79240822792
39254,1.75131583214
39255,1.92220592499
39256,2.52132892609
39257,2.29975199699
39258,1.95808386803
39259,1.66786849499
39260,2.08176422119
39261,1.86553657055
39262,2.08668613434
39263,1.71428310871
39264,1.72159385681
39265,2.13333559036
39266,1.91565918922
39267,2.07389593124
39268,1.80378007889
39269,1.65431463718
39270,1.83723413944
39271,1.740909338
39272,2.12347579002
39273,2.20104694366
39274,2.23988604546
39275,2.00075244904
39276,2.07518267632
39277,1.92969369888
39278,2.12692928314
39279,2.12747788429
39280,2.06154417992
39281,1.90178418159
39282,2.2048869133
39283,2.59971666336
39284,1.86641669273
39285,2.28771686554
39286,1.9203774929
39287,1.95463013649
39288,1.70761299133
39289,2.18273854256
39290,1.96769726276
39291,1.48630070686
39292,2.0794107914
39293,1.67478454113
39294,1.68257319927
39295,1.84236729145
39296,1.73261141777
39297,1.60376262665
39298,1.85232448578
39299,2.36241531372
39300,1.81981039047
39301,2.04834365845
39302,2.11137247086
39303,1.94225215912
39304,2.11496281624
39305,2.17609930038
39306,1.70007658005
39307,1.81333911419
39308,2.02657294273
39309,1.82616901398
39310,2.02222847939
39311,1.96840298176
39312,1.89043474197
39313,1.83127832413
39314,1.95129811764
39315,1.92151641846
39316,2.06849837303
39317,1.77985525131
39318,1.74519586563
39319,1.8597433567
39320,2.14011859894
39321,1.76239442825
39322,1.63907134533
39323,1.7841681242
39324,2.21336984634
39325,2.08769822121
39326,1.96660780907
39327,2.24910831451
39328,1.76483511925
39329,2.22529482841
39330,2.07136106491
39331,2.13168001175
39332,2.06169247627
39333,2.48378396034
39334,1.89523613453
39335,2.16087388992
39336,1.92932653427
39337,2.49506378174
39338,2.10122823715
39339,1.68296325207
39340,1.99369525909
39341,1.98472571373
39342,1.72997772694
39343,2.32820940018
39344,1.97784399986
39345,1.90293526649
39346,2.1473069191
39347,1.77775931358
39348,2.07201123238
39349,2.21762013435
39350,1.81172168255
39351,2.29531431198
39352,1.57042551041
39353,1.88109850883
39354,1.82270336151
39355,2.04147648811
39356,1.66173613071
39357,1.80862212181
39358,2.02744007111
39359,2.06719017029
39360,1.98271417618
39361,1.92546582222
39362,1.98746395111
39363,1.91587972641
39364,1.82091331482
39365,2.32467365265
39366,2.09975528717
39367,1.86775040627
39368,1.62991666794
39369,1.95514702797
39370,1.98387241364
39371,1.65309131145
39372,2.08067941666
39373,1.97221326828
39374,2.06423854828
39375,2.22268199921
39376,2.3957657814
39377,1.9237023592
39378,1.84289300442
39379,1.94486522675
39380,1.93728852272
39381,2.06314992905
39382,1.88249230385
39383,1.88595950603
39384,2.33134365082
39385,2.16690301895
39386,2.77385616302
39387,1.46829509735
39388,1.88715350628
39389,2.00011396408
39390,2.31341838837
39391,2.26335430145
39392,2.02783226967
39393,1.87463080883
39394,2.12956380844
39395,1.89746832848
39396,1.93555283546
39397,1.736130476
39398,2.00373601913
39399,1.7245016098
39400,1.66457009315
39401,2.18318510056
39402,2.21729803085
39403,2.32874679565
39404,1.89428687096
39405,1.29614949226
39406,1.73325693607
39407,1.85384058952
39408,2.46197032928
39409,1.7466288805
39410,1.80598783493
39411,1.87624633312
39412,1.69469714165
39413,1.92244815826
39414,1.68755269051
39415,2.1684961319
39416,1.82178914547
39417,1.73645234108
39418,1.82139289379
39419,1.88964104652
39420,2.00884699821
39421,1.98062574863
39422,2.3008005619
39423,1.7201384306
39424,1.7672123909
39425,2.09351611137
39426,2.06753158569
39427,1.99920904636
39428,1.85674726963
39429,2.02008295059
39430,1.58141255379
39431,1.88573551178
39432,2.28596258163
39433,2.0947637558
39434,2.90348052979
39435,2.09722900391
39436,1.88642001152
39437,2.04817008972
39438,1.73686599731
39439,1.76834857464
39440,2.0002822876
39441,1.58704257011
39442,2.21417689323
39443,1.83128619194
39444,2.14448833466
39445,1.90750908852
39446,1.72796344757
39447,1.82095897198
39448,2.16682767868
39449,1.79924345016
39450,2.16029024124
39451,1.85948991776
39452,1.75068676472
39453,1.8646774292
39454,1.79758620262
39455,2.01484513283
39456,2.05275011063
39457,2.33849859238
39458,1.98225665092
39459,1.88233613968
39460,2.13887882233
39461,2.00721645355
39462,1.71625471115
39463,1.93739414215
39464,2.05981612206
39465,1.90879845619
39466,2.07439875603
39467,1.62192094326
39468,1.85225975513
39469,1.89005255699
39470,2.09976029396
39471,1.91454482079
39472,2.03196954727
39473,1.87813639641
39474,1.90546584129
39475,2.48446035385
39476,2.08501529694
39477,1.82460689545
39478,1.97050666809
39479,1.70514917374
39480,2.07271814346
39481,2.08302259445
39482,2.2278418541
39483,1.81917500496
39484,1.80200564861
39485,2.04635643959
39486,2.12170743942
39487,1.89180386066
39488,2.0379114151
39489,1.8645888567
39490,2.28246450424
39491,1.6781475544
39492,1.82500112057
39493,1.83416306973
39494,1.68472325802
39495,1.87000668049
39496,2.26421546936
39497,2.14106416702
39498,1.90867030621
39499,1.64735341072
39500,1.75858128071
39501,2.02151942253
39502,1.83932447433
39503,1.95071840286
39504,2.08335828781
39505,2.08319973946
39506,1.59849405289
39507,1.99988269806
39508,2.00523257256
39509,1.70883154869
39510,2.16801691055
39511,2.43294358253
39512,2.20300626755
39513,2.1298122406
39514,1.99260807037
39515,2.01720237732
39516,1.66735935211
39517,1.97231924534
39518,1.90460133553
39519,2.25685596466
39520,2.01354694366
39521,1.86556911469
39522,1.84394884109
39523,1.84413862228
39524,1.77222847939
39525,1.653185606
39526,2.04475641251
39527,2.14300251007
39528,1.82106304169
39529,2.02619051933
39530,2.40866088867
39531,1.86135435104
39532,1.92674207687
39533,1.88974094391
39534,2.15537452698
39535,2.00353431702
39536,2.47998952866
39537,1.8486366272
39538,1.98522138596
39539,1.83021318913
39540,1.90461909771
39541,1.94393467903
39542,1.92940330505
39543,2.00589895248
39544,1.78242087364
39545,2.176425457
39546,1.98509466648
39547,1.97072052956
39548,1.86641168594
39549,2.25862026215
39550,1.77214622498
39551,1.81304728985
39552,1.9675167799
39553,2.0553586483
39554,2.22291564941
39555,1.7550508976
39556,1.98159694672
39557,1.70695519447
39558,2.05745649338
39559,1.91176629066
39560,1.96156108379
39561,2.16093254089
39562,2.39258790016
39563,2.203145504
39564,1.9952442646
39565,1.77238678932
39566,1.95346307755
39567,1.97514462471
39568,2.11190056801
39569,2.05005645752
39570,2.06612110138
39571,2.3158621788
39572,1.96375596523
39573,2.40705490112
39574,2.14702033997
39575,1.77052283287
39576,1.78378212452
39577,2.11798453331
39578,2.24376678467
39579,1.70218610764
39580,1.82890057564
39581,1.63373684883
39582,2.32932758331
39583,1.71228301525
39584,2.22405314445
39585,1.76047849655
39586,1.87018442154
39587,1.99108195305
39588,2.12105226517
39589,1.78588116169
39590,2.01477909088
39591,1.76165938377
39592,1.96779799461
39593,2.00114774704
39594,1.74170660973
39595,2.13000059128
39596,2.16796779633
39597,2.50521469116
39598,1.5219848156
39599,1.50430560112
39600,2.11034679413
39601,1.95726656914
39602,1.85817933083
39603,1.60326886177
39604,1.56617355347
39605,1.95257151127
39606,1.85821723938
39607,1.87255907059
39608,1.89341950417
39609,2.03596448898
39610,1.80570757389
39611,2.30543231964
39612,1.79203748703
39613,1.749969244
39614,2.07185029984
39615,2.1692237854
39616,1.60104346275
39617,1.97905278206
39618,2.29347133636
39619,1.87636828423
39620,1.59718096256
39621,2.20128440857
39622,1.90361773968
39623,1.71734189987
39624,2.08215236664
39625,1.83973121643
39626,2.23090147972
39627,1.59593045712
39628,1.98674488068
39629,1.77957105637
39630,1.7251060009
39631,1.91504716873
39632,1.88329064846
39633,2.01280450821
39634,1.86481499672
39635,1.85414195061
39636,1.35001945496
39637,2.02355337143
39638,1.55913746357
39639,1.73082470894
39640,2.13695812225
39641,1.72873806953
39642,1.95171558857
39643,2.36343193054
39644,2.1654355526
39645,1.90074944496
39646,1.74110126495
39647,1.88403010368
39648,1.85969829559
39649,1.90250945091
39650,2.50626111031
39651,1.99761104584
39652,2.79693603516
39653,2.19614362717
39654,2.21853327751
39655,2.40674233437
39656,2.67753505707
39657,2.23919534683
39658,3.02953910828
39659,1.58785498142
39660,2.4580283165
39661,2.02233600616
39662,2.15722465515
39663,1.95645642281
39664,2.20003795624
39665,3.36626124382
39666,1.99855947495
39667,1.97509837151
39668,2.06213784218
39669,2.03968548775
39670,2.20223808289
39671,2.13477754593
39672,2.30966424942
39673,2.02028846741
39674,2.41485643387
39675,2.04238176346
39676,2.10895824432
39677,2.3134970665
39678,2.25851917267
39679,2.59636974335
39680,2.11629295349
39681,1.59728717804
39682,2.40855884552
39683,2.40436220169
39684,2.2257437706
39685,1.66389727592
39686,2.24646067619
39687,2.08287882805
39688,2.65340852737
39689,2.01662015915
39690,1.93007969856
39691,1.93533444405
39692,1.8422100544
39693,1.8839610815
39694,2.04514575005
39695,2.22404623032
39696,2.39761543274
39697,1.83735656738
39698,2.09179019928
39699,1.71981811523
39700,1.92064785957
39701,1.41687548161
39702,1.91350841522
39703,2.14191293716
39704,2.031001091
39705,2.04256772995
39706,2.15429925919
39707,1.94713759422
39708,2.12862014771
39709,1.91829228401
39710,1.68926692009
39711,2.09705495834
39712,2.07770991325
39713,1.94559705257
39714,1.8540687561
39715,2.17792654037
39716,2.12911534309
39717,1.82766366005
39718,2.55932092667
39719,1.86519885063
39720,1.86621594429
39721,1.54808425903
39722,1.76277494431
39723,2.18817257881
39724,1.93677568436
39725,1.96977770329
39726,1.81013906002
39727,2.12692666054
39728,1.86426687241
39729,1.73152792454
39730,2.11046361923
39731,2.17060375214
39732,2.1699192524
39733,1.71748173237
39734,1.95054483414
39735,2.52909946442
39736,2.3987801075
39737,1.75368106365
39738,1.81635355949
39739,2.03514480591
39740,1.73816049099
39741,1.94513344765
39742,1.98156523705
39743,2.0895447731
39744,1.72187042236
39745,1.87492752075
39746,1.82544648647
39747,2.55880284309
39748,1.94222140312
39749,2.35681223869
39750,2.3691163063
39751,2.1036221981
39752,1.67862129211
39753,2.07061290741
39754,2.28817749023
39755,2.19365763664
39756,2.18449115753
39757,2.30411529541
39758,1.56103277206
39759,1.72052240372
39760,2.20871067047
39761,1.85772359371
39762,2.21423912048
39763,2.1178483963
39764,1.95893228054
39765,1.78430330753
39766,2.18018960953
39767,1.98204135895
39768,2.11661624908
39769,1.97736525536
39770,1.84830164909
39771,1.63666939735
39772,1.68968033791
39773,2.07988405228
39774,2.02493476868
39775,2.11218237877
39776,1.78499639034
39777,1.88498473167
39778,1.97836828232
39779,1.97207736969
39780,2.05110669136
39781,2.03851222992
39782,2.14628648758
39783,1.71574985981
39784,1.62429893017
39785,1.92690968513
39786,1.9922696352
39787,2.08251357079
39788,1.7177708149
39789,1.68665802479
39790,2.13306427002
39791,2.22562456131
39792,1.75728833675
39793,2.12310600281
39794,2.15451383591
39795,1.58547997475
39796,2.23903369904
39797,1.97047829628
39798,1.74657654762
39799,1.73830771446
39800,1.88445115089
39801,2.36403036118
39802,2.27232146263
39803,2.03228163719
39804,2.17822742462
39805,1.78104269505
39806,1.6021925211
39807,1.79684329033
39808,2.03189277649
39809,2.07363367081
39810,2.5157854557
39811,1.76640534401
39812,1.80503988266
39813,1.87168860435
39814,1.71897995472
39815,1.86258268356
39816,1.72437417507
39817,1.86366152763
39818,1.69882822037
39819,2.07058501244
39820,2.40371179581
39821,2.24273490906
39822,2.00621843338
39823,1.93569421768
39824,2.06653094292
39825,1.76354146004
39826,1.99785494804
39827,1.88657724857
39828,1.99560856819
39829,1.91499495506
39830,1.38580918312
39831,2.2337770462
39832,2.03416442871
39833,2.02391862869
39834,1.8780015707
39835,1.93509995937
39836,1.78169941902
39837,1.9459643364
39838,2.03691792488
39839,1.69545197487
39840,1.76008284092
39841,1.71717190742
39842,1.46799063683
39843,2.21008324623
39844,1.9452021122
39845,1.79823994637
39846,2.05020475388
39847,2.18220233917
39848,2.08510160446
39849,1.98724901676
39850,2.38781166077
39851,2.1777150631
39852,1.79951179028
39853,1.89370656013
39854,1.85846972466
39855,1.91677749157
39856,1.77541303635
39857,1.82990384102
39858,1.81251144409
39859,2.3610265255
39860,2.12462043762
39861,1.87668943405
39862,1.91195845604
39863,1.75935149193
39864,2.01594018936
39865,2.28530406952
39866,2.1222410202
39867,1.96283459663
39868,1.97577834129
39869,1.98234891891
39870,1.84114265442
39871,1.87038779259
39872,2.1545855999
39873,1.97807121277
39874,1.97261941433
39875,1.76809811592
39876,1.94545865059
39877,2.14944267273
39878,1.72568488121
39879,2.06547880173
39880,1.79263007641
39881,2.03317809105
76637,1.02172613144
76638,1.36962914467
76640,1.22982668877
76641,1.04305005074
76642,1.17860150337
76643,1.21607446671
76644,1.48118543625
76645,1.87818980217
76646,1.40954136848
76647,1.42215394974
76648,1.33927094936
76649,1.40167748928
76650,1.34921562672
76651,1.29965138435
76652,1.4117423296
76653,1.46657586098
76654,1.38750886917
76655,1.27383005619
76656,1.4032407999
76657,1.90347826481
76658,1.26406264305
76659,1.24661660194
76660,1.64540231228
76661,1.38292872906
76662,1.40994441509
76663,1.36951935291
76664,1.30871164799
76665,1.26295161247
76666,1.70661282539
76667,1.36732125282
76668,1.36159789562
76669,1.53159165382
76670,1.61845564842
76671,1.28085494041
76672,1.26851058006
76673,1.48610854149
76674,1.42393493652
76675,1.37329411507
76676,2.14642858505
76677,1.56387233734
76678,1.58100891113
76679,1.39896333218
76680,1.32195973396
76681,1.18096911907
76682,1.59455895424
76683,1.09354877472
76684,1.22497928143
76685,1.38050293922
76686,1.70867455006
76687,1.22209572792
76688,1.47971248627
76689,1.94288372993
76690,2.02205038071
76691,1.43888473511
76692,1.25210428238
76693,1.47692680359
76694,1.36910772324
76695,1.05483543873
76696,1.39353895187
76697,1.18701052666
76698,1.56393706799
76699,1.52084445953
76700,1.54922711849
76701,1.20704436302
76702,1.39860630035
76703,1.65957856178
76704,1.81492638588
76705,1.23839712143
76706,1.36381745338
76707,1.41361188889
76708,1.50762665272
76709,1.62879657745
76710,1.57531499863
76711,1.35438156128
76712,1.91249382496
76713,1.37170672417
76714,1.38528680801
76715,1.53597831726
76716,1.33623576164
76717,1.143014431
76718,1.0958211422
76719,1.64161765575
76720,1.29997396469
76721,1.16380703449
76722,1.49513304234
76723,1.39919030666
76724,1.3150908947
76725,1.5387057066
76726,1.69760191441
76727,1.4264588356
76728,1.27928876877
76729,1.64387011528
76730,1.18732273579
76731,1.16404223442
76732,1.04767072201
76733,1.8001139164
76734,1.31338310242
76735,1.4282861948
76736,1.28564095497
76737,1.59631943703
76738,1.03699910641
76739,1.27542185783
76740,1.67235636711
76741,1.38786768913
76742,1.4616048336
76743,1.47832846642
76744,1.0297305584
76745,1.24352645874
76746,1.04943561554
76747,1.71006178856
76748,1.3361427784
76749,1.53290200233
76750,1.40818762779
76751,1.28432714939
76752,1.33785271645
76753,1.21993112564
76754,1.19871497154
76755,1.05499374866
76756,1.26224827766
76757,1.50814926624
76758,1.22594106197
76759,1.34025430679
76760,1.78108966351
76761,1.29008793831
76762,1.1629742384
76763,1.40705990791
76764,1.383654356
76765,1.11549305916
76766,1.5117919445
76767,1.08682203293
76768,1.02793133259
76769,1.49235320091
76770,1.55324149132
76771,1.3776049614
76772,1.47289693356
76773,1.39098441601
76774,1.08785295486
76775,1.42529010773
76776,1.4315059185
76777,1.24008822441
76778,1.52661418915
76779,1.12141895294
76780,1.00686216354
76781,1.51452839375
76782,1.48071837425
76783,1.76440811157
76784,1.61974656582
76785,0.854350507259
76786,1.7245708704
76787,1.71956562996
76788,1.6714758873
76789,1.48877191544
76790,1.40240764618
76791,1.55642211437
76792,1.52340626717
76793,1.52266442776
76794,0.920159459114
76795,1.0398619175
76796,1.16821980476
76797,1.46942162514
76798,1.5276247263
76799,1.26599287987
76800,1.35393381119
76801,1.29172158241
76802,1.31023263931
76803,1.29006075859
76804,1.80086874962
76805,1.4732568264
76806,1.63715660572
76807,1.24528217316
76808,1.22654616833
76809,1.67514371872
76810,1.46033430099
76811,1.22530555725
76812,1.07950639725
76813,1.3922945261
76814,1.25460827351
76815,1.34860348701
76816,1.72030627728
76817,1.22269034386
76818,1.67285823822
76819,1.20639967918
76820,1.58509409428
76821,1.46001672745
76822,1.34475421906
76823,1.58953237534
76824,1.43555760384
76825,1.15136384964
76826,1.41910290718
76827,1.24905848503
76828,1.20295739174
76829,1.34388744831
76830,1.55348587036
76831,1.32135534286
76832,1.44315779209
76833,1.3917863369
76834,1.14317250252
76835,1.58662724495
76836,1.06524276733
76837,1.18016266823
76838,1.22357988358
76839,1.43685162067
76840,0.987504184246
76841,1.22089028358
76842,1.49250411987
76843,1.5070734024
76844,1.20004713535
76845,1.13085222244
76846,1.54475688934
76847,1.45694196224
76848,1.46617853642
76849,1.04806637764
76850,1.47939229012
76851,1.44088792801
76852,1.50295090675
76853,1.38525891304
76854,1.39239168167
76855,1.50851404667
76856,1.34285235405
76857,1.62150144577
76858,1.47036004066
76859,1.59753572941
76860,1.12875628471
76861,1.24707877636
76862,1.19600081444
76863,1.18233883381
76864,1.47422742844
76865,1.18636345863
76866,1.35301339626
76867,1.0531488657
76868,1.48429059982
76869,1.31614542007
76870,1.88513076305
76871,1.2029736042
76872,1.26745200157
76873,2.02520394325
76874,1.29841589928
76875,1.50360190868
76876,1.27437138557
76877,1.2496598959
76878,1.40274071693
76879,1.49555873871
76880,1.97036063671
76881,1.32000005245
76882,1.25753736496
76883,1.34422397614
76884,1.54951286316
76885,1.37446022034
76886,1.51956915855
76887,1.36450481415
76888,1.43824768066
76889,1.44635558128
76890,1.59723448753
76891,1.17093014717
76892,1.14653730392
76893,1.4777982235
76894,1.56515073776
76895,1.26245450974
76896,1.30666160583
76897,1.83592987061
76898,1.03793299198
76899,1.49465107918
76900,1.3164473772
76901,1.49457263947
76902,1.3597215414
76903,1.58323359489
76904,1.26556062698
76905,1.45374035835
76906,1.48157072067
76907,1.64324641228
76908,1.27623844147
76909,1.31997966766
76910,1.67646479607
76911,1.15165328979
76912,1.21456134319
76913,1.46907579899
76914,1.48596441746
76915,1.51134705544
76916,1.45797467232
76917,1.63888025284
76918,1.45250701904
76919,1.26894295216
76920,1.16898608208
76921,1.42444360256
76922,1.38990736008
76923,1.34026074409
76924,1.32919859886
76925,1.50836110115
76926,1.49583673477
76927,1.17687439919
76928,1.30066347122
76929,1.76190638542
76930,1.24224925041
76931,1.36275017262
76932,1.41622281075
76933,1.34009242058
76934,1.09926939011
76935,1.08938097954
76936,1.39566016197
76937,1.50742280483
76938,1.34822332859
76939,1.24039769173
76940,1.24747312069
76941,1.68769884109
76942,1.32724547386
76943,1.17882740498
76944,1.04660344124
76945,1.46467828751
76946,1.53066956997
76947,0.990659832954
76948,1.47017979622
76949,1.10413527489
76950,1.40660750866
76951,1.17351090908
76952,1.25838387012
76953,1.49972712994
76954,1.22279632092
76955,1.48846435547
76956,1.45102453232
76957,1.12904047966
76958,1.3394138813
76959,1.02192640305
76960,1.36384105682
76961,1.6060949564
76962,1.41457748413
76963,1.1812940836
76964,1.43406772614
76965,1.8430416584
76966,1.15961658955
76967,1.35569882393
76968,1.48882746696
76969,1.35629415512
76970,1.44847548008
76971,1.19662642479
76972,1.73957014084
76973,1.45525574684
76974,1.5350651741
76975,1.59467077255
76976,1.40520405769
76977,1.3837647438
76978,1.30062556267
76979,1.04025101662
76980,1.12584352493
76981,1.27221632004
76982,1.34866130352
76983,1.00473356247
76984,1.72375309467
76985,1.81191074848
76986,1.35333228111
76987,1.19455099106
76988,1.11677217484
76989,1.54165673256
76990,1.37397742271
76991,1.52285826206
76992,1.50343477726
76993,1.66679561138
76994,1.53747558594
76995,1.37355256081
76996,1.46917390823
76997,1.53071403503
76998,1.43988013268
76999,1.22217535973
77000,1.3114824295
77001,1.34186542034
77002,1.40435373783
77003,1.38335442543
77004,1.18179380894
77005,1.17926096916
77006,1.57995986938
77007,1.39685106277
77008,1.03977298737
77009,1.03450024128
77010,1.0779504776
77011,1.75235033035
77012,1.58268356323
77013,1.09343552589
77014,1.70367646217
77015,1.27148127556
77016,1.49520373344
77017,1.5785266161
77018,1.14876675606
77019,1.39366531372
77020,1.39672803879
77021,0.961496829987
77022,1.17755889893
77023,1.4191391468
77024,1.71393609047
77025,1.19463539124
77026,1.15697193146
77027,1.18227434158
77028,1.27365410328
77029,1.69232499599
77030,1.39494025707
77031,1.71418619156
77032,0.992525696754
77033,1.56369900703
77034,1.18120086193
77035,1.64665222168
77036,1.68917930126
77037,1.40481305122
77038,1.49229228497
77039,1.67515778542
77040,1.17822182178
77041,1.17338168621
77042,1.5257730484
77043,1.62528717518
77044,1.29046106339
77045,1.33828544617
77046,1.38385665417
77047,1.72012543678
77048,1.57253956795
77049,1.33082783222
77050,1.75371015072
77051,1.25955247879
77052,1.41128849983
77053,1.34456312656
77054,1.58374631405
77055,1.07707500458
77056,1.34015202522
77057,1.8128516674
77058,1.18631994724
77059,1.09118175507
77060,0.974825918674
77061,1.14578175545
77062,1.08660900593
77063,1.40698027611
77064,1.87258243561
77065,1.40882241726
77066,1.24533224106
77067,1.69005739689
77068,1.25177717209
77069,1.555783391
77070,1.43294525146
77071,1.35228657722
77072,1.37482190132
77073,1.27496147156
77074,1.30496108532
77075,1.24235105515
77076,1.43395853043
77077,1.63906955719
77078,1.47644710541
77079,1.2774746418
77080,1.49098515511
77081,1.30508077145
77082,1.39002203941
77083,1.6201312542
77084,1.37378442287
77085,1.37580692768
77086,1.36050653458
77087,1.37510764599
77088,1.41743588448
77089,1.15247416496
77090,1.50696730614
77091,1.26254546642
77092,1.07151341438
77093,1.75156486034
77094,1.52955961227
77095,1.15906405449
77096,1.49736595154
77097,1.11351490021
77098,1.95330715179
77099,1.61626887321
77100,1.31801497936
77101,1.47043335438
77102,1.67007887363
77103,1.58065974712
77104,1.65078663826
77105,1.35079264641
77106,1.59030866623
77107,1.62555897236
77108,1.24505257607
77109,1.03873038292
77110,1.72361624241
77111,1.36617660522
77112,1.25714087486
77113,1.2468354702
77114,1.15737223625
77115,1.54594838619
77116,1.41161966324
77117,1.37814724445
77118,1.53057408333
77119,1.20682859421
77120,1.29351902008
77121,1.27145123482
77122,1.63283848763
77123,1.35723638535
77124,1.42850363255
77125,1.28337669373
77126,1.44665598869
77127,1.2674305439
77128,1.66667318344
77129,1.4149787426
77130,1.41416525841
77131,1.05786049366
77132,1.30398249626
77133,1.36711728573
77134,1.21081662178
77135,1.39746165276
77136,1.36228203773
77137,1.48261666298
77138,1.36133658886
77139,1.19162285328
77140,1.38744258881
77141,1.63935875893
77142,1.25489842892
77143,1.2934513092
77144,1.56967616081
77145,1.19326972961
77146,1.34190154076
77147,1.42187917233
77148,1.34604692459
77149,1.91119217873
77150,1.39917898178
77151,1.42884254456
77152,1.22968685627
77153,1.34604239464
77154,1.77518117428
77155,1.59480130672
77156,1.65979909897
77157,1.42990601063
77158,1.30986785889
77159,1.67031598091
77160,2.03704690933
77161,1.77760529518
77162,1.42171263695
77163,1.42601585388
77164,1.81889903545
77165,1.86406540871
77166,1.95953702927
77167,2.20249891281
77168,1.72279620171
77169,1.34823596478
77170,2.22790622711
77171,1.63218355179
77172,2.08699131012
77173,2.31890463829
77174,1.50782501698
77175,1.8129491806
77176,2.03518009186
77177,1.91663908958
77178,1.6092839241
77179,1.18610358238
77180,1.38907384872
77181,2.06442284584
77182,1.58141815662
77183,1.26759338379
77184,1.58981025219
77185,1.69788014889
77186,2.07701587677
77187,1.63221132755
77188,1.32062697411
77189,1.55242824554
77190,1.58351588249
77191,1.73624968529
77192,1.2393655777
77193,1.4432631731
77194,1.56654834747
77195,1.55944895744
77196,1.54106545448
77197,1.45300292969
77198,1.63097596169
77199,1.65569007397
77200,1.7818145752
77201,1.22798550129
77202,1.55936384201
77203,2.08035111427
77204,2.02168083191
77205,1.66852688789
77206,1.7924349308
77207,1.53240084648
77208,1.24904942513
77209,1.84187924862
77210,1.25406765938
77211,1.27092576027
77212,1.44740104675
77213,1.64052331448
77214,1.41173708439
77215,1.38731884956
77216,1.36799991131
77217,1.61646270752
77218,1.28877353668
77219,1.34663653374
77220,1.65316486359
77221,1.31810569763
77222,1.48062038422
77223,1.42322397232
77224,1.49822354317
77225,1.4687256813
77226,1.25767254829
77227,1.63372695446
77228,1.36102604866
77229,1.71256732941
77230,1.9131513834
77231,1.17140078545
77232,1.57625961304
77233,1.79894471169
77234,1.45178508759
77235,1.53227746487
77236,1.35478425026
77237,1.57655620575
77238,1.72807061672
77239,1.41742134094
77240,1.31703615189
77241,1.52175712585
77242,1.3630130291
77243,1.38322246075
77244,1.51653683186
77245,1.28660571575
77246,1.39809155464
77247,1.32991874218
77248,1.38624978065
77249,1.40147590637
77250,2.06635594368
77251,2.00395750999
77252,1.65127253532
77253,1.09549570084
77254,1.58360648155
77255,1.66526448727
77256,1.33306288719
77257,1.3373093605
77258,1.55316054821
77259,1.1276974678
77260,1.44578480721
77261,1.00715065002
77262,1.71549534798
77263,1.53274226189
77264,1.36926436424
77265,1.84513473511
77266,1.33583533764
77267,0.981985807419
77268,1.50239109993
77269,1.38415932655
77270,1.04674053192
77271,1.58032941818
77272,1.22440731525
77273,2.04635882378
77274,1.75216245651
77275,1.10610342026
77276,1.3267236948
77277,1.41931128502
77278,1.62113308907
77279,1.26245832443
77280,1.78097605705
77281,2.00936031342
77282,1.37845051289
77283,1.66655349731
77284,1.47603797913
77285,1.30907058716
77286,1.26847457886
77287,1.74457144737
77288,1.53706157207
77289,1.46642422676
77290,1.44052159786
77291,1.55882358551
77292,1.36344432831
77293,1.46108734608
77294,1.58966696262
77295,1.78640687466
77296,1.48616361618
77297,1.57176733017
77298,1.31424045563
77299,1.41168820858
77300,0.977617383003
77301,1.40670669079
77302,2.06692242622
77303,1.26069164276
77304,1.58413958549
77305,1.8471531868
77306,1.41600346565
77307,1.28716111183
77308,1.62100052834
77309,1.25904595852
77310,1.71393346786
77311,1.38504648209
77312,1.34949755669
77313,1.16480338573
77314,1.54929339886
77315,1.37582373619
77316,1.45525979996
77317,1.59335625172
77318,1.36364662647
77319,1.37632906437
77320,1.20731818676
77321,1.10680997372
77322,1.4851603508
77323,1.44613957405
77324,1.42338681221
77325,1.37647426128
77326,1.42732679844
77327,1.20361042023
77328,1.6465703249
77329,1.26117837429
77330,1.10955703259
77331,1.71088826656
77332,1.71579408646
77333,1.45800590515
77334,1.2371327877
77335,1.28535628319
77336,1.37973499298
77337,1.42595994473
77338,1.50993537903
77339,1.16554450989
77340,1.01151120663
77341,1.66472113132
77342,1.66757023335
77343,1.22899866104
77344,1.75021457672
77345,1.4583286047
77346,1.39037013054
77347,1.64728736877
77348,1.35752439499
77349,1.4884647131
77350,1.70998811722
77351,1.37373483181
77352,1.61464643478
77353,1.25399208069
77354,1.39260339737
77355,1.33304738998
77356,1.71725571156
77357,1.32242059708
77358,1.64812350273
77359,1.45097637177
77360,1.59318590164
77361,1.6076811552
77362,1.56459414959
77363,1.33474743366
77364,1.61674046516
77365,1.52675747871
77366,1.47800290585
77367,1.46042871475
77368,1.50978827477
77369,1.02369630337
77370,1.84422230721
77371,1.29866194725
77372,1.31324541569
77373,1.47545552254
77374,1.65239405632
77375,1.36151254177
77376,1.48786747456
77377,1.57671642303
77378,1.51196026802
77379,1.43406581879
77380,1.7806084156
77381,1.44006562233
77382,1.47511291504
77383,1.16866588593
77384,1.50304031372
77385,2.89614224434
77386,1.51922094822
77387,1.53337967396
77388,1.48330068588
77389,1.32343566418
77390,1.5092587471
77391,1.40269994736
77392,1.62198245525
77393,1.38314962387
77394,2.54121589661
77395,1.374812603
77396,1.3694331646
77397,1.47460699081
77398,1.39694988728
77399,1.41418349743
77400,1.78464341164
77401,1.32903695107
77402,1.67443180084
77403,1.36180520058
77404,1.58724212646
77405,1.35288763046
77406,1.59459388256
77407,1.34163212776
77408,1.40038871765
77409,1.32120931149
77410,1.30260777473
77411,1.70556569099
77412,1.29901206493
77413,1.56572699547
77414,1.48174619675
77415,1.64116692543
77416,1.73491215706
77417,1.65322470665
77418,1.3125808239
77419,1.3059668541
77420,1.41237211227
77422,1.41135513783
77423,1.33470928669
77424,1.4155960083
77425,1.57788085938
77426,1.4326198101
77427,1.63845026493
77428,1.1989865303
77429,1.27640652657
77430,1.40977144241
77431,2.32004904747
77432,1.81650304794
77433,1.47198271751
77434,1.23497819901
77435,1.38213908672
77436,1.56316351891
77437,1.46475088596
77438,2.10836696625
77439,1.61632514
77440,1.15668904781
77441,1.36218714714
77442,1.66961717606
77443,1.34183502197
77444,1.57471776009
77445,1.57543492317
77446,1.51771092415
77447,1.55735826492
77448,1.17704558372
77449,1.6298968792
77450,1.46076154709
77451,1.74510359764
77452,1.67109441757
77453,1.1856328249
77454,1.28901517391
77455,1.60270512104
77456,1.39196634293
77457,1.76890969276
77458,1.3672413826
77459,1.30083584785
77460,1.48532962799
77461,1.46370410919
77462,1.14418649673
77463,1.53024482727
77464,1.67602443695
77465,1.64496588707
77466,1.61292791367
77467,1.18146586418
77468,1.84060811996
77469,1.50059568882
77470,1.27782964706
77471,1.78834605217
77472,1.36143672466
77473,1.1797362566
77474,1.50219511986
77475,1.36573445797
77476,1.56977677345
77477,1.15698087215
77478,1.67501163483
77479,1.69549560547
77480,1.48944187164
77481,1.76491904259
77482,1.46889662743
77483,1.6190495491
77484,1.6131592989
77485,1.59053850174
77486,1.50883889198
77487,1.55444765091
77488,2.52058362961
77489,1.51705265045
77490,1.35869026184
77491,1.58787822723
77492,1.43403363228
77493,1.37228739262
77494,1.40038359165
77495,1.25755262375
77496,1.58064842224
77497,1.22219705582
77498,1.26728081703
77499,1.54065620899
77500,1.40070831776
77501,1.41416442394
77502,0.977882504463
77503,1.40183651447
77504,1.33430743217
77505,1.45842576027
77506,1.45466160774
77507,1.4567501545
77508,1.49173676968
77509,1.62955784798
77510,1.09118235111
77511,1.40794229507
77512,1.89618504047
77513,1.1804035902
77514,1.47659921646
77515,1.22597336769
77516,1.76133751869
77517,1.25073432922
77518,1.20497655869
77519,1.67112672329
77520,1.36429703236
77521,1.65256297588
77522,1.29837334156
77523,1.47768771648
77524,1.38699829578
77525,1.25498723984
77526,1.20175385475
77527,1.5514998436
77528,1.39640259743
77529,1.32333064079
77530,1.33007311821
77531,1.35468482971
77532,1.46824622154
77533,1.60097515583
77534,1.43223428726
77535,1.48184967041
77536,1.42653846741
77537,1.44143795967
77538,1.68646097183
77539,1.25409293175
77540,1.92318725586
77541,1.28358030319
77542,1.40393900871
77543,1.22290444374
77544,1.34766101837
77545,1.31855845451
77546,1.24665927887
77547,1.43433785439
77548,1.20408070087
77549,1.26320278645
77550,1.77521812916
77551,1.10291969776
77552,1.19786369801
77553,1.37401723862
77554,1.45009446144
77555,1.28200876713
77556,1.94547402859
77557,1.41333293915
77558,1.39045274258
77559,1.39970052242
77560,1.38731324673
77561,1.41595673561
77562,1.35748672485
77563,1.48627007008
77564,1.49242675304
77565,1.65925860405
77566,1.28555679321
77567,1.50557780266
77568,1.65830266476
77569,1.67026472092
77570,1.28149533272
77571,1.50229883194
77572,1.55257487297
77573,1.22552931309
77574,1.77147674561
77575,1.44789433479
77576,1.18915915489
77577,1.25157785416
77578,1.27202010155
77579,1.62908649445
77580,1.48598337173
77581,0.961848855019
77582,1.45176291466
77583,1.25758469105
77584,1.18191480637
77585,1.561242342
77586,0.99048101902
77587,1.3920173645
77588,1.29449009895
77589,1.63076746464
77590,1.29962515831
77591,1.31713747978
77592,1.33473062515
77593,1.39157450199
77594,1.8329012394
77595,1.53490781784
77596,1.37995505333
77597,1.42722868919
77598,1.82250881195
77599,0.95156276226
77600,1.77159023285
77601,1.4277009964
77602,1.42503547668
77603,1.4975386858
77604,1.29069638252
77605,1.1559869051
77606,1.27729773521
77607,1.38392591476
77608,1.56965255737
77609,1.0983877182
77610,1.33140170574
77611,1.354788661
77612,1.43357014656
77613,1.2586209774
77614,1.58337306976
77615,1.38924920559
77616,1.51103138924
77617,1.32808732986
77618,1.52528738976
77619,1.07849001884
77620,1.17599964142
77621,1.58782482147
77622,1.34555184841
77623,1.45766317844
77624,1.2109541893
77625,1.40620541573
77626,1.56184601784
77627,1.83196115494
77628,0.993187785149
77629,1.46849095821
77630,1.41144156456
77631,1.5227855444
77632,1.33966255188
77633,1.25470590591
77634,1.1092877388
77635,1.2255115509
77636,1.40585255623
77637,1.64567553997
77638,1.0770072937
77639,1.56260454655
77640,1.22250556946
77641,1.37325251102
77642,1.12503433228
77643,1.24849891663
77644,1.4377065897
77645,1.15625321865
77646,1.05564081669
77647,1.46330046654
77648,1.84359967709
77649,1.54599428177
77650,1.22502362728
77651,1.35211730003
77652,1.22918236256
77653,1.60617315769
77654,1.01000142097
77655,1.52679634094
77656,1.27568411827
77657,1.61238205433
77658,1.40762352943
77659,1.2931265831
77660,1.28184962273
77661,1.38551282883
77662,1.72213101387
77663,1.33338046074
77664,1.45765447617
77665,1.07882761955
77666,1.24601066113
77667,1.38647449017
77668,1.44417214394
77669,1.77757263184
77670,1.42433953285
77671,1.5167542696
77672,1.61779713631
77673,1.22126841545
77674,1.35269284248
77675,1.40641689301
77676,1.90452051163
77677,1.52621006966
77678,1.47236180305
77679,1.49526000023
77680,1.16184663773
77681,1.73462164402
77682,1.61988079548
77683,1.20308709145
77684,1.4743822813
77685,0.953579902649
77686,1.29858851433
77687,1.54470396042
77688,1.25267577171
77689,1.32553017139
77690,1.27793502808
77691,1.18075084686
77692,1.52288627625
77693,1.4520201683
77694,1.31417906284
77695,1.19192385674
77696,1.05794429779
77697,1.1587369442
77698,1.00768017769
77699,1.41073322296
77700,1.27955853939
77701,1.63462138176
77702,1.49566030502
77703,1.81941008568
77704,1.42717051506
77705,1.32828819752
77706,1.51465296745
77707,1.14954960346
77708,1.39177465439
77709,1.43521487713
77710,1.48549032211
77711,1.64207792282
77712,1.29855966568
77713,1.32348823547
77714,1.19112098217
77715,1.35725069046
77716,1.62220191956
77717,1.10243034363
77718,1.34336686134
77719,1.32611870766
77720,1.43469190598
77721,1.26749181747
77722,1.29211378098
77723,1.86192822456
77724,1.29537904263
77725,1.31753087044
77726,1.21308660507
77727,1.13673782349
77728,1.66784930229
77729,1.49836301804
77730,1.14038038254
77731,1.38419127464
77732,1.39074790478
77733,1.21681380272
77734,1.29715240002
77735,1.67636585236
77736,1.1274740696
77737,1.36262655258
77738,1.5468146801
77739,1.24212431908
77740,1.40722060204
77741,1.6831202507
77742,1.63804864883
77743,1.4951530695
77744,1.43760180473
77745,1.42854952812
77746,1.4247303009
77747,1.32228946686
77748,1.28872036934
77749,1.6669074297
77750,1.40133464336
77751,1.65132880211
77752,1.50592327118
77753,1.76868867874
77754,1.24506545067
77755,1.5569589138
77756,1.70286774635
77757,1.16112959385
77758,1.56788706779
77759,1.52114832401
77760,1.5613578558
77761,1.48321640491
77762,1.39107835293
77763,1.52490544319
77764,1.12278223038
77765,1.38998472691
77766,1.16082882881
77767,1.5401185751
77768,1.3927731514
77769,1.60947728157
77770,1.54860270023
77771,1.5511868
77772,1.39951705933
77773,1.41237950325
77774,1.56421220303
77775,1.54940700531
77776,1.42193198204
77777,1.44543814659
77778,1.53040719032
77779,1.4481266737
77780,1.21624028683
77781,1.43108558655
77782,1.61909151077
77783,1.62620472908
77784,1.53370368481
77785,1.47036385536
77786,1.239605546
77787,1.21698260307
77788,1.2433617115
77789,1.25990271568
77790,1.32087361813
77791,1.19129776955
77792,1.19727444649
77793,1.40340530872
77794,1.52089357376
77795,1.4639210701
77796,1.33553004265
77797,1.21287620068
77798,1.27868354321
77799,1.2386598587
77800,1.27140808105
77801,1.53634250164
77802,1.47723710537
77803,1.06716644764
77804,1.34033679962
77805,1.36218166351
77806,1.26989734173
77807,1.19429266453
77808,1.32391214371
77809,1.89536261559
77810,1.85866975784
77811,1.50390064716
77812,1.32595455647
77813,1.62606871128
77814,1.3947044611
77815,1.60313296318
77816,1.17613458633
77817,1.44808650017
77818,1.33579349518
77819,1.27904677391
77820,1.36099159718
77821,1.15138506889
77822,1.15883338451
77823,1.41417706013
77824,1.49515414238
77825,1.61139547825
77826,0.978619754314
77827,1.1160094738
77828,1.52658462524
77829,1.1769952774
77830,1.36384272575
77831,1.10547363758
77832,1.59538722038
77833,1.32026076317
77834,1.45122075081
77835,1.50972151756
77836,1.18617892265
77837,0.949086785316
77838,1.4787311554
77839,1.33185005188
77840,1.40610384941
77841,1.19721293449
77842,1.38320314884
77843,1.03246188164
77844,1.37620830536
77845,1.06926250458
77846,1.6033731699
77847,1.20452213287
77848,1.62043070793
77849,1.35823857784
77850,1.36064767838
77851,1.17734742165
77852,2.01978588104
77853,1.24965155125
77854,1.85177493095
77855,1.19425535202
77856,1.28188753128
77857,1.50740897655
77858,1.62310886383
77859,1.46119904518
77860,1.30024695396
77861,1.10919415951
77862,1.44520378113
77863,1.41856598854
77864,1.13690555096
77865,1.38557231426
77866,1.42329609394
77867,1.38168346882
77868,1.14634823799
77869,1.27786946297
77870,1.33240652084
77871,1.49208521843
77872,0.961941838264
77873,1.11146366596
77874,1.22764003277
77875,1.14861083031
77876,1.09354019165
77877,1.15060806274
77878,1.13328516483
77879,1.32870411873
77880,1.55740332603
77881,1.57754552364
77882,1.31131243706
77883,0.77940839529
77884,1.64402222633
77885,1.37399959564
77886,1.22726690769
77887,1.32838916779
77888,1.56730866432
77889,1.3602206707
77890,1.23661530018
77891,1.54084134102
77892,1.4043970108
77893,1.31858420372
77894,1.48675775528
77895,1.63945412636
77896,1.45178747177
77897,1.67285776138
77898,1.23386645317
77899,1.49640154839
77900,1.16641807556
77901,1.06260228157
77902,1.11576986313
77903,1.59773182869
77904,1.27135968208
77905,1.80587077141
77906,1.41275990009
77907,1.76961874962
77908,1.1437432766
77909,1.73056173325
77910,1.30076277256
77911,1.1941280365
77912,1.16894507408
77913,1.17962086201
77914,1.30271053314
77915,1.40806698799
77916,1.35651898384
77917,1.76054978371
77918,1.97665154934
77919,1.49325895309
77920,1.27408576012
77921,1.53709244728
77922,0.912923932076
77923,1.55584430695
77924,1.37717759609
77925,1.52008748055
77926,1.2055170536
77927,1.09078598022
77928,1.16648161411
77929,1.53722453117
77930,1.17649877071
77931,1.29710328579
77932,1.81605625153
77933,1.60156917572
77934,0.966973006725
77935,1.01614117622
77936,1.24115693569
77937,1.48940038681
77938,1.58633875847
77939,1.47913825512
77940,1.59511995316
77941,1.40453934669
77942,1.25295376778
77943,1.40852308273
77944,1.26216459274
77945,1.33940029144
77946,1.36439657211
77947,1.95056796074
77948,1.13963627815
77949,1.02027988434
77950,1.31288218498
77951,1.54199612141
77952,1.28259015083
77953,1.58006680012
77954,1.17466568947
77955,1.24240803719
77956,1.568800807
77957,1.24854743481
77958,1.37386727333
77959,1.38446974754
77960,1.54225564003
77961,1.29633021355
77962,1.4962053299
77963,1.18597221375
77964,0.820958137512
77965,1.58351325989
77966,1.31649184227
77967,1.36456727982
77968,1.25149059296
77969,1.05940711498
77970,1.61574864388
77971,1.21379077435
77972,1.19219851494
77973,1.35650134087
77974,1.38445961475
77975,1.34419250488
77976,1.61425352097
77977,1.34365725517
77978,1.71500468254
77979,1.70494139194
77980,1.27313029766
77981,1.41810679436
77982,1.56362211704
77983,1.54727351665
77984,1.71447920799
77985,1.42853069305
77986,1.09055447578
77987,1.57144570351
77988,0.959756374359
77989,1.10151648521
77990,1.08933568001
77991,1.08138525486
77992,1.44916415215
77993,0.96581697464
77994,1.73896360397
77995,1.22894990444
77996,1.0725325346
77997,1.58363676071
77998,1.5236017704
77999,1.69287443161
78000,1.09369289875
78001,1.43680405617
78002,1.4621077776
78003,1.41298353672
78004,1.44603836536
78005,1.31434559822
78006,1.39027607441
78007,1.50549507141
78008,1.78966879845
78009,1.20250833035
78010,1.34128665924
78011,1.21193397045
78012,1.53869533539
78013,1.149081707
78014,1.64620471001
78015,1.65739870071
78016,1.59111189842
78017,1.48086380959
78018,1.12139606476
78019,1.45123100281
78020,1.26837110519
78021,1.51304721832
78022,1.48391449451
78023,1.06363582611
78024,1.40666985512
78025,1.27564847469
78026,1.26082110405
78027,1.73686909676
78028,1.2841758728
78029,1.23440861702
78030,1.35049521923
78031,1.19803905487
78032,1.33698379993
78033,1.25110185146
78034,0.934117674828
78035,1.38158464432
78036,1.25447762012
78037,1.63657844067
78038,1.45614540577
78039,1.0996863842
78040,1.78611183167
78041,1.5295727253
78042,1.04022288322
78043,1.385384202
78044,1.10022711754
78045,1.46986401081
78046,1.88061285019
78047,1.35398983955
78048,1.38394117355
78049,1.28787946701
78050,1.31055903435
78051,1.6338173151
78052,1.20057559013
78053,1.51745653152
78054,1.28832268715
78055,1.04138207436
78056,1.02755212784
78057,1.25881576538
78058,1.47485470772
78059,1.60050427914
78060,1.82771492004
78061,1.63419306278
78062,1.27822828293
78063,1.44117760658
78064,1.39235603809
78065,1.29338276386
78066,1.28674507141
78067,1.43759429455
78068,1.26610207558
78069,1.00197219849
78070,1.1540749073
78071,1.04168081284
78072,1.3432238102
78073,1.16286087036
78074,1.59907972813
78075,1.25416016579
78076,1.53962361813
78077,1.13181686401
78078,1.20021772385
78079,1.29460740089
78080,1.51460754871
78081,1.49182844162
78082,1.6816381216
78083,1.40937685966
78084,1.7157099247
78085,1.34584331512
78086,1.5252481699
78087,1.20922923088
78088,1.4701987505
78089,1.16612386703
78090,1.66552197933
78091,1.54659020901
78092,1.61752927303
78093,1.38707339764
78094,1.20500540733
78095,1.41712999344
78096,1.24410009384
78097,1.25679171085
78098,1.46810770035
78099,1.48452436924
78100,1.38898825645
78101,2.01174497604
78102,1.28154098988
78103,1.18050479889
78104,1.44651687145
78105,1.49798846245
78106,1.58566093445
78107,1.36181569099
78108,1.28200185299
78109,1.42396688461
78110,1.97546577454
78111,1.43922066689
78112,1.61652898788
78113,1.45282638073
78114,1.7866537571
78115,1.59177553654
78116,1.4220802784
78117,1.45411968231
78118,1.48585653305
78119,1.3789741993
78120,1.20156013966
78121,1.42534303665
78122,1.71464681625
78123,1.28391480446
78124,1.46013593674
78125,1.78152883053
78126,1.44945216179
78127,1.68401122093
78128,1.47124278545
78129,1.1583160162
78130,1.5216755867
78131,0.924247860909
78132,1.34248507023
78133,1.126116395
78134,1.03991365433
78135,1.40828883648
78136,1.57365703583
78137,1.62765526772
78138,1.64074635506
78139,1.49312412739
78140,1.26304388046
78141,1.41257333755
78142,1.3944849968
78143,1.39063060284
78144,1.42097520828
78145,1.28293859959
78146,1.44857549667
78147,1.08553826809
78148,1.61454546452
78149,1.4230017662
78150,1.46583890915
78151,1.53586935997
78152,1.7787348032
78153,1.02332687378
78154,1.18474507332
78155,1.9293050766
78156,1.56878232956
78157,1.36698293686
78158,1.57085752487
78159,1.36437225342
78160,1.3708152771
78161,1.58216309547
78162,1.29278469086
78163,1.23262655735
78164,1.31218695641
78165,1.45019841194
78166,1.40612304211
78167,1.3154232502
78168,1.42754650116
78169,1.22768783569
78170,1.58300971985
78171,1.27679014206
78172,1.48473906517
78173,1.29358506203
78174,1.50882029533
78175,1.75890183449
78176,1.24179887772
78177,1.78779911995
78178,1.28954982758
78179,1.23904871941
78180,1.13003802299
78181,1.33520531654
78182,1.19539165497
78183,1.50436389446
78184,1.2267074585
78185,1.78376209736
78186,1.20181465149
78187,1.76021647453
78188,1.3664290905
78189,1.07078528404
78190,1.2022434473
78191,1.45601117611
78192,1.24422240257
78193,1.51492893696
78194,1.3581674099
78195,1.33667135239
78196,1.08042931557
78197,1.12346291542
78198,1.32919502258
78199,1.27992427349
78200,1.43395996094
78201,1.23037827015
78202,1.4171769619
