4,0.046875
5,0.03125
6,0.078125
7,0.046875
8,0.03125
9,0.015625
10,0.015625
11,0.015625
12,0.078125
13,0.078125
14,0.0625
15,0.03125
16,0.046875
17,0.078125
18,0.046875
19,0.078125
20,0.015625
21,0.125
22,0.0625
23,0.03125
24,0.03125
25,0.078125
26,0.0625
27,0.078125
28,0.046875
29,0.0625
30,0.046875
31,0.046875
32,0.109375
33,0.109375
34,0.09375
35,0.125
36,0.09375
37,0.09375
38,0.140625
39,0.046875
40,0.109375
41,0.109375
42,0.0625
43,0.0625
44,0.09375
45,0.0625
46,0.0625
47,0.046875
48,0.109375
49,0.046875
50,0.09375
51,0.078125
52,0.078125
53,0.0
54,0.0625
55,0.09375
56,0.078125
57,0.109375
58,0.125
59,0.03125
60,0.078125
61,0.0625
62,0.078125
63,0.078125
64,0.078125
65,0.09375
66,0.09375
67,0.03125
68,0.046875
69,0.015625
70,0.109375
71,0.109375
72,0.046875
73,0.046875
74,0.015625
75,0.0625
76,0.046875
77,0.09375
78,0.0625
79,0.0625
80,0.046875
81,0.09375
82,0.125
83,0.015625
84,0.015625
85,0.0625
86,0.09375
87,0.0625
88,0.078125
89,0.046875
90,0.0625
91,0.09375
92,0.03125
93,0.09375
94,0.0625
95,0.0625
96,0.0
97,0.078125
98,0.03125
99,0.125
100,0.09375
101,0.078125
102,0.078125
103,0.046875
104,0.0625
105,0.046875
106,0.015625
107,0.125
108,0.078125
109,0.015625
110,0.015625
111,0.09375
112,0.09375
113,0.015625
114,0.046875
115,0.09375
116,0.078125
117,0.03125
118,0.0625
119,0.0625
120,0.109375
121,0.140625
122,0.0625
123,0.078125
124,0.09375
125,0.046875
126,0.125
127,0.046875
128,0.078125
129,0.109375
130,0.078125
131,0.125
132,0.046875
133,0.09375
134,0.0625
135,0.078125
136,0.046875
137,0.046875
138,0.125
139,0.078125
140,0.0625
141,0.03125
142,0.15625
143,0.03125
144,0.046875
145,0.046875
146,0.078125
147,0.171875
148,0.046875
149,0.0625
150,0.03125
151,0.046875
152,0.09375
153,0.0625
154,0.140625
155,0.03125
156,0.0625
157,0.078125
158,0.078125
159,0.078125
160,0.078125
161,0.03125
162,0.0625
163,0.0625
164,0.03125
165,0.046875
166,0.046875
167,0.046875
168,0.03125
169,0.046875
170,0.046875
171,0.046875
172,0.0625
173,0.125
174,0.0625
175,0.0
176,0.09375
177,0.109375
178,0.046875
179,0.046875
180,0.046875
181,0.03125
182,0.03125
183,0.046875
184,0.0625
185,0.0625
186,0.03125
187,0.078125
188,0.03125
189,0.0625
190,0.078125
191,0.0625
192,0.0625
193,0.046875
194,0.078125
195,0.046875
196,0.109375
197,0.0625
198,0.046875
199,0.078125
200,0.015625
201,0.09375
202,0.046875
203,0.0625
204,0.046875
205,0.046875
206,0.078125
207,0.125
208,0.09375
209,0.046875
210,0.09375
211,0.0625
212,0.03125
213,0.046875
214,0.046875
215,0.09375
216,0.015625
217,0.0625
218,0.078125
219,0.09375
220,0.078125
221,0.046875
222,0.046875
223,0.09375
224,0.09375
225,0.140625
226,0.046875
227,0.03125
228,0.046875
229,0.109375
230,0.0625
231,0.046875
232,0.046875
233,0.046875
234,0.046875
235,0.078125
236,0.046875
237,0.046875
238,0.0625
239,0.0625
240,0.078125
241,0.03125
242,0.125
243,0.078125
244,0.046875
245,0.046875
246,0.0625
247,0.078125
248,0.046875
249,0.03125
250,0.046875
251,0.0625
252,0.078125
253,0.0625
254,0.078125
255,0.09375
256,0.09375
257,0.125
258,0.046875
259,0.09375
260,0.109375
261,0.09375
262,0.0625
263,0.125
264,0.109375
265,0.0625
266,0.078125
267,0.109375
268,0.0625
269,0.078125
270,0.109375
271,0.0625
272,0.078125
273,0.09375
274,0.03125
275,0.03125
276,0.03125
277,0.078125
278,0.0625
279,0.046875
280,0.046875
281,0.09375
282,0.0625
283,0.09375
284,0.078125
285,0.0625
286,0.0625
287,0.09375
288,0.046875
289,0.078125
290,0.03125
291,0.046875
292,0.046875
293,0.171875
294,0.046875
295,0.03125
296,0.109375
297,0.09375
298,0.046875
299,0.140625
300,0.03125
301,0.046875
302,0.078125
303,0.03125
304,0.078125
305,0.0625
306,0.03125
307,0.0625
308,0.09375
309,0.0625
310,0.109375
311,0.046875
312,0.0625
313,0.125
314,0.078125
315,0.09375
316,0.046875
317,0.0625
318,0.0625
319,0.09375
320,0.109375
321,0.015625
322,0.046875
323,0.046875
324,0.046875
325,0.0625
326,0.046875
327,0.0625
328,0.09375
329,0.078125
330,0.046875
331,0.078125
332,0.0625
333,0.046875
334,0.0625
335,0.09375
336,0.09375
337,0.0625
338,0.078125
339,0.03125
340,0.046875
341,0.09375
342,0.0625
343,0.15625
344,0.046875
345,0.09375
346,0.046875
347,0.0625
348,0.046875
349,0.0625
350,0.046875
351,0.0625
352,0.0625
353,0.078125
354,0.0625
355,0.09375
356,0.0625
357,0.109375
358,0.09375
359,0.0625
360,0.046875
361,0.078125
362,0.015625
363,0.046875
364,0.0625
365,0.0
366,0.078125
367,0.125
368,0.046875
369,0.046875
370,0.015625
371,0.046875
372,0.046875
373,0.0625
374,0.0625
375,0.03125
376,0.09375
377,0.078125
378,0.046875
379,0.046875
380,0.046875
381,0.09375
382,0.0625
383,0.125
384,0.03125
385,0.0625
386,0.140625
387,0.09375
388,0.09375
389,0.0625
390,0.0625
391,0.140625
392,0.09375
393,0.078125
394,0.078125
395,0.09375
396,0.078125
397,0.03125
398,0.03125
399,0.03125
400,0.109375
401,0.078125
402,0.125
403,0.109375
404,0.046875
405,0.09375
406,0.046875
407,0.109375
408,0.046875
409,0.078125
410,0.078125
411,0.09375
412,0.0625
413,0.09375
414,0.140625
415,0.046875
416,0.140625
417,0.0625
418,0.015625
419,0.046875
420,0.09375
421,0.109375
422,0.078125
423,0.140625
424,0.0625
425,0.09375
426,0.03125
427,0.0625
428,0.078125
429,0.09375
430,0.078125
431,0.0625
432,0.078125
433,0.09375
434,0.015625
435,0.046875
436,0.078125
437,0.0625
438,0.0625
439,0.109375
440,0.078125
441,0.0625
442,0.15625
443,0.03125
444,0.0625
445,0.046875
446,0.125
447,0.046875
448,0.109375
449,0.125
450,0.125
451,0.046875
452,0.140625
453,0.03125
454,0.125
455,0.078125
456,0.125
457,0.109375
458,0.078125
459,0.0625
460,0.046875
461,0.078125
462,0.09375
463,0.09375
464,0.109375
465,0.0625
466,0.015625
467,0.0625
468,0.078125
469,0.078125
470,0.09375
471,0.140625
472,0.03125
473,0.09375
474,0.03125
475,0.0625
476,0.109375
477,0.046875
478,0.046875
479,0.171875
480,0.125
481,0.046875
482,0.09375
483,0.15625
484,0.03125
485,0.078125
486,0.0625
487,0.046875
488,0.0625
489,0.09375
490,0.109375
491,0.09375
492,0.046875
493,0.078125
494,0.046875
495,0.109375
496,0.078125
497,0.078125
498,0.078125
499,0.0625
500,0.0625
501,0.03125
502,0.09375
503,0.125
504,0.046875
505,0.078125
506,0.09375
507,0.078125
508,0.015625
509,0.125
510,0.0625
511,0.046875
512,0.046875
513,0.03125
514,0.03125
515,0.125
516,0.0625
517,0.0625
518,0.0625
519,0.078125
520,0.03125
521,0.09375
522,0.078125
523,0.09375
524,0.046875
525,0.0625
526,0.09375
527,0.0625
528,0.046875
529,0.0625
530,0.09375
531,0.078125
532,0.0625
533,0.09375
534,0.09375
535,0.09375
536,0.078125
537,0.0625
538,0.03125
539,0.078125
540,0.03125
541,0.015625
542,0.03125
543,0.109375
544,0.078125
545,0.09375
546,0.0625
547,0.0625
548,0.0625
549,0.03125
550,0.078125
551,0.0625
552,0.078125
553,0.125
554,0.078125
555,0.171875
556,0.109375
557,0.03125
558,0.09375
559,0.03125
560,0.046875
561,0.109375
562,0.078125
563,0.09375
564,0.09375
565,0.078125
566,0.15625
567,0.125
568,0.0625
569,0.046875
570,0.03125
571,0.09375
572,0.046875
573,0.0625
574,0.09375
575,0.078125
576,0.09375
577,0.078125
578,0.046875
579,0.09375
580,0.015625
581,0.0625
582,0.140625
583,0.078125
584,0.0625
585,0.0625
586,0.0625
587,0.0625
588,0.03125
589,0.09375
590,0.078125
591,0.09375
592,0.078125
593,0.09375
594,0.078125
595,0.078125
596,0.046875
597,0.125
598,0.046875
599,0.046875
600,0.109375
601,0.078125
602,0.0625
603,0.109375
604,0.09375
605,0.125
606,0.078125
607,0.0625
608,0.0625
609,0.046875
610,0.0625
611,0.03125
612,0.109375
613,0.03125
614,0.109375
615,0.0625
616,0.03125
617,0.0625
618,0.09375
619,0.0625
620,0.125
621,0.046875
622,0.125
623,0.078125
624,0.0625
625,0.046875
626,0.078125
627,0.0625
628,0.078125
629,0.078125
630,0.078125
631,0.0625
632,0.09375
633,0.0625
634,0.078125
635,0.0625
636,0.0625
637,0.078125
638,0.046875
639,0.0625
640,0.0625
641,0.09375
642,0.03125
643,0.109375
644,0.078125
645,0.078125
646,0.09375
647,0.0625
648,0.015625
649,0.09375
650,0.0625
651,0.078125
652,0.125
653,0.078125
654,0.09375
655,0.0625
656,0.03125
657,0.03125
658,0.0625
659,0.046875
660,0.078125
661,0.078125
662,0.0625
663,0.046875
664,0.078125
665,0.109375
666,0.09375
667,0.078125
668,0.109375
669,0.015625
670,0.09375
671,0.0625
672,0.046875
673,0.046875
674,0.03125
675,0.0625
676,0.046875
677,0.078125
678,0.09375
679,0.140625
680,0.078125
681,0.046875
682,0.09375
683,0.140625
684,0.078125
685,0.078125
686,0.109375
687,0.078125
688,0.03125
689,0.0625
690,0.09375
691,0.078125
692,0.0625
693,0.078125
694,0.078125
695,0.03125
696,0.078125
697,0.0625
698,0.09375
699,0.046875
700,0.09375
701,0.0625
702,0.125
703,0.0625
704,0.125
705,0.078125
706,0.078125
707,0.15625
708,0.03125
709,0.03125
710,0.046875
711,0.109375
712,0.078125
713,0.109375
714,0.125
715,0.078125
716,0.125
717,0.09375
718,0.125
719,0.078125
720,0.09375
721,0.078125
722,0.09375
723,0.0625
724,0.03125
725,0.0625
726,0.078125
727,0.109375
728,0.0625
729,0.109375
730,0.078125
731,0.0625
732,0.0625
733,0.078125
734,0.171875
735,0.125
736,0.03125
737,0.046875
738,0.078125
739,0.09375
740,0.109375
741,0.09375
742,0.109375
743,0.09375
744,0.078125
745,0.109375
746,0.0625
747,0.015625
748,0.046875
749,0.125
750,0.0
751,0.03125
752,0.078125
753,0.0625
754,0.140625
755,0.078125
756,0.109375
757,0.0625
758,0.0625
759,0.046875
760,0.078125
761,0.046875
762,0.078125
763,0.0625
764,0.109375
765,0.078125
766,0.109375
767,0.015625
768,0.078125
769,0.109375
770,0.046875
771,0.09375
772,0.09375
773,0.078125
774,0.125
775,0.0625
776,0.0625
777,0.0625
778,0.046875
779,0.09375
780,0.109375
781,0.0625
782,0.046875
783,0.09375
784,0.078125
785,0.03125
787,0.046875
788,0.109375
789,0.09375
790,0.09375
791,0.109375
792,0.0625
793,0.0625
794,0.078125
795,0.109375
796,0.09375
797,0.078125
798,0.0625
799,0.109375
800,0.109375
801,0.09375
802,0.046875
803,0.109375
804,0.046875
805,0.046875
806,0.046875
807,0.140625
808,0.0625
809,0.046875
810,0.09375
811,0.109375
812,0.03125
813,0.03125
814,0.0625
815,0.046875
816,0.0625
817,0.0625
818,0.09375
819,0.03125
820,0.0625
821,0.125
822,0.078125
823,0.078125
824,0.09375
825,0.0625
826,0.09375
827,0.078125
828,0.140625
829,0.140625
830,0.078125
831,0.03125
832,0.09375
833,0.03125
834,0.078125
835,0.03125
836,0.0625
837,0.09375
838,0.046875
839,0.046875
840,0.046875
841,0.078125
842,0.09375
843,0.109375
844,0.109375
845,0.046875
846,0.125
847,0.078125
848,0.03125
849,0.078125
850,0.09375
851,0.109375
852,0.0625
853,0.109375
854,0.078125
855,0.0625
856,0.0625
857,0.0625
858,0.046875
859,0.0625
860,0.0625
861,0.046875
862,0.125
863,0.078125
864,0.078125
865,0.09375
866,0.125
867,0.109375
868,0.078125
869,0.09375
870,0.046875
871,0.0625
872,0.03125
873,0.09375
874,0.09375
875,0.09375
876,0.078125
877,0.015625
878,0.078125
879,0.078125
880,0.03125
881,0.078125
882,0.046875
883,0.078125
884,0.109375
885,0.0625
886,0.0625
887,0.078125
888,0.0625
889,0.015625
890,0.0625
891,0.0625
892,0.078125
893,0.0625
894,0.078125
895,0.046875
896,0.046875
897,0.0625
898,0.09375
899,0.046875
900,0.09375
901,0.078125
902,0.03125
903,0.078125
904,0.046875
905,0.09375
906,0.078125
907,0.046875
908,0.0625
909,0.078125
910,0.0625
911,0.0625
912,0.0625
913,0.09375
914,0.109375
915,0.03125
916,0.078125
917,0.03125
918,0.03125
919,0.078125
920,0.0625
921,0.078125
922,0.046875
923,0.109375
924,0.0625
925,0.125
926,0.0625
927,0.015625
928,0.15625
929,0.046875
930,0.140625
931,0.078125
932,0.078125
933,0.125
934,0.0625
935,0.03125
936,0.03125
937,0.03125
938,0.078125
939,0.078125
940,0.140625
941,0.0625
942,0.046875
943,0.078125
944,0.0625
945,0.0625
946,0.15625
947,0.0625
948,0.09375
949,0.078125
950,0.09375
951,0.078125
952,0.03125
953,0.03125
954,0.09375
955,0.109375
956,0.15625
957,0.015625
958,0.03125
959,0.078125
960,0.078125
961,0.078125
962,0.078125
963,0.0625
964,0.078125
965,0.03125
966,0.046875
967,0.03125
968,0.109375
969,0.0625
970,0.046875
971,0.0625
972,0.109375
973,0.0625
974,0.03125
975,0.03125
976,0.078125
977,0.078125
978,0.09375
979,0.0625
980,0.09375
981,0.09375
982,0.125
983,0.0625
984,0.078125
985,0.046875
986,0.015625
987,0.109375
988,0.015625
989,0.140625
990,0.09375
991,0.078125
992,0.015625
993,0.03125
994,0.0625
995,0.109375
996,0.078125
997,0.109375
998,0.03125
999,0.046875
1000,0.046875
1001,0.0625
1002,0.0
1003,0.046875
1004,0.109375
1005,0.046875
1006,0.046875
1007,0.078125
1008,0.125
1009,0.0625
1010,0.0625
1011,0.078125
1012,0.046875
1013,0.09375
1014,0.078125
1015,0.0625
1016,0.0625
1017,0.109375
1018,0.09375
1019,0.125
1020,0.03125
1021,0.046875
1022,0.140625
1023,0.0625
1024,0.0625
1025,0.109375
1026,0.0625
1027,0.046875
1028,0.0625
1029,0.078125
1030,0.03125
1031,0.109375
1032,0.09375
1033,0.078125
1034,0.109375
1035,0.09375
1036,0.109375
1037,0.078125
1038,0.015625
1039,0.046875
1040,0.09375
1041,0.0625
1042,0.046875
1043,0.046875
1044,0.046875
1045,0.109375
1046,0.03125
1047,0.0625
1048,0.0625
1049,0.0625
1050,0.09375
1051,0.0625
1052,0.015625
1053,0.0625
1054,0.078125
1055,0.109375
1056,0.078125
1057,0.0625
1058,0.0625
1059,0.09375
1060,0.078125
1061,0.09375
1062,0.078125
1063,0.109375
1064,0.09375
1065,0.109375
1066,0.0625
1067,0.046875
1068,0.125
1069,0.09375
1070,0.046875
1071,0.109375
1072,0.078125
1073,0.015625
1074,0.09375
1075,0.09375
1076,0.09375
1077,0.078125
1078,0.046875
1079,0.015625
1080,0.078125
1081,0.0625
1082,0.0625
1083,0.140625
1084,0.109375
1085,0.0625
1086,0.03125
1087,0.03125
1088,0.03125
1089,0.125
1090,0.046875
1091,0.09375
1092,0.109375
1093,0.078125
1094,0.109375
1095,0.125
1096,0.0625
1097,0.125
1098,0.046875
1099,0.0625
1100,0.125
1101,0.09375
1102,0.109375
1103,0.0625
1104,0.078125
1105,0.046875
1106,0.09375
1107,0.0625
1108,0.03125
1109,0.046875
1110,0.046875
1111,0.046875
1112,0.109375
1113,0.078125
1114,0.140625
1115,0.03125
1116,0.078125
1117,0.0625
1118,0.078125
1119,0.0625
1120,0.0625
1121,0.109375
1122,0.078125
1123,0.078125
1124,0.046875
1125,0.046875
1126,0.078125
1127,0.0625
1128,0.046875
1129,0.09375
1130,0.046875
1131,0.078125
1132,0.078125
1133,0.15625
1134,0.0625
1135,0.046875
1136,0.03125
1137,0.09375
1138,0.0625
1139,0.09375
1140,0.078125
1141,0.109375
1142,0.109375
1143,0.15625
1144,0.0625
1145,0.09375
1146,0.125
1147,0.078125
1148,0.09375
1149,0.046875
1150,0.03125
1151,0.109375
1152,0.09375
1153,0.125
1154,0.078125
1155,0.046875
1156,0.03125
1157,0.125
1158,0.0625
1159,0.109375
1160,0.046875
1161,0.0625
1162,0.0625
1163,0.078125
1164,0.046875
1165,0.03125
1166,0.09375
1167,0.09375
1168,0.046875
1169,0.125
1170,0.046875
1171,0.046875
1172,0.0625
1173,0.109375
1174,0.109375
1175,0.046875
1176,0.046875
1177,0.046875
1178,0.046875
1179,0.140625
1180,0.078125
1181,0.0625
1182,0.09375
1183,0.078125
1184,0.046875
1185,0.078125
1186,0.078125
1187,0.078125
1188,0.046875
1189,0.09375
1190,0.078125
1191,0.0625
1192,0.078125
1193,0.09375
1194,0.046875
1195,0.109375
1196,0.03125
1197,0.15625
1198,0.140625
1199,0.0625
1200,0.0625
1201,0.03125
1202,0.0625
1203,0.125
1204,0.0625
1205,0.078125
1206,0.0625
1207,0.0625
1208,0.046875
1209,0.0625
1210,0.046875
1211,0.078125
1212,0.03125
1213,0.046875
1214,0.109375
1215,0.109375
1216,0.09375
1217,0.03125
1218,0.03125
1219,0.0625
1220,0.046875
1221,0.0625
1222,0.078125
1223,0.046875
1224,0.078125
1225,0.046875
1226,0.078125
1227,0.078125
1228,0.09375
1229,0.109375
1230,0.125
1231,0.0625
1232,0.0625
1233,0.078125
1234,0.0625
1235,0.046875
1236,0.078125
1237,0.0625
1238,0.078125
1239,0.046875
1240,0.0625
1241,0.109375
1242,0.078125
1243,0.046875
1244,0.078125
1245,0.046875
1246,0.046875
1247,0.046875
1248,0.09375
1249,0.109375
1250,0.03125
1251,0.078125
1252,0.046875
1253,0.078125
1254,0.09375
1255,0.03125
1256,0.09375
1257,0.0
1258,0.046875
1259,0.0625
1260,0.0625
1261,0.109375
1262,0.0625
1263,0.0625
1264,0.078125
1265,0.046875
1266,0.03125
1267,0.078125
1268,0.109375
1269,0.0625
1270,0.0625
1271,0.125
1272,0.078125
1273,0.078125
1274,0.078125
1275,0.0625
1276,0.0625
1277,0.03125
1278,0.03125
1279,0.078125
1280,0.03125
1281,0.03125
1282,0.140625
1283,0.078125
1284,0.046875
1285,0.109375
1286,0.03125
1287,0.0625
1288,0.0625
1289,0.09375
1290,0.09375
1291,0.046875
1292,0.078125
1293,0.046875
1294,0.046875
1295,0.046875
1296,0.0625
1297,0.09375
1298,0.078125
1299,0.078125
1300,0.078125
1301,0.078125
1302,0.09375
1303,0.09375
1304,0.109375
1305,0.03125
1306,0.015625
1307,0.0625
1308,0.046875
1309,0.109375
1310,0.125
1311,0.09375
1312,0.046875
1313,0.0625
1314,0.0625
1315,0.078125
1316,0.078125
1317,0.046875
1318,0.09375
1319,0.0625
1320,0.0625
1321,0.0625
1322,0.078125
1323,0.0625
1324,0.0625
1325,0.046875
1326,0.0625
1327,0.09375
1328,0.09375
1329,0.03125
1330,0.046875
1331,0.140625
1332,0.09375
1333,0.0625
1334,0.046875
1335,0.078125
1336,0.078125
1337,0.09375
1338,0.03125
1339,0.0625
1340,0.03125
1341,0.0625
1342,0.0625
1343,0.046875
1344,0.046875
1345,0.09375
1346,0.078125
1347,0.046875
1348,0.03125
1349,0.109375
1350,0.078125
1351,0.078125
1352,0.078125
1353,0.09375
1354,0.03125
1355,0.078125
1356,0.0625
1357,0.109375
1358,0.09375
1359,0.0625
1360,0.046875
1361,0.078125
1362,0.09375
1363,0.09375
1364,0.046875
1365,0.09375
1366,0.078125
1367,0.078125
1368,0.0625
1369,0.03125
1370,0.109375
1371,0.015625
1372,0.046875
1373,0.078125
1374,0.09375
1375,0.046875
1376,0.171875
1377,0.078125
1378,0.09375
1379,0.125
1380,0.046875
1381,0.0625
1382,0.109375
1383,0.046875
1384,0.0625
1385,0.109375
1386,0.109375
1387,0.046875
1388,0.09375
1389,0.0625
1390,0.09375
1391,0.140625
1392,0.046875
1393,0.09375
1394,0.109375
1395,0.109375
1396,0.109375
1397,0.0625
1398,0.09375
1399,0.0625
1400,0.125
1401,0.03125
1402,0.078125
1403,0.046875
1404,0.046875
1405,0.046875
1406,0.09375
1407,0.046875
1408,0.125
1409,0.109375
1410,0.09375
1411,0.046875
1412,0.0625
1413,0.09375
1414,0.046875
1415,0.125
1416,0.078125
1417,0.078125
1418,0.015625
1419,0.03125
1420,0.0625
1421,0.0625
1422,0.078125
1423,0.03125
1424,0.046875
1425,0.078125
1426,0.109375
1427,0.09375
1428,0.0625
1429,0.046875
1430,0.0625
1431,0.0625
1432,0.09375
1433,0.078125
1434,0.03125
1435,0.0625
1436,0.046875
1437,0.0625
1438,0.125
1439,0.078125
1440,0.078125
1441,0.078125
1442,0.125
1443,0.046875
1444,0.046875
1445,0.140625
1446,0.046875
1447,0.125
1448,0.046875
1449,0.03125
1450,0.0625
1451,0.0625
1452,0.078125
1453,0.078125
1454,0.078125
1455,0.109375
1456,0.03125
1457,0.078125
1458,0.09375
1459,0.109375
1460,0.046875
1461,0.0
1462,0.0625
1463,0.03125
1464,0.078125
1465,0.078125
1466,0.140625
1467,0.09375
1468,0.09375
1469,0.046875
1470,0.03125
1471,0.046875
1472,0.09375
1473,0.03125
1474,0.109375
1475,0.109375
1476,0.09375
1477,0.046875
1478,0.109375
1479,0.0
1480,0.09375
1481,0.046875
1482,0.0625
1483,0.09375
1484,0.09375
1485,0.03125
1486,0.078125
1487,0.125
1488,0.078125
1489,0.0625
1490,0.0625
1491,0.09375
1492,0.109375
1493,0.09375
1494,0.125
1495,0.125
1496,0.0625
1497,0.078125
1498,0.09375
1499,0.046875
1500,0.03125
1501,0.109375
1502,0.09375
1503,0.0625
1504,0.078125
1505,0.0625
1506,0.171875
1507,0.0625
1508,0.078125
1509,0.078125
1510,0.125
1511,0.015625
1512,0.046875
1513,0.03125
1514,0.0625
1515,0.078125
1516,0.015625
1517,0.078125
1518,0.0625
1519,0.09375
1520,0.125
1521,0.125
1522,0.078125
1523,0.03125
1524,0.0625
1525,0.078125
1526,0.03125
1527,0.09375
1528,0.09375
1529,0.09375
1530,0.015625
1531,0.15625
1532,0.125
1533,0.0625
1534,0.09375
1535,0.078125
1536,0.046875
1537,0.0625
1538,0.0625
1539,0.125
1540,0.0625
1541,0.046875
1542,0.09375
1543,0.046875
1544,0.078125
1545,0.0625
1546,0.078125
1547,0.0625
1548,0.078125
1549,0.109375
1550,0.078125
1551,0.078125
1552,0.046875
1553,0.046875
1554,0.109375
1555,0.0625
1556,0.046875
1557,0.0625
1558,0.03125
1559,0.0625
1560,0.078125
1561,0.140625
1562,0.078125
1563,0.078125
38319,0.09375
38320,0.046875
38321,0.03125
38322,0.015625
38323,0.109375
38324,0.0625
38325,0.046875
38326,0.078125
38327,0.0625
38328,0.0625
38329,0.0625
38330,0.0625
38331,0.0625
38332,0.0625
38333,0.078125
38334,0.0625
38335,0.078125
38336,0.03125
38337,0.0625
38338,0.015625
38339,0.109375
38340,0.046875
38341,0.046875
38342,0.078125
38343,0.046875
38344,0.015625
38345,0.046875
38346,0.109375
38347,0.0625
38348,0.078125
38349,0.015625
38350,0.078125
38351,0.0625
38352,0.09375
38353,0.03125
38354,0.046875
38355,0.125
38356,0.078125
38357,0.0625
38358,0.03125
38359,0.125
38360,0.015625
38361,0.09375
38362,0.015625
38363,0.03125
38364,0.0625
38365,0.046875
38366,0.0625
38367,0.109375
38368,0.0625
38369,0.0625
38371,0.0625
38372,0.0625
38373,0.09375
38374,0.03125
38375,0.09375
38376,0.03125
38377,0.03125
38378,0.078125
38379,0.078125
38380,0.03125
38381,0.03125
38382,0.046875
38383,0.09375
38384,0.0625
38385,0.015625
38386,0.0625
38387,0.015625
38388,0.078125
38389,0.015625
38390,0.0625
38391,0.046875
38392,0.015625
38393,0.125
38394,0.09375
38395,0.078125
38396,0.078125
38397,0.0625
38398,0.078125
38399,0.0625
38400,0.015625
38401,0.078125
38402,0.140625
38403,0.078125
38404,0.015625
38405,0.046875
38406,0.078125
38407,0.0625
38408,0.109375
38409,0.109375
38410,0.0
38411,0.078125
38412,0.046875
38413,0.109375
38414,0.03125
38415,0.078125
38416,0.078125
38417,0.046875
38418,0.046875
38419,0.0625
38420,0.03125
38421,0.078125
38422,0.046875
38423,0.015625
38424,0.0625
38425,0.046875
38426,0.046875
38427,0.0625
38428,0.0625
38429,0.0625
38430,0.046875
38431,0.046875
38432,0.078125
38433,0.078125
38434,0.03125
38435,0.078125
38436,0.09375
38437,0.046875
38438,0.078125
38439,0.0625
38440,0.0625
38441,0.0625
38442,0.09375
38443,0.03125
38444,0.078125
38445,0.140625
38446,0.015625
38447,0.0625
38448,0.09375
38449,0.015625
38450,0.046875
38451,0.03125
38452,0.046875
38453,0.078125
38454,0.09375
38455,0.109375
38456,0.09375
38457,0.0625
38458,0.046875
38459,0.03125
38460,0.046875
38461,0.078125
38462,0.046875
38463,0.046875
38464,0.0625
38465,0.046875
38466,0.0625
38467,0.109375
38468,0.0625
38469,0.046875
38470,0.0625
38471,0.0625
38472,0.03125
38473,0.046875
38474,0.0625
38475,0.15625
38476,0.03125
38477,0.0625
38478,0.078125
38479,0.015625
38480,0.046875
38481,0.078125
38482,0.0
38483,0.078125
38484,0.046875
38485,0.046875
38486,0.078125
38487,0.03125
38488,0.0
38489,0.078125
38490,0.03125
38491,0.03125
38492,0.09375
38493,0.0625
38494,0.03125
38495,0.03125
38496,0.0625
38497,0.046875
38498,0.03125
38499,0.03125
38500,0.109375
38501,0.109375
38502,0.0625
38503,0.078125
38504,0.046875
38505,0.0625
38506,0.0625
38507,0.0625
38508,0.078125
38509,0.046875
38510,0.109375
38511,0.078125
38512,0.0625
38513,0.0625
38514,0.09375
38515,0.09375
38516,0.03125
38517,0.046875
38518,0.046875
38519,0.015625
38520,0.109375
38521,0.0625
38522,0.046875
38523,0.046875
38524,0.15625
38525,0.046875
38526,0.046875
38527,0.03125
38528,0.0625
38529,0.046875
38530,0.09375
38531,0.03125
38532,0.09375
38533,0.109375
38534,0.09375
38535,0.0625
38536,0.109375
38537,0.0625
38538,0.046875
38539,0.046875
38540,0.09375
38541,0.125
38542,0.03125
38543,0.046875
38544,0.078125
38545,0.09375
38546,0.078125
38547,0.0625
38548,0.09375
38549,0.125
38550,0.0625
38551,0.046875
38552,0.0625
38553,0.0625
38554,0.078125
38555,0.09375
38556,0.015625
38557,0.140625
38558,0.0625
38559,0.046875
38560,0.09375
38561,0.046875
38562,0.046875
38563,0.0625
38564,0.078125
38565,0.09375
38566,0.09375
38567,0.09375
38568,0.09375
38569,0.03125
38570,0.046875
38571,0.046875
38572,0.09375
38573,0.046875
38574,0.015625
38575,0.046875
38576,0.125
38577,0.0625
38578,0.0625
38579,0.015625
38580,0.03125
38581,0.078125
38582,0.0625
38583,0.0625
38584,0.0625
38585,0.078125
38586,0.0625
38587,0.046875
38588,0.0625
38589,0.015625
38590,0.046875
38591,0.046875
38592,0.0625
38593,0.09375
38594,0.078125
38595,0.015625
38596,0.046875
38597,0.109375
38598,0.09375
38599,0.09375
38600,0.03125
38601,0.046875
38602,0.03125
38603,0.015625
38604,0.078125
38605,0.046875
38606,0.09375
38607,0.0625
38608,0.046875
38609,0.015625
38610,0.09375
38611,0.03125
38612,0.046875
38613,0.0625
38614,0.109375
38615,0.0625
38616,0.0625
38617,0.046875
38618,0.109375
38619,0.09375
38620,0.0625
38621,0.09375
38622,0.015625
38623,0.0625
38624,0.03125
38625,0.140625
38626,0.0625
38627,0.078125
38628,0.0625
38629,0.09375
38630,0.0
38631,0.0625
38632,0.03125
38633,0.046875
38634,0.015625
38635,0.046875
38636,0.15625
38637,0.078125
38638,0.046875
38639,0.046875
38640,0.03125
38641,0.03125
38642,0.046875
38643,0.03125
38644,0.015625
38645,0.0625
38646,0.078125
38647,0.15625
38648,0.078125
38649,0.03125
38650,0.078125
38651,0.015625
38652,0.09375
38653,0.078125
38654,0.046875
38655,0.09375
38656,0.046875
38657,0.078125
38658,0.078125
38659,0.03125
38660,0.125
38661,0.0625
38662,0.046875
38663,0.015625
38664,0.03125
38665,0.015625
38666,0.03125
38667,0.0625
38668,0.078125
38669,0.03125
38670,0.171875
38671,0.015625
38672,0.09375
38673,0.078125
38674,0.09375
38675,0.046875
38676,0.0625
38677,0.046875
38678,0.046875
38679,0.015625
38680,0.03125
38681,0.09375
38682,0.0
38683,0.046875
38684,0.125
38685,0.0625
38686,0.03125
38687,0.078125
38688,0.03125
38689,0.0625
38690,0.078125
38691,0.046875
38692,0.046875
38693,0.078125
38694,0.015625
38695,0.09375
38696,0.09375
38697,0.078125
38698,0.125
38699,0.0625
38700,0.078125
38701,0.0625
38702,0.078125
38703,0.0625
38704,0.03125
38705,0.03125
38706,0.046875
38707,0.046875
38708,0.078125
38709,0.078125
38710,0.078125
38711,0.015625
38712,0.046875
38713,0.078125
38714,0.03125
38715,0.03125
38716,0.046875
38717,0.09375
38718,0.0625
38719,0.0625
38720,0.03125
38721,0.03125
38722,0.046875
38723,0.078125
38724,0.015625
38725,0.03125
38726,0.078125
38727,0.140625
38728,0.078125
38729,0.078125
38730,0.0625
38731,0.09375
38732,0.0625
38733,0.046875
38734,0.015625
38735,0.09375
38736,0.046875
38737,0.03125
38738,0.09375
38739,0.109375
38740,0.03125
38741,0.109375
38742,0.0625
38743,0.046875
38744,0.0625
38745,0.046875
38746,0.078125
38747,0.046875
38748,0.0625
38749,0.046875
38750,0.03125
38751,0.0625
38752,0.0625
38753,0.0625
38754,0.09375
38755,0.046875
38756,0.015625
38757,0.046875
38758,0.078125
38759,0.0625
38760,0.015625
38761,0.046875
38762,0.0625
38763,0.03125
38764,0.0625
38765,0.046875
38766,0.046875
38767,0.09375
38768,0.015625
38769,0.171875
38770,0.0625
38771,0.09375
38772,0.015625
38773,0.046875
38774,0.078125
38775,0.09375
38776,0.0625
38777,0.09375
38778,0.0625
38779,0.09375
38780,0.046875
38781,0.0625
38782,0.03125
38783,0.09375
38784,0.046875
38785,0.03125
38786,0.09375
38787,0.03125
38788,0.046875
38789,0.0625
38790,0.0625
38791,0.0625
38792,0.109375
38793,0.0625
38794,0.0625
38795,0.03125
38796,0.0625
38797,0.078125
38798,0.046875
38799,0.125
38800,0.046875
38801,0.046875
38802,0.078125
38803,0.046875
38804,0.046875
38805,0.109375
38806,0.015625
38807,0.109375
38808,0.109375
38809,0.09375
38810,0.09375
38811,0.109375
38812,0.109375
38813,0.046875
38814,0.078125
38815,0.0625
38816,0.046875
38817,0.0625
38818,0.109375
38819,0.078125
38820,0.046875
38821,0.0625
38822,0.0625
38823,0.046875
38824,0.0625
38825,0.046875
38826,0.046875
38827,0.09375
38828,0.03125
38829,0.046875
38830,0.03125
38831,0.03125
38832,0.046875
38833,0.046875
38834,0.0625
38835,0.0625
38836,0.0625
38837,0.109375
38838,0.078125
38839,0.03125
38840,0.0625
38841,0.03125
38842,0.03125
38843,0.0625
38844,0.109375
38845,0.078125
38846,0.03125
38847,0.078125
38848,0.109375
38849,0.0625
38850,0.09375
38851,0.03125
38852,0.046875
38853,0.03125
38854,0.0625
38855,0.046875
38856,0.0625
38857,0.046875
38858,0.078125
38859,0.0625
38860,0.03125
38861,0.0625
38862,0.09375
38863,0.0625
38864,0.09375
38865,0.046875
38866,0.046875
38867,0.046875
38868,0.078125
38869,0.078125
38870,0.0625
38871,0.03125
38872,0.046875
38873,0.03125
38874,0.015625
38875,0.046875
38876,0.046875
38877,0.125
38878,0.109375
38879,0.078125
38880,0.046875
38881,0.09375
38882,0.046875
38883,0.0625
38884,0.03125
38885,0.046875
38886,0.0625
38887,0.078125
38888,0.046875
38889,0.140625
38890,0.0625
38891,0.046875
38892,0.09375
38893,0.0625
38894,0.078125
38895,0.140625
38896,0.03125
38897,0.09375
38898,0.0625
38899,0.0625
38900,0.046875
38901,0.140625
38902,0.140625
38903,0.046875
38904,0.0625
38905,0.0625
38906,0.078125
38907,0.0625
38908,0.015625
38909,0.03125
38910,0.015625
38911,0.03125
38912,0.109375
38913,0.0
38914,0.015625
38915,0.0625
38916,0.0625
38917,0.03125
38918,0.0625
38919,0.125
38920,0.078125
38921,0.125
38922,0.125
38923,0.0625
38924,0.046875
38925,0.046875
38926,0.09375
38927,0.078125
38928,0.078125
38929,0.015625
38930,0.078125
38931,0.078125
38932,0.109375
38933,0.046875
38934,0.078125
38935,0.03125
38936,0.078125
38937,0.078125
38938,0.0625
38939,0.046875
38940,0.046875
38941,0.0625
38942,0.078125
38943,0.015625
38944,0.046875
38945,0.140625
38946,0.03125
38947,0.078125
38948,0.09375
38949,0.078125
38950,0.015625
38951,0.046875
38952,0.046875
38953,0.046875
38954,0.078125
38955,0.015625
38956,0.125
38957,0.09375
38958,0.078125
38959,0.046875
38960,0.109375
38961,0.015625
38962,0.046875
38963,0.0625
38964,0.046875
38965,0.0625
38966,0.078125
38967,0.109375
38968,0.03125
38969,0.0625
38970,0.109375
38971,0.0625
38972,0.109375
38973,0.03125
38974,0.03125
38975,0.078125
38976,0.0625
38977,0.03125
38978,0.09375
38979,0.078125
38980,0.09375
38981,0.09375
38982,0.09375
38983,0.03125
38984,0.125
38985,0.109375
38986,0.046875
38987,0.03125
38988,0.078125
38989,0.09375
38990,0.046875
38991,0.078125
38992,0.0625
38993,0.03125
38994,0.078125
38995,0.015625
38996,0.03125
38997,0.078125
38998,0.046875
38999,0.109375
39000,0.0625
39001,0.03125
39002,0.078125
39003,0.046875
39004,0.078125
39005,0.0625
39006,0.046875
39007,0.125
39008,0.046875
39009,0.0625
39010,0.015625
39011,0.0625
39012,0.0625
39013,0.109375
39014,0.0625
39015,0.09375
39016,0.0625
39017,0.078125
39018,0.046875
39019,0.046875
39020,0.0625
39021,0.0625
39022,0.03125
39023,0.078125
39024,0.015625
39025,0.078125
39026,0.046875
39027,0.0625
39028,0.109375
39029,0.046875
39030,0.03125
39031,0.09375
39032,0.078125
39033,0.0625
39034,0.015625
39035,0.046875
39036,0.0625
39037,0.046875
39038,0.078125
39039,0.0625
39040,0.0625
39041,0.046875
39042,0.046875
39043,0.0625
39044,0.0625
39045,0.015625
39046,0.0625
39047,0.0625
39048,0.0625
39049,0.015625
39050,0.078125
39051,0.03125
39052,0.046875
39053,0.046875
39054,0.046875
39055,0.078125
39056,0.046875
39057,0.015625
39058,0.0625
39059,0.03125
39060,0.046875
39061,0.09375
39062,0.046875
39063,0.03125
39064,0.0625
39065,0.078125
39066,0.0625
39067,0.125
39068,0.015625
39069,0.046875
39070,0.078125
39071,0.0625
39072,0.03125
39073,0.046875
39074,0.0625
39075,0.078125
39076,0.0625
39077,0.0625
39078,0.0
39079,0.046875
39080,0.015625
39081,0.046875
39082,0.0625
39083,0.015625
39084,0.03125
39085,0.03125
39086,0.0625
39087,0.0625
39088,0.078125
39089,0.03125
39090,0.03125
39091,0.046875
39092,0.03125
39093,0.09375
39094,0.03125
39095,0.078125
39096,0.03125
39097,0.046875
39098,0.078125
39099,0.09375
39100,0.046875
39101,0.03125
39102,0.078125
39103,0.078125
39104,0.15625
39105,0.0625
39106,0.046875
39107,0.0625
39108,0.09375
39109,0.0625
39110,0.140625
39111,0.046875
39112,0.046875
39113,0.09375
39114,0.03125
39115,0.03125
39116,0.015625
39117,0.078125
39118,0.078125
39119,0.078125
39120,0.0625
39121,0.0625
39122,0.09375
39123,0.09375
39124,0.125
39125,0.046875
39126,0.0625
39127,0.046875
39128,0.03125
39129,0.015625
39130,0.09375
39131,0.03125
39132,0.078125
39133,0.0625
39134,0.015625
39135,0.0625
39136,0.046875
39137,0.125
39138,0.09375
39139,0.015625
39140,0.015625
39141,0.015625
39142,0.0625
39143,0.046875
39144,0.0625
39145,0.109375
39146,0.078125
39147,0.09375
39148,0.0625
39149,0.046875
39150,0.078125
39151,0.078125
39152,0.0625
39154,0.0625
39155,0.015625
39156,0.0625
39157,0.03125
39158,0.125
39159,0.015625
39160,0.0625
39161,0.03125
39162,0.078125
39163,0.046875
39164,0.03125
39165,0.046875
39166,0.0625
39167,0.046875
39168,0.03125
39169,0.109375
39170,0.03125
39171,0.109375
39172,0.078125
39173,0.109375
39174,0.109375
39175,0.09375
39176,0.09375
39177,0.0625
39178,0.0625
39179,0.078125
39180,0.09375
39181,0.078125
39182,0.015625
39183,0.078125
39184,0.09375
39185,0.0625
39186,0.109375
39187,0.078125
39188,0.015625
39189,0.09375
39190,0.03125
39191,0.0625
39192,0.046875
39193,0.078125
39194,0.0625
39195,0.0625
39196,0.078125
39197,0.046875
39198,0.0625
39199,0.046875
39200,0.09375
39201,0.015625
39202,0.09375
39203,0.078125
39204,0.03125
39205,0.078125
39206,0.015625
39207,0.03125
39208,0.03125
39209,0.03125
39210,0.046875
39211,0.015625
39212,0.046875
39213,0.09375
39214,0.09375
39215,0.0625
39216,0.09375
39217,0.09375
39218,0.046875
39219,0.0625
39220,0.03125
39221,0.046875
39222,0.078125
39223,0.046875
39224,0.046875
39225,0.0625
39226,0.046875
39227,0.0625
39228,0.078125
39229,0.046875
39230,0.078125
39231,0.046875
39232,0.046875
39233,0.078125
39234,0.046875
39235,0.09375
39236,0.0625
39237,0.046875
39238,0.03125
39239,0.046875
39240,0.03125
39241,0.078125
39242,0.015625
39243,0.0625
39244,0.03125
39245,0.046875
39246,0.078125
39247,0.09375
39248,0.046875
39249,0.03125
39250,0.0625
39251,0.046875
39252,0.109375
39253,0.0625
39254,0.046875
39255,0.078125
39256,0.0625
39257,0.0625
39258,0.046875
39259,0.03125
39260,0.03125
39261,0.0
39262,0.03125
39263,0.0625
39264,0.078125
39265,0.0625
39266,0.046875
39267,0.109375
39268,0.09375
39269,0.046875
39270,0.0625
39271,0.078125
39272,0.078125
39273,0.0
39274,0.078125
39275,0.078125
39276,0.09375
39277,0.078125
39278,0.0625
39279,0.0625
39280,0.0625
39281,0.046875
39282,0.078125
39283,0.0625
39284,0.03125
39285,0.046875
39286,0.09375
39287,0.109375
39288,0.0625
39289,0.0625
39290,0.046875
39291,0.0625
39292,0.09375
39293,0.09375
39294,0.046875
39295,0.109375
39296,0.078125
39297,0.078125
39298,0.09375
39299,0.046875
39300,0.015625
39301,0.078125
39302,0.046875
39303,0.0625
39304,0.0625
39305,0.078125
39306,0.03125
39307,0.078125
39308,0.0625
39309,0.046875
39310,0.046875
39311,0.078125
39312,0.03125
39313,0.03125
39314,0.046875
39315,0.015625
39316,0.03125
39317,0.078125
39318,0.046875
39319,0.03125
39320,0.078125
39321,0.0625
39322,0.046875
39323,0.03125
39324,0.09375
39325,0.03125
39326,0.078125
39327,0.03125
39328,0.09375
39329,0.046875
39330,0.078125
39331,0.0625
39332,0.0625
39333,0.09375
39334,0.0625
39335,0.03125
39336,0.046875
39337,0.0625
39338,0.09375
39339,0.125
39340,0.03125
39341,0.0625
39342,0.046875
39343,0.03125
39344,0.125
39345,0.015625
39346,0.046875
39347,0.078125
39348,0.09375
39349,0.046875
39350,0.078125
39351,0.0625
39352,0.09375
39353,0.046875
39354,0.078125
39355,0.125
39356,0.03125
39357,0.078125
39358,0.09375
39359,0.03125
39360,0.046875
39361,0.09375
39362,0.0625
39363,0.109375
39364,0.046875
39365,0.109375
39366,0.09375
39367,0.078125
39368,0.046875
39369,0.046875
39370,0.0625
39371,0.03125
39372,0.046875
39373,0.078125
39374,0.03125
39375,0.046875
39376,0.078125
39377,0.046875
39378,0.015625
39379,0.03125
39380,0.046875
39381,0.046875
39382,0.140625
39383,0.015625
39384,0.09375
39385,0.0625
39386,0.0625
39387,0.09375
39388,0.140625
39389,0.046875
39390,0.046875
39391,0.125
39392,0.046875
39393,0.0625
39394,0.015625
39395,0.03125
39396,0.109375
39397,0.0625
39398,0.09375
39399,0.15625
39400,0.125
39401,0.03125
39402,0.046875
39403,0.078125
39404,0.046875
39405,0.046875
39406,0.03125
39407,0.046875
39408,0.078125
39409,0.140625
39410,0.0625
39411,0.109375
39412,0.03125
39413,0.046875
39414,0.046875
39415,0.0625
39416,0.046875
39417,0.046875
39418,0.078125
39419,0.0625
39420,0.03125
39421,0.0625
39422,0.078125
39423,0.03125
39424,0.078125
39425,0.078125
39426,0.09375
39427,0.03125
39428,0.109375
39429,0.046875
39430,0.03125
39431,0.0625
39432,0.078125
39433,0.046875
39434,0.0625
39435,0.078125
39436,0.015625
39437,0.171875
39438,0.078125
39439,0.109375
39440,0.0625
39441,0.03125
39442,0.078125
39443,0.0625
39444,0.03125
39445,0.03125
39446,0.03125
39447,0.109375
39448,0.078125
39449,0.046875
39450,0.03125
39451,0.0625
39452,0.046875
39453,0.046875
39454,0.015625
39455,0.046875
39456,0.09375
39457,0.0625
39458,0.015625
39459,0.03125
39460,0.046875
39461,0.0625
39462,0.0
39463,0.09375
39464,0.0625
39465,0.046875
39466,0.078125
39467,0.09375
39468,0.0625
39469,0.078125
39470,0.015625
39471,0.109375
39472,0.046875
39473,0.046875
39474,0.09375
39475,0.03125
39476,0.046875
39477,0.046875
39478,0.015625
39479,0.046875
39480,0.046875
39481,0.078125
39482,0.0625
39483,0.15625
39484,0.03125
39485,0.09375
39486,0.03125
39487,0.03125
39488,0.03125
39489,0.0625
39490,0.046875
39491,0.09375
39492,0.03125
39493,0.046875
39494,0.09375
39495,0.0625
39496,0.0625
39497,0.0625
39498,0.03125
39499,0.109375
39500,0.03125
39501,0.03125
39502,0.0625
39503,0.03125
39504,0.015625
39505,0.09375
39506,0.046875
39507,0.09375
39508,0.0625
39509,0.03125
39510,0.046875
39511,0.046875
39512,0.0625
39513,0.078125
39514,0.09375
39515,0.0625
39516,0.03125
39517,0.078125
39518,0.046875
39519,0.046875
39520,0.078125
39521,0.09375
39522,0.078125
39523,0.0625
39524,0.109375
39525,0.046875
39526,0.03125
39527,0.0625
39528,0.078125
39529,0.109375
39530,0.0625
39531,0.078125
39532,0.078125
39533,0.0625
39534,0.0625
39535,0.078125
39536,0.046875
39537,0.046875
39538,0.03125
39539,0.03125
39540,0.078125
39541,0.015625
39542,0.046875
39543,0.03125
39544,0.046875
39545,0.03125
39546,0.046875
39547,0.109375
39548,0.046875
39549,0.140625
39550,0.03125
39551,0.078125
39552,0.109375
39553,0.046875
39554,0.046875
39555,0.109375
39556,0.078125
39557,0.0625
39558,0.015625
39559,0.078125
39560,0.03125
39561,0.078125
39562,0.046875
39563,0.046875
39564,0.046875
39565,0.015625
39566,0.046875
39567,0.046875
39568,0.046875
39569,0.0625
39570,0.0625
39571,0.078125
39572,0.078125
39573,0.078125
39574,0.0625
39575,0.078125
39576,0.015625
39577,0.09375
39578,0.046875
39579,0.0625
39580,0.0625
39581,0.046875
39582,0.078125
39583,0.0625
39584,0.03125
39585,0.046875
39586,0.03125
39587,0.0625
39588,0.0625
39589,0.046875
39590,0.046875
39591,0.046875
39592,0.046875
39593,0.046875
39594,0.0625
39595,0.09375
39596,0.078125
39597,0.046875
39598,0.109375
39599,0.046875
39600,0.078125
39601,0.046875
39602,0.03125
39603,0.09375
39604,0.0625
39605,0.046875
39606,0.0625
39607,0.03125
39608,0.0625
39609,0.046875
39610,0.09375
39611,0.109375
39612,0.0625
39613,0.109375
39614,0.125
39615,0.078125
39616,0.046875
39617,0.03125
39618,0.09375
39619,0.09375
39620,0.078125
39621,0.046875
39622,0.046875
39623,0.046875
39624,0.078125
39625,0.0625
39626,0.078125
39627,0.0625
39628,0.0625
39629,0.03125
39630,0.078125
39631,0.015625
39632,0.09375
39633,0.046875
39634,0.0625
39635,0.03125
39636,0.078125
39637,0.109375
39638,0.109375
39639,0.0625
39640,0.09375
39641,0.03125
39642,0.0625
39643,0.0
39644,0.0625
39645,0.078125
39646,0.046875
39647,0.046875
39648,0.09375
39649,0.046875
39650,0.03125
39651,0.078125
39652,0.078125
39653,0.0625
39654,0.046875
39655,0.0625
39656,0.078125
39657,0.109375
39658,0.046875
39659,0.0625
39660,0.078125
39661,0.0625
39662,0.109375
39663,0.046875
39664,0.03125
39665,0.109375
39666,0.0625
39667,0.03125
39668,0.0625
39669,0.0625
39670,0.046875
39671,0.046875
39672,0.0625
39673,0.078125
39674,0.046875
39675,0.046875
39676,0.09375
39677,0.046875
39678,0.046875
39679,0.0625
39680,0.078125
39681,0.125
39682,0.15625
39683,0.015625
39684,0.09375
39685,0.015625
39686,0.078125
39687,0.015625
39688,0.09375
39689,0.0625
39690,0.03125
39691,0.046875
39692,0.0625
39693,0.03125
39694,0.09375
39695,0.140625
39696,0.015625
39697,0.0625
39698,0.078125
39699,0.0625
39700,0.078125
39701,0.03125
39702,0.09375
39703,0.09375
39704,0.03125
39705,0.015625
39706,0.046875
39707,0.046875
39708,0.0625
39709,0.046875
39710,0.03125
39711,0.125
39712,0.078125
39713,0.0625
39714,0.03125
39715,0.0625
39716,0.046875
39717,0.046875
39718,0.09375
39719,0.03125
39720,0.09375
39721,0.0625
39722,0.046875
39723,0.09375
39724,0.046875
39725,0.015625
39726,0.109375
39727,0.015625
39728,0.046875
39729,0.125
39730,0.046875
39731,0.046875
39732,0.078125
39733,0.046875
39734,0.09375
39735,0.03125
39736,0.0
39737,0.078125
39738,0.09375
39739,0.03125
39740,0.109375
39741,0.046875
39742,0.0625
39743,0.046875
39744,0.0625
39745,0.078125
39746,0.03125
39747,0.09375
39748,0.03125
39749,0.015625
39750,0.046875
39751,0.09375
39752,0.0625
39753,0.0625
39754,0.0625
39755,0.046875
39756,0.0625
39757,0.046875
39758,0.03125
39759,0.140625
39760,0.0625
39761,0.015625
39762,0.015625
39763,0.09375
39764,0.03125
39765,0.0625
39766,0.078125
39767,0.0625
39768,0.03125
39769,0.0625
39770,0.046875
39771,0.078125
39772,0.078125
39773,0.109375
39774,0.03125
39775,0.015625
39776,0.03125
39777,0.09375
39778,0.046875
39779,0.09375
39780,0.03125
39781,0.0625
39782,0.09375
39783,0.046875
39784,0.0
39785,0.078125
39786,0.0625
39787,0.046875
39788,0.078125
39789,0.0625
39790,0.0625
39791,0.0625
39792,0.09375
39793,0.03125
39794,0.078125
39795,0.09375
39796,0.0625
39797,0.078125
39798,0.078125
39799,0.078125
39800,0.0625
39801,0.078125
39802,0.078125
39803,0.03125
39804,0.078125
39805,0.078125
39806,0.046875
39807,0.0625
39808,0.09375
39809,0.0625
39810,0.09375
39811,0.046875
39812,0.078125
39813,0.046875
39814,0.078125
39815,0.03125
39816,0.109375
39817,0.0625
39818,0.03125
39819,0.03125
39820,0.0625
39821,0.078125
39822,0.0625
39823,0.078125
39824,0.0625
39825,0.109375
39826,0.0625
39827,0.0625
39828,0.078125
39829,0.0625
39830,0.015625
39831,0.09375
39832,0.078125
39833,0.078125
39834,0.03125
39835,0.03125
39836,0.0625
39837,0.078125
39838,0.046875
39839,0.03125
39840,0.03125
39841,0.078125
39842,0.0
39843,0.03125
39844,0.03125
39845,0.0625
39846,0.0625
39847,0.015625
39848,0.078125
39849,0.015625
39850,0.09375
39851,0.0625
39852,0.03125
39853,0.046875
39854,0.015625
39855,0.09375
39856,0.09375
39857,0.109375
39858,0.0625
39859,0.046875
39860,0.0625
39861,0.125
39862,0.078125
39863,0.046875
39864,0.078125
39865,0.046875
39866,0.09375
39867,0.03125
39868,0.0625
39869,0.03125
39870,0.109375
39871,0.046875
39872,0.109375
39873,0.0625
39874,0.03125
39875,0.015625
39876,0.0625
39877,0.078125
39878,0.078125
39879,0.0625
39880,0.109375
39881,0.046875
76637,0.09375
76638,0.015625
76639,0.0625
76640,0.078125
76641,0.03125
76642,0.0625
76643,0.078125
76644,0.09375
76645,0.046875
76646,0.078125
76647,0.0625
76648,0.078125
76649,0.109375
76650,0.015625
76651,0.03125
76652,0.0625
76653,0.046875
76654,0.0625
76655,0.09375
76656,0.109375
76657,0.109375
76658,0.015625
76659,0.09375
76660,0.046875
76661,0.046875
76662,0.0625
76663,0.046875
76664,0.0625
76665,0.109375
76666,0.0625
76667,0.03125
76668,0.109375
76669,0.078125
76670,0.0625
76671,0.0625
76672,0.046875
76673,0.09375
76674,0.09375
76675,0.046875
76676,0.046875
76677,0.03125
76678,0.046875
76679,0.046875
76680,0.15625
76681,0.046875
76682,0.03125
76683,0.046875
76684,0.125
76685,0.046875
76686,0.046875
76687,0.03125
76688,0.09375
76689,0.0625
76690,0.078125
76691,0.046875
76692,0.046875
76693,0.03125
76694,0.0625
76695,0.0625
76696,0.015625
76697,0.125
76698,0.09375
76699,0.015625
76700,0.078125
76701,0.078125
76702,0.046875
76703,0.078125
76704,0.046875
76705,0.0625
76706,0.015625
76707,0.03125
76708,0.09375
76709,0.046875
76710,0.046875
76711,0.03125
76712,0.046875
76713,0.078125
76714,0.078125
76715,0.078125
76716,0.015625
76717,0.078125
76718,0.046875
76719,0.078125
76720,0.046875
76721,0.0625
76722,0.09375
76723,0.046875
76724,0.03125
76725,0.015625
76726,0.046875
76727,0.046875
76728,0.0625
76729,0.078125
76730,0.09375
76731,0.0625
76732,0.109375
76733,0.015625
76734,0.015625
76735,0.03125
76736,0.03125
76738,0.09375
76739,0.125
76740,0.0625
76741,0.03125
76742,0.109375
76743,0.03125
76744,0.046875
76745,0.078125
76746,0.0625
76747,0.125
76748,0.0625
76749,0.078125
76750,0.0625
76751,0.0625
76752,0.03125
76753,0.0625
76754,0.078125
76755,0.015625
76756,0.03125
76757,0.078125
76758,0.046875
76759,0.0625
76760,0.0625
76761,0.109375
76762,0.09375
76763,0.078125
76764,0.09375
76765,0.015625
76766,0.140625
76767,0.046875
76768,0.09375
76769,0.0625
76770,0.0625
76771,0.046875
76772,0.0625
76773,0.046875
76774,0.015625
76775,0.046875
76776,0.078125
76777,0.046875
76778,0.078125
76779,0.046875
76780,0.078125
76781,0.0625
76782,0.046875
76783,0.09375
76784,0.046875
76785,0.03125
76786,0.0625
76787,0.078125
76788,0.03125
76789,0.03125
76790,0.125
76791,0.0625
76792,0.09375
76793,0.0625
76794,0.078125
76795,0.0625
76796,0.03125
76797,0.109375
76798,0.109375
76799,0.0625
76800,0.0
76801,0.09375
76802,0.09375
76803,0.0625
76804,0.078125
76805,0.046875
76806,0.015625
76807,0.015625
76808,0.0625
76809,0.015625
76810,0.0625
76811,0.03125
76812,0.046875
76813,0.0625
76814,0.078125
76815,0.078125
76816,0.09375
76817,0.046875
76818,0.0625
76819,0.078125
76820,0.0625
76821,0.015625
76822,0.125
76823,0.078125
76824,0.078125
76825,0.046875
76826,0.015625
76827,0.046875
76828,0.0625
76829,0.15625
76830,0.046875
76831,0.078125
76832,0.125
76833,0.046875
76834,0.109375
76835,0.046875
76836,0.046875
76837,0.0625
76838,0.109375
76839,0.0625
76840,0.15625
76841,0.0625
76842,0.046875
76843,0.046875
76844,0.109375
76845,0.078125
76846,0.0625
76847,0.046875
76848,0.046875
76849,0.09375
76850,0.0625
76851,0.171875
76852,0.015625
76853,0.09375
76854,0.09375
76855,0.078125
76856,0.078125
76857,0.03125
76858,0.0625
76859,0.09375
76860,0.015625
76861,0.109375
76862,0.046875
76863,0.078125
76864,0.046875
76865,0.0625
76866,0.046875
76867,0.109375
76868,0.078125
76869,0.078125
76870,0.0625
76871,0.09375
76872,0.09375
76873,0.015625
76874,0.0625
76875,0.03125
76876,0.03125
76877,0.03125
76878,0.046875
76879,0.046875
76880,0.03125
76881,0.03125
76882,0.0625
76883,0.03125
76884,0.046875
76885,0.15625
76886,0.015625
76887,0.03125
76888,0.09375
76889,0.078125
76890,0.09375
76891,0.09375
76892,0.046875
76893,0.078125
76894,0.0625
76895,0.109375
76896,0.046875
76897,0.046875
76898,0.140625
76899,0.0625
76900,0.078125
76901,0.078125
76902,0.09375
76903,0.0625
76904,0.03125
76905,0.0
76906,0.0625
76907,0.0625
76908,0.03125
76909,0.109375
76910,0.015625
76911,0.09375
76912,0.046875
76913,0.0625
76914,0.09375
76915,0.0625
76916,0.0625
76917,0.0625
76918,0.078125
76919,0.046875
76920,0.09375
76921,0.015625
76922,0.09375
76923,0.09375
76924,0.078125
76925,0.03125
76926,0.03125
76927,0.0
76928,0.0625
76929,0.03125
76930,0.078125
76931,0.046875
76932,0.0625
76933,0.09375
76934,0.046875
76935,0.0625
76936,0.0625
76937,0.0625
76938,0.046875
76939,0.109375
76940,0.0625
76941,0.046875
76942,0.015625
76943,0.03125
76944,0.078125
76945,0.0625
76946,0.125
76947,0.015625
76948,0.03125
76949,0.0625
76950,0.03125
76951,0.046875
76952,0.046875
76953,0.046875
76954,0.046875
76955,0.015625
76956,0.046875
76957,0.09375
76958,0.09375
76959,0.015625
76960,0.046875
76961,0.0625
76962,0.0625
76963,0.078125
76964,0.046875
76965,0.03125
76966,0.03125
76967,0.046875
76968,0.0625
76969,0.046875
76970,0.0
76971,0.03125
76972,0.0625
76973,0.125
76974,0.015625
76975,0.078125
76976,0.078125
76977,0.078125
76978,0.0625
76979,0.03125
76980,0.015625
76981,0.109375
76982,0.046875
76983,0.078125
76984,0.03125
76985,0.109375
76986,0.015625
76987,0.03125
76988,0.0625
76989,0.046875
76990,0.078125
76991,0.09375
76992,0.109375
76993,0.078125
76994,0.078125
76995,0.03125
76996,0.078125
76997,0.078125
76998,0.09375
76999,0.046875
77000,0.078125
77001,0.046875
77002,0.0625
77003,0.046875
77004,0.046875
77005,0.078125
77006,0.078125
77007,0.125
77008,0.03125
77009,0.015625
77010,0.015625
77011,0.03125
77012,0.03125
77013,0.0625
77014,0.0625
77015,0.046875
77016,0.09375
77017,0.015625
77018,0.078125
77019,0.078125
77020,0.09375
77021,0.03125
77022,0.09375
77023,0.0625
77024,0.046875
77025,0.125
77026,0.046875
77027,0.03125
77028,0.109375
77029,0.125
77030,0.0625
77031,0.046875
77032,0.078125
77033,0.109375
77034,0.046875
77035,0.046875
77036,0.078125
77037,0.0625
77038,0.0625
77039,0.03125
77040,0.078125
77041,0.0625
77042,0.078125
77043,0.0625
77044,0.109375
77045,0.0625
77046,0.0625
77047,0.03125
77048,0.078125
77049,0.046875
77050,0.078125
77051,0.078125
77052,0.0625
77053,0.046875
77054,0.078125
77055,0.046875
77056,0.0625
77057,0.046875
77058,0.109375
77059,0.0625
77060,0.078125
77061,0.046875
77062,0.015625
77063,0.078125
77064,0.0625
77065,0.125
77066,0.03125
77067,0.0625
77068,0.0625
77069,0.09375
77070,0.125
77071,0.078125
77072,0.0625
77073,0.046875
77074,0.0625
77075,0.03125
77076,0.03125
77077,0.0625
77078,0.03125
77079,0.078125
77080,0.03125
77081,0.09375
77082,0.046875
77083,0.046875
77084,0.078125
77085,0.0625
77086,0.109375
77087,0.0625
77088,0.03125
77089,0.046875
77090,0.015625
77091,0.046875
77092,0.0
77093,0.078125
77094,0.078125
77095,0.078125
77096,0.09375
77097,0.03125
77098,0.046875
77099,0.0625
77100,0.046875
77101,0.03125
77102,0.0625
77103,0.046875
77104,0.09375
77105,0.109375
77106,0.0625
77107,0.046875
77108,0.125
77109,0.0625
77110,0.046875
77111,0.078125
77112,0.046875
77113,0.078125
77114,0.046875
77115,0.0625
77116,0.0625
77117,0.078125
77118,0.125
77119,0.046875
77120,0.03125
77121,0.09375
77122,0.046875
77123,0.03125
77124,0.03125
77125,0.078125
77126,0.078125
77127,0.03125
77128,0.015625
77129,0.0625
77130,0.046875
77131,0.09375
77132,0.03125
77133,0.0625
77134,0.0625
77135,0.03125
77136,0.0625
77137,0.03125
77138,0.015625
77139,0.0625
77140,0.046875
77141,0.125
77142,0.015625
77143,0.015625
77144,0.078125
77145,0.078125
77146,0.03125
77147,0.09375
77148,0.09375
77149,0.0625
77150,0.015625
77151,0.0625
77152,0.0625
77153,0.046875
77154,0.015625
77155,0.015625
77156,0.046875
77157,0.03125
77158,0.09375
77159,0.078125
77160,0.0625
77161,0.046875
77162,0.078125
77163,0.046875
77164,0.078125
77165,0.09375
77166,0.046875
77167,0.046875
77168,0.046875
77169,0.0625
77170,0.0625
77171,0.046875
77172,0.046875
77173,0.03125
77174,0.046875
77175,0.015625
77176,0.109375
77177,0.0625
77178,0.046875
77179,0.03125
77180,0.078125
77181,0.0625
77182,0.078125
77183,0.125
77184,0.0625
77185,0.078125
77186,0.0625
77187,0.125
77188,0.0625
77189,0.09375
77190,0.015625
77191,0.109375
77192,0.078125
77193,0.09375
77194,0.09375
77195,0.0625
77196,0.09375
77197,0.078125
77198,0.015625
77199,0.078125
77200,0.046875
77201,0.0625
77202,0.046875
77203,0.046875
77204,0.046875
77205,0.078125
77206,0.078125
77207,0.015625
77208,0.0625
77209,0.078125
77210,0.03125
77211,0.09375
77212,0.046875
77213,0.046875
77214,0.046875
77215,0.046875
77216,0.0625
77217,0.09375
77218,0.046875
77219,0.046875
77220,0.046875
77221,0.03125
77222,0.046875
77223,0.046875
77224,0.03125
77225,0.03125
77226,0.046875
77227,0.0625
77228,0.03125
77229,0.046875
77230,0.0625
77231,0.09375
77232,0.109375
77233,0.09375
77234,0.078125
77235,0.046875
77236,0.0625
77237,0.015625
77238,0.0625
77239,0.046875
77240,0.125
77241,0.09375
77242,0.03125
77243,0.046875
77244,0.015625
77245,0.03125
77246,0.046875
77247,0.0625
77248,0.0625
77249,0.109375
77250,0.015625
77251,0.046875
77252,0.046875
77253,0.078125
77254,0.0625
77255,0.046875
77256,0.03125
77257,0.0625
77258,0.109375
77259,0.078125
77260,0.078125
77261,0.09375
77262,0.03125
77263,0.125
77264,0.03125
77265,0.0625
77266,0.15625
77267,0.046875
77268,0.03125
77269,0.046875
77270,0.046875
77271,0.078125
77272,0.015625
77273,0.0625
77274,0.078125
77275,0.078125
77276,0.03125
77277,0.046875
77278,0.078125
77279,0.078125
77280,0.0625
77281,0.03125
77282,0.046875
77283,0.109375
77284,0.0625
77285,0.078125
77286,0.0625
77287,0.0
77288,0.09375
77289,0.0625
77290,0.046875
77291,0.09375
77292,0.046875
77293,0.03125
77294,0.109375
77295,0.078125
77296,0.078125
77297,0.046875
77298,0.15625
77299,0.140625
77300,0.0625
77301,0.03125
77302,0.0625
77303,0.046875
77304,0.0625
77305,0.046875
77306,0.109375
77307,0.046875
77308,0.09375
77309,0.046875
77310,0.046875
77311,0.03125
77312,0.046875
77313,0.0625
77314,0.109375
77315,0.0625
77316,0.046875
77317,0.015625
77318,0.078125
77319,0.09375
77320,0.0625
77321,0.03125
77322,0.015625
77323,0.0625
77324,0.09375
77325,0.078125
77326,0.09375
77327,0.0625
77328,0.046875
77329,0.03125
77330,0.0625
77331,0.03125
77332,0.046875
77333,0.015625
77334,0.0625
77335,0.03125
77336,0.03125
77337,0.109375
77338,0.046875
77339,0.03125
77340,0.015625
77341,0.03125
77342,0.015625
77343,0.09375
77344,0.0625
77345,0.09375
77346,0.03125
77347,0.015625
77348,0.078125
77349,0.046875
77350,0.0625
77351,0.03125
77352,0.03125
77353,0.046875
77354,0.078125
77355,0.0625
77356,0.0
77357,0.0625
77358,0.015625
77359,0.015625
77360,0.0625
77361,0.03125
77362,0.109375
77363,0.046875
77364,0.046875
77365,0.046875
77366,0.09375
77367,0.03125
77368,0.046875
77369,0.046875
77370,0.140625
77371,0.09375
77372,0.078125
77373,0.0625
77374,0.046875
77375,0.09375
77376,0.0625
77377,0.015625
77378,0.03125
77379,0.0625
77380,0.078125
77381,0.078125
77382,0.03125
77383,0.09375
77384,0.015625
77385,0.09375
77386,0.078125
77387,0.09375
77388,0.046875
77389,0.0625
77390,0.078125
77391,0.03125
77392,0.0625
77393,0.078125
77394,0.046875
77395,0.0625
77396,0.09375
77397,0.03125
77398,0.078125
77399,0.046875
77400,0.0625
77401,0.09375
77402,0.046875
77403,0.078125
77404,0.109375
77405,0.03125
77406,0.0625
77407,0.046875
77408,0.046875
77409,0.0625
77410,0.078125
77411,0.09375
77412,0.078125
77413,0.078125
77414,0.0625
77415,0.078125
77416,0.078125
77417,0.0
77418,0.078125
77419,0.0625
77420,0.078125
77421,0.109375
77422,0.0625
77423,0.125
77424,0.0625
77425,0.015625
77426,0.03125
77427,0.0625
77428,0.03125
77429,0.078125
77430,0.09375
77431,0.09375
77432,0.09375
77433,0.03125
77434,0.0625
77435,0.0625
77436,0.03125
77437,0.03125
77438,0.09375
77439,0.078125
77440,0.046875
77441,0.078125
77442,0.015625
77443,0.09375
77444,0.0625
77445,0.078125
77446,0.09375
77447,0.125
77448,0.015625
77449,0.0625
77450,0.078125
77451,0.03125
77452,0.0625
77453,0.078125
77454,0.03125
77455,0.0625
77456,0.046875
77457,0.015625
77458,0.046875
77459,0.0625
77460,0.109375
77461,0.03125
77462,0.078125
77463,0.046875
77464,0.0625
77465,0.03125
77466,0.078125
77467,0.03125
77468,0.0625
77469,0.0625
77470,0.078125
77471,0.078125
77472,0.15625
77473,0.0625
77474,0.109375
77475,0.046875
77476,0.078125
77477,0.125
77478,0.109375
77479,0.125
77480,0.015625
77481,0.0625
77482,0.09375
77483,0.09375
77484,0.015625
77485,0.078125
77486,0.015625
77487,0.109375
77488,0.125
77489,0.03125
77490,0.078125
77491,0.09375
77492,0.09375
77493,0.046875
77494,0.046875
77495,0.03125
77496,0.015625
77497,0.109375
77498,0.046875
77499,0.046875
77500,0.09375
77501,0.03125
77502,0.015625
77503,0.03125
77504,0.109375
77505,0.09375
77506,0.03125
77507,0.09375
77508,0.0
77509,0.015625
77510,0.0625
77511,0.046875
77512,0.078125
77513,0.046875
77514,0.03125
77515,0.078125
77516,0.046875
77517,0.140625
77518,0.078125
77519,0.078125
77521,0.03125
77522,0.03125
77523,0.0625
77524,0.015625
77525,0.046875
77526,0.078125
77527,0.046875
77528,0.0625
77529,0.0625
77530,0.0625
77531,0.0625
77532,0.125
77533,0.0625
77534,0.09375
77535,0.109375
77536,0.0625
77537,0.078125
77538,0.046875
77539,0.078125
77540,0.109375
77541,0.046875
77542,0.0625
77543,0.09375
77544,0.0625
77545,0.078125
77546,0.046875
77547,0.09375
77548,0.078125
77549,0.125
77550,0.046875
77551,0.0625
77552,0.09375
77553,0.0625
77554,0.078125
77555,0.078125
77556,0.078125
77557,0.03125
77558,0.046875
77559,0.0625
77560,0.0625
77561,0.125
77562,0.078125
77563,0.0625
77564,0.09375
77565,0.046875
77566,0.078125
77567,0.03125
77568,0.09375
77569,0.09375
77570,0.078125
77571,0.015625
77572,0.078125
77573,0.078125
77574,0.03125
77575,0.109375
77576,0.03125
77577,0.109375
77578,0.0625
77579,0.09375
77580,0.0625
77581,0.046875
77582,0.078125
77583,0.03125
77584,0.109375
77585,0.0625
77586,0.078125
77587,0.015625
77588,0.046875
77589,0.03125
77590,0.03125
77591,0.078125
77592,0.03125
77593,0.140625
77594,0.015625
77595,0.0625
77596,0.078125
77597,0.0
77598,0.046875
77599,0.03125
77600,0.09375
77601,0.0625
77602,0.0625
77603,0.046875
77604,0.078125
77605,0.078125
77606,0.046875
77607,0.0625
77608,0.078125
77609,0.046875
77610,0.015625
77611,0.078125
77612,0.03125
77613,0.078125
77614,0.09375
77615,0.046875
77616,0.03125
77617,0.046875
77618,0.046875
77619,0.046875
77620,0.03125
77621,0.078125
77622,0.09375
77623,0.125
77624,0.09375
77625,0.0625
77626,0.046875
77627,0.0625
77628,0.078125
77629,0.046875
77630,0.046875
77631,0.03125
77632,0.078125
77633,0.03125
77634,0.046875
77635,0.078125
77636,0.078125
77637,0.015625
77638,0.046875
77639,0.0625
77640,0.046875
77641,0.0625
77642,0.0625
77643,0.03125
77644,0.03125
77645,0.09375
77646,0.03125
77647,0.0625
77648,0.0625
77649,0.140625
77650,0.03125
77651,0.015625
77652,0.09375
77653,0.09375
77654,0.046875
77655,0.09375
77656,0.125
77657,0.046875
77658,0.09375
77659,0.09375
77660,0.046875
77661,0.109375
77662,0.125
77663,0.046875
77664,0.046875
77665,0.078125
77666,0.03125
77667,0.0625
77668,0.078125
77669,0.046875
77670,0.046875
77671,0.046875
77672,0.109375
77673,0.109375
77674,0.09375
77675,0.0625
77676,0.078125
77677,0.03125
77678,0.046875
77679,0.0625
77680,0.078125
77681,0.078125
77682,0.0625
77683,0.0625
77684,0.0625
77685,0.0625
77686,0.046875
77687,0.09375
77688,0.125
77689,0.046875
77690,0.078125
77691,0.078125
77692,0.046875
77693,0.109375
77694,0.0625
77695,0.0625
77696,0.09375
77697,0.03125
77698,0.03125
77699,0.0625
77700,0.109375
77701,0.0625
77702,0.078125
77703,0.015625
77704,0.046875
77705,0.09375
77706,0.140625
77707,0.09375
77708,0.0625
77709,0.09375
77710,0.078125
77711,0.03125
77712,0.03125
77713,0.078125
77714,0.140625
77715,0.109375
77716,0.03125
77717,0.078125
77718,0.03125
77719,0.109375
77720,0.046875
77721,0.0625
77722,0.046875
77723,0.09375
77724,0.03125
77725,0.046875
77726,0.03125
77727,0.078125
77728,0.0625
77729,0.0625
77730,0.0625
77731,0.046875
77732,0.0625
77733,0.015625
77734,0.046875
77735,0.09375
77736,0.046875
77737,0.015625
77738,0.09375
77739,0.046875
77740,0.03125
77741,0.0625
77742,0.015625
77743,0.046875
77744,0.078125
77745,0.03125
77746,0.046875
77747,0.0625
77748,0.078125
77749,0.046875
77750,0.0625
77751,0.15625
77752,0.03125
77753,0.046875
77754,0.109375
77755,0.078125
77756,0.046875
77757,0.078125
77758,0.03125
77759,0.09375
77760,0.078125
77761,0.03125
77762,0.078125
77763,0.078125
77764,0.078125
77765,0.078125
77766,0.078125
77767,0.015625
77768,0.0625
77769,0.0625
77770,0.078125
77771,0.046875
77772,0.078125
77773,0.03125
77774,0.03125
77775,0.0625
77776,0.109375
77777,0.046875
77778,0.03125
77779,0.109375
77780,0.078125
77781,0.125
77782,0.03125
77783,0.03125
77784,0.0625
77785,0.0625
77786,0.046875
77787,0.078125
77788,0.046875
77789,0.09375
77790,0.03125
77791,0.046875
77792,0.046875
77793,0.078125
77794,0.046875
77795,0.015625
77796,0.078125
77797,0.078125
77798,0.015625
77799,0.09375
77800,0.125
77801,0.0625
77802,0.03125
77803,0.109375
77804,0.0625
77805,0.03125
77806,0.109375
77807,0.0625
77808,0.03125
77809,0.09375
77810,0.015625
77811,0.078125
77812,0.015625
77813,0.015625
77814,0.0625
77815,0.125
77816,0.078125
77817,0.109375
77818,0.09375
77819,0.046875
77820,0.03125
77821,0.078125
77822,0.078125
77823,0.046875
77824,0.0625
77825,0.0625
77826,0.046875
77827,0.03125
77828,0.078125
77829,0.046875
77830,0.078125
77831,0.046875
77832,0.03125
77833,0.078125
77834,0.046875
77835,0.046875
77836,0.046875
77837,0.046875
77838,0.03125
77839,0.03125
77840,0.046875
77841,0.03125
77842,0.03125
77843,0.015625
77844,0.046875
77845,0.109375
77846,0.140625
77847,0.03125
77848,0.140625
77849,0.0625
77850,0.015625
77851,0.0
77852,0.078125
77853,0.078125
77854,0.015625
77855,0.0625
77856,0.09375
77857,0.046875
77858,0.109375
77859,0.03125
77860,0.015625
77861,0.0625
77862,0.046875
77863,0.078125
77864,0.078125
77865,0.078125
77866,0.03125
77867,0.09375
77868,0.03125
77869,0.046875
77870,0.078125
77871,0.09375
77872,0.0625
77873,0.015625
77874,0.078125
77875,0.03125
77876,0.09375
77877,0.046875
77878,0.0625
77879,0.078125
77880,0.078125
77881,0.109375
77882,0.078125
77883,0.078125
77884,0.109375
77885,0.109375
77886,0.0625
77887,0.109375
77888,0.015625
77889,0.015625
77890,0.078125
77891,0.0
77892,0.09375
77893,0.03125
77894,0.078125
77895,0.09375
77896,0.03125
77897,0.046875
77898,0.140625
77899,0.046875
77900,0.125
77901,0.078125
77902,0.046875
77903,0.078125
77904,0.03125
77905,0.046875
77906,0.0625
77907,0.046875
77908,0.0625
77909,0.03125
77910,0.09375
77911,0.09375
77912,0.03125
77913,0.109375
77914,0.046875
77915,0.046875
77916,0.046875
77917,0.046875
77918,0.0625
77919,0.046875
77920,0.046875
77921,0.015625
77922,0.109375
77923,0.046875
77924,0.03125
77925,0.078125
77926,0.09375
77927,0.046875
77928,0.0625
77929,0.078125
77930,0.0625
77931,0.078125
77932,0.109375
77933,0.0625
77934,0.078125
77935,0.046875
77936,0.09375
77937,0.03125
77938,0.09375
77939,0.0625
77940,0.0
77941,0.09375
77942,0.078125
77943,0.03125
77944,0.0625
77945,0.078125
77946,0.0625
77947,0.046875
77948,0.078125
77949,0.03125
77950,0.03125
77951,0.046875
77952,0.078125
77953,0.03125
77954,0.0625
77955,0.015625
77956,0.046875
77957,0.078125
77958,0.046875
77959,0.078125
77960,0.046875
77961,0.015625
77962,0.015625
77963,0.015625
77964,0.015625
77965,0.046875
77966,0.0625
77967,0.09375
77968,0.078125
77969,0.078125
77970,0.0625
77971,0.03125
77972,0.046875
77973,0.046875
77974,0.03125
77975,0.078125
77976,0.03125
77977,0.046875
77978,0.109375
77979,0.109375
77980,0.078125
77981,0.046875
77982,0.03125
77983,0.0625
77984,0.09375
77985,0.125
77986,0.0625
77987,0.03125
77988,0.046875
77989,0.125
77990,0.078125
77991,0.0625
77992,0.109375
77993,0.046875
77994,0.03125
77995,0.0625
77996,0.046875
77997,0.046875
77998,0.0625
77999,0.0625
78000,0.109375
78001,0.046875
78002,0.078125
78003,0.09375
78004,0.09375
78005,0.078125
78006,0.078125
78007,0.046875
78008,0.03125
78009,0.09375
78010,0.078125
78011,0.03125
78012,0.09375
78013,0.109375
78014,0.046875
78015,0.03125
78016,0.03125
78017,0.0625
78018,0.0625
78019,0.0625
78020,0.015625
78021,0.03125
78022,0.078125
78023,0.0625
78024,0.015625
78025,0.015625
78026,0.0625
78027,0.046875
78028,0.09375
78029,0.09375
78030,0.078125
78031,0.0625
78032,0.0625
78033,0.078125
78034,0.0625
78035,0.046875
78036,0.03125
78037,0.0625
78038,0.078125
78039,0.046875
78040,0.015625
78041,0.015625
78042,0.046875
78043,0.046875
78044,0.03125
78045,0.03125
78046,0.0625
78047,0.046875
78048,0.09375
78049,0.015625
78050,0.0625
78051,0.078125
78052,0.09375
78053,0.03125
78054,0.0625
78055,0.046875
78056,0.046875
78057,0.09375
78058,0.015625
78059,0.046875
78060,0.015625
78061,0.09375
78062,0.015625
78063,0.0625
78064,0.09375
78065,0.015625
78066,0.09375
78067,0.09375
78068,0.078125
78069,0.078125
78070,0.09375
78071,0.046875
78072,0.046875
78073,0.046875
78074,0.0625
78075,0.0625
78076,0.078125
78077,0.0625
78078,0.046875
78079,0.046875
78080,0.15625
78081,0.0625
78082,0.046875
78083,0.03125
78084,0.0625
78085,0.0625
78086,0.0625
78087,0.046875
78088,0.046875
78089,0.03125
78090,0.046875
78091,0.03125
78092,0.046875
78093,0.0625
78094,0.046875
78095,0.03125
78096,0.046875
78097,0.0625
78098,0.09375
78099,0.0625
78100,0.078125
78101,0.03125
78102,0.046875
78103,0.046875
78104,0.046875
78105,0.0
78106,0.03125
78107,0.046875
78108,0.03125
78109,0.046875
78110,0.078125
78111,0.046875
78112,0.03125
78113,0.0625
78114,0.09375
78115,0.078125
78116,0.0625
78117,0.0625
78118,0.078125
78119,0.015625
78120,0.078125
78121,0.03125
78122,0.125
78123,0.03125
78124,0.09375
78125,0.0625
78126,0.09375
78127,0.03125
78128,0.078125
78129,0.109375
78130,0.046875
78131,0.03125
78132,0.0625
78133,0.03125
78134,0.09375
78135,0.078125
78136,0.03125
78137,0.078125
78138,0.0625
78139,0.078125
78140,0.125
78141,0.046875
78142,0.0625
78143,0.078125
78144,0.0625
78145,0.0625
78146,0.078125
78147,0.03125
78148,0.09375
78149,0.078125
78150,0.09375
78151,0.09375
78152,0.015625
78153,0.125
78154,0.0625
78155,0.03125
78156,0.0625
78157,0.140625
78158,0.0625
78159,0.078125
78160,0.109375
78161,0.0625
78162,0.078125
78163,0.046875
78164,0.09375
78165,0.0625
78166,0.03125
78167,0.03125
78168,0.0625
78169,0.0625
78170,0.078125
78171,0.0625
78172,0.125
78173,0.046875
78174,0.09375
78175,0.0625
78176,0.0625
78177,0.03125
78178,0.046875
78179,0.0625
78180,0.046875
78181,0.078125
78182,0.09375
78183,0.03125
78184,0.03125
78185,0.0625
78186,0.015625
78187,0.046875
78188,0.078125
78189,0.078125
78190,0.046875
78191,0.015625
78192,0.0625
78193,0.0625
78194,0.078125
78195,0.015625
78196,0.046875
78197,0.046875
78198,0.0625
78199,0.109375
78200,0.046875
78201,0.140625
78202,0.03125
78203,0.078125
78204,0.0625
78205,0.109375
78206,0.109375
78207,0.078125
78208,0.046875
78209,0.078125
78210,0.03125
78211,0.078125
78212,0.03125
78213,0.078125
78214,0.046875
78215,0.015625
78216,0.046875
78217,0.0625
78218,0.03125
78219,0.078125
78220,0.046875
78221,0.078125
78222,0.046875
78223,0.0625
78224,0.03125
78225,0.0625
78226,0.0625
78227,0.03125
78228,0.0625
78229,0.03125
78230,0.046875
78231,0.0625
78232,0.0625
78233,0.0625
78234,0.03125
78235,0.09375
78236,0.046875
78237,0.046875
78238,0.046875
78239,0.0
78240,0.046875
78241,0.109375
78242,0.046875
78243,0.046875
78244,0.09375
78245,0.015625
78246,0.046875
78247,0.09375
78248,0.03125
78249,0.0625
78250,0.046875
78251,0.09375
78252,0.140625
78253,0.0625
78254,0.109375
78255,0.0625
78256,0.015625
78257,0.125
78258,0.046875
78259,0.03125
78260,0.046875
78261,0.140625
78262,0.046875
78263,0.046875
78264,0.046875
78265,0.0625
78266,0.109375
78267,0.015625
78268,0.09375
78269,0.078125
78270,0.0625
78271,0.046875
78272,0.078125
78273,0.046875
78274,0.125
78275,0.09375
78276,0.046875
78277,0.078125
78278,0.078125
78279,0.078125
78280,0.0625
78281,0.078125
78282,0.109375
78283,0.046875
78284,0.09375
78285,0.046875
78286,0.03125
78287,0.09375
78288,0.078125
78289,0.078125
78290,0.078125
78291,0.109375
78292,0.0625
78293,0.046875
78294,0.03125
78295,0.09375
78296,0.0625
78297,0.109375
78298,0.078125
78299,0.046875
78300,0.03125
78301,0.03125
78302,0.078125
