4,0.0
5,0.0
6,0.0
7,0.0
8,0.0
9,0.0
10,0.0
11,0.0
12,0.0
13,0.0
14,0.0
15,0.0
16,0.0
17,0.0
18,0.0
19,0.0309295654297
20,0.0474548339844
21,0.0555114746094
22,0.0611572265625
23,0.0684204101562
24,0.0751953125
25,0.0756225585938
26,0.079833984375
27,0.078857421875
28,0.077392578125
29,0.0799560546875
30,0.0812377929688
31,0.0833740234375
32,0.083740234375
33,0.0830078125
34,0.0843505859375
35,0.16845703125
36,0.174072265625
37,0.17529296875
38,0.169555664062
39,0.175903320312
40,0.170043945312
41,0.172607421875
42,0.171142578125
43,0.177612304688
44,0.171875
45,0.17041015625
46,0.170288085938
47,0.172485351562
48,0.167602539062
49,0.161254882812
50,0.165283203125
51,0.145263671875
52,0.160522460938
53,0.165283203125
54,0.15869140625
55,0.163940429688
56,0.161376953125
57,0.16015625
58,0.162719726562
59,0.166015625
60,0.161010742188
61,0.154541015625
62,0.164184570312
63,0.155883789062
64,0.163696289062
65,0.153442382812
66,0.166625976562
67,0.131713867188
68,0.140258789062
69,0.153442382812
70,0.154296875
71,0.150146484375
72,0.149169921875
73,0.15771484375
74,0.154296875
75,0.173461914062
76,0.156494140625
77,0.156372070312
78,0.156372070312
79,0.164794921875
80,0.163940429688
81,0.160522460938
82,0.158325195312
83,0.141967773438
84,0.140625
85,0.147583007812
86,0.160278320312
87,0.1708984375
88,0.158569335938
89,0.157104492188
90,0.151000976562
91,0.15185546875
92,0.164428710938
93,0.16015625
94,0.167236328125
95,0.152221679688
96,0.1513671875
97,0.151489257812
98,0.155029296875
99,0.156005859375
100,0.184692382812
101,0.1455078125
102,0.1494140625
103,0.165283203125
104,0.144775390625
105,0.146728515625
106,0.14697265625
107,0.150512695312
108,0.156860351562
109,0.146606445312
110,0.155395507812
111,0.149780273438
112,0.145385742188
113,0.145263671875
114,0.155639648438
115,0.1435546875
116,0.173583984375
117,0.164184570312
118,0.145263671875
119,0.170043945312
120,0.170288085938
121,0.170043945312
122,0.1494140625
123,0.164184570312
124,0.153442382812
125,0.15185546875
126,0.164428710938
127,0.1630859375
128,0.168090820312
129,0.168823242188
130,0.182861328125
131,0.146362304688
132,0.166625976562
133,0.155883789062
134,0.162719726562
135,0.175903320312
136,0.182006835938
137,0.166870117188
138,0.162231445312
139,0.177001953125
140,0.171875
141,0.14111328125
142,0.144287109375
143,0.153198242188
144,0.152709960938
145,0.159912109375
146,0.14306640625
147,0.15380859375
148,0.149536132812
149,0.173828125
150,0.157592773438
151,0.14990234375
152,0.170776367188
153,0.171630859375
154,0.133911132812
155,0.150268554688
156,0.165283203125
157,0.1484375
158,0.16162109375
159,0.163208007812
160,0.147583007812
161,0.159301757812
162,0.155151367188
163,0.118103027344
164,0.14306640625
165,0.15478515625
166,0.169067382812
167,0.158569335938
168,0.17724609375
169,0.167724609375
170,0.1689453125
171,0.170043945312
172,0.1435546875
173,0.14306640625
174,0.164916992188
175,0.166259765625
176,0.130004882812
177,0.148803710938
178,0.160766601562
179,0.141235351562
180,0.163940429688
181,0.162719726562
182,0.140502929688
183,0.136962890625
184,0.162719726562
185,0.14208984375
186,0.147216796875
187,0.1494140625
188,0.154541015625
189,0.142700195312
190,0.145751953125
191,0.156860351562
192,0.177368164062
193,0.18701171875
194,0.155395507812
195,0.106323242188
196,0.142578125
197,0.156127929688
198,0.176513671875
199,0.1669921875
200,0.181884765625
201,0.199462890625
202,0.204956054688
203,0.18505859375
204,0.175415039062
205,0.137329101562
206,0.170288085938
207,0.187255859375
208,0.168701171875
209,0.170654296875
210,0.1767578125
211,0.155151367188
212,0.166381835938
213,0.136962890625
214,0.134399414062
215,0.135009765625
216,0.135498046875
217,0.148803710938
218,0.140869140625
219,0.154296875
220,0.150146484375
221,0.16455078125
222,0.178955078125
223,0.179809570312
224,0.146728515625
225,0.164428710938
226,0.180908203125
227,0.113342285156
228,0.146484375
229,0.152099609375
230,0.160522460938
231,0.170043945312
232,0.1796875
233,0.177978515625
234,0.134399414062
235,0.164794921875
236,0.179809570312
237,0.181396484375
238,0.19140625
239,0.185180664062
240,0.137573242188
241,0.169677734375
242,0.149658203125
243,0.129516601562
244,0.112670898438
245,0.1484375
246,0.161010742188
247,0.17041015625
248,0.166625976562
249,0.150390625
250,0.131469726562
251,0.156860351562
252,0.12548828125
253,0.151733398438
254,0.152709960938
255,0.150146484375
256,0.147705078125
257,0.132690429688
258,0.141235351562
259,0.109924316406
260,0.114685058594
261,0.128051757812
262,0.148803710938
263,0.133178710938
264,0.143188476562
265,0.148803710938
266,0.161865234375
267,0.174072265625
268,0.182983398438
269,0.203125
270,0.177368164062
271,0.161499023438
272,0.144775390625
273,0.138671875
274,0.136108398438
275,0.128662109375
276,0.149536132812
277,0.181640625
278,0.140991210938
279,0.175537109375
280,0.205688476562
281,0.159301757812
282,0.199340820312
283,0.141235351562
284,0.121826171875
285,0.155517578125
286,0.140991210938
287,0.137451171875
288,0.146240234375
289,0.159912109375
290,0.179565429688
291,0.135498046875
292,0.16259765625
293,0.130493164062
294,0.173461914062
295,0.121826171875
296,0.133911132812
297,0.152587890625
298,0.17822265625
299,0.128540039062
300,0.158935546875
301,0.123779296875
302,0.144165039062
303,0.169555664062
304,0.185668945312
305,0.137817382812
306,0.137817382812
307,0.1318359375
308,0.111145019531
309,0.142822265625
310,0.134521484375
311,0.150146484375
312,0.141723632812
313,0.1640625
314,0.136840820312
315,0.135986328125
316,0.130615234375
317,0.138793945312
318,0.139038085938
319,0.129516601562
320,0.143188476562
321,0.151489257812
322,0.177490234375
323,0.0995483398438
324,0.104125976562
325,0.130126953125
326,0.133178710938
327,0.156372070312
328,0.136962890625
329,0.140014648438
330,0.175048828125
331,0.197021484375
332,0.14208984375
333,0.123718261719
334,0.146240234375
335,0.16064453125
336,0.137817382812
337,0.154296875
338,0.17333984375
339,0.114379882812
340,0.140258789062
341,0.130737304688
342,0.114440917969
343,0.125854492188
344,0.130249023438
345,0.154296875
346,0.162963867188
347,0.140014648438
348,0.155883789062
349,0.185791015625
350,0.2001953125
351,0.220581054688
352,0.13330078125
353,0.163452148438
354,0.184326171875
355,0.171020507812
356,0.190185546875
357,0.207885742188
358,0.213745117188
359,0.14599609375
360,0.116394042969
361,0.121337890625
362,0.126220703125
363,0.134643554688
364,0.161743164062
365,0.156372070312
366,0.12890625
367,0.143798828125
368,0.13623046875
369,0.158569335938
370,0.127807617188
371,0.154296875
372,0.193603515625
373,0.136108398438
374,0.162963867188
375,0.14501953125
376,0.1513671875
377,0.115966796875
378,0.154174804688
379,0.178955078125
380,0.18896484375
381,0.126098632812
382,0.145141601562
383,0.160888671875
384,0.128295898438
385,0.158447265625
386,0.14892578125
387,0.0894165039062
388,0.123413085938
389,0.114807128906
390,0.139038085938
391,0.132202148438
392,0.145385742188
393,0.169555664062
394,0.17236328125
395,0.194213867188
396,0.195556640625
397,0.22802734375
398,0.239135742188
399,0.230712890625
400,0.17431640625
401,0.1787109375
402,0.148193359375
403,0.103637695312
404,0.151123046875
405,0.197265625
406,0.138427734375
407,0.123168945312
408,0.13525390625
409,0.159912109375
410,0.17333984375
411,0.144287109375
412,0.129638671875
413,0.127319335938
414,0.141479492188
415,0.117248535156
416,0.134643554688
417,0.135131835938
418,0.15087890625
419,0.0953979492188
420,0.142578125
421,0.1318359375
422,0.122192382812
423,0.147338867188
424,0.179443359375
425,0.129028320312
426,0.16552734375
427,0.177368164062
428,0.140991210938
429,0.116577148438
430,0.14013671875
431,0.13916015625
432,0.137451171875
433,0.147827148438
434,0.166870117188
435,0.1875
436,0.226440429688
437,0.245239257812
438,0.156372070312
439,0.205444335938
440,0.170043945312
441,0.203735351562
442,0.223510742188
443,0.241333007812
444,0.244262695312
445,0.138427734375
446,0.203369140625
447,0.0999145507812
448,0.140869140625
449,0.107666015625
450,0.105102539062
451,0.169799804688
452,0.197509765625
453,0.210693359375
454,0.107971191406
455,0.166625976562
456,0.129760742188
457,0.105102539062
458,0.1083984375
459,0.152099609375
460,0.165161132812
461,0.197509765625
462,0.148315429688
463,0.185668945312
464,0.129516601562
465,0.182495117188
466,0.177856445312
467,0.117553710938
468,0.1259765625
469,0.107482910156
470,0.141723632812
471,0.116821289062
472,0.129516601562
473,0.119445800781
474,0.134765625
475,0.1318359375
476,0.1455078125
477,0.11669921875
478,0.147705078125
479,0.166259765625
480,0.114807128906
481,0.14306640625
482,0.184814453125
483,0.125732421875
484,0.170043945312
485,0.22119140625
486,0.116821289062
487,0.101623535156
488,0.132568359375
489,0.169799804688
490,0.16357421875
491,0.162109375
492,0.188598632812
493,0.13330078125
494,0.18408203125
495,0.218383789062
496,0.130981445312
497,0.141479492188
498,0.171752929688
499,0.104187011719
500,0.157592773438
501,0.200317382812
502,0.209228515625
503,0.23876953125
504,0.223510742188
505,0.200317382812
506,0.157470703125
507,0.209106445312
508,0.2421875
509,0.212280273438
510,0.172973632812
511,0.156860351562
512,0.211669921875
513,0.2119140625
514,0.174438476562
515,0.0848999023438
516,0.140625
517,0.137451171875
518,0.112182617188
519,0.136474609375
520,0.1796875
521,0.124084472656
522,0.139404296875
523,0.145141601562
524,0.143310546875
525,0.152465820312
526,0.176147460938
527,0.133422851562
528,0.167114257812
529,0.126098632812
530,0.118041992188
531,0.0785522460938
532,0.0844116210938
533,0.12939453125
534,0.146118164062
535,0.115783691406
536,0.128051757812
537,0.15283203125
538,0.158325195312
539,0.175415039062
540,0.167846679688
541,0.186279296875
542,0.155883789062
543,0.139404296875
544,0.106567382812
545,0.127807617188
546,0.164428710938
547,0.192626953125
548,0.227416992188
549,0.208862304688
550,0.2294921875
551,0.210693359375
552,0.21337890625
553,0.114501953125
554,0.182983398438
555,0.122375488281
556,0.149169921875
557,0.151733398438
558,0.114807128906
559,0.112976074219
560,0.138427734375
561,0.107482910156
562,0.118713378906
563,0.115295410156
564,0.109558105469
565,0.147338867188
566,0.151245117188
567,0.199584960938
568,0.157592773438
569,0.146484375
570,0.18798828125
571,0.134887695312
572,0.118774414062
573,0.133178710938
574,0.16064453125
575,0.200317382812
576,0.21630859375
577,0.224975585938
578,0.143920898438
579,0.128540039062
580,0.100952148438
581,0.114624023438
582,0.114318847656
583,0.137084960938
584,0.126708984375
585,0.160522460938
586,0.123046875
587,0.159790039062
588,0.17822265625
589,0.13916015625
590,0.182739257812
591,0.142578125
592,0.194213867188
593,0.11376953125
594,0.175415039062
595,0.108032226562
596,0.125
597,0.161010742188
598,0.105407714844
599,0.150634765625
600,0.190063476562
601,0.223022460938
602,0.225219726562
603,0.227416992188
604,0.237426757812
605,0.229614257812
606,0.235229492188
607,0.118774414062
608,0.178100585938
609,0.175537109375
610,0.200805664062
611,0.184448242188
612,0.0973510742188
613,0.130126953125
614,0.166259765625
615,0.133178710938
616,0.150390625
617,0.17822265625
618,0.119079589844
619,0.116027832031
620,0.111511230469
621,0.111633300781
622,0.123901367188
623,0.127685546875
624,0.166381835938
625,0.123779296875
626,0.149047851562
627,0.075439453125
628,0.0776977539062
629,0.0931396484375
630,0.102661132812
631,0.102844238281
632,0.108093261719
633,0.10302734375
634,0.13134765625
635,0.134155273438
636,0.13525390625
637,0.17236328125
638,0.157836914062
639,0.172119140625
640,0.212890625
641,0.233032226562
642,0.226928710938
643,0.199951171875
644,0.22509765625
645,0.2373046875
646,0.239135742188
647,0.175903320312
648,0.22265625
649,0.216796875
650,0.2509765625
651,0.185180664062
652,0.187255859375
653,0.174560546875
654,0.1640625
655,0.199951171875
656,0.237670898438
657,0.255126953125
658,0.118774414062
659,0.120849609375
660,0.124877929688
661,0.0961303710938
662,0.130126953125
663,0.16796875
664,0.113220214844
665,0.103820800781
666,0.132568359375
667,0.117797851562
668,0.118103027344
669,0.144775390625
670,0.160034179688
671,0.195556640625
672,0.227416992188
673,0.229248046875
674,0.215576171875
675,0.0758056640625
676,0.1357421875
677,0.150024414062
678,0.201049804688
679,0.2060546875
680,0.216064453125
681,0.225463867188
682,0.209106445312
683,0.2314453125
684,0.236572265625
685,0.241333007812
686,0.256591796875
687,0.252197265625
688,0.262451171875
689,0.273193359375
690,0.203369140625
691,0.163208007812
692,0.22021484375
693,0.116088867188
694,0.126586914062
695,0.131103515625
696,0.118896484375
697,0.164306640625
698,0.158447265625
699,0.181518554688
700,0.218872070312
701,0.125244140625
702,0.103393554688
703,0.12890625
704,0.135009765625
705,0.140869140625
706,0.107055664062
707,0.120788574219
708,0.196044921875
709,0.221557617188
710,0.140869140625
711,0.115661621094
712,0.164306640625
713,0.220336914062
714,0.25146484375
715,0.260986328125
716,0.157348632812
717,0.185791015625
718,0.243896484375
719,0.159545898438
720,0.0947265625
721,0.158081054688
722,0.109069824219
723,0.166381835938
724,0.162841796875
725,0.182739257812
726,0.2392578125
727,0.145385742188
728,0.206665039062
729,0.232788085938
730,0.220458984375
731,0.246337890625
732,0.2607421875
733,0.244873046875
734,0.118774414062
735,0.189453125
736,0.113586425781
737,0.183471679688
738,0.211059570312
739,0.0733032226562
740,0.0846557617188
741,0.115661621094
742,0.114990234375
743,0.123474121094
744,0.131713867188
745,0.128051757812
746,0.131225585938
747,0.141723632812
748,0.123779296875
749,0.143676757812
750,0.11669921875
751,0.155151367188
752,0.161010742188
753,0.133666992188
754,0.118347167969
755,0.189331054688
756,0.197631835938
757,0.236938476562
758,0.234375
759,0.234252929688
760,0.2431640625
761,0.260498046875
762,0.26953125
763,0.25830078125
764,0.26513671875
765,0.120544433594
766,0.182983398438
767,0.23583984375
768,0.110168457031
769,0.116943359375
770,0.105651855469
771,0.101867675781
772,0.083251953125
773,0.0819702148438
774,0.0816650390625
775,0.121459960938
776,0.125854492188
777,0.119873046875
778,0.151123046875
779,0.1708984375
780,0.17236328125
781,0.198486328125
782,0.156005859375
783,0.10546875
784,0.112609863281
785,0.137451171875
787,0.122985839844
788,0.189575195312
789,0.179077148438
790,0.1201171875
791,0.120178222656
792,0.137573242188
793,0.130493164062
794,0.15283203125
795,0.136108398438
796,0.130493164062
797,0.127075195312
798,0.15576171875
799,0.146240234375
800,0.144409179688
801,0.137573242188
802,0.149047851562
803,0.167846679688
804,0.173950195312
805,0.212280273438
806,0.240966796875
807,0.244384765625
808,0.24658203125
809,0.2333984375
810,0.246948242188
811,0.234008789062
812,0.162475585938
813,0.133178710938
814,0.09326171875
815,0.12744140625
816,0.11083984375
817,0.1474609375
818,0.123901367188
819,0.163452148438
820,0.0786743164062
821,0.0784301757812
822,0.106201171875
823,0.101013183594
824,0.112609863281
825,0.132446289062
826,0.156005859375
827,0.15478515625
828,0.145385742188
829,0.181274414062
830,0.104064941406
831,0.103637695312
832,0.141357421875
833,0.1025390625
834,0.13818359375
835,0.125610351562
836,0.194946289062
837,0.255126953125
838,0.274658203125
839,0.27734375
840,0.2666015625
841,0.168090820312
842,0.220825195312
843,0.202758789062
844,0.240966796875
845,0.25048828125
846,0.106079101562
847,0.187622070312
848,0.225341796875
849,0.24365234375
850,0.2578125
851,0.270751953125
852,0.104675292969
853,0.146118164062
854,0.222534179688
855,0.2255859375
856,0.216918945312
857,0.107604980469
858,0.170532226562
859,0.178466796875
860,0.101745605469
861,0.104064941406
862,0.10546875
863,0.128051757812
864,0.113525390625
865,0.153442382812
866,0.195068359375
867,0.1083984375
868,0.183837890625
869,0.0928955078125
870,0.0933227539062
871,0.148559570312
872,0.0777587890625
873,0.0875854492188
874,0.087890625
875,0.0940551757812
876,0.177124023438
877,0.21435546875
878,0.177124023438
879,0.1279296875
880,0.187622070312
881,0.2275390625
882,0.208984375
883,0.116821289062
884,0.084228515625
885,0.0745239257812
886,0.092529296875
887,0.102355957031
888,0.153198242188
889,0.184326171875
890,0.105102539062
891,0.159057617188
892,0.192993164062
893,0.121459960938
894,0.118713378906
895,0.106872558594
896,0.131103515625
897,0.175415039062
898,0.163818359375
899,0.169677734375
900,0.104125976562
901,0.106994628906
902,0.0689086914062
903,0.127197265625
904,0.10009765625
905,0.116760253906
906,0.159057617188
907,0.215454101562
908,0.132568359375
909,0.166259765625
910,0.204467773438
911,0.22412109375
912,0.25244140625
913,0.142211914062
914,0.128295898438
915,0.186279296875
916,0.163818359375
917,0.2255859375
918,0.257568359375
919,0.258056640625
920,0.263671875
921,0.25048828125
922,0.265380859375
923,0.264892578125
924,0.2685546875
925,0.102355957031
926,0.119995117188
927,0.117553710938
928,0.0960083007812
929,0.104125976562
930,0.101806640625
931,0.151123046875
932,0.1494140625
933,0.208984375
934,0.17236328125
935,0.171997070312
936,0.167114257812
937,0.204956054688
938,0.197387695312
939,0.222412109375
940,0.242553710938
941,0.17236328125
942,0.102722167969
943,0.189575195312
944,0.246215820312
945,0.21533203125
946,0.222534179688
947,0.221313476562
948,0.1767578125
949,0.234008789062
950,0.108032226562
951,0.1953125
952,0.215087890625
953,0.12939453125
954,0.083984375
955,0.138793945312
956,0.178344726562
957,0.167358398438
958,0.19873046875
959,0.220947265625
960,0.169067382812
961,0.171264648438
962,0.173950195312
963,0.101135253906
964,0.18115234375
965,0.187866210938
966,0.200561523438
967,0.096435546875
968,0.129516601562
969,0.145385742188
970,0.220581054688
971,0.216186523438
972,0.244506835938
973,0.265380859375
974,0.137084960938
975,0.121948242188
976,0.193481445312
977,0.0968627929688
978,0.0985717773438
979,0.156616210938
980,0.073974609375
981,0.150390625
982,0.144409179688
983,0.144653320312
984,0.14013671875
985,0.1787109375
986,0.167236328125
987,0.182983398438
988,0.21435546875
989,0.210815429688
990,0.190185546875
991,0.19287109375
992,0.194091796875
993,0.23828125
994,0.22900390625
995,0.2626953125
996,0.132568359375
997,0.206176757812
998,0.14990234375
999,0.0938720703125
1000,0.156494140625
1001,0.169799804688
1002,0.21435546875
1003,0.0971069335938
1004,0.182983398438
1005,0.17333984375
1006,0.225952148438
1007,0.227294921875
1008,0.120666503906
1009,0.11767578125
1010,0.169921875
1011,0.21630859375
1012,0.105895996094
1013,0.1767578125
1014,0.206298828125
1015,0.093994140625
1016,0.0927734375
1017,0.0835571289062
1018,0.0888671875
1019,0.0968627929688
1020,0.112731933594
1021,0.151611328125
1022,0.110046386719
1023,0.144775390625
1024,0.152954101562
1025,0.192626953125
1026,0.112915039062
1027,0.155517578125
1028,0.19189453125
1029,0.124938964844
1030,0.203002929688
1031,0.2373046875
1032,0.229858398438
1033,0.255126953125
1034,0.131591796875
1035,0.124938964844
1036,0.092041015625
1037,0.0979614257812
1038,0.0958862304688
1039,0.0956420898438
1040,0.134765625
1041,0.139282226562
1042,0.124694824219
1043,0.109802246094
1044,0.183227539062
1045,0.24169921875
1046,0.26953125
1047,0.275634765625
1048,0.267822265625
1049,0.13330078125
1050,0.228637695312
1051,0.22705078125
1052,0.26123046875
1053,0.259033203125
1054,0.25830078125
1055,0.259765625
1056,0.199584960938
1057,0.210205078125
1058,0.25048828125
1059,0.110595703125
1060,0.159301757812
1061,0.214721679688
1062,0.163818359375
1063,0.100158691406
1064,0.116516113281
1065,0.0941162109375
1066,0.104187011719
1067,0.149291992188
1068,0.20751953125
1069,0.18603515625
1070,0.214599609375
1071,0.210205078125
1072,0.0931396484375
1073,0.094970703125
1074,0.0867919921875
1075,0.122009277344
1076,0.126586914062
1077,0.106506347656
1078,0.190673828125
1079,0.24462890625
1080,0.263916015625
1081,0.198486328125
1082,0.120971679688
1083,0.165283203125
1084,0.1669921875
1085,0.211669921875
1086,0.211791992188
1087,0.241943359375
1088,0.231811523438
1089,0.219604492188
1090,0.25048828125
1091,0.241333007812
1092,0.186889648438
1093,0.230102539062
1094,0.200927734375
1095,0.129150390625
1096,0.192260742188
1097,0.21044921875
1098,0.21533203125
1099,0.255615234375
1100,0.111572265625
1101,0.102600097656
1102,0.203002929688
1103,0.132690429688
1104,0.180541992188
1105,0.121276855469
1106,0.136596679688
1107,0.200439453125
1108,0.106201171875
1109,0.189819335938
1110,0.1826171875
1111,0.174926757812
1112,0.214721679688
1113,0.21826171875
1114,0.203857421875
1115,0.22705078125
1116,0.118774414062
1117,0.180419921875
1118,0.1162109375
1119,0.111083984375
1120,0.143798828125
1121,0.14208984375
1122,0.161254882812
1123,0.184692382812
1124,0.0960693359375
1125,0.0887451171875
1126,0.0847778320312
1127,0.0905151367188
1128,0.0945434570312
1129,0.131713867188
1130,0.141357421875
1131,0.139770507812
1132,0.1962890625
1133,0.190063476562
1134,0.231689453125
1135,0.24755859375
1136,0.122619628906
1137,0.116638183594
1138,0.110656738281
1139,0.102783203125
1140,0.196166992188
1141,0.110778808594
1142,0.104553222656
1143,0.187255859375
1144,0.211669921875
1145,0.214965820312
1146,0.251953125
1147,0.272705078125
1148,0.264892578125
1149,0.260986328125
1150,0.2734375
1151,0.226440429688
1152,0.228881835938
1153,0.2529296875
1154,0.114929199219
1155,0.0985717773438
1156,0.218017578125
1157,0.104797363281
1158,0.183959960938
1159,0.177856445312
1160,0.217895507812
1161,0.2158203125
1162,0.217529296875
1163,0.224975585938
1164,0.238647460938
1165,0.116027832031
1166,0.144775390625
1167,0.216552734375
1168,0.18310546875
1169,0.198852539062
1170,0.225341796875
1171,0.244750976562
1172,0.0604553222656
1173,0.0617980957031
1174,0.0624694824219
1175,0.0631103515625
1176,0.105102539062
1177,0.103393554688
1178,0.138305664062
1179,0.107849121094
1180,0.117309570312
1181,0.152954101562
1182,0.15576171875
1183,0.185913085938
1184,0.179931640625
1185,0.186401367188
1186,0.183471679688
1187,0.22216796875
1188,0.0772094726562
1189,0.083740234375
1190,0.135498046875
1191,0.17236328125
1192,0.128295898438
1193,0.11474609375
1194,0.150146484375
1195,0.111206054688
1196,0.155151367188
1197,0.085693359375
1198,0.131225585938
1199,0.123962402344
1200,0.124084472656
1201,0.174072265625
1202,0.187622070312
1203,0.1728515625
1204,0.113586425781
1205,0.111083984375
1206,0.111328125
1207,0.115234375
1208,0.185913085938
1209,0.0927734375
1210,0.0922241210938
1211,0.151245117188
1212,0.160766601562
1213,0.201416015625
1214,0.220703125
1215,0.214721679688
1216,0.216796875
1217,0.25048828125
1218,0.25439453125
1219,0.25634765625
1220,0.193359375
1221,0.198120117188
1222,0.219970703125
1223,0.243408203125
1224,0.256103515625
1225,0.281982421875
1226,0.263427734375
1227,0.265869140625
1228,0.255859375
1229,0.241455078125
1230,0.23828125
1231,0.252197265625
1232,0.101379394531
1233,0.198120117188
1234,0.218994140625
1235,0.223022460938
1236,0.169067382812
1237,0.0968017578125
1238,0.192504882812
1239,0.180297851562
1240,0.08349609375
1241,0.0892333984375
1242,0.165649414062
1243,0.212280273438
1244,0.208618164062
1245,0.245727539062
1246,0.0985107421875
1247,0.083740234375
1248,0.0872802734375
1249,0.125244140625
1250,0.129150390625
1251,0.172485351562
1252,0.194946289062
1253,0.191040039062
1254,0.2275390625
1255,0.240356445312
1256,0.240356445312
1257,0.231567382812
1258,0.24755859375
1259,0.244995117188
1260,0.256103515625
1261,0.242919921875
1262,0.216796875
1263,0.2109375
1264,0.215454101562
1265,0.116821289062
1266,0.187133789062
1267,0.20458984375
1268,0.0997314453125
1269,0.172241210938
1270,0.214477539062
1271,0.245361328125
1272,0.0858764648438
1273,0.140258789062
1274,0.128295898438
1275,0.145629882812
1276,0.162353515625
1277,0.201293945312
1278,0.243896484375
1279,0.243530273438
1280,0.2724609375
1281,0.271484375
1282,0.2763671875
1283,0.262451171875
1284,0.110229492188
1285,0.200317382812
1286,0.207397460938
1287,0.142578125
1288,0.21484375
1289,0.201538085938
1290,0.240600585938
1291,0.244995117188
1292,0.25634765625
1293,0.291259765625
1294,0.28759765625
1295,0.287109375
1296,0.28369140625
1297,0.272216796875
1298,0.2783203125
1299,0.273193359375
1300,0.10107421875
1301,0.202026367188
1302,0.13525390625
1303,0.205200195312
1304,0.202514648438
1305,0.21142578125
1306,0.180053710938
1307,0.183959960938
1308,0.186157226562
1309,0.222778320312
1310,0.23388671875
1311,0.227294921875
1312,0.200317382812
1313,0.244384765625
1314,0.236938476562
1315,0.260986328125
1316,0.100463867188
1317,0.100524902344
1318,0.180053710938
1319,0.173217773438
1320,0.211059570312
1321,0.246826171875
1322,0.199951171875
1323,0.236938476562
1324,0.0924072265625
1325,0.217651367188
1326,0.21044921875
1327,0.2509765625
1328,0.260009765625
1329,0.2822265625
1330,0.25390625
1331,0.250732421875
1332,0.115844726562
1333,0.199340820312
1334,0.239868164062
1335,0.233154296875
1336,0.262451171875
1337,0.2705078125
1338,0.26513671875
1339,0.261474609375
1340,0.234130859375
1341,0.261474609375
1342,0.293212890625
1343,0.293701171875
1344,0.284912109375
1345,0.0894165039062
1346,0.0933837890625
1347,0.195068359375
1348,0.193969726562
1349,0.23291015625
1350,0.237182617188
1351,0.117248535156
1352,0.117858886719
1353,0.1083984375
1354,0.076904296875
1355,0.123413085938
1356,0.181030273438
1357,0.198852539062
1358,0.1982421875
1359,0.18212890625
1360,0.214721679688
1361,0.0902709960938
1362,0.187377929688
1363,0.106689453125
1364,0.149291992188
1365,0.220825195312
1366,0.149291992188
1367,0.219604492188
1368,0.233154296875
1369,0.22265625
1370,0.223266601562
1371,0.231079101562
1372,0.22900390625
1373,0.0887451171875
1374,0.08544921875
1375,0.081787109375
1376,0.102905273438
1377,0.107299804688
1378,0.143798828125
1379,0.114013671875
1380,0.205200195312
1381,0.256591796875
1382,0.182250976562
1383,0.24609375
1384,0.26123046875
1385,0.248779296875
1386,0.24658203125
1387,0.236938476562
1388,0.241577148438
1389,0.263427734375
1390,0.0923461914062
1391,0.0929565429688
1392,0.195556640625
1393,0.216796875
1394,0.208374023438
1395,0.224243164062
1396,0.141723632812
1397,0.147583007812
1398,0.166870117188
1399,0.0870971679688
1400,0.0836791992188
1401,0.0836181640625
1402,0.0992431640625
1403,0.120056152344
1404,0.123657226562
1405,0.156005859375
1406,0.151245117188
1407,0.204223632812
1408,0.250244140625
1409,0.247436523438
1410,0.220336914062
1411,0.223266601562
1412,0.0726318359375
1413,0.0765380859375
1414,0.128540039062
1415,0.0812377929688
1416,0.0883178710938
1417,0.0895385742188
1418,0.121459960938
1419,0.149536132812
1420,0.157836914062
1421,0.181274414062
1422,0.12646484375
1423,0.185791015625
1424,0.1806640625
1425,0.193969726562
1426,0.247436523438
1427,0.255859375
1428,0.0780639648438
1429,0.0811767578125
1430,0.0806884765625
1431,0.12646484375
1432,0.122985839844
1433,0.203002929688
1434,0.205078125
1435,0.241455078125
1436,0.138305664062
1437,0.12646484375
1438,0.110290527344
1439,0.0949096679688
1440,0.0855712890625
1441,0.108581542969
1442,0.112976074219
1443,0.110961914062
1444,0.102966308594
1445,0.113586425781
1446,0.213623046875
1447,0.197387695312
1448,0.190673828125
1449,0.248413085938
1450,0.247924804688
1451,0.2763671875
1452,0.26904296875
1453,0.276123046875
1454,0.282470703125
1455,0.260498046875
1456,0.258056640625
1457,0.259765625
1458,0.268310546875
1459,0.256591796875
1460,0.204467773438
1461,0.0870361328125
1462,0.163452148438
1463,0.161376953125
1464,0.164306640625
1465,0.0927124023438
1466,0.16357421875
1467,0.1669921875
1468,0.222045898438
1469,0.2470703125
1470,0.2509765625
1471,0.255615234375
1472,0.257568359375
1473,0.259765625
1474,0.2587890625
1475,0.261474609375
1476,0.155029296875
1477,0.214477539062
1478,0.20703125
1479,0.214477539062
1480,0.196411132812
1481,0.242309570312
1482,0.249389648438
1483,0.132080078125
1484,0.128662109375
1485,0.122314453125
1486,0.07373046875
1487,0.0945434570312
1488,0.0790405273438
1489,0.0927124023438
1490,0.069580078125
1491,0.083984375
1492,0.194946289062
1493,0.19677734375
1494,0.0936889648438
1495,0.0911254882812
1496,0.0891723632812
1497,0.0877685546875
1498,0.16796875
1499,0.203125
1500,0.192749023438
1501,0.235107421875
1502,0.226684570312
1503,0.22900390625
1504,0.235229492188
1505,0.249267578125
1506,0.2705078125
1507,0.274658203125
1508,0.119750976562
1509,0.117553710938
1510,0.147583007812
1511,0.16748046875
1512,0.111938476562
1513,0.171875
1514,0.196411132812
1515,0.1103515625
1516,0.152709960938
1517,0.146240234375
1518,0.0908203125
1519,0.0977783203125
1520,0.103149414062
1521,0.134521484375
1522,0.162353515625
1523,0.164672851562
1524,0.168212890625
1525,0.163696289062
1526,0.130493164062
1527,0.203247070312
1528,0.213500976562
1529,0.214477539062
1530,0.0757446289062
1531,0.0737915039062
1532,0.119079589844
1533,0.120910644531
1534,0.111877441406
1535,0.102661132812
1536,0.143188476562
1537,0.106506347656
1538,0.124389648438
1539,0.12451171875
1540,0.193603515625
1541,0.184204101562
1542,0.201049804688
1543,0.199829101562
1544,0.134033203125
1545,0.138061523438
1546,0.1484375
1547,0.21142578125
1548,0.251220703125
1549,0.103332519531
1550,0.0989990234375
1551,0.0997314453125
1552,0.205810546875
1553,0.206787109375
1554,0.20361328125
1555,0.207397460938
1556,0.190795898438
1557,0.194702148438
1558,0.245239257812
1559,0.193481445312
1560,0.23828125
1561,0.242309570312
1562,0.267333984375
1563,0.2734375
38319,0.147827148438
38320,0.148315429688
38321,0.145751953125
38322,0.149169921875
38323,0.127563476562
38324,0.132446289062
38325,0.134765625
38326,0.143920898438
38327,0.14501953125
38328,0.188110351562
38329,0.180908203125
38330,0.181518554688
38331,0.164916992188
38332,0.163452148438
38333,0.164794921875
38334,0.164916992188
38335,0.164794921875
38336,0.16845703125
38337,0.17333984375
38338,0.157348632812
38339,0.119567871094
38340,0.123657226562
38341,0.12890625
38342,0.1298828125
38343,0.147216796875
38344,0.142211914062
38345,0.142944335938
38346,0.147094726562
38347,0.150390625
38348,0.150634765625
38349,0.18603515625
38350,0.187744140625
38351,0.191162109375
38352,0.189453125
38353,0.189453125
38354,0.169677734375
38355,0.143432617188
38356,0.149658203125
38357,0.151000976562
38358,0.16015625
38359,0.160400390625
38360,0.16455078125
38361,0.162719726562
38362,0.160522460938
38363,0.160888671875
38364,0.162475585938
38365,0.163330078125
38366,0.164428710938
38367,0.165649414062
38368,0.169677734375
38369,0.174072265625
38371,0.175415039062
38372,0.159545898438
38373,0.162109375
38374,0.163208007812
38375,0.170776367188
38376,0.1708984375
38377,0.171752929688
38378,0.170654296875
38379,0.170043945312
38380,0.170288085938
38381,0.170532226562
38382,0.17138671875
38383,0.1708984375
38384,0.170288085938
38385,0.1708984375
38386,0.168823242188
38387,0.170288085938
38388,0.159057617188
38389,0.162963867188
38390,0.166748046875
38391,0.174072265625
38392,0.175170898438
38393,0.165771484375
38394,0.165771484375
38395,0.166137695312
38396,0.165405273438
38397,0.166015625
38398,0.165405273438
38399,0.16455078125
38400,0.137817382812
38401,0.136474609375
38402,0.137939453125
38403,0.1279296875
38404,0.1572265625
38405,0.161499023438
38406,0.161865234375
38407,0.161743164062
38408,0.162353515625
38409,0.176513671875
38410,0.17578125
38411,0.17724609375
38412,0.177856445312
38413,0.178100585938
38414,0.176879882812
38415,0.178588867188
38416,0.176513671875
38417,0.17822265625
38418,0.178833007812
38419,0.179321289062
38420,0.154052734375
38421,0.136840820312
38422,0.136840820312
38423,0.147338867188
38424,0.195556640625
38425,0.196166992188
38426,0.18359375
38427,0.169311523438
38428,0.170532226562
38429,0.170532226562
38430,0.171020507812
38431,0.170532226562
38432,0.169799804688
38433,0.169555664062
38434,0.164916992188
38435,0.164428710938
38436,0.15478515625
38437,0.158203125
38438,0.161376953125
38439,0.159912109375
38440,0.216430664062
38441,0.212280273438
38442,0.195556640625
38443,0.131713867188
38444,0.13232421875
38445,0.134033203125
38446,0.134033203125
38447,0.134033203125
38448,0.133544921875
38449,0.131469726562
38450,0.154418945312
38451,0.148559570312
38452,0.141845703125
38453,0.144897460938
38454,0.146240234375
38455,0.146728515625
38456,0.172729492188
38457,0.17626953125
38458,0.176513671875
38459,0.151245117188
38460,0.161865234375
38461,0.162841796875
38462,0.158203125
38463,0.155883789062
38464,0.154907226562
38465,0.156616210938
38466,0.161254882812
38467,0.162475585938
38468,0.121398925781
38469,0.12353515625
38470,0.142700195312
38471,0.142944335938
38472,0.145629882812
38473,0.118774414062
38474,0.126220703125
38475,0.114562988281
38476,0.102966308594
38477,0.114318847656
38478,0.116027832031
38479,0.160766601562
38480,0.157104492188
38481,0.159301757812
38482,0.159912109375
38483,0.158569335938
38484,0.160766601562
38485,0.162719726562
38486,0.160034179688
38487,0.1630859375
38488,0.163940429688
38489,0.210571289062
38490,0.2744140625
38491,0.242919921875
38492,0.243286132812
38493,0.229370117188
38494,0.23046875
38495,0.223876953125
38496,0.228881835938
38497,0.2177734375
38498,0.216552734375
38499,0.226806640625
38500,0.188598632812
38501,0.197998046875
38502,0.200073242188
38503,0.20068359375
38504,0.216430664062
38505,0.215454101562
38506,0.23681640625
38507,0.235961914062
38508,0.238647460938
38509,0.23779296875
38510,0.234375
38511,0.233032226562
38512,0.218017578125
38513,0.22998046875
38514,0.25244140625
38515,0.254150390625
38516,0.193603515625
38517,0.1943359375
38518,0.20068359375
38519,0.199584960938
38520,0.197387695312
38521,0.200805664062
38522,0.210571289062
38523,0.215576171875
38524,0.214477539062
38525,0.223754882812
38526,0.183349609375
38527,0.179809570312
38528,0.1708984375
38529,0.169067382812
38530,0.172241210938
38531,0.178955078125
38532,0.213134765625
38533,0.2138671875
38534,0.22802734375
38535,0.227905273438
38536,0.223510742188
38537,0.22607421875
38538,0.24560546875
38539,0.227172851562
38540,0.236450195312
38541,0.234375
38542,0.223999023438
38543,0.183959960938
38544,0.189819335938
38545,0.214477539062
38546,0.214477539062
38547,0.213012695312
38548,0.210327148438
38549,0.212280273438
38550,0.21875
38551,0.223266601562
38552,0.232177734375
38553,0.235717773438
38554,0.237548828125
38555,0.1796875
38556,0.180419921875
38557,0.182861328125
38558,0.180297851562
38559,0.18115234375
38560,0.177612304688
38561,0.182006835938
38562,0.217651367188
38563,0.224853515625
38564,0.214599609375
38565,0.216674804688
38566,0.2255859375
38567,0.22314453125
38568,0.223510742188
38569,0.217407226562
38570,0.205810546875
38571,0.206665039062
38572,0.206909179688
38573,0.2060546875
38574,0.213256835938
38575,0.181762695312
38576,0.180297851562
38577,0.181640625
38578,0.176025390625
38579,0.17529296875
38580,0.21044921875
38581,0.213989257812
38582,0.222290039062
38583,0.220825195312
38584,0.23046875
38585,0.255126953125
38586,0.25732421875
38587,0.2568359375
38588,0.2568359375
38589,0.233154296875
38590,0.235107421875
38591,0.228271484375
38592,0.2294921875
38593,0.2236328125
38594,0.231323242188
38595,0.225463867188
38596,0.209594726562
38597,0.2099609375
38598,0.211547851562
38599,0.208862304688
38600,0.211181640625
38601,0.212768554688
38602,0.2119140625
38603,0.214233398438
38604,0.213989257812
38605,0.212646484375
38606,0.22607421875
38607,0.25439453125
38608,0.24755859375
38609,0.241943359375
38610,0.243041992188
38611,0.241577148438
38612,0.204467773438
38613,0.208618164062
38614,0.239379882812
38615,0.240234375
38616,0.227172851562
38617,0.228271484375
38618,0.229736328125
38619,0.229858398438
38620,0.231323242188
38621,0.232177734375
38622,0.22900390625
38623,0.230224609375
38624,0.226806640625
38625,0.224975585938
38626,0.225708007812
38627,0.220947265625
38628,0.230834960938
38629,0.228149414062
38630,0.230346679688
38631,0.231323242188
38632,0.240600585938
38633,0.222778320312
38634,0.215698242188
38635,0.218139648438
38636,0.230346679688
38637,0.2314453125
38638,0.232299804688
38639,0.232666015625
38640,0.232177734375
38641,0.231323242188
38642,0.226318359375
38643,0.241088867188
38644,0.14501953125
38645,0.145629882812
38646,0.173461914062
38647,0.16748046875
38648,0.160034179688
38649,0.158935546875
38650,0.159057617188
38651,0.158325195312
38652,0.163208007812
38653,0.172241210938
38654,0.174072265625
38655,0.175170898438
38656,0.17578125
38657,0.176391601562
38658,0.185668945312
38659,0.183837890625
38660,0.19482421875
38661,0.20556640625
38662,0.209228515625
38663,0.20361328125
38664,0.205688476562
38665,0.227294921875
38666,0.219360351562
38667,0.239624023438
38668,0.24169921875
38669,0.239868164062
38670,0.238525390625
38671,0.2275390625
38672,0.228393554688
38673,0.208129882812
38674,0.208251953125
38675,0.206787109375
38676,0.197021484375
38677,0.201538085938
38678,0.208129882812
38679,0.20703125
38680,0.21337890625
38681,0.215087890625
38682,0.215087890625
38683,0.223022460938
38684,0.205322265625
38685,0.21533203125
38686,0.216796875
38687,0.228515625
38688,0.218383789062
38689,0.21044921875
38690,0.22265625
38691,0.223876953125
38692,0.217895507812
38693,0.221923828125
38694,0.224853515625
38695,0.2275390625
38696,0.229614257812
38697,0.22119140625
38698,0.222900390625
38699,0.223510742188
38700,0.216430664062
38701,0.216674804688
38702,0.222534179688
38703,0.221923828125
38704,0.222290039062
38705,0.212524414062
38706,0.211181640625
38707,0.212890625
38708,0.182373046875
38709,0.185546875
38710,0.191772460938
38711,0.201904296875
38712,0.182250976562
38713,0.1826171875
38714,0.176635742188
38715,0.177856445312
38716,0.177001953125
38717,0.17919921875
38718,0.1796875
38719,0.181396484375
38720,0.18115234375
38721,0.169799804688
38722,0.169921875
38723,0.171142578125
38724,0.180297851562
38725,0.176147460938
38726,0.1806640625
38727,0.179931640625
38728,0.187622070312
38729,0.18798828125
38730,0.189697265625
38731,0.190063476562
38732,0.190551757812
38733,0.190551757812
38734,0.18994140625
38735,0.192504882812
38736,0.2060546875
38737,0.206176757812
38738,0.202514648438
38739,0.197143554688
38740,0.180297851562
38741,0.181884765625
38742,0.18408203125
38743,0.181518554688
38744,0.1806640625
38745,0.193481445312
38746,0.194091796875
38747,0.194946289062
38748,0.191040039062
38749,0.190307617188
38750,0.1884765625
38751,0.191040039062
38752,0.191284179688
38753,0.192749023438
38754,0.190185546875
38755,0.243408203125
38756,0.188354492188
38757,0.191650390625
38758,0.196655273438
38759,0.197875976562
38760,0.197509765625
38761,0.193359375
38762,0.189575195312
38763,0.174682617188
38764,0.174926757812
38765,0.177612304688
38766,0.177612304688
38767,0.196044921875
38768,0.194091796875
38769,0.197509765625
38770,0.1904296875
38771,0.18994140625
38772,0.192016601562
38773,0.1962890625
38774,0.197265625
38775,0.198608398438
38776,0.198974609375
38777,0.207641601562
38778,0.206665039062
38779,0.193481445312
38780,0.1982421875
38781,0.200561523438
38782,0.187622070312
38783,0.188232421875
38784,0.1904296875
38785,0.190795898438
38786,0.189575195312
38787,0.193359375
38788,0.185791015625
38789,0.188720703125
38790,0.19580078125
38791,0.219848632812
38792,0.166137695312
38793,0.169311523438
38794,0.169189453125
38795,0.165771484375
38796,0.16650390625
38797,0.168823242188
38798,0.166381835938
38799,0.16357421875
38800,0.16552734375
38801,0.165405273438
38802,0.164916992188
38803,0.170532226562
38804,0.186767578125
38805,0.188842773438
38806,0.203979492188
38807,0.201782226562
38808,0.205200195312
38809,0.206298828125
38810,0.210693359375
38811,0.207641601562
38812,0.2099609375
38813,0.20947265625
38814,0.206787109375
38815,0.172973632812
38816,0.20751953125
38817,0.2119140625
38818,0.213012695312
38819,0.244506835938
38820,0.178588867188
38821,0.18359375
38822,0.1796875
38823,0.180541992188
38824,0.180419921875
38825,0.1806640625
38826,0.180297851562
38827,0.180053710938
38828,0.191284179688
38829,0.186279296875
38830,0.190185546875
38831,0.1923828125
38832,0.191040039062
38833,0.192504882812
38834,0.1728515625
38835,0.177001953125
38836,0.175537109375
38837,0.180541992188
38838,0.176635742188
38839,0.1826171875
38840,0.18359375
38841,0.190551757812
38842,0.190551757812
38843,0.205932617188
38844,0.20458984375
38845,0.211181640625
38846,0.211791992188
38847,0.208129882812
38848,0.208984375
38849,0.210205078125
38850,0.210083007812
38851,0.212280273438
38852,0.178955078125
38853,0.190673828125
38854,0.19189453125
38855,0.183715820312
38856,0.184936523438
38857,0.216186523438
38858,0.215087890625
38859,0.244995117188
38860,0.246704101562
38861,0.246459960938
38862,0.226440429688
38863,0.227416992188
38864,0.227783203125
38865,0.2333984375
38866,0.242553710938
38867,0.231811523438
38868,0.175048828125
38869,0.177612304688
38870,0.1806640625
38871,0.180297851562
38872,0.179443359375
38873,0.181640625
38874,0.165283203125
38875,0.168090820312
38876,0.19580078125
38877,0.19091796875
38878,0.193603515625
38879,0.196166992188
38880,0.181762695312
38881,0.182861328125
38882,0.184326171875
38883,0.2138671875
38884,0.16796875
38885,0.178344726562
38886,0.1923828125
38887,0.188110351562
38888,0.189331054688
38889,0.188354492188
38890,0.18701171875
38891,0.189575195312
38892,0.187744140625
38893,0.207763671875
38894,0.19287109375
38895,0.187866210938
38896,0.1875
38897,0.188598632812
38898,0.188232421875
38899,0.187744140625
38900,0.18603515625
38901,0.186645507812
38902,0.195556640625
38903,0.192749023438
38904,0.183837890625
38905,0.18408203125
38906,0.185546875
38907,0.1865234375
38908,0.189208984375
38909,0.188598632812
38910,0.184204101562
38911,0.182495117188
38912,0.178588867188
38913,0.222045898438
38914,0.234375
38915,0.234619140625
38916,0.17431640625
38917,0.178466796875
38918,0.187133789062
38919,0.184814453125
38920,0.187622070312
38921,0.187255859375
38922,0.1865234375
38923,0.18359375
38924,0.18505859375
38925,0.184326171875
38926,0.184448242188
38927,0.211547851562
38928,0.211059570312
38929,0.205810546875
38930,0.220092773438
38931,0.22119140625
38932,0.182006835938
38933,0.184936523438
38934,0.189697265625
38935,0.198852539062
38936,0.19775390625
38937,0.197631835938
38938,0.20068359375
38939,0.202026367188
38940,0.203491210938
38941,0.202880859375
38942,0.199829101562
38943,0.2001953125
38944,0.201171875
38945,0.200317382812
38946,0.212768554688
38947,0.250732421875
38948,0.183227539062
38949,0.188110351562
38950,0.189453125
38951,0.182861328125
38952,0.183959960938
38953,0.188354492188
38954,0.193115234375
38955,0.192749023438
38956,0.199340820312
38957,0.201293945312
38958,0.201538085938
38959,0.176879882812
38960,0.1796875
38961,0.178344726562
38962,0.180297851562
38963,0.182373046875
38964,0.175048828125
38965,0.178344726562
38966,0.176635742188
38967,0.176635742188
38968,0.1826171875
38969,0.188232421875
38970,0.218139648438
38971,0.22216796875
38972,0.22265625
38973,0.221313476562
38974,0.222290039062
38975,0.202758789062
38976,0.205322265625
38977,0.194091796875
38978,0.193115234375
38979,0.189086914062
38980,0.171142578125
38981,0.175170898438
38982,0.178344726562
38983,0.178955078125
38984,0.17822265625
38985,0.179809570312
38986,0.180908203125
38987,0.175170898438
38988,0.17919921875
38989,0.176147460938
38990,0.176391601562
38991,0.177490234375
38992,0.17919921875
38993,0.177978515625
38994,0.175415039062
38995,0.176147460938
38996,0.174438476562
38997,0.178466796875
38998,0.180419921875
38999,0.19140625
39000,0.193115234375
39001,0.193115234375
39002,0.193115234375
39003,0.192138671875
39004,0.198608398438
39005,0.1923828125
39006,0.194458007812
39007,0.23681640625
39008,0.2392578125
39009,0.180908203125
39010,0.238037109375
39011,0.241455078125
39012,0.227416992188
39013,0.229248046875
39014,0.229614257812
39015,0.226440429688
39016,0.227416992188
39017,0.229125976562
39018,0.228759765625
39019,0.18994140625
39020,0.18994140625
39021,0.189086914062
39022,0.184936523438
39023,0.180786132812
39024,0.184326171875
39025,0.1787109375
39026,0.1796875
39027,0.18017578125
39028,0.170532226562
39029,0.173461914062
39030,0.167114257812
39031,0.167236328125
39032,0.16748046875
39033,0.16650390625
39034,0.179077148438
39035,0.178466796875
39036,0.179931640625
39037,0.172973632812
39038,0.210205078125
39039,0.21435546875
39040,0.2041015625
39041,0.207397460938
39042,0.247924804688
39043,0.249877929688
39044,0.170776367188
39045,0.207885742188
39046,0.21044921875
39047,0.202514648438
39048,0.202270507812
39049,0.201293945312
39050,0.195922851562
39051,0.194213867188
39052,0.1875
39053,0.182983398438
39054,0.18310546875
39055,0.1865234375
39056,0.204345703125
39057,0.198120117188
39058,0.197509765625
39059,0.195678710938
39060,0.173583984375
39061,0.16259765625
39062,0.164306640625
39063,0.162353515625
39064,0.1640625
39065,0.170043945312
39066,0.166381835938
39067,0.16796875
39068,0.167236328125
39069,0.164672851562
39070,0.166870117188
39071,0.167114257812
39072,0.186279296875
39073,0.137451171875
39074,0.1376953125
39075,0.1396484375
39076,0.196411132812
39077,0.197021484375
39078,0.201049804688
39079,0.18798828125
39080,0.190185546875
39081,0.189575195312
39082,0.188354492188
39083,0.195190429688
39084,0.192260742188
39085,0.193481445312
39086,0.191162109375
39087,0.195068359375
39088,0.196411132812
39089,0.197021484375
39090,0.194702148438
39091,0.198608398438
39092,0.196655273438
39093,0.195190429688
39094,0.195190429688
39095,0.19482421875
39096,0.196655273438
39097,0.191284179688
39098,0.193481445312
39099,0.195434570312
39100,0.189575195312
39101,0.18798828125
39102,0.185668945312
39103,0.19482421875
39104,0.194458007812
39105,0.1943359375
39106,0.182861328125
39107,0.183837890625
39108,0.201416015625
39109,0.20361328125
39110,0.197021484375
39111,0.229370117188
39112,0.230224609375
39113,0.17138671875
39114,0.171508789062
39115,0.17138671875
39116,0.172485351562
39117,0.172119140625
39118,0.17822265625
39119,0.179077148438
39120,0.180786132812
39121,0.179565429688
39122,0.161865234375
39123,0.16748046875
39124,0.190551757812
39125,0.189819335938
39126,0.1904296875
39127,0.21630859375
39128,0.216674804688
39129,0.230834960938
39130,0.233032226562
39131,0.230712890625
39132,0.248901367188
39133,0.249389648438
39134,0.249267578125
39135,0.244873046875
39136,0.233032226562
39137,0.23388671875
39138,0.239501953125
39139,0.2294921875
39140,0.173828125
39141,0.174926757812
39142,0.172973632812
39143,0.171875
39144,0.172607421875
39145,0.17626953125
39146,0.175659179688
39147,0.177856445312
39148,0.17041015625
39149,0.17138671875
39150,0.13623046875
39151,0.13818359375
39152,0.136840820312
39154,0.138427734375
39155,0.15380859375
39156,0.152587890625
39157,0.165649414062
39158,0.166259765625
39159,0.1669921875
39160,0.167114257812
39161,0.166381835938
39162,0.166259765625
39163,0.16552734375
39164,0.167602539062
39165,0.167724609375
39166,0.161010742188
39167,0.160888671875
39168,0.159912109375
39169,0.171020507812
39170,0.172973632812
39171,0.169921875
39172,0.164794921875
39173,0.162475585938
39174,0.165405273438
39175,0.169067382812
39176,0.166625976562
39177,0.176147460938
39178,0.172973632812
39179,0.17138671875
39180,0.172485351562
39181,0.170654296875
39182,0.14013671875
39183,0.156982421875
39184,0.156982421875
39185,0.156982421875
39186,0.157470703125
39187,0.157592773438
39188,0.15380859375
39189,0.164184570312
39190,0.163452148438
39191,0.16259765625
39192,0.160278320312
39193,0.162841796875
39194,0.16357421875
39195,0.166870117188
39196,0.160766601562
39197,0.166748046875
39198,0.167724609375
39199,0.164916992188
39200,0.166870117188
39201,0.169555664062
39202,0.159790039062
39203,0.201293945312
39204,0.203247070312
39205,0.18017578125
39206,0.180541992188
39207,0.18115234375
39208,0.181396484375
39209,0.17919921875
39210,0.181030273438
39211,0.207885742188
39212,0.21435546875
39213,0.224487304688
39214,0.189697265625
39215,0.190185546875
39216,0.207763671875
39217,0.208129882812
39218,0.192626953125
39219,0.154174804688
39220,0.154541015625
39221,0.160888671875
39222,0.160400390625
39223,0.160522460938
39224,0.156616210938
39225,0.165405273438
39226,0.18017578125
39227,0.180419921875
39228,0.181762695312
39229,0.184204101562
39230,0.179809570312
39231,0.168212890625
39232,0.223388671875
39233,0.224609375
39234,0.223754882812
39235,0.190307617188
39236,0.190551757812
39237,0.179077148438
39238,0.181762695312
39239,0.181030273438
39240,0.182983398438
39241,0.184692382812
39242,0.184204101562
39243,0.182495117188
39244,0.181030273438
39245,0.181884765625
39246,0.193115234375
39247,0.190185546875
39248,0.18994140625
39249,0.21630859375
39250,0.208251953125
39251,0.210327148438
39252,0.190185546875
39253,0.177612304688
39254,0.179321289062
39255,0.17822265625
39256,0.1796875
39257,0.179321289062
39258,0.183227539062
39259,0.180053710938
39260,0.182739257812
39261,0.155883789062
39262,0.155639648438
39263,0.153076171875
39264,0.153686523438
39265,0.15283203125
39266,0.154663085938
39267,0.153564453125
39268,0.147583007812
39269,0.146362304688
39270,0.147827148438
39271,0.141479492188
39272,0.145141601562
39273,0.145874023438
39274,0.138916015625
39275,0.141235351562
39276,0.141235351562
39277,0.148071289062
39278,0.14599609375
39279,0.147216796875
39280,0.145385742188
39281,0.144165039062
39282,0.150390625
39283,0.1494140625
39284,0.144287109375
39285,0.183349609375
39286,0.185913085938
39287,0.185791015625
39288,0.18701171875
39289,0.185302734375
39290,0.186279296875
39291,0.185913085938
39292,0.186401367188
39293,0.182983398438
39294,0.183227539062
39295,0.184692382812
39296,0.20947265625
39297,0.2080078125
39298,0.208129882812
39299,0.209716796875
39300,0.208862304688
39301,0.17822265625
39302,0.181274414062
39303,0.180908203125
39304,0.170776367188
39305,0.171630859375
39306,0.189453125
39307,0.190307617188
39308,0.190063476562
39309,0.190307617188
39310,0.189331054688
39311,0.18994140625
39312,0.191040039062
39313,0.2119140625
39314,0.213623046875
39315,0.213745117188
39316,0.2109375
39317,0.180419921875
39318,0.184204101562
39319,0.1884765625
39320,0.187255859375
39321,0.18896484375
39322,0.183715820312
39323,0.182495117188
39324,0.18212890625
39325,0.183471679688
39326,0.180908203125
39327,0.17138671875
39328,0.179809570312
39329,0.180908203125
39330,0.163940429688
39331,0.165893554688
39332,0.166259765625
39333,0.180419921875
39334,0.183837890625
39335,0.183959960938
39336,0.180419921875
39337,0.181762695312
39338,0.176513671875
39339,0.1748046875
39340,0.171630859375
39341,0.17333984375
39342,0.170043945312
39343,0.202026367188
39344,0.201538085938
39345,0.200805664062
39346,0.203125
39347,0.197143554688
39348,0.207641601562
39349,0.17578125
39350,0.185180664062
39351,0.18359375
39352,0.188110351562
39353,0.188598632812
39354,0.1923828125
39355,0.192749023438
39356,0.19287109375
39357,0.198120117188
39358,0.193481445312
39359,0.1943359375
39360,0.16650390625
39361,0.166870117188
39362,0.167358398438
39363,0.169311523438
39364,0.1669921875
39365,0.178466796875
39366,0.178344726562
39367,0.17919921875
39368,0.189575195312
39369,0.177612304688
39370,0.179931640625
39371,0.175659179688
39372,0.180541992188
39373,0.181640625
39374,0.181030273438
39375,0.182983398438
39376,0.181030273438
39377,0.178833007812
39378,0.195922851562
39379,0.19482421875
39380,0.196411132812
39381,0.174926757812
39382,0.179321289062
39383,0.160278320312
39384,0.160400390625
39385,0.160888671875
39386,0.167724609375
39387,0.1708984375
39388,0.17626953125
39389,0.176879882812
39390,0.1767578125
39391,0.160400390625
39392,0.161254882812
39393,0.161499023438
39394,0.16455078125
39395,0.168823242188
39396,0.168701171875
39397,0.164184570312
39398,0.17431640625
39399,0.177734375
39400,0.17236328125
39401,0.174194335938
39402,0.178588867188
39403,0.181274414062
39404,0.220703125
39405,0.207397460938
39406,0.202392578125
39407,0.201293945312
39408,0.20703125
39409,0.20751953125
39410,0.2177734375
39411,0.218627929688
39412,0.226928710938
39413,0.167846679688
39414,0.1728515625
39415,0.170532226562
39416,0.169677734375
39417,0.172241210938
39418,0.173583984375
39419,0.174560546875
39420,0.174194335938
39421,0.173461914062
39422,0.18505859375
39423,0.187622070312
39424,0.189575195312
39425,0.188354492188
39426,0.18798828125
39427,0.194580078125
39428,0.195556640625
39429,0.144165039062
39430,0.146484375
39431,0.15478515625
39432,0.14990234375
39433,0.150390625
39434,0.14501953125
39435,0.146240234375
39436,0.146118164062
39437,0.171875
39438,0.224487304688
39439,0.223999023438
39440,0.227294921875
39441,0.192260742188
39442,0.192749023438
39443,0.192626953125
39444,0.199340820312
39445,0.154052734375
39446,0.155883789062
39447,0.15673828125
39448,0.145751953125
39449,0.146362304688
39450,0.126220703125
39451,0.125854492188
39452,0.128784179688
39453,0.129516601562
39454,0.127563476562
39455,0.128784179688
39456,0.132202148438
39457,0.131713867188
39458,0.134033203125
39459,0.133666992188
39460,0.168334960938
39461,0.147216796875
39462,0.155151367188
39463,0.152587890625
39464,0.157958984375
39465,0.159057617188
39466,0.158813476562
39467,0.163452148438
39468,0.17919921875
39469,0.196044921875
39470,0.178955078125
39471,0.1796875
39472,0.170776367188
39473,0.172241210938
39474,0.200927734375
39475,0.189697265625
39476,0.190551757812
39477,0.161499023438
39478,0.1640625
39479,0.167846679688
39480,0.161376953125
39481,0.182739257812
39482,0.183837890625
39483,0.182250976562
39484,0.182861328125
39485,0.176635742188
39486,0.17626953125
39487,0.192626953125
39488,0.173706054688
39489,0.166870117188
39490,0.167236328125
39491,0.160766601562
39492,0.18115234375
39493,0.150512695312
39494,0.178466796875
39495,0.179321289062
39496,0.157348632812
39497,0.159423828125
39498,0.161743164062
39499,0.158325195312
39500,0.15673828125
39501,0.157592773438
39502,0.151489257812
39503,0.153076171875
39504,0.15234375
39505,0.195434570312
39506,0.20654296875
39507,0.2080078125
39508,0.20849609375
39509,0.14013671875
39510,0.138305664062
39511,0.17578125
39512,0.178466796875
39513,0.18310546875
39514,0.18603515625
39515,0.186401367188
39516,0.178833007812
39517,0.17431640625
39518,0.174682617188
39519,0.17578125
39520,0.197631835938
39521,0.19384765625
39522,0.188598632812
39523,0.175415039062
39524,0.188598632812
39525,0.14892578125
39526,0.150146484375
39527,0.149291992188
39528,0.149047851562
39529,0.14599609375
39530,0.154052734375
39531,0.185180664062
39532,0.187255859375
39533,0.188354492188
39534,0.196166992188
39535,0.196166992188
39536,0.19677734375
39537,0.199951171875
39538,0.205932617188
39539,0.208374023438
39540,0.188110351562
39541,0.138549804688
39542,0.1396484375
39543,0.148315429688
39544,0.148559570312
39545,0.135375976562
39546,0.129150390625
39547,0.130615234375
39548,0.134399414062
39549,0.135375976562
39550,0.13232421875
39551,0.130981445312
39552,0.130737304688
39553,0.134033203125
39554,0.134033203125
39555,0.135498046875
39556,0.134887695312
39557,0.163696289062
39558,0.1533203125
39559,0.183959960938
39560,0.184814453125
39561,0.184692382812
39562,0.1845703125
39563,0.17236328125
39564,0.172973632812
39565,0.172241210938
39566,0.180297851562
39567,0.182495117188
39568,0.168823242188
39569,0.17626953125
39570,0.169067382812
39571,0.174072265625
39572,0.162353515625
39573,0.1328125
39574,0.134643554688
39575,0.144653320312
39576,0.1279296875
39577,0.127685546875
39578,0.151123046875
39579,0.1474609375
39580,0.1484375
39581,0.147094726562
39582,0.147705078125
39583,0.146240234375
39584,0.150634765625
39585,0.144287109375
39586,0.143432617188
39587,0.145385742188
39588,0.153442382812
39589,0.150268554688
39590,0.151123046875
39591,0.151000976562
39592,0.150146484375
39593,0.146240234375
39594,0.141845703125
39595,0.141845703125
39596,0.150756835938
39597,0.15087890625
39598,0.150024414062
39599,0.149780273438
39600,0.152709960938
39601,0.1455078125
39602,0.139892578125
39603,0.140502929688
39604,0.139038085938
39605,0.145141601562
39606,0.146728515625
39607,0.146484375
39608,0.146240234375
39609,0.145629882812
39610,0.146362304688
39611,0.14599609375
39612,0.165893554688
39613,0.194580078125
39614,0.194091796875
39615,0.194946289062
39616,0.195556640625
39617,0.193481445312
39618,0.195190429688
39619,0.190551757812
39620,0.192626953125
39621,0.148559570312
39622,0.1474609375
39623,0.1474609375
39624,0.147827148438
39625,0.147705078125
39626,0.148071289062
39627,0.189453125
39628,0.187866210938
39629,0.192504882812
39630,0.180053710938
39631,0.182495117188
39632,0.18896484375
39633,0.185546875
39634,0.1875
39635,0.163452148438
39636,0.161987304688
39637,0.154907226562
39638,0.153076171875
39639,0.154541015625
39640,0.154052734375
39641,0.154174804688
39642,0.13671875
39643,0.15869140625
39644,0.153442382812
39645,0.186401367188
39646,0.184936523438
39647,0.169799804688
39648,0.174194335938
39649,0.159790039062
39650,0.171630859375
39651,0.171997070312
39652,0.134155273438
39653,0.157348632812
39654,0.1708984375
39655,0.148681640625
39656,0.148193359375
39657,0.125366210938
39658,0.124389648438
39659,0.119018554688
39660,0.166748046875
39661,0.165649414062
39662,0.166625976562
39663,0.1669921875
39664,0.172607421875
39665,0.172485351562
39666,0.17431640625
39667,0.176635742188
39668,0.185424804688
39669,0.1328125
39670,0.135375976562
39671,0.136474609375
39672,0.135498046875
39673,0.134887695312
39674,0.135620117188
39675,0.132202148438
39676,0.129638671875
39677,0.13037109375
39678,0.129272460938
39679,0.134765625
39680,0.1357421875
39681,0.130249023438
39682,0.131103515625
39683,0.131469726562
39684,0.158203125
39685,0.139526367188
39686,0.150146484375
39687,0.150756835938
39688,0.169921875
39689,0.167602539062
39690,0.167724609375
39691,0.171997070312
39692,0.175415039062
39693,0.176513671875
39694,0.157836914062
39695,0.15625
39696,0.168334960938
39697,0.170288085938
39698,0.170288085938
39699,0.170654296875
39700,0.15380859375
39701,0.139282226562
39702,0.143188476562
39703,0.142822265625
39704,0.142822265625
39705,0.15185546875
39706,0.151245117188
39707,0.15234375
39708,0.151123046875
39709,0.153076171875
39710,0.149047851562
39711,0.149658203125
39712,0.141723632812
39713,0.13134765625
39714,0.130737304688
39715,0.131469726562
39716,0.13916015625
39717,0.127075195312
39718,0.139526367188
39719,0.138916015625
39720,0.14013671875
39721,0.138427734375
39722,0.13720703125
39723,0.136840820312
39724,0.137451171875
39725,0.138549804688
39726,0.135986328125
39727,0.141967773438
39728,0.140747070312
39729,0.1474609375
39730,0.148803710938
39731,0.143432617188
39732,0.143432617188
39733,0.127197265625
39734,0.1279296875
39735,0.129516601562
39736,0.127563476562
39737,0.139892578125
39738,0.14404296875
39739,0.141235351562
39740,0.141479492188
39741,0.140747070312
39742,0.13525390625
39743,0.134643554688
39744,0.138061523438
39745,0.143920898438
39746,0.138427734375
39747,0.140014648438
39748,0.1396484375
39749,0.124816894531
39750,0.130981445312
39751,0.13134765625
39752,0.132080078125
39753,0.1357421875
39754,0.136352539062
39755,0.13427734375
39756,0.1357421875
39757,0.141845703125
39758,0.143676757812
39759,0.146728515625
39760,0.147094726562
39761,0.117126464844
39762,0.164794921875
39763,0.164428710938
39764,0.162109375
39765,0.135009765625
39766,0.143798828125
39767,0.142700195312
39768,0.149169921875
39769,0.151245117188
39770,0.1435546875
39771,0.137451171875
39772,0.138061523438
39773,0.142333984375
39774,0.142700195312
39775,0.143798828125
39776,0.14208984375
39777,0.164672851562
39778,0.179931640625
39779,0.181396484375
39780,0.181396484375
39781,0.158569335938
39782,0.159057617188
39783,0.159301757812
39784,0.16748046875
39785,0.16748046875
39786,0.169677734375
39787,0.203002929688
39788,0.162475585938
39789,0.158447265625
39790,0.211547851562
39791,0.211791992188
39792,0.21142578125
39793,0.193115234375
39794,0.200439453125
39795,0.19970703125
39796,0.214477539062
39797,0.163208007812
39798,0.169189453125
39799,0.164794921875
39800,0.1650390625
39801,0.165161132812
39802,0.167358398438
39803,0.166870117188
39804,0.170166015625
39805,0.184814453125
39806,0.167724609375
39807,0.166870117188
39808,0.168212890625
39809,0.167114257812
39810,0.16845703125
39811,0.168823242188
39812,0.168090820312
39813,0.134399414062
39814,0.137817382812
39815,0.1396484375
39816,0.139404296875
39817,0.14013671875
39818,0.14013671875
39819,0.13916015625
39820,0.151000976562
39821,0.14208984375
39822,0.143188476562
39823,0.144287109375
39824,0.143798828125
39825,0.140502929688
39826,0.155029296875
39827,0.2080078125
39828,0.207885742188
39829,0.137817382812
39830,0.140747070312
39831,0.154174804688
39832,0.154174804688
39833,0.153930664062
39834,0.152221679688
39835,0.152587890625
39836,0.156372070312
39837,0.159057617188
39838,0.15771484375
39839,0.158813476562
39840,0.160034179688
39841,0.16015625
39842,0.16015625
39843,0.158203125
39844,0.159057617188
39845,0.145385742188
39846,0.147094726562
39847,0.150024414062
39848,0.146850585938
39849,0.137939453125
39850,0.137084960938
39851,0.138427734375
39852,0.138305664062
39853,0.138671875
39854,0.13671875
39855,0.138671875
39856,0.137084960938
39857,0.166259765625
39858,0.157958984375
39859,0.159057617188
39860,0.15966796875
39861,0.138427734375
39862,0.139038085938
39863,0.13720703125
39864,0.136596679688
39865,0.13720703125
39866,0.138305664062
39867,0.138793945312
39868,0.1416015625
39869,0.151245117188
39870,0.196533203125
39871,0.178466796875
39872,0.200561523438
39873,0.204956054688
39874,0.208374023438
39875,0.207641601562
39876,0.207763671875
39877,0.142700195312
39878,0.14892578125
39879,0.154052734375
39880,0.1875
39881,0.187133789062
76637,0.18115234375
76638,0.180297851562
76639,0.181518554688
76640,0.180908203125
76641,0.181274414062
76642,0.179443359375
76643,0.180419921875
76644,0.144653320312
76645,0.145751953125
76646,0.14453125
76647,0.150146484375
76648,0.1513671875
76649,0.151000976562
76650,0.200073242188
76651,0.198852539062
76652,0.188232421875
76653,0.201171875
76654,0.210571289062
76655,0.209716796875
76656,0.203125
76657,0.205200195312
76658,0.20263671875
76659,0.201416015625
76660,0.156616210938
76661,0.194580078125
76662,0.193481445312
76663,0.196899414062
76664,0.186279296875
76665,0.172119140625
76666,0.1708984375
76667,0.172241210938
76668,0.181030273438
76669,0.182250976562
76670,0.181884765625
76671,0.1826171875
76672,0.151489257812
76673,0.15185546875
76674,0.165283203125
76675,0.165283203125
76676,0.147827148438
76677,0.148559570312
76678,0.150024414062
76679,0.149169921875
76680,0.150512695312
76681,0.151245117188
76682,0.151245117188
76683,0.152465820312
76684,0.151000976562
76685,0.162963867188
76686,0.166015625
76687,0.157470703125
76688,0.150268554688
76689,0.147827148438
76690,0.14794921875
76691,0.147338867188
76692,0.145629882812
76693,0.145141601562
76694,0.147583007812
76695,0.146728515625
76696,0.146850585938
76697,0.146606445312
76698,0.143920898438
76699,0.144775390625
76700,0.144775390625
76701,0.143188476562
76702,0.143676757812
76703,0.14208984375
76704,0.188232421875
76705,0.186889648438
76706,0.18896484375
76707,0.188232421875
76708,0.145263671875
76709,0.145629882812
76710,0.143432617188
76711,0.145141601562
76712,0.144897460938
76713,0.140258789062
76714,0.139770507812
76715,0.140502929688
76716,0.1396484375
76717,0.141479492188
76718,0.142578125
76719,0.143188476562
76720,0.142944335938
76721,0.1416015625
76722,0.1708984375
76723,0.17138671875
76724,0.143432617188
76725,0.177612304688
76726,0.177368164062
76727,0.173583984375
76728,0.17529296875
76729,0.177490234375
76730,0.159301757812
76731,0.158447265625
76732,0.153564453125
76733,0.153076171875
76734,0.1533203125
76735,0.154907226562
76736,0.1494140625
76738,0.1494140625
76739,0.143798828125
76740,0.14501953125
76741,0.143798828125
76742,0.14501953125
76743,0.155517578125
76744,0.15380859375
76745,0.155395507812
76746,0.15673828125
76747,0.15673828125
76748,0.159301757812
76749,0.158203125
76750,0.144775390625
76751,0.142211914062
76752,0.137329101562
76753,0.138061523438
76754,0.138427734375
76755,0.139892578125
76756,0.141479492188
76757,0.147094726562
76758,0.169799804688
76759,0.167602539062
76760,0.189819335938
76761,0.187133789062
76762,0.187133789062
76763,0.174682617188
76764,0.173828125
76765,0.137451171875
76766,0.139892578125
76767,0.138671875
76768,0.131469726562
76769,0.129760742188
76770,0.131469726562
76771,0.131958007812
76772,0.1455078125
76773,0.148803710938
76774,0.147705078125
76775,0.146850585938
76776,0.152221679688
76777,0.15185546875
76778,0.155395507812
76779,0.149291992188
76780,0.14892578125
76781,0.149169921875
76782,0.15087890625
76783,0.147338867188
76784,0.110046386719
76785,0.137084960938
76786,0.135986328125
76787,0.136840820312
76788,0.135620117188
76789,0.146240234375
76790,0.146606445312
76791,0.144897460938
76792,0.143798828125
76793,0.1455078125
76794,0.146118164062
76795,0.144287109375
76796,0.129272460938
76797,0.115539550781
76798,0.115295410156
76799,0.117248535156
76800,0.11767578125
76801,0.116821289062
76802,0.1162109375
76803,0.117309570312
76804,0.115539550781
76805,0.162841796875
76806,0.163208007812
76807,0.163452148438
76808,0.162841796875
76809,0.162475585938
76810,0.161987304688
76811,0.159545898438
76812,0.15869140625
76813,0.1591796875
76814,0.161010742188
76815,0.15234375
76816,0.150024414062
76817,0.151000976562
76818,0.153076171875
76819,0.153076171875
76820,0.197265625
76821,0.166137695312
76822,0.167358398438
76823,0.166748046875
76824,0.166137695312
76825,0.165405273438
76826,0.164428710938
76827,0.165283203125
76828,0.19677734375
76829,0.196044921875
76830,0.19482421875
76831,0.195922851562
76832,0.193603515625
76833,0.188110351562
76834,0.189453125
76835,0.1884765625
76836,0.214233398438
76837,0.162353515625
76838,0.163208007812
76839,0.16552734375
76840,0.165893554688
76841,0.2021484375
76842,0.201782226562
76843,0.19677734375
76844,0.198852539062
76845,0.200561523438
76846,0.201293945312
76847,0.199584960938
76848,0.198364257812
76849,0.21630859375
76850,0.218017578125
76851,0.22607421875
76852,0.225708007812
76853,0.170288085938
76854,0.179931640625
76855,0.1787109375
76856,0.1787109375
76857,0.173706054688
76858,0.174926757812
76859,0.171142578125
76860,0.207397460938
76861,0.20751953125
76862,0.209838867188
76863,0.203857421875
76864,0.2041015625
76865,0.202514648438
76866,0.202758789062
76867,0.20068359375
76868,0.196533203125
76869,0.173095703125
76870,0.172729492188
76871,0.171142578125
76872,0.180297851562
76873,0.164916992188
76874,0.165161132812
76875,0.1669921875
76876,0.168334960938
76877,0.16748046875
76878,0.206665039062
76879,0.20068359375
76880,0.204833984375
76881,0.205200195312
76882,0.2041015625
76883,0.203002929688
76884,0.203247070312
76885,0.168701171875
76886,0.213623046875
76887,0.2109375
76888,0.207275390625
76889,0.206176757812
76890,0.205078125
76891,0.20361328125
76892,0.209594726562
76893,0.235595703125
76894,0.235473632812
76895,0.218994140625
76896,0.220703125
76897,0.221435546875
76898,0.221557617188
76899,0.205810546875
76900,0.205322265625
76901,0.165283203125
76902,0.165283203125
76903,0.164672851562
76904,0.16455078125
76905,0.164306640625
76906,0.164794921875
76907,0.16357421875
76908,0.192504882812
76909,0.191284179688
76910,0.192504882812
76911,0.1904296875
76912,0.204467773438
76913,0.204956054688
76914,0.205078125
76915,0.2060546875
76916,0.207153320312
76917,0.156982421875
76918,0.194702148438
76919,0.194702148438
76920,0.193969726562
76921,0.192993164062
76922,0.19287109375
76923,0.193359375
76924,0.193359375
76925,0.177368164062
76926,0.177001953125
76927,0.17626953125
76928,0.176025390625
76929,0.178833007812
76930,0.177978515625
76931,0.176513671875
76932,0.146728515625
76933,0.161865234375
76934,0.163696289062
76935,0.161987304688
76936,0.16162109375
76937,0.160888671875
76938,0.159301757812
76939,0.162963867188
76940,0.16259765625
76941,0.161254882812
76942,0.159423828125
76943,0.1591796875
76944,0.161254882812
76945,0.159912109375
76946,0.152709960938
76947,0.151733398438
76948,0.19384765625
76949,0.165405273438
76950,0.164184570312
76951,0.163696289062
76952,0.201171875
76953,0.185791015625
76954,0.187377929688
76955,0.20703125
76956,0.207641601562
76957,0.208740234375
76958,0.208374023438
76959,0.207885742188
76960,0.207885742188
76961,0.2060546875
76962,0.205200195312
76963,0.199096679688
76964,0.175659179688
76965,0.178466796875
76966,0.208984375
76967,0.183837890625
76968,0.18310546875
76969,0.18310546875
76970,0.183349609375
76971,0.184204101562
76972,0.18212890625
76973,0.169921875
76974,0.170166015625
76975,0.168212890625
76976,0.163818359375
76977,0.163696289062
76978,0.165161132812
76979,0.167602539062
76980,0.190795898438
76981,0.174926757812
76982,0.186645507812
76983,0.1875
76984,0.18603515625
76985,0.185668945312
76986,0.186157226562
76987,0.18701171875
76988,0.185302734375
76989,0.184448242188
76990,0.18505859375
76991,0.185913085938
76992,0.18701171875
76993,0.186279296875
76994,0.186767578125
76995,0.186157226562
76996,0.185913085938
76997,0.195922851562
76998,0.224365234375
76999,0.22265625
77000,0.223999023438
77001,0.222534179688
77002,0.224365234375
77003,0.2158203125
77004,0.217163085938
77005,0.217529296875
77006,0.28076171875
77007,0.281494140625
77008,0.281005859375
77009,0.2802734375
77010,0.27783203125
77011,0.27734375
77012,0.2763671875
77013,0.179077148438
77014,0.180541992188
77015,0.179565429688
77016,0.22216796875
77017,0.222045898438
77018,0.222412109375
77019,0.222412109375
77020,0.2216796875
77021,0.20751953125
77022,0.206909179688
77023,0.2041015625
77024,0.202270507812
77025,0.201049804688
77026,0.2021484375
77027,0.208740234375
77028,0.211791992188
77029,0.183837890625
77030,0.186401367188
77031,0.213989257812
77032,0.215209960938
77033,0.2158203125
77034,0.2158203125
77035,0.233032226562
77036,0.243408203125
77037,0.244873046875
77038,0.246459960938
77039,0.246826171875
77040,0.245361328125
77041,0.245361328125
77042,0.201171875
77043,0.199462890625
77044,0.186157226562
77045,0.197143554688
77046,0.18896484375
77047,0.18896484375
77048,0.231079101562
77049,0.205200195312
77050,0.204711914062
77051,0.201538085938
77052,0.19384765625
77053,0.196044921875
77054,0.205932617188
77055,0.205932617188
77056,0.207641601562
77057,0.208984375
77058,0.21826171875
77059,0.218627929688
77060,0.214965820312
77061,0.184204101562
77062,0.182495117188
77063,0.223022460938
77064,0.223876953125
77065,0.222534179688
77066,0.253662109375
77067,0.25439453125
77068,0.2587890625
77069,0.25927734375
77070,0.25634765625
77071,0.26904296875
77072,0.274169921875
77073,0.267578125
77074,0.27001953125
77075,0.26953125
77076,0.249633789062
77077,0.18359375
77078,0.184326171875
77079,0.185424804688
77080,0.184692382812
77081,0.181884765625
77082,0.189086914062
77083,0.193359375
77084,0.194213867188
77085,0.195190429688
77086,0.1962890625
77087,0.190185546875
77088,0.191040039062
77089,0.181030273438
77090,0.238891601562
77091,0.233032226562
77092,0.235229492188
77093,0.178588867188
77094,0.176635742188
77095,0.184326171875
77096,0.182861328125
77097,0.187866210938
77098,0.187744140625
77099,0.188110351562
77100,0.181396484375
77101,0.185913085938
77102,0.185546875
77103,0.186157226562
77104,0.149658203125
77105,0.14990234375
77106,0.148803710938
77107,0.161987304688
77108,0.1728515625
77109,0.177124023438
77110,0.176635742188
77111,0.175048828125
77112,0.196166992188
77113,0.197387695312
77114,0.197998046875
77115,0.196166992188
77116,0.195434570312
77117,0.196655273438
77118,0.193237304688
77119,0.14990234375
77120,0.152465820312
77121,0.150146484375
77122,0.150634765625
77123,0.146362304688
77124,0.146728515625
77125,0.186645507812
77126,0.179565429688
77127,0.1298828125
77128,0.131103515625
77129,0.130249023438
77130,0.133666992188
77131,0.133422851562
77132,0.135498046875
77133,0.132690429688
77134,0.144409179688
77135,0.138916015625
77136,0.1376953125
77137,0.136474609375
77138,0.138793945312
77139,0.142578125
77140,0.13525390625
77141,0.169067382812
77142,0.169189453125
77143,0.1728515625
77144,0.171142578125
77145,0.171142578125
77146,0.168334960938
77147,0.168090820312
77148,0.168579101562
77149,0.168090820312
77150,0.204956054688
77151,0.208129882812
77152,0.20703125
77153,0.208984375
77154,0.209350585938
77155,0.208984375
77156,0.215576171875
77157,0.171630859375
77158,0.171264648438
77159,0.170166015625
77160,0.172729492188
77161,0.170288085938
77162,0.168823242188
77163,0.172119140625
77164,0.172973632812
77165,0.172729492188
77166,0.1748046875
77167,0.200927734375
77168,0.194458007812
77169,0.196899414062
77170,0.19921875
77171,0.19970703125
77172,0.199462890625
77173,0.172241210938
77174,0.171630859375
77175,0.171142578125
77176,0.210815429688
77177,0.209106445312
77178,0.212036132812
77179,0.244140625
77180,0.242431640625
77181,0.235229492188
77182,0.233764648438
77183,0.219482421875
77184,0.221557617188
77185,0.220092773438
77186,0.218139648438
77187,0.219970703125
77188,0.220458984375
77189,0.17431640625
77190,0.201293945312
77191,0.199951171875
77192,0.198364257812
77193,0.196044921875
77194,0.209716796875
77195,0.211547851562
77196,0.213500976562
77197,0.22021484375
77198,0.21923828125
77199,0.218505859375
77200,0.211059570312
77201,0.217895507812
77202,0.21630859375
77203,0.215209960938
77204,0.213500976562
77205,0.178588867188
77206,0.17822265625
77207,0.177978515625
77208,0.178588867188
77209,0.180541992188
77210,0.177124023438
77211,0.176879882812
77212,0.184936523438
77213,0.181030273438
77214,0.162353515625
77215,0.163452148438
77216,0.161376953125
77217,0.170288085938
77218,0.172119140625
77219,0.172119140625
77220,0.163940429688
77221,0.177734375
77222,0.177734375
77223,0.176025390625
77224,0.1650390625
77225,0.162475585938
77226,0.163330078125
77227,0.161254882812
77228,0.16015625
77229,0.170288085938
77230,0.170288085938
77231,0.169677734375
77232,0.174682617188
77233,0.175537109375
77234,0.169799804688
77235,0.170166015625
77236,0.171142578125
77237,0.203002929688
77238,0.202514648438
77239,0.200805664062
77240,0.199340820312
77241,0.206665039062
77242,0.207885742188
77243,0.206787109375
77244,0.205810546875
77245,0.207885742188
77246,0.207397460938
77247,0.207397460938
77248,0.207763671875
77249,0.207397460938
77250,0.20849609375
77251,0.19677734375
77252,0.200561523438
77253,0.175903320312
77254,0.178344726562
77255,0.178955078125
77256,0.178833007812
77257,0.179077148438
77258,0.179809570312
77259,0.178344726562
77260,0.1796875
77261,0.178588867188
77262,0.175903320312
77263,0.177368164062
77264,0.181030273438
77265,0.1796875
77266,0.179931640625
77267,0.17236328125
77268,0.171752929688
77269,0.180786132812
77270,0.180053710938
77271,0.179809570312
77272,0.1796875
77273,0.177856445312
77274,0.177124023438
77275,0.178833007812
77276,0.177978515625
77277,0.179443359375
77278,0.176513671875
77279,0.176391601562
77280,0.178466796875
77281,0.214599609375
77282,0.2158203125
77283,0.214965820312
77284,0.2138671875
77285,0.167358398438
77286,0.17138671875
77287,0.199096679688
77288,0.199096679688
77289,0.19677734375
77290,0.197143554688
77291,0.19580078125
77292,0.196899414062
77293,0.208618164062
77294,0.2099609375
77295,0.209594726562
77296,0.208984375
77297,0.210693359375
77298,0.210083007812
77299,0.2099609375
77300,0.210205078125
77301,0.170654296875
77302,0.170532226562
77303,0.171630859375
77304,0.169921875
77305,0.170532226562
77306,0.166259765625
77307,0.198364257812
77308,0.19970703125
77309,0.200561523438
77310,0.20166015625
77311,0.196044921875
77312,0.195190429688
77313,0.1962890625
77314,0.193359375
77315,0.193725585938
77316,0.194213867188
77317,0.192626953125
77318,0.192626953125
77319,0.192626953125
77320,0.190673828125
77321,0.189819335938
77322,0.189086914062
77323,0.18798828125
77324,0.202880859375
77325,0.208618164062
77326,0.201782226562
77327,0.204345703125
77328,0.202514648438
77329,0.202880859375
77330,0.196044921875
77331,0.196166992188
77332,0.209716796875
77333,0.197875976562
77334,0.197509765625
77335,0.19580078125
77336,0.189208984375
77337,0.189208984375
77338,0.190551757812
77339,0.188232421875
77340,0.19384765625
77341,0.169555664062
77342,0.168334960938
77343,0.16845703125
77344,0.168823242188
77345,0.174194335938
77346,0.176391601562
77347,0.176391601562
77348,0.17626953125
77349,0.170288085938
77350,0.171020507812
77351,0.170166015625
77352,0.178955078125
77353,0.178344726562
77354,0.178466796875
77355,0.177490234375
77356,0.173461914062
77357,0.181518554688
77358,0.181518554688
77359,0.175415039062
77360,0.17822265625
77361,0.197631835938
77362,0.195556640625
77363,0.191284179688
77364,0.191162109375
77365,0.167358398438
77366,0.16845703125
77367,0.16796875
77368,0.172241210938
77369,0.170166015625
77370,0.167846679688
77371,0.16796875
77372,0.168212890625
77373,0.162231445312
77374,0.1630859375
77375,0.1630859375
77376,0.19091796875
77377,0.185302734375
77378,0.18701171875
77379,0.186401367188
77380,0.184936523438
77381,0.17041015625
77382,0.169799804688
77383,0.168701171875
77384,0.167846679688
77385,0.168823242188
77386,0.168823242188
77387,0.174194335938
77388,0.173950195312
77389,0.175415039062
77390,0.176147460938
77391,0.17529296875
77392,0.175537109375
77393,0.17529296875
77394,0.183227539062
77395,0.181518554688
77396,0.242797851562
77397,0.18359375
77398,0.184448242188
77399,0.182739257812
77400,0.182983398438
77401,0.182861328125
77402,0.181518554688
77403,0.181274414062
77404,0.180541992188
77405,0.182250976562
77406,0.181640625
77407,0.174682617188
77408,0.174682617188
77409,0.174438476562
77410,0.1767578125
77411,0.177612304688
77412,0.176147460938
77413,0.183959960938
77414,0.184448242188
77415,0.195434570312
77416,0.192749023438
77417,0.194213867188
77418,0.218872070312
77419,0.217895507812
77420,0.217041015625
77421,0.217895507812
77422,0.19677734375
77423,0.19775390625
77424,0.199096679688
77425,0.2255859375
77426,0.22607421875
77427,0.225708007812
77428,0.22314453125
77429,0.1826171875
77430,0.18115234375
77431,0.1796875
77432,0.180541992188
77433,0.17822265625
77434,0.177490234375
77435,0.181030273438
77436,0.181274414062
77437,0.182861328125
77438,0.181274414062
77439,0.18212890625
77440,0.182006835938
77441,0.181518554688
77442,0.1826171875
77443,0.181518554688
77444,0.1806640625
77445,0.187133789062
77446,0.1865234375
77447,0.188110351562
77448,0.184936523438
77449,0.181884765625
77450,0.21923828125
77451,0.2197265625
77452,0.240356445312
77453,0.240844726562
77454,0.239013671875
77455,0.23974609375
77456,0.254638671875
77457,0.252685546875
77458,0.240966796875
77459,0.227416992188
77460,0.22900390625
77461,0.175415039062
77462,0.17333984375
77463,0.1708984375
77464,0.170654296875
77465,0.172485351562
77466,0.173828125
77467,0.201538085938
77468,0.221557617188
77469,0.2216796875
77470,0.22265625
77471,0.211669921875
77472,0.209350585938
77473,0.2119140625
77474,0.184448242188
77475,0.186279296875
77476,0.186767578125
77477,0.1728515625
77478,0.17333984375
77479,0.171997070312
77480,0.172241210938
77481,0.17138671875
77482,0.169799804688
77483,0.171997070312
77484,0.17529296875
77485,0.17578125
77486,0.176635742188
77487,0.186645507812
77488,0.173095703125
77489,0.171020507812
77490,0.176147460938
77491,0.177124023438
77492,0.180297851562
77493,0.17578125
77494,0.175903320312
77495,0.173095703125
77496,0.173583984375
77497,0.181762695312
77498,0.212524414062
77499,0.2109375
77500,0.213989257812
77501,0.212524414062
77502,0.21337890625
77503,0.211791992188
77504,0.212524414062
77505,0.2119140625
77506,0.209838867188
77507,0.217651367188
77508,0.246826171875
77509,0.1787109375
77510,0.17578125
77511,0.17578125
77512,0.183837890625
77513,0.182983398438
77514,0.184326171875
77515,0.182861328125
77516,0.181396484375
77517,0.181274414062
77518,0.18115234375
77519,0.204223632812
77521,0.214965820312
77522,0.157592773438
77523,0.15576171875
77524,0.157470703125
77525,0.157104492188
77526,0.181884765625
77527,0.17919921875
77528,0.206420898438
77529,0.206176757812
77530,0.220092773438
77531,0.219970703125
77532,0.216430664062
77533,0.217041015625
77534,0.2138671875
77535,0.212646484375
77536,0.212890625
77537,0.214111328125
77538,0.217895507812
77539,0.216674804688
77540,0.21728515625
77541,0.218017578125
77542,0.180053710938
77543,0.18896484375
77544,0.188110351562
77545,0.187622070312
77546,0.216918945312
77547,0.216796875
77548,0.24462890625
77549,0.235717773438
77550,0.235961914062
77551,0.235107421875
77552,0.237915039062
77553,0.237548828125
77554,0.2373046875
77555,0.2392578125
77556,0.239013671875
77557,0.2373046875
77558,0.17919921875
77559,0.178588867188
77560,0.177612304688
77561,0.181030273438
77562,0.177612304688
77563,0.175903320312
77564,0.175659179688
77565,0.175903320312
77566,0.22119140625
77567,0.220947265625
77568,0.221801757812
77569,0.218383789062
77570,0.205322265625
77571,0.204833984375
77572,0.23779296875
77573,0.237548828125
77574,0.19140625
77575,0.18994140625
77576,0.19140625
77577,0.188842773438
77578,0.190307617188
77579,0.18603515625
77580,0.19091796875
77581,0.192016601562
77582,0.192260742188
77583,0.192626953125
77584,0.192993164062
77585,0.192260742188
77586,0.192993164062
77587,0.180908203125
77588,0.180297851562
77589,0.1875
77590,0.204467773438
77591,0.19970703125
77592,0.197998046875
77593,0.198974609375
77594,0.20361328125
77595,0.201782226562
77596,0.206665039062
77597,0.193481445312
77598,0.194091796875
77599,0.193237304688
77600,0.200073242188
77601,0.198974609375
77602,0.197998046875
77603,0.197509765625
77604,0.2275390625
77605,0.255615234375
77606,0.211181640625
77607,0.208862304688
77608,0.208251953125
77609,0.207275390625
77610,0.20751953125
77611,0.205810546875
77612,0.207763671875
77613,0.206665039062
77614,0.236572265625
77615,0.235961914062
77616,0.234985351562
77617,0.236083984375
77618,0.233276367188
77619,0.233276367188
77620,0.234375
77621,0.234619140625
77622,0.209350585938
77623,0.24755859375
77624,0.24609375
77625,0.24560546875
77626,0.244750976562
77627,0.243774414062
77628,0.245727539062
77629,0.245971679688
77630,0.245361328125
77631,0.260498046875
77632,0.2568359375
77633,0.256591796875
77634,0.2548828125
77635,0.25244140625
77636,0.248779296875
77637,0.2236328125
77638,0.25634765625
77639,0.239624023438
77640,0.240844726562
77641,0.24267578125
77642,0.2412109375
77643,0.241455078125
77644,0.201049804688
77645,0.20068359375
77646,0.199829101562
77647,0.19384765625
77648,0.1943359375
77649,0.192626953125
77650,0.192504882812
77651,0.192993164062
77652,0.191162109375
77653,0.265625
77654,0.208129882812
77655,0.212890625
77656,0.2119140625
77657,0.212890625
77658,0.213745117188
77659,0.213623046875
77660,0.214233398438
77661,0.213012695312
77662,0.212158203125
77663,0.240844726562
77664,0.24072265625
77665,0.235229492188
77666,0.236083984375
77667,0.236083984375
77668,0.234130859375
77669,0.23779296875
77670,0.203491210938
77671,0.202392578125
77672,0.203857421875
77673,0.197143554688
77674,0.197021484375
77675,0.199340820312
77676,0.199096679688
77677,0.203247070312
77678,0.19921875
77679,0.18798828125
77680,0.18701171875
77681,0.188842773438
77682,0.2197265625
77683,0.219360351562
77684,0.214965820312
77685,0.2158203125
77686,0.210205078125
77687,0.211669921875
77688,0.211059570312
77689,0.211059570312
77690,0.200073242188
77691,0.187255859375
77692,0.186157226562
77693,0.185791015625
77694,0.184936523438
77695,0.21826171875
77696,0.217529296875
77697,0.216674804688
77698,0.218139648438
77699,0.217895507812
77700,0.218139648438
77701,0.20703125
77702,0.185668945312
77703,0.18505859375
77704,0.187866210938
77705,0.188354492188
77706,0.216796875
77707,0.210693359375
77708,0.212280273438
77709,0.2109375
77710,0.209350585938
77711,0.210205078125
77712,0.212768554688
77713,0.213500976562
77714,0.20849609375
77715,0.208740234375
77716,0.20947265625
77717,0.209594726562
77718,0.200439453125
77719,0.203369140625
77720,0.2021484375
77721,0.1982421875
77722,0.198120117188
77723,0.195922851562
77724,0.195678710938
77725,0.231811523438
77726,0.231201171875
77727,0.232666015625
77728,0.233276367188
77729,0.23291015625
77730,0.232177734375
77731,0.232543945312
77732,0.231689453125
77733,0.231689453125
77734,0.186645507812
77735,0.191772460938
77736,0.189086914062
77737,0.19189453125
77738,0.184692382812
77739,0.183837890625
77740,0.224853515625
77741,0.222045898438
77742,0.222534179688
77743,0.2236328125
77744,0.224365234375
77745,0.2177734375
77746,0.218505859375
77747,0.218627929688
77748,0.219482421875
77749,0.222290039062
77750,0.178833007812
77751,0.17919921875
77752,0.187133789062
77753,0.192260742188
77754,0.19189453125
77755,0.190063476562
77756,0.178466796875
77757,0.187622070312
77758,0.178100585938
77759,0.180419921875
77760,0.177978515625
77761,0.188110351562
77762,0.184448242188
77763,0.185546875
77764,0.1669921875
77765,0.1689453125
77766,0.173950195312
77767,0.173095703125
77768,0.172485351562
77769,0.173095703125
77770,0.173706054688
77771,0.150512695312
77772,0.147827148438
77773,0.152465820312
77774,0.154663085938
77775,0.154174804688
77776,0.154663085938
77777,0.15087890625
77778,0.149291992188
77779,0.150634765625
77780,0.149780273438
77781,0.151245117188
77782,0.178833007812
77783,0.177856445312
77784,0.187133789062
77785,0.228515625
77786,0.225830078125
77787,0.2158203125
77788,0.2158203125
77789,0.216186523438
77790,0.217651367188
77791,0.216064453125
77792,0.219116210938
77793,0.218139648438
77794,0.209838867188
77795,0.212646484375
77796,0.216064453125
77797,0.221069335938
77798,0.19873046875
77799,0.203125
77800,0.202392578125
77801,0.202026367188
77802,0.201049804688
77803,0.19921875
77804,0.222412109375
77805,0.240600585938
77806,0.235961914062
77807,0.235473632812
77808,0.237670898438
77809,0.244750976562
77810,0.24365234375
77811,0.244140625
77812,0.2431640625
77813,0.242797851562
77814,0.211547851562
77815,0.210815429688
77816,0.24755859375
77817,0.249389648438
77818,0.24560546875
77819,0.244384765625
77820,0.245483398438
77821,0.2412109375
77822,0.270263671875
77823,0.26708984375
77824,0.2763671875
77825,0.27685546875
77826,0.27685546875
77827,0.2626953125
77828,0.26318359375
77829,0.263427734375
77830,0.174438476562
77831,0.171508789062
77832,0.172973632812
77833,0.172119140625
77834,0.171020507812
77835,0.170166015625
77836,0.170776367188
77837,0.171264648438
77838,0.1669921875
77839,0.168212890625
77840,0.173950195312
77841,0.172485351562
77842,0.173095703125
77843,0.18701171875
77844,0.211669921875
77845,0.202270507812
77846,0.175048828125
77847,0.176513671875
77848,0.175659179688
77849,0.173950195312
77850,0.1748046875
77851,0.201293945312
77852,0.199584960938
77853,0.198974609375
77854,0.200927734375
77855,0.201293945312
77856,0.198486328125
77857,0.201782226562
77858,0.201782226562
77859,0.221313476562
77860,0.200073242188
77861,0.199951171875
77862,0.174682617188
77863,0.172607421875
77864,0.172607421875
77865,0.172607421875
77866,0.181884765625
77867,0.178100585938
77868,0.178344726562
77869,0.169555664062
77870,0.16796875
77871,0.173461914062
77872,0.179321289062
77873,0.180419921875
77874,0.177490234375
77875,0.18896484375
77876,0.190185546875
77877,0.18798828125
77878,0.181762695312
77879,0.181884765625
77880,0.181884765625
77881,0.173828125
77882,0.182373046875
77883,0.183471679688
77884,0.18115234375
77885,0.182006835938
77886,0.180297851562
77887,0.181396484375
77888,0.186889648438
77889,0.176025390625
77890,0.17431640625
77891,0.182739257812
77892,0.186889648438
77893,0.189453125
77894,0.173217773438
77895,0.162109375
77896,0.151611328125
77897,0.151000976562
77898,0.168090820312
77899,0.168334960938
77900,0.168334960938
77901,0.170166015625
77902,0.167724609375
77903,0.196655273438
77904,0.199096679688
77905,0.2001953125
77906,0.201538085938
77907,0.18408203125
77908,0.19873046875
77909,0.2021484375
77910,0.189331054688
77911,0.189697265625
77912,0.189086914062
77913,0.18896484375
77914,0.192504882812
77915,0.192138671875
77916,0.169921875
77917,0.168823242188
77918,0.168823242188
77919,0.16845703125
77920,0.167724609375
77921,0.169799804688
77922,0.16845703125
77923,0.187866210938
77924,0.187255859375
77925,0.187866210938
77926,0.192749023438
77927,0.195678710938
77928,0.195922851562
77929,0.195922851562
77930,0.190795898438
77931,0.189819335938
77932,0.190185546875
77933,0.186157226562
77934,0.187744140625
77935,0.187866210938
77936,0.186889648438
77937,0.18701171875
77938,0.186279296875
77939,0.190673828125
77940,0.190673828125
77941,0.190795898438
77942,0.184936523438
77943,0.18408203125
77944,0.18408203125
77945,0.204467773438
77946,0.20361328125
77947,0.191528320312
77948,0.190795898438
77949,0.192016601562
77950,0.1865234375
77951,0.187255859375
77952,0.187377929688
77953,0.18701171875
77954,0.197143554688
77955,0.197143554688
77956,0.184936523438
77957,0.175170898438
77958,0.183227539062
77959,0.186401367188
77960,0.182983398438
77961,0.173583984375
77962,0.173828125
77963,0.169067382812
77964,0.168090820312
77965,0.168334960938
77966,0.169555664062
77967,0.169555664062
77968,0.169555664062
77969,0.174072265625
77970,0.171875
77971,0.171875
77972,0.171264648438
77973,0.199096679688
77974,0.186767578125
77975,0.185913085938
77976,0.194213867188
77977,0.20751953125
77978,0.210205078125
77979,0.21044921875
77980,0.196166992188
77981,0.195190429688
77982,0.193237304688
77983,0.191284179688
77984,0.192749023438
77985,0.193603515625
77986,0.193969726562
77987,0.197021484375
77988,0.194580078125
77989,0.195434570312
77990,0.19970703125
77991,0.2001953125
77992,0.199829101562
77993,0.199340820312
77994,0.198486328125
77995,0.199829101562
77996,0.198852539062
77997,0.196655273438
77998,0.205444335938
77999,0.205810546875
78000,0.208129882812
78001,0.20947265625
78002,0.208129882812
78003,0.21923828125
78004,0.217895507812
78005,0.242797851562
78006,0.198974609375
78007,0.236694335938
78008,0.236572265625
78009,0.221923828125
78010,0.220947265625
78011,0.213500976562
78012,0.21728515625
78013,0.2177734375
78014,0.217407226562
78015,0.217895507812
78016,0.185668945312
78017,0.186401367188
78018,0.195190429688
78019,0.194213867188
78020,0.193603515625
78021,0.184326171875
78022,0.208251953125
78023,0.205810546875
78024,0.20849609375
78025,0.204223632812
78026,0.199462890625
78027,0.1708984375
78028,0.180786132812
78029,0.18017578125
78030,0.181396484375
78031,0.168823242188
78032,0.173828125
78033,0.176879882812
78034,0.179077148438
78035,0.193481445312
78036,0.192993164062
78037,0.194213867188
78038,0.204711914062
78039,0.205078125
78040,0.205200195312
78041,0.204956054688
78042,0.203857421875
78043,0.203857421875
78044,0.20947265625
78045,0.210327148438
78046,0.2041015625
78047,0.212036132812
78048,0.2255859375
78049,0.224731445312
78050,0.221923828125
78051,0.221923828125
78052,0.2197265625
78053,0.221069335938
78054,0.210205078125
78055,0.205078125
78056,0.205444335938
78057,0.206176757812
78058,0.202758789062
78059,0.202026367188
78060,0.2021484375
78061,0.241088867188
78062,0.2412109375
78063,0.241455078125
78064,0.241943359375
78065,0.242797851562
78066,0.240478515625
78067,0.24072265625
78068,0.262939453125
78069,0.257568359375
78070,0.206176757812
78071,0.205078125
78072,0.203125
78073,0.204833984375
78074,0.197631835938
78075,0.197387695312
78076,0.19482421875
78077,0.195068359375
78078,0.193969726562
78079,0.192749023438
78080,0.19482421875
78081,0.1953125
78082,0.1943359375
78083,0.195678710938
78084,0.195190429688
78085,0.195678710938
78086,0.180786132812
78087,0.181030273438
78088,0.191528320312
78089,0.18017578125
78090,0.185424804688
78091,0.184814453125
78092,0.1845703125
78093,0.184936523438
78094,0.185424804688
78095,0.185913085938
78096,0.189331054688
78097,0.184692382812
78098,0.179443359375
78099,0.182250976562
78100,0.18212890625
78101,0.182983398438
78102,0.188720703125
78103,0.180786132812
78104,0.181030273438
78105,0.181274414062
78106,0.180419921875
78107,0.185913085938
78108,0.18701171875
78109,0.1875
78110,0.176513671875
78111,0.175659179688
78112,0.180541992188
78113,0.1806640625
78114,0.182250976562
78115,0.1826171875
78116,0.18115234375
78117,0.178466796875
78118,0.178833007812
78119,0.176147460938
78120,0.175903320312
78121,0.175048828125
78122,0.175415039062
78123,0.144165039062
78124,0.14501953125
78125,0.146362304688
78126,0.145874023438
78127,0.136474609375
78128,0.13671875
78129,0.135375976562
78130,0.137451171875
78131,0.1640625
78132,0.161987304688
78133,0.157348632812
78134,0.181884765625
78135,0.187255859375
78136,0.18359375
78137,0.182006835938
78138,0.181274414062
78139,0.18212890625
78140,0.183959960938
78141,0.181518554688
78142,0.1826171875
78143,0.182983398438
78144,0.214599609375
78145,0.213500976562
78146,0.2490234375
78147,0.22314453125
78148,0.220825195312
78149,0.2216796875
78150,0.18310546875
78151,0.183715820312
78152,0.182983398438
78153,0.181030273438
78154,0.180908203125
78155,0.182250976562
78156,0.1826171875
78157,0.182861328125
78158,0.181518554688
78159,0.182495117188
78160,0.182250976562
78161,0.18310546875
78162,0.170043945312
78163,0.170043945312
78164,0.171142578125
78165,0.171020507812
78166,0.19677734375
78167,0.196533203125
78168,0.195678710938
78169,0.195678710938
78170,0.18994140625
78171,0.187744140625
78172,0.188232421875
78173,0.204833984375
78174,0.19775390625
78175,0.190795898438
78176,0.182250976562
78177,0.172607421875
78178,0.1689453125
78179,0.169921875
78180,0.17138671875
78181,0.169799804688
78182,0.178100585938
78183,0.212890625
78184,0.212890625
78185,0.228759765625
78186,0.235595703125
78187,0.241821289062
78188,0.2412109375
78189,0.23974609375
78190,0.221801757812
78191,0.223754882812
78192,0.2080078125
78193,0.198120117188
78194,0.197021484375
78195,0.198974609375
78196,0.197998046875
78197,0.196166992188
78198,0.166870117188
78199,0.164672851562
78200,0.170776367188
78201,0.15625
78202,0.158325195312
78203,0.158813476562
78204,0.158935546875
78205,0.16015625
78206,0.159301757812
78207,0.15087890625
78208,0.192260742188
78209,0.192016601562
78210,0.18798828125
78211,0.192138671875
78212,0.195190429688
78213,0.160034179688
78214,0.205078125
78215,0.214233398438
78216,0.21533203125
78217,0.231811523438
78218,0.23193359375
78219,0.230224609375
78220,0.180908203125
78221,0.178955078125
78222,0.182250976562
78223,0.179443359375
78224,0.181762695312
78225,0.1826171875
78226,0.18212890625
78227,0.177001953125
78228,0.187866210938
78229,0.189575195312
78230,0.186279296875
78231,0.185424804688
78232,0.184936523438
78233,0.220336914062
78234,0.223876953125
78235,0.21826171875
78236,0.21875
78237,0.212524414062
78238,0.210205078125
78239,0.213745117188
78240,0.216674804688
78241,0.216796875
78242,0.214477539062
78243,0.214477539062
78244,0.216064453125
78245,0.217041015625
78246,0.180541992188
78247,0.181762695312
78248,0.212524414062
78249,0.239868164062
78250,0.24072265625
78251,0.240600585938
78252,0.2412109375
78253,0.240356445312
78254,0.241088867188
78255,0.256103515625
78256,0.255615234375
78257,0.256103515625
78258,0.231323242188
78259,0.23193359375
78260,0.230590820312
78261,0.23046875
78262,0.22021484375
78263,0.219116210938
78264,0.211669921875
78265,0.210083007812
78266,0.21044921875
78267,0.211547851562
78268,0.214965820312
78269,0.21484375
78270,0.210693359375
78271,0.211181640625
78272,0.20751953125
78273,0.208740234375
78274,0.207885742188
78275,0.209106445312
78276,0.210327148438
78277,0.210205078125
78278,0.181274414062
78279,0.179443359375
78280,0.202514648438
78281,0.197998046875
78282,0.199340820312
78283,0.198852539062
78284,0.198120117188
78285,0.19482421875
78286,0.194702148438
78287,0.192016601562
78288,0.19287109375
78289,0.189819335938
78290,0.1923828125
78291,0.186157226562
78292,0.18359375
78293,0.187133789062
78294,0.178955078125
78295,0.1787109375
78296,0.162475585938
78297,0.16064453125
78298,0.16064453125
78299,0.161743164062
78300,0.160888671875
78301,0.161865234375
78302,0.16015625
