4,0.000883102416992
5,0.00185966491699
6,0.00266075134277
7,0.0029182434082
8,0.00287818908691
9,0.00296211242676
10,0.00307464599609
11,0.00315856933594
12,0.00308609008789
13,0.00326156616211
14,0.0033130645752
15,0.00326156616211
16,0.00339889526367
17,0.00322151184082
18,0.00328254699707
19,0.0435791015625
20,0.0717163085938
21,0.0823364257812
22,0.0874633789062
23,0.0903930664062
24,0.093994140625
25,0.0951538085938
26,0.0944213867188
27,0.0924682617188
28,0.0912475585938
29,0.09375
30,0.0938720703125
31,0.0946044921875
32,0.093994140625
33,0.0939331054688
34,0.093994140625
35,0.166015625
36,0.175537109375
37,0.174072265625
38,0.169921875
39,0.174560546875
40,0.170166015625
41,0.173217773438
42,0.171752929688
43,0.177490234375
44,0.170776367188
45,0.168334960938
46,0.168212890625
47,0.171752929688
48,0.16748046875
49,0.163330078125
50,0.16552734375
51,0.1455078125
52,0.158447265625
53,0.161987304688
54,0.156494140625
55,0.162841796875
56,0.155883789062
57,0.15625
58,0.158325195312
59,0.162231445312
60,0.159057617188
61,0.15283203125
62,0.1611328125
63,0.153564453125
64,0.160522460938
65,0.151000976562
66,0.1640625
67,0.125854492188
68,0.133544921875
69,0.147216796875
70,0.14599609375
71,0.1435546875
72,0.142700195312
73,0.149169921875
74,0.146240234375
75,0.16357421875
76,0.150146484375
77,0.15087890625
78,0.150390625
79,0.157958984375
80,0.156616210938
81,0.152099609375
82,0.152099609375
83,0.132080078125
84,0.13232421875
85,0.137817382812
86,0.14892578125
87,0.161254882812
88,0.150390625
89,0.149169921875
90,0.145751953125
91,0.144653320312
92,0.159301757812
93,0.15283203125
94,0.158813476562
95,0.146484375
96,0.148071289062
97,0.1474609375
98,0.147827148438
99,0.14208984375
100,0.167358398438
101,0.134155273438
102,0.138916015625
103,0.153198242188
104,0.135009765625
105,0.138916015625
106,0.136840820312
107,0.138061523438
108,0.145629882812
109,0.13671875
110,0.1435546875
111,0.137939453125
112,0.133911132812
113,0.137084960938
114,0.14404296875
115,0.133911132812
116,0.157104492188
117,0.14990234375
118,0.132446289062
119,0.154418945312
120,0.157104492188
121,0.155517578125
122,0.137573242188
123,0.1533203125
124,0.144409179688
125,0.140869140625
126,0.151245117188
127,0.149291992188
128,0.153930664062
129,0.156494140625
130,0.16552734375
131,0.134033203125
132,0.1513671875
133,0.14208984375
134,0.148559570312
135,0.159057617188
136,0.16748046875
137,0.155151367188
138,0.151611328125
139,0.164672851562
140,0.162841796875
141,0.133544921875
142,0.13623046875
143,0.144653320312
144,0.142700195312
145,0.149291992188
146,0.1357421875
147,0.139892578125
148,0.134521484375
149,0.156372070312
150,0.143676757812
151,0.136474609375
152,0.15087890625
153,0.153076171875
154,0.124145507812
155,0.138305664062
156,0.1533203125
157,0.138305664062
158,0.148803710938
159,0.14990234375
160,0.1396484375
161,0.145751953125
162,0.147583007812
163,0.110046386719
164,0.12890625
165,0.143310546875
166,0.153076171875
167,0.146728515625
168,0.161987304688
169,0.157104492188
170,0.155883789062
171,0.153564453125
172,0.131225585938
173,0.132080078125
174,0.149780273438
175,0.150146484375
176,0.122985839844
177,0.137451171875
178,0.145751953125
179,0.132202148438
180,0.1484375
181,0.149291992188
182,0.133178710938
183,0.128540039062
184,0.151489257812
185,0.13525390625
186,0.138793945312
187,0.136108398438
188,0.141479492188
189,0.132446289062
190,0.1337890625
191,0.14453125
192,0.165161132812
193,0.171997070312
194,0.14892578125
195,0.102966308594
196,0.132934570312
197,0.140502929688
198,0.162841796875
199,0.151733398438
200,0.1630859375
201,0.180297851562
202,0.183349609375
203,0.168334960938
204,0.161743164062
205,0.13037109375
206,0.158569335938
207,0.169921875
208,0.154541015625
209,0.155395507812
210,0.16162109375
211,0.140380859375
212,0.146484375
213,0.125
214,0.124328613281
215,0.125854492188
216,0.130004882812
217,0.133911132812
218,0.12890625
219,0.1376953125
220,0.138305664062
221,0.148559570312
222,0.158813476562
223,0.159912109375
224,0.13720703125
225,0.153076171875
226,0.166625976562
227,0.109313964844
228,0.137329101562
229,0.139282226562
230,0.144165039062
231,0.150268554688
232,0.157470703125
233,0.15771484375
234,0.12841796875
235,0.14990234375
236,0.164916992188
237,0.166748046875
238,0.173828125
239,0.169677734375
240,0.137084960938
241,0.158203125
242,0.146850585938
243,0.120483398438
244,0.109313964844
245,0.137573242188
246,0.146484375
247,0.15625
248,0.1513671875
249,0.138549804688
250,0.121826171875
251,0.140869140625
252,0.117431640625
253,0.13525390625
254,0.138916015625
255,0.135131835938
256,0.133544921875
257,0.126220703125
258,0.128173828125
259,0.106262207031
260,0.110961914062
261,0.115600585938
262,0.130249023438
263,0.119384765625
264,0.133666992188
265,0.139526367188
266,0.151489257812
267,0.156860351562
268,0.163208007812
269,0.176513671875
270,0.157836914062
271,0.14990234375
272,0.138061523438
273,0.13232421875
274,0.133056640625
275,0.11865234375
276,0.136474609375
277,0.166748046875
278,0.139038085938
279,0.163330078125
280,0.192016601562
281,0.160522460938
282,0.190307617188
283,0.141723632812
284,0.124694824219
285,0.151733398438
286,0.140625
287,0.138427734375
288,0.143676757812
289,0.15625
290,0.175415039062
291,0.126342773438
292,0.139770507812
293,0.120361328125
294,0.151611328125
295,0.114929199219
296,0.131958007812
297,0.139038085938
298,0.156982421875
299,0.118835449219
300,0.145751953125
301,0.115234375
302,0.130249023438
303,0.15283203125
304,0.161865234375
305,0.123291015625
306,0.124389648438
307,0.122009277344
308,0.107238769531
309,0.139038085938
310,0.1318359375
311,0.144287109375
312,0.141235351562
313,0.146362304688
314,0.133178710938
315,0.132446289062
316,0.132202148438
317,0.133178710938
318,0.130981445312
319,0.127685546875
320,0.141357421875
321,0.146362304688
322,0.161376953125
323,0.098388671875
324,0.096923828125
325,0.118896484375
326,0.117980957031
327,0.130737304688
328,0.125244140625
329,0.119689941406
330,0.14404296875
331,0.160766601562
332,0.132934570312
333,0.123962402344
334,0.1396484375
335,0.155517578125
336,0.13525390625
337,0.146728515625
338,0.164184570312
339,0.110046386719
340,0.129760742188
341,0.12451171875
342,0.109375
343,0.112243652344
344,0.113525390625
345,0.135009765625
346,0.147583007812
347,0.131103515625
348,0.142578125
349,0.1689453125
350,0.1787109375
351,0.1962890625
352,0.126708984375
353,0.154052734375
354,0.168579101562
355,0.145141601562
356,0.16015625
357,0.176391601562
358,0.179931640625
359,0.132202148438
360,0.112121582031
361,0.115173339844
362,0.121459960938
363,0.120239257812
364,0.138305664062
365,0.130615234375
366,0.12890625
367,0.127563476562
368,0.125854492188
369,0.1376953125
370,0.122985839844
371,0.140380859375
372,0.169799804688
373,0.127075195312
374,0.145141601562
375,0.130737304688
376,0.133911132812
377,0.115417480469
378,0.138305664062
379,0.15283203125
380,0.162963867188
381,0.117309570312
382,0.13134765625
383,0.141357421875
384,0.120422363281
385,0.146240234375
386,0.138427734375
387,0.08740234375
388,0.119567871094
389,0.108154296875
390,0.126342773438
391,0.122802734375
392,0.134643554688
393,0.149047851562
394,0.146362304688
395,0.166259765625
396,0.166870117188
397,0.193115234375
398,0.202026367188
399,0.19775390625
400,0.160278320312
401,0.162231445312
402,0.13818359375
403,0.101684570312
404,0.137817382812
405,0.18310546875
406,0.133178710938
407,0.123229980469
408,0.132446289062
409,0.149536132812
410,0.158569335938
411,0.146118164062
412,0.132202148438
413,0.134521484375
414,0.145874023438
415,0.124450683594
416,0.142578125
417,0.137451171875
418,0.151977539062
419,0.0921630859375
420,0.127807617188
421,0.122680664062
422,0.118225097656
423,0.132446289062
424,0.154296875
425,0.124084472656
426,0.1455078125
427,0.152221679688
428,0.12841796875
429,0.112060546875
430,0.123291015625
431,0.140502929688
432,0.138671875
433,0.149780273438
434,0.16357421875
435,0.165649414062
436,0.19677734375
437,0.213134765625
438,0.145263671875
439,0.180786132812
440,0.162719726562
441,0.181762695312
442,0.199462890625
443,0.212890625
444,0.214965820312
445,0.14794921875
446,0.184204101562
447,0.101867675781
448,0.13330078125
449,0.113098144531
450,0.112915039062
451,0.146484375
452,0.166137695312
453,0.17138671875
454,0.0984497070312
455,0.142822265625
456,0.112731933594
457,0.101867675781
458,0.112060546875
459,0.143188476562
460,0.145751953125
461,0.176025390625
462,0.148681640625
463,0.172119140625
464,0.147705078125
465,0.181518554688
466,0.181884765625
467,0.11572265625
468,0.125854492188
469,0.105651855469
470,0.130737304688
471,0.111450195312
472,0.116149902344
473,0.112731933594
474,0.124755859375
475,0.123107910156
476,0.134521484375
477,0.114990234375
478,0.141479492188
479,0.153686523438
480,0.109497070312
481,0.1337890625
482,0.16650390625
483,0.120727539062
484,0.142333984375
485,0.178466796875
486,0.108459472656
487,0.103393554688
488,0.121276855469
489,0.150024414062
490,0.147094726562
491,0.137817382812
492,0.158447265625
493,0.123840332031
494,0.161499023438
495,0.187744140625
496,0.134399414062
497,0.140380859375
498,0.162841796875
499,0.106079101562
500,0.139282226562
501,0.169677734375
502,0.179077148438
503,0.203125
504,0.191650390625
505,0.17333984375
506,0.14111328125
507,0.183227539062
508,0.210327148438
509,0.191528320312
510,0.166381835938
511,0.154052734375
512,0.196533203125
513,0.2021484375
514,0.17041015625
515,0.0819702148438
516,0.1259765625
517,0.124938964844
518,0.1083984375
519,0.13037109375
520,0.16064453125
521,0.116638183594
522,0.133911132812
523,0.13818359375
524,0.139404296875
525,0.143920898438
526,0.156127929688
527,0.122497558594
528,0.146728515625
529,0.119079589844
530,0.1171875
531,0.0827026367188
532,0.0945434570312
533,0.122985839844
534,0.129638671875
535,0.116516113281
536,0.124145507812
537,0.144897460938
538,0.145263671875
539,0.152465820312
540,0.145263671875
541,0.153930664062
542,0.140869140625
543,0.123168945312
544,0.111572265625
545,0.122741699219
546,0.141235351562
547,0.17333984375
548,0.198120117188
549,0.179565429688
550,0.19091796875
551,0.171264648438
552,0.179321289062
553,0.118469238281
554,0.168579101562
555,0.134643554688
556,0.150024414062
557,0.15576171875
558,0.130981445312
559,0.126831054688
560,0.1416015625
561,0.118103027344
562,0.12939453125
563,0.112731933594
564,0.109985351562
565,0.134399414062
566,0.13623046875
567,0.16943359375
568,0.1494140625
569,0.141967773438
570,0.171020507812
571,0.131591796875
572,0.119812011719
573,0.13330078125
574,0.154418945312
575,0.182861328125
576,0.198364257812
577,0.205932617188
578,0.146850585938
579,0.139404296875
580,0.108337402344
581,0.123291015625
582,0.122375488281
583,0.134643554688
584,0.127075195312
585,0.145874023438
586,0.121704101562
587,0.1572265625
588,0.164184570312
589,0.130737304688
590,0.157470703125
591,0.135986328125
592,0.162841796875
593,0.131225585938
594,0.160766601562
595,0.12548828125
596,0.144775390625
597,0.15185546875
598,0.0994873046875
599,0.132568359375
600,0.170288085938
601,0.19970703125
602,0.199462890625
603,0.19873046875
604,0.204956054688
605,0.1962890625
606,0.208129882812
607,0.112182617188
608,0.155883789062
609,0.151977539062
610,0.168334960938
611,0.161010742188
612,0.109191894531
613,0.141723632812
614,0.15478515625
615,0.125
616,0.143310546875
617,0.157104492188
618,0.115600585938
619,0.116394042969
620,0.121154785156
621,0.114135742188
622,0.130981445312
623,0.123352050781
624,0.148071289062
625,0.119567871094
626,0.142211914062
627,0.0850830078125
628,0.0989379882812
629,0.089111328125
630,0.104064941406
631,0.0994873046875
632,0.107421875
633,0.10107421875
634,0.121643066406
635,0.115173339844
636,0.118591308594
637,0.146484375
638,0.135620117188
639,0.141723632812
640,0.175537109375
641,0.193603515625
642,0.1943359375
643,0.177124023438
644,0.197387695312
645,0.203491210938
646,0.20703125
647,0.147705078125
648,0.182373046875
649,0.183349609375
650,0.216430664062
651,0.161987304688
652,0.174072265625
653,0.15185546875
654,0.142944335938
655,0.1552734375
656,0.1884765625
657,0.208740234375
658,0.139282226562
659,0.119445800781
660,0.121887207031
661,0.0968627929688
662,0.115173339844
663,0.141357421875
664,0.104553222656
665,0.103271484375
666,0.131591796875
667,0.110717773438
668,0.11279296875
669,0.125366210938
670,0.135864257812
671,0.157836914062
672,0.183471679688
673,0.190063476562
674,0.177856445312
675,0.0781860351562
676,0.122741699219
677,0.13525390625
678,0.169311523438
679,0.1689453125
680,0.177124023438
681,0.18505859375
682,0.168579101562
683,0.184814453125
684,0.198364257812
685,0.204345703125
686,0.216186523438
687,0.21337890625
688,0.217895507812
689,0.236328125
690,0.178955078125
691,0.137451171875
692,0.184326171875
693,0.106750488281
694,0.114501953125
695,0.128784179688
696,0.117248535156
697,0.152099609375
698,0.15380859375
699,0.165161132812
700,0.198486328125
701,0.127807617188
702,0.107543945312
703,0.126220703125
704,0.131591796875
705,0.151123046875
706,0.119018554688
707,0.120178222656
708,0.168823242188
709,0.186889648438
710,0.13330078125
711,0.120971679688
712,0.144897460938
713,0.17822265625
714,0.205078125
715,0.2158203125
716,0.14306640625
717,0.157348632812
718,0.206176757812
719,0.14306640625
720,0.100219726562
721,0.13818359375
722,0.102844238281
723,0.144897460938
724,0.152709960938
725,0.161010742188
726,0.209350585938
727,0.141479492188
728,0.168212890625
729,0.191162109375
730,0.1552734375
731,0.192993164062
732,0.213012695312
733,0.20556640625
734,0.11962890625
735,0.165771484375
736,0.11572265625
737,0.168090820312
738,0.192260742188
739,0.07421875
740,0.0933837890625
741,0.120788574219
742,0.105407714844
743,0.122436523438
744,0.117858886719
745,0.12255859375
746,0.117431640625
747,0.130737304688
748,0.118041992188
749,0.136474609375
750,0.1103515625
751,0.13671875
752,0.145141601562
753,0.1328125
754,0.12939453125
755,0.159057617188
756,0.17138671875
757,0.200805664062
758,0.1982421875
759,0.201538085938
760,0.203002929688
761,0.219482421875
762,0.239624023438
763,0.184204101562
764,0.210571289062
765,0.114807128906
766,0.167602539062
767,0.2099609375
768,0.118103027344
769,0.126220703125
770,0.1279296875
771,0.0928955078125
772,0.088623046875
773,0.102294921875
774,0.117065429688
775,0.119079589844
776,0.139770507812
777,0.152954101562
778,0.17138671875
779,0.172729492188
780,0.161499023438
781,0.18115234375
782,0.135620117188
783,0.108642578125
784,0.120178222656
785,0.142333984375
787,0.122619628906
788,0.171752929688
789,0.123840332031
790,0.110595703125
791,0.123107910156
792,0.1318359375
793,0.130859375
794,0.146240234375
795,0.111877441406
796,0.129516601562
797,0.110656738281
798,0.12890625
799,0.116149902344
800,0.122192382812
801,0.15087890625
802,0.168701171875
803,0.173461914062
804,0.152465820312
805,0.179077148438
806,0.200439453125
807,0.202880859375
808,0.2080078125
809,0.197631835938
810,0.206176757812
811,0.143310546875
812,0.138916015625
813,0.127807617188
814,0.123413085938
815,0.142700195312
816,0.116943359375
817,0.138427734375
818,0.134033203125
819,0.154541015625
820,0.086669921875
821,0.0950317382812
822,0.116455078125
823,0.120361328125
824,0.133178710938
825,0.137817382812
826,0.146484375
827,0.119506835938
828,0.123779296875
829,0.147338867188
830,0.100280761719
831,0.108581542969
832,0.140625
833,0.111755371094
834,0.136962890625
835,0.128662109375
836,0.171875
837,0.219482421875
838,0.235717773438
839,0.234252929688
840,0.177978515625
841,0.13916015625
842,0.161499023438
843,0.135498046875
844,0.168823242188
845,0.188354492188
846,0.135131835938
847,0.169921875
848,0.189086914062
849,0.195434570312
850,0.216796875
851,0.2275390625
852,0.0933837890625
853,0.128051757812
854,0.174682617188
855,0.17919921875
856,0.175903320312
857,0.101745605469
858,0.158447265625
859,0.181640625
860,0.105224609375
861,0.105346679688
862,0.115417480469
863,0.135498046875
864,0.119812011719
865,0.14892578125
866,0.17041015625
867,0.107604980469
868,0.16455078125
869,0.08642578125
870,0.0892944335938
871,0.127685546875
872,0.0906372070312
873,0.11279296875
874,0.124938964844
875,0.13427734375
876,0.182373046875
877,0.19775390625
878,0.148803710938
879,0.130249023438
880,0.166259765625
881,0.187255859375
882,0.165283203125
883,0.130859375
884,0.0833129882812
885,0.0872192382812
886,0.110107421875
887,0.0977783203125
888,0.123474121094
889,0.141479492188
890,0.0963134765625
891,0.126708984375
892,0.151123046875
893,0.108642578125
894,0.121948242188
895,0.106750488281
896,0.126342773438
897,0.169555664062
898,0.147583007812
899,0.136840820312
900,0.0885009765625
901,0.105285644531
902,0.0936279296875
903,0.123779296875
904,0.11865234375
905,0.122924804688
906,0.140502929688
907,0.177978515625
908,0.1240234375
909,0.138061523438
910,0.166259765625
911,0.179321289062
912,0.207885742188
913,0.140502929688
914,0.12744140625
915,0.14208984375
916,0.148071289062
917,0.1796875
918,0.2080078125
919,0.208374023438
920,0.215942382812
921,0.208251953125
922,0.221069335938
923,0.224731445312
924,0.232177734375
925,0.123840332031
926,0.153686523438
927,0.15380859375
928,0.121643066406
929,0.111633300781
930,0.1181640625
931,0.149780273438
932,0.144653320312
933,0.179565429688
934,0.148559570312
935,0.162109375
936,0.16845703125
937,0.188232421875
938,0.161254882812
939,0.17724609375
940,0.190795898438
941,0.133666992188
942,0.103820800781
943,0.140502929688
944,0.186645507812
945,0.1376953125
946,0.16455078125
947,0.1591796875
948,0.154418945312
949,0.20263671875
950,0.127807617188
951,0.174072265625
952,0.186157226562
953,0.128295898438
954,0.106567382812
955,0.1455078125
956,0.171997070312
957,0.14697265625
958,0.164672851562
959,0.185546875
960,0.156005859375
961,0.164916992188
962,0.16552734375
963,0.137573242188
964,0.160766601562
965,0.171997070312
966,0.175903320312
967,0.107238769531
968,0.135498046875
969,0.162719726562
970,0.192626953125
971,0.148559570312
972,0.186645507812
973,0.211181640625
974,0.12451171875
975,0.108581542969
976,0.149780273438
977,0.0924682617188
978,0.109252929688
979,0.1552734375
980,0.0853271484375
981,0.145263671875
982,0.166015625
983,0.169921875
984,0.135009765625
985,0.161987304688
986,0.13623046875
987,0.142211914062
988,0.167358398438
989,0.158325195312
990,0.138061523438
991,0.147216796875
992,0.14013671875
993,0.157958984375
994,0.164428710938
995,0.195434570312
996,0.147827148438
997,0.18505859375
998,0.145751953125
999,0.0949096679688
1000,0.149780273438
1001,0.154541015625
1002,0.185668945312
1003,0.115417480469
1004,0.169677734375
1005,0.140869140625
1006,0.175170898438
1007,0.18212890625
1008,0.1181640625
1009,0.130615234375
1010,0.16064453125
1011,0.19287109375
1012,0.08251953125
1013,0.13232421875
1014,0.151611328125
1015,0.105285644531
1016,0.10791015625
1017,0.110229492188
1018,0.12548828125
1019,0.140625
1020,0.159301757812
1021,0.138061523438
1022,0.134521484375
1023,0.130615234375
1024,0.140014648438
1025,0.16455078125
1026,0.122436523438
1027,0.147338867188
1028,0.164794921875
1029,0.107055664062
1030,0.154174804688
1031,0.18505859375
1032,0.145263671875
1033,0.181640625
1034,0.114807128906
1035,0.106201171875
1036,0.118469238281
1037,0.122924804688
1038,0.114624023438
1039,0.119323730469
1040,0.143798828125
1041,0.135498046875
1042,0.126342773438
1043,0.115844726562
1044,0.157104492188
1045,0.19189453125
1046,0.218872070312
1047,0.226806640625
1048,0.220703125
1049,0.127075195312
1050,0.1767578125
1051,0.150634765625
1052,0.19482421875
1053,0.197509765625
1054,0.209838867188
1055,0.221923828125
1056,0.167846679688
1057,0.190795898438
1058,0.2119140625
1059,0.106323242188
1060,0.146118164062
1061,0.182373046875
1062,0.1455078125
1063,0.10302734375
1064,0.121826171875
1065,0.0993041992188
1066,0.109497070312
1067,0.134643554688
1068,0.168334960938
1069,0.118835449219
1070,0.146484375
1071,0.162963867188
1072,0.0977172851562
1073,0.102600097656
1074,0.10400390625
1075,0.129638671875
1076,0.138793945312
1077,0.109252929688
1078,0.171264648438
1079,0.206787109375
1080,0.215087890625
1081,0.17041015625
1082,0.127319335938
1083,0.141479492188
1084,0.147094726562
1085,0.168212890625
1086,0.16064453125
1087,0.177734375
1088,0.185913085938
1089,0.150024414062
1090,0.182250976562
1091,0.16650390625
1092,0.164428710938
1093,0.1875
1094,0.129516601562
1095,0.113647460938
1096,0.149169921875
1097,0.169311523438
1098,0.176879882812
1099,0.198974609375
1100,0.1220703125
1101,0.130615234375
1102,0.172241210938
1103,0.129150390625
1104,0.154174804688
1105,0.134521484375
1106,0.148193359375
1107,0.168090820312
1108,0.0972900390625
1109,0.146606445312
1110,0.130126953125
1111,0.119689941406
1112,0.137817382812
1113,0.139770507812
1114,0.139526367188
1115,0.135986328125
1116,0.114990234375
1117,0.129760742188
1118,0.119995117188
1119,0.128662109375
1120,0.133666992188
1121,0.118408203125
1122,0.126831054688
1123,0.146362304688
1124,0.0801391601562
1125,0.0931396484375
1126,0.109924316406
1127,0.13525390625
1128,0.112670898438
1129,0.10986328125
1130,0.12890625
1131,0.116149902344
1132,0.149169921875
1133,0.151489257812
1134,0.180908203125
1135,0.194091796875
1136,0.112854003906
1137,0.118896484375
1138,0.108947753906
1139,0.111755371094
1140,0.154541015625
1141,0.101867675781
1142,0.11328125
1143,0.167846679688
1144,0.18359375
1145,0.196411132812
1146,0.210327148438
1147,0.227172851562
1148,0.215942382812
1149,0.1484375
1150,0.195678710938
1151,0.129638671875
1152,0.15625
1153,0.189331054688
1154,0.109680175781
1155,0.109436035156
1156,0.167846679688
1157,0.087890625
1158,0.148071289062
1159,0.116638183594
1160,0.150146484375
1161,0.12646484375
1162,0.144165039062
1163,0.16259765625
1164,0.183349609375
1165,0.1171875
1166,0.1416015625
1167,0.1865234375
1168,0.1435546875
1169,0.166381835938
1170,0.180786132812
1171,0.199096679688
1172,0.0792236328125
1173,0.0939331054688
1174,0.0989990234375
1175,0.105102539062
1176,0.123229980469
1177,0.1123046875
1178,0.1337890625
1179,0.115112304688
1180,0.122131347656
1181,0.143920898438
1182,0.156372070312
1183,0.172729492188
1184,0.17822265625
1185,0.172973632812
1186,0.174072265625
1187,0.192749023438
1188,0.0834350585938
1189,0.1083984375
1190,0.14501953125
1191,0.165405273438
1192,0.123107910156
1193,0.115051269531
1194,0.134521484375
1195,0.1123046875
1196,0.135375976562
1197,0.0982666015625
1198,0.129516601562
1199,0.114440917969
1200,0.125366210938
1201,0.142211914062
1202,0.15771484375
1203,0.13037109375
1204,0.136840820312
1205,0.101806640625
1206,0.0995483398438
1207,0.110595703125
1208,0.142578125
1209,0.124206542969
1210,0.134521484375
1211,0.131713867188
1212,0.127563476562
1213,0.146240234375
1214,0.167358398438
1215,0.131225585938
1216,0.137451171875
1217,0.165161132812
1218,0.18408203125
1219,0.19775390625
1220,0.165283203125
1221,0.180419921875
1222,0.193115234375
1223,0.203369140625
1224,0.210815429688
1225,0.235229492188
1226,0.15380859375
1227,0.174560546875
1228,0.1416015625
1229,0.13134765625
1230,0.143676757812
1231,0.152465820312
1232,0.106262207031
1233,0.133056640625
1234,0.14501953125
1235,0.158325195312
1236,0.15380859375
1237,0.109252929688
1238,0.164306640625
1239,0.156372070312
1240,0.0880737304688
1241,0.0960693359375
1242,0.125732421875
1243,0.16748046875
1244,0.172607421875
1245,0.199829101562
1246,0.129028320312
1247,0.112426757812
1248,0.12451171875
1249,0.140869140625
1250,0.1328125
1251,0.148681640625
1252,0.157592773438
1253,0.122741699219
1254,0.161376953125
1255,0.18017578125
1256,0.177856445312
1257,0.171875
1258,0.191650390625
1259,0.195678710938
1260,0.19921875
1261,0.198486328125
1262,0.132080078125
1263,0.131469726562
1264,0.128540039062
1265,0.116333007812
1266,0.108825683594
1267,0.135131835938
1268,0.0851440429688
1269,0.128173828125
1270,0.163208007812
1271,0.186889648438
1272,0.0958251953125
1273,0.13525390625
1274,0.130981445312
1275,0.147827148438
1276,0.155639648438
1277,0.183959960938
1278,0.2099609375
1279,0.174438476562
1280,0.205688476562
1281,0.210327148438
1282,0.219360351562
1283,0.21630859375
1284,0.130981445312
1285,0.182006835938
1286,0.155639648438
1287,0.12841796875
1288,0.172729492188
1289,0.15966796875
1290,0.197631835938
1291,0.210693359375
1292,0.217651367188
1293,0.238159179688
1294,0.21630859375
1295,0.226196289062
1296,0.221435546875
1297,0.164428710938
1298,0.197265625
1299,0.177856445312
1300,0.08837890625
1301,0.145629882812
1302,0.114990234375
1303,0.144897460938
1304,0.124389648438
1305,0.145751953125
1306,0.1201171875
1307,0.124450683594
1308,0.126708984375
1309,0.15234375
1310,0.165405273438
1311,0.123718261719
1312,0.142211914062
1313,0.182006835938
1314,0.179321289062
1315,0.201904296875
1316,0.0866088867188
1317,0.09765625
1318,0.119812011719
1319,0.122314453125
1320,0.150390625
1321,0.185546875
1322,0.134765625
1323,0.162231445312
1324,0.122985839844
1325,0.175415039062
1326,0.168090820312
1327,0.197631835938
1328,0.217895507812
1329,0.242797851562
1330,0.2197265625
1331,0.196044921875
1332,0.143920898438
1333,0.181396484375
1334,0.194702148438
1335,0.136474609375
1336,0.182373046875
1337,0.205688476562
1338,0.2099609375
1339,0.167846679688
1340,0.125122070312
1341,0.164184570312
1342,0.212158203125
1343,0.230834960938
1344,0.171264648438
1345,0.106872558594
1346,0.1201171875
1347,0.1435546875
1348,0.1728515625
1349,0.203735351562
1350,0.198608398438
1351,0.11328125
1352,0.119140625
1353,0.10595703125
1354,0.10107421875
1355,0.109680175781
1356,0.142944335938
1357,0.156372070312
1358,0.13232421875
1359,0.123596191406
1360,0.144165039062
1361,0.129150390625
1362,0.131469726562
1363,0.111389160156
1364,0.149658203125
1365,0.191772460938
1366,0.145141601562
1367,0.186157226562
1368,0.18310546875
1369,0.173095703125
1370,0.182373046875
1371,0.194458007812
1372,0.194946289062
1373,0.111511230469
1374,0.124328613281
1375,0.104614257812
1376,0.13427734375
1377,0.128784179688
1378,0.161376953125
1379,0.10888671875
1380,0.177978515625
1381,0.22412109375
1382,0.154418945312
1383,0.19873046875
1384,0.209838867188
1385,0.141967773438
1386,0.148071289062
1387,0.170288085938
1388,0.162963867188
1389,0.189697265625
1390,0.11962890625
1391,0.12109375
1392,0.150268554688
1393,0.177734375
1394,0.179565429688
1395,0.203857421875
1396,0.145751953125
1397,0.161743164062
1398,0.182006835938
1399,0.099365234375
1400,0.08740234375
1401,0.100219726562
1402,0.128295898438
1403,0.149169921875
1404,0.165283203125
1405,0.176879882812
1406,0.121704101562
1407,0.162109375
1408,0.194580078125
1409,0.195922851562
1410,0.169311523438
1411,0.158203125
1412,0.0839233398438
1413,0.0979614257812
1414,0.119262695312
1415,0.100219726562
1416,0.101013183594
1417,0.113891601562
1418,0.145874023438
1419,0.1708984375
1420,0.1826171875
1421,0.198852539062
1422,0.119140625
1423,0.18701171875
1424,0.174560546875
1425,0.18408203125
1426,0.215209960938
1427,0.214965820312
1428,0.0911254882812
1429,0.108764648438
1430,0.107727050781
1431,0.133422851562
1432,0.109313964844
1433,0.141845703125
1434,0.155517578125
1435,0.177612304688
1436,0.122009277344
1437,0.125244140625
1438,0.11376953125
1439,0.112854003906
1440,0.099365234375
1441,0.120056152344
1442,0.141479492188
1443,0.133056640625
1444,0.141235351562
1445,0.164184570312
1446,0.195190429688
1447,0.133911132812
1448,0.108154296875
1449,0.15673828125
1450,0.171508789062
1451,0.198364257812
1452,0.144409179688
1453,0.165771484375
1454,0.200073242188
1455,0.1953125
1456,0.153076171875
1457,0.169921875
1458,0.162231445312
1459,0.164916992188
1460,0.179565429688
1461,0.089111328125
1462,0.1494140625
1463,0.1669921875
1464,0.18310546875
1465,0.118713378906
1466,0.16015625
1467,0.148071289062
1468,0.18994140625
1469,0.206909179688
1470,0.212890625
1471,0.217041015625
1472,0.216796875
1473,0.221801757812
1474,0.16162109375
1475,0.19091796875
1476,0.15869140625
1477,0.183715820312
1478,0.150268554688
1479,0.1787109375
1480,0.121032714844
1481,0.170776367188
1482,0.186401367188
1483,0.124389648438
1484,0.123413085938
1485,0.119750976562
1486,0.101867675781
1487,0.0918579101562
1488,0.107666015625
1489,0.136962890625
1490,0.0857543945312
1491,0.0958862304688
1492,0.167724609375
1493,0.147583007812
1494,0.0873413085938
1495,0.0950927734375
1496,0.109436035156
1497,0.09521484375
1498,0.119506835938
1499,0.143920898438
1500,0.142822265625
1501,0.177978515625
1502,0.137573242188
1503,0.142944335938
1504,0.176025390625
1505,0.18603515625
1506,0.203247070312
1507,0.185180664062
1508,0.146850585938
1509,0.10693359375
1510,0.126953125
1511,0.145141601562
1512,0.118530273438
1513,0.137817382812
1514,0.163940429688
1515,0.120422363281
1516,0.145629882812
1517,0.154174804688
1518,0.111328125
1519,0.113525390625
1520,0.126586914062
1521,0.124389648438
1522,0.130249023438
1523,0.14111328125
1524,0.159912109375
1525,0.132568359375
1526,0.115539550781
1527,0.148559570312
1528,0.170654296875
1529,0.180908203125
1530,0.0931396484375
1531,0.0864868164062
1532,0.119079589844
1533,0.133422851562
1534,0.122436523438
1535,0.106811523438
1536,0.138305664062
1537,0.103942871094
1538,0.127563476562
1539,0.131958007812
1540,0.168334960938
1541,0.122253417969
1542,0.146606445312
1543,0.119445800781
1544,0.116088867188
1545,0.136840820312
1546,0.156616210938
1547,0.129638671875
1548,0.138549804688
1549,0.115661621094
1550,0.130859375
1551,0.11279296875
1552,0.124816894531
1553,0.138793945312
1554,0.140747070312
1555,0.160034179688
1556,0.166015625
1557,0.175048828125
1558,0.206176757812
1559,0.165405273438
1560,0.20361328125
1561,0.184692382812
1562,0.206909179688
1563,0.22314453125
38319,0.131958007812
38320,0.133666992188
38321,0.132080078125
38322,0.137329101562
38323,0.109069824219
38324,0.112976074219
38325,0.113098144531
38326,0.136596679688
38327,0.137573242188
38328,0.174926757812
38329,0.15283203125
38330,0.153198242188
38331,0.1455078125
38332,0.155517578125
38333,0.154418945312
38334,0.1552734375
38335,0.154174804688
38336,0.140869140625
38337,0.1572265625
38338,0.149536132812
38339,0.113342285156
38340,0.1142578125
38341,0.104370117188
38342,0.105102539062
38343,0.130004882812
38344,0.12841796875
38345,0.128784179688
38346,0.127319335938
38347,0.136474609375
38348,0.136962890625
38349,0.15966796875
38350,0.160766601562
38351,0.167724609375
38352,0.161987304688
38353,0.160766601562
38354,0.148559570312
38355,0.112915039062
38356,0.119812011719
38357,0.119384765625
38358,0.132080078125
38359,0.132202148438
38360,0.134033203125
38361,0.13330078125
38362,0.146118164062
38363,0.133911132812
38364,0.135375976562
38365,0.134033203125
38366,0.148681640625
38367,0.146850585938
38368,0.148071289062
38369,0.150268554688
38371,0.150146484375
38372,0.116516113281
38373,0.116943359375
38374,0.1171875
38375,0.123474121094
38376,0.12255859375
38377,0.123352050781
38378,0.123229980469
38379,0.121948242188
38380,0.123657226562
38381,0.120483398438
38382,0.122009277344
38383,0.122680664062
38384,0.122985839844
38385,0.122375488281
38386,0.126953125
38387,0.1279296875
38388,0.112487792969
38389,0.113037109375
38390,0.125
38391,0.134887695312
38392,0.134521484375
38393,0.123352050781
38394,0.119750976562
38395,0.118286132812
38396,0.115966796875
38397,0.11572265625
38398,0.121948242188
38399,0.12744140625
38400,0.136352539062
38401,0.134887695312
38402,0.135498046875
38403,0.124145507812
38404,0.114501953125
38405,0.115600585938
38406,0.1142578125
38407,0.115295410156
38408,0.114013671875
38409,0.135620117188
38410,0.135375976562
38411,0.135620117188
38412,0.135498046875
38413,0.136474609375
38414,0.134887695312
38415,0.140747070312
38416,0.137573242188
38417,0.140747070312
38418,0.140747070312
38419,0.140502929688
38420,0.113220214844
38421,0.115417480469
38422,0.114807128906
38423,0.1376953125
38424,0.173706054688
38425,0.173950195312
38426,0.15869140625
38427,0.152221679688
38428,0.153198242188
38429,0.1533203125
38430,0.15380859375
38431,0.154296875
38432,0.152221679688
38433,0.151611328125
38434,0.128051757812
38435,0.131103515625
38436,0.11328125
38437,0.114196777344
38438,0.115844726562
38439,0.117614746094
38440,0.172241210938
38441,0.165405273438
38442,0.14111328125
38443,0.118591308594
38444,0.116577148438
38445,0.116333007812
38446,0.118896484375
38447,0.118286132812
38448,0.118347167969
38449,0.119750976562
38450,0.135375976562
38451,0.127319335938
38452,0.109802246094
38453,0.115600585938
38454,0.116088867188
38455,0.115905761719
38456,0.141357421875
38457,0.147094726562
38458,0.14599609375
38459,0.124450683594
38460,0.133422851562
38461,0.135498046875
38462,0.133178710938
38463,0.129516601562
38464,0.130004882812
38465,0.131469726562
38466,0.136596679688
38467,0.134643554688
38468,0.109252929688
38469,0.110656738281
38470,0.137817382812
38471,0.136840820312
38472,0.13818359375
38473,0.115539550781
38474,0.119567871094
38475,0.110656738281
38476,0.101928710938
38477,0.11376953125
38478,0.115112304688
38479,0.14111328125
38480,0.138916015625
38481,0.145751953125
38482,0.144775390625
38483,0.136840820312
38484,0.121154785156
38485,0.122619628906
38486,0.13232421875
38487,0.1337890625
38488,0.133911132812
38489,0.171997070312
38490,0.253662109375
38491,0.221069335938
38492,0.218994140625
38493,0.202026367188
38494,0.202026367188
38495,0.198486328125
38496,0.2041015625
38497,0.1923828125
38498,0.192993164062
38499,0.186767578125
38500,0.133422851562
38501,0.157958984375
38502,0.158935546875
38503,0.15869140625
38504,0.178344726562
38505,0.181274414062
38506,0.202514648438
38507,0.201293945312
38508,0.202880859375
38509,0.202514648438
38510,0.1953125
38511,0.196044921875
38512,0.186401367188
38513,0.19873046875
38514,0.210205078125
38515,0.210327148438
38516,0.130004882812
38517,0.129150390625
38518,0.137084960938
38519,0.137329101562
38520,0.136596679688
38521,0.146240234375
38522,0.160034179688
38523,0.16845703125
38524,0.161376953125
38525,0.17236328125
38526,0.152709960938
38527,0.146728515625
38528,0.144287109375
38529,0.141845703125
38530,0.145385742188
38531,0.14990234375
38532,0.132934570312
38533,0.133911132812
38534,0.146240234375
38535,0.146362304688
38536,0.146240234375
38537,0.147705078125
38538,0.1611328125
38539,0.147705078125
38540,0.157836914062
38541,0.168334960938
38542,0.155151367188
38543,0.13720703125
38544,0.142333984375
38545,0.157104492188
38546,0.167114257812
38547,0.164916992188
38548,0.131958007812
38549,0.132568359375
38550,0.144775390625
38551,0.163330078125
38552,0.185302734375
38553,0.181030273438
38554,0.180908203125
38555,0.136840820312
38556,0.137329101562
38557,0.13720703125
38558,0.122802734375
38559,0.122863769531
38560,0.123107910156
38561,0.132080078125
38562,0.163940429688
38563,0.169921875
38564,0.129150390625
38565,0.134887695312
38566,0.142822265625
38567,0.15234375
38568,0.14892578125
38569,0.143798828125
38570,0.1484375
38571,0.148193359375
38572,0.148681640625
38573,0.149047851562
38574,0.164306640625
38575,0.14013671875
38576,0.136840820312
38577,0.13525390625
38578,0.130615234375
38579,0.141479492188
38580,0.135375976562
38581,0.137084960938
38582,0.15283203125
38583,0.146606445312
38584,0.149169921875
38585,0.17822265625
38586,0.177124023438
38587,0.17919921875
38588,0.180053710938
38589,0.149658203125
38590,0.149536132812
38591,0.143798828125
38592,0.144897460938
38593,0.147705078125
38594,0.157104492188
38595,0.159545898438
38596,0.150024414062
38597,0.134033203125
38598,0.134765625
38599,0.134765625
38600,0.139038085938
38601,0.140747070312
38602,0.137451171875
38603,0.153930664062
38604,0.153442382812
38605,0.16162109375
38606,0.182006835938
38607,0.207641601562
38608,0.200317382812
38609,0.1689453125
38610,0.170043945312
38611,0.171508789062
38612,0.12841796875
38613,0.129760742188
38614,0.17822265625
38615,0.177734375
38616,0.1669921875
38617,0.16748046875
38618,0.168090820312
38619,0.168579101562
38620,0.160888671875
38621,0.161743164062
38622,0.165405273438
38623,0.175048828125
38624,0.167602539062
38625,0.166259765625
38626,0.1640625
38627,0.14990234375
38628,0.176025390625
38629,0.17041015625
38630,0.169555664062
38631,0.170288085938
38632,0.179443359375
38633,0.1630859375
38634,0.1650390625
38635,0.163208007812
38636,0.168823242188
38637,0.173461914062
38638,0.174194335938
38639,0.173706054688
38640,0.169799804688
38641,0.177001953125
38642,0.1640625
38643,0.159423828125
38644,0.133422851562
38645,0.135864257812
38646,0.137451171875
38647,0.137084960938
38648,0.13818359375
38649,0.137939453125
38650,0.136108398438
38651,0.138671875
38652,0.141479492188
38653,0.1513671875
38654,0.156494140625
38655,0.15576171875
38656,0.153930664062
38657,0.155883789062
38658,0.14599609375
38659,0.146606445312
38660,0.132446289062
38661,0.132202148438
38662,0.1337890625
38663,0.134521484375
38664,0.135986328125
38665,0.154296875
38666,0.152954101562
38667,0.166748046875
38668,0.166259765625
38669,0.165161132812
38670,0.158935546875
38671,0.156982421875
38672,0.156616210938
38673,0.15283203125
38674,0.150024414062
38675,0.151489257812
38676,0.133666992188
38677,0.134033203125
38678,0.139526367188
38679,0.137817382812
38680,0.147216796875
38681,0.146362304688
38682,0.148193359375
38683,0.15771484375
38684,0.142822265625
38685,0.15576171875
38686,0.155517578125
38687,0.169799804688
38688,0.159057617188
38689,0.153076171875
38690,0.145874023438
38691,0.149047851562
38692,0.16943359375
38693,0.169067382812
38694,0.169555664062
38695,0.1669921875
38696,0.16748046875
38697,0.169799804688
38698,0.17041015625
38699,0.17138671875
38700,0.14013671875
38701,0.142578125
38702,0.14501953125
38703,0.144653320312
38704,0.144409179688
38705,0.13623046875
38706,0.137329101562
38707,0.139282226562
38708,0.120361328125
38709,0.1220703125
38710,0.121887207031
38711,0.145751953125
38712,0.145263671875
38713,0.144165039062
38714,0.143188476562
38715,0.143188476562
38716,0.142700195312
38717,0.139526367188
38718,0.139526367188
38719,0.138793945312
38720,0.14013671875
38721,0.123229980469
38722,0.124633789062
38723,0.123840332031
38724,0.119995117188
38725,0.11279296875
38726,0.119079589844
38727,0.121154785156
38728,0.135864257812
38729,0.128784179688
38730,0.135009765625
38731,0.137329101562
38732,0.135620117188
38733,0.13623046875
38734,0.136596679688
38735,0.137573242188
38736,0.162963867188
38737,0.152709960938
38738,0.1484375
38739,0.158813476562
38740,0.1396484375
38741,0.14501953125
38742,0.12744140625
38743,0.130004882812
38744,0.131591796875
38745,0.152465820312
38746,0.154907226562
38747,0.150268554688
38748,0.13623046875
38749,0.133544921875
38750,0.133666992188
38751,0.13623046875
38752,0.137817382812
38753,0.134887695312
38754,0.135620117188
38755,0.18017578125
38756,0.116882324219
38757,0.117614746094
38758,0.122924804688
38759,0.144775390625
38760,0.143920898438
38761,0.136352539062
38762,0.127685546875
38763,0.125244140625
38764,0.125854492188
38765,0.125244140625
38766,0.123168945312
38767,0.134033203125
38768,0.134399414062
38769,0.137573242188
38770,0.130493164062
38771,0.12939453125
38772,0.146240234375
38773,0.146606445312
38774,0.146362304688
38775,0.147216796875
38776,0.146850585938
38777,0.156372070312
38778,0.155395507812
38779,0.15478515625
38780,0.153076171875
38781,0.155517578125
38782,0.132568359375
38783,0.131958007812
38784,0.154663085938
38785,0.156372070312
38786,0.142456054688
38787,0.14697265625
38788,0.125854492188
38789,0.130249023438
38790,0.152221679688
38791,0.184204101562
38792,0.124145507812
38793,0.118896484375
38794,0.126953125
38795,0.126220703125
38796,0.126098632812
38797,0.132690429688
38798,0.129760742188
38799,0.129028320312
38800,0.129150390625
38801,0.1298828125
38802,0.129028320312
38803,0.13720703125
38804,0.142333984375
38805,0.135620117188
38806,0.163452148438
38807,0.155151367188
38808,0.159057617188
38809,0.158203125
38810,0.15185546875
38811,0.144897460938
38812,0.145751953125
38813,0.14697265625
38814,0.140869140625
38815,0.135131835938
38816,0.160766601562
38817,0.162353515625
38818,0.163452148438
38819,0.193115234375
38820,0.122924804688
38821,0.148315429688
38822,0.146362304688
38823,0.144775390625
38824,0.13330078125
38825,0.13232421875
38826,0.133544921875
38827,0.130615234375
38828,0.150390625
38829,0.147583007812
38830,0.155151367188
38831,0.155517578125
38832,0.155029296875
38833,0.154907226562
38834,0.13720703125
38835,0.139770507812
38836,0.123046875
38837,0.122924804688
38838,0.125122070312
38839,0.136962890625
38840,0.140380859375
38841,0.145751953125
38842,0.14453125
38843,0.158325195312
38844,0.15673828125
38845,0.176025390625
38846,0.17578125
38847,0.155883789062
38848,0.156005859375
38849,0.168579101562
38850,0.1787109375
38851,0.181030273438
38852,0.125854492188
38853,0.143798828125
38854,0.145385742188
38855,0.14892578125
38856,0.1494140625
38857,0.175415039062
38858,0.173461914062
38859,0.202270507812
38860,0.203247070312
38861,0.20263671875
38862,0.166870117188
38863,0.166748046875
38864,0.16552734375
38865,0.1796875
38866,0.162231445312
38867,0.156982421875
38868,0.149536132812
38869,0.15673828125
38870,0.15771484375
38871,0.157592773438
38872,0.158203125
38873,0.148559570312
38874,0.133422851562
38875,0.143920898438
38876,0.168090820312
38877,0.160888671875
38878,0.160766601562
38879,0.169921875
38880,0.16259765625
38881,0.162475585938
38882,0.162963867188
38883,0.182983398438
38884,0.117126464844
38885,0.120178222656
38886,0.135986328125
38887,0.1376953125
38888,0.137939453125
38889,0.134521484375
38890,0.132568359375
38891,0.141723632812
38892,0.145751953125
38893,0.158081054688
38894,0.141235351562
38895,0.14208984375
38896,0.141235351562
38897,0.140747070312
38898,0.139038085938
38899,0.141235351562
38900,0.154174804688
38901,0.143432617188
38902,0.149169921875
38903,0.15234375
38904,0.1396484375
38905,0.138549804688
38906,0.14013671875
38907,0.141967773438
38908,0.1474609375
38909,0.1552734375
38910,0.153930664062
38911,0.154052734375
38912,0.150390625
38913,0.162353515625
38914,0.176879882812
38915,0.178466796875
38916,0.123962402344
38917,0.144897460938
38918,0.146484375
38919,0.144653320312
38920,0.14453125
38921,0.142578125
38922,0.140869140625
38923,0.129638671875
38924,0.129272460938
38925,0.127197265625
38926,0.125366210938
38927,0.152709960938
38928,0.1435546875
38929,0.135009765625
38930,0.148071289062
38931,0.150512695312
38932,0.129638671875
38933,0.129516601562
38934,0.135986328125
38935,0.16552734375
38936,0.1611328125
38937,0.160888671875
38938,0.173828125
38939,0.172973632812
38940,0.175170898438
38941,0.173217773438
38942,0.159545898438
38943,0.159912109375
38944,0.161743164062
38945,0.1650390625
38946,0.180419921875
38947,0.18798828125
38948,0.12841796875
38949,0.1298828125
38950,0.129516601562
38951,0.1396484375
38952,0.138427734375
38953,0.144165039062
38954,0.154663085938
38955,0.1552734375
38956,0.167236328125
38957,0.168334960938
38958,0.168212890625
38959,0.128662109375
38960,0.13232421875
38961,0.133422851562
38962,0.1318359375
38963,0.132568359375
38964,0.142578125
38965,0.143798828125
38966,0.135498046875
38967,0.1357421875
38968,0.150390625
38969,0.166625976562
38970,0.191650390625
38971,0.17236328125
38972,0.171997070312
38973,0.175048828125
38974,0.173095703125
38975,0.15234375
38976,0.160766601562
38977,0.152099609375
38978,0.151733398438
38979,0.134521484375
38980,0.123901367188
38981,0.128540039062
38982,0.133911132812
38983,0.133666992188
38984,0.133422851562
38985,0.138427734375
38986,0.137451171875
38987,0.132690429688
38988,0.131225585938
38989,0.132568359375
38990,0.147705078125
38991,0.1494140625
38992,0.14990234375
38993,0.148071289062
38994,0.157592773438
38995,0.135009765625
38996,0.12548828125
38997,0.126953125
38998,0.130859375
38999,0.160766601562
39000,0.159423828125
39001,0.157836914062
39002,0.157348632812
39003,0.157348632812
39004,0.168334960938
39005,0.152221679688
39006,0.163940429688
39007,0.188232421875
39008,0.19287109375
39009,0.133422851562
39010,0.178833007812
39011,0.171997070312
39012,0.162231445312
39013,0.16162109375
39014,0.151123046875
39015,0.147094726562
39016,0.148193359375
39017,0.145263671875
39018,0.151611328125
39019,0.151733398438
39020,0.151123046875
39021,0.149536132812
39022,0.15087890625
39023,0.150634765625
39024,0.149780273438
39025,0.150390625
39026,0.141479492188
39027,0.141845703125
39028,0.1259765625
39029,0.1298828125
39030,0.123779296875
39031,0.123046875
39032,0.127319335938
39033,0.127563476562
39034,0.141723632812
39035,0.140502929688
39036,0.137329101562
39037,0.136474609375
39038,0.155883789062
39039,0.164184570312
39040,0.157592773438
39041,0.158447265625
39042,0.188110351562
39043,0.1865234375
39044,0.147705078125
39045,0.17822265625
39046,0.181030273438
39047,0.162231445312
39048,0.168334960938
39049,0.1484375
39050,0.149780273438
39051,0.156982421875
39052,0.146240234375
39053,0.150024414062
39054,0.148315429688
39055,0.154296875
39056,0.1650390625
39057,0.160034179688
39058,0.160400390625
39059,0.16357421875
39060,0.143432617188
39061,0.122802734375
39062,0.1298828125
39063,0.129150390625
39064,0.124694824219
39065,0.134887695312
39066,0.133544921875
39067,0.13330078125
39068,0.132446289062
39069,0.133422851562
39070,0.134399414062
39071,0.13671875
39072,0.149780273438
39073,0.123352050781
39074,0.122497558594
39075,0.12353515625
39076,0.13671875
39077,0.1318359375
39078,0.142211914062
39079,0.130126953125
39080,0.142944335938
39081,0.139892578125
39082,0.13671875
39083,0.147094726562
39084,0.13818359375
39085,0.13623046875
39086,0.137329101562
39087,0.146362304688
39088,0.145751953125
39089,0.146728515625
39090,0.137084960938
39091,0.139526367188
39092,0.138427734375
39093,0.14208984375
39094,0.142944335938
39095,0.142456054688
39096,0.146850585938
39097,0.146240234375
39098,0.147827148438
39099,0.152954101562
39100,0.13818359375
39101,0.137939453125
39102,0.140258789062
39103,0.151123046875
39104,0.147338867188
39105,0.1474609375
39106,0.144287109375
39107,0.1455078125
39108,0.14208984375
39109,0.14111328125
39110,0.144775390625
39111,0.18701171875
39112,0.1865234375
39113,0.140747070312
39114,0.138671875
39115,0.139526367188
39116,0.134399414062
39117,0.147216796875
39118,0.143188476562
39119,0.144775390625
39120,0.144165039062
39121,0.144165039062
39122,0.125
39123,0.139038085938
39124,0.132568359375
39125,0.134521484375
39126,0.135009765625
39127,0.167602539062
39128,0.167114257812
39129,0.179077148438
39130,0.179565429688
39131,0.171508789062
39132,0.17236328125
39133,0.171997070312
39134,0.171997070312
39135,0.186401367188
39136,0.171630859375
39137,0.171630859375
39138,0.184326171875
39139,0.168334960938
39140,0.1259765625
39141,0.125244140625
39142,0.126953125
39143,0.126831054688
39144,0.125854492188
39145,0.139038085938
39146,0.148681640625
39147,0.149169921875
39148,0.156127929688
39149,0.155883789062
39150,0.123291015625
39151,0.124938964844
39152,0.122741699219
39154,0.122863769531
39155,0.141479492188
39156,0.14013671875
39157,0.120666503906
39158,0.121032714844
39159,0.121948242188
39160,0.121398925781
39161,0.122314453125
39162,0.124816894531
39163,0.129028320312
39164,0.129638671875
39165,0.131469726562
39166,0.144165039062
39167,0.14501953125
39168,0.141479492188
39169,0.151611328125
39170,0.1533203125
39171,0.154541015625
39172,0.148315429688
39173,0.118103027344
39174,0.123291015625
39175,0.129150390625
39176,0.123718261719
39177,0.146240234375
39178,0.1435546875
39179,0.144897460938
39180,0.14453125
39181,0.14697265625
39182,0.125854492188
39183,0.144897460938
39184,0.140625
39185,0.140625
39186,0.139892578125
39187,0.14013671875
39188,0.143798828125
39189,0.121459960938
39190,0.127319335938
39191,0.148315429688
39192,0.150634765625
39193,0.133056640625
39194,0.1337890625
39195,0.146484375
39196,0.135131835938
39197,0.135498046875
39198,0.135131835938
39199,0.13720703125
39200,0.14697265625
39201,0.157592773438
39202,0.1513671875
39203,0.190063476562
39204,0.188842773438
39205,0.132080078125
39206,0.13232421875
39207,0.13330078125
39208,0.133422851562
39209,0.135620117188
39210,0.13671875
39211,0.1748046875
39212,0.184692382812
39213,0.187622070312
39214,0.168212890625
39215,0.16845703125
39216,0.171752929688
39217,0.172973632812
39218,0.152465820312
39219,0.120727539062
39220,0.122924804688
39221,0.118103027344
39222,0.116882324219
39223,0.11669921875
39224,0.126586914062
39225,0.134887695312
39226,0.154418945312
39227,0.154052734375
39228,0.144653320312
39229,0.146118164062
39230,0.151245117188
39231,0.136352539062
39232,0.186889648438
39233,0.175415039062
39234,0.1708984375
39235,0.151489257812
39236,0.152587890625
39237,0.152221679688
39238,0.149047851562
39239,0.151611328125
39240,0.139892578125
39241,0.143798828125
39242,0.144165039062
39243,0.1455078125
39244,0.144287109375
39245,0.145629882812
39246,0.1650390625
39247,0.14892578125
39248,0.146362304688
39249,0.178466796875
39250,0.17138671875
39251,0.16943359375
39252,0.148559570312
39253,0.133544921875
39254,0.13427734375
39255,0.137329101562
39256,0.130737304688
39257,0.130859375
39258,0.138549804688
39259,0.136352539062
39260,0.148315429688
39261,0.127685546875
39262,0.127319335938
39263,0.1376953125
39264,0.137084960938
39265,0.136962890625
39266,0.137084960938
39267,0.1318359375
39268,0.127197265625
39269,0.120056152344
39270,0.119018554688
39271,0.112731933594
39272,0.1181640625
39273,0.118225097656
39274,0.124633789062
39275,0.121276855469
39276,0.120788574219
39277,0.134399414062
39278,0.143188476562
39279,0.147583007812
39280,0.145385742188
39281,0.143676757812
39282,0.153564453125
39283,0.151733398438
39284,0.146484375
39285,0.1220703125
39286,0.123107910156
39287,0.126953125
39288,0.126831054688
39289,0.129516601562
39290,0.130981445312
39291,0.1318359375
39292,0.131958007812
39293,0.128662109375
39294,0.12939453125
39295,0.128295898438
39296,0.16015625
39297,0.160400390625
39298,0.161376953125
39299,0.162353515625
39300,0.161743164062
39301,0.12158203125
39302,0.12939453125
39303,0.131103515625
39304,0.128540039062
39305,0.128295898438
39306,0.138793945312
39307,0.138549804688
39308,0.133544921875
39309,0.133544921875
39310,0.136840820312
39311,0.137939453125
39312,0.138916015625
39313,0.151611328125
39314,0.150512695312
39315,0.151733398438
39316,0.1455078125
39317,0.135009765625
39318,0.128295898438
39319,0.15478515625
39320,0.153686523438
39321,0.15380859375
39322,0.145141601562
39323,0.145629882812
39324,0.143920898438
39325,0.144653320312
39326,0.141235351562
39327,0.13720703125
39328,0.147705078125
39329,0.14697265625
39330,0.138427734375
39331,0.139404296875
39332,0.13916015625
39333,0.134155273438
39334,0.135131835938
39335,0.135864257812
39336,0.13330078125
39337,0.135131835938
39338,0.149536132812
39339,0.157104492188
39340,0.144653320312
39341,0.1455078125
39342,0.134643554688
39343,0.15478515625
39344,0.15576171875
39345,0.155029296875
39346,0.155517578125
39347,0.14404296875
39348,0.149536132812
39349,0.119812011719
39350,0.138671875
39351,0.138061523438
39352,0.14306640625
39353,0.141723632812
39354,0.147827148438
39355,0.14892578125
39356,0.151977539062
39357,0.150634765625
39358,0.147583007812
39359,0.148071289062
39360,0.125854492188
39361,0.127075195312
39362,0.128173828125
39363,0.128173828125
39364,0.129272460938
39365,0.122436523438
39366,0.120483398438
39367,0.121520996094
39368,0.132446289062
39369,0.122009277344
39370,0.122985839844
39371,0.130004882812
39372,0.135009765625
39373,0.139404296875
39374,0.142700195312
39375,0.14208984375
39376,0.129760742188
39377,0.1376953125
39378,0.150390625
39379,0.150390625
39380,0.148803710938
39381,0.117980957031
39382,0.124877929688
39383,0.11376953125
39384,0.112365722656
39385,0.112365722656
39386,0.119812011719
39387,0.130004882812
39388,0.134521484375
39389,0.134521484375
39390,0.134155273438
39391,0.132568359375
39392,0.132690429688
39393,0.133911132812
39394,0.135986328125
39395,0.138549804688
39396,0.13330078125
39397,0.114074707031
39398,0.14501953125
39399,0.144897460938
39400,0.12890625
39401,0.129638671875
39402,0.139770507812
39403,0.141235351562
39404,0.1689453125
39405,0.154296875
39406,0.143432617188
39407,0.1435546875
39408,0.144165039062
39409,0.144775390625
39410,0.157958984375
39411,0.15771484375
39412,0.162475585938
39413,0.117553710938
39414,0.143676757812
39415,0.146728515625
39416,0.146850585938
39417,0.155517578125
39418,0.15576171875
39419,0.156860351562
39420,0.15771484375
39421,0.156982421875
39422,0.163696289062
39423,0.137451171875
39424,0.136962890625
39425,0.1396484375
39426,0.14013671875
39427,0.140625
39428,0.141479492188
39429,0.111511230469
39430,0.112426757812
39431,0.132934570312
39432,0.132934570312
39433,0.133178710938
39434,0.124145507812
39435,0.124755859375
39436,0.124816894531
39437,0.146728515625
39438,0.181884765625
39439,0.180541992188
39440,0.184814453125
39441,0.1484375
39442,0.1484375
39443,0.153198242188
39444,0.15869140625
39445,0.132934570312
39446,0.144775390625
39447,0.144653320312
39448,0.138549804688
39449,0.13427734375
39450,0.133544921875
39451,0.132934570312
39452,0.133666992188
39453,0.133422851562
39454,0.132568359375
39455,0.13427734375
39456,0.116516113281
39457,0.118347167969
39458,0.117431640625
39459,0.118774414062
39460,0.145141601562
39461,0.123352050781
39462,0.121887207031
39463,0.126831054688
39464,0.130981445312
39465,0.131713867188
39466,0.130981445312
39467,0.134765625
39468,0.147705078125
39469,0.173583984375
39470,0.160400390625
39471,0.16064453125
39472,0.155883789062
39473,0.15673828125
39474,0.176147460938
39475,0.1484375
39476,0.1474609375
39477,0.148193359375
39478,0.1494140625
39479,0.14404296875
39480,0.140991210938
39481,0.155151367188
39482,0.1552734375
39483,0.155639648438
39484,0.154052734375
39485,0.142944335938
39486,0.143432617188
39487,0.165771484375
39488,0.15625
39489,0.161376953125
39490,0.161743164062
39491,0.147094726562
39492,0.173095703125
39493,0.119445800781
39494,0.153442382812
39495,0.153442382812
39496,0.134033203125
39497,0.133056640625
39498,0.13232421875
39499,0.129028320312
39500,0.12646484375
39501,0.127685546875
39502,0.123352050781
39503,0.123657226562
39504,0.122924804688
39505,0.161010742188
39506,0.16064453125
39507,0.153564453125
39508,0.152709960938
39509,0.113159179688
39510,0.112243652344
39511,0.158447265625
39512,0.14794921875
39513,0.150146484375
39514,0.154907226562
39515,0.152954101562
39516,0.149536132812
39517,0.147827148438
39518,0.146850585938
39519,0.147094726562
39520,0.170166015625
39521,0.171997070312
39522,0.16259765625
39523,0.147338867188
39524,0.158569335938
39525,0.115356445312
39526,0.114562988281
39527,0.114807128906
39528,0.114624023438
39529,0.113037109375
39530,0.124633789062
39531,0.13818359375
39532,0.14990234375
39533,0.143310546875
39534,0.148681640625
39535,0.14794921875
39536,0.148071289062
39537,0.157958984375
39538,0.171875
39539,0.1728515625
39540,0.159057617188
39541,0.114379882812
39542,0.106018066406
39543,0.118774414062
39544,0.118041992188
39545,0.12060546875
39546,0.123107910156
39547,0.121459960938
39548,0.123962402344
39549,0.120971679688
39550,0.127319335938
39551,0.12744140625
39552,0.129760742188
39553,0.11669921875
39554,0.120239257812
39555,0.123596191406
39556,0.123596191406
39557,0.146850585938
39558,0.128662109375
39559,0.14501953125
39560,0.144287109375
39561,0.140258789062
39562,0.151245117188
39563,0.136596679688
39564,0.135986328125
39565,0.137451171875
39566,0.137573242188
39567,0.139404296875
39568,0.125610351562
39569,0.134033203125
39570,0.130004882812
39571,0.126708984375
39572,0.120849609375
39573,0.111450195312
39574,0.114685058594
39575,0.134399414062
39576,0.126953125
39577,0.1259765625
39578,0.13916015625
39579,0.132568359375
39580,0.13330078125
39581,0.130981445312
39582,0.13720703125
39583,0.135131835938
39584,0.134399414062
39585,0.121032714844
39586,0.121337890625
39587,0.121459960938
39588,0.140747070312
39589,0.12451171875
39590,0.12548828125
39591,0.124084472656
39592,0.123474121094
39593,0.120849609375
39594,0.125
39595,0.126220703125
39596,0.13330078125
39597,0.134399414062
39598,0.13427734375
39599,0.134887695312
39600,0.14208984375
39601,0.132690429688
39602,0.133911132812
39603,0.134155273438
39604,0.12744140625
39605,0.111328125
39606,0.125244140625
39607,0.125366210938
39608,0.126586914062
39609,0.126342773438
39610,0.127075195312
39611,0.128051757812
39612,0.157104492188
39613,0.15771484375
39614,0.157470703125
39615,0.157104492188
39616,0.156616210938
39617,0.157104492188
39618,0.168579101562
39619,0.141723632812
39620,0.142822265625
39621,0.115966796875
39622,0.11572265625
39623,0.114929199219
39624,0.116088867188
39625,0.115600585938
39626,0.115966796875
39627,0.159423828125
39628,0.145141601562
39629,0.149536132812
39630,0.140380859375
39631,0.14208984375
39632,0.153686523438
39633,0.139282226562
39634,0.1376953125
39635,0.125244140625
39636,0.116821289062
39637,0.124145507812
39638,0.127685546875
39639,0.125854492188
39640,0.126586914062
39641,0.130126953125
39642,0.12158203125
39643,0.1328125
39644,0.1357421875
39645,0.156616210938
39646,0.155395507812
39647,0.137573242188
39648,0.142333984375
39649,0.138916015625
39650,0.14599609375
39651,0.163696289062
39652,0.12158203125
39653,0.117858886719
39654,0.133544921875
39655,0.124389648438
39656,0.124938964844
39657,0.112548828125
39658,0.112487792969
39659,0.117126464844
39660,0.155029296875
39661,0.154296875
39662,0.1552734375
39663,0.156005859375
39664,0.148193359375
39665,0.14892578125
39666,0.149658203125
39667,0.151245117188
39668,0.145141601562
39669,0.106323242188
39670,0.109191894531
39671,0.111267089844
39672,0.109008789062
39673,0.108032226562
39674,0.109008789062
39675,0.108947753906
39676,0.110412597656
39677,0.112487792969
39678,0.110961914062
39679,0.120239257812
39680,0.120056152344
39681,0.108337402344
39682,0.107421875
39683,0.109313964844
39684,0.12744140625
39685,0.119750976562
39686,0.14208984375
39687,0.142211914062
39688,0.168334960938
39689,0.164428710938
39690,0.156127929688
39691,0.137451171875
39692,0.138793945312
39693,0.139770507812
39694,0.119140625
39695,0.1171875
39696,0.13525390625
39697,0.134033203125
39698,0.136108398438
39699,0.1396484375
39700,0.124267578125
39701,0.109436035156
39702,0.116455078125
39703,0.115173339844
39704,0.114013671875
39705,0.125366210938
39706,0.125732421875
39707,0.1279296875
39708,0.127197265625
39709,0.125732421875
39710,0.117919921875
39711,0.117065429688
39712,0.114990234375
39713,0.106872558594
39714,0.112731933594
39715,0.1181640625
39716,0.122619628906
39717,0.106750488281
39718,0.134765625
39719,0.136352539062
39720,0.139038085938
39721,0.13720703125
39722,0.129272460938
39723,0.131713867188
39724,0.130126953125
39725,0.132568359375
39726,0.131713867188
39727,0.133056640625
39728,0.128540039062
39729,0.12158203125
39730,0.119995117188
39731,0.119689941406
39732,0.117431640625
39733,0.108642578125
39734,0.109008789062
39735,0.109558105469
39736,0.110290527344
39737,0.1240234375
39738,0.130737304688
39739,0.126220703125
39740,0.127075195312
39741,0.130615234375
39742,0.12841796875
39743,0.12646484375
39744,0.127319335938
39745,0.132202148438
39746,0.137329101562
39747,0.139282226562
39748,0.138916015625
39749,0.1083984375
39750,0.108276367188
39751,0.108093261719
39752,0.107482910156
39753,0.117553710938
39754,0.132690429688
39755,0.130615234375
39756,0.12646484375
39757,0.130615234375
39758,0.135986328125
39759,0.139404296875
39760,0.140502929688
39761,0.121459960938
39762,0.1435546875
39763,0.142700195312
39764,0.137573242188
39765,0.112060546875
39766,0.13623046875
39767,0.117858886719
39768,0.126586914062
39769,0.126953125
39770,0.116333007812
39771,0.120788574219
39772,0.121459960938
39773,0.12939453125
39774,0.1298828125
39775,0.127685546875
39776,0.127075195312
39777,0.142211914062
39778,0.150756835938
39779,0.149047851562
39780,0.149291992188
39781,0.127075195312
39782,0.126586914062
39783,0.126098632812
39784,0.132690429688
39785,0.132446289062
39786,0.135131835938
39787,0.159790039062
39788,0.136596679688
39789,0.125854492188
39790,0.170043945312
39791,0.168090820312
39792,0.166870117188
39793,0.157836914062
39794,0.164184570312
39795,0.162353515625
39796,0.165161132812
39797,0.144897460938
39798,0.154907226562
39799,0.157836914062
39800,0.1572265625
39801,0.155639648438
39802,0.156005859375
39803,0.15771484375
39804,0.164428710938
39805,0.178588867188
39806,0.15234375
39807,0.148559570312
39808,0.149169921875
39809,0.136352539062
39810,0.136962890625
39811,0.136352539062
39812,0.150756835938
39813,0.112182617188
39814,0.113525390625
39815,0.11376953125
39816,0.113708496094
39817,0.114196777344
39818,0.115173339844
39819,0.114685058594
39820,0.135009765625
39821,0.129028320312
39822,0.124938964844
39823,0.125122070312
39824,0.125732421875
39825,0.134033203125
39826,0.15185546875
39827,0.184692382812
39828,0.173217773438
39829,0.116394042969
39830,0.116394042969
39831,0.13720703125
39832,0.1376953125
39833,0.1396484375
39834,0.13916015625
39835,0.139892578125
39836,0.15771484375
39837,0.156982421875
39838,0.152954101562
39839,0.152465820312
39840,0.15185546875
39841,0.152465820312
39842,0.153686523438
39843,0.149047851562
39844,0.150268554688
39845,0.117309570312
39846,0.115844726562
39847,0.116271972656
39848,0.117065429688
39849,0.113342285156
39850,0.114135742188
39851,0.113586425781
39852,0.115783691406
39853,0.115783691406
39854,0.114624023438
39855,0.114807128906
39856,0.11474609375
39857,0.155151367188
39858,0.1357421875
39859,0.1357421875
39860,0.135375976562
39861,0.110595703125
39862,0.120971679688
39863,0.109069824219
39864,0.112976074219
39865,0.11181640625
39866,0.111999511719
39867,0.120849609375
39868,0.123474121094
39869,0.13916015625
39870,0.170532226562
39871,0.13427734375
39872,0.154663085938
39873,0.158203125
39874,0.159301757812
39875,0.152709960938
39876,0.152221679688
39877,0.113525390625
39878,0.1318359375
39879,0.130615234375
39880,0.162231445312
39881,0.16015625
76637,0.149169921875
76638,0.14697265625
76639,0.146850585938
76640,0.148193359375
76641,0.149169921875
76642,0.148681640625
76643,0.143798828125
76644,0.121398925781
76645,0.121032714844
76646,0.122009277344
76647,0.145874023438
76648,0.146606445312
76649,0.147094726562
76650,0.183959960938
76651,0.183715820312
76652,0.173095703125
76653,0.184936523438
76654,0.195190429688
76655,0.194580078125
76656,0.161743164062
76657,0.1748046875
76658,0.1728515625
76659,0.173950195312
76660,0.134521484375
76661,0.169921875
76662,0.154174804688
76663,0.173583984375
76664,0.1796875
76665,0.167602539062
76666,0.162109375
76667,0.16162109375
76668,0.17529296875
76669,0.155395507812
76670,0.156372070312
76671,0.15625
76672,0.154052734375
76673,0.146240234375
76674,0.167724609375
76675,0.166748046875
76676,0.1259765625
76677,0.126098632812
76678,0.132202148438
76679,0.135864257812
76680,0.136352539062
76681,0.136474609375
76682,0.136474609375
76683,0.13525390625
76684,0.134765625
76685,0.148193359375
76686,0.1474609375
76687,0.136962890625
76688,0.132202148438
76689,0.134521484375
76690,0.134643554688
76691,0.13720703125
76692,0.122436523438
76693,0.122985839844
76694,0.127563476562
76695,0.127807617188
76696,0.1259765625
76697,0.124755859375
76698,0.125366210938
76699,0.125854492188
76700,0.126708984375
76701,0.126708984375
76702,0.126831054688
76703,0.13134765625
76704,0.151489257812
76705,0.150024414062
76706,0.151123046875
76707,0.151123046875
76708,0.122009277344
76709,0.125244140625
76710,0.129150390625
76711,0.129638671875
76712,0.129028320312
76713,0.130859375
76714,0.129516601562
76715,0.13037109375
76716,0.130249023438
76717,0.134765625
76718,0.133178710938
76719,0.133422851562
76720,0.135375976562
76721,0.126342773438
76722,0.1630859375
76723,0.169311523438
76724,0.119140625
76725,0.15478515625
76726,0.152709960938
76727,0.150756835938
76728,0.14990234375
76729,0.147705078125
76730,0.153076171875
76731,0.151611328125
76732,0.14208984375
76733,0.14111328125
76734,0.14013671875
76735,0.145751953125
76736,0.143188476562
76738,0.142822265625
76739,0.139282226562
76740,0.140625
76741,0.123413085938
76742,0.128051757812
76743,0.1357421875
76744,0.13671875
76745,0.134521484375
76746,0.138549804688
76747,0.1455078125
76748,0.143432617188
76749,0.14453125
76750,0.143432617188
76751,0.142700195312
76752,0.124450683594
76753,0.12451171875
76754,0.124328613281
76755,0.124267578125
76756,0.125732421875
76757,0.120178222656
76758,0.145263671875
76759,0.135131835938
76760,0.165405273438
76761,0.156372070312
76762,0.155883789062
76763,0.150512695312
76764,0.151245117188
76765,0.154296875
76766,0.153930664062
76767,0.153930664062
76768,0.14013671875
76769,0.140258789062
76770,0.14111328125
76771,0.142700195312
76772,0.163330078125
76773,0.127319335938
76774,0.124816894531
76775,0.124328613281
76776,0.126831054688
76777,0.128173828125
76778,0.140014648438
76779,0.140258789062
76780,0.146118164062
76781,0.14453125
76782,0.146484375
76783,0.148315429688
76784,0.132080078125
76785,0.1435546875
76786,0.142211914062
76787,0.141723632812
76788,0.14306640625
76789,0.125122070312
76790,0.124633789062
76791,0.123779296875
76792,0.124084472656
76793,0.122131347656
76794,0.123413085938
76795,0.1279296875
76796,0.128173828125
76797,0.116516113281
76798,0.115905761719
76799,0.116333007812
76800,0.116455078125
76801,0.116943359375
76802,0.117431640625
76803,0.116088867188
76804,0.124084472656
76805,0.1298828125
76806,0.129516601562
76807,0.130126953125
76808,0.133056640625
76809,0.134521484375
76810,0.135498046875
76811,0.13232421875
76812,0.1298828125
76813,0.130004882812
76814,0.129760742188
76815,0.141235351562
76816,0.140625
76817,0.1396484375
76818,0.146484375
76819,0.146606445312
76820,0.147338867188
76821,0.130737304688
76822,0.134399414062
76823,0.135375976562
76824,0.13671875
76825,0.13623046875
76826,0.137573242188
76827,0.136108398438
76828,0.161743164062
76829,0.159790039062
76830,0.153198242188
76831,0.15478515625
76832,0.155395507812
76833,0.154907226562
76834,0.155639648438
76835,0.156005859375
76836,0.175903320312
76837,0.133422851562
76838,0.13671875
76839,0.135864257812
76840,0.135498046875
76841,0.16259765625
76842,0.160766601562
76843,0.1591796875
76844,0.161254882812
76845,0.16162109375
76846,0.161010742188
76847,0.1591796875
76848,0.15869140625
76849,0.18603515625
76850,0.185302734375
76851,0.193969726562
76852,0.194580078125
76853,0.132446289062
76854,0.150268554688
76855,0.150268554688
76856,0.149291992188
76857,0.164184570312
76858,0.165771484375
76859,0.15234375
76860,0.181396484375
76861,0.182861328125
76862,0.182739257812
76863,0.180786132812
76864,0.1796875
76865,0.179931640625
76866,0.17919921875
76867,0.167236328125
76868,0.167724609375
76869,0.131591796875
76870,0.130493164062
76871,0.135131835938
76872,0.16015625
76873,0.150024414062
76874,0.1494140625
76875,0.149658203125
76876,0.15673828125
76877,0.157470703125
76878,0.187255859375
76879,0.162475585938
76880,0.183349609375
76881,0.183227539062
76882,0.182861328125
76883,0.168823242188
76884,0.168090820312
76885,0.130737304688
76886,0.170166015625
76887,0.168579101562
76888,0.158813476562
76889,0.158325195312
76890,0.155883789062
76891,0.15576171875
76892,0.1728515625
76893,0.193481445312
76894,0.19384765625
76895,0.175048828125
76896,0.175415039062
76897,0.176513671875
76898,0.17626953125
76899,0.175415039062
76900,0.175170898438
76901,0.127319335938
76902,0.131591796875
76903,0.12890625
76904,0.128051757812
76905,0.128540039062
76906,0.1298828125
76907,0.12939453125
76908,0.15380859375
76909,0.151123046875
76910,0.150268554688
76911,0.14990234375
76912,0.16796875
76913,0.16748046875
76914,0.1689453125
76915,0.1689453125
76916,0.168701171875
76917,0.135131835938
76918,0.162109375
76919,0.161254882812
76920,0.160766601562
76921,0.160522460938
76922,0.161376953125
76923,0.160400390625
76924,0.160400390625
76925,0.157958984375
76926,0.157958984375
76927,0.1494140625
76928,0.149047851562
76929,0.144287109375
76930,0.1435546875
76931,0.142700195312
76932,0.139770507812
76933,0.14111328125
76934,0.138549804688
76935,0.13330078125
76936,0.132568359375
76937,0.132202148438
76938,0.1328125
76939,0.145263671875
76940,0.144775390625
76941,0.14990234375
76942,0.143676757812
76943,0.140380859375
76944,0.14990234375
76945,0.14990234375
76946,0.149291992188
76947,0.167236328125
76948,0.1787109375
76949,0.133666992188
76950,0.135375976562
76951,0.135498046875
76952,0.174560546875
76953,0.141479492188
76954,0.1455078125
76955,0.169311523438
76956,0.168334960938
76957,0.168701171875
76958,0.169311523438
76959,0.168579101562
76960,0.16845703125
76961,0.168823242188
76962,0.169189453125
76963,0.160766601562
76964,0.1552734375
76965,0.125
76966,0.169189453125
76967,0.148559570312
76968,0.14697265625
76969,0.146240234375
76970,0.14599609375
76971,0.14599609375
76972,0.150634765625
76973,0.14697265625
76974,0.147338867188
76975,0.142456054688
76976,0.132568359375
76977,0.133178710938
76978,0.1328125
76979,0.135009765625
76980,0.148193359375
76981,0.127563476562
76982,0.1357421875
76983,0.135009765625
76984,0.133422851562
76985,0.133544921875
76986,0.134643554688
76987,0.132934570312
76988,0.132568359375
76989,0.133178710938
76990,0.133544921875
76991,0.14208984375
76992,0.141723632812
76993,0.141845703125
76994,0.143432617188
76995,0.142211914062
76996,0.142700195312
76997,0.144409179688
76998,0.1748046875
76999,0.174438476562
77000,0.17626953125
77001,0.175415039062
77002,0.174682617188
77003,0.152099609375
77004,0.152465820312
77005,0.16943359375
77006,0.241333007812
77007,0.222045898438
77008,0.225952148438
77009,0.225219726562
77010,0.223022460938
77011,0.22265625
77012,0.223388671875
77013,0.134033203125
77014,0.145385742188
77015,0.145385742188
77016,0.19091796875
77017,0.192260742188
77018,0.191528320312
77019,0.193237304688
77020,0.192993164062
77021,0.1767578125
77022,0.179321289062
77023,0.188354492188
77024,0.191650390625
77025,0.181396484375
77026,0.178833007812
77027,0.155639648438
77028,0.160522460938
77029,0.13134765625
77030,0.134155273438
77031,0.165283203125
77032,0.160522460938
77033,0.16357421875
77034,0.161499023438
77035,0.183959960938
77036,0.19580078125
77037,0.182495117188
77038,0.181762695312
77039,0.183227539062
77040,0.182495117188
77041,0.182495117188
77042,0.17138671875
77043,0.167724609375
77044,0.169189453125
77045,0.163208007812
77046,0.162475585938
77047,0.162963867188
77048,0.20263671875
77049,0.143798828125
77050,0.142822265625
77051,0.170288085938
77052,0.155639648438
77053,0.156372070312
77054,0.1533203125
77055,0.154541015625
77056,0.1650390625
77057,0.16552734375
77058,0.176879882812
77059,0.17529296875
77060,0.167602539062
77061,0.12890625
77062,0.1328125
77063,0.168579101562
77064,0.168334960938
77065,0.166870117188
77066,0.198120117188
77067,0.198974609375
77068,0.21240234375
77069,0.210693359375
77070,0.18603515625
77071,0.215454101562
77072,0.227783203125
77073,0.218505859375
77074,0.22021484375
77075,0.22021484375
77076,0.176391601562
77077,0.141845703125
77078,0.14111328125
77079,0.139770507812
77080,0.140380859375
77081,0.134399414062
77082,0.142822265625
77083,0.158569335938
77084,0.1552734375
77085,0.156982421875
77086,0.166381835938
77087,0.169555664062
77088,0.166625976562
77089,0.165161132812
77090,0.207885742188
77091,0.185302734375
77092,0.1875
77093,0.131469726562
77094,0.133178710938
77095,0.146118164062
77096,0.144653320312
77097,0.147705078125
77098,0.148681640625
77099,0.15087890625
77100,0.144775390625
77101,0.148193359375
77102,0.150390625
77103,0.150024414062
77104,0.131103515625
77105,0.130126953125
77106,0.131958007812
77107,0.146728515625
77108,0.142211914062
77109,0.128173828125
77110,0.129272460938
77111,0.1357421875
77112,0.166137695312
77113,0.17578125
77114,0.17578125
77115,0.169311523438
77116,0.168823242188
77117,0.16943359375
77118,0.167358398438
77119,0.14453125
77120,0.147216796875
77121,0.150390625
77122,0.150756835938
77123,0.133666992188
77124,0.132568359375
77125,0.160888671875
77126,0.162353515625
77127,0.127563476562
77128,0.1455078125
77129,0.144409179688
77130,0.144897460938
77131,0.145263671875
77132,0.13671875
77133,0.13427734375
77134,0.149291992188
77135,0.142822265625
77136,0.142944335938
77137,0.142822265625
77138,0.146484375
77139,0.145263671875
77140,0.143310546875
77141,0.124206542969
77142,0.125732421875
77143,0.132934570312
77144,0.1328125
77145,0.133422851562
77146,0.127807617188
77147,0.130981445312
77148,0.131713867188
77149,0.132690429688
77150,0.165893554688
77151,0.167236328125
77152,0.167236328125
77153,0.164916992188
77154,0.164184570312
77155,0.161010742188
77156,0.172241210938
77157,0.126220703125
77158,0.126586914062
77159,0.137573242188
77160,0.139770507812
77161,0.14111328125
77162,0.145141601562
77163,0.155151367188
77164,0.157104492188
77165,0.158447265625
77166,0.160034179688
77167,0.170532226562
77168,0.171020507812
77169,0.175903320312
77170,0.179931640625
77171,0.16650390625
77172,0.165771484375
77173,0.127685546875
77174,0.127807617188
77175,0.149536132812
77176,0.18212890625
77177,0.174194335938
77178,0.179321289062
77179,0.207641601562
77180,0.1845703125
77181,0.193359375
77182,0.188842773438
77183,0.18896484375
77184,0.1748046875
77185,0.178955078125
77186,0.177978515625
77187,0.175659179688
77188,0.176025390625
77189,0.132568359375
77190,0.158569335938
77191,0.15625
77192,0.151489257812
77193,0.153442382812
77194,0.169799804688
77195,0.15625
77196,0.156372070312
77197,0.176635742188
77198,0.177978515625
77199,0.18798828125
77200,0.179931640625
77201,0.175903320312
77202,0.166137695312
77203,0.165771484375
77204,0.165893554688
77205,0.13330078125
77206,0.135498046875
77207,0.134399414062
77208,0.155029296875
77209,0.16357421875
77210,0.153198242188
77211,0.15283203125
77212,0.170043945312
77213,0.169311523438
77214,0.13720703125
77215,0.13916015625
77216,0.147705078125
77217,0.15478515625
77218,0.151245117188
77219,0.151245117188
77220,0.135131835938
77221,0.132934570312
77222,0.133666992188
77223,0.13525390625
77224,0.134033203125
77225,0.130493164062
77226,0.129272460938
77227,0.128540039062
77228,0.128173828125
77229,0.1435546875
77230,0.143676757812
77231,0.140625
77232,0.148559570312
77233,0.148315429688
77234,0.147094726562
77235,0.14794921875
77236,0.147705078125
77237,0.150756835938
77238,0.15087890625
77239,0.150024414062
77240,0.141357421875
77241,0.148681640625
77242,0.151611328125
77243,0.1513671875
77244,0.151000976562
77245,0.1484375
77246,0.147094726562
77247,0.148193359375
77248,0.148315429688
77249,0.147338867188
77250,0.148193359375
77251,0.146118164062
77252,0.1474609375
77253,0.133666992188
77254,0.1357421875
77255,0.141723632812
77256,0.142456054688
77257,0.148193359375
77258,0.144287109375
77259,0.143676757812
77260,0.14208984375
77261,0.141845703125
77262,0.14697265625
77263,0.146484375
77264,0.1416015625
77265,0.146118164062
77266,0.1416015625
77267,0.137084960938
77268,0.134765625
77269,0.135375976562
77270,0.138427734375
77271,0.138671875
77272,0.137939453125
77273,0.145751953125
77274,0.145874023438
77275,0.14697265625
77276,0.1435546875
77277,0.145629882812
77278,0.1455078125
77279,0.136352539062
77280,0.13818359375
77281,0.177490234375
77282,0.177856445312
77283,0.177612304688
77284,0.176391601562
77285,0.12939453125
77286,0.13232421875
77287,0.156372070312
77288,0.1552734375
77289,0.155517578125
77290,0.155029296875
77291,0.151489257812
77292,0.150512695312
77293,0.166381835938
77294,0.155517578125
77295,0.152099609375
77296,0.151733398438
77297,0.1513671875
77298,0.160034179688
77299,0.157592773438
77300,0.158325195312
77301,0.126586914062
77302,0.128295898438
77303,0.128295898438
77304,0.1357421875
77305,0.1357421875
77306,0.140625
77307,0.159790039062
77308,0.160278320312
77309,0.159545898438
77310,0.161254882812
77311,0.153442382812
77312,0.167846679688
77313,0.168090820312
77314,0.160888671875
77315,0.158569335938
77316,0.157348632812
77317,0.158935546875
77318,0.15869140625
77319,0.158325195312
77320,0.157592773438
77321,0.157104492188
77322,0.157592773438
77323,0.158203125
77324,0.181030273438
77325,0.190673828125
77326,0.16162109375
77327,0.162231445312
77328,0.160522460938
77329,0.173706054688
77330,0.172241210938
77331,0.171630859375
77332,0.189208984375
77333,0.144897460938
77334,0.144897460938
77335,0.145385742188
77336,0.148193359375
77337,0.1474609375
77338,0.149658203125
77339,0.14794921875
77340,0.145629882812
77341,0.140625
77342,0.139526367188
77343,0.140625
77344,0.138061523438
77345,0.131225585938
77346,0.142944335938
77347,0.143920898438
77348,0.143920898438
77349,0.124572753906
77350,0.128662109375
77351,0.12744140625
77352,0.144653320312
77353,0.144287109375
77354,0.144897460938
77355,0.14599609375
77356,0.13623046875
77357,0.15234375
77358,0.15283203125
77359,0.14111328125
77360,0.148071289062
77361,0.165161132812
77362,0.161010742188
77363,0.150268554688
77364,0.149780273438
77365,0.121704101562
77366,0.121887207031
77367,0.121520996094
77368,0.127197265625
77369,0.127319335938
77370,0.126342773438
77371,0.130493164062
77372,0.12890625
77373,0.140380859375
77374,0.138305664062
77375,0.140625
77376,0.140625
77377,0.138427734375
77378,0.139404296875
77379,0.139404296875
77380,0.137084960938
77381,0.138916015625
77382,0.139770507812
77383,0.140380859375
77384,0.140747070312
77385,0.14013671875
77386,0.140747070312
77387,0.145751953125
77388,0.146240234375
77389,0.145629882812
77390,0.138549804688
77391,0.138916015625
77392,0.138916015625
77393,0.139892578125
77394,0.141723632812
77395,0.144287109375
77396,0.176025390625
77397,0.130737304688
77398,0.131469726562
77399,0.130859375
77400,0.13134765625
77401,0.1318359375
77402,0.137451171875
77403,0.1376953125
77404,0.133911132812
77405,0.144653320312
77406,0.146118164062
77407,0.14892578125
77408,0.147094726562
77409,0.148681640625
77410,0.134033203125
77411,0.135375976562
77412,0.13818359375
77413,0.139526367188
77414,0.139770507812
77415,0.17236328125
77416,0.170288085938
77417,0.168334960938
77418,0.1689453125
77419,0.167358398438
77420,0.167846679688
77421,0.167724609375
77422,0.150756835938
77423,0.150756835938
77424,0.1513671875
77425,0.181518554688
77426,0.181518554688
77427,0.181762695312
77428,0.176147460938
77429,0.1416015625
77430,0.14111328125
77431,0.140747070312
77432,0.141845703125
77433,0.1376953125
77434,0.139526367188
77435,0.141357421875
77436,0.1435546875
77437,0.143432617188
77438,0.142944335938
77439,0.143676757812
77440,0.144897460938
77441,0.146362304688
77442,0.145874023438
77443,0.146362304688
77444,0.149047851562
77445,0.135498046875
77446,0.135864257812
77447,0.135986328125
77448,0.136474609375
77449,0.140380859375
77450,0.166625976562
77451,0.172729492188
77452,0.195922851562
77453,0.1943359375
77454,0.182739257812
77455,0.18017578125
77456,0.195068359375
77457,0.189208984375
77458,0.182495117188
77459,0.181640625
77460,0.180908203125
77461,0.132568359375
77462,0.1357421875
77463,0.129760742188
77464,0.129638671875
77465,0.1298828125
77466,0.1376953125
77467,0.153686523438
77468,0.160522460938
77469,0.157470703125
77470,0.16064453125
77471,0.141723632812
77472,0.140747070312
77473,0.14306640625
77474,0.141357421875
77475,0.140747070312
77476,0.140380859375
77477,0.126220703125
77478,0.127807617188
77479,0.128173828125
77480,0.129150390625
77481,0.1337890625
77482,0.14404296875
77483,0.144287109375
77484,0.146850585938
77485,0.1474609375
77486,0.146728515625
77487,0.140502929688
77488,0.136352539062
77489,0.136962890625
77490,0.138916015625
77491,0.138671875
77492,0.1455078125
77493,0.131469726562
77494,0.131103515625
77495,0.13232421875
77496,0.134399414062
77497,0.13623046875
77498,0.154174804688
77499,0.152709960938
77500,0.15234375
77501,0.15380859375
77502,0.1611328125
77503,0.154541015625
77504,0.155151367188
77505,0.151000976562
77506,0.150024414062
77507,0.157348632812
77508,0.173217773438
77509,0.135864257812
77510,0.134521484375
77511,0.134155273438
77512,0.154541015625
77513,0.15380859375
77514,0.1455078125
77515,0.144775390625
77516,0.14501953125
77517,0.14501953125
77518,0.144165039062
77519,0.171997070312
77521,0.177368164062
77522,0.135009765625
77523,0.133544921875
77524,0.139770507812
77525,0.1396484375
77526,0.138061523438
77527,0.136840820312
77528,0.1630859375
77529,0.1630859375
77530,0.179077148438
77531,0.173217773438
77532,0.158203125
77533,0.159790039062
77534,0.158081054688
77535,0.156494140625
77536,0.157592773438
77537,0.157470703125
77538,0.17138671875
77539,0.171997070312
77540,0.173461914062
77541,0.173706054688
77542,0.1396484375
77543,0.15185546875
77544,0.157348632812
77545,0.157104492188
77546,0.173095703125
77547,0.172119140625
77548,0.1943359375
77549,0.176879882812
77550,0.176391601562
77551,0.176391601562
77552,0.178466796875
77553,0.177856445312
77554,0.178344726562
77555,0.18017578125
77556,0.181640625
77557,0.179077148438
77558,0.133422851562
77559,0.1337890625
77560,0.13525390625
77561,0.145141601562
77562,0.139038085938
77563,0.139038085938
77564,0.135498046875
77565,0.137573242188
77566,0.171264648438
77567,0.17041015625
77568,0.168823242188
77569,0.169921875
77570,0.15576171875
77571,0.155639648438
77572,0.207153320312
77573,0.2080078125
77574,0.137329101562
77575,0.139770507812
77576,0.1396484375
77577,0.137451171875
77578,0.138427734375
77579,0.1328125
77580,0.15087890625
77581,0.151123046875
77582,0.150756835938
77583,0.153076171875
77584,0.155151367188
77585,0.165161132812
77586,0.1640625
77587,0.152099609375
77588,0.151245117188
77589,0.149169921875
77590,0.170288085938
77591,0.1728515625
77592,0.169677734375
77593,0.169067382812
77594,0.181030273438
77595,0.180053710938
77596,0.191650390625
77597,0.176513671875
77598,0.157958984375
77599,0.158325195312
77600,0.159301757812
77601,0.159057617188
77602,0.152709960938
77603,0.152587890625
77604,0.1845703125
77605,0.213134765625
77606,0.159057617188
77607,0.166870117188
77608,0.166625976562
77609,0.166137695312
77610,0.166870117188
77611,0.164794921875
77612,0.165405273438
77613,0.16455078125
77614,0.1865234375
77615,0.1806640625
77616,0.181396484375
77617,0.181640625
77618,0.177368164062
77619,0.18896484375
77620,0.17919921875
77621,0.178588867188
77622,0.146606445312
77623,0.179443359375
77624,0.164672851562
77625,0.160766601562
77626,0.160034179688
77627,0.167358398438
77628,0.16796875
77629,0.166870117188
77630,0.167602539062
77631,0.175415039062
77632,0.170776367188
77633,0.171508789062
77634,0.17138671875
77635,0.168823242188
77636,0.174926757812
77637,0.1552734375
77638,0.1884765625
77639,0.191284179688
77640,0.198120117188
77641,0.198364257812
77642,0.1982421875
77643,0.197998046875
77644,0.1689453125
77645,0.169189453125
77646,0.167358398438
77647,0.158813476562
77648,0.148681640625
77649,0.149291992188
77650,0.153198242188
77651,0.150390625
77652,0.145263671875
77653,0.179321289062
77654,0.131225585938
77655,0.148315429688
77656,0.137939453125
77657,0.145874023438
77658,0.144775390625
77659,0.145141601562
77660,0.145751953125
77661,0.150634765625
77662,0.15087890625
77663,0.168701171875
77664,0.167236328125
77665,0.150756835938
77666,0.151245117188
77667,0.152221679688
77668,0.152587890625
77669,0.150268554688
77670,0.133056640625
77671,0.132690429688
77672,0.138549804688
77673,0.144897460938
77674,0.1484375
77675,0.138549804688
77676,0.137329101562
77677,0.142211914062
77678,0.140258789062
77679,0.149536132812
77680,0.148559570312
77681,0.149047851562
77682,0.131225585938
77683,0.130859375
77684,0.127807617188
77685,0.1337890625
77686,0.164672851562
77687,0.178100585938
77688,0.178588867188
77689,0.17626953125
77690,0.15283203125
77691,0.150390625
77692,0.140380859375
77693,0.153564453125
77694,0.153686523438
77695,0.159423828125
77696,0.159912109375
77697,0.161010742188
77698,0.162719726562
77699,0.162963867188
77700,0.162353515625
77701,0.152709960938
77702,0.125610351562
77703,0.1259765625
77704,0.123596191406
77705,0.123718261719
77706,0.1513671875
77707,0.157348632812
77708,0.1474609375
77709,0.1484375
77710,0.148803710938
77711,0.149658203125
77712,0.153686523438
77713,0.149658203125
77714,0.144287109375
77715,0.143432617188
77716,0.14404296875
77717,0.14453125
77718,0.138305664062
77719,0.135375976562
77720,0.13671875
77721,0.133666992188
77722,0.13232421875
77723,0.128662109375
77724,0.129272460938
77725,0.162353515625
77726,0.162231445312
77727,0.160766601562
77728,0.161499023438
77729,0.160888671875
77730,0.156005859375
77731,0.156616210938
77732,0.165283203125
77733,0.166381835938
77734,0.122802734375
77735,0.13525390625
77736,0.13525390625
77737,0.12744140625
77738,0.125
77739,0.123352050781
77740,0.159790039062
77741,0.156372070312
77742,0.15478515625
77743,0.153564453125
77744,0.154418945312
77745,0.135620117188
77746,0.138549804688
77747,0.138061523438
77748,0.145874023438
77749,0.151245117188
77750,0.119750976562
77751,0.121459960938
77752,0.144165039062
77753,0.142944335938
77754,0.141723632812
77755,0.141235351562
77756,0.125366210938
77757,0.134033203125
77758,0.143676757812
77759,0.147705078125
77760,0.1455078125
77761,0.161010742188
77762,0.159423828125
77763,0.168090820312
77764,0.1494140625
77765,0.151733398438
77766,0.117492675781
77767,0.117919921875
77768,0.1181640625
77769,0.122863769531
77770,0.121765136719
77771,0.124877929688
77772,0.121520996094
77773,0.124267578125
77774,0.123718261719
77775,0.123840332031
77776,0.124938964844
77777,0.11767578125
77778,0.116821289062
77779,0.117858886719
77780,0.117248535156
77781,0.128295898438
77782,0.120056152344
77783,0.120727539062
77784,0.136474609375
77785,0.163818359375
77786,0.155639648438
77787,0.1513671875
77788,0.15087890625
77789,0.153076171875
77790,0.151611328125
77791,0.15087890625
77792,0.1416015625
77793,0.138916015625
77794,0.136596679688
77795,0.137817382812
77796,0.142333984375
77797,0.15966796875
77798,0.1328125
77799,0.142944335938
77800,0.141723632812
77801,0.143432617188
77802,0.143432617188
77803,0.143676757812
77804,0.170288085938
77805,0.187744140625
77806,0.164306640625
77807,0.163696289062
77808,0.170166015625
77809,0.179443359375
77810,0.179809570312
77811,0.1748046875
77812,0.178344726562
77813,0.17724609375
77814,0.1689453125
77815,0.168334960938
77816,0.199951171875
77817,0.200439453125
77818,0.1767578125
77819,0.176879882812
77820,0.1748046875
77821,0.168823242188
77822,0.193115234375
77823,0.18017578125
77824,0.2021484375
77825,0.2021484375
77826,0.2021484375
77827,0.192504882812
77828,0.193237304688
77829,0.192260742188
77830,0.121337890625
77831,0.12353515625
77832,0.123474121094
77833,0.124450683594
77834,0.123962402344
77835,0.121459960938
77836,0.120849609375
77837,0.122863769531
77838,0.123962402344
77839,0.129028320312
77840,0.1298828125
77841,0.12890625
77842,0.12890625
77843,0.139526367188
77844,0.162231445312
77845,0.142578125
77846,0.117614746094
77847,0.118896484375
77848,0.121215820312
77849,0.12109375
77850,0.122314453125
77851,0.141967773438
77852,0.139404296875
77853,0.141235351562
77854,0.140502929688
77855,0.137573242188
77856,0.140747070312
77857,0.1328125
77858,0.133544921875
77859,0.165771484375
77860,0.149047851562
77861,0.144165039062
77862,0.119812011719
77863,0.122619628906
77864,0.122192382812
77865,0.118103027344
77866,0.13427734375
77867,0.137817382812
77868,0.137939453125
77869,0.1318359375
77870,0.1328125
77871,0.129028320312
77872,0.13720703125
77873,0.136108398438
77874,0.135375976562
77875,0.146484375
77876,0.1474609375
77877,0.143310546875
77878,0.1396484375
77879,0.153198242188
77880,0.133666992188
77881,0.126953125
77882,0.133178710938
77883,0.133178710938
77884,0.13427734375
77885,0.13037109375
77886,0.1298828125
77887,0.12890625
77888,0.131958007812
77889,0.125244140625
77890,0.124755859375
77891,0.1337890625
77892,0.137451171875
77893,0.141357421875
77894,0.118957519531
77895,0.127563476562
77896,0.122924804688
77897,0.121765136719
77898,0.143310546875
77899,0.143188476562
77900,0.142211914062
77901,0.142944335938
77902,0.143432617188
77903,0.173217773438
77904,0.1728515625
77905,0.173950195312
77906,0.17431640625
77907,0.14208984375
77908,0.16845703125
77909,0.169677734375
77910,0.125244140625
77911,0.13037109375
77912,0.129516601562
77913,0.134155273438
77914,0.1396484375
77915,0.143920898438
77916,0.13720703125
77917,0.135009765625
77918,0.13427734375
77919,0.135864257812
77920,0.130737304688
77921,0.131958007812
77922,0.130981445312
77923,0.143676757812
77924,0.1435546875
77925,0.14892578125
77926,0.151000976562
77927,0.167602539062
77928,0.167846679688
77929,0.167846679688
77930,0.167724609375
77931,0.167358398438
77932,0.167358398438
77933,0.14306640625
77934,0.144653320312
77935,0.145874023438
77936,0.145385742188
77937,0.143432617188
77938,0.1435546875
77939,0.155517578125
77940,0.155029296875
77941,0.155029296875
77942,0.123168945312
77943,0.123168945312
77944,0.124389648438
77945,0.163208007812
77946,0.1630859375
77947,0.141967773438
77948,0.141845703125
77949,0.141479492188
77950,0.1357421875
77951,0.136596679688
77952,0.136840820312
77953,0.135498046875
77954,0.152099609375
77955,0.154907226562
77956,0.132934570312
77957,0.125244140625
77958,0.125244140625
77959,0.126098632812
77960,0.12548828125
77961,0.133544921875
77962,0.1337890625
77963,0.123291015625
77964,0.121704101562
77965,0.121765136719
77966,0.122741699219
77967,0.122863769531
77968,0.124450683594
77969,0.123291015625
77970,0.12109375
77971,0.124633789062
77972,0.124938964844
77973,0.147705078125
77974,0.125610351562
77975,0.125610351562
77976,0.129638671875
77977,0.159790039062
77978,0.158569335938
77979,0.157348632812
77980,0.14013671875
77981,0.139526367188
77982,0.139526367188
77983,0.140502929688
77984,0.140869140625
77985,0.1513671875
77986,0.152221679688
77987,0.149291992188
77988,0.150634765625
77989,0.152709960938
77990,0.133056640625
77991,0.133544921875
77992,0.14111328125
77993,0.140869140625
77994,0.14111328125
77995,0.142700195312
77996,0.141479492188
77997,0.139526367188
77998,0.14306640625
77999,0.140258789062
78000,0.143798828125
78001,0.14404296875
78002,0.144653320312
78003,0.157348632812
78004,0.152709960938
78005,0.1748046875
78006,0.133178710938
78007,0.17626953125
78008,0.177368164062
78009,0.149658203125
78010,0.149658203125
78011,0.143188476562
78012,0.151489257812
78013,0.155517578125
78014,0.154418945312
78015,0.15478515625
78016,0.143432617188
78017,0.14306640625
78018,0.148681640625
78019,0.1474609375
78020,0.14794921875
78021,0.143676757812
78022,0.143432617188
78023,0.144165039062
78024,0.142822265625
78025,0.142211914062
78026,0.144653320312
78027,0.14453125
78028,0.137451171875
78029,0.136962890625
78030,0.1396484375
78031,0.134765625
78032,0.135498046875
78033,0.144409179688
78034,0.142333984375
78035,0.137084960938
78036,0.136352539062
78037,0.14453125
78038,0.154052734375
78039,0.158203125
78040,0.1591796875
78041,0.155395507812
78042,0.16845703125
78043,0.166381835938
78044,0.162231445312
78045,0.163452148438
78046,0.146240234375
78047,0.16796875
78048,0.185546875
78049,0.1708984375
78050,0.1708984375
78051,0.176879882812
78052,0.16357421875
78053,0.163818359375
78054,0.164794921875
78055,0.142578125
78056,0.142333984375
78057,0.1416015625
78058,0.141479492188
78059,0.142944335938
78060,0.143432617188
78061,0.176147460938
78062,0.177001953125
78063,0.176391601562
78064,0.173461914062
78065,0.174438476562
78066,0.183227539062
78067,0.18359375
78068,0.20458984375
78069,0.1904296875
78070,0.140625
78071,0.140380859375
78072,0.1396484375
78073,0.143188476562
78074,0.143310546875
78075,0.140991210938
78076,0.139038085938
78077,0.143310546875
78078,0.140869140625
78079,0.14111328125
78080,0.136352539062
78081,0.137329101562
78082,0.13623046875
78083,0.145629882812
78084,0.147338867188
78085,0.147216796875
78086,0.127563476562
78087,0.126953125
78088,0.152221679688
78089,0.151123046875
78090,0.152954101562
78091,0.15234375
78092,0.151611328125
78093,0.151489257812
78094,0.152221679688
78095,0.152954101562
78096,0.156982421875
78097,0.142211914062
78098,0.146606445312
78099,0.149536132812
78100,0.150390625
78101,0.152221679688
78102,0.140747070312
78103,0.131713867188
78104,0.135498046875
78105,0.135498046875
78106,0.135986328125
78107,0.145629882812
78108,0.144409179688
78109,0.144775390625
78110,0.137573242188
78111,0.137573242188
78112,0.142456054688
78113,0.149291992188
78114,0.148315429688
78115,0.148681640625
78116,0.149047851562
78117,0.133422851562
78118,0.136596679688
78119,0.135986328125
78120,0.136352539062
78121,0.13623046875
78122,0.136962890625
78123,0.147827148438
78124,0.146728515625
78125,0.14697265625
78126,0.146240234375
78127,0.140258789062
78128,0.139526367188
78129,0.13916015625
78130,0.135375976562
78131,0.142822265625
78132,0.142578125
78133,0.138916015625
78134,0.127563476562
78135,0.155517578125
78136,0.164794921875
78137,0.146240234375
78138,0.145141601562
78139,0.14599609375
78140,0.155395507812
78141,0.15478515625
78142,0.157348632812
78143,0.151611328125
78144,0.169921875
78145,0.169311523438
78146,0.197387695312
78147,0.17431640625
78148,0.16162109375
78149,0.15869140625
78150,0.1298828125
78151,0.130981445312
78152,0.132202148438
78153,0.131713867188
78154,0.132202148438
78155,0.131591796875
78156,0.131225585938
78157,0.133422851562
78158,0.133911132812
78159,0.130859375
78160,0.131469726562
78161,0.145141601562
78162,0.132446289062
78163,0.132690429688
78164,0.136840820312
78165,0.136474609375
78166,0.150512695312
78167,0.15087890625
78168,0.150268554688
78169,0.149658203125
78170,0.1435546875
78171,0.142578125
78172,0.139892578125
78173,0.160278320312
78174,0.154663085938
78175,0.155395507812
78176,0.163940429688
78177,0.160888671875
78178,0.141967773438
78179,0.14501953125
78180,0.145874023438
78181,0.144287109375
78182,0.14013671875
78183,0.164306640625
78184,0.162963867188
78185,0.181640625
78186,0.172729492188
78187,0.180541992188
78188,0.189819335938
78189,0.189697265625
78190,0.1923828125
78191,0.1923828125
78192,0.1767578125
78193,0.14990234375
78194,0.150146484375
78195,0.151977539062
78196,0.14990234375
78197,0.147583007812
78198,0.126831054688
78199,0.122009277344
78200,0.145874023438
78201,0.151977539062
78202,0.153686523438
78203,0.152709960938
78204,0.1533203125
78205,0.154418945312
78206,0.155151367188
78207,0.140625
78208,0.169311523438
78209,0.17041015625
78210,0.159912109375
78211,0.1611328125
78212,0.162475585938
78213,0.14599609375
78214,0.169311523438
78215,0.170654296875
78216,0.16845703125
78217,0.18212890625
78218,0.181884765625
78219,0.179565429688
78220,0.140747070312
78221,0.140014648438
78222,0.140991210938
78223,0.151245117188
78224,0.161010742188
78225,0.159423828125
78226,0.165771484375
78227,0.156372070312
78228,0.155883789062
78229,0.157592773438
78230,0.132690429688
78231,0.13232421875
78232,0.1337890625
78233,0.167846679688
78234,0.175415039062
78235,0.168701171875
78236,0.167236328125
78237,0.172607421875
78238,0.172485351562
78239,0.1767578125
78240,0.174560546875
78241,0.163696289062
78242,0.154418945312
78243,0.153564453125
78244,0.154418945312
78245,0.15380859375
78246,0.130249023438
78247,0.139892578125
78248,0.166015625
78249,0.194946289062
78250,0.194580078125
78251,0.193725585938
78252,0.191284179688
78253,0.192260742188
78254,0.193603515625
78255,0.2060546875
78256,0.203125
78257,0.203369140625
78258,0.165405273438
78259,0.16650390625
78260,0.165283203125
78261,0.166259765625
78262,0.162963867188
78263,0.162475585938
78264,0.145141601562
78265,0.145263671875
78266,0.146606445312
78267,0.147094726562
78268,0.1513671875
78269,0.148193359375
78270,0.1494140625
78271,0.149536132812
78272,0.142456054688
78273,0.148071289062
78274,0.146728515625
78275,0.146484375
78276,0.14794921875
78277,0.148193359375
78278,0.131103515625
78279,0.134521484375
78280,0.166259765625
78281,0.144165039062
78282,0.142456054688
78283,0.146606445312
78284,0.146118164062
78285,0.142700195312
78286,0.14208984375
78287,0.142822265625
78288,0.142578125
78289,0.152587890625
78290,0.153564453125
78291,0.147094726562
78292,0.145141601562
78293,0.147094726562
78294,0.130737304688
78295,0.13134765625
78296,0.126342773438
78297,0.1259765625
78298,0.125732421875
78299,0.126098632812
78300,0.126953125
78301,0.12744140625
78302,0.12744140625
