4,0.0
5,0.0
6,0.0
7,0.0
8,0.0
9,0.0
10,0.0
11,0.0
12,0.0
13,0.0
14,0.0
15,0.0
16,0.0
17,0.0
18,0.0
19,0.0
20,0.00216674804688
21,0.0129470825195
22,0.0256652832031
23,0.0368347167969
24,0.0464782714844
25,0.0540161132812
26,0.0588073730469
27,0.06591796875
28,0.0665893554688
29,0.0729370117188
30,0.0720825195312
31,0.0733642578125
32,0.0744018554688
33,0.0772094726562
34,0.0811157226562
35,0.0
36,0.0504150390625
37,0.0601806640625
38,0.0767211914062
39,0.0801391601562
40,0.0885620117188
41,0.0936889648438
42,0.09619140625
43,0.0960693359375
44,0.09716796875
45,0.1005859375
46,0.098388671875
47,0.0985717773438
48,0.0977172851562
49,0.0969848632812
50,0.0986938476562
51,0.0
52,0.0393371582031
53,0.0541381835938
54,0.0743408203125
55,0.0806274414062
56,0.087890625
57,0.0903930664062
58,0.0922241210938
59,0.0968627929688
60,0.0958862304688
61,0.096923828125
62,0.101196289062
63,0.0950927734375
64,0.0948486328125
65,0.0947875976562
66,0.100219726562
67,0.0
68,0.0370788574219
69,0.056884765625
70,0.0742797851562
71,0.0740356445312
72,0.085693359375
73,0.0866088867188
74,0.0894165039062
75,0.0924072265625
76,0.0989990234375
77,0.0917358398438
78,0.0927124023438
79,0.0886840820312
80,0.0908813476562
81,0.0889282226562
82,0.0966796875
83,0.0
84,0.0335998535156
85,0.0464477539062
86,0.0592346191406
87,0.0643920898438
88,0.0684814453125
89,0.0733642578125
90,0.0751342773438
91,0.0804443359375
92,0.0802001953125
93,0.0890502929688
94,0.0831298828125
95,0.0877075195312
96,0.0884399414062
97,0.085693359375
98,0.0888061523438
99,0.0
100,0.0292053222656
101,0.0402221679688
102,0.0581970214844
103,0.0665893554688
104,0.0770874023438
105,0.0819091796875
106,0.0879516601562
107,0.0830688476562
108,0.0823974609375
109,0.08251953125
110,0.0843505859375
111,0.0795288085938
112,0.0856323242188
113,0.0859985351562
114,0.0894165039062
115,0.0
116,0.0238494873047
117,0.039794921875
118,0.0598754882812
119,0.0687255859375
120,0.0762329101562
121,0.0762939453125
122,0.0841674804688
123,0.0867919921875
124,0.0935668945312
125,0.0839233398438
126,0.0897216796875
127,0.0857543945312
128,0.0932006835938
129,0.0924072265625
130,0.096435546875
131,0.0
132,0.0226440429688
133,0.0405578613281
134,0.0492858886719
135,0.0577392578125
136,0.0652465820312
137,0.071044921875
138,0.0726318359375
139,0.075927734375
140,0.0730590820312
141,0.0736083984375
142,0.0770874023438
143,0.08154296875
144,0.0869140625
145,0.0797729492188
146,0.0821533203125
147,0.0
148,0.0230102539062
149,0.0364685058594
150,0.0504455566406
151,0.0527648925781
152,0.0618286132812
153,0.0729370117188
154,0.073486328125
155,0.0771484375
156,0.07958984375
157,0.0877685546875
158,0.077392578125
159,0.0824584960938
160,0.0732421875
161,0.0802612304688
162,0.0828857421875
163,0.0
164,0.0230560302734
165,0.0325927734375
166,0.0401611328125
167,0.0510559082031
168,0.0646362304688
169,0.0637817382812
170,0.0695190429688
171,0.0728149414062
172,0.0777587890625
173,0.0812377929688
174,0.07666015625
175,0.0801391601562
176,0.0812377929688
177,0.073486328125
178,0.0820922851562
179,0.0
180,0.0204467773438
181,0.0356140136719
182,0.0467224121094
183,0.0551452636719
184,0.0610961914062
185,0.0603637695312
186,0.0734252929688
187,0.0731811523438
188,0.07470703125
189,0.0816040039062
190,0.0786743164062
191,0.0762939453125
192,0.0792236328125
193,0.0800170898438
194,0.0838623046875
195,0.0
196,0.0186767578125
197,0.0300903320312
198,0.0491333007812
199,0.0549011230469
200,0.0614318847656
201,0.0636596679688
202,0.0742797851562
203,0.0750732421875
204,0.0780639648438
205,0.085205078125
206,0.08935546875
207,0.0769653320312
208,0.0869750976562
209,0.0838623046875
210,0.0847778320312
211,0.0
212,0.0150527954102
213,0.0257263183594
214,0.0368041992188
215,0.0472106933594
216,0.0611572265625
217,0.0665283203125
218,0.0773315429688
219,0.0792846679688
220,0.0740356445312
221,0.0769653320312
222,0.0758056640625
223,0.080810546875
224,0.0830078125
225,0.0792236328125
226,0.0856323242188
227,0.0
228,0.0219879150391
229,0.03271484375
230,0.0416564941406
231,0.05419921875
232,0.056884765625
233,0.0592651367188
234,0.0602416992188
235,0.0680541992188
236,0.072021484375
237,0.0751342773438
238,0.0772705078125
239,0.0747680664062
240,0.0758056640625
241,0.0802612304688
242,0.0782470703125
243,0.0
244,0.0164642333984
245,0.0303192138672
246,0.0386962890625
247,0.0460510253906
248,0.0552062988281
249,0.057861328125
250,0.0699462890625
251,0.0744018554688
252,0.0714721679688
253,0.0701904296875
254,0.0767211914062
255,0.0828857421875
256,0.0801391601562
257,0.0809326171875
258,0.0820922851562
259,0.0
260,0.0192565917969
261,0.0296630859375
262,0.0438232421875
263,0.0473937988281
264,0.05712890625
265,0.0602722167969
266,0.0673217773438
267,0.0701293945312
268,0.0738525390625
269,0.0770263671875
270,0.075927734375
271,0.0748291015625
272,0.0794067382812
273,0.0777587890625
274,0.0800170898438
275,0.0
276,0.0198669433594
277,0.0362854003906
278,0.0473937988281
279,0.0594482421875
280,0.0592346191406
281,0.0597839355469
282,0.0637817382812
283,0.070068359375
284,0.0650634765625
285,0.0738525390625
286,0.0772094726562
287,0.07861328125
288,0.0773315429688
289,0.0772705078125
290,0.0823364257812
291,0.0
292,0.0182037353516
293,0.0320129394531
294,0.0403442382812
295,0.0463256835938
296,0.0552368164062
297,0.0610656738281
298,0.0661010742188
299,0.0685424804688
300,0.074951171875
301,0.074951171875
302,0.0753784179688
303,0.0770263671875
304,0.0775756835938
305,0.0855102539062
306,0.0821533203125
307,0.0
308,0.0193634033203
309,0.0328979492188
310,0.0448608398438
311,0.0577087402344
312,0.0578918457031
313,0.0637817382812
314,0.0711059570312
315,0.0720825195312
316,0.0805053710938
317,0.0698852539062
318,0.0768432617188
319,0.0859375
320,0.0864868164062
321,0.0811767578125
322,0.0866088867188
323,0.0
324,0.0181121826172
325,0.0321960449219
326,0.0408935546875
327,0.0494079589844
328,0.060302734375
329,0.0619201660156
330,0.0617370605469
331,0.0687866210938
332,0.0740356445312
333,0.0756225585938
334,0.0748291015625
335,0.0763549804688
336,0.076904296875
337,0.0794067382812
338,0.0804443359375
339,0.0
340,0.0172424316406
341,0.0283203125
342,0.0358276367188
343,0.0440368652344
344,0.0523071289062
345,0.0554504394531
346,0.0660400390625
347,0.0708618164062
348,0.0679931640625
349,0.0723876953125
350,0.0707397460938
351,0.0787963867188
352,0.079833984375
353,0.0821533203125
354,0.0835571289062
355,0.0
356,0.0199737548828
357,0.0321960449219
358,0.0421752929688
359,0.0560607910156
360,0.0585632324219
361,0.0717163085938
362,0.0750122070312
363,0.0797119140625
364,0.0758666992188
365,0.07568359375
366,0.075439453125
367,0.0728149414062
368,0.0797119140625
369,0.0843505859375
370,0.0866088867188
371,0.0
372,0.0161743164062
373,0.0238189697266
374,0.035888671875
375,0.0446166992188
376,0.054931640625
377,0.0597229003906
378,0.0632934570312
379,0.062744140625
380,0.0684204101562
381,0.0728759765625
382,0.0736694335938
383,0.072998046875
384,0.073486328125
385,0.0738525390625
386,0.0763549804688
387,0.0
388,0.0169982910156
389,0.0305480957031
390,0.0372314453125
391,0.0460815429688
392,0.0524597167969
393,0.0565185546875
394,0.062255859375
395,0.0703735351562
396,0.0695190429688
397,0.075439453125
398,0.0787963867188
399,0.0811767578125
400,0.078857421875
401,0.0844116210938
402,0.0877685546875
403,0.0
404,0.0180969238281
405,0.0361328125
406,0.0437316894531
407,0.047119140625
408,0.0569763183594
409,0.0624084472656
410,0.0720825195312
411,0.0809936523438
412,0.0798950195312
413,0.0747680664062
414,0.0728759765625
415,0.0764770507812
416,0.0838623046875
417,0.0829467773438
418,0.079345703125
419,0.0
420,0.0165252685547
421,0.0255889892578
422,0.0357666015625
423,0.0398254394531
424,0.0523071289062
425,0.0563659667969
426,0.0624389648438
427,0.0708618164062
428,0.072265625
429,0.0728759765625
430,0.0769653320312
431,0.0743408203125
432,0.0836791992188
433,0.079833984375
434,0.08154296875
435,0.0
436,0.018310546875
437,0.0318603515625
438,0.0365295410156
439,0.0494079589844
440,0.0556335449219
441,0.066162109375
442,0.0703735351562
443,0.0745849609375
444,0.0816650390625
445,0.0833740234375
446,0.0932006835938
447,0.0933227539062
448,0.0940551757812
449,0.0867919921875
450,0.0802612304688
451,0.0
452,0.0177307128906
453,0.0325012207031
454,0.0376281738281
455,0.0502319335938
456,0.0605163574219
457,0.0692138671875
458,0.06494140625
459,0.0648803710938
460,0.07080078125
461,0.0711669921875
462,0.0740356445312
463,0.0796508789062
464,0.0750122070312
465,0.0771484375
466,0.0791625976562
467,0.0
468,0.0172119140625
469,0.0298156738281
470,0.0380554199219
471,0.0408935546875
472,0.0526733398438
473,0.05810546875
474,0.0588989257812
475,0.0639038085938
476,0.0684204101562
477,0.0728149414062
478,0.0735473632812
479,0.0800170898438
480,0.08154296875
481,0.080078125
482,0.0828247070312
483,0.0
484,0.0165863037109
485,0.0330505371094
486,0.0408020019531
487,0.0473937988281
488,0.0569458007812
489,0.0624389648438
490,0.070556640625
491,0.073974609375
492,0.0679931640625
493,0.0744018554688
494,0.0801391601562
495,0.0856323242188
496,0.0850219726562
497,0.0818481445312
498,0.090087890625
499,0.0
500,0.0247802734375
501,0.0364074707031
502,0.0470275878906
503,0.0462646484375
504,0.0565795898438
505,0.0559387207031
506,0.0600891113281
507,0.0689086914062
508,0.0765991210938
509,0.0718994140625
510,0.0786743164062
511,0.0797119140625
512,0.08203125
513,0.0850219726562
514,0.0814208984375
515,0.0
516,0.0182189941406
517,0.0312194824219
518,0.04443359375
519,0.0467529296875
520,0.0540771484375
521,0.0632934570312
522,0.06640625
523,0.0697631835938
524,0.073974609375
525,0.0742797851562
526,0.0806274414062
527,0.0779418945312
528,0.0877685546875
529,0.0816650390625
530,0.0800170898438
531,0.0
532,0.0162811279297
533,0.0289611816406
534,0.0370178222656
535,0.0447998046875
536,0.0533142089844
537,0.0579833984375
538,0.0633544921875
539,0.0690307617188
540,0.0713500976562
541,0.0771484375
542,0.081298828125
543,0.079345703125
544,0.0891723632812
545,0.087890625
546,0.0820922851562
547,0.0
548,0.0161285400391
549,0.0248260498047
550,0.0397644042969
551,0.0487670898438
552,0.0580444335938
553,0.066162109375
554,0.071044921875
555,0.0687255859375
556,0.07421875
557,0.0767211914062
558,0.0775146484375
559,0.0845336914062
560,0.0809936523438
561,0.0858764648438
562,0.0819702148438
563,0.0
564,0.0193328857422
565,0.0305023193359
566,0.043701171875
567,0.0513610839844
568,0.0566101074219
569,0.0606384277344
570,0.07080078125
571,0.0692749023438
572,0.0742797851562
573,0.078369140625
574,0.0806274414062
575,0.0824584960938
576,0.080322265625
577,0.0843505859375
578,0.086181640625
579,0.0
580,0.0199127197266
581,0.0357666015625
582,0.0477294921875
583,0.0538024902344
584,0.05859375
585,0.064208984375
586,0.0684204101562
587,0.0784301757812
588,0.0735473632812
589,0.0697021484375
590,0.0762329101562
591,0.0806274414062
592,0.0765380859375
593,0.0779418945312
594,0.0792236328125
595,0.0
596,0.0167083740234
597,0.0284881591797
598,0.0390625
599,0.0462036132812
600,0.0553894042969
601,0.062744140625
602,0.0653076171875
603,0.0733032226562
604,0.0775146484375
605,0.0789184570312
606,0.0798950195312
607,0.0796508789062
608,0.0760498046875
609,0.0774536132812
610,0.0811157226562
611,0.0
612,0.0157470703125
613,0.0276947021484
614,0.0414428710938
615,0.0484619140625
616,0.0540161132812
617,0.0581359863281
618,0.0635986328125
619,0.072265625
620,0.0817260742188
621,0.0739135742188
622,0.072265625
623,0.0763549804688
624,0.0838012695312
625,0.0846557617188
626,0.08349609375
627,0.0
628,0.0159759521484
629,0.0266418457031
630,0.0386962890625
631,0.0487060546875
632,0.0592651367188
633,0.0631713867188
634,0.0664672851562
635,0.0681762695312
636,0.0711669921875
637,0.0735473632812
638,0.073486328125
639,0.0757446289062
640,0.0807495117188
641,0.0803833007812
642,0.0811767578125
643,0.0
644,0.0182037353516
645,0.0279846191406
646,0.0343933105469
647,0.0458374023438
648,0.0542297363281
649,0.0614318847656
650,0.065185546875
651,0.0678100585938
652,0.070068359375
653,0.0750732421875
654,0.0795288085938
655,0.07861328125
656,0.0804443359375
657,0.078369140625
658,0.0731201171875
659,0.0
660,0.01904296875
661,0.0354919433594
662,0.0400085449219
663,0.0505981445312
664,0.0534057617188
665,0.0597534179688
666,0.0650634765625
667,0.0679321289062
668,0.0739135742188
669,0.0762329101562
670,0.075439453125
671,0.0800170898438
672,0.0809936523438
673,0.0866088867188
674,0.080322265625
675,0.0
676,0.0181732177734
677,0.0315856933594
678,0.0492553710938
679,0.0561218261719
680,0.0562438964844
681,0.0617980957031
682,0.0634765625
683,0.0664672851562
684,0.0687866210938
685,0.07080078125
686,0.0767211914062
687,0.0809936523438
688,0.0782470703125
689,0.0789794921875
690,0.0790405273438
691,0.0
692,0.0163116455078
693,0.0294342041016
694,0.039794921875
695,0.0469055175781
696,0.0594177246094
697,0.0585632324219
698,0.0628662109375
699,0.068603515625
700,0.0744018554688
701,0.0797119140625
702,0.0772094726562
703,0.0838012695312
704,0.0806884765625
705,0.0819702148438
706,0.0783081054688
707,0.0
708,0.0154571533203
709,0.0254669189453
710,0.0387268066406
711,0.0460510253906
712,0.0504760742188
713,0.0570678710938
714,0.06689453125
715,0.0631103515625
716,0.0670776367188
717,0.0758056640625
718,0.06640625
719,0.070556640625
720,0.0762329101562
721,0.0714111328125
722,0.076904296875
723,0.0
724,0.0154571533203
725,0.0282897949219
726,0.0416870117188
727,0.0487976074219
728,0.0509033203125
729,0.0565795898438
730,0.0629272460938
731,0.0689697265625
732,0.0741577148438
733,0.0735473632812
734,0.067626953125
735,0.0750122070312
736,0.0726928710938
737,0.078125
738,0.0774536132812
739,0.0
740,0.0142593383789
741,0.0293884277344
742,0.0422668457031
743,0.0516357421875
744,0.0584716796875
745,0.0633544921875
746,0.0668334960938
747,0.0718383789062
748,0.0714721679688
749,0.0768432617188
750,0.0767822265625
751,0.0784912109375
752,0.0778198242188
753,0.0791625976562
754,0.0850830078125
755,0.0
756,0.0155792236328
757,0.0271148681641
758,0.0357666015625
759,0.0483703613281
760,0.0502319335938
761,0.0587158203125
762,0.0670776367188
763,0.0687255859375
764,0.0709838867188
765,0.0737915039062
766,0.0784301757812
767,0.076171875
768,0.0740966796875
769,0.0789794921875
770,0.0791015625
771,0.0
772,0.0135116577148
773,0.0267333984375
774,0.0434875488281
775,0.0516052246094
776,0.0632934570312
777,0.0658569335938
778,0.0720825195312
779,0.0740966796875
780,0.0785522460938
781,0.0831298828125
782,0.0772094726562
783,0.0776977539062
784,0.0799560546875
785,0.083251953125
787,0.0853881835938
788,0.0
789,0.0150680541992
790,0.0260772705078
791,0.0345458984375
792,0.0418701171875
793,0.0509643554688
794,0.0565795898438
795,0.0653076171875
796,0.0684814453125
797,0.0716552734375
798,0.07275390625
799,0.0726928710938
800,0.079345703125
801,0.081787109375
802,0.0751953125
803,0.0817260742188
804,0.0
805,0.0142517089844
806,0.0250091552734
807,0.0339660644531
808,0.044921875
809,0.0491638183594
810,0.0555114746094
811,0.0608825683594
812,0.0701293945312
813,0.070556640625
814,0.0770874023438
815,0.0736083984375
816,0.0810546875
817,0.0773315429688
818,0.0805053710938
819,0.0780639648438
820,0.0
821,0.0128402709961
822,0.026123046875
823,0.0411987304688
824,0.0574035644531
825,0.0652465820312
826,0.069091796875
827,0.073486328125
828,0.0709228515625
829,0.0725708007812
830,0.0723876953125
831,0.080078125
832,0.0755615234375
833,0.0751342773438
834,0.0731811523438
835,0.0798950195312
836,0.0
837,0.0180816650391
838,0.0313110351562
839,0.044677734375
840,0.0540161132812
841,0.0643310546875
842,0.0673217773438
843,0.072021484375
844,0.0653686523438
845,0.0746459960938
846,0.0714721679688
847,0.073486328125
848,0.0718383789062
849,0.075439453125
850,0.07861328125
851,0.076416015625
852,0.0
853,0.013298034668
854,0.025634765625
855,0.0366821289062
856,0.0479431152344
857,0.0552673339844
858,0.0609130859375
859,0.0673217773438
860,0.0645141601562
861,0.0702514648438
862,0.0725708007812
863,0.0703735351562
864,0.0728759765625
865,0.0736694335938
866,0.0709838867188
867,0.0723876953125
868,0.0
869,0.0150756835938
870,0.0274505615234
871,0.0366821289062
872,0.0431823730469
873,0.0566711425781
874,0.0594787597656
875,0.0604553222656
876,0.064697265625
877,0.0661010742188
878,0.0745239257812
879,0.0708618164062
880,0.0745239257812
881,0.0776977539062
882,0.0823974609375
883,0.0791625976562
884,0.0
885,0.0189056396484
886,0.0329895019531
887,0.040771484375
888,0.051513671875
889,0.0511169433594
890,0.0597534179688
891,0.0612182617188
892,0.0654907226562
893,0.0672607421875
894,0.0670776367188
895,0.0719604492188
896,0.0716552734375
897,0.0774536132812
898,0.0782470703125
899,0.079833984375
900,0.0
901,0.0139007568359
902,0.0289001464844
903,0.0372924804688
904,0.0520935058594
905,0.0512390136719
906,0.0584716796875
907,0.0623168945312
908,0.0636596679688
909,0.0714721679688
910,0.0737915039062
911,0.0787963867188
912,0.0797729492188
913,0.0858154296875
914,0.0878295898438
915,0.0817260742188
916,0.0
917,0.0145492553711
918,0.0242919921875
919,0.0340576171875
920,0.0500793457031
921,0.049560546875
922,0.0584411621094
923,0.0596923828125
924,0.0698852539062
925,0.0708618164062
926,0.0726928710938
927,0.0768432617188
928,0.0745849609375
929,0.0757446289062
930,0.0810546875
931,0.073974609375
932,0.0
933,0.0166625976562
934,0.0328063964844
935,0.0440063476562
936,0.0423889160156
937,0.0487670898438
938,0.0537414550781
939,0.0586853027344
940,0.066162109375
941,0.06787109375
942,0.0667114257812
943,0.0643310546875
944,0.0713500976562
945,0.07666015625
946,0.0736083984375
947,0.0816650390625
948,0.0
949,0.0152893066406
950,0.0278625488281
951,0.0397033691406
952,0.0556640625
953,0.0589294433594
954,0.0659790039062
955,0.0725708007812
956,0.0750122070312
957,0.076171875
958,0.0775146484375
959,0.0740966796875
960,0.0803833007812
961,0.08154296875
962,0.0802612304688
963,0.0772705078125
964,0.0
965,0.0149002075195
966,0.0283813476562
967,0.0394592285156
968,0.0455932617188
969,0.0539855957031
970,0.0584106445312
971,0.0656127929688
972,0.0640869140625
973,0.0718994140625
974,0.0763549804688
975,0.0806884765625
976,0.0799560546875
977,0.079833984375
978,0.0750122070312
979,0.0716552734375
980,0.0
981,0.0133438110352
982,0.0261535644531
983,0.0350036621094
984,0.0470886230469
985,0.0585632324219
986,0.0610656738281
987,0.0608825683594
988,0.0605163574219
989,0.0673217773438
990,0.0751953125
991,0.0790405273438
992,0.0769653320312
993,0.0777587890625
994,0.079345703125
995,0.0802001953125
996,0.0
997,0.0201721191406
998,0.041748046875
999,0.0596313476562
1000,0.0648193359375
1001,0.0699462890625
1002,0.0771484375
1003,0.0947265625
1004,0.0848999023438
1005,0.0842895507812
1006,0.079345703125
1007,0.0758666992188
1008,0.0706176757812
1009,0.0753173828125
1010,0.0733032226562
1011,0.0698852539062
1012,0.0
1013,0.0162200927734
1014,0.0272674560547
1015,0.044677734375
1016,0.0564270019531
1017,0.0756225585938
1018,0.0745239257812
1019,0.065673828125
1020,0.068115234375
1021,0.0686645507812
1022,0.0756225585938
1023,0.0770263671875
1024,0.0699462890625
1025,0.0814819335938
1026,0.0873413085938
1027,0.07861328125
1028,0.0
1029,0.0151977539062
1030,0.0252227783203
1031,0.0371704101562
1032,0.0454406738281
1033,0.0509948730469
1034,0.0575561523438
1035,0.0616455078125
1036,0.0652465820312
1037,0.0698852539062
1038,0.0696411132812
1039,0.0702514648438
1040,0.0711669921875
1041,0.0740356445312
1042,0.0759887695312
1043,0.0768432617188
1044,0.0
1045,0.0128860473633
1046,0.0235595703125
1047,0.0334167480469
1048,0.046875
1049,0.0526428222656
1050,0.0572204589844
1051,0.0620727539062
1052,0.0647583007812
1053,0.0703735351562
1054,0.069091796875
1055,0.0685424804688
1056,0.0718383789062
1057,0.0719604492188
1058,0.0724487304688
1059,0.0714721679688
1060,0.0
1061,0.0158843994141
1062,0.0305480957031
1063,0.0383605957031
1064,0.0509033203125
1065,0.0584106445312
1066,0.064208984375
1067,0.0629272460938
1068,0.0697021484375
1069,0.0693359375
1070,0.07080078125
1071,0.0701293945312
1072,0.0684814453125
1073,0.0731201171875
1074,0.0730590820312
1075,0.0801391601562
1076,0.0
1077,0.0163116455078
1078,0.0316162109375
1079,0.0498657226562
1080,0.05419921875
1081,0.0616455078125
1082,0.0632934570312
1083,0.0653076171875
1084,0.0698852539062
1085,0.067626953125
1086,0.0783081054688
1087,0.0811767578125
1088,0.076171875
1089,0.0718383789062
1090,0.0699462890625
1091,0.0758666992188
1092,0.0
1093,0.0121994018555
1094,0.0231323242188
1095,0.0357360839844
1096,0.0476379394531
1097,0.0515441894531
1098,0.06103515625
1099,0.0665283203125
1100,0.0634765625
1101,0.0720825195312
1102,0.0743408203125
1103,0.078857421875
1104,0.0858764648438
1105,0.07763671875
1106,0.077880859375
1107,0.0711059570312
1108,0.0
1109,0.0156021118164
1110,0.0263214111328
1111,0.0387573242188
1112,0.0469055175781
1113,0.0508117675781
1114,0.0565185546875
1115,0.065185546875
1116,0.0718994140625
1117,0.072998046875
1118,0.077392578125
1119,0.0794677734375
1120,0.0814208984375
1121,0.0736694335938
1122,0.072998046875
1123,0.0758666992188
1124,0.0
1125,0.0142974853516
1126,0.0294036865234
1127,0.0457458496094
1128,0.0604248046875
1129,0.0589599609375
1130,0.0657958984375
1131,0.0772094726562
1132,0.072021484375
1133,0.0679321289062
1134,0.0692138671875
1135,0.0770263671875
1136,0.0780029296875
1137,0.0781860351562
1138,0.077880859375
1139,0.0789794921875
1140,0.0
1141,0.0139694213867
1142,0.0287628173828
1143,0.0442810058594
1144,0.0414428710938
1145,0.0496520996094
1146,0.0585021972656
1147,0.0610961914062
1148,0.0687866210938
1149,0.070068359375
1150,0.0711669921875
1151,0.0715942382812
1152,0.0745239257812
1153,0.0765380859375
1154,0.0841674804688
1155,0.0938110351562
1156,0.0
1157,0.0137329101562
1158,0.0278167724609
1159,0.0381164550781
1160,0.0457153320312
1161,0.0513916015625
1162,0.0572509765625
1163,0.0642700195312
1164,0.0731811523438
1165,0.0713500976562
1166,0.0752563476562
1167,0.075439453125
1168,0.0698852539062
1169,0.0738525390625
1170,0.079833984375
1171,0.0792846679688
1172,0.0
1173,0.0153045654297
1174,0.026123046875
1175,0.0367431640625
1176,0.04443359375
1177,0.0502319335938
1178,0.0626220703125
1179,0.0660400390625
1180,0.067138671875
1181,0.0731201171875
1182,0.079345703125
1183,0.0794677734375
1184,0.0757446289062
1185,0.078369140625
1186,0.0733032226562
1187,0.08154296875
1188,0.0
1189,0.0158843994141
1190,0.0319213867188
1191,0.0473022460938
1192,0.0541076660156
1193,0.0632934570312
1194,0.063720703125
1195,0.0650024414062
1196,0.0693359375
1197,0.0816650390625
1198,0.0740966796875
1199,0.0792846679688
1200,0.0723266601562
1201,0.0744018554688
1202,0.071533203125
1203,0.0681762695312
1204,0.0
1205,0.0133666992188
1206,0.0259094238281
1207,0.0325317382812
1208,0.0450744628906
1209,0.0504150390625
1210,0.0635986328125
1211,0.0597229003906
1212,0.0723876953125
1213,0.0663452148438
1214,0.0758056640625
1215,0.0692138671875
1216,0.07421875
1217,0.0734252929688
1218,0.07666015625
1219,0.080078125
1220,0.0
1221,0.0120697021484
1222,0.0234680175781
1223,0.0297698974609
1224,0.04443359375
1225,0.051513671875
1226,0.0558471679688
1227,0.0654296875
1228,0.0687255859375
1229,0.0658569335938
1230,0.0695190429688
1231,0.07568359375
1232,0.0751953125
1233,0.0838623046875
1234,0.0873413085938
1235,0.085205078125
1236,0.0
1237,0.0116882324219
1238,0.0236053466797
1239,0.0358276367188
1240,0.0462951660156
1241,0.0570068359375
1242,0.0572814941406
1243,0.0653076171875
1244,0.0612487792969
1245,0.070556640625
1246,0.0736694335938
1247,0.0718383789062
1248,0.0734252929688
1249,0.0718383789062
1250,0.0803833007812
1251,0.0831298828125
1252,0.0
1253,0.0204772949219
1254,0.0337829589844
1255,0.03759765625
1256,0.0518493652344
1257,0.0529479980469
1258,0.0541076660156
1259,0.0570983886719
1260,0.06396484375
1261,0.0697631835938
1262,0.0779418945312
1263,0.0762939453125
1264,0.0804443359375
1265,0.0865478515625
1266,0.0919799804688
1267,0.0810546875
1268,0.0
1269,0.0131301879883
1270,0.0273895263672
1271,0.0383911132812
1272,0.0436096191406
1273,0.0477294921875
1274,0.057373046875
1275,0.0623474121094
1276,0.072509765625
1277,0.0783081054688
1278,0.0692749023438
1279,0.0630493164062
1280,0.06396484375
1281,0.0687255859375
1282,0.0704956054688
1283,0.07080078125
1284,0.0
1285,0.015495300293
1286,0.0291900634766
1287,0.0358581542969
1288,0.0478515625
1289,0.0583801269531
1290,0.0625610351562
1291,0.0607604980469
1292,0.0639038085938
1293,0.0731811523438
1294,0.0770263671875
1295,0.0761108398438
1296,0.0807495117188
1297,0.0859985351562
1298,0.0809326171875
1299,0.0882568359375
1300,0.0
1301,0.0184936523438
1302,0.0321655273438
1303,0.0431518554688
1304,0.0455627441406
1305,0.0555114746094
1306,0.0624694824219
1307,0.0669555664062
1308,0.0673217773438
1309,0.0658569335938
1310,0.070068359375
1311,0.07470703125
1312,0.0772094726562
1313,0.0783081054688
1314,0.0728759765625
1315,0.0745239257812
1316,0.0
1317,0.0163421630859
1318,0.0315551757812
1319,0.032958984375
1320,0.0453796386719
1321,0.0541687011719
1322,0.0571594238281
1323,0.060791015625
1324,0.064697265625
1325,0.06982421875
1326,0.0729370117188
1327,0.0708618164062
1328,0.0686645507812
1329,0.0723266601562
1330,0.074462890625
1331,0.0771484375
1332,0.0
1333,0.0257720947266
1334,0.0288391113281
1335,0.0534362792969
1336,0.0584106445312
1337,0.0665283203125
1338,0.0514221191406
1339,0.0622863769531
1340,0.0776977539062
1341,0.071533203125
1342,0.0634765625
1343,0.0623474121094
1344,0.0704956054688
1345,0.0692749023438
1346,0.0674438476562
1347,0.0693969726562
1348,0.0
1349,0.0145111083984
1350,0.0282135009766
1351,0.0386352539062
1352,0.04638671875
1353,0.0584716796875
1354,0.0663452148438
1355,0.0706176757812
1356,0.0708618164062
1357,0.0708618164062
1358,0.0725708007812
1359,0.0802612304688
1360,0.073486328125
1361,0.0724487304688
1362,0.0806274414062
1363,0.0824584960938
1364,0.0
1365,0.0112762451172
1366,0.0209503173828
1367,0.0337524414062
1368,0.0495300292969
1369,0.0606689453125
1370,0.064697265625
1371,0.06298828125
1372,0.0653686523438
1373,0.0684814453125
1374,0.0719604492188
1375,0.0790405273438
1376,0.0778198242188
1377,0.0729370117188
1378,0.0747680664062
1379,0.0814819335938
1380,0.0
1381,0.0151290893555
1382,0.0275115966797
1383,0.0392150878906
1384,0.0458679199219
1385,0.0534973144531
1386,0.0603942871094
1387,0.0623474121094
1388,0.064453125
1389,0.06689453125
1390,0.070556640625
1391,0.0728759765625
1392,0.071044921875
1393,0.0777587890625
1394,0.078369140625
1395,0.0816650390625
1396,0.0
1397,0.0141143798828
1398,0.0287170410156
1399,0.0418090820312
1400,0.0557250976562
1401,0.0521545410156
1402,0.064208984375
1403,0.0689086914062
1404,0.0684204101562
1405,0.069580078125
1406,0.07421875
1407,0.0648803710938
1408,0.0631713867188
1409,0.0646362304688
1410,0.0711059570312
1411,0.0736083984375
1412,0.0
1413,0.0204162597656
1414,0.0373229980469
1415,0.0473937988281
1416,0.0516967773438
1417,0.0535888671875
1418,0.0685424804688
1419,0.06201171875
1420,0.0752563476562
1421,0.0645141601562
1422,0.0691528320312
1423,0.064453125
1424,0.0680541992188
1425,0.0684204101562
1426,0.0753784179688
1427,0.072998046875
1428,0.0
1429,0.0116119384766
1430,0.0285186767578
1431,0.0394592285156
1432,0.0555114746094
1433,0.0535583496094
1434,0.0583190917969
1435,0.057861328125
1436,0.0696411132812
1437,0.0715942382812
1438,0.076171875
1439,0.0823974609375
1440,0.0772705078125
1441,0.0913696289062
1442,0.078125
1443,0.0841674804688
1444,0.0
1445,0.0144348144531
1446,0.0249786376953
1447,0.0414123535156
1448,0.0421752929688
1449,0.0542297363281
1450,0.0633544921875
1451,0.0623779296875
1452,0.0615234375
1453,0.0630493164062
1454,0.0691528320312
1455,0.0665283203125
1456,0.0693969726562
1457,0.071044921875
1458,0.0769653320312
1459,0.0769653320312
1460,0.0
1461,0.0140075683594
1462,0.0268402099609
1463,0.0347595214844
1464,0.0364074707031
1465,0.0470886230469
1466,0.0560607910156
1467,0.06396484375
1468,0.06787109375
1469,0.0690307617188
1470,0.0670776367188
1471,0.0722045898438
1472,0.0733642578125
1473,0.0780639648438
1474,0.0877685546875
1475,0.0878295898438
1476,0.0
1477,0.00984954833984
1478,0.0210876464844
1479,0.0333557128906
1480,0.0399780273438
1481,0.0476379394531
1482,0.0571594238281
1483,0.0672607421875
1484,0.0647583007812
1485,0.0711669921875
1486,0.0650634765625
1487,0.0712280273438
1488,0.0646362304688
1489,0.0706787109375
1490,0.0684814453125
1491,0.0728759765625
1492,0.0
1493,0.0146560668945
1494,0.0267486572266
1495,0.0406188964844
1496,0.0440673828125
1497,0.0471801757812
1498,0.0560913085938
1499,0.0607604980469
1500,0.0575561523438
1501,0.0573120117188
1502,0.062744140625
1503,0.072021484375
1504,0.0739135742188
1505,0.0772705078125
1506,0.0755004882812
1507,0.0849609375
1508,0.0
1509,0.0114898681641
1510,0.0230865478516
1511,0.0384216308594
1512,0.0456848144531
1513,0.05419921875
1514,0.067626953125
1515,0.0692138671875
1516,0.0696411132812
1517,0.0715942382812
1518,0.0692749023438
1519,0.0729370117188
1520,0.0831909179688
1521,0.0947875976562
1522,0.0797729492188
1523,0.0914916992188
1524,0.0
1525,0.014045715332
1526,0.0298309326172
1527,0.0401000976562
1528,0.0487670898438
1529,0.0552368164062
1530,0.0631103515625
1531,0.0674438476562
1532,0.0694580078125
1533,0.0733642578125
1534,0.075927734375
1535,0.076904296875
1536,0.0810546875
1537,0.0855102539062
1538,0.0880737304688
1539,0.0872802734375
1540,0.0
1541,0.0135040283203
1542,0.0241088867188
1543,0.0365905761719
1544,0.0540466308594
1545,0.0687866210938
1546,0.0794677734375
1547,0.091552734375
1548,0.0929565429688
1549,0.103942871094
1550,0.1064453125
1551,0.082275390625
1552,0.0769653320312
1553,0.0720825195312
1554,0.065185546875
1555,0.069091796875
1556,0.0
1557,0.0134735107422
1558,0.0269165039062
1559,0.0395812988281
1560,0.049560546875
1561,0.0610046386719
1562,0.0589904785156
1563,0.0637817382812
38319,0.0768432617188
38320,0.0826416015625
38321,0.076904296875
38322,0.0780639648438
38323,0.0
38324,0.0162658691406
38325,0.0287017822266
38326,0.0374450683594
38327,0.0486450195312
38328,0.0537719726562
38329,0.0693359375
38330,0.0833129882812
38331,0.0857543945312
38332,0.0869750976562
38333,0.0921630859375
38334,0.079345703125
38335,0.0777587890625
38336,0.083251953125
38337,0.0810546875
38338,0.0859375
38339,0.0
38340,0.0166168212891
38341,0.0320434570312
38342,0.0385437011719
38343,0.0467224121094
38344,0.0616760253906
38345,0.0570983886719
38346,0.0709838867188
38347,0.0734252929688
38348,0.0647583007812
38349,0.0648193359375
38350,0.0673217773438
38351,0.072998046875
38352,0.0595092773438
38353,0.0692138671875
38354,0.0752563476562
38355,0.0
38356,0.012077331543
38357,0.0261383056641
38358,0.03564453125
38359,0.0418701171875
38360,0.0498657226562
38361,0.0586547851562
38362,0.0541381835938
38363,0.0740966796875
38364,0.0784912109375
38365,0.0872802734375
38366,0.0794067382812
38367,0.0745239257812
38368,0.0779418945312
38369,0.0762329101562
38371,0.0767211914062
38372,0.0
38373,0.0142059326172
38374,0.0295257568359
38375,0.0440673828125
38376,0.0451354980469
38377,0.0498962402344
38378,0.0545043945312
38379,0.0637817382812
38380,0.0589294433594
38381,0.0622253417969
38382,0.065673828125
38383,0.0626220703125
38384,0.06787109375
38385,0.0833740234375
38386,0.0916748046875
38387,0.0726928710938
38388,0.0
38389,0.0111923217773
38390,0.0222778320312
38391,0.0364074707031
38392,0.0467529296875
38393,0.050537109375
38394,0.0607299804688
38395,0.0712890625
38396,0.0755615234375
38397,0.0701293945312
38398,0.0723266601562
38399,0.0639038085938
38400,0.0704345703125
38401,0.0779418945312
38402,0.0738525390625
38403,0.0880126953125
38404,0.0
38405,0.0132217407227
38406,0.0220031738281
38407,0.0306243896484
38408,0.0439758300781
38409,0.0570068359375
38410,0.0534057617188
38411,0.0560607910156
38412,0.0593566894531
38413,0.0537414550781
38414,0.0597534179688
38415,0.062744140625
38416,0.0632934570312
38417,0.0713500976562
38418,0.081298828125
38419,0.0867309570312
38420,0.0
38421,0.0107955932617
38422,0.0252380371094
38423,0.031982421875
38424,0.0401306152344
38425,0.0523986816406
38426,0.0499572753906
38427,0.0642700195312
38428,0.064453125
38429,0.0671997070312
38430,0.0729370117188
38431,0.0811157226562
38432,0.0680541992188
38433,0.0635375976562
38434,0.0838012695312
38435,0.08203125
38436,0.0
38437,0.0167999267578
38438,0.035400390625
38439,0.04541015625
38440,0.0521240234375
38441,0.062744140625
38442,0.069091796875
38443,0.060791015625
38444,0.056396484375
38445,0.065673828125
38446,0.0670776367188
38447,0.0685424804688
38448,0.0654296875
38449,0.0718383789062
38450,0.0737915039062
38451,0.0775756835938
38452,0.0
38453,0.00971221923828
38454,0.0197296142578
38455,0.0277557373047
38456,0.0361022949219
38457,0.0505676269531
38458,0.0614013671875
38459,0.0603332519531
38460,0.0612182617188
38461,0.068115234375
38462,0.0786743164062
38463,0.0701904296875
38464,0.0697021484375
38465,0.0802612304688
38466,0.0689697265625
38467,0.0734252929688
38468,0.0
38469,0.0135650634766
38470,0.0261993408203
38471,0.0263977050781
38472,0.0393371582031
38473,0.0496826171875
38474,0.0595703125
38475,0.0565185546875
38476,0.0568542480469
38477,0.0640258789062
38478,0.0685424804688
38479,0.0717163085938
38480,0.076904296875
38481,0.073974609375
38482,0.0770263671875
38483,0.0877075195312
38484,0.0
38485,0.0116271972656
38486,0.0170440673828
38487,0.0266571044922
38488,0.0325317382812
38489,0.04736328125
38490,0.052001953125
38491,0.06689453125
38492,0.0728149414062
38493,0.0779418945312
38494,0.0799560546875
38495,0.0797119140625
38496,0.0639038085938
38497,0.0713500976562
38498,0.069091796875
38499,0.0693969726562
38500,0.0
38501,0.0149230957031
38502,0.0304565429688
38503,0.0419616699219
38504,0.047119140625
38505,0.0626220703125
38506,0.0704956054688
38507,0.0679931640625
38508,0.0758666992188
38509,0.08056640625
38510,0.076171875
38511,0.087646484375
38512,0.0672607421875
38513,0.072265625
38514,0.0857543945312
38515,0.0935668945312
38516,0.0
38517,0.0119705200195
38518,0.0243072509766
38519,0.0374145507812
38520,0.0424499511719
38521,0.0455322265625
38522,0.0474243164062
38523,0.0570678710938
38524,0.0654296875
38525,0.0728149414062
38526,0.08203125
38527,0.0816040039062
38528,0.0838012695312
38529,0.0774536132812
38530,0.0770874023438
38531,0.0784301757812
38532,0.0
38533,0.0121612548828
38534,0.0201873779297
38535,0.03466796875
38536,0.0398254394531
38537,0.0458068847656
38538,0.0490112304688
38539,0.0483703613281
38540,0.0504150390625
38541,0.0559997558594
38542,0.0610656738281
38543,0.0697631835938
38544,0.0733032226562
38545,0.0722045898438
38546,0.0777587890625
38547,0.079833984375
38548,0.0
38549,0.0137634277344
38550,0.0258026123047
38551,0.0335998535156
38552,0.0396118164062
38553,0.0405578613281
38554,0.0463256835938
38555,0.045654296875
38556,0.05322265625
38557,0.0616760253906
38558,0.0675659179688
38559,0.0700073242188
38560,0.078857421875
38561,0.0874633789062
38562,0.0881958007812
38563,0.085205078125
38564,0.0
38565,0.0124053955078
38566,0.0259399414062
38567,0.0429992675781
38568,0.0432739257812
38569,0.0451354980469
38570,0.0503540039062
38571,0.0599975585938
38572,0.064208984375
38573,0.0709228515625
38574,0.087158203125
38575,0.0850219726562
38576,0.0973510742188
38577,0.0880126953125
38578,0.0667114257812
38579,0.05908203125
38580,0.0
38581,0.0117874145508
38582,0.0241546630859
38583,0.0363464355469
38584,0.0410766601562
38585,0.049072265625
38586,0.0621643066406
38587,0.077880859375
38588,0.0870361328125
38589,0.0733032226562
38590,0.09228515625
38591,0.0856323242188
38592,0.0821533203125
38593,0.08740234375
38594,0.0869140625
38595,0.100036621094
38596,0.0
38597,0.0145950317383
38598,0.0294494628906
38599,0.0403137207031
38600,0.0523986816406
38601,0.0456237792969
38602,0.0503234863281
38603,0.0653686523438
38604,0.0708618164062
38605,0.0740356445312
38606,0.078125
38607,0.0719604492188
38608,0.0776977539062
38609,0.0821533203125
38610,0.0720825195312
38611,0.0872802734375
38612,0.0
38613,0.0133819580078
38614,0.0256805419922
38615,0.0369873046875
38616,0.0388793945312
38617,0.0448303222656
38618,0.0541687011719
38619,0.0581970214844
38620,0.0562133789062
38621,0.0574340820312
38622,0.0606689453125
38623,0.0652465820312
38624,0.066650390625
38625,0.0695190429688
38626,0.0737915039062
38627,0.0694580078125
38628,0.0
38629,0.0105895996094
38630,0.0200347900391
38631,0.0296020507812
38632,0.0446472167969
38633,0.0443115234375
38634,0.05126953125
38635,0.0511474609375
38636,0.0654907226562
38637,0.0690307617188
38638,0.070068359375
38639,0.0623168945312
38640,0.0689697265625
38641,0.074951171875
38642,0.0670166015625
38643,0.0686645507812
38644,0.0
38645,0.0137100219727
38646,0.0264129638672
38647,0.0325012207031
38648,0.0449523925781
38649,0.0569763183594
38650,0.0653686523438
38651,0.072998046875
38652,0.0674438476562
38653,0.068359375
38654,0.0729370117188
38655,0.0774536132812
38656,0.0612182617188
38657,0.0565795898438
38658,0.0679321289062
38659,0.0753784179688
38660,0.0
38661,0.0139770507812
38662,0.0270538330078
38663,0.0424194335938
38664,0.0508117675781
38665,0.06689453125
38666,0.0538330078125
38667,0.067626953125
38668,0.0740356445312
38669,0.0761108398438
38670,0.0870361328125
38671,0.0806274414062
38672,0.0943603515625
38673,0.1083984375
38674,0.0988159179688
38675,0.0997314453125
38676,0.0
38677,0.0187835693359
38678,0.0287322998047
38679,0.0447387695312
38680,0.0455627441406
38681,0.0600280761719
38682,0.059814453125
38683,0.0662841796875
38684,0.0673217773438
38685,0.0748291015625
38686,0.0797729492188
38687,0.0790405273438
38688,0.0830078125
38689,0.0770874023438
38690,0.0838012695312
38691,0.0809936523438
38692,0.0
38693,0.0139083862305
38694,0.0343322753906
38695,0.0458984375
38696,0.0594482421875
38697,0.0796508789062
38698,0.0880126953125
38699,0.0861206054688
38700,0.079833984375
38701,0.0894165039062
38702,0.103271484375
38703,0.0855102539062
38704,0.0940551757812
38705,0.105346679688
38706,0.104064941406
38707,0.0903930664062
38708,0.0
38709,0.0141906738281
38710,0.0277099609375
38711,0.0423278808594
38712,0.052001953125
38713,0.0530395507812
38714,0.0713500976562
38715,0.0733642578125
38716,0.0836791992188
38717,0.0690307617188
38718,0.0825805664062
38719,0.0753784179688
38720,0.0838012695312
38721,0.0707397460938
38722,0.0750122070312
38723,0.0817260742188
38724,0.0
38725,0.0203399658203
38726,0.03955078125
38727,0.0486450195312
38728,0.0526123046875
38729,0.0674438476562
38730,0.0617370605469
38731,0.0698852539062
38732,0.0728149414062
38733,0.068115234375
38734,0.076904296875
38735,0.0802612304688
38736,0.081298828125
38737,0.0844116210938
38738,0.0755615234375
38739,0.0904541015625
38740,0.0
38741,0.00778961181641
38742,0.0183868408203
38743,0.0285339355469
38744,0.0358581542969
38745,0.0428161621094
38746,0.0469970703125
38747,0.0563659667969
38748,0.0569152832031
38749,0.0557556152344
38750,0.0638427734375
38751,0.0668334960938
38752,0.0587463378906
38753,0.0612182617188
38754,0.0667724609375
38755,0.0684814453125
38756,0.0
38757,0.0119857788086
38758,0.0299224853516
38759,0.0436706542969
38760,0.0610046386719
38761,0.0694580078125
38762,0.0693359375
38763,0.0736694335938
38764,0.0906372070312
38765,0.0914306640625
38766,0.0869750976562
38767,0.099609375
38768,0.0816040039062
38769,0.0792236328125
38770,0.0964965820312
38771,0.0967407226562
38772,0.0
38773,0.0142135620117
38774,0.0288696289062
38775,0.0399475097656
38776,0.0515747070312
38777,0.0611572265625
38778,0.0653686523438
38779,0.0798950195312
38780,0.0816650390625
38781,0.0704956054688
38782,0.0700073242188
38783,0.0785522460938
38784,0.08935546875
38785,0.0785522460938
38786,0.0751953125
38787,0.0744018554688
38788,0.0
38789,0.0122451782227
38790,0.0296936035156
38791,0.0455627441406
38792,0.0462341308594
38793,0.0535278320312
38794,0.0566711425781
38795,0.0623474121094
38796,0.0607299804688
38797,0.070068359375
38798,0.0676879882812
38799,0.0839233398438
38800,0.0760498046875
38801,0.0916748046875
38802,0.0709228515625
38803,0.0654296875
38804,0.0
38805,0.0133819580078
38806,0.0225830078125
38807,0.031982421875
38808,0.0417785644531
38809,0.0466003417969
38810,0.0498352050781
38811,0.0607604980469
38812,0.0691528320312
38813,0.078125
38814,0.067626953125
38815,0.0643920898438
38816,0.0648193359375
38817,0.0701293945312
38818,0.0722045898438
38819,0.0726318359375
38820,0.0
38821,0.0148849487305
38822,0.0222015380859
38823,0.0336303710938
38824,0.0398864746094
38825,0.0475158691406
38826,0.0521545410156
38827,0.0614929199219
38828,0.0632934570312
38829,0.0675659179688
38830,0.0687255859375
38831,0.0707397460938
38832,0.072265625
38833,0.0703735351562
38834,0.0826416015625
38835,0.074951171875
38836,0.0
38837,0.0112152099609
38838,0.0226135253906
38839,0.0328979492188
38840,0.0416870117188
38841,0.0577697753906
38842,0.0625610351562
38843,0.0556335449219
38844,0.0701904296875
38845,0.0753173828125
38846,0.0834350585938
38847,0.0692138671875
38848,0.0678100585938
38849,0.0782470703125
38850,0.0835571289062
38851,0.0712890625
38852,0.0
38853,0.0106353759766
38854,0.0240936279297
38855,0.0325317382812
38856,0.0397644042969
38857,0.0513305664062
38858,0.052978515625
38859,0.06005859375
38860,0.0681762695312
38861,0.0677490234375
38862,0.0660400390625
38863,0.0708618164062
38864,0.0762939453125
38865,0.072509765625
38866,0.0819702148438
38867,0.0826416015625
38868,0.0
38869,0.0120391845703
38870,0.0195007324219
38871,0.0289916992188
38872,0.0422973632812
38873,0.0469360351562
38874,0.0556030273438
38875,0.0596313476562
38876,0.0665893554688
38877,0.0618896484375
38878,0.0648193359375
38879,0.0769653320312
38880,0.0776977539062
38881,0.0848388671875
38882,0.0814208984375
38883,0.0700073242188
38884,0.0
38885,0.0166320800781
38886,0.0318908691406
38887,0.048583984375
38888,0.064697265625
38889,0.0518493652344
38890,0.0563659667969
38891,0.0589294433594
38892,0.0602722167969
38893,0.0659790039062
38894,0.0753173828125
38895,0.080322265625
38896,0.0855712890625
38897,0.0726318359375
38898,0.0855102539062
38899,0.0911254882812
38900,0.0
38901,0.012580871582
38902,0.0245819091797
38903,0.0288238525391
38904,0.0393676757812
38905,0.0444030761719
38906,0.0553588867188
38907,0.060302734375
38908,0.0662231445312
38909,0.0587463378906
38910,0.0668334960938
38911,0.0715942382812
38912,0.065185546875
38913,0.0758666992188
38914,0.0714721679688
38915,0.0792236328125
38916,0.0
38917,0.0145111083984
38918,0.0233154296875
38919,0.0341186523438
38920,0.0398864746094
38921,0.0542907714844
38922,0.0618591308594
38923,0.0635375976562
38924,0.0662841796875
38925,0.064453125
38926,0.0595397949219
38927,0.0615539550781
38928,0.0592346191406
38929,0.0701904296875
38930,0.0702514648438
38931,0.0736083984375
38932,0.0
38933,0.0119323730469
38934,0.0246124267578
38935,0.0378112792969
38936,0.0479125976562
38937,0.0580444335938
38938,0.07080078125
38939,0.0743408203125
38940,0.0850830078125
38941,0.0776977539062
38942,0.0911865234375
38943,0.084228515625
38944,0.0885620117188
38945,0.0786743164062
38946,0.0767211914062
38947,0.0724487304688
38948,0.0
38949,0.012565612793
38950,0.02392578125
38951,0.0356750488281
38952,0.0440979003906
38953,0.0464172363281
38954,0.0502624511719
38955,0.0538635253906
38956,0.0635986328125
38957,0.0634155273438
38958,0.064208984375
38959,0.0735473632812
38960,0.07080078125
38961,0.0810546875
38962,0.0856323242188
38963,0.0859985351562
38964,0.0
38965,0.0205383300781
38966,0.035400390625
38967,0.0481567382812
38968,0.0624694824219
38969,0.06005859375
38970,0.066162109375
38971,0.0697631835938
38972,0.0712890625
38973,0.0677490234375
38974,0.0833129882812
38975,0.0856323242188
38976,0.0770874023438
38977,0.0726928710938
38978,0.0811767578125
38979,0.0759887695312
38980,0.0
38981,0.0172576904297
38982,0.0291442871094
38983,0.0316467285156
38984,0.0393676757812
38985,0.0479736328125
38986,0.0490417480469
38987,0.0542602539062
38988,0.0660400390625
38989,0.076416015625
38990,0.085205078125
38991,0.0717163085938
38992,0.0709838867188
38993,0.0745849609375
38994,0.0713500976562
38995,0.07568359375
38996,0.0
38997,0.0171051025391
38998,0.0331115722656
38999,0.0566101074219
39000,0.0599365234375
39001,0.0735473632812
39002,0.0737915039062
39003,0.0811157226562
39004,0.0770263671875
39005,0.0780639648438
39006,0.0933227539062
39007,0.0930786132812
39008,0.0933227539062
39009,0.0928344726562
39010,0.10205078125
39011,0.107238769531
39012,0.0
39013,0.0193786621094
39014,0.0333557128906
39015,0.0467529296875
39016,0.0633544921875
39017,0.0778198242188
39018,0.0872802734375
39019,0.0930786132812
39020,0.086669921875
39021,0.0902099609375
39022,0.0958862304688
39023,0.0933837890625
39024,0.0925903320312
39025,0.09033203125
39026,0.0866088867188
39027,0.096923828125
39028,0.0
39029,0.0201416015625
39030,0.0410766601562
39031,0.0415649414062
39032,0.05712890625
39033,0.06494140625
39034,0.0689086914062
39035,0.0761108398438
39036,0.0816040039062
39037,0.0859375
39038,0.0908203125
39039,0.0857543945312
39040,0.07861328125
39041,0.0794067382812
39042,0.0880737304688
39043,0.0933227539062
39044,0.0
39045,0.0184478759766
39046,0.0359802246094
39047,0.0594177246094
39048,0.0629272460938
39049,0.0682983398438
39050,0.0760498046875
39051,0.0885009765625
39052,0.0968017578125
39053,0.092041015625
39054,0.0992431640625
39055,0.0900268554688
39056,0.10693359375
39057,0.0991821289062
39058,0.104248046875
39059,0.11279296875
39060,0.0
39061,0.0155715942383
39062,0.0207977294922
39063,0.0412292480469
39064,0.0428466796875
39065,0.055419921875
39066,0.0664672851562
39067,0.06884765625
39068,0.0802612304688
39069,0.0760498046875
39070,0.079345703125
39071,0.0839233398438
39072,0.0933227539062
39073,0.0892333984375
39074,0.0924682617188
39075,0.0930786132812
39076,0.0
39077,0.0272674560547
39078,0.0486145019531
39079,0.0601196289062
39080,0.0797119140625
39081,0.103820800781
39082,0.110595703125
39083,0.130493164062
39084,0.122192382812
39085,0.104431152344
39086,0.131591796875
39087,0.128295898438
39088,0.128173828125
39089,0.123901367188
39090,0.1318359375
39091,0.135375976562
39092,0.0
39093,0.0155487060547
39094,0.0325622558594
39095,0.0379028320312
39096,0.0484008789062
39097,0.059326171875
39098,0.064453125
39099,0.0787353515625
39100,0.0830078125
39101,0.091552734375
39102,0.101257324219
39103,0.0888671875
39104,0.0972290039062
39105,0.102661132812
39106,0.09765625
39107,0.108947753906
39108,0.0
39109,0.0156555175781
39110,0.0284271240234
39111,0.0462951660156
39112,0.0502014160156
39113,0.072998046875
39114,0.0789184570312
39115,0.0933837890625
39116,0.0851440429688
39117,0.0816650390625
39118,0.0663452148438
39119,0.0779418945312
39120,0.0841674804688
39121,0.0770874023438
39122,0.0902709960938
39123,0.0842895507812
39124,0.0
39125,0.00946044921875
39126,0.0221252441406
39127,0.0374145507812
39128,0.0469360351562
39129,0.0571899414062
39130,0.0602416992188
39131,0.060302734375
39132,0.0660400390625
39133,0.0723266601562
39134,0.0700073242188
39135,0.0706787109375
39136,0.0784912109375
39137,0.0767211914062
39138,0.0861206054688
39139,0.0887451171875
39140,0.0
39141,0.0136871337891
39142,0.0289764404297
39143,0.0379943847656
39144,0.04638671875
39145,0.0589904785156
39146,0.0709228515625
39147,0.065185546875
39148,0.0806884765625
39149,0.076416015625
39150,0.0863647460938
39151,0.0859985351562
39152,0.082275390625
39154,0.079345703125
39155,0.0797119140625
39156,0.0811767578125
39157,0.0
39158,0.0143356323242
39159,0.0225982666016
39160,0.0322265625
39161,0.0443115234375
39162,0.0433349609375
39163,0.0533447265625
39164,0.0599060058594
39165,0.0587768554688
39166,0.0618896484375
39167,0.0612182617188
39168,0.0691528320312
39169,0.06689453125
39170,0.075927734375
39171,0.080322265625
39172,0.0792236328125
39173,0.0
39174,0.0118026733398
39175,0.0252532958984
39176,0.0403137207031
39177,0.0474853515625
39178,0.0553894042969
39179,0.0569763183594
39180,0.0674438476562
39181,0.0668334960938
39182,0.0696411132812
39183,0.0712280273438
39184,0.0781860351562
39185,0.0916137695312
39186,0.100708007812
39187,0.101318359375
39188,0.108947753906
39189,0.0
39190,0.0146942138672
39191,0.0241546630859
39192,0.0357360839844
39193,0.0431213378906
39194,0.052001953125
39195,0.064208984375
39196,0.0833740234375
39197,0.0803833007812
39198,0.0714721679688
39199,0.0772705078125
39200,0.0812377929688
39201,0.0693359375
39202,0.0828247070312
39203,0.0786743164062
39204,0.079833984375
39205,0.0
39206,0.0229034423828
39207,0.0379028320312
39208,0.0540161132812
39209,0.0643310546875
39210,0.080810546875
39211,0.0980834960938
39212,0.115173339844
39213,0.118835449219
39214,0.135131835938
39215,0.148071289062
39216,0.139404296875
39217,0.15380859375
39218,0.167236328125
39219,0.1484375
39220,0.158203125
39221,0.0
39222,0.0147933959961
39223,0.0372009277344
39224,0.0392150878906
39225,0.0640258789062
39226,0.064697265625
39227,0.0725708007812
39228,0.0843505859375
39229,0.0814208984375
39230,0.08642578125
39231,0.09814453125
39232,0.100341796875
39233,0.0930786132812
39234,0.0877685546875
39235,0.093505859375
39236,0.109313964844
39237,0.0
39238,0.0129470825195
39239,0.0216674804688
39240,0.0320434570312
39241,0.0432434082031
39242,0.0563354492188
39243,0.0545043945312
39244,0.06787109375
39245,0.07861328125
39246,0.0827026367188
39247,0.0974731445312
39248,0.090087890625
39249,0.0870361328125
39250,0.0918579101562
39251,0.0948486328125
39252,0.094970703125
39253,0.0
39254,0.0127792358398
39255,0.0293426513672
39256,0.0394592285156
39257,0.0505676269531
39258,0.0648803710938
39259,0.07275390625
39260,0.0846557617188
39261,0.0936279296875
39262,0.08203125
39263,0.0731201171875
39264,0.0901489257812
39265,0.0907592773438
39266,0.0977172851562
39267,0.0933227539062
39268,0.0984497070312
39269,0.0
39270,0.0126342773438
39271,0.0290832519531
39272,0.0471496582031
39273,0.0493774414062
39274,0.0524291992188
39275,0.0591125488281
39276,0.0651245117188
39277,0.0728149414062
39278,0.089111328125
39279,0.0779418945312
39280,0.0792236328125
39281,0.0867309570312
39282,0.0940551757812
39283,0.0913696289062
39284,0.101318359375
39285,0.0
39286,0.0112457275391
39287,0.0220794677734
39288,0.0308227539062
39289,0.043701171875
39290,0.0623779296875
39291,0.0701293945312
39292,0.0783081054688
39293,0.0863647460938
39294,0.0973510742188
39295,0.101013183594
39296,0.0977783203125
39297,0.102172851562
39298,0.09814453125
39299,0.0887451171875
39300,0.0999145507812
39301,0.0
39302,0.0142669677734
39303,0.0233917236328
39304,0.037841796875
39305,0.0493469238281
39306,0.0646362304688
39307,0.0676879882812
39308,0.081787109375
39309,0.08447265625
39310,0.0794067382812
39311,0.0629272460938
39312,0.0604858398438
39313,0.0700073242188
39314,0.0748291015625
39315,0.0909423828125
39316,0.0867309570312
39317,0.0
39318,0.0125350952148
39319,0.0314025878906
39320,0.0418090820312
39321,0.0478210449219
39322,0.0524597167969
39323,0.0646362304688
39324,0.0694580078125
39325,0.0847778320312
39326,0.0842895507812
39327,0.080322265625
39328,0.0780029296875
39329,0.0821533203125
39330,0.0786743164062
39331,0.0739135742188
39332,0.0753784179688
39333,0.0
39334,0.0145416259766
39335,0.0298767089844
39336,0.0484619140625
39337,0.0587463378906
39338,0.0655517578125
39339,0.0635986328125
39340,0.0748291015625
39341,0.0700073242188
39342,0.0836181640625
39343,0.0929565429688
39344,0.0891723632812
39345,0.080078125
39346,0.0762329101562
39347,0.068359375
39348,0.0708618164062
39349,0.0
39350,0.0153961181641
39351,0.0268859863281
39352,0.0417175292969
39353,0.0433654785156
39354,0.0455627441406
39355,0.0523376464844
39356,0.0609130859375
39357,0.0679931640625
39358,0.06640625
39359,0.065185546875
39360,0.076416015625
39361,0.07666015625
39362,0.087158203125
39363,0.0878295898438
39364,0.0883178710938
39365,0.0
39366,0.0100708007812
39367,0.0187835693359
39368,0.0320739746094
39369,0.0403747558594
39370,0.051513671875
39371,0.0608215332031
39372,0.064208984375
39373,0.0801391601562
39374,0.08740234375
39375,0.083251953125
39376,0.0916137695312
39377,0.0781860351562
39378,0.0894165039062
39379,0.0784912109375
39380,0.0880737304688
39381,0.0
39382,0.0135498046875
39383,0.0281982421875
39384,0.0341796875
39385,0.0467529296875
39386,0.0501098632812
39387,0.0603942871094
39388,0.0571899414062
39389,0.0650634765625
39390,0.0708618164062
39391,0.0741577148438
39392,0.071533203125
39393,0.0702514648438
39394,0.0785522460938
39395,0.0689697265625
39396,0.0676879882812
39397,0.0
39398,0.014778137207
39399,0.0267486572266
39400,0.0341186523438
39401,0.0487976074219
39402,0.05419921875
39403,0.0556030273438
39404,0.0599365234375
39405,0.0676879882812
39406,0.0654907226562
39407,0.0750122070312
39408,0.0879516601562
39409,0.0780639648438
39410,0.068603515625
39411,0.0816650390625
39412,0.0848999023438
39413,0.0
39414,0.0221862792969
39415,0.0406799316406
39416,0.0554504394531
39417,0.0724487304688
39418,0.067138671875
39419,0.0768432617188
39420,0.0941772460938
39421,0.0743408203125
39422,0.0884399414062
39423,0.104309082031
39424,0.103210449219
39425,0.112426757812
39426,0.116088867188
39427,0.0892944335938
39428,0.0864868164062
39429,0.0
39430,0.0127487182617
39431,0.0244293212891
39432,0.0371704101562
39433,0.0487976074219
39434,0.0513610839844
39435,0.0584106445312
39436,0.0617370605469
39437,0.0631713867188
39438,0.0672607421875
39439,0.07568359375
39440,0.0701293945312
39441,0.070556640625
39442,0.0734252929688
39443,0.069580078125
39444,0.0763549804688
39445,0.0
39446,0.0139617919922
39447,0.0283966064453
39448,0.041748046875
39449,0.053466796875
39450,0.0642700195312
39451,0.0648803710938
39452,0.0625
39453,0.0628051757812
39454,0.0701293945312
39455,0.0676879882812
39456,0.0744018554688
39457,0.0829467773438
39458,0.0791015625
39459,0.0850219726562
39460,0.0758666992188
39461,0.0
39462,0.0110321044922
39463,0.0211639404297
39464,0.0328063964844
39465,0.0396118164062
39466,0.0426330566406
39467,0.0497131347656
39468,0.0558776855469
39469,0.0624084472656
39470,0.0684814453125
39471,0.0726928710938
39472,0.0742797851562
39473,0.0831909179688
39474,0.0741577148438
39475,0.07470703125
39476,0.0720825195312
39477,0.0
39478,0.0107421875
39479,0.0204925537109
39480,0.0311279296875
39481,0.0491027832031
39482,0.0587768554688
39483,0.0591430664062
39484,0.0599060058594
39485,0.0634765625
39486,0.0722045898438
39487,0.0716552734375
39488,0.0654296875
39489,0.0753173828125
39490,0.0875854492188
39491,0.0884399414062
39492,0.076416015625
39493,0.0
39494,0.0122222900391
39495,0.0281372070312
39496,0.0439758300781
39497,0.0516967773438
39498,0.05908203125
39499,0.0769653320312
39500,0.0736083984375
39501,0.09228515625
39502,0.0887451171875
39503,0.0916748046875
39504,0.08251953125
39505,0.0771484375
39506,0.0762939453125
39507,0.0702514648438
39508,0.0784912109375
39509,0.0
39510,0.0147247314453
39511,0.0263824462891
39512,0.0361022949219
39513,0.0439453125
39514,0.0594177246094
39515,0.0582275390625
39516,0.0605163574219
39517,0.06884765625
39518,0.0725708007812
39519,0.0816040039062
39520,0.0708618164062
39521,0.0780639648438
39522,0.0880737304688
39523,0.0745239257812
39524,0.0825805664062
39525,0.0
39526,0.0163269042969
39527,0.0335083007812
39528,0.0469665527344
39529,0.0550842285156
39530,0.0556640625
39531,0.0665893554688
39532,0.0608520507812
39533,0.0618591308594
39534,0.072509765625
39535,0.0720825195312
39536,0.066162109375
39537,0.064208984375
39538,0.0687255859375
39539,0.0757446289062
39540,0.0706176757812
39541,0.0
39542,0.0113372802734
39543,0.0235443115234
39544,0.0376586914062
39545,0.0403747558594
39546,0.0526123046875
39547,0.0572814941406
39548,0.0699462890625
39549,0.0593566894531
39550,0.061279296875
39551,0.058349609375
39552,0.0653686523438
39553,0.0690307617188
39554,0.0789184570312
39555,0.0757446289062
39556,0.075927734375
39557,0.0
39558,0.0179748535156
39559,0.0397644042969
39560,0.0483703613281
39561,0.0588684082031
39562,0.073486328125
39563,0.0689086914062
39564,0.0870971679688
39565,0.0869750976562
39566,0.104064941406
39567,0.093505859375
39568,0.100402832031
39569,0.103393554688
39570,0.104797363281
39571,0.0983276367188
39572,0.102661132812
39573,0.0
39574,0.0135192871094
39575,0.0231628417969
39576,0.036376953125
39577,0.0516357421875
39578,0.0579833984375
39579,0.0723876953125
39580,0.0767822265625
39581,0.0735473632812
39582,0.0913696289062
39583,0.0997924804688
39584,0.0850830078125
39585,0.0894775390625
39586,0.08642578125
39587,0.085205078125
39588,0.090087890625
39589,0.0
39590,0.0169219970703
39591,0.0381774902344
39592,0.0491333007812
39593,0.0572204589844
39594,0.068359375
39595,0.0729370117188
39596,0.0820922851562
39597,0.0751342773438
39598,0.0778198242188
39599,0.079833984375
39600,0.0758666992188
39601,0.0838012695312
39602,0.0887451171875
39603,0.084716796875
39604,0.0906982421875
39605,0.0
39606,0.0166931152344
39607,0.0304107666016
39608,0.0467224121094
39609,0.0559997558594
39610,0.0697021484375
39611,0.064208984375
39612,0.0708618164062
39613,0.0703125
39614,0.0833129882812
39615,0.0902099609375
39616,0.103820800781
39617,0.105041503906
39618,0.105041503906
39619,0.114013671875
39620,0.11376953125
39621,0.0
39622,0.0133819580078
39623,0.0245361328125
39624,0.0389404296875
39625,0.0489807128906
39626,0.0625
39627,0.0586547851562
39628,0.069580078125
39629,0.0795288085938
39630,0.0733642578125
39631,0.0836181640625
39632,0.0872192382812
39633,0.09033203125
39634,0.0814819335938
39635,0.0730590820312
39636,0.0795288085938
39637,0.0
39638,0.0107574462891
39639,0.023681640625
39640,0.0312042236328
39641,0.0418395996094
39642,0.0510864257812
39643,0.052490234375
39644,0.0617065429688
39645,0.0664672851562
39646,0.075927734375
39647,0.0722045898438
39648,0.0703125
39649,0.071533203125
39650,0.0726318359375
39651,0.0713500976562
39652,0.0780029296875
39653,0.0
39654,0.0125427246094
39655,0.034423828125
39656,0.04541015625
39657,0.0542602539062
39658,0.06787109375
39659,0.0770874023438
39660,0.0797729492188
39661,0.0882568359375
39662,0.072021484375
39663,0.0665283203125
39664,0.0701904296875
39665,0.087646484375
39666,0.0875244140625
39667,0.0794067382812
39668,0.0849609375
39669,0.0
39670,0.0128402709961
39671,0.0319213867188
39672,0.0471496582031
39673,0.0513916015625
39674,0.0678100585938
39675,0.071533203125
39676,0.0776977539062
39677,0.0848999023438
39678,0.07958984375
39679,0.0862426757812
39680,0.0945434570312
39681,0.0916137695312
39682,0.0869750976562
39683,0.0943603515625
39684,0.0972290039062
39685,0.0
39686,0.012825012207
39687,0.0245513916016
39688,0.0402526855469
39689,0.04736328125
39690,0.0504455566406
39691,0.0567016601562
39692,0.0679321289062
39693,0.0745239257812
39694,0.0762329101562
39695,0.072998046875
39696,0.08935546875
39697,0.0834350585938
39698,0.0794677734375
39699,0.0867919921875
39700,0.0704345703125
39701,0.0
39702,0.0111465454102
39703,0.022216796875
39704,0.03515625
39705,0.0445251464844
39706,0.0530090332031
39707,0.0532531738281
39708,0.0518188476562
39709,0.0562438964844
39710,0.06640625
39711,0.0653076171875
39712,0.0614013671875
39713,0.0692749023438
39714,0.0694580078125
39715,0.0753173828125
39716,0.0772705078125
39717,0.0
39718,0.0134887695312
39719,0.0264892578125
39720,0.0337829589844
39721,0.0401306152344
39722,0.0453491210938
39723,0.0536193847656
39724,0.0561828613281
39725,0.0605163574219
39726,0.0653076171875
39727,0.0593872070312
39728,0.0631103515625
39729,0.0753784179688
39730,0.0888061523438
39731,0.0884399414062
39732,0.0850830078125
39733,0.0
39734,0.00967407226562
39735,0.0249176025391
39736,0.0361022949219
39737,0.0434265136719
39738,0.0493774414062
39739,0.0543518066406
39740,0.062744140625
39741,0.0679321289062
39742,0.0714721679688
39743,0.065673828125
39744,0.0712280273438
39745,0.0676879882812
39746,0.065185546875
39747,0.0662841796875
39748,0.065185546875
39749,0.0
39750,0.0164794921875
39751,0.0296173095703
39752,0.0331115722656
39753,0.0386962890625
39754,0.0531921386719
39755,0.0600280761719
39756,0.0546264648438
39757,0.0568542480469
39758,0.0672607421875
39759,0.0779418945312
39760,0.0789184570312
39761,0.0877685546875
39762,0.087158203125
39763,0.0819702148438
39764,0.0816650390625
39765,0.0
39766,0.0139541625977
39767,0.0286865234375
39768,0.04638671875
39769,0.0617065429688
39770,0.06689453125
39771,0.0715942382812
39772,0.0818481445312
39773,0.0906372070312
39774,0.0855712890625
39775,0.0802612304688
39776,0.0757446289062
39777,0.0718383789062
39778,0.0607299804688
39779,0.06884765625
39780,0.06787109375
39781,0.0
39782,0.0130462646484
39783,0.0233154296875
39784,0.0322265625
39785,0.0428466796875
39786,0.0511169433594
39787,0.0571899414062
39788,0.0635986328125
39789,0.0648193359375
39790,0.072265625
39791,0.0758666992188
39792,0.0847778320312
39793,0.0730590820312
39794,0.0726928710938
39795,0.08349609375
39796,0.0813598632812
39797,0.0
39798,0.0177764892578
39799,0.0347900390625
39800,0.0388793945312
39801,0.0485229492188
39802,0.0557250976562
39803,0.0673828125
39804,0.0769653320312
39805,0.0879516601562
39806,0.100646972656
39807,0.103454589844
39808,0.078125
39809,0.0733032226562
39810,0.08349609375
39811,0.0814208984375
39812,0.0853881835938
39813,0.0
39814,0.0196075439453
39815,0.03759765625
39816,0.05517578125
39817,0.0726928710938
39818,0.0702514648438
39819,0.0746459960938
39820,0.0615539550781
39821,0.0792846679688
39822,0.0784301757812
39823,0.0819091796875
39824,0.0892333984375
39825,0.0731201171875
39826,0.0735473632812
39827,0.0780029296875
39828,0.08251953125
39829,0.0
39830,0.0180358886719
39831,0.0242156982422
39832,0.03662109375
39833,0.0453186035156
39834,0.0506896972656
39835,0.0636596679688
39836,0.064697265625
39837,0.0682983398438
39838,0.0618591308594
39839,0.0753173828125
39840,0.0809936523438
39841,0.07861328125
39842,0.0866088867188
39843,0.0967407226562
39844,0.0884399414062
39845,0.0
39846,0.0138397216797
39847,0.0207824707031
39848,0.0357055664062
39849,0.0418395996094
39850,0.0538024902344
39851,0.0634155273438
39852,0.0687255859375
39853,0.06005859375
39854,0.0662841796875
39855,0.0677490234375
39856,0.0667114257812
39857,0.06689453125
39858,0.072509765625
39859,0.0737915039062
39860,0.0703125
39861,0.0
39862,0.0133209228516
39863,0.0272674560547
39864,0.0378112792969
39865,0.0406494140625
39866,0.0468139648438
39867,0.0540466308594
39868,0.0560302734375
39869,0.0647583007812
39870,0.0737915039062
39871,0.0692749023438
39872,0.0725708007812
39873,0.074462890625
39874,0.0696411132812
39875,0.0744018554688
39876,0.0681762695312
39877,0.0
39878,0.0177764892578
39879,0.0270385742188
39880,0.0428161621094
39881,0.0468139648438
76637,0.0872802734375
76638,0.0881958007812
76639,0.0707397460938
76640,0.0758056640625
76641,0.0877685546875
76642,0.0953979492188
76643,0.084228515625
76644,0.0
76645,0.0131607055664
76646,0.0208129882812
76647,0.031982421875
76648,0.0401611328125
76649,0.0482482910156
76650,0.0616455078125
76651,0.0659790039062
76652,0.0717163085938
76653,0.078125
76654,0.0805053710938
76655,0.0773315429688
76656,0.0806274414062
76657,0.0851440429688
76658,0.0861206054688
76659,0.0960083007812
76660,0.0
76661,0.0196380615234
76662,0.03173828125
76663,0.0457153320312
76664,0.0612487792969
76665,0.0580139160156
76666,0.0652465820312
76667,0.0560302734375
76668,0.0701904296875
76669,0.078857421875
76670,0.085205078125
76671,0.080078125
76672,0.0957641601562
76673,0.0899658203125
76674,0.102600097656
76675,0.0922241210938
76676,0.0
76677,0.00838470458984
76678,0.0183715820312
76679,0.0242462158203
76680,0.0302581787109
76681,0.0383605957031
76682,0.0493774414062
76683,0.0607604980469
76684,0.0707397460938
76685,0.0621643066406
76686,0.073974609375
76687,0.0664672851562
76688,0.071533203125
76689,0.0713500976562
76690,0.081298828125
76691,0.0848388671875
76692,0.0
76693,0.0103454589844
76694,0.0218200683594
76695,0.0289459228516
76696,0.0394592285156
76697,0.0463256835938
76698,0.0563049316406
76699,0.0633544921875
76700,0.0665893554688
76701,0.0566101074219
76702,0.068603515625
76703,0.0708618164062
76704,0.083740234375
76705,0.07861328125
76706,0.0847778320312
76707,0.0833740234375
76708,0.0
76709,0.0101699829102
76710,0.0219268798828
76711,0.0342712402344
76712,0.0444641113281
76713,0.0533752441406
76714,0.0592041015625
76715,0.0625610351562
76716,0.06982421875
76717,0.0704345703125
76718,0.078369140625
76719,0.0794677734375
76720,0.0723266601562
76721,0.0686645507812
76722,0.078125
76723,0.0706787109375
76724,0.0
76725,0.0233306884766
76726,0.0281372070312
76727,0.0437622070312
76728,0.050537109375
76729,0.0645141601562
76730,0.07470703125
76731,0.07763671875
76732,0.0795288085938
76733,0.0797729492188
76734,0.0811767578125
76735,0.0778198242188
76736,0.0777587890625
76738,0.0787963867188
76739,0.08544921875
76740,0.0862426757812
76741,0.0
76742,0.0142288208008
76743,0.0276641845703
76744,0.0415954589844
76745,0.0583801269531
76746,0.051513671875
76747,0.0589904785156
76748,0.0606994628906
76749,0.0751342773438
76750,0.0808715820312
76751,0.0678100585938
76752,0.073486328125
76753,0.0821533203125
76754,0.0926513671875
76755,0.0805053710938
76756,0.0882568359375
76757,0.0
76758,0.0113372802734
76759,0.0233001708984
76760,0.0395202636719
76761,0.0557250976562
76762,0.059814453125
76763,0.0647583007812
76764,0.0663452148438
76765,0.0833740234375
76766,0.087646484375
76767,0.0858154296875
76768,0.0932006835938
76769,0.0947875976562
76770,0.101684570312
76771,0.111328125
76772,0.103454589844
76773,0.0
76774,0.0137176513672
76775,0.025634765625
76776,0.0411682128906
76777,0.0446472167969
76778,0.0511779785156
76779,0.0686645507812
76780,0.0650024414062
76781,0.0751342773438
76782,0.0855712890625
76783,0.0653686523438
76784,0.0787963867188
76785,0.08203125
76786,0.0826416015625
76787,0.0670776367188
76788,0.0796508789062
76789,0.0
76790,0.0144653320312
76791,0.0267639160156
76792,0.0415649414062
76793,0.058349609375
76794,0.0522155761719
76795,0.0540466308594
76796,0.0652465820312
76797,0.0708618164062
76798,0.07861328125
76799,0.0784301757812
76800,0.0888061523438
76801,0.0947875976562
76802,0.099365234375
76803,0.095947265625
76804,0.0947875976562
76805,0.0
76806,0.0138931274414
76807,0.0211944580078
76808,0.0357666015625
76809,0.0481262207031
76810,0.0670166015625
76811,0.0706176757812
76812,0.0724487304688
76813,0.07861328125
76814,0.0849609375
76815,0.0888061523438
76816,0.0972900390625
76817,0.0872192382812
76818,0.0945434570312
76819,0.101501464844
76820,0.103271484375
76821,0.0
76822,0.00755310058594
76823,0.0237731933594
76824,0.0362854003906
76825,0.0478515625
76826,0.067626953125
76827,0.0738525390625
76828,0.0733642578125
76829,0.0848388671875
76830,0.0817260742188
76831,0.0904541015625
76832,0.0729370117188
76833,0.0758666992188
76834,0.0891723632812
76835,0.093994140625
76836,0.101013183594
76837,0.0
76838,0.0165710449219
76839,0.0231323242188
76840,0.0360107421875
76841,0.0443420410156
76842,0.0525207519531
76843,0.0548706054688
76844,0.068359375
76845,0.0695190429688
76846,0.0781860351562
76847,0.0698852539062
76848,0.0769653320312
76849,0.0762939453125
76850,0.0802001953125
76851,0.0890502929688
76852,0.0913696289062
76853,0.0
76854,0.0162658691406
76855,0.0292816162109
76856,0.0443115234375
76857,0.0553894042969
76858,0.0512084960938
76859,0.0562438964844
76860,0.0661010742188
76861,0.0717163085938
76862,0.072265625
76863,0.0808715820312
76864,0.084716796875
76865,0.096923828125
76866,0.0879516601562
76867,0.0906372070312
76868,0.102966308594
76869,0.0
76870,0.0108108520508
76871,0.0222015380859
76872,0.0336608886719
76873,0.0406799316406
76874,0.0509338378906
76875,0.0576477050781
76876,0.0647583007812
76877,0.0640258789062
76878,0.0625610351562
76879,0.0662841796875
76880,0.07080078125
76881,0.0709838867188
76882,0.0721435546875
76883,0.0680541992188
76884,0.0753784179688
76885,0.0
76886,0.0121612548828
76887,0.0281219482422
76888,0.0355224609375
76889,0.0446472167969
76890,0.0501098632812
76891,0.0584411621094
76892,0.0592956542969
76893,0.076904296875
76894,0.0802001953125
76895,0.0756225585938
76896,0.07275390625
76897,0.082275390625
76898,0.0691528320312
76899,0.0811157226562
76900,0.0859985351562
76901,0.0
76902,0.0147018432617
76903,0.0262298583984
76904,0.0406188964844
76905,0.0532531738281
76906,0.0614318847656
76907,0.068359375
76908,0.0684814453125
76909,0.0785522460938
76910,0.07861328125
76911,0.078125
76912,0.065673828125
76913,0.07666015625
76914,0.0841674804688
76915,0.0908813476562
76916,0.095703125
76917,0.0
76918,0.0152816772461
76919,0.0228729248047
76920,0.0286560058594
76921,0.0376281738281
76922,0.0456848144531
76923,0.0537109375
76924,0.0645751953125
76925,0.0671997070312
76926,0.0693359375
76927,0.0743408203125
76928,0.0822143554688
76929,0.0728149414062
76930,0.0829467773438
76931,0.0836181640625
76932,0.0808715820312
76933,0.0
76934,0.0127792358398
76935,0.0313110351562
76936,0.0480041503906
76937,0.0548095703125
76938,0.0499572753906
76939,0.0548095703125
76940,0.066162109375
76941,0.0760498046875
76942,0.0836181640625
76943,0.0906372070312
76944,0.092041015625
76945,0.0943603515625
76946,0.101196289062
76947,0.100524902344
76948,0.103393554688
76949,0.0
76950,0.00984191894531
76951,0.0239868164062
76952,0.0374755859375
76953,0.0455932617188
76954,0.0520935058594
76955,0.0413513183594
76956,0.0542907714844
76957,0.0592041015625
76958,0.0612182617188
76959,0.067626953125
76960,0.0667114257812
76961,0.0774536132812
76962,0.0824584960938
76963,0.0848999023438
76964,0.0951538085938
76965,0.0
76966,0.0135879516602
76967,0.0304412841797
76968,0.036865234375
76969,0.044921875
76970,0.0486755371094
76971,0.0625610351562
76972,0.0638427734375
76973,0.07080078125
76974,0.067626953125
76975,0.0711669921875
76976,0.0728759765625
76977,0.0670166015625
76978,0.0645141601562
76979,0.0698852539062
76980,0.0785522460938
76981,0.0
76982,0.0135269165039
76983,0.0235900878906
76984,0.0375671386719
76985,0.0430603027344
76986,0.0430603027344
76987,0.0464477539062
76988,0.049560546875
76989,0.0541381835938
76990,0.0626831054688
76991,0.0575561523438
76992,0.0679931640625
76993,0.0704345703125
76994,0.0721435546875
76995,0.0787963867188
76996,0.0783081054688
76997,0.0
76998,0.0139770507812
76999,0.0261840820312
77000,0.0339660644531
77001,0.0364074707031
77002,0.0474243164062
77003,0.0613098144531
77004,0.0654296875
77005,0.072021484375
77006,0.073974609375
77007,0.070068359375
77008,0.07958984375
77009,0.0780029296875
77010,0.06884765625
77011,0.0677490234375
77012,0.0694580078125
77013,0.0
77014,0.012809753418
77015,0.0249938964844
77016,0.0361328125
77017,0.0448913574219
77018,0.0571899414062
77019,0.0625610351562
77020,0.0575256347656
77021,0.0614318847656
77022,0.0698852539062
77023,0.0656127929688
77024,0.0667114257812
77025,0.0690307617188
77026,0.072265625
77027,0.0708618164062
77028,0.08544921875
77029,0.0
77030,0.0161437988281
77031,0.0364379882812
77032,0.05517578125
77033,0.0409240722656
77034,0.060546875
77035,0.075927734375
77036,0.0693359375
77037,0.0625
77038,0.0625
77039,0.0610961914062
77040,0.0674438476562
77041,0.07275390625
77042,0.0651245117188
77043,0.0744018554688
77044,0.0730590820312
77045,0.0
77046,0.0227813720703
77047,0.0356750488281
77048,0.0542602539062
77049,0.0549621582031
77050,0.0629272460938
77051,0.0653686523438
77052,0.07568359375
77053,0.0848999023438
77054,0.0977172851562
77055,0.09814453125
77056,0.100646972656
77057,0.0867919921875
77058,0.0997314453125
77059,0.08837890625
77060,0.08447265625
77061,0.0
77062,0.0143432617188
77063,0.031005859375
77064,0.0414428710938
77065,0.0545959472656
77066,0.072265625
77067,0.0792236328125
77068,0.0903930664062
77069,0.0819091796875
77070,0.0672607421875
77071,0.0848999023438
77072,0.0861206054688
77073,0.0791625976562
77074,0.073486328125
77075,0.0709228515625
77076,0.080078125
77077,0.0
77078,0.0159454345703
77079,0.0360107421875
77080,0.0435791015625
77081,0.0454406738281
77082,0.0570373535156
77083,0.0650634765625
77084,0.0729370117188
77085,0.0612487792969
77086,0.074951171875
77087,0.090087890625
77088,0.0867309570312
77089,0.096923828125
77090,0.0848999023438
77091,0.0929565429688
77092,0.0892944335938
77093,0.0
77094,0.00937652587891
77095,0.0198516845703
77096,0.0274505615234
77097,0.0372009277344
77098,0.0423583984375
77099,0.0481262207031
77100,0.0523986816406
77101,0.0647583007812
77102,0.0726318359375
77103,0.0712280273438
77104,0.0655517578125
77105,0.0643310546875
77106,0.0743408203125
77107,0.0667724609375
77108,0.0681762695312
77109,0.0
77110,0.0148849487305
77111,0.0296783447266
77112,0.0516662597656
77113,0.0617065429688
77114,0.0606689453125
77115,0.0626831054688
77116,0.0750732421875
77117,0.0689086914062
77118,0.0767211914062
77119,0.0801391601562
77120,0.092529296875
77121,0.0868530273438
77122,0.0885620117188
77123,0.0873413085938
77124,0.0960083007812
77125,0.0
77126,0.0146865844727
77127,0.0238952636719
77128,0.031982421875
77129,0.0401000976562
77130,0.0546264648438
77131,0.0569458007812
77132,0.052001953125
77133,0.06689453125
77134,0.0750122070312
77135,0.0761108398438
77136,0.0689697265625
77137,0.076416015625
77138,0.0816040039062
77139,0.0772705078125
77140,0.0858764648438
77141,0.0
77142,0.0111541748047
77143,0.0247802734375
77144,0.037841796875
77145,0.0464477539062
77146,0.0606079101562
77147,0.0553588867188
77148,0.0590209960938
77149,0.05517578125
77150,0.0556335449219
77151,0.0632934570312
77152,0.0664672851562
77153,0.070556640625
77154,0.0709228515625
77155,0.0650024414062
77156,0.0673217773438
77157,0.0
77158,0.0121307373047
77159,0.0188446044922
77160,0.0307159423828
77161,0.0482482910156
77162,0.0516357421875
77163,0.0527954101562
77164,0.0640258789062
77165,0.0547485351562
77166,0.0567321777344
77167,0.0660400390625
77168,0.0678100585938
77169,0.0720825195312
77170,0.08447265625
77171,0.0924072265625
77172,0.0823974609375
77173,0.0
77174,0.0107955932617
77175,0.0304870605469
77176,0.0461120605469
77177,0.0582580566406
77178,0.0602416992188
77179,0.0709838867188
77180,0.0665283203125
77181,0.0873413085938
77182,0.0897827148438
77183,0.0974731445312
77184,0.0894165039062
77185,0.0980834960938
77186,0.0896606445312
77187,0.0910034179688
77188,0.102600097656
77189,0.0
77190,0.0186309814453
77191,0.0324096679688
77192,0.0443725585938
77193,0.0597229003906
77194,0.0603637695312
77195,0.0624694824219
77196,0.0775756835938
77197,0.0830688476562
77198,0.0715942382812
77199,0.0841674804688
77200,0.0770263671875
77201,0.095703125
77202,0.0927734375
77203,0.105102539062
77204,0.11083984375
77205,0.0
77206,0.0130462646484
77207,0.0242919921875
77208,0.0367431640625
77209,0.0491638183594
77210,0.0547790527344
77211,0.0531921386719
77212,0.0584106445312
77213,0.0684204101562
77214,0.068359375
77215,0.0730590820312
77216,0.0755615234375
77217,0.0786743164062
77218,0.08935546875
77219,0.102905273438
77220,0.0906372070312
77221,0.0
77222,0.0154266357422
77223,0.0392150878906
77224,0.0534057617188
77225,0.0494079589844
77226,0.0674438476562
77227,0.0724487304688
77228,0.0699462890625
77229,0.0890502929688
77230,0.106689453125
77231,0.09423828125
77232,0.108825683594
77233,0.117980957031
77234,0.126708984375
77235,0.120056152344
77236,0.127807617188
77237,0.0
77238,0.0161895751953
77239,0.0321044921875
77240,0.041748046875
77241,0.050048828125
77242,0.0675659179688
77243,0.0751953125
77244,0.0822143554688
77245,0.0962524414062
77246,0.105407714844
77247,0.108215332031
77248,0.109497070312
77249,0.107788085938
77250,0.1240234375
77251,0.123229980469
77252,0.123840332031
77253,0.0
77254,0.0150680541992
77255,0.0257720947266
77256,0.0370178222656
77257,0.0469360351562
77258,0.054931640625
77259,0.0640258789062
77260,0.0685424804688
77261,0.080810546875
77262,0.0886840820312
77263,0.0984497070312
77264,0.090576171875
77265,0.0770263671875
77266,0.0848388671875
77267,0.0906372070312
77268,0.0957641601562
77269,0.0
77270,0.0155334472656
77271,0.0338745117188
77272,0.0509338378906
77273,0.059814453125
77274,0.0620422363281
77275,0.0593872070312
77276,0.0699462890625
77277,0.0670776367188
77278,0.075439453125
77279,0.08251953125
77280,0.0847778320312
77281,0.0869750976562
77282,0.102844238281
77283,0.09375
77284,0.107360839844
77285,0.0
77286,0.0185089111328
77287,0.0292205810547
77288,0.0401306152344
77289,0.0602111816406
77290,0.0553894042969
77291,0.0716552734375
77292,0.0785522460938
77293,0.0901489257812
77294,0.104370117188
77295,0.0750122070312
77296,0.0934448242188
77297,0.0841064453125
77298,0.0752563476562
77299,0.0833740234375
77300,0.0957641601562
77301,0.0
77302,0.0117721557617
77303,0.0221862792969
77304,0.03759765625
77305,0.0574340820312
77306,0.0657348632812
77307,0.0736083984375
77308,0.0839233398438
77309,0.074951171875
77310,0.0891723632812
77311,0.091064453125
77312,0.0913696289062
77313,0.0879516601562
77314,0.0955200195312
77315,0.112854003906
77316,0.127197265625
77317,0.0
77318,0.0214385986328
77319,0.0322265625
77320,0.0564880371094
77321,0.07763671875
77322,0.0888061523438
77323,0.091796875
77324,0.0859985351562
77325,0.0927124023438
77326,0.0882568359375
77327,0.0899658203125
77328,0.103881835938
77329,0.109375
77330,0.124755859375
77331,0.117004394531
77332,0.13134765625
77333,0.0
77334,0.0187225341797
77335,0.0416870117188
77336,0.0548706054688
77337,0.0654296875
77338,0.0806274414062
77339,0.062744140625
77340,0.07177734375
77341,0.0739135742188
77342,0.0670776367188
77343,0.081298828125
77344,0.0902099609375
77345,0.0979614257812
77346,0.106872558594
77347,0.0979614257812
77348,0.100463867188
77349,0.0
77350,0.0182189941406
77351,0.0378112792969
77352,0.0435180664062
77353,0.0552978515625
77354,0.0684204101562
77355,0.0721435546875
77356,0.0925903320312
77357,0.0821533203125
77358,0.0809326171875
77359,0.0873413085938
77360,0.0885009765625
77361,0.0910034179688
77362,0.112731933594
77363,0.0966186523438
77364,0.099853515625
77365,0.0
77366,0.0140609741211
77367,0.0328979492188
77368,0.0419006347656
77369,0.0452270507812
77370,0.0654907226562
77371,0.071533203125
77372,0.07177734375
77373,0.0781860351562
77374,0.0740356445312
77375,0.0760498046875
77376,0.0911865234375
77377,0.102111816406
77378,0.118408203125
77379,0.112243652344
77380,0.11083984375
77381,0.0
77382,0.0146636962891
77383,0.0328979492188
77384,0.0547790527344
77385,0.0767211914062
77386,0.0784301757812
77387,0.0925903320312
77388,0.100830078125
77389,0.0938110351562
77390,0.0941162109375
77391,0.0899047851562
77392,0.0963134765625
77393,0.0859985351562
77394,0.106994628906
77395,0.103942871094
77396,0.103393554688
77397,0.0
77398,0.0148086547852
77399,0.0275115966797
77400,0.0359497070312
77401,0.0415344238281
77402,0.0546875
77403,0.0633544921875
77404,0.0776977539062
77405,0.08203125
77406,0.092529296875
77407,0.0894165039062
77408,0.0927734375
77409,0.100280761719
77410,0.0993041992188
77411,0.0929565429688
77412,0.0987548828125
77413,0.0
77414,0.0181427001953
77415,0.0382385253906
77416,0.0450134277344
77417,0.0523681640625
77418,0.0578918457031
77419,0.0635375976562
77420,0.0803833007812
77421,0.074951171875
77422,0.084716796875
77423,0.0791015625
77424,0.0925903320312
77425,0.0930786132812
77426,0.102600097656
77427,0.0885009765625
77428,0.0951538085938
77429,0.0
77430,0.0161437988281
77431,0.0328979492188
77432,0.0398254394531
77433,0.0596618652344
77434,0.0640869140625
77435,0.0620422363281
77436,0.0653686523438
77437,0.06982421875
77438,0.0811767578125
77439,0.0811157226562
77440,0.086181640625
77441,0.0958251953125
77442,0.0847778320312
77443,0.083984375
77444,0.0831298828125
77445,0.0
77446,0.0111923217773
77447,0.0209197998047
77448,0.0329284667969
77449,0.0434875488281
77450,0.0578308105469
77451,0.0617065429688
77452,0.0592651367188
77453,0.0610656738281
77454,0.07177734375
77455,0.0804443359375
77456,0.0741577148438
77457,0.072998046875
77458,0.0796508789062
77459,0.0867919921875
77460,0.09423828125
77461,0.0
77462,0.0147247314453
77463,0.0309753417969
77464,0.0419006347656
77465,0.0617980957031
77466,0.0537109375
77467,0.0621337890625
77468,0.0697631835938
77469,0.0755004882812
77470,0.0823974609375
77471,0.0885009765625
77472,0.08642578125
77473,0.0895385742188
77474,0.0867309570312
77475,0.0770874023438
77476,0.08544921875
77477,0.0
77478,0.0132827758789
77479,0.0285491943359
77480,0.0410461425781
77481,0.0509338378906
77482,0.0568542480469
77483,0.0730590820312
77484,0.0800170898438
77485,0.0772094726562
77486,0.080810546875
77487,0.072509765625
77488,0.0701904296875
77489,0.0618896484375
77490,0.0746459960938
77491,0.0797729492188
77492,0.0747680664062
77493,0.0
77494,0.0173950195312
77495,0.0298309326172
77496,0.0446472167969
77497,0.0426635742188
77498,0.0576782226562
77499,0.063720703125
77500,0.0814208984375
77501,0.0740966796875
77502,0.0906372070312
77503,0.0891723632812
77504,0.090087890625
77505,0.091552734375
77506,0.0869750976562
77507,0.074951171875
77508,0.0855102539062
77509,0.0
77510,0.014030456543
77511,0.0241394042969
77512,0.0349426269531
77513,0.0472106933594
77514,0.0462341308594
77515,0.051025390625
77516,0.0601806640625
77517,0.0617065429688
77518,0.0701904296875
77519,0.0735473632812
77521,0.079833984375
77522,0.0894165039062
77523,0.07958984375
77524,0.0869750976562
77525,0.0905151367188
77526,0.0
77527,0.0172729492188
77528,0.0447082519531
77529,0.0659790039062
77530,0.0736083984375
77531,0.0682373046875
77532,0.0797119140625
77533,0.0921020507812
77534,0.0923461914062
77535,0.0922241210938
77536,0.09619140625
77537,0.100891113281
77538,0.0869140625
77539,0.0877685546875
77540,0.088134765625
77541,0.0726318359375
77542,0.0
77543,0.0164184570312
77544,0.0354614257812
77545,0.0389099121094
77546,0.0487060546875
77547,0.0572509765625
77548,0.0625610351562
77549,0.0733642578125
77550,0.0802612304688
77551,0.0880126953125
77552,0.0859375
77553,0.0905151367188
77554,0.099609375
77555,0.0939331054688
77556,0.0977172851562
77557,0.0872802734375
77558,0.0
77559,0.0182037353516
77560,0.0289459228516
77561,0.0399475097656
77562,0.0509948730469
77563,0.0599365234375
77564,0.0577392578125
77565,0.0706176757812
77566,0.0794677734375
77567,0.0828247070312
77568,0.0826416015625
77569,0.0753173828125
77570,0.0692138671875
77571,0.0748901367188
77572,0.0682373046875
77573,0.0792846679688
77574,0.0
77575,0.0157623291016
77576,0.0287017822266
77577,0.0390625
77578,0.0471801757812
77579,0.0557861328125
77580,0.0610656738281
77581,0.0636596679688
77582,0.0722045898438
77583,0.0814819335938
77584,0.0723266601562
77585,0.0596313476562
77586,0.0741577148438
77587,0.081787109375
77588,0.0742797851562
77589,0.0884399414062
77590,0.0
77591,0.0142669677734
77592,0.0290374755859
77593,0.0397338867188
77594,0.0403442382812
77595,0.0453796386719
77596,0.0566101074219
77597,0.0694580078125
77598,0.0774536132812
77599,0.0812377929688
77600,0.0841064453125
77601,0.0858154296875
77602,0.0863647460938
77603,0.0852661132812
77604,0.0938110351562
77605,0.099609375
77606,0.0
77607,0.013786315918
77608,0.0311889648438
77609,0.0399780273438
77610,0.0465698242188
77611,0.0577087402344
77612,0.0719604492188
77613,0.07861328125
77614,0.0887451171875
77615,0.09033203125
77616,0.098388671875
77617,0.0745849609375
77618,0.095458984375
77619,0.0939331054688
77620,0.0939331054688
77621,0.10009765625
77622,0.0
77623,0.0115356445312
77624,0.0192260742188
77625,0.0344543457031
77626,0.042236328125
77627,0.0551452636719
77628,0.0671997070312
77629,0.0632934570312
77630,0.076904296875
77631,0.077392578125
77632,0.0967407226562
77633,0.0904541015625
77634,0.0810546875
77635,0.0842895507812
77636,0.088134765625
77637,0.083984375
77638,0.0
77639,0.0149383544922
77640,0.0256652832031
77641,0.0395812988281
77642,0.0433044433594
77643,0.0478210449219
77644,0.0587463378906
77645,0.0581970214844
77646,0.05078125
77647,0.0527648925781
77648,0.0675659179688
77649,0.0679931640625
77650,0.0714111328125
77651,0.0835571289062
77652,0.0812377929688
77653,0.0690307617188
77654,0.0
77655,0.0119247436523
77656,0.0216064453125
77657,0.0317993164062
77658,0.0374145507812
77659,0.0447692871094
77660,0.0528564453125
77661,0.0589599609375
77662,0.0572204589844
77663,0.0545349121094
77664,0.0609741210938
77665,0.0643920898438
77666,0.0772094726562
77667,0.0797119140625
77668,0.0872192382812
77669,0.0802612304688
77670,0.0
77671,0.0119857788086
77672,0.0218811035156
77673,0.0352478027344
77674,0.0335083007812
77675,0.0469360351562
77676,0.050048828125
77677,0.0505981445312
77678,0.0569458007812
77679,0.0636596679688
77680,0.0718383789062
77681,0.0765991210938
77682,0.0828247070312
77683,0.0742797851562
77684,0.0785522460938
77685,0.0862426757812
77686,0.0
77687,0.0160369873047
77688,0.0385437011719
77689,0.0449523925781
77690,0.0527038574219
77691,0.0555419921875
77692,0.0676879882812
77693,0.0628051757812
77694,0.0629272460938
77695,0.0640258789062
77696,0.0702514648438
77697,0.0684204101562
77698,0.0716552734375
77699,0.0800170898438
77700,0.0858764648438
77701,0.0906372070312
77702,0.0
77703,0.0149459838867
77704,0.0357055664062
77705,0.0462341308594
77706,0.0619201660156
77707,0.071533203125
77708,0.0745239257812
77709,0.091064453125
77710,0.078857421875
77711,0.0736083984375
77712,0.077392578125
77713,0.0859985351562
77714,0.0679321289062
77715,0.0692138671875
77716,0.073974609375
77717,0.0678100585938
77718,0.0
77719,0.0146255493164
77720,0.0283813476562
77721,0.0342102050781
77722,0.04541015625
77723,0.0533447265625
77724,0.0508117675781
77725,0.0604248046875
77726,0.067626953125
77727,0.0734252929688
77728,0.074462890625
77729,0.0797729492188
77730,0.0823364257812
77731,0.07373046875
77732,0.0836181640625
77733,0.0775756835938
77734,0.0
77735,0.0150909423828
77736,0.0310821533203
77737,0.0475769042969
77738,0.0571594238281
77739,0.0716552734375
77740,0.08154296875
77741,0.0741577148438
77742,0.0839233398438
77743,0.0911865234375
77744,0.0945434570312
77745,0.0978393554688
77746,0.0787353515625
77747,0.0859985351562
77748,0.0965576171875
77749,0.07861328125
77750,0.0
77751,0.0145721435547
77752,0.0290832519531
77753,0.0449523925781
77754,0.0498046875
77755,0.0491943359375
77756,0.0552368164062
77757,0.0536499023438
77758,0.0586242675781
77759,0.066650390625
77760,0.0639038085938
77761,0.0650634765625
77762,0.0670776367188
77763,0.0693359375
77764,0.076416015625
77765,0.0750732421875
77766,0.0
77767,0.0152359008789
77768,0.0206146240234
77769,0.0340576171875
77770,0.0391235351562
77771,0.0486755371094
77772,0.0474243164062
77773,0.060546875
77774,0.0608520507812
77775,0.0662841796875
77776,0.0624389648438
77777,0.0709838867188
77778,0.0747680664062
77779,0.0855102539062
77780,0.0925903320312
77781,0.0926513671875
77782,0.0
77783,0.00953674316406
77784,0.0167388916016
77785,0.0226287841797
77786,0.031982421875
77787,0.0379333496094
77788,0.0504760742188
77789,0.0509338378906
77790,0.0596008300781
77791,0.0623779296875
77792,0.0585021972656
77793,0.0634765625
77794,0.0685424804688
77795,0.0651245117188
77796,0.0623168945312
77797,0.0654907226562
77798,0.0
77799,0.0146484375
77800,0.0276794433594
77801,0.033203125
77802,0.0374145507812
77803,0.0478515625
77804,0.0514526367188
77805,0.0588989257812
77806,0.0631713867188
77807,0.071533203125
77808,0.0748291015625
77809,0.0735473632812
77810,0.0772705078125
77811,0.072021484375
77812,0.0804443359375
77813,0.0891723632812
77814,0.0
77815,0.00936126708984
77816,0.0183715820312
77817,0.029541015625
77818,0.0422058105469
77819,0.0516967773438
77820,0.0586242675781
77821,0.0557250976562
77822,0.0561828613281
77823,0.065185546875
77824,0.0795288085938
77825,0.0715942382812
77826,0.065673828125
77827,0.0836181640625
77828,0.072998046875
77829,0.0794067382812
77830,0.0
77831,0.0130004882812
77832,0.0209808349609
77833,0.0305480957031
77834,0.04052734375
77835,0.048583984375
77836,0.0544738769531
77837,0.0652465820312
77838,0.0730590820312
77839,0.078857421875
77840,0.0940551757812
77841,0.0782470703125
77842,0.067138671875
77843,0.0757446289062
77844,0.0748291015625
77845,0.0687255859375
77846,0.0
77847,0.0154266357422
77848,0.0287933349609
77849,0.0351867675781
77850,0.0377502441406
77851,0.05126953125
77852,0.0583190917969
77853,0.06884765625
77854,0.051513671875
77855,0.0617980957031
77856,0.0743408203125
77857,0.0879516601562
77858,0.0775146484375
77859,0.067626953125
77860,0.0661010742188
77861,0.0701904296875
77862,0.0
77863,0.014762878418
77864,0.0276794433594
77865,0.0402221679688
77866,0.049072265625
77867,0.0533142089844
77868,0.0556030273438
77869,0.0556945800781
77870,0.07373046875
77871,0.0855712890625
77872,0.0848388671875
77873,0.0904541015625
77874,0.096435546875
77875,0.0885009765625
77876,0.0772094726562
77877,0.088623046875
77878,0.0
77879,0.0117111206055
77880,0.0258636474609
77881,0.038330078125
77882,0.0503540039062
77883,0.0591735839844
77884,0.0732421875
77885,0.0794067382812
77886,0.083984375
77887,0.0917358398438
77888,0.0911865234375
77889,0.0823364257812
77890,0.0819091796875
77891,0.0943603515625
77892,0.0939331054688
77893,0.097900390625
77894,0.0
77895,0.0122451782227
77896,0.0267486572266
77897,0.0440368652344
77898,0.044677734375
77899,0.0553894042969
77900,0.0634765625
77901,0.0687255859375
77902,0.0809326171875
77903,0.0888671875
77904,0.091552734375
77905,0.100830078125
77906,0.091796875
77907,0.0877685546875
77908,0.0858764648438
77909,0.096435546875
77910,0.0
77911,0.0144882202148
77912,0.0234222412109
77913,0.0306549072266
77914,0.0415344238281
77915,0.0432434082031
77916,0.0523681640625
77917,0.0648803710938
77918,0.0673217773438
77919,0.07080078125
77920,0.0825805664062
77921,0.08056640625
77922,0.0755615234375
77923,0.0844116210938
77924,0.0895385742188
77925,0.069580078125
77926,0.0
77927,0.0130920410156
77928,0.0340576171875
77929,0.0490112304688
77930,0.0596923828125
77931,0.0753173828125
77932,0.0805053710938
77933,0.08544921875
77934,0.0831298828125
77935,0.0881958007812
77936,0.0947265625
77937,0.0916748046875
77938,0.0838012695312
77939,0.0919799804688
77940,0.100219726562
77941,0.0962524414062
77942,0.0
77943,0.011100769043
77944,0.0240020751953
77945,0.0379943847656
77946,0.044921875
77947,0.0474243164062
77948,0.0579833984375
77949,0.0692138671875
77950,0.0665283203125
77951,0.0685424804688
77952,0.0687866210938
77953,0.0780639648438
77954,0.0826416015625
77955,0.0897216796875
77956,0.102416992188
77957,0.0905151367188
77958,0.0
77959,0.00998687744141
77960,0.0225219726562
77961,0.0359802246094
77962,0.0498962402344
77963,0.0596923828125
77964,0.0582275390625
77965,0.0700073242188
77966,0.076416015625
77967,0.077880859375
77968,0.087158203125
77969,0.0885009765625
77970,0.085693359375
77971,0.0914306640625
77972,0.0744018554688
77973,0.0845947265625
77974,0.0
77975,0.013557434082
77976,0.0304260253906
77977,0.045654296875
77978,0.0645141601562
77979,0.0643310546875
77980,0.0657348632812
77981,0.0797729492188
77982,0.064208984375
77983,0.0830688476562
77984,0.0759887695312
77985,0.0700073242188
77986,0.0796508789062
77987,0.0794677734375
77988,0.0809936523438
77989,0.0914306640625
77990,0.0
77991,0.0138931274414
77992,0.0276336669922
77993,0.0413818359375
77994,0.045166015625
77995,0.0468139648438
77996,0.0624084472656
77997,0.068115234375
77998,0.080322265625
77999,0.0940551757812
78000,0.0684204101562
78001,0.074951171875
78002,0.0831298828125
78003,0.0825805664062
78004,0.0859375
78005,0.0897216796875
78006,0.0
78007,0.013427734375
78008,0.0352478027344
78009,0.044677734375
78010,0.0512084960938
78011,0.0615234375
78012,0.0721435546875
78013,0.0746459960938
78014,0.0698852539062
78015,0.0673828125
78016,0.0750122070312
78017,0.071533203125
78018,0.0890502929688
78019,0.0892333984375
78020,0.0875244140625
78021,0.098388671875
78022,0.0
78023,0.0140380859375
78024,0.0357666015625
78025,0.0435485839844
78026,0.0432434082031
78027,0.052978515625
78028,0.0493469238281
78029,0.0621337890625
78030,0.0811157226562
78031,0.0769653320312
78032,0.0797119140625
78033,0.0761108398438
78034,0.0816040039062
78035,0.0803833007812
78036,0.0940551757812
78037,0.10009765625
78038,0.0
78039,0.0183715820312
78040,0.0301818847656
78041,0.0419921875
78042,0.0551452636719
78043,0.0689086914062
78044,0.0831909179688
78045,0.0814208984375
78046,0.0768432617188
78047,0.0776977539062
78048,0.0841064453125
78049,0.0933227539062
78050,0.0956420898438
78051,0.104187011719
78052,0.120300292969
78053,0.106750488281
78054,0.0
78055,0.0149612426758
78056,0.0277557373047
78057,0.0392456054688
78058,0.0550231933594
78059,0.0545959472656
78060,0.0669555664062
78061,0.0792236328125
78062,0.083984375
78063,0.0913696289062
78064,0.0995483398438
78065,0.0940551757812
78066,0.114074707031
78067,0.108276367188
78068,0.0834350585938
78069,0.082763671875
78070,0.0
78071,0.0168304443359
78072,0.0273284912109
78073,0.0475463867188
78074,0.0570068359375
78075,0.0623779296875
78076,0.0659790039062
78077,0.0759887695312
78078,0.0665893554688
78079,0.0756225585938
78080,0.079345703125
78081,0.0870971679688
78082,0.087890625
78083,0.100646972656
78084,0.0908813476562
78085,0.0783081054688
78086,0.0
78087,0.0178527832031
78088,0.0335998535156
78089,0.0448608398438
78090,0.0508422851562
78091,0.0730590820312
78092,0.0636596679688
78093,0.0589599609375
78094,0.0579223632812
78095,0.0699462890625
78096,0.0781860351562
78097,0.0585327148438
78098,0.0768432617188
78099,0.0697021484375
78100,0.0706787109375
78101,0.0709838867188
78102,0.0
78103,0.0102310180664
78104,0.0225982666016
78105,0.0312805175781
78106,0.0450744628906
78107,0.0482177734375
78108,0.0575866699219
78109,0.063232421875
78110,0.0673828125
78111,0.0823974609375
78112,0.0725708007812
78113,0.0771484375
78114,0.0767822265625
78115,0.0830688476562
78116,0.0758056640625
78117,0.0743408203125
78118,0.0
78119,0.00932312011719
78120,0.0216522216797
78121,0.0343933105469
78122,0.0435791015625
78123,0.0443420410156
78124,0.0572204589844
78125,0.063720703125
78126,0.0604248046875
78127,0.0597229003906
78128,0.0617980957031
78129,0.0653076171875
78130,0.0708618164062
78131,0.0753784179688
78132,0.0765380859375
78133,0.0789794921875
78134,0.0
78135,0.0105133056641
78136,0.0236968994141
78137,0.0354309082031
78138,0.0413513183594
78139,0.0540161132812
78140,0.0662841796875
78141,0.07373046875
78142,0.0829467773438
78143,0.08203125
78144,0.0713500976562
78145,0.066162109375
78146,0.0765380859375
78147,0.0839233398438
78148,0.0816650390625
78149,0.0814819335938
78150,0.0
78151,0.01708984375
78152,0.0321960449219
78153,0.0384216308594
78154,0.0509033203125
78155,0.0540466308594
78156,0.0657958984375
78157,0.0661010742188
78158,0.068359375
78159,0.0764770507812
78160,0.0885009765625
78161,0.0802001953125
78162,0.07080078125
78163,0.0748291015625
78164,0.080078125
78165,0.0817260742188
78166,0.0
78167,0.012092590332
78168,0.029296875
78169,0.0435791015625
78170,0.0431823730469
78171,0.0615844726562
78172,0.0634765625
78173,0.069580078125
78174,0.0809936523438
78175,0.069580078125
78176,0.0843505859375
78177,0.078125
78178,0.0757446289062
78179,0.087646484375
78180,0.0833129882812
78181,0.0923461914062
78182,0.0
78183,0.0187683105469
78184,0.0283050537109
78185,0.04150390625
78186,0.0376892089844
78187,0.0622253417969
78188,0.0585327148438
78189,0.0622253417969
78190,0.0763549804688
78191,0.0780029296875
78192,0.0794677734375
78193,0.084716796875
78194,0.082275390625
78195,0.0734252929688
78196,0.0776977539062
78197,0.0809326171875
78198,0.0
78199,0.00901794433594
78200,0.0242462158203
78201,0.0389099121094
78202,0.056884765625
78203,0.0616149902344
78204,0.0634765625
78205,0.0675048828125
78206,0.0791015625
78207,0.0737915039062
78208,0.084228515625
78209,0.07470703125
78210,0.081787109375
78211,0.0822143554688
78212,0.0908813476562
78213,0.0841064453125
78214,0.0
78215,0.0121917724609
78216,0.0296936035156
78217,0.0335693359375
78218,0.0374755859375
78219,0.0435791015625
78220,0.0634155273438
78221,0.071044921875
78222,0.0709838867188
78223,0.0695190429688
78224,0.0676879882812
78225,0.06787109375
78226,0.0675659179688
78227,0.0675659179688
78228,0.0765380859375
78229,0.0891723632812
78230,0.0
78231,0.0170593261719
78232,0.0264129638672
78233,0.0325317382812
78234,0.0401611328125
78235,0.0537109375
78236,0.0567932128906
78237,0.0578002929688
78238,0.0619506835938
78239,0.0656127929688
78240,0.086669921875
78241,0.08154296875
78242,0.0789794921875
78243,0.0834350585938
78244,0.0732421875
78245,0.0880126953125
78246,0.0
78247,0.0101318359375
78248,0.0184783935547
78249,0.0306701660156
78250,0.0377197265625
78251,0.0433044433594
78252,0.0477905273438
78253,0.0599365234375
78254,0.0654907226562
78255,0.0675659179688
78256,0.0635986328125
78257,0.0607604980469
78258,0.0703735351562
78259,0.0711059570312
78260,0.0614318847656
78261,0.0723266601562
78262,0.0
78263,0.014289855957
78264,0.0267639160156
78265,0.0460205078125
78266,0.06298828125
78267,0.075439453125
78268,0.0656127929688
78269,0.0631103515625
78270,0.0631103515625
78271,0.0684814453125
78272,0.0638427734375
78273,0.0626220703125
78274,0.067626953125
78275,0.0726928710938
78276,0.0839233398438
78277,0.0796508789062
78278,0.0
78279,0.0139541625977
78280,0.0262298583984
78281,0.0317687988281
78282,0.0391235351562
78283,0.0486450195312
78284,0.0564575195312
78285,0.0553588867188
78286,0.0742797851562
78287,0.0806884765625
78288,0.0806884765625
78289,0.0733642578125
78290,0.0770874023438
78291,0.0762329101562
78292,0.0702514648438
78293,0.0791015625
78294,0.0
78295,0.0149688720703
78296,0.0348815917969
78297,0.0395812988281
78298,0.0491333007812
78299,0.04541015625
78300,0.050537109375
78301,0.0569763183594
78302,0.0657958984375
