4,0.0
5,0.0
6,0.0
7,0.0
8,0.0
9,0.0
10,0.0
11,0.0
12,0.0
13,0.0
14,0.0
15,0.0
16,0.0
17,5.96046447754e-08
18,5.96046447754e-08
19,0.0
20,0.00179100036621
21,0.00741195678711
22,0.013427734375
23,0.0200653076172
24,0.0259552001953
25,0.0297088623047
26,0.0312805175781
27,0.0342407226562
28,0.0362548828125
29,0.0404357910156
30,0.0404052734375
31,0.0417175292969
32,0.04150390625
33,0.0427551269531
34,0.0440673828125
35,0.0
36,0.0509948730469
37,0.0584716796875
38,0.0784912109375
39,0.0784301757812
40,0.0897216796875
41,0.0899658203125
42,0.09619140625
43,0.0961303710938
44,0.0975341796875
45,0.0999755859375
46,0.098388671875
47,0.0986938476562
48,0.0973510742188
49,0.096435546875
50,0.09912109375
51,0.0
52,0.0406188964844
53,0.0527954101562
54,0.0726318359375
55,0.0797729492188
56,0.0882568359375
57,0.08837890625
58,0.089599609375
59,0.092529296875
60,0.0939331054688
61,0.0968017578125
62,0.09912109375
63,0.0967407226562
64,0.0944213867188
65,0.0955810546875
66,0.100708007812
67,0.0
68,0.03759765625
69,0.0555419921875
70,0.07275390625
71,0.072998046875
72,0.0825805664062
73,0.0875854492188
74,0.0880737304688
75,0.0916137695312
76,0.0963745117188
77,0.0904541015625
78,0.091064453125
79,0.0866088867188
80,0.0904541015625
81,0.0883178710938
82,0.0930786132812
83,0.0
84,0.0324401855469
85,0.0453186035156
86,0.0571899414062
87,0.0620727539062
88,0.067138671875
89,0.0711059570312
90,0.073974609375
91,0.079345703125
92,0.0806884765625
93,0.0849609375
94,0.0804443359375
95,0.0869140625
96,0.08740234375
97,0.085205078125
98,0.086669921875
99,0.0
100,0.0291290283203
101,0.0375671386719
102,0.0538940429688
103,0.0611572265625
104,0.0715942382812
105,0.0794067382812
106,0.0836181640625
107,0.0787963867188
108,0.0801391601562
109,0.0789794921875
110,0.0803833007812
111,0.0760498046875
112,0.0802001953125
113,0.08251953125
114,0.08544921875
115,0.0
116,0.0234375
117,0.037353515625
118,0.0550537109375
119,0.064453125
120,0.0725708007812
121,0.0718383789062
122,0.079833984375
123,0.0813598632812
124,0.087890625
125,0.0797119140625
126,0.0842895507812
127,0.0818481445312
128,0.0878295898438
129,0.0862426757812
130,0.0907592773438
131,0.0
132,0.0211334228516
133,0.0333862304688
134,0.0437316894531
135,0.0530090332031
136,0.0574951171875
137,0.06494140625
138,0.067138671875
139,0.0707397460938
140,0.0679931640625
141,0.0675048828125
142,0.0713500976562
143,0.0753784179688
144,0.0782470703125
145,0.0733642578125
146,0.0764770507812
147,0.0
148,0.0201110839844
149,0.0307006835938
150,0.0446472167969
151,0.0476379394531
152,0.056640625
153,0.065185546875
154,0.0647583007812
155,0.0665893554688
156,0.0713500976562
157,0.0745849609375
158,0.0692749023438
159,0.0736694335938
160,0.0687255859375
161,0.072021484375
162,0.0758666992188
163,0.0
164,0.020263671875
165,0.0276184082031
166,0.0334777832031
167,0.0457458496094
168,0.0547180175781
169,0.0557861328125
170,0.0618286132812
171,0.0657958984375
172,0.069580078125
173,0.0733642578125
174,0.068359375
175,0.0712890625
176,0.0738525390625
177,0.06640625
178,0.0750122070312
179,0.0
180,0.0197143554688
181,0.0309448242188
182,0.0416870117188
183,0.0463256835938
184,0.0533752441406
185,0.0545349121094
186,0.0633544921875
187,0.0650024414062
188,0.0661010742188
189,0.0708618164062
190,0.0714721679688
191,0.0718994140625
192,0.0708618164062
193,0.0723266601562
194,0.0756225585938
195,0.0
196,0.0160217285156
197,0.0247955322266
198,0.0417175292969
199,0.0466003417969
200,0.0533447265625
201,0.0552673339844
202,0.064453125
203,0.066162109375
204,0.0696411132812
205,0.07666015625
206,0.080322265625
207,0.0684204101562
208,0.0775756835938
209,0.0765380859375
210,0.075439453125
211,0.0
212,0.0142059326172
213,0.0223236083984
214,0.031005859375
215,0.0392150878906
216,0.049560546875
217,0.0565795898438
218,0.0660400390625
219,0.0653686523438
220,0.062255859375
221,0.0656127929688
222,0.0618896484375
223,0.0672607421875
224,0.0704956054688
225,0.0677490234375
226,0.072998046875
227,0.0
228,0.0186614990234
229,0.0277252197266
230,0.0367431640625
231,0.0464172363281
232,0.0499572753906
233,0.0506591796875
234,0.0517578125
235,0.0576477050781
236,0.0616455078125
237,0.0635375976562
238,0.064697265625
239,0.0661010742188
240,0.0634155273438
241,0.06884765625
242,0.0671997070312
243,0.0
244,0.01318359375
245,0.0236663818359
246,0.0318603515625
247,0.0364685058594
248,0.0452270507812
249,0.0466003417969
250,0.0575866699219
251,0.0606689453125
252,0.0581970214844
253,0.0570068359375
254,0.0620727539062
255,0.0692138671875
256,0.0665283203125
257,0.0667724609375
258,0.0700073242188
259,0.0
260,0.0160675048828
261,0.0225982666016
262,0.0357360839844
263,0.0374450683594
264,0.0469055175781
265,0.0502014160156
266,0.0561218261719
267,0.0576171875
268,0.0613098144531
269,0.0653076171875
270,0.0605163574219
271,0.0605773925781
272,0.062744140625
273,0.0659790039062
274,0.0678100585938
275,0.0
276,0.0164031982422
277,0.0300140380859
278,0.04052734375
279,0.0498352050781
280,0.0500793457031
281,0.0520935058594
282,0.0540466308594
283,0.0585632324219
284,0.0561828613281
285,0.0638427734375
286,0.0654907226562
287,0.0658569335938
288,0.0634155273438
289,0.0647583007812
290,0.0699462890625
291,0.0
292,0.0147018432617
293,0.0243072509766
294,0.0333251953125
295,0.0362243652344
296,0.04541015625
297,0.0487670898438
298,0.0562133789062
299,0.0574951171875
300,0.0596618652344
301,0.0609436035156
302,0.060791015625
303,0.0613708496094
304,0.0625
305,0.068359375
306,0.0675048828125
307,0.0
308,0.0158386230469
309,0.0256958007812
310,0.0352783203125
311,0.0451049804688
312,0.0486145019531
313,0.0519714355469
314,0.0589599609375
315,0.0575866699219
316,0.0671997070312
317,0.0584716796875
318,0.0658569335938
319,0.0709228515625
320,0.0750122070312
321,0.0692749023438
322,0.0714111328125
323,0.0
324,0.0162811279297
325,0.0257110595703
326,0.032470703125
327,0.0380859375
328,0.048583984375
329,0.0502624511719
330,0.0523376464844
331,0.055419921875
332,0.0601196289062
333,0.0610961914062
334,0.0615844726562
335,0.0625
336,0.0631103515625
337,0.0670776367188
338,0.0675659179688
339,0.0
340,0.0157775878906
341,0.0231170654297
342,0.0305023193359
343,0.0361328125
344,0.0423889160156
345,0.0441284179688
346,0.0548400878906
347,0.0601196289062
348,0.05810546875
349,0.0605773925781
350,0.0587463378906
351,0.0650634765625
352,0.0680541992188
353,0.0684204101562
354,0.0693359375
355,0.0
356,0.0174407958984
357,0.0277099609375
358,0.0359191894531
359,0.0486755371094
360,0.0502319335938
361,0.0604248046875
362,0.0618286132812
363,0.0654907226562
364,0.0619201660156
365,0.0625
366,0.0614318847656
367,0.0599365234375
368,0.0653686523438
369,0.0689086914062
370,0.0706176757812
371,0.0
372,0.0129547119141
373,0.0190887451172
374,0.0267181396484
375,0.034912109375
376,0.0408935546875
377,0.0445556640625
378,0.0476684570312
379,0.048583984375
380,0.0524291992188
381,0.0554809570312
382,0.0589294433594
383,0.0596618652344
384,0.0604858398438
385,0.0613098144531
386,0.0613403320312
387,0.0
388,0.0142517089844
389,0.0228576660156
390,0.0296783447266
391,0.035400390625
392,0.0393676757812
393,0.0436401367188
394,0.0488891601562
395,0.0565795898438
396,0.0567626953125
397,0.0614013671875
398,0.063232421875
399,0.0676879882812
400,0.0660400390625
401,0.0708618164062
402,0.070556640625
403,0.0
404,0.0144271850586
405,0.0283966064453
406,0.03466796875
407,0.0355224609375
408,0.0462646484375
409,0.0517272949219
410,0.0604248046875
411,0.0678100585938
412,0.0655517578125
413,0.0617370605469
414,0.0598449707031
415,0.0599975585938
416,0.0656127929688
417,0.0650024414062
418,0.0643310546875
419,0.0
420,0.0129165649414
421,0.0201110839844
422,0.0277099609375
423,0.0311889648438
424,0.0406188964844
425,0.0440368652344
426,0.0475769042969
427,0.0555725097656
428,0.0574951171875
429,0.0584106445312
430,0.0634155273438
431,0.0618591308594
432,0.0711669921875
433,0.0642700195312
434,0.068115234375
435,0.0
436,0.0138168334961
437,0.0234985351562
438,0.0283813476562
439,0.0365295410156
440,0.0426330566406
441,0.0508117675781
442,0.053955078125
443,0.0575866699219
444,0.0643310546875
445,0.0654296875
446,0.0733642578125
447,0.07568359375
448,0.07763671875
449,0.0704345703125
450,0.06494140625
451,0.0
452,0.0133743286133
453,0.0250701904297
454,0.0277709960938
455,0.0383911132812
456,0.0488891601562
457,0.0552368164062
458,0.0535583496094
459,0.0523986816406
460,0.0554809570312
461,0.0550842285156
462,0.0608215332031
463,0.06298828125
464,0.0606689453125
465,0.0636596679688
466,0.0648803710938
467,0.0
468,0.0129547119141
469,0.0236358642578
470,0.0297088623047
471,0.033203125
472,0.0422668457031
473,0.0448913574219
474,0.0439453125
475,0.0490417480469
476,0.0535278320312
477,0.0568542480469
478,0.058349609375
479,0.06298828125
480,0.0625610351562
481,0.0625
482,0.0709838867188
483,0.0
484,0.0131225585938
485,0.0237274169922
486,0.0304412841797
487,0.0346984863281
488,0.0419311523438
489,0.0473937988281
490,0.0511779785156
491,0.0552978515625
492,0.05322265625
493,0.060302734375
494,0.0636596679688
495,0.0679931640625
496,0.0682373046875
497,0.06884765625
498,0.0731201171875
499,0.0
500,0.0192260742188
501,0.0287017822266
502,0.0381164550781
503,0.0357971191406
504,0.0433044433594
505,0.0439453125
506,0.0481567382812
507,0.0560913085938
508,0.0645141601562
509,0.0596008300781
510,0.0623474121094
511,0.0623168945312
512,0.0682373046875
513,0.0674438476562
514,0.0650634765625
515,0.0
516,0.0151977539062
517,0.0241546630859
518,0.0348510742188
519,0.0348205566406
520,0.0429382324219
521,0.0512390136719
522,0.0531921386719
523,0.0540771484375
524,0.0604858398438
525,0.0575561523438
526,0.0651245117188
527,0.063720703125
528,0.068359375
529,0.06494140625
530,0.0638427734375
531,0.0
532,0.0127716064453
533,0.0216522216797
534,0.0289154052734
535,0.0364379882812
536,0.0411682128906
537,0.0450134277344
538,0.0515441894531
539,0.055419921875
540,0.0598754882812
541,0.0630493164062
542,0.064208984375
543,0.0645141601562
544,0.0723266601562
545,0.0739135742188
546,0.0672607421875
547,0.0
548,0.0122222900391
549,0.0188598632812
550,0.0297088623047
551,0.0393981933594
552,0.0453796386719
553,0.0519409179688
554,0.0550231933594
555,0.0530395507812
556,0.0575866699219
557,0.0586547851562
558,0.0612487792969
559,0.0652465820312
560,0.0674438476562
561,0.0711059570312
562,0.068115234375
563,0.0
564,0.0151596069336
565,0.0235443115234
566,0.0320434570312
567,0.0391235351562
568,0.0428466796875
569,0.04833984375
570,0.0559692382812
571,0.05517578125
572,0.0569458007812
573,0.063232421875
574,0.0631713867188
575,0.06787109375
576,0.0665893554688
577,0.0696411132812
578,0.0696411132812
579,0.0
580,0.013557434082
581,0.0270080566406
582,0.0372924804688
583,0.0404663085938
584,0.0438537597656
585,0.04736328125
586,0.0519104003906
587,0.0599670410156
588,0.0581665039062
589,0.0552978515625
590,0.0603942871094
591,0.06396484375
592,0.0619201660156
593,0.0618591308594
594,0.0665283203125
595,0.0
596,0.0118026733398
597,0.0224151611328
598,0.0299072265625
599,0.0341186523438
600,0.0405883789062
601,0.0461120605469
602,0.0485534667969
603,0.0541687011719
604,0.059814453125
605,0.0623474121094
606,0.063232421875
607,0.06396484375
608,0.0628051757812
609,0.0628662109375
610,0.067626953125
611,0.0
612,0.0132751464844
613,0.0229797363281
614,0.0311737060547
615,0.0381774902344
616,0.0437316894531
617,0.0455322265625
618,0.0489501953125
619,0.0570983886719
620,0.064697265625
621,0.05859375
622,0.0586853027344
623,0.0617065429688
624,0.0685424804688
625,0.0714721679688
626,0.067626953125
627,0.0
628,0.0131683349609
629,0.0201721191406
630,0.0290832519531
631,0.0370483398438
632,0.0433654785156
633,0.0479431152344
634,0.0499572753906
635,0.0531921386719
636,0.0556640625
637,0.05859375
638,0.0569458007812
639,0.0586547851562
640,0.0637817382812
641,0.064697265625
642,0.06494140625
643,0.0
644,0.0139389038086
645,0.0224761962891
646,0.0267181396484
647,0.0372924804688
648,0.0438537597656
649,0.0482482910156
650,0.0529174804688
651,0.0559997558594
652,0.0580139160156
653,0.0628051757812
654,0.0654296875
655,0.0645141601562
656,0.0669555664062
657,0.0667724609375
658,0.0655517578125
659,0.0
660,0.0148086547852
661,0.0274200439453
662,0.0302734375
663,0.0381774902344
664,0.0414733886719
665,0.0479125976562
666,0.0522766113281
667,0.0535888671875
668,0.0562744140625
669,0.056884765625
670,0.0574645996094
671,0.0626831054688
672,0.0645141601562
673,0.0693969726562
674,0.0668334960938
675,0.0
676,0.0140914916992
677,0.0222625732422
678,0.03759765625
679,0.0446472167969
680,0.044189453125
681,0.0487670898438
682,0.0494995117188
683,0.0531921386719
684,0.0546875
685,0.0571594238281
686,0.0602722167969
687,0.0645141601562
688,0.065185546875
689,0.0643920898438
690,0.0659790039062
691,0.0
692,0.013557434082
693,0.0231475830078
694,0.0313720703125
695,0.0374145507812
696,0.0453491210938
697,0.0466918945312
698,0.0489807128906
699,0.0555725097656
700,0.0582580566406
701,0.0631713867188
702,0.0632934570312
703,0.0628051757812
704,0.0612487792969
705,0.0633544921875
706,0.0596923828125
707,0.0
708,0.0121459960938
709,0.0207214355469
710,0.0316162109375
711,0.038330078125
712,0.0423889160156
713,0.0466003417969
714,0.053466796875
715,0.0508422851562
716,0.0536499023438
717,0.0599670410156
718,0.0565490722656
719,0.0569152832031
720,0.0614318847656
721,0.0599975585938
722,0.0635986328125
723,0.0
724,0.0130767822266
725,0.0240173339844
726,0.0328063964844
727,0.0370788574219
728,0.0386352539062
729,0.0437927246094
730,0.0511474609375
731,0.0547485351562
732,0.0602111816406
733,0.0590209960938
734,0.0564270019531
735,0.0624694824219
736,0.0608520507812
737,0.0637817382812
738,0.0637817382812
739,0.0
740,0.011100769043
741,0.0233154296875
742,0.0327758789062
743,0.0382690429688
744,0.0456237792969
745,0.0491333007812
746,0.0531005859375
747,0.0567321777344
748,0.0555114746094
749,0.0579528808594
750,0.0623474121094
751,0.062255859375
752,0.0615844726562
753,0.0616149902344
754,0.067138671875
755,0.0
756,0.0107955932617
757,0.0219421386719
758,0.0282745361328
759,0.0397033691406
760,0.0424194335938
761,0.0486755371094
762,0.0552368164062
763,0.0556335449219
764,0.0567016601562
765,0.0603332519531
766,0.0612182617188
767,0.0599060058594
768,0.0613098144531
769,0.0635375976562
770,0.062255859375
771,0.0
772,0.0102844238281
773,0.0207672119141
774,0.0323791503906
775,0.0407409667969
776,0.0503540039062
777,0.0510559082031
778,0.0552062988281
779,0.0568237304688
780,0.0606079101562
781,0.0633544921875
782,0.0622863769531
783,0.0616455078125
784,0.0648803710938
785,0.0657348632812
787,0.0675048828125
788,0.0
789,0.0106201171875
790,0.0186004638672
791,0.0246276855469
792,0.0308837890625
793,0.0399780273438
794,0.0441284179688
795,0.0493469238281
796,0.0521850585938
797,0.0567016601562
798,0.0590515136719
799,0.0595092773438
800,0.0636596679688
801,0.0648193359375
802,0.060546875
803,0.0640258789062
804,0.0
805,0.00951385498047
806,0.0181579589844
807,0.0242004394531
808,0.0332641601562
809,0.0364074707031
810,0.04052734375
811,0.0443420410156
812,0.0512084960938
813,0.0508117675781
814,0.055908203125
815,0.0547790527344
816,0.0600280761719
817,0.0596008300781
818,0.0605163574219
819,0.0613403320312
820,0.0
821,0.0105056762695
822,0.0208587646484
823,0.0322265625
824,0.0437316894531
825,0.0499877929688
826,0.0534362792969
827,0.0541381835938
828,0.0540466308594
829,0.0574951171875
830,0.0594787597656
831,0.0650024414062
832,0.0607299804688
833,0.0594177246094
834,0.0596923828125
835,0.0634765625
836,0.0
837,0.0140991210938
838,0.0246887207031
839,0.03662109375
840,0.0410461425781
841,0.0498657226562
842,0.049560546875
843,0.0539245605469
844,0.0516357421875
845,0.0564270019531
846,0.0558776855469
847,0.0576477050781
848,0.0571594238281
849,0.0596923828125
850,0.0604248046875
851,0.0603332519531
852,0.0
853,0.0104141235352
854,0.0200500488281
855,0.0273132324219
856,0.03369140625
857,0.0411682128906
858,0.0469360351562
859,0.0511169433594
860,0.0503540039062
861,0.0550231933594
862,0.0547180175781
863,0.054931640625
864,0.0554809570312
865,0.05810546875
866,0.05615234375
867,0.0583190917969
868,0.0
869,0.0126113891602
870,0.0220947265625
871,0.0290222167969
872,0.0326232910156
873,0.0417175292969
874,0.0450439453125
875,0.0463562011719
876,0.0497741699219
877,0.0521545410156
878,0.0580139160156
879,0.0570068359375
880,0.0574340820312
881,0.0614624023438
882,0.0640258789062
883,0.0621643066406
884,0.0
885,0.0123138427734
886,0.0265960693359
887,0.0319213867188
888,0.0388793945312
889,0.0420532226562
890,0.0474243164062
891,0.0484924316406
892,0.0527954101562
893,0.054931640625
894,0.0536804199219
895,0.0562438964844
896,0.059814453125
897,0.0628051757812
898,0.063720703125
899,0.0662841796875
900,0.0
901,0.00967407226562
902,0.0209350585938
903,0.029541015625
904,0.0399169921875
905,0.0386352539062
906,0.0452575683594
907,0.0465393066406
908,0.0501403808594
909,0.0542907714844
910,0.0582275390625
911,0.0615844726562
912,0.0626220703125
913,0.0714721679688
914,0.0703125
915,0.0651245117188
916,0.0
917,0.00950622558594
918,0.0184783935547
919,0.0275115966797
920,0.0392456054688
921,0.0394287109375
922,0.0453491210938
923,0.04736328125
924,0.0555725097656
925,0.0560913085938
926,0.0576171875
927,0.0620422363281
928,0.0598754882812
929,0.0596313476562
930,0.0630493164062
931,0.0596313476562
932,0.0
933,0.0113067626953
934,0.0239715576172
935,0.0320434570312
936,0.0324401855469
937,0.0381469726562
938,0.0414428710938
939,0.0468444824219
940,0.0521240234375
941,0.0546875
942,0.0574951171875
943,0.0518798828125
944,0.0566101074219
945,0.0602722167969
946,0.0602722167969
947,0.06689453125
948,0.0
949,0.0132598876953
950,0.0225219726562
951,0.0325622558594
952,0.0419616699219
953,0.044677734375
954,0.0476684570312
955,0.0523986816406
956,0.0575256347656
957,0.0586242675781
958,0.0596923828125
959,0.0595397949219
960,0.0640258789062
961,0.0645141601562
962,0.0606689453125
963,0.059326171875
964,0.0
965,0.0104446411133
966,0.0208740234375
967,0.0298156738281
968,0.0343933105469
969,0.0407409667969
970,0.0425415039062
971,0.0502014160156
972,0.0479736328125
973,0.0538940429688
974,0.0582885742188
975,0.0599060058594
976,0.0623779296875
977,0.0609130859375
978,0.0577087402344
979,0.0557556152344
980,0.0
981,0.00975799560547
982,0.0192718505859
983,0.0270538330078
984,0.0351257324219
985,0.0443725585938
986,0.0466918945312
987,0.0461730957031
988,0.0472717285156
989,0.053955078125
990,0.0586547851562
991,0.0624389648438
992,0.0605163574219
993,0.059326171875
994,0.0632934570312
995,0.0641479492188
996,0.0
997,0.014404296875
998,0.0314331054688
999,0.044677734375
1000,0.0490417480469
1001,0.0547790527344
1002,0.06103515625
1003,0.0719604492188
1004,0.0648803710938
1005,0.0660400390625
1006,0.0619506835938
1007,0.0584716796875
1008,0.0554504394531
1009,0.0593872070312
1010,0.0595092773438
1011,0.0574340820312
1012,0.0
1013,0.0120315551758
1014,0.0200347900391
1015,0.0343017578125
1016,0.0429077148438
1017,0.0583190917969
1018,0.0577697753906
1019,0.0508117675781
1020,0.0539245605469
1021,0.052734375
1022,0.0599670410156
1023,0.0593566894531
1024,0.0537414550781
1025,0.0635986328125
1026,0.0667724609375
1027,0.062255859375
1028,0.0
1029,0.010009765625
1030,0.0176544189453
1031,0.0258483886719
1032,0.0339660644531
1033,0.0388793945312
1034,0.0422058105469
1035,0.0466003417969
1036,0.048828125
1037,0.0504150390625
1038,0.05322265625
1039,0.0556640625
1040,0.0548095703125
1041,0.05908203125
1042,0.0603637695312
1043,0.0621643066406
1044,0.0
1045,0.00957489013672
1046,0.0180053710938
1047,0.0250549316406
1048,0.0335693359375
1049,0.0408020019531
1050,0.0449829101562
1051,0.0485229492188
1052,0.0509643554688
1053,0.053955078125
1054,0.0540466308594
1055,0.0551452636719
1056,0.0578308105469
1057,0.0570373535156
1058,0.0603332519531
1059,0.0606384277344
1060,0.0
1061,0.011116027832
1062,0.0225982666016
1063,0.0309600830078
1064,0.0396118164062
1065,0.0456848144531
1066,0.0478820800781
1067,0.0492248535156
1068,0.0543212890625
1069,0.0540466308594
1070,0.0547485351562
1071,0.0528869628906
1072,0.053466796875
1073,0.0562744140625
1074,0.0584411621094
1075,0.062255859375
1076,0.0
1077,0.0114593505859
1078,0.0226593017578
1079,0.0347595214844
1080,0.0386962890625
1081,0.0459594726562
1082,0.04833984375
1083,0.0496826171875
1084,0.0547790527344
1085,0.0540161132812
1086,0.0609436035156
1087,0.0638427734375
1088,0.0603332519531
1089,0.0547180175781
1090,0.0547180175781
1091,0.056884765625
1092,0.0
1093,0.00904846191406
1094,0.0166015625
1095,0.0252380371094
1096,0.0336303710938
1097,0.0370483398438
1098,0.0441284179688
1099,0.0498046875
1100,0.0494689941406
1101,0.0536499023438
1102,0.0589904785156
1103,0.0646362304688
1104,0.0667114257812
1105,0.0618896484375
1106,0.0617065429688
1107,0.0577697753906
1108,0.0
1109,0.0101089477539
1110,0.0169219970703
1111,0.0285491943359
1112,0.032470703125
1113,0.0343627929688
1114,0.0397338867188
1115,0.0485534667969
1116,0.0543212890625
1117,0.0557250976562
1118,0.0616760253906
1119,0.0628662109375
1120,0.0652465820312
1121,0.0576782226562
1122,0.0562744140625
1123,0.0597229003906
1124,0.0
1125,0.0100936889648
1126,0.0201110839844
1127,0.0319213867188
1128,0.0409240722656
1129,0.0414733886719
1130,0.0474243164062
1131,0.0589904785156
1132,0.0547180175781
1133,0.0518798828125
1134,0.0552673339844
1135,0.0601501464844
1136,0.0613098144531
1137,0.0623779296875
1138,0.0635375976562
1139,0.0629272460938
1140,0.0
1141,0.010009765625
1142,0.020263671875
1143,0.0303344726562
1144,0.0300598144531
1145,0.0361633300781
1146,0.0425720214844
1147,0.0470886230469
1148,0.051513671875
1149,0.0508117675781
1150,0.0546264648438
1151,0.0535278320312
1152,0.0559692382812
1153,0.059814453125
1154,0.0652465820312
1155,0.0736694335938
1156,0.0
1157,0.00966644287109
1158,0.0199279785156
1159,0.0290832519531
1160,0.0325012207031
1161,0.0381774902344
1162,0.0408020019531
1163,0.0480041503906
1164,0.0554809570312
1165,0.0533447265625
1166,0.0570983886719
1167,0.0603332519531
1168,0.0536804199219
1169,0.0554504394531
1170,0.0592651367188
1171,0.0603637695312
1172,0.0
1173,0.00997161865234
1174,0.0179138183594
1175,0.0270690917969
1176,0.0357666015625
1177,0.0392456054688
1178,0.0478820800781
1179,0.051513671875
1180,0.0520935058594
1181,0.0559997558594
1182,0.0590515136719
1183,0.0615539550781
1184,0.0570068359375
1185,0.059814453125
1186,0.0551452636719
1187,0.062255859375
1188,0.0
1189,0.0106658935547
1190,0.0227661132812
1191,0.0332946777344
1192,0.0392150878906
1193,0.0457458496094
1194,0.0469970703125
1195,0.0484619140625
1196,0.0505676269531
1197,0.0586547851562
1198,0.0518798828125
1199,0.0589904785156
1200,0.0537719726562
1201,0.05419921875
1202,0.0557861328125
1203,0.0535888671875
1204,0.0
1205,0.00881195068359
1206,0.017822265625
1207,0.0253143310547
1208,0.0326843261719
1209,0.0359802246094
1210,0.0475158691406
1211,0.044189453125
1212,0.0550842285156
1213,0.0513305664062
1214,0.0583801269531
1215,0.0541687011719
1216,0.0579528808594
1217,0.0563354492188
1218,0.0584716796875
1219,0.0620727539062
1220,0.0
1221,0.00957489013672
1222,0.0153045654297
1223,0.0207214355469
1224,0.0297241210938
1225,0.0360107421875
1226,0.0391540527344
1227,0.0467834472656
1228,0.05029296875
1229,0.0477905273438
1230,0.0505065917969
1231,0.0563659667969
1232,0.0558166503906
1233,0.06298828125
1234,0.062744140625
1235,0.0610656738281
1236,0.0
1237,0.00688934326172
1238,0.0160064697266
1239,0.0242156982422
1240,0.0314636230469
1241,0.0377502441406
1242,0.0418090820312
1243,0.0481262207031
1244,0.0460815429688
1245,0.0535888671875
1246,0.0543518066406
1247,0.0537109375
1248,0.0565185546875
1249,0.0579528808594
1250,0.06298828125
1251,0.062255859375
1252,0.0
1253,0.0127792358398
1254,0.0231323242188
1255,0.0267181396484
1256,0.0368041992188
1257,0.0371704101562
1258,0.03955078125
1259,0.041259765625
1260,0.0461730957031
1261,0.0505065917969
1262,0.0557250976562
1263,0.056396484375
1264,0.060546875
1265,0.0661010742188
1266,0.0692749023438
1267,0.0624694824219
1268,0.0
1269,0.00811767578125
1270,0.0169677734375
1271,0.0268249511719
1272,0.0301666259766
1273,0.0351257324219
1274,0.0404968261719
1275,0.0439453125
1276,0.0516967773438
1277,0.0544128417969
1278,0.0510864257812
1279,0.046875
1280,0.0476684570312
1281,0.0514831542969
1282,0.0526428222656
1283,0.0535278320312
1284,0.0
1285,0.0106506347656
1286,0.0216674804688
1287,0.0262603759766
1288,0.033935546875
1289,0.0427856445312
1290,0.0450439453125
1291,0.0445861816406
1292,0.0475463867188
1293,0.0539855957031
1294,0.0552978515625
1295,0.0560302734375
1296,0.059814453125
1297,0.0613403320312
1298,0.0599670410156
1299,0.066162109375
1300,0.0
1301,0.0105514526367
1302,0.0204467773438
1303,0.0263061523438
1304,0.0307006835938
1305,0.0377807617188
1306,0.0422668457031
1307,0.0470886230469
1308,0.0477600097656
1309,0.0473937988281
1310,0.0521545410156
1311,0.0555419921875
1312,0.0573120117188
1313,0.0587768554688
1314,0.0552673339844
1315,0.0555725097656
1316,0.0
1317,0.011474609375
1318,0.0214233398438
1319,0.0231628417969
1320,0.0302124023438
1321,0.0359802246094
1322,0.0403137207031
1323,0.0439453125
1324,0.0450134277344
1325,0.0485534667969
1326,0.0513916015625
1327,0.0511169433594
1328,0.0523681640625
1329,0.05517578125
1330,0.0581970214844
1331,0.0592956542969
1332,0.0
1333,0.0179290771484
1334,0.0206298828125
1335,0.0385131835938
1336,0.0431518554688
1337,0.0483703613281
1338,0.0388793945312
1339,0.0473327636719
1340,0.0586547851562
1341,0.0552673339844
1342,0.0481262207031
1343,0.0473022460938
1344,0.0523071289062
1345,0.0528564453125
1346,0.052490234375
1347,0.0526733398438
1348,0.0
1349,0.00924682617188
1350,0.0196075439453
1351,0.0283660888672
1352,0.0343627929688
1353,0.0437927246094
1354,0.0498046875
1355,0.0518493652344
1356,0.051513671875
1357,0.0517578125
1358,0.0536499023438
1359,0.059326171875
1360,0.0570068359375
1361,0.0552062988281
1362,0.0602416992188
1363,0.0611267089844
1364,0.0
1365,0.00753784179688
1366,0.0154113769531
1367,0.0235748291016
1368,0.0334167480469
1369,0.0437622070312
1370,0.0456237792969
1371,0.0462036132812
1372,0.047607421875
1373,0.0480651855469
1374,0.050048828125
1375,0.0558166503906
1376,0.0545654296875
1377,0.0535888671875
1378,0.0552368164062
1379,0.059814453125
1380,0.0
1381,0.00994110107422
1382,0.0181579589844
1383,0.0259552001953
1384,0.0308074951172
1385,0.0365905761719
1386,0.0420837402344
1387,0.0439147949219
1388,0.0462646484375
1389,0.0470886230469
1390,0.0517883300781
1391,0.0536193847656
1392,0.0519104003906
1393,0.0582275390625
1394,0.059814453125
1395,0.0621948242188
1396,0.0
1397,0.00994873046875
1398,0.0203704833984
1399,0.0307769775391
1400,0.0425415039062
1401,0.0399475097656
1402,0.0473022460938
1403,0.0537414550781
1404,0.0518188476562
1405,0.0525207519531
1406,0.0556945800781
1407,0.0500793457031
1408,0.0490417480469
1409,0.0497436523438
1410,0.055908203125
1411,0.0556945800781
1412,0.0
1413,0.0130386352539
1414,0.0260925292969
1415,0.0332946777344
1416,0.0373229980469
1417,0.03662109375
1418,0.0477905273438
1419,0.0457458496094
1420,0.0545959472656
1421,0.0472717285156
1422,0.0527954101562
1423,0.0481262207031
1424,0.0515747070312
1425,0.052490234375
1426,0.058349609375
1427,0.0562744140625
1428,0.0
1429,0.00877380371094
1430,0.020751953125
1431,0.0267028808594
1432,0.0392456054688
1433,0.0395812988281
1434,0.0421447753906
1435,0.0418090820312
1436,0.049560546875
1437,0.0546875
1438,0.0564575195312
1439,0.0624389648438
1440,0.0591430664062
1441,0.06982421875
1442,0.0601501464844
1443,0.064453125
1444,0.0
1445,0.00887298583984
1446,0.0170593261719
1447,0.0265350341797
1448,0.0289764404297
1449,0.0357360839844
1450,0.0426940917969
1451,0.0444030761719
1452,0.0442810058594
1453,0.0463562011719
1454,0.048828125
1455,0.0494079589844
1456,0.0509643554688
1457,0.0523071289062
1458,0.0565795898438
1459,0.0585632324219
1460,0.0
1461,0.00910186767578
1462,0.0188751220703
1463,0.0236663818359
1464,0.0244445800781
1465,0.0326232910156
1466,0.0389404296875
1467,0.0458984375
1468,0.0469360351562
1469,0.0487365722656
1470,0.0489196777344
1471,0.0541687011719
1472,0.0547485351562
1473,0.0584716796875
1474,0.0631103515625
1475,0.0624084472656
1476,0.0
1477,0.00579833984375
1478,0.0136337280273
1479,0.0223846435547
1480,0.0286712646484
1481,0.0332946777344
1482,0.0418090820312
1483,0.0480346679688
1484,0.0471496582031
1485,0.051025390625
1486,0.0475463867188
1487,0.0499572753906
1488,0.0469360351562
1489,0.0509033203125
1490,0.0517578125
1491,0.054443359375
1492,0.0
1493,0.0101623535156
1494,0.0187072753906
1495,0.0292663574219
1496,0.031494140625
1497,0.0344848632812
1498,0.0415649414062
1499,0.0452880859375
1500,0.0444030761719
1501,0.0442504882812
1502,0.0477294921875
1503,0.0531005859375
1504,0.0557250976562
1505,0.0575561523438
1506,0.0563354492188
1507,0.0626220703125
1508,0.0
1509,0.00774765014648
1510,0.0165405273438
1511,0.0262145996094
1512,0.0313415527344
1513,0.0386657714844
1514,0.0480346679688
1515,0.0501403808594
1516,0.0520629882812
1517,0.0524291992188
1518,0.0516662597656
1519,0.0529174804688
1520,0.0600280761719
1521,0.07080078125
1522,0.0599365234375
1523,0.0701904296875
1524,0.0
1525,0.00901031494141
1526,0.0220489501953
1527,0.0283813476562
1528,0.0334777832031
1529,0.0391540527344
1530,0.0439758300781
1531,0.0511779785156
1532,0.0521850585938
1533,0.0569152832031
1534,0.0572204589844
1535,0.0556030273438
1536,0.0597839355469
1537,0.0639038085938
1538,0.0650024414062
1539,0.0671997070312
1540,0.0
1541,0.00933837890625
1542,0.0170745849609
1543,0.0250244140625
1544,0.0355224609375
1545,0.0462341308594
1546,0.0538330078125
1547,0.0634765625
1548,0.0665283203125
1549,0.0733642578125
1550,0.0777587890625
1551,0.0603637695312
1552,0.0582275390625
1553,0.0533447265625
1554,0.0494689941406
1555,0.0492858886719
1556,0.0
1557,0.00800323486328
1558,0.0185394287109
1559,0.0262603759766
1560,0.0343322753906
1561,0.0422058105469
1562,0.0414428710938
1563,0.0461730957031
38319,0.0405883789062
38320,0.04443359375
38321,0.0408020019531
38322,0.0425415039062
38323,0.0
38324,0.00772094726562
38325,0.0139770507812
38326,0.0187072753906
38327,0.0254211425781
38328,0.0278472900391
38329,0.03466796875
38330,0.0434265136719
38331,0.0436401367188
38332,0.044677734375
38333,0.0465393066406
38334,0.0418701171875
38335,0.0401000976562
38336,0.0420532226562
38337,0.0415954589844
38338,0.0449829101562
38339,0.0
38340,0.00852966308594
38341,0.0162200927734
38342,0.0206298828125
38343,0.0242309570312
38344,0.0328063964844
38345,0.0320434570312
38346,0.0379028320312
38347,0.0382995605469
38348,0.0357971191406
38349,0.0360717773438
38350,0.0383605957031
38351,0.0429077148438
38352,0.032958984375
38353,0.037353515625
38354,0.0424499511719
38355,0.0
38356,0.00578689575195
38357,0.0121994018555
38358,0.0191040039062
38359,0.022216796875
38360,0.0245513916016
38361,0.0285186767578
38362,0.0290679931641
38363,0.0366516113281
38364,0.0390319824219
38365,0.0442810058594
38366,0.0433654785156
38367,0.0386657714844
38368,0.0404663085938
38369,0.0419006347656
38371,0.0418090820312
38372,0.0
38373,0.00683212280273
38374,0.0151138305664
38375,0.0225830078125
38376,0.0245666503906
38377,0.0263366699219
38378,0.0284729003906
38379,0.032470703125
38380,0.0309906005859
38381,0.0339660644531
38382,0.03466796875
38383,0.0349731445312
38384,0.0365905761719
38385,0.0435180664062
38386,0.0473022460938
38387,0.0386352539062
38388,0.0
38389,0.00480651855469
38390,0.0110778808594
38391,0.0180511474609
38392,0.02490234375
38393,0.0284271240234
38394,0.0330505371094
38395,0.0388793945312
38396,0.0398559570312
38397,0.0380859375
38398,0.0403747558594
38399,0.0344543457031
38400,0.0390014648438
38401,0.04248046875
38402,0.0386962890625
38403,0.0474548339844
38404,0.0
38405,0.00657272338867
38406,0.0117797851562
38407,0.0154342651367
38408,0.0219421386719
38409,0.0285339355469
38410,0.0277709960938
38411,0.0297241210938
38412,0.0322875976562
38413,0.0296478271484
38414,0.0313720703125
38415,0.0332336425781
38416,0.0328979492188
38417,0.0374145507812
38418,0.0437927246094
38419,0.045654296875
38420,0.0
38421,0.00683975219727
38422,0.0142822265625
38423,0.0168151855469
38424,0.0213623046875
38425,0.0274200439453
38426,0.0245666503906
38427,0.0309448242188
38428,0.0314636230469
38429,0.0343322753906
38430,0.0382995605469
38431,0.0411071777344
38432,0.0343627929688
38433,0.033203125
38434,0.0438842773438
38435,0.0437622070312
38436,0.0
38437,0.00843048095703
38438,0.0176239013672
38439,0.0228424072266
38440,0.0264587402344
38441,0.0312805175781
38442,0.0357360839844
38443,0.0339050292969
38444,0.0317993164062
38445,0.0351257324219
38446,0.0363159179688
38447,0.0379943847656
38448,0.0360412597656
38449,0.0380249023438
38450,0.0390625
38451,0.0408935546875
38452,0.0
38453,0.00568771362305
38454,0.0105819702148
38455,0.0161895751953
38456,0.0208129882812
38457,0.0253448486328
38458,0.0303802490234
38459,0.0307922363281
38460,0.0317993164062
38461,0.03662109375
38462,0.0423889160156
38463,0.0386657714844
38464,0.0388488769531
38465,0.0451965332031
38466,0.0381469726562
38467,0.0394897460938
38468,0.0
38469,0.00664901733398
38470,0.0125503540039
38471,0.0127334594727
38472,0.0188140869141
38473,0.0239715576172
38474,0.0303344726562
38475,0.03076171875
38476,0.0307006835938
38477,0.0325317382812
38478,0.0355834960938
38479,0.0389404296875
38480,0.0405883789062
38481,0.0399169921875
38482,0.0407409667969
38483,0.0456237792969
38484,0.0
38485,0.00630187988281
38486,0.0100936889648
38487,0.014892578125
38488,0.0180358886719
38489,0.0257720947266
38490,0.0288848876953
38491,0.0357971191406
38492,0.0402526855469
38493,0.0435791015625
38494,0.0432434082031
38495,0.043701171875
38496,0.0341186523438
38497,0.0361022949219
38498,0.035400390625
38499,0.0350341796875
38500,0.0
38501,0.00741577148438
38502,0.0154113769531
38503,0.0200500488281
38504,0.0233917236328
38505,0.0287322998047
38506,0.0325317382812
38507,0.0325012207031
38508,0.0375061035156
38509,0.0397033691406
38510,0.0394897460938
38511,0.0452880859375
38512,0.035400390625
38513,0.0386047363281
38514,0.04541015625
38515,0.0514221191406
38516,0.0
38517,0.00555419921875
38518,0.0113143920898
38519,0.0198211669922
38520,0.0220184326172
38521,0.0238342285156
38522,0.0243377685547
38523,0.0297088623047
38524,0.0337524414062
38525,0.03662109375
38526,0.0422668457031
38527,0.0434875488281
38528,0.0451965332031
38529,0.04296875
38530,0.0423278808594
38531,0.0432434082031
38532,0.0
38533,0.00617218017578
38534,0.0102462768555
38535,0.0170288085938
38536,0.0199279785156
38537,0.0242309570312
38538,0.0251617431641
38539,0.0260314941406
38540,0.0274810791016
38541,0.0313110351562
38542,0.0325622558594
38543,0.03857421875
38544,0.0384216308594
38545,0.0394897460938
38546,0.0421142578125
38547,0.0435791015625
38548,0.0
38549,0.00740432739258
38550,0.0125198364258
38551,0.0170440673828
38552,0.0206909179688
38553,0.0213165283203
38554,0.0253448486328
38555,0.0253143310547
38556,0.0277557373047
38557,0.0317993164062
38558,0.0353698730469
38559,0.0371704101562
38560,0.0433349609375
38561,0.0482177734375
38562,0.0499877929688
38563,0.0494689941406
38564,0.0
38565,0.00670623779297
38566,0.0135040283203
38567,0.0220947265625
38568,0.0225219726562
38569,0.0245208740234
38570,0.0289306640625
38571,0.0346069335938
38572,0.0368041992188
38573,0.0406494140625
38574,0.0480651855469
38575,0.04833984375
38576,0.0525512695312
38577,0.0485534667969
38578,0.0370483398438
38579,0.0330200195312
38580,0.0
38581,0.00550079345703
38582,0.0110855102539
38583,0.0181427001953
38584,0.0225219726562
38585,0.0267639160156
38586,0.0347290039062
38587,0.0443115234375
38588,0.0466613769531
38589,0.0408020019531
38590,0.0523986816406
38591,0.0470581054688
38592,0.047119140625
38593,0.0505676269531
38594,0.045654296875
38595,0.0537414550781
38596,0.0
38597,0.00653839111328
38598,0.0138168334961
38599,0.0189819335938
38600,0.0246734619141
38601,0.0238952636719
38602,0.0256195068359
38603,0.0324096679688
38604,0.0345153808594
38605,0.0371704101562
38606,0.0403137207031
38607,0.0369262695312
38608,0.0391845703125
38609,0.0430603027344
38610,0.0390930175781
38611,0.0444030761719
38612,0.0
38613,0.00661849975586
38614,0.0127716064453
38615,0.0174102783203
38616,0.0193176269531
38617,0.0232391357422
38618,0.0289306640625
38619,0.0312042236328
38620,0.0302276611328
38621,0.0303039550781
38622,0.0324096679688
38623,0.0352172851562
38624,0.0347900390625
38625,0.0366821289062
38626,0.0400390625
38627,0.0372314453125
38628,0.0
38629,0.00550842285156
38630,0.0113677978516
38631,0.0171356201172
38632,0.0233306884766
38633,0.0238494873047
38634,0.0274505615234
38635,0.0281677246094
38636,0.0350036621094
38637,0.0364074707031
38638,0.0364685058594
38639,0.0323181152344
38640,0.0357971191406
38641,0.0422058105469
38642,0.0378723144531
38643,0.03857421875
38644,0.0
38645,0.00591278076172
38646,0.011833190918
38647,0.0149383544922
38648,0.020751953125
38649,0.0284423828125
38650,0.0315551757812
38651,0.0350646972656
38652,0.0337219238281
38653,0.0354919433594
38654,0.0377807617188
38655,0.0409851074219
38656,0.0328674316406
38657,0.0314331054688
38658,0.0350952148438
38659,0.0387878417969
38660,0.0
38661,0.0064697265625
38662,0.0132675170898
38663,0.0214385986328
38664,0.0251922607422
38665,0.0340270996094
38666,0.0301971435547
38667,0.0364990234375
38668,0.0377502441406
38669,0.0390014648438
38670,0.0438537597656
38671,0.0414428710938
38672,0.048095703125
38673,0.0548095703125
38674,0.0494079589844
38675,0.052490234375
38676,0.0
38677,0.0111618041992
38678,0.0169830322266
38679,0.024658203125
38680,0.0257873535156
38681,0.0385131835938
38682,0.0376586914062
38683,0.0398254394531
38684,0.0410766601562
38685,0.0432739257812
38686,0.048095703125
38687,0.0468139648438
38688,0.0479736328125
38689,0.0458984375
38690,0.0484008789062
38691,0.0494995117188
38692,0.0
38693,0.00783538818359
38694,0.0162963867188
38695,0.0211334228516
38696,0.0279541015625
38697,0.0362854003906
38698,0.0407104492188
38699,0.0428466796875
38700,0.0423278808594
38701,0.0478210449219
38702,0.0550537109375
38703,0.0486755371094
38704,0.0538635253906
38705,0.0587158203125
38706,0.0563659667969
38707,0.0528564453125
38708,0.0
38709,0.00709533691406
38710,0.013557434082
38711,0.0218048095703
38712,0.0276641845703
38713,0.0285186767578
38714,0.0379028320312
38715,0.038818359375
38716,0.0412902832031
38717,0.0381469726562
38718,0.0423583984375
38719,0.0405883789062
38720,0.0431518554688
38721,0.0392761230469
38722,0.0405883789062
38723,0.04248046875
38724,0.0
38725,0.00840759277344
38726,0.0176086425781
38727,0.0244140625
38728,0.0261077880859
38729,0.0338439941406
38730,0.0316162109375
38731,0.0375061035156
38732,0.0390930175781
38733,0.03662109375
38734,0.041259765625
38735,0.0422058105469
38736,0.0449829101562
38737,0.0485534667969
38738,0.0421142578125
38739,0.0499877929688
38740,0.0
38741,0.00542068481445
38742,0.0109710693359
38743,0.0162811279297
38744,0.0200347900391
38745,0.0232849121094
38746,0.0254669189453
38747,0.0292053222656
38748,0.0303344726562
38749,0.0304718017578
38750,0.0336303710938
38751,0.0350646972656
38752,0.0334777832031
38753,0.0352172851562
38754,0.0365600585938
38755,0.0393371582031
38756,0.0
38757,0.00677871704102
38758,0.0140533447266
38759,0.0229797363281
38760,0.0311737060547
38761,0.0354309082031
38762,0.0369873046875
38763,0.0377197265625
38764,0.0466003417969
38765,0.0453491210938
38766,0.0451354980469
38767,0.0515747070312
38768,0.0448913574219
38769,0.0452575683594
38770,0.0543518066406
38771,0.0557250976562
38772,0.0
38773,0.007080078125
38774,0.0141220092773
38775,0.0207366943359
38776,0.0265197753906
38777,0.0311279296875
38778,0.0326232910156
38779,0.0407104492188
38780,0.0426025390625
38781,0.0355529785156
38782,0.036865234375
38783,0.041259765625
38784,0.0469360351562
38785,0.0416870117188
38786,0.0416564941406
38787,0.0418090820312
38788,0.0
38789,0.00640106201172
38790,0.0147705078125
38791,0.021728515625
38792,0.0233764648438
38793,0.0274658203125
38794,0.0296173095703
38795,0.0326843261719
38796,0.0323181152344
38797,0.0370483398438
38798,0.0368347167969
38799,0.0455017089844
38800,0.0429992675781
38801,0.0485534667969
38802,0.0393676757812
38803,0.0355529785156
38804,0.0
38805,0.00629043579102
38806,0.0119323730469
38807,0.0173950195312
38808,0.0221557617188
38809,0.0246124267578
38810,0.0261077880859
38811,0.0296936035156
38812,0.0350646972656
38813,0.0371398925781
38814,0.0355834960938
38815,0.0340576171875
38816,0.0338745117188
38817,0.0375366210938
38818,0.0383605957031
38819,0.0377807617188
38820,0.0
38821,0.00714492797852
38822,0.0115356445312
38823,0.0172271728516
38824,0.0200042724609
38825,0.0250396728516
38826,0.0273590087891
38827,0.0311279296875
38828,0.0362243652344
38829,0.0368347167969
38830,0.0381469726562
38831,0.0379028320312
38832,0.0406188964844
38833,0.0379943847656
38834,0.0458374023438
38835,0.0432434082031
38836,0.0
38837,0.00472259521484
38838,0.0110321044922
38839,0.0163421630859
38840,0.0212860107422
38841,0.0279693603516
38842,0.0302276611328
38843,0.0293884277344
38844,0.0371704101562
38845,0.0399780273438
38846,0.0458679199219
38847,0.0379638671875
38848,0.0391235351562
38849,0.0451965332031
38850,0.0505676269531
38851,0.0409240722656
38852,0.0
38853,0.00523376464844
38854,0.0121536254883
38855,0.0168304443359
38856,0.0217132568359
38857,0.0271606445312
38858,0.0284423828125
38859,0.0330200195312
38860,0.0354919433594
38861,0.035400390625
38862,0.0347290039062
38863,0.036865234375
38864,0.0398254394531
38865,0.0391235351562
38866,0.0423583984375
38867,0.0450744628906
38868,0.0
38869,0.00622940063477
38870,0.0106582641602
38871,0.0156860351562
38872,0.0221557617188
38873,0.0248870849609
38874,0.0300750732422
38875,0.0332336425781
38876,0.035400390625
38877,0.0345458984375
38878,0.0360717773438
38879,0.0416564941406
38880,0.04345703125
38881,0.046630859375
38882,0.0455627441406
38883,0.0399169921875
38884,0.0
38885,0.00885772705078
38886,0.0153732299805
38887,0.0238952636719
38888,0.0322570800781
38889,0.028564453125
38890,0.0289306640625
38891,0.0316162109375
38892,0.0321044921875
38893,0.0341796875
38894,0.0404052734375
38895,0.0399475097656
38896,0.0430603027344
38897,0.0396728515625
38898,0.0439758300781
38899,0.0472106933594
38900,0.0
38901,0.00644302368164
38902,0.0111999511719
38903,0.0146179199219
38904,0.0194244384766
38905,0.0222778320312
38906,0.0262603759766
38907,0.0312042236328
38908,0.035888671875
38909,0.0325622558594
38910,0.0375366210938
38911,0.0382385253906
38912,0.034912109375
38913,0.0369873046875
38914,0.0386352539062
38915,0.0419006347656
38916,0.0
38917,0.00682067871094
38918,0.0110626220703
38919,0.0170745849609
38920,0.02099609375
38921,0.0280456542969
38922,0.032958984375
38923,0.0337219238281
38924,0.0347900390625
38925,0.0352478027344
38926,0.0350341796875
38927,0.0359191894531
38928,0.0346069335938
38929,0.0397033691406
38930,0.0396728515625
38931,0.0408630371094
38932,0.0
38933,0.00577545166016
38934,0.0117797851562
38935,0.0178375244141
38936,0.0232086181641
38937,0.0285491943359
38938,0.0340270996094
38939,0.0339660644531
38940,0.0408630371094
38941,0.0381164550781
38942,0.0452270507812
38943,0.0458984375
38944,0.0440368652344
38945,0.0420532226562
38946,0.0439147949219
38947,0.0394287109375
38948,0.0
38949,0.00575256347656
38950,0.0126113891602
38951,0.0177001953125
38952,0.0238189697266
38953,0.0252990722656
38954,0.0267181396484
38955,0.0290069580078
38956,0.0347290039062
38957,0.0348205566406
38958,0.0334777832031
38959,0.0384826660156
38960,0.0377197265625
38961,0.0421752929688
38962,0.0445251464844
38963,0.044189453125
38964,0.0
38965,0.00862121582031
38966,0.0168914794922
38967,0.0244293212891
38968,0.0297393798828
38969,0.0300598144531
38970,0.0328674316406
38971,0.0358276367188
38972,0.0367736816406
38973,0.0371704101562
38974,0.0449523925781
38975,0.0462951660156
38976,0.0423583984375
38977,0.0411987304688
38978,0.0470275878906
38979,0.0439758300781
38980,0.0
38981,0.00795745849609
38982,0.0146408081055
38983,0.0164184570312
38984,0.0208435058594
38985,0.0262298583984
38986,0.0257415771484
38987,0.0294189453125
38988,0.0348205566406
38989,0.0376586914062
38990,0.0417785644531
38991,0.0375671386719
38992,0.0361938476562
38993,0.0383911132812
38994,0.0375671386719
38995,0.03955078125
38996,0.0
38997,0.00772476196289
38998,0.0162048339844
38999,0.0286102294922
39000,0.0300445556641
39001,0.037353515625
39002,0.0381469726562
39003,0.0413513183594
39004,0.0404968261719
39005,0.0438842773438
39006,0.0527648925781
39007,0.051025390625
39008,0.0513610839844
39009,0.0509948730469
39010,0.055419921875
39011,0.0592651367188
39012,0.0
39013,0.0114135742188
39014,0.0185241699219
39015,0.025390625
39016,0.0320434570312
39017,0.0391235351562
39018,0.0487670898438
39019,0.0501403808594
39020,0.0492248535156
39021,0.0502014160156
39022,0.0540161132812
39023,0.0541687011719
39024,0.0547485351562
39025,0.0543212890625
39026,0.0516967773438
39027,0.0573120117188
39028,0.0
39029,0.00953674316406
39030,0.0215606689453
39031,0.022216796875
39032,0.0297088623047
39033,0.0352478027344
39034,0.0353698730469
39035,0.040771484375
39036,0.0430297851562
39037,0.045654296875
39038,0.0492858886719
39039,0.0492553710938
39040,0.045654296875
39041,0.0473937988281
39042,0.0520324707031
39043,0.0538940429688
39044,0.0
39045,0.00856018066406
39046,0.0170593261719
39047,0.0279693603516
39048,0.0314025878906
39049,0.03662109375
39050,0.0413818359375
39051,0.0464477539062
39052,0.0513305664062
39053,0.0500793457031
39054,0.0534973144531
39055,0.0492553710938
39056,0.0548095703125
39057,0.0541381835938
39058,0.0542297363281
39059,0.0597839355469
39060,0.0
39061,0.00653457641602
39062,0.0112609863281
39063,0.0202941894531
39064,0.0223236083984
39065,0.0298309326172
39066,0.0347290039062
39067,0.0370483398438
39068,0.04150390625
39069,0.0411682128906
39070,0.0421142578125
39071,0.04541015625
39072,0.0499267578125
39073,0.0519104003906
39074,0.051025390625
39075,0.0555419921875
39076,0.0
39077,0.0131225585938
39078,0.0246124267578
39079,0.0309753417969
39080,0.0424194335938
39081,0.0545349121094
39082,0.0591430664062
39083,0.0712280273438
39084,0.0664672851562
39085,0.0614624023438
39086,0.074951171875
39087,0.0729370117188
39088,0.07275390625
39089,0.07275390625
39090,0.0769653320312
39091,0.0809326171875
39092,0.0
39093,0.00757598876953
39094,0.0171661376953
39095,0.0217742919922
39096,0.0257720947266
39097,0.0316772460938
39098,0.033447265625
39099,0.0422973632812
39100,0.0463562011719
39101,0.0523681640625
39102,0.0582275390625
39103,0.0521850585938
39104,0.0570068359375
39105,0.0586242675781
39106,0.0575256347656
39107,0.0626831054688
39108,0.0
39109,0.00682067871094
39110,0.0126495361328
39111,0.0222473144531
39112,0.0256042480469
39113,0.0367736816406
39114,0.041748046875
39115,0.0476989746094
39116,0.0459289550781
39117,0.0459899902344
39118,0.0391845703125
39119,0.0409240722656
39120,0.0449829101562
39121,0.0418090820312
39122,0.0501708984375
39123,0.047119140625
39124,0.0
39125,0.00552368164062
39126,0.011474609375
39127,0.01953125
39128,0.0254058837891
39129,0.0294036865234
39130,0.0313110351562
39131,0.0342102050781
39132,0.0385437011719
39133,0.0405578613281
39134,0.0392456054688
39135,0.0425720214844
39136,0.047119140625
39137,0.0461120605469
39138,0.0520935058594
39139,0.0509643554688
39140,0.0
39141,0.00722122192383
39142,0.0146026611328
39143,0.0194244384766
39144,0.0255889892578
39145,0.0319519042969
39146,0.0377197265625
39147,0.0361022949219
39148,0.045166015625
39149,0.0441284179688
39150,0.0509948730469
39151,0.0504150390625
39152,0.04833984375
39154,0.0453186035156
39155,0.0456237792969
39156,0.0451354980469
39157,0.0
39158,0.00662994384766
39159,0.0123748779297
39160,0.0188598632812
39161,0.0249176025391
39162,0.0246734619141
39163,0.0298614501953
39164,0.0322570800781
39165,0.0326232910156
39166,0.0334777832031
39167,0.0334777832031
39168,0.0361938476562
39169,0.0355224609375
39170,0.0415344238281
39171,0.0440063476562
39172,0.0424194335938
39173,0.0
39174,0.00595092773438
39175,0.0126571655273
39176,0.0228118896484
39177,0.0261688232422
39178,0.0297698974609
39179,0.0309295654297
39180,0.0366516113281
39181,0.0358276367188
39182,0.0368041992188
39183,0.0402221679688
39184,0.0422668457031
39185,0.0487670898438
39186,0.0524291992188
39187,0.0545654296875
39188,0.0569458007812
39189,0.0
39190,0.00704956054688
39191,0.0119171142578
39192,0.0196075439453
39193,0.0231018066406
39194,0.0268707275391
39195,0.0333251953125
39196,0.0450134277344
39197,0.0468444824219
39198,0.0427856445312
39199,0.0447998046875
39200,0.0496520996094
39201,0.0424499511719
39202,0.0502319335938
39203,0.0494079589844
39204,0.0503540039062
39205,0.0
39206,0.0111999511719
39207,0.0209503173828
39208,0.0274963378906
39209,0.0337829589844
39210,0.0440673828125
39211,0.0519714355469
39212,0.0606994628906
39213,0.0633544921875
39214,0.072021484375
39215,0.080810546875
39216,0.0769653320312
39217,0.0862426757812
39218,0.091552734375
39219,0.0887451171875
39220,0.0950927734375
39221,0.0
39222,0.00721740722656
39223,0.0187072753906
39224,0.0219879150391
39225,0.0317993164062
39226,0.0347290039062
39227,0.0400695800781
39228,0.0462341308594
39229,0.0452270507812
39230,0.046875
39231,0.0526733398438
39232,0.054931640625
39233,0.0533142089844
39234,0.0505676269531
39235,0.0540466308594
39236,0.0608215332031
39237,0.0
39238,0.00663757324219
39239,0.0114288330078
39240,0.0156707763672
39241,0.0223541259766
39242,0.0292816162109
39243,0.0305480957031
39244,0.037353515625
39245,0.0420837402344
39246,0.0430908203125
39247,0.0517883300781
39248,0.0477294921875
39249,0.0457763671875
39250,0.0506591796875
39251,0.0537414550781
39252,0.0545043945312
39253,0.0
39254,0.00579833984375
39255,0.0135269165039
39256,0.018798828125
39257,0.0242004394531
39258,0.0318298339844
39259,0.0364379882812
39260,0.0414123535156
39261,0.0471496582031
39262,0.0458068847656
39263,0.0410461425781
39264,0.0469970703125
39265,0.0492553710938
39266,0.0517272949219
39267,0.0521850585938
39268,0.05615234375
39269,0.0
39270,0.00644302368164
39271,0.0138473510742
39272,0.0226745605469
39273,0.0236968994141
39274,0.027099609375
39275,0.0314636230469
39276,0.0357666015625
39277,0.0402526855469
39278,0.0455932617188
39279,0.0411071777344
39280,0.0415344238281
39281,0.0465698242188
39282,0.0509948730469
39283,0.0498046875
39284,0.0554504394531
39285,0.0
39286,0.00527954101562
39287,0.010124206543
39288,0.0158843994141
39289,0.0214233398438
39290,0.0282440185547
39291,0.0341491699219
39292,0.0391845703125
39293,0.0421142578125
39294,0.0463256835938
39295,0.0498657226562
39296,0.0492858886719
39297,0.0531616210938
39298,0.0532836914062
39299,0.0469970703125
39300,0.0532836914062
39301,0.0
39302,0.00712203979492
39303,0.0116119384766
39304,0.0183868408203
39305,0.0246124267578
39306,0.0295257568359
39307,0.0337219238281
39308,0.0397644042969
39309,0.0421447753906
39310,0.0429992675781
39311,0.03515625
39312,0.0326538085938
39313,0.0384521484375
39314,0.0390625
39315,0.0481872558594
39316,0.0458068847656
39317,0.0
39318,0.00504302978516
39319,0.0133590698242
39320,0.0179138183594
39321,0.0229644775391
39322,0.0266876220703
39323,0.0317993164062
39324,0.0363464355469
39325,0.0438842773438
39326,0.0434265136719
39327,0.0425415039062
39328,0.0408630371094
39329,0.0432739257812
39330,0.0434875488281
39331,0.041748046875
39332,0.0419311523438
39333,0.0
39334,0.00703430175781
39335,0.0140838623047
39336,0.0219573974609
39337,0.02685546875
39338,0.03173828125
39339,0.0310668945312
39340,0.0364685058594
39341,0.0360717773438
39342,0.0413818359375
39343,0.0445861816406
39344,0.042724609375
39345,0.0415954589844
39346,0.040283203125
39347,0.0381164550781
39348,0.0402526855469
39349,0.0
39350,0.00702667236328
39351,0.0123748779297
39352,0.0188598632812
39353,0.0220184326172
39354,0.0237426757812
39355,0.0267791748047
39356,0.0306091308594
39357,0.0349731445312
39358,0.0325927734375
39359,0.031982421875
39360,0.0365295410156
39361,0.0386047363281
39362,0.0439758300781
39363,0.0445556640625
39364,0.0448913574219
39365,0.0
39366,0.00552749633789
39367,0.0101089477539
39368,0.0165710449219
39369,0.0208435058594
39370,0.0258026123047
39371,0.0311431884766
39372,0.0334777832031
39373,0.0405578613281
39374,0.0415344238281
39375,0.0397033691406
39376,0.0444946289062
39377,0.0414123535156
39378,0.0462036132812
39379,0.0431518554688
39380,0.0442199707031
39381,0.0
39382,0.00670623779297
39383,0.0137329101562
39384,0.0168304443359
39385,0.0227813720703
39386,0.0248413085938
39387,0.0295104980469
39388,0.0289916992188
39389,0.0325012207031
39390,0.0383605957031
39391,0.0376586914062
39392,0.0370178222656
39393,0.0369873046875
39394,0.0411376953125
39395,0.0361633300781
39396,0.03662109375
39397,0.0
39398,0.00662994384766
39399,0.0128402709961
39400,0.017578125
39401,0.0242767333984
39402,0.0281982421875
39403,0.0301513671875
39404,0.030029296875
39405,0.0343627929688
39406,0.0358276367188
39407,0.0396423339844
39408,0.0498657226562
39409,0.0457153320312
39410,0.039794921875
39411,0.0453491210938
39412,0.0455017089844
39413,0.0
39414,0.0116882324219
39415,0.0200042724609
39416,0.0267333984375
39417,0.0352172851562
39418,0.0348205566406
39419,0.0386657714844
39420,0.0467529296875
39421,0.0406494140625
39422,0.0450744628906
39423,0.0531311035156
39424,0.0531616210938
39425,0.0567932128906
39426,0.0606994628906
39427,0.0507202148438
39428,0.0473327636719
39429,0.0
39430,0.00635147094727
39431,0.0113677978516
39432,0.0183258056641
39433,0.0241241455078
39434,0.0279541015625
39435,0.0303192138672
39436,0.0325317382812
39437,0.0331726074219
39438,0.0378723144531
39439,0.04296875
39440,0.0379943847656
39441,0.0406494140625
39442,0.0407104492188
39443,0.0391235351562
39444,0.0403442382812
39445,0.0
39446,0.0070686340332
39447,0.0147399902344
39448,0.0215606689453
39449,0.0281524658203
39450,0.0343627929688
39451,0.0340270996094
39452,0.0345153808594
39453,0.0365905761719
39454,0.0387268066406
39455,0.0361633300781
39456,0.0390319824219
39457,0.0449523925781
39458,0.0442504882812
39459,0.0472412109375
39460,0.04296875
39461,0.0
39462,0.00551223754883
39463,0.0106430053711
39464,0.0158996582031
39465,0.0190277099609
39466,0.0210723876953
39467,0.0250701904297
39468,0.0282592773438
39469,0.0322875976562
39470,0.0359497070312
39471,0.0364379882812
39472,0.0384216308594
39473,0.0417175292969
39474,0.0374450683594
39475,0.0379943847656
39476,0.0397033691406
39477,0.0
39478,0.00490570068359
39479,0.00978851318359
39480,0.0158386230469
39481,0.0240173339844
39482,0.0292205810547
39483,0.029296875
39484,0.0311889648438
39485,0.0327453613281
39486,0.0387573242188
39487,0.036865234375
39488,0.0360412597656
39489,0.0390319824219
39490,0.0430297851562
39491,0.0447998046875
39492,0.0395812988281
39493,0.0
39494,0.00699615478516
39495,0.013069152832
39496,0.0224456787109
39497,0.0257873535156
39498,0.0301208496094
39499,0.0383605957031
39500,0.0384826660156
39501,0.0469360351562
39502,0.0444030761719
39503,0.0478515625
39504,0.0442199707031
39505,0.043701171875
39506,0.0400695800781
39507,0.0381774902344
39508,0.0409545898438
39509,0.0
39510,0.00633239746094
39511,0.0131149291992
39512,0.0184783935547
39513,0.0220031738281
39514,0.0294494628906
39515,0.0306549072266
39516,0.0316162109375
39517,0.0359497070312
39518,0.0396118164062
39519,0.042724609375
39520,0.0370788574219
39521,0.0404052734375
39522,0.0457153320312
39523,0.0420837402344
39524,0.0459899902344
39525,0.0
39526,0.00691223144531
39527,0.0148086547852
39528,0.0209197998047
39529,0.0263366699219
39530,0.0288391113281
39531,0.0345458984375
39532,0.0303192138672
39533,0.0326843261719
39534,0.0378112792969
39535,0.0390014648438
39536,0.0350036621094
39537,0.0345458984375
39538,0.0357360839844
39539,0.0381774902344
39540,0.0390319824219
39541,0.0
39542,0.00605010986328
39543,0.0110931396484
39544,0.0194549560547
39545,0.0211944580078
39546,0.0263214111328
39547,0.0288391113281
39548,0.0350341796875
39549,0.0310363769531
39550,0.0334167480469
39551,0.0309143066406
39552,0.0347595214844
39553,0.0371398925781
39554,0.041259765625
39555,0.0408325195312
39556,0.0415954589844
39557,0.0
39558,0.00808715820312
39559,0.01806640625
39560,0.024169921875
39561,0.029541015625
39562,0.0363464355469
39563,0.0348815917969
39564,0.0435180664062
39565,0.0459899902344
39566,0.052490234375
39567,0.0500183105469
39568,0.0556640625
39569,0.052734375
39570,0.0568542480469
39571,0.0560913085938
39572,0.0577697753906
39573,0.0
39574,0.00657653808594
39575,0.0117263793945
39576,0.0179443359375
39577,0.0244293212891
39578,0.0287017822266
39579,0.0364074707031
39580,0.0394287109375
39581,0.038330078125
39582,0.0453186035156
39583,0.0495300292969
39584,0.0440063476562
39585,0.047607421875
39586,0.04736328125
39587,0.0450134277344
39588,0.0489807128906
39589,0.0
39590,0.00877380371094
39591,0.0172729492188
39592,0.0307922363281
39593,0.034423828125
39594,0.0390014648438
39595,0.0429382324219
39596,0.0464782714844
39597,0.0435180664062
39598,0.0445251464844
39599,0.045166015625
39600,0.0463256835938
39601,0.052734375
39602,0.0545654296875
39603,0.0484619140625
39604,0.0525512695312
39605,0.0
39606,0.00778198242188
39607,0.0167083740234
39608,0.0247039794922
39609,0.030517578125
39610,0.0355224609375
39611,0.0331115722656
39612,0.0376892089844
39613,0.0396728515625
39614,0.0455932617188
39615,0.0477600097656
39616,0.0542602539062
39617,0.0562133789062
39618,0.0559387207031
39619,0.0614929199219
39620,0.064697265625
39621,0.0
39622,0.00637817382812
39623,0.01171875
39624,0.0189819335938
39625,0.0237121582031
39626,0.0310211181641
39627,0.0304870605469
39628,0.0331420898438
39629,0.0393676757812
39630,0.0382080078125
39631,0.0427856445312
39632,0.0429382324219
39633,0.0443725585938
39634,0.0431823730469
39635,0.0416564941406
39636,0.0436401367188
39637,0.0
39638,0.00516128540039
39639,0.0112533569336
39640,0.0158996582031
39641,0.0218505859375
39642,0.0257110595703
39643,0.0267791748047
39644,0.0317687988281
39645,0.0343627929688
39646,0.0376281738281
39647,0.037841796875
39648,0.0371398925781
39649,0.0382080078125
39650,0.0402221679688
39651,0.0395202636719
39652,0.0433654785156
39653,0.0
39654,0.00603485107422
39655,0.0169219970703
39656,0.0232696533203
39657,0.0281982421875
39658,0.0384216308594
39659,0.0408935546875
39660,0.0406799316406
39661,0.0459594726562
39662,0.0422973632812
39663,0.0408020019531
39664,0.0397338867188
39665,0.0531005859375
39666,0.0526123046875
39667,0.0498046875
39668,0.0523071289062
39669,0.0
39670,0.00663757324219
39671,0.0159301757812
39672,0.0232238769531
39673,0.0268402099609
39674,0.0360107421875
39675,0.0379028320312
39676,0.0408935546875
39677,0.0473327636719
39678,0.0446472167969
39679,0.048583984375
39680,0.0525817871094
39681,0.0537109375
39682,0.0484008789062
39683,0.0536804199219
39684,0.0522155761719
39685,0.0
39686,0.00634765625
39687,0.0124206542969
39688,0.0208587646484
39689,0.0258178710938
39690,0.0275726318359
39691,0.0310974121094
39692,0.035888671875
39693,0.0387573242188
39694,0.0406188964844
39695,0.0399169921875
39696,0.0494689941406
39697,0.044921875
39698,0.04345703125
39699,0.0478210449219
39700,0.0393981933594
39701,0.0
39702,0.00514984130859
39703,0.0123138427734
39704,0.0190734863281
39705,0.0233764648438
39706,0.0287170410156
39707,0.0297393798828
39708,0.0272979736328
39709,0.0310363769531
39710,0.0354919433594
39711,0.0346069335938
39712,0.0344848632812
39713,0.0381164550781
39714,0.0393371582031
39715,0.0393371582031
39716,0.040283203125
39717,0.0
39718,0.00654602050781
39719,0.0129241943359
39720,0.0174102783203
39721,0.0198364257812
39722,0.0231018066406
39723,0.0273132324219
39724,0.0294799804688
39725,0.0319213867188
39726,0.0340576171875
39727,0.0312042236328
39728,0.0338439941406
39729,0.0393371582031
39730,0.045654296875
39731,0.0465087890625
39732,0.0455322265625
39733,0.0
39734,0.00551223754883
39735,0.0137100219727
39736,0.0186920166016
39737,0.0221405029297
39738,0.0258483886719
39739,0.0301666259766
39740,0.0353088378906
39741,0.0355224609375
39742,0.0384521484375
39743,0.0359802246094
39744,0.0382080078125
39745,0.035400390625
39746,0.0357666015625
39747,0.03515625
39748,0.03466796875
39749,0.0
39750,0.00778961181641
39751,0.013786315918
39752,0.0165100097656
39753,0.0196533203125
39754,0.0271911621094
39755,0.0294189453125
39756,0.0282592773438
39757,0.0297088623047
39758,0.0331420898438
39759,0.03955078125
39760,0.0394897460938
39761,0.0429077148438
39762,0.0446166992188
39763,0.0418395996094
39764,0.0439147949219
39765,0.0
39766,0.0066032409668
39767,0.0124206542969
39768,0.0200653076172
39769,0.0266723632812
39770,0.030517578125
39771,0.0345153808594
39772,0.0396728515625
39773,0.0423278808594
39774,0.041259765625
39775,0.0426330566406
39776,0.0396423339844
39777,0.0391845703125
39778,0.033203125
39779,0.0364990234375
39780,0.03759765625
39781,0.0
39782,0.00558471679688
39783,0.0106582641602
39784,0.0170745849609
39785,0.0227813720703
39786,0.0263824462891
39787,0.028564453125
39788,0.0364074707031
39789,0.0365600585938
39790,0.0414123535156
39791,0.0408020019531
39792,0.0457763671875
39793,0.0434265136719
39794,0.0419006347656
39795,0.0473022460938
39796,0.0472106933594
39797,0.0
39798,0.00858306884766
39799,0.0161285400391
39800,0.0196838378906
39801,0.0244140625
39802,0.0267028808594
39803,0.0338134765625
39804,0.0380249023438
39805,0.0430297851562
39806,0.0505065917969
39807,0.052490234375
39808,0.0421447753906
39809,0.0434875488281
39810,0.0487670898438
39811,0.0472717285156
39812,0.0508422851562
39813,0.0
39814,0.00879669189453
39815,0.0177917480469
39816,0.0243530273438
39817,0.0328369140625
39818,0.0341796875
39819,0.0372009277344
39820,0.0319213867188
39821,0.0391540527344
39822,0.040771484375
39823,0.04345703125
39824,0.046630859375
39825,0.0427551269531
39826,0.0410461425781
39827,0.0418701171875
39828,0.0443115234375
39829,0.0
39830,0.00850677490234
39831,0.011589050293
39832,0.0182800292969
39833,0.0222473144531
39834,0.02490234375
39835,0.0320434570312
39836,0.0336303710938
39837,0.0344848632812
39838,0.0312805175781
39839,0.0373229980469
39840,0.0418090820312
39841,0.0436096191406
39842,0.0474243164062
39843,0.0515441894531
39844,0.0494689941406
39845,0.0
39846,0.00650024414062
39847,0.0108642578125
39848,0.0182952880859
39849,0.0226593017578
39850,0.0288543701172
39851,0.0332641601562
39852,0.0383605957031
39853,0.0332336425781
39854,0.0359191894531
39855,0.0372009277344
39856,0.0359802246094
39857,0.0380249023438
39858,0.0382385253906
39859,0.0404052734375
39860,0.0391845703125
39861,0.0
39862,0.00657272338867
39863,0.0119247436523
39864,0.0186920166016
39865,0.0212249755859
39866,0.0230865478516
39867,0.0287628173828
39868,0.0290985107422
39869,0.0333557128906
39870,0.0391845703125
39871,0.0379943847656
39872,0.0383911132812
39873,0.0402221679688
39874,0.04052734375
39875,0.0428466796875
39876,0.038818359375
39877,0.0
39878,0.00837707519531
39879,0.0138778686523
39880,0.0210723876953
39881,0.0238800048828
76637,0.0417175292969
76638,0.0433959960938
76639,0.0364685058594
76640,0.0383911132812
76641,0.0450439453125
76642,0.0493469238281
76643,0.0446472167969
76644,0.0
76645,0.00592041015625
76646,0.0102386474609
76647,0.0160675048828
76648,0.0201263427734
76649,0.0236053466797
76650,0.0307312011719
76651,0.0321044921875
76652,0.0368347167969
76653,0.0378112792969
76654,0.0393371582031
76655,0.0376281738281
76656,0.0407104492188
76657,0.0437316894531
76658,0.0440673828125
76659,0.0498962402344
76660,0.0
76661,0.00978851318359
76662,0.0151214599609
76663,0.0222015380859
76664,0.0290985107422
76665,0.0287322998047
76666,0.0316772460938
76667,0.02880859375
76668,0.0362243652344
76669,0.0396728515625
76670,0.0441284179688
76671,0.0426330566406
76672,0.0484924316406
76673,0.0475769042969
76674,0.0544128417969
76675,0.0494384765625
76676,0.0
76677,0.00437927246094
76678,0.00924682617188
76679,0.0117950439453
76680,0.0149383544922
76681,0.0176391601562
76682,0.0222015380859
76683,0.027587890625
76684,0.0319213867188
76685,0.0281677246094
76686,0.0339965820312
76687,0.0326538085938
76688,0.0331115722656
76689,0.0357666015625
76690,0.0413513183594
76691,0.0423278808594
76692,0.0
76693,0.00571823120117
76694,0.010498046875
76695,0.0145034790039
76696,0.0191650390625
76697,0.0224304199219
76698,0.0257263183594
76699,0.0290832519531
76700,0.032470703125
76701,0.0279083251953
76702,0.0361022949219
76703,0.0366821289062
76704,0.0425109863281
76705,0.0429077148438
76706,0.0460815429688
76707,0.044677734375
76708,0.0
76709,0.00432968139648
76710,0.00933074951172
76711,0.0158538818359
76712,0.0204162597656
76713,0.0254211425781
76714,0.0283050537109
76715,0.0299682617188
76716,0.0341796875
76717,0.0360717773438
76718,0.0388793945312
76719,0.0391235351562
76720,0.0365295410156
76721,0.0347290039062
76722,0.03759765625
76723,0.0370178222656
76724,0.0
76725,0.0112380981445
76726,0.0148773193359
76727,0.0227355957031
76728,0.0252227783203
76729,0.037353515625
76730,0.044189453125
76731,0.0458068847656
76732,0.0491943359375
76733,0.0491943359375
76734,0.0465393066406
76735,0.0455322265625
76736,0.0451354980469
76738,0.0442810058594
76739,0.0498962402344
76740,0.0496215820312
76741,0.0
76742,0.00712966918945
76743,0.0126724243164
76744,0.0197906494141
76745,0.0267028808594
76746,0.0251007080078
76747,0.0284729003906
76748,0.0314331054688
76749,0.0390319824219
76750,0.04248046875
76751,0.0355834960938
76752,0.0397033691406
76753,0.0431823730469
76754,0.0483703613281
76755,0.0430603027344
76756,0.0471801757812
76757,0.0
76758,0.0066032409668
76759,0.0129241943359
76760,0.0210723876953
76761,0.0286102294922
76762,0.0285034179688
76763,0.0305023193359
76764,0.0335083007812
76765,0.0417175292969
76766,0.0439453125
76767,0.0439758300781
76768,0.0475769042969
76769,0.0501708984375
76770,0.0533447265625
76771,0.05908203125
76772,0.0538330078125
76773,0.0
76774,0.005859375
76775,0.0114288330078
76776,0.0180206298828
76777,0.0208587646484
76778,0.0234222412109
76779,0.0323486328125
76780,0.0319519042969
76781,0.0362243652344
76782,0.0384826660156
76783,0.0322875976562
76784,0.0383605957031
76785,0.0417785644531
76786,0.0411987304688
76787,0.034423828125
76788,0.0421447753906
76789,0.0
76790,0.00613403320312
76791,0.0136184692383
76792,0.0196075439453
76793,0.02783203125
76794,0.0258331298828
76795,0.0270843505859
76796,0.0328063964844
76797,0.0360412597656
76798,0.0395812988281
76799,0.0406799316406
76800,0.0445251464844
76801,0.0466613769531
76802,0.048095703125
76803,0.0468139648438
76804,0.046630859375
76805,0.0
76806,0.00690078735352
76807,0.00997161865234
76808,0.0172424316406
76809,0.0228118896484
76810,0.0309753417969
76811,0.0328674316406
76812,0.0339965820312
76813,0.0368957519531
76814,0.0425109863281
76815,0.0433959960938
76816,0.0474548339844
76817,0.0429382324219
76818,0.0435485839844
76819,0.0549011230469
76820,0.0544128417969
76821,0.0
76822,0.0040168762207
76823,0.0111389160156
76824,0.0178833007812
76825,0.0246429443359
76826,0.0330505371094
76827,0.0370788574219
76828,0.0401611328125
76829,0.0431518554688
76830,0.0439147949219
76831,0.0495910644531
76832,0.039306640625
76833,0.0409240722656
76834,0.0494995117188
76835,0.0547790527344
76836,0.0563049316406
76837,0.0
76838,0.00808715820312
76839,0.0112457275391
76840,0.0179290771484
76841,0.0249938964844
76842,0.0289916992188
76843,0.0308380126953
76844,0.0355224609375
76845,0.0375366210938
76846,0.041015625
76847,0.0365600585938
76848,0.0412292480469
76849,0.0408325195312
76850,0.0438537597656
76851,0.04931640625
76852,0.0502319335938
76853,0.0
76854,0.00853729248047
76855,0.0144348144531
76856,0.021728515625
76857,0.0269622802734
76858,0.0253448486328
76859,0.0277099609375
76860,0.0311431884766
76861,0.0351867675781
76862,0.0353698730469
76863,0.0401611328125
76864,0.0427551269531
76865,0.0495910644531
76866,0.047607421875
76867,0.0467529296875
76868,0.0535278320312
76869,0.0
76870,0.00455856323242
76871,0.00956726074219
76872,0.0144729614258
76873,0.0201416015625
76874,0.0245208740234
76875,0.0284118652344
76876,0.03173828125
76877,0.0330810546875
76878,0.0353088378906
76879,0.0359802246094
76880,0.0374145507812
76881,0.0375671386719
76882,0.0372619628906
76883,0.0374145507812
76884,0.0410461425781
76885,0.0
76886,0.00550842285156
76887,0.0129470825195
76888,0.0173645019531
76889,0.0221405029297
76890,0.0244445800781
76891,0.0293426513672
76892,0.0278930664062
76893,0.0359191894531
76894,0.0388793945312
76895,0.0388488769531
76896,0.0372314453125
76897,0.0422668457031
76898,0.0361938476562
76899,0.0424499511719
76900,0.0464172363281
76901,0.0
76902,0.00669097900391
76903,0.0117797851562
76904,0.0181579589844
76905,0.0247039794922
76906,0.0276336669922
76907,0.0313720703125
76908,0.0332336425781
76909,0.0365600585938
76910,0.0377807617188
76911,0.0411071777344
76912,0.0338439941406
76913,0.0379638671875
76914,0.04150390625
76915,0.0441589355469
76916,0.0462646484375
76917,0.0
76918,0.00714111328125
76919,0.00991058349609
76920,0.0127410888672
76921,0.0172119140625
76922,0.0211486816406
76923,0.0243682861328
76924,0.0312194824219
76925,0.0320739746094
76926,0.0332641601562
76927,0.0357360839844
76928,0.0396423339844
76929,0.0372314453125
76930,0.0419006347656
76931,0.0419921875
76932,0.04052734375
76933,0.0
76934,0.00667190551758
76935,0.0144119262695
76936,0.0215606689453
76937,0.0259094238281
76938,0.0247650146484
76939,0.0272369384766
76940,0.0326843261719
76941,0.03662109375
76942,0.0389709472656
76943,0.0412902832031
76944,0.0426635742188
76945,0.0444030761719
76946,0.0478210449219
76947,0.0504455566406
76948,0.0514221191406
76949,0.0
76950,0.00491714477539
76951,0.0111694335938
76952,0.018310546875
76953,0.0212249755859
76954,0.0245361328125
76955,0.0209808349609
76956,0.0257568359375
76957,0.0290679931641
76958,0.0307312011719
76959,0.0350952148438
76960,0.03515625
76961,0.0400085449219
76962,0.0417785644531
76963,0.0434875488281
76964,0.0456237792969
76965,0.0
76966,0.00697326660156
76967,0.0150451660156
76968,0.0185852050781
76969,0.0211944580078
76970,0.0235748291016
76971,0.0306701660156
76972,0.0315856933594
76973,0.035400390625
76974,0.03466796875
76975,0.038330078125
76976,0.0382995605469
76977,0.0357360839844
76978,0.0328674316406
76979,0.0360412597656
76980,0.0415954589844
76981,0.0
76982,0.00601577758789
76983,0.0119552612305
76984,0.0184173583984
76985,0.02099609375
76986,0.0221252441406
76987,0.0223846435547
76988,0.0250091552734
76989,0.028076171875
76990,0.0339050292969
76991,0.0316162109375
76992,0.0364685058594
76993,0.0386657714844
76994,0.0395812988281
76995,0.0426940917969
76996,0.0411071777344
76997,0.0
76998,0.00553512573242
76999,0.0120086669922
77000,0.0155944824219
77001,0.0178833007812
77002,0.0233001708984
77003,0.0306854248047
77004,0.0315246582031
77005,0.0356140136719
77006,0.0368957519531
77007,0.0365295410156
77008,0.0419311523438
77009,0.0414428710938
77010,0.0391845703125
77011,0.0374755859375
77012,0.037841796875
77013,0.0
77014,0.00608444213867
77015,0.0119857788086
77016,0.0171661376953
77017,0.022705078125
77018,0.0283966064453
77019,0.0328674316406
77020,0.0263671875
77021,0.0306396484375
77022,0.0348815917969
77023,0.0338439941406
77024,0.0344848632812
77025,0.0359191894531
77026,0.038818359375
77027,0.0365295410156
77028,0.0458374023438
77029,0.0
77030,0.00738906860352
77031,0.0175018310547
77032,0.0244293212891
77033,0.0195465087891
77034,0.0299530029297
77035,0.03564453125
77036,0.0335693359375
77037,0.031494140625
77038,0.0310974121094
77039,0.0319519042969
77040,0.0339660644531
77041,0.0372924804688
77042,0.0330810546875
77043,0.0373229980469
77044,0.0395202636719
77045,0.0
77046,0.0110321044922
77047,0.0176849365234
77048,0.0321044921875
77049,0.0317687988281
77050,0.0360107421875
77051,0.0377807617188
77052,0.04345703125
77053,0.0487365722656
77054,0.0558776855469
77055,0.0559997558594
77056,0.0574340820312
77057,0.0508117675781
77058,0.0567932128906
77059,0.0538635253906
77060,0.0537109375
77061,0.0
77062,0.00643539428711
77063,0.0137710571289
77064,0.02001953125
77065,0.0270538330078
77066,0.0360412597656
77067,0.039794921875
77068,0.0437622070312
77069,0.0422668457031
77070,0.0371398925781
77071,0.0494079589844
77072,0.0487365722656
77073,0.0437622070312
77074,0.0429992675781
77075,0.041748046875
77076,0.0437316894531
77077,0.0
77078,0.00750732421875
77079,0.0164031982422
77080,0.0203094482422
77081,0.0226135253906
77082,0.0288543701172
77083,0.0316772460938
77084,0.0352783203125
77085,0.0314025878906
77086,0.0361633300781
77087,0.0431823730469
77088,0.0427551269531
77089,0.0478210449219
77090,0.0417175292969
77091,0.0438537597656
77092,0.043212890625
77093,0.0
77094,0.00453567504883
77095,0.00889587402344
77096,0.0135116577148
77097,0.0177917480469
77098,0.0208740234375
77099,0.0238647460938
77100,0.0254821777344
77101,0.0308837890625
77102,0.0355529785156
77103,0.0329284667969
77104,0.0345764160156
77105,0.0331420898438
77106,0.0384521484375
77107,0.0345764160156
77108,0.0360412597656
77109,0.0
77110,0.00665664672852
77111,0.0139923095703
77112,0.02392578125
77113,0.0289611816406
77114,0.0296936035156
77115,0.028564453125
77116,0.0350341796875
77117,0.0337219238281
77118,0.0365295410156
77119,0.0382080078125
77120,0.0423889160156
77121,0.0412292480469
77122,0.0417175292969
77123,0.0408325195312
77124,0.0446166992188
77125,0.0
77126,0.00666427612305
77127,0.0122451782227
77128,0.0150909423828
77129,0.0189666748047
77130,0.0262145996094
77131,0.0283050537109
77132,0.0267333984375
77133,0.0316162109375
77134,0.0364685058594
77135,0.0377502441406
77136,0.0362243652344
77137,0.0406188964844
77138,0.0421752929688
77139,0.0392456054688
77140,0.0453186035156
77141,0.0
77142,0.00483703613281
77143,0.0115737915039
77144,0.0178833007812
77145,0.0217895507812
77146,0.0294036865234
77147,0.0281677246094
77148,0.03076171875
77149,0.0290374755859
77150,0.0292205810547
77151,0.0321960449219
77152,0.0345153808594
77153,0.0350646972656
77154,0.0368957519531
77155,0.0344543457031
77156,0.0361633300781
77157,0.0
77158,0.00508880615234
77159,0.00875091552734
77160,0.0149612426758
77161,0.0247802734375
77162,0.0265960693359
77163,0.0283966064453
77164,0.0334777832031
77165,0.0280609130859
77166,0.0293273925781
77167,0.0368347167969
77168,0.037109375
77169,0.0383911132812
77170,0.0466613769531
77171,0.050537109375
77172,0.0440979003906
77173,0.0
77174,0.0063591003418
77175,0.01611328125
77176,0.0249481201172
77177,0.0306701660156
77178,0.0333557128906
77179,0.0385437011719
77180,0.0338439941406
77181,0.0445251464844
77182,0.04638671875
77183,0.0539855957031
77184,0.0513000488281
77185,0.0551452636719
77186,0.0528259277344
77187,0.0524291992188
77188,0.0590209960938
77189,0.0
77190,0.00802612304688
77191,0.015266418457
77192,0.0206756591797
77193,0.0297241210938
77194,0.0311126708984
77195,0.0314025878906
77196,0.0397338867188
77197,0.0436096191406
77198,0.0364685058594
77199,0.0426330566406
77200,0.0397644042969
77201,0.0486755371094
77202,0.0494689941406
77203,0.0570678710938
77204,0.060546875
77205,0.0
77206,0.0057487487793
77207,0.0121231079102
77208,0.0203704833984
77209,0.0247344970703
77210,0.0301055908203
77211,0.0295104980469
77212,0.0294494628906
77213,0.0350952148438
77214,0.0381469726562
77215,0.0385437011719
77216,0.0397338867188
77217,0.0431518554688
77218,0.0493774414062
77219,0.0558166503906
77220,0.0510559082031
77221,0.0
77222,0.0073356628418
77223,0.0186309814453
77224,0.0261993408203
77225,0.0270233154297
77226,0.0356140136719
77227,0.037109375
77228,0.0361938476562
77229,0.0476684570312
77230,0.0557556152344
77231,0.0473022460938
77232,0.0562438964844
77233,0.0609436035156
77234,0.067138671875
77235,0.0636596679688
77236,0.068359375
77237,0.0
77238,0.0089111328125
77239,0.0168762207031
77240,0.0235900878906
77241,0.0259399414062
77242,0.0358276367188
77243,0.0399475097656
77244,0.0438537597656
77245,0.0511474609375
77246,0.0568237304688
77247,0.05908203125
77248,0.0594787597656
77249,0.0588684082031
77250,0.0672607421875
77251,0.0669555664062
77252,0.0671997070312
77253,0.0
77254,0.00644302368164
77255,0.0133514404297
77256,0.0194549560547
77257,0.0259552001953
77258,0.0311889648438
77259,0.0357666015625
77260,0.0377197265625
77261,0.0454711914062
77262,0.0484924316406
77263,0.0536193847656
77264,0.0482482910156
77265,0.0438842773438
77266,0.0465087890625
77267,0.0505981445312
77268,0.0539855957031
77269,0.0
77270,0.00704574584961
77271,0.01611328125
77272,0.0245208740234
77273,0.0300903320312
77274,0.0305328369141
77275,0.0313415527344
77276,0.0350646972656
77277,0.0357971191406
77278,0.0403137207031
77279,0.0444030761719
77280,0.0441589355469
77281,0.0451965332031
77282,0.0524291992188
77283,0.048828125
77284,0.0550231933594
77285,0.0
77286,0.00893402099609
77287,0.0160827636719
77288,0.0208587646484
77289,0.0302124023438
77290,0.0291748046875
77291,0.0376281738281
77292,0.0413818359375
77293,0.0472717285156
77294,0.0594177246094
77295,0.0429077148438
77296,0.0509338378906
77297,0.0447387695312
77298,0.0408020019531
77299,0.0442199707031
77300,0.0494079589844
77301,0.0
77302,0.00650405883789
77303,0.0113983154297
77304,0.0197906494141
77305,0.0302886962891
77306,0.0361938476562
77307,0.0389709472656
77308,0.0425720214844
77309,0.0374450683594
77310,0.0435180664062
77311,0.0468139648438
77312,0.0452880859375
77313,0.0476989746094
77314,0.051025390625
77315,0.0608520507812
77316,0.0682983398438
77317,0.0
77318,0.00923156738281
77319,0.0136871337891
77320,0.0253448486328
77321,0.03564453125
77322,0.044677734375
77323,0.0458068847656
77324,0.0391845703125
77325,0.0421447753906
77326,0.0433349609375
77327,0.0410461425781
77328,0.0482482910156
77329,0.0540466308594
77330,0.0609130859375
77331,0.0607604980469
77332,0.068359375
77333,0.0
77334,0.00831604003906
77335,0.018798828125
77336,0.0260467529297
77337,0.0323181152344
77338,0.0408325195312
77339,0.0303497314453
77340,0.0379333496094
77341,0.0369873046875
77342,0.0355834960938
77343,0.0438537597656
77344,0.049072265625
77345,0.0550842285156
77346,0.0582885742188
77347,0.0532531738281
77348,0.0588989257812
77349,0.0
77350,0.00808715820312
77351,0.0181732177734
77352,0.0215148925781
77353,0.0295715332031
77354,0.0361633300781
77355,0.0389099121094
77356,0.0489807128906
77357,0.0433349609375
77358,0.0403442382812
77359,0.0466003417969
77360,0.0501098632812
77361,0.0471801757812
77362,0.0586547851562
77363,0.0531005859375
77364,0.0549926757812
77365,0.0
77366,0.00614166259766
77367,0.0142364501953
77368,0.0211029052734
77369,0.0232849121094
77370,0.03271484375
77371,0.037841796875
77372,0.0409545898438
77373,0.0416870117188
77374,0.039794921875
77375,0.0399780273438
77376,0.0498352050781
77377,0.056884765625
77378,0.0663452148438
77379,0.06298828125
77380,0.0620727539062
77381,0.0
77382,0.0073127746582
77383,0.0154647827148
77384,0.0259552001953
77385,0.0363464355469
77386,0.0380249023438
77387,0.0469055175781
77388,0.0539855957031
77389,0.0515441894531
77390,0.0511779785156
77391,0.048095703125
77392,0.0513916015625
77393,0.0465393066406
77394,0.0577392578125
77395,0.0559997558594
77396,0.05712890625
77397,0.0
77398,0.00675201416016
77399,0.0122146606445
77400,0.0168304443359
77401,0.0210876464844
77402,0.0279083251953
77403,0.0324401855469
77404,0.0389404296875
77405,0.0420227050781
77406,0.0474853515625
77407,0.0460815429688
77408,0.0501708984375
77409,0.0560302734375
77410,0.0574035644531
77411,0.0497131347656
77412,0.0537109375
77413,0.0
77414,0.00799560546875
77415,0.0182800292969
77416,0.0229187011719
77417,0.0277862548828
77418,0.0307312011719
77419,0.0343017578125
77420,0.0435791015625
77421,0.0402526855469
77422,0.0452270507812
77423,0.04345703125
77424,0.0516357421875
77425,0.0524597167969
77426,0.0591735839844
77427,0.0513916015625
77428,0.0552062988281
77429,0.0
77430,0.00697708129883
77431,0.0175628662109
77432,0.0207214355469
77433,0.0285186767578
77434,0.0299377441406
77435,0.0319519042969
77436,0.0346069335938
77437,0.0361938476562
77438,0.0415649414062
77439,0.0433959960938
77440,0.0450439453125
77441,0.0491027832031
77442,0.0440673828125
77443,0.0441589355469
77444,0.0458679199219
77445,0.0
77446,0.0046272277832
77447,0.01025390625
77448,0.0155181884766
77449,0.0218200683594
77450,0.0286254882812
77451,0.0316467285156
77452,0.0303039550781
77453,0.0323181152344
77454,0.0369567871094
77455,0.0430603027344
77456,0.0411071777344
77457,0.0421142578125
77458,0.0460205078125
77459,0.0487670898438
77460,0.0516967773438
77461,0.0
77462,0.00725173950195
77463,0.0145263671875
77464,0.0209808349609
77465,0.0321350097656
77466,0.0281677246094
77467,0.0323791503906
77468,0.0354309082031
77469,0.0377807617188
77470,0.0407409667969
77471,0.0448303222656
77472,0.0431823730469
77473,0.0450134277344
77474,0.0414123535156
77475,0.0402526855469
77476,0.0449829101562
77477,0.0
77478,0.00632095336914
77479,0.0133209228516
77480,0.0194091796875
77481,0.0264892578125
77482,0.0280914306641
77483,0.0346069335938
77484,0.0364074707031
77485,0.0381164550781
77486,0.037353515625
77487,0.0352478027344
77488,0.0373229980469
77489,0.0329284667969
77490,0.0392456054688
77491,0.0401000976562
77492,0.037841796875
77493,0.0
77494,0.00895690917969
77495,0.014533996582
77496,0.0246887207031
77497,0.023681640625
77498,0.0317993164062
77499,0.0328063964844
77500,0.0428771972656
77501,0.0392761230469
77502,0.0485534667969
77503,0.0477905273438
77504,0.04931640625
77505,0.0492248535156
77506,0.0486145019531
77507,0.0440368652344
77508,0.0477905273438
77509,0.0
77510,0.00769424438477
77511,0.012321472168
77512,0.0183258056641
77513,0.0220031738281
77514,0.0235748291016
77515,0.0263671875
77516,0.0288391113281
77517,0.0305633544922
77518,0.0356750488281
77519,0.0369873046875
77521,0.0379638671875
77522,0.04345703125
77523,0.0393371582031
77524,0.0429382324219
77525,0.0437622070312
77526,0.0
77527,0.00790405273438
77528,0.0220184326172
77529,0.0317687988281
77530,0.0342102050781
77531,0.032958984375
77532,0.0372619628906
77533,0.0450744628906
77534,0.04736328125
77535,0.0491943359375
77536,0.0504455566406
77537,0.0513000488281
77538,0.0447082519531
77539,0.0460205078125
77540,0.048828125
77541,0.0397338867188
77542,0.0
77543,0.00827789306641
77544,0.0194091796875
77545,0.0196838378906
77546,0.0245056152344
77547,0.0289764404297
77548,0.0321960449219
77549,0.0366516113281
77550,0.0405578613281
77551,0.0451049804688
77552,0.0444030761719
77553,0.0465393066406
77554,0.0518798828125
77555,0.05029296875
77556,0.0518188476562
77557,0.0474853515625
77558,0.0
77559,0.00717544555664
77560,0.0130310058594
77561,0.0180816650391
77562,0.0247497558594
77563,0.0283203125
77564,0.0278930664062
77565,0.0341491699219
77566,0.0382690429688
77567,0.0409545898438
77568,0.0426635742188
77569,0.0385437011719
77570,0.0370178222656
77571,0.03955078125
77572,0.0367736816406
77573,0.0406188964844
77574,0.0
77575,0.00736999511719
77576,0.0164642333984
77577,0.0251007080078
77578,0.0269317626953
77579,0.0318603515625
77580,0.0332946777344
77581,0.03271484375
77582,0.0357971191406
77583,0.0406494140625
77584,0.037841796875
77585,0.0335693359375
77586,0.0426635742188
77587,0.0475769042969
77588,0.043212890625
77589,0.0546569824219
77590,0.0
77591,0.0070686340332
77592,0.0139999389648
77593,0.01953125
77594,0.0203857421875
77595,0.0220336914062
77596,0.0260467529297
77597,0.0326538085938
77598,0.0384521484375
77599,0.0394897460938
77600,0.0440368652344
77601,0.0442199707031
77602,0.0462036132812
77603,0.0450744628906
77604,0.0493469238281
77605,0.0494689941406
77606,0.0
77607,0.00622940063477
77608,0.0140380859375
77609,0.0191040039062
77610,0.0211181640625
77611,0.0290222167969
77612,0.0364685058594
77613,0.0392456054688
77614,0.0432434082031
77615,0.0453491210938
77616,0.0591430664062
77617,0.0444641113281
77618,0.0555114746094
77619,0.0552978515625
77620,0.0546875
77621,0.05517578125
77622,0.0
77623,0.00603866577148
77624,0.00914764404297
77625,0.0163726806641
77626,0.0199432373047
77627,0.0263366699219
77628,0.0313110351562
77629,0.0301666259766
77630,0.0355529785156
77631,0.0369873046875
77632,0.0462646484375
77633,0.0447998046875
77634,0.039306640625
77635,0.04296875
77636,0.0447998046875
77637,0.04345703125
77638,0.0
77639,0.00666427612305
77640,0.0123748779297
77641,0.0196075439453
77642,0.0219268798828
77643,0.0228576660156
77644,0.0263977050781
77645,0.0276336669922
77646,0.0251159667969
77647,0.0278167724609
77648,0.0341186523438
77649,0.03564453125
77650,0.0370483398438
77651,0.04248046875
77652,0.0435791015625
77653,0.0361022949219
77654,0.0
77655,0.00493621826172
77656,0.0101699829102
77657,0.0167541503906
77658,0.018310546875
77659,0.0216369628906
77660,0.0249633789062
77661,0.0279693603516
77662,0.0281524658203
77663,0.0250091552734
77664,0.0299530029297
77665,0.0331115722656
77666,0.0390625
77667,0.0401611328125
77668,0.044677734375
77669,0.0419311523438
77670,0.0
77671,0.00602722167969
77672,0.0105667114258
77673,0.0167388916016
77674,0.0167541503906
77675,0.0228271484375
77676,0.0242004394531
77677,0.0260467529297
77678,0.0288391113281
77679,0.0310363769531
77680,0.0333862304688
77681,0.0371398925781
77682,0.0382385253906
77683,0.0352783203125
77684,0.0390930175781
77685,0.0443115234375
77686,0.0
77687,0.00711441040039
77688,0.0162811279297
77689,0.0210266113281
77690,0.0254058837891
77691,0.0255737304688
77692,0.0307922363281
77693,0.0297088623047
77694,0.0318908691406
77695,0.0337829589844
77696,0.0379028320312
77697,0.0376281738281
77698,0.0395812988281
77699,0.0435180664062
77700,0.0480346679688
77701,0.0498046875
77702,0.0
77703,0.00717926025391
77704,0.0174255371094
77705,0.0218811035156
77706,0.0293426513672
77707,0.03515625
77708,0.0379028320312
77709,0.0458374023438
77710,0.0419006347656
77711,0.0387878417969
77712,0.0419616699219
77713,0.0456848144531
77714,0.0363159179688
77715,0.0380859375
77716,0.040283203125
77717,0.0382690429688
77718,0.0
77719,0.00686264038086
77720,0.0140075683594
77721,0.0182189941406
77722,0.0225372314453
77723,0.0269927978516
77724,0.0269470214844
77725,0.0302734375
77726,0.0350341796875
77727,0.0375671386719
77728,0.035400390625
77729,0.0372009277344
77730,0.0397644042969
77731,0.0358581542969
77732,0.0411071777344
77733,0.0382080078125
77734,0.0
77735,0.0068359375
77736,0.0151138305664
77737,0.0222778320312
77738,0.0264282226562
77739,0.0342102050781
77740,0.0399780273438
77741,0.0377502441406
77742,0.0415344238281
77743,0.0447998046875
77744,0.0463256835938
77745,0.0475463867188
77746,0.0394592285156
77747,0.04150390625
77748,0.0475769042969
77749,0.040283203125
77750,0.0
77751,0.00690460205078
77752,0.0134353637695
77753,0.0218353271484
77754,0.0243988037109
77755,0.0241851806641
77756,0.0279846191406
77757,0.0273132324219
77758,0.0299835205078
77759,0.0356750488281
77760,0.036865234375
77761,0.0347290039062
77762,0.03564453125
77763,0.0343322753906
77764,0.0369873046875
77765,0.0382080078125
77766,0.0
77767,0.00713729858398
77768,0.00995635986328
77769,0.0155258178711
77770,0.0188751220703
77771,0.0230102539062
77772,0.024169921875
77773,0.0292816162109
77774,0.0310668945312
77775,0.0318603515625
77776,0.0301055908203
77777,0.03369140625
77778,0.0369567871094
77779,0.0421142578125
77780,0.0451965332031
77781,0.0453186035156
77782,0.0
77783,0.00505065917969
77784,0.00930786132812
77785,0.012336730957
77786,0.0150451660156
77787,0.0193634033203
77788,0.0233764648438
77789,0.0242004394531
77790,0.0288391113281
77791,0.0308532714844
77792,0.0300750732422
77793,0.0322265625
77794,0.033935546875
77795,0.0325012207031
77796,0.0329895019531
77797,0.0350341796875
77798,0.0
77799,0.00675201416016
77800,0.0133666992188
77801,0.016357421875
77802,0.0175018310547
77803,0.0235595703125
77804,0.0267028808594
77805,0.0291442871094
77806,0.0326538085938
77807,0.0364379882812
77808,0.0368957519531
77809,0.0374145507812
77810,0.0404663085938
77811,0.037841796875
77812,0.0387573242188
77813,0.0445251464844
77814,0.0
77815,0.00444412231445
77816,0.00816345214844
77817,0.0145797729492
77818,0.0206756591797
77819,0.0256805419922
77820,0.0303955078125
77821,0.0299072265625
77822,0.0302581787109
77823,0.0325317382812
77824,0.0367736816406
77825,0.0357360839844
77826,0.0302429199219
77827,0.0380859375
77828,0.0328063964844
77829,0.0365295410156
77830,0.0
77831,0.00625991821289
77832,0.0101165771484
77833,0.0156555175781
77834,0.0200653076172
77835,0.0239715576172
77836,0.02587890625
77837,0.0337524414062
77838,0.0369262695312
77839,0.0384826660156
77840,0.0443420410156
77841,0.0372924804688
77842,0.0352783203125
77843,0.0391540527344
77844,0.0389099121094
77845,0.0372619628906
77846,0.0
77847,0.00654602050781
77848,0.0137939453125
77849,0.0172271728516
77850,0.0184173583984
77851,0.0247497558594
77852,0.0282440185547
77853,0.0347900390625
77854,0.0263366699219
77855,0.0313110351562
77856,0.0375671386719
77857,0.0427856445312
77858,0.0365295410156
77859,0.0350646972656
77860,0.0341796875
77861,0.0365905761719
77862,0.0
77863,0.00722122192383
77864,0.0144805908203
77865,0.0198516845703
77866,0.0251617431641
77867,0.0279541015625
77868,0.027587890625
77869,0.0285034179688
77870,0.0361938476562
77871,0.0420227050781
77872,0.0405883789062
77873,0.0428771972656
77874,0.0495910644531
77875,0.0460510253906
77876,0.04638671875
77877,0.0523376464844
77878,0.0
77879,0.00603103637695
77880,0.0123596191406
77881,0.0184020996094
77882,0.0242919921875
77883,0.0293731689453
77884,0.0358581542969
77885,0.0375671386719
77886,0.0404357910156
77887,0.04638671875
77888,0.0461120605469
77889,0.0431213378906
77890,0.0453491210938
77891,0.049560546875
77892,0.0515441894531
77893,0.0538024902344
77894,0.0
77895,0.00565719604492
77896,0.0119934082031
77897,0.0191802978516
77898,0.0208892822266
77899,0.0258941650391
77900,0.0295867919922
77901,0.0310668945312
77902,0.0377197265625
77903,0.0425720214844
77904,0.0432434082031
77905,0.0486450195312
77906,0.0464172363281
77907,0.0420837402344
77908,0.0422973632812
77909,0.0475463867188
77910,0.0
77911,0.00697326660156
77912,0.0116958618164
77913,0.0151824951172
77914,0.0200500488281
77915,0.0221557617188
77916,0.0260620117188
77917,0.0315551757812
77918,0.0327453613281
77919,0.0345153808594
77920,0.0394592285156
77921,0.0410766601562
77922,0.0401611328125
77923,0.043701171875
77924,0.0458374023438
77925,0.0382080078125
77926,0.0
77927,0.0066032409668
77928,0.0153045654297
77929,0.0226135253906
77930,0.0269927978516
77931,0.0336608886719
77932,0.0360107421875
77933,0.0382690429688
77934,0.0378723144531
77935,0.0396423339844
77936,0.0444641113281
77937,0.0427551269531
77938,0.0403747558594
77939,0.04443359375
77940,0.0484313964844
77941,0.0473327636719
77942,0.0
77943,0.00585174560547
77944,0.0115585327148
77945,0.0179443359375
77946,0.0206604003906
77947,0.0237884521484
77948,0.0293579101562
77949,0.0338439941406
77950,0.0326538085938
77951,0.0340881347656
77952,0.0339050292969
77953,0.0392456054688
77954,0.0412292480469
77955,0.0457153320312
77956,0.0506896972656
77957,0.04736328125
77958,0.0
77959,0.00543975830078
77960,0.0113372802734
77961,0.0164031982422
77962,0.0234069824219
77963,0.0278778076172
77964,0.0266723632812
77965,0.0337219238281
77966,0.0379943847656
77967,0.0401611328125
77968,0.0451965332031
77969,0.0449829101562
77970,0.0419616699219
77971,0.0452575683594
77972,0.0410766601562
77973,0.0433044433594
77974,0.0
77975,0.00716781616211
77976,0.0155258178711
77977,0.0229034423828
77978,0.0324401855469
77979,0.03271484375
77980,0.0329895019531
77981,0.0407409667969
77982,0.0329284667969
77983,0.0421447753906
77984,0.0370788574219
77985,0.033935546875
77986,0.0385131835938
77987,0.0404357910156
77988,0.0424499511719
77989,0.0478820800781
77990,0.0
77991,0.0058708190918
77992,0.0126647949219
77993,0.0174102783203
77994,0.0195922851562
77995,0.0213470458984
77996,0.0276184082031
77997,0.0303344726562
77998,0.0372619628906
77999,0.0421447753906
78000,0.0320434570312
78001,0.0360717773438
78002,0.0391845703125
78003,0.03857421875
78004,0.0397644042969
78005,0.041748046875
78006,0.0
78007,0.00693130493164
78008,0.0162506103516
78009,0.0201110839844
78010,0.0229187011719
78011,0.0287322998047
78012,0.0329284667969
78013,0.0337829589844
78014,0.0326538085938
78015,0.0325927734375
78016,0.0368957519531
78017,0.0364685058594
78018,0.0452880859375
78019,0.044921875
78020,0.0434875488281
78021,0.046875
78022,0.0
78023,0.0068473815918
78024,0.0163269042969
78025,0.0200500488281
78026,0.0213928222656
78027,0.0262298583984
78028,0.0254516601562
78029,0.0309448242188
78030,0.0381774902344
78031,0.0385437011719
78032,0.0393981933594
78033,0.0398864746094
78034,0.0396118164062
78035,0.0418090820312
78036,0.048828125
78037,0.0526428222656
78038,0.0
78039,0.00804901123047
78040,0.0135269165039
78041,0.0209350585938
78042,0.0281372070312
78043,0.0338134765625
78044,0.0405578613281
78045,0.0437316894531
78046,0.0418090820312
78047,0.04345703125
78048,0.046630859375
78049,0.0500793457031
78050,0.0517272949219
78051,0.0549011230469
78052,0.0631713867188
78053,0.060302734375
78054,0.0
78055,0.00690078735352
78056,0.0133056640625
78057,0.0194702148438
78058,0.0288391113281
78059,0.0264434814453
78060,0.0325622558594
78061,0.0406188964844
78062,0.0460205078125
78063,0.04833984375
78064,0.0539855957031
78065,0.0511779785156
78066,0.0662231445312
78067,0.0651245117188
78068,0.0471801757812
78069,0.0475158691406
78070,0.0
78071,0.00782775878906
78072,0.0123291015625
78073,0.0223236083984
78074,0.0303039550781
78075,0.0309906005859
78076,0.0343017578125
78077,0.0379028320312
78078,0.0363159179688
78079,0.0392456054688
78080,0.0428466796875
78081,0.0446472167969
78082,0.0424499511719
78083,0.0502624511719
78084,0.0464782714844
78085,0.041015625
78086,0.0
78087,0.00849151611328
78088,0.0154037475586
78089,0.0222778320312
78090,0.0239105224609
78091,0.0333862304688
78092,0.0308227539062
78093,0.0305023193359
78094,0.0296630859375
78095,0.0372009277344
78096,0.0394287109375
78097,0.0320129394531
78098,0.040283203125
78099,0.037841796875
78100,0.0385437011719
78101,0.0372314453125
78102,0.0
78103,0.00556945800781
78104,0.0112915039062
78105,0.0161743164062
78106,0.0223083496094
78107,0.026123046875
78108,0.0290222167969
78109,0.0336608886719
78110,0.0370788574219
78111,0.0447692871094
78112,0.03759765625
78113,0.038818359375
78114,0.0403137207031
78115,0.0412292480469
78116,0.0407409667969
78117,0.0399475097656
78118,0.0
78119,0.00493621826172
78120,0.010871887207
78121,0.0165710449219
78122,0.0202941894531
78123,0.0218353271484
78124,0.0281982421875
78125,0.0336608886719
78126,0.0308380126953
78127,0.0306854248047
78128,0.0332946777344
78129,0.0329895019531
78130,0.036376953125
78131,0.0374450683594
78132,0.0364685058594
78133,0.0401611328125
78134,0.0
78135,0.00506973266602
78136,0.0120544433594
78137,0.0178070068359
78138,0.0220794677734
78139,0.0289154052734
78140,0.03466796875
78141,0.0373229980469
78142,0.043212890625
78143,0.0439147949219
78144,0.0395812988281
78145,0.033935546875
78146,0.0398254394531
78147,0.0451354980469
78148,0.0460205078125
78149,0.0463562011719
78150,0.0
78151,0.00797271728516
78152,0.0142593383789
78153,0.0176086425781
78154,0.0227813720703
78155,0.0253448486328
78156,0.0304260253906
78157,0.0304870605469
78158,0.0318908691406
78159,0.0345153808594
78160,0.0395812988281
78161,0.03564453125
78162,0.0344543457031
78163,0.0375366210938
78164,0.0392150878906
78165,0.0431823730469
78166,0.0
78167,0.00551223754883
78168,0.0118942260742
78169,0.0184936523438
78170,0.0204772949219
78171,0.0289306640625
78172,0.0317687988281
78173,0.0340881347656
78174,0.0386047363281
78175,0.0350952148438
78176,0.0419311523438
78177,0.0385437011719
78178,0.0374755859375
78179,0.0398559570312
78180,0.0398864746094
78181,0.0458374023438
78182,0.0
78183,0.00808715820312
78184,0.0119857788086
78185,0.0174713134766
78186,0.0197143554688
78187,0.0306243896484
78188,0.0282440185547
78189,0.0316772460938
78190,0.0394287109375
78191,0.0403747558594
78192,0.0404052734375
78193,0.0426025390625
78194,0.0438232421875
78195,0.039306640625
78196,0.0395202636719
78197,0.0404357910156
78198,0.0
78199,0.00469207763672
78200,0.0106735229492
78201,0.0188903808594
78202,0.0256958007812
78203,0.0279235839844
78204,0.0296783447266
78205,0.0329895019531
78206,0.0394287109375
78207,0.0380249023438
78208,0.0426940917969
78209,0.0386962890625
78210,0.0422058105469
78211,0.0421142578125
78212,0.0474853515625
78213,0.0481567382812
78214,0.0
78215,0.00595855712891
78216,0.0127105712891
78217,0.0160827636719
78218,0.0188598632812
78219,0.0217742919922
78220,0.0305023193359
78221,0.0346374511719
78222,0.0346069335938
78223,0.0357666015625
78224,0.0358276367188
78225,0.0354309082031
78226,0.0358581542969
78227,0.0365295410156
78228,0.0413208007812
78229,0.0482788085938
78230,0.0
78231,0.00894927978516
78232,0.0148773193359
78233,0.0180816650391
78234,0.0226898193359
78235,0.0277252197266
78236,0.0300750732422
78237,0.0299835205078
78238,0.0313415527344
78239,0.0331420898438
78240,0.0507202148438
78241,0.0491333007812
78242,0.0452880859375
78243,0.0459899902344
78244,0.0431823730469
78245,0.0500793457031
78246,0.0
78247,0.00522994995117
78248,0.00962829589844
78249,0.0158386230469
78250,0.0201873779297
78251,0.0242156982422
78252,0.0263824462891
78253,0.0322265625
78254,0.0365295410156
78255,0.0365905761719
78256,0.0340881347656
78257,0.0332946777344
78258,0.0388793945312
78259,0.0398559570312
78260,0.0350646972656
78261,0.0411376953125
78262,0.0
78263,0.00635528564453
78264,0.0119247436523
78265,0.0200653076172
78266,0.0282897949219
78267,0.0316467285156
78268,0.0296783447266
78269,0.029296875
78270,0.0323791503906
78271,0.0357360839844
78272,0.0346984863281
78273,0.0321350097656
78274,0.0350341796875
78275,0.0373229980469
78276,0.0442810058594
78277,0.0440979003906
78278,0.0
78279,0.00668334960938
78280,0.0125198364258
78281,0.0155792236328
78282,0.0189514160156
78283,0.0238800048828
78284,0.0276641845703
78285,0.0274963378906
78286,0.0332641601562
78287,0.0378112792969
78288,0.0380859375
78289,0.03662109375
78290,0.0395812988281
78291,0.0407409667969
78292,0.0376892089844
78293,0.0426025390625
78294,0.0
78295,0.00737762451172
78296,0.0181884765625
78297,0.0201721191406
78298,0.0256195068359
78299,0.0232238769531
78300,0.0263214111328
78301,0.0293579101562
78302,0.0329895019531
