4,0.0
5,0.0
6,0.0
7,0.0
8,0.0
9,0.0
10,0.0
11,0.0
12,0.0
13,0.0
14,0.0
15,0.0
16,0.0
17,0.0
18,0.0
19,0.0
20,0.0
21,0.0
22,0.00100994110107
23,0.00105762481689
24,0.00194454193115
25,0.00246620178223
26,0.00337600708008
27,0.00491714477539
28,0.00748062133789
29,0.00761032104492
30,0.0102996826172
31,0.0110855102539
32,0.0137939453125
33,0.0147552490234
34,0.01611328125
35,0.0
36,0.0
37,0.0
38,0.00324249267578
39,0.00828552246094
40,0.0113754272461
41,0.0178527832031
42,0.0196380615234
43,0.0245208740234
44,0.0236358642578
45,0.0294647216797
46,0.0299224853516
47,0.0349731445312
48,0.0359802246094
49,0.0386962890625
50,0.0374450683594
51,0.0
52,0.0
53,0.0
54,0.00307083129883
55,0.00563812255859
56,0.0104064941406
57,0.0121841430664
58,0.017333984375
59,0.0203857421875
60,0.0231018066406
61,0.0253143310547
62,0.0269317626953
63,0.03125
64,0.0315856933594
65,0.0350036621094
66,0.0361938476562
67,0.0
68,0.0
69,0.0
70,0.00124740600586
71,0.00346183776855
72,0.00471496582031
73,0.0107421875
74,0.0121231079102
75,0.0150527954102
76,0.0180358886719
77,0.0189971923828
78,0.0198059082031
79,0.02392578125
80,0.0280914306641
81,0.0254516601562
82,0.0278167724609
83,0.0
84,0.0
85,0.0
86,0.00147724151611
87,0.00269889831543
88,0.00426483154297
89,0.00723266601562
90,0.00914001464844
91,0.0119552612305
92,0.015869140625
93,0.0158843994141
94,0.0208435058594
95,0.0222320556641
96,0.0243225097656
97,0.0250244140625
98,0.0275115966797
99,0.0
100,0.0
101,0.0
102,0.00063943862915
103,0.00145816802979
104,0.00345230102539
105,0.00546264648438
106,0.00772094726562
107,0.0118103027344
108,0.01318359375
109,0.0145645141602
110,0.0176544189453
111,0.0185394287109
112,0.0230865478516
113,0.0256805419922
114,0.0244750976562
115,0.0
116,0.0
117,0.0
118,0.000759124755859
119,0.00186538696289
120,0.00353813171387
121,0.00613403320312
122,0.00872039794922
123,0.0110549926758
124,0.0132064819336
125,0.0162963867188
126,0.02099609375
127,0.0196228027344
128,0.0221557617188
129,0.0265045166016
130,0.0289916992188
131,0.0
132,0.0
133,0.0
134,0.000597476959229
135,0.00142860412598
136,0.00359153747559
137,0.00588226318359
138,0.00708389282227
139,0.00784301757812
140,0.00943756103516
141,0.0110473632812
142,0.0143356323242
143,0.0152587890625
144,0.0165710449219
145,0.0213012695312
146,0.0225219726562
147,0.0
148,0.0
149,0.0
150,0.000338792800903
151,0.00153350830078
152,0.00233840942383
153,0.00521850585938
154,0.00689315795898
155,0.00946807861328
156,0.0101928710938
157,0.0120391845703
158,0.0129699707031
159,0.0139236450195
160,0.0173645019531
161,0.0162658691406
162,0.019287109375
163,0.0
164,0.0
165,0.0
166,0.00115489959717
167,0.00224494934082
168,0.00228500366211
169,0.00334167480469
170,0.00577545166016
171,0.00633239746094
172,0.00924682617188
173,0.0117416381836
174,0.0124816894531
175,0.0140914916992
176,0.016357421875
177,0.0177459716797
178,0.0194702148438
179,0.0
180,0.0
181,0.0
182,0.000440835952759
183,0.00147914886475
184,0.00393295288086
185,0.00509643554688
186,0.00762557983398
187,0.0075569152832
188,0.0070686340332
189,0.0110702514648
190,0.0121383666992
191,0.0158233642578
192,0.0195770263672
193,0.0236511230469
194,0.0260009765625
195,0.0
196,0.0
197,0.0
198,0.000426292419434
199,0.00100135803223
200,0.00157928466797
201,0.00415420532227
202,0.00566482543945
203,0.00884246826172
204,0.00971984863281
205,0.011962890625
206,0.0143966674805
207,0.0150909423828
208,0.0157318115234
209,0.0154571533203
210,0.020263671875
211,0.0
212,0.0
213,0.0
214,0.000126361846924
215,0.000635147094727
216,0.00142860412598
217,0.00251579284668
218,0.00405502319336
219,0.00779724121094
220,0.00868225097656
221,0.0123977661133
222,0.0131301879883
223,0.0149154663086
224,0.0186920166016
225,0.0188598632812
226,0.0199584960938
227,0.0
228,0.0
229,0.0
230,0.000213980674744
231,0.000889778137207
232,0.00180244445801
233,0.00194835662842
234,0.00392913818359
235,0.00686645507812
236,0.00914764404297
237,0.0134963989258
238,0.0159759521484
239,0.0172729492188
240,0.0179138183594
241,0.0195159912109
242,0.0216979980469
243,0.0
244,0.0
245,0.0
246,0.000431299209595
247,0.00221061706543
248,0.00419998168945
249,0.00537872314453
250,0.00769805908203
251,0.0109786987305
252,0.0111618041992
253,0.0102081298828
254,0.0138702392578
255,0.0133438110352
256,0.0153961181641
257,0.0182342529297
258,0.0203552246094
259,0.0
260,0.0
261,0.0
262,0.000651359558105
263,0.000957489013672
264,0.00277137756348
265,0.00327110290527
266,0.00642776489258
267,0.00679779052734
268,0.00890350341797
269,0.00853729248047
270,0.0123062133789
271,0.0126876831055
272,0.0160522460938
273,0.0154876708984
274,0.0185241699219
275,0.0
276,0.0
277,0.0
278,0.000645160675049
279,0.00235939025879
280,0.00429153442383
281,0.00521850585938
282,0.00705337524414
283,0.00897216796875
284,0.0102844238281
285,0.0133972167969
286,0.0126037597656
287,0.0155639648438
288,0.0158386230469
289,0.0178375244141
290,0.0185241699219
291,0.0
292,0.0
293,0.0
294,0.000262498855591
295,0.0015344619751
296,0.00284004211426
297,0.00537109375
298,0.00736618041992
299,0.00796508789062
300,0.00833892822266
301,0.0104141235352
302,0.0127944946289
303,0.0161895751953
304,0.0186614990234
305,0.0185699462891
306,0.0193939208984
307,0.0
308,0.0
309,0.0
310,0.000219702720642
311,0.000625610351562
312,0.00262069702148
313,0.00279235839844
314,0.00408172607422
315,0.00544738769531
316,0.00544357299805
317,0.00849914550781
318,0.00959014892578
319,0.0143203735352
320,0.0132751464844
321,0.0167999267578
322,0.017822265625
323,0.0
324,0.0
325,0.0
326,0.00042724609375
327,0.00194263458252
328,0.0025634765625
329,0.00439071655273
330,0.00600433349609
331,0.00711441040039
332,0.00985717773438
333,0.0115280151367
334,0.0127716064453
335,0.0144424438477
336,0.0149383544922
337,0.0188446044922
338,0.018310546875
339,0.0
340,0.0
341,0.0
342,0.000899791717529
343,0.00280952453613
344,0.00259017944336
345,0.00386810302734
346,0.00582885742188
347,0.00936126708984
348,0.0101852416992
349,0.016357421875
350,0.0166931152344
351,0.0206756591797
352,0.0180358886719
353,0.0182647705078
354,0.0221710205078
355,0.0
356,0.0
357,0.0
358,0.000470161437988
359,0.00103282928467
360,0.00161838531494
361,0.00300025939941
362,0.00523376464844
363,0.00777435302734
364,0.0102233886719
365,0.0139007568359
366,0.0162811279297
367,0.0131225585938
368,0.01611328125
369,0.0168609619141
370,0.0199584960938
371,0.0
372,0.0
373,0.0
374,0.000213980674744
375,0.00127601623535
376,0.0029468536377
377,0.00229072570801
378,0.00525283813477
379,0.00628280639648
380,0.00698089599609
381,0.00926208496094
382,0.0135040283203
383,0.0135879516602
384,0.0153198242188
385,0.0195007324219
386,0.0195465087891
387,0.0
388,0.0
389,0.0
390,0.00022029876709
391,0.00163745880127
392,0.0020637512207
393,0.00495147705078
394,0.00514221191406
395,0.00655746459961
396,0.00788879394531
397,0.0105056762695
398,0.0139846801758
399,0.0148162841797
400,0.0178375244141
401,0.0177307128906
402,0.0186920166016
403,0.0
404,0.0
405,0.0
406,1.03712081909e-05
407,9.69767570496e-05
408,0.00103569030762
409,0.0036449432373
410,0.00530242919922
411,0.00827789306641
412,0.00961303710938
413,0.0108108520508
414,0.0137023925781
415,0.0149841308594
416,0.0144577026367
417,0.0197143554688
418,0.0214385986328
419,0.0
420,0.0
421,0.0
422,0.000213384628296
423,0.000997543334961
424,0.000983238220215
425,0.00275039672852
426,0.00523376464844
427,0.00443267822266
428,0.00849914550781
429,0.010368347168
430,0.0134963989258
431,0.0162658691406
432,0.0176239013672
433,0.0179290771484
434,0.0212707519531
435,0.0
436,0.0
437,0.0
438,0.000256061553955
439,0.00111865997314
440,0.00238609313965
441,0.00346946716309
442,0.00522232055664
443,0.00710296630859
444,0.00817108154297
445,0.0103607177734
446,0.0107116699219
447,0.0102310180664
448,0.0157775878906
449,0.0158996582031
450,0.0171203613281
451,0.0
452,0.0
453,0.0
454,0.000680446624756
455,0.000698089599609
456,0.00117015838623
457,0.00251960754395
458,0.00484466552734
459,0.00679397583008
460,0.00795745849609
461,0.009765625
462,0.0136032104492
463,0.0144271850586
464,0.0147552490234
465,0.0168304443359
466,0.0186614990234
467,0.0
468,0.0
469,0.0
470,0.000213980674744
471,0.00102519989014
472,0.00267028808594
473,0.00358581542969
474,0.00356292724609
475,0.00412368774414
476,0.00651550292969
477,0.00841522216797
478,0.0118255615234
479,0.0120620727539
480,0.0137176513672
481,0.0167999267578
482,0.018310546875
483,0.0
484,0.0
485,0.0
486,0.000708103179932
487,0.00191974639893
488,0.00307083129883
489,0.0047492980957
490,0.0038890838623
491,0.00738525390625
492,0.0104446411133
493,0.0118103027344
494,0.0125350952148
495,0.0150146484375
496,0.0182189941406
497,0.0193176269531
498,0.0194702148438
499,0.0
500,0.0
501,0.0
502,0.000430822372437
503,0.00117301940918
504,0.00182819366455
505,0.00497817993164
506,0.00521850585938
507,0.00868988037109
508,0.0116958618164
509,0.010856628418
510,0.0136566162109
511,0.015869140625
512,0.0184783935547
513,0.0193481445312
514,0.0221557617188
515,0.0
516,0.0
517,0.0
518,0.00106811523438
519,0.00178718566895
520,0.00279426574707
521,0.00391387939453
522,0.0062141418457
523,0.00712966918945
524,0.010139465332
525,0.0123138427734
526,0.0143661499023
527,0.0145721435547
528,0.0177154541016
529,0.0192718505859
530,0.0187225341797
531,0.0
532,0.0
533,0.0
534,0.000428438186646
535,0.00134468078613
536,0.00300407409668
537,0.00428009033203
538,0.00596618652344
539,0.00856018066406
540,0.0124053955078
541,0.0164184570312
542,0.0178985595703
543,0.0214385986328
544,0.0184173583984
545,0.0190887451172
546,0.0210723876953
547,0.0
548,0.0
549,0.0
550,0.000213980674744
551,0.00104427337646
552,0.00248908996582
553,0.00250434875488
554,0.00496673583984
555,0.0087890625
556,0.00979614257812
557,0.0113372802734
558,0.0132904052734
559,0.0169982910156
560,0.0182037353516
561,0.0166168212891
562,0.0183868408203
563,0.0
564,0.0
565,0.0
566,0.000228404998779
567,0.000859260559082
568,0.00227355957031
569,0.00463104248047
570,0.00739669799805
571,0.00880432128906
572,0.00841522216797
573,0.0102615356445
574,0.0136337280273
575,0.0162811279297
576,0.0164184570312
577,0.0184173583984
578,0.0217437744141
579,0.0
580,0.0
581,0.0
582,0.000638484954834
583,0.00165843963623
584,0.00383949279785
585,0.00528335571289
586,0.00549697875977
587,0.00825500488281
588,0.00790405273438
589,0.00912475585938
590,0.0126266479492
591,0.0165557861328
592,0.0177764892578
593,0.0212249755859
594,0.0202484130859
595,0.0
596,0.0
597,0.0
598,0.00063943862915
599,0.00191020965576
600,0.00189876556396
601,0.00327682495117
602,0.00541687011719
603,0.0051155090332
604,0.00995635986328
605,0.0111236572266
606,0.0138320922852
607,0.0154800415039
608,0.0167694091797
609,0.0185852050781
610,0.0210113525391
611,0.0
612,0.0
613,0.0
614,2.32458114624e-06
615,0.00113201141357
616,0.00154781341553
617,0.00279808044434
618,0.00330924987793
619,0.00582885742188
620,0.00831604003906
621,0.0107269287109
622,0.0140762329102
623,0.0166320800781
624,0.0162811279297
625,0.0186157226562
626,0.0190582275391
627,0.0
628,0.0
629,0.0
630,0.000213384628296
631,0.00150775909424
632,0.00187206268311
633,0.00290298461914
634,0.00320625305176
635,0.00481414794922
636,0.0049934387207
637,0.00773239135742
638,0.00987243652344
639,0.0123519897461
640,0.0154800415039
641,0.0170593261719
642,0.0179748535156
643,0.0
644,0.0
645,0.0
646,0.000686168670654
647,0.00125789642334
648,0.00204086303711
649,0.00388336181641
650,0.00645446777344
651,0.00798034667969
652,0.0089111328125
653,0.00875091552734
654,0.0120010375977
655,0.0134963989258
656,0.0146942138672
657,0.0181121826172
658,0.0174102783203
659,0.0
660,0.0
661,0.0
662,2.32458114624e-06
663,0.000704765319824
664,0.00283622741699
665,0.00395584106445
666,0.00595855712891
667,0.00720596313477
668,0.00951385498047
669,0.0106201171875
670,0.0113677978516
671,0.0135116577148
672,0.0141372680664
673,0.0167236328125
674,0.0173187255859
675,0.0
676,0.0
677,0.0
678,0.000522613525391
679,0.00131320953369
680,0.00228309631348
681,0.00431442260742
682,0.00605392456055
683,0.00618362426758
684,0.00870513916016
685,0.0111083984375
686,0.0113296508789
687,0.0124282836914
688,0.0143737792969
689,0.0139541625977
690,0.0160064697266
691,0.0
692,0.0
693,0.0
694,0.00110626220703
695,0.00179958343506
696,0.00103950500488
697,0.00364875793457
698,0.00481796264648
699,0.00617218017578
700,0.00704193115234
701,0.00783538818359
702,0.0105056762695
703,0.0138397216797
704,0.0166320800781
705,0.0208435058594
706,0.0170288085938
707,0.0
708,0.0
709,0.0
710,4.2736530304e-05
711,0.00178813934326
712,0.00181007385254
713,0.00337982177734
714,0.00467681884766
715,0.00647735595703
716,0.00864410400391
717,0.0101776123047
718,0.00984191894531
719,0.0126724243164
720,0.0144195556641
721,0.0184478759766
722,0.0184173583984
723,0.0
724,0.0
725,0.0
726,1.28746032715e-05
727,0.00127696990967
728,0.00266647338867
729,0.00340461730957
730,0.00505447387695
731,0.0059814453125
732,0.0107574462891
733,0.0115509033203
734,0.0111083984375
735,0.0149002075195
736,0.0167388916016
737,0.0185852050781
738,0.0176391601562
739,0.0
740,0.0
741,0.0
742,0.000226259231567
743,0.000480890274048
744,0.00154113769531
745,0.00395202636719
746,0.00541305541992
747,0.00735092163086
748,0.0102386474609
749,0.00936126708984
750,0.0110321044922
751,0.0145111083984
752,0.0170440673828
753,0.02001953125
754,0.0213928222656
755,0.0
756,0.0
757,0.0
758,1.13248825073e-06
759,0.000629901885986
760,0.00236511230469
761,0.00350570678711
762,0.00477600097656
763,0.00528717041016
764,0.00725555419922
765,0.0100936889648
766,0.0121841430664
767,0.0128631591797
768,0.015022277832
769,0.0158996582031
770,0.0171508789062
771,0.0
772,0.0
773,0.0
774,0.000426292419434
775,0.00131225585938
776,0.00239562988281
777,0.00315475463867
778,0.00615692138672
779,0.00627517700195
780,0.00774383544922
781,0.00827789306641
782,0.0115737915039
783,0.0125732421875
784,0.0141906738281
786,0.0168762207031
787,0.0202178955078
788,0.0
789,0.0
790,0.0
791,0.000853538513184
792,0.000533580780029
793,0.00154685974121
794,0.00270462036133
795,0.00440216064453
796,0.00531005859375
797,0.00782775878906
798,0.00984191894531
799,0.0129547119141
800,0.0132141113281
801,0.0156555175781
802,0.0178527832031
803,0.0198211669922
804,0.0
805,0.0
806,0.0
807,6.37769699097e-06
808,0.0011510848999
809,0.00117206573486
810,0.00287055969238
811,0.0046501159668
812,0.00758361816406
813,0.00912475585938
814,0.0101089477539
815,0.0111694335938
816,0.0120391845703
817,0.0160064697266
818,0.0152587890625
819,0.0191955566406
820,0.0
821,0.0
822,0.0
823,0.000215172767639
824,0.000453233718872
825,0.0012788772583
826,0.0033073425293
827,0.00539779663086
828,0.00736618041992
829,0.00826263427734
830,0.0107879638672
831,0.0124740600586
832,0.00989532470703
833,0.0136337280273
834,0.0169219970703
835,0.0200958251953
836,0.0
837,0.0
838,0.0
839,0.000425577163696
840,0.00144004821777
841,0.00298309326172
842,0.00463485717773
843,0.00600433349609
844,0.00782012939453
845,0.0103225708008
846,0.0127563476562
847,0.0135269165039
848,0.0161895751953
849,0.017578125
850,0.0157012939453
851,0.0169525146484
852,0.0
853,0.0
854,0.0
855,0.00025486946106
856,0.00194358825684
857,0.00230407714844
858,0.00295829772949
859,0.00544357299805
860,0.00569152832031
861,0.00668716430664
862,0.00865936279297
863,0.00900268554688
864,0.0109405517578
865,0.0124588012695
866,0.0148849487305
867,0.0163879394531
868,0.0
869,0.0
870,0.0
871,0.000214576721191
872,0.00028657913208
873,0.00176620483398
874,0.0036506652832
875,0.00479888916016
876,0.006103515625
877,0.00714874267578
878,0.00940704345703
879,0.0130920410156
880,0.0159606933594
881,0.0159606933594
882,0.0190734863281
883,0.0203857421875
884,0.0
885,0.0
886,0.0
887,0.00022029876709
888,0.00115776062012
889,0.00145435333252
890,0.0022029876709
891,0.00459671020508
892,0.00521469116211
893,0.00613403320312
894,0.00897216796875
895,0.0119781494141
896,0.013542175293
897,0.0163726806641
898,0.0161285400391
899,0.0185699462891
900,0.0
901,0.0
902,0.0
903,0.000852584838867
904,0.000900268554688
905,0.00161552429199
906,0.00264549255371
907,0.00541305541992
908,0.00779724121094
909,0.010856628418
910,0.0100479125977
911,0.0101699829102
912,0.0169219970703
913,0.0175933837891
914,0.0191040039062
915,0.0181732177734
916,0.0
917,0.0
918,0.0
919,4.90546226501e-05
920,0.0011739730835
921,0.00239944458008
922,0.00325584411621
923,0.00535202026367
924,0.00547409057617
925,0.00708770751953
926,0.00875854492188
927,0.00942230224609
928,0.00996398925781
929,0.0125885009766
930,0.0142669677734
931,0.0166931152344
932,0.0
933,0.0
934,0.0
935,0.00020956993103
936,0.000991821289062
937,0.00193309783936
938,0.00284767150879
939,0.00470352172852
940,0.00579833984375
941,0.00656127929688
942,0.009033203125
943,0.00998687744141
944,0.0126876831055
945,0.0129699707031
946,0.0149078369141
947,0.0183715820312
948,0.0
949,0.0
950,0.0
951,6.91413879395e-06
952,0.000483274459839
953,0.00147724151611
954,0.00398254394531
955,0.00830841064453
956,0.0105133056641
957,0.0116271972656
958,0.0151672363281
959,0.0146408081055
960,0.0138320922852
961,0.0130157470703
962,0.0162658691406
963,0.0168609619141
964,0.0
965,0.0
966,0.0
967,0.00022566318512
968,0.000163674354553
969,0.0017786026001
970,0.00224685668945
971,0.00384712219238
972,0.0073127746582
973,0.00790405273438
974,0.00782012939453
975,0.00865936279297
976,0.0110244750977
977,0.0149383544922
978,0.0149307250977
979,0.0182495117188
980,0.0
981,0.0
982,0.0
983,0.000640392303467
984,0.00106525421143
985,0.00236701965332
986,0.00385665893555
987,0.00463104248047
988,0.00742340087891
989,0.00796508789062
990,0.00924682617188
991,0.0107803344727
992,0.0128173828125
993,0.0146636962891
994,0.0149154663086
995,0.0184020996094
996,0.0
997,0.0
998,0.0
999,2.69412994385e-05
1000,0.00035572052002
1001,0.000977516174316
1002,0.00215911865234
1003,0.0035343170166
1004,0.00503540039062
1005,0.00713348388672
1006,0.00907135009766
1007,0.0109329223633
1008,0.0121994018555
1009,0.0132904052734
1010,0.0132751464844
1011,0.015251159668
1012,0.0
1013,0.0
1014,0.0
1015,6.37769699097e-06
1016,0.000302314758301
1017,0.000897407531738
1018,0.00310134887695
1019,0.00542068481445
1020,0.00673675537109
1021,0.00799560546875
1022,0.00974273681641
1023,0.0110855102539
1024,0.0151214599609
1025,0.0150833129883
1026,0.018798828125
1027,0.0229034423828
1028,0.0
1029,0.0
1030,0.0
1031,0.000213384628296
1032,0.00110244750977
1033,0.0018949508667
1034,0.00422668457031
1035,0.00740432739258
1036,0.00703048706055
1037,0.00897216796875
1038,0.0107269287109
1039,0.0138092041016
1040,0.0130081176758
1041,0.0151977539062
1042,0.0171051025391
1043,0.0176086425781
1044,0.0
1045,0.0
1046,0.0
1047,0.00022566318512
1048,0.00160503387451
1049,0.00206184387207
1050,0.00275230407715
1051,0.00589370727539
1052,0.00627517700195
1053,0.00792694091797
1054,0.00923156738281
1055,0.00920104980469
1056,0.0117492675781
1057,0.0107116699219
1058,0.0144958496094
1059,0.0167541503906
1060,0.0
1061,0.0
1062,0.0
1063,5.78165054321e-06
1064,0.000210523605347
1065,0.000997543334961
1066,0.00163650512695
1067,0.0025691986084
1068,0.00360107421875
1069,0.00570297241211
1070,0.00591659545898
1071,0.00746536254883
1072,0.00872039794922
1073,0.0107040405273
1074,0.00983428955078
1075,0.0147552490234
1076,0.0
1077,0.0
1078,0.0
1079,5.78165054321e-06
1080,0.000234961509705
1081,0.00100231170654
1082,0.00174331665039
1083,0.00353050231934
1084,0.00426864624023
1085,0.00719833374023
1086,0.00811767578125
1087,0.00862121582031
1088,0.0103988647461
1089,0.0122604370117
1090,0.0126037597656
1091,0.0138549804688
1092,0.0
1093,0.0
1094,0.0
1095,1.72853469849e-06
1096,0.000285625457764
1097,0.000954151153564
1098,0.00242233276367
1099,0.0044059753418
1100,0.00617218017578
1101,0.00727844238281
1102,0.00749206542969
1103,0.0105819702148
1104,0.0105438232422
1105,0.0127716064453
1106,0.0121917724609
1107,0.0129928588867
1108,0.0
1109,0.0
1110,0.0
1111,4.50015068054e-05
1112,0.000360727310181
1113,0.000621795654297
1114,0.00121116638184
1115,0.00371170043945
1116,0.00427627563477
1117,0.00624084472656
1118,0.00617218017578
1119,0.00779342651367
1120,0.00918579101562
1121,0.00960540771484
1122,0.00962066650391
1123,0.0121917724609
1124,0.0
1125,0.0
1126,0.0
1127,5.96046447754e-07
1128,0.000586032867432
1129,0.00114250183105
1130,0.00246620178223
1131,0.00509643554688
1132,0.00516510009766
1133,0.00654602050781
1134,0.00886535644531
1135,0.0121078491211
1136,0.0154113769531
1137,0.0137710571289
1138,0.0125885009766
1139,0.0159759521484
1140,0.0
1141,0.0
1142,0.0
1143,5.96046447754e-07
1144,0.000254154205322
1145,0.000711917877197
1146,0.00205421447754
1147,0.00388526916504
1148,0.00630950927734
1149,0.00884246826172
1150,0.00914001464844
1151,0.00827789306641
1152,0.00878143310547
1153,0.010498046875
1154,0.0147171020508
1155,0.0176849365234
1156,0.0
1157,0.0
1158,0.0
1159,3.45706939697e-06
1160,0.000229954719543
1161,0.000961780548096
1162,0.00187110900879
1163,0.00297355651855
1164,0.00560760498047
1165,0.00642013549805
1166,0.00967407226562
1167,0.0108413696289
1168,0.0134963989258
1169,0.0142974853516
1170,0.0182952880859
1171,0.0164031982422
1172,0.0
1173,0.0
1174,0.0
1175,7.5101852417e-06
1176,0.000380516052246
1177,0.00111770629883
1178,0.00165176391602
1179,0.00199317932129
1180,0.00319862365723
1181,0.00585556030273
1182,0.00699615478516
1183,0.00783538818359
1184,0.00833129882812
1185,0.0121536254883
1186,0.0126037597656
1187,0.0150527954102
1188,0.0
1189,0.0
1190,0.0
1191,6.91413879395e-06
1192,0.000463962554932
1193,0.000959873199463
1194,0.00203132629395
1195,0.00308227539062
1196,0.00436019897461
1197,0.00453567504883
1198,0.00780487060547
1199,0.00818634033203
1200,0.00962066650391
1201,0.0115203857422
1202,0.0133895874023
1203,0.0167999267578
1204,0.0
1205,0.0
1206,0.0
1207,2.32458114624e-06
1208,0.000410318374634
1209,0.000721454620361
1210,0.00101947784424
1211,0.00209426879883
1212,0.0030403137207
1213,0.00568008422852
1214,0.00922393798828
1215,0.00863647460938
1216,0.00952911376953
1217,0.0122756958008
1218,0.012825012207
1219,0.0137786865234
1220,0.0
1221,0.0
1222,0.0
1223,2.32458114624e-06
1224,0.000694274902344
1225,0.00138473510742
1226,0.00235557556152
1227,0.00283622741699
1228,0.00417327880859
1229,0.00490570068359
1230,0.00721740722656
1231,0.00985717773438
1232,0.00998687744141
1233,0.012092590332
1234,0.0130310058594
1235,0.0120620727539
1236,0.0
1237,0.0
1238,0.0
1239,1.72853469849e-06
1240,4.84585762024e-05
1241,0.000794410705566
1242,0.00156307220459
1243,0.00271034240723
1244,0.0042610168457
1245,0.00725936889648
1246,0.00880432128906
1247,0.0121154785156
1248,0.0140609741211
1249,0.0153732299805
1250,0.0157165527344
1251,0.0164947509766
1252,0.0
1253,0.0
1254,0.0
1255,2.32458114624e-06
1256,0.000626087188721
1257,0.00174236297607
1258,0.00205993652344
1259,0.00365829467773
1260,0.0040397644043
1261,0.00560760498047
1262,0.00798034667969
1263,0.0078010559082
1264,0.0110778808594
1265,0.0135345458984
1266,0.0141372680664
1267,0.0139617919922
1268,0.0
1269,0.0
1270,0.0
1271,6.37769699097e-06
1272,0.000247001647949
1273,0.000763416290283
1274,0.00240135192871
1275,0.00482177734375
1276,0.0062141418457
1277,0.0093994140625
1278,0.0105590820312
1279,0.0124206542969
1280,0.012939453125
1281,0.0128173828125
1282,0.0154418945312
1283,0.0190887451172
1284,0.0
1285,0.0
1286,0.0
1287,2.19345092773e-05
1288,0.000150680541992
1289,0.00114917755127
1290,0.00189781188965
1291,0.00246810913086
1292,0.0048828125
1293,0.00779342651367
1294,0.00715255737305
1295,0.0101852416992
1296,0.0121994018555
1297,0.0138778686523
1298,0.0131072998047
1299,0.0138244628906
1300,0.0
1301,0.0
1302,0.0
1303,6.37769699097e-06
1304,0.000457048416138
1305,0.00132274627686
1306,0.00424575805664
1307,0.00492095947266
1308,0.00657653808594
1309,0.00851440429688
1310,0.00810241699219
1311,0.010383605957
1312,0.0117034912109
1313,0.0145492553711
1314,0.0158843994141
1315,0.0154495239258
1316,0.0
1317,0.0
1318,0.0
1319,5.78165054321e-06
1320,0.000210285186768
1321,0.000579357147217
1322,0.00156116485596
1323,0.00271415710449
1324,0.00374031066895
1325,0.00448989868164
1326,0.00650024414062
1327,0.00690460205078
1328,0.00829315185547
1329,0.0100555419922
1330,0.0118789672852
1331,0.0138626098633
1332,0.0
1333,0.0
1334,0.0
1335,5.18560409546e-06
1336,7.90953636169e-05
1337,0.000478744506836
1338,0.00172805786133
1339,0.00348091125488
1340,0.00440979003906
1341,0.00537109375
1342,0.00656890869141
1343,0.010009765625
1344,0.0125427246094
1345,0.0137329101562
1346,0.0162048339844
1347,0.0186309814453
1348,0.0
1349,0.0
1350,0.0
1351,4.79221343994e-05
1352,0.000151991844177
1353,0.000631809234619
1354,0.00161075592041
1355,0.00279235839844
1356,0.00495147705078
1357,0.00590515136719
1358,0.00598526000977
1359,0.00592041015625
1360,0.00942993164062
1361,0.0112762451172
1362,0.0141754150391
1363,0.0137557983398
1364,0.0
1365,0.0
1366,0.0
1367,1.09672546387e-05
1368,8.13603401184e-05
1369,0.000545978546143
1370,0.00179386138916
1371,0.00244903564453
1372,0.00378608703613
1373,0.00494003295898
1374,0.00634765625
1375,0.00626754760742
1376,0.00972747802734
1377,0.0111618041992
1378,0.0115280151367
1379,0.0138397216797
1380,0.0
1381,0.0
1382,0.0
1383,8.88705253601e-05
1384,0.000385761260986
1385,0.00091028213501
1386,0.00283622741699
1387,0.00337409973145
1388,0.00490951538086
1389,0.00642013549805
1390,0.00795745849609
1391,0.0089111328125
1392,0.01025390625
1393,0.0126190185547
1394,0.0143432617188
1395,0.0166168212891
1396,0.0
1397,0.0
1398,0.0
1399,3.45706939697e-06
1400,0.000546455383301
1401,0.00146770477295
1402,0.00206184387207
1403,0.00331687927246
1404,0.0051155090332
1405,0.00564193725586
1406,0.00852203369141
1407,0.00680541992188
1408,0.00804138183594
1409,0.0109939575195
1410,0.0123825073242
1411,0.0127182006836
1412,0.0
1413,0.0
1414,0.0
1415,5.18560409546e-06
1416,0.000607967376709
1417,0.00178909301758
1418,0.00317764282227
1419,0.00496292114258
1420,0.00637435913086
1421,0.0101013183594
1422,0.010871887207
1423,0.0114440917969
1424,0.0105133056641
1425,0.0111999511719
1426,0.0154037475586
1427,0.0157318115234
1428,0.0
1429,0.0
1430,0.0
1431,1.13248825073e-06
1432,0.000138163566589
1433,0.00117683410645
1434,0.00164890289307
1435,0.00382804870605
1436,0.00674057006836
1437,0.0081787109375
1438,0.00740432739258
1439,0.00990295410156
1440,0.0114059448242
1441,0.0116500854492
1442,0.0133056640625
1443,0.0145950317383
1444,0.0
1445,0.0
1446,0.0
1447,5.18560409546e-06
1448,0.00019907951355
1449,0.000677585601807
1450,0.00244522094727
1451,0.00323295593262
1452,0.00414276123047
1453,0.00460815429688
1454,0.00498962402344
1455,0.00916290283203
1456,0.0120010375977
1457,0.0130996704102
1458,0.0152816772461
1459,0.0158386230469
1460,0.0
1461,0.0
1462,0.0
1463,5.67436218262e-05
1464,0.00092077255249
1465,0.00223731994629
1466,0.00266265869141
1467,0.0031795501709
1468,0.00393295288086
1469,0.00639343261719
1470,0.00789642333984
1471,0.00808715820312
1472,0.00995635986328
1473,0.0113296508789
1474,0.0135955810547
1475,0.0160827636719
1476,0.0
1477,0.0
1478,0.0
1479,0.000213980674744
1480,8.88705253601e-05
1481,0.0010929107666
1482,0.00193786621094
1483,0.00282669067383
1484,0.00410079956055
1485,0.00705337524414
1486,0.00888061523438
1487,0.00929260253906
1488,0.011344909668
1489,0.0125350952148
1490,0.0125350952148
1491,0.0159912109375
1492,0.0
1493,0.0
1494,0.0
1495,8.48174095154e-05
1496,0.000290393829346
1497,0.00139236450195
1498,0.00304412841797
1499,0.00373268127441
1500,0.00668334960938
1501,0.00639724731445
1502,0.00906372070312
1503,0.00895690917969
1504,0.0127334594727
1505,0.0157012939453
1506,0.0144424438477
1507,0.0159301757812
1508,0.0
1509,0.0
1510,0.0
1511,4.73260879517e-05
1512,0.000298023223877
1513,0.00150203704834
1514,0.00305557250977
1515,0.00575637817383
1516,0.00611877441406
1517,0.00664901733398
1518,0.00658416748047
1519,0.00872802734375
1520,0.0106658935547
1521,0.0110397338867
1522,0.0144577026367
1523,0.0158996582031
1524,0.0
1525,0.0
1526,0.0
1527,5.96046447754e-07
1528,0.000343561172485
1529,0.000960826873779
1530,0.0013484954834
1531,0.0025749206543
1532,0.00406646728516
1533,0.00464630126953
1534,0.00578689575195
1535,0.00960540771484
1536,0.0103912353516
1537,0.0129470825195
1538,0.0161590576172
1539,0.0178985595703
1540,0.0
1541,0.0
1542,0.0
1543,1.72853469849e-06
1544,8.94665718079e-05
1545,0.000633239746094
1546,0.00222587585449
1547,0.00411987304688
1548,0.00566101074219
1549,0.00701904296875
1550,0.0102233886719
1551,0.0109176635742
1552,0.011848449707
1553,0.0147933959961
1554,0.0151596069336
1555,0.0154571533203
1556,0.0
1557,0.0
1558,0.0
1559,2.32458114624e-06
1560,0.000232577323914
1561,0.000739097595215
1562,0.00175285339355
1563,0.00343704223633
38319,0.0149841308594
38320,0.0165863037109
38322,0.0180969238281
38323,0.0179748535156
38324,0.0
38325,0.0
38326,0.0
38327,4.2736530304e-05
38328,0.0003821849823
38329,0.00154399871826
38330,0.0023193359375
38331,0.00407791137695
38332,0.00620269775391
38333,0.00868225097656
38334,0.0103530883789
38335,0.0107421875
38336,0.0127105712891
38337,0.0143661499023
38338,0.017822265625
38339,0.0202026367188
38340,0.0
38341,0.0
38342,0.0
38343,8.6784362793e-05
38344,0.000723838806152
38345,0.00138187408447
38346,0.00271797180176
38347,0.00400543212891
38348,0.00524520874023
38349,0.00718688964844
38350,0.00929260253906
38351,0.0102691650391
38352,0.0118179321289
38353,0.0143051147461
38354,0.0186920166016
38355,0.02001953125
38356,0.0
38357,0.0
38358,0.0
38359,6.91413879395e-06
38360,0.000248670578003
38361,0.00105381011963
38362,0.00263977050781
38363,0.00363540649414
38364,0.00620269775391
38365,0.0073127746582
38366,0.00931549072266
38367,0.0111312866211
38368,0.0126571655273
38369,0.0156402587891
38370,0.0187530517578
38371,0.0179138183594
38372,0.0
38373,0.0
38374,0.0
38375,0.000101804733276
38376,0.000679492950439
38377,0.00132846832275
38378,0.00262069702148
38379,0.00361633300781
38380,0.00510406494141
38381,0.00662994384766
38382,0.00852966308594
38383,0.0111541748047
38384,0.0123443603516
38385,0.0157775878906
38386,0.0184020996094
38387,0.0185089111328
38388,0.0
38389,0.0
38390,0.0
38391,4.32729721069e-05
38392,0.000710964202881
38393,0.00168704986572
38394,0.00297164916992
38395,0.00479507446289
38396,0.00582885742188
38397,0.00659942626953
38398,0.00944519042969
38399,0.0125198364258
38400,0.0131759643555
38401,0.0146408081055
38402,0.0171661376953
38403,0.0209503173828
38404,0.0
38405,0.0
38406,0.0
38407,3.15308570862e-05
38408,0.000802993774414
38409,0.00143527984619
38410,0.00236320495605
38411,0.00523376464844
38412,0.00761795043945
38413,0.00957489013672
38414,0.012321472168
38415,0.0144424438477
38416,0.0159454345703
38417,0.0164947509766
38418,0.0169982910156
38419,0.0189819335938
38420,0.0
38421,0.0
38422,0.0
38423,4.21404838562e-05
38424,0.000746726989746
38425,0.00124359130859
38426,0.00139141082764
38427,0.00375366210938
38428,0.00627136230469
38429,0.00813293457031
38430,0.0108642578125
38431,0.0115280151367
38432,0.0150833129883
38433,0.0174102783203
38434,0.0195007324219
38435,0.0214538574219
38436,0.0
38437,0.0
38438,0.0
38439,2.38418579102e-05
38440,0.000204682350159
38441,0.00102615356445
38442,0.00269317626953
38443,0.00357627868652
38444,0.00685882568359
38445,0.00912475585938
38446,0.00979614257812
38447,0.0124740600586
38448,0.0166168212891
38449,0.0199584960938
38450,0.0192413330078
38451,0.0214385986328
38452,0.0
38453,0.0
38454,0.0
38455,4.73260879517e-05
38456,0.000239014625549
38457,0.00114631652832
38458,0.00228500366211
38459,0.00378799438477
38460,0.00588226318359
38461,0.00738143920898
38462,0.00920104980469
38463,0.0100402832031
38464,0.0138702392578
38465,0.0149002075195
38466,0.0175628662109
38467,0.0189208984375
38468,0.0
38469,0.0
38470,0.0
38471,0.000137209892273
38472,0.000511646270752
38473,0.00106334686279
38474,0.00283432006836
38475,0.00605392456055
38476,0.00812530517578
38477,0.00945281982422
38478,0.0112228393555
38479,0.0112762451172
38480,0.0119705200195
38481,0.0144805908203
38482,0.0172119140625
38483,0.0193634033203
38484,0.0
38485,0.0
38486,0.0
38487,5.78165054321e-06
38488,0.000553131103516
38489,0.00062084197998
38490,0.0016040802002
38491,0.00318336486816
38492,0.00518798828125
38493,0.00591278076172
38494,0.008056640625
38495,0.010498046875
38496,0.0126342773438
38497,0.0179443359375
38498,0.0201110839844
38499,0.0195922851562
38500,0.0
38501,0.0
38502,0.0
38503,1.34706497192e-05
38504,0.000764846801758
38505,0.00130558013916
38506,0.00284385681152
38507,0.00371360778809
38508,0.00609970092773
38509,0.00741958618164
38510,0.00966644287109
38511,0.0107192993164
38512,0.0122451782227
38513,0.0150527954102
38514,0.0169982910156
38515,0.0175628662109
38516,0.0
38517,0.0
38518,0.0
38519,1.460313797e-05
38520,0.00105381011963
38521,0.0025463104248
38522,0.00350379943848
38523,0.00498962402344
38524,0.00683975219727
38525,0.00926971435547
38526,0.0114517211914
38527,0.0139007568359
38528,0.0158996582031
38529,0.0164337158203
38530,0.0173034667969
38531,0.0195007324219
38532,0.0
38533,0.0
38534,0.0
38535,2.63452529907e-05
38536,0.000646114349365
38537,0.00156688690186
38538,0.00207710266113
38539,0.00406646728516
38540,0.007080078125
38541,0.00783538818359
38542,0.00924682617188
38543,0.0104141235352
38544,0.0134887695312
38545,0.0166320800781
38546,0.0200958251953
38547,0.0237121582031
38548,0.0
38549,0.0
38550,0.0
38551,2.69412994385e-05
38552,0.000485897064209
38553,0.00140762329102
38554,0.00247383117676
38555,0.00418853759766
38556,0.00647735595703
38557,0.00753784179688
38558,0.0112609863281
38559,0.0126190185547
38560,0.0155868530273
38561,0.0167083740234
38562,0.0169067382812
38563,0.0204925537109
38564,0.0
38565,0.0
38566,0.0
38567,6.37769699097e-06
38568,0.000119090080261
38569,0.000690937042236
38570,0.00185298919678
38571,0.00391006469727
38572,0.00527191162109
38573,0.00798034667969
38574,0.00849151611328
38575,0.0114440917969
38576,0.0147018432617
38577,0.0180358886719
38578,0.0195159912109
38579,0.0200958251953
38580,0.0
38581,0.0
38582,0.0
38583,1.13248825073e-06
38584,0.000331401824951
38585,0.000914573669434
38586,0.00173854827881
38587,0.00423812866211
38588,0.00586700439453
38589,0.00839233398438
38590,0.00989532470703
38591,0.0130233764648
38592,0.0140914916992
38593,0.0170440673828
38594,0.0196990966797
38595,0.0203094482422
38596,0.0
38597,0.0
38598,0.0
38599,7.62343406677e-05
38600,0.000635623931885
38601,0.00104522705078
38602,0.00259017944336
38603,0.00394439697266
38604,0.00561904907227
38605,0.00760650634766
38606,0.00894165039062
38607,0.0112686157227
38608,0.0140380859375
38609,0.0151214599609
38610,0.0168609619141
38611,0.01904296875
38612,0.0
38613,0.0
38614,0.0
38615,1.460313797e-05
38616,0.000104248523712
38617,0.000902652740479
38618,0.00236701965332
38619,0.00397109985352
38620,0.00520324707031
38621,0.00675201416016
38622,0.00959777832031
38623,0.0101852416992
38624,0.0114822387695
38625,0.0135650634766
38626,0.0161437988281
38627,0.0216827392578
38628,0.0
38629,0.0
38630,0.0
38631,5.96046447754e-07
38632,6.46710395813e-05
38633,0.000705718994141
38634,0.0017671585083
38635,0.0030345916748
38636,0.00430297851562
38637,0.00617980957031
38638,0.00860595703125
38639,0.0113754272461
38640,0.0140151977539
38641,0.0159606933594
38642,0.0164184570312
38643,0.0184173583984
38644,0.0
38645,0.0
38646,0.0
38647,2.46167182922e-05
38648,0.00046968460083
38649,0.000986099243164
38650,0.00212669372559
38651,0.00457382202148
38652,0.00476837158203
38653,0.00482559204102
38654,0.00832366943359
38655,0.011833190918
38656,0.0120391845703
38657,0.0141983032227
38658,0.0165863037109
38659,0.0191192626953
38660,0.0
38661,0.0
38662,0.0
38663,0.000126361846924
38664,0.000253200531006
38665,0.00136280059814
38666,0.0034351348877
38667,0.00436782836914
38668,0.00686264038086
38669,0.00784301757812
38670,0.00894165039062
38671,0.0109786987305
38672,0.0128860473633
38673,0.0159912109375
38674,0.0167846679688
38675,0.0190734863281
38676,0.0
38677,0.0
38678,0.0
38679,7.5101852417e-06
38680,0.000782489776611
38681,0.00183296203613
38682,0.0031623840332
38683,0.0041389465332
38684,0.00564956665039
38685,0.0106201171875
38686,0.010498046875
38687,0.0114974975586
38688,0.0133972167969
38689,0.015510559082
38690,0.0158843994141
38691,0.0193023681641
38692,0.0
38693,0.0
38694,0.0
38695,2.32458114624e-06
38696,0.000125765800476
38697,0.000579833984375
38698,0.00186538696289
38699,0.0027904510498
38700,0.0045280456543
38701,0.00559616088867
38702,0.00924682617188
38703,0.0102233886719
38704,0.0127410888672
38705,0.0143737792969
38706,0.0177917480469
38707,0.0184478759766
38708,0.0
38709,0.0
38710,0.0
38711,1.80602073669e-05
38712,0.00047755241394
38713,0.000929355621338
38714,0.00208854675293
38715,0.00287246704102
38716,0.00582504272461
38717,0.00846862792969
38718,0.0104904174805
38719,0.0130386352539
38720,0.0145721435547
38721,0.0149459838867
38722,0.0179138183594
38723,0.020263671875
38724,0.0
38725,0.0
38726,0.0
38727,5.44786453247e-05
38728,0.000298023223877
38729,0.00133419036865
38730,0.00252914428711
38731,0.00436782836914
38732,0.00655746459961
38733,0.00745391845703
38734,0.00965881347656
38735,0.010383605957
38736,0.0121994018555
38737,0.0149307250977
38738,0.0179901123047
38739,0.0222473144531
38740,0.0
38741,0.0
38742,0.0
38743,0.000138163566589
38744,0.000596046447754
38745,0.00229835510254
38746,0.00373268127441
38747,0.0063362121582
38748,0.00761795043945
38749,0.00978851318359
38750,0.0108032226562
38751,0.0115509033203
38752,0.0138626098633
38753,0.0154876708984
38754,0.0170135498047
38755,0.0182495117188
38756,0.0
38757,0.0
38758,0.0
38759,7.50422477722e-05
38760,0.000219345092773
38761,0.000740051269531
38762,0.00226211547852
38763,0.00314712524414
38764,0.00630950927734
38765,0.00807189941406
38766,0.00949859619141
38767,0.0126953125
38768,0.0142517089844
38769,0.01611328125
38770,0.0184173583984
38771,0.0222320556641
38772,0.0
38773,0.0
38774,0.0
38775,1.13248825073e-06
38776,0.000163197517395
38777,0.00110149383545
38778,0.00332450866699
38779,0.00419235229492
38780,0.00693130493164
38781,0.00940704345703
38782,0.0111312866211
38783,0.013298034668
38784,0.0154342651367
38785,0.0157623291016
38786,0.0185699462891
38787,0.0214691162109
38788,0.0
38789,0.0
38790,0.0
38791,0.000184893608093
38792,0.000382661819458
38793,0.00113487243652
38794,0.00266456604004
38795,0.00435638427734
38796,0.0064811706543
38797,0.00823211669922
38798,0.011474609375
38799,0.0139236450195
38800,0.0148468017578
38801,0.0169525146484
38802,0.01708984375
38803,0.0204925537109
38804,0.0
38805,0.0
38806,0.0
38807,5.96046447754e-07
38808,0.000990867614746
38809,0.00180339813232
38810,0.00292778015137
38811,0.00560760498047
38812,0.0079345703125
38813,0.00941467285156
38814,0.01123046875
38815,0.0123443603516
38816,0.0135192871094
38817,0.0166778564453
38818,0.0191650390625
38819,0.0218048095703
38820,0.0
38821,0.0
38822,0.0
38823,0.000109493732452
38824,0.000303983688354
38825,0.00121974945068
38826,0.00262641906738
38827,0.00369071960449
38828,0.00466537475586
38829,0.00672149658203
38830,0.00861358642578
38831,0.0134582519531
38832,0.0139083862305
38833,0.0169677734375
38834,0.0166015625
38835,0.0195770263672
38836,0.0
38837,0.0
38838,0.0
38839,4.38690185547e-05
38840,0.000280857086182
38841,0.00148296356201
38842,0.00207901000977
38843,0.00270843505859
38844,0.00608444213867
38845,0.0067024230957
38846,0.00987243652344
38847,0.0102615356445
38848,0.0111999511719
38849,0.0155487060547
38850,0.0149765014648
38851,0.0191650390625
38852,0.0
38853,0.0
38854,0.0
38855,1.51991844177e-05
38856,0.000595569610596
38857,0.00160503387451
38858,0.00312232971191
38859,0.00424575805664
38860,0.00679397583008
38861,0.00786590576172
38862,0.00886535644531
38863,0.00913238525391
38864,0.0129241943359
38865,0.0134582519531
38866,0.0161895751953
38867,0.0189056396484
38868,0.0
38869,0.0
38870,0.0
38871,3.80873680115e-05
38872,0.000625610351562
38873,0.00149822235107
38874,0.0031909942627
38875,0.00406646728516
38876,0.00537872314453
38877,0.00758743286133
38878,0.00928497314453
38879,0.0119857788086
38880,0.0147171020508
38881,0.0152053833008
38882,0.0166320800781
38883,0.0171051025391
38884,0.0
38885,0.0
38886,0.0
38887,1.34706497192e-05
38888,0.000511646270752
38889,0.000669956207275
38890,0.00159549713135
38891,0.00436019897461
38892,0.00518417358398
38893,0.00836181640625
38894,0.0105667114258
38895,0.0123825073242
38896,0.0130920410156
38897,0.018798828125
38898,0.0183563232422
38899,0.0202178955078
38900,0.0
38901,0.0
38902,0.0
38903,7.96318054199e-05
38904,0.00068473815918
38905,0.00132465362549
38906,0.00289535522461
38907,0.00417709350586
38908,0.00661468505859
38909,0.00815582275391
38910,0.00982666015625
38911,0.0114517211914
38912,0.0141906738281
38913,0.0143890380859
38914,0.0165252685547
38915,0.0182037353516
38916,0.0
38917,0.0
38918,0.0
38919,8.42809677124e-05
38920,0.000416994094849
38921,0.000543117523193
38922,0.00190734863281
38923,0.00372123718262
38924,0.00470352172852
38925,0.00591278076172
38926,0.009765625
38927,0.0103225708008
38928,0.0123138427734
38929,0.0168609619141
38930,0.0174713134766
38931,0.0199737548828
38932,0.0
38933,0.0
38934,0.0
38935,4.32729721069e-05
38936,0.000419855117798
38937,0.00111961364746
38938,0.00292205810547
38939,0.00430297851562
38940,0.0059928894043
38941,0.00809478759766
38942,0.0104598999023
38943,0.0119094848633
38944,0.0144805908203
38945,0.0152435302734
38946,0.0195770263672
38947,0.0211486816406
38948,0.0
38949,0.0
38950,0.0
38951,3.21269035339e-05
38952,0.000393152236938
38953,0.00214958190918
38954,0.00385475158691
38955,0.00556945800781
38956,0.00660705566406
38957,0.0086669921875
38958,0.00984191894531
38959,0.0113525390625
38960,0.0134506225586
38961,0.0168609619141
38962,0.0182342529297
38963,0.0211791992188
38964,0.0
38965,0.0
38966,0.0
38967,6.84857368469e-05
38968,0.000748157501221
38969,0.0014820098877
38970,0.00243949890137
38971,0.00475311279297
38972,0.00569915771484
38973,0.00824737548828
38974,0.0106811523438
38975,0.0127029418945
38976,0.0144500732422
38977,0.0165710449219
38978,0.0172271728516
38979,0.0175323486328
38980,0.0
38981,0.0
38982,0.0
38983,1.86562538147e-05
38984,0.000454425811768
38985,0.000921249389648
38986,0.00278663635254
38987,0.0040168762207
38988,0.00533676147461
38989,0.00756072998047
38990,0.00856018066406
38991,0.0107345581055
38992,0.0137634277344
38993,0.0146331787109
38994,0.0178375244141
38995,0.0218811035156
38996,0.0
38997,0.0
38998,0.0
38999,1.13248825073e-06
39000,0.000306606292725
39001,0.00132656097412
39002,0.00212669372559
39003,0.0037727355957
39004,0.00491333007812
39005,0.00752639770508
39006,0.00977325439453
39007,0.0123748779297
39008,0.0140151977539
39009,0.0163269042969
39010,0.0185546875
39011,0.0213012695312
39012,0.0
39013,0.0
39014,0.0
39015,1.72853469849e-06
39016,0.000202298164368
39017,0.00151824951172
39018,0.0025691986084
39019,0.00394439697266
39020,0.00688552856445
39021,0.00923919677734
39022,0.0106506347656
39023,0.0137176513672
39024,0.0147323608398
39025,0.0151672363281
39026,0.0191192626953
39027,0.0209197998047
39028,0.0
39029,0.0
39030,0.0
39031,5.73396682739e-05
39032,0.000535488128662
39033,0.00141048431396
39034,0.00271987915039
39035,0.00500106811523
39036,0.00653839111328
39037,0.0069694519043
39038,0.00994110107422
39039,0.0129318237305
39040,0.0127716064453
39041,0.0143051147461
39042,0.0173492431641
39043,0.0205535888672
39044,0.0
39045,0.0
39046,0.0
39047,5.44786453247e-05
39048,0.000157356262207
39049,0.00125312805176
39050,0.00271415710449
39051,0.00448989868164
39052,0.00686645507812
39053,0.00938415527344
39054,0.010627746582
39055,0.0116195678711
39056,0.0140914916992
39057,0.0160980224609
39058,0.0183410644531
39059,0.0197296142578
39060,0.0
39061,0.0
39062,0.0
39063,1.13248825073e-06
39064,0.000319480895996
39065,0.000757217407227
39066,0.00173091888428
39067,0.0034122467041
39068,0.00646591186523
39069,0.00916290283203
39070,0.00959014892578
39071,0.01123046875
39072,0.0132293701172
39073,0.0168304443359
39074,0.0182800292969
39075,0.0183563232422
39076,0.0
39077,0.0
39078,0.0
39079,5.18560409546e-06
39080,0.000673294067383
39081,0.0020580291748
39082,0.00315284729004
39083,0.00497055053711
39084,0.00699615478516
39085,0.00883483886719
39086,0.0104751586914
39087,0.0146865844727
39088,0.0140380859375
39089,0.0160827636719
39090,0.02001953125
39091,0.0205535888672
39092,0.0
39093,0.0
39094,0.0
39095,0.0
39096,0.000536918640137
39097,0.00134754180908
39098,0.00248146057129
39099,0.00394058227539
39100,0.00788879394531
39101,0.0078125
39102,0.0084228515625
39104,0.011360168457
39105,0.015007019043
39106,0.0184783935547
39107,0.0191497802734
39108,0.0205230712891
39109,0.0
39110,0.0
39111,0.0
39112,5.94258308411e-05
39113,0.000453948974609
39114,0.00109195709229
39115,0.00309181213379
39116,0.00469207763672
39117,0.00650024414062
39118,0.00888824462891
39119,0.0112075805664
39120,0.0130386352539
39121,0.0150833129883
39122,0.0174560546875
39123,0.0169067382812
39124,0.0198974609375
39125,0.0
39126,0.0
39127,0.0
39128,8.54134559631e-05
39129,0.000365972518921
39130,0.00152206420898
39131,0.00345039367676
39132,0.00459671020508
39133,0.00640487670898
39134,0.00867462158203
39135,0.0111618041992
39136,0.013801574707
39137,0.0166778564453
39138,0.0166625976562
39139,0.0200042724609
39140,0.0201110839844
39141,0.0
39142,0.0
39143,0.0
39144,7.96318054199e-05
39145,0.000293970108032
39146,0.00156688690186
39147,0.00249099731445
39148,0.00345802307129
39149,0.00519561767578
39150,0.00726699829102
39151,0.0098876953125
39152,0.0114212036133
39153,0.0133666992188
39154,0.0155944824219
39155,0.0153884887695
39156,0.0187225341797
39157,0.0
39158,0.0
39159,0.0
39160,1.28746032715e-05
39161,4.81009483337e-05
39162,0.000854969024658
39163,0.00248718261719
39164,0.00408172607422
39165,0.00685501098633
39166,0.00952911376953
39167,0.0103607177734
39168,0.010871887207
39169,0.0156021118164
39170,0.019775390625
39171,0.0216522216797
39172,0.0235900878906
39173,0.0
39174,0.0
39175,0.0
39176,2.521276474e-05
39177,0.000518798828125
39178,0.00182151794434
39179,0.0028133392334
39180,0.00411605834961
39181,0.0059700012207
39182,0.0081787109375
39183,0.00955200195312
39184,0.011360168457
39185,0.0125122070312
39186,0.0145492553711
39187,0.0160064697266
39188,0.0181274414062
39189,0.0
39190,0.0
39191,0.0
39192,2.521276474e-05
39193,0.000211596488953
39194,0.00146102905273
39195,0.00265884399414
39196,0.00403213500977
39197,0.00578308105469
39198,0.00667953491211
39199,0.0101165771484
39200,0.0132675170898
39201,0.0175476074219
39202,0.0182495117188
39203,0.0211944580078
39204,0.0225524902344
39205,0.0
39206,0.0
39207,0.0
39208,1.80602073669e-05
39209,0.00113487243652
39210,0.00168037414551
39211,0.00211143493652
39212,0.00373268127441
39213,0.00528717041016
39214,0.00708770751953
39215,0.00933837890625
39216,0.0109481811523
39217,0.0135650634766
39218,0.0182952880859
39219,0.0162658691406
39220,0.0205078125
39221,0.0
39222,0.0
39223,0.0
39224,6.37769699097e-06
39225,0.000253677368164
39226,0.00120544433594
39227,0.00212669372559
39228,0.00358963012695
39229,0.00678253173828
39230,0.00894165039062
39231,0.0109405517578
39232,0.0119171142578
39233,0.0140380859375
39234,0.0151977539062
39235,0.0173187255859
39236,0.0175933837891
39237,0.0
39238,0.0
39239,0.0
39240,1.13248825073e-06
39241,0.000109255313873
39242,0.000879764556885
39243,0.00210571289062
39244,0.00389289855957
39245,0.00625228881836
39246,0.00748062133789
39247,0.00916290283203
39248,0.0100402832031
39249,0.0138320922852
39250,0.0153961181641
39251,0.0174407958984
39252,0.0187377929688
39253,0.0
39254,0.0
39255,0.0
39256,2.521276474e-05
39257,0.000250339508057
39258,0.000986099243164
39259,0.00203895568848
39260,0.00344276428223
39261,0.00437927246094
39262,0.00837707519531
39263,0.0102615356445
39264,0.0118026733398
39265,0.0147094726562
39266,0.0166931152344
39267,0.0185852050781
39268,0.0184173583984
39269,0.0
39270,0.0
39271,0.0
39272,4.50015068054e-05
39273,0.000524520874023
39274,0.000538349151611
39275,0.00228309631348
39276,0.00407028198242
39277,0.00664520263672
39278,0.00687026977539
39279,0.0113143920898
39280,0.013801574707
39281,0.0155715942383
39282,0.0174560546875
39283,0.0188140869141
39284,0.0232238769531
39285,0.0
39286,0.0
39287,0.0
39288,4.32729721069e-05
39289,0.000220060348511
39290,0.000916957855225
39291,0.00236892700195
39292,0.00409698486328
39293,0.00553894042969
39294,0.00674438476562
39295,0.00836944580078
39296,0.0108108520508
39297,0.0121307373047
39298,0.0138702392578
39299,0.0163726806641
39300,0.0190734863281
39301,0.0
39302,0.0
39303,0.0
39304,5.96046447754e-07
39305,0.000229120254517
39306,0.00204849243164
39307,0.00352096557617
39308,0.00403213500977
39309,0.00576782226562
39310,0.00699615478516
39311,0.0103149414062
39312,0.0110778808594
39313,0.0149230957031
39314,0.0160217285156
39315,0.0177612304688
39316,0.0200805664062
39317,0.0
39318,0.0
39319,0.0
39320,3.03983688354e-05
39321,0.000344038009644
39322,0.00138187408447
39323,0.00259208679199
39324,0.00401306152344
39325,0.0055046081543
39326,0.00803375244141
39327,0.0111923217773
39328,0.0128402709961
39329,0.0139389038086
39330,0.0152740478516
39331,0.0177917480469
39332,0.0187072753906
39333,0.0
39334,0.0
39335,0.0
39336,1.13248825073e-06
39337,0.000314474105835
39338,0.000718593597412
39339,0.00303077697754
39340,0.00429534912109
39341,0.00677490234375
39342,0.00897216796875
39343,0.0096435546875
39344,0.0130386352539
39345,0.0148620605469
39346,0.0175628662109
39347,0.0183410644531
39348,0.0204772949219
39349,0.0
39350,0.0
39351,0.0
39352,3.09944152832e-05
39353,0.000361204147339
39354,0.00145816802979
39355,0.00289726257324
39356,0.00380706787109
39357,0.00506210327148
39358,0.00717544555664
39359,0.00855255126953
39360,0.010498046875
39361,0.0133590698242
39362,0.014518737793
39363,0.0176391601562
39364,0.0181732177734
39365,0.0
39366,0.0
39367,0.0
39368,1.4066696167e-05
39369,0.000578880310059
39370,0.00202178955078
39371,0.00304794311523
39372,0.00520706176758
39373,0.00748062133789
39374,0.00776672363281
39375,0.00852203369141
39376,0.0118103027344
39377,0.0146484375
39378,0.0149688720703
39379,0.0167236328125
39380,0.0198516845703
39381,0.0
39382,0.0
39383,0.0
39384,2.521276474e-05
39385,0.000361919403076
39386,0.00191593170166
39387,0.00346565246582
39388,0.00637435913086
39389,0.00836181640625
39390,0.00988006591797
39391,0.0121078491211
39392,0.0149688720703
39393,0.0158996582031
39394,0.0171966552734
39395,0.0189819335938
39396,0.0206298828125
39397,0.0
39398,0.0
39399,0.0
39400,1.34706497192e-05
39401,0.000279426574707
39402,0.00107669830322
39403,0.00294303894043
39404,0.00480651855469
39405,0.00664138793945
39406,0.00707244873047
39407,0.00811767578125
39408,0.0108261108398
39409,0.0134506225586
39410,0.0158233642578
39411,0.0173187255859
39412,0.0205535888672
39413,0.0
39414,0.0
39415,0.0
39416,1.4066696167e-05
39417,0.000498294830322
39418,0.0013370513916
39419,0.00263786315918
39420,0.00456237792969
39421,0.00588607788086
39422,0.00865173339844
39423,0.0116424560547
39424,0.0131378173828
39425,0.0157470703125
39426,0.0171966552734
39427,0.0174865722656
39428,0.0190887451172
39429,0.0
39430,0.0
39431,0.0
39432,1.13248825073e-06
39433,0.000119090080261
39434,0.00103855133057
39435,0.00165939331055
39436,0.00306510925293
39437,0.0051383972168
39438,0.0081787109375
39439,0.0106735229492
39440,0.0123977661133
39441,0.0135955810547
39442,0.0165405273438
39443,0.0176696777344
39444,0.0186920166016
39445,0.0
39446,0.0
39447,0.0
39448,1.80602073669e-05
39449,0.000651836395264
39450,0.00182247161865
39451,0.0034294128418
39452,0.00392532348633
39453,0.00545501708984
39454,0.00811004638672
39455,0.00923156738281
39456,0.0124740600586
39457,0.014778137207
39458,0.0174560546875
39459,0.0208740234375
39460,0.022216796875
39461,0.0
39462,0.0
39463,0.0
39464,0.00017774105072
39465,0.000278234481812
39466,0.00083065032959
39467,0.00169086456299
39468,0.00359535217285
39469,0.0067024230957
39470,0.00642395019531
39471,0.00975799560547
39472,0.0113067626953
39473,0.0149459838867
39474,0.0153579711914
39475,0.0164337158203
39476,0.0203704833984
39477,0.0
39478,0.0
39479,0.0
39480,5.78165054321e-06
39481,0.000320911407471
39482,0.000792503356934
39483,0.00221061706543
39484,0.00344848632812
39485,0.00559616088867
39486,0.00712966918945
39487,0.0109100341797
39488,0.0125427246094
39489,0.0137557983398
39490,0.0158233642578
39491,0.0193634033203
39492,0.0193481445312
39493,0.0
39494,0.0
39495,0.0
39496,5.042552948e-05
39497,0.000150442123413
39498,0.000737190246582
39499,0.00220680236816
39500,0.0026912689209
39501,0.00515747070312
39502,0.00784301757812
39503,0.00904846191406
39504,0.0121688842773
39505,0.0145416259766
39506,0.0143203735352
39507,0.0167541503906
39508,0.0198059082031
39509,0.0
39510,0.0
39511,0.0
39512,5.96046447754e-07
39513,0.000364542007446
39514,0.00113296508789
39515,0.0021858215332
39516,0.00457382202148
39517,0.0069694519043
39518,0.0103454589844
39519,0.0117263793945
39520,0.014533996582
39521,0.0160827636719
39522,0.0198516845703
39523,0.0210113525391
39524,0.0233154296875
39525,0.0
39526,0.0
39527,0.0
39528,3.86834144592e-05
39529,0.000435590744019
39530,0.000912666320801
39531,0.0023078918457
39532,0.00370597839355
39533,0.00625610351562
39534,0.00946044921875
39535,0.0102615356445
39536,0.0128784179688
39537,0.0149993896484
39538,0.0167694091797
39539,0.0176239013672
39540,0.0202178955078
39541,0.0
39542,0.0
39543,0.0
39544,8.94665718079e-05
39545,8.90493392944e-05
39546,0.000871658325195
39547,0.0023078918457
39548,0.00459289550781
39549,0.00646209716797
39550,0.00860595703125
39551,0.00938415527344
39552,0.0117645263672
39553,0.0134658813477
39554,0.0170135498047
39555,0.0171203613281
39556,0.0192260742188
39557,0.0
39558,0.0
39559,0.0
39560,0.000208377838135
39561,0.000512599945068
39562,0.000862598419189
39563,0.0028247833252
39564,0.0046501159668
39565,0.00642013549805
39566,0.00645446777344
39567,0.00941467285156
39568,0.0109481811523
39569,0.0139236450195
39570,0.0162200927734
39571,0.017578125
39572,0.0188598632812
39573,0.0
39574,0.0
39575,0.0
39576,5.96046447754e-07
39577,0.000602245330811
39578,0.00100517272949
39579,0.00246429443359
39580,0.00380325317383
39581,0.00528717041016
39582,0.00635528564453
39583,0.00798797607422
39584,0.00997161865234
39585,0.0127944946289
39586,0.0159454345703
39587,0.0154342651367
39588,0.0189056396484
39589,0.0
39590,0.0
39591,0.0
39592,1.23381614685e-05
39593,0.000222444534302
39594,0.00123405456543
39595,0.00230026245117
39596,0.00426483154297
39597,0.00569152832031
39598,0.00914001464844
39599,0.0116195678711
39600,0.0135498046875
39601,0.0174713134766
39602,0.0170745849609
39603,0.0176696777344
39604,0.0177917480469
39605,0.0
39606,0.0
39607,0.0
39608,3.61800193787e-05
39609,0.000460147857666
39610,0.00159072875977
39611,0.00288581848145
39612,0.00494766235352
39613,0.00826263427734
39614,0.00991058349609
39615,0.0103988647461
39616,0.0138854980469
39617,0.0155563354492
39618,0.0172576904297
39619,0.0203704833984
39620,0.0217132568359
39621,0.0
39622,0.0
39623,0.0
39624,1.13248825073e-06
39625,0.000124335289001
39626,0.00154781341553
39627,0.00410079956055
39628,0.00546646118164
39629,0.00736999511719
39630,0.0104293823242
39631,0.0115814208984
39632,0.0138092041016
39633,0.0166778564453
39634,0.0170593261719
39635,0.0175018310547
39636,0.0195770263672
39637,0.0
39638,0.0
39639,0.0
39640,1.34706497192e-05
39641,0.000529766082764
39642,0.00121688842773
39643,0.00250244140625
39644,0.0051155090332
39645,0.00680541992188
39646,0.00859069824219
39647,0.0122146606445
39648,0.0147705078125
39649,0.0159301757812
39650,0.0155792236328
39651,0.0175323486328
39652,0.0207824707031
39653,0.0
39654,0.0
39655,0.0
39656,3.9279460907e-05
39657,0.000789165496826
39658,0.00130558013916
39659,0.00227165222168
39660,0.00240707397461
39661,0.00545501708984
39662,0.00740432739258
39663,0.00904083251953
39664,0.0113983154297
39665,0.0143356323242
39666,0.0169830322266
39667,0.0169830322266
39668,0.0207672119141
39669,0.0
39670,0.0
39671,0.0
39672,9.71555709839e-05
39673,0.000672340393066
39674,0.00159358978271
39675,0.00325393676758
39676,0.00442123413086
39677,0.00709533691406
39678,0.00872802734375
39679,0.00997161865234
39680,0.0122985839844
39681,0.0136337280273
39682,0.0140075683594
39683,0.0184478759766
39684,0.0223693847656
39685,0.0
39686,0.0
39687,0.0
39688,6.50882720947e-05
39689,0.000195503234863
39690,0.00107669830322
39691,0.00280380249023
39692,0.00420761108398
39693,0.00629425048828
39694,0.00870513916016
39695,0.0105895996094
39696,0.0119934082031
39697,0.0149536132812
39698,0.0164184570312
39699,0.0177001953125
39700,0.0195922851562
39701,0.0
39702,0.0
39703,0.0
39704,1.51991844177e-05
39705,0.000354766845703
39706,0.000758647918701
39707,0.00267601013184
39708,0.00431823730469
39709,0.00638198852539
39710,0.00686645507812
39711,0.00897979736328
39712,0.0110092163086
39713,0.0128173828125
39714,0.0163879394531
39715,0.0190734863281
39716,0.0204467773438
39717,0.0
39718,0.0
39719,0.0
39720,1.460313797e-05
39721,0.000237345695496
39722,0.000838279724121
39723,0.0024471282959
39724,0.00320053100586
39725,0.00581359863281
39726,0.00841522216797
39727,0.0121536254883
39728,0.0129928588867
39729,0.0136184692383
39730,0.015869140625
39731,0.0189971923828
39732,0.0213012695312
39733,0.0
39734,0.0
39735,0.0
39736,3.27229499817e-05
39737,0.000682353973389
39738,0.00165748596191
39739,0.00251960754395
39740,0.00361442565918
39741,0.00436401367188
39742,0.007080078125
39743,0.00826263427734
39744,0.00965881347656
39745,0.0121307373047
39746,0.0136871337891
39747,0.0174560546875
39748,0.0194091796875
39749,0.0
39750,0.0
39751,0.0
39752,3.80873680115e-05
39753,0.000629901885986
39754,0.00124549865723
39755,0.0032787322998
39756,0.00424575805664
39757,0.00509262084961
39758,0.00699234008789
39759,0.0105361938477
39760,0.0125122070312
39761,0.0137481689453
39762,0.0153274536133
39763,0.0173645019531
39764,0.0193328857422
39765,0.0
39766,0.0
39767,0.0
39768,1.03712081909e-05
39769,0.000490188598633
39770,0.00163078308105
39771,0.00229644775391
39772,0.00318908691406
39773,0.00417709350586
39774,0.00655746459961
39775,0.00916290283203
39776,0.0114364624023
39777,0.0131072998047
39778,0.0157012939453
39779,0.0186004638672
39780,0.0223846435547
39781,0.0
39782,0.0
39783,0.0
39784,5.10215759277e-05
39785,0.000174522399902
39786,0.00067663192749
39787,0.00189018249512
39788,0.00339126586914
39789,0.00580978393555
39790,0.00645446777344
39791,0.00778198242188
39792,0.00946807861328
39793,0.0120849609375
39794,0.0138702392578
39795,0.0167541503906
39796,0.0170135498047
39797,0.0
39798,0.0
39799,0.0
39800,5.62071800232e-05
39801,0.000265121459961
39802,0.00081205368042
39803,0.00282859802246
39804,0.00411987304688
39805,0.00601577758789
39806,0.00782012939453
39807,0.00981903076172
39808,0.0134582519531
39809,0.0143432617188
39810,0.0164184570312
39811,0.0177612304688
39812,0.0184783935547
39813,0.0
39814,0.0
39815,0.0
39816,1.72853469849e-06
39817,0.000468254089355
39818,0.00143146514893
39819,0.00262641906738
39820,0.00370025634766
39821,0.00464248657227
39822,0.00611877441406
39823,0.00917053222656
39824,0.00996398925781
39825,0.0124206542969
39826,0.0153961181641
39827,0.0173645019531
39828,0.0185852050781
39829,0.0
39830,0.0
39831,0.0
39832,1.34706497192e-05
39833,0.000458955764771
39834,0.0019359588623
39835,0.00300407409668
39836,0.00480270385742
39837,0.00558853149414
39838,0.00699996948242
39839,0.00885772705078
39840,0.0104141235352
39841,0.0129013061523
39842,0.013786315918
39843,0.0169525146484
39844,0.0212707519531
39845,0.0
39846,0.0
39847,0.0
39848,1.13248825073e-06
39849,0.000746726989746
39850,0.00149250030518
39851,0.00230598449707
39852,0.00448226928711
39853,0.00565719604492
39854,0.0057258605957
39855,0.00788879394531
39856,0.0112533569336
39857,0.0130767822266
39858,0.0140151977539
39859,0.0179138183594
39860,0.0195617675781
39861,0.0
39862,0.0
39863,0.0
39864,5.18560409546e-06
39865,0.000257968902588
39866,0.00153636932373
39867,0.00251197814941
39868,0.00442504882812
39869,0.00679397583008
39870,0.00682830810547
39871,0.0102081298828
39872,0.0129470825195
39873,0.0159301757812
39874,0.0169677734375
39875,0.0172119140625
39876,0.0181884765625
39877,0.0
39878,0.0
39879,0.0
39880,4.21404838562e-05
39881,0.000547885894775
76637,0.00946807861328
76638,0.01171875
76640,0.0160064697266
76641,0.0167541503906
76642,0.0175476074219
76643,0.0199584960938
76644,0.0217437744141
76645,0.0
76646,0.0
76647,0.0
76648,8.10623168945e-06
76649,0.000148177146912
76650,0.00098705291748
76651,0.00224685668945
76652,0.00262260437012
76653,0.00579833984375
76654,0.00783538818359
76655,0.00938415527344
76656,0.0133514404297
76657,0.0161895751953
76658,0.0174560546875
76659,0.0203704833984
76660,0.0210876464844
76661,0.0
76662,0.0
76663,0.0
76664,8.94665718079e-05
76665,0.00030255317688
76666,0.000712394714355
76667,0.00240516662598
76668,0.00508499145508
76669,0.00669860839844
76670,0.00804901123047
76671,0.00968933105469
76672,0.0124588012695
76673,0.0178985595703
76674,0.0187225341797
76675,0.0200805664062
76676,0.0230407714844
76677,0.0
76678,0.0
76679,0.0
76680,4.05311584473e-06
76681,0.000126242637634
76682,0.000766277313232
76683,0.00233459472656
76684,0.0036735534668
76685,0.00497436523438
76686,0.00715255737305
76687,0.00932312011719
76688,0.0124588012695
76689,0.0155944824219
76690,0.0185089111328
76691,0.0196990966797
76692,0.0236511230469
76693,0.0
76694,0.0
76695,0.0
76696,1.13248825073e-06
76697,0.000629901885986
76698,0.0012264251709
76699,0.00191688537598
76700,0.00405120849609
76701,0.00578308105469
76702,0.00634002685547
76703,0.00947570800781
76704,0.012451171875
76705,0.014404296875
76706,0.0174865722656
76707,0.0203552246094
76708,0.02294921875
76709,0.0
76710,0.0
76711,0.0
76712,2.32458114624e-06
76713,0.000304222106934
76714,0.000893115997314
76715,0.0022087097168
76716,0.00319862365723
76717,0.00530242919922
76718,0.00730895996094
76719,0.0087890625
76720,0.0129013061523
76721,0.0147094726562
76722,0.0177917480469
76723,0.0198822021484
76724,0.0204467773438
76725,0.0
76726,0.0
76727,0.0
76728,1.20997428894e-05
76729,0.000603675842285
76730,0.00137996673584
76731,0.00276374816895
76732,0.00440216064453
76733,0.00691986083984
76734,0.00817108154297
76735,0.0103759765625
76736,0.0121536254883
76737,0.0153656005859
76738,0.0180816650391
76739,0.0191650390625
76740,0.0221099853516
76741,0.0
76742,0.0
76743,0.0
76744,1.13248825073e-06
76745,0.000208020210266
76746,0.00090503692627
76747,0.00249671936035
76748,0.00434494018555
76749,0.0057487487793
76750,0.00809478759766
76751,0.0120086669922
76752,0.0129852294922
76753,0.0153198242188
76754,0.0167083740234
76755,0.0193481445312
76756,0.0205535888672
76757,0.0
76758,0.0
76759,0.0
76760,1.80602073669e-05
76761,0.000261068344116
76762,0.000916957855225
76763,0.00277328491211
76764,0.00429916381836
76765,0.00581741333008
76766,0.00791931152344
76767,0.0105361938477
76768,0.0111312866211
76769,0.0125503540039
76770,0.0148086547852
76771,0.0168609619141
76772,0.0219268798828
76773,0.0
76774,0.0
76775,0.0
76776,6.37769699097e-06
76777,0.000161647796631
76778,0.00113582611084
76779,0.00247764587402
76780,0.00312995910645
76781,0.00588989257812
76782,0.00711059570312
76783,0.0104293823242
76784,0.0123519897461
76785,0.0148010253906
76786,0.0158233642578
76787,0.0182189941406
76788,0.0203399658203
76789,0.0
76790,0.0
76791,0.0
76792,3.09944152832e-05
76793,0.000316381454468
76794,0.00127410888672
76795,0.0026798248291
76796,0.00540924072266
76797,0.00641250610352
76798,0.00699615478516
76799,0.0103912353516
76800,0.0121688842773
76801,0.0145568847656
76802,0.0156707763672
76803,0.0175933837891
76804,0.0196990966797
76805,0.0
76806,0.0
76807,0.0
76808,2.32458114624e-06
76809,0.000389575958252
76810,0.00142765045166
76811,0.00270462036133
76812,0.00408554077148
76813,0.00582122802734
76814,0.0075798034668
76815,0.0100479125977
76816,0.0127868652344
76817,0.0146865844727
76818,0.0160980224609
76819,0.0187530517578
76820,0.0194702148438
76821,0.0
76822,0.0
76823,0.0
76824,2.63452529907e-05
76825,0.000606536865234
76826,0.00158596038818
76827,0.00278663635254
76828,0.00517272949219
76829,0.00679779052734
76830,0.0086669921875
76831,0.0106735229492
76832,0.0123596191406
76833,0.0160675048828
76834,0.0183715820312
76835,0.0195617675781
76836,0.0210418701172
76837,0.0
76838,0.0
76839,0.0
76840,1.13248825073e-06
76841,0.000266313552856
76842,0.00150203704834
76843,0.00351142883301
76844,0.00514602661133
76845,0.00614547729492
76846,0.00845336914062
76847,0.0126419067383
76848,0.0131988525391
76849,0.0152893066406
76850,0.0175476074219
76851,0.0190124511719
76852,0.0206298828125
76853,0.0
76854,0.0
76855,0.0
76856,2.80737876892e-05
76857,0.000572204589844
76858,0.00131988525391
76859,0.00189781188965
76860,0.00407028198242
76861,0.00647354125977
76862,0.00857543945312
76863,0.0118560791016
76864,0.0134963989258
76865,0.0150909423828
76866,0.017822265625
76867,0.0184020996094
76868,0.0192565917969
76869,0.0
76870,0.0
76871,0.0
76872,5.50150871277e-05
76873,0.000528812408447
76874,0.00161266326904
76875,0.00349998474121
76876,0.00490188598633
76877,0.00726699829102
76878,0.00935363769531
76879,0.0108489990234
76880,0.0119400024414
76881,0.0136337280273
76882,0.0159912109375
76883,0.0185089111328
76884,0.0201568603516
76885,0.0
76886,0.0
76887,0.0
76888,2.32458114624e-06
76889,0.000253438949585
76890,0.00111961364746
76891,0.0018482208252
76892,0.00380897521973
76893,0.00481796264648
76894,0.00748825073242
76895,0.00946807861328
76896,0.011100769043
76897,0.0162658691406
76898,0.0176086425781
76899,0.0194244384766
76900,0.0202178955078
76901,0.0
76902,0.0
76903,0.0
76904,8.42809677124e-05
76905,0.000216603279114
76906,0.00102138519287
76907,0.0028190612793
76908,0.00361442565918
76909,0.00586318969727
76910,0.00777435302734
76911,0.0111312866211
76912,0.0119094848633
76913,0.0163726806641
76914,0.0213317871094
76915,0.0213623046875
76916,0.0243072509766
76917,0.0
76918,0.0
76919,0.0
76920,5.18560409546e-06
76921,0.00059700012207
76922,0.00118732452393
76923,0.00329780578613
76924,0.00522232055664
76925,0.00661849975586
76926,0.00879669189453
76927,0.011833190918
76928,0.0135726928711
76929,0.0138320922852
76930,0.016357421875
76931,0.0184326171875
76932,0.0215759277344
76933,0.0
76934,0.0
76935,0.0
76936,1.13248825073e-06
76937,0.000336408615112
76938,0.00114631652832
76939,0.00261306762695
76940,0.00420761108398
76941,0.00689697265625
76942,0.00833892822266
76943,0.00971221923828
76944,0.0138320922852
76945,0.0155334472656
76946,0.0170593261719
76947,0.0201263427734
76948,0.0197906494141
76949,0.0
76950,0.0
76951,0.0
76952,1.13248825073e-06
76953,0.000296592712402
76954,0.0015697479248
76955,0.00353622436523
76956,0.00431823730469
76957,0.00597763061523
76958,0.00730133056641
76959,0.00943756103516
76960,0.011360168457
76961,0.0157012939453
76962,0.0184326171875
76963,0.0179138183594
76964,0.0204010009766
76965,0.0
76966,0.0
76967,0.0
76968,4.38690185547e-05
76969,0.000258207321167
76970,0.000720500946045
76971,0.00161743164062
76972,0.0034122467041
76973,0.00560760498047
76974,0.00853729248047
76975,0.0109176635742
76976,0.0136642456055
76977,0.0161285400391
76978,0.0183715820312
76979,0.0196838378906
76980,0.0205841064453
76981,0.0
76982,0.0
76983,0.0
76984,1.72853469849e-06
76985,0.0001300573349
76986,0.00105381011963
76987,0.00197982788086
76988,0.00398635864258
76989,0.00627517700195
76990,0.00779342651367
76991,0.0101165771484
76992,0.0113677978516
76993,0.0143814086914
76994,0.0162048339844
76995,0.0185699462891
76996,0.0189361572266
76997,0.0
76998,0.0
76999,0.0
77000,3.15308570862e-05
77001,0.000499248504639
77002,0.00167942047119
77003,0.00308036804199
77004,0.00472640991211
77005,0.00751495361328
77006,0.00969696044922
77007,0.0106353759766
77008,0.0127410888672
77009,0.0153503417969
77010,0.0196838378906
77011,0.0212554931641
77012,0.0206909179688
77013,0.0
77014,0.0
77015,0.0
77016,2.32458114624e-06
77017,0.000453472137451
77018,0.00189685821533
77019,0.00391006469727
77020,0.00510787963867
77021,0.00601196289062
77022,0.00783538818359
77023,0.0114669799805
77024,0.0135650634766
77025,0.0157165527344
77026,0.0175323486328
77027,0.0192718505859
77028,0.0230255126953
77029,0.0
77030,0.0
77031,0.0
77032,6.37769699097e-06
77033,0.000149130821228
77034,0.00135707855225
77035,0.00250434875488
77036,0.00569915771484
77037,0.00725936889648
77038,0.0103073120117
77039,0.0118179321289
77040,0.0135955810547
77041,0.0155944824219
77042,0.01611328125
77043,0.0168914794922
77044,0.0204620361328
77045,0.0
77046,0.0
77047,0.0
77048,1.32918357849e-05
77049,0.000323534011841
77050,0.00190925598145
77051,0.00394439697266
77052,0.00569152832031
77053,0.00723266601562
77054,0.00932312011719
77055,0.0105667114258
77056,0.0129699707031
77057,0.0158081054688
77058,0.0170593261719
77059,0.0215148925781
77060,0.0239868164062
77061,0.0
77062,0.0
77063,0.0
77064,6.59823417664e-05
77065,0.000383377075195
77066,0.000845432281494
77067,0.00281524658203
77068,0.00437927246094
77069,0.00563812255859
77070,0.00771331787109
77071,0.00968170166016
77072,0.0125350952148
77073,0.0144882202148
77074,0.0159454345703
77075,0.0192108154297
77076,0.0208740234375
77077,0.0
77078,0.0
77079,0.0
77080,4.73260879517e-05
77081,0.000189661979675
77082,0.00130558013916
77083,0.00315475463867
77084,0.00444030761719
77085,0.00740814208984
77086,0.00919342041016
77087,0.0110168457031
77088,0.0120544433594
77089,0.0141525268555
77090,0.0157775878906
77091,0.01806640625
77092,0.0225982666016
77093,0.0
77094,0.0
77095,0.0
77096,2.86102294922e-06
77097,0.000161170959473
77098,0.000795364379883
77099,0.00166511535645
77100,0.0037784576416
77101,0.00484085083008
77102,0.00699234008789
77103,0.00979614257812
77104,0.0115737915039
77105,0.0157318115234
77106,0.0175476074219
77107,0.0199737548828
77108,0.0241851806641
77109,0.0
77110,0.0
77111,0.0
77112,4.05311584473e-06
77113,0.000141739845276
77114,0.000625610351562
77115,0.0021915435791
77116,0.00398254394531
77117,0.00607681274414
77118,0.00931549072266
77119,0.0104064941406
77120,0.0141906738281
77121,0.0162963867188
77122,0.0180511474609
77123,0.0200653076172
77124,0.020751953125
77125,0.0
77126,0.0
77127,0.0
77128,2.32458114624e-06
77129,0.000296592712402
77130,0.00140285491943
77131,0.00223541259766
77132,0.00341415405273
77133,0.00597763061523
77134,0.00914001464844
77135,0.0118865966797
77136,0.0140228271484
77137,0.014045715332
77138,0.0153656005859
77139,0.0185699462891
77140,0.0196380615234
77141,0.0
77142,0.0
77143,0.0
77144,2.32458114624e-06
77145,0.000953674316406
77146,0.00169372558594
77147,0.00349044799805
77148,0.00649261474609
77149,0.0087890625
77150,0.00930023193359
77151,0.0115661621094
77152,0.0130004882812
77153,0.013801574707
77154,0.0181274414062
77155,0.0196685791016
77156,0.0226593017578
77157,0.0
77158,0.0
77159,0.0
77160,5.78165054321e-06
77161,0.000703811645508
77162,0.00119781494141
77163,0.00310707092285
77164,0.00381851196289
77165,0.00563812255859
77166,0.00764083862305
77167,0.00971221923828
77168,0.0131759643555
77169,0.0167999267578
77170,0.0180969238281
77171,0.0202484130859
77172,0.0234985351562
77173,0.0
77174,0.0
77175,0.0
77176,1.34706497192e-05
77177,0.000281572341919
77178,0.00157928466797
77179,0.0025463104248
77180,0.00420761108398
77181,0.00735473632812
77182,0.00925445556641
77183,0.0127639770508
77184,0.0138626098633
77185,0.0144577026367
77186,0.0171508789062
77187,0.0200500488281
77188,0.0228424072266
77189,0.0
77190,0.0
77191,0.0
77192,3.69548797607e-05
77193,0.000637531280518
77194,0.00154113769531
77195,0.00201416015625
77196,0.00474548339844
77197,0.0072135925293
77198,0.00855255126953
77199,0.0114517211914
77200,0.0145874023438
77201,0.0147247314453
77202,0.0168151855469
77203,0.0186920166016
77204,0.0188293457031
77205,0.0
77206,0.0
77207,0.0
77208,0.000107526779175
77209,0.000200033187866
77210,0.000656604766846
77211,0.00276184082031
77212,0.00604629516602
77213,0.00818634033203
77214,0.00984954833984
77215,0.0119171142578
77216,0.013786315918
77217,0.0159759521484
77218,0.0199279785156
77219,0.0216674804688
77220,0.02392578125
77221,0.0
77222,0.0
77223,0.0
77224,7.5101852417e-06
77225,0.000883102416992
77226,0.00107860565186
77227,0.00301933288574
77228,0.0047492980957
77229,0.00608444213867
77230,0.00876617431641
77231,0.0121231079102
77232,0.0126571655273
77233,0.0144882202148
77234,0.0153503417969
77235,0.0180969238281
77236,0.0218200683594
77237,0.0
77238,0.0
77239,0.0
77240,1.72853469849e-06
77241,0.000593185424805
77242,0.00129222869873
77243,0.00164318084717
77244,0.00360488891602
77245,0.00618743896484
77246,0.00748825073242
77247,0.0108795166016
77248,0.0134201049805
77249,0.0150299072266
77250,0.0185699462891
77251,0.0200805664062
77252,0.0212707519531
77253,0.0
77254,0.0
77255,0.0
77256,1.72853469849e-06
77257,0.000234961509705
77258,0.00104331970215
77259,0.00242614746094
77260,0.00431823730469
77261,0.00561904907227
77262,0.00683975219727
77263,0.009521484375
77264,0.0124359130859
77265,0.0150756835938
77266,0.0165863037109
77267,0.0181427001953
77268,0.0214385986328
77269,0.0
77270,0.0
77271,0.0
77272,4.2736530304e-05
77273,0.000539302825928
77274,0.00127220153809
77275,0.00249481201172
77276,0.00346755981445
77277,0.00679779052734
77278,0.00871276855469
77279,0.0104446411133
77280,0.0118637084961
77281,0.0175323486328
77282,0.0192413330078
77283,0.0199432373047
77284,0.0212707519531
77285,0.0
77286,0.0
77287,0.0
77288,7.5101852417e-06
77289,0.000290870666504
77290,0.00110054016113
77291,0.00273895263672
77292,0.00547409057617
77293,0.00693511962891
77294,0.00995635986328
77295,0.0130157470703
77296,0.01611328125
77297,0.0167694091797
77298,0.0202331542969
77299,0.0218811035156
77300,0.0230560302734
77301,0.0
77302,0.0
77303,0.0
77304,0.000257730484009
77305,0.000505447387695
77306,0.00163555145264
77307,0.00312805175781
77308,0.00509262084961
77309,0.00738143920898
77310,0.00971221923828
77311,0.0110092163086
77312,0.0141754150391
77313,0.0163879394531
77314,0.0179290771484
77315,0.0211944580078
77316,0.0251159667969
77317,0.0
77318,0.0
77319,0.0
77320,1.61528587341e-05
77321,0.000169157981873
77322,0.000565052032471
77323,0.0018424987793
77324,0.00375938415527
77325,0.00598526000977
77326,0.00838470458984
77327,0.0113220214844
77328,0.0128555297852
77329,0.015869140625
77330,0.0177612304688
77331,0.0196990966797
77332,0.0229187011719
77333,0.0
77334,0.0
77335,0.0
77336,2.44379043579e-05
77337,0.000476837158203
77338,0.00147438049316
77339,0.00242042541504
77340,0.0039176940918
77341,0.00630569458008
77342,0.00808715820312
77343,0.0111312866211
77344,0.013542175293
77345,0.0158386230469
77346,0.0188903808594
77347,0.0209655761719
77348,0.0209655761719
77349,0.0
77350,0.0
77351,0.0
77352,6.71744346619e-05
77353,0.000523090362549
77354,0.00125598907471
77355,0.00347900390625
77356,0.0057373046875
77357,0.00825500488281
77358,0.0109252929688
77359,0.0128555297852
77360,0.014892578125
77361,0.0177154541016
77362,0.0179443359375
77363,0.0206146240234
77364,0.0226745605469
77365,0.0
77366,0.0
77367,0.0
77368,8.36849212646e-05
77369,0.000679492950439
77370,0.000865459442139
77371,0.00219535827637
77372,0.00544357299805
77373,0.00757217407227
77374,0.00835418701172
77375,0.0123062133789
77376,0.0142364501953
77377,0.0162658691406
77378,0.0187072753906
77379,0.0203247070312
77380,0.0222625732422
77381,0.0
77382,0.0
77383,0.0
77384,1.86562538147e-05
77385,0.000415802001953
77386,0.000895977020264
77387,0.00297355651855
77388,0.00525665283203
77389,0.00794982910156
77390,0.0086669921875
77391,0.0102767944336
77392,0.014274597168
77393,0.0177001953125
77394,0.0189361572266
77395,0.0233306884766
77396,0.0227355957031
77397,0.0
77398,0.0
77399,0.0
77400,3.45706939697e-06
77401,0.000894546508789
77402,0.00195503234863
77403,0.00380325317383
77404,0.00511169433594
77405,0.0074348449707
77406,0.00846862792969
77407,0.0112075805664
77408,0.0132141113281
77409,0.0165252685547
77410,0.0195465087891
77411,0.0225067138672
77412,0.0240631103516
77413,0.0
77414,0.0
77415,0.0
77416,2.32458114624e-06
77417,0.000730991363525
77418,0.000982284545898
77419,0.00252914428711
77420,0.00454330444336
77422,0.00711822509766
77423,0.0102844238281
77424,0.0126419067383
77425,0.0146865844727
77426,0.0166168212891
77427,0.0181579589844
77428,0.0183410644531
77429,0.0220184326172
77430,0.0
77431,0.0
77432,0.0
77433,0.0
77434,0.000561237335205
77435,0.000868797302246
77436,0.00325584411621
77437,0.00419616699219
77438,0.00613784790039
77439,0.00769424438477
77440,0.0102615356445
77441,0.0124664306641
77442,0.0127792358398
77443,0.0168151855469
77444,0.0190124511719
77445,0.0204925537109
77446,0.0
77447,0.0
77448,0.0
77449,1.13248825073e-06
77450,0.000340223312378
77451,0.00149536132812
77452,0.00240707397461
77453,0.00428771972656
77454,0.00720596313477
77455,0.00778579711914
77456,0.0120315551758
77457,0.0128936767578
77458,0.0138549804688
77459,0.0178833007812
77460,0.0179443359375
77461,0.0180053710938
77462,0.0
77463,0.0
77464,0.0
77465,1.4066696167e-05
77466,0.000490188598633
77467,0.00112342834473
77468,0.00270843505859
77469,0.00408554077148
77470,0.00585556030273
77471,0.00684356689453
77472,0.00947570800781
77473,0.0118637084961
77474,0.0129241943359
77475,0.0174713134766
77476,0.0198822021484
77477,0.0206909179688
77478,0.0
77479,0.0
77480,0.0
77481,3.75509262085e-05
77482,0.000494956970215
77483,0.00129985809326
77484,0.0015344619751
77485,0.00382423400879
77486,0.00511932373047
77487,0.00862121582031
77488,0.0102996826172
77489,0.0125503540039
77490,0.0137557983398
77491,0.0160369873047
77492,0.0201873779297
77493,0.0224609375
77494,0.0
77495,0.0
77496,0.0
77497,6.91413879395e-06
77498,9.48309898376e-05
77499,0.000785350799561
77500,0.00213623046875
77501,0.00370979309082
77502,0.00632095336914
77503,0.00848388671875
77504,0.0115280151367
77505,0.0137939453125
77506,0.0168914794922
77507,0.0180816650391
77508,0.0201568603516
77509,0.0237884521484
77510,0.0
77511,0.0
77512,0.0
77513,3.45706939697e-06
77514,0.000266551971436
77515,0.00116920471191
77516,0.00213241577148
77517,0.00411224365234
77518,0.00631332397461
77519,0.00652694702148
77520,0.0107269287109
77521,0.0128784179688
77522,0.0158996582031
77523,0.0182800292969
77524,0.0196533203125
77525,0.0217590332031
77526,0.0
77527,0.0
77528,0.0
77529,1.15633010864e-05
77530,0.000283718109131
77531,0.00110530853271
77532,0.0025691986084
77533,0.00445175170898
77534,0.00689315795898
77535,0.00878143310547
77536,0.0110931396484
77537,0.0136108398438
77538,0.0142059326172
77539,0.0188598632812
77540,0.0227966308594
77541,0.0251007080078
77542,0.0
77543,0.0
77544,0.0
77545,1.28746032715e-05
77546,0.000448942184448
77547,0.000903606414795
77548,0.00275039672852
77549,0.0041618347168
77550,0.0052490234375
77551,0.00583648681641
77552,0.00878143310547
77553,0.0111465454102
77554,0.0149612426758
77555,0.0162506103516
77556,0.0180816650391
77557,0.0215148925781
77558,0.0
77559,0.0
77560,0.0
77561,5.44786453247e-05
77562,0.000550746917725
77563,0.00124168395996
77564,0.0023250579834
77565,0.00398635864258
77566,0.00639343261719
77567,0.00822448730469
77568,0.0123519897461
77569,0.0133056640625
77570,0.0134429931641
77571,0.0156097412109
77572,0.0176239013672
77573,0.0199279785156
77574,0.0
77575,0.0
77576,0.0
77577,4.21404838562e-05
77578,0.000218391418457
77579,0.00098705291748
77580,0.00321388244629
77581,0.00507736206055
77582,0.00674057006836
77583,0.00859069824219
77584,0.0104141235352
77585,0.0123291015625
77586,0.013671875
77587,0.0177001953125
77588,0.0182952880859
77589,0.0205688476562
77590,0.0
77591,0.0
77592,0.0
77593,5.96046447754e-07
77594,0.000376224517822
77595,0.00137424468994
77596,0.00253486633301
77597,0.00471878051758
77598,0.00647735595703
77599,0.00792694091797
77600,0.0102767944336
77601,0.0130157470703
77602,0.0144577026367
77603,0.0166778564453
77604,0.0196990966797
77605,0.0197906494141
77606,0.0
77607,0.0
77608,0.0
77609,1.34706497192e-05
77610,3.82661819458e-05
77611,0.00106716156006
77612,0.00272369384766
77613,0.00447845458984
77614,0.00520324707031
77615,0.00729751586914
77616,0.00966644287109
77617,0.0137329101562
77618,0.0161895751953
77619,0.0184936523438
77620,0.0217590332031
77621,0.0217132568359
77622,0.0
77623,0.0
77624,0.0
77625,3.981590271e-05
77626,0.000407218933105
77627,0.00185298919678
77628,0.00329399108887
77629,0.00527954101562
77630,0.00706481933594
77631,0.0100631713867
77632,0.0112152099609
77633,0.0133666992188
77634,0.0161743164062
77635,0.0168609619141
77636,0.0193786621094
77637,0.0215454101562
77638,0.0
77639,0.0
77640,0.0
77641,5.78165054321e-06
77642,0.000797748565674
77643,0.00203895568848
77644,0.00308418273926
77645,0.00436782836914
77646,0.00664520263672
77647,0.00764846801758
77648,0.0105743408203
77649,0.012565612793
77650,0.0161437988281
77651,0.0165710449219
77652,0.0194549560547
77653,0.0206146240234
77654,0.0
77655,0.0
77656,0.0
77657,1.80602073669e-05
77658,0.000104665756226
77659,0.00163269042969
77660,0.00289344787598
77661,0.00564575195312
77662,0.00727462768555
77663,0.00950622558594
77664,0.010986328125
77665,0.0131225585938
77666,0.0151062011719
77667,0.0186462402344
77668,0.0199127197266
77669,0.0221557617188
77670,0.0
77671,0.0
77672,0.0
77673,4.73260879517e-05
77674,0.000338792800903
77675,0.00131225585938
77676,0.00225448608398
77677,0.00432205200195
77678,0.00644302368164
77679,0.00907135009766
77680,0.0107269287109
77681,0.0114974975586
77682,0.0132598876953
77683,0.015510559082
77684,0.0176544189453
77685,0.0197601318359
77686,0.0
77687,0.0
77688,0.0
77689,8.10623168945e-06
77690,0.000435590744019
77691,0.00174617767334
77692,0.00289535522461
77693,0.0031852722168
77694,0.00483322143555
77695,0.00706481933594
77696,0.00782775878906
77697,0.0113525390625
77698,0.0157470703125
77699,0.0180969238281
77700,0.0211791992188
77701,0.0215759277344
77702,0.0
77703,0.0
77704,0.0
77705,4.79221343994e-05
77706,0.000312805175781
77707,0.000543117523193
77708,0.00235366821289
77709,0.00471878051758
77710,0.00795745849609
77711,0.00997161865234
77712,0.0124893188477
77713,0.0121765136719
77714,0.0146789550781
77715,0.0169525146484
77716,0.0209808349609
77717,0.0216522216797
77718,0.0
77719,0.0
77720,0.0
77721,1.20997428894e-05
77722,0.000687599182129
77723,0.00149822235107
77724,0.00311279296875
77725,0.00378799438477
77726,0.00536346435547
77727,0.00701141357422
77728,0.0087890625
77729,0.0111312866211
77730,0.0120544433594
77731,0.0152206420898
77732,0.0162811279297
77733,0.01904296875
77734,0.0
77735,0.0
77736,0.0
77737,1.32918357849e-05
77738,0.000319719314575
77739,0.000831127166748
77740,0.00194358825684
77741,0.00347709655762
77742,0.00578689575195
77743,0.00858306884766
77744,0.0108032226562
77745,0.0131530761719
77746,0.0137252807617
77747,0.0170440673828
77748,0.0191040039062
77749,0.0209503173828
77750,0.0
77751,0.0
77752,0.0
77753,3.09944152832e-05
77754,0.000473737716675
77755,0.000988960266113
77756,0.00286865234375
77757,0.00320434570312
77758,0.00621795654297
77759,0.00919342041016
77760,0.0112152099609
77761,0.0126190185547
77762,0.0151062011719
77763,0.0136413574219
77764,0.0196838378906
77765,0.0202789306641
77766,0.0
77767,0.0
77768,0.0
77769,1.13248825073e-06
77770,0.000618934631348
77771,0.000982284545898
77772,0.00256729125977
77773,0.00405883789062
77774,0.00691223144531
77775,0.00878143310547
77776,0.011962890625
77777,0.0138168334961
77778,0.0156173706055
77779,0.0179138183594
77780,0.0196685791016
77781,0.0223999023438
77782,0.0
77783,0.0
77784,0.0
77785,0.0
77786,9.4473361969e-05
77787,0.000835418701172
77788,0.00211334228516
77789,0.00347328186035
77790,0.00452423095703
77791,0.00632476806641
77792,0.008056640625
77793,0.0105361938477
77794,0.0129470825195
77795,0.0165557861328
77796,0.0189971923828
77797,0.019775390625
77798,0.0
77799,0.0
77800,0.0
77801,5.78165054321e-06
77802,0.000179648399353
77803,0.00130939483643
77804,0.00297355651855
77805,0.00452423095703
77806,0.00623321533203
77807,0.00911712646484
77808,0.0116729736328
77809,0.0144653320312
77810,0.0167083740234
77811,0.0177612304688
77812,0.0222320556641
77813,0.0207977294922
77814,0.0
77815,0.0
77816,0.0
77817,6.37769699097e-06
77818,0.00032901763916
77819,0.00101089477539
77820,0.00181770324707
77821,0.00366020202637
77822,0.00622177124023
77823,0.00674819946289
77824,0.00944519042969
77825,0.0101928710938
77826,0.0128631591797
77827,0.0149078369141
77828,0.0161437988281
77829,0.0204315185547
77830,0.0
77831,0.0
77832,0.0
77833,1.72853469849e-06
77834,0.000180125236511
77835,0.000483751296997
77836,0.00213050842285
77837,0.00433731079102
77838,0.00593948364258
77839,0.00780868530273
77840,0.00988006591797
77841,0.01318359375
77842,0.0150146484375
77843,0.0161285400391
77844,0.0205688476562
77845,0.0212860107422
77846,0.0
77847,0.0
77848,0.0
77849,1.26957893372e-05
77850,0.000381231307983
77851,0.000953674316406
77852,0.00280570983887
77853,0.00423812866211
77854,0.00622940063477
77855,0.00767517089844
77856,0.010986328125
77857,0.0117492675781
77858,0.0142440795898
77859,0.0163879394531
77860,0.0178680419922
77861,0.0200805664062
77862,0.0
77863,0.0
77864,0.0
77865,4.84585762024e-05
77866,0.000274419784546
77867,0.00111198425293
77868,0.00286674499512
77869,0.00557708740234
77870,0.00716781616211
77871,0.00910949707031
77872,0.0105590820312
77873,0.0125961303711
77874,0.0140838623047
77875,0.0174713134766
77876,0.0168914794922
77877,0.0183715820312
77878,0.0
77879,0.0
77880,0.0
77881,4.79221343994e-05
77882,0.000371694564819
77883,0.000895977020264
77884,0.00139999389648
77885,0.00405883789062
77886,0.00631332397461
77887,0.00867462158203
77888,0.0104293823242
77889,0.0130844116211
77890,0.0139694213867
77891,0.0186004638672
77892,0.0200347900391
77893,0.0216217041016
77894,0.0
77895,0.0
77896,0.0
77897,1.34706497192e-05
77898,0.000111937522888
77899,0.000747203826904
77900,0.00268363952637
77901,0.00391006469727
77902,0.00711822509766
77903,0.00883483886719
77904,0.0124282836914
77905,0.013427734375
77906,0.015495300293
77907,0.0163726806641
77908,0.0205688476562
77909,0.0213623046875
77910,0.0
77911,0.0
77912,0.0
77913,1.13248825073e-06
77914,0.00055456161499
77915,0.000885963439941
77916,0.0028247833252
77917,0.00342178344727
77918,0.00486755371094
77919,0.00811767578125
77920,0.0105972290039
77921,0.0135879516602
77922,0.0142059326172
77923,0.0161437988281
77924,0.0190734863281
77925,0.0202026367188
77926,0.0
77927,0.0
77928,0.0
77929,8.88705253601e-05
77930,0.000585079193115
77931,0.00138282775879
77932,0.00315856933594
77933,0.00486755371094
77934,0.00541687011719
77935,0.00740051269531
77936,0.00972747802734
77937,0.0138168334961
77938,0.0147552490234
77939,0.0167541503906
77940,0.0177001953125
77941,0.0210571289062
77942,0.0
77943,0.0
77944,0.0
77945,4.38690185547e-05
77946,0.00023627281189
77947,0.001633644104
77948,0.00301551818848
77949,0.00382041931152
77950,0.00634002685547
77951,0.00717544555664
77952,0.00935363769531
77953,0.0121841430664
77954,0.0142440795898
77955,0.0176849365234
77956,0.0187377929688
77957,0.0206909179688
77958,0.0
77959,0.0
77960,0.0
77961,1.28746032715e-05
77962,0.000649452209473
77963,0.00171852111816
77964,0.00243377685547
77965,0.00399017333984
77966,0.00724792480469
77967,0.00990295410156
77968,0.012580871582
77969,0.015495300293
77970,0.0177154541016
77971,0.0189819335938
77972,0.0203399658203
77973,0.0210418701172
77974,0.0
77975,0.0
77976,0.0
77977,5.96046447754e-07
77978,0.000394105911255
77979,0.00194358825684
77980,0.00329780578613
77981,0.00497436523438
77982,0.0052490234375
77983,0.00629043579102
77984,0.00867462158203
77985,0.0107727050781
77986,0.0132293701172
77987,0.014762878418
77988,0.0184326171875
77989,0.0209503173828
77990,0.0
77991,0.0
77992,0.0
77993,8.48174095154e-05
77994,9.96589660645e-05
77995,0.00104808807373
77996,0.0025520324707
77997,0.00412368774414
77998,0.0057373046875
77999,0.00831604003906
78000,0.0105285644531
78001,0.0145111083984
78002,0.0154037475586
78003,0.0180053710938
78004,0.0185089111328
78005,0.0222473144531
78006,0.0
78007,0.0
78008,0.0
78009,5.01871109009e-05
78010,0.000783920288086
78011,0.00121688842773
78012,0.0025463104248
78013,0.00347328186035
78014,0.00639724731445
78015,0.00845336914062
78016,0.0108489990234
78017,0.0117340087891
78018,0.0143051147461
78019,0.0160369873047
78020,0.0186767578125
78021,0.0218963623047
78022,0.0
78023,0.0
78024,0.0
78025,1.80602073669e-05
78026,0.000155091285706
78027,0.00174808502197
78028,0.00335884094238
78029,0.00495910644531
78030,0.00683975219727
78031,0.00927734375
78032,0.0111312866211
78033,0.0130767822266
78034,0.0137710571289
78035,0.0174407958984
78036,0.0198059082031
78037,0.0233459472656
78038,0.0
78039,0.0
78040,0.0
78041,5.96046447754e-07
78042,0.000143527984619
78043,0.00123977661133
78044,0.00223541259766
78045,0.00468826293945
78046,0.00518417358398
78047,0.00807952880859
78048,0.0105361938477
78049,0.0133514404297
78050,0.0160369873047
78051,0.0176086425781
78052,0.0194854736328
78053,0.0223083496094
78054,0.0
78055,0.0
78056,0.0
78057,0.0
78058,0.000207424163818
78059,0.00093412399292
78060,0.00247573852539
78061,0.00440979003906
78062,0.00705718994141
78063,0.00839233398438
78064,0.0111236572266
78065,0.0143814086914
78066,0.0153884887695
78067,0.0182495117188
78068,0.0183563232422
78069,0.0199127197266
78070,0.0
78071,0.0
78072,0.0
78073,6.91413879395e-06
78074,0.000173568725586
78075,0.00143527984619
78076,0.00340461730957
78077,0.00480270385742
78078,0.00640106201172
78079,0.0079345703125
78080,0.0104217529297
78081,0.0128860473633
78082,0.0147857666016
78083,0.017822265625
78084,0.0198974609375
78085,0.0218658447266
78086,0.0
78087,0.0
78088,0.0
78089,0.0
78090,0.000129342079163
78091,0.000831604003906
78092,0.00269317626953
78093,0.00495529174805
78094,0.00651550292969
78095,0.00977325439453
78096,0.0119857788086
78097,0.0165863037109
78098,0.0166931152344
78099,0.0165252685547
78100,0.0195770263672
78101,0.0212554931641
78102,0.0
78103,0.0
78104,0.0
78105,1.13248825073e-06
78106,0.000122308731079
78107,0.000858306884766
78108,0.00225067138672
78109,0.00387763977051
78110,0.00504684448242
78111,0.00849151611328
78112,0.00889587402344
78113,0.0135116577148
78114,0.0152130126953
78115,0.0178375244141
78116,0.0233917236328
78117,0.0210876464844
78118,0.0
78119,0.0
78120,0.0
78121,0.0
78122,0.000386476516724
78123,0.0015983581543
78124,0.00213432312012
78125,0.00543212890625
78126,0.00616836547852
78127,0.00940704345703
78128,0.0111694335938
78129,0.01318359375
78130,0.0156707763672
78131,0.0202331542969
78132,0.0188751220703
78133,0.0208587646484
78134,0.0
78135,0.0
78136,0.0
78137,4.55975532532e-05
78138,0.000240683555603
78139,0.00113010406494
78140,0.0029468536377
78141,0.00495529174805
78142,0.00772857666016
78143,0.0101928710938
78144,0.0109100341797
78145,0.0128479003906
78146,0.0151138305664
78147,0.0176544189453
78148,0.0193939208984
78149,0.0208435058594
78150,0.0
78151,0.0
78152,0.0
78153,4.38690185547e-05
78154,9.56654548645e-05
78155,0.00113010406494
78156,0.00153827667236
78157,0.00333595275879
78158,0.00473022460938
78159,0.00847625732422
78160,0.0105743408203
78161,0.0124893188477
78162,0.0147094726562
78163,0.0172119140625
78164,0.0197143554688
78165,0.0215759277344
78166,0.0
78167,0.0
78168,0.0
78169,4.32729721069e-05
78170,0.000470161437988
78171,0.00112724304199
78172,0.00209045410156
78173,0.00444412231445
78174,0.00613784790039
78175,0.00893402099609
78176,0.0114822387695
78177,0.0128936767578
78178,0.0159454345703
78179,0.017822265625
78180,0.0208587646484
78181,0.0230560302734
78182,0.0
78183,0.0
78184,0.0
78185,5.07831573486e-05
78186,0.000172019004822
78187,0.000978469848633
78188,0.00217628479004
78189,0.00433731079102
78190,0.00602340698242
78191,0.00630950927734
78192,0.00871276855469
78193,0.0122528076172
78194,0.0135879516602
78195,0.0158996582031
78196,0.0182647705078
78197,0.0200805664062
78198,0.0
78199,0.0
78200,0.0
78201,5.96046447754e-07
78202,0.000390768051147
