4,0.0
5,0.0
6,0.0
7,0.0
8,0.0
9,0.0
10,0.0
11,0.0
12,0.0
13,0.0
14,0.0
15,0.0
16,0.0
17,0.0
18,0.0
19,0.0
20,0.0
21,0.0
22,4.98294830322e-05
23,0.000945091247559
24,0.00184154510498
25,0.00251388549805
26,0.00304222106934
27,0.0043830871582
28,0.00649642944336
29,0.00698471069336
30,0.00738525390625
31,0.0100021362305
32,0.0108489990234
33,0.0125961303711
34,0.0141067504883
35,0.0
36,0.0
37,0.0
38,0.00348091125488
39,0.00800323486328
40,0.0128326416016
41,0.016845703125
42,0.0207672119141
43,0.0257110595703
44,0.0261535644531
45,0.0299835205078
46,0.0316162109375
47,0.0340270996094
48,0.036865234375
49,0.0370483398438
50,0.0349731445312
51,0.0
52,0.0
53,0.0
54,0.00272369384766
55,0.00584411621094
56,0.0104217529297
57,0.0125885009766
58,0.0184020996094
59,0.0212860107422
60,0.0223236083984
61,0.025634765625
62,0.0261688232422
63,0.0305633544922
64,0.0337829589844
65,0.0365295410156
66,0.0380554199219
67,0.0
68,0.0
69,0.0
70,0.00162601470947
71,0.00374221801758
72,0.00591659545898
73,0.010009765625
74,0.0109024047852
75,0.0155029296875
76,0.016845703125
77,0.0191345214844
78,0.0223999023438
79,0.0250549316406
80,0.0268096923828
81,0.0258941650391
82,0.0281982421875
83,0.0
84,0.0
85,0.0
86,0.000771045684814
87,0.00276565551758
88,0.00427627563477
89,0.00748825073242
90,0.00907135009766
91,0.0121536254883
92,0.0165557861328
93,0.0179138183594
94,0.0205688476562
95,0.0222320556641
96,0.0238342285156
97,0.0253143310547
98,0.0275726318359
99,0.0
100,0.0
101,0.0
102,0.000763416290283
103,0.00137042999268
104,0.00383377075195
105,0.00541687011719
106,0.00888061523438
107,0.0112686157227
108,0.0143051147461
109,0.0153961181641
110,0.0178680419922
111,0.0196990966797
112,0.0225372314453
113,0.025146484375
114,0.0240325927734
115,0.0
116,0.0
117,0.0
118,0.000647068023682
119,0.00197792053223
120,0.00306510925293
121,0.00677871704102
122,0.00945281982422
123,0.00969696044922
124,0.011474609375
125,0.0148315429688
126,0.0181427001953
127,0.0198516845703
128,0.0214538574219
129,0.0256805419922
130,0.0264282226562
131,0.0
132,0.0
133,0.0
134,0.000467777252197
135,0.00115299224854
136,0.00253105163574
137,0.00577163696289
138,0.00672149658203
139,0.00699234008789
140,0.00923919677734
141,0.0105895996094
142,0.0144195556641
143,0.0166473388672
144,0.0175170898438
145,0.0202026367188
146,0.0223388671875
147,0.0
148,0.0
149,0.0
150,0.000166773796082
151,0.00167179107666
152,0.00243377685547
153,0.0049934387207
154,0.00635147094727
155,0.00937652587891
156,0.0120391845703
157,0.0149688720703
158,0.0141372680664
159,0.0140838623047
160,0.0174865722656
161,0.0165557861328
162,0.0202941894531
163,0.0
164,0.0
165,0.0
166,0.00129222869873
167,0.00201225280762
168,0.00340270996094
169,0.00337409973145
170,0.00468063354492
171,0.00680923461914
172,0.00852966308594
173,0.00931549072266
174,0.0123596191406
175,0.0140075683594
176,0.0164489746094
177,0.0161895751953
178,0.0187530517578
179,0.0
180,0.0
181,0.0
182,0.00063943862915
183,0.00125598907471
184,0.00280570983887
185,0.00545501708984
186,0.00708389282227
187,0.00765991210938
188,0.009033203125
189,0.0129699707031
190,0.0127563476562
191,0.0169067382812
192,0.0194244384766
193,0.0215454101562
194,0.0250091552734
195,0.0
196,0.0
197,0.0
198,0.00076961517334
199,0.000350475311279
200,0.00296592712402
201,0.00468444824219
202,0.00748062133789
203,0.00982666015625
204,0.0116119384766
205,0.0128326416016
206,0.0162811279297
207,0.0172729492188
208,0.0193481445312
209,0.0165710449219
210,0.022705078125
211,0.0
212,0.0
213,0.0
214,5.96046447754e-07
215,0.00100612640381
216,0.0011157989502
217,0.00307846069336
218,0.0049934387207
219,0.00803375244141
220,0.0115280151367
221,0.0128936767578
222,0.0141525268555
223,0.0142974853516
224,0.0182952880859
225,0.0166625976562
226,0.0186157226562
227,0.0
228,0.0
229,0.0
230,0.000256061553955
231,0.000982284545898
232,0.00248146057129
233,0.00301551818848
234,0.00669479370117
235,0.00890350341797
236,0.0106582641602
237,0.014045715332
238,0.0162811279297
239,0.0154342651367
240,0.0166015625
241,0.017578125
242,0.0194244384766
243,0.0
244,0.0
245,0.0
246,0.000302791595459
247,0.00293922424316
248,0.0040397644043
249,0.00555038452148
250,0.00763320922852
251,0.011344909668
252,0.0112457275391
253,0.0112228393555
254,0.0121154785156
255,0.0141448974609
256,0.0175628662109
257,0.0190582275391
258,0.0240631103516
259,0.0
260,0.0
261,0.0
262,0.00097131729126
263,0.00151634216309
264,0.0017614364624
265,0.00226783752441
266,0.00576019287109
267,0.00835418701172
268,0.00722122192383
269,0.0107574462891
270,0.0123443603516
271,0.0147933959961
272,0.0149307250977
273,0.0170593261719
274,0.0180511474609
275,0.0
276,0.0
277,0.0
278,1.13248825073e-06
279,0.00191974639893
280,0.00320243835449
281,0.00476837158203
282,0.00717163085938
283,0.00987243652344
284,0.0116348266602
285,0.0147705078125
286,0.0152206420898
287,0.0151290893555
288,0.01904296875
289,0.018310546875
290,0.0218353271484
291,0.0
292,0.0
293,0.0
294,0.000546455383301
295,0.00223350524902
296,0.00289726257324
297,0.00520706176758
298,0.0065803527832
299,0.00728607177734
300,0.00719833374023
301,0.0110092163086
302,0.012809753418
303,0.015495300293
304,0.0164642333984
305,0.0194396972656
306,0.0213775634766
307,0.0
308,0.0
309,0.0
310,0.00044322013855
311,0.000354290008545
312,0.00242233276367
313,0.00465393066406
314,0.00689315795898
315,0.00719451904297
316,0.00693893432617
317,0.00916290283203
318,0.00929260253906
319,0.0122909545898
320,0.0159149169922
321,0.0177917480469
322,0.0194396972656
323,0.0
324,0.0
325,0.0
326,0.000213980674744
327,0.0012321472168
328,0.00120544433594
329,0.00388717651367
330,0.00445556640625
331,0.00650787353516
332,0.00946044921875
333,0.0121841430664
334,0.0126342773438
335,0.0157928466797
336,0.0141143798828
337,0.0191650390625
338,0.0184478759766
339,0.0
340,0.0
341,0.0
342,0.000645160675049
343,0.00246620178223
344,0.00186347961426
345,0.0032844543457
346,0.00472640991211
347,0.00656890869141
348,0.0105667114258
349,0.0139389038086
350,0.0148620605469
351,0.0206298828125
352,0.0204620361328
353,0.0168151855469
354,0.0210723876953
355,0.0
356,0.0
357,0.0
358,0.000214576721191
359,0.00104236602783
360,0.00172805786133
361,0.00452041625977
362,0.00502014160156
363,0.00735473632812
364,0.0104751586914
365,0.0135345458984
366,0.0152053833008
367,0.0131988525391
368,0.0164642333984
369,0.0170440673828
370,0.0200500488281
371,0.0
372,0.0
373,0.0
374,0.000426292419434
375,0.00120830535889
376,0.00225257873535
377,0.00338935852051
378,0.0034236907959
379,0.00578308105469
380,0.00827026367188
381,0.00847625732422
382,0.012077331543
383,0.0149841308594
384,0.0154190063477
385,0.0203399658203
386,0.0205230712891
387,0.0
388,0.0
389,0.0
390,0.000638961791992
391,0.00182056427002
392,0.00301551818848
393,0.00393295288086
394,0.00479507446289
395,0.00801849365234
396,0.00891876220703
397,0.00997161865234
398,0.0148086547852
399,0.0173034667969
400,0.0165557861328
401,0.018310546875
402,0.0184326171875
403,0.0
404,0.0
405,0.0
406,0.000223755836487
407,0.000284910202026
408,0.000995635986328
409,0.00296211242676
410,0.00432586669922
411,0.00819396972656
412,0.00999450683594
413,0.0119018554688
414,0.0128860473633
415,0.0140762329102
416,0.0167846679688
417,0.0194091796875
418,0.0184936523438
419,0.0
420,0.0
421,0.0
422,0.000680923461914
423,0.000844955444336
424,0.00295448303223
425,0.00336074829102
426,0.00448989868164
427,0.00631332397461
428,0.00833892822266
429,0.00912475585938
430,0.0138244628906
431,0.0173950195312
432,0.0190887451172
433,0.0192413330078
434,0.0228424072266
435,0.0
436,0.0
437,0.0
438,0.000426769256592
439,0.00132846832275
440,0.00259208679199
441,0.00295448303223
442,0.00475692749023
443,0.00588226318359
444,0.00735855102539
445,0.00961303710938
446,0.00984954833984
447,0.0105667114258
448,0.0147933959961
449,0.0155334472656
450,0.0160064697266
451,0.0
452,0.0
453,0.0
454,0.000852584838867
455,0.000765323638916
456,0.00236892700195
457,0.00235939025879
458,0.00456619262695
459,0.00701522827148
460,0.00738143920898
461,0.00954437255859
462,0.0121002197266
463,0.0147552490234
464,0.0150604248047
465,0.0165557861328
466,0.0189361572266
467,0.0
468,0.0
469,0.0
470,0.000680446624756
471,0.00100517272949
472,0.00175094604492
473,0.0026969909668
474,0.00332641601562
475,0.00487518310547
476,0.00701141357422
477,0.00880432128906
478,0.01171875
479,0.0129623413086
480,0.014030456543
481,0.0148696899414
482,0.0196990966797
483,0.0
484,0.0
485,0.0
486,0.000758647918701
487,0.00100803375244
488,0.00247573852539
489,0.00420379638672
490,0.00353813171387
491,0.00582885742188
492,0.0110168457031
493,0.0121078491211
494,0.0137557983398
495,0.0160522460938
496,0.0169372558594
497,0.0185546875
498,0.0195007324219
499,0.0
500,0.0
501,0.0
502,0.000425577163696
503,0.00126457214355
504,0.00170135498047
505,0.00351715087891
506,0.00570678710938
507,0.00804901123047
508,0.00995635986328
509,0.0115966796875
510,0.0113754272461
511,0.0148620605469
512,0.0187530517578
513,0.0185852050781
514,0.0226745605469
515,0.0
516,0.0
517,0.0
518,0.0008544921875
519,0.00121402740479
520,0.00265884399414
521,0.00322532653809
522,0.00603485107422
523,0.00736236572266
524,0.010124206543
525,0.0127792358398
526,0.0141677856445
527,0.0172576904297
528,0.0188598632812
529,0.019775390625
530,0.018310546875
531,0.0
532,0.0
533,0.0
534,0.00042724609375
535,0.00142478942871
536,0.00389862060547
537,0.00504302978516
538,0.00513458251953
539,0.00777053833008
540,0.0113220214844
541,0.0151824951172
542,0.0159606933594
543,0.0209808349609
544,0.0187225341797
545,0.0206756591797
546,0.0201416015625
547,0.0
548,0.0
549,0.0
550,0.000256061553955
551,0.00159740447998
552,0.00222969055176
553,0.00477981567383
554,0.00681304931641
555,0.00811004638672
556,0.0102691650391
557,0.0105972290039
558,0.013427734375
559,0.0146331787109
560,0.0187683105469
561,0.0164489746094
562,0.0193481445312
563,0.0
564,0.0
565,0.0
566,0.000651836395264
567,0.00121688842773
568,0.00358200073242
569,0.00450134277344
570,0.00791931152344
571,0.00838470458984
572,0.00829315185547
573,0.0111465454102
574,0.0121383666992
575,0.0144500732422
576,0.0174865722656
577,0.0194396972656
578,0.0204315185547
579,0.0
580,0.0
581,0.0
582,0.000219106674194
583,0.00129222869873
584,0.00213623046875
585,0.00444412231445
586,0.00605392456055
587,0.00713348388672
588,0.00869750976562
589,0.00930023193359
590,0.0117340087891
591,0.0137786865234
592,0.0178070068359
593,0.0208892822266
594,0.0175323486328
595,0.0
596,0.0
597,0.0
598,0.000516891479492
599,0.00182628631592
600,0.00270080566406
601,0.00388717651367
602,0.00547409057617
603,0.00705718994141
604,0.00914001464844
605,0.00961303710938
606,0.0124359130859
607,0.0163421630859
608,0.0163726806641
609,0.0184478759766
610,0.0212249755859
611,0.0
612,0.0
613,0.0
614,0.000215172767639
615,0.00141906738281
616,0.0019588470459
617,0.00246620178223
618,0.00417709350586
619,0.00623321533203
620,0.008544921875
621,0.0100479125977
622,0.0106811523438
623,0.0125885009766
624,0.0153198242188
625,0.0152053833008
626,0.018310546875
627,0.0
628,0.0
629,0.0
630,0.00043249130249
631,0.00116539001465
632,0.00250625610352
633,0.0029182434082
634,0.0036678314209
635,0.00611877441406
636,0.00680160522461
637,0.00893402099609
638,0.010498046875
639,0.0115509033203
640,0.0145492553711
641,0.0153503417969
642,0.0174560546875
643,0.0
644,0.0
645,0.0
646,0.000640392303467
647,0.00130653381348
648,0.00205421447754
649,0.00509643554688
650,0.00690460205078
651,0.00806427001953
652,0.00969696044922
653,0.00859069824219
654,0.0115966796875
655,0.0125579833984
656,0.0137557983398
657,0.0147094726562
658,0.0179290771484
659,0.0
660,0.0
661,0.0
662,1.72853469849e-06
663,0.00036096572876
664,0.00251388549805
665,0.00322914123535
666,0.00508880615234
667,0.0068359375
668,0.00868225097656
669,0.0104904174805
670,0.01220703125
671,0.0136413574219
672,0.0142364501953
673,0.0168609619141
674,0.0160217285156
675,0.0
676,0.0
677,0.0
678,0.000431299209595
679,0.000736713409424
680,0.00248146057129
681,0.00425720214844
682,0.00537109375
683,0.00576782226562
684,0.00972747802734
685,0.0111999511719
686,0.0145263671875
687,0.0141143798828
688,0.0150756835938
689,0.0155410766602
690,0.0177917480469
691,0.0
692,0.0
693,0.0
694,0.000856399536133
695,0.00172233581543
696,0.00238800048828
697,0.00339889526367
698,0.00350570678711
699,0.00493621826172
700,0.00728607177734
701,0.00777053833008
702,0.00899505615234
703,0.0122604370117
704,0.0158233642578
705,0.0169219970703
706,0.0177612304688
707,0.0
708,0.0
709,0.0
710,0.000213980674744
711,0.00196838378906
712,0.00248336791992
713,0.0031909942627
714,0.00421905517578
715,0.00658798217773
716,0.00746536254883
717,0.0116806030273
718,0.0118408203125
719,0.0127563476562
720,0.0135192871094
721,0.0163726806641
722,0.0173950195312
723,0.0
724,0.0
725,0.0
726,0.000229120254517
727,0.00155544281006
728,0.00202369689941
729,0.00247764587402
730,0.0052490234375
731,0.00722122192383
732,0.0104293823242
733,0.010627746582
734,0.0109634399414
735,0.0129928588867
736,0.0144653320312
737,0.0172576904297
738,0.0173187255859
739,0.0
740,0.0
741,0.0
742,0.000478744506836
743,0.000596046447754
744,0.00191688537598
745,0.00402450561523
746,0.00642776489258
747,0.00784301757812
748,0.0091552734375
749,0.00991821289062
750,0.0137786865234
751,0.0152969360352
752,0.0196380615234
753,0.0214385986328
754,0.0225830078125
755,0.0
756,0.0
757,0.0
758,0.000225186347961
759,0.000665187835693
760,0.00212097167969
761,0.00313949584961
762,0.00503921508789
763,0.00691223144531
764,0.00811004638672
765,0.0102157592773
766,0.0136795043945
767,0.0138854980469
768,0.0148773193359
769,0.0171966552734
770,0.0183563232422
771,0.0
772,0.0
773,0.0
774,0.00043249130249
775,0.00160789489746
776,0.00277137756348
777,0.00370216369629
778,0.00546264648438
779,0.00712966918945
780,0.00846099853516
781,0.0102767944336
782,0.0133056640625
783,0.0170593261719
784,0.0157623291016
786,0.0180969238281
787,0.0210113525391
788,0.0
789,0.0
790,0.0
791,0.000643253326416
792,0.00035834312439
793,0.00187873840332
794,0.00309371948242
795,0.00393676757812
796,0.00530624389648
797,0.00686645507812
798,0.0073356628418
799,0.0110015869141
800,0.0117797851562
801,0.0146560668945
802,0.0184478759766
803,0.0186614990234
804,0.0
805,0.0
806,0.0
807,0.000639915466309
808,0.0010871887207
809,0.00247383117676
810,0.0034008026123
811,0.00478744506836
812,0.00664901733398
813,0.00852203369141
814,0.00982666015625
815,0.0118179321289
816,0.0126647949219
817,0.0139007568359
818,0.0164337158203
819,0.0202484130859
820,0.0
821,0.0
822,0.0
823,1.72853469849e-06
824,0.000594139099121
825,0.00186920166016
826,0.00320053100586
827,0.0046501159668
828,0.00814056396484
829,0.00935363769531
830,0.011116027832
831,0.0131301879883
832,0.0108642578125
833,0.0143051147461
834,0.0170135498047
835,0.0200042724609
836,0.0
837,0.0
838,0.0
839,0.000811100006104
840,0.00173091888428
841,0.00369262695312
842,0.00491333007812
843,0.00811004638672
844,0.00965118408203
845,0.00941467285156
846,0.0102844238281
847,0.0135879516602
848,0.0148544311523
849,0.0176391601562
850,0.0166168212891
851,0.0176849365234
852,0.0
853,0.0
854,0.0
855,0.000467777252197
856,0.00120639801025
857,0.00232887268066
858,0.00285720825195
859,0.00521087646484
860,0.00582885742188
861,0.0076789855957
862,0.00870513916016
863,0.00965118408203
864,0.0109024047852
865,0.0134506225586
866,0.0169830322266
867,0.0180969238281
868,0.0
869,0.0
870,0.0
871,0.00042724609375
872,0.000992774963379
873,0.00279808044434
874,0.00403594970703
875,0.00498580932617
876,0.0073356628418
877,0.0074348449707
878,0.0103149414062
879,0.0113754272461
880,0.011962890625
881,0.0134429931641
882,0.0162506103516
883,0.0197143554688
884,0.0
885,0.0
886,0.0
887,0.000680446624756
888,0.00118255615234
889,0.00127124786377
890,0.0028247833252
891,0.00416946411133
892,0.00478363037109
893,0.00593948364258
894,0.00882720947266
895,0.0107192993164
896,0.0123825073242
897,0.0154266357422
898,0.0161743164062
899,0.0184020996094
900,0.0
901,0.0
902,0.0
903,0.000296592712402
904,0.000917434692383
905,0.00147533416748
906,0.00307464599609
907,0.00444412231445
908,0.00700378417969
909,0.0100021362305
910,0.0103149414062
911,0.0106582641602
912,0.0148010253906
913,0.0166778564453
914,0.0186462402344
915,0.0180053710938
916,0.0
917,0.0
918,0.0
919,0.000216245651245
920,0.00127124786377
921,0.00216484069824
922,0.00366401672363
923,0.00611114501953
924,0.00687026977539
925,0.00869750976562
926,0.00947570800781
927,0.0112991333008
928,0.0133666992188
929,0.0149383544922
930,0.0147399902344
931,0.0182037353516
932,0.0
933,0.0
934,0.0
935,6.91413879395e-06
936,0.000921726226807
937,0.00179195404053
938,0.00289535522461
939,0.00529861450195
940,0.00652313232422
941,0.00786590576172
942,0.00850677490234
943,0.00971221923828
944,0.0121154785156
945,0.0112533569336
946,0.0145645141602
947,0.0179443359375
948,0.0
949,0.0
950,0.0
951,5.78165054321e-06
952,0.000429391860962
953,0.00169944763184
954,0.00414657592773
955,0.00606536865234
956,0.00917053222656
957,0.0113296508789
958,0.0149536132812
959,0.0138626098633
960,0.0130767822266
961,0.0141296386719
962,0.0161895751953
963,0.0153427124023
964,0.0
965,0.0
966,0.0
967,0.000213980674744
968,0.000303030014038
969,0.00174140930176
970,0.00221824645996
971,0.0032901763916
972,0.00796508789062
973,0.00754928588867
974,0.0086669921875
975,0.0105972290039
976,0.0124130249023
977,0.0150833129883
978,0.0174255371094
979,0.0194702148438
980,0.0
981,0.0
982,0.0
983,0.000722885131836
984,0.00152587890625
985,0.0029468536377
986,0.0046272277832
987,0.00615310668945
988,0.00700759887695
989,0.00923919677734
990,0.00791168212891
991,0.00925445556641
992,0.0115966796875
993,0.0140533447266
994,0.0146789550781
995,0.0171356201172
996,0.0
997,0.0
998,0.0
999,8.10623168945e-06
1000,0.000266790390015
1001,0.000688076019287
1002,0.00203895568848
1003,0.00368118286133
1004,0.00443267822266
1005,0.00660705566406
1006,0.00753402709961
1007,0.00999450683594
1008,0.0112075805664
1009,0.0130920410156
1010,0.0138092041016
1011,0.0172729492188
1012,0.0
1013,0.0
1014,0.0
1015,5.96046447754e-07
1016,0.000522136688232
1017,0.00167179107666
1018,0.00301742553711
1019,0.00497817993164
1020,0.00572204589844
1021,0.0068359375
1022,0.00833892822266
1023,0.0108261108398
1024,0.0117034912109
1025,0.0156173706055
1026,0.0180816650391
1027,0.0213470458984
1028,0.0
1029,0.0
1030,0.0
1031,0.000641822814941
1032,0.00157642364502
1033,0.00261878967285
1034,0.00414657592773
1035,0.00571823120117
1036,0.00619506835938
1037,0.00994110107422
1038,0.0115966796875
1039,0.0148849487305
1040,0.0149993896484
1041,0.017333984375
1042,0.0186309814453
1043,0.0202178955078
1044,0.0
1045,0.0
1046,0.0
1047,4.73260879517e-05
1048,0.0006422996521
1049,0.00152397155762
1050,0.00295448303223
1051,0.00430679321289
1052,0.00586700439453
1053,0.00818634033203
1054,0.00968170166016
1055,0.0105819702148
1056,0.0113143920898
1057,0.0115051269531
1058,0.013916015625
1059,0.0169830322266
1060,0.0
1061,0.0
1062,0.0
1063,1.09672546387e-05
1064,6.94394111633e-05
1065,0.000485897064209
1066,0.00200653076172
1067,0.00322914123535
1068,0.00421524047852
1069,0.00553894042969
1070,0.00678253173828
1071,0.00920867919922
1072,0.00965118408203
1073,0.010986328125
1074,0.0113906860352
1075,0.0130844116211
1076,0.0
1077,0.0
1078,0.0
1079,5.96046447754e-07
1080,0.00021493434906
1081,0.000862121582031
1082,0.0020580291748
1083,0.00361061096191
1084,0.00556564331055
1085,0.00765609741211
1086,0.00968933105469
1087,0.008544921875
1088,0.0124664306641
1089,0.0111770629883
1090,0.0121078491211
1091,0.0143051147461
1092,0.0
1093,0.0
1094,0.0
1095,5.96046447754e-07
1096,0.000282764434814
1097,0.00171375274658
1098,0.0031681060791
1099,0.00420761108398
1100,0.00586700439453
1101,0.00785827636719
1102,0.00722122192383
1103,0.0100402832031
1104,0.0115966796875
1105,0.0120162963867
1106,0.0116653442383
1107,0.0140609741211
1108,0.0
1109,0.0
1110,0.0
1111,1.38282775879e-05
1112,0.000668048858643
1113,0.0010461807251
1114,0.00116348266602
1115,0.00299453735352
1116,0.00435256958008
1117,0.00510787963867
1118,0.00624465942383
1119,0.00738906860352
1120,0.00946807861328
1121,0.011589050293
1122,0.0134353637695
1123,0.0144882202148
1124,0.0
1125,0.0
1126,0.0
1127,1.34706497192e-05
1128,0.000691890716553
1129,0.00177764892578
1130,0.00300788879395
1131,0.00539016723633
1132,0.00607299804688
1133,0.00910949707031
1134,0.010627746582
1135,0.0130996704102
1136,0.014289855957
1137,0.0140533447266
1138,0.0139007568359
1139,0.0164489746094
1140,0.0
1141,0.0
1142,0.0
1143,5.96046447754e-07
1144,0.000754356384277
1145,0.0013599395752
1146,0.00144004821777
1147,0.00447082519531
1148,0.00582504272461
1149,0.00742340087891
1150,0.00888061523438
1151,0.00861358642578
1152,0.00817108154297
1153,0.0109252929688
1154,0.0127182006836
1155,0.0154418945312
1156,0.0
1157,0.0
1158,0.0
1159,1.90734863281e-05
1160,0.000179052352905
1161,0.00072193145752
1162,0.00139427185059
1163,0.00313186645508
1164,0.00577926635742
1165,0.00665664672852
1166,0.00746154785156
1167,0.00807189941406
1168,0.0117797851562
1169,0.0140075683594
1170,0.0168609619141
1171,0.0168762207031
1172,0.0
1173,0.0
1174,0.0
1175,1.20997428894e-05
1176,0.000250816345215
1177,0.00133991241455
1178,0.00162124633789
1179,0.00259208679199
1180,0.00376319885254
1181,0.0052604675293
1182,0.00770950317383
1183,0.00752639770508
1184,0.010009765625
1185,0.0122909545898
1186,0.0140533447266
1187,0.0140762329102
1188,0.0
1189,0.0
1190,0.0
1191,1.7523765564e-05
1192,0.00065279006958
1193,0.00195693969727
1194,0.0037670135498
1195,0.00403213500977
1196,0.00463104248047
1197,0.00752258300781
1198,0.00938415527344
1199,0.010986328125
1200,0.0120391845703
1201,0.0121612548828
1202,0.0131607055664
1203,0.0193481445312
1204,0.0
1205,0.0
1206,0.0
1207,1.13248825073e-06
1208,0.000843048095703
1209,0.00160789489746
1210,0.00142478942871
1211,0.00249290466309
1212,0.00356864929199
1213,0.00618743896484
1214,0.00968170166016
1215,0.00908660888672
1216,0.0108032226562
1217,0.0131607055664
1218,0.0119934082031
1219,0.0134582519531
1220,0.0
1221,0.0
1222,0.0
1223,1.13248825073e-06
1224,0.000475883483887
1225,0.00131130218506
1226,0.00233268737793
1227,0.00249099731445
1228,0.00373077392578
1229,0.00515365600586
1230,0.00672912597656
1231,0.00968170166016
1232,0.0116119384766
1233,0.0148544311523
1234,0.0143966674805
1235,0.0143661499023
1236,0.0
1237,0.0
1238,0.0
1239,1.13248825073e-06
1240,0.000198721885681
1241,0.000522136688232
1242,0.00133037567139
1243,0.0040283203125
1244,0.00432586669922
1245,0.00641250610352
1246,0.00774765014648
1247,0.0114517211914
1248,0.0138473510742
1249,0.014274597168
1250,0.0165252685547
1251,0.0174713134766
1252,0.0
1253,0.0
1254,0.0
1255,5.78165054321e-06
1256,0.000487089157104
1257,0.0017261505127
1258,0.00291061401367
1259,0.00300788879395
1260,0.00326728820801
1261,0.00622940063477
1262,0.00751876831055
1263,0.00844573974609
1264,0.0114288330078
1265,0.0144500732422
1266,0.0152359008789
1267,0.0163116455078
1268,0.0
1269,0.0
1270,0.0
1271,6.91413879395e-06
1272,0.000328302383423
1273,0.000776767730713
1274,0.00234222412109
1275,0.00321960449219
1276,0.00534439086914
1277,0.00874328613281
1278,0.00897216796875
1279,0.01318359375
1280,0.0144348144531
1281,0.0160522460938
1282,0.0161285400391
1283,0.0178680419922
1284,0.0
1285,0.0
1286,0.0
1287,1.13248825073e-06
1288,0.00050687789917
1289,0.00086498260498
1290,0.00336647033691
1291,0.00246429443359
1292,0.00505447387695
1293,0.00717163085938
1294,0.00869750976562
1295,0.0109024047852
1296,0.0122375488281
1297,0.0135345458984
1298,0.0139694213867
1299,0.0146865844727
1300,0.0
1301,0.0
1302,0.0
1303,2.32458114624e-06
1304,0.000441074371338
1305,0.00108051300049
1306,0.00260353088379
1307,0.0052375793457
1308,0.00817108154297
1309,0.00767517089844
1310,0.00646209716797
1311,0.00827789306641
1312,0.00949859619141
1313,0.0129470825195
1314,0.014274597168
1315,0.0141220092773
1316,0.0
1317,0.0
1318,0.0
1319,8.64267349243e-06
1320,6.2882900238e-05
1321,0.00108909606934
1322,0.00146198272705
1323,0.00317573547363
1324,0.00382423400879
1325,0.00393676757812
1326,0.00603103637695
1327,0.00748443603516
1328,0.00905609130859
1329,0.0113143920898
1330,0.011833190918
1331,0.0120620727539
1332,0.0
1333,0.0
1334,0.0
1335,4.2736530304e-05
1336,0.00016987323761
1337,0.000626564025879
1338,0.00142478942871
1339,0.00428771972656
1340,0.00487518310547
1341,0.00562286376953
1342,0.00776290893555
1343,0.0100784301758
1344,0.0138931274414
1345,0.0129928588867
1346,0.0138549804688
1347,0.0165100097656
1348,0.0
1349,0.0
1350,0.0
1351,1.72853469849e-06
1352,0.000340461730957
1353,0.000551700592041
1354,0.00139141082764
1355,0.00266075134277
1356,0.00368118286133
1357,0.00687408447266
1358,0.00652313232422
1359,0.00792694091797
1360,0.00960540771484
1361,0.00968170166016
1362,0.0122222900391
1363,0.0135345458984
1364,0.0
1365,0.0
1366,0.0
1367,8.36849212646e-05
1368,0.000269174575806
1369,0.000508308410645
1370,0.00150489807129
1371,0.0020923614502
1372,0.00358581542969
1373,0.00405502319336
1374,0.00640869140625
1375,0.00632476806641
1376,0.00820922851562
1377,0.0100479125977
1378,0.010856628418
1379,0.0134658813477
1380,0.0
1381,0.0
1382,0.0
1383,2.13384628296e-05
1384,0.000158548355103
1385,0.000967025756836
1386,0.00220680236816
1387,0.0032787322998
1388,0.00428771972656
1389,0.00564193725586
1390,0.00798797607422
1391,0.00791931152344
1392,0.0105895996094
1393,0.0158538818359
1394,0.0166625976562
1395,0.0175628662109
1396,0.0
1397,0.0
1398,0.0
1399,6.31809234619e-06
1400,0.000644683837891
1401,0.00235366821289
1402,0.00328636169434
1403,0.00434112548828
1404,0.00569152832031
1405,0.00687408447266
1406,0.00832366943359
1407,0.00828552246094
1408,0.00977325439453
1409,0.0115737915039
1410,0.0119094848633
1411,0.0134735107422
1412,0.0
1413,0.0
1414,0.0
1415,4.79221343994e-05
1416,0.000356435775757
1417,0.000833034515381
1418,0.00366973876953
1419,0.00460052490234
1420,0.00531005859375
1421,0.00695419311523
1422,0.00891876220703
1423,0.0111389160156
1424,0.00980377197266
1425,0.0132827758789
1426,0.0137405395508
1427,0.0170288085938
1428,0.0
1429,0.0
1430,0.0
1431,7.5101852417e-06
1432,0.000428915023804
1433,0.00147151947021
1434,0.00206756591797
1435,0.00455093383789
1436,0.00626373291016
1437,0.00785827636719
1438,0.00825500488281
1439,0.0107727050781
1440,0.0104293823242
1441,0.0128936767578
1442,0.0130233764648
1443,0.0133285522461
1444,0.0
1445,0.0
1446,0.0
1447,0.000208377838135
1448,0.000458240509033
1449,0.000825881958008
1450,0.00247383117676
1451,0.00320816040039
1452,0.00556182861328
1453,0.00705718994141
1454,0.0063362121582
1455,0.00884246826172
1456,0.0113525390625
1457,0.01220703125
1458,0.0126876831055
1459,0.0157012939453
1460,0.0
1461,0.0
1462,0.0
1463,1.13248825073e-06
1464,0.000728130340576
1465,0.00134944915771
1466,0.00173282623291
1467,0.00229072570801
1468,0.00262641906738
1469,0.00453567504883
1470,0.0074348449707
1471,0.00948333740234
1472,0.00901031494141
1473,0.00995635986328
1474,0.0107727050781
1475,0.0139541625977
1476,0.0
1477,0.0
1478,0.0
1479,6.91413879395e-06
1480,4.44650650024e-05
1481,0.000853061676025
1482,0.00203704833984
1483,0.00226402282715
1484,0.0037899017334
1485,0.0065803527832
1486,0.0079345703125
1487,0.00882720947266
1488,0.00999450683594
1489,0.0123977661133
1490,0.0136947631836
1491,0.0136260986328
1492,0.0
1493,0.0
1494,0.0
1495,6.91413879395e-06
1496,0.000203132629395
1497,0.000852584838867
1498,0.00258445739746
1499,0.00362586975098
1500,0.00641250610352
1501,0.00745391845703
1502,0.0105056762695
1503,0.011116027832
1504,0.0109481811523
1505,0.0128479003906
1506,0.0143585205078
1507,0.0146179199219
1508,0.0
1509,0.0
1510,0.0
1511,1.4066696167e-05
1512,0.000218987464905
1513,0.000607967376709
1514,0.0017261505127
1515,0.00450134277344
1516,0.00551223754883
1517,0.00565338134766
1518,0.00700759887695
1519,0.00680160522461
1520,0.00773239135742
1521,0.0110015869141
1522,0.0120162963867
1523,0.0143661499023
1524,0.0
1525,0.0
1526,0.0
1527,1.72853469849e-06
1528,8.30888748169e-05
1529,0.000813007354736
1530,0.00109958648682
1531,0.00185489654541
1532,0.00377082824707
1533,0.00442504882812
1534,0.00672912597656
1535,0.00748062133789
1536,0.0109176635742
1537,0.0131301879883
1538,0.0164947509766
1539,0.0189056396484
1540,0.0
1541,0.0
1542,0.0
1543,1.13248825073e-06
1544,0.000356674194336
1545,0.00062084197998
1546,0.00218772888184
1547,0.00313186645508
1548,0.00515365600586
1549,0.00704956054688
1550,0.0084228515625
1551,0.00931549072266
1552,0.00965881347656
1553,0.0126419067383
1554,0.0137557983398
1555,0.0146789550781
1556,0.0
1557,0.0
1558,0.0
1559,1.72853469849e-06
1560,0.000118315219879
1561,0.000570774078369
1562,0.00223350524902
1563,0.00363159179688
38319,0.0129852294922
38320,0.0163726806641
38322,0.0168914794922
38323,0.0179290771484
38324,0.0
38325,0.0
38326,0.0
38327,1.72853469849e-06
38328,0.000200510025024
38329,0.000794887542725
38330,0.00229644775391
38331,0.00443649291992
38332,0.00601577758789
38333,0.00893402099609
38334,0.00984954833984
38335,0.0119094848633
38336,0.0134887695312
38337,0.0148696899414
38338,0.0184020996094
38339,0.0187835693359
38340,0.0
38341,0.0
38342,0.0
38343,6.16312026978e-05
38344,0.000483989715576
38345,0.00148105621338
38346,0.00279426574707
38347,0.00369644165039
38348,0.00584411621094
38349,0.0067253112793
38350,0.00917053222656
38351,0.0128707885742
38352,0.0160827636719
38353,0.0154495239258
38354,0.0179595947266
38355,0.0201263427734
38356,0.0
38357,0.0
38358,0.0
38359,5.96046447754e-07
38360,0.000394105911255
38361,0.0011100769043
38362,0.0023193359375
38363,0.00413513183594
38364,0.00543975830078
38365,0.00774002075195
38366,0.00957489013672
38367,0.0122299194336
38368,0.0149765014648
38369,0.0169982910156
38370,0.0186462402344
38371,0.0188140869141
38372,0.0
38373,0.0
38374,0.0
38375,4.21404838562e-05
38376,0.000171661376953
38377,0.00116539001465
38378,0.00198554992676
38379,0.00293350219727
38380,0.00405120849609
38381,0.00576782226562
38382,0.00786590576172
38383,0.0102920532227
38384,0.0129013061523
38385,0.0157928466797
38386,0.0202941894531
38387,0.0197296142578
38388,0.0
38389,0.0
38390,0.0
38391,6.90817832947e-05
38392,0.000771522521973
38393,0.00164699554443
38394,0.00358390808105
38395,0.00448608398438
38396,0.00605392456055
38397,0.00801086425781
38398,0.00939178466797
38399,0.010871887207
38400,0.0142822265625
38401,0.0154571533203
38402,0.0199279785156
38403,0.0219421386719
38404,0.0
38405,0.0
38406,0.0
38407,5.31077384949e-05
38408,0.000200986862183
38409,0.00110721588135
38410,0.00274085998535
38411,0.00392913818359
38412,0.00728225708008
38413,0.00825500488281
38414,0.0107955932617
38415,0.0140380859375
38416,0.0138931274414
38417,0.0148086547852
38418,0.0196838378906
38419,0.0206909179688
38420,0.0
38421,0.0
38422,0.0
38423,4.21404838562e-05
38424,6.86645507812e-05
38425,0.000763416290283
38426,0.00222396850586
38427,0.00518798828125
38428,0.00641632080078
38429,0.00713348388672
38430,0.00949096679688
38431,0.0119857788086
38432,0.0160522460938
38433,0.0171966552734
38434,0.0207824707031
38435,0.0223999023438
38436,0.0
38437,0.0
38438,0.0
38439,0.000215649604797
38440,0.000472784042358
38441,0.0023078918457
38442,0.00341033935547
38443,0.00410842895508
38444,0.00776290893555
38445,0.00828552246094
38446,0.00991058349609
38447,0.0137023925781
38448,0.0161590576172
38449,0.0185852050781
38450,0.0181274414062
38451,0.0191345214844
38452,0.0
38453,0.0
38454,0.0
38455,0.000115275382996
38456,0.000693321228027
38457,0.00203895568848
38458,0.00258827209473
38459,0.00366020202637
38460,0.00576400756836
38461,0.00777435302734
38462,0.00973510742188
38463,0.012077331543
38464,0.0140533447266
38465,0.0148162841797
38466,0.01806640625
38467,0.0174255371094
38468,0.0
38469,0.0
38470,0.0
38471,0.000284433364868
38472,0.000590801239014
38473,0.00148391723633
38474,0.00360298156738
38475,0.00537109375
38476,0.00647354125977
38477,0.00885009765625
38478,0.0110473632812
38479,0.0122985839844
38480,0.0137329101562
38481,0.0156021118164
38482,0.0172882080078
38483,0.0201416015625
38484,0.0
38485,0.0
38486,0.0
38487,5.96046447754e-07
38488,0.000266551971436
38489,0.000593185424805
38490,0.00142288208008
38491,0.00299835205078
38492,0.00411605834961
38493,0.00646591186523
38494,0.00787353515625
38495,0.0110702514648
38496,0.0116882324219
38497,0.0164794921875
38498,0.0176544189453
38499,0.01806640625
38500,0.0
38501,0.0
38502,0.0
38503,5.3882598877e-05
38504,0.000405788421631
38505,0.00145530700684
38506,0.00274276733398
38507,0.0033073425293
38508,0.00632095336914
38509,0.00769805908203
38510,0.00897216796875
38511,0.0091552734375
38512,0.010871887207
38513,0.0129852294922
38514,0.014518737793
38515,0.0184173583984
38516,0.0
38517,0.0
38518,0.0
38519,3.9279460907e-05
38520,0.000344276428223
38521,0.00129985809326
38522,0.00263404846191
38523,0.00405502319336
38524,0.00550842285156
38525,0.00768280029297
38526,0.0100555419922
38527,0.0134735107422
38528,0.0155410766602
38529,0.0173492431641
38530,0.0187683105469
38531,0.0214385986328
38532,0.0
38533,0.0
38534,0.0
38535,2.32458114624e-06
38536,0.000156879425049
38537,0.00136184692383
38538,0.0024242401123
38539,0.00400924682617
38540,0.00611114501953
38541,0.00635147094727
38542,0.00797271728516
38543,0.00889587402344
38544,0.0117950439453
38545,0.0144119262695
38546,0.0165710449219
38547,0.0190582275391
38548,0.0
38549,0.0
38550,0.0
38551,2.63452529907e-05
38552,0.000483989715576
38553,0.00108528137207
38554,0.00251007080078
38555,0.00407028198242
38556,0.0056037902832
38557,0.00730514526367
38558,0.009521484375
38559,0.00981903076172
38560,0.0147476196289
38561,0.0164642333984
38562,0.0177001953125
38563,0.0201110839844
38564,0.0
38565,0.0
38566,0.0
38567,5.96046447754e-07
38568,0.000381708145142
38569,0.00124073028564
38570,0.00239944458008
38571,0.00404357910156
38572,0.00632095336914
38573,0.00828552246094
38574,0.0100631713867
38575,0.0109939575195
38576,0.0128173828125
38577,0.0146713256836
38578,0.0181274414062
38579,0.0197143554688
38580,0.0
38581,0.0
38582,0.0
38583,1.4066696167e-05
38584,0.000143766403198
38585,0.000633239746094
38586,0.0023365020752
38587,0.00378227233887
38588,0.00571060180664
38589,0.00800323486328
38590,0.00957489013672
38591,0.0123901367188
38592,0.0132751464844
38593,0.0150451660156
38594,0.0189208984375
38595,0.0205535888672
38596,0.0
38597,0.0
38598,0.0
38599,0.00010085105896
38600,0.000522613525391
38601,0.00105857849121
38602,0.00327682495117
38603,0.00452041625977
38604,0.00648880004883
38605,0.00762557983398
38606,0.00949096679688
38607,0.0110702514648
38608,0.0117721557617
38609,0.0150833129883
38610,0.0175018310547
38611,0.0207061767578
38612,0.0
38613,0.0
38614,0.0
38615,1.72853469849e-06
38616,0.000465154647827
38617,0.000796794891357
38618,0.00203704833984
38619,0.00432586669922
38620,0.00469207763672
38621,0.00617980957031
38622,0.00862884521484
38623,0.00998687744141
38624,0.0119705200195
38625,0.0140762329102
38626,0.0166931152344
38627,0.0220184326172
38628,0.0
38629,0.0
38630,0.0
38631,1.86562538147e-05
38632,0.00044584274292
38633,0.00100231170654
38634,0.00165843963623
38635,0.00291442871094
38636,0.00433731079102
38637,0.00655746459961
38638,0.00750350952148
38639,0.00871276855469
38640,0.0109558105469
38641,0.013427734375
38642,0.0167999267578
38643,0.0173950195312
38644,0.0
38645,0.0
38646,0.0
38647,2.32458114624e-06
38648,3.60012054443e-05
38649,0.000984191894531
38650,0.00270843505859
38651,0.00233459472656
38652,0.00500869750977
38653,0.00771713256836
38654,0.00809478759766
38655,0.0105438232422
38656,0.0109558105469
38657,0.0139999389648
38658,0.0162353515625
38659,0.0183563232422
38660,0.0
38661,0.0
38662,0.0
38663,4.38690185547e-05
38664,0.000219702720642
38665,0.000840187072754
38666,0.00144863128662
38667,0.00273895263672
38668,0.00462341308594
38669,0.00730514526367
38670,0.00738525390625
38671,0.00850677490234
38672,0.0114059448242
38673,0.0130996704102
38674,0.013786315918
38675,0.0157928466797
38676,0.0
38677,0.0
38678,0.0
38679,5.78165054321e-06
38680,0.000471115112305
38681,0.00131797790527
38682,0.00222778320312
38683,0.00435256958008
38684,0.00643920898438
38685,0.00820159912109
38686,0.00959777832031
38687,0.0126266479492
38688,0.0128173828125
38689,0.0158081054688
38690,0.01806640625
38691,0.0179138183594
38692,0.0
38693,0.0
38694,0.0
38695,1.13248825073e-06
38696,0.000458240509033
38697,0.00117969512939
38698,0.00230598449707
38699,0.00295829772949
38700,0.0056037902832
38701,0.00722122192383
38702,0.00942230224609
38703,0.0134811401367
38704,0.0139617919922
38705,0.0148391723633
38706,0.0185699462891
38707,0.0193634033203
38708,0.0
38709,0.0
38710,0.0
38711,3.75509262085e-05
38712,0.00056266784668
38713,0.000824451446533
38714,0.00174713134766
38715,0.00357246398926
38716,0.00603103637695
38717,0.00914001464844
38718,0.00868225097656
38719,0.0124053955078
38720,0.014289855957
38721,0.0141525268555
38722,0.015869140625
38723,0.0182952880859
38724,0.0
38725,0.0
38726,0.0
38727,8.30888748169e-05
38728,0.000274658203125
38729,0.00101375579834
38730,0.00174617767334
38731,0.00359535217285
38732,0.00591659545898
38733,0.00873565673828
38734,0.00855255126953
38735,0.0120162963867
38736,0.0139007568359
38737,0.016357421875
38738,0.0166778564453
38739,0.0183563232422
38740,0.0
38741,0.0
38742,0.0
38743,4.84585762024e-05
38744,0.00059986114502
38745,0.00104713439941
38746,0.00156688690186
38747,0.00368499755859
38748,0.00561904907227
38749,0.00813293457031
38750,0.00936126708984
38751,0.0117263793945
38752,0.0150299072266
38753,0.0151290893555
38754,0.0147247314453
38755,0.0187530517578
38756,0.0
38757,0.0
38758,0.0
38759,6.79492950439e-05
38760,0.000298500061035
38761,0.00118160247803
38762,0.00196266174316
38763,0.00343704223633
38764,0.00463104248047
38765,0.00717163085938
38766,0.00923156738281
38767,0.0118408203125
38768,0.0139465332031
38769,0.0173950195312
38770,0.0204162597656
38771,0.0222473144531
38772,0.0
38773,0.0
38774,0.0
38775,3.45706939697e-06
38776,0.000329494476318
38777,0.000950813293457
38778,0.00209617614746
38779,0.00411605834961
38780,0.00624847412109
38781,0.00807189941406
38782,0.0119552612305
38783,0.0133819580078
38784,0.0146713256836
38785,0.0157318115234
38786,0.0195159912109
38787,0.0207366943359
38788,0.0
38789,0.0
38790,0.0
38791,1.72853469849e-06
38792,0.000370025634766
38793,0.00106048583984
38794,0.00166797637939
38795,0.00359725952148
38796,0.00654220581055
38797,0.00877380371094
38798,0.0105209350586
38799,0.0131301879883
38800,0.0164794921875
38801,0.0165557861328
38802,0.0175170898438
38803,0.0185241699219
38804,0.0
38805,0.0
38806,0.0
38807,5.96046447754e-07
38808,6.52074813843e-05
38809,0.000887393951416
38810,0.00259017944336
38811,0.00360679626465
38812,0.0057258605957
38813,0.00752258300781
38814,0.00853729248047
38815,0.009521484375
38816,0.0122375488281
38817,0.0154800415039
38818,0.0166473388672
38819,0.0215454101562
38820,0.0
38821,0.0
38822,0.0
38823,1.98483467102e-05
38824,0.000734329223633
38825,0.00156116485596
38826,0.00274658203125
38827,0.00379943847656
38828,0.00492477416992
38829,0.00806427001953
38830,0.00960540771484
38831,0.0114974975586
38832,0.0142822265625
38833,0.0166015625
38834,0.0175323486328
38835,0.020263671875
38836,0.0
38837,0.0
38838,0.0
38839,1.72853469849e-06
38840,0.000222682952881
38841,0.00125980377197
38842,0.00294876098633
38843,0.0040168762207
38844,0.00643539428711
38845,0.00798034667969
38846,0.0109252929688
38847,0.0110397338867
38848,0.0134429931641
38849,0.0155792236328
38850,0.0174407958984
38851,0.0189666748047
38852,0.0
38853,0.0
38854,0.0
38855,1.13248825073e-06
38856,0.000231862068176
38857,0.000690937042236
38858,0.00207901000977
38859,0.00368499755859
38860,0.00543594360352
38861,0.0069465637207
38862,0.00760650634766
38863,0.00958251953125
38864,0.0126037597656
38865,0.0145721435547
38866,0.0164947509766
38867,0.0172271728516
38868,0.0
38869,0.0
38870,0.0
38871,1.460313797e-05
38872,0.000132322311401
38873,0.00118255615234
38874,0.0032787322998
38875,0.00369644165039
38876,0.00640487670898
38877,0.00800323486328
38878,0.0104293823242
38879,0.0110702514648
38880,0.0146713256836
38881,0.0146026611328
38882,0.0155487060547
38883,0.0192260742188
38884,0.0
38885,0.0
38886,0.0
38887,0.000362873077393
38888,0.000921726226807
38889,0.000623226165771
38890,0.00201034545898
38891,0.00373649597168
38892,0.00490951538086
38893,0.00843811035156
38894,0.010986328125
38895,0.0124816894531
38896,0.0143966674805
38897,0.0167846679688
38898,0.0180358886719
38899,0.0191345214844
38900,0.0
38901,0.0
38902,0.0
38903,3.03983688354e-05
38904,0.000384569168091
38905,0.000835418701172
38906,0.00284385681152
38907,0.00399398803711
38908,0.00492477416992
38909,0.00736236572266
38910,0.00852203369141
38911,0.0113296508789
38912,0.0132217407227
38913,0.0135498046875
38914,0.0163269042969
38915,0.0181121826172
38916,0.0
38917,0.0
38918,0.0
38919,1.13248825073e-06
38920,0.000184297561646
38921,0.00114440917969
38922,0.00197601318359
38923,0.00296974182129
38924,0.00416946411133
38925,0.00617980957031
38926,0.0114669799805
38927,0.0116806030273
38928,0.0143356323242
38929,0.0162811279297
38930,0.0181579589844
38931,0.0177001953125
38932,0.0
38933,0.0
38934,0.0
38935,2.521276474e-05
38936,0.000679492950439
38937,0.00102043151855
38938,0.00263595581055
38939,0.00363540649414
38940,0.00528335571289
38941,0.00797271728516
38942,0.0100021362305
38943,0.013053894043
38944,0.0125274658203
38945,0.0157012939453
38946,0.0164947509766
38947,0.0210266113281
38948,0.0
38949,0.0
38950,0.0
38951,1.13248825073e-06
38952,0.00027871131897
38953,0.000830173492432
38954,0.00238609313965
38955,0.00347518920898
38956,0.00592803955078
38957,0.00829315185547
38958,0.00718307495117
38959,0.00923156738281
38960,0.0113906860352
38961,0.0142822265625
38962,0.0158081054688
38963,0.0180816650391
38964,0.0
38965,0.0
38966,0.0
38967,2.521276474e-05
38968,0.000411987304688
38969,0.0012264251709
38970,0.00226402282715
38971,0.00355911254883
38972,0.00654220581055
38973,0.00916290283203
38974,0.0102615356445
38975,0.0127487182617
38976,0.0126113891602
38977,0.0149154663086
38978,0.0164184570312
38979,0.0171508789062
38980,0.0
38981,0.0
38982,0.0
38983,1.13248825073e-06
38984,0.00015127658844
38985,0.00165939331055
38986,0.00235366821289
38987,0.00407791137695
38988,0.00545120239258
38989,0.00784301757812
38990,0.0112762451172
38991,0.0111923217773
38992,0.0133590698242
38993,0.0152130126953
38994,0.016357421875
38995,0.0206146240234
38996,0.0
38997,0.0
38998,0.0
38999,5.78165054321e-06
39000,0.000307559967041
39001,0.00113105773926
39002,0.00147533416748
39003,0.00224304199219
39004,0.00473785400391
39005,0.00731658935547
39006,0.0100479125977
39007,0.01171875
39008,0.012809753418
39009,0.0166320800781
39010,0.0170745849609
39011,0.020263671875
39012,0.0
39013,0.0
39014,0.0
39015,1.4066696167e-05
39016,0.000186085700989
39017,0.00149250030518
39018,0.00312423706055
39019,0.00399017333984
39020,0.00542449951172
39021,0.00794982910156
39022,0.00849151611328
39023,0.0110855102539
39024,0.0123138427734
39025,0.013427734375
39026,0.0154190063477
39027,0.0175628662109
39028,0.0
39029,0.0
39030,0.0
39031,3.03983688354e-05
39032,0.000716686248779
39033,0.0013599395752
39034,0.00260925292969
39035,0.00489044189453
39036,0.00552368164062
39037,0.00782775878906
39038,0.0102310180664
39039,0.0125503540039
39040,0.0143890380859
39041,0.0152282714844
39042,0.01708984375
39043,0.0191345214844
39044,0.0
39045,0.0
39046,0.0
39047,4.2736530304e-05
39048,0.000272274017334
39049,0.000709533691406
39050,0.00211334228516
39051,0.00540161132812
39052,0.00661849975586
39053,0.00991058349609
39054,0.0120697021484
39055,0.0134429931641
39056,0.0155334472656
39057,0.0180053710938
39058,0.0191040039062
39059,0.0208740234375
39060,0.0
39061,0.0
39062,0.0
39063,1.13248825073e-06
39064,0.000475406646729
39065,0.000918865203857
39066,0.00198173522949
39067,0.00296401977539
39068,0.00568771362305
39069,0.00716781616211
39070,0.00971984863281
39071,0.012077331543
39072,0.0138931274414
39073,0.01611328125
39074,0.0156097412109
39075,0.0174560546875
39076,0.0
39077,0.0
39078,0.0
39079,0.000431299209595
39080,0.000641822814941
39081,0.0017671585083
39082,0.0030574798584
39083,0.00456619262695
39084,0.00672912597656
39085,0.00937652587891
39086,0.0121688842773
39087,0.0142135620117
39088,0.015869140625
39089,0.0196685791016
39090,0.0205078125
39091,0.0196228027344
39092,0.0
39093,0.0
39094,0.0
39095,0.000125765800476
39096,0.000165820121765
39097,0.00142765045166
39098,0.00249290466309
39099,0.00330352783203
39100,0.0068473815918
39101,0.00848388671875
39102,0.00922393798828
39104,0.0101699829102
39105,0.0114364624023
39106,0.0148849487305
39107,0.0175018310547
39108,0.0195465087891
39109,0.0
39110,0.0
39111,0.0
39112,1.13248825073e-06
39113,0.0003502368927
39114,0.000482797622681
39115,0.00317573547363
39116,0.00478363037109
39117,0.00602340698242
39118,0.00948333740234
39119,0.0109481811523
39120,0.0129928588867
39121,0.015625
39122,0.0178680419922
39123,0.0185546875
39124,0.0218658447266
39125,0.0
39126,0.0
39127,0.0
39128,5.78165054321e-06
39129,0.000501155853271
39130,0.00197982788086
39131,0.00300025939941
39132,0.00449371337891
39133,0.00654602050781
39134,0.00875091552734
39135,0.01220703125
39136,0.0128555297852
39137,0.0173187255859
39138,0.0192565917969
39139,0.0193786621094
39140,0.0203247070312
39141,0.0
39142,0.0
39143,0.0
39144,2.46167182922e-05
39145,0.000367164611816
39146,0.0015926361084
39147,0.00161838531494
39148,0.00381660461426
39149,0.00493621826172
39150,0.00750350952148
39151,0.00883483886719
39152,0.0106887817383
39153,0.0142593383789
39154,0.0139236450195
39155,0.0151519775391
39156,0.0188598632812
39157,0.0
39158,0.0
39159,0.0
39160,6.91413879395e-06
39161,0.000205516815186
39162,0.00120544433594
39163,0.00317573547363
39164,0.00570678710938
39165,0.00718307495117
39166,0.00836181640625
39167,0.0102157592773
39168,0.0112380981445
39169,0.0134429931641
39170,0.0163726806641
39171,0.0208740234375
39172,0.0203247070312
39173,0.0
39174,0.0
39175,0.0
39176,1.86562538147e-05
39177,0.000254154205322
39178,0.00102710723877
39179,0.00229072570801
39180,0.00394058227539
39181,0.00573348999023
39182,0.00871276855469
39183,0.0101776123047
39184,0.0114974975586
39185,0.0130233764648
39186,0.0150527954102
39187,0.0194244384766
39188,0.0204010009766
39189,0.0
39190,0.0
39191,0.0
39192,2.63452529907e-05
39193,0.000570297241211
39194,0.00136756896973
39195,0.00250434875488
39196,0.00397491455078
39197,0.00514221191406
39198,0.00717163085938
39199,0.0100708007812
39200,0.0130004882812
39201,0.0153732299805
39202,0.0177459716797
39203,0.0196533203125
39204,0.0218048095703
39205,0.0
39206,0.0
39207,0.0
39208,2.58088111877e-05
39209,0.000516891479492
39210,0.00131607055664
39211,0.00202369689941
39212,0.00366401672363
39213,0.00445175170898
39214,0.00624847412109
39215,0.00678253173828
39216,0.00902557373047
39217,0.0112380981445
39218,0.0125198364258
39219,0.0163269042969
39220,0.0175628662109
39221,0.0
39222,0.0
39223,0.0
39224,1.15633010864e-05
39225,0.000483989715576
39226,0.000844478607178
39227,0.00211524963379
39228,0.00362014770508
39229,0.00529479980469
39230,0.00683212280273
39231,0.00874328613281
39232,0.0105361938477
39233,0.0127563476562
39234,0.0135498046875
39235,0.0159454345703
39236,0.0155639648438
39237,0.0
39238,0.0
39239,0.0
39240,1.72853469849e-06
39241,0.000156402587891
39242,0.000535011291504
39243,0.0019006729126
39244,0.00407028198242
39245,0.00534439086914
39246,0.00785064697266
39247,0.0102005004883
39248,0.0109786987305
39249,0.0121688842773
39250,0.0142059326172
39251,0.0172576904297
39252,0.0193939208984
39253,0.0
39254,0.0
39255,0.0
39256,4.98294830322e-05
39257,0.000264406204224
39258,0.000834941864014
39259,0.00251579284668
39260,0.0035343170166
39261,0.0053825378418
39262,0.00807189941406
39263,0.00965881347656
39264,0.0115737915039
39265,0.0143280029297
39266,0.0163269042969
39267,0.0167541503906
39268,0.0167846679688
39269,0.0
39270,0.0
39271,0.0
39272,1.72853469849e-06
39273,0.000152587890625
39274,0.000435590744019
39275,0.00133609771729
39276,0.0026969909668
39277,0.00487518310547
39278,0.0068473815918
39279,0.00912475585938
39280,0.0117416381836
39281,0.0153656005859
39282,0.0169982910156
39283,0.0183715820312
39284,0.0181732177734
39285,0.0
39286,0.0
39287,0.0
39288,5.78165054321e-06
39289,2.88486480713e-05
39290,0.000691890716553
39291,0.00253486633301
39292,0.00374603271484
39293,0.00546646118164
39294,0.00695419311523
39295,0.00992584228516
39296,0.0102310180664
39297,0.0127105712891
39298,0.0158538818359
39299,0.0152435302734
39300,0.0185699462891
39301,0.0
39302,0.0
39303,0.0
39304,0.0
39305,0.000380516052246
39306,0.000979423522949
39307,0.00190544128418
39308,0.00335693359375
39309,0.00597763061523
39310,0.00780487060547
39311,0.00975036621094
39312,0.0124740600586
39313,0.0145492553711
39314,0.0177154541016
39315,0.019287109375
39316,0.0209197998047
39317,0.0
39318,0.0
39319,0.0
39320,3.69548797607e-05
39321,0.000438451766968
39322,0.000674724578857
39323,0.00216484069824
39324,0.00429534912109
39325,0.00551986694336
39326,0.00772476196289
39327,0.011116027832
39328,0.0124130249023
39329,0.0162048339844
39330,0.0162963867188
39331,0.0172729492188
39332,0.0204010009766
39333,0.0
39334,0.0
39335,0.0
39336,5.96046447754e-07
39337,0.000196218490601
39338,0.00129318237305
39339,0.00182151794434
39340,0.00319862365723
39341,0.0064811706543
39342,0.00884246826172
39343,0.0107498168945
39344,0.0119018554688
39345,0.0144805908203
39346,0.0166625976562
39347,0.0164031982422
39348,0.0175476074219
39349,0.0
39350,0.0
39351,0.0
39352,5.50150871277e-05
39353,0.000333547592163
39354,0.000580787658691
39355,0.00178241729736
39356,0.00255966186523
39357,0.00533294677734
39358,0.0072135925293
39359,0.00822448730469
39360,0.0108413696289
39361,0.0126037597656
39362,0.0152053833008
39363,0.0159301757812
39364,0.0168609619141
39365,0.0
39366,0.0
39367,0.0
39368,1.72853469849e-06
39369,0.000664234161377
39370,0.00140762329102
39371,0.00218200683594
39372,0.00393676757812
39373,0.00620651245117
39374,0.00807189941406
39375,0.00956726074219
39376,0.0111465454102
39377,0.013298034668
39378,0.0143432617188
39379,0.0156707763672
39380,0.0192565917969
39381,0.0
39382,0.0
39383,0.0
39384,3.86834144592e-05
39385,0.000386238098145
39386,0.00104713439941
39387,0.00353622436523
39388,0.00490188598633
39389,0.00697326660156
39390,0.00885009765625
39391,0.00998687744141
39392,0.011604309082
39393,0.0138168334961
39394,0.0153427124023
39395,0.0172576904297
39396,0.0169830322266
39397,0.0
39398,0.0
39399,0.0
39400,2.86102294922e-06
39401,0.000532627105713
39402,0.00138854980469
39403,0.00202560424805
39404,0.0028018951416
39405,0.00507736206055
39406,0.00670623779297
39407,0.008056640625
39408,0.0105285644531
39409,0.0111770629883
39410,0.0130157470703
39411,0.0162506103516
39412,0.0190734863281
39413,0.0
39414,0.0
39415,0.0
39416,1.34706497192e-05
39417,0.000127792358398
39418,0.000873565673828
39419,0.00178813934326
39420,0.00372314453125
39421,0.00520706176758
39422,0.00732803344727
39423,0.0100631713867
39424,0.0133514404297
39425,0.0138092041016
39426,0.0161743164062
39427,0.0173797607422
39428,0.0201873779297
39429,0.0
39430,0.0
39431,0.0
39432,5.96046447754e-07
39433,0.000434398651123
39434,0.00153064727783
39435,0.00330543518066
39436,0.00495910644531
39437,0.00569152832031
39438,0.00856781005859
39439,0.00992584228516
39440,0.0109710693359
39441,0.0139617919922
39442,0.0148773193359
39443,0.0168762207031
39444,0.0171051025391
39445,0.0
39446,0.0
39447,0.0
39448,1.72853469849e-06
39449,0.000396728515625
39450,0.00130653381348
39451,0.0023365020752
39452,0.0034122467041
39453,0.00455856323242
39454,0.00639724731445
39455,0.00910186767578
39456,0.0102462768555
39457,0.0125350952148
39458,0.0146713256836
39459,0.0196533203125
39460,0.0204925537109
39461,0.0
39462,0.0
39463,0.0
39464,1.13248825073e-06
39465,0.000223755836487
39466,0.0011510848999
39467,0.00193214416504
39468,0.0034122467041
39469,0.00476455688477
39470,0.00527191162109
39471,0.00817108154297
39472,0.00945281982422
39473,0.0131912231445
39474,0.0141220092773
39475,0.0144119262695
39476,0.0175476074219
39477,0.0
39478,0.0
39479,0.0
39480,2.521276474e-05
39481,0.000489711761475
39482,0.0010404586792
39483,0.00295639038086
39484,0.00352478027344
39485,0.00501251220703
39486,0.0064811706543
39487,0.00760650634766
39488,0.0115661621094
39489,0.0128402709961
39490,0.0154647827148
39491,0.0157165527344
39492,0.0164794921875
39493,0.0
39494,0.0
39495,0.0
39496,7.62343406677e-05
39497,0.000147581100464
39498,0.00049352645874
39499,0.00281715393066
39500,0.00349998474121
39501,0.00557327270508
39502,0.00722885131836
39503,0.0104522705078
39504,0.0133666992188
39505,0.0159759521484
39506,0.0167541503906
39507,0.0184478759766
39508,0.0202484130859
39509,0.0
39510,0.0
39511,0.0
39512,1.72853469849e-06
39513,0.000752449035645
39514,0.00114345550537
39515,0.00332450866699
39516,0.00440216064453
39517,0.00624847412109
39518,0.00893402099609
39519,0.0121154785156
39520,0.0155715942383
39521,0.0178375244141
39522,0.0194549560547
39523,0.0201110839844
39524,0.0206909179688
39525,0.0
39526,0.0
39527,0.0
39528,2.521276474e-05
39529,0.000301122665405
39530,0.00156784057617
39531,0.0025691986084
39532,0.00453567504883
39533,0.0047607421875
39534,0.00655746459961
39535,0.00968933105469
39536,0.0115280151367
39537,0.0138549804688
39538,0.0139923095703
39539,0.0159301757812
39540,0.0218963623047
39541,0.0
39542,0.0
39543,0.0
39544,1.72853469849e-06
39545,0.000296354293823
39546,0.000906467437744
39547,0.00151443481445
39548,0.00273704528809
39549,0.00515747070312
39550,0.00761032104492
39551,0.00807952880859
39552,0.00984191894531
39553,0.0111312866211
39554,0.015251159668
39555,0.017578125
39556,0.0184020996094
39557,0.0
39558,0.0
39559,0.0
39560,6.91413879395e-06
39561,0.000545501708984
39562,0.00111389160156
39563,0.00202178955078
39564,0.00414276123047
39565,0.00557327270508
39566,0.00768280029297
39567,0.00833892822266
39568,0.0109100341797
39569,0.0140533447266
39570,0.0155639648438
39571,0.0151214599609
39572,0.0182037353516
39573,0.0
39574,0.0
39575,0.0
39576,2.46167182922e-05
39577,0.000244140625
39578,0.00164222717285
39579,0.00287437438965
39580,0.00534057617188
39581,0.00584411621094
39582,0.00839233398438
39583,0.00996398925781
39584,0.011833190918
39585,0.0122528076172
39586,0.01318359375
39587,0.0155334472656
39588,0.0171966552734
39589,0.0
39590,0.0
39591,0.0
39592,3.15308570862e-05
39593,0.000607967376709
39594,0.00109195709229
39595,0.00348472595215
39596,0.00580215454102
39597,0.00820159912109
39598,0.00966644287109
39599,0.0110855102539
39600,0.0141067504883
39601,0.0144577026367
39602,0.0159149169922
39603,0.0173034667969
39604,0.0189666748047
39605,0.0
39606,0.0
39607,0.0
39608,2.32458114624e-06
39609,0.000939846038818
39610,0.00199890136719
39611,0.00207138061523
39612,0.00455093383789
39613,0.00650787353516
39614,0.00816345214844
39615,0.0109252929688
39616,0.0143203735352
39617,0.0163879394531
39618,0.0153121948242
39619,0.0180511474609
39620,0.0195922851562
39621,0.0
39622,0.0
39623,0.0
39624,5.18560409546e-06
39625,0.000772953033447
39626,0.00161361694336
39627,0.00333976745605
39628,0.00539398193359
39629,0.00778961181641
39630,0.00931549072266
39631,0.0100555419922
39632,0.0144500732422
39633,0.0164031982422
39634,0.0172271728516
39635,0.0163879394531
39636,0.0195770263672
39637,0.0
39638,0.0
39639,0.0
39640,1.28746032715e-05
39641,0.000273942947388
39642,0.00111961364746
39643,0.00149536132812
39644,0.00423431396484
39645,0.00398635864258
39646,0.00637435913086
39647,0.009765625
39648,0.0128784179688
39649,0.0142364501953
39650,0.015251159668
39651,0.0169830322266
39652,0.0186614990234
39653,0.0
39654,0.0
39655,0.0
39656,3.86834144592e-05
39657,0.000283479690552
39658,0.000832080841064
39659,0.00287437438965
39660,0.00408935546875
39661,0.00616073608398
39662,0.00849151611328
39663,0.0103912353516
39664,0.0124206542969
39665,0.0140228271484
39666,0.0160369873047
39667,0.0157623291016
39668,0.0163726806641
39669,0.0
39670,0.0
39671,0.0
39672,3.09944152832e-05
39673,0.000334501266479
39674,0.00101470947266
39675,0.00215148925781
39676,0.00379753112793
39677,0.0048713684082
39678,0.00629043579102
39679,0.00817108154297
39680,0.0120697021484
39681,0.0131683349609
39682,0.0136413574219
39683,0.0162811279297
39684,0.0206298828125
39685,0.0
39686,0.0
39687,0.0
39688,6.85453414917e-05
39689,0.000126600265503
39690,0.00071382522583
39691,0.00229263305664
39692,0.00371742248535
39693,0.00659561157227
39694,0.00827789306641
39695,0.00898742675781
39696,0.0105285644531
39697,0.0131530761719
39698,0.0165252685547
39699,0.0181427001953
39700,0.0192260742188
39701,0.0
39702,0.0
39703,0.0
39704,4.2736530304e-05
39705,0.00117683410645
39706,0.00214385986328
39707,0.00240135192871
39708,0.00539398193359
39709,0.00618362426758
39710,0.00802612304688
39711,0.0116348266602
39712,0.0116577148438
39713,0.0135269165039
39714,0.0153884887695
39715,0.0196838378906
39716,0.0191497802734
39717,0.0
39718,0.0
39719,0.0
39720,0.000214576721191
39721,0.000387907028198
39722,0.00125694274902
39723,0.00419998168945
39724,0.00535202026367
39725,0.00647735595703
39726,0.00894927978516
39727,0.00956726074219
39728,0.0129928588867
39729,0.0128860473633
39730,0.01513671875
39731,0.0184020996094
39732,0.0195465087891
39733,0.0
39734,0.0
39735,0.0
39736,2.46167182922e-05
39737,0.000166296958923
39738,0.000945091247559
39739,0.00256156921387
39740,0.00374984741211
39741,0.00549697875977
39742,0.00721740722656
39743,0.00956726074219
39744,0.0122146606445
39745,0.013801574707
39746,0.0158081054688
39747,0.0168914794922
39748,0.0194854736328
39749,0.0
39750,0.0
39751,0.0
39752,1.34706497192e-05
39753,0.000566959381104
39754,0.00132751464844
39755,0.00284194946289
39756,0.00395202636719
39757,0.00553894042969
39758,0.00910949707031
39759,0.0106964111328
39760,0.0123748779297
39761,0.0135116577148
39762,0.0142364501953
39763,0.0177307128906
39764,0.0204010009766
39765,0.0
39766,0.0
39767,0.0
39768,1.13248825073e-06
39769,0.000404596328735
39770,0.00107574462891
39771,0.00185489654541
39772,0.00312423706055
39773,0.0053825378418
39774,0.00846862792969
39775,0.0110321044922
39776,0.0123596191406
39777,0.0147857666016
39778,0.0177917480469
39779,0.0194549560547
39780,0.0208587646484
39781,0.0
39782,0.0
39783,0.0
39784,3.03983688354e-05
39785,0.00037407875061
39786,0.00092887878418
39787,0.00228500366211
39788,0.00387382507324
39789,0.00599670410156
39790,0.00580215454102
39791,0.00830078125
39792,0.0101470947266
39793,0.0134201049805
39794,0.0141372680664
39795,0.0156707763672
39796,0.0207214355469
39797,0.0
39798,0.0
39799,0.0
39800,6.91413879395e-06
39801,0.000588893890381
39802,0.00167846679688
39803,0.00283241271973
39804,0.00484848022461
39805,0.00650787353516
39806,0.00882720947266
39807,0.0124588012695
39808,0.0162963867188
39809,0.0169067382812
39810,0.0190887451172
39811,0.0189361572266
39812,0.0190887451172
39813,0.0
39814,0.0
39815,0.0
39816,1.13248825073e-06
39817,0.000235795974731
39818,0.0012788772583
39819,0.00249862670898
39820,0.00463485717773
39821,0.00578308105469
39822,0.00763320922852
39823,0.00862884521484
39824,0.00930786132812
39825,0.0124588012695
39826,0.0144500732422
39827,0.0176696777344
39828,0.0185394287109
39829,0.0
39830,0.0
39831,0.0
39832,1.7523765564e-05
39833,0.000249862670898
39834,0.00142288208008
39835,0.00249862670898
39836,0.0042839050293
39837,0.00645065307617
39838,0.00776290893555
39839,0.00897979736328
39840,0.0106887817383
39841,0.0133514404297
39842,0.0150146484375
39843,0.0168762207031
39844,0.0196838378906
39845,0.0
39846,0.0
39847,0.0
39848,2.58088111877e-05
39849,0.00029444694519
39850,0.00140190124512
39851,0.00267791748047
39852,0.00482177734375
39853,0.00454711914062
39854,0.00557327270508
39855,0.00833129882812
39856,0.00861358642578
39857,0.0117645263672
39858,0.013557434082
39859,0.0154113769531
39860,0.0193786621094
39861,0.0
39862,0.0
39863,0.0
39864,8.94665718079e-05
39865,0.000762462615967
39866,0.00136947631836
39867,0.00295829772949
39868,0.00411224365234
39869,0.00564193725586
39870,0.00759887695312
39871,0.00988006591797
39872,0.011100769043
39873,0.0133743286133
39874,0.0159301757812
39875,0.0175476074219
39876,0.0180969238281
39877,0.0
39878,0.0
39879,0.0
39880,8.94665718079e-05
39881,0.000530242919922
76637,0.00711059570312
76638,0.0105667114258
76640,0.0127334594727
76641,0.015380859375
76642,0.0172729492188
76643,0.0173187255859
76644,0.0205841064453
76645,0.0
76646,0.0
76647,0.0
76648,1.13248825073e-06
76649,0.000367641448975
76650,0.000921726226807
76651,0.00260925292969
76652,0.00407409667969
76653,0.00623321533203
76654,0.00707626342773
76655,0.0086669921875
76656,0.0112380981445
76657,0.0124359130859
76658,0.0153350830078
76659,0.0186767578125
76660,0.0205688476562
76661,0.0
76662,0.0
76663,0.0
76664,4.58955764771e-06
76665,0.000140309333801
76666,0.000653743743896
76667,0.00274276733398
76668,0.00430297851562
76669,0.00521850585938
76670,0.00669860839844
76671,0.0106201171875
76672,0.0124435424805
76673,0.0130004882812
76674,0.0146408081055
76675,0.0189971923828
76676,0.0212707519531
76677,0.0
76678,0.0
76679,0.0
76680,2.32458114624e-06
76681,0.000452995300293
76682,0.000983238220215
76683,0.00226211547852
76684,0.00339317321777
76685,0.00519561767578
76686,0.00788879394531
76687,0.00999450683594
76688,0.0123977661133
76689,0.0141448974609
76690,0.0161895751953
76691,0.0190124511719
76692,0.0225982666016
76693,0.0
76694,0.0
76695,0.0
76696,4.15444374084e-05
76697,0.000327587127686
76698,0.000811576843262
76699,0.00268363952637
76700,0.00349426269531
76701,0.00488662719727
76702,0.00668716430664
76703,0.00869750976562
76704,0.0105133056641
76705,0.0116119384766
76706,0.0157470703125
76707,0.0185241699219
76708,0.02099609375
76709,0.0
76710,0.0
76711,0.0
76712,2.58088111877e-05
76713,0.000455617904663
76714,0.00151824951172
76715,0.00226974487305
76716,0.00493621826172
76717,0.00540161132812
76718,0.00705718994141
76719,0.00856781005859
76720,0.0101852416992
76721,0.0121917724609
76722,0.0147094726562
76723,0.0171966552734
76724,0.017578125
76725,0.0
76726,0.0
76727,0.0
76728,0.0
76729,0.000286817550659
76730,0.000996589660645
76731,0.00218391418457
76732,0.00360679626465
76733,0.00562286376953
76734,0.00740814208984
76735,0.00807189941406
76736,0.00982666015625
76737,0.0125732421875
76738,0.0146331787109
76739,0.0162506103516
76740,0.0187530517578
76741,0.0
76742,0.0
76743,0.0
76744,1.13248825073e-06
76745,0.00017774105072
76746,0.0017032623291
76747,0.00208282470703
76748,0.00401306152344
76749,0.00624084472656
76750,0.00765228271484
76751,0.00991058349609
76752,0.0112991333008
76753,0.015251159668
76754,0.0164184570312
76755,0.0173492431641
76756,0.0214691162109
76757,0.0
76758,0.0
76759,0.0
76760,4.38690185547e-05
76761,0.000447988510132
76762,0.000729560852051
76763,0.00229263305664
76764,0.00430679321289
76765,0.00559234619141
76766,0.00711441040039
76767,0.00819396972656
76768,0.0108947753906
76769,0.0122375488281
76770,0.0152816772461
76771,0.0178680419922
76772,0.0201416015625
76773,0.0
76774,0.0
76775,0.0
76776,8.54134559631e-05
76777,0.000216603279114
76778,0.00090217590332
76779,0.0019359588623
76780,0.0031681060791
76781,0.00470733642578
76782,0.00623321533203
76783,0.00807952880859
76784,0.00939178466797
76785,0.0136032104492
76786,0.0153198242188
76787,0.0182189941406
76788,0.0172576904297
76789,0.0
76790,0.0
76791,0.0
76792,1.13248825073e-06
76793,0.00025200843811
76794,0.000640392303467
76795,0.00089168548584
76796,0.00153732299805
76797,0.00409317016602
76798,0.00502014160156
76799,0.00801849365234
76800,0.00933074951172
76801,0.0110321044922
76802,0.0128555297852
76803,0.01708984375
76804,0.0175476074219
76805,0.0
76806,0.0
76807,0.0
76808,5.96046447754e-07
76809,0.000451803207397
76810,0.000581741333008
76811,0.00133895874023
76812,0.00246620178223
76813,0.00505447387695
76814,0.00742721557617
76815,0.0103378295898
76816,0.0109710693359
76817,0.0121841430664
76818,0.0145568847656
76819,0.0187225341797
76820,0.0191040039062
76821,0.0
76822,0.0
76823,0.0
76824,0.0
76825,0.000126242637634
76826,0.000984191894531
76827,0.00193977355957
76828,0.00307846069336
76829,0.00595474243164
76830,0.00723266601562
76831,0.0104904174805
76832,0.0124664306641
76833,0.0128402709961
76834,0.0153121948242
76835,0.0154190063477
76836,0.0167694091797
76837,0.0
76838,0.0
76839,0.0
76840,1.13248825073e-06
76841,8.35061073303e-05
76842,0.000855922698975
76843,0.00179481506348
76844,0.00482559204102
76845,0.00606918334961
76846,0.00852966308594
76847,0.0109100341797
76848,0.0124893188477
76849,0.0141525268555
76850,0.0151824951172
76851,0.0189819335938
76852,0.0209503173828
76853,0.0
76854,0.0
76855,0.0
76856,2.46167182922e-05
76857,0.000375747680664
76858,0.000897407531738
76859,0.00205039978027
76860,0.00341415405273
76861,0.00579833984375
76862,0.00612640380859
76863,0.00786590576172
76864,0.0115814208984
76865,0.01220703125
76866,0.0140762329102
76867,0.0161590576172
76868,0.0180358886719
76869,0.0
76870,0.0
76871,0.0
76872,1.13248825073e-06
76873,0.000543117523193
76874,0.00220489501953
76875,0.00327110290527
76876,0.0034122467041
76877,0.00702667236328
76878,0.00876617431641
76879,0.00965881347656
76880,0.0126495361328
76881,0.0151214599609
76882,0.0147476196289
76883,0.0167694091797
76884,0.0178833007812
76885,0.0
76886,0.0
76887,0.0
76888,0.0
76889,0.000640869140625
76890,0.00144195556641
76891,0.00210380554199
76892,0.00341796875
76893,0.0054931640625
76894,0.00683975219727
76895,0.00898742675781
76896,0.0112380981445
76897,0.0141220092773
76898,0.0169830322266
76899,0.0176849365234
76900,0.0213775634766
76901,0.0
76902,0.0
76903,0.0
76904,5.96046447754e-07
76905,0.000122785568237
76906,0.00135040283203
76907,0.00233840942383
76908,0.00372886657715
76909,0.00519943237305
76910,0.00801086425781
76911,0.00977325439453
76912,0.0112762451172
76913,0.0133590698242
76914,0.016357421875
76915,0.0182495117188
76916,0.0209045410156
76917,0.0
76918,0.0
76919,0.0
76920,9.54270362854e-05
76921,0.000423669815063
76922,0.000751495361328
76923,0.00258445739746
76924,0.00395584106445
76925,0.00542449951172
76926,0.00764465332031
76927,0.0104675292969
76928,0.0117263793945
76929,0.0140151977539
76930,0.0143203735352
76931,0.0167236328125
76932,0.0199584960938
76933,0.0
76934,0.0
76935,0.0
76936,5.96046447754e-07
76937,8.88705253601e-05
76938,0.000765800476074
76939,0.00203514099121
76940,0.00394058227539
76941,0.00554275512695
76942,0.00738525390625
76943,0.0074462890625
76944,0.0114593505859
76945,0.0131454467773
76946,0.0166168212891
76947,0.0182952880859
76948,0.0201416015625
76949,0.0
76950,0.0
76951,0.0
76952,0.000226855278015
76953,0.000418663024902
76954,0.00150203704834
76955,0.00302314758301
76956,0.00519180297852
76957,0.00785064697266
76958,0.00813293457031
76959,0.0102615356445
76960,0.012580871582
76961,0.0153121948242
76962,0.0161743164062
76963,0.0191040039062
76964,0.0225524902344
76965,0.0
76966,0.0
76967,0.0
76968,1.72853469849e-06
76969,0.000395536422729
76970,0.00106525421143
76971,0.00196075439453
76972,0.00377082824707
76973,0.00519180297852
76974,0.00774002075195
76975,0.00992584228516
76976,0.0134506225586
76977,0.0152130126953
76978,0.0166320800781
76979,0.0170440673828
76980,0.0196533203125
76981,0.0
76982,0.0
76983,0.0
76984,2.32458114624e-06
76985,0.00054407119751
76986,0.00133323669434
76987,0.00192260742188
76988,0.00363922119141
76989,0.00539779663086
76990,0.00553894042969
76991,0.00703048706055
76992,0.0118255615234
76993,0.0122604370117
76994,0.0153579711914
76995,0.0165863037109
76996,0.0177459716797
76997,0.0
76998,0.0
76999,0.0
77000,5.96046447754e-07
77001,0.000441789627075
77002,0.00106048583984
77003,0.00255584716797
77004,0.00385475158691
77005,0.00507736206055
77006,0.00846099853516
77007,0.00954437255859
77008,0.0116271972656
77009,0.013671875
77010,0.0158538818359
77011,0.0168762207031
77012,0.017822265625
77013,0.0
77014,0.0
77015,0.0
77016,6.91413879395e-06
77017,0.000247240066528
77018,0.00108242034912
77019,0.00237846374512
77020,0.00359153747559
77021,0.00532913208008
77022,0.007080078125
77023,0.0077018737793
77024,0.0104904174805
77025,0.0122299194336
77026,0.0152816772461
77027,0.0164184570312
77028,0.0205841064453
77029,0.0
77030,0.0
77031,0.0
77032,5.96046447754e-07
77033,0.000336170196533
77034,0.000702857971191
77035,0.00225257873535
77036,0.00346374511719
77037,0.00506210327148
77038,0.00708389282227
77039,0.00872039794922
77040,0.0105819702148
77041,0.012825012207
77042,0.014533996582
77043,0.0170288085938
77044,0.0171966552734
77045,0.0
77046,0.0
77047,0.0
77048,5.78165054321e-06
77049,0.000256061553955
77050,0.00111293792725
77051,0.00255393981934
77052,0.00442504882812
77053,0.00564575195312
77054,0.00815582275391
77055,0.0105361938477
77056,0.0121765136719
77057,0.013069152832
77058,0.0166473388672
77059,0.0188446044922
77060,0.0222625732422
77061,0.0
77062,0.0
77063,0.0
77064,5.78165054321e-06
77065,0.000443935394287
77066,0.00113868713379
77067,0.00213050842285
77068,0.0042724609375
77069,0.00747680664062
77070,0.00704574584961
77071,0.0100784301758
77072,0.0110702514648
77073,0.0146102905273
77074,0.0159606933594
77075,0.0160522460938
77076,0.0174560546875
77077,0.0
77078,0.0
77079,0.0
77080,1.13248825073e-06
77081,0.000240683555603
77082,0.00154209136963
77083,0.00273132324219
77084,0.0044059753418
77085,0.00625610351562
77086,0.00704574584961
77087,0.010139465332
77088,0.0110015869141
77089,0.0131225585938
77090,0.0147247314453
77091,0.0156555175781
77092,0.0198974609375
77093,0.0
77094,0.0
77095,0.0
77096,2.86102294922e-06
77097,0.000365972518921
77098,0.000904083251953
77099,0.00301361083984
77100,0.00358581542969
77101,0.00533676147461
77102,0.00797271728516
77103,0.00997161865234
77104,0.00968170166016
77105,0.0129318237305
77106,0.0139923095703
77107,0.0157775878906
77108,0.0195617675781
77109,0.0
77110,0.0
77111,0.0
77112,4.21404838562e-05
77113,0.00032639503479
77114,0.00138092041016
77115,0.00291061401367
77116,0.00419998168945
77117,0.00529479980469
77118,0.00939178466797
77119,0.0109252929688
77120,0.0117721557617
77121,0.0130462646484
77122,0.0160064697266
77123,0.0162048339844
77124,0.0171661376953
77125,0.0
77126,0.0
77127,0.0
77128,1.72853469849e-06
77129,0.00051212310791
77130,0.00168037414551
77131,0.00223922729492
77132,0.00430679321289
77133,0.00637054443359
77134,0.00756454467773
77135,0.00991821289062
77136,0.0124664306641
77137,0.0133056640625
77138,0.0153198242188
77139,0.017822265625
77140,0.0213012695312
77141,0.0
77142,0.0
77143,0.0
77144,2.32458114624e-06
77145,6.2882900238e-05
77146,0.00085973739624
77147,0.00231552124023
77148,0.00323295593262
77149,0.0046272277832
77150,0.00554656982422
77151,0.00811767578125
77152,0.0123062133789
77153,0.0129013061523
77154,0.015869140625
77155,0.0178833007812
77156,0.0214080810547
77157,0.0
77158,0.0
77159,0.0
77160,5.78165054321e-06
77161,0.000685691833496
77162,0.00108432769775
77163,0.00191688537598
77164,0.00383758544922
77165,0.00504302978516
77166,0.00761032104492
77167,0.00991058349609
77168,0.0114822387695
77169,0.0133743286133
77170,0.014892578125
77171,0.015869140625
77172,0.0185394287109
77173,0.0
77174,0.0
77175,0.0
77176,1.72853469849e-06
77177,0.000271797180176
77178,0.00103759765625
77179,0.00263977050781
77180,0.00460052490234
77181,0.00738906860352
77182,0.00875091552734
77183,0.0112075805664
77184,0.0122909545898
77185,0.0146942138672
77186,0.0141754150391
77187,0.0168304443359
77188,0.0179595947266
77189,0.0
77190,0.0
77191,0.0
77192,7.96914100647e-05
77193,0.000463724136353
77194,0.002197265625
77195,0.00347709655762
77196,0.00541687011719
77197,0.0060920715332
77198,0.00770568847656
77199,0.00973510742188
77200,0.0119705200195
77201,0.0129318237305
77202,0.0131301879883
77203,0.0145111083984
77204,0.0170593261719
77205,0.0
77206,0.0
77207,0.0
77208,9.00626182556e-05
77209,0.000264644622803
77210,0.000753402709961
77211,0.0026798248291
77212,0.0051383972168
77213,0.00724029541016
77214,0.00778961181641
77215,0.0103378295898
77216,0.0126571655273
77217,0.0142593383789
77218,0.015510559082
77219,0.0182495117188
77220,0.0211791992188
77221,0.0
77222,0.0
77223,0.0
77224,4.67300415039e-05
77225,0.000112533569336
77226,0.000857353210449
77227,0.00174522399902
77228,0.0034065246582
77229,0.00614929199219
77230,0.00895690917969
77231,0.0101928710938
77232,0.0107955932617
77233,0.014762878418
77234,0.0162658691406
77235,0.019287109375
77236,0.0202789306641
77237,0.0
77238,0.0
77239,0.0
77240,4.21404838562e-05
77241,0.000276565551758
77242,0.000675201416016
77243,0.00153541564941
77244,0.00276756286621
77245,0.00539398193359
77246,0.00825500488281
77247,0.0108413696289
77248,0.0123519897461
77249,0.0130157470703
77250,0.0170440673828
77251,0.0182952880859
77252,0.0202178955078
77253,0.0
77254,0.0
77255,0.0
77256,0.000166773796082
77257,0.000382423400879
77258,0.00144195556641
77259,0.00287437438965
77260,0.00524139404297
77261,0.00531005859375
77262,0.00521469116211
77263,0.00845336914062
77264,0.0112762451172
77265,0.0141983032227
77266,0.0157928466797
77267,0.0192413330078
77268,0.0212707519531
77269,0.0
77270,0.0
77271,0.0
77272,1.13248825073e-06
77273,0.000304222106934
77274,0.00095272064209
77275,0.00218772888184
77276,0.00407028198242
77277,0.00580596923828
77278,0.00790405273438
77279,0.00833892822266
77280,0.0109786987305
77281,0.013069152832
77282,0.0146408081055
77283,0.0169067382812
77284,0.019775390625
77285,0.0
77286,0.0
77287,0.0
77288,2.521276474e-05
77289,0.000381231307983
77290,0.00175380706787
77291,0.00324821472168
77292,0.00495910644531
77293,0.00594329833984
77294,0.00795745849609
77295,0.00986480712891
77296,0.0142822265625
77297,0.0152359008789
77298,0.0158843994141
77299,0.0183258056641
77300,0.0194854736328
77301,0.0
77302,0.0
77303,0.0
77304,0.0
77305,0.0003502368927
77306,0.00127696990967
77307,0.00321769714355
77308,0.00400543212891
77309,0.00602340698242
77310,0.00812530517578
77311,0.0101623535156
77312,0.0133285522461
77313,0.0139083862305
77314,0.0150833129883
77315,0.0159301757812
77316,0.0201721191406
77317,0.0
77318,0.0
77319,0.0
77320,5.96046447754e-07
77321,0.000485181808472
77322,0.000827312469482
77323,0.00215911865234
77324,0.00302696228027
77325,0.00409698486328
77326,0.00722122192383
77327,0.0103149414062
77328,0.0124282836914
77329,0.0151290893555
77330,0.0162658691406
77331,0.0196228027344
77332,0.0207214355469
77333,0.0
77334,0.0
77335,0.0
77336,1.23381614685e-05
77337,0.000613689422607
77338,0.0015287399292
77339,0.00211524963379
77340,0.00226402282715
77341,0.00494003295898
77342,0.00624465942383
77343,0.00754165649414
77344,0.00955963134766
77345,0.0135116577148
77346,0.0157012939453
77347,0.0183563232422
77348,0.0220947265625
77349,0.0
77350,0.0
77351,0.0
77352,0.000106036663055
77353,0.000190138816833
77354,0.00117588043213
77355,0.0024356842041
77356,0.00353622436523
77357,0.00505447387695
77358,0.00723266601562
77359,0.00832366943359
77360,0.00961303710938
77361,0.0128021240234
77362,0.0127639770508
77363,0.0164031982422
77364,0.0178527832031
77365,0.0
77366,0.0
77367,0.0
77368,1.13248825073e-06
77369,0.000205874443054
77370,0.00136756896973
77371,0.00280952453613
77372,0.00383949279785
77373,0.00612640380859
77374,0.00849151611328
77375,0.012092590332
77376,0.0142440795898
77377,0.0160064697266
77378,0.0176544189453
77379,0.0203704833984
77380,0.0221252441406
77381,0.0
77382,0.0
77383,0.0
77384,1.13248825073e-06
77385,0.000151395797729
77386,0.000874996185303
77387,0.00152778625488
77388,0.00298309326172
77389,0.00395965576172
77390,0.00756454467773
77391,0.00785827636719
77392,0.0105667114258
77393,0.0144729614258
77394,0.0149307250977
77395,0.0156402587891
77396,0.0176239013672
77397,0.0
77398,0.0
77399,0.0
77400,1.34706497192e-05
77401,0.000110983848572
77402,0.000911235809326
77403,0.00315284729004
77404,0.00413513183594
77405,0.00652313232422
77406,0.00653457641602
77407,0.009521484375
77408,0.0117263793945
77409,0.0134506225586
77410,0.0158843994141
77411,0.0178527832031
77412,0.0200500488281
77413,0.0
77414,0.0
77415,0.0
77416,4.38690185547e-05
77417,0.000918388366699
77418,0.0025634765625
77419,0.00330543518066
77420,0.00395965576172
77422,0.00564575195312
77423,0.00796508789062
77424,0.0107269287109
77425,0.0118026733398
77426,0.0138168334961
77427,0.0161285400391
77428,0.0181579589844
77429,0.0209808349609
77430,0.0
77431,0.0
77432,0.0
77433,2.32458114624e-06
77434,9.62018966675e-05
77435,0.00173759460449
77436,0.00255012512207
77437,0.00401306152344
77438,0.00691604614258
77439,0.00760650634766
77440,0.00928497314453
77441,0.0116348266602
77442,0.0133285522461
77443,0.0166168212891
77444,0.0196075439453
77445,0.0208435058594
77446,0.0
77447,0.0
77448,0.0
77449,1.13248825073e-06
77450,0.000492572784424
77451,0.00163745880127
77452,0.00224685668945
77453,0.00400543212891
77454,0.00615310668945
77455,0.00730133056641
77456,0.0102233886719
77457,0.0118713378906
77458,0.0128707885742
77459,0.0146408081055
77460,0.0174102783203
77461,0.0188293457031
77462,0.0
77463,0.0
77464,0.0
77465,1.460313797e-05
77466,0.000741481781006
77467,0.00122261047363
77468,0.00205230712891
77469,0.00316047668457
77470,0.00523376464844
77471,0.00688171386719
77472,0.00959014892578
77473,0.00971984863281
77474,0.0117263793945
77475,0.0169982910156
77476,0.0196838378906
77477,0.0205993652344
77478,0.0
77479,0.0
77480,0.0
77481,4.98294830322e-05
77482,0.000234723091125
77483,0.00110340118408
77484,0.00207901000977
77485,0.00306129455566
77486,0.00503158569336
77487,0.00642395019531
77488,0.00963592529297
77489,0.0120086669922
77490,0.0133361816406
77491,0.0140686035156
77492,0.0171813964844
77493,0.01953125
77494,0.0
77495,0.0
77496,0.0
77497,1.13248825073e-06
77498,0.000280380249023
77499,0.00118064880371
77500,0.00263977050781
77501,0.00379371643066
77502,0.00432968139648
77503,0.00667572021484
77504,0.00957489013672
77505,0.0115737915039
77506,0.0150451660156
77507,0.0175933837891
77508,0.0183258056641
77509,0.0200805664062
77510,0.0
77511,0.0
77512,0.0
77513,1.13248825073e-06
77514,0.000182747840881
77515,0.000911712646484
77516,0.00144100189209
77517,0.00372314453125
77518,0.00589752197266
77519,0.00680923461914
77520,0.00848388671875
77521,0.0105972290039
77522,0.013053894043
77523,0.0161285400391
77524,0.0171813964844
77525,0.0184020996094
77526,0.0
77527,0.0
77528,0.0
77529,2.86102294922e-06
77530,0.000152945518494
77531,0.00127983093262
77532,0.00279808044434
77533,0.00373649597168
77534,0.00520706176758
77535,0.00764465332031
77536,0.0106658935547
77537,0.0113220214844
77538,0.0151214599609
77539,0.0154876708984
77540,0.0184020996094
77541,0.0201721191406
77542,0.0
77543,0.0
77544,0.0
77545,1.4066696167e-05
77546,0.000360727310181
77547,0.00130081176758
77548,0.00216102600098
77549,0.00408554077148
77550,0.00543975830078
77551,0.00752258300781
77552,0.00907135009766
77553,0.0107955932617
77554,0.0154342651367
77555,0.01806640625
77556,0.01806640625
77557,0.021728515625
77558,0.0
77559,0.0
77560,0.0
77561,3.75509262085e-05
77562,0.000423192977905
77563,0.000520706176758
77564,0.00222778320312
77565,0.00470352172852
77566,0.00532150268555
77567,0.00801849365234
77568,0.0105285644531
77569,0.0111923217773
77570,0.0129241943359
77571,0.0128631591797
77572,0.0164947509766
77573,0.0181732177734
77574,0.0
77575,0.0
77576,0.0
77577,8.42809677124e-05
77578,0.000220060348511
77579,0.00106811523438
77580,0.00263786315918
77581,0.00407409667969
77582,0.00629806518555
77583,0.0084228515625
77584,0.0110855102539
77585,0.0133819580078
77586,0.0144195556641
77587,0.0184326171875
77588,0.01953125
77589,0.0234527587891
77590,0.0
77591,0.0
77592,0.0
77593,4.32729721069e-05
77594,0.000320196151733
77595,0.00125312805176
77596,0.00314521789551
77597,0.00491333007812
77598,0.0064811706543
77599,0.00804901123047
77600,0.00910949707031
77601,0.0121994018555
77602,0.0140228271484
77603,0.0153121948242
77604,0.0200042724609
77605,0.0211486816406
77606,0.0
77607,0.0
77608,0.0
77609,0.0
77610,0.000246524810791
77611,0.000617980957031
77612,0.0020580291748
77613,0.00312805175781
77614,0.0056037902832
77615,0.00658798217773
77616,0.0102920532227
77617,0.0120697021484
77618,0.0133743286133
77619,0.0170745849609
77620,0.0186462402344
77621,0.0192413330078
77622,0.0
77623,0.0
77624,0.0
77625,2.521276474e-05
77626,0.000356912612915
77627,0.00111198425293
77628,0.00229835510254
77629,0.00502014160156
77630,0.00688934326172
77631,0.00888061523438
77632,0.0113372802734
77633,0.0149536132812
77634,0.0157318115234
77635,0.0161743164062
77636,0.0164794921875
77637,0.0195617675781
77638,0.0
77639,0.0
77640,0.0
77641,5.96046447754e-07
77642,0.000206232070923
77643,0.000632286071777
77644,0.00172233581543
77645,0.00389671325684
77646,0.00526809692383
77647,0.00746154785156
77648,0.00934600830078
77649,0.0102767944336
77650,0.0134963989258
77651,0.0141906738281
77652,0.0170745849609
77653,0.0201873779297
77654,0.0
77655,0.0
77656,0.0
77657,5.96046447754e-07
77658,0.000141978263855
77659,0.000870704650879
77660,0.00215339660645
77661,0.00394058227539
77662,0.00576782226562
77663,0.00818634033203
77664,0.00916290283203
77665,0.0131912231445
77666,0.0165557861328
77667,0.0171203613281
77668,0.0184326171875
77669,0.0208435058594
77670,0.0
77671,0.0
77672,0.0
77673,5.96046447754e-07
77674,0.000315189361572
77675,0.000807285308838
77676,0.00255966186523
77677,0.00434494018555
77678,0.00631713867188
77679,0.00836181640625
77680,0.00774383544922
77681,0.0100936889648
77682,0.0115737915039
77683,0.0131072998047
77684,0.0140228271484
77685,0.0170593261719
77686,0.0
77687,0.0
77688,0.0
77689,1.23381614685e-05
77690,0.000152587890625
77691,0.000484943389893
77692,0.00178718566895
77693,0.00234031677246
77694,0.0051383972168
77695,0.00823974609375
77696,0.0110626220703
77697,0.0134506225586
77698,0.0154037475586
77699,0.0173645019531
77700,0.0193176269531
77701,0.0218963623047
77702,0.0
77703,0.0
77704,0.0
77705,1.72853469849e-06
77706,3.34978103638e-05
77707,0.000764846801758
77708,0.00252723693848
77709,0.00416946411133
77710,0.00597381591797
77711,0.00871276855469
77712,0.0114974975586
77713,0.0126266479492
77714,0.01611328125
77715,0.0169067382812
77716,0.0178833007812
77717,0.0196228027344
77718,0.0
77719,0.0
77720,0.0
77721,1.92523002625e-05
77722,0.000354290008545
77723,0.00086498260498
77724,0.00136852264404
77725,0.00378036499023
77726,0.00468444824219
77727,0.00654983520508
77728,0.00962829589844
77729,0.0117416381836
77730,0.0152740478516
77731,0.0158538818359
77732,0.0184936523438
77733,0.0199584960938
77734,0.0
77735,0.0
77736,0.0
77737,1.4066696167e-05
77738,0.000154733657837
77739,0.000965595245361
77740,0.00155353546143
77741,0.00341987609863
77742,0.00400543212891
77743,0.00673675537109
77744,0.00768661499023
77745,0.00930023193359
77746,0.01123046875
77747,0.0132293701172
77748,0.0141677856445
77749,0.0166778564453
77750,0.0
77751,0.0
77752,0.0
77753,1.460313797e-05
77754,0.000137329101562
77755,0.000522136688232
77756,0.0023078918457
77757,0.00328826904297
77758,0.00531005859375
77759,0.0077018737793
77760,0.00956726074219
77761,0.0113372802734
77762,0.0134582519531
77763,0.0149230957031
77764,0.0171203613281
77765,0.0178833007812
77766,0.0
77767,0.0
77768,0.0
77769,5.96046447754e-07
77770,0.000114262104034
77771,0.000422239303589
77772,0.00221252441406
77773,0.0037956237793
77774,0.00678253173828
77775,0.00798034667969
77776,0.0104598999023
77777,0.0131072998047
77778,0.0137481689453
77779,0.0179901123047
77780,0.0167236328125
77781,0.0176239013672
77782,0.0
77783,0.0
77784,0.0
77785,2.86102294922e-06
77786,8.7559223175e-05
77787,0.00050687789917
77788,0.00125980377197
77789,0.00235176086426
77790,0.00440216064453
77791,0.00582122802734
77792,0.00800323486328
77793,0.0111389160156
77794,0.0132141113281
77795,0.0172729492188
77796,0.0167083740234
77797,0.0183410644531
77798,0.0
77799,0.0
77800,0.0
77801,8.42809677124e-05
77802,0.000601291656494
77803,0.000908851623535
77804,0.00160026550293
77805,0.0034294128418
77806,0.00439071655273
77807,0.00679397583008
77808,0.00845336914062
77809,0.0109252929688
77810,0.014892578125
77811,0.0172271728516
77812,0.0184173583984
77813,0.0202331542969
77814,0.0
77815,0.0
77816,0.0
77817,1.13248825073e-06
77818,0.000716686248779
77819,0.00159072875977
77820,0.00254058837891
77821,0.00410842895508
77822,0.00643920898438
77823,0.00704574584961
77824,0.00944519042969
77825,0.0116729736328
77826,0.0133819580078
77827,0.0140991210938
77828,0.0138931274414
77829,0.0174865722656
77830,0.0
77831,0.0
77832,0.0
77833,5.44786453247e-05
77834,0.000503540039062
77835,0.000842094421387
77836,0.00259399414062
77837,0.00416564941406
77838,0.00613403320312
77839,0.00731658935547
77840,0.00917816162109
77841,0.0114212036133
77842,0.0149993896484
77843,0.0142593383789
77844,0.0177459716797
77845,0.0191650390625
77846,0.0
77847,0.0
77848,0.0
77849,5.96046447754e-07
77850,0.000333309173584
77851,0.000967502593994
77852,0.00298690795898
77853,0.00344657897949
77854,0.00675582885742
77855,0.00844573974609
77856,0.009765625
77857,0.0119323730469
77858,0.0150909423828
77859,0.0158843994141
77860,0.0179290771484
77861,0.0207061767578
77862,0.0
77863,0.0
77864,0.0
77865,1.72853469849e-06
77866,0.000162363052368
77867,0.00075626373291
77868,0.00211334228516
77869,0.00329399108887
77870,0.0052375793457
77871,0.00750350952148
77872,0.00942993164062
77873,0.0135345458984
77874,0.0137329101562
77875,0.015007019043
77876,0.0171508789062
77877,0.0191802978516
77878,0.0
77879,0.0
77880,0.0
77881,1.72853469849e-06
77882,0.000708103179932
77883,0.000877380371094
77884,0.00198554992676
77885,0.0027961730957
77886,0.00543594360352
77887,0.00700759887695
77888,0.00960540771484
77889,0.0107345581055
77890,0.0126037597656
77891,0.0154113769531
77892,0.0188140869141
77893,0.0194549560547
77894,0.0
77895,0.0
77896,0.0
77897,1.34706497192e-05
77898,0.000253677368164
77899,0.000656604766846
77900,0.0020580291748
77901,0.00433349609375
77902,0.00606155395508
77903,0.00782775878906
77904,0.00909423828125
77905,0.0117416381836
77906,0.0132675170898
77907,0.0169525146484
77908,0.0166320800781
77909,0.0208892822266
77910,0.0
77911,0.0
77912,0.0
77913,1.4066696167e-05
77914,0.000290155410767
77915,0.00102043151855
77916,0.00324821472168
77917,0.00316619873047
77918,0.0042839050293
77919,0.0069465637207
77920,0.00884246826172
77921,0.0117340087891
77922,0.0140762329102
77923,0.0192413330078
77924,0.0196990966797
77925,0.019775390625
77926,0.0
77927,0.0
77928,0.0
77929,8.42809677124e-05
77930,0.000300645828247
77931,0.00113296508789
77932,0.00229072570801
77933,0.00413131713867
77934,0.00602340698242
77935,0.00803375244141
77936,0.00966644287109
77937,0.0107650756836
77938,0.0142822265625
77939,0.0169219970703
77940,0.0193328857422
77941,0.0235137939453
77942,0.0
77943,0.0
77944,0.0
77945,5.96046447754e-07
77946,0.000147700309753
77947,0.000539302825928
77948,0.00193977355957
77949,0.00403213500977
77950,0.00614929199219
77951,0.00775527954102
77952,0.0101547241211
77953,0.0128707885742
77954,0.0154800415039
77955,0.0178070068359
77956,0.020751953125
77957,0.0199737548828
77958,0.0
77959,0.0
77960,0.0
77961,1.28746032715e-05
77962,0.000247240066528
77963,0.000986099243164
77964,0.00235557556152
77965,0.00347900390625
77966,0.00526428222656
77967,0.00712966918945
77968,0.0102615356445
77969,0.012580871582
77970,0.0142135620117
77971,0.015022277832
77972,0.0178985595703
77973,0.0212097167969
77974,0.0
77975,0.0
77976,0.0
77977,1.13248825073e-06
77978,0.00031852722168
77979,0.000849723815918
77980,0.00214385986328
77981,0.00326538085938
77982,0.00635147094727
77983,0.00752258300781
77984,0.00827789306641
77985,0.011604309082
77986,0.0124740600586
77987,0.0154724121094
77988,0.0185241699219
77989,0.0179748535156
77990,0.0
77991,0.0
77992,0.0
77993,0.000129818916321
77994,5.59687614441e-05
77995,0.00120544433594
77996,0.00247955322266
77997,0.00323104858398
77998,0.00547027587891
77999,0.00662612915039
78000,0.0103607177734
78001,0.0124130249023
78002,0.0149002075195
78003,0.0182037353516
78004,0.0173645019531
78005,0.0196533203125
78006,0.0
78007,0.0
78008,0.0
78009,4.79221343994e-05
78010,0.000184535980225
78011,0.00146675109863
78012,0.00220680236816
78013,0.00369262695312
78014,0.0057373046875
78015,0.00615692138672
78016,0.00870513916016
78017,0.0116577148438
78018,0.0157165527344
78019,0.0194244384766
78020,0.0201110839844
78021,0.0225524902344
78022,0.0
78023,0.0
78024,0.0
78025,4.50015068054e-05
78026,0.000326633453369
78027,0.000965118408203
78028,0.00249481201172
78029,0.00415802001953
78030,0.00618743896484
78031,0.00812530517578
78032,0.00900268554688
78033,0.011833190918
78034,0.0136413574219
78035,0.0161285400391
78036,0.0175628662109
78037,0.0212249755859
78038,0.0
78039,0.0
78040,0.0
78041,0.000179171562195
78042,0.000318050384521
78043,0.00179195404053
78044,0.00293159484863
78045,0.00407028198242
78046,0.00558471679688
78047,0.00711441040039
78048,0.0102615356445
78049,0.0131454467773
78050,0.0144805908203
78051,0.0165863037109
78052,0.0177307128906
78053,0.0193481445312
78054,0.0
78055,0.0
78056,0.0
78057,6.91413879395e-06
78058,0.000111997127533
78059,0.000442743301392
78060,0.00144386291504
78061,0.00327301025391
78062,0.00528335571289
78063,0.00708389282227
78064,0.0104675292969
78065,0.0121231079102
78066,0.0148086547852
78067,0.0175018310547
78068,0.0191802978516
78069,0.0193176269531
78070,0.0
78071,0.0
78072,0.0
78073,4.2736530304e-05
78074,0.000433683395386
78075,0.00084924697876
78076,0.000800132751465
78077,0.00368881225586
78078,0.00535202026367
78079,0.00702667236328
78080,0.00891876220703
78081,0.0109405517578
78082,0.0125732421875
78083,0.0154037475586
78084,0.01806640625
78085,0.0203552246094
78086,0.0
78087,0.0
78088,0.0
78089,1.72853469849e-06
78090,7.17639923096e-05
78091,0.000485420227051
78092,0.00275421142578
78093,0.00531387329102
78094,0.00580978393555
78095,0.00830841064453
78096,0.0107650756836
78097,0.0142288208008
78098,0.01318359375
78099,0.01611328125
78100,0.0181884765625
78101,0.0188140869141
78102,0.0
78103,0.0
78104,0.0
78105,0.0
78106,0.000693798065186
78107,0.000957489013672
78108,0.00181674957275
78109,0.00333786010742
78110,0.0061149597168
78111,0.00713729858398
78112,0.00929260253906
78113,0.0126419067383
78114,0.0130081176758
78115,0.0139999389648
78116,0.0177917480469
78117,0.0183868408203
78118,0.0
78119,0.0
78120,0.0
78121,7.96318054199e-05
78122,0.000218152999878
78123,0.00129985809326
78124,0.00332450866699
78125,0.00439834594727
78126,0.00617218017578
78127,0.00732803344727
78128,0.00889587402344
78129,0.011360168457
78130,0.014404296875
78131,0.0145874023438
78132,0.0167236328125
78133,0.019287109375
78134,0.0
78135,0.0
78136,0.0
78137,2.15768814087e-05
78138,0.00030517578125
78139,0.00106525421143
78140,0.00276184082031
78141,0.00454330444336
78142,0.00725173950195
78143,0.00830078125
78144,0.0104446411133
78145,0.0129089355469
78146,0.0149765014648
78147,0.0156860351562
78148,0.0165863037109
78149,0.0191192626953
78150,0.0
78151,0.0
78152,0.0
78153,8.48174095154e-05
78154,0.000575542449951
78155,0.000898361206055
78156,0.0024242401123
78157,0.00416946411133
78158,0.00651931762695
78159,0.00827789306641
78160,0.0111694335938
78161,0.0125122070312
78162,0.0147933959961
78163,0.0155944824219
78164,0.0162658691406
78165,0.0179138183594
78166,0.0
78167,0.0
78168,0.0
78169,5.10215759277e-05
78170,0.000365734100342
78171,0.000804424285889
78172,0.00195217132568
78173,0.00309944152832
78174,0.00399780273438
78175,0.00677871704102
78176,0.00808715820312
78177,0.012092590332
78178,0.0146102905273
78179,0.0160217285156
78180,0.0192260742188
78181,0.0207366943359
78182,0.0
78183,0.0
78184,0.0
78185,1.13248825073e-06
78186,0.000383377075195
78187,0.00122356414795
78188,0.001953125
78189,0.00283813476562
78190,0.00457382202148
78191,0.00689315795898
78192,0.00834655761719
78193,0.011360168457
78194,0.0150680541992
78195,0.0159759521484
78196,0.0177307128906
78197,0.0195159912109
78198,0.0
78199,0.0
78200,0.0
78201,1.72853469849e-06
78202,0.00018322467804
