4,0.015625
5,0.0
6,0.015625
7,0.0
8,0.015625
9,0.0
10,0.0
11,0.0
12,0.015625
13,0.015625
14,0.015625
15,0.0
16,0.0
17,0.015625
18,0.0
19,0.015625
20,0.0
21,0.03125
22,0.015625
23,0.0
24,0.0
25,0.0
26,0.015625
27,0.0
28,0.0
29,0.0
30,0.0
31,0.0
32,0.015625
33,0.0
34,0.046875
35,0.0
36,0.0
37,0.0
38,0.046875
39,0.015625
40,0.03125
41,0.0
42,0.03125
43,0.03125
44,0.046875
45,0.015625
46,0.0
47,0.0
48,0.015625
49,0.03125
50,0.0625
51,0.015625
52,0.0
53,0.0
54,0.015625
55,0.03125
56,0.03125
57,0.03125
58,0.015625
59,0.0
60,0.0
61,0.015625
62,0.015625
63,0.015625
64,0.015625
65,0.015625
66,0.015625
67,0.015625
68,0.0
69,0.0
70,0.015625
71,0.0
72,0.03125
73,0.046875
74,0.03125
75,0.0
76,0.0
77,0.046875
78,0.0
79,0.015625
80,0.0
81,0.015625
82,0.015625
83,0.015625
84,0.078125
85,0.015625
86,0.03125
87,0.0
88,0.0625
89,0.015625
90,0.0
91,0.03125
92,0.015625
93,0.046875
94,0.046875
95,0.015625
96,0.0
97,0.046875
98,0.0
99,0.0
100,0.0
101,0.046875
102,0.015625
103,0.0
104,0.0
105,0.0
106,0.015625
107,0.0
108,0.0
109,0.015625
110,0.015625
111,0.046875
112,0.0625
113,0.015625
114,0.0
115,0.0
116,0.015625
117,0.015625
118,0.046875
119,0.015625
120,0.015625
121,0.015625
122,0.015625
123,0.046875
124,0.03125
125,0.015625
126,0.03125
127,0.0
128,0.0
129,0.0
130,0.015625
131,0.046875
132,0.0
133,0.015625
134,0.0
135,0.015625
136,0.015625
137,0.015625
138,0.015625
139,0.015625
140,0.0
141,0.0
142,0.046875
143,0.0
144,0.03125
145,0.0
146,0.03125
147,0.015625
148,0.015625
149,0.0
150,0.015625
151,0.015625
152,0.0
153,0.015625
154,0.015625
155,0.015625
156,0.015625
157,0.015625
158,0.0
159,0.0
160,0.0
161,0.0
162,0.015625
163,0.015625
164,0.03125
165,0.0
166,0.0
167,0.03125
168,0.015625
169,0.046875
170,0.015625
171,0.0
172,0.015625
173,0.015625
174,0.03125
175,0.015625
176,0.0625
177,0.0
178,0.03125
179,0.0
180,0.015625
181,0.015625
182,0.03125
183,0.03125
184,0.015625
185,0.0
186,0.015625
187,0.015625
188,0.03125
189,0.046875
190,0.015625
191,0.03125
192,0.03125
193,0.078125
194,0.015625
195,0.015625
196,0.0
197,0.03125
198,0.015625
199,0.0
200,0.015625
201,0.046875
202,0.0
203,0.03125
204,0.046875
205,0.0
206,0.015625
207,0.015625
208,0.046875
209,0.03125
210,0.0
211,0.015625
212,0.03125
213,0.046875
214,0.015625
215,0.078125
216,0.03125
217,0.0
218,0.0
219,0.03125
220,0.015625
221,0.015625
222,0.015625
223,0.0
224,0.0
225,0.0
226,0.03125
227,0.0
228,0.0
229,0.0
230,0.015625
231,0.015625
232,0.015625
233,0.015625
234,0.015625
235,0.03125
236,0.03125
237,0.03125
238,0.015625
239,0.015625
240,0.015625
241,0.046875
242,0.0
243,0.0
244,0.0625
245,0.015625
246,0.03125
247,0.078125
248,0.03125
249,0.015625
250,0.03125
251,0.03125
252,0.03125
253,0.015625
254,0.0
255,0.03125
256,0.0
257,0.015625
258,0.0
259,0.03125
260,0.03125
261,0.03125
262,0.0625
263,0.0625
264,0.015625
265,0.0
266,0.03125
267,0.015625
268,0.0
269,0.0
270,0.046875
271,0.046875
272,0.03125
273,0.03125
274,0.015625
275,0.015625
276,0.03125
277,0.015625
278,0.03125
279,0.0
280,0.03125
281,0.03125
282,0.015625
283,0.0
284,0.0
285,0.03125
286,0.015625
287,0.0
288,0.046875
289,0.015625
290,0.03125
291,0.046875
292,0.0
293,0.015625
294,0.015625
295,0.0
296,0.03125
297,0.015625
298,0.0
299,0.03125
300,0.0
301,0.015625
302,0.015625
303,0.03125
304,0.015625
305,0.015625
306,0.03125
307,0.015625
308,0.015625
309,0.015625
310,0.0
311,0.046875
312,0.046875
313,0.015625
314,0.015625
315,0.015625
316,0.03125
317,0.015625
318,0.015625
319,0.015625
320,0.03125
321,0.0
322,0.0
323,0.015625
324,0.015625
325,0.078125
326,0.0
327,0.03125
328,0.0
329,0.046875
330,0.03125
331,0.015625
332,0.015625
333,0.0
334,0.015625
335,0.015625
336,0.046875
337,0.015625
338,0.03125
339,0.03125
340,0.03125
341,0.0
342,0.03125
343,0.03125
344,0.0
345,0.015625
346,0.015625
347,0.0
348,0.015625
349,0.0
350,0.015625
351,0.03125
352,0.0
353,0.015625
354,0.015625
355,0.03125
356,0.0
357,0.03125
358,0.03125
359,0.0
360,0.0625
361,0.015625
362,0.03125
363,0.0
364,0.015625
365,0.015625
366,0.046875
367,0.046875
368,0.0
369,0.015625
370,0.0
371,0.015625
372,0.0
373,0.015625
374,0.015625
375,0.015625
376,0.015625
377,0.03125
378,0.015625
379,0.015625
380,0.03125
381,0.03125
382,0.03125
383,0.0
384,0.015625
385,0.015625
386,0.046875
387,0.046875
388,0.03125
389,0.046875
390,0.015625
391,0.046875
392,0.03125
393,0.0
394,0.015625
395,0.046875
396,0.0
397,0.0
398,0.0
399,0.015625
400,0.0
401,0.015625
402,0.03125
403,0.015625
404,0.03125
405,0.015625
406,0.0
407,0.015625
408,0.0
409,0.015625
410,0.03125
411,0.0
412,0.046875
413,0.015625
414,0.03125
415,0.03125
416,0.015625
417,0.0
418,0.046875
419,0.0
420,0.015625
421,0.0625
422,0.046875
423,0.015625
424,0.03125
425,0.015625
426,0.03125
427,0.015625
428,0.046875
429,0.015625
430,0.015625
431,0.0
432,0.0
433,0.0
434,0.015625
435,0.015625
436,0.03125
437,0.015625
438,0.0
439,0.0625
440,0.015625
441,0.015625
442,0.03125
443,0.015625
444,0.0
445,0.0
446,0.03125
447,0.015625
448,0.046875
449,0.015625
450,0.0
451,0.046875
452,0.03125
453,0.015625
454,0.03125
455,0.046875
456,0.03125
457,0.015625
458,0.0
459,0.03125
460,0.03125
461,0.0625
462,0.0
463,0.015625
464,0.03125
465,0.078125
466,0.015625
467,0.0625
468,0.03125
469,0.015625
470,0.03125
471,0.046875
472,0.03125
473,0.0
474,0.015625
475,0.0
476,0.015625
477,0.046875
478,0.015625
479,0.0
480,0.046875
481,0.015625
482,0.03125
483,0.03125
484,0.046875
485,0.03125
486,0.03125
487,0.015625
488,0.03125
489,0.03125
490,0.015625
491,0.046875
492,0.0625
493,0.078125
494,0.046875
495,0.03125
496,0.015625
497,0.015625
498,0.03125
499,0.03125
500,0.0
501,0.03125
502,0.03125
503,0.015625
504,0.015625
505,0.046875
506,0.03125
507,0.03125
508,0.03125
509,0.03125
510,0.015625
511,0.015625
512,0.03125
513,0.046875
514,0.015625
515,0.015625
516,0.015625
517,0.03125
518,0.046875
519,0.015625
520,0.046875
521,0.03125
522,0.0
523,0.046875
524,0.03125
525,0.03125
526,0.0625
527,0.0
528,0.03125
529,0.0
530,0.03125
531,0.015625
532,0.0
533,0.015625
534,0.03125
535,0.03125
536,0.0
537,0.046875
538,0.0625
539,0.03125
540,0.03125
541,0.015625
542,0.0
543,0.015625
544,0.03125
545,0.0625
546,0.046875
547,0.046875
548,0.03125
549,0.03125
550,0.015625
551,0.015625
552,0.046875
553,0.015625
554,0.03125
555,0.046875
556,0.0625
557,0.015625
558,0.03125
559,0.03125
560,0.0
561,0.03125
562,0.03125
563,0.0
564,0.0
565,0.015625
566,0.046875
567,0.015625
568,0.015625
569,0.015625
570,0.03125
571,0.015625
572,0.015625
573,0.0
574,0.03125
575,0.03125
576,0.015625
577,0.0
578,0.0625
579,0.03125
580,0.015625
581,0.0625
582,0.0
583,0.0625
584,0.03125
585,0.015625
586,0.046875
587,0.046875
588,0.015625
589,0.09375
590,0.046875
591,0.0
592,0.0
593,0.046875
594,0.046875
595,0.015625
596,0.015625
597,0.015625
598,0.015625
599,0.03125
600,0.015625
601,0.03125
602,0.0
603,0.0
604,0.046875
605,0.015625
606,0.046875
607,0.015625
608,0.0
609,0.0625
610,0.015625
611,0.015625
612,0.0
613,0.015625
614,0.015625
615,0.03125
616,0.0
617,0.015625
618,0.015625
619,0.03125
620,0.015625
621,0.015625
622,0.0
623,0.015625
624,0.03125
625,0.046875
626,0.0
627,0.015625
628,0.046875
629,0.03125
630,0.0
631,0.0
632,0.03125
633,0.046875
634,0.015625
635,0.0
636,0.0
637,0.046875
638,0.015625
639,0.03125
640,0.046875
641,0.015625
642,0.03125
643,0.046875
644,0.03125
645,0.0
646,0.015625
647,0.015625
648,0.0
649,0.015625
650,0.046875
651,0.015625
652,0.046875
653,0.046875
654,0.03125
655,0.0
656,0.015625
657,0.015625
658,0.03125
659,0.0
660,0.03125
661,0.0625
662,0.015625
663,0.03125
664,0.015625
665,0.046875
666,0.0625
667,0.03125
668,0.015625
669,0.015625
670,0.03125
671,0.03125
672,0.078125
673,0.046875
674,0.03125
675,0.03125
676,0.0625
677,0.03125
678,0.046875
679,0.03125
680,0.0
681,0.0
682,0.015625
683,0.015625
684,0.015625
685,0.03125
686,0.046875
687,0.0
688,0.015625
689,0.03125
690,0.015625
691,0.015625
692,0.046875
693,0.03125
694,0.015625
695,0.03125
696,0.015625
697,0.0
698,0.03125
699,0.0
700,0.03125
701,0.0625
702,0.0625
703,0.03125
704,0.03125
705,0.015625
706,0.046875
707,0.078125
708,0.046875
709,0.015625
710,0.0
711,0.0
712,0.0
713,0.0625
714,0.015625
715,0.03125
716,0.046875
717,0.0
718,0.078125
719,0.0
720,0.015625
721,0.0
722,0.078125
723,0.015625
724,0.03125
725,0.03125
726,0.015625
727,0.0625
728,0.03125
729,0.0625
730,0.015625
731,0.03125
732,0.046875
733,0.015625
734,0.046875
735,0.0
736,0.0
737,0.0
738,0.046875
739,0.03125
740,0.03125
741,0.046875
742,0.015625
743,0.046875
744,0.046875
745,0.015625
746,0.03125
747,0.015625
748,0.015625
749,0.03125
750,0.015625
751,0.015625
752,0.046875
753,0.015625
754,0.046875
755,0.03125
756,0.046875
757,0.046875
758,0.0
759,0.03125
760,0.078125
761,0.0
762,0.015625
763,0.03125
764,0.0
765,0.0
766,0.0
767,0.03125
768,0.015625
769,0.03125
770,0.015625
771,0.03125
772,0.015625
773,0.03125
774,0.015625
775,0.03125
776,0.03125
777,0.015625
778,0.046875
779,0.0
780,0.078125
781,0.015625
782,0.015625
783,0.03125
784,0.0
786,0.015625
787,0.03125
788,0.0
789,0.015625
790,0.0
791,0.046875
792,0.0
793,0.015625
794,0.03125
795,0.03125
796,0.0
797,0.03125
798,0.015625
799,0.0
800,0.046875
801,0.015625
802,0.03125
803,0.0
804,0.046875
805,0.015625
806,0.0
807,0.03125
808,0.078125
809,0.0
810,0.0
811,0.046875
812,0.0
813,0.015625
814,0.03125
815,0.03125
816,0.015625
817,0.0
818,0.03125
819,0.109375
820,0.046875
821,0.015625
822,0.0625
823,0.0625
824,0.03125
825,0.046875
826,0.03125
827,0.015625
828,0.0
829,0.03125
830,0.03125
831,0.0625
832,0.03125
833,0.046875
834,0.015625
835,0.015625
836,0.0
837,0.015625
838,0.03125
839,0.046875
840,0.0625
841,0.03125
842,0.03125
843,0.0
844,0.03125
845,0.015625
846,0.0625
847,0.03125
848,0.015625
849,0.0
850,0.03125
851,0.0625
852,0.046875
853,0.03125
854,0.03125
855,0.015625
856,0.0625
857,0.015625
858,0.015625
859,0.015625
860,0.0625
861,0.0
862,0.0625
863,0.03125
864,0.015625
865,0.015625
866,0.046875
867,0.046875
868,0.0
869,0.046875
870,0.0625
871,0.015625
872,0.046875
873,0.015625
874,0.03125
875,0.03125
876,0.046875
877,0.0625
878,0.046875
879,0.03125
880,0.015625
881,0.03125
882,0.015625
883,0.046875
884,0.03125
885,0.0
886,0.046875
887,0.015625
888,0.03125
889,0.015625
890,0.078125
891,0.03125
892,0.015625
893,0.0625
894,0.015625
895,0.015625
896,0.015625
897,0.015625
898,0.046875
899,0.015625
900,0.015625
901,0.015625
902,0.015625
903,0.03125
904,0.03125
905,0.015625
906,0.015625
907,0.03125
908,0.03125
909,0.015625
910,0.0625
911,0.0625
912,0.0625
913,0.046875
914,0.03125
915,0.09375
916,0.0625
917,0.0625
918,0.046875
919,0.046875
920,0.015625
921,0.015625
922,0.046875
923,0.015625
924,0.0625
925,0.015625
926,0.015625
927,0.03125
928,0.046875
929,0.03125
930,0.015625
931,0.0
932,0.09375
933,0.046875
934,0.0
935,0.078125
936,0.0
937,0.03125
938,0.015625
939,0.0
940,0.046875
941,0.0
942,0.046875
943,0.0625
944,0.046875
945,0.015625
946,0.03125
947,0.015625
948,0.046875
949,0.03125
950,0.046875
951,0.03125
952,0.03125
953,0.046875
954,0.015625
955,0.015625
956,0.015625
957,0.015625
958,0.015625
959,0.015625
960,0.03125
961,0.015625
962,0.015625
963,0.015625
964,0.0
965,0.046875
966,0.015625
967,0.0
968,0.015625
969,0.0
970,0.03125
971,0.03125
972,0.03125
973,0.0625
974,0.015625
975,0.015625
976,0.03125
977,0.03125
978,0.03125
979,0.03125
980,0.015625
981,0.015625
982,0.015625
983,0.015625
984,0.015625
985,0.03125
986,0.046875
987,0.015625
988,0.03125
989,0.015625
990,0.046875
991,0.03125
992,0.046875
993,0.015625
994,0.015625
995,0.03125
996,0.0
997,0.015625
998,0.015625
999,0.015625
1000,0.03125
1001,0.0625
1002,0.015625
1003,0.015625
1004,0.015625
1005,0.0
1006,0.015625
1007,0.0625
1008,0.0625
1009,0.046875
1010,0.015625
1011,0.015625
1012,0.046875
1013,0.0
1014,0.03125
1015,0.0
1016,0.015625
1017,0.09375
1018,0.0
1019,0.015625
1020,0.03125
1021,0.03125
1022,0.03125
1023,0.03125
1024,0.015625
1025,0.03125
1026,0.03125
1027,0.03125
1028,0.0
1029,0.0
1030,0.0
1031,0.03125
1032,0.046875
1033,0.03125
1034,0.0
1035,0.03125
1036,0.078125
1037,0.046875
1038,0.03125
1039,0.0625
1040,0.078125
1041,0.015625
1042,0.03125
1043,0.015625
1044,0.015625
1045,0.015625
1046,0.015625
1047,0.015625
1048,0.0625
1049,0.046875
1050,0.0
1051,0.03125
1052,0.015625
1053,0.015625
1054,0.046875
1055,0.03125
1056,0.0
1057,0.015625
1058,0.015625
1059,0.046875
1060,0.078125
1061,0.046875
1062,0.0
1063,0.078125
1064,0.0625
1065,0.015625
1066,0.046875
1067,0.0625
1068,0.03125
1069,0.03125
1070,0.03125
1071,0.015625
1072,0.015625
1073,0.03125
1074,0.0
1075,0.046875
1076,0.03125
1077,0.0625
1078,0.0
1079,0.0
1080,0.046875
1081,0.015625
1082,0.0
1083,0.046875
1084,0.046875
1085,0.0625
1086,0.109375
1087,0.015625
1088,0.03125
1089,0.015625
1090,0.03125
1091,0.0
1092,0.015625
1093,0.03125
1094,0.015625
1095,0.0
1096,0.015625
1097,0.046875
1098,0.0
1099,0.015625
1100,0.0
1101,0.015625
1102,0.0625
1103,0.0
1104,0.015625
1105,0.03125
1106,0.046875
1107,0.0625
1108,0.046875
1109,0.03125
1110,0.0
1111,0.015625
1112,0.015625
1113,0.015625
1114,0.046875
1115,0.046875
1116,0.015625
1117,0.0625
1118,0.03125
1119,0.0
1120,0.03125
1121,0.0
1122,0.0625
1123,0.03125
1124,0.03125
1125,0.0
1126,0.0
1127,0.015625
1128,0.015625
1129,0.0
1130,0.03125
1131,0.015625
1132,0.015625
1133,0.015625
1134,0.0
1135,0.0
1136,0.0
1137,0.0625
1138,0.03125
1139,0.015625
1140,0.015625
1141,0.03125
1142,0.0
1143,0.046875
1144,0.03125
1145,0.046875
1146,0.046875
1147,0.0625
1148,0.03125
1149,0.03125
1150,0.03125
1151,0.046875
1152,0.03125
1153,0.03125
1154,0.046875
1155,0.046875
1156,0.046875
1157,0.046875
1158,0.046875
1159,0.046875
1160,0.0
1161,0.015625
1162,0.015625
1163,0.078125
1164,0.046875
1165,0.03125
1166,0.03125
1167,0.078125
1168,0.015625
1169,0.0625
1170,0.046875
1171,0.0625
1172,0.03125
1173,0.03125
1174,0.015625
1175,0.015625
1176,0.03125
1177,0.015625
1178,0.015625
1179,0.0
1180,0.078125
1181,0.046875
1182,0.046875
1183,0.015625
1184,0.015625
1185,0.0625
1186,0.015625
1187,0.0625
1188,0.015625
1189,0.015625
1190,0.03125
1191,0.0
1192,0.0
1193,0.03125
1194,0.03125
1195,0.078125
1196,0.015625
1197,0.03125
1198,0.0625
1199,0.03125
1200,0.046875
1201,0.0
1202,0.0
1203,0.0625
1204,0.015625
1205,0.0
1206,0.0
1207,0.0
1208,0.046875
1209,0.015625
1210,0.03125
1211,0.046875
1212,0.015625
1213,0.015625
1214,0.03125
1215,0.015625
1216,0.03125
1217,0.046875
1218,0.046875
1219,0.03125
1220,0.03125
1221,0.0
1222,0.015625
1223,0.015625
1224,0.0
1225,0.03125
1226,0.015625
1227,0.0625
1228,0.03125
1229,0.0625
1230,0.0625
1231,0.046875
1232,0.015625
1233,0.015625
1234,0.03125
1235,0.03125
1236,0.03125
1237,0.03125
1238,0.03125
1239,0.0
1240,0.03125
1241,0.03125
1242,0.015625
1243,0.015625
1244,0.046875
1245,0.015625
1246,0.046875
1247,0.0
1248,0.015625
1249,0.015625
1250,0.0625
1251,0.0
1252,0.078125
1253,0.03125
1254,0.046875
1255,0.0625
1256,0.03125
1257,0.046875
1258,0.046875
1259,0.046875
1260,0.046875
1261,0.0625
1262,0.0625
1263,0.0625
1264,0.046875
1265,0.015625
1266,0.046875
1267,0.0625
1268,0.0625
1269,0.046875
1270,0.046875
1271,0.015625
1272,0.015625
1273,0.015625
1274,0.046875
1275,0.109375
1276,0.0625
1277,0.015625
1278,0.03125
1279,0.03125
1280,0.015625
1281,0.015625
1282,0.046875
1283,0.015625
1284,0.03125
1285,0.015625
1286,0.078125
1287,0.0625
1288,0.078125
1289,0.015625
1290,0.046875
1291,0.015625
1292,0.015625
1293,0.0
1294,0.0
1295,0.046875
1296,0.015625
1297,0.046875
1298,0.0
1299,0.03125
1300,0.015625
1301,0.046875
1302,0.015625
1303,0.046875
1304,0.03125
1305,0.03125
1306,0.03125
1307,0.03125
1308,0.03125
1309,0.015625
1310,0.0625
1311,0.015625
1312,0.03125
1313,0.046875
1314,0.03125
1315,0.0
1316,0.03125
1317,0.03125
1318,0.03125
1319,0.0
1320,0.015625
1321,0.046875
1322,0.03125
1323,0.046875
1324,0.03125
1325,0.046875
1326,0.0625
1327,0.015625
1328,0.09375
1329,0.015625
1330,0.03125
1331,0.03125
1332,0.015625
1333,0.03125
1334,0.03125
1335,0.015625
1336,0.046875
1337,0.015625
1338,0.0625
1339,0.015625
1340,0.046875
1341,0.015625
1342,0.015625
1343,0.046875
1344,0.046875
1345,0.03125
1346,0.015625
1347,0.03125
1348,0.015625
1349,0.046875
1350,0.015625
1351,0.015625
1352,0.0
1353,0.046875
1354,0.0
1355,0.046875
1356,0.0
1357,0.03125
1358,0.109375
1359,0.078125
1360,0.03125
1361,0.015625
1362,0.015625
1363,0.03125
1364,0.015625
1365,0.03125
1366,0.0625
1367,0.015625
1368,0.046875
1369,0.0625
1370,0.015625
1371,0.015625
1372,0.015625
1373,0.046875
1374,0.0625
1375,0.046875
1376,0.0
1377,0.03125
1378,0.046875
1379,0.03125
1380,0.015625
1381,0.015625
1382,0.046875
1383,0.03125
1384,0.015625
1385,0.015625
1386,0.0
1387,0.015625
1388,0.015625
1389,0.015625
1390,0.046875
1391,0.0
1392,0.03125
1393,0.03125
1394,0.0625
1395,0.03125
1396,0.015625
1397,0.03125
1398,0.03125
1399,0.03125
1400,0.046875
1401,0.015625
1402,0.015625
1403,0.078125
1404,0.046875
1405,0.046875
1406,0.015625
1407,0.03125
1408,0.046875
1409,0.046875
1410,0.046875
1411,0.0625
1412,0.03125
1413,0.03125
1414,0.0
1415,0.015625
1416,0.015625
1417,0.0625
1418,0.046875
1419,0.03125
1420,0.03125
1421,0.015625
1422,0.03125
1423,0.03125
1424,0.0
1425,0.0
1426,0.03125
1427,0.03125
1428,0.0
1429,0.046875
1430,0.046875
1431,0.03125
1432,0.0
1433,0.0625
1434,0.046875
1435,0.03125
1436,0.0625
1437,0.046875
1438,0.0
1439,0.015625
1440,0.015625
1441,0.03125
1442,0.03125
1443,0.0
1444,0.03125
1445,0.0625
1446,0.0625
1447,0.03125
1448,0.0625
1449,0.0
1450,0.0
1451,0.015625
1452,0.03125
1453,0.0625
1454,0.0625
1455,0.03125
1456,0.0
1457,0.015625
1458,0.015625
1459,0.0
1460,0.046875
1461,0.015625
1462,0.0
1463,0.015625
1464,0.015625
1465,0.046875
1466,0.046875
1467,0.03125
1468,0.03125
1469,0.078125
1470,0.03125
1471,0.046875
1472,0.0625
1473,0.03125
1474,0.0625
1475,0.03125
1476,0.0
1477,0.046875
1478,0.0625
1479,0.03125
1480,0.015625
1481,0.046875
1482,0.046875
1483,0.03125
1484,0.078125
1485,0.0
1486,0.046875
1487,0.03125
1488,0.109375
1489,0.046875
1490,0.046875
1491,0.03125
1492,0.015625
1493,0.03125
1494,0.09375
1495,0.0625
1496,0.015625
1497,0.03125
1498,0.0625
1499,0.0625
1500,0.03125
1501,0.09375
1502,0.015625
1503,0.078125
1504,0.046875
1505,0.0
1506,0.0625
1507,0.09375
1508,0.0
1509,0.078125
1510,0.09375
1511,0.046875
1512,0.03125
1513,0.03125
1514,0.03125
1515,0.046875
1516,0.03125
1517,0.03125
1518,0.0
1519,0.0
1520,0.046875
1521,0.0
1522,0.03125
1523,0.03125
1524,0.0625
1525,0.03125
1526,0.03125
1527,0.015625
1528,0.03125
1529,0.015625
1530,0.0625
1531,0.03125
1532,0.015625
1533,0.015625
1534,0.078125
1535,0.0
1536,0.046875
1537,0.0625
1538,0.03125
1539,0.03125
1540,0.03125
1541,0.078125
1542,0.015625
1543,0.046875
1544,0.046875
1545,0.015625
1546,0.046875
1547,0.0
1548,0.046875
1549,0.03125
1550,0.0625
1551,0.0625
1552,0.046875
1553,0.03125
1554,0.046875
1555,0.0625
1556,0.03125
1557,0.015625
1558,0.03125
1559,0.015625
1560,0.015625
1561,0.015625
1562,0.015625
1563,0.046875
38319,0.53125
38320,0.515625
38322,0.6875
38323,0.6875
38324,0.609375
38325,0.765625
38326,0.65625
38327,0.609375
38328,0.65625
38329,0.625
38330,0.734375
38331,0.640625
38332,0.578125
38333,0.640625
38334,0.578125
38335,0.703125
38336,0.640625
38337,0.625
38338,0.671875
38339,0.796875
38340,0.609375
38341,0.734375
38342,0.578125
38343,0.6875
38344,0.625
38345,0.671875
38346,0.703125
38347,0.6875
38348,0.59375
38349,0.578125
38350,0.625
38351,0.65625
38352,0.671875
38353,0.59375
38354,0.671875
38355,0.609375
38356,0.59375
38357,0.6875
38358,0.640625
38359,0.515625
38360,0.671875
38361,0.578125
38362,0.65625
38363,0.703125
38364,0.671875
38365,0.546875
38366,0.609375
38367,0.640625
38368,0.546875
38369,0.734375
38370,0.65625
38371,0.546875
38372,0.671875
38373,0.671875
38374,0.59375
38375,0.734375
38376,0.625
38377,0.703125
38378,0.734375
38379,0.625
38380,0.71875
38381,0.640625
38382,0.6875
38383,0.703125
38384,0.671875
38385,0.609375
38386,0.6875
38387,0.609375
38388,0.578125
38389,0.625
38390,0.53125
38391,0.640625
38392,0.71875
38393,0.671875
38394,0.59375
38395,0.78125
38396,0.609375
38397,0.640625
38398,0.640625
38399,0.71875
38400,0.625
38401,0.59375
38402,0.734375
38403,0.609375
38404,0.65625
38405,0.578125
38406,0.53125
38407,0.671875
38408,0.5625
38409,0.65625
38410,0.6875
38411,0.703125
38412,0.703125
38413,0.765625
38414,0.609375
38415,0.640625
38416,0.609375
38417,0.6875
38418,0.5625
38419,0.625
38420,0.640625
38421,0.65625
38422,0.78125
38423,0.65625
38424,0.703125
38425,0.640625
38426,0.71875
38427,0.609375
38428,0.53125
38429,0.640625
38430,0.5625
38431,0.578125
38432,0.625
38433,0.5625
38434,0.671875
38435,0.75
38436,0.71875
38437,0.5625
38438,0.6875
38439,0.6875
38440,0.703125
38441,0.484375
38442,0.59375
38443,0.609375
38444,0.703125
38445,0.75
38446,0.59375
38447,0.59375
38448,0.5
38449,0.625
38450,0.640625
38451,0.625
38452,0.46875
38453,0.671875
38454,0.59375
38455,0.671875
38456,0.625
38457,0.671875
38458,0.734375
38459,0.703125
38460,0.609375
38461,0.609375
38462,0.625
38463,0.703125
38464,0.640625
38465,0.6875
38466,0.625
38467,0.65625
38468,0.515625
38469,0.671875
38470,0.5
38471,0.546875
38472,0.71875
38473,0.671875
38474,0.5625
38475,0.578125
38476,0.6875
38477,0.671875
38478,0.546875
38479,0.703125
38480,0.59375
38481,0.671875
38482,0.625
38483,0.671875
38484,0.5625
38485,0.640625
38486,0.546875
38487,0.671875
38488,0.65625
38489,0.734375
38490,0.671875
38491,0.625
38492,0.609375
38493,0.765625
38494,0.71875
38495,0.5625
38496,0.53125
38497,0.65625
38498,0.71875
38499,0.609375
38500,0.671875
38501,0.625
38502,0.65625
38503,0.6875
38504,0.609375
38505,0.671875
38506,0.53125
38507,0.5625
38508,0.59375
38509,0.640625
38510,0.671875
38511,0.703125
38512,0.625
38513,0.609375
38514,0.671875
38515,0.671875
38516,0.703125
38517,0.671875
38518,0.59375
38519,0.59375
38520,0.65625
38521,0.71875
38522,0.65625
38523,0.703125
38524,0.640625
38525,0.734375
38526,0.65625
38527,0.515625
38528,0.59375
38529,0.578125
38530,0.578125
38531,0.75
38532,0.671875
38533,0.515625
38534,0.59375
38535,0.671875
38536,0.53125
38537,0.625
38538,0.609375
38539,0.640625
38540,0.703125
38541,0.5625
38542,0.625
38543,0.625
38544,0.703125
38545,0.59375
38546,0.640625
38547,0.6875
38548,0.546875
38549,0.671875
38550,0.640625
38551,0.65625
38552,0.640625
38553,0.59375
38554,0.578125
38555,0.59375
38556,0.59375
38557,0.640625
38558,0.609375
38559,0.65625
38560,0.609375
38561,0.703125
38562,0.625
38563,0.53125
38564,0.5625
38565,0.625
38566,0.6875
38567,0.59375
38568,0.703125
38569,0.5625
38570,0.609375
38571,0.65625
38572,0.671875
38573,0.75
38574,0.640625
38575,0.59375
38576,0.671875
38577,0.609375
38578,0.6875
38579,0.515625
38580,0.65625
38581,0.65625
38582,0.6875
38583,0.625
38584,0.6875
38585,0.671875
38586,0.703125
38587,0.59375
38588,0.59375
38589,0.59375
38590,0.71875
38591,0.703125
38592,0.640625
38593,0.65625
38594,0.546875
38595,0.6875
38596,0.609375
38597,0.765625
38598,0.671875
38599,0.71875
38600,0.6875
38601,0.625
38602,0.65625
38603,0.640625
38604,0.6875
38605,0.578125
38606,0.65625
38607,0.578125
38608,0.5625
38609,0.703125
38610,0.59375
38611,0.671875
38612,0.59375
38613,0.65625
38614,0.5625
38615,0.640625
38616,0.6875
38617,0.6875
38618,0.703125
38619,0.671875
38620,0.5625
38621,0.65625
38622,0.6875
38623,0.546875
38624,0.609375
38625,0.625
38626,0.703125
38627,0.734375
38628,0.59375
38629,0.640625
38630,0.75
38631,0.65625
38632,0.59375
38633,0.609375
38634,0.71875
38635,0.515625
38636,0.65625
38637,0.75
38638,0.703125
38639,0.65625
38640,0.609375
38641,0.625
38642,0.65625
38643,0.6875
38644,0.65625
38645,0.75
38646,0.546875
38647,0.75
38648,0.703125
38649,0.5625
38650,0.5
38651,0.734375
38652,0.625
38653,0.59375
38654,0.65625
38655,0.625
38656,0.6875
38657,0.65625
38658,0.609375
38659,0.59375
38660,0.59375
38661,0.703125
38662,0.59375
38663,0.6875
38664,0.703125
38665,0.703125
38666,0.65625
38667,0.6875
38668,0.578125
38669,0.65625
38670,0.640625
38671,0.65625
38672,0.640625
38673,0.578125
38674,0.59375
38675,0.59375
38676,0.75
38677,0.65625
38678,0.640625
38679,0.703125
38680,0.75
38681,0.703125
38682,0.5625
38683,0.65625
38684,0.71875
38685,0.59375
38686,0.671875
38687,0.71875
38688,0.71875
38689,0.609375
38690,0.640625
38691,0.71875
38692,0.71875
38693,0.78125
38694,0.671875
38695,0.625
38696,0.671875
38697,0.515625
38698,0.640625
38699,0.671875
38700,0.671875
38701,0.65625
38702,0.609375
38703,0.625
38704,0.59375
38705,0.609375
38706,0.65625
38707,0.6875
38708,0.59375
38709,0.671875
38710,0.609375
38711,0.5625
38712,0.671875
38713,0.65625
38714,0.671875
38715,0.640625
38716,0.671875
38717,0.6875
38718,0.625
38719,0.5625
38720,0.71875
38721,0.609375
38722,0.59375
38723,0.703125
38724,0.59375
38725,0.671875
38726,0.6875
38727,0.65625
38728,0.65625
38729,0.625
38730,0.578125
38731,0.671875
38732,0.609375
38733,0.59375
38734,0.734375
38735,0.671875
38736,0.59375
38737,0.671875
38738,0.71875
38739,0.578125
38740,0.640625
38741,0.640625
38742,0.578125
38743,0.6875
38744,0.75
38745,0.515625
38746,0.578125
38747,0.6875
38748,0.59375
38749,0.578125
38750,0.578125
38751,0.65625
38752,0.625
38753,0.75
38754,0.8125
38755,0.46875
38756,0.65625
38757,0.609375
38758,0.71875
38759,0.609375
38760,0.6875
38761,0.703125
38762,0.59375
38763,0.734375
38764,0.609375
38765,0.5625
38766,0.671875
38767,0.625
38768,0.640625
38769,0.765625
38770,0.671875
38771,0.59375
38772,0.625
38773,0.640625
38774,0.765625
38775,0.640625
38776,0.671875
38777,0.703125
38778,0.625
38779,0.609375
38780,0.578125
38781,0.671875
38782,0.703125
38783,0.6875
38784,0.515625
38785,0.5625
38786,0.578125
38787,0.65625
38788,0.65625
38789,0.71875
38790,0.609375
38791,0.625
38792,0.6875
38793,0.609375
38794,0.5
38795,0.625
38796,0.71875
38797,0.6875
38798,0.671875
38799,0.640625
38800,0.578125
38801,0.640625
38802,0.578125
38803,0.703125
38804,0.671875
38805,0.734375
38806,0.609375
38807,0.625
38808,0.734375
38809,0.609375
38810,0.625
38811,0.65625
38812,0.65625
38813,0.578125
38814,0.640625
38815,0.625
38816,0.59375
38817,0.59375
38818,0.578125
38819,0.546875
38820,0.703125
38821,0.609375
38822,0.578125
38823,0.546875
38824,0.578125
38825,0.578125
38826,0.6875
38827,0.71875
38828,0.625
38829,0.625
38830,0.609375
38831,0.546875
38832,0.546875
38833,0.65625
38834,0.625
38835,0.71875
38836,0.515625
38837,0.625
38838,0.609375
38839,0.734375
38840,0.6875
38841,0.71875
38842,0.71875
38843,0.6875
38844,0.578125
38845,0.515625
38846,0.609375
38847,0.625
38848,0.640625
38849,0.59375
38850,0.75
38851,0.5625
38852,0.59375
38853,0.703125
38854,0.703125
38855,0.703125
38856,0.640625
38857,0.515625
38858,0.671875
38859,0.640625
38860,0.71875
38861,0.65625
38862,0.625
38863,0.65625
38864,0.59375
38865,0.609375
38866,0.6875
38867,0.546875
38868,0.671875
38869,0.71875
38870,0.6875
38871,0.5625
38872,0.671875
38873,0.609375
38874,0.53125
38875,0.640625
38876,0.578125
38877,0.5625
38878,0.671875
38879,0.59375
38880,0.65625
38881,0.671875
38882,0.640625
38883,0.6875
38884,0.609375
38885,0.65625
38886,0.71875
38887,0.671875
38888,0.625
38889,0.5625
38890,0.578125
38891,0.625
38892,0.65625
38893,0.53125
38894,0.71875
38895,0.625
38896,0.671875
38897,0.59375
38898,0.703125
38899,0.578125
38900,0.6875
38901,0.703125
38902,0.6875
38903,0.65625
38904,0.59375
38905,0.65625
38906,0.6875
38907,0.703125
38908,0.796875
38909,0.515625
38910,0.5625
38911,0.625
38912,0.5625
38913,0.65625
38914,0.765625
38915,0.546875
38916,0.765625
38917,0.59375
38918,0.484375
38919,0.65625
38920,0.59375
38921,0.6875
38922,0.8125
38923,0.609375
38924,0.625
38925,0.625
38926,0.6875
38927,0.671875
38928,0.703125
38929,0.578125
38930,0.703125
38931,0.546875
38932,0.671875
38933,0.65625
38934,0.71875
38935,0.6875
38936,0.609375
38937,0.65625
38938,0.59375
38939,0.65625
38940,0.578125
38941,0.59375
38942,0.640625
38943,0.671875
38944,0.578125
38945,0.75
38946,0.640625
38947,0.578125
38948,0.796875
38949,0.515625
38950,0.5625
38951,0.59375
38952,0.6875
38953,0.703125
38954,0.5625
38955,0.59375
38956,0.671875
38957,0.75
38958,0.609375
38959,0.53125
38960,0.59375
38961,0.6875
38962,0.640625
38963,0.78125
38964,0.671875
38965,0.625
38966,0.640625
38967,0.6875
38968,0.65625
38969,0.734375
38970,0.625
38971,0.703125
38972,0.609375
38973,0.6875
38974,0.6875
38975,0.640625
38976,0.703125
38977,0.5
38978,0.671875
38979,0.671875
38980,0.5625
38981,0.65625
38982,0.640625
38983,0.71875
38984,0.671875
38985,0.6875
38986,0.671875
38987,0.71875
38988,0.71875
38989,0.640625
38990,0.640625
38991,0.6875
38992,0.625
38993,0.6875
38994,0.625
38995,0.703125
38996,0.75
38997,0.5625
38998,0.6875
38999,0.5625
39000,0.625
39001,0.59375
39002,0.625
39003,0.671875
39004,0.671875
39005,0.609375
39006,0.734375
39007,0.65625
39008,0.765625
39009,0.640625
39010,0.75
39011,0.6875
39012,0.484375
39013,0.65625
39014,0.6875
39015,0.78125
39016,0.65625
39017,0.578125
39018,0.578125
39019,0.59375
39020,0.71875
39021,0.59375
39022,0.578125
39023,0.65625
39024,0.625
39025,0.671875
39026,0.625
39027,0.71875
39028,0.734375
39029,0.625
39030,0.671875
39031,0.5625
39032,0.578125
39033,0.515625
39034,0.71875
39035,0.671875
39036,0.578125
39037,0.59375
39038,0.5625
39039,0.65625
39040,0.625
39041,0.640625
39042,0.625
39043,0.609375
39044,0.609375
39045,0.65625
39046,0.703125
39047,0.6875
39048,0.6875
39049,0.59375
39050,0.78125
39051,0.625
39052,0.625
39053,0.609375
39054,0.671875
39055,0.65625
39056,0.625
39057,0.71875
39058,0.609375
39059,0.609375
39060,0.59375
39061,0.65625
39062,0.671875
39063,0.71875
39064,0.609375
39065,0.640625
39066,0.6875
39067,0.609375
39068,0.640625
39069,0.5625
39070,0.59375
39071,0.5625
39072,0.578125
39073,0.640625
39074,0.65625
39075,0.671875
39076,0.5625
39077,0.640625
39078,0.625
39079,0.796875
39080,0.625
39081,0.734375
39082,0.671875
39083,0.640625
39084,0.5
39085,0.5625
39086,0.671875
39087,0.65625
39088,0.59375
39089,0.640625
39090,0.671875
39091,0.640625
39092,0.75
39093,0.6875
39094,0.625
39095,0.6875
39096,0.59375
39097,0.671875
39098,0.609375
39099,0.6875
39100,0.703125
39101,0.640625
39102,0.71875
39104,0.546875
39105,0.6875
39106,0.640625
39107,0.609375
39108,0.671875
39109,0.609375
39110,0.734375
39111,0.6875
39112,0.671875
39113,0.65625
39114,0.625
39115,0.703125
39116,0.609375
39117,0.6875
39118,0.625
39119,0.546875
39120,0.640625
39121,0.53125
39122,0.71875
39123,0.609375
39124,0.6875
39125,0.6875
39126,0.640625
39127,0.65625
39128,0.625
39129,0.625
39130,0.609375
39131,0.640625
39132,0.703125
39133,0.734375
39134,0.671875
39135,0.609375
39136,0.734375
39137,0.671875
39138,0.71875
39139,0.71875
39140,0.640625
39141,0.640625
39142,0.546875
39143,0.6875
39144,0.65625
39145,0.609375
39146,0.625
39147,0.6875
39148,0.703125
39149,0.65625
39150,0.640625
39151,0.71875
39152,0.65625
39153,0.65625
39154,0.625
39155,0.671875
39156,0.65625
39157,0.625
39158,0.71875
39159,0.71875
39160,0.71875
39161,0.640625
39162,0.625
39163,0.5625
39164,0.65625
39165,0.65625
39166,0.609375
39167,0.6875
39168,0.703125
39169,0.703125
39170,0.65625
39171,0.65625
39172,0.71875
39173,0.734375
39174,0.578125
39175,0.671875
39176,0.6875
39177,0.6875
39178,0.625
39179,0.59375
39180,0.71875
39181,0.640625
39182,0.5625
39183,0.65625
39184,0.640625
39185,0.71875
39186,0.75
39187,0.6875
39188,0.671875
39189,0.609375
39190,0.734375
39191,0.515625
39192,0.640625
39193,0.609375
39194,0.59375
39195,0.734375
39196,0.6875
39197,0.5625
39198,0.640625
39199,0.5
39200,0.609375
39201,0.546875
39202,0.640625
39203,0.5
39204,0.71875
39205,0.734375
39206,0.671875
39207,0.71875
39208,0.53125
39209,0.78125
39210,0.625
39211,0.6875
39212,0.625
39213,0.59375
39214,0.625
39215,0.734375
39216,0.65625
39217,0.5
39218,0.609375
39219,0.578125
39220,0.71875
39221,0.640625
39222,0.65625
39223,0.734375
39224,0.734375
39225,0.625
39226,0.640625
39227,0.71875
39228,0.703125
39229,0.59375
39230,0.71875
39231,0.609375
39232,0.671875
39233,0.640625
39234,0.671875
39235,0.59375
39236,0.65625
39237,0.65625
39238,0.546875
39239,0.796875
39240,0.6875
39241,0.734375
39242,0.6875
39243,0.6875
39244,0.703125
39245,0.640625
39246,0.765625
39247,0.734375
39248,0.625
39249,0.640625
39250,0.71875
39251,0.625
39252,0.625
39253,0.75
39254,0.6875
39255,0.703125
39256,0.53125
39257,0.671875
39258,0.6875
39259,0.5625
39260,0.671875
39261,0.703125
39262,0.6875
39263,0.703125
39264,0.78125
39265,0.609375
39266,0.6875
39267,0.578125
39268,0.65625
39269,0.78125
39270,0.59375
39271,0.6875
39272,0.5625
39273,0.578125
39274,0.5625
39275,0.703125
39276,0.609375
39277,0.65625
39278,0.609375
39279,0.625
39280,0.625
39281,0.671875
39282,0.59375
39283,0.546875
39284,0.703125
39285,0.5625
39286,0.671875
39287,0.671875
39288,0.734375
39289,0.671875
39290,0.734375
39291,0.71875
39292,0.640625
39293,0.671875
39294,0.640625
39295,0.59375
39296,0.84375
39297,0.75
39298,0.65625
39299,0.546875
39300,0.546875
39301,0.546875
39302,0.671875
39303,0.65625
39304,0.59375
39305,0.65625
39306,0.5625
39307,0.640625
39308,0.578125
39309,0.671875
39310,0.5625
39311,0.5
39312,0.625
39313,0.6875
39314,0.65625
39315,0.75
39316,0.65625
39317,0.6875
39318,0.65625
39319,0.640625
39320,0.59375
39321,0.65625
39322,0.671875
39323,0.640625
39324,0.671875
39325,0.65625
39326,0.640625
39327,0.640625
39328,0.65625
39329,0.609375
39330,0.625
39331,0.578125
39332,0.71875
39333,0.578125
39334,0.671875
39335,0.625
39336,0.6875
39337,0.578125
39338,0.625
39339,0.671875
39340,0.59375
39341,0.609375
39342,0.765625
39343,0.6875
39344,0.6875
39345,0.6875
39346,0.640625
39347,0.640625
39348,0.71875
39349,0.5625
39350,0.6875
39351,0.703125
39352,0.734375
39353,0.609375
39354,0.6875
39355,0.625
39356,0.671875
39357,0.609375
39358,0.703125
39359,0.578125
39360,0.640625
39361,0.5625
39362,0.640625
39363,0.640625
39364,0.640625
39365,0.515625
39366,0.609375
39367,0.5625
39368,0.625
39369,0.625
39370,0.59375
39371,0.671875
39372,0.59375
39373,0.65625
39374,0.59375
39375,0.578125
39376,0.609375
39377,0.75
39378,0.6875
39379,0.578125
39380,0.609375
39381,0.65625
39382,0.6875
39383,0.640625
39384,0.6875
39385,0.703125
39386,0.484375
39387,0.640625
39388,0.609375
39389,0.703125
39390,0.609375
39391,0.609375
39392,0.625
39393,0.6875
39394,0.625
39395,0.703125
39396,0.734375
39397,0.609375
39398,0.671875
39399,0.640625
39400,0.671875
39401,0.59375
39402,0.671875
39403,0.640625
39404,0.65625
39405,0.75
39406,0.65625
39407,0.6875
39408,0.640625
39409,0.609375
39410,0.71875
39411,0.734375
39412,0.640625
39413,0.703125
39414,0.65625
39415,0.65625
39416,0.65625
39417,0.671875
39418,0.59375
39419,0.734375
39420,0.6875
39421,0.734375
39422,0.640625
39423,0.59375
39424,0.609375
39425,0.59375
39426,0.65625
39427,0.59375
39428,0.671875
39429,0.625
39430,0.78125
39431,0.71875
39432,0.59375
39433,0.65625
39434,0.609375
39435,0.578125
39436,0.625
39437,0.671875
39438,0.671875
39439,0.65625
39440,0.609375
39441,0.6875
39442,0.640625
39443,0.671875
39444,0.75
39445,0.625
39446,0.6875
39447,0.671875
39448,0.546875
39449,0.671875
39450,0.640625
39451,0.734375
39452,0.65625
39453,0.671875
39454,0.703125
39455,0.671875
39456,0.65625
39457,0.5625
39458,0.65625
39459,0.734375
39460,0.59375
39461,0.578125
39462,0.6875
39463,0.609375
39464,0.578125
39465,0.6875
39466,0.625
39467,0.703125
39468,0.75
39469,0.6875
39470,0.640625
39471,0.625
39472,0.640625
39473,0.640625
39474,0.609375
39475,0.53125
39476,0.59375
39477,0.65625
39478,0.578125
39479,0.625
39480,0.578125
39481,0.640625
39482,0.53125
39483,0.609375
39484,0.6875
39485,0.6875
39486,0.609375
39487,0.59375
39488,0.609375
39489,0.6875
39490,0.578125
39491,0.703125
39492,0.6875
39493,0.671875
39494,0.796875
39495,0.71875
39496,0.546875
39497,0.625
39498,0.703125
39499,0.65625
39500,0.6875
39501,0.8125
39502,0.625
39503,0.65625
39504,0.5625
39505,0.640625
39506,0.671875
39507,0.59375
39508,0.59375
39509,0.71875
39510,0.640625
39511,0.71875
39512,0.65625
39513,0.59375
39514,0.71875
39515,0.640625
39516,0.765625
39517,0.59375
39518,0.625
39519,0.515625
39520,0.515625
39521,0.671875
39522,0.703125
39523,0.65625
39524,0.75
39525,0.703125
39526,0.625
39527,0.734375
39528,0.625
39529,0.796875
39530,0.59375
39531,0.578125
39532,0.640625
39533,0.640625
39534,0.59375
39535,0.671875
39536,0.59375
39537,0.609375
39538,0.65625
39539,0.546875
39540,0.71875
39541,0.71875
39542,0.6875
39543,0.65625
39544,0.703125
39545,0.484375
39546,0.6875
39547,0.625
39548,0.765625
39549,0.5625
39550,0.59375
39551,0.625
39552,0.59375
39553,0.71875
39554,0.5
39555,0.609375
39556,0.609375
39557,0.703125
39558,0.6875
39559,0.734375
39560,0.609375
39561,0.625
39562,0.53125
39563,0.59375
39564,0.546875
39565,0.734375
39566,0.5625
39567,0.6875
39568,0.609375
39569,0.6875
39570,0.703125
39571,0.625
39572,0.53125
39573,0.578125
39574,0.625
39575,0.640625
39576,0.578125
39577,0.640625
39578,0.59375
39579,0.71875
39580,0.640625
39581,0.6875
39582,0.609375
39583,0.703125
39584,0.609375
39585,0.703125
39586,0.609375
39587,0.5625
39588,0.640625
39589,0.671875
39590,0.5625
39591,0.71875
39592,0.71875
39593,0.578125
39594,0.640625
39595,0.65625
39596,0.640625
39597,0.5625
39598,0.75
39599,0.671875
39600,0.546875
39601,0.75
39602,0.703125
39603,0.65625
39604,0.6875
39605,0.6875
39606,0.671875
39607,0.6875
39608,0.53125
39609,0.609375
39610,0.59375
39611,0.6875
39612,0.71875
39613,0.609375
39614,0.671875
39615,0.640625
39616,0.703125
39617,0.59375
39618,0.609375
39619,0.59375
39620,0.609375
39621,0.65625
39622,0.640625
39623,0.78125
39624,0.671875
39625,0.578125
39626,0.734375
39627,0.625
39628,0.59375
39629,0.671875
39630,0.640625
39631,0.71875
39632,0.609375
39633,0.6875
39634,0.5
39635,0.734375
39636,0.59375
39637,0.609375
39638,0.640625
39639,0.609375
39640,0.578125
39641,0.671875
39642,0.640625
39643,0.625
39644,0.609375
39645,0.609375
39646,0.65625
39647,0.75
39648,0.609375
39649,0.71875
39650,0.578125
39651,0.59375
39652,0.6875
39653,0.671875
39654,0.625
39655,0.671875
39656,0.609375
39657,0.625
39658,0.671875
39659,0.796875
39660,0.5625
39661,0.671875
39662,0.5625
39663,0.640625
39664,0.65625
39665,0.625
39666,0.640625
39667,0.671875
39668,0.640625
39669,0.609375
39670,0.703125
39671,0.671875
39672,0.59375
39673,0.625
39674,0.625
39675,0.640625
39676,0.609375
39677,0.640625
39678,0.578125
39679,0.671875
39680,0.6875
39681,0.796875
39682,0.59375
39683,0.5625
39684,0.640625
39685,0.796875
39686,0.6875
39687,0.65625
39688,0.609375
39689,0.703125
39690,0.765625
39691,0.75
39692,0.671875
39693,0.671875
39694,0.75
39695,0.53125
39696,0.59375
39697,0.59375
39698,0.734375
39699,0.703125
39700,0.59375
39701,0.8125
39702,0.65625
39703,0.703125
39704,0.671875
39705,0.6875
39706,0.640625
39707,0.640625
39708,0.703125
39709,0.5625
39710,0.625
39711,0.578125
39712,0.640625
39713,0.625
39714,0.625
39715,0.65625
39716,0.59375
39717,0.65625
39718,0.609375
39719,0.734375
39720,0.671875
39721,0.75
39722,0.703125
39723,0.703125
39724,0.6875
39725,0.625
39726,0.71875
39727,0.71875
39728,0.640625
39729,0.625
39730,0.59375
39731,0.578125
39732,0.578125
39733,0.609375
39734,0.6875
39735,0.6875
39736,0.484375
39737,0.703125
39738,0.6875
39739,0.71875
39740,0.65625
39741,0.796875
39742,0.71875
39743,0.53125
39744,0.671875
39745,0.625
39746,0.671875
39747,0.5625
39748,0.625
39749,0.59375
39750,0.609375
39751,0.53125
39752,0.703125
39753,0.671875
39754,0.609375
39755,0.625
39756,0.515625
39757,0.6875
39758,0.65625
39759,0.6875
39760,0.625
39761,0.703125
39762,0.546875
39763,0.578125
39764,0.703125
39765,0.6875
39766,0.515625
39767,0.671875
39768,0.65625
39769,0.671875
39770,0.65625
39771,0.609375
39772,0.71875
39773,0.734375
39774,0.609375
39775,0.59375
39776,0.75
39777,0.640625
39778,0.5625
39779,0.6875
39780,0.5625
39781,0.59375
39782,0.625
39783,0.75
39784,0.65625
39785,0.640625
39786,0.609375
39787,0.640625
39788,0.640625
39789,0.6875
39790,0.578125
39791,0.703125
39792,0.75
39793,0.609375
39794,0.671875
39795,0.71875
39796,0.5625
39797,0.65625
39798,0.734375
39799,0.734375
39800,0.65625
39801,0.609375
39802,0.5625
39803,0.703125
39804,0.578125
39805,0.640625
39806,0.640625
39807,0.671875
39808,0.59375
39809,0.59375
39810,0.625
39811,0.5625
39812,0.6875
39813,0.640625
39814,0.71875
39815,0.65625
39816,0.671875
39817,0.609375
39818,0.78125
39819,0.609375
39820,0.5625
39821,0.625
39822,0.546875
39823,0.703125
39824,0.5625
39825,0.65625
39826,0.65625
39827,0.5625
39828,0.703125
39829,0.71875
39830,0.6875
39831,0.625
39832,0.65625
39833,0.609375
39834,0.65625
39835,0.71875
39836,0.609375
39837,0.640625
39838,0.703125
39839,0.703125
39840,0.609375
39841,0.625
39842,0.796875
39843,0.671875
39844,0.671875
39845,0.6875
39846,0.5625
39847,0.640625
39848,0.75
39849,0.625
39850,0.65625
39851,0.671875
39852,0.640625
39853,0.734375
39854,0.6875
39855,0.734375
39856,0.59375
39857,0.6875
39858,0.578125
39859,0.5625
39860,0.640625
39861,0.625
39862,0.734375
39863,0.765625
39864,0.671875
39865,0.671875
39866,0.671875
39867,0.65625
39868,0.59375
39869,0.640625
39870,0.640625
39871,0.625
39872,0.671875
39873,0.734375
39874,0.640625
39875,0.765625
39876,0.65625
39877,0.578125
39878,0.609375
39879,0.53125
39880,0.515625
39881,0.671875
76637,0.859375
76638,0.8125
76640,0.859375
76641,0.859375
76642,0.921875
76643,0.765625
76644,0.859375
76645,0.8125
76646,0.8125
76647,0.828125
76648,0.8125
76649,0.796875
76650,0.78125
76651,0.75
76652,0.75
76653,0.8125
76654,0.9375
76655,0.796875
76656,0.84375
76657,0.875
76658,0.78125
76659,0.796875
76660,0.828125
76661,0.828125
76662,0.796875
76663,0.828125
76664,0.734375
76665,0.828125
76666,0.828125
76667,0.75
76668,0.796875
76669,0.859375
76670,0.75
76671,0.78125
76672,0.875
76673,0.859375
76674,0.859375
76675,0.8125
76676,0.8125
76677,0.75
76678,0.828125
76679,0.890625
76680,0.828125
76681,0.921875
76682,0.75
76683,0.890625
76684,0.84375
76685,0.84375
76686,0.890625
76687,0.796875
76688,0.859375
76689,0.734375
76690,0.71875
76691,0.84375
76692,0.84375
76693,0.84375
76694,0.859375
76695,0.84375
76696,0.8125
76697,0.828125
76698,0.78125
76699,0.828125
76700,0.796875
76701,0.8125
76702,0.8125
76703,0.8125
76704,0.828125
76705,0.859375
76706,0.828125
76707,0.875
76708,0.828125
76709,0.78125
76710,0.71875
76711,0.9375
76712,0.875
76713,0.953125
76714,0.796875
76715,0.875
76716,0.859375
76717,0.875
76718,0.921875
76719,0.84375
76720,0.828125
76721,0.796875
76722,0.84375
76723,0.78125
76724,0.84375
76725,0.859375
76726,0.890625
76727,0.8125
76728,0.84375
76729,0.890625
76730,0.8125
76731,0.84375
76732,0.8125
76733,0.78125
76734,0.890625
76735,0.8125
76736,0.859375
76737,0.84375
76738,0.84375
76739,0.859375
76740,0.8125
76741,0.8125
76742,0.953125
76743,0.84375
76744,0.796875
76745,0.796875
76746,0.90625
76747,0.765625
76748,0.828125
76749,0.765625
76750,0.8125
76751,0.859375
76752,0.8125
76753,0.890625
76754,0.859375
76755,0.90625
76756,0.84375
76757,0.8125
76758,0.875
76759,0.828125
76760,0.734375
76761,0.921875
76762,0.859375
76763,0.875
76764,0.828125
76765,0.84375
76766,0.875
76767,0.859375
76768,0.828125
76769,0.84375
76770,0.78125
76771,0.875
76772,0.765625
76773,0.8125
76774,0.890625
76775,0.84375
76776,0.796875
76777,0.859375
76778,0.78125
76779,0.84375
76780,0.875
76781,0.8125
76782,0.859375
76783,0.84375
76784,0.84375
76785,0.828125
76786,0.84375
76787,0.828125
76788,0.75
76789,0.828125
76790,0.890625
76791,0.8125
76792,0.8125
76793,0.796875
76794,0.84375
76795,0.765625
76796,0.828125
76797,0.90625
76798,0.90625
76799,0.953125
76800,0.734375
76801,0.765625
76802,0.796875
76803,0.859375
76804,0.828125
76805,0.859375
76806,0.765625
76807,0.84375
76808,0.90625
76809,0.90625
76810,0.84375
76811,0.9375
76812,0.875
76813,0.765625
76814,0.859375
76815,0.78125
76816,0.828125
76817,0.875
76818,0.84375
76819,0.8125
76820,0.8125
76821,0.875
76822,0.84375
76823,0.8125
76824,0.875
76825,0.84375
76826,0.828125
76827,0.84375
76828,0.890625
76829,0.875
76830,0.765625
76831,0.84375
76832,0.78125
76833,0.875
76834,0.75
76835,0.828125
76836,0.921875
76837,0.84375
76838,0.828125
76839,0.71875
76840,0.90625
76841,0.953125
76842,0.765625
76843,0.78125
76844,0.90625
76845,0.875
76846,0.8125
76847,0.9375
76848,0.828125
76849,0.828125
76850,0.78125
76851,0.859375
76852,0.859375
76853,0.828125
76854,0.734375
76855,0.8125
76856,0.84375
76857,0.765625
76858,0.875
76859,0.859375
76860,0.890625
76861,0.90625
76862,0.859375
76863,0.84375
76864,0.890625
76865,0.75
76866,0.90625
76867,0.8125
76868,0.828125
76869,0.890625
76870,0.78125
76871,0.859375
76872,0.84375
76873,0.734375
76874,0.828125
76875,0.859375
76876,0.890625
76877,0.828125
76878,0.828125
76879,0.8125
76880,0.90625
76881,0.875
76882,0.8125
76883,0.90625
76884,0.796875
76885,0.828125
76886,0.84375
76887,0.8125
76888,0.859375
76889,0.875
76890,0.84375
76891,0.875
76892,0.84375
76893,0.84375
76894,0.859375
76895,0.796875
76896,0.875
76897,0.828125
76898,0.875
76899,0.921875
76900,0.734375
76901,0.875
76902,0.84375
76903,0.828125
76904,0.828125
76905,0.828125
76906,0.8125
76907,0.71875
76908,0.875
76909,0.921875
76910,0.9375
76911,0.828125
76912,0.84375
76913,0.921875
76914,0.859375
76915,0.8125
76916,0.828125
76917,0.828125
76918,0.796875
76919,0.875
76920,0.921875
76921,0.84375
76922,0.828125
76923,0.890625
76924,0.921875
76925,0.859375
76926,0.84375
76927,0.84375
76928,0.75
76929,0.8125
76930,0.796875
76931,0.859375
76932,0.828125
76933,0.921875
76934,0.90625
76935,0.84375
76936,0.890625
76937,0.8125
76938,0.84375
76939,0.875
76940,0.859375
76941,0.78125
76942,0.765625
76943,0.90625
76944,0.84375
76945,0.859375
76946,0.765625
76947,0.859375
76948,0.78125
76949,0.875
76950,0.765625
76951,0.84375
76952,0.703125
76953,0.703125
76954,0.875
76955,0.84375
76956,0.90625
76957,0.875
76958,0.84375
76959,0.921875
76960,0.75
76961,0.84375
76962,0.796875
76963,0.859375
76964,0.859375
76965,0.796875
76966,0.84375
76967,0.84375
76968,0.84375
76969,0.734375
76970,0.84375
76971,0.796875
76972,0.875
76973,0.828125
76974,0.859375
76975,0.828125
76976,0.765625
76977,0.828125
76978,0.859375
76979,0.796875
76980,0.84375
76981,0.90625
76982,0.890625
76983,0.84375
76984,0.765625
76985,0.75
76986,0.859375
76987,0.90625
76988,0.8125
76989,0.828125
76990,0.8125
76991,0.8125
76992,0.8125
76993,0.84375
76994,0.84375
76995,0.796875
76996,0.859375
76997,0.8125
76998,0.890625
76999,0.875
77000,0.796875
77001,0.8125
77002,0.875
77003,0.703125
77004,0.828125
77005,0.875
77006,0.828125
77007,0.8125
77008,0.875
77009,0.890625
77010,0.828125
77011,0.78125
77012,0.84375
77013,0.859375
77014,0.703125
77015,0.828125
77016,0.859375
77017,0.84375
77018,0.828125
77019,0.90625
77020,0.8125
77021,0.78125
77022,0.90625
77023,0.84375
77024,0.84375
77025,0.859375
77026,0.734375
77027,0.828125
77028,0.796875
77029,0.921875
77030,0.890625
77031,0.90625
77032,0.9375
77033,0.78125
77034,0.9375
77035,0.859375
77036,0.875
77037,0.78125
77038,0.828125
77039,0.765625
77040,0.90625
77041,0.921875
77042,0.828125
77043,0.796875
77044,0.84375
77045,0.828125
77046,0.828125
77047,0.796875
77048,0.890625
77049,0.75
77050,0.78125
77051,0.90625
77052,0.84375
77053,0.796875
77054,0.859375
77055,0.890625
77056,0.84375
77057,0.875
77058,0.859375
77059,0.90625
77060,0.890625
77061,0.828125
77062,0.84375
77063,0.9375
77064,0.78125
77065,0.765625
77066,0.859375
77067,0.75
77068,0.859375
77069,0.84375
77070,0.78125
77071,0.796875
77072,0.859375
77073,0.828125
77074,0.8125
77075,0.84375
77076,0.90625
77077,0.828125
77078,0.8125
77079,0.796875
77080,0.828125
77081,0.859375
77082,0.75
77083,0.84375
77084,0.875
77085,0.828125
77086,0.859375
77087,0.84375
77088,0.90625
77089,0.8125
77090,0.765625
77091,0.921875
77092,0.84375
77093,0.8125
77094,0.828125
77095,0.9375
77096,0.875
77097,0.921875
77098,0.828125
77099,0.921875
77100,0.8125
77101,0.828125
77102,0.859375
77103,0.828125
77104,0.796875
77105,0.84375
77106,0.84375
77107,0.84375
77108,0.890625
77109,0.921875
77110,0.765625
77111,0.859375
77112,0.734375
77113,0.875
77114,0.84375
77115,0.8125
77116,0.859375
77117,0.828125
77118,0.78125
77119,0.875
77120,0.875
77121,0.828125
77122,0.78125
77123,0.796875
77124,0.875
77125,0.828125
77126,0.859375
77127,0.84375
77128,0.703125
77129,0.84375
77130,0.796875
77131,0.921875
77132,0.8125
77133,0.734375
77134,0.8125
77135,0.875
77136,0.828125
77137,0.859375
77138,0.859375
77139,0.859375
77140,0.859375
77141,0.796875
77142,0.828125
77143,0.828125
77144,0.84375
77145,0.875
77146,0.84375
77147,0.890625
77148,0.84375
77149,0.796875
77150,0.84375
77151,0.828125
77152,0.890625
77153,0.921875
77154,0.859375
77155,0.8125
77156,0.859375
77157,0.859375
77158,0.859375
77159,0.890625
77160,0.859375
77161,0.796875
77162,0.84375
77163,0.890625
77164,0.890625
77165,0.828125
77166,0.765625
77167,0.8125
77168,0.84375
77169,0.78125
77170,0.78125
77171,0.875
77172,0.796875
77173,0.859375
77174,0.765625
77175,0.84375
77176,0.796875
77177,0.828125
77178,0.921875
77179,0.84375
77180,0.890625
77181,0.78125
77182,0.828125
77183,0.859375
77184,0.8125
77185,0.90625
77186,0.8125
77187,0.78125
77188,0.84375
77189,0.90625
77190,0.890625
77191,0.875
77192,0.921875
77193,0.84375
77194,0.84375
77195,0.859375
77196,0.828125
77197,0.78125
77198,0.8125
77199,0.828125
77200,0.84375
77201,0.828125
77202,0.828125
77203,0.8125
77204,0.90625
77205,0.734375
77206,0.828125
77207,0.828125
77208,0.84375
77209,0.78125
77210,0.875
77211,0.859375
77212,0.859375
77213,0.828125
77214,0.828125
77215,0.859375
77216,0.875
77217,0.71875
77218,0.921875
77219,0.84375
77220,0.78125
77221,0.859375
77222,0.890625
77223,0.890625
77224,0.78125
77225,0.90625
77226,0.796875
77227,0.90625
77228,0.859375
77229,0.84375
77230,0.8125
77231,0.859375
77232,0.796875
77233,0.78125
77234,0.84375
77235,0.875
77236,0.828125
77237,0.84375
77238,0.859375
77239,0.859375
77240,0.859375
77241,0.84375
77242,0.828125
77243,0.765625
77244,0.8125
77245,0.796875
77246,0.859375
77247,0.875
77248,0.921875
77249,0.78125
77250,0.796875
77251,0.765625
77252,0.765625
77253,0.84375
77254,0.8125
77255,0.828125
77256,0.84375
77257,0.875
77258,0.875
77259,0.84375
77260,0.8125
77261,0.90625
77262,0.65625
77263,0.90625
77264,0.890625
77265,0.84375
77266,0.828125
77267,0.859375
77268,0.859375
77269,0.8125
77270,0.84375
77271,0.90625
77272,0.921875
77273,0.75
77274,0.78125
77275,0.859375
77276,0.84375
77277,0.84375
77278,0.875
77279,0.90625
77280,0.796875
77281,0.828125
77282,0.859375
77283,0.828125
77284,0.8125
77285,0.796875
77286,0.796875
77287,0.78125
77288,0.84375
77289,0.8125
77290,0.828125
77291,0.828125
77292,0.890625
77293,0.78125
77294,0.8125
77295,0.828125
77296,0.796875
77297,0.84375
77298,0.84375
77299,0.90625
77300,0.921875
77301,0.8125
77302,0.84375
77303,0.921875
77304,0.859375
77305,0.8125
77306,0.890625
77307,0.84375
77308,0.796875
77309,0.765625
77310,0.796875
77311,0.875
77312,0.828125
77313,0.84375
77314,0.828125
77315,0.8125
77316,0.734375
77317,0.734375
77318,0.734375
77319,0.75
77320,0.90625
77321,0.875
77322,0.84375
77323,0.8125
77324,0.859375
77325,0.8125
77326,0.84375
77327,0.875
77328,0.828125
77329,0.8125
77330,0.90625
77331,0.875
77332,0.8125
77333,0.796875
77334,0.78125
77335,0.84375
77336,0.765625
77337,0.875
77338,0.75
77339,0.8125
77340,0.9375
77341,0.8125
77342,0.875
77343,0.859375
77344,0.8125
77345,0.859375
77346,0.8125
77347,0.78125
77348,0.84375
77349,0.84375
77350,0.765625
77351,0.75
77352,0.859375
77353,0.9375
77354,0.78125
77355,0.875
77356,0.875
77357,0.859375
77358,0.890625
77359,0.890625
77360,0.8125
77361,0.828125
77362,0.875
77363,0.796875
77364,0.828125
77365,0.8125
77366,0.78125
77367,0.84375
77368,0.8125
77369,0.78125
77370,0.734375
77371,0.734375
77372,0.84375
77373,0.796875
77374,0.8125
77375,0.8125
77376,0.828125
77377,0.859375
77378,0.796875
77379,0.90625
77380,0.796875
77381,0.859375
77382,0.828125
77383,0.84375
77384,0.78125
77385,0.859375
77386,0.84375
77387,0.765625
77388,0.84375
77389,0.875
77390,0.78125
77391,0.78125
77392,0.8125
77393,0.84375
77394,0.8125
77395,0.875
77396,0.78125
77397,0.90625
77398,0.890625
77399,0.8125
77400,0.734375
77401,0.828125
77402,0.8125
77403,0.875
77404,0.765625
77405,0.84375
77406,0.75
77407,0.890625
77408,0.875
77409,0.8125
77410,0.859375
77411,0.796875
77412,0.890625
77413,0.84375
77414,0.78125
77415,0.75
77416,0.8125
77417,0.78125
77418,0.796875
77419,0.90625
77420,0.84375
77422,0.828125
77423,0.859375
77424,0.796875
77425,0.75
77426,0.890625
77427,0.71875
77428,0.734375
77429,0.875
77430,0.859375
77431,0.875
77432,0.859375
77433,0.765625
77434,0.75
77435,0.828125
77436,0.875
77437,0.828125
77438,0.84375
77439,0.859375
77440,0.890625
77441,0.890625
77442,0.8125
77443,0.78125
77444,0.890625
77445,0.875
77446,0.75
77447,0.796875
77448,0.765625
77449,0.859375
77450,0.796875
77451,0.84375
77452,0.890625
77453,0.734375
77454,0.796875
77455,0.765625
77456,0.78125
77457,0.953125
77458,0.890625
77459,0.828125
77460,0.84375
77461,0.84375
77462,0.828125
77463,0.796875
77464,0.890625
77465,0.8125
77466,0.859375
77467,0.8125
77468,0.828125
77469,0.875
77470,0.875
77471,0.828125
77472,0.828125
77473,0.78125
77474,0.875
77475,0.765625
77476,0.859375
77477,0.890625
77478,0.859375
77479,0.828125
77480,0.78125
77481,0.78125
77482,0.8125
77483,0.828125
77484,0.75
77485,0.765625
77486,0.84375
77487,0.796875
77488,0.75
77489,0.78125
77490,0.796875
77491,0.90625
77492,0.8125
77493,0.8125
77494,0.8125
77495,0.78125
77496,0.765625
77497,0.765625
77498,0.859375
77499,0.8125
77500,0.8125
77501,0.859375
77502,0.8125
77503,0.84375
77504,0.828125
77505,0.921875
77506,0.828125
77507,0.875
77508,0.90625
77509,0.765625
77510,0.9375
77511,0.859375
77512,0.765625
77513,0.765625
77514,0.8125
77515,0.828125
77516,0.8125
77517,0.859375
77518,0.796875
77519,0.84375
77520,0.8125
77521,0.84375
77522,0.90625
77523,0.78125
77524,0.796875
77525,0.828125
77526,0.90625
77527,0.8125
77528,0.828125
77529,0.890625
77530,0.921875
77531,0.796875
77532,0.8125
77533,0.828125
77534,0.828125
77535,0.765625
77536,0.875
77537,0.84375
77538,0.84375
77539,0.84375
77540,0.796875
77541,0.828125
77542,0.8125
77543,0.890625
77544,0.859375
77545,0.875
77546,0.890625
77547,0.828125
77548,0.8125
77549,0.8125
77550,0.828125
77551,0.78125
77552,0.859375
77553,0.90625
77554,0.875
77555,0.828125
77556,0.78125
77557,0.859375
77558,0.75
77559,0.828125
77560,0.828125
77561,0.75
77562,0.859375
77563,0.84375
77564,0.78125
77565,0.859375
77566,0.84375
77567,0.765625
77568,0.796875
77569,0.78125
77570,0.828125
77571,0.859375
77572,0.828125
77573,0.875
77574,0.875
77575,0.8125
77576,0.875
77577,0.921875
77578,0.84375
77579,0.75
77580,0.828125
77581,0.90625
77582,0.890625
77583,0.890625
77584,0.84375
77585,0.765625
77586,0.890625
77587,0.828125
77588,0.859375
77589,0.78125
77590,0.828125
77591,0.828125
77592,0.859375
77593,0.84375
77594,0.765625
77595,0.796875
77596,0.890625
77597,0.828125
77598,0.75
77599,0.859375
77600,0.765625
77601,0.828125
77602,0.84375
77603,0.765625
77604,0.84375
77605,0.8125
77606,0.90625
77607,0.84375
77608,0.890625
77609,0.890625
77610,0.890625
77611,0.828125
77612,0.84375
77613,0.796875
77614,0.875
77615,0.78125
77616,0.84375
77617,0.828125
77618,0.890625
77619,0.78125
77620,0.890625
77621,0.78125
77622,0.921875
77623,0.8125
77624,0.875
77625,0.875
77626,0.796875
77627,0.796875
77628,0.890625
77629,0.859375
77630,0.921875
77631,0.90625
77632,0.828125
77633,0.90625
77634,0.90625
77635,0.796875
77636,0.84375
77637,0.8125
77638,0.90625
77639,0.828125
77640,0.765625
77641,0.84375
77642,0.8125
77643,0.8125
77644,0.828125
77645,0.859375
77646,0.875
77647,0.78125
77648,0.8125
77649,0.8125
77650,0.875
77651,0.84375
77652,0.796875
77653,0.8125
77654,0.84375
77655,0.859375
77656,0.84375
77657,0.8125
77658,0.8125
77659,0.8125
77660,0.875
77661,0.875
77662,0.90625
77663,0.84375
77664,0.8125
77665,0.78125
77666,0.890625
77667,0.828125
77668,0.875
77669,0.8125
77670,0.828125
77671,0.859375
77672,0.75
77673,0.921875
77674,0.796875
77675,0.796875
77676,0.71875
77677,0.84375
77678,0.875
77679,0.734375
77680,0.859375
77681,0.859375
77682,0.859375
77683,0.859375
77684,0.71875
77685,0.890625
77686,0.84375
77687,0.796875
77688,0.859375
77689,0.75
77690,0.921875
77691,0.890625
77692,0.84375
77693,0.90625
77694,0.8125
77695,0.890625
77696,0.84375
77697,0.84375
77698,0.84375
77699,0.890625
77700,0.859375
77701,0.796875
77702,0.859375
77703,0.875
77704,0.875
77705,0.90625
77706,0.734375
77707,0.84375
77708,0.859375
77709,0.859375
77710,0.75
77711,0.8125
77712,0.8125
77713,0.78125
77714,0.859375
77715,0.828125
77716,0.796875
77717,0.875
77718,0.859375
77719,0.78125
77720,0.75
77721,0.796875
77722,0.859375
77723,0.84375
77724,0.890625
77725,0.84375
77726,0.890625
77727,0.84375
77728,0.828125
77729,0.859375
77730,0.828125
77731,0.859375
77732,0.890625
77733,0.890625
77734,0.875
77735,0.90625
77736,0.859375
77737,0.828125
77738,0.734375
77739,0.78125
77740,0.78125
77741,0.828125
77742,0.828125
77743,0.84375
77744,0.84375
77745,0.828125
77746,0.828125
77747,0.859375
77748,0.890625
77749,0.828125
77750,0.828125
77751,0.84375
77752,0.84375
77753,0.8125
77754,0.78125
77755,0.859375
77756,0.875
77757,0.8125
77758,0.859375
77759,0.796875
77760,0.890625
77761,0.84375
77762,0.84375
77763,0.859375
77764,0.828125
77765,0.78125
77766,0.9375
77767,0.890625
77768,0.765625
77769,0.796875
77770,0.828125
77771,0.828125
77772,0.859375
77773,0.859375
77774,0.84375
77775,0.828125
77776,0.78125
77777,0.765625
77778,0.890625
77779,0.859375
77780,0.859375
77781,0.828125
77782,0.828125
77783,0.921875
77784,0.828125
77785,0.78125
77786,0.875
77787,0.875
77788,0.828125
77789,0.875
77790,0.84375
77791,0.875
77792,0.84375
77793,0.8125
77794,0.8125
77795,0.78125
77796,0.875
77797,0.90625
77798,0.84375
77799,0.875
77800,0.875
77801,0.828125
77802,0.75
77803,0.8125
77804,0.890625
77805,0.8125
77806,0.90625
77807,0.796875
77808,0.875
77809,0.671875
77810,0.640625
77811,0.890625
77812,0.859375
77813,0.828125
77814,0.84375
77815,0.8125
77816,0.828125
77817,0.828125
77818,0.875
77819,0.828125
77820,0.828125
77821,0.84375
77822,0.796875
77823,0.828125
77824,0.921875
77825,0.796875
77826,0.890625
77827,0.84375
77828,0.796875
77829,0.875
77830,0.828125
77831,0.84375
77832,0.828125
77833,0.890625
77834,0.78125
77835,0.890625
77836,0.84375
77837,0.859375
77838,0.84375
77839,0.890625
77840,0.875
77841,0.78125
77842,0.796875
77843,0.875
77844,0.828125
77845,0.84375
77846,0.828125
77847,0.75
77848,0.84375
77849,0.84375
77850,0.90625
77851,0.859375
77852,0.84375
77853,0.765625
77854,0.8125
77855,0.828125
77856,0.859375
77857,0.8125
77858,0.875
77859,0.765625
77860,0.8125
77861,0.859375
77862,0.828125
77863,0.875
77864,0.890625
77865,0.84375
77866,0.75
77867,0.796875
77868,0.875
77869,0.84375
77870,0.796875
77871,0.828125
77872,0.8125
77873,0.90625
77874,0.875
77875,0.8125
77876,0.875
77877,0.875
77878,0.84375
77879,0.8125
77880,0.734375
77881,0.765625
77882,0.859375
77883,0.875
77884,0.8125
77885,0.828125
77886,0.84375
77887,0.84375
77888,0.890625
77889,0.8125
77890,0.875
77891,0.828125
77892,0.765625
77893,0.8125
77894,0.765625
77895,0.8125
77896,0.859375
77897,0.75
77898,0.875
77899,0.875
77900,0.859375
77901,0.828125
77902,0.78125
77903,0.8125
77904,0.890625
77905,0.765625
77906,0.828125
77907,0.75
77908,0.90625
77909,0.859375
77910,0.859375
77911,0.84375
77912,0.875
77913,0.75
77914,0.828125
77915,0.828125
77916,0.828125
77917,0.765625
77918,0.8125
77919,0.828125
77920,0.796875
77921,0.828125
77922,0.84375
77923,0.765625
77924,0.828125
77925,0.796875
77926,0.859375
77927,0.859375
77928,0.875
77929,0.8125
77930,0.796875
77931,0.9375
77932,0.765625
77933,0.8125
77934,0.890625
77935,0.90625
77936,0.84375
77937,0.78125
77938,0.8125
77939,0.78125
77940,0.875
77941,0.75
77942,0.84375
77943,0.75
77944,0.828125
77945,0.78125
77946,0.828125
77947,0.859375
77948,0.84375
77949,0.875
77950,0.890625
77951,0.8125
77952,0.90625
77953,0.875
77954,0.796875
77955,0.765625
77956,0.84375
77957,0.8125
77958,0.859375
77959,0.875
77960,0.796875
77961,0.84375
77962,0.9375
77963,0.90625
77964,0.90625
77965,0.828125
77966,0.84375
77967,0.859375
77968,0.828125
77969,0.90625
77970,0.8125
77971,0.84375
77972,0.859375
77973,0.75
77974,0.765625
77975,0.890625
77976,0.8125
77977,0.8125
77978,0.78125
77979,0.8125
77980,0.859375
77981,0.828125
77982,0.75
77983,0.828125
77984,0.78125
77985,0.78125
77986,0.8125
77987,0.703125
77988,0.84375
77989,0.890625
77990,0.875
77991,0.921875
77992,0.890625
77993,0.921875
77994,0.75
77995,0.859375
77996,0.796875
77997,0.796875
77998,0.84375
77999,0.84375
78000,0.8125
78001,0.875
78002,0.84375
78003,0.8125
78004,0.8125
78005,0.796875
78006,0.84375
78007,0.796875
78008,0.78125
78009,0.875
78010,0.8125
78011,0.859375
78012,0.8125
78013,0.90625
78014,0.828125
78015,0.84375
78016,0.671875
78017,0.84375
78018,0.9375
78019,0.859375
78020,0.859375
78021,0.75
78022,0.828125
78023,0.859375
78024,0.84375
78025,0.84375
78026,0.78125
78027,0.6875
78028,0.75
78029,0.890625
78030,0.84375
78031,0.890625
78032,0.859375
78033,0.765625
78034,0.859375
78035,0.921875
78036,0.875
78037,0.8125
78038,0.84375
78039,0.828125
78040,0.828125
78041,0.78125
78042,0.796875
78043,0.84375
78044,0.90625
78045,0.828125
78046,0.796875
78047,0.796875
78048,0.90625
78049,0.84375
78050,0.84375
78051,0.890625
78052,0.796875
78053,0.78125
78054,0.84375
78055,0.84375
78056,0.859375
78057,0.796875
78058,0.71875
78059,0.734375
78060,0.8125
78061,0.796875
78062,0.859375
78063,0.875
78064,0.859375
78065,0.796875
78066,0.921875
78067,0.796875
78068,0.890625
78069,0.90625
78070,0.78125
78071,0.859375
78072,0.90625
78073,0.84375
78074,0.890625
78075,0.890625
78076,0.84375
78077,0.890625
78078,0.828125
78079,0.734375
78080,0.84375
78081,0.84375
78082,0.765625
78083,0.859375
78084,0.75
78085,0.953125
78086,0.78125
78087,0.828125
78088,0.890625
78089,0.71875
78090,0.75
78091,0.828125
78092,0.75
78093,0.8125
78094,0.875
78095,0.765625
78096,0.859375
78097,0.84375
78098,0.8125
78099,0.84375
78100,0.859375
78101,0.859375
78102,0.859375
78103,0.796875
78104,0.859375
78105,0.84375
78106,0.84375
78107,0.859375
78108,0.84375
78109,0.921875
78110,0.796875
78111,0.8125
78112,0.8125
78113,0.734375
78114,0.765625
78115,0.859375
78116,0.84375
78117,0.84375
78118,0.84375
78119,0.84375
78120,0.734375
78121,0.78125
78122,0.78125
78123,0.84375
78124,0.859375
78125,0.78125
78126,0.921875
78127,0.796875
78128,0.859375
78129,0.796875
78130,0.8125
78131,0.828125
78132,0.78125
78133,0.828125
78134,0.8125
78135,0.84375
78136,0.78125
78137,0.796875
78138,0.796875
78139,0.828125
78140,0.75
78141,0.859375
78142,0.8125
78143,0.890625
78144,0.859375
78145,0.796875
78146,0.921875
78147,0.8125
78148,0.8125
78149,0.828125
78150,0.8125
78151,0.84375
78152,0.765625
78153,0.84375
78154,0.875
78155,0.765625
78156,0.890625
78157,0.8125
78158,0.78125
78159,0.796875
78160,0.796875
78161,0.765625
78162,0.90625
78163,0.796875
78164,0.890625
78165,0.859375
78166,0.828125
78167,0.875
78168,0.8125
78169,0.875
78170,0.828125
78171,0.859375
78172,0.75
78173,0.9375
78174,0.859375
78175,0.78125
78176,0.78125
78177,0.84375
78178,0.859375
78179,0.921875
78180,0.890625
78181,0.8125
78182,0.828125
78183,0.796875
78184,0.828125
78185,0.828125
78186,0.8125
78187,0.796875
78188,0.828125
78189,0.765625
78190,0.75
78191,0.875
78192,0.953125
78193,0.859375
78194,0.875
78195,0.890625
78196,0.828125
78197,0.859375
78198,0.796875
78199,0.875
78200,0.875
78201,0.890625
78202,0.828125
