4,0.0
5,0.0
6,0.0
7,0.0
8,0.0
9,0.0
10,0.0
11,0.0
12,0.0
13,0.0
14,0.0
15,0.0
16,0.0
17,0.0
18,0.0
19,0.0
20,0.0
21,0.0
22,0.0
23,0.000855922698975
24,0.00105571746826
25,0.00133323669434
26,0.00167751312256
27,0.0020809173584
28,0.00229263305664
29,0.00244331359863
30,0.0026969909668
31,0.00315856933594
32,0.00328826904297
33,0.00409698486328
34,0.00376319885254
35,0.0
36,0.0
37,0.0
38,0.00203704833984
39,0.00823211669922
40,0.0109405517578
41,0.0162506103516
42,0.0182647705078
43,0.0236053466797
44,0.0225830078125
45,0.0295104980469
46,0.0288543701172
47,0.0311737060547
48,0.0357666015625
49,0.0367126464844
50,0.0343017578125
51,0.0
52,0.0
53,0.0
54,0.00129318237305
55,0.00527191162109
56,0.0084228515625
57,0.0127716064453
58,0.0148773193359
59,0.0188903808594
60,0.0191650390625
61,0.0239868164062
62,0.02294921875
63,0.0263214111328
64,0.0280609130859
65,0.0314331054688
66,0.034912109375
67,0.0
68,0.0
69,0.0
70,0.000503540039062
71,0.00249290466309
72,0.005126953125
73,0.00721740722656
74,0.00910186767578
75,0.0127334594727
76,0.0146942138672
77,0.0152206420898
78,0.0172882080078
79,0.0188903808594
80,0.0225830078125
81,0.0223999023438
82,0.0220642089844
83,0.0
84,0.0
85,0.0
86,0.000638484954834
87,0.00221824645996
88,0.00344276428223
89,0.00485992431641
90,0.00661468505859
91,0.00919342041016
92,0.0114822387695
93,0.0129776000977
94,0.0141143798828
95,0.0162658691406
96,0.0163879394531
97,0.0173187255859
98,0.0204162597656
99,0.0
100,0.0
101,0.0
102,0.000545024871826
103,0.000799655914307
104,0.002685546875
105,0.00406265258789
106,0.0053596496582
107,0.00694274902344
108,0.00927734375
109,0.0105133056641
110,0.0114593505859
111,0.0126571655273
112,0.0158233642578
113,0.0177001953125
114,0.0168762207031
115,0.0
116,0.0
117,0.0
118,0.000212788581848
119,0.00138664245605
120,0.00299644470215
121,0.00437164306641
122,0.00563812255859
123,0.00624847412109
124,0.00794982910156
125,0.0102386474609
126,0.0121459960938
127,0.0115661621094
128,0.0117721557617
129,0.01611328125
130,0.0181427001953
131,0.0
132,0.0
133,0.0
134,0.0
135,0.00113677978516
136,0.00142288208008
137,0.00510406494141
138,0.00344848632812
139,0.00433731079102
140,0.00603866577148
141,0.00529479980469
142,0.00765609741211
143,0.00947570800781
144,0.00912475585938
145,0.0120391845703
146,0.0142288208008
147,0.0
148,0.0
149,0.0
150,0.000545024871826
151,0.00168228149414
152,0.00109004974365
153,0.00374412536621
154,0.00436019897461
155,0.0052604675293
156,0.00495529174805
157,0.00729751586914
158,0.00611114501953
159,0.00770950317383
160,0.00774002075195
161,0.00849151611328
162,0.00959777832031
163,0.0
164,0.0
165,0.0
166,0.00106430053711
167,0.00191593170166
168,0.00160884857178
169,0.0019416809082
170,0.00299644470215
171,0.00349426269531
172,0.00655364990234
173,0.00619125366211
174,0.00638580322266
175,0.00635147094727
176,0.00809478759766
177,0.00710296630859
178,0.00938415527344
179,0.0
180,0.0
181,0.0
182,0.0
183,0.000425577163696
184,0.0021800994873
185,0.0040283203125
186,0.00436019897461
187,0.00383758544922
188,0.00345230102539
189,0.00349426269531
190,0.00388717651367
191,0.00608444213867
192,0.00746536254883
193,0.00992584228516
194,0.0129852294922
195,0.0
196,0.0
197,0.0
198,0.000425577163696
199,0.000254392623901
200,0.00155735015869
201,0.00329208374023
202,0.00556564331055
203,0.00653839111328
204,0.00610733032227
205,0.00748443603516
206,0.00769424438477
207,0.00904846191406
208,0.0074348449707
209,0.00691604614258
210,0.00871276855469
211,0.0
212,0.0
213,0.0
214,0.0
215,0.000758171081543
216,0.000425577163696
217,0.00139713287354
218,0.00203514099121
219,0.00388336181641
220,0.00447082519531
221,0.00719833374023
222,0.00589370727539
223,0.00530242919922
224,0.00691223144531
225,0.00617980957031
226,0.00496673583984
227,0.0
228,0.0
229,0.0
230,0.000212788581848
231,0.000425577163696
232,0.000425577163696
233,0.00130271911621
234,0.00315093994141
235,0.00424194335938
236,0.00578689575195
237,0.00658798217773
238,0.00682830810547
239,0.00601959228516
240,0.00666427612305
241,0.00668334960938
242,0.00601196289062
243,0.0
244,0.0
245,0.0
246,0.000425577163696
247,0.00106430053711
248,0.00170230865479
249,0.00236701965332
250,0.00357818603516
251,0.00627899169922
252,0.00621032714844
253,0.00409698486328
254,0.00587844848633
255,0.0060920715332
256,0.00668334960938
257,0.00566101074219
258,0.00763320922852
259,0.0
260,0.0
261,0.0
262,0.000212788581848
263,0.00139713287354
264,0.00172901153564
265,0.00127696990967
266,0.00324440002441
267,0.00400543212891
268,0.0025806427002
269,0.00425720214844
270,0.00469970703125
271,0.00503158569336
272,0.00405883789062
273,0.00451278686523
274,0.00375366210938
275,0.0
276,0.0
277,0.0
278,0.000425577163696
279,0.00170230865479
280,0.00191593170166
281,0.00279426574707
282,0.00407028198242
283,0.00449752807617
284,0.00504302978516
285,0.00688934326172
286,0.00613021850586
287,0.00648880004883
288,0.00582504272461
289,0.00397491455078
290,0.00613021850586
291,0.0
292,0.0
293,0.0
294,0.000212788581848
295,0.00106430053711
296,0.00172901153564
297,0.00339126586914
298,0.00269889831543
299,0.00412368774414
300,0.00288581848145
301,0.00400543212891
302,0.0047607421875
303,0.00551986694336
304,0.00651550292969
305,0.00815582275391
306,0.00748825073242
307,0.0
308,0.0
309,0.0
310,0.000425577163696
311,0.000212788581848
312,0.00118350982666
313,0.00148963928223
314,0.0025806427002
315,0.00246047973633
316,0.00182151794434
317,0.00170230865479
318,0.00203514099121
319,0.00454711914062
320,0.00357818603516
321,0.0060920715332
322,0.00554656982422
323,0.0
324,0.0
325,0.0
326,0.000212788581848
327,0.00106430053711
328,0.00172901153564
329,0.00248718261719
330,0.0028190612793
331,0.0028190612793
332,0.00388336181641
333,0.00442886352539
334,0.00452041625977
335,0.00518798828125
336,0.00388336181641
337,0.00509262084961
338,0.00466918945312
339,0.0
340,0.0
341,0.0
342,0.000425577163696
343,0.00182151794434
344,0.00118350982666
345,0.0019416809082
346,0.00333786010742
347,0.00442886352539
348,0.00521087646484
349,0.00791168212891
350,0.00648880004883
351,0.00848388671875
352,0.00694274902344
353,0.00551986694336
354,0.00715637207031
355,0.0
356,0.0
357,0.0
358,0.000425577163696
359,0.000851154327393
360,0.000758171081543
361,0.00248718261719
362,0.00345802307129
363,0.00248718261719
364,0.00454711914062
365,0.00642395019531
366,0.00561141967773
367,0.00367164611816
368,0.00579833984375
369,0.00634384155273
370,0.00525283813477
371,0.0
372,0.0
373,0.0
374,0.0
375,0.000851154327393
376,0.00127696990967
377,0.00139713287354
378,0.00215530395508
379,0.00315093994141
380,0.00303268432617
381,0.00333786010742
382,0.00530624389648
383,0.00433731079102
384,0.00518798828125
385,0.0067024230957
386,0.00573348999023
387,0.0
388,0.0
389,0.0
390,0.0
391,0.00127696990967
392,0.00127696990967
393,0.00212860107422
394,0.00236701965332
395,0.00352478027344
396,0.00312614440918
397,0.00312614440918
398,0.0067024230957
399,0.00722122192383
400,0.00592041015625
401,0.00504302978516
402,0.00527954101562
403,0.0
404,0.0
405,0.0
406,0.0
407,0.0
408,0.000425577163696
409,0.00148963928223
410,0.00172901153564
411,0.00397491455078
412,0.00442886352539
413,0.00573348999023
414,0.00563812255859
415,0.00367164611816
416,0.00473403930664
417,0.00634384155273
418,0.00570678710938
419,0.0
420,0.0
421,0.0
422,0.0
423,0.000851154327393
424,0.000425577163696
425,0.00106430053711
426,0.00170230865479
427,0.00106430053711
428,0.00212860107422
429,0.00224876403809
430,0.00288581848145
431,0.00473403930664
432,0.00425720214844
433,0.00537490844727
434,0.00598526000977
435,0.0
436,0.0
437,0.0
438,0.0
439,0.00106430053711
440,0.000425577163696
441,0.00148963928223
442,0.00203514099121
443,0.00139713287354
444,0.00203514099121
445,0.00300598144531
446,0.00288581848145
447,0.00288581848145
448,0.00407028198242
449,0.00452041625977
450,0.00418853759766
451,0.0
452,0.0
453,0.0
454,0.000425577163696
455,0.000638484954834
456,0.000638484954834
457,0.000851154327393
458,0.0025806427002
459,0.00279426574707
460,0.00246047973633
461,0.00376319885254
462,0.00537490844727
463,0.00601196289062
464,0.00570678710938
465,0.00527954101562
466,0.00582504272461
467,0.0
468,0.0
469,0.0
470,0.000425577163696
471,0.000851154327393
472,0.000851154327393
473,0.00106430053711
474,0.00106430053711
475,0.00191593170166
476,0.00182151794434
477,0.00279426574707
478,0.00354957580566
479,0.00390434265137
480,0.00359725952148
481,0.00338363647461
482,0.00596618652344
483,0.0
484,0.0
485,0.0
486,0.000638484954834
487,0.000851154327393
488,0.00170230865479
489,0.00288581848145
490,0.00182151794434
491,0.00224876403809
492,0.00433731079102
493,0.00381660461426
494,0.00563812255859
495,0.00615692138672
496,0.00663757324219
497,0.00691604614258
498,0.00776672363281
499,0.0
500,0.0
501,0.0
502,0.000212788581848
503,0.00106430053711
504,0.00127696990967
505,0.00279426574707
506,0.00300598144531
507,0.00367164611816
508,0.00300598144531
509,0.00440216064453
510,0.00333786010742
511,0.00473403930664
512,0.00582504272461
513,0.00440216064453
514,0.00522994995117
515,0.0
516,0.0
517,0.0
518,0.000212788581848
519,0.000851154327393
520,0.00212860107422
521,0.00182151794434
522,0.0037899017334
523,0.00469589233398
524,0.00448226928711
525,0.00509262084961
526,0.00500106811523
527,0.00727462768555
528,0.00715637207031
529,0.00780487060547
530,0.00640869140625
531,0.0
532,0.0
533,0.0
534,0.000758171081543
535,0.00118350982666
536,0.00203514099121
537,0.00191593170166
538,0.00343132019043
539,0.00457000732422
540,0.0054931640625
541,0.00736999511719
542,0.00869750976562
543,0.00893402099609
544,0.00632476806641
545,0.00539016723633
546,0.00714874267578
547,0.0
548,0.0
549,0.0
550,0.000425577163696
551,0.000851154327393
552,0.00148963928223
553,0.00127696990967
554,0.00279426574707
555,0.00391006469727
556,0.00485610961914
557,0.00464248657227
558,0.0054931640625
559,0.0074348449707
560,0.00658416748047
561,0.00663757324219
562,0.00534820556641
563,0.0
564,0.0
565,0.0
566,0.0
567,0.000638484954834
568,0.0019416809082
569,0.00260543823242
570,0.00533294677734
571,0.00333786010742
572,0.00227355957031
573,0.00354957580566
574,0.00309944152832
575,0.0029125213623
576,0.00409698486328
577,0.00431060791016
578,0.00646591186523
579,0.0
580,0.0
581,0.0
582,0.000212788581848
583,0.000638484954834
584,0.00127696990967
585,0.00276565551758
586,0.00300598144531
587,0.0042839050293
588,0.00297927856445
589,0.0026741027832
590,0.00364303588867
591,0.0042839050293
592,0.0042839050293
593,0.00752639770508
594,0.00558853149414
595,0.0
596,0.0
597,0.0
598,0.000851154327393
599,0.00106430053711
600,0.00106430053711
601,0.00215530395508
602,0.00288581848145
603,0.00246047973633
604,0.00388336181641
605,0.00300598144531
606,0.00409698486328
607,0.00617980957031
608,0.00449752807617
609,0.00397491455078
610,0.00570678710938
611,0.0
612,0.0
613,0.0
614,0.000212788581848
615,0.00127696990967
616,0.000851154327393
617,0.00212860107422
618,0.00170230865479
619,0.00234222412109
620,0.0041618347168
621,0.00352478027344
622,0.00385665893555
623,0.0041618347168
624,0.00482940673828
625,0.00437545776367
626,0.00333786010742
627,0.0
628,0.0
629,0.0
630,0.000212788581848
631,0.00127696990967
632,0.00224876403809
633,0.00170230865479
634,0.00182151794434
635,0.00319290161133
636,0.00191593170166
637,0.00297927856445
638,0.00309944152832
639,0.00340461730957
640,0.00513458251953
641,0.006103515625
642,0.00522994995117
643,0.0
644,0.0
645,0.0
646,0.000212788581848
647,0.00106430053711
648,0.00118350982666
649,0.0025806427002
650,0.0029125213623
651,0.00336456298828
652,0.0037899017334
653,0.0026741027832
654,0.00331115722656
655,0.00288581848145
656,0.00279426574707
657,0.00461578369141
658,0.00319290161133
659,0.0
660,0.0
661,0.0
662,0.0
663,0.000212788581848
664,0.00148963928223
665,0.00212860107422
666,0.00352478027344
667,0.00224876403809
668,0.00248718261719
669,0.0042839050293
670,0.00525283813477
671,0.00556182861328
672,0.00470733642578
673,0.00373649597168
674,0.00340461730957
675,0.0
676,0.0
677,0.0
678,0.000425577163696
679,0.000638484954834
680,0.000851154327393
681,0.0026741027832
682,0.00255393981934
683,0.00212860107422
684,0.00340461730957
685,0.00361824035645
686,0.00297927856445
687,0.00319290161133
688,0.00480270385742
689,0.00297927856445
690,0.00425720214844
691,0.0
692,0.0
693,0.0
694,0.0
695,0.00106430053711
696,0.000638484954834
697,0.00148963928223
698,0.00118350982666
699,0.00224876403809
700,0.0026741027832
701,0.00246047973633
702,0.00224876403809
703,0.0026741027832
704,0.00385665893555
705,0.00440216064453
706,0.00385665893555
707,0.0
708,0.0
709,0.0
710,0.000212788581848
711,0.00127696990967
712,0.000425577163696
713,0.00148963928223
714,0.00170230865479
715,0.00224876403809
716,0.00297927856445
717,0.00331115722656
718,0.00397491455078
719,0.00321769714355
720,0.00224876403809
721,0.00442886352539
722,0.00367164611816
723,0.0
724,0.0
725,0.0
726,0.000212788581848
727,0.000851154327393
728,0.00118350982666
729,0.00109004974365
730,0.00160884857178
731,0.00172901153564
732,0.00412368774414
733,0.00376319885254
734,0.00530624389648
735,0.00454711914062
736,0.00376319885254
737,0.00539779663086
738,0.00516128540039
739,0.0
740,0.0
741,0.0
742,0.000425577163696
743,0.000425577163696
744,0.00106430053711
745,0.00127696990967
746,0.00170230865479
747,0.00255393981934
748,0.00255393981934
749,0.00255393981934
750,0.00331115722656
751,0.00385665893555
752,0.00449752807617
753,0.00461578369141
754,0.006103515625
755,0.0
756,0.0
757,0.0
758,0.000212788581848
759,0.000851154327393
760,0.00118350982666
761,0.000970840454102
762,0.00234222412109
763,0.00212860107422
764,0.00212860107422
765,0.00276565551758
766,0.00300598144531
767,0.00343132019043
768,0.00437545776367
769,0.00534820556641
770,0.00522994995117
771,0.0
772,0.0
773,0.0
774,0.000212788581848
775,0.00106430053711
776,0.00160884857178
777,0.00246047973633
778,0.00288581848145
779,0.00321769714355
780,0.00288581848145
781,0.00118350982666
782,0.00364303588867
783,0.0042839050293
784,0.00385665893555
786,0.00470733642578
787,0.00527954101562
788,0.0
789,0.0
790,0.0
791,0.000638484954834
792,0.000638484954834
793,0.00234222412109
794,0.00191593170166
795,0.00127696990967
796,0.00203514099121
797,0.00309944152832
798,0.0026741027832
799,0.00395202636719
800,0.00383186340332
801,0.00449752807617
802,0.00516128540039
803,0.00352478027344
804,0.0
805,0.0
806,0.0
807,0.000212788581848
808,0.00106430053711
809,0.00106430053711
810,0.00170230865479
811,0.00203514099121
812,0.00373649597168
813,0.00309944152832
814,0.00319290161133
815,0.00170230865479
816,0.00437545776367
817,0.00331115722656
818,0.00352478027344
819,0.00404357910156
820,0.0
821,0.0
822,0.0
823,0.000425577163696
824,0.000425577163696
825,0.00106430053711
826,0.0019416809082
827,0.00260543823242
828,0.00369644165039
829,0.00409698486328
830,0.00452041625977
831,0.00442886352539
832,0.00352478027344
833,0.00470733642578
834,0.00527954101562
835,0.00485610961914
836,0.0
837,0.0
838,0.0
839,0.000638484954834
840,0.00127696990967
841,0.00234222412109
842,0.00191593170166
843,0.00255393981934
844,0.00276565551758
845,0.00170230865479
846,0.00234222412109
847,0.00234222412109
848,0.00522994995117
849,0.00331115722656
850,0.00255393981934
851,0.00276565551758
852,0.0
853,0.0
854,0.0
855,0.000212788581848
856,0.00148963928223
857,0.00148963928223
858,0.00276565551758
859,0.00276565551758
860,0.00191593170166
861,0.00234222412109
862,0.00148963928223
863,0.00234222412109
864,0.00212860107422
865,0.00191593170166
866,0.00297927856445
867,0.00385665893555
868,0.0
869,0.0
870,0.0
871,0.000425577163696
872,0.000425577163696
873,0.00106430053711
874,0.00234222412109
875,0.00191593170166
876,0.00361824035645
877,0.00297927856445
878,0.00361824035645
879,0.00447082519531
880,0.00395202636719
881,0.00534820556641
882,0.00352478027344
883,0.00480270385742
884,0.0
885,0.0
886,0.0
887,0.000425577163696
888,0.000851154327393
889,0.000425577163696
890,0.00148963928223
891,0.00212860107422
892,0.00170230865479
893,0.00212860107422
894,0.00212860107422
895,0.00276565551758
896,0.00321769714355
897,0.00449752807617
898,0.0041618347168
899,0.0042839050293
900,0.0
901,0.0
902,0.0
903,0.000425577163696
904,0.000851154327393
905,0.00191593170166
906,0.00170230865479
907,0.00297927856445
908,0.00212860107422
909,0.0041618347168
910,0.00340461730957
911,0.00276565551758
912,0.00487518310547
913,0.00532531738281
914,0.0051155090332
915,0.00608444213867
916,0.0
917,0.0
918,0.0
919,0.0
920,0.00160884857178
921,0.0019416809082
922,0.00203514099121
923,0.00227355957031
924,0.00321769714355
925,0.00364303588867
926,0.00407028198242
927,0.00407028198242
928,0.00473403930664
929,0.00309944152832
930,0.00331115722656
931,0.00425720214844
932,0.0
933,0.0
934,0.0
935,0.000212788581848
936,0.00127696990967
937,0.000851154327393
938,0.00191593170166
939,0.00297927856445
940,0.00297927856445
941,0.00170230865479
942,0.00246047973633
943,0.00288581848145
944,0.00288581848145
945,0.00383186340332
946,0.00340461730957
947,0.00468444824219
948,0.0
949,0.0
950,0.0
951,0.000212788581848
952,0.000425577163696
953,0.000970840454102
954,0.00369644165039
955,0.00409698486328
956,0.00400543212891
957,0.00521087646484
958,0.00606536865234
959,0.00516128540039
960,0.00449752807617
961,0.00470733642578
962,0.00395202636719
963,0.0041618347168
964,0.0
965,0.0
966,0.0
967,0.0
968,0.0
969,0.000851154327393
970,0.00148963928223
971,0.00271034240723
972,0.00459671020508
973,0.00393295288086
974,0.00191593170166
975,0.00234222412109
976,0.00482940673828
977,0.00453567504883
978,0.00433349609375
979,0.00607681274414
980,0.0
981,0.0
982,0.0
983,0.000638484954834
984,0.00127696990967
985,0.00182151794434
986,0.00297927856445
987,0.00212860107422
988,0.00288581848145
989,0.00373649597168
990,0.00340461730957
991,0.00361824035645
992,0.00404357910156
993,0.00468444824219
994,0.00425720214844
995,0.00425720214844
996,0.0
997,0.0
998,0.0
999,0.0
1000,0.00106430053711
1001,0.00170230865479
1002,0.00234222412109
1003,0.00212860107422
1004,0.00191593170166
1005,0.00234222412109
1006,0.00404357910156
1007,0.00407028198242
1008,0.00482940673828
1009,0.00513458251953
1010,0.00543975830078
1011,0.00556182861328
1012,0.0
1013,0.0
1014,0.0
1015,0.000212788581848
1016,0.00106430053711
1017,0.00170230865479
1018,0.00191593170166
1019,0.00321769714355
1020,0.00331115722656
1021,0.00364303588867
1022,0.00385665893555
1023,0.00558853149414
1024,0.00497436523438
1025,0.00582504272461
1026,0.00658416748047
1027,0.0077018737793
1028,0.0
1029,0.0
1030,0.0
1031,0.000425577163696
1032,0.000970840454102
1033,0.00227355957031
1034,0.00364303588867
1035,0.00464248657227
1036,0.00352478027344
1037,0.00497436523438
1038,0.00556945800781
1039,0.00558090209961
1040,0.00469207763672
1041,0.00503540039062
1042,0.00676345825195
1043,0.00477981567383
1044,0.0
1045,0.0
1046,0.0
1047,0.0
1048,0.000212788581848
1049,0.00106430053711
1050,0.00148963928223
1051,0.0037899017334
1052,0.0029125213623
1053,0.00354957580566
1054,0.00300598144531
1055,0.00449752807617
1056,0.00388336181641
1057,0.00352478027344
1058,0.00418853759766
1059,0.00529098510742
1060,0.0
1061,0.0
1062,0.0
1063,0.000425577163696
1064,0.000851154327393
1065,0.00170230865479
1066,0.00203514099121
1067,0.00160884857178
1068,0.00288581848145
1069,0.00373649597168
1070,0.00352478027344
1071,0.00383186340332
1072,0.00383186340332
1073,0.00340461730957
1074,0.00383186340332
1075,0.00395202636719
1076,0.0
1077,0.0
1078,0.0
1079,0.000425577163696
1080,0.000425577163696
1081,0.00127696990967
1082,0.00191593170166
1083,0.00212860107422
1084,0.00255393981934
1085,0.0026741027832
1086,0.00395202636719
1087,0.00404357910156
1088,0.00531768798828
1089,0.00447082519531
1090,0.00319290161133
1091,0.00468444824219
1092,0.0
1093,0.0
1094,0.0
1095,0.000212788581848
1096,0.00127696990967
1097,0.000851154327393
1098,0.00106430053711
1099,0.00234222412109
1100,0.00191593170166
1101,0.00276565551758
1102,0.00361824035645
1103,0.00383186340332
1104,0.00460052490234
1105,0.00384330749512
1106,0.00309944152832
1107,0.00447082519531
1108,0.0
1109,0.0
1110,0.0
1111,0.000425577163696
1112,0.000425577163696
1113,0.000851154327393
1114,0.00212860107422
1115,0.00255393981934
1116,0.00276565551758
1117,0.00276565551758
1118,0.00319290161133
1119,0.00288581848145
1120,0.00437545776367
1121,0.0041618347168
1122,0.00319290161133
1123,0.00331115722656
1124,0.0
1125,0.0
1126,0.0
1127,0.0
1128,0.00106430053711
1129,0.00127696990967
1130,0.00148963928223
1131,0.00191593170166
1132,0.00234222412109
1133,0.00160884857178
1134,0.00352478027344
1135,0.00561141967773
1136,0.00708770751953
1137,0.00516128540039
1138,0.00539779663086
1139,0.00643539428711
1140,0.0
1141,0.0
1142,0.0
1143,0.0
1144,0.000212788581848
1145,0.00106430053711
1146,0.00148963928223
1147,0.00170230865479
1148,0.00212860107422
1149,0.00256538391113
1150,0.0026741027832
1151,0.00361824035645
1152,0.00297927856445
1153,0.00383186340332
1154,0.00319290161133
1155,0.00319290161133
1156,0.0
1157,0.0
1158,0.0
1159,0.0
1160,0.0
1161,0.000425577163696
1162,0.00106430053711
1163,0.00212860107422
1164,0.0026741027832
1165,0.00191593170166
1166,0.00182151794434
1167,0.00324058532715
1168,0.0052604675293
1169,0.0054931640625
1170,0.00630187988281
1171,0.00431823730469
1172,0.0
1173,0.0
1174,0.0
1175,0.0
1176,0.000212788581848
1177,0.000851154327393
1178,0.00106430053711
1179,0.00170230865479
1180,0.00212860107422
1181,0.00276565551758
1182,0.00319290161133
1183,0.00340461730957
1184,0.00340461730957
1185,0.00404357910156
1186,0.00340461730957
1187,0.00319290161133
1188,0.0
1189,0.0
1190,0.0
1191,0.0
1192,0.000212788581848
1193,0.000638484954834
1194,0.00106430053711
1195,0.00148963928223
1196,0.00148963928223
1197,0.00170230865479
1198,0.00191593170166
1199,0.00300598144531
1200,0.00319290161133
1201,0.00364303588867
1202,0.00407028198242
1203,0.00397491455078
1204,0.0
1205,0.0
1206,0.0
1207,0.0
1208,0.000212788581848
1209,0.000638484954834
1210,0.000638484954834
1211,0.00148963928223
1212,0.00276565551758
1213,0.00297927856445
1214,0.00348091125488
1215,0.00251007080078
1216,0.00369262695312
1217,0.00336074829102
1218,0.00383186340332
1219,0.00361824035645
1220,0.0
1221,0.0
1222,0.0
1223,0.000212788581848
1224,0.000212788581848
1225,0.000638484954834
1226,0.000851154327393
1227,0.00148963928223
1228,0.00300598144531
1229,0.00191593170166
1230,0.00212860107422
1231,0.00276565551758
1232,0.00212860107422
1233,0.00297927856445
1234,0.0026741027832
1235,0.00361824035645
1236,0.0
1237,0.0
1238,0.0
1239,0.0
1240,0.000425577163696
1241,0.000851154327393
1242,0.00127696990967
1243,0.00191593170166
1244,0.000851154327393
1245,0.00234222412109
1246,0.00361824035645
1247,0.00234222412109
1248,0.00361824035645
1249,0.00352478027344
1250,0.0042839050293
1251,0.00458908081055
1252,0.0
1253,0.0
1254,0.0
1255,0.0
1256,0.0
1257,0.000638484954834
1258,0.00160884857178
1259,0.00215530395508
1260,0.00300598144531
1261,0.00343132019043
1262,0.00333786010742
1263,0.00288581848145
1264,0.00321769714355
1265,0.00494766235352
1266,0.00367164611816
1267,0.00343132019043
1268,0.0
1269,0.0
1270,0.0
1271,0.0
1272,0.000212788581848
1273,0.000638484954834
1274,0.000851154327393
1275,0.00160884857178
1276,0.00206184387207
1277,0.0025806427002
1278,0.0030689239502
1279,0.00469589233398
1280,0.00392532348633
1281,0.0040168762207
1282,0.00463104248047
1283,0.0031795501709
1284,0.0
1285,0.0
1286,0.0
1287,0.0
1288,0.0
1289,0.000212788581848
1290,0.000983238220215
1291,0.00162124633789
1292,0.00108909606934
1293,0.00259017944336
1294,0.00297164916992
1295,0.00288009643555
1296,0.00422668457031
1297,0.00400161743164
1298,0.00322914123535
1299,0.00301933288574
1300,0.0
1301,0.0
1302,0.0
1303,0.0
1304,0.000212788581848
1305,0.000638484954834
1306,0.00127696990967
1307,0.00170230865479
1308,0.00224876403809
1309,0.00215530395508
1310,0.00182151794434
1311,0.00246047973633
1312,0.00191593170166
1313,0.0041618347168
1314,0.00352478027344
1315,0.00437545776367
1316,0.0
1317,0.0
1318,0.0
1319,0.0
1320,0.000638484954834
1321,0.000425577163696
1322,0.000638484954834
1323,0.000638484954834
1324,0.00170230865479
1325,0.00127696990967
1326,0.00256538391113
1327,0.00193977355957
1328,0.00257682800293
1329,0.00170230865479
1330,0.00276565551758
1331,0.00276565551758
1332,0.0
1333,0.0
1334,0.0
1335,0.0
1336,0.000212788581848
1337,0.000638484954834
1338,0.000638484954834
1339,0.00170230865479
1340,0.00127696990967
1341,0.00106430053711
1342,0.00203514099121
1343,0.00170230865479
1344,0.00277900695801
1345,0.00331115722656
1346,0.00331115722656
1347,0.00288581848145
1348,0.0
1349,0.0
1350,0.0
1351,0.0
1352,0.000425577163696
1353,0.0
1354,0.000851154327393
1355,0.00148963928223
1356,0.00170230865479
1357,0.00191593170166
1358,0.00276565551758
1359,0.00234222412109
1360,0.00297927856445
1361,0.00319290161133
1362,0.00297927856445
1363,0.00340461730957
1364,0.0
1365,0.0
1366,0.0
1367,0.0
1368,0.000212788581848
1369,0.000638484954834
1370,0.00106430053711
1371,0.00148963928223
1372,0.00191593170166
1373,0.000851154327393
1374,0.00182151794434
1375,0.00148963928223
1376,0.00212860107422
1377,0.00255393981934
1378,0.00361824035645
1379,0.00340461730957
1380,0.0
1381,0.0
1382,0.0
1383,0.0
1384,0.000212788581848
1385,0.000851154327393
1386,0.00106430053711
1387,0.00106430053711
1388,0.00170230865479
1389,0.00170230865479
1390,0.00148963928223
1391,0.00234222412109
1392,0.00127696990967
1393,0.00203514099121
1394,0.00309944152832
1395,0.00343132019043
1396,0.0
1397,0.0
1398,0.0
1399,0.0
1400,0.000877857208252
1401,0.000545024871826
1402,0.00106430053711
1403,0.00182151794434
1404,0.00118350982666
1405,0.00160884857178
1406,0.00333786010742
1407,0.00343132019043
1408,0.00321769714355
1409,0.00309944152832
1410,0.00234222412109
1411,0.00331115722656
1412,0.0
1413,0.0
1414,0.0
1415,0.0
1416,0.000425577163696
1417,0.00127696990967
1418,0.00106430053711
1419,0.00127696990967
1420,0.00212860107422
1421,0.00276565551758
1422,0.00276565551758
1423,0.00373649597168
1424,0.00352478027344
1425,0.00449752807617
1426,0.00492095947266
1427,0.00482940673828
1428,0.0
1429,0.0
1430,0.0
1431,0.0
1432,0.000212788581848
1433,0.000212788581848
1434,0.000638484954834
1435,0.00170230865479
1436,0.00160884857178
1437,0.00236701965332
1438,0.00212860107422
1439,0.00212860107422
1440,0.00276565551758
1441,0.00297927856445
1442,0.00234222412109
1443,0.00404357910156
1444,0.0
1445,0.0
1446,0.0
1447,0.0
1448,0.000212788581848
1449,0.0
1450,0.00106430053711
1451,0.000638484954834
1452,0.00170230865479
1453,0.00234222412109
1454,0.00191593170166
1455,0.00191593170166
1456,0.00383186340332
1457,0.00319290161133
1458,0.00543975830078
1459,0.00425720214844
1460,0.0
1461,0.0
1462,0.0
1463,0.0
1464,0.0
1465,0.0
1466,0.00182151794434
1467,0.00106430053711
1468,0.00170230865479
1469,0.00322914123535
1470,0.00369262695312
1471,0.00261497497559
1472,0.00383186340332
1473,0.00340461730957
1474,0.00447082519531
1475,0.00404357910156
1476,0.0
1477,0.0
1478,0.0
1479,0.000212788581848
1480,0.000425577163696
1481,0.000638484954834
1482,0.00148963928223
1483,0.000638484954834
1484,0.00148963928223
1485,0.00170230865479
1486,0.00127696990967
1487,0.00170230865479
1488,0.00170230865479
1489,0.00234222412109
1490,0.00234222412109
1491,0.00276565551758
1492,0.0
1493,0.0
1494,0.0
1495,0.000212788581848
1496,0.000212788581848
1497,0.000638484954834
1498,0.00170230865479
1499,0.00212860107422
1500,0.00234222412109
1501,0.00170230865479
1502,0.00170230865479
1503,0.00203514099121
1504,0.00212860107422
1505,0.00373649597168
1506,0.00385665893555
1507,0.00276565551758
1508,0.0
1509,0.0
1510,0.0
1511,0.0
1512,0.0
1513,0.000851154327393
1514,0.00106430053711
1515,0.00212860107422
1516,0.00148963928223
1517,0.00170230865479
1518,0.00191593170166
1519,0.00191593170166
1520,0.00234222412109
1521,0.00255393981934
1522,0.00255393981934
1523,0.00319290161133
1524,0.0
1525,0.0
1526,0.0
1527,0.0
1528,0.0
1529,0.000425577163696
1530,0.000212788581848
1531,0.000425577163696
1532,0.000425577163696
1533,0.00106430053711
1534,0.00170230865479
1535,0.00234222412109
1536,0.00127696990967
1537,0.00276565551758
1538,0.00300598144531
1539,0.00300598144531
1540,0.0
1541,0.0
1542,0.0
1543,0.0
1544,0.0
1545,0.000851154327393
1546,0.000425577163696
1547,0.000851154327393
1548,0.00106430053711
1549,0.00170230865479
1550,0.00148963928223
1551,0.00234222412109
1552,0.00212860107422
1553,0.00364303588867
1554,0.00364303588867
1555,0.00321769714355
1556,0.0
1557,0.0
1558,0.0
1559,0.0
1560,0.0
1561,0.000212788581848
1562,0.00106430053711
1563,0.00148963928223
38319,0.000603675842285
38320,0.000800609588623
38322,0.00119495391846
38323,0.000197052955627
38324,0.0
38325,0.0
38326,0.0
38327,1.23381614685e-05
38328,0.0
38329,0.0
38330,0.0
38331,3.69548797607e-05
38332,0.000147819519043
38333,0.000344753265381
38334,0.000283241271973
38335,2.46167182922e-05
38336,6.16312026978e-05
38337,0.000123262405396
38338,3.69548797607e-05
38339,0.000123262405396
38340,0.0
38341,0.0
38342,0.0
38343,3.69548797607e-05
38344,0.0
38345,0.00013542175293
38346,0.000258684158325
38347,0.000369548797607
38348,0.000270843505859
38349,0.000283241271973
38350,0.000455856323242
38351,0.00017237663269
38352,0.000308036804199
38353,0.000677108764648
38354,0.000591278076172
38355,0.000800609588623
38356,0.0
38357,0.0
38358,0.0
38359,0.0
38360,2.46167182922e-05
38361,0.0
38362,0.0
38363,1.23381614685e-05
38364,9.85264778137e-05
38365,0.000184774398804
38366,0.000320196151733
38367,8.61883163452e-05
38368,0.000332355499268
38369,0.000406503677368
38370,0.000332355499268
38371,0.000455856323242
38372,0.0
38373,0.0
38374,0.0
38375,2.46167182922e-05
38376,0.0
38377,1.23381614685e-05
38378,0.000147819519043
38379,0.0
38380,0.0
38381,0.0
38382,4.92930412292e-05
38383,4.92930412292e-05
38384,3.69548797607e-05
38385,3.69548797607e-05
38386,0.000147819519043
38387,8.61883163452e-05
38388,0.0
38389,0.0
38390,0.0
38391,3.69548797607e-05
38392,0.000184774398804
38393,0.00013542175293
38394,0.000381708145142
38395,0.000603675842285
38396,0.000554084777832
38397,0.000184774398804
38398,0.000357151031494
38399,0.000357151031494
38400,0.000591278076172
38401,0.00048041343689
38402,0.00048041343689
38403,0.000874519348145
38404,0.0
38405,0.0
38406,0.0
38407,0.0
38408,2.46167182922e-05
38409,0.00017237663269
38410,0.000493049621582
38411,0.000431060791016
38412,0.000677108764648
38413,0.000874519348145
38414,0.00048041343689
38415,0.000664710998535
38416,0.000147819519043
38417,0.000234127044678
38418,0.000234127044678
38419,0.00065279006958
38420,0.0
38421,0.0
38422,0.0
38423,0.0
38424,0.0
38425,0.0
38426,1.23381614685e-05
38427,0.0
38428,6.16312026978e-05
38429,0.000160098075867
38430,0.00017237663269
38431,0.000394105911255
38432,0.00082540512085
38433,0.00105857849121
38434,0.00120735168457
38435,0.00150203704834
38436,0.0
38437,0.0
38438,0.0
38439,0.0
38440,8.61883163452e-05
38441,0.000591278076172
38442,0.00136756896973
38443,0.00108337402344
38444,0.00185966491699
38445,0.00179862976074
38446,0.00078821182251
38447,0.00130558013916
38448,0.00179862976074
38449,0.00264739990234
38450,0.001540184021
38451,0.000986099243164
38452,0.0
38453,0.0
38454,0.0
38455,2.46167182922e-05
38456,0.000110864639282
38457,0.00017237663269
38458,0.000184774398804
38459,4.92930412292e-05
38460,0.000258684158325
38461,0.00013542175293
38462,8.61883163452e-05
38463,0.00051736831665
38464,0.000455856323242
38465,0.000431060791016
38466,0.00078821182251
38467,0.000603675842285
38468,0.0
38469,0.0
38470,0.0
38471,0.00013542175293
38472,0.000234127044678
38473,0.000468254089355
38474,0.000295639038086
38475,0.000406503677368
38476,0.000616073608398
38477,0.000627994537354
38478,0.000911712646484
38479,0.00075101852417
38480,0.000369548797607
38481,0.000147819519043
38482,0.00115776062012
38483,0.00109577178955
38484,0.0
38485,0.0
38486,0.0
38487,0.0
38488,0.0
38489,2.46167182922e-05
38490,2.46167182922e-05
38491,1.23381614685e-05
38492,3.69548797607e-05
38493,3.69548797607e-05
38494,0.000381708145142
38495,0.000714302062988
38496,0.000209450721741
38497,0.000591278076172
38498,0.00110816955566
38499,0.00131797790527
38500,0.0
38501,0.0
38502,0.0
38503,1.23381614685e-05
38504,0.000295639038086
38505,0.000775814056396
38506,0.000221729278564
38507,0.000332355499268
38508,0.000468254089355
38509,9.85264778137e-05
38510,0.000455856323242
38511,0.000468254089355
38512,0.000627994537354
38513,0.000973224639893
38514,0.000714302062988
38515,0.000775814056396
38516,0.0
38517,0.0
38518,0.0
38519,4.92930412292e-05
38520,0.00017237663269
38521,0.000504970550537
38522,0.000270843505859
38523,0.000591278076172
38524,0.000455856323242
38525,0.000468254089355
38526,0.000541687011719
38527,0.000209450721741
38528,0.000541687011719
38529,0.000504970550537
38530,0.000689506530762
38531,0.000986099243164
38532,0.0
38533,0.0
38534,0.0
38535,0.0
38536,2.46167182922e-05
38537,0.000344753265381
38538,0.000394105911255
38539,0.000701904296875
38540,0.00147819519043
38541,0.000627994537354
38542,0.000110864639282
38543,0.00013542175293
38544,0.000209450721741
38545,0.000504970550537
38546,0.000763416290283
38547,0.0012321472168
38548,0.0
38549,0.0
38550,0.0
38551,2.46167182922e-05
38552,6.16312026978e-05
38553,0.000123262405396
38554,0.000234127044678
38555,0.000320196151733
38556,0.000147819519043
38557,0.00017237663269
38558,0.000566482543945
38559,0.000270843505859
38560,0.000775814056396
38561,0.000800609588623
38562,0.000714302062988
38563,0.00100994110107
38564,0.0
38565,0.0
38566,0.0
38567,0.0
38568,0.0
38569,2.46167182922e-05
38570,2.46167182922e-05
38571,0.0
38572,0.00013542175293
38573,7.39097595215e-05
38574,0.000147819519043
38575,0.000197052955627
38576,0.000308036804199
38577,0.000110864639282
38578,0.000197052955627
38579,0.000258684158325
38580,0.0
38581,0.0
38582,0.0
38583,0.0
38584,2.46167182922e-05
38585,0.000209450721741
38586,0.000184774398804
38587,0.000406503677368
38588,0.000357151031494
38589,0.000295639038086
38590,0.000813007354736
38591,0.000849723815918
38592,0.000394105911255
38593,0.000566482543945
38594,0.000714302062988
38595,0.000775814056396
38596,0.0
38597,0.0
38598,0.0
38599,6.16312026978e-05
38600,0.000147819519043
38601,8.61883163452e-05
38602,0.000357151031494
38603,0.000431060791016
38604,0.000332355499268
38605,0.000701904296875
38606,0.000541687011719
38607,0.00128078460693
38608,0.000591278076172
38609,0.00075101852417
38610,0.000775814056396
38611,0.00102233886719
38612,0.0
38613,0.0
38614,0.0
38615,0.0
38616,0.0
38617,3.69548797607e-05
38618,1.23381614685e-05
38619,4.92930412292e-05
38620,0.000221729278564
38621,0.000184774398804
38622,0.000147819519043
38623,0.00013542175293
38624,0.000283241271973
38625,0.000344753265381
38626,0.000270843505859
38627,0.000689506530762
38628,0.0
38629,0.0
38630,0.0
38631,0.0
38632,0.0
38633,0.0
38634,0.0
38635,0.000209450721741
38636,0.000246524810791
38637,0.000221729278564
38638,3.69548797607e-05
38639,3.69548797607e-05
38640,0.000147819519043
38641,6.16312026978e-05
38642,9.85264778137e-05
38643,0.00017237663269
38644,0.0
38645,0.0
38646,0.0
38647,0.0
38648,0.0
38649,0.0
38650,1.23381614685e-05
38651,6.16312026978e-05
38652,0.000110864639282
38653,0.000197052955627
38654,6.16312026978e-05
38655,9.85264778137e-05
38656,0.000197052955627
38657,0.000443458557129
38658,0.000504970550537
38659,0.000973224639893
38660,0.0
38661,0.0
38662,0.0
38663,0.0
38664,0.0
38665,0.0
38666,1.23381614685e-05
38667,1.23381614685e-05
38668,2.46167182922e-05
38669,0.0
38670,2.46167182922e-05
38671,0.000110864639282
38672,0.000258684158325
38673,0.000554084777832
38674,0.000344753265381
38675,0.0
38676,0.0
38677,0.0
38678,0.0
38679,0.0
38680,2.46167182922e-05
38681,0.000123262405396
38682,0.000110864639282
38683,0.000147819519043
38684,0.000616073608398
38685,0.000886917114258
38686,0.000431060791016
38687,0.000603675842285
38688,0.000295639038086
38689,0.00051736831665
38690,0.000603675842285
38691,0.000529289245605
38692,0.0
38693,0.0
38694,0.0
38695,0.0
38696,0.0
38697,0.0
38698,2.46167182922e-05
38699,1.23381614685e-05
38700,0.0
38701,0.0
38702,0.0
38703,1.23381614685e-05
38704,0.000308036804199
38705,0.000344753265381
38706,0.000554084777832
38707,9.85264778137e-05
38708,0.0
38709,0.0
38710,0.0
38711,0.0
38712,0.0
38713,0.0
38714,0.0
38715,3.69548797607e-05
38716,0.000209450721741
38717,0.000369548797607
38718,0.000258684158325
38719,0.000443458557129
38720,0.000357151031494
38721,0.000664710998535
38722,0.00075101852417
38723,0.000911712646484
38724,0.0
38725,0.0
38726,0.0
38727,0.0
38728,0.0
38729,0.000234127044678
38730,0.000221729278564
38731,0.000455856323242
38732,0.000874519348145
38733,0.000677108764648
38734,0.000677108764648
38735,0.000418901443481
38736,0.000320196151733
38737,0.000308036804199
38738,0.000369548797607
38739,0.000689506530762
38740,0.0
38741,0.0
38742,0.0
38743,0.0
38744,0.0
38745,0.0
38746,4.92930412292e-05
38747,8.61883163452e-05
38748,0.000197052955627
38749,0.000320196151733
38750,0.00051736831665
38751,0.000197052955627
38752,0.000184774398804
38753,0.000431060791016
38754,0.000258684158325
38755,0.000344753265381
38756,0.0
38757,0.0
38758,0.0
38759,7.39097595215e-05
38760,4.92930412292e-05
38761,0.000160098075867
38762,4.92930412292e-05
38763,4.92930412292e-05
38764,0.000123262405396
38765,0.000246524810791
38766,0.000468254089355
38767,0.000308036804199
38768,0.000357151031494
38769,0.000578880310059
38770,0.000960826873779
38771,0.000455856323242
38772,0.0
38773,0.0
38774,0.0
38775,0.0
38776,0.0
38777,8.61883163452e-05
38778,0.000110864639282
38779,0.000640392303467
38780,0.00082540512085
38781,0.000973224639893
38782,0.00107097625732
38783,0.000800609588623
38784,0.000541687011719
38785,0.000160098075867
38786,0.000406503677368
38787,0.000270843505859
38788,0.0
38789,0.0
38790,0.0
38791,0.0
38792,0.0
38793,1.23381614685e-05
38794,7.39097595215e-05
38795,0.00017237663269
38796,7.39097595215e-05
38797,0.000123262405396
38798,8.61883163452e-05
38799,0.000283241271973
38800,0.000504970550537
38801,0.000443458557129
38802,0.000308036804199
38803,0.000234127044678
38804,0.0
38805,0.0
38806,0.0
38807,0.0
38808,0.0
38809,0.0
38810,0.0
38811,0.0
38812,3.69548797607e-05
38813,0.00013542175293
38814,0.00017237663269
38815,0.000110864639282
38816,0.000110864639282
38817,0.000110864639282
38818,0.000332355499268
38819,0.000246524810791
38820,0.0
38821,0.0
38822,0.0
38823,0.0
38824,0.0
38825,0.0
38826,4.92930412292e-05
38827,0.000209450721741
38828,0.000431060791016
38829,4.92930412292e-05
38830,9.85264778137e-05
38831,0.000160098075867
38832,0.000221729278564
38833,0.000394105911255
38834,0.000603675842285
38835,0.00078821182251
38836,0.0
38837,0.0
38838,0.0
38839,3.69548797607e-05
38840,8.61883163452e-05
38841,0.000394105911255
38842,0.000504970550537
38843,2.46167182922e-05
38844,0.000381708145142
38845,0.000369548797607
38846,0.000554084777832
38847,0.000160098075867
38848,2.46167182922e-05
38849,1.23381614685e-05
38850,2.46167182922e-05
38851,0.00048041343689
38852,0.0
38853,0.0
38854,0.0
38855,0.0
38856,2.46167182922e-05
38857,3.69548797607e-05
38858,0.000209450721741
38859,0.000209450721741
38860,0.000418901443481
38861,0.000468254089355
38862,0.000197052955627
38863,0.000110864639282
38864,0.000234127044678
38865,0.000554084777832
38866,0.000763416290283
38867,0.00048041343689
38868,0.0
38869,0.0
38870,0.0
38871,1.23381614685e-05
38872,0.0
38873,9.85264778137e-05
38874,0.0
38875,8.61883163452e-05
38876,0.000147819519043
38877,0.000332355499268
38878,0.000258684158325
38879,8.61883163452e-05
38880,0.000418901443481
38881,0.000160098075867
38882,0.000381708145142
38883,0.00017237663269
38884,0.0
38885,0.0
38886,0.0
38887,2.46167182922e-05
38888,0.00013542175293
38889,2.46167182922e-05
38890,0.000283241271973
38891,0.000123262405396
38892,0.000184774398804
38893,9.85264778137e-05
38894,0.000344753265381
38895,0.000431060791016
38896,0.000283241271973
38897,0.000664710998535
38898,0.000726699829102
38899,0.000689506530762
38900,0.0
38901,0.0
38902,0.0
38903,1.23381614685e-05
38904,1.23381614685e-05
38905,6.16312026978e-05
38906,0.000258684158325
38907,6.16312026978e-05
38908,4.92930412292e-05
38909,0.000332355499268
38910,0.000369548797607
38911,0.000357151031494
38912,0.000911712646484
38913,0.00048041343689
38914,0.000689506530762
38915,0.00121974945068
38916,0.0
38917,0.0
38918,0.0
38919,0.0
38920,1.23381614685e-05
38921,6.16312026978e-05
38922,6.16312026978e-05
38923,4.92930412292e-05
38924,0.0
38925,4.92930412292e-05
38926,9.85264778137e-05
38927,0.000123262405396
38928,7.39097595215e-05
38929,0.000221729278564
38930,0.000270843505859
38931,0.000197052955627
38932,0.0
38933,0.0
38934,0.0
38935,0.0
38936,0.00017237663269
38937,0.000283241271973
38938,0.000332355499268
38939,0.000332355499268
38940,3.69548797607e-05
38941,0.000160098075867
38942,0.000369548797607
38943,0.000554084777832
38944,0.000541687011719
38945,0.000689506530762
38946,0.000431060791016
38947,0.000973224639893
38948,0.0
38949,0.0
38950,0.0
38951,0.0
38952,4.92930412292e-05
38953,0.00017237663269
38954,0.00013542175293
38955,0.000160098075867
38956,0.000332355499268
38957,0.00065279006958
38958,0.000689506530762
38959,0.000431060791016
38960,0.000406503677368
38961,0.000726699829102
38962,0.00065279006958
38963,0.00078821182251
38964,0.0
38965,0.0
38966,0.0
38967,1.23381614685e-05
38968,0.000110864639282
38969,0.000270843505859
38970,0.000344753265381
38971,0.000234127044678
38972,0.000184774398804
38973,0.000234127044678
38974,0.000258684158325
38975,0.000160098075867
38976,0.000209450721741
38977,0.00017237663269
38978,0.000394105911255
38979,6.16312026978e-05
38980,0.0
38981,0.0
38982,0.0
38983,0.0
38984,0.0
38985,1.23381614685e-05
38986,0.000110864639282
38987,0.00013542175293
38988,0.000258684158325
38989,8.61883163452e-05
38990,0.000197052955627
38991,0.000221729278564
38992,0.000283241271973
38993,0.000123262405396
38994,7.39097595215e-05
38995,0.00017237663269
38996,0.0
38997,0.0
38998,0.0
38999,0.0
39000,0.0
39001,0.0
39002,0.0
39003,0.0
39004,1.23381614685e-05
39005,0.0
39006,6.16312026978e-05
39007,0.000209450721741
39008,0.000234127044678
39009,0.000258684158325
39010,0.00013542175293
39011,0.000283241271973
39012,0.0
39013,0.0
39014,0.0
39015,0.0
39016,4.92930412292e-05
39017,0.000320196151733
39018,0.00082540512085
39019,0.000504970550537
39020,0.000431060791016
39021,0.000221729278564
39022,0.000566482543945
39023,0.000504970550537
39024,0.000714302062988
39025,0.000468254089355
39026,0.000578880310059
39027,0.0010347366333
39028,0.0
39029,0.0
39030,0.0
39031,0.0
39032,0.000147819519043
39033,0.000209450721741
39034,0.000664710998535
39035,0.000973224639893
39036,0.000874519348145
39037,0.000529289245605
39038,0.00118255615234
39039,0.0014533996582
39040,0.000899314880371
39041,0.000320196151733
39042,0.000332355499268
39043,0.000493049621582
39044,0.0
39045,0.0
39046,0.0
39047,1.23381614685e-05
39048,2.46167182922e-05
39049,8.61883163452e-05
39050,0.000184774398804
39051,0.000258684158325
39052,0.000591278076172
39053,0.00109577178955
39054,0.00107097625732
39055,0.000406503677368
39056,4.92930412292e-05
39057,0.000431060791016
39058,0.000381708145142
39059,0.000701904296875
39060,0.0
39061,0.0
39062,0.0
39063,0.0
39064,3.69548797607e-05
39065,7.39097595215e-05
39066,0.000123262405396
39067,0.00013542175293
39068,0.000381708145142
39069,0.000283241271973
39070,0.000443458557129
39071,0.000664710998535
39072,0.00082540512085
39073,0.000911712646484
39074,0.000714302062988
39075,0.000541687011719
39076,0.0
39077,0.0
39078,0.0
39079,0.0
39080,0.0
39081,7.39097595215e-05
39082,0.000234127044678
39083,0.000493049621582
39084,0.000443458557129
39085,0.000813007354736
39086,0.000800609588623
39087,0.00140380859375
39088,0.00108337402344
39089,0.000936508178711
39090,0.00115776062012
39091,0.00119495391846
39092,0.0
39093,0.0
39094,0.0
39095,1.23381614685e-05
39096,0.0
39097,8.61883163452e-05
39098,0.000160098075867
39099,0.000394105911255
39100,0.000431060791016
39101,0.000381708145142
39102,0.000775814056396
39104,0.000320196151733
39105,0.000603675842285
39106,0.00108337402344
39107,0.00108337402344
39108,0.00141716003418
39109,0.0
39110,0.0
39111,0.0
39112,0.0
39113,0.0
39114,4.92930412292e-05
39115,0.000357151031494
39116,0.000332355499268
39117,0.000394105911255
39118,0.000775814056396
39119,0.000689506530762
39120,3.69548797607e-05
39121,0.000443458557129
39122,0.000246524810791
39123,0.000591278076172
39124,0.000258684158325
39125,0.0
39126,0.0
39127,0.0
39128,0.0
39129,4.92930412292e-05
39130,0.000369548797607
39131,2.46167182922e-05
39132,0.00013542175293
39133,0.000258684158325
39134,0.000197052955627
39135,0.000701904296875
39136,0.000714302062988
39137,0.00119495391846
39138,0.000813007354736
39139,0.00117015838623
39140,0.00169944763184
39141,0.0
39142,0.0
39143,0.0
39144,1.23381614685e-05
39145,0.000184774398804
39146,0.00065279006958
39147,9.85264778137e-05
39148,0.00065279006958
39149,0.000689506530762
39150,0.00082540512085
39151,0.000677108764648
39152,0.000529289245605
39153,0.000886917114258
39154,0.000369548797607
39155,0.000566482543945
39156,0.000160098075867
39157,0.0
39158,0.0
39159,0.0
39160,0.0
39161,0.0
39162,1.23381614685e-05
39163,0.0
39164,0.0
39165,6.16312026978e-05
39166,0.000246524810791
39167,0.000640392303467
39168,0.000258684158325
39169,0.000874519348145
39170,0.000234127044678
39171,0.000406503677368
39172,0.000627994537354
39173,0.0
39174,0.0
39175,0.0
39176,1.23381614685e-05
39177,0.0
39178,0.0
39179,4.92930412292e-05
39180,0.000184774398804
39181,2.46167182922e-05
39182,0.000616073608398
39183,0.000357151031494
39184,0.000418901443481
39185,0.000493049621582
39186,0.000455856323242
39187,0.000357151031494
39188,0.000209450721741
39189,0.0
39190,0.0
39191,0.0
39192,0.0
39193,1.23381614685e-05
39194,1.23381614685e-05
39195,1.23381614685e-05
39196,0.000246524810791
39197,0.000160098075867
39198,9.85264778137e-05
39199,0.000221729278564
39200,0.000406503677368
39201,0.000406503677368
39202,0.00013542175293
39203,0.00017237663269
39204,0.000394105911255
39205,0.0
39206,0.0
39207,0.0
39208,0.0
39209,0.0
39210,0.0
39211,2.46167182922e-05
39212,8.61883163452e-05
39213,0.00013542175293
39214,0.000209450721741
39215,0.000221729278564
39216,0.000332355499268
39217,0.000381708145142
39218,0.000529289245605
39219,0.000862121582031
39220,0.000886917114258
39221,0.0
39222,0.0
39223,0.0
39224,0.0
39225,0.0
39226,0.0
39227,7.39097595215e-05
39228,0.00013542175293
39229,0.000221729278564
39230,7.39097595215e-05
39231,9.85264778137e-05
39232,0.000209450721741
39233,6.16312026978e-05
39234,6.16312026978e-05
39235,0.00013542175293
39236,0.000308036804199
39237,0.0
39238,0.0
39239,0.0
39240,0.0
39241,0.0
39242,0.0
39243,1.23381614685e-05
39244,0.000295639038086
39245,0.000221729278564
39246,0.000332355499268
39247,0.000443458557129
39248,0.000332355499268
39249,0.000418901443481
39250,0.000123262405396
39251,0.000258684158325
39252,0.000394105911255
39253,0.0
39254,0.0
39255,0.0
39256,3.69548797607e-05
39257,0.000184774398804
39258,0.000160098075867
39259,3.69548797607e-05
39260,6.16312026978e-05
39261,6.16312026978e-05
39262,0.000147819519043
39263,0.000123262405396
39264,0.000246524810791
39265,0.000357151031494
39266,0.000591278076172
39267,0.000504970550537
39268,0.000221729278564
39269,0.0
39270,0.0
39271,0.0
39272,0.0
39273,0.0
39274,2.46167182922e-05
39275,4.92930412292e-05
39276,0.000184774398804
39277,0.000394105911255
39278,0.000295639038086
39279,0.000123262405396
39280,0.000394105911255
39281,0.000283241271973
39282,0.000714302062988
39283,0.000763416290283
39284,0.0012321472168
39285,0.0
39286,0.0
39287,0.0
39288,1.23381614685e-05
39289,0.0
39290,4.92930412292e-05
39291,0.000308036804199
39292,0.000529289245605
39293,0.000763416290283
39294,0.00155162811279
39295,0.00126838684082
39296,0.00110816955566
39297,0.000455856323242
39298,0.000234127044678
39299,0.000344753265381
39300,0.000849723815918
39301,0.0
39302,0.0
39303,0.0
39304,0.0
39305,0.0
39306,7.39097595215e-05
39307,0.000295639038086
39308,0.000578880310059
39309,0.000739097595215
39310,0.000578880310059
39311,0.000924110412598
39312,0.000886917114258
39313,0.00082540512085
39314,0.000739097595215
39315,0.000418901443481
39316,0.000578880310059
39317,0.0
39318,0.0
39319,0.0
39320,1.23381614685e-05
39321,3.69548797607e-05
39322,0.000209450721741
39323,0.000566482543945
39324,0.000714302062988
39325,0.000701904296875
39326,0.000529289245605
39327,0.00109577178955
39328,0.000578880310059
39329,0.000837802886963
39330,0.00147819519043
39331,0.000603675842285
39332,0.00146579742432
39333,0.0
39334,0.0
39335,0.0
39336,0.0
39337,1.23381614685e-05
39338,0.00013542175293
39339,8.61883163452e-05
39340,0.000295639038086
39341,0.000283241271973
39342,0.000381708145142
39343,0.000443458557129
39344,0.000381708145142
39345,0.00017237663269
39346,0.000357151031494
39347,0.000160098075867
39348,0.000295639038086
39349,0.0
39350,0.0
39351,0.0
39352,0.0
39353,1.23381614685e-05
39354,0.00017237663269
39355,0.000664710998535
39356,6.16312026978e-05
39357,0.000160098075867
39358,0.000468254089355
39359,0.000234127044678
39360,0.000308036804199
39361,0.000578880310059
39362,0.000616073608398
39363,0.000616073608398
39364,0.000677108764648
39365,0.0
39366,0.0
39367,0.0
39368,2.46167182922e-05
39369,0.000123262405396
39370,0.00013542175293
39371,0.000406503677368
39372,0.000541687011719
39373,0.000591278076172
39374,0.000406503677368
39375,0.000541687011719
39376,0.000997543334961
39377,0.00119495391846
39378,0.00129318237305
39379,0.00051736831665
39380,0.00162601470947
39381,0.0
39382,0.0
39383,0.0
39384,2.46167182922e-05
39385,0.000197052955627
39386,0.000332355499268
39387,0.000455856323242
39388,0.000578880310059
39389,0.000664710998535
39390,0.000874519348145
39391,0.000431060791016
39392,0.00150203704834
39393,0.00110816955566
39394,0.000493049621582
39395,0.00142860412598
39396,0.0014533996582
39397,0.0
39398,0.0
39399,0.0
39400,0.0
39401,0.0
39402,0.0
39403,0.0
39404,1.23381614685e-05
39405,1.23381614685e-05
39406,0.000110864639282
39407,0.0
39408,0.000110864639282
39409,0.00013542175293
39410,0.0
39411,9.85264778137e-05
39412,0.000320196151733
39413,0.0
39414,0.0
39415,0.0
39416,0.0
39417,0.0
39418,2.46167182922e-05
39419,0.0
39420,1.23381614685e-05
39421,1.23381614685e-05
39422,2.46167182922e-05
39423,8.61883163452e-05
39424,0.000431060791016
39425,0.000406503677368
39426,0.000394105911255
39427,0.000147819519043
39428,0.000357151031494
39429,0.0
39430,0.0
39431,0.0
39432,0.0
39433,0.0
39434,0.0
39435,0.0
39436,2.46167182922e-05
39437,3.69548797607e-05
39438,2.46167182922e-05
39439,9.85264778137e-05
39440,0.000246524810791
39441,0.000677108764648
39442,0.000677108764648
39443,0.000591278076172
39444,0.000948429107666
39445,0.0
39446,0.0
39447,0.0
39448,1.23381614685e-05
39449,2.46167182922e-05
39450,0.000209450721741
39451,0.000455856323242
39452,0.000578880310059
39453,0.000504970550537
39454,0.00132942199707
39455,0.00161266326904
39456,0.00192165374756
39457,0.00250053405762
39458,0.0020809173584
39459,0.00264739990234
39460,0.00234031677246
39461,0.0
39462,0.0
39463,0.0
39464,0.0
39465,0.0
39466,0.000123262405396
39467,0.000147819519043
39468,0.000147819519043
39469,0.000209450721741
39470,0.000110864639282
39471,0.000234127044678
39472,2.46167182922e-05
39473,8.61883163452e-05
39474,0.000320196151733
39475,0.000431060791016
39476,0.000418901443481
39477,0.0
39478,0.0
39479,0.0
39480,0.0
39481,2.46167182922e-05
39482,0.000110864639282
39483,0.000283241271973
39484,0.000283241271973
39485,0.000295639038086
39486,0.000221729278564
39487,0.000627994537354
39488,0.000418901443481
39489,0.000320196151733
39490,0.00017237663269
39491,0.000270843505859
39492,0.000270843505859
39493,0.0
39494,0.0
39495,0.0
39496,3.69548797607e-05
39497,0.0
39498,0.000147819519043
39499,0.000221729278564
39500,9.85264778137e-05
39501,9.85264778137e-05
39502,0.000357151031494
39503,0.000406503677368
39504,0.000541687011719
39505,0.000541687011719
39506,0.000924110412598
39507,0.000455856323242
39508,0.000344753265381
39509,0.0
39510,0.0
39511,0.0
39512,0.0
39513,0.0
39514,0.0
39515,4.92930412292e-05
39516,0.000197052955627
39517,0.000357151031494
39518,0.000603675842285
39519,0.00013542175293
39520,0.00048041343689
39521,0.000369548797607
39522,0.000418901443481
39523,0.000184774398804
39524,0.000504970550537
39525,0.0
39526,0.0
39527,0.0
39528,6.16312026978e-05
39529,7.39097595215e-05
39530,1.23381614685e-05
39531,1.23381614685e-05
39532,0.000110864639282
39533,0.000344753265381
39534,0.000221729278564
39535,0.000209450721741
39536,0.000344753265381
39537,0.000431060791016
39538,0.000554084777832
39539,0.000418901443481
39540,0.000541687011719
39541,0.0
39542,0.0
39543,0.0
39544,0.0
39545,1.23381614685e-05
39546,1.23381614685e-05
39547,0.000110864639282
39548,0.000123262405396
39549,3.69548797607e-05
39550,0.000197052955627
39551,0.000504970550537
39552,0.000295639038086
39553,0.00017237663269
39554,0.000578880310059
39555,0.000406503677368
39556,0.000578880310059
39557,0.0
39558,0.0
39559,0.0
39560,0.0
39561,0.0
39562,0.000184774398804
39563,0.000369548797607
39564,0.000554084777832
39565,0.000726699829102
39566,0.000234127044678
39567,0.000344753265381
39568,0.00065279006958
39569,0.000591278076172
39570,0.000221729278564
39571,0.000197052955627
39572,0.000320196151733
39573,0.0
39574,0.0
39575,0.0
39576,0.0
39577,0.0
39578,2.46167182922e-05
39579,2.46167182922e-05
39580,7.39097595215e-05
39581,6.16312026978e-05
39582,6.16312026978e-05
39583,4.92930412292e-05
39584,8.61883163452e-05
39585,0.000197052955627
39586,0.000283241271973
39587,0.000504970550537
39588,0.000160098075867
39589,0.0
39590,0.0
39591,0.0
39592,2.46167182922e-05
39593,2.46167182922e-05
39594,0.000295639038086
39595,0.00065279006958
39596,0.0013542175293
39597,0.00113296508789
39598,0.00182342529297
39599,0.00160121917725
39600,0.00158786773682
39601,0.00102233886719
39602,0.000357151031494
39603,0.000394105911255
39604,0.000986099243164
39605,0.0
39606,0.0
39607,0.0
39608,0.0
39609,3.69548797607e-05
39610,8.61883163452e-05
39611,0.000246524810791
39612,0.00048041343689
39613,0.000837802886963
39614,0.000578880310059
39615,0.000924110412598
39616,0.00112056732178
39617,0.00126838684082
39618,0.00105857849121
39619,0.00150203704834
39620,0.00125598907471
39621,0.0
39622,0.0
39623,0.0
39624,0.0
39625,0.0
39626,0.000123262405396
39627,0.00065279006958
39628,0.000714302062988
39629,0.00082540512085
39630,0.000837802886963
39631,0.000616073608398
39632,0.00121974945068
39633,0.00201988220215
39634,0.00227928161621
39635,0.00108337402344
39636,0.00177383422852
39637,0.0
39638,0.0
39639,0.0
39640,1.23381614685e-05
39641,0.0
39642,0.0
39643,0.0
39644,3.69548797607e-05
39645,0.000258684158325
39646,0.00017237663269
39647,0.000197052955627
39648,0.000591278076172
39649,0.000234127044678
39650,0.000394105911255
39651,0.000344753265381
39652,0.00051736831665
39653,0.0
39654,0.0
39655,0.0
39656,1.23381614685e-05
39657,8.61883163452e-05
39658,7.39097595215e-05
39659,0.000147819519043
39660,0.000209450721741
39661,0.000270843505859
39662,0.00013542175293
39663,0.000308036804199
39664,0.000529289245605
39665,0.000554084777832
39666,0.00051736831665
39667,0.000443458557129
39668,0.000504970550537
39669,0.0
39670,0.0
39671,0.0
39672,0.0
39673,4.92930412292e-05
39674,0.000283241271973
39675,0.000197052955627
39676,7.39097595215e-05
39677,1.23381614685e-05
39678,4.92930412292e-05
39679,6.16312026978e-05
39680,7.39097595215e-05
39681,0.00017237663269
39682,0.000160098075867
39683,0.000308036804199
39684,0.000603675842285
39685,0.0
39686,0.0
39687,0.0
39688,4.92930412292e-05
39689,6.16312026978e-05
39690,3.69548797607e-05
39691,0.000147819519043
39692,0.000320196151733
39693,0.000689506530762
39694,0.000603675842285
39695,0.000664710998535
39696,0.000677108764648
39697,0.00107097625732
39698,0.000640392303467
39699,0.000701904296875
39700,0.000603675842285
39701,0.0
39702,0.0
39703,0.0
39704,0.0
39705,7.39097595215e-05
39706,7.39097595215e-05
39707,0.00065279006958
39708,0.00146579742432
39709,0.000701904296875
39710,0.000627994537354
39711,0.000899314880371
39712,0.000726699829102
39713,0.00065279006958
39714,0.000874519348145
39715,6.16312026978e-05
39716,0.00013542175293
39717,0.0
39718,0.0
39719,0.0
39720,0.0
39721,0.0
39722,0.0
39723,1.23381614685e-05
39724,2.46167182922e-05
39725,9.85264778137e-05
39726,9.85264778137e-05
39727,0.000160098075867
39728,0.00013542175293
39729,3.69548797607e-05
39730,0.000270843505859
39731,0.000468254089355
39732,0.000640392303467
39733,0.0
39734,0.0
39735,0.0
39736,0.0
39737,0.000147819519043
39738,0.000110864639282
39739,0.000308036804199
39740,0.000369548797607
39741,2.46167182922e-05
39742,4.92930412292e-05
39743,0.0
39744,0.000147819519043
39745,4.92930412292e-05
39746,0.000160098075867
39747,0.000147819519043
39748,0.000332355499268
39749,0.0
39750,0.0
39751,0.0
39752,2.46167182922e-05
39753,0.000394105911255
39754,0.000418901443481
39755,0.00075101852417
39756,8.61883163452e-05
39757,9.85264778137e-05
39758,0.000209450721741
39759,0.000332355499268
39760,0.000221729278564
39761,3.69548797607e-05
39762,0.000344753265381
39763,0.000332355499268
39764,0.000209450721741
39765,0.0
39766,0.0
39767,0.0
39768,0.0
39769,0.0
39770,6.16312026978e-05
39771,8.61883163452e-05
39772,7.39097595215e-05
39773,0.000221729278564
39774,0.000184774398804
39775,0.000197052955627
39776,0.000344753265381
39777,0.000493049621582
39778,0.000381708145142
39779,0.000603675842285
39780,0.000616073608398
39781,0.0
39782,0.0
39783,0.0
39784,1.23381614685e-05
39785,3.69548797607e-05
39786,0.000110864639282
39787,0.00013542175293
39788,0.000246524810791
39789,0.000332355499268
39790,9.85264778137e-05
39791,0.000246524810791
39792,0.000455856323242
39793,0.000640392303467
39794,0.000886917114258
39795,0.000554084777832
39796,0.00147819519043
39797,0.0
39798,0.0
39799,0.0
39800,0.0
39801,0.0
39802,3.69548797607e-05
39803,0.00048041343689
39804,0.00108337402344
39805,0.000800609588623
39806,0.000886917114258
39807,0.001145362854
39808,0.00120735168457
39809,0.00112056732178
39810,0.000874519348145
39811,0.00100994110107
39812,0.00100994110107
39813,0.0
39814,0.0
39815,0.0
39816,1.23381614685e-05
39817,9.85264778137e-05
39818,8.61883163452e-05
39819,0.000184774398804
39820,0.000123262405396
39821,0.000246524810791
39822,0.000221729278564
39823,0.000197052955627
39824,8.61883163452e-05
39825,0.000234127044678
39826,7.39097595215e-05
39827,0.000234127044678
39828,0.000234127044678
39829,0.0
39830,0.0
39831,0.0
39832,3.69548797607e-05
39833,4.92930412292e-05
39834,0.000123262405396
39835,2.46167182922e-05
39836,7.39097595215e-05
39837,0.000160098075867
39838,0.000320196151733
39839,0.000160098075867
39840,8.61883163452e-05
39841,0.000209450721741
39842,0.000160098075867
39843,0.000640392303467
39844,0.000369548797607
39845,0.0
39846,0.0
39847,0.0
39848,0.0
39849,6.16312026978e-05
39850,2.46167182922e-05
39851,4.92930412292e-05
39852,0.000123262405396
39853,0.000234127044678
39854,0.00013542175293
39855,9.85264778137e-05
39856,0.000147819519043
39857,4.92930412292e-05
39858,2.46167182922e-05
39859,0.000234127044678
39860,0.000529289245605
39861,0.0
39862,0.0
39863,0.0
39864,0.0
39865,0.0
39866,0.0
39867,1.23381614685e-05
39868,0.0
39869,0.0
39870,4.92930412292e-05
39871,2.46167182922e-05
39872,2.46167182922e-05
39873,3.69548797607e-05
39874,0.00013542175293
39875,0.000221729278564
39876,0.000320196151733
39877,0.0
39878,0.0
39879,0.0
39880,0.0
39881,0.0
76637,6.16312026978e-05
76638,0.000308036804199
76640,0.000320196151733
76641,0.000394105911255
76642,0.000308036804199
76643,0.000357151031494
76644,0.00051736831665
76645,0.0
76646,0.0
76647,0.0
76648,0.0
76649,0.0
76650,9.85264778137e-05
76651,6.16312026978e-05
76652,0.000147819519043
76653,0.00013542175293
76654,0.000369548797607
76655,0.000209450721741
76656,0.000197052955627
76657,0.000197052955627
76658,8.61883163452e-05
76659,0.000209450721741
76660,0.000209450721741
76661,0.0
76662,0.0
76663,0.0
76664,0.0
76665,0.0
76666,1.23381614685e-05
76667,3.69548797607e-05
76668,3.69548797607e-05
76669,8.61883163452e-05
76670,8.61883163452e-05
76671,8.61883163452e-05
76672,0.000123262405396
76673,0.000197052955627
76674,0.000123262405396
76675,0.000184774398804
76676,0.000160098075867
76677,0.0
76678,0.0
76679,0.0
76680,0.0
76681,0.0
76682,0.0
76683,2.46167182922e-05
76684,1.23381614685e-05
76685,1.23381614685e-05
76686,0.000197052955627
76687,0.000357151031494
76688,0.000381708145142
76689,0.000381708145142
76690,3.69548797607e-05
76691,0.000344753265381
76692,0.000455856323242
76693,0.0
76694,0.0
76695,0.0
76696,0.0
76697,0.0
76698,1.23381614685e-05
76699,7.39097595215e-05
76700,0.000160098075867
76701,0.0
76702,9.85264778137e-05
76703,7.39097595215e-05
76704,0.000110864639282
76705,0.000406503677368
76706,0.000468254089355
76707,0.000616073608398
76708,0.00125598907471
76709,0.0
76710,0.0
76711,0.0
76712,0.0
76713,0.0
76714,0.0
76715,0.0
76716,0.0
76717,0.0
76718,2.46167182922e-05
76719,0.000209450721741
76720,0.000283241271973
76721,0.000283241271973
76722,0.000616073608398
76723,0.000664710998535
76724,0.000616073608398
76725,0.0
76726,0.0
76727,0.0
76728,0.0
76729,0.0
76730,1.23381614685e-05
76731,3.69548797607e-05
76732,8.61883163452e-05
76733,0.000270843505859
76734,0.000332355499268
76735,0.000468254089355
76736,0.000418901443481
76737,0.000739097595215
76738,0.00109577178955
76739,0.00078821182251
76740,0.00075101852417
76741,0.0
76742,0.0
76743,0.0
76744,0.0
76745,0.0
76746,3.69548797607e-05
76747,1.23381614685e-05
76748,1.23381614685e-05
76749,2.46167182922e-05
76750,1.23381614685e-05
76751,9.85264778137e-05
76752,0.000123262405396
76753,0.000209450721741
76754,9.85264778137e-05
76755,8.61883163452e-05
76756,8.61883163452e-05
76757,0.0
76758,0.0
76759,0.0
76760,0.0
76761,0.0
76762,2.46167182922e-05
76763,4.92930412292e-05
76764,0.0
76765,3.69548797607e-05
76766,4.92930412292e-05
76767,6.16312026978e-05
76768,0.000123262405396
76769,0.00013542175293
76770,0.00017237663269
76771,0.000246524810791
76772,0.000332355499268
76773,0.0
76774,0.0
76775,0.0
76776,0.0
76777,0.0
76778,0.0
76779,0.0
76780,0.0
76781,0.0
76782,0.0
76783,1.23381614685e-05
76784,8.61883163452e-05
76785,7.39097595215e-05
76786,0.000123262405396
76787,0.000234127044678
76788,0.000258684158325
76789,0.0
76790,0.0
76791,0.0
76792,0.0
76793,0.0
76794,0.0
76795,0.0
76796,0.0
76797,6.16312026978e-05
76798,0.000110864639282
76799,0.000295639038086
76800,0.000418901443481
76801,7.39097595215e-05
76802,0.00017237663269
76803,0.000246524810791
76804,0.000234127044678
76805,0.0
76806,0.0
76807,0.0
76808,0.0
76809,0.0
76810,0.000110864639282
76811,0.000357151031494
76812,0.000578880310059
76813,0.000726699829102
76814,0.000418901443481
76815,0.000689506530762
76816,0.000295639038086
76817,0.000344753265381
76818,0.000123262405396
76819,0.000591278076172
76820,2.46167182922e-05
76821,0.0
76822,0.0
76823,0.0
76824,2.46167182922e-05
76825,2.46167182922e-05
76826,1.23381614685e-05
76827,0.000147819519043
76828,0.000160098075867
76829,0.000541687011719
76830,0.000603675842285
76831,0.00118255615234
76832,0.000936508178711
76833,0.00104713439941
76834,0.00120735168457
76835,0.000529289245605
76836,0.00104713439941
76837,0.0
76838,0.0
76839,0.0
76840,0.0
76841,1.23381614685e-05
76842,3.69548797607e-05
76843,0.00013542175293
76844,8.61883163452e-05
76845,0.000234127044678
76846,0.000541687011719
76847,0.000726699829102
76848,0.000763416290283
76849,0.000664710998535
76850,0.000886917114258
76851,0.000578880310059
76852,0.00082540512085
76853,0.0
76854,0.0
76855,0.0
76856,3.69548797607e-05
76857,8.61883163452e-05
76858,8.61883163452e-05
76859,0.0
76860,1.23381614685e-05
76861,0.000110864639282
76862,0.0
76863,4.92930412292e-05
76864,8.61883163452e-05
76865,0.000184774398804
76866,0.000283241271973
76867,0.000160098075867
76868,0.000283241271973
76869,0.0
76870,0.0
76871,0.0
76872,0.0
76873,0.0
76874,0.0
76875,0.0
76876,1.23381614685e-05
76877,0.000147819519043
76878,0.000147819519043
76879,0.00048041343689
76880,0.000468254089355
76881,0.000270843505859
76882,0.000221729278564
76883,0.000184774398804
76884,0.000209450721741
76885,0.0
76886,0.0
76887,0.0
76888,0.0
76889,0.0
76890,0.0
76891,0.0
76892,0.0
76893,0.0
76894,6.16312026978e-05
76895,0.000209450721741
76896,0.000308036804199
76897,0.000406503677368
76898,0.000468254089355
76899,0.000357151031494
76900,0.00048041343689
76901,0.0
76902,0.0
76903,0.0
76904,0.0
76905,0.0
76906,0.0
76907,2.46167182922e-05
76908,0.0
76909,0.000147819519043
76910,0.000147819519043
76911,0.000468254089355
76912,0.000431060791016
76913,0.000800609588623
76914,0.000616073608398
76915,0.000775814056396
76916,0.00118255615234
76917,0.0
76918,0.0
76919,0.0
76920,0.0
76921,0.0
76922,0.0
76923,0.0
76924,0.0
76925,7.39097595215e-05
76926,0.000197052955627
76927,0.000147819519043
76928,2.46167182922e-05
76929,0.000123262405396
76930,0.000197052955627
76931,0.000283241271973
76932,0.000308036804199
76933,0.0
76934,0.0
76935,0.0
76936,0.0
76937,0.0
76938,0.0
76939,1.23381614685e-05
76940,1.23381614685e-05
76941,0.00013542175293
76942,6.16312026978e-05
76943,0.000344753265381
76944,1.23381614685e-05
76945,1.23381614685e-05
76946,0.000123262405396
76947,0.000110864639282
76948,0.000160098075867
76949,0.0
76950,0.0
76951,0.0
76952,0.0
76953,1.23381614685e-05
76954,3.69548797607e-05
76955,0.00013542175293
76956,0.000406503677368
76957,0.000591278076172
76958,0.00075101852417
76959,0.00082540512085
76960,0.00142860412598
76961,0.00139236450195
76962,0.00110816955566
76963,0.000986099243164
76964,0.00149059295654
76965,0.0
76966,0.0
76967,0.0
76968,0.0
76969,0.0
76970,0.0
76971,0.0
76972,0.0
76973,0.0
76974,0.0
76975,6.16312026978e-05
76976,0.000295639038086
76977,0.000357151031494
76978,0.000295639038086
76979,0.000455856323242
76980,0.000270843505859
76981,0.0
76982,0.0
76983,0.0
76984,0.0
76985,2.46167182922e-05
76986,2.46167182922e-05
76987,1.23381614685e-05
76988,4.92930412292e-05
76989,0.000283241271973
76990,1.23381614685e-05
76991,4.92930412292e-05
76992,0.000123262405396
76993,9.85264778137e-05
76994,0.000209450721741
76995,0.000332355499268
76996,0.000468254089355
76997,0.0
76998,0.0
76999,0.0
77000,0.0
77001,2.46167182922e-05
77002,0.000123262405396
77003,0.000234127044678
77004,0.000270843505859
77005,0.00017237663269
77006,0.000258684158325
77007,0.000147819519043
77008,0.000295639038086
77009,0.000258684158325
77010,0.000234127044678
77011,0.000308036804199
77012,0.000381708145142
77013,0.0
77014,0.0
77015,0.0
77016,0.0
77017,0.0
77018,0.0
77019,0.0
77020,0.0
77021,2.46167182922e-05
77022,1.23381614685e-05
77023,1.23381614685e-05
77024,0.000147819519043
77025,4.92930412292e-05
77026,0.000147819519043
77027,0.000369548797607
77028,0.000455856323242
77029,0.0
77030,0.0
77031,0.0
77032,0.0
77033,0.0
77034,0.0
77035,0.0
77036,0.0
77037,4.92930412292e-05
77038,4.92930412292e-05
77039,9.85264778137e-05
77040,0.000308036804199
77041,0.000110864639282
77042,0.000332355499268
77043,0.000295639038086
77044,0.000221729278564
77045,0.0
77046,0.0
77047,0.0
77048,0.0
77049,0.0
77050,3.69548797607e-05
77051,0.000110864639282
77052,0.00013542175293
77053,7.39097595215e-05
77054,0.00017237663269
77055,0.000184774398804
77056,0.000209450721741
77057,0.000431060791016
77058,0.000246524810791
77059,0.000147819519043
77060,0.000123262405396
77061,0.0
77062,0.0
77063,0.0
77064,0.0
77065,6.16312026978e-05
77066,0.000147819519043
77067,0.000234127044678
77068,0.000357151031494
77069,0.00051736831665
77070,0.000344753265381
77071,0.000406503677368
77072,0.000406503677368
77073,0.000283241271973
77074,0.000591278076172
77075,0.000886917114258
77076,0.000344753265381
77077,0.0
77078,0.0
77079,0.0
77080,0.0
77081,0.0
77082,2.46167182922e-05
77083,0.000123262405396
77084,0.000184774398804
77085,0.000739097595215
77086,0.000714302062988
77087,0.000616073608398
77088,0.000443458557129
77089,0.000357151031494
77090,0.000578880310059
77091,0.000578880310059
77092,0.000221729278564
77093,0.0
77094,0.0
77095,0.0
77096,0.0
77097,0.0
77098,2.46167182922e-05
77099,0.000123262405396
77100,0.000308036804199
77101,0.000357151031494
77102,0.000468254089355
77103,0.000381708145142
77104,0.000246524810791
77105,0.000627994537354
77106,0.000197052955627
77107,0.000381708145142
77108,0.000418901443481
77109,0.0
77110,0.0
77111,0.0
77112,0.0
77113,0.0
77114,0.0
77115,0.0
77116,7.39097595215e-05
77117,0.000295639038086
77118,0.000468254089355
77119,0.000418901443481
77120,0.000455856323242
77121,0.000160098075867
77122,0.000283241271973
77123,0.000270843505859
77124,0.00017237663269
77125,0.0
77126,0.0
77127,0.0
77128,0.0
77129,0.0
77130,1.23381614685e-05
77131,2.46167182922e-05
77132,4.92930412292e-05
77133,0.00013542175293
77134,0.000197052955627
77135,8.61883163452e-05
77136,0.000308036804199
77137,0.000147819519043
77138,0.000283241271973
77139,0.000147819519043
77140,0.000209450721741
77141,0.0
77142,0.0
77143,0.0
77144,0.0
77145,0.0
77146,0.0
77147,0.0
77148,0.0
77149,1.23381614685e-05
77150,6.16312026978e-05
77151,3.69548797607e-05
77152,0.00013542175293
77153,0.000110864639282
77154,8.61883163452e-05
77155,0.000184774398804
77156,0.000184774398804
77157,0.0
77158,0.0
77159,0.0
77160,0.0
77161,0.0
77162,0.0
77163,0.0
77164,1.23381614685e-05
77165,2.46167182922e-05
77166,6.16312026978e-05
77167,0.000184774398804
77168,0.000123262405396
77169,0.000443458557129
77170,0.000664710998535
77171,0.000775814056396
77172,0.000283241271973
77173,0.0
77174,0.0
77175,0.0
77176,0.0
77177,0.0
77178,0.0
77179,3.69548797607e-05
77180,0.000283241271973
77181,0.000529289245605
77182,0.000616073608398
77183,0.000664710998535
77184,0.00118255615234
77185,0.00124454498291
77186,0.000357151031494
77187,0.000184774398804
77188,0.000394105911255
77189,0.0
77190,0.0
77191,0.0
77192,0.000110864639282
77193,0.000283241271973
77194,0.000209450721741
77195,0.000455856323242
77196,0.00051736831665
77197,0.000443458557129
77198,0.000234127044678
77199,0.000110864639282
77200,0.000234127044678
77201,1.23381614685e-05
77202,8.61883163452e-05
77203,0.0
77204,0.0
77205,0.0
77206,0.0
77207,0.0
77208,0.0
77209,0.0
77210,1.23381614685e-05
77211,0.0
77212,7.39097595215e-05
77213,0.00013542175293
77214,4.92930412292e-05
77215,0.00013542175293
77216,0.000234127044678
77217,0.000221729278564
77218,0.000308036804199
77219,0.000468254089355
77220,0.000493049621582
77221,0.0
77222,0.0
77223,0.0
77224,2.46167182922e-05
77225,6.16312026978e-05
77226,7.39097595215e-05
77227,0.0
77228,0.0
77229,0.0
77230,1.23381614685e-05
77231,1.23381614685e-05
77232,8.61883163452e-05
77233,0.000234127044678
77234,0.000320196151733
77235,0.000455856323242
77236,9.85264778137e-05
77237,0.0
77238,0.0
77239,0.0
77240,0.0
77241,0.0
77242,0.0
77243,3.69548797607e-05
77244,4.92930412292e-05
77245,6.16312026978e-05
77246,0.000209450721741
77247,0.000283241271973
77248,0.000246524810791
77249,0.000246524810791
77250,3.69548797607e-05
77251,0.000283241271973
77252,0.000209450721741
77253,0.0
77254,0.0
77255,0.0
77256,0.0
77257,0.0
77258,0.0
77259,0.0
77260,3.69548797607e-05
77261,1.23381614685e-05
77262,0.0
77263,0.0
77264,2.46167182922e-05
77265,4.92930412292e-05
77266,6.16312026978e-05
77267,9.85264778137e-05
77268,0.00013542175293
77269,0.0
77270,0.0
77271,0.0
77272,0.0
77273,0.0
77274,1.23381614685e-05
77275,1.23381614685e-05
77276,1.23381614685e-05
77277,4.92930412292e-05
77278,0.000184774398804
77279,3.69548797607e-05
77280,8.61883163452e-05
77281,0.000209450721741
77282,8.61883163452e-05
77283,8.61883163452e-05
77284,0.000160098075867
77285,0.0
77286,0.0
77287,0.0
77288,0.0
77289,1.23381614685e-05
77290,0.0
77291,1.23381614685e-05
77292,0.000123262405396
77293,3.69548797607e-05
77294,9.85264778137e-05
77295,0.000344753265381
77296,0.00051736831665
77297,0.000234127044678
77298,8.61883163452e-05
77299,0.00013542175293
77300,0.000221729278564
77301,0.0
77302,0.0
77303,0.0
77304,0.0
77305,4.92930412292e-05
77306,0.00017237663269
77307,0.000443458557129
77308,0.00065279006958
77309,0.000640392303467
77310,0.00051736831665
77311,0.000578880310059
77312,0.000566482543945
77313,0.000701904296875
77314,0.000270843505859
77315,0.000184774398804
77316,0.000874519348145
77317,0.0
77318,0.0
77319,0.0
77320,0.0
77321,6.16312026978e-05
77322,0.000209450721741
77323,0.000320196151733
77324,0.000394105911255
77325,0.000616073608398
77326,0.00121974945068
77327,0.00177383422852
77328,0.0013542175293
77329,0.001145362854
77330,0.00082540512085
77331,0.000689506530762
77332,0.00131797790527
77333,0.0
77334,0.0
77335,0.0
77336,0.0
77337,0.0
77338,0.000160098075867
77339,6.16312026978e-05
77340,2.46167182922e-05
77341,8.61883163452e-05
77342,0.000221729278564
77343,0.000308036804199
77344,0.000246524810791
77345,0.000221729278564
77346,0.000258684158325
77347,0.000344753265381
77348,0.000221729278564
77349,0.0
77350,0.0
77351,0.0
77352,2.46167182922e-05
77353,4.92930412292e-05
77354,0.000160098075867
77355,0.000283241271973
77356,0.000221729278564
77357,0.000234127044678
77358,0.000234127044678
77359,0.000270843505859
77360,0.000320196151733
77361,0.000394105911255
77362,0.000455856323242
77363,0.000726699829102
77364,0.000418901443481
77365,0.0
77366,0.0
77367,0.0
77368,1.23381614685e-05
77369,8.61883163452e-05
77370,4.92930412292e-05
77371,0.000246524810791
77372,0.000308036804199
77373,0.000258684158325
77374,0.000209450721741
77375,0.000295639038086
77376,0.000110864639282
77377,0.000308036804199
77378,0.000234127044678
77379,0.00013542175293
77380,0.000332355499268
77381,0.0
77382,0.0
77383,0.0
77384,0.0
77385,0.0
77386,0.0
77387,1.23381614685e-05
77388,0.0
77389,4.92930412292e-05
77390,8.61883163452e-05
77391,3.69548797607e-05
77392,0.000160098075867
77393,0.00013542175293
77394,0.000209450721741
77395,4.92930412292e-05
77396,0.000209450721741
77397,0.0
77398,0.0
77399,0.0
77400,0.0
77401,0.0
77402,0.0
77403,2.46167182922e-05
77404,0.000209450721741
77405,0.000627994537354
77406,0.000924110412598
77407,0.00048041343689
77408,0.000837802886963
77409,0.00155162811279
77410,0.00189685821533
77411,0.00189685821533
77412,0.00128078460693
77413,0.0
77414,0.0
77415,0.0
77416,0.0
77417,0.0
77418,1.23381614685e-05
77419,3.69548797607e-05
77420,7.39097595215e-05
77422,0.000160098075867
77423,0.000246524810791
77424,0.000578880310059
77425,0.000689506530762
77426,0.000726699829102
77427,0.00082540512085
77428,0.000455856323242
77429,0.000468254089355
77430,0.0
77431,0.0
77432,0.0
77433,0.0
77434,0.0
77435,4.92930412292e-05
77436,0.0
77437,1.23381614685e-05
77438,0.00013542175293
77439,0.000221729278564
77440,0.000221729278564
77441,0.000369548797607
77442,0.000418901443481
77443,0.000627994537354
77444,0.000775814056396
77445,0.000874519348145
77446,0.0
77447,0.0
77448,0.0
77449,0.0
77450,2.46167182922e-05
77451,2.46167182922e-05
77452,0.0
77453,3.69548797607e-05
77454,7.39097595215e-05
77455,0.000455856323242
77456,0.00137901306152
77457,0.00100994110107
77458,0.000911712646484
77459,0.000997543334961
77460,0.000541687011719
77461,0.00118255615234
77462,0.0
77463,0.0
77464,0.0
77465,0.0
77466,0.0
77467,0.000147819519043
77468,0.000234127044678
77469,9.85264778137e-05
77470,0.0
77471,0.0
77472,3.69548797607e-05
77473,6.16312026978e-05
77474,0.0
77475,0.000209450721741
77476,0.000209450721741
77477,0.00051736831665
77478,0.0
77479,0.0
77480,0.0
77481,4.92930412292e-05
77482,0.000160098075867
77483,1.23381614685e-05
77484,1.23381614685e-05
77485,4.92930412292e-05
77486,0.0
77487,8.61883163452e-05
77488,1.23381614685e-05
77489,0.0
77490,6.16312026978e-05
77491,0.0
77492,6.16312026978e-05
77493,0.000209450721741
77494,0.0
77495,0.0
77496,0.0
77497,0.0
77498,0.0
77499,6.16312026978e-05
77500,0.000270843505859
77501,0.000295639038086
77502,0.000283241271973
77503,0.000221729278564
77504,0.000406503677368
77505,0.000455856323242
77506,0.000627994537354
77507,0.000147819519043
77508,0.000221729278564
77509,9.85264778137e-05
77510,0.0
77511,0.0
77512,0.0
77513,0.0
77514,0.0
77515,0.0
77516,1.23381614685e-05
77517,2.46167182922e-05
77518,4.92930412292e-05
77519,1.23381614685e-05
77520,7.39097595215e-05
77521,2.46167182922e-05
77522,9.85264778137e-05
77523,0.00013542175293
77524,0.000110864639282
77525,0.00013542175293
77526,0.0
77527,0.0
77528,0.0
77529,0.0
77530,0.0
77531,0.0
77532,0.0
77533,2.46167182922e-05
77534,0.000110864639282
77535,0.000320196151733
77536,0.000431060791016
77537,0.000184774398804
77538,0.000504970550537
77539,0.00075101852417
77540,0.00169944763184
77541,0.00194644927979
77542,0.0
77543,0.0
77544,0.0
77545,0.0
77546,2.46167182922e-05
77547,0.000270843505859
77548,0.000320196151733
77549,0.000221729278564
77550,1.23381614685e-05
77551,3.69548797607e-05
77552,3.69548797607e-05
77553,6.16312026978e-05
77554,0.00013542175293
77555,0.000320196151733
77556,0.000455856323242
77557,0.000443458557129
77558,0.0
77559,0.0
77560,0.0
77561,0.0
77562,8.61883163452e-05
77563,0.0
77564,8.61883163452e-05
77565,4.92930412292e-05
77566,3.69548797607e-05
77567,0.00017237663269
77568,0.000529289245605
77569,0.000332355499268
77570,0.000431060791016
77571,0.000431060791016
77572,0.000197052955627
77573,0.000418901443481
77574,0.0
77575,0.0
77576,0.0
77577,0.0
77578,0.0
77579,0.0
77580,3.69548797607e-05
77581,0.0
77582,1.23381614685e-05
77583,0.000270843505859
77584,0.000541687011719
77585,6.16312026978e-05
77586,0.000110864639282
77587,8.61883163452e-05
77588,0.000295639038086
77589,0.000775814056396
77590,0.0
77591,0.0
77592,0.0
77593,0.0
77594,0.0
77595,0.0
77596,6.16312026978e-05
77597,3.69548797607e-05
77598,0.000147819519043
77599,0.000332355499268
77600,2.46167182922e-05
77601,0.00013542175293
77602,0.000184774398804
77603,0.000283241271973
77604,0.000394105911255
77605,0.000726699829102
77606,0.0
77607,0.0
77608,0.0
77609,0.0
77610,0.0
77611,0.000160098075867
77612,0.0
77613,7.39097595215e-05
77614,1.23381614685e-05
77615,0.000184774398804
77616,0.000332355499268
77617,0.000493049621582
77618,0.00104713439941
77619,0.000924110412598
77620,0.001145362854
77621,0.000418901443481
77622,0.0
77623,0.0
77624,0.0
77625,0.0
77626,8.61883163452e-05
77627,0.000147819519043
77628,0.000455856323242
77629,0.000504970550537
77630,0.00075101852417
77631,0.0013542175293
77632,0.00110816955566
77633,0.00100994110107
77634,0.00115776062012
77635,0.00108337402344
77636,0.000504970550537
77637,0.000418901443481
77638,0.0
77639,0.0
77640,0.0
77641,0.0
77642,0.0
77643,0.0
77644,1.23381614685e-05
77645,1.23381614685e-05
77646,4.92930412292e-05
77647,0.000197052955627
77648,0.000357151031494
77649,0.000541687011719
77650,0.000283241271973
77651,0.000775814056396
77652,0.00051736831665
77653,0.00102233886719
77654,0.0
77655,0.0
77656,0.0
77657,0.0
77658,0.0
77659,0.0
77660,0.0
77661,1.23381614685e-05
77662,2.46167182922e-05
77663,0.000110864639282
77664,8.61883163452e-05
77665,0.000160098075867
77666,0.000221729278564
77667,0.00017237663269
77668,4.92930412292e-05
77669,0.000234127044678
77670,0.0
77671,0.0
77672,0.0
77673,0.0
77674,0.0
77675,0.0
77676,2.46167182922e-05
77677,2.46167182922e-05
77678,1.23381614685e-05
77679,0.000197052955627
77680,0.000184774398804
77681,0.00017237663269
77682,0.00013542175293
77683,0.000234127044678
77684,0.000320196151733
77685,4.92930412292e-05
77686,0.0
77687,0.0
77688,0.0
77689,0.0
77690,0.0
77691,0.0
77692,2.46167182922e-05
77693,0.0
77694,0.0
77695,2.46167182922e-05
77696,1.23381614685e-05
77697,0.00013542175293
77698,0.000320196151733
77699,0.000160098075867
77700,0.000308036804199
77701,0.000332355499268
77702,0.0
77703,0.0
77704,0.0
77705,0.0
77706,0.0
77707,0.0
77708,0.0
77709,1.23381614685e-05
77710,2.46167182922e-05
77711,0.00013542175293
77712,0.000197052955627
77713,0.000234127044678
77714,0.000110864639282
77715,0.000184774398804
77716,4.92930412292e-05
77717,4.92930412292e-05
77718,0.0
77719,0.0
77720,0.0
77721,0.0
77722,3.69548797607e-05
77723,0.000123262405396
77724,7.39097595215e-05
77725,0.000258684158325
77726,6.16312026978e-05
77727,0.0
77728,2.46167182922e-05
77729,0.00013542175293
77730,0.000147819519043
77731,0.000123262405396
77732,3.69548797607e-05
77733,7.39097595215e-05
77734,0.0
77735,0.0
77736,0.0
77737,0.0
77738,0.0
77739,0.0
77740,0.0
77741,0.0
77742,3.69548797607e-05
77743,0.000184774398804
77744,0.0
77745,3.69548797607e-05
77746,0.0
77747,4.92930412292e-05
77748,4.92930412292e-05
77749,6.16312026978e-05
77750,0.0
77751,0.0
77752,0.0
77753,0.0
77754,0.0
77755,2.46167182922e-05
77756,4.92930412292e-05
77757,0.000110864639282
77758,0.000147819519043
77759,0.000110864639282
77760,0.000295639038086
77761,0.000221729278564
77762,0.000246524810791
77763,0.000258684158325
77764,0.000394105911255
77765,0.000763416290283
77766,0.0
77767,0.0
77768,0.0
77769,0.0
77770,0.0
77771,0.0
77772,0.0
77773,0.0
77774,1.23381614685e-05
77775,0.000184774398804
77776,0.000308036804199
77777,0.000270843505859
77778,0.000283241271973
77779,0.000443458557129
77780,0.000493049621582
77781,0.000566482543945
77782,0.0
77783,0.0
77784,0.0
77785,1.23381614685e-05
77786,0.0
77787,0.0
77788,4.92930412292e-05
77789,8.61883163452e-05
77790,0.000184774398804
77791,0.00017237663269
77792,0.000258684158325
77793,0.000381708145142
77794,0.000493049621582
77795,0.00110816955566
77796,0.00104713439941
77797,0.000997543334961
77798,0.0
77799,0.0
77800,0.0
77801,0.0
77802,0.0
77803,4.92930412292e-05
77804,1.23381614685e-05
77805,0.000197052955627
77806,0.000357151031494
77807,0.000886917114258
77808,0.00048041343689
77809,0.00078821182251
77810,0.00128078460693
77811,0.00112056732178
77812,0.00152683258057
77813,0.000664710998535
77814,0.0
77815,0.0
77816,0.0
77817,0.0
77818,0.0
77819,7.39097595215e-05
77820,0.000295639038086
77821,0.000320196151733
77822,0.000357151031494
77823,0.000147819519043
77824,0.000529289245605
77825,0.000529289245605
77826,0.000493049621582
77827,0.000394105911255
77828,0.000344753265381
77829,0.000603675842285
77830,0.0
77831,0.0
77832,0.0
77833,1.23381614685e-05
77834,2.46167182922e-05
77835,2.46167182922e-05
77836,3.69548797607e-05
77837,3.69548797607e-05
77838,7.39097595215e-05
77839,0.0
77840,0.0
77841,0.000147819519043
77842,0.000209450721741
77843,7.39097595215e-05
77844,0.000209450721741
77845,0.000221729278564
77846,0.0
77847,0.0
77848,0.0
77849,0.0
77850,0.0
77851,0.0
77852,1.23381614685e-05
77853,3.69548797607e-05
77854,3.69548797607e-05
77855,0.000184774398804
77856,7.39097595215e-05
77857,3.69548797607e-05
77858,6.16312026978e-05
77859,0.000308036804199
77860,0.000283241271973
77861,0.000184774398804
77862,0.0
77863,0.0
77864,0.0
77865,0.0
77866,0.0
77867,0.0
77868,3.69548797607e-05
77869,2.46167182922e-05
77870,8.61883163452e-05
77871,4.92930412292e-05
77872,3.69548797607e-05
77873,1.23381614685e-05
77874,6.16312026978e-05
77875,1.23381614685e-05
77876,9.85264778137e-05
77877,0.000184774398804
77878,0.0
77879,0.0
77880,0.0
77881,0.0
77882,0.0
77883,0.0
77884,4.92930412292e-05
77885,0.0
77886,1.23381614685e-05
77887,0.00017237663269
77888,0.000381708145142
77889,0.00048041343689
77890,0.00051736831665
77891,0.000640392303467
77892,0.000936508178711
77893,0.00104713439941
77894,0.0
77895,0.0
77896,0.0
77897,0.0
77898,0.0
77899,0.0
77900,0.0
77901,8.61883163452e-05
77902,0.000344753265381
77903,0.000394105911255
77904,0.000344753265381
77905,0.000714302062988
77906,0.000763416290283
77907,0.000578880310059
77908,0.000468254089355
77909,0.000332355499268
77910,0.0
77911,0.0
77912,0.0
77913,0.0
77914,4.92930412292e-05
77915,0.000209450721741
77916,2.46167182922e-05
77917,7.39097595215e-05
77918,0.000110864639282
77919,0.000640392303467
77920,0.00048041343689
77921,0.00119495391846
77922,0.00102233886719
77923,0.00100994110107
77924,0.00128078460693
77925,0.000813007354736
77926,0.0
77927,0.0
77928,0.0
77929,0.0
77930,6.16312026978e-05
77931,0.000147819519043
77932,4.92930412292e-05
77933,0.0
77934,2.46167182922e-05
77935,0.0
77936,1.23381614685e-05
77937,0.000394105911255
77938,0.00048041343689
77939,0.000714302062988
77940,0.000591278076172
77941,0.00075101852417
77942,0.0
77943,0.0
77944,0.0
77945,0.0
77946,0.0
77947,0.0
77948,0.0
77949,1.23381614685e-05
77950,9.85264778137e-05
77951,0.000209450721741
77952,0.000221729278564
77953,0.000578880310059
77954,0.000541687011719
77955,0.000627994537354
77956,0.000234127044678
77957,0.000997543334961
77958,0.0
77959,0.0
77960,0.0
77961,0.0
77962,1.23381614685e-05
77963,2.46167182922e-05
77964,0.000234127044678
77965,0.00017237663269
77966,0.000160098075867
77967,0.000270843505859
77968,0.000443458557129
77969,0.000270843505859
77970,0.000381708145142
77971,8.61883163452e-05
77972,0.000147819519043
77973,6.16312026978e-05
77974,0.0
77975,0.0
77976,0.0
77977,0.0
77978,0.0
77979,0.0
77980,4.92930412292e-05
77981,0.000283241271973
77982,0.000246524810791
77983,0.000160098075867
77984,0.0
77985,4.92930412292e-05
77986,0.000258684158325
77987,0.000455856323242
77988,0.000529289245605
77989,0.000308036804199
77990,0.0
77991,0.0
77992,0.0
77993,0.0
77994,0.0
77995,0.0
77996,0.0
77997,0.0
77998,1.23381614685e-05
77999,0.00013542175293
78000,0.000270843505859
78001,0.000270843505859
78002,0.000357151031494
78003,0.000763416290283
78004,0.000714302062988
78005,0.00136756896973
78006,0.0
78007,0.0
78008,0.0
78009,0.0
78010,0.0
78011,0.0
78012,0.0
78013,3.69548797607e-05
78014,2.46167182922e-05
78015,0.0
78016,9.85264778137e-05
78017,0.000283241271973
78018,0.000541687011719
78019,0.000960826873779
78020,0.000837802886963
78021,0.00124454498291
78022,0.0
78023,0.0
78024,0.0
78025,1.23381614685e-05
78026,0.0
78027,3.69548797607e-05
78028,7.39097595215e-05
78029,0.000147819519043
78030,0.000332355499268
78031,0.000591278076172
78032,0.000246524810791
78033,0.000147819519043
78034,0.000270843505859
78035,0.000369548797607
78036,0.000493049621582
78037,0.000566482543945
78038,0.0
78039,0.0
78040,0.0
78041,0.0
78042,0.0
78043,4.92930412292e-05
78044,1.23381614685e-05
78045,0.0
78046,3.69548797607e-05
78047,0.0
78048,0.000110864639282
78049,0.00013542175293
78050,0.000123262405396
78051,0.000147819519043
78052,0.000209450721741
78053,0.000455856323242
78054,0.0
78055,0.0
78056,0.0
78057,0.0
78058,0.0
78059,0.0
78060,7.39097595215e-05
78061,0.000258684158325
78062,0.000110864639282
78063,0.000197052955627
78064,0.000504970550537
78065,0.000689506530762
78066,0.000677108764648
78067,0.000406503677368
78068,0.000418901443481
78069,0.000627994537354
78070,0.0
78071,0.0
78072,0.0
78073,0.0
78074,1.23381614685e-05
78075,1.23381614685e-05
78076,0.00017237663269
78077,0.000197052955627
78078,0.00013542175293
78079,0.000270843505859
78080,3.69548797607e-05
78081,1.23381614685e-05
78082,4.92930412292e-05
78083,0.000369548797607
78084,0.00065279006958
78085,0.000763416290283
78086,0.0
78087,0.0
78088,0.0
78089,0.0
78090,0.0
78091,1.23381614685e-05
78092,7.39097595215e-05
78093,0.000295639038086
78094,0.000529289245605
78095,0.00113296508789
78096,0.00142860412598
78097,0.00182342529297
78098,0.000701904296875
78099,0.000110864639282
78100,0.000258684158325
78101,0.000147819519043
78102,0.0
78103,0.0
78104,0.0
78105,0.0
78106,0.0
78107,0.0
78108,0.0
78109,0.0
78110,1.23381614685e-05
78111,2.46167182922e-05
78112,3.69548797607e-05
78113,0.000221729278564
78114,9.85264778137e-05
78115,0.000295639038086
78116,3.69548797607e-05
78117,9.85264778137e-05
78118,0.0
78119,0.0
78120,0.0
78121,1.23381614685e-05
78122,2.46167182922e-05
78123,2.46167182922e-05
78124,1.23381614685e-05
78125,0.0
78126,0.0
78127,1.23381614685e-05
78128,0.00017237663269
78129,0.000197052955627
78130,0.00051736831665
78131,0.000332355499268
78132,0.000270843505859
78133,0.000344753265381
78134,0.0
78135,0.0
78136,0.0
78137,0.0
78138,6.16312026978e-05
78139,0.000209450721741
78140,0.000394105911255
78141,0.000529289245605
78142,0.00065279006958
78143,7.39097595215e-05
78144,8.61883163452e-05
78145,0.000123262405396
78146,0.00013542175293
78147,0.000344753265381
78148,0.000258684158325
78149,0.000209450721741
78150,0.0
78151,0.0
78152,0.0
78153,0.0
78154,2.46167182922e-05
78155,1.23381614685e-05
78156,0.0
78157,0.0
78158,1.23381614685e-05
78159,8.61883163452e-05
78160,0.000357151031494
78161,0.000123262405396
78162,8.61883163452e-05
78163,0.000209450721741
78164,0.000197052955627
78165,0.000123262405396
78166,0.0
78167,0.0
78168,0.0
78169,0.0
78170,7.39097595215e-05
78171,2.46167182922e-05
78172,9.85264778137e-05
78173,7.39097595215e-05
78174,6.16312026978e-05
78175,4.92930412292e-05
78176,0.000123262405396
78177,0.000418901443481
78178,0.000344753265381
78179,0.000357151031494
78180,0.000986099243164
78181,0.000701904296875
78182,0.0
78183,0.0
78184,0.0
78185,0.0
78186,1.23381614685e-05
78187,1.23381614685e-05
78188,0.0
78189,3.69548797607e-05
78190,0.00017237663269
78191,2.46167182922e-05
78192,2.46167182922e-05
78193,0.00013542175293
78194,0.000197052955627
78195,8.61883163452e-05
78196,1.23381614685e-05
78197,9.85264778137e-05
78198,0.0
78199,0.0
78200,0.0
78201,0.0
78202,0.0
