('counter: ', 0)
Quantization bits: 8    delay: 101 
nvidia-smi -i 0 --query-gpu=power.limit,power.draw,utilization.gpu,utilization.memory,memory.total,memory.used,memory.free --format=csv,nounits --loop-ms=1>vgg16_v100_batchsize1.csv &
9.3656
0.0205
0.0140
0.0195
0.0136
0.0158
0.0175
0.0138
0.0151
0.0165
0.0158
0.0168
0.0156
0.0181
0.0165
0.0182
0.0187
0.0131
0.0172
0.0176
0.0155
0.0162
0.0161
0.0148
0.0145
0.0167
0.0177
0.0158
0.0156
0.0136
0.0188
0.0157
0.0135
0.0167
0.0145
0.0160
0.0143
0.0157
0.0158
0.0160
0.0183
0.0147
0.0136
0.0157
0.0147
0.0163
0.0150
0.0144
0.0122
0.0144
0.0143
0.0140
0.0167
0.0136
0.0177
0.0128
0.0174
0.0155
0.0179
0.0169
0.0151
0.0150
0.0173
0.0151
0.0173
0.0152
0.0157
0.0164
0.0158
0.0169
0.0162
0.0183
0.0184
0.0174
0.0160
0.0158
0.0161
0.0191
0.0175
0.0152
0.0146
0.0168
0.0155
0.0188
0.0143
0.0159
0.0183
0.0149
0.0163
0.0169
0.0136
0.0153
0.0137
0.0129
0.0178
0.0166
0.0186
0.0157
0.0170
0.0168
