4,0.0
5,0.0
6,0.0
7,0.0
8,0.0
9,0.0
10,0.0
11,0.0
12,0.0
13,0.0
14,0.0
15,0.0
16,0.0
17,0.0
18,0.0
19,0.0
20,0.0
21,0.0
22,0.0
23,0.0
24,0.0
25,0.0
26,0.0
27,0.0
28,0.0
29,0.0
30,0.0
31,0.0
32,0.0
33,0.0
34,0.0
35,0.0
36,0.00169467926025
37,0.00707244873047
38,0.0130844116211
39,0.0188903808594
40,0.0253753662109
41,0.0289154052734
42,0.0325012207031
43,0.0350952148438
44,0.0366821289062
45,0.0380554199219
46,0.039794921875
47,0.040283203125
48,0.0403747558594
49,0.0409240722656
50,0.04150390625
51,0.0435791015625
52,0.0440673828125
53,0.0448303222656
54,0.044921875
55,0.044921875
56,0.0456848144531
57,0.0435485839844
58,0.0450744628906
59,0.0446472167969
60,0.0451965332031
61,0.0457458496094
62,0.0452270507812
63,0.0455627441406
64,0.0454406738281
65,0.0451354980469
66,0.0458374023438
67,0.0
68,0.0377807617188
69,0.0513610839844
70,0.066162109375
71,0.0711059570312
72,0.078857421875
73,0.079345703125
74,0.0858764648438
75,0.0894775390625
76,0.0890502929688
77,0.0889892578125
78,0.0875244140625
79,0.0883178710938
80,0.094970703125
81,0.0919799804688
82,0.0914916992188
83,0.09033203125
84,0.0887451171875
85,0.0891723632812
86,0.090087890625
87,0.0875244140625
88,0.092529296875
89,0.0910034179688
90,0.086181640625
91,0.0886840820312
92,0.090576171875
93,0.0875854492188
94,0.0907592773438
95,0.0923461914062
96,0.091796875
97,0.0885620117188
98,0.0909423828125
99,0.0
100,0.0225830078125
101,0.0364685058594
102,0.0501403808594
103,0.0556640625
104,0.0605773925781
105,0.0659790039062
106,0.075439453125
107,0.0734252929688
108,0.0775756835938
109,0.0780639648438
110,0.08154296875
111,0.08154296875
112,0.0823974609375
113,0.0838623046875
114,0.0813598632812
115,0.081298828125
116,0.0820922851562
117,0.08154296875
118,0.0864868164062
119,0.0827026367188
120,0.0851440429688
121,0.08251953125
122,0.0844116210938
123,0.0867919921875
124,0.0870361328125
125,0.0858154296875
126,0.0849609375
127,0.0850830078125
128,0.084716796875
129,0.08544921875
130,0.0853271484375
131,0.0
132,0.0209503173828
133,0.0336303710938
134,0.0431823730469
135,0.0510559082031
136,0.0624694824219
137,0.06640625
138,0.06591796875
139,0.072021484375
140,0.0662231445312
141,0.0667114257812
142,0.06884765625
143,0.0753173828125
144,0.0748291015625
145,0.0799560546875
146,0.0755615234375
147,0.0782470703125
148,0.0780029296875
149,0.0771484375
150,0.0849609375
151,0.075439453125
152,0.0779418945312
153,0.0773315429688
154,0.0791625976562
155,0.0826416015625
156,0.07470703125
157,0.0772094726562
158,0.0774536132812
159,0.0795288085938
160,0.0753173828125
161,0.0765380859375
162,0.0774536132812
163,0.0
164,0.0144195556641
165,0.0278930664062
166,0.0405883789062
167,0.0437316894531
168,0.0521850585938
169,0.0566711425781
170,0.0610656738281
171,0.0654296875
172,0.0673828125
173,0.0638427734375
174,0.0638427734375
175,0.07080078125
176,0.070068359375
177,0.070068359375
178,0.0687255859375
179,0.0692138671875
180,0.0711669921875
181,0.07275390625
182,0.0711669921875
183,0.0706787109375
184,0.0707397460938
185,0.0715942382812
186,0.072509765625
187,0.0733032226562
188,0.0706176757812
189,0.076171875
190,0.0800170898438
191,0.0794677734375
192,0.0835571289062
193,0.0818481445312
194,0.0852661132812
195,0.0
196,0.0170593261719
197,0.0250854492188
198,0.0417785644531
199,0.052001953125
200,0.05224609375
201,0.0613708496094
202,0.069091796875
203,0.0698852539062
204,0.0699462890625
205,0.0680541992188
206,0.0722045898438
207,0.0709838867188
208,0.0670166015625
209,0.0686645507812
210,0.0725708007812
211,0.074462890625
212,0.0709228515625
213,0.0693359375
214,0.0733642578125
215,0.0726318359375
216,0.076171875
217,0.07666015625
218,0.0802612304688
219,0.0762939453125
220,0.0790405273438
221,0.082275390625
222,0.06982421875
223,0.0707397460938
224,0.0726318359375
225,0.0716552734375
226,0.0711059570312
227,0.0
228,0.0155792236328
229,0.0276184082031
230,0.0353088378906
231,0.0408630371094
232,0.0495300292969
233,0.0513610839844
234,0.0566711425781
235,0.0628051757812
236,0.0673828125
237,0.0602722167969
238,0.064208984375
239,0.068359375
240,0.0639038085938
241,0.0655517578125
242,0.0640869140625
243,0.067626953125
244,0.0675048828125
245,0.0745239257812
246,0.0689697265625
247,0.06787109375
248,0.0715942382812
249,0.0689086914062
250,0.0681762695312
251,0.072509765625
252,0.0695190429688
253,0.0714721679688
254,0.0712890625
255,0.0742797851562
256,0.0751953125
257,0.0770263671875
258,0.0753173828125
259,0.0
260,0.0171661376953
261,0.0239562988281
262,0.0361328125
263,0.0427551269531
264,0.0463562011719
265,0.0496826171875
266,0.0530395507812
267,0.052490234375
268,0.0552062988281
269,0.060302734375
270,0.0648803710938
271,0.0675048828125
272,0.0692138671875
273,0.0751342773438
274,0.0738525390625
275,0.074951171875
276,0.06201171875
277,0.0724487304688
278,0.0755004882812
279,0.0673217773438
280,0.0699462890625
281,0.0704345703125
282,0.0711669921875
283,0.0712890625
284,0.0802612304688
285,0.0733642578125
286,0.0697631835938
287,0.0707397460938
288,0.071533203125
289,0.069580078125
290,0.0770874023438
291,0.0
292,0.0170135498047
293,0.0255889892578
294,0.0354614257812
295,0.0407409667969
296,0.0487060546875
297,0.048828125
298,0.0609436035156
299,0.063232421875
300,0.0628051757812
301,0.060302734375
302,0.0704956054688
303,0.0670166015625
304,0.0662231445312
305,0.0694580078125
306,0.0725708007812
307,0.0748291015625
308,0.0702514648438
309,0.0712280273438
310,0.0729370117188
311,0.0748901367188
312,0.0789794921875
313,0.0806884765625
314,0.0845336914062
315,0.0826416015625
316,0.0821533203125
317,0.074462890625
318,0.0740356445312
319,0.0752563476562
320,0.0748901367188
321,0.0794067382812
322,0.0709838867188
323,0.0
324,0.0154571533203
325,0.0209503173828
326,0.0289001464844
327,0.0368957519531
328,0.0444946289062
329,0.044677734375
330,0.0502014160156
331,0.0548706054688
332,0.0623168945312
333,0.0586853027344
334,0.0653686523438
335,0.0673828125
336,0.06298828125
337,0.0690307617188
338,0.0672607421875
339,0.0640258789062
340,0.0675659179688
341,0.0664672851562
342,0.0672607421875
343,0.0687866210938
344,0.06884765625
345,0.0711059570312
346,0.0718383789062
347,0.0702514648438
348,0.068603515625
349,0.0740966796875
350,0.0739135742188
351,0.07470703125
352,0.076416015625
353,0.069580078125
354,0.07080078125
355,0.0
356,0.0143890380859
357,0.0254669189453
358,0.0343933105469
359,0.0400390625
360,0.0428771972656
361,0.0455322265625
362,0.0511779785156
363,0.0564575195312
364,0.0583801269531
365,0.0586242675781
366,0.0658569335938
367,0.0629272460938
368,0.0687255859375
369,0.0694580078125
370,0.068603515625
371,0.0656127929688
372,0.067626953125
373,0.0655517578125
374,0.0631713867188
375,0.06591796875
376,0.06640625
377,0.0679321289062
378,0.0685424804688
379,0.0667114257812
380,0.0681762695312
381,0.0714721679688
382,0.0695190429688
383,0.0709228515625
384,0.0714111328125
385,0.0728759765625
386,0.0706787109375
387,0.0
388,0.0153656005859
389,0.0231323242188
390,0.0313720703125
391,0.0380249023438
392,0.0425415039062
393,0.0496215820312
394,0.0484008789062
395,0.0588073730469
396,0.0573425292969
397,0.0612182617188
398,0.0672607421875
399,0.0626831054688
400,0.068359375
401,0.0679931640625
402,0.0629272460938
403,0.0679321289062
404,0.0682373046875
405,0.071044921875
406,0.0682983398438
407,0.067138671875
408,0.072998046875
409,0.0733032226562
410,0.0684814453125
411,0.07080078125
412,0.0708618164062
413,0.065673828125
414,0.0682373046875
415,0.0755004882812
416,0.0755004882812
417,0.0724487304688
418,0.077392578125
419,0.0
420,0.0111236572266
421,0.0177307128906
422,0.0254974365234
423,0.0318298339844
424,0.0433959960938
425,0.0448608398438
426,0.0493774414062
427,0.0538635253906
428,0.05517578125
429,0.0618591308594
430,0.0632934570312
431,0.0639038085938
432,0.0701904296875
433,0.0613098144531
434,0.0653686523438
435,0.0640258789062
436,0.067138671875
437,0.070556640625
438,0.0650634765625
439,0.0662841796875
440,0.0692138671875
441,0.0679321289062
442,0.0751953125
443,0.0714111328125
444,0.072998046875
445,0.0726928710938
446,0.0742797851562
447,0.0729370117188
448,0.0770263671875
449,0.076171875
450,0.0808715820312
451,0.0
452,0.0138320922852
453,0.0234985351562
454,0.0284271240234
455,0.0388793945312
456,0.0416870117188
457,0.0463562011719
458,0.0517578125
459,0.05224609375
460,0.0541687011719
461,0.0571594238281
462,0.0638427734375
463,0.0652465820312
464,0.0635375976562
465,0.06103515625
466,0.0629272460938
467,0.0640258789062
468,0.0634765625
469,0.0706787109375
470,0.072998046875
471,0.0731201171875
472,0.0740966796875
473,0.0723876953125
474,0.0698852539062
475,0.069091796875
476,0.0667724609375
477,0.0685424804688
478,0.0714721679688
479,0.0700073242188
480,0.0726318359375
481,0.0661010742188
482,0.0699462890625
483,0.0
484,0.0145111083984
485,0.0215911865234
486,0.0315246582031
487,0.0386657714844
488,0.0409545898438
489,0.0428466796875
490,0.0484619140625
491,0.0501403808594
492,0.0557556152344
493,0.0560302734375
494,0.0615539550781
495,0.0673828125
496,0.06787109375
497,0.0733032226562
498,0.0760498046875
499,0.0697631835938
500,0.0621948242188
501,0.0685424804688
502,0.0614318847656
503,0.0651245117188
504,0.0670166015625
505,0.0687866210938
506,0.0704956054688
507,0.0703735351562
508,0.0704345703125
509,0.0791015625
510,0.0750732421875
511,0.0745239257812
512,0.0745239257812
513,0.0690307617188
514,0.0744018554688
515,0.0
516,0.0149993896484
517,0.0235900878906
518,0.0324096679688
519,0.0373229980469
520,0.042724609375
521,0.0476684570312
522,0.0524291992188
523,0.0555419921875
524,0.0588073730469
525,0.0596923828125
526,0.0635375976562
527,0.0612182617188
528,0.0650024414062
529,0.0663452148438
530,0.066162109375
531,0.06884765625
532,0.069580078125
533,0.0684204101562
534,0.07568359375
535,0.0741577148438
536,0.076171875
537,0.0790405273438
538,0.0783081054688
539,0.0826416015625
540,0.081298828125
541,0.0855102539062
542,0.0761108398438
543,0.0765991210938
544,0.0795288085938
545,0.0758056640625
546,0.0685424804688
547,0.0
548,0.013916015625
549,0.0258941650391
550,0.0291900634766
551,0.03955078125
552,0.0426940917969
553,0.0504455566406
554,0.0540466308594
555,0.05224609375
556,0.0587158203125
557,0.0618896484375
558,0.0623474121094
559,0.06884765625
560,0.068603515625
561,0.0724487304688
562,0.0692138671875
563,0.07080078125
564,0.0702514648438
565,0.065673828125
566,0.0734252929688
567,0.0755615234375
568,0.075927734375
569,0.0767211914062
570,0.0773315429688
571,0.071044921875
572,0.0726928710938
573,0.0746459960938
574,0.07373046875
575,0.0718994140625
576,0.0709228515625
577,0.071044921875
578,0.0765991210938
579,0.0
580,0.0138549804688
581,0.0257263183594
582,0.0364990234375
583,0.0370483398438
584,0.0430603027344
585,0.0473937988281
586,0.0596313476562
587,0.0684814453125
588,0.0674438476562
589,0.0563354492188
590,0.0646362304688
591,0.0681762695312
592,0.0615539550781
593,0.0679931640625
594,0.0643920898438
595,0.0652465820312
596,0.0638427734375
597,0.0673217773438
598,0.0706787109375
599,0.067626953125
600,0.07275390625
601,0.0758056640625
602,0.0797119140625
603,0.081298828125
604,0.080078125
605,0.0830078125
606,0.0816650390625
607,0.0704956054688
608,0.0721435546875
609,0.07177734375
610,0.0732421875
611,0.0
612,0.0152740478516
613,0.0237884521484
614,0.0314331054688
615,0.0371398925781
616,0.04296875
617,0.0444946289062
618,0.0488586425781
619,0.0579528808594
620,0.0628051757812
621,0.06396484375
622,0.069580078125
623,0.06494140625
624,0.0700073242188
625,0.0746459960938
626,0.0768432617188
627,0.0709838867188
628,0.0715942382812
629,0.0733642578125
630,0.0820922851562
631,0.0833740234375
632,0.0791015625
633,0.0807495117188
634,0.080322265625
635,0.0859985351562
636,0.0869750976562
637,0.0867919921875
638,0.0925903320312
639,0.08740234375
640,0.0784301757812
641,0.0759887695312
642,0.0792846679688
643,0.0
644,0.0151443481445
645,0.0236968994141
646,0.0303802490234
647,0.0429992675781
648,0.0508117675781
649,0.06103515625
650,0.0556945800781
651,0.0599060058594
652,0.064453125
653,0.06298828125
654,0.0672607421875
655,0.06201171875
656,0.065185546875
657,0.068359375
658,0.0651245117188
659,0.0713500976562
660,0.0673828125
661,0.0670166015625
662,0.0674438476562
663,0.0712890625
664,0.0729370117188
665,0.0734252929688
666,0.0756225585938
667,0.076416015625
668,0.0755004882812
669,0.0796508789062
670,0.0753173828125
671,0.075927734375
672,0.07861328125
673,0.0802612304688
674,0.0792846679688
675,0.0
676,0.0157775878906
677,0.0233764648438
678,0.0377502441406
679,0.0430603027344
680,0.0521240234375
681,0.0550842285156
682,0.0599975585938
683,0.0616149902344
684,0.0621032714844
685,0.0643310546875
686,0.0652465820312
687,0.068115234375
688,0.0661010742188
689,0.0677490234375
690,0.0663452148438
691,0.0635375976562
692,0.0687255859375
693,0.0702514648438
694,0.0711059570312
695,0.0731201171875
696,0.0763549804688
697,0.0771484375
698,0.0742797851562
699,0.0773315429688
700,0.0790405273438
701,0.0785522460938
702,0.0753173828125
703,0.0725708007812
704,0.0729370117188
705,0.0723876953125
706,0.0736083984375
707,0.0
708,0.0149917602539
709,0.027099609375
710,0.0376586914062
711,0.039306640625
712,0.0475158691406
713,0.0525817871094
714,0.0582275390625
715,0.0595092773438
716,0.0631103515625
717,0.0624084472656
718,0.0659790039062
719,0.0628051757812
720,0.064697265625
721,0.06689453125
722,0.0681762695312
723,0.0660400390625
724,0.0698852539062
725,0.0712280273438
726,0.069091796875
727,0.068359375
728,0.0693969726562
729,0.0725708007812
730,0.0726318359375
731,0.072021484375
732,0.0687255859375
733,0.07373046875
734,0.0706787109375
735,0.0770263671875
736,0.0792846679688
737,0.0756225585938
738,0.0811767578125
739,0.0
740,0.0158386230469
741,0.0301208496094
742,0.0404052734375
743,0.0466613769531
744,0.0477294921875
745,0.0581665039062
746,0.0533752441406
747,0.0574645996094
748,0.0621337890625
749,0.0660400390625
750,0.0657348632812
751,0.0664672851562
752,0.0655517578125
753,0.0685424804688
754,0.075439453125
755,0.072265625
756,0.0728759765625
757,0.0777587890625
758,0.0830688476562
759,0.0758666992188
760,0.0669555664062
761,0.0628662109375
762,0.0663452148438
763,0.0663452148438
764,0.0680541992188
765,0.070556640625
766,0.0775756835938
767,0.0771484375
768,0.0722045898438
769,0.0720825195312
770,0.0739135742188
771,0.0
772,0.0145263671875
773,0.0255889892578
774,0.0359191894531
775,0.0449523925781
776,0.0523681640625
777,0.0542602539062
778,0.0578002929688
779,0.0575256347656
780,0.0600891113281
781,0.0612487792969
782,0.0626831054688
783,0.0626220703125
784,0.0653076171875
786,0.0689697265625
787,0.069580078125
788,0.0689086914062
789,0.0685424804688
790,0.0704956054688
791,0.0671997070312
792,0.0630493164062
793,0.0671997070312
794,0.06884765625
795,0.0661010742188
796,0.067626953125
797,0.0717163085938
798,0.072021484375
799,0.0684204101562
800,0.0726928710938
801,0.0740966796875
802,0.0756225585938
803,0.078857421875
804,0.0
805,0.0127410888672
806,0.0208282470703
807,0.0308837890625
808,0.0418395996094
809,0.0473022460938
810,0.046875
811,0.051513671875
812,0.0577697753906
813,0.0587768554688
814,0.0630493164062
815,0.0635986328125
816,0.06494140625
817,0.064697265625
818,0.0690307617188
819,0.0694580078125
820,0.0707397460938
821,0.0696411132812
822,0.0708618164062
823,0.0681762695312
824,0.074462890625
825,0.076171875
826,0.0745239257812
827,0.0712280273438
828,0.071533203125
829,0.072021484375
830,0.0733032226562
831,0.0728149414062
832,0.0757446289062
833,0.0767211914062
834,0.0762329101562
835,0.08203125
836,0.0
837,0.0175170898438
838,0.0294342041016
839,0.0460510253906
840,0.0472106933594
841,0.0498962402344
842,0.0577392578125
843,0.0626220703125
844,0.0608825683594
845,0.0581970214844
846,0.0585021972656
847,0.0631713867188
848,0.064697265625
849,0.0677490234375
850,0.0653076171875
851,0.0650634765625
852,0.0646362304688
853,0.0657958984375
854,0.0640869140625
855,0.0654296875
856,0.0648803710938
857,0.0648803710938
858,0.0719604492188
859,0.0732421875
860,0.0750122070312
861,0.0742797851562
862,0.0709228515625
863,0.0654296875
864,0.0661010742188
865,0.071044921875
866,0.0677490234375
867,0.0699462890625
868,0.0
869,0.0154342651367
870,0.0251922607422
871,0.0309753417969
872,0.0373840332031
873,0.044677734375
874,0.0514831542969
875,0.0525207519531
876,0.0574035644531
877,0.0593566894531
878,0.0653076171875
879,0.0615234375
880,0.06640625
881,0.063232421875
882,0.06640625
883,0.0658569335938
884,0.0687866210938
885,0.0707397460938
886,0.0673217773438
887,0.0680541992188
888,0.0684204101562
889,0.06982421875
890,0.0690307617188
891,0.0701293945312
892,0.0745849609375
893,0.0711669921875
894,0.0703125
895,0.0736694335938
896,0.0725708007812
897,0.0670166015625
898,0.0708618164062
899,0.0719604492188
900,0.0
901,0.0147552490234
902,0.0249328613281
903,0.03662109375
904,0.0482482910156
905,0.054443359375
906,0.0556030273438
907,0.0607299804688
908,0.0581665039062
909,0.0650634765625
910,0.0695190429688
911,0.0718994140625
912,0.0738525390625
913,0.0698852539062
914,0.07763671875
915,0.0742797851562
916,0.0771484375
917,0.0778198242188
918,0.0704345703125
919,0.0756225585938
920,0.0755615234375
921,0.0736083984375
922,0.069580078125
923,0.0673217773438
924,0.0730590820312
925,0.0694580078125
926,0.0713500976562
927,0.0794677734375
928,0.0758666992188
929,0.0748901367188
930,0.0715942382812
931,0.0690307617188
932,0.0
933,0.0148468017578
934,0.0261383056641
935,0.03466796875
936,0.0376586914062
937,0.0444030761719
938,0.0479431152344
939,0.0465393066406
940,0.0530395507812
941,0.05517578125
942,0.0581359863281
943,0.0597534179688
944,0.0651245117188
945,0.064453125
946,0.0657348632812
947,0.0686645507812
948,0.0637817382812
949,0.0701904296875
950,0.0711669921875
951,0.0740356445312
952,0.0752563476562
953,0.06884765625
954,0.0682983398438
955,0.0725708007812
956,0.0733642578125
957,0.067626953125
958,0.0731811523438
959,0.0725708007812
960,0.069091796875
961,0.069091796875
962,0.0697631835938
963,0.07177734375
964,0.0
965,0.014030456543
966,0.0256500244141
967,0.0350036621094
968,0.0410766601562
969,0.0522155761719
970,0.0532531738281
971,0.0587158203125
972,0.0556945800781
973,0.0572814941406
974,0.057373046875
975,0.0599670410156
976,0.064453125
977,0.0642700195312
978,0.0652465820312
979,0.0681762695312
980,0.0713500976562
981,0.06298828125
982,0.063720703125
983,0.0648193359375
984,0.06689453125
985,0.0681762695312
986,0.0671997070312
987,0.065185546875
988,0.0655517578125
989,0.0699462890625
990,0.0709838867188
991,0.0650024414062
992,0.0697021484375
993,0.0676879882812
994,0.0743408203125
995,0.0713500976562
996,0.0
997,0.0156860351562
998,0.0289764404297
999,0.0398254394531
1000,0.0496826171875
1001,0.052490234375
1002,0.0603637695312
1003,0.0692138671875
1004,0.0709838867188
1005,0.0655517578125
1006,0.06494140625
1007,0.0661010742188
1008,0.0640258789062
1009,0.0643920898438
1010,0.0635986328125
1011,0.067138671875
1012,0.065673828125
1013,0.0716552734375
1014,0.0726928710938
1015,0.0684204101562
1016,0.0735473632812
1017,0.07861328125
1018,0.076171875
1019,0.0657348632812
1020,0.0643920898438
1021,0.0653686523438
1022,0.0650634765625
1023,0.0653686523438
1024,0.06591796875
1025,0.0676879882812
1026,0.0712280273438
1027,0.0714721679688
1028,0.0
1029,0.0125274658203
1030,0.0219879150391
1031,0.0348205566406
1032,0.0381469726562
1033,0.0438537597656
1034,0.0500793457031
1035,0.0524597167969
1036,0.0537109375
1037,0.0554504394531
1038,0.0615844726562
1039,0.0613098144531
1040,0.06298828125
1041,0.0635986328125
1042,0.0660400390625
1043,0.0655517578125
1044,0.0646362304688
1045,0.0689697265625
1046,0.065185546875
1047,0.0634155273438
1048,0.06640625
1049,0.0687255859375
1050,0.0676879882812
1051,0.0664672851562
1052,0.071044921875
1053,0.0706787109375
1054,0.072265625
1055,0.0708618164062
1056,0.0728759765625
1057,0.0687255859375
1058,0.0695190429688
1059,0.0706787109375
1060,0.0
1061,0.0133514404297
1062,0.0239105224609
1063,0.0338439941406
1064,0.0423278808594
1065,0.0450134277344
1066,0.0462036132812
1067,0.0447082519531
1068,0.0502624511719
1069,0.0526733398438
1070,0.0538940429688
1071,0.0563659667969
1072,0.0625610351562
1073,0.0671997070312
1074,0.0696411132812
1075,0.0755004882812
1076,0.0712890625
1077,0.068359375
1078,0.0660400390625
1079,0.0715942382812
1080,0.0739135742188
1081,0.0690307617188
1082,0.0670166015625
1083,0.0697631835938
1084,0.0643310546875
1085,0.0596618652344
1086,0.0634765625
1087,0.065185546875
1088,0.0654296875
1089,0.0678100585938
1090,0.0611877441406
1091,0.0608215332031
1092,0.0
1093,0.0107192993164
1094,0.0189819335938
1095,0.030029296875
1096,0.0390625
1097,0.0480041503906
1098,0.0544738769531
1099,0.0592651367188
1100,0.0586853027344
1101,0.0657348632812
1102,0.06298828125
1103,0.0655517578125
1104,0.0701904296875
1105,0.06787109375
1106,0.063720703125
1107,0.0635986328125
1108,0.0660400390625
1109,0.0654907226562
1110,0.063232421875
1111,0.065185546875
1112,0.0636596679688
1113,0.0665283203125
1114,0.0618591308594
1115,0.063232421875
1116,0.0670776367188
1117,0.069580078125
1118,0.068115234375
1119,0.0692749023438
1120,0.0714111328125
1121,0.068115234375
1122,0.0731811523438
1123,0.07177734375
1124,0.0
1125,0.0130157470703
1126,0.0262603759766
1127,0.0415649414062
1128,0.0533142089844
1129,0.0501708984375
1130,0.0518798828125
1131,0.0558471679688
1132,0.0549926757812
1133,0.0587768554688
1134,0.0567932128906
1135,0.0701904296875
1136,0.0634155273438
1137,0.0685424804688
1138,0.078857421875
1139,0.0819091796875
1140,0.077392578125
1141,0.0817260742188
1142,0.0792236328125
1143,0.0802001953125
1144,0.0748901367188
1145,0.0669555664062
1146,0.0706787109375
1147,0.0733032226562
1148,0.0692749023438
1149,0.0638427734375
1150,0.0676879882812
1151,0.0720825195312
1152,0.08056640625
1153,0.0737915039062
1154,0.0733032226562
1155,0.0712890625
1156,0.0
1157,0.0100936889648
1158,0.0172424316406
1159,0.0270233154297
1160,0.0310821533203
1161,0.0359802246094
1162,0.0453491210938
1163,0.0548400878906
1164,0.0619506835938
1165,0.0660400390625
1166,0.0600280761719
1167,0.0623779296875
1168,0.0601196289062
1169,0.057861328125
1170,0.0565795898438
1171,0.0581359863281
1172,0.06201171875
1173,0.0665893554688
1174,0.0673828125
1175,0.0693359375
1176,0.0660400390625
1177,0.0631713867188
1178,0.0694580078125
1179,0.0702514648438
1180,0.0681762695312
1181,0.07080078125
1182,0.0740966796875
1183,0.0726318359375
1184,0.06982421875
1185,0.0718994140625
1186,0.0643310546875
1187,0.0731201171875
1188,0.0
1189,0.0126190185547
1190,0.0254974365234
1191,0.0344848632812
1192,0.0434265136719
1193,0.0516967773438
1194,0.0530395507812
1195,0.0514526367188
1196,0.0461730957031
1197,0.0530395507812
1198,0.0521850585938
1199,0.0561218261719
1200,0.0561828613281
1201,0.0554809570312
1202,0.0605163574219
1203,0.0592956542969
1204,0.0546875
1205,0.0591125488281
1206,0.06103515625
1207,0.0635375976562
1208,0.0709228515625
1209,0.0767822265625
1210,0.0841674804688
1211,0.0686645507812
1212,0.0693969726562
1213,0.0626220703125
1214,0.0655517578125
1215,0.0638427734375
1216,0.0707397460938
1217,0.0623474121094
1218,0.0669555664062
1219,0.0697021484375
1220,0.0
1221,0.0101852416992
1222,0.017822265625
1223,0.0280151367188
1224,0.0343933105469
1225,0.0424499511719
1226,0.0470581054688
1227,0.0567321777344
1228,0.0484924316406
1229,0.0545654296875
1230,0.0503540039062
1231,0.0618286132812
1232,0.0679321289062
1233,0.0740966796875
1234,0.0680541992188
1235,0.0653686523438
1236,0.0703735351562
1237,0.0687255859375
1238,0.0722045898438
1239,0.063720703125
1240,0.0624389648438
1241,0.0721435546875
1242,0.0741577148438
1243,0.0740966796875
1244,0.0704345703125
1245,0.0744018554688
1246,0.0652465820312
1247,0.0656127929688
1248,0.064697265625
1249,0.0629272460938
1250,0.0665283203125
1251,0.0633544921875
1252,0.0
1253,0.0160217285156
1254,0.023193359375
1255,0.0273132324219
1256,0.0325012207031
1257,0.0402221679688
1258,0.0425415039062
1259,0.0438232421875
1260,0.0526123046875
1261,0.0572814941406
1262,0.0636596679688
1263,0.0629272460938
1264,0.0559997558594
1265,0.0598754882812
1266,0.0634155273438
1267,0.0606994628906
1268,0.0582885742188
1269,0.0663452148438
1270,0.0711059570312
1271,0.07275390625
1272,0.0648803710938
1273,0.0610046386719
1274,0.0640869140625
1275,0.0615539550781
1276,0.0670776367188
1277,0.0648193359375
1278,0.0634155273438
1279,0.0601196289062
1280,0.0622253417969
1281,0.0690307617188
1282,0.0700073242188
1283,0.0693359375
1284,0.0
1285,0.0136413574219
1286,0.0252685546875
1287,0.0282592773438
1288,0.03564453125
1289,0.0405883789062
1290,0.0436706542969
1291,0.0460205078125
1292,0.05029296875
1293,0.0531616210938
1294,0.0538940429688
1295,0.0559387207031
1296,0.0565185546875
1297,0.0585632324219
1298,0.05712890625
1299,0.0662231445312
1300,0.0673828125
1301,0.0637817382812
1302,0.0619506835938
1303,0.0609436035156
1304,0.0596923828125
1305,0.0602111816406
1306,0.0591735839844
1307,0.0639038085938
1308,0.0681762695312
1309,0.0631713867188
1310,0.0623779296875
1311,0.065185546875
1312,0.064208984375
1313,0.0687866210938
1314,0.0675659179688
1315,0.0704956054688
1316,0.0
1317,0.0112609863281
1318,0.0222015380859
1319,0.0254821777344
1320,0.0325012207031
1321,0.0397338867188
1322,0.0373840332031
1323,0.0430297851562
1324,0.0463562011719
1325,0.0530700683594
1326,0.0567626953125
1327,0.0638427734375
1328,0.0628051757812
1329,0.0642700195312
1330,0.0632934570312
1331,0.0579223632812
1332,0.0576171875
1333,0.0626220703125
1334,0.0589294433594
1335,0.0670166015625
1336,0.0715942382812
1337,0.0792846679688
1338,0.0726928710938
1339,0.0611267089844
1340,0.06982421875
1341,0.0634765625
1342,0.0600280761719
1343,0.0580749511719
1344,0.061767578125
1345,0.0637817382812
1346,0.062744140625
1347,0.0679931640625
1348,0.0
1349,0.010856628418
1350,0.0217895507812
1351,0.0305786132812
1352,0.0344543457031
1353,0.0430603027344
1354,0.052001953125
1355,0.058837890625
1356,0.063720703125
1357,0.0701293945312
1358,0.0697631835938
1359,0.0655517578125
1360,0.062744140625
1361,0.0563049316406
1362,0.055908203125
1363,0.0547485351562
1364,0.0559387207031
1365,0.0593872070312
1366,0.058837890625
1367,0.055908203125
1368,0.0640869140625
1369,0.0613403320312
1370,0.0588684082031
1371,0.0615539550781
1372,0.0640869140625
1373,0.0663452148438
1374,0.0626220703125
1375,0.0674438476562
1376,0.0657348632812
1377,0.0648193359375
1378,0.0669555664062
1379,0.0717163085938
1380,0.0
1381,0.0148468017578
1382,0.0278015136719
1383,0.0343933105469
1384,0.0399475097656
1385,0.0446166992188
1386,0.0439453125
1387,0.0498657226562
1388,0.049072265625
1389,0.0512390136719
1390,0.0550842285156
1391,0.0519409179688
1392,0.0604553222656
1393,0.0704956054688
1394,0.0744018554688
1395,0.0742797851562
1396,0.0778198242188
1397,0.05908203125
1398,0.0614624023438
1399,0.0690307617188
1400,0.0675048828125
1401,0.0609436035156
1402,0.070556640625
1403,0.0670776367188
1404,0.0657348632812
1405,0.0654296875
1406,0.07080078125
1407,0.0619812011719
1408,0.0611267089844
1409,0.0660400390625
1410,0.0693969726562
1411,0.06591796875
1412,0.0
1413,0.0109634399414
1414,0.0237274169922
1415,0.0332641601562
1416,0.0386352539062
1417,0.03759765625
1418,0.0443420410156
1419,0.0458679199219
1420,0.0499267578125
1421,0.0479431152344
1422,0.051513671875
1423,0.0555419921875
1424,0.0540161132812
1425,0.0572204589844
1426,0.0617065429688
1427,0.0584716796875
1428,0.0605773925781
1429,0.0629272460938
1430,0.0699462890625
1431,0.06982421875
1432,0.0723876953125
1433,0.0739135742188
1434,0.0700073242188
1435,0.0693969726562
1436,0.0767211914062
1437,0.083984375
1438,0.068115234375
1439,0.070556640625
1440,0.0623474121094
1441,0.0656127929688
1442,0.0619506835938
1443,0.0653686523438
1444,0.0
1445,0.00946807861328
1446,0.0163116455078
1447,0.0268249511719
1448,0.0304260253906
1449,0.041015625
1450,0.044921875
1451,0.0459289550781
1452,0.0502319335938
1453,0.0498657226562
1454,0.0523071289062
1455,0.0510864257812
1456,0.0540771484375
1457,0.0623779296875
1458,0.0567932128906
1459,0.0621948242188
1460,0.0602416992188
1461,0.0614624023438
1462,0.0667114257812
1463,0.066162109375
1464,0.075439453125
1465,0.0697021484375
1466,0.0698852539062
1467,0.0698852539062
1468,0.067626953125
1469,0.0711669921875
1470,0.0740356445312
1471,0.0665283203125
1472,0.0714721679688
1473,0.0731811523438
1474,0.0741577148438
1475,0.0729370117188
1476,0.0
1477,0.00814056396484
1478,0.0162506103516
1479,0.0232849121094
1480,0.0315856933594
1481,0.0393981933594
1482,0.0469055175781
1483,0.0417785644531
1484,0.0489501953125
1485,0.0555114746094
1486,0.0519714355469
1487,0.0570678710938
1488,0.059326171875
1489,0.0621337890625
1490,0.0541687011719
1491,0.0610961914062
1492,0.0537414550781
1493,0.0575256347656
1494,0.0597229003906
1495,0.0574340820312
1496,0.057861328125
1497,0.0587463378906
1498,0.0599060058594
1499,0.0634765625
1500,0.0599670410156
1501,0.0605773925781
1502,0.0547485351562
1503,0.0592346191406
1504,0.0639038085938
1505,0.0643920898438
1506,0.0642700195312
1507,0.0624084472656
1508,0.0
1509,0.0110855102539
1510,0.0261383056641
1511,0.0372619628906
1512,0.04296875
1513,0.0443115234375
1514,0.0526428222656
1515,0.0559387207031
1516,0.0561218261719
1517,0.0521850585938
1518,0.0478210449219
1519,0.0526733398438
1520,0.0580749511719
1521,0.0675048828125
1522,0.0639038085938
1523,0.0639038085938
1524,0.0572509765625
1525,0.0592041015625
1526,0.06396484375
1527,0.0600891113281
1528,0.0606079101562
1529,0.0614013671875
1530,0.0603332519531
1531,0.0639038085938
1532,0.06689453125
1533,0.0663452148438
1534,0.0669555664062
1535,0.0607604980469
1536,0.0696411132812
1537,0.0677490234375
1538,0.0746459960938
1539,0.0744018554688
1540,0.0
1541,0.0100860595703
1542,0.0207366943359
1543,0.0292205810547
1544,0.0430908203125
1545,0.0545654296875
1546,0.06201171875
1547,0.0648803710938
1548,0.071533203125
1549,0.0790405273438
1550,0.076171875
1551,0.0564575195312
1552,0.0587158203125
1553,0.0513610839844
1554,0.0521850585938
1555,0.05517578125
1556,0.0516662597656
1557,0.0603637695312
1558,0.065185546875
1559,0.0596313476562
1560,0.0615539550781
1561,0.0679321289062
1562,0.0621032714844
1563,0.060546875
38319,0.0596618652344
38320,0.0523681640625
38322,0.0557861328125
38323,0.0564270019531
38324,0.0
38325,0.00648498535156
38326,0.0122756958008
38327,0.0215911865234
38328,0.0258178710938
38329,0.0280914306641
38330,0.0280456542969
38331,0.0315246582031
38332,0.0332641601562
38333,0.03564453125
38334,0.0371704101562
38335,0.0414123535156
38336,0.0408325195312
38337,0.0411682128906
38338,0.0414428710938
38339,0.0456848144531
38340,0.0483093261719
38341,0.0529479980469
38342,0.0514831542969
38343,0.0459289550781
38344,0.0484008789062
38345,0.0428161621094
38346,0.0464172363281
38347,0.0426025390625
38348,0.0406799316406
38349,0.0377197265625
38350,0.0392456054688
38351,0.0416564941406
38352,0.0451049804688
38353,0.0411682128906
38354,0.0446166992188
38355,0.0495910644531
38356,0.0
38357,0.00631713867188
38358,0.0147857666016
38359,0.0231628417969
38360,0.0215301513672
38361,0.0267944335938
38362,0.0272216796875
38363,0.0327453613281
38364,0.0382690429688
38365,0.0472717285156
38366,0.0539855957031
38367,0.0466918945312
38368,0.0484008789062
38369,0.0456237792969
38370,0.0391845703125
38371,0.0425109863281
38372,0.0478820800781
38373,0.0458984375
38374,0.041259765625
38375,0.0400085449219
38376,0.0467834472656
38377,0.0475158691406
38378,0.040771484375
38379,0.0486450195312
38380,0.0406799316406
38381,0.039794921875
38382,0.0385437011719
38383,0.0448913574219
38384,0.0462646484375
38385,0.0462951660156
38386,0.04541015625
38387,0.050048828125
38388,0.0
38389,0.00558090209961
38390,0.0114059448242
38391,0.0182037353516
38392,0.021484375
38393,0.0227661132812
38394,0.0235443115234
38395,0.0263671875
38396,0.0305786132812
38397,0.0296325683594
38398,0.0331115722656
38399,0.0360107421875
38400,0.0391845703125
38401,0.0341491699219
38402,0.0400390625
38403,0.0374145507812
38404,0.0432434082031
38405,0.0450439453125
38406,0.0382995605469
38407,0.0410766601562
38408,0.0387268066406
38409,0.0401000976562
38410,0.0432739257812
38411,0.0419921875
38412,0.0426025390625
38413,0.0456848144531
38414,0.0455017089844
38415,0.0409851074219
38416,0.0429077148438
38417,0.0381774902344
38418,0.0414733886719
38419,0.0425109863281
38420,0.0
38421,0.00497055053711
38422,0.00900268554688
38423,0.0145263671875
38424,0.0175018310547
38425,0.0219421386719
38426,0.0244445800781
38427,0.0324096679688
38428,0.0336608886719
38429,0.0379638671875
38430,0.0443725585938
38431,0.0406799316406
38432,0.0436096191406
38433,0.0352783203125
38434,0.0358276367188
38435,0.0396423339844
38436,0.0348205566406
38437,0.043701171875
38438,0.04296875
38439,0.0447082519531
38440,0.0346374511719
38441,0.0352172851562
38442,0.0366821289062
38443,0.0434875488281
38444,0.034912109375
38445,0.0411987304688
38446,0.0407104492188
38447,0.0399169921875
38448,0.0403137207031
38449,0.0361022949219
38450,0.0402526855469
38451,0.0423278808594
38452,0.0
38453,0.00590515136719
38454,0.0130462646484
38455,0.0156555175781
38456,0.0217590332031
38457,0.0272216796875
38458,0.0311431884766
38459,0.0395202636719
38460,0.0421752929688
38461,0.0423278808594
38462,0.0392456054688
38463,0.0406799316406
38464,0.044677734375
38465,0.0437622070312
38466,0.0498657226562
38467,0.0547485351562
38468,0.046630859375
38469,0.0468444824219
38470,0.0414733886719
38471,0.0440673828125
38472,0.0502319335938
38473,0.0517883300781
38474,0.0562438964844
38475,0.0602111816406
38476,0.0592651367188
38477,0.0563354492188
38478,0.0541687011719
38479,0.0529479980469
38480,0.0518798828125
38481,0.05712890625
38482,0.0509033203125
38483,0.0503845214844
38484,0.0
38485,0.00705337524414
38486,0.0168304443359
38487,0.0201416015625
38488,0.0225677490234
38489,0.0225982666016
38490,0.024169921875
38491,0.0301055908203
38492,0.0311279296875
38493,0.0369567871094
38494,0.0354309082031
38495,0.0328063964844
38496,0.0353088378906
38497,0.0374145507812
38498,0.0397338867188
38499,0.0470886230469
38500,0.0489807128906
38501,0.0540771484375
38502,0.0538635253906
38503,0.0541381835938
38504,0.0523376464844
38505,0.0507507324219
38506,0.0579528808594
38507,0.0591430664062
38508,0.067138671875
38509,0.0657958984375
38510,0.0578918457031
38511,0.0598449707031
38512,0.0586853027344
38513,0.0570983886719
38514,0.0583801269531
38515,0.0616760253906
38516,0.0
38517,0.00476837158203
38518,0.0122375488281
38519,0.0179595947266
38520,0.0238189697266
38521,0.0290374755859
38522,0.0354309082031
38523,0.0325012207031
38524,0.03662109375
38525,0.0443420410156
38526,0.0508728027344
38527,0.0574645996094
38528,0.0591430664062
38529,0.0626220703125
38530,0.0701904296875
38531,0.065673828125
38532,0.0601806640625
38533,0.0716552734375
38534,0.0614318847656
38535,0.0579833984375
38536,0.0621337890625
38537,0.0638427734375
38538,0.066650390625
38539,0.0626831054688
38540,0.0542602539062
38541,0.0472412109375
38542,0.0413818359375
38543,0.0525512695312
38544,0.0548400878906
38545,0.0582885742188
38546,0.0672607421875
38547,0.0682373046875
38548,0.0
38549,0.00628280639648
38550,0.0113525390625
38551,0.0231170654297
38552,0.0259857177734
38553,0.029296875
38554,0.0312805175781
38555,0.0351867675781
38556,0.0339965820312
38557,0.0377197265625
38558,0.0454406738281
38559,0.04931640625
38560,0.0485534667969
38561,0.0521850585938
38562,0.0509948730469
38563,0.0550842285156
38564,0.0561828613281
38565,0.0551452636719
38566,0.0591735839844
38567,0.0622863769531
38568,0.0542602539062
38569,0.05908203125
38570,0.0557861328125
38571,0.0574951171875
38572,0.0559387207031
38573,0.0606079101562
38574,0.0624084472656
38575,0.0622253417969
38576,0.0610961914062
38577,0.0566101074219
38578,0.0588684082031
38579,0.0583801269531
38580,0.0
38581,0.00606918334961
38582,0.0135955810547
38583,0.0197601318359
38584,0.0263671875
38585,0.0217590332031
38586,0.0256805419922
38587,0.0246734619141
38588,0.0271606445312
38589,0.0292510986328
38590,0.0323791503906
38591,0.0337524414062
38592,0.0369262695312
38593,0.0458679199219
38594,0.0438232421875
38595,0.04736328125
38596,0.0530090332031
38597,0.0529174804688
38598,0.0542907714844
38599,0.0521240234375
38600,0.0512390136719
38601,0.0572509765625
38602,0.0449523925781
38603,0.0497131347656
38604,0.0549926757812
38605,0.0396728515625
38606,0.0497741699219
38607,0.0529174804688
38608,0.0466613769531
38609,0.0533752441406
38610,0.0563049316406
38611,0.0518798828125
38612,0.0
38613,0.00616073608398
38614,0.0122375488281
38615,0.0165100097656
38616,0.0257263183594
38617,0.0287475585938
38618,0.0321044921875
38619,0.03466796875
38620,0.0348510742188
38621,0.0366516113281
38622,0.0338134765625
38623,0.0367736816406
38624,0.04345703125
38625,0.044189453125
38626,0.0513000488281
38627,0.052978515625
38628,0.0546875
38629,0.0529174804688
38630,0.0445251464844
38631,0.0501098632812
38632,0.0460205078125
38633,0.0428161621094
38634,0.0476379394531
38635,0.0528259277344
38636,0.0573120117188
38637,0.0569458007812
38638,0.0550537109375
38639,0.0425109863281
38640,0.0458374023438
38641,0.0491027832031
38642,0.0422668457031
38643,0.0435485839844
38644,0.0
38645,0.00614166259766
38646,0.0219879150391
38647,0.0233459472656
38648,0.0258178710938
38649,0.0245666503906
38650,0.0247039794922
38651,0.0298309326172
38652,0.0286254882812
38653,0.0328063964844
38654,0.0401611328125
38655,0.0429077148438
38656,0.0401916503906
38657,0.0429992675781
38658,0.0509338378906
38659,0.0501708984375
38660,0.060791015625
38661,0.0546875
38662,0.0589599609375
38663,0.0580444335938
38664,0.0638427734375
38665,0.0580139160156
38666,0.0652465820312
38667,0.0712890625
38668,0.0689086914062
38669,0.0780029296875
38670,0.0719604492188
38671,0.0742797851562
38672,0.0772705078125
38673,0.0816040039062
38674,0.075439453125
38675,0.0780639648438
38676,0.0
38677,0.00810241699219
38678,0.0148620605469
38679,0.0225067138672
38680,0.0246429443359
38681,0.0365295410156
38682,0.0451354980469
38683,0.0448913574219
38684,0.0554504394531
38685,0.0596923828125
38686,0.0639038085938
38687,0.0596618652344
38688,0.0653686523438
38689,0.0712890625
38690,0.0714721679688
38691,0.082763671875
38692,0.080810546875
38693,0.0823974609375
38694,0.0802001953125
38695,0.0856323242188
38696,0.0917358398438
38697,0.08837890625
38698,0.0923461914062
38699,0.0886840820312
38700,0.0875244140625
38701,0.0836181640625
38702,0.0816650390625
38703,0.0864868164062
38704,0.0845947265625
38705,0.0828247070312
38706,0.0888061523438
38707,0.0848999023438
38708,0.0
38709,0.00482940673828
38710,0.00861358642578
38711,0.0164947509766
38712,0.0281372070312
38713,0.0359497070312
38714,0.0452575683594
38715,0.0512084960938
38716,0.0530395507812
38717,0.0626220703125
38718,0.0595703125
38719,0.0673217773438
38720,0.0601501464844
38721,0.0603332519531
38722,0.0628662109375
38723,0.0589904785156
38724,0.0520935058594
38725,0.0560302734375
38726,0.0651245117188
38727,0.0586242675781
38728,0.0586242675781
38729,0.0692749023438
38730,0.06884765625
38731,0.0653076171875
38732,0.0681762695312
38733,0.071044921875
38734,0.0792236328125
38735,0.0676879882812
38736,0.0697631835938
38737,0.0733642578125
38738,0.0789794921875
38739,0.0831298828125
38740,0.0
38741,0.00455093383789
38742,0.0109481811523
38743,0.0153579711914
38744,0.0217742919922
38745,0.0240631103516
38746,0.0270233154297
38747,0.0267028808594
38748,0.0312042236328
38749,0.0402526855469
38750,0.04296875
38751,0.0413818359375
38752,0.03564453125
38753,0.0411071777344
38754,0.0451965332031
38755,0.0506286621094
38756,0.0382080078125
38757,0.0500793457031
38758,0.0558166503906
38759,0.0536193847656
38760,0.0429077148438
38761,0.05126953125
38762,0.0503234863281
38763,0.0464782714844
38764,0.0450439453125
38765,0.0493469238281
38766,0.0545959472656
38767,0.0604248046875
38768,0.063720703125
38769,0.0665283203125
38770,0.0667114257812
38771,0.0662841796875
38772,0.0
38773,0.00800323486328
38774,0.0127716064453
38775,0.0187072753906
38776,0.0273895263672
38777,0.0292053222656
38778,0.0278625488281
38779,0.0365600585938
38780,0.0411987304688
38781,0.0448303222656
38782,0.0435180664062
38783,0.0453796386719
38784,0.0541381835938
38785,0.0460815429688
38786,0.0489807128906
38787,0.04296875
38788,0.0447692871094
38789,0.0408020019531
38790,0.0462646484375
38791,0.0494689941406
38792,0.0509948730469
38793,0.0486145019531
38794,0.0518493652344
38795,0.0552062988281
38796,0.0505065917969
38797,0.0513916015625
38798,0.0498352050781
38799,0.0525817871094
38800,0.0556640625
38801,0.0542297363281
38802,0.0522766113281
38803,0.0542297363281
38804,0.0
38805,0.0068473815918
38806,0.0118560791016
38807,0.0185852050781
38808,0.0238952636719
38809,0.0288238525391
38810,0.0308532714844
38811,0.0333862304688
38812,0.0344543457031
38813,0.0380554199219
38814,0.0388488769531
38815,0.040771484375
38816,0.0442199707031
38817,0.0475158691406
38818,0.0480041503906
38819,0.0492248535156
38820,0.0463256835938
38821,0.0517578125
38822,0.0529174804688
38823,0.0588684082031
38824,0.0604553222656
38825,0.0511474609375
38826,0.046630859375
38827,0.0529479980469
38828,0.0557861328125
38829,0.0427551269531
38830,0.0504760742188
38831,0.0462341308594
38832,0.0513305664062
38833,0.05810546875
38834,0.0576477050781
38835,0.05908203125
38836,0.0
38837,0.00680923461914
38838,0.0101013183594
38839,0.0149765014648
38840,0.0187683105469
38841,0.0230560302734
38842,0.0254211425781
38843,0.0294952392578
38844,0.0302886962891
38845,0.0352172851562
38846,0.0362243652344
38847,0.0389099121094
38848,0.0381164550781
38849,0.0447387695312
38850,0.0384216308594
38851,0.0415954589844
38852,0.0416564941406
38853,0.0447082519531
38854,0.0447387695312
38855,0.0414733886719
38856,0.0424194335938
38857,0.0443420410156
38858,0.051025390625
38859,0.0471496582031
38860,0.0444641113281
38861,0.0440673828125
38862,0.0424499511719
38863,0.048095703125
38864,0.0472412109375
38865,0.0429992675781
38866,0.0464782714844
38867,0.0440673828125
38868,0.0
38869,0.00714492797852
38870,0.0108642578125
38871,0.0177001953125
38872,0.0242767333984
38873,0.0304565429688
38874,0.03466796875
38875,0.0398559570312
38876,0.0402526855469
38877,0.037841796875
38878,0.0397644042969
38879,0.0427856445312
38880,0.0434875488281
38881,0.0440673828125
38882,0.0382385253906
38883,0.0383911132812
38884,0.0372009277344
38885,0.0413818359375
38886,0.0383605957031
38887,0.0425720214844
38888,0.0394287109375
38889,0.0440979003906
38890,0.0433654785156
38891,0.0417175292969
38892,0.0389709472656
38893,0.0462341308594
38894,0.0454406738281
38895,0.0484313964844
38896,0.0478515625
38897,0.0529479980469
38898,0.0463562011719
38899,0.0498962402344
38900,0.0
38901,0.00643920898438
38902,0.0137252807617
38903,0.0198822021484
38904,0.0241241455078
38905,0.0300750732422
38906,0.0325012207031
38907,0.0346069335938
38908,0.0398864746094
38909,0.0418701171875
38910,0.0448303222656
38911,0.0375061035156
38912,0.0401916503906
38913,0.0438232421875
38914,0.0473937988281
38915,0.0479431152344
38916,0.0475463867188
38917,0.0491638183594
38918,0.0460815429688
38919,0.0521850585938
38920,0.0521850585938
38921,0.0480651855469
38922,0.0489807128906
38923,0.0404968261719
38924,0.0440368652344
38925,0.0489501953125
38926,0.0543212890625
38927,0.0526123046875
38928,0.0586242675781
38929,0.0618591308594
38930,0.0614624023438
38931,0.06640625
38932,0.0
38933,0.00930786132812
38934,0.0119018554688
38935,0.0119247436523
38936,0.0181732177734
38937,0.0215301513672
38938,0.0257110595703
38939,0.0289611816406
38940,0.0335998535156
38941,0.0349426269531
38942,0.0406494140625
38943,0.0426940917969
38944,0.0417785644531
38945,0.0396118164062
38946,0.0390319824219
38947,0.0391540527344
38948,0.0416564941406
38949,0.0421752929688
38950,0.0440673828125
38951,0.0399169921875
38952,0.0401306152344
38953,0.0429382324219
38954,0.0439147949219
38955,0.0419311523438
38956,0.040283203125
38957,0.0430908203125
38958,0.0426330566406
38959,0.0433959960938
38960,0.0510559082031
38961,0.0508728027344
38962,0.052001953125
38963,0.0531311035156
38964,0.0
38965,0.00691986083984
38966,0.0144958496094
38967,0.0238952636719
38968,0.0317993164062
38969,0.0311737060547
38970,0.033447265625
38971,0.0344848632812
38972,0.0417785644531
38973,0.0377807617188
38974,0.0466918945312
38975,0.0458374023438
38976,0.0440673828125
38977,0.0370178222656
38978,0.0426940917969
38979,0.0447387695312
38980,0.0509033203125
38981,0.0536499023438
38982,0.040771484375
38983,0.0426330566406
38984,0.0414733886719
38985,0.0471496582031
38986,0.0540161132812
38987,0.0584411621094
38988,0.0524597167969
38989,0.0487060546875
38990,0.0521545410156
38991,0.06396484375
38992,0.0653076171875
38993,0.0711669921875
38994,0.0718383789062
38995,0.0637817382812
38996,0.0
38997,0.00660705566406
38998,0.0135116577148
38999,0.0209503173828
39000,0.0260314941406
39001,0.0385131835938
39002,0.0310516357422
39003,0.037353515625
39004,0.0437316894531
39005,0.0490112304688
39006,0.0518798828125
39007,0.0462341308594
39008,0.0557250976562
39009,0.0562744140625
39010,0.0620727539062
39011,0.067626953125
39012,0.0466613769531
39013,0.0500183105469
39014,0.0568237304688
39015,0.0617980957031
39016,0.0638427734375
39017,0.0629272460938
39018,0.0634765625
39019,0.0585327148438
39020,0.0634765625
39021,0.0668334960938
39022,0.0713500976562
39023,0.0769653320312
39024,0.0767822265625
39025,0.0806274414062
39026,0.0786743164062
39027,0.0853881835938
39028,0.0
39029,0.00711441040039
39030,0.0106582641602
39031,0.0183868408203
39032,0.0232696533203
39033,0.025146484375
39034,0.0305023193359
39035,0.0313110351562
39036,0.0301971435547
39037,0.0320739746094
39038,0.0341491699219
39039,0.03857421875
39040,0.0414428710938
39041,0.0464172363281
39042,0.0494079589844
39043,0.0515747070312
39044,0.0519409179688
39045,0.0473327636719
39046,0.0501403808594
39047,0.0508422851562
39048,0.0469665527344
39049,0.0476989746094
39050,0.0452575683594
39051,0.0541381835938
39052,0.0515747070312
39053,0.0589294433594
39054,0.0630493164062
39055,0.0599670410156
39056,0.0576477050781
39057,0.0601196289062
39058,0.0643310546875
39059,0.0623168945312
39060,0.0
39061,0.00506973266602
39062,0.0107345581055
39063,0.0143737792969
39064,0.0197601318359
39065,0.0249938964844
39066,0.0270690917969
39067,0.0337524414062
39068,0.0328979492188
39069,0.0365295410156
39070,0.0401611328125
39071,0.0420837402344
39072,0.0380554199219
39073,0.0406494140625
39074,0.0467529296875
39075,0.0447998046875
39076,0.0601501464844
39077,0.0537109375
39078,0.0559997558594
39079,0.06005859375
39080,0.0593566894531
39081,0.0679321289062
39082,0.0711669921875
39083,0.0667724609375
39084,0.07568359375
39085,0.0701904296875
39086,0.0557250976562
39087,0.0620422363281
39088,0.0546875
39089,0.0507507324219
39090,0.0599060058594
39091,0.0682983398438
39092,0.0
39093,0.00853729248047
39094,0.0127487182617
39095,0.0221252441406
39096,0.0224761962891
39097,0.0227508544922
39098,0.031982421875
39099,0.0316467285156
39100,0.0401306152344
39101,0.0413208007812
39102,0.0371704101562
39104,0.0434875488281
39105,0.0403137207031
39106,0.0474243164062
39107,0.0527038574219
39108,0.0540161132812
39109,0.0556640625
39110,0.0595397949219
39111,0.0538940429688
39112,0.0558471679688
39113,0.0578002929688
39114,0.0611877441406
39115,0.0640869140625
39116,0.0642700195312
39117,0.06640625
39118,0.0603332519531
39119,0.0555114746094
39120,0.0514831542969
39121,0.050048828125
39122,0.0542602539062
39123,0.0599060058594
39124,0.0561828613281
39125,0.0
39126,0.0067138671875
39127,0.014762878418
39128,0.0206604003906
39129,0.0224456787109
39130,0.0285339355469
39131,0.0310668945312
39132,0.0360717773438
39133,0.0384521484375
39134,0.0314331054688
39135,0.0361633300781
39136,0.0398254394531
39137,0.0455322265625
39138,0.0443115234375
39139,0.052734375
39140,0.0565185546875
39141,0.0625610351562
39142,0.057861328125
39143,0.0625610351562
39144,0.06396484375
39145,0.0623779296875
39146,0.06591796875
39147,0.0611267089844
39148,0.0535888671875
39149,0.0517578125
39150,0.0506286621094
39151,0.0594787597656
39152,0.066162109375
39153,0.0653076171875
39154,0.0570068359375
39155,0.0634765625
39156,0.0564880371094
39157,0.0
39158,0.00717544555664
39159,0.0141448974609
39160,0.0187683105469
39161,0.0284729003906
39162,0.0286712646484
39163,0.0259857177734
39164,0.0298461914062
39165,0.033447265625
39166,0.0364379882812
39167,0.0364379882812
39168,0.0327453613281
39169,0.0377197265625
39170,0.0421142578125
39171,0.0444946289062
39172,0.0466613769531
39173,0.0436096191406
39174,0.0469665527344
39175,0.0472717285156
39176,0.0429382324219
39177,0.0465393066406
39178,0.0489501953125
39179,0.0495300292969
39180,0.051025390625
39181,0.053955078125
39182,0.0481872558594
39183,0.0483703613281
39184,0.0469055175781
39185,0.0505981445312
39186,0.0543212890625
39187,0.0496520996094
39188,0.0465393066406
39189,0.0
39190,0.00594711303711
39191,0.01220703125
39192,0.0186614990234
39193,0.0224761962891
39194,0.0254669189453
39195,0.0327758789062
39196,0.0337829589844
39197,0.0369567871094
39198,0.0362854003906
39199,0.0366821289062
39200,0.0386352539062
39201,0.0455322265625
39202,0.0418701171875
39203,0.0436401367188
39204,0.0454711914062
39205,0.0429382324219
39206,0.0443725585938
39207,0.0430908203125
39208,0.0470886230469
39209,0.046142578125
39210,0.052001953125
39211,0.0543518066406
39212,0.0526428222656
39213,0.0545959472656
39214,0.0570678710938
39215,0.0497436523438
39216,0.0484008789062
39217,0.0442504882812
39218,0.0460510253906
39219,0.0501403808594
39220,0.0544738769531
39221,0.0
39222,0.00615692138672
39223,0.010139465332
39224,0.0146484375
39225,0.017578125
39226,0.0245513916016
39227,0.0275268554688
39228,0.0323791503906
39229,0.0304870605469
39230,0.039306640625
39231,0.0404052734375
39232,0.0505065917969
39233,0.0474853515625
39234,0.0406799316406
39235,0.0367126464844
39236,0.033203125
39237,0.0361938476562
39238,0.041748046875
39239,0.0434265136719
39240,0.0442810058594
39241,0.0443115234375
39242,0.0509643554688
39243,0.0434875488281
39244,0.0444030761719
39245,0.0440673828125
39246,0.0493774414062
39247,0.0435791015625
39248,0.0426635742188
39249,0.0457153320312
39250,0.043701171875
39251,0.0477905273438
39252,0.0536804199219
39253,0.0
39254,0.00611877441406
39255,0.0112228393555
39256,0.0147705078125
39257,0.0183715820312
39258,0.0237121582031
39259,0.0288696289062
39260,0.0362548828125
39261,0.0385437011719
39262,0.0446472167969
39263,0.0458984375
39264,0.0451965332031
39265,0.04150390625
39266,0.0410461425781
39267,0.0430908203125
39268,0.0492248535156
39269,0.0429077148438
39270,0.0386047363281
39271,0.0470581054688
39272,0.0484924316406
39273,0.054443359375
39274,0.0522155761719
39275,0.0545654296875
39276,0.0606079101562
39277,0.0503234863281
39278,0.0539855957031
39279,0.0554504394531
39280,0.0501708984375
39281,0.0493774414062
39282,0.0516967773438
39283,0.0478210449219
39284,0.0539855957031
39285,0.0
39286,0.00503540039062
39287,0.0105133056641
39288,0.0158081054688
39289,0.0194396972656
39290,0.0226745605469
39291,0.0225067138672
39292,0.0242919921875
39293,0.0321960449219
39294,0.0323486328125
39295,0.03271484375
39296,0.0319213867188
39297,0.0353698730469
39298,0.0377807617188
39299,0.0333557128906
39300,0.0387878417969
39301,0.0389404296875
39302,0.041259765625
39303,0.0413208007812
39304,0.04541015625
39305,0.0448608398438
39306,0.0467834472656
39307,0.0428771972656
39308,0.0451965332031
39309,0.0394592285156
39310,0.0474548339844
39311,0.0433349609375
39312,0.0471496582031
39313,0.0450134277344
39314,0.045166015625
39315,0.0516052246094
39316,0.0570068359375
39317,0.0
39318,0.00383567810059
39319,0.00820159912109
39320,0.0139846801758
39321,0.0185394287109
39322,0.0193634033203
39323,0.0228424072266
39324,0.0248413085938
39325,0.0269775390625
39326,0.0294647216797
39327,0.0312805175781
39328,0.0305938720703
39329,0.0339965820312
39330,0.039794921875
39331,0.0383911132812
39332,0.0454406738281
39333,0.0407409667969
39334,0.0428771972656
39335,0.0458679199219
39336,0.0480651855469
39337,0.0419006347656
39338,0.0422668457031
39339,0.0401916503906
39340,0.0518798828125
39341,0.0445251464844
39342,0.04736328125
39343,0.0467529296875
39344,0.0435180664062
39345,0.0450134277344
39346,0.0404357910156
39347,0.0466003417969
39348,0.0567321777344
39349,0.0
39350,0.00624084472656
39351,0.0138702392578
39352,0.021728515625
39353,0.0235290527344
39354,0.028564453125
39355,0.0266265869141
39356,0.0354309082031
39357,0.0350341796875
39358,0.0348205566406
39359,0.0413208007812
39360,0.04296875
39361,0.0487670898438
39362,0.0504455566406
39363,0.0524597167969
39364,0.0546569824219
39365,0.0519409179688
39366,0.0480346679688
39367,0.0510559082031
39368,0.0490417480469
39369,0.057373046875
39370,0.0560607910156
39371,0.0474243164062
39372,0.0493469238281
39373,0.0554504394531
39374,0.0574035644531
39375,0.0640869140625
39376,0.0605163574219
39377,0.0585327148438
39378,0.0502014160156
39379,0.0542907714844
39380,0.0567932128906
39381,0.0
39382,0.005126953125
39383,0.0104598999023
39384,0.0169677734375
39385,0.0193786621094
39386,0.0249176025391
39387,0.0336303710938
39388,0.0288391113281
39389,0.0320434570312
39390,0.0331115722656
39391,0.0365600585938
39392,0.0340881347656
39393,0.0360717773438
39394,0.032470703125
39395,0.0379333496094
39396,0.0419616699219
39397,0.0404663085938
39398,0.0337524414062
39399,0.0415649414062
39400,0.0412292480469
39401,0.0415649414062
39402,0.0476379394531
39403,0.047119140625
39404,0.0489807128906
39405,0.0517272949219
39406,0.0540466308594
39407,0.0522766113281
39408,0.0558471679688
39409,0.056640625
39410,0.0459899902344
39411,0.0466613769531
39412,0.0458679199219
39413,0.0
39414,0.0107879638672
39415,0.0160827636719
39416,0.0214080810547
39417,0.0304260253906
39418,0.0355834960938
39419,0.0365600585938
39420,0.0490417480469
39421,0.0516967773438
39422,0.0554809570312
39423,0.0373229980469
39424,0.0408325195312
39425,0.0481567382812
39426,0.0592041015625
39427,0.0576171875
39428,0.0550842285156
39429,0.0589904785156
39430,0.06298828125
39431,0.0630493164062
39432,0.0648803710938
39433,0.06396484375
39434,0.0555725097656
39435,0.0551452636719
39436,0.0521545410156
39437,0.0467529296875
39438,0.0492553710938
39439,0.0548400878906
39440,0.0568542480469
39441,0.06396484375
39442,0.0593566894531
39443,0.0603332519531
39444,0.0577087402344
39445,0.0
39446,0.00738525390625
39447,0.0165405273438
39448,0.0215606689453
39449,0.0237426757812
39450,0.0274810791016
39451,0.0272064208984
39452,0.0300903320312
39453,0.032470703125
39454,0.0339965820312
39455,0.0385437011719
39456,0.0374450683594
39457,0.0440979003906
39458,0.0358581542969
39459,0.0391235351562
39460,0.0367736816406
39461,0.0342712402344
39462,0.0390930175781
39463,0.0361633300781
39464,0.0397338867188
39465,0.0426330566406
39466,0.0437927246094
39467,0.0478210449219
39468,0.0478820800781
39469,0.0565490722656
39470,0.0507507324219
39471,0.0513000488281
39472,0.0522155761719
39473,0.0513610839844
39474,0.0495300292969
39475,0.0467529296875
39476,0.054931640625
39477,0.0
39478,0.00603866577148
39479,0.0113983154297
39480,0.0149993896484
39481,0.0226440429688
39482,0.0283813476562
39483,0.0299377441406
39484,0.0262451171875
39485,0.0277404785156
39486,0.0335998535156
39487,0.0364379882812
39488,0.0384826660156
39489,0.0409851074219
39490,0.0413208007812
39491,0.0451049804688
39492,0.0445556640625
39493,0.0493469238281
39494,0.0544738769531
39495,0.0478210449219
39496,0.0574035644531
39497,0.0579528808594
39498,0.0557250976562
39499,0.0597839355469
39500,0.0475463867188
39501,0.0520324707031
39502,0.0568542480469
39503,0.055419921875
39504,0.0499267578125
39505,0.0520935058594
39506,0.0547790527344
39507,0.0610961914062
39508,0.0584716796875
39509,0.0
39510,0.00626373291016
39511,0.0136337280273
39512,0.0235595703125
39513,0.0258636474609
39514,0.0263061523438
39515,0.0257263183594
39516,0.0286560058594
39517,0.0339050292969
39518,0.0344543457031
39519,0.0377197265625
39520,0.0413513183594
39521,0.0391845703125
39522,0.0471496582031
39523,0.0407104492188
39524,0.0456848144531
39525,0.0420837402344
39526,0.0461730957031
39527,0.0504760742188
39528,0.0495300292969
39529,0.0506591796875
39530,0.0443725585938
39531,0.0501098632812
39532,0.0539855957031
39533,0.0545654296875
39534,0.0540771484375
39535,0.0487365722656
39536,0.0513916015625
39537,0.0480346679688
39538,0.0558776855469
39539,0.0606689453125
39540,0.0610961914062
39541,0.0
39542,0.00746536254883
39543,0.0131988525391
39544,0.0189056396484
39545,0.0213317871094
39546,0.0249481201172
39547,0.0285339355469
39548,0.0338439941406
39549,0.041259765625
39550,0.0431213378906
39551,0.0404968261719
39552,0.0431823730469
39553,0.0460510253906
39554,0.0567626953125
39555,0.0506286621094
39556,0.0510864257812
39557,0.0454406738281
39558,0.0508422851562
39559,0.0486450195312
39560,0.0531311035156
39561,0.0524291992188
39562,0.053466796875
39563,0.0449829101562
39564,0.0541076660156
39565,0.054931640625
39566,0.0530395507812
39567,0.0576171875
39568,0.0615844726562
39569,0.0509338378906
39570,0.0582885742188
39571,0.0607299804688
39572,0.0656127929688
39573,0.0
39574,0.00689315795898
39575,0.0157165527344
39576,0.0204162597656
39577,0.0300445556641
39578,0.0301361083984
39579,0.0320434570312
39580,0.0388793945312
39581,0.0358276367188
39582,0.0475463867188
39583,0.0358276367188
39584,0.0381774902344
39585,0.0355224609375
39586,0.0380249023438
39587,0.0403747558594
39588,0.0415954589844
39589,0.0501708984375
39590,0.0535583496094
39591,0.0399169921875
39592,0.0443725585938
39593,0.0461730957031
39594,0.0515441894531
39595,0.0442199707031
39596,0.050537109375
39597,0.0439147949219
39598,0.053955078125
39599,0.0479125976562
39600,0.0563354492188
39601,0.0545349121094
39602,0.0591735839844
39603,0.064453125
39604,0.064453125
39605,0.0
39606,0.00567245483398
39607,0.0127029418945
39608,0.0186309814453
39609,0.0284881591797
39610,0.0345153808594
39611,0.0410766601562
39612,0.0399475097656
39613,0.0459899902344
39614,0.0555419921875
39615,0.0517883300781
39616,0.0592041015625
39617,0.0625
39618,0.05859375
39619,0.0612487792969
39620,0.0737915039062
39621,0.078125
39622,0.0780029296875
39623,0.0792236328125
39624,0.0791015625
39625,0.0810546875
39626,0.0712890625
39627,0.0797119140625
39628,0.0794677734375
39629,0.0858154296875
39630,0.0869140625
39631,0.0899658203125
39632,0.0888671875
39633,0.0872802734375
39634,0.0894775390625
39635,0.087158203125
39636,0.0906372070312
39637,0.0
39638,0.00848388671875
39639,0.0177459716797
39640,0.0273132324219
39641,0.0366821289062
39642,0.0435180664062
39643,0.0506591796875
39644,0.0567321777344
39645,0.0498657226562
39646,0.0603637695312
39647,0.0584106445312
39648,0.0647583007812
39649,0.0657348632812
39650,0.0699462890625
39651,0.0747680664062
39652,0.0777587890625
39653,0.0794677734375
39654,0.0690307617188
39655,0.0769653320312
39656,0.0861206054688
39657,0.084228515625
39658,0.0844116210938
39659,0.0917358398438
39660,0.0919189453125
39661,0.0909423828125
39662,0.0811767578125
39663,0.0880737304688
39664,0.0846557617188
39665,0.0911865234375
39666,0.090087890625
39667,0.095458984375
39668,0.102661132812
39669,0.0
39670,0.00881195068359
39671,0.0146026611328
39672,0.0242614746094
39673,0.0278930664062
39674,0.0345458984375
39675,0.0413818359375
39676,0.0468139648438
39677,0.0489501953125
39678,0.0509338378906
39679,0.0556945800781
39680,0.0511169433594
39681,0.0580139160156
39682,0.0545043945312
39683,0.0595703125
39684,0.0565795898438
39685,0.057861328125
39686,0.0601196289062
39687,0.0589294433594
39688,0.0635375976562
39689,0.0620422363281
39690,0.067626953125
39691,0.0703125
39692,0.0728149414062
39693,0.0737915039062
39694,0.0809936523438
39695,0.078125
39696,0.075927734375
39697,0.0829467773438
39698,0.0833129882812
39699,0.0631103515625
39700,0.063720703125
39701,0.0
39702,0.00807189941406
39703,0.0175933837891
39704,0.0260162353516
39705,0.0333557128906
39706,0.0398559570312
39707,0.0458068847656
39708,0.0456848144531
39709,0.0531005859375
39710,0.0562133789062
39711,0.0630493164062
39712,0.0660400390625
39713,0.0631103515625
39714,0.0645751953125
39715,0.0618286132812
39716,0.0648193359375
39717,0.0619201660156
39718,0.0620422363281
39719,0.0659790039062
39720,0.0637817382812
39721,0.0625610351562
39722,0.067138671875
39723,0.0592346191406
39724,0.0635986328125
39725,0.0559997558594
39726,0.0663452148438
39727,0.06787109375
39728,0.0692138671875
39729,0.0764770507812
39730,0.0811157226562
39731,0.0804443359375
39732,0.0835571289062
39733,0.0
39734,0.00629043579102
39735,0.0149841308594
39736,0.0225677490234
39737,0.0276031494141
39738,0.0329284667969
39739,0.0331420898438
39740,0.0339050292969
39741,0.0390625
39742,0.046875
39743,0.0477600097656
39744,0.0507507324219
39745,0.0515441894531
39746,0.0505676269531
39747,0.053466796875
39748,0.0543212890625
39749,0.0516662597656
39750,0.0543518066406
39751,0.0599365234375
39752,0.0648803710938
39753,0.0648193359375
39754,0.0645751953125
39755,0.0707397460938
39756,0.064697265625
39757,0.0713500976562
39758,0.0707397460938
39759,0.0671997070312
39760,0.065185546875
39761,0.0750122070312
39762,0.0795288085938
39763,0.0819091796875
39764,0.07958984375
39765,0.0
39766,0.00590896606445
39767,0.0127944946289
39768,0.0184173583984
39769,0.0246887207031
39770,0.0267028808594
39771,0.0317993164062
39772,0.0316772460938
39773,0.0296783447266
39774,0.0363464355469
39775,0.0418395996094
39776,0.0448608398438
39777,0.0477600097656
39778,0.0466918945312
39779,0.0437316894531
39780,0.0467834472656
39781,0.0469665527344
39782,0.0540771484375
39783,0.0521545410156
39784,0.0507507324219
39785,0.0544128417969
39786,0.0587158203125
39787,0.0596008300781
39788,0.0697021484375
39789,0.07470703125
39790,0.0797729492188
39791,0.0695190429688
39792,0.074462890625
39793,0.0675048828125
39794,0.0708618164062
39795,0.0762939453125
39796,0.0697631835938
39797,0.0
39798,0.00605773925781
39799,0.0131988525391
39800,0.0156097412109
39801,0.0205078125
39802,0.0234832763672
39803,0.0276794433594
39804,0.0303802490234
39805,0.0382385253906
39806,0.0462036132812
39807,0.0499877929688
39808,0.0434875488281
39809,0.0464477539062
39810,0.0505676269531
39811,0.0494079589844
39812,0.0567626953125
39813,0.0527038574219
39814,0.0572204589844
39815,0.0579833984375
39816,0.0548400878906
39817,0.0552062988281
39818,0.0469360351562
39819,0.06005859375
39820,0.0728149414062
39821,0.0618591308594
39822,0.063720703125
39823,0.0653686523438
39824,0.0660400390625
39825,0.057861328125
39826,0.0542907714844
39827,0.052001953125
39828,0.0511169433594
39829,0.0
39830,0.007568359375
39831,0.0147171020508
39832,0.0251922607422
39833,0.0351867675781
39834,0.0419921875
39835,0.0504150390625
39836,0.0483093261719
39837,0.048828125
39838,0.0563049316406
39839,0.0572204589844
39840,0.0656127929688
39841,0.0548706054688
39842,0.0594177246094
39843,0.06005859375
39844,0.0709228515625
39845,0.0648803710938
39846,0.0691528320312
39847,0.0634155273438
39848,0.0477905273438
39849,0.0492858886719
39850,0.046875
39851,0.0594482421875
39852,0.0521850585938
39853,0.0531311035156
39854,0.0586547851562
39855,0.06396484375
39856,0.0588684082031
39857,0.056396484375
39858,0.0492248535156
39859,0.0492248535156
39860,0.0557861328125
39861,0.0
39862,0.00595474243164
39863,0.0116348266602
39864,0.0169372558594
39865,0.0236053466797
39866,0.0280456542969
39867,0.0401916503906
39868,0.0400085449219
39869,0.0364379882812
39870,0.0432434082031
39871,0.0475158691406
39872,0.05615234375
39873,0.0531616210938
39874,0.064453125
39875,0.068115234375
39876,0.0620727539062
39877,0.0653076171875
39878,0.0513916015625
39879,0.0626220703125
39880,0.065185546875
39881,0.0654907226562
76637,0.0453491210938
76638,0.0427551269531
76640,0.0439453125
76641,0.0460510253906
76642,0.0510559082031
76643,0.0473937988281
76644,0.0524597167969
76645,0.0
76646,0.00696182250977
76647,0.0121688842773
76648,0.0195159912109
76649,0.0267944335938
76650,0.0297088623047
76651,0.0352478027344
76652,0.0373229980469
76653,0.0438232421875
76654,0.0440063476562
76655,0.0435180664062
76656,0.0365905761719
76657,0.0348815917969
76658,0.0357971191406
76659,0.0352172851562
76660,0.0398254394531
76661,0.0436096191406
76662,0.0435180664062
76663,0.0484924316406
76664,0.0534362792969
76665,0.0551452636719
76666,0.0515441894531
76667,0.0493774414062
76668,0.0476379394531
76669,0.0479125976562
76670,0.0505065917969
76671,0.0523376464844
76672,0.0520629882812
76673,0.0480346679688
76674,0.0509643554688
76675,0.05029296875
76676,0.0479125976562
76677,0.0
76678,0.00491714477539
76679,0.0115661621094
76680,0.0171051025391
76681,0.0242309570312
76682,0.0233612060547
76683,0.0300750732422
76684,0.0334777832031
76685,0.0293731689453
76686,0.0297698974609
76687,0.0322570800781
76688,0.0311126708984
76689,0.0301971435547
76690,0.0375671386719
76691,0.0309448242188
76692,0.0329895019531
76693,0.0366821289062
76694,0.0365905761719
76695,0.0341796875
76696,0.0353088378906
76697,0.0361022949219
76698,0.0364685058594
76699,0.0390319824219
76700,0.0364990234375
76701,0.0374755859375
76702,0.0364990234375
76703,0.0409851074219
76704,0.0445861816406
76705,0.0419311523438
76706,0.040283203125
76707,0.0404663085938
76708,0.0517883300781
76709,0.0
76710,0.00608444213867
76711,0.00936126708984
76712,0.0126876831055
76713,0.0194702148438
76714,0.0224761962891
76715,0.0250701904297
76716,0.0274200439453
76717,0.0262908935547
76718,0.0253295898438
76719,0.0254974365234
76720,0.0311737060547
76721,0.0306396484375
76722,0.0317687988281
76723,0.0338134765625
76724,0.032470703125
76725,0.0368347167969
76726,0.0393371582031
76727,0.0403137207031
76728,0.0398254394531
76729,0.0382690429688
76730,0.0417785644531
76731,0.0467529296875
76732,0.0499572753906
76733,0.0574951171875
76734,0.0527038574219
76735,0.0490417480469
76736,0.0413513183594
76737,0.040771484375
76738,0.0405578613281
76739,0.0455932617188
76740,0.0444641113281
76741,0.0
76742,0.00469970703125
76743,0.00875854492188
76744,0.0123443603516
76745,0.0191802978516
76746,0.0258636474609
76747,0.0282440185547
76748,0.033447265625
76749,0.0350646972656
76750,0.0363464355469
76751,0.0341491699219
76752,0.0350341796875
76753,0.0359497070312
76754,0.0360107421875
76755,0.0374450683594
76756,0.0387268066406
76757,0.0406494140625
76758,0.0510864257812
76759,0.0491943359375
76760,0.0506591796875
76761,0.0512084960938
76762,0.0525817871094
76763,0.0513916015625
76764,0.0448608398438
76765,0.0520629882812
76766,0.0477600097656
76767,0.0462036132812
76768,0.0432739257812
76769,0.0384521484375
76770,0.040283203125
76771,0.037841796875
76772,0.0391845703125
76773,0.0
76774,0.00566482543945
76775,0.0105056762695
76776,0.0159301757812
76777,0.0187835693359
76778,0.0218811035156
76779,0.0306549072266
76780,0.0271606445312
76781,0.0301818847656
76782,0.0350952148438
76783,0.0386047363281
76784,0.0407409667969
76785,0.0423583984375
76786,0.0473022460938
76787,0.0387878417969
76788,0.0392150878906
76789,0.0468444824219
76790,0.0563049316406
76791,0.0532836914062
76792,0.0556030273438
76793,0.0520629882812
76794,0.0382995605469
76795,0.0459899902344
76796,0.0397033691406
76797,0.0470275878906
76798,0.0448913574219
76799,0.0523681640625
76800,0.0535278320312
76801,0.0543823242188
76802,0.0537414550781
76803,0.0494079589844
76804,0.0480346679688
76805,0.0
76806,0.00567626953125
76807,0.0106353759766
76808,0.0172576904297
76809,0.02099609375
76810,0.0296630859375
76811,0.0294036865234
76812,0.0308685302734
76813,0.0370788574219
76814,0.044677734375
76815,0.0455932617188
76816,0.0442504882812
76817,0.0408935546875
76818,0.0342407226562
76819,0.0454406738281
76820,0.0481262207031
76821,0.0459594726562
76822,0.0446472167969
76823,0.0458984375
76824,0.0496215820312
76825,0.0520935058594
76826,0.0509033203125
76827,0.0475463867188
76828,0.0580139160156
76829,0.0577087402344
76830,0.0599365234375
76831,0.0606994628906
76832,0.0564575195312
76833,0.05859375
76834,0.0522766113281
76835,0.0527648925781
76836,0.0478210449219
76837,0.0
76838,0.00938415527344
76839,0.0146331787109
76840,0.0218048095703
76841,0.0250396728516
76842,0.0287322998047
76843,0.03515625
76844,0.0343933105469
76845,0.04150390625
76846,0.0451354980469
76847,0.0410461425781
76848,0.0436706542969
76849,0.0390930175781
76850,0.04541015625
76851,0.0477905273438
76852,0.04833984375
76853,0.0502624511719
76854,0.0433349609375
76855,0.0529174804688
76856,0.052734375
76857,0.0492553710938
76858,0.0556640625
76859,0.0492553710938
76860,0.0516357421875
76861,0.0487670898438
76862,0.0423583984375
76863,0.0482177734375
76864,0.0480651855469
76865,0.0560607910156
76866,0.0572509765625
76867,0.0600280761719
76868,0.0603637695312
76869,0.0
76870,0.00619506835938
76871,0.0103607177734
76872,0.0157928466797
76873,0.0200347900391
76874,0.0215606689453
76875,0.0244293212891
76876,0.0297088623047
76877,0.0320434570312
76878,0.0332641601562
76879,0.0316162109375
76880,0.0324096679688
76881,0.033935546875
76882,0.0321044921875
76883,0.0367126464844
76884,0.0424499511719
76885,0.0449523925781
76886,0.047607421875
76887,0.0482177734375
76888,0.0498657226562
76889,0.0526733398438
76890,0.0565795898438
76891,0.0527954101562
76892,0.0575866699219
76893,0.0621643066406
76894,0.0648803710938
76895,0.0645141601562
76896,0.0550231933594
76897,0.0528869628906
76898,0.0541076660156
76899,0.0588989257812
76900,0.067626953125
76901,0.0
76902,0.00419998168945
76903,0.0112075805664
76904,0.0153732299805
76905,0.0217132568359
76906,0.0247955322266
76907,0.0300750732422
76908,0.0367736816406
76909,0.0347595214844
76910,0.0368347167969
76911,0.0421142578125
76912,0.0378723144531
76913,0.0407104492188
76914,0.0387268066406
76915,0.0446166992188
76916,0.0437316894531
76917,0.0433654785156
76918,0.0390625
76919,0.0452575683594
76920,0.0481262207031
76921,0.0455017089844
76922,0.0447387695312
76923,0.048095703125
76924,0.0491027832031
76925,0.0555419921875
76926,0.0497131347656
76927,0.0409851074219
76928,0.0492553710938
76929,0.0580139160156
76930,0.0544128417969
76931,0.05810546875
76932,0.062744140625
76933,0.0
76934,0.00545501708984
76935,0.0103302001953
76936,0.0142288208008
76937,0.0157470703125
76938,0.0209808349609
76939,0.0232696533203
76940,0.0284729003906
76941,0.0320739746094
76942,0.03515625
76943,0.0351257324219
76944,0.0398864746094
76945,0.0370178222656
76946,0.0374145507812
76947,0.0395812988281
76948,0.0392761230469
76949,0.0399780273438
76950,0.040283203125
76951,0.0437316894531
76952,0.0408325195312
76953,0.0349426269531
76954,0.0342407226562
76955,0.0369567871094
76956,0.0350036621094
76957,0.0375061035156
76958,0.037353515625
76959,0.0386962890625
76960,0.0418090820312
76961,0.0421752929688
76962,0.0477905273438
76963,0.0509338378906
76964,0.0545349121094
76965,0.0
76966,0.00891876220703
76967,0.0169830322266
76968,0.02783203125
76969,0.0321960449219
76970,0.03515625
76971,0.042724609375
76972,0.04833984375
76973,0.0391845703125
76974,0.0377502441406
76975,0.0445556640625
76976,0.0498352050781
76977,0.0546264648438
76978,0.0502624511719
76979,0.048095703125
76980,0.0462341308594
76981,0.0482482910156
76982,0.0490417480469
76983,0.0478210449219
76984,0.0518798828125
76985,0.0476684570312
76986,0.0508422851562
76987,0.0437316894531
76988,0.0453186035156
76989,0.0484008789062
76990,0.05078125
76991,0.0438842773438
76992,0.0430297851562
76993,0.0414428710938
76994,0.0433044433594
76995,0.0416870117188
76996,0.0421142578125
76997,0.0
76998,0.00468444824219
76999,0.010498046875
77000,0.0160369873047
77001,0.0221405029297
77002,0.0243530273438
77003,0.0308990478516
77004,0.0318908691406
77005,0.031005859375
77006,0.0325622558594
77007,0.0313110351562
77008,0.0360107421875
77009,0.0357055664062
77010,0.0421752929688
77011,0.0469055175781
77012,0.045166015625
77013,0.0447692871094
77014,0.0450439453125
77015,0.0492858886719
77016,0.0440063476562
77017,0.0486450195312
77018,0.0468444824219
77019,0.0459899902344
77020,0.0413208007812
77021,0.0403747558594
77022,0.0448913574219
77023,0.0434875488281
77024,0.0487670898438
77025,0.0507202148438
77026,0.04345703125
77027,0.044677734375
77028,0.0491638183594
77029,0.0
77030,0.00399398803711
77031,0.00996398925781
77032,0.0146179199219
77033,0.0175476074219
77034,0.0191040039062
77035,0.023193359375
77036,0.0255126953125
77037,0.0269775390625
77038,0.0294494628906
77039,0.035888671875
77040,0.0384826660156
77041,0.0312194824219
77042,0.0321655273438
77043,0.0320434570312
77044,0.0309600830078
77045,0.035888671875
77046,0.0376586914062
77047,0.0379943847656
77048,0.0442504882812
77049,0.0401306152344
77050,0.0351867675781
77051,0.0370178222656
77052,0.0409545898438
77053,0.0415344238281
77054,0.0422668457031
77055,0.0462951660156
77056,0.0442810058594
77057,0.04052734375
77058,0.0447387695312
77059,0.0404968261719
77060,0.0421142578125
77061,0.0
77062,0.00603866577148
77063,0.0100631713867
77064,0.0218048095703
77065,0.024169921875
77066,0.0294494628906
77067,0.0352172851562
77068,0.0395202636719
77069,0.0390319824219
77070,0.0347595214844
77071,0.0408325195312
77072,0.0384521484375
77073,0.0409545898438
77074,0.0418090820312
77075,0.0376586914062
77076,0.0416870117188
77077,0.0460815429688
77078,0.0429382324219
77079,0.0489501953125
77080,0.0488891601562
77081,0.0504455566406
77082,0.0519104003906
77083,0.0516357421875
77084,0.050048828125
77085,0.0547485351562
77086,0.0490417480469
77087,0.05517578125
77088,0.0570373535156
77089,0.0569152832031
77090,0.0515747070312
77091,0.0448303222656
77092,0.0416259765625
77093,0.0
77094,0.00383567810059
77095,0.00754547119141
77096,0.00957489013672
77097,0.0169830322266
77098,0.0223083496094
77099,0.0242309570312
77100,0.0240783691406
77101,0.0269470214844
77102,0.033203125
77103,0.0299835205078
77104,0.0321044921875
77105,0.03857421875
77106,0.0380249023438
77107,0.0372009277344
77108,0.0377197265625
77109,0.0366516113281
77110,0.0428161621094
77111,0.0380859375
77112,0.0428466796875
77113,0.04833984375
77114,0.048095703125
77115,0.0454711914062
77116,0.0485229492188
77117,0.0481872558594
77118,0.04638671875
77119,0.0526733398438
77120,0.0497436523438
77121,0.0419616699219
77122,0.0419006347656
77123,0.043701171875
77124,0.0489501953125
77125,0.0
77126,0.00400543212891
77127,0.00800323486328
77128,0.0129623413086
77129,0.0164337158203
77130,0.0180053710938
77131,0.02001953125
77132,0.0238189697266
77133,0.0269165039062
77134,0.0260925292969
77135,0.0287780761719
77136,0.0297241210938
77137,0.0268859863281
77138,0.0315856933594
77139,0.0321044921875
77140,0.0339965820312
77141,0.0338745117188
77142,0.0305023193359
77143,0.0306854248047
77144,0.0330505371094
77145,0.0332336425781
77146,0.0353698730469
77147,0.0382995605469
77148,0.0353393554688
77149,0.0377197265625
77150,0.0364990234375
77151,0.0372009277344
77152,0.0389709472656
77153,0.0437927246094
77154,0.0404052734375
77155,0.0405578613281
77156,0.0431213378906
77157,0.0
77158,0.00530242919922
77159,0.0106201171875
77160,0.0143814086914
77161,0.0183410644531
77162,0.018798828125
77163,0.0238494873047
77164,0.0245819091797
77165,0.0281982421875
77166,0.0336303710938
77167,0.0287933349609
77168,0.0356140136719
77169,0.03515625
77170,0.0327453613281
77171,0.0322265625
77172,0.0353393554688
77173,0.0416870117188
77174,0.0436706542969
77175,0.0447082519531
77176,0.0431823730469
77177,0.0488891601562
77178,0.0505981445312
77179,0.0488586425781
77180,0.0459289550781
77181,0.0411071777344
77182,0.0439453125
77183,0.0474548339844
77184,0.0480041503906
77185,0.0453186035156
77186,0.0422058105469
77187,0.0416870117188
77188,0.0438842773438
77189,0.0
77190,0.00506591796875
77191,0.0124740600586
77192,0.0188293457031
77193,0.023681640625
77194,0.0257415771484
77195,0.0301208496094
77196,0.0347900390625
77197,0.0393371582031
77198,0.0382385253906
77199,0.0347900390625
77200,0.0342102050781
77201,0.0402526855469
77202,0.0341796875
77203,0.0367126464844
77204,0.0411682128906
77205,0.0401611328125
77206,0.0474548339844
77207,0.0464172363281
77208,0.039794921875
77209,0.0436096191406
77210,0.044189453125
77211,0.0425109863281
77212,0.041015625
77213,0.0440063476562
77214,0.0431823730469
77215,0.0516052246094
77216,0.0534362792969
77217,0.0490417480469
77218,0.04638671875
77219,0.0498352050781
77220,0.0439758300781
77221,0.0
77222,0.00553894042969
77223,0.0145111083984
77224,0.0218505859375
77225,0.0265808105469
77226,0.0310974121094
77227,0.0320434570312
77228,0.0278472900391
77229,0.0290679931641
77230,0.0321655273438
77231,0.0362548828125
77232,0.0387268066406
77233,0.0376281738281
77234,0.0437927246094
77235,0.0404663085938
77236,0.0438232421875
77237,0.051025390625
77238,0.0481567382812
77239,0.0534362792969
77240,0.0555419921875
77241,0.0500183105469
77242,0.0453796386719
77243,0.0477905273438
77244,0.0443420410156
77245,0.0527954101562
77246,0.0511474609375
77247,0.0417175292969
77248,0.0419921875
77249,0.0352172851562
77250,0.0382385253906
77251,0.04150390625
77252,0.0449829101562
77253,0.0
77254,0.00642013549805
77255,0.0121536254883
77256,0.018310546875
77257,0.0195770263672
77258,0.0234680175781
77259,0.0265350341797
77260,0.0273132324219
77261,0.0285949707031
77262,0.0316467285156
77263,0.0363159179688
77264,0.0379028320312
77265,0.0413818359375
77266,0.0321044921875
77267,0.0339660644531
77268,0.0344543457031
77269,0.0345153808594
77270,0.0354919433594
77271,0.0361633300781
77272,0.0357055664062
77273,0.0384216308594
77274,0.037109375
77275,0.0377502441406
77276,0.0385437011719
77277,0.0354919433594
77278,0.0378112792969
77279,0.0378112792969
77280,0.03955078125
77281,0.0396728515625
77282,0.0549011230469
77283,0.0524597167969
77284,0.0500793457031
77285,0.0
77286,0.00632858276367
77287,0.0102005004883
77288,0.0176086425781
77289,0.0199737548828
77290,0.0221862792969
77291,0.0239868164062
77292,0.0281524658203
77293,0.0318298339844
77294,0.037353515625
77295,0.0390319824219
77296,0.0394897460938
77297,0.041748046875
77298,0.0375061035156
77299,0.0393981933594
77300,0.0439453125
77301,0.0469665527344
77302,0.0462951660156
77303,0.0472106933594
77304,0.0516967773438
77305,0.0532836914062
77306,0.0487670898438
77307,0.0469665527344
77308,0.0443115234375
77309,0.0497741699219
77310,0.048828125
77311,0.0548400878906
77312,0.0634765625
77313,0.0610961914062
77314,0.0630493164062
77315,0.0594177246094
77316,0.05859375
77317,0.0
77318,0.00852966308594
77319,0.0146026611328
77320,0.0205230712891
77321,0.0215301513672
77322,0.0289916992188
77323,0.0349426269531
77324,0.0361328125
77325,0.0347900390625
77326,0.04052734375
77327,0.0307464599609
77328,0.0350646972656
77329,0.0363464355469
77330,0.0347900390625
77331,0.036376953125
77332,0.0392761230469
77333,0.0384216308594
77334,0.0396423339844
77335,0.0434265136719
77336,0.0460815429688
77337,0.0484619140625
77338,0.0467834472656
77339,0.047119140625
77340,0.0522766113281
77341,0.0597839355469
77342,0.0521240234375
77343,0.0514831542969
77344,0.0579528808594
77345,0.05712890625
77346,0.0578002929688
77347,0.0598449707031
77348,0.0564575195312
77349,0.0
77350,0.00681304931641
77351,0.0144729614258
77352,0.0198516845703
77353,0.0298919677734
77354,0.0320739746094
77355,0.0357971191406
77356,0.0404663085938
77357,0.036865234375
77358,0.0430297851562
77359,0.0447082519531
77360,0.0486145019531
77361,0.0534973144531
77362,0.0487060546875
77363,0.046142578125
77364,0.0455627441406
77365,0.0465698242188
77366,0.0464477539062
77367,0.0546569824219
77368,0.0580749511719
77369,0.0532836914062
77370,0.0532836914062
77371,0.049560546875
77372,0.0580444335938
77373,0.0602416992188
77374,0.0578308105469
77375,0.0563354492188
77376,0.059814453125
77377,0.0662841796875
77378,0.0557861328125
77379,0.0581665039062
77380,0.0605163574219
77381,0.0
77382,0.00703048706055
77383,0.0133514404297
77384,0.0193328857422
77385,0.0248870849609
77386,0.031494140625
77387,0.0311584472656
77388,0.033203125
77389,0.0350036621094
77390,0.0442810058594
77391,0.0415344238281
77392,0.0440673828125
77393,0.0480651855469
77394,0.0444946289062
77395,0.0438537597656
77396,0.0469055175781
77397,0.0498352050781
77398,0.05029296875
77399,0.0545959472656
77400,0.0425109863281
77401,0.0365600585938
77402,0.0430297851562
77403,0.0413513183594
77404,0.0509033203125
77405,0.0419311523438
77406,0.0438842773438
77407,0.0475769042969
77408,0.0440368652344
77409,0.0490112304688
77410,0.0521545410156
77411,0.0478515625
77412,0.052001953125
77413,0.0
77414,0.00532913208008
77415,0.011474609375
77416,0.0178680419922
77417,0.0227508544922
77418,0.0253753662109
77419,0.0272216796875
77420,0.028564453125
77422,0.0300140380859
77423,0.0334167480469
77424,0.0366821289062
77425,0.0364685058594
77426,0.0470275878906
77427,0.0451354980469
77428,0.0459289550781
77429,0.0491638183594
77430,0.0403442382812
77431,0.0412292480469
77432,0.0399780273438
77433,0.0408935546875
77434,0.0429992675781
77435,0.0445556640625
77436,0.048095703125
77437,0.050537109375
77438,0.0484924316406
77439,0.0533752441406
77440,0.0540466308594
77441,0.0547180175781
77442,0.0628662109375
77443,0.0594482421875
77444,0.0631103515625
77445,0.0701293945312
77446,0.0
77447,0.00532913208008
77448,0.0106735229492
77449,0.0154342651367
77450,0.0194091796875
77451,0.0230255126953
77452,0.0302581787109
77453,0.034912109375
77454,0.0391845703125
77455,0.0390930175781
77456,0.0422973632812
77457,0.0369567871094
77458,0.0343017578125
77459,0.041015625
77460,0.0393981933594
77461,0.0439453125
77462,0.043701171875
77463,0.0407104492188
77464,0.0419616699219
77465,0.0520629882812
77466,0.0451354980469
77467,0.0476379394531
77468,0.0491638183594
77469,0.0496520996094
77470,0.0514221191406
77471,0.0590515136719
77472,0.0451049804688
77473,0.0439758300781
77474,0.0514221191406
77475,0.05419921875
77476,0.05712890625
77477,0.0557861328125
77478,0.0
77479,0.00746536254883
77480,0.0117645263672
77481,0.0198669433594
77482,0.025634765625
77483,0.0322265625
77484,0.0408020019531
77485,0.0490417480469
77486,0.0398864746094
77487,0.0509643554688
77488,0.0441284179688
77489,0.0492858886719
77490,0.0492248535156
77491,0.0554809570312
77492,0.0441284179688
77493,0.0418090820312
77494,0.0450744628906
77495,0.05078125
77496,0.0462646484375
77497,0.0467529296875
77498,0.0509948730469
77499,0.0565795898438
77500,0.0491333007812
77501,0.0475158691406
77502,0.0466613769531
77503,0.0559997558594
77504,0.0586547851562
77505,0.0508422851562
77506,0.0501403808594
77507,0.0513610839844
77508,0.0477905273438
77509,0.0481262207031
77510,0.0
77511,0.00785064697266
77512,0.013298034668
77513,0.0153198242188
77514,0.0204772949219
77515,0.0263519287109
77516,0.0328369140625
77517,0.0359802246094
77518,0.0363464355469
77519,0.0298004150391
77520,0.0325317382812
77521,0.0365295410156
77522,0.0437316894531
77523,0.0438842773438
77524,0.0523376464844
77525,0.044189453125
77526,0.047119140625
77527,0.05322265625
77528,0.04638671875
77529,0.0529174804688
77530,0.0615844726562
77531,0.0670166015625
77532,0.0537719726562
77533,0.0618591308594
77534,0.0692138671875
77535,0.0601806640625
77536,0.0634155273438
77537,0.0711059570312
77538,0.06787109375
77539,0.0714721679688
77540,0.0587768554688
77541,0.0559387207031
77542,0.0
77543,0.007568359375
77544,0.0160369873047
77545,0.0247344970703
77546,0.0293579101562
77547,0.0362548828125
77548,0.0407104492188
77549,0.0476684570312
77550,0.0556640625
77551,0.056884765625
77552,0.060302734375
77553,0.0612487792969
77554,0.0668334960938
77555,0.0697021484375
77556,0.0682373046875
77557,0.0617065429688
77558,0.0692749023438
77559,0.069091796875
77560,0.0718383789062
77561,0.0686645507812
77562,0.06640625
77563,0.0654907226562
77564,0.0587158203125
77565,0.0643920898438
77566,0.0695190429688
77567,0.0712890625
77568,0.0687866210938
77569,0.0736083984375
77570,0.0634155273438
77571,0.0689697265625
77572,0.0625610351562
77573,0.0647583007812
77574,0.0
77575,0.00557708740234
77576,0.0137405395508
77577,0.0203247070312
77578,0.0302886962891
77579,0.0325012207031
77580,0.0339660644531
77581,0.0361328125
77582,0.0415344238281
77583,0.0420532226562
77584,0.0492858886719
77585,0.0472717285156
77586,0.0482788085938
77587,0.0474853515625
77588,0.0506591796875
77589,0.0514831542969
77590,0.0553283691406
77591,0.0519104003906
77592,0.0584106445312
77593,0.05615234375
77594,0.0610656738281
77595,0.0555114746094
77596,0.0600280761719
77597,0.0608825683594
77598,0.0595703125
77599,0.0633544921875
77600,0.064208984375
77601,0.0651245117188
77602,0.0703735351562
77603,0.0669555664062
77604,0.0679931640625
77605,0.0706787109375
77606,0.0
77607,0.00505447387695
77608,0.0120849609375
77609,0.017578125
77610,0.0220184326172
77611,0.0254364013672
77612,0.0299377441406
77613,0.0352172851562
77614,0.0381469726562
77615,0.0343933105469
77616,0.0395812988281
77617,0.0417785644531
77618,0.0465393066406
77619,0.0489501953125
77620,0.0472412109375
77621,0.0490112304688
77622,0.0482482910156
77623,0.0476379394531
77624,0.0479431152344
77625,0.0525207519531
77626,0.0571899414062
77627,0.0570068359375
77628,0.0559387207031
77629,0.0524597167969
77630,0.0604248046875
77631,0.0616455078125
77632,0.0623168945312
77633,0.0554809570312
77634,0.0582580566406
77635,0.067138671875
77636,0.0556640625
77637,0.052734375
77638,0.0
77639,0.00551223754883
77640,0.0133056640625
77641,0.014045715332
77642,0.0182189941406
77643,0.0207061767578
77644,0.0234069824219
77645,0.0292053222656
77646,0.0293273925781
77647,0.0344848632812
77648,0.0418395996094
77649,0.0401306152344
77650,0.0368347167969
77651,0.0448303222656
77652,0.0455017089844
77653,0.0382995605469
77654,0.039794921875
77655,0.0447998046875
77656,0.0462341308594
77657,0.04052734375
77658,0.0411071777344
77659,0.0409851074219
77660,0.0454711914062
77661,0.0400695800781
77662,0.0399475097656
77663,0.0392150878906
77664,0.0463562011719
77665,0.0459899902344
77666,0.0459899902344
77667,0.0479125976562
77668,0.044189453125
77669,0.0402221679688
77670,0.0
77671,0.00503921508789
77672,0.0139617919922
77673,0.0185089111328
77674,0.0176239013672
77675,0.0227661132812
77676,0.0233612060547
77677,0.0297393798828
77678,0.0363464355469
77679,0.0389709472656
77680,0.030517578125
77681,0.0330810546875
77682,0.0341491699219
77683,0.0375671386719
77684,0.0384216308594
77685,0.0404357910156
77686,0.0383911132812
77687,0.0435791015625
77688,0.0438537597656
77689,0.0440673828125
77690,0.0429992675781
77691,0.045166015625
77692,0.0477294921875
77693,0.0486450195312
77694,0.0395202636719
77695,0.0433349609375
77696,0.0465087890625
77697,0.0463562011719
77698,0.0491333007812
77699,0.0516662597656
77700,0.0532836914062
77701,0.0560607910156
77702,0.0
77703,0.00603103637695
77704,0.0115585327148
77705,0.0192413330078
77706,0.0254516601562
77707,0.0278778076172
77708,0.0331115722656
77709,0.0344848632812
77710,0.0401000976562
77711,0.0428771972656
77712,0.0350646972656
77713,0.0382385253906
77714,0.0396423339844
77715,0.0388488769531
77716,0.0403137207031
77717,0.0367431640625
77718,0.0377502441406
77719,0.0403442382812
77720,0.0469055175781
77721,0.0475158691406
77722,0.0475463867188
77723,0.0537719726562
77724,0.0521850585938
77725,0.0474853515625
77726,0.0479431152344
77727,0.0483093261719
77728,0.0458374023438
77729,0.0497131347656
77730,0.0518493652344
77731,0.0531311035156
77732,0.0535583496094
77733,0.0526733398438
77734,0.0
77735,0.00614547729492
77736,0.0121917724609
77737,0.0171508789062
77738,0.0196838378906
77739,0.0226135253906
77740,0.0233917236328
77741,0.0245666503906
77742,0.03076171875
77743,0.0309753417969
77744,0.0345153808594
77745,0.0354614257812
77746,0.0313720703125
77747,0.035400390625
77748,0.03564453125
77749,0.0333862304688
77750,0.0379028320312
77751,0.0414733886719
77752,0.0436706542969
77753,0.0472106933594
77754,0.0396423339844
77755,0.0393371582031
77756,0.0401000976562
77757,0.0427551269531
77758,0.04638671875
77759,0.0496520996094
77760,0.04443359375
77761,0.0436096191406
77762,0.0467529296875
77763,0.0476989746094
77764,0.0442199707031
77765,0.0432434082031
77766,0.0
77767,0.00497436523438
77768,0.00919342041016
77769,0.0131988525391
77770,0.0186004638672
77771,0.0245971679688
77772,0.0281829833984
77773,0.0330505371094
77774,0.0308227539062
77775,0.03173828125
77776,0.0327758789062
77777,0.0397644042969
77778,0.0408630371094
77779,0.0408630371094
77780,0.0372314453125
77781,0.0442199707031
77782,0.0408630371094
77783,0.0443115234375
77784,0.0453186035156
77785,0.0443725585938
77786,0.0437927246094
77787,0.0440368652344
77788,0.0487976074219
77789,0.0523986816406
77790,0.0492248535156
77791,0.0501098632812
77792,0.0533752441406
77793,0.0540466308594
77794,0.0441589355469
77795,0.05224609375
77796,0.0546875
77797,0.051513671875
77798,0.0
77799,0.00718688964844
77800,0.0116119384766
77801,0.0156097412109
77802,0.0203857421875
77803,0.0222320556641
77804,0.0286102294922
77805,0.0357055664062
77806,0.038330078125
77807,0.0384826660156
77808,0.0403747558594
77809,0.03857421875
77810,0.0429992675781
77811,0.0382385253906
77812,0.0428161621094
77813,0.0448303222656
77814,0.0479125976562
77815,0.0462646484375
77816,0.0481872558594
77817,0.0471496582031
77818,0.0520629882812
77819,0.0501708984375
77820,0.0503845214844
77821,0.0480651855469
77822,0.0461730957031
77823,0.0431518554688
77824,0.0451049804688
77825,0.0487976074219
77826,0.0458068847656
77827,0.0480346679688
77828,0.0454406738281
77829,0.0468444824219
77830,0.0
77831,0.00519180297852
77832,0.010498046875
77833,0.0128479003906
77834,0.0166625976562
77835,0.0194396972656
77836,0.0230255126953
77837,0.0261077880859
77838,0.0268707275391
77839,0.0284118652344
77840,0.0332336425781
77841,0.0325927734375
77842,0.0388793945312
77843,0.0411071777344
77844,0.040283203125
77845,0.0394592285156
77846,0.0399780273438
77847,0.0433349609375
77848,0.0379943847656
77849,0.0364074707031
77850,0.0366821289062
77851,0.0361633300781
77852,0.039306640625
77853,0.0403442382812
77854,0.0417785644531
77855,0.0386962890625
77856,0.0381469726562
77857,0.0400695800781
77858,0.0424499511719
77859,0.0393981933594
77860,0.0442504882812
77861,0.0433349609375
77862,0.0
77863,0.00597763061523
77864,0.0155563354492
77865,0.0213775634766
77866,0.0208282470703
77867,0.0236053466797
77868,0.0248870849609
77869,0.0278778076172
77870,0.0339965820312
77871,0.0374145507812
77872,0.0442199707031
77873,0.0382080078125
77874,0.0391845703125
77875,0.0407409667969
77876,0.0424194335938
77877,0.0394287109375
77878,0.0426025390625
77879,0.0424194335938
77880,0.0408935546875
77881,0.0421142578125
77882,0.0386047363281
77883,0.0366821289062
77884,0.0396728515625
77885,0.0361022949219
77886,0.0387878417969
77887,0.0428771972656
77888,0.0415954589844
77889,0.0395202636719
77890,0.0391845703125
77891,0.04150390625
77892,0.0416870117188
77893,0.0489196777344
77894,0.0
77895,0.0068473815918
77896,0.0145568847656
77897,0.0178527832031
77898,0.0278167724609
77899,0.0312805175781
77900,0.0323486328125
77901,0.0320129394531
77902,0.0379638671875
77903,0.0378112792969
77904,0.0390014648438
77905,0.04248046875
77906,0.0398559570312
77907,0.0370483398438
77908,0.0360717773438
77909,0.0359802246094
77910,0.0387878417969
77911,0.0404357910156
77912,0.0437622070312
77913,0.0419311523438
77914,0.0439758300781
77915,0.0471801757812
77916,0.0469665527344
77917,0.0443115234375
77918,0.0371398925781
77919,0.038330078125
77920,0.0357971191406
77921,0.04443359375
77922,0.0426025390625
77923,0.0455017089844
77924,0.05810546875
77925,0.0523681640625
77926,0.0
77927,0.00390625
77928,0.00823974609375
77929,0.0147476196289
77930,0.0202941894531
77931,0.0256958007812
77932,0.0290374755859
77933,0.02978515625
77934,0.0311889648438
77935,0.0360107421875
77936,0.0420227050781
77937,0.0450134277344
77938,0.0445251464844
77939,0.0489501953125
77940,0.0480041503906
77941,0.0452270507812
77942,0.0464172363281
77943,0.0490417480469
77944,0.0570983886719
77945,0.0531921386719
77946,0.0441589355469
77947,0.04248046875
77948,0.043701171875
77949,0.042236328125
77950,0.0466003417969
77951,0.0478820800781
77952,0.0423889160156
77953,0.0492248535156
77954,0.0386047363281
77955,0.0441284179688
77956,0.0462036132812
77957,0.0459594726562
77958,0.0
77959,0.0058708190918
77960,0.0115814208984
77961,0.017578125
77962,0.0230712890625
77963,0.0273590087891
77964,0.0362854003906
77965,0.0443420410156
77966,0.0407104492188
77967,0.0456848144531
77968,0.0439453125
77969,0.0540466308594
77970,0.0535278320312
77971,0.0568237304688
77972,0.0639038085938
77973,0.0558166503906
77974,0.0569458007812
77975,0.0522766113281
77976,0.0478820800781
77977,0.0430908203125
77978,0.0508728027344
77979,0.0541687011719
77980,0.0559387207031
77981,0.0548400878906
77982,0.0520324707031
77983,0.0530395507812
77984,0.0591430664062
77985,0.06396484375
77986,0.0621337890625
77987,0.0570068359375
77988,0.0624084472656
77989,0.0640258789062
77990,0.0
77991,0.00514984130859
77992,0.0105895996094
77993,0.0156555175781
77994,0.0180358886719
77995,0.0256042480469
77996,0.0308837890625
77997,0.0357360839844
77998,0.03515625
77999,0.0336303710938
78000,0.0327453613281
78001,0.0406799316406
78002,0.0435180664062
78003,0.0476989746094
78004,0.0453491210938
78005,0.0441284179688
78006,0.0477294921875
78007,0.0494995117188
78008,0.046142578125
78009,0.0454406738281
78010,0.0458679199219
78011,0.0496215820312
78012,0.0476989746094
78013,0.0452575683594
78014,0.052001953125
78015,0.05712890625
78016,0.05810546875
78017,0.0469360351562
78018,0.0575561523438
78019,0.0496520996094
78020,0.0551452636719
78021,0.0576782226562
78022,0.0
78023,0.00483322143555
78024,0.0107421875
78025,0.0161437988281
78026,0.0203399658203
78027,0.0249481201172
78028,0.0309753417969
78029,0.0338134765625
78030,0.0420532226562
78031,0.0445251464844
78032,0.04833984375
78033,0.0428466796875
78034,0.049560546875
78035,0.0513000488281
78036,0.0562744140625
78037,0.0592041015625
78038,0.0547180175781
78039,0.0565185546875
78040,0.0613403320312
78041,0.0643920898438
78042,0.0538635253906
78043,0.05517578125
78044,0.0612487792969
78045,0.0617980957031
78046,0.0626831054688
78047,0.0639038085938
78048,0.0535278320312
78049,0.059326171875
78050,0.0610961914062
78051,0.0682373046875
78052,0.060302734375
78053,0.0558471679688
78054,0.0
78055,0.0089111328125
78056,0.0182495117188
78057,0.0252838134766
78058,0.0284118652344
78059,0.0364074707031
78060,0.03857421875
78061,0.0401000976562
78062,0.04541015625
78063,0.0379638671875
78064,0.0430908203125
78065,0.0502014160156
78066,0.0491333007812
78067,0.0510559082031
78068,0.0521240234375
78069,0.055908203125
78070,0.0423889160156
78071,0.0521240234375
78072,0.049560546875
78073,0.0605773925781
78074,0.0509338378906
78075,0.0521850585938
78076,0.0585632324219
78077,0.0614929199219
78078,0.0583190917969
78079,0.0557861328125
78080,0.0569458007812
78081,0.063232421875
78082,0.05419921875
78083,0.0619506835938
78084,0.0605163574219
78085,0.0652465820312
78086,0.0
78087,0.00753402709961
78088,0.0174255371094
78089,0.0267486572266
78090,0.0366821289062
78091,0.035888671875
78092,0.0405883789062
78093,0.0436706542969
78094,0.0517883300781
78095,0.0543518066406
78096,0.0588073730469
78097,0.0497436523438
78098,0.0588684082031
78099,0.0595092773438
78100,0.0569152832031
78101,0.0675048828125
78102,0.0609130859375
78103,0.0555114746094
78104,0.0588684082031
78105,0.0618591308594
78106,0.0631713867188
78107,0.0541381835938
78108,0.0588684082031
78109,0.0617370605469
78110,0.0584411621094
78111,0.0643310546875
78112,0.0628662109375
78113,0.0645751953125
78114,0.0677490234375
78115,0.0722045898438
78116,0.0762329101562
78117,0.0783081054688
78118,0.0
78119,0.00590133666992
78120,0.00833129882812
78121,0.0151672363281
78122,0.0218505859375
78123,0.0258941650391
78124,0.033935546875
78125,0.03662109375
78126,0.0420532226562
78127,0.0470275878906
78128,0.0498046875
78129,0.0573425292969
78130,0.0558166503906
78131,0.059326171875
78132,0.0503540039062
78133,0.0574340820312
78134,0.0564880371094
78135,0.0629272460938
78136,0.0577697753906
78137,0.0634155273438
78138,0.0702514648438
78139,0.07177734375
78140,0.0744018554688
78141,0.067626953125
78142,0.0659790039062
78143,0.0708618164062
78144,0.0767822265625
78145,0.0728759765625
78146,0.069091796875
78147,0.0659790039062
78148,0.0654296875
78149,0.0726928710938
78150,0.0
78151,0.0100860595703
78152,0.0207977294922
78153,0.0292510986328
78154,0.0365905761719
78155,0.0364685058594
78156,0.0448913574219
78157,0.0421447753906
78158,0.0415649414062
78159,0.0539245605469
78160,0.0564575195312
78161,0.0545349121094
78162,0.0615234375
78163,0.0690307617188
78164,0.0674438476562
78165,0.0703735351562
78166,0.0673828125
78167,0.0711059570312
78168,0.0745849609375
78169,0.0739135742188
78170,0.076416015625
78171,0.07470703125
78172,0.0772094726562
78173,0.07080078125
78174,0.0731811523438
78175,0.0714111328125
78176,0.0714721679688
78177,0.0726318359375
78178,0.0729370117188
78179,0.0659790039062
78180,0.0648803710938
78181,0.0684814453125
78182,0.0
78183,0.006591796875
78184,0.0137634277344
78185,0.0224914550781
78186,0.0316162109375
78187,0.0394287109375
78188,0.0411682128906
78189,0.0410461425781
78190,0.0460815429688
78191,0.0414428710938
78192,0.0476684570312
78193,0.0448608398438
78194,0.050537109375
78195,0.0416564941406
78196,0.0530395507812
78197,0.05908203125
78198,0.0633544921875
78199,0.068115234375
78200,0.0639038085938
78201,0.0623779296875
78202,0.0578918457031
