4,0.09375
5,0.046875
6,0.046875
7,0.0625
8,0.046875
9,0.03125
10,0.078125
11,0.078125
12,0.0625
13,0.078125
14,0.03125
15,0.046875
16,0.015625
17,0.125
18,0.0
19,0.046875
20,0.03125
21,0.0625
22,0.03125
23,0.03125
24,0.0
25,0.046875
26,0.046875
27,0.046875
28,0.03125
29,0.0
30,0.046875
31,0.0625
32,0.109375
33,0.03125
34,0.109375
35,0.046875
36,0.03125
37,0.015625
38,0.03125
39,0.03125
40,0.015625
41,0.03125
42,0.03125
43,0.015625
44,0.03125
45,0.03125
46,0.078125
47,0.0625
48,0.046875
49,0.078125
50,0.140625
51,0.03125
52,0.046875
53,0.0
54,0.109375
55,0.0625
56,0.125
57,0.140625
58,0.046875
59,0.046875
60,0.078125
61,0.0625
62,0.0625
63,0.046875
64,0.078125
65,0.09375
66,0.109375
67,0.0625
68,0.09375
69,0.125
70,0.125
71,0.15625
72,0.0625
73,0.0625
74,0.0625
75,0.015625
76,0.078125
77,0.046875
78,0.03125
79,0.0625
80,0.109375
81,0.09375
82,0.09375
83,0.15625
84,0.0625
85,0.0
86,0.109375
87,0.078125
88,0.046875
89,0.09375
90,0.09375
91,0.109375
92,0.078125
93,0.046875
94,0.078125
95,0.109375
96,0.0625
97,0.046875
98,0.203125
99,0.046875
100,0.078125
101,0.125
102,0.09375
103,0.09375
104,0.09375
105,0.09375
106,0.046875
107,0.109375
108,0.0625
109,0.125
110,0.0625
111,0.03125
112,0.140625
113,0.0625
114,0.109375
115,0.09375
116,0.0625
117,0.046875
118,0.125
119,0.078125
120,0.078125
121,0.046875
122,0.078125
123,0.125
124,0.078125
125,0.078125
126,0.109375
127,0.0625
128,0.078125
129,0.046875
130,0.109375
131,0.046875
132,0.09375
133,0.046875
134,0.15625
135,0.078125
136,0.0625
137,0.109375
138,0.015625
139,0.046875
140,0.03125
141,0.0625
142,0.125
143,0.046875
144,0.046875
145,0.09375
146,0.078125
147,0.09375
148,0.0625
149,0.0625
150,0.078125
151,0.078125
152,0.09375
153,0.0625
154,0.109375
155,0.09375
156,0.03125
157,0.125
158,0.046875
159,0.0625
160,0.078125
161,0.03125
162,0.09375
163,0.109375
164,0.078125
165,0.03125
166,0.046875
167,0.078125
168,0.015625
169,0.03125
170,0.078125
171,0.109375
172,0.03125
173,0.109375
174,0.125
175,0.046875
176,0.109375
177,0.125
178,0.0625
179,0.078125
180,0.03125
181,0.03125
182,0.046875
183,0.078125
184,0.046875
185,0.03125
186,0.078125
187,0.03125
188,0.046875
189,0.09375
190,0.046875
191,0.09375
192,0.109375
193,0.0625
194,0.0625
195,0.0625
196,0.125
197,0.140625
198,0.03125
199,0.078125
200,0.0625
201,0.078125
202,0.0625
203,0.078125
204,0.140625
205,0.109375
206,0.09375
207,0.09375
208,0.078125
209,0.109375
210,0.0625
211,0.015625
212,0.046875
213,0.078125
214,0.015625
215,0.03125
216,0.046875
217,0.140625
218,0.09375
219,0.140625
220,0.078125
221,0.046875
222,0.078125
223,0.0625
224,0.09375
225,0.15625
226,0.03125
227,0.109375
228,0.0625
229,0.09375
230,0.109375
231,0.046875
232,0.09375
233,0.0625
234,0.03125
235,0.125
236,0.046875
237,0.0625
238,0.09375
239,0.0625
240,0.09375
241,0.078125
242,0.078125
243,0.0625
244,0.03125
245,0.078125
246,0.0625
247,0.0625
248,0.09375
249,0.015625
250,0.140625
251,0.046875
252,0.0625
253,0.109375
254,0.0625
255,0.125
256,0.03125
257,0.09375
258,0.078125
259,0.09375
260,0.03125
261,0.09375
262,0.140625
263,0.171875
264,0.140625
265,0.09375
266,0.125
267,0.015625
268,0.0625
269,0.03125
270,0.078125
271,0.109375
272,0.109375
273,0.109375
274,0.125
275,0.140625
276,0.078125
277,0.03125
278,0.125
279,0.109375
280,0.0625
281,0.078125
282,0.015625
283,0.046875
284,0.078125
285,0.125
286,0.140625
287,0.046875
288,0.078125
289,0.046875
290,0.078125
291,0.109375
292,0.046875
293,0.09375
294,0.046875
295,0.03125
296,0.109375
297,0.0625
298,0.0625
299,0.0625
300,0.046875
301,0.109375
302,0.09375
303,0.109375
304,0.0625
305,0.0625
306,0.0625
307,0.046875
308,0.078125
309,0.0625
310,0.03125
311,0.125
312,0.125
313,0.0625
314,0.09375
315,0.140625
316,0.046875
317,0.09375
318,0.140625
319,0.0625
320,0.046875
321,0.125
322,0.078125
323,0.09375
324,0.046875
325,0.109375
326,0.046875
327,0.046875
328,0.03125
329,0.046875
330,0.09375
331,0.09375
332,0.0625
333,0.078125
334,0.0625
335,0.0625
336,0.078125
337,0.078125
338,0.09375
339,0.078125
340,0.0625
341,0.125
342,0.078125
343,0.09375
344,0.03125
345,0.03125
346,0.125
347,0.046875
348,0.0625
349,0.0625
350,0.078125
351,0.078125
352,0.140625
353,0.0625
354,0.0625
355,0.0625
356,0.0625
357,0.09375
358,0.046875
359,0.078125
360,0.140625
361,0.09375
362,0.09375
363,0.09375
364,0.09375
365,0.109375
366,0.03125
367,0.0625
368,0.109375
369,0.09375
370,0.09375
371,0.109375
372,0.078125
373,0.0625
374,0.078125
375,0.140625
376,0.09375
377,0.125
378,0.0625
379,0.09375
380,0.046875
381,0.046875
382,0.046875
383,0.109375
384,0.109375
385,0.125
386,0.09375
387,0.046875
388,0.109375
389,0.0625
390,0.0625
391,0.0625
392,0.078125
393,0.046875
394,0.03125
395,0.046875
396,0.0625
397,0.109375
398,0.109375
399,0.0625
400,0.046875
401,0.078125
402,0.109375
403,0.09375
404,0.125
405,0.0625
406,0.078125
407,0.09375
408,0.078125
409,0.09375
410,0.03125
411,0.078125
412,0.078125
413,0.09375
414,0.015625
415,0.09375
416,0.046875
417,0.125
418,0.09375
419,0.046875
420,0.0625
421,0.078125
422,0.0625
423,0.078125
424,0.0625
425,0.125
426,0.03125
427,0.078125
428,0.03125
429,0.078125
430,0.046875
431,0.03125
432,0.046875
433,0.03125
434,0.078125
435,0.046875
436,0.03125
437,0.0625
438,0.125
439,0.109375
440,0.09375
441,0.03125
442,0.140625
443,0.015625
444,0.046875
445,0.09375
446,0.0625
447,0.109375
448,0.109375
449,0.0625
450,0.0625
451,0.125
452,0.09375
453,0.125
454,0.140625
455,0.15625
456,0.09375
457,0.078125
458,0.125
459,0.015625
460,0.046875
461,0.078125
462,0.09375
463,0.0625
464,0.0625
465,0.109375
466,0.0625
467,0.0625
468,0.078125
469,0.0625
470,0.125
471,0.09375
472,0.078125
473,0.09375
474,0.125
475,0.046875
476,0.046875
477,0.046875
478,0.03125
479,0.0625
480,0.125
481,0.09375
482,0.015625
483,0.078125
484,0.046875
485,0.09375
486,0.140625
487,0.09375
488,0.078125
489,0.078125
490,0.078125
491,0.09375
492,0.078125
493,0.109375
494,0.046875
495,0.0625
496,0.140625
497,0.046875
498,0.0625
499,0.046875
500,0.046875
501,0.109375
502,0.046875
503,0.078125
504,0.046875
505,0.0625
506,0.0625
507,0.03125
508,0.09375
509,0.140625
510,0.078125
511,0.109375
512,0.0625
513,0.015625
514,0.21875
515,0.078125
516,0.09375
517,0.125
518,0.109375
519,0.046875
520,0.0625
521,0.09375
522,0.109375
523,0.109375
524,0.09375
525,0.109375
526,0.109375
527,0.0625
528,0.15625
529,0.078125
530,0.15625
531,0.078125
532,0.046875
533,0.09375
534,0.0625
535,0.078125
536,0.078125
537,0.09375
538,0.125
539,0.046875
540,0.0625
541,0.140625
542,0.046875
543,0.0625
544,0.046875
545,0.046875
546,0.09375
547,0.078125
548,0.0625
549,0.125
550,0.0625
551,0.078125
552,0.078125
553,0.15625
554,0.078125
555,0.15625
556,0.140625
557,0.046875
558,0.078125
559,0.078125
560,0.0625
561,0.140625
562,0.0625
563,0.0625
564,0.078125
565,0.078125
566,0.125
567,0.125
568,0.0625
569,0.078125
570,0.09375
571,0.09375
572,0.078125
573,0.046875
574,0.09375
575,0.0
576,0.078125
577,0.125
578,0.0625
579,0.0625
580,0.015625
581,0.09375
582,0.078125
583,0.0625
584,0.0625
585,0.078125
586,0.078125
587,0.078125
588,0.03125
589,0.078125
590,0.09375
591,0.078125
592,0.046875
593,0.125
594,0.09375
595,0.109375
596,0.125
597,0.09375
598,0.140625
599,0.171875
600,0.140625
601,0.15625
602,0.046875
603,0.09375
604,0.0625
605,0.109375
606,0.109375
607,0.046875
608,0.046875
609,0.078125
610,0.03125
611,0.078125
612,0.046875
613,0.109375
614,0.09375
615,0.109375
616,0.078125
617,0.09375
618,0.15625
619,0.09375
620,0.109375
621,0.03125
622,0.140625
623,0.046875
624,0.078125
625,0.046875
626,0.0625
627,0.078125
628,0.09375
629,0.078125
630,0.078125
631,0.109375
632,0.109375
633,0.15625
634,0.09375
635,0.140625
636,0.078125
637,0.109375
638,0.09375
639,0.03125
640,0.0625
641,0.125
642,0.078125
643,0.078125
644,0.140625
645,0.0625
646,0.03125
647,0.078125
648,0.125
649,0.078125
650,0.0625
651,0.0625
652,0.171875
653,0.046875
654,0.0625
655,0.078125
656,0.109375
657,0.109375
658,0.109375
659,0.046875
660,0.140625
661,0.15625
662,0.125
663,0.078125
664,0.046875
665,0.0625
666,0.15625
667,0.0625
668,0.0625
669,0.09375
670,0.125
671,0.140625
672,0.109375
673,0.0625
674,0.109375
675,0.09375
676,0.078125
677,0.109375
678,0.125
679,0.171875
680,0.0625
681,0.15625
682,0.109375
683,0.140625
684,0.09375
685,0.0625
686,0.140625
687,0.109375
688,0.046875
689,0.046875
690,0.015625
691,0.0625
692,0.046875
693,0.09375
694,0.140625
695,0.09375
696,0.03125
697,0.09375
698,0.125
699,0.15625
700,0.140625
701,0.109375
702,0.15625
703,0.078125
704,0.140625
705,0.046875
706,0.109375
707,0.140625
708,0.09375
709,0.0625
710,0.109375
711,0.203125
712,0.0625
713,0.125
714,0.09375
715,0.03125
716,0.140625
717,0.03125
718,0.078125
719,0.1875
720,0.09375
721,0.046875
722,0.078125
723,0.046875
724,0.125
725,0.109375
726,0.09375
727,0.15625
728,0.140625
729,0.125
730,0.09375
731,0.078125
732,0.0625
733,0.171875
734,0.203125
735,0.171875
736,0.078125
737,0.078125
738,0.125
739,0.109375
740,0.109375
741,0.109375
742,0.109375
743,0.078125
744,0.09375
745,0.046875
746,0.109375
747,0.078125
748,0.09375
749,0.109375
750,0.046875
751,0.046875
752,0.078125
753,0.140625
754,0.140625
755,0.109375
756,0.140625
757,0.09375
758,0.078125
759,0.046875
760,0.109375
761,0.078125
762,0.0625
763,0.109375
764,0.109375
765,0.109375
766,0.09375
767,0.0625
768,0.09375
769,0.078125
770,0.09375
771,0.1875
772,0.125
773,0.078125
774,0.109375
775,0.125
776,0.046875
777,0.140625
778,0.0625
779,0.0625
780,0.140625
781,0.125
782,0.125
783,0.109375
784,0.140625
786,0.078125
787,0.21875
788,0.140625
789,0.109375
790,0.171875
791,0.140625
792,0.078125
793,0.09375
794,0.0625
795,0.078125
796,0.125
797,0.0625
798,0.15625
799,0.0625
800,0.109375
801,0.046875
802,0.09375
803,0.140625
804,0.078125
805,0.15625
806,0.078125
807,0.140625
808,0.1875
809,0.109375
810,0.078125
811,0.078125
812,0.078125
813,0.078125
814,0.109375
815,0.125
816,0.046875
817,0.109375
818,0.0625
819,0.109375
820,0.140625
821,0.078125
822,0.109375
823,0.125
824,0.078125
825,0.09375
826,0.0625
827,0.171875
828,0.171875
829,0.09375
830,0.078125
831,0.15625
832,0.140625
833,0.140625
834,0.09375
835,0.109375
836,0.125
837,0.078125
838,0.078125
839,0.078125
840,0.15625
841,0.125
842,0.046875
843,0.078125
844,0.125
845,0.1875
846,0.078125
847,0.171875
848,0.09375
849,0.09375
850,0.09375
851,0.125
852,0.125
853,0.125
854,0.109375
855,0.09375
856,0.125
857,0.078125
858,0.1875
859,0.140625
860,0.140625
861,0.109375
862,0.1875
863,0.078125
864,0.078125
865,0.109375
866,0.09375
867,0.109375
868,0.125
869,0.109375
870,0.078125
871,0.125
872,0.0625
873,0.1875
874,0.125
875,0.140625
876,0.0625
877,0.0625
878,0.109375
879,0.046875
880,0.0625
881,0.078125
882,0.125
883,0.09375
884,0.125
885,0.140625
886,0.125
887,0.109375
888,0.0625
889,0.078125
890,0.109375
891,0.09375
892,0.125
893,0.140625
894,0.125
895,0.09375
896,0.078125
897,0.0625
898,0.09375
899,0.09375
900,0.078125
901,0.09375
902,0.171875
903,0.109375
904,0.078125
905,0.09375
906,0.1875
907,0.09375
908,0.140625
909,0.15625
910,0.1875
911,0.15625
912,0.15625
913,0.0625
914,0.0625
915,0.15625
916,0.234375
917,0.078125
918,0.046875
919,0.109375
920,0.078125
921,0.078125
922,0.15625
923,0.03125
924,0.109375
925,0.140625
926,0.078125
927,0.171875
928,0.109375
929,0.109375
930,0.078125
931,0.078125
932,0.125
933,0.140625
934,0.109375
935,0.125
936,0.078125
937,0.09375
938,0.09375
939,0.171875
940,0.125
941,0.046875
942,0.09375
943,0.171875
944,0.09375
945,0.109375
946,0.140625
947,0.109375
948,0.140625
949,0.09375
950,0.171875
951,0.078125
952,0.125
953,0.125
954,0.03125
955,0.078125
956,0.125
957,0.078125
958,0.078125
959,0.109375
960,0.125
961,0.109375
962,0.078125
963,0.125
964,0.125
965,0.140625
966,0.09375
967,0.078125
968,0.109375
969,0.078125
970,0.109375
971,0.125
972,0.09375
973,0.0625
974,0.078125
975,0.140625
976,0.078125
977,0.125
978,0.046875
979,0.140625
980,0.09375
981,0.1875
982,0.125
983,0.125
984,0.125
985,0.109375
986,0.0625
987,0.140625
988,0.15625
989,0.140625
990,0.09375
991,0.09375
992,0.125
993,0.171875
994,0.09375
995,0.09375
996,0.140625
997,0.171875
998,0.15625
999,0.046875
1000,0.09375
1001,0.140625
1002,0.171875
1003,0.125
1004,0.078125
1005,0.140625
1006,0.046875
1007,0.15625
1008,0.078125
1009,0.171875
1010,0.125
1011,0.078125
1012,0.140625
1013,0.078125
1014,0.1875
1015,0.09375
1016,0.09375
1017,0.09375
1018,0.03125
1019,0.140625
1020,0.09375
1021,0.09375
1022,0.078125
1023,0.125
1024,0.09375
1025,0.0625
1026,0.09375
1027,0.125
1028,0.09375
1029,0.15625
1030,0.078125
1031,0.125
1032,0.125
1033,0.109375
1034,0.15625
1035,0.171875
1036,0.0625
1037,0.09375
1038,0.0625
1039,0.140625
1040,0.0625
1041,0.15625
1042,0.140625
1043,0.140625
1044,0.046875
1045,0.15625
1046,0.125
1047,0.125
1048,0.203125
1049,0.125
1050,0.125
1051,0.109375
1052,0.125
1053,0.109375
1054,0.125
1055,0.09375
1056,0.125
1057,0.125
1058,0.171875
1059,0.078125
1060,0.09375
1061,0.03125
1062,0.09375
1063,0.109375
1064,0.0625
1065,0.125
1066,0.140625
1067,0.109375
1068,0.09375
1069,0.109375
1070,0.15625
1071,0.09375
1072,0.109375
1073,0.09375
1074,0.140625
1075,0.125
1076,0.140625
1077,0.109375
1078,0.15625
1079,0.109375
1080,0.125
1081,0.1875
1082,0.140625
1083,0.125
1084,0.203125
1085,0.140625
1086,0.140625
1087,0.140625
1088,0.0625
1089,0.078125
1090,0.140625
1091,0.09375
1092,0.0625
1093,0.140625
1094,0.109375
1095,0.046875
1096,0.078125
1097,0.09375
1098,0.140625
1099,0.078125
1100,0.15625
1101,0.1875
1102,0.109375
1103,0.0625
1104,0.0625
1105,0.140625
1106,0.125
1107,0.203125
1108,0.09375
1109,0.109375
1110,0.109375
1111,0.171875
1112,0.046875
1113,0.078125
1114,0.15625
1115,0.140625
1116,0.109375
1117,0.140625
1118,0.078125
1119,0.046875
1120,0.0625
1121,0.140625
1122,0.140625
1123,0.046875
1124,0.09375
1125,0.125
1126,0.09375
1127,0.1875
1128,0.109375
1129,0.078125
1130,0.109375
1131,0.140625
1132,0.125
1133,0.125
1134,0.125
1135,0.109375
1136,0.0625
1137,0.09375
1138,0.140625
1139,0.203125
1140,0.15625
1141,0.109375
1142,0.21875
1143,0.171875
1144,0.0625
1145,0.125
1146,0.1875
1147,0.15625
1148,0.140625
1149,0.09375
1150,0.078125
1151,0.125
1152,0.140625
1153,0.140625
1154,0.1875
1155,0.078125
1156,0.109375
1157,0.109375
1158,0.171875
1159,0.109375
1160,0.1875
1161,0.078125
1162,0.140625
1163,0.15625
1164,0.09375
1165,0.140625
1166,0.109375
1167,0.21875
1168,0.109375
1169,0.203125
1170,0.109375
1171,0.125
1172,0.109375
1173,0.078125
1174,0.171875
1175,0.09375
1176,0.203125
1177,0.078125
1178,0.140625
1179,0.1875
1180,0.125
1181,0.09375
1182,0.109375
1183,0.078125
1184,0.0625
1185,0.078125
1186,0.09375
1187,0.171875
1188,0.109375
1189,0.171875
1190,0.15625
1191,0.171875
1192,0.15625
1193,0.171875
1194,0.0625
1195,0.1875
1196,0.078125
1197,0.125
1198,0.09375
1199,0.0625
1200,0.140625
1201,0.171875
1202,0.0625
1203,0.125
1204,0.0625
1205,0.140625
1206,0.078125
1207,0.109375
1208,0.09375
1209,0.21875
1210,0.125
1211,0.125
1212,0.140625
1213,0.125
1214,0.0625
1215,0.109375
1216,0.078125
1217,0.125
1218,0.109375
1219,0.0625
1220,0.109375
1221,0.09375
1222,0.21875
1223,0.09375
1224,0.125
1225,0.078125
1226,0.15625
1227,0.125
1228,0.125
1229,0.1875
1230,0.15625
1231,0.078125
1232,0.109375
1233,0.078125
1234,0.15625
1235,0.140625
1236,0.15625
1237,0.15625
1238,0.1875
1239,0.109375
1240,0.15625
1241,0.125
1242,0.109375
1243,0.078125
1244,0.09375
1245,0.046875
1246,0.15625
1247,0.171875
1248,0.109375
1249,0.109375
1250,0.15625
1251,0.078125
1252,0.171875
1253,0.09375
1254,0.21875
1255,0.15625
1256,0.09375
1257,0.203125
1258,0.078125
1259,0.15625
1260,0.109375
1261,0.125
1262,0.203125
1263,0.125
1264,0.171875
1265,0.1875
1266,0.15625
1267,0.078125
1268,0.109375
1269,0.140625
1270,0.171875
1271,0.09375
1272,0.09375
1273,0.109375
1274,0.140625
1275,0.09375
1276,0.1875
1277,0.09375
1278,0.15625
1279,0.140625
1280,0.140625
1281,0.171875
1282,0.140625
1283,0.140625
1284,0.125
1285,0.078125
1286,0.171875
1287,0.15625
1288,0.125
1289,0.15625
1290,0.078125
1291,0.203125
1292,0.09375
1293,0.09375
1294,0.09375
1295,0.15625
1296,0.109375
1297,0.078125
1298,0.09375
1299,0.0625
1300,0.171875
1301,0.125
1302,0.109375
1303,0.171875
1304,0.1875
1305,0.109375
1306,0.046875
1307,0.140625
1308,0.203125
1309,0.125
1310,0.171875
1311,0.140625
1312,0.109375
1313,0.15625
1314,0.140625
1315,0.125
1316,0.15625
1317,0.125
1318,0.09375
1319,0.09375
1320,0.078125
1321,0.109375
1322,0.109375
1323,0.140625
1324,0.125
1325,0.09375
1326,0.140625
1327,0.109375
1328,0.171875
1329,0.109375
1330,0.265625
1331,0.140625
1332,0.171875
1333,0.140625
1334,0.140625
1335,0.09375
1336,0.140625
1337,0.125
1338,0.109375
1339,0.140625
1340,0.09375
1341,0.125
1342,0.109375
1343,0.078125
1344,0.09375
1345,0.265625
1346,0.1875
1347,0.125
1348,0.15625
1349,0.171875
1350,0.0625
1351,0.171875
1352,0.09375
1353,0.140625
1354,0.15625
1355,0.125
1356,0.125
1357,0.171875
1358,0.109375
1359,0.125
1360,0.140625
1361,0.15625
1362,0.140625
1363,0.171875
1364,0.140625
1365,0.15625
1366,0.171875
1367,0.0625
1368,0.125
1369,0.109375
1370,0.140625
1371,0.09375
1372,0.0625
1373,0.09375
1374,0.140625
1375,0.15625
1376,0.09375
1377,0.125
1378,0.1875
1379,0.09375
1380,0.03125
1381,0.140625
1382,0.078125
1383,0.125
1384,0.140625
1385,0.140625
1386,0.125
1387,0.125
1388,0.15625
1389,0.125
1390,0.171875
1391,0.09375
1392,0.109375
1393,0.1875
1394,0.140625
1395,0.15625
1396,0.140625
1397,0.0625
1398,0.046875
1399,0.109375
1400,0.140625
1401,0.15625
1402,0.078125
1403,0.140625
1404,0.125
1405,0.09375
1406,0.125
1407,0.125
1408,0.125
1409,0.125
1410,0.0625
1411,0.21875
1412,0.15625
1413,0.125
1414,0.171875
1415,0.15625
1416,0.109375
1417,0.125
1418,0.203125
1419,0.078125
1420,0.171875
1421,0.125
1422,0.140625
1423,0.140625
1424,0.078125
1425,0.0625
1426,0.078125
1427,0.15625
1428,0.140625
1429,0.140625
1430,0.125
1431,0.140625
1432,0.140625
1433,0.21875
1434,0.21875
1435,0.09375
1436,0.0625
1437,0.125
1438,0.125
1439,0.203125
1440,0.109375
1441,0.125
1442,0.125
1443,0.09375
1444,0.171875
1445,0.15625
1446,0.1875
1447,0.171875
1448,0.140625
1449,0.125
1450,0.109375
1451,0.0625
1452,0.140625
1453,0.09375
1454,0.0625
1455,0.21875
1456,0.171875
1457,0.1875
1458,0.109375
1459,0.140625
1460,0.0625
1461,0.125
1462,0.03125
1463,0.09375
1464,0.171875
1465,0.109375
1466,0.140625
1467,0.078125
1468,0.171875
1469,0.125
1470,0.171875
1471,0.15625
1472,0.140625
1473,0.09375
1474,0.203125
1475,0.140625
1476,0.203125
1477,0.15625
1478,0.109375
1479,0.078125
1480,0.109375
1481,0.15625
1482,0.15625
1483,0.140625
1484,0.125
1485,0.15625
1486,0.078125
1487,0.203125
1488,0.15625
1489,0.140625
1490,0.125
1491,0.109375
1492,0.078125
1493,0.140625
1494,0.125
1495,0.125
1496,0.09375
1497,0.125
1498,0.09375
1499,0.109375
1500,0.1875
1501,0.1875
1502,0.09375
1503,0.15625
1504,0.109375
1505,0.171875
1506,0.171875
1507,0.171875
1508,0.171875
1509,0.109375
1510,0.15625
1511,0.140625
1512,0.140625
1513,0.109375
1514,0.203125
1515,0.125
1516,0.15625
1517,0.046875
1518,0.109375
1519,0.125
1520,0.140625
1521,0.1875
1522,0.09375
1523,0.171875
1524,0.125
1525,0.15625
1526,0.109375
1527,0.125
1528,0.171875
1529,0.1875
1530,0.15625
1531,0.15625
1532,0.109375
1533,0.09375
1534,0.171875
1535,0.09375
1536,0.109375
1537,0.21875
1538,0.140625
1539,0.078125
1540,0.15625
1541,0.21875
1542,0.15625
1543,0.09375
1544,0.171875
1545,0.09375
1546,0.203125
1547,0.09375
1548,0.15625
1549,0.171875
1550,0.171875
1551,0.125
1552,0.1875
1553,0.09375
1554,0.1875
1555,0.234375
1556,0.09375
1557,0.109375
1558,0.046875
1559,0.140625
1560,0.125
1561,0.171875
1562,0.125
1563,0.09375
38319,0.234375
38320,0.203125
38322,0.1875
38323,0.15625
38324,0.203125
38325,0.078125
38326,0.171875
38327,0.1875
38328,0.15625
38329,0.109375
38330,0.140625
38331,0.203125
38332,0.171875
38333,0.109375
38334,0.1875
38335,0.21875
38336,0.140625
38337,0.171875
38338,0.15625
38339,0.109375
38340,0.203125
38341,0.203125
38342,0.21875
38343,0.109375
38344,0.21875
38345,0.109375
38346,0.234375
38347,0.171875
38348,0.1875
38349,0.171875
38350,0.125
38351,0.0625
38352,0.125
38353,0.125
38354,0.1875
38355,0.21875
38356,0.09375
38357,0.1875
38358,0.140625
38359,0.109375
38360,0.21875
38361,0.15625
38362,0.140625
38363,0.078125
38364,0.203125
38365,0.109375
38366,0.1875
38367,0.171875
38368,0.171875
38369,0.09375
38370,0.15625
38371,0.1875
38372,0.09375
38373,0.140625
38374,0.171875
38375,0.125
38376,0.125
38377,0.1875
38378,0.234375
38379,0.109375
38380,0.171875
38381,0.203125
38382,0.15625
38383,0.171875
38384,0.1875
38385,0.171875
38386,0.09375
38387,0.125
38388,0.171875
38389,0.21875
38390,0.09375
38391,0.140625
38392,0.109375
38393,0.140625
38394,0.203125
38395,0.171875
38396,0.203125
38397,0.234375
38398,0.171875
38399,0.125
38400,0.140625
38401,0.078125
38402,0.21875
38403,0.140625
38404,0.171875
38405,0.296875
38406,0.09375
38407,0.046875
38408,0.1875
38409,0.1875
38410,0.15625
38411,0.140625
38412,0.0625
38413,0.1875
38414,0.203125
38415,0.15625
38416,0.125
38417,0.1875
38418,0.140625
38419,0.109375
38420,0.125
38421,0.1875
38422,0.140625
38423,0.109375
38424,0.171875
38425,0.21875
38426,0.125
38427,0.15625
38428,0.140625
38429,0.171875
38430,0.21875
38431,0.3125
38432,0.1875
38433,0.21875
38434,0.15625
38435,0.109375
38436,0.265625
38437,0.125
38438,0.15625
38439,0.1875
38440,0.109375
38441,0.109375
38442,0.171875
38443,0.140625
38444,0.3125
38445,0.203125
38446,0.171875
38447,0.140625
38448,0.203125
38449,0.21875
38450,0.09375
38451,0.203125
38452,0.203125
38453,0.078125
38454,0.125
38455,0.109375
38456,0.109375
38457,0.15625
38458,0.140625
38459,0.109375
38460,0.1875
38461,0.1875
38462,0.265625
38463,0.15625
38464,0.0625
38465,0.09375
38466,0.109375
38467,0.109375
38468,0.15625
38469,0.171875
38470,0.125
38471,0.1875
38472,0.1875
38473,0.125
38474,0.203125
38475,0.15625
38476,0.1875
38477,0.15625
38478,0.15625
38479,0.203125
38480,0.203125
38481,0.203125
38482,0.15625
38483,0.140625
38484,0.140625
38485,0.1875
38486,0.046875
38487,0.28125
38488,0.171875
38489,0.171875
38490,0.09375
38491,0.15625
38492,0.171875
38493,0.21875
38494,0.140625
38495,0.125
38496,0.109375
38497,0.140625
38498,0.15625
38499,0.1875
38500,0.15625
38501,0.25
38502,0.140625
38503,0.125
38504,0.078125
38505,0.171875
38506,0.21875
38507,0.234375
38508,0.078125
38509,0.125
38510,0.234375
38511,0.140625
38512,0.125
38513,0.140625
38514,0.109375
38515,0.140625
38516,0.125
38517,0.234375
38518,0.1875
38519,0.234375
38520,0.171875
38521,0.140625
38522,0.203125
38523,0.109375
38524,0.09375
38525,0.125
38526,0.09375
38527,0.0625
38528,0.140625
38529,0.140625
38530,0.140625
38531,0.125
38532,0.203125
38533,0.109375
38534,0.1875
38535,0.171875
38536,0.25
38537,0.203125
38538,0.09375
38539,0.1875
38540,0.1875
38541,0.21875
38542,0.1875
38543,0.0625
38544,0.25
38545,0.171875
38546,0.203125
38547,0.171875
38548,0.171875
38549,0.15625
38550,0.078125
38551,0.15625
38552,0.15625
38553,0.109375
38554,0.21875
38555,0.140625
38556,0.171875
38557,0.140625
38558,0.140625
38559,0.171875
38560,0.1875
38561,0.171875
38562,0.140625
38563,0.125
38564,0.21875
38565,0.15625
38566,0.15625
38567,0.109375
38568,0.140625
38569,0.234375
38570,0.1875
38571,0.1875
38572,0.171875
38573,0.140625
38574,0.125
38575,0.125
38576,0.203125
38577,0.171875
38578,0.125
38579,0.203125
38580,0.140625
38581,0.125
38582,0.109375
38583,0.140625
38584,0.109375
38585,0.21875
38586,0.1875
38587,0.109375
38588,0.140625
38589,0.15625
38590,0.125
38591,0.234375
38592,0.078125
38593,0.15625
38594,0.0625
38595,0.078125
38596,0.15625
38597,0.125
38598,0.171875
38599,0.15625
38600,0.171875
38601,0.203125
38602,0.109375
38603,0.234375
38604,0.15625
38605,0.15625
38606,0.203125
38607,0.140625
38608,0.09375
38609,0.234375
38610,0.171875
38611,0.109375
38612,0.078125
38613,0.109375
38614,0.125
38615,0.09375
38616,0.15625
38617,0.171875
38618,0.140625
38619,0.09375
38620,0.234375
38621,0.234375
38622,0.171875
38623,0.171875
38624,0.21875
38625,0.21875
38626,0.1875
38627,0.203125
38628,0.1875
38629,0.1875
38630,0.15625
38631,0.203125
38632,0.171875
38633,0.1875
38634,0.140625
38635,0.171875
38636,0.109375
38637,0.15625
38638,0.25
38639,0.1875
38640,0.1875
38641,0.140625
38642,0.140625
38643,0.1875
38644,0.15625
38645,0.109375
38646,0.1875
38647,0.1875
38648,0.21875
38649,0.140625
38650,0.125
38651,0.1875
38652,0.234375
38653,0.140625
38654,0.1875
38655,0.109375
38656,0.171875
38657,0.125
38658,0.125
38659,0.125
38660,0.09375
38661,0.15625
38662,0.140625
38663,0.25
38664,0.109375
38665,0.140625
38666,0.15625
38667,0.15625
38668,0.1875
38669,0.15625
38670,0.21875
38671,0.203125
38672,0.078125
38673,0.125
38674,0.21875
38675,0.203125
38676,0.09375
38677,0.078125
38678,0.1875
38679,0.09375
38680,0.21875
38681,0.140625
38682,0.140625
38683,0.109375
38684,0.171875
38685,0.125
38686,0.15625
38687,0.15625
38688,0.15625
38689,0.09375
38690,0.140625
38691,0.203125
38692,0.09375
38693,0.109375
38694,0.171875
38695,0.140625
38696,0.1875
38697,0.078125
38698,0.078125
38699,0.15625
38700,0.140625
38701,0.15625
38702,0.140625
38703,0.125
38704,0.125
38705,0.09375
38706,0.265625
38707,0.1875
38708,0.171875
38709,0.15625
38710,0.09375
38711,0.0625
38712,0.0625
38713,0.1875
38714,0.171875
38715,0.1875
38716,0.203125
38717,0.171875
38718,0.15625
38719,0.234375
38720,0.203125
38721,0.125
38722,0.0625
38723,0.1875
38724,0.109375
38725,0.15625
38726,0.171875
38727,0.140625
38728,0.25
38729,0.140625
38730,0.15625
38731,0.140625
38732,0.15625
38733,0.09375
38734,0.078125
38735,0.1875
38736,0.140625
38737,0.21875
38738,0.15625
38739,0.125
38740,0.140625
38741,0.171875
38742,0.109375
38743,0.15625
38744,0.125
38745,0.15625
38746,0.1875
38747,0.140625
38748,0.140625
38749,0.15625
38750,0.1875
38751,0.0625
38752,0.1875
38753,0.140625
38754,0.203125
38755,0.171875
38756,0.265625
38757,0.25
38758,0.125
38759,0.140625
38760,0.21875
38761,0.15625
38762,0.171875
38763,0.171875
38764,0.09375
38765,0.1875
38766,0.140625
38767,0.125
38768,0.203125
38769,0.09375
38770,0.15625
38771,0.125
38772,0.125
38773,0.171875
38774,0.15625
38775,0.1875
38776,0.15625
38777,0.15625
38778,0.15625
38779,0.171875
38780,0.140625
38781,0.140625
38782,0.140625
38783,0.140625
38784,0.171875
38785,0.140625
38786,0.21875
38787,0.234375
38788,0.09375
38789,0.171875
38790,0.203125
38791,0.15625
38792,0.140625
38793,0.109375
38794,0.203125
38795,0.171875
38796,0.171875
38797,0.203125
38798,0.171875
38799,0.171875
38800,0.1875
38801,0.125
38802,0.171875
38803,0.171875
38804,0.15625
38805,0.21875
38806,0.125
38807,0.203125
38808,0.234375
38809,0.234375
38810,0.25
38811,0.1875
38812,0.109375
38813,0.125
38814,0.15625
38815,0.15625
38816,0.125
38817,0.203125
38818,0.1875
38819,0.171875
38820,0.171875
38821,0.09375
38822,0.1875
38823,0.21875
38824,0.140625
38825,0.140625
38826,0.09375
38827,0.140625
38828,0.125
38829,0.171875
38830,0.1875
38831,0.203125
38832,0.140625
38833,0.109375
38834,0.140625
38835,0.109375
38836,0.1875
38837,0.0625
38838,0.203125
38839,0.1875
38840,0.109375
38841,0.140625
38842,0.09375
38843,0.140625
38844,0.140625
38845,0.140625
38846,0.203125
38847,0.140625
38848,0.1875
38849,0.140625
38850,0.15625
38851,0.125
38852,0.140625
38853,0.171875
38854,0.109375
38855,0.15625
38856,0.109375
38857,0.265625
38858,0.171875
38859,0.21875
38860,0.125
38861,0.109375
38862,0.140625
38863,0.15625
38864,0.1875
38865,0.15625
38866,0.171875
38867,0.109375
38868,0.109375
38869,0.1875
38870,0.15625
38871,0.1875
38872,0.25
38873,0.15625
38874,0.203125
38875,0.21875
38876,0.15625
38877,0.203125
38878,0.15625
38879,0.171875
38880,0.078125
38881,0.125
38882,0.171875
38883,0.234375
38884,0.234375
38885,0.171875
38886,0.125
38887,0.109375
38888,0.21875
38889,0.203125
38890,0.1875
38891,0.171875
38892,0.296875
38893,0.109375
38894,0.09375
38895,0.171875
38896,0.171875
38897,0.15625
38898,0.109375
38899,0.15625
38900,0.125
38901,0.203125
38902,0.125
38903,0.171875
38904,0.1875
38905,0.09375
38906,0.109375
38907,0.109375
38908,0.09375
38909,0.171875
38910,0.140625
38911,0.1875
38912,0.140625
38913,0.15625
38914,0.140625
38915,0.15625
38916,0.140625
38917,0.109375
38918,0.125
38919,0.25
38920,0.15625
38921,0.125
38922,0.203125
38923,0.140625
38924,0.140625
38925,0.21875
38926,0.15625
38927,0.078125
38928,0.15625
38929,0.125
38930,0.265625
38931,0.15625
38932,0.1875
38933,0.203125
38934,0.125
38935,0.109375
38936,0.203125
38937,0.234375
38938,0.15625
38939,0.171875
38940,0.109375
38941,0.125
38942,0.125
38943,0.125
38944,0.21875
38945,0.234375
38946,0.15625
38947,0.15625
38948,0.125
38949,0.140625
38950,0.171875
38951,0.171875
38952,0.125
38953,0.171875
38954,0.15625
38955,0.15625
38956,0.171875
38957,0.171875
38958,0.109375
38959,0.15625
38960,0.140625
38961,0.140625
38962,0.234375
38963,0.1875
38964,0.203125
38965,0.125
38966,0.25
38967,0.078125
38968,0.15625
38969,0.234375
38970,0.171875
38971,0.171875
38972,0.125
38973,0.1875
38974,0.140625
38975,0.21875
38976,0.109375
38977,0.140625
38978,0.15625
38979,0.203125
38980,0.15625
38981,0.15625
38982,0.234375
38983,0.140625
38984,0.15625
38985,0.109375
38986,0.21875
38987,0.171875
38988,0.078125
38989,0.203125
38990,0.1875
38991,0.1875
38992,0.109375
38993,0.140625
38994,0.15625
38995,0.15625
38996,0.125
38997,0.171875
38998,0.15625
38999,0.109375
39000,0.109375
39001,0.15625
39002,0.171875
39003,0.078125
39004,0.1875
39005,0.1875
39006,0.140625
39007,0.15625
39008,0.140625
39009,0.125
39010,0.21875
39011,0.15625
39012,0.109375
39013,0.140625
39014,0.171875
39015,0.15625
39016,0.15625
39017,0.140625
39018,0.09375
39019,0.09375
39020,0.265625
39021,0.125
39022,0.125
39023,0.140625
39024,0.140625
39025,0.15625
39026,0.09375
39027,0.140625
39028,0.203125
39029,0.21875
39030,0.109375
39031,0.0625
39032,0.140625
39033,0.0625
39034,0.25
39035,0.125
39036,0.203125
39037,0.140625
39038,0.171875
39039,0.15625
39040,0.125
39041,0.15625
39042,0.15625
39043,0.125
39044,0.140625
39045,0.171875
39046,0.140625
39047,0.078125
39048,0.078125
39049,0.125
39050,0.15625
39051,0.046875
39052,0.109375
39053,0.15625
39054,0.171875
39055,0.125
39056,0.078125
39057,0.125
39058,0.171875
39059,0.203125
39060,0.15625
39061,0.15625
39062,0.265625
39063,0.203125
39064,0.171875
39065,0.1875
39066,0.171875
39067,0.171875
39068,0.109375
39069,0.140625
39070,0.15625
39071,0.09375
39072,0.078125
39073,0.125
39074,0.140625
39075,0.28125
39076,0.078125
39077,0.109375
39078,0.140625
39079,0.171875
39080,0.171875
39081,0.109375
39082,0.15625
39083,0.125
39084,0.125
39085,0.125
39086,0.171875
39087,0.15625
39088,0.265625
39089,0.171875
39090,0.109375
39091,0.171875
39092,0.125
39093,0.140625
39094,0.15625
39095,0.125
39096,0.140625
39097,0.109375
39098,0.109375
39099,0.171875
39100,0.109375
39101,0.109375
39102,0.1875
39104,0.1875
39105,0.078125
39106,0.09375
39107,0.21875
39108,0.078125
39109,0.125
39110,0.125
39111,0.21875
39112,0.109375
39113,0.1875
39114,0.0625
39115,0.140625
39116,0.1875
39117,0.15625
39118,0.203125
39119,0.140625
39120,0.109375
39121,0.171875
39122,0.171875
39123,0.15625
39124,0.1875
39125,0.140625
39126,0.21875
39127,0.140625
39128,0.171875
39129,0.09375
39130,0.1875
39131,0.1875
39132,0.171875
39133,0.171875
39134,0.125
39135,0.140625
39136,0.21875
39137,0.21875
39138,0.1875
39139,0.21875
39140,0.1875
39141,0.140625
39142,0.171875
39143,0.21875
39144,0.171875
39145,0.140625
39146,0.125
39147,0.125
39148,0.09375
39149,0.1875
39150,0.125
39151,0.140625
39152,0.15625
39153,0.109375
39154,0.15625
39155,0.1875
39156,0.140625
39157,0.171875
39158,0.125
39159,0.21875
39160,0.203125
39161,0.09375
39162,0.21875
39163,0.203125
39164,0.15625
39165,0.15625
39166,0.1875
39167,0.203125
39168,0.109375
39169,0.203125
39170,0.15625
39171,0.25
39172,0.21875
39173,0.140625
39174,0.203125
39175,0.171875
39176,0.140625
39177,0.171875
39178,0.109375
39179,0.125
39180,0.140625
39181,0.125
39182,0.203125
39183,0.15625
39184,0.203125
39185,0.109375
39186,0.125
39187,0.265625
39188,0.140625
39189,0.15625
39190,0.15625
39191,0.140625
39192,0.140625
39193,0.15625
39194,0.203125
39195,0.203125
39196,0.171875
39197,0.140625
39198,0.125
39199,0.125
39200,0.125
39201,0.15625
39202,0.125
39203,0.09375
39204,0.21875
39205,0.109375
39206,0.15625
39207,0.203125
39208,0.109375
39209,0.171875
39210,0.15625
39211,0.125
39212,0.21875
39213,0.125
39214,0.125
39215,0.1875
39216,0.171875
39217,0.171875
39218,0.15625
39219,0.125
39220,0.140625
39221,0.09375
39222,0.078125
39223,0.140625
39224,0.15625
39225,0.15625
39226,0.109375
39227,0.140625
39228,0.15625
39229,0.140625
39230,0.125
39231,0.1875
39232,0.21875
39233,0.125
39234,0.171875
39235,0.1875
39236,0.171875
39237,0.125
39238,0.15625
39239,0.15625
39240,0.109375
39241,0.09375
39242,0.078125
39243,0.15625
39244,0.109375
39245,0.09375
39246,0.1875
39247,0.15625
39248,0.265625
39249,0.109375
39250,0.125
39251,0.125
39252,0.140625
39253,0.25
39254,0.25
39255,0.09375
39256,0.171875
39257,0.125
39258,0.09375
39259,0.203125
39260,0.15625
39261,0.171875
39262,0.140625
39263,0.234375
39264,0.1875
39265,0.171875
39266,0.09375
39267,0.28125
39268,0.1875
39269,0.15625
39270,0.140625
39271,0.203125
39272,0.140625
39273,0.125
39274,0.140625
39275,0.109375
39276,0.203125
39277,0.171875
39278,0.109375
39279,0.15625
39280,0.234375
39281,0.140625
39282,0.15625
39283,0.125
39284,0.1875
39285,0.140625
39286,0.109375
39287,0.125
39288,0.171875
39289,0.140625
39290,0.140625
39291,0.15625
39292,0.15625
39293,0.1875
39294,0.125
39295,0.15625
39296,0.21875
39297,0.15625
39298,0.15625
39299,0.140625
39300,0.203125
39301,0.15625
39302,0.25
39303,0.234375
39304,0.171875
39305,0.09375
39306,0.21875
39307,0.125
39308,0.203125
39309,0.203125
39310,0.140625
39311,0.203125
39312,0.09375
39313,0.203125
39314,0.1875
39315,0.25
39316,0.125
39317,0.125
39318,0.125
39319,0.171875
39320,0.140625
39321,0.140625
39322,0.140625
39323,0.15625
39324,0.109375
39325,0.203125
39326,0.203125
39327,0.140625
39328,0.09375
39329,0.171875
39330,0.15625
39331,0.0625
39332,0.1875
39333,0.171875
39334,0.109375
39335,0.140625
39336,0.15625
39337,0.171875
39338,0.125
39339,0.125
39340,0.203125
39341,0.078125
39342,0.140625
39343,0.15625
39344,0.203125
39345,0.09375
39346,0.125
39347,0.234375
39348,0.125
39349,0.1875
39350,0.234375
39351,0.203125
39352,0.0625
39353,0.078125
39354,0.109375
39355,0.078125
39356,0.140625
39357,0.078125
39358,0.15625
39359,0.171875
39360,0.109375
39361,0.234375
39362,0.21875
39363,0.15625
39364,0.234375
39365,0.171875
39366,0.15625
39367,0.203125
39368,0.15625
39369,0.140625
39370,0.078125
39371,0.1875
39372,0.078125
39373,0.21875
39374,0.125
39375,0.078125
39376,0.109375
39377,0.09375
39378,0.109375
39379,0.140625
39380,0.140625
39381,0.109375
39382,0.203125
39383,0.171875
39384,0.125
39385,0.1875
39386,0.09375
39387,0.15625
39388,0.25
39389,0.203125
39390,0.15625
39391,0.140625
39392,0.09375
39393,0.15625
39394,0.171875
39395,0.171875
39396,0.1875
39397,0.09375
39398,0.15625
39399,0.15625
39400,0.125
39401,0.171875
39402,0.140625
39403,0.078125
39404,0.125
39405,0.1875
39406,0.15625
39407,0.171875
39408,0.125
39409,0.125
39410,0.203125
39411,0.1875
39412,0.265625
39413,0.15625
39414,0.140625
39415,0.15625
39416,0.1875
39417,0.0625
39418,0.171875
39419,0.078125
39420,0.15625
39421,0.15625
39422,0.171875
39423,0.234375
39424,0.1875
39425,0.109375
39426,0.1875
39427,0.171875
39428,0.15625
39429,0.203125
39430,0.109375
39431,0.25
39432,0.109375
39433,0.078125
39434,0.21875
39435,0.125
39436,0.21875
39437,0.15625
39438,0.25
39439,0.171875
39440,0.15625
39441,0.171875
39442,0.125
39443,0.140625
39444,0.171875
39445,0.1875
39446,0.078125
39447,0.109375
39448,0.21875
39449,0.203125
39450,0.109375
39451,0.203125
39452,0.109375
39453,0.171875
39454,0.171875
39455,0.109375
39456,0.1875
39457,0.109375
39458,0.21875
39459,0.15625
39460,0.21875
39461,0.171875
39462,0.21875
39463,0.234375
39464,0.109375
39465,0.15625
39466,0.125
39467,0.171875
39468,0.15625
39469,0.171875
39470,0.109375
39471,0.171875
39472,0.109375
39473,0.140625
39474,0.125
39475,0.15625
39476,0.1875
39477,0.171875
39478,0.1875
39479,0.171875
39480,0.109375
39481,0.1875
39482,0.109375
39483,0.171875
39484,0.21875
39485,0.140625
39486,0.078125
39487,0.140625
39488,0.171875
39489,0.234375
39490,0.1875
39491,0.15625
39492,0.078125
39493,0.140625
39494,0.15625
39495,0.203125
39496,0.09375
39497,0.15625
39498,0.109375
39499,0.125
39500,0.203125
39501,0.109375
39502,0.21875
39503,0.171875
39504,0.171875
39505,0.125
39506,0.140625
39507,0.125
39508,0.28125
39509,0.078125
39510,0.1875
39511,0.171875
39512,0.09375
39513,0.109375
39514,0.15625
39515,0.140625
39516,0.203125
39517,0.15625
39518,0.09375
39519,0.171875
39520,0.15625
39521,0.1875
39522,0.078125
39523,0.171875
39524,0.09375
39525,0.203125
39526,0.109375
39527,0.171875
39528,0.15625
39529,0.15625
39530,0.125
39531,0.15625
39532,0.203125
39533,0.21875
39534,0.15625
39535,0.15625
39536,0.09375
39537,0.09375
39538,0.140625
39539,0.15625
39540,0.140625
39541,0.15625
39542,0.140625
39543,0.203125
39544,0.171875
39545,0.125
39546,0.125
39547,0.171875
39548,0.140625
39549,0.078125
39550,0.15625
39551,0.171875
39552,0.203125
39553,0.21875
39554,0.171875
39555,0.1875
39556,0.140625
39557,0.21875
39558,0.140625
39559,0.140625
39560,0.125
39561,0.25
39562,0.125
39563,0.21875
39564,0.21875
39565,0.1875
39566,0.234375
39567,0.140625
39568,0.203125
39569,0.15625
39570,0.140625
39571,0.21875
39572,0.1875
39573,0.15625
39574,0.09375
39575,0.25
39576,0.125
39577,0.15625
39578,0.21875
39579,0.234375
39580,0.203125
39581,0.140625
39582,0.15625
39583,0.171875
39584,0.1875
39585,0.203125
39586,0.171875
39587,0.1875
39588,0.109375
39589,0.09375
39590,0.234375
39591,0.21875
39592,0.171875
39593,0.125
39594,0.125
39595,0.078125
39596,0.171875
39597,0.15625
39598,0.203125
39599,0.125
39600,0.21875
39601,0.234375
39602,0.1875
39603,0.109375
39604,0.109375
39605,0.125
39606,0.171875
39607,0.109375
39608,0.109375
39609,0.125
39610,0.171875
39611,0.1875
39612,0.109375
39613,0.140625
39614,0.125
39615,0.125
39616,0.09375
39617,0.171875
39618,0.171875
39619,0.15625
39620,0.28125
39621,0.078125
39622,0.140625
39623,0.265625
39624,0.171875
39625,0.125
39626,0.140625
39627,0.15625
39628,0.109375
39629,0.109375
39630,0.09375
39631,0.21875
39632,0.234375
39633,0.140625
39634,0.15625
39635,0.0625
39636,0.03125
39637,0.125
39638,0.109375
39639,0.171875
39640,0.109375
39641,0.109375
39642,0.109375
39643,0.0625
39644,0.0625
39645,0.1875
39646,0.140625
39647,0.09375
39648,0.171875
39649,0.15625
39650,0.09375
39651,0.09375
39652,0.078125
39653,0.140625
39654,0.15625
39655,0.15625
39656,0.109375
39657,0.203125
39658,0.078125
39659,0.109375
39660,0.171875
39661,0.109375
39662,0.15625
39663,0.171875
39664,0.171875
39665,0.125
39666,0.09375
39667,0.125
39668,0.171875
39669,0.140625
39670,0.203125
39671,0.109375
39672,0.109375
39673,0.15625
39674,0.125
39675,0.125
39676,0.140625
39677,0.125
39678,0.15625
39679,0.078125
39680,0.125
39681,0.0625
39682,0.09375
39683,0.15625
39684,0.0625
39685,0.1875
39686,0.140625
39687,0.125
39688,0.125
39689,0.125
39690,0.234375
39691,0.125
39692,0.125
39693,0.09375
39694,0.125
39695,0.125
39696,0.109375
39697,0.125
39698,0.109375
39699,0.15625
39700,0.109375
39701,0.09375
39702,0.1875
39703,0.203125
39704,0.140625
39705,0.125
39706,0.15625
39707,0.21875
39708,0.171875
39709,0.171875
39710,0.21875
39711,0.15625
39712,0.140625
39713,0.15625
39714,0.09375
39715,0.203125
39716,0.1875
39717,0.078125
39718,0.171875
39719,0.21875
39720,0.15625
39721,0.203125
39722,0.125
39723,0.15625
39724,0.171875
39725,0.140625
39726,0.15625
39727,0.21875
39728,0.109375
39729,0.1875
39730,0.09375
39731,0.15625
39732,0.09375
39733,0.1875
39734,0.125
39735,0.0625
39736,0.078125
39737,0.140625
39738,0.234375
39739,0.171875
39740,0.234375
39741,0.234375
39742,0.109375
39743,0.15625
39744,0.078125
39745,0.15625
39746,0.125
39747,0.1875
39748,0.1875
39749,0.171875
39750,0.09375
39751,0.125
39752,0.125
39753,0.21875
39754,0.078125
39755,0.15625
39756,0.09375
39757,0.15625
39758,0.203125
39759,0.1875
39760,0.15625
39761,0.078125
39762,0.125
39763,0.078125
39764,0.234375
39765,0.09375
39766,0.171875
39767,0.171875
39768,0.15625
39769,0.15625
39770,0.234375
39771,0.1875
39772,0.171875
39773,0.125
39774,0.171875
39775,0.25
39776,0.125
39777,0.125
39778,0.234375
39779,0.171875
39780,0.15625
39781,0.203125
39782,0.15625
39783,0.203125
39784,0.09375
39785,0.203125
39786,0.125
39787,0.171875
39788,0.1875
39789,0.1875
39790,0.171875
39791,0.109375
39792,0.1875
39793,0.109375
39794,0.15625
39795,0.171875
39796,0.140625
39797,0.125
39798,0.234375
39799,0.140625
39800,0.125
39801,0.140625
39802,0.125
39803,0.140625
39804,0.109375
39805,0.15625
39806,0.15625
39807,0.109375
39808,0.234375
39809,0.125
39810,0.15625
39811,0.15625
39812,0.234375
39813,0.09375
39814,0.203125
39815,0.1875
39816,0.125
39817,0.140625
39818,0.203125
39819,0.125
39820,0.09375
39821,0.171875
39822,0.078125
39823,0.21875
39824,0.140625
39825,0.171875
39826,0.0625
39827,0.21875
39828,0.1875
39829,0.15625
39830,0.140625
39831,0.171875
39832,0.171875
39833,0.1875
39834,0.125
39835,0.15625
39836,0.21875
39837,0.15625
39838,0.203125
39839,0.109375
39840,0.171875
39841,0.140625
39842,0.15625
39843,0.15625
39844,0.1875
39845,0.171875
39846,0.09375
39847,0.140625
39848,0.109375
39849,0.109375
39850,0.140625
39851,0.109375
39852,0.125
39853,0.171875
39854,0.15625
39855,0.15625
39856,0.15625
39857,0.15625
39858,0.171875
39859,0.109375
39860,0.125
39861,0.21875
39862,0.125
39863,0.109375
39864,0.1875
39865,0.171875
39866,0.15625
39867,0.25
39868,0.234375
39869,0.125
39870,0.125
39871,0.125
39872,0.125
39873,0.140625
39874,0.15625
39875,0.125
39876,0.171875
39877,0.125
39878,0.125
39879,0.125
39880,0.15625
39881,0.15625
76637,0.203125
76638,0.1875
76640,0.140625
76641,0.125
76642,0.234375
76643,0.296875
76644,0.15625
76645,0.203125
76646,0.1875
76647,0.234375
76648,0.171875
76649,0.171875
76650,0.140625
76651,0.09375
76652,0.140625
76653,0.140625
76654,0.1875
76655,0.21875
76656,0.078125
76657,0.125
76658,0.171875
76659,0.1875
76660,0.140625
76661,0.15625
76662,0.171875
76663,0.15625
76664,0.171875
76665,0.03125
76666,0.15625
76667,0.171875
76668,0.1875
76669,0.21875
76670,0.25
76671,0.140625
76672,0.078125
76673,0.203125
76674,0.234375
76675,0.09375
76676,0.125
76677,0.265625
76678,0.15625
76679,0.125
76680,0.125
76681,0.1875
76682,0.203125
76683,0.109375
76684,0.15625
76685,0.203125
76686,0.09375
76687,0.125
76688,0.171875
76689,0.15625
76690,0.140625
76691,0.25
76692,0.203125
76693,0.171875
76694,0.140625
76695,0.171875
76696,0.296875
76697,0.109375
76698,0.140625
76699,0.265625
76700,0.1875
76701,0.109375
76702,0.109375
76703,0.125
76704,0.15625
76705,0.171875
76706,0.21875
76707,0.203125
76708,0.140625
76709,0.140625
76710,0.203125
76711,0.171875
76712,0.171875
76713,0.140625
76714,0.171875
76715,0.125
76716,0.140625
76717,0.21875
76718,0.28125
76719,0.109375
76720,0.078125
76721,0.109375
76722,0.21875
76723,0.125
76724,0.140625
76725,0.15625
76726,0.09375
76727,0.15625
76728,0.078125
76729,0.078125
76730,0.171875
76731,0.109375
76732,0.140625
76733,0.125
76734,0.25
76735,0.171875
76736,0.171875
76737,0.140625
76738,0.28125
76739,0.21875
76740,0.140625
76741,0.125
76742,0.125
76743,0.109375
76744,0.140625
76745,0.203125
76746,0.1875
76747,0.25
76748,0.1875
76749,0.15625
76750,0.171875
76751,0.125
76752,0.09375
76753,0.203125
76754,0.109375
76755,0.203125
76756,0.1875
76757,0.1875
76758,0.171875
76759,0.0625
76760,0.171875
76761,0.125
76762,0.203125
76763,0.125
76764,0.203125
76765,0.109375
76766,0.140625
76767,0.140625
76768,0.171875
76769,0.171875
76770,0.15625
76771,0.1875
76772,0.25
76773,0.1875
76774,0.078125
76775,0.15625
76776,0.140625
76777,0.1875
76778,0.234375
76779,0.1875
76780,0.28125
76781,0.171875
76782,0.15625
76783,0.203125
76784,0.15625
76785,0.09375
76786,0.109375
76787,0.1875
76788,0.171875
76789,0.0625
76790,0.171875
76791,0.109375
76792,0.171875
76793,0.140625
76794,0.171875
76795,0.078125
76796,0.140625
76797,0.140625
76798,0.125
76799,0.15625
76800,0.234375
76801,0.171875
76802,0.21875
76803,0.1875
76804,0.25
76805,0.1875
76806,0.125
76807,0.171875
76808,0.125
76809,0.15625
76810,0.203125
76811,0.234375
76812,0.140625
76813,0.125
76814,0.171875
76815,0.109375
76816,0.125
76817,0.234375
76818,0.09375
76819,0.109375
76820,0.046875
76821,0.125
76822,0.203125
76823,0.1875
76824,0.078125
76825,0.140625
76826,0.15625
76827,0.171875
76828,0.125
76829,0.203125
76830,0.1875
76831,0.1875
76832,0.15625
76833,0.15625
76834,0.203125
76835,0.15625
76836,0.21875
76837,0.21875
76838,0.15625
76839,0.21875
76840,0.203125
76841,0.1875
76842,0.203125
76843,0.078125
76844,0.203125
76845,0.234375
76846,0.171875
76847,0.21875
76848,0.140625
76849,0.1875
76850,0.140625
76851,0.109375
76852,0.21875
76853,0.1875
76854,0.0625
76855,0.234375
76856,0.15625
76857,0.25
76858,0.09375
76859,0.25
76860,0.109375
76861,0.171875
76862,0.171875
76863,0.25
76864,0.1875
76865,0.15625
76866,0.140625
76867,0.140625
76868,0.21875
76869,0.125
76870,0.078125
76871,0.265625
76872,0.09375
76873,0.203125
76874,0.140625
76875,0.234375
76876,0.171875
76877,0.171875
76878,0.125
76879,0.21875
76880,0.1875
76881,0.171875
76882,0.234375
76883,0.1875
76884,0.078125
76885,0.203125
76886,0.0625
76887,0.140625
76888,0.140625
76889,0.234375
76890,0.21875
76891,0.125
76892,0.109375
76893,0.125
76894,0.078125
76895,0.234375
76896,0.09375
76897,0.140625
76898,0.140625
76899,0.171875
76900,0.171875
76901,0.125
76902,0.234375
76903,0.21875
76904,0.125
76905,0.1875
76906,0.203125
76907,0.234375
76908,0.125
76909,0.171875
76910,0.140625
76911,0.1875
76912,0.203125
76913,0.125
76914,0.078125
76915,0.09375
76916,0.140625
76917,0.171875
76918,0.171875
76919,0.21875
76920,0.15625
76921,0.15625
76922,0.203125
76923,0.109375
76924,0.15625
76925,0.15625
76926,0.21875
76927,0.140625
76928,0.078125
76929,0.046875
76930,0.109375
76931,0.15625
76932,0.140625
76933,0.125
76934,0.15625
76935,0.140625
76936,0.125
76937,0.09375
76938,0.140625
76939,0.140625
76940,0.1875
76941,0.09375
76942,0.234375
76943,0.28125
76944,0.171875
76945,0.109375
76946,0.171875
76947,0.140625
76948,0.125
76949,0.09375
76950,0.203125
76951,0.234375
76952,0.203125
76953,0.203125
76954,0.1875
76955,0.15625
76956,0.140625
76957,0.1875
76958,0.140625
76959,0.140625
76960,0.203125
76961,0.234375
76962,0.1875
76963,0.171875
76964,0.15625
76965,0.203125
76966,0.1875
76967,0.109375
76968,0.0625
76969,0.125
76970,0.140625
76971,0.234375
76972,0.1875
76973,0.109375
76974,0.109375
76975,0.171875
76976,0.21875
76977,0.234375
76978,0.15625
76979,0.203125
76980,0.078125
76981,0.140625
76982,0.15625
76983,0.140625
76984,0.09375
76985,0.125
76986,0.15625
76987,0.140625
76988,0.21875
76989,0.1875
76990,0.1875
76991,0.140625
76992,0.1875
76993,0.21875
76994,0.171875
76995,0.15625
76996,0.125
76997,0.171875
76998,0.078125
76999,0.109375
77000,0.1875
77001,0.125
77002,0.15625
77003,0.140625
77004,0.140625
77005,0.109375
77006,0.140625
77007,0.140625
77008,0.1875
77009,0.109375
77010,0.25
77011,0.140625
77012,0.078125
77013,0.203125
77014,0.21875
77015,0.140625
77016,0.125
77017,0.125
77018,0.171875
77019,0.203125
77020,0.0625
77021,0.203125
77022,0.109375
77023,0.140625
77024,0.15625
77025,0.140625
77026,0.140625
77027,0.15625
77028,0.140625
77029,0.09375
77030,0.125
77031,0.125
77032,0.171875
77033,0.1875
77034,0.140625
77035,0.125
77036,0.21875
77037,0.234375
77038,0.046875
77039,0.09375
77040,0.125
77041,0.125
77042,0.109375
77043,0.1875
77044,0.171875
77045,0.09375
77046,0.125
77047,0.171875
77048,0.1875
77049,0.21875
77050,0.09375
77051,0.125
77052,0.078125
77053,0.1875
77054,0.15625
77055,0.203125
77056,0.109375
77057,0.171875
77058,0.109375
77059,0.21875
77060,0.21875
77061,0.203125
77062,0.140625
77063,0.1875
77064,0.21875
77065,0.140625
77066,0.0625
77067,0.109375
77068,0.171875
77069,0.109375
77070,0.15625
77071,0.109375
77072,0.1875
77073,0.21875
77074,0.15625
77075,0.265625
77076,0.140625
77077,0.203125
77078,0.09375
77079,0.21875
77080,0.234375
77081,0.125
77082,0.140625
77083,0.109375
77084,0.15625
77085,0.1875
77086,0.125
77087,0.109375
77088,0.1875
77089,0.046875
77090,0.109375
77091,0.21875
77092,0.1875
77093,0.15625
77094,0.171875
77095,0.15625
77096,0.125
77097,0.171875
77098,0.203125
77099,0.15625
77100,0.1875
77101,0.15625
77102,0.171875
77103,0.234375
77104,0.25
77105,0.078125
77106,0.265625
77107,0.234375
77108,0.09375
77109,0.234375
77110,0.265625
77111,0.1875
77112,0.234375
77113,0.09375
77114,0.15625
77115,0.125
77116,0.15625
77117,0.25
77118,0.09375
77119,0.203125
77120,0.15625
77121,0.171875
77122,0.125
77123,0.203125
77124,0.140625
77125,0.140625
77126,0.171875
77127,0.140625
77128,0.21875
77129,0.125
77130,0.15625
77131,0.171875
77132,0.125
77133,0.171875
77134,0.1875
77135,0.171875
77136,0.234375
77137,0.1875
77138,0.203125
77139,0.15625
77140,0.1875
77141,0.25
77142,0.1875
77143,0.171875
77144,0.1875
77145,0.109375
77146,0.125
77147,0.125
77148,0.265625
77149,0.0625
77150,0.15625
77151,0.296875
77152,0.078125
77153,0.21875
77154,0.140625
77155,0.171875
77156,0.15625
77157,0.140625
77158,0.078125
77159,0.171875
77160,0.125
77161,0.171875
77162,0.1875
77163,0.21875
77164,0.15625
77165,0.171875
77166,0.140625
77167,0.140625
77168,0.140625
77169,0.171875
77170,0.1875
77171,0.15625
77172,0.046875
77173,0.15625
77174,0.15625
77175,0.0625
77176,0.234375
77177,0.1875
77178,0.234375
77179,0.0625
77180,0.15625
77181,0.1875
77182,0.171875
77183,0.171875
77184,0.171875
77185,0.109375
77186,0.125
77187,0.125
77188,0.203125
77189,0.125
77190,0.15625
77191,0.125
77192,0.171875
77193,0.109375
77194,0.140625
77195,0.203125
77196,0.109375
77197,0.109375
77198,0.109375
77199,0.171875
77200,0.171875
77201,0.15625
77202,0.15625
77203,0.078125
77204,0.1875
77205,0.15625
77206,0.125
77207,0.171875
77208,0.140625
77209,0.125
77210,0.109375
77211,0.15625
77212,0.109375
77213,0.046875
77214,0.203125
77215,0.15625
77216,0.1875
77217,0.078125
77218,0.21875
77219,0.140625
77220,0.1875
77221,0.1875
77222,0.234375
77223,0.109375
77224,0.15625
77225,0.1875
77226,0.1875
77227,0.171875
77228,0.21875
77229,0.15625
77230,0.109375
77231,0.15625
77232,0.140625
77233,0.078125
77234,0.15625
77235,0.234375
77236,0.171875
77237,0.078125
77238,0.171875
77239,0.203125
77240,0.1875
77241,0.171875
77242,0.15625
77243,0.09375
77244,0.15625
77245,0.09375
77246,0.28125
77247,0.1875
77248,0.109375
77249,0.171875
77250,0.125
77251,0.109375
77252,0.078125
77253,0.1875
77254,0.15625
77255,0.15625
77256,0.21875
77257,0.1875
77258,0.15625
77259,0.15625
77260,0.15625
77261,0.109375
77262,0.25
77263,0.15625
77264,0.1875
77265,0.15625
77266,0.25
77267,0.21875
77268,0.171875
77269,0.109375
77270,0.15625
77271,0.125
77272,0.171875
77273,0.21875
77274,0.234375
77275,0.15625
77276,0.1875
77277,0.171875
77278,0.1875
77279,0.140625
77280,0.109375
77281,0.078125
77282,0.125
77283,0.1875
77284,0.234375
77285,0.140625
77286,0.09375
77287,0.140625
77288,0.1875
77289,0.1875
77290,0.171875
77291,0.15625
77292,0.171875
77293,0.125
77294,0.171875
77295,0.140625
77296,0.140625
77297,0.15625
77298,0.1875
77299,0.125
77300,0.171875
77301,0.1875
77302,0.203125
77303,0.1875
77304,0.21875
77305,0.25
77306,0.1875
77307,0.203125
77308,0.171875
77309,0.234375
77310,0.171875
77311,0.125
77312,0.109375
77313,0.15625
77314,0.078125
77315,0.1875
77316,0.21875
77317,0.078125
77318,0.125
77319,0.171875
77320,0.15625
77321,0.109375
77322,0.125
77323,0.15625
77324,0.125
77325,0.1875
77326,0.1875
77327,0.21875
77328,0.109375
77329,0.078125
77330,0.09375
77331,0.140625
77332,0.046875
77333,0.140625
77334,0.21875
77335,0.1875
77336,0.140625
77337,0.203125
77338,0.078125
77339,0.125
77340,0.140625
77341,0.046875
77342,0.09375
77343,0.125
77344,0.09375
77345,0.109375
77346,0.15625
77347,0.171875
77348,0.125
77349,0.203125
77350,0.078125
77351,0.09375
77352,0.078125
77353,0.125
77354,0.25
77355,0.171875
77356,0.171875
77357,0.140625
77358,0.09375
77359,0.1875
77360,0.125
77361,0.125
77362,0.140625
77363,0.171875
77364,0.109375
77365,0.234375
77366,0.09375
77367,0.171875
77368,0.125
77369,0.140625
77370,0.140625
77371,0.109375
77372,0.046875
77373,0.09375
77374,0.125
77375,0.140625
77376,0.171875
77377,0.265625
77378,0.171875
77379,0.234375
77380,0.234375
77381,0.15625
77382,0.125
77383,0.1875
77384,0.109375
77385,0.109375
77386,0.125
77387,0.125
77388,0.203125
77389,0.328125
77390,0.140625
77391,0.203125
77392,0.171875
77393,0.1875
77394,0.09375
77395,0.171875
77396,0.078125
77397,0.21875
77398,0.140625
77399,0.1875
77400,0.125
77401,0.09375
77402,0.015625
77403,0.171875
77404,0.09375
77405,0.203125
77406,0.109375
77407,0.140625
77408,0.15625
77409,0.171875
77410,0.125
77411,0.125
77412,0.171875
77413,0.15625
77414,0.15625
77415,0.109375
77416,0.140625
77417,0.078125
77418,0.109375
77419,0.171875
77420,0.09375
77422,0.109375
77423,0.171875
77424,0.09375
77425,0.109375
77426,0.125
77427,0.15625
77428,0.125
77429,0.09375
77430,0.109375
77431,0.125
77432,0.15625
77433,0.1875
77434,0.203125
77435,0.125
77436,0.15625
77437,0.078125
77438,0.234375
77439,0.125
77440,0.109375
77441,0.15625
77442,0.109375
77443,0.125
77444,0.171875
77445,0.125
77446,0.125
77447,0.15625
77448,0.125
77449,0.203125
77450,0.109375
77451,0.203125
77452,0.140625
77453,0.109375
77454,0.15625
77455,0.09375
77456,0.109375
77457,0.140625
77458,0.171875
77459,0.140625
77460,0.109375
77461,0.15625
77462,0.140625
77463,0.171875
77464,0.125
77465,0.140625
77466,0.15625
77467,0.15625
77468,0.046875
77469,0.140625
77470,0.171875
77471,0.109375
77472,0.203125
77473,0.15625
77474,0.140625
77475,0.1875
77476,0.15625
77477,0.15625
77478,0.15625
77479,0.15625
77480,0.265625
77481,0.203125
77482,0.15625
77483,0.109375
77484,0.125
77485,0.15625
77486,0.15625
77487,0.15625
77488,0.109375
77489,0.140625
77490,0.234375
77491,0.109375
77492,0.203125
77493,0.125
77494,0.09375
77495,0.234375
77496,0.15625
77497,0.171875
77498,0.125
77499,0.09375
77500,0.265625
77501,0.1875
77502,0.171875
77503,0.1875
77504,0.140625
77505,0.1875
77506,0.09375
77507,0.171875
77508,0.15625
77509,0.125
77510,0.21875
77511,0.171875
77512,0.21875
77513,0.171875
77514,0.15625
77515,0.09375
77516,0.203125
77517,0.125
77518,0.125
77519,0.171875
77520,0.125
77521,0.21875
77522,0.140625
77523,0.09375
77524,0.15625
77525,0.125
77526,0.25
77527,0.171875
77528,0.125
77529,0.171875
77530,0.09375
77531,0.1875
77532,0.140625
77533,0.109375
77534,0.15625
77535,0.203125
77536,0.1875
77537,0.234375
77538,0.15625
77539,0.109375
77540,0.125
77541,0.15625
77542,0.21875
77543,0.140625
77544,0.1875
77545,0.171875
77546,0.125
77547,0.140625
77548,0.15625
77549,0.171875
77550,0.171875
77551,0.1875
77552,0.171875
77553,0.078125
77554,0.171875
77555,0.09375
77556,0.109375
77557,0.140625
77558,0.171875
77559,0.15625
77560,0.15625
77561,0.203125
77562,0.109375
77563,0.09375
77564,0.078125
77565,0.109375
77566,0.25
77567,0.140625
77568,0.125
77569,0.109375
77570,0.125
77571,0.125
77572,0.171875
77573,0.171875
77574,0.140625
77575,0.15625
77576,0.171875
77577,0.1875
77578,0.1875
77579,0.109375
77580,0.203125
77581,0.1875
77582,0.09375
77583,0.09375
77584,0.125
77585,0.125
77586,0.109375
77587,0.09375
77588,0.15625
77589,0.09375
77590,0.15625
77591,0.09375
77592,0.234375
77593,0.15625
77594,0.125
77595,0.15625
77596,0.15625
77597,0.125
77598,0.09375
77599,0.09375
77600,0.09375
77601,0.171875
77602,0.140625
77603,0.15625
77604,0.09375
77605,0.125
77606,0.203125
77607,0.109375
77608,0.125
77609,0.125
77610,0.15625
77611,0.09375
77612,0.109375
77613,0.15625
77614,0.234375
77615,0.140625
77616,0.15625
77617,0.15625
77618,0.109375
77619,0.140625
77620,0.21875
77621,0.1875
77622,0.125
77623,0.203125
77624,0.234375
77625,0.0625
77626,0.09375
77627,0.09375
77628,0.09375
77629,0.125
77630,0.1875
77631,0.125
77632,0.1875
77633,0.234375
77634,0.203125
77635,0.1875
77636,0.1875
77637,0.171875
77638,0.09375
77639,0.171875
77640,0.15625
77641,0.15625
77642,0.140625
77643,0.1875
77644,0.125
77645,0.109375
77646,0.140625
77647,0.140625
77648,0.125
77649,0.15625
77650,0.140625
77651,0.078125
77652,0.15625
77653,0.09375
77654,0.265625
77655,0.15625
77656,0.25
77657,0.09375
77658,0.1875
77659,0.15625
77660,0.15625
77661,0.1875
77662,0.1875
77663,0.203125
77664,0.203125
77665,0.140625
77666,0.15625
77667,0.171875
77668,0.109375
77669,0.109375
77670,0.09375
77671,0.109375
77672,0.140625
77673,0.15625
77674,0.28125
77675,0.140625
77676,0.09375
77677,0.046875
77678,0.125
77679,0.15625
77680,0.265625
77681,0.1875
77682,0.140625
77683,0.140625
77684,0.171875
77685,0.09375
77686,0.125
77687,0.203125
77688,0.171875
77689,0.125
77690,0.203125
77691,0.171875
77692,0.15625
77693,0.140625
77694,0.125
77695,0.140625
77696,0.15625
77697,0.171875
77698,0.1875
77699,0.171875
77700,0.109375
77701,0.21875
77702,0.171875
77703,0.171875
77704,0.171875
77705,0.140625
77706,0.21875
77707,0.15625
77708,0.140625
77709,0.203125
77710,0.078125
77711,0.203125
77712,0.140625
77713,0.09375
77714,0.140625
77715,0.1875
77716,0.078125
77717,0.140625
77718,0.140625
77719,0.203125
77720,0.171875
77721,0.125
77722,0.1875
77723,0.171875
77724,0.15625
77725,0.125
77726,0.1875
77727,0.171875
77728,0.140625
77729,0.125
77730,0.171875
77731,0.125
77732,0.15625
77733,0.0625
77734,0.1875
77735,0.140625
77736,0.09375
77737,0.203125
77738,0.09375
77739,0.140625
77740,0.140625
77741,0.203125
77742,0.109375
77743,0.125
77744,0.109375
77745,0.1875
77746,0.203125
77747,0.125
77748,0.171875
77749,0.1875
77750,0.21875
77751,0.1875
77752,0.125
77753,0.09375
77754,0.15625
77755,0.171875
77756,0.140625
77757,0.171875
77758,0.140625
77759,0.171875
77760,0.234375
77761,0.0625
77762,0.125
77763,0.09375
77764,0.234375
77765,0.203125
77766,0.09375
77767,0.109375
77768,0.125
77769,0.15625
77770,0.171875
77771,0.1875
77772,0.1875
77773,0.140625
77774,0.125
77775,0.21875
77776,0.171875
77777,0.171875
77778,0.1875
77779,0.203125
77780,0.125
77781,0.125
77782,0.1875
77783,0.140625
77784,0.125
77785,0.1875
77786,0.171875
77787,0.140625
77788,0.15625
77789,0.125
77790,0.203125
77791,0.234375
77792,0.25
77793,0.140625
77794,0.1875
77795,0.265625
77796,0.171875
77797,0.09375
77798,0.046875
77799,0.15625
77800,0.15625
77801,0.171875
77802,0.140625
77803,0.125
77804,0.125
77805,0.15625
77806,0.203125
77807,0.1875
77808,0.140625
77809,0.234375
77810,0.078125
77811,0.109375
77812,0.203125
77813,0.109375
77814,0.125
77815,0.15625
77816,0.171875
77817,0.09375
77818,0.203125
77819,0.234375
77820,0.125
77821,0.21875
77822,0.109375
77823,0.15625
77824,0.140625
77825,0.171875
77826,0.09375
77827,0.109375
77828,0.21875
77829,0.171875
77830,0.203125
77831,0.203125
77832,0.171875
77833,0.171875
77834,0.15625
77835,0.125
77836,0.171875
77837,0.25
77838,0.15625
77839,0.15625
77840,0.09375
77841,0.125
77842,0.171875
77843,0.171875
77844,0.15625
77845,0.203125
77846,0.15625
77847,0.125
77848,0.21875
77849,0.171875
77850,0.125
77851,0.1875
77852,0.140625
77853,0.21875
77854,0.140625
77855,0.125
77856,0.203125
77857,0.25
77858,0.046875
77859,0.234375
77860,0.109375
77861,0.15625
77862,0.171875
77863,0.171875
77864,0.25
77865,0.171875
77866,0.109375
77867,0.109375
77868,0.125
77869,0.15625
77870,0.15625
77871,0.078125
77872,0.1875
77873,0.09375
77874,0.09375
77875,0.109375
77876,0.15625
77877,0.21875
77878,0.21875
77879,0.15625
77880,0.078125
77881,0.125
77882,0.109375
77883,0.15625
77884,0.15625
77885,0.25
77886,0.171875
77887,0.140625
77888,0.171875
77889,0.15625
77890,0.09375
77891,0.171875
77892,0.140625
77893,0.171875
77894,0.140625
77895,0.15625
77896,0.140625
77897,0.125
77898,0.171875
77899,0.140625
77900,0.1875
77901,0.140625
77902,0.125
77903,0.078125
77904,0.109375
77905,0.15625
77906,0.0625
77907,0.203125
77908,0.125
77909,0.09375
77910,0.109375
77911,0.1875
77912,0.15625
77913,0.140625
77914,0.140625
77915,0.25
77916,0.1875
77917,0.078125
77918,0.125
77919,0.125
77920,0.1875
77921,0.203125
77922,0.171875
77923,0.15625
77924,0.109375
77925,0.15625
77926,0.203125
77927,0.25
77928,0.15625
77929,0.15625
77930,0.1875
77931,0.1875
77932,0.09375
77933,0.15625
77934,0.21875
77935,0.1875
77936,0.140625
77937,0.15625
77938,0.125
77939,0.078125
77940,0.171875
77941,0.15625
77942,0.21875
77943,0.140625
77944,0.140625
77945,0.125
77946,0.140625
77947,0.140625
77948,0.09375
77949,0.140625
77950,0.15625
77951,0.125
77952,0.15625
77953,0.1875
77954,0.1875
77955,0.171875
77956,0.15625
77957,0.1875
77958,0.25
77959,0.21875
77960,0.1875
77961,0.109375
77962,0.09375
77963,0.171875
77964,0.21875
77965,0.203125
77966,0.109375
77967,0.125
77968,0.21875
77969,0.1875
77970,0.203125
77971,0.1875
77972,0.125
77973,0.125
77974,0.1875
77975,0.203125
77976,0.140625
77977,0.140625
77978,0.09375
77979,0.109375
77980,0.109375
77981,0.203125
77982,0.203125
77983,0.140625
77984,0.09375
77985,0.140625
77986,0.1875
77987,0.140625
77988,0.21875
77989,0.1875
77990,0.171875
77991,0.15625
77992,0.140625
77993,0.171875
77994,0.078125
77995,0.1875
77996,0.171875
77997,0.203125
77998,0.140625
77999,0.09375
78000,0.171875
78001,0.203125
78002,0.203125
78003,0.125
78004,0.15625
78005,0.203125
78006,0.09375
78007,0.125
78008,0.140625
78009,0.171875
78010,0.140625
78011,0.21875
78012,0.15625
78013,0.203125
78014,0.078125
78015,0.203125
78016,0.1875
78017,0.140625
78018,0.140625
78019,0.125
78020,0.140625
78021,0.125
78022,0.109375
78023,0.078125
78024,0.1875
78025,0.109375
78026,0.171875
78027,0.09375
78028,0.15625
78029,0.1875
78030,0.109375
78031,0.25
78032,0.109375
78033,0.21875
78034,0.125
78035,0.125
78036,0.203125
78037,0.21875
78038,0.234375
78039,0.109375
78040,0.1875
78041,0.171875
78042,0.1875
78043,0.171875
78044,0.125
78045,0.25
78046,0.109375
78047,0.125
78048,0.125
78049,0.140625
78050,0.0625
78051,0.078125
78052,0.109375
78053,0.125
78054,0.078125
78055,0.140625
78056,0.203125
78057,0.25
78058,0.15625
78059,0.125
78060,0.078125
78061,0.09375
78062,0.21875
78063,0.109375
78064,0.09375
78065,0.171875
78066,0.140625
78067,0.140625
78068,0.125
78069,0.234375
78070,0.21875
78071,0.140625
78072,0.125
78073,0.1875
78074,0.1875
78075,0.234375
78076,0.09375
78077,0.09375
78078,0.171875
78079,0.171875
78080,0.171875
78081,0.140625
78082,0.140625
78083,0.125
78084,0.15625
78085,0.109375
78086,0.171875
78087,0.1875
78088,0.171875
78089,0.1875
78090,0.09375
78091,0.109375
78092,0.125
78093,0.234375
78094,0.1875
78095,0.234375
78096,0.09375
78097,0.15625
78098,0.125
78099,0.125
78100,0.171875
78101,0.078125
78102,0.171875
78103,0.15625
78104,0.125
78105,0.15625
78106,0.09375
78107,0.125
78108,0.15625
78109,0.109375
78110,0.140625
78111,0.140625
78112,0.109375
78113,0.09375
78114,0.046875
78115,0.046875
78116,0.171875
78117,0.171875
78118,0.09375
78119,0.09375
78120,0.125
78121,0.09375
78122,0.109375
78123,0.078125
78124,0.140625
78125,0.0625
78126,0.1875
78127,0.171875
78128,0.15625
78129,0.234375
78130,0.1875
78131,0.125
78132,0.078125
78133,0.109375
78134,0.140625
78135,0.0625
78136,0.078125
78137,0.140625
78138,0.109375
78139,0.109375
78140,0.15625
78141,0.0625
78142,0.171875
78143,0.125
78144,0.09375
78145,0.140625
78146,0.140625
78147,0.140625
78148,0.140625
78149,0.1875
78150,0.203125
78151,0.078125
78152,0.1875
78153,0.171875
78154,0.046875
78155,0.140625
78156,0.109375
78157,0.140625
78158,0.109375
78159,0.171875
78160,0.125
78161,0.171875
78162,0.078125
78163,0.25
78164,0.09375
78165,0.109375
78166,0.140625
78167,0.1875
78168,0.203125
78169,0.109375
78170,0.03125
78171,0.109375
78172,0.125
78173,0.078125
78174,0.09375
78175,0.15625
78176,0.1875
78177,0.140625
78178,0.140625
78179,0.0625
78180,0.171875
78181,0.21875
78182,0.1875
78183,0.109375
78184,0.171875
78185,0.0625
78186,0.125
78187,0.046875
78188,0.125
78189,0.125
78190,0.046875
78191,0.125
78192,0.125
78193,0.203125
78194,0.15625
78195,0.125
78196,0.21875
78197,0.234375
78198,0.171875
78199,0.140625
78200,0.09375
78201,0.125
78202,0.1875
