4,0.0
5,0.0
6,0.0
7,0.0
8,0.0
9,0.0
10,0.0
11,0.0
12,0.0
13,0.0
14,0.0
15,0.0
16,0.0
17,0.0
18,0.0
19,0.0
20,0.0
21,0.0
22,0.0
23,0.0
24,0.0
25,0.0
26,0.0
27,0.0
28,0.0
29,0.0
30,0.0
31,0.0
32,0.0
33,0.0
34,0.0
35,0.0
36,0.0
37,0.0
38,4.15444374084e-05
39,0.000523090362549
40,0.000988006591797
41,0.00116634368896
42,0.00126075744629
43,0.00175857543945
44,0.00230407714844
45,0.00277900695801
46,0.00249481201172
47,0.00288200378418
48,0.00252723693848
49,0.00275802612305
50,0.00298309326172
51,0.00292587280273
52,0.00348091125488
53,0.00374031066895
54,0.00390434265137
55,0.00392913818359
56,0.00393295288086
57,0.00412750244141
58,0.0039005279541
59,0.00379753112793
60,0.00392532348633
61,0.00373077392578
62,0.00403594970703
63,0.00421142578125
64,0.00441741943359
65,0.0041618347168
66,0.00407409667969
67,0.0
68,0.0
69,0.0
70,0.000166177749634
71,0.00237464904785
72,0.00338172912598
73,0.00810241699219
74,0.00948333740234
75,0.0131378173828
76,0.013542175293
77,0.0178375244141
78,0.0170288085938
79,0.0178680419922
80,0.0227966308594
81,0.0212249755859
82,0.0238037109375
83,0.0239105224609
84,0.0241851806641
85,0.0264434814453
86,0.0281066894531
87,0.0280609130859
88,0.0298767089844
89,0.0291748046875
90,0.0300445556641
91,0.0328369140625
92,0.0327758789062
93,0.0334777832031
94,0.0337524414062
95,0.0350952148438
96,0.0351257324219
97,0.0342407226562
98,0.0317077636719
99,0.0
100,0.0
101,0.0
102,0.000508785247803
103,0.00125694274902
104,0.00297546386719
105,0.00385856628418
106,0.00360298156738
107,0.00581741333008
108,0.00638961791992
109,0.00887298583984
110,0.00845336914062
111,0.00896453857422
112,0.0105895996094
113,0.0136947631836
114,0.0139999389648
115,0.0173492431641
116,0.0166168212891
117,0.0205535888672
118,0.0195007324219
119,0.0205688476562
120,0.0199127197266
121,0.0199127197266
122,0.0225830078125
123,0.0191497802734
124,0.018798828125
125,0.0213317871094
126,0.0193634033203
127,0.0198059082031
128,0.0210876464844
129,0.022216796875
130,0.0225372314453
131,0.0
132,0.0
133,0.0
134,0.000332355499268
135,0.00246620178223
136,0.00204086303711
137,0.00425338745117
138,0.00510025024414
139,0.00611877441406
140,0.0068244934082
141,0.00784301757812
142,0.00666809082031
143,0.00765228271484
144,0.00818634033203
145,0.0102081298828
146,0.0106887817383
147,0.0138702392578
148,0.0123901367188
149,0.0113067626953
150,0.0141143798828
151,0.012092590332
152,0.0129699707031
153,0.0142364501953
154,0.0134735107422
155,0.0132446289062
156,0.0167694091797
157,0.0172576904297
158,0.0139999389648
159,0.0136260986328
160,0.013916015625
161,0.0149536132812
162,0.0165863037109
163,0.0
164,0.0
165,0.0
166,0.0
167,0.00224876403809
168,0.0021800994873
169,0.00310516357422
170,0.00390434265137
171,0.00490570068359
172,0.0058479309082
173,0.00481796264648
174,0.00407791137695
175,0.00726318359375
176,0.0067138671875
177,0.0064697265625
178,0.00696182250977
179,0.00619888305664
180,0.00772857666016
181,0.00864410400391
182,0.00859069824219
183,0.00992584228516
184,0.0112152099609
185,0.00955963134766
186,0.0116348266602
187,0.0126953125
188,0.011962890625
189,0.0137100219727
190,0.0120620727539
191,0.0143203735352
192,0.0135498046875
193,0.013557434082
194,0.0116500854492
195,0.0
196,0.0
197,0.0
198,0.0
199,0.000425577163696
200,0.000851154327393
201,0.00246047973633
202,0.00367164611816
203,0.00494766235352
204,0.00439071655273
205,0.00497436523438
206,0.00735855102539
207,0.00662612915039
208,0.00652694702148
209,0.00554275512695
210,0.00801849365234
211,0.00766372680664
212,0.0086669921875
213,0.00724411010742
214,0.0074462890625
215,0.00709915161133
216,0.00792694091797
217,0.00756072998047
218,0.00836944580078
219,0.00737380981445
220,0.00801086425781
221,0.00888824462891
222,0.00687026977539
223,0.00620651245117
224,0.00699996948242
225,0.00693511962891
226,0.00514984130859
227,0.0
228,0.0
229,0.0
230,0.0
231,0.000425577163696
232,0.000638484954834
233,0.000970840454102
234,0.0019416809082
235,0.00224876403809
236,0.00303268432617
237,0.00388336181641
238,0.00333786010742
239,0.00485610961914
240,0.00324440002441
241,0.00352478027344
242,0.00385665893555
243,0.00518798828125
244,0.00573348999023
245,0.00542449951172
246,0.00651550292969
247,0.00763320922852
248,0.00833129882812
249,0.0101623535156
250,0.00983428955078
251,0.0105590820312
252,0.0069580078125
253,0.00856781005859
254,0.00923919677734
255,0.00807952880859
256,0.00665664672852
257,0.00699234008789
258,0.00643157958984
259,0.0
260,0.0
261,0.0
262,0.0
263,0.000851154327393
264,0.00127696990967
265,0.00139713287354
266,0.00160884857178
267,0.00170230865479
268,0.00160884857178
269,0.00376319885254
270,0.00352478027344
271,0.00440216064453
272,0.00397491455078
273,0.00409698486328
274,0.00466918945312
275,0.0068244934082
276,0.00651550292969
277,0.00585174560547
278,0.00615692138672
279,0.00506591796875
280,0.00862884521484
281,0.00900268554688
282,0.00856018066406
283,0.00682830810547
284,0.00658798217773
285,0.00741195678711
286,0.00829315185547
287,0.0064697265625
288,0.00696182250977
289,0.00532531738281
290,0.00698852539062
291,0.0
292,0.0
293,0.0
294,0.0
295,0.00106430053711
296,0.000638484954834
297,0.00106430053711
298,0.00182151794434
299,0.00246047973633
300,0.00276565551758
301,0.0026741027832
302,0.00397491455078
303,0.00321769714355
304,0.00418853759766
305,0.00473403930664
306,0.00518798828125
307,0.00485610961914
308,0.00551986694336
309,0.00539779663086
310,0.00400543212891
311,0.00418853759766
312,0.00497436523438
313,0.00521087646484
314,0.00658798217773
315,0.00685501098633
316,0.00524139404297
317,0.00651550292969
318,0.00672912597656
319,0.00746154785156
320,0.00654220581055
321,0.00675582885742
322,0.005615234375
323,0.0
324,0.0
325,0.0
326,0.0
327,0.000851154327393
328,0.00139713287354
329,0.00182151794434
330,0.00236701965332
331,0.0019416809082
332,0.00255393981934
333,0.00300598144531
334,0.00354957580566
335,0.00442886352539
336,0.0047607421875
337,0.00276565551758
338,0.00300598144531
339,0.00418853759766
340,0.00407028198242
341,0.00418853759766
342,0.00407028198242
343,0.00288581848145
344,0.00621032714844
345,0.00708770751953
346,0.00801086425781
347,0.00779342651367
348,0.00909423828125
349,0.011848449707
350,0.0103073120117
351,0.00900268554688
352,0.00952911376953
353,0.00972747802734
354,0.00924682617188
355,0.0
356,0.0
357,0.0
358,0.000212788581848
359,0.000851154327393
360,0.000212788581848
361,0.00148963928223
362,0.00127696990967
363,0.00170230865479
364,0.00319290161133
365,0.00331115722656
366,0.00385665893555
367,0.00212860107422
368,0.00395202636719
369,0.00404357910156
370,0.00676727294922
371,0.00539779663086
372,0.00843048095703
373,0.00717544555664
374,0.00473403930664
375,0.00461578369141
376,0.00407028198242
377,0.00504302978516
378,0.00440216064453
379,0.00397491455078
380,0.00530624389648
381,0.00658416748047
382,0.00577926635742
383,0.00601196289062
384,0.00688934326172
385,0.00601196289062
386,0.00644302368164
387,0.0
388,0.0
389,0.0
390,0.0
391,0.00127696990967
392,0.00182151794434
393,0.00246047973633
394,0.00234222412109
395,0.00385665893555
396,0.0037899017334
397,0.00345802307129
398,0.00470733642578
399,0.00579833984375
400,0.00518798828125
401,0.00480270385742
402,0.00516128540039
403,0.00558853149414
404,0.00527954101562
405,0.00575637817383
406,0.00575637817383
407,0.00675582885742
408,0.00672912597656
409,0.00563812255859
410,0.00627899169922
411,0.00637054443359
412,0.00561141967773
413,0.0054931640625
414,0.00594329833984
415,0.00558853149414
416,0.00672912597656
417,0.00801086425781
418,0.00921630859375
419,0.0
420,0.0
421,0.0
422,0.0
423,0.000851154327393
424,0.000758171081543
425,0.00106430053711
426,0.00160884857178
427,0.0019416809082
428,0.0029125213623
429,0.0028190612793
430,0.00442886352539
431,0.00452041625977
432,0.00637054443359
433,0.00506591796875
434,0.0075569152832
435,0.00667572021484
436,0.00658416748047
437,0.00671768188477
438,0.00455856323242
439,0.00495910644531
440,0.00638198852539
441,0.00619506835938
442,0.00704956054688
443,0.0068359375
444,0.00702285766602
445,0.0067024230957
446,0.00658416748047
447,0.00570678710938
448,0.00698089599609
449,0.00506591796875
450,0.00667572021484
451,0.0
452,0.0
453,0.0
454,0.0
455,0.000638484954834
456,0.000425577163696
457,0.000851154327393
458,0.00170230865479
459,0.00246047973633
460,0.00321769714355
461,0.00331115722656
462,0.00546646118164
463,0.00634384155273
464,0.00537490844727
465,0.00470733642578
466,0.00594329833984
467,0.00513458251953
468,0.00504302978516
469,0.00577163696289
470,0.00637054443359
471,0.00568008422852
472,0.00513458251953
473,0.00461578369141
474,0.00494766235352
475,0.00473403930664
476,0.00551986694336
477,0.00679779052734
478,0.0075569152832
479,0.0067024230957
480,0.00621032714844
481,0.0069694519043
482,0.00782012939453
483,0.0
484,0.0
485,0.0
486,0.000212788581848
487,0.00118350982666
488,0.00139713287354
489,0.00300598144531
490,0.00227355957031
491,0.00279426574707
492,0.00345802307129
493,0.00412368774414
494,0.00518798828125
495,0.00648880004883
496,0.00497436523438
497,0.00734329223633
498,0.00801086425781
499,0.00719451904297
500,0.00568008422852
501,0.00643539428711
502,0.00634384155273
503,0.00719451904297
504,0.00497436523438
505,0.00712966918945
506,0.00585174560547
507,0.00740814208984
508,0.00525283813477
509,0.00785827636719
510,0.00537490844727
511,0.00740814208984
512,0.00698089599609
513,0.00712966918945
514,0.00935363769531
515,0.0
516,0.0
517,0.0
518,0.0
519,0.000638484954834
520,0.00127696990967
521,0.00160884857178
522,0.00191593170166
523,0.00324440002441
524,0.00283241271973
525,0.0052604675293
526,0.00497817993164
527,0.00926208496094
528,0.0070915222168
529,0.00808715820312
530,0.0074462890625
531,0.00598526000977
532,0.00907135009766
533,0.00819396972656
534,0.00763320922852
535,0.00888824462891
536,0.00656890869141
537,0.00662612915039
538,0.00688552856445
539,0.00836944580078
540,0.00655364990234
541,0.00841522216797
542,0.00846099853516
543,0.00748825073242
544,0.0102157592773
545,0.00957489013672
546,0.00929260253906
547,0.0
548,0.0
549,0.0
550,0.0
551,0.000851154327393
552,0.00106430053711
553,0.00236701965332
554,0.00300598144531
555,0.00324440002441
556,0.00409698486328
557,0.00542449951172
558,0.0059700012207
559,0.00485610961914
560,0.00812530517578
561,0.00563812255859
562,0.00734329223633
563,0.00725555419922
564,0.00663757324219
565,0.00713348388672
566,0.00694274902344
567,0.00672912597656
568,0.00661087036133
569,0.00836944580078
570,0.00801086425781
571,0.0068244934082
572,0.00724792480469
573,0.0113067626953
574,0.00960540771484
575,0.0122375488281
576,0.0103607177734
577,0.00869750976562
578,0.0122756958008
579,0.0
580,0.0
581,0.0
582,0.0
583,0.000425577163696
584,0.000851154327393
585,0.00255393981934
586,0.00212860107422
587,0.00395202636719
588,0.00343132019043
589,0.00492858886719
590,0.00537872314453
591,0.00710678100586
592,0.00620651245117
593,0.0078125
594,0.00687026977539
595,0.00820159912109
596,0.00701522827148
597,0.00679779052734
598,0.00846099853516
599,0.00724792480469
600,0.00746154785156
601,0.00648880004883
602,0.00864410400391
603,0.0111846923828
604,0.0131759643555
605,0.00950622558594
606,0.00862884521484
607,0.0104751586914
608,0.00824737548828
609,0.00926971435547
610,0.0121841430664
611,0.0
612,0.0
613,0.0
614,0.000212788581848
615,0.00127696990967
616,0.00206184387207
617,0.00203514099121
618,0.00248718261719
619,0.00288581848145
620,0.00331115722656
621,0.00452041625977
622,0.00431060791016
623,0.00625228881836
624,0.00563812255859
625,0.00637054443359
626,0.00421524047852
627,0.00551986694336
628,0.00679779052734
629,0.00767517089844
630,0.00736999511719
631,0.0068244934082
632,0.00779342651367
633,0.00558853149414
634,0.00746154785156
635,0.00667572021484
636,0.006103515625
637,0.00643539428711
638,0.00603866577148
639,0.00440216064453
640,0.00856781005859
641,0.00726699829102
642,0.00878143310547
643,0.0
644,0.0
645,0.0
646,0.000425577163696
647,0.00118350982666
648,0.00106430053711
649,0.00312614440918
650,0.00312614440918
651,0.00345802307129
652,0.0029125213623
653,0.00321769714355
654,0.00388336181641
655,0.00388336181641
656,0.0025806427002
657,0.00527954101562
658,0.00497436523438
659,0.00679779052734
660,0.00639724731445
661,0.00881958007812
662,0.00772857666016
663,0.0087890625
664,0.00774002075195
665,0.00764465332031
666,0.00667572021484
667,0.00715637207031
668,0.0068473815918
669,0.00873565673828
670,0.00933074951172
671,0.00935363769531
672,0.00791168212891
673,0.00892639160156
674,0.010498046875
675,0.0
676,0.0
677,0.0
678,0.000212788581848
679,0.000970840454102
680,0.00172901153564
681,0.00354957580566
682,0.00400543212891
683,0.00312614440918
684,0.00606536865234
685,0.00506591796875
686,0.00331115722656
687,0.00564956665039
688,0.00671768188477
689,0.00573348999023
690,0.0072021484375
691,0.00782012939453
692,0.00442886352539
693,0.00786590576172
694,0.00744247436523
695,0.00888824462891
696,0.0067024230957
697,0.00718307495117
698,0.00777435302734
699,0.00577926635742
700,0.00712966918945
701,0.00606536865234
702,0.00736999511719
703,0.00782012939453
704,0.00767517089844
705,0.00661087036133
706,0.00661087036133
707,0.0
708,0.0
709,0.0
710,0.0
711,0.00127696990967
712,0.00106430053711
713,0.00203514099121
714,0.00300598144531
715,0.00224876403809
716,0.00407028198242
717,0.00354957580566
718,0.00407028198242
719,0.00343132019043
720,0.00433731079102
721,0.00506591796875
722,0.00409698486328
723,0.00440216064453
724,0.00492095947266
725,0.00615692138672
726,0.00819396972656
727,0.00598526000977
728,0.0054931640625
729,0.00570678710938
730,0.00631713867188
731,0.00504302978516
732,0.0075569152832
733,0.00833892822266
734,0.00637054443359
735,0.00594329833984
736,0.00736999511719
737,0.00558853149414
738,0.00779342651367
739,0.0
740,0.0
741,0.0
742,0.0
743,0.000425577163696
744,0.000851154327393
745,0.00127696990967
746,0.00236701965332
747,0.00376319885254
748,0.0047607421875
749,0.00542449951172
750,0.00706100463867
751,0.00603866577148
752,0.00594329833984
753,0.00592041015625
754,0.00625228881836
755,0.00712966918945
756,0.0074348449707
757,0.00646591186523
758,0.00767517089844
759,0.00839233398438
760,0.00924682617188
761,0.00945281982422
762,0.00798034667969
763,0.00658416748047
764,0.0104217529297
765,0.00801086425781
766,0.00722122192383
767,0.00928497314453
768,0.00785827636719
769,0.00785827636719
770,0.00833892822266
771,0.0
772,0.0
773,0.0
774,0.000212788581848
775,0.00106430053711
776,0.00160884857178
777,0.00367164611816
778,0.00354957580566
779,0.00354957580566
780,0.00364303588867
781,0.00324440002441
782,0.00343132019043
783,0.00309944152832
784,0.0042839050293
786,0.00449752807617
787,0.00537490844727
788,0.00606536865234
789,0.00534820556641
790,0.00537490844727
791,0.00788879394531
792,0.00801086425781
793,0.00679779052734
794,0.00701141357422
795,0.00594329833984
796,0.00694274902344
797,0.00815582275391
798,0.00924682617188
799,0.00933837890625
800,0.009033203125
801,0.00926971435547
802,0.0109710693359
803,0.00812530517578
804,0.0
805,0.0
806,0.0
807,0.000212788581848
808,0.00106430053711
809,0.00148963928223
810,0.00191593170166
811,0.00212860107422
812,0.00383186340332
813,0.00385665893555
814,0.00352478027344
815,0.00312614440918
816,0.00437545776367
817,0.00331115722656
818,0.00494766235352
819,0.00376319885254
820,0.00513458251953
821,0.0062255859375
822,0.00493240356445
823,0.00564956665039
824,0.00553131103516
825,0.00659561157227
826,0.00756454467773
827,0.00697708129883
828,0.00628662109375
829,0.00620651245117
830,0.00833129882812
831,0.0110549926758
832,0.00807952880859
833,0.0103912353516
834,0.00791931152344
835,0.00798797607422
836,0.0
837,0.0
838,0.0
839,0.000425577163696
840,0.00127696990967
841,0.00246047973633
842,0.00191593170166
843,0.00343132019043
844,0.00397491455078
845,0.0029125213623
846,0.0037899017334
847,0.00551986694336
848,0.00492095947266
849,0.00530624389648
850,0.00343132019043
851,0.00418853759766
852,0.00504302978516
853,0.00625228881836
854,0.00876617431641
855,0.00516128540039
856,0.00709915161133
857,0.00734329223633
858,0.00664901733398
859,0.00749969482422
860,0.00592041015625
861,0.00722122192383
862,0.00518798828125
863,0.00527954101562
864,0.00579833984375
865,0.00539779663086
866,0.00525283813477
867,0.00546646118164
868,0.0
869,0.0
870,0.0
871,0.000212788581848
872,0.000425577163696
873,0.00191593170166
874,0.00234222412109
875,0.00234222412109
876,0.00395202636719
877,0.00352478027344
878,0.00352478027344
879,0.00395202636719
880,0.00449752807617
881,0.00492095947266
882,0.00352478027344
883,0.00447082519531
884,0.00565338134766
885,0.00534820556641
886,0.00534820556641
887,0.00492095947266
888,0.00709915161133
889,0.00658416748047
890,0.00601196289062
891,0.00546646118164
892,0.00579833984375
893,0.00579833984375
894,0.00492095947266
895,0.00546646118164
896,0.00602340698242
897,0.00582504272461
898,0.00701141357422
899,0.00647354125977
900,0.0
901,0.0
902,0.0
903,0.0
904,0.00106430053711
905,0.00170230865479
906,0.00191593170166
907,0.00319290161133
908,0.00212860107422
909,0.00340461730957
910,0.00361824035645
911,0.00255393981934
912,0.00449752807617
913,0.00559997558594
914,0.00642013549805
915,0.00453567504883
916,0.0054931640625
917,0.00857543945312
918,0.00506591796875
919,0.00767517089844
920,0.00692749023438
921,0.00524139404297
922,0.00570297241211
923,0.00704956054688
924,0.0074348449707
925,0.00803375244141
926,0.00709915161133
927,0.00777816772461
928,0.00505447387695
929,0.00669097900391
930,0.00844573974609
931,0.00765991210938
932,0.0
933,0.0
934,0.0
935,0.000212788581848
936,0.00127696990967
937,0.00118350982666
938,0.00212860107422
939,0.00373649597168
940,0.00385665893555
941,0.00255393981934
942,0.00212860107422
943,0.00297927856445
944,0.00352478027344
945,0.00482940673828
946,0.00461578369141
947,0.00543975830078
948,0.00447082519531
949,0.00454330444336
950,0.0064811706543
951,0.00577926635742
952,0.00636291503906
953,0.00601196289062
954,0.00816345214844
955,0.00658416748047
956,0.00734329223633
957,0.00662994384766
958,0.00520706176758
959,0.00475692749023
960,0.00619888305664
961,0.00565338134766
962,0.00629425048828
963,0.00686645507812
964,0.0
965,0.0
966,0.0
967,0.000425577163696
968,0.0
969,0.000638484954834
970,0.00182151794434
971,0.0029125213623
972,0.00442886352539
973,0.00333786010742
974,0.00367164611816
975,0.00388336181641
976,0.00508117675781
977,0.00429534912109
978,0.0047721862793
979,0.00671768188477
980,0.00647735595703
981,0.00458908081055
982,0.00437545776367
983,0.00553131103516
984,0.00480270385742
985,0.00543975830078
986,0.00631332397461
987,0.00460052490234
988,0.00543975830078
989,0.00589370727539
990,0.00697708129883
991,0.00677871704102
992,0.00647354125977
993,0.00779342651367
994,0.00791168212891
995,0.0061149597168
996,0.0
997,0.0
998,0.0
999,0.000212788581848
1000,0.00106430053711
1001,0.00170230865479
1002,0.00212860107422
1003,0.00212860107422
1004,0.00224876403809
1005,0.00352478027344
1006,0.00437545776367
1007,0.00458908081055
1008,0.00543975830078
1009,0.00492095947266
1010,0.00676727294922
1011,0.00592041015625
1012,0.00442886352539
1013,0.0050163269043
1014,0.00492095947266
1015,0.00613021850586
1016,0.00568008422852
1017,0.00589370727539
1018,0.00598526000977
1019,0.00577163696289
1020,0.00655746459961
1021,0.00688934326172
1022,0.00862121582031
1023,0.00774002075195
1024,0.00615692138672
1025,0.00692749023438
1026,0.00678253173828
1027,0.00801849365234
1028,0.0
1029,0.0
1030,0.0
1031,0.0
1032,0.000970840454102
1033,0.00172901153564
1034,0.00409698486328
1035,0.0047607421875
1036,0.00343132019043
1037,0.00344276428223
1038,0.00476455688477
1039,0.00546646118164
1040,0.00484085083008
1041,0.00547790527344
1042,0.00546264648438
1043,0.00380325317383
1044,0.00485610961914
1045,0.00438690185547
1046,0.00579452514648
1047,0.00601196289062
1048,0.00674057006836
1049,0.00571823120117
1050,0.00616836547852
1051,0.00662231445312
1052,0.0071907043457
1053,0.00649642944336
1054,0.00443649291992
1055,0.00591659545898
1056,0.00536346435547
1057,0.00789642333984
1058,0.00751113891602
1059,0.00609588623047
1060,0.0
1061,0.0
1062,0.0
1063,0.000425577163696
1064,0.00106430053711
1065,0.00148963928223
1066,0.00182151794434
1067,0.00172901153564
1068,0.00236701965332
1069,0.00373649597168
1070,0.0042839050293
1071,0.0041618347168
1072,0.00437545776367
1073,0.00361824035645
1074,0.00437545776367
1075,0.00352478027344
1076,0.00553131103516
1077,0.00480270385742
1078,0.00586318969727
1079,0.00288581848145
1080,0.00437545776367
1081,0.00492095947266
1082,0.00418853759766
1083,0.00492095947266
1084,0.00449752807617
1085,0.00492095947266
1086,0.00640869140625
1087,0.0050163269043
1088,0.00686264038086
1089,0.00577163696289
1090,0.00590515136719
1091,0.00674057006836
1092,0.0
1093,0.0
1094,0.0
1095,0.000212788581848
1096,0.00106430053711
1097,0.00106430053711
1098,0.00191593170166
1099,0.00234222412109
1100,0.00276565551758
1101,0.00340461730957
1102,0.00361824035645
1103,0.00361824035645
1104,0.00361824035645
1105,0.00404357910156
1106,0.00404357910156
1107,0.0050163269043
1108,0.00531768798828
1109,0.00480270385742
1110,0.00510787963867
1111,0.00534820556641
1112,0.00452041625977
1113,0.00664901733398
1114,0.00527954101562
1115,0.00473403930664
1116,0.00537490844727
1117,0.00598526000977
1118,0.00634384155273
1119,0.00764465332031
1120,0.00558853149414
1121,0.00643539428711
1122,0.00654220581055
1123,0.00517272949219
1124,0.0
1125,0.0
1126,0.0
1127,0.000212788581848
1128,0.00127696990967
1129,0.00148963928223
1130,0.00170230865479
1131,0.00170230865479
1132,0.00212860107422
1133,0.00148963928223
1134,0.00404357910156
1135,0.0042839050293
1136,0.00331115722656
1137,0.00383186340332
1138,0.00431060791016
1139,0.00570678710938
1140,0.00561141967773
1141,0.00634384155273
1142,0.0062255859375
1143,0.00482940673828
1144,0.00603866577148
1145,0.00514602661133
1146,0.00470733642578
1147,0.00667190551758
1148,0.00646209716797
1149,0.00646209716797
1150,0.00603866577148
1151,0.00674057006836
1152,0.00676727294922
1153,0.00607299804688
1154,0.00846862792969
1155,0.00736618041992
1156,0.0
1157,0.0
1158,0.0
1159,0.0
1160,0.000425577163696
1161,0.000425577163696
1162,0.00148963928223
1163,0.00309944152832
1164,0.00449752807617
1165,0.00288581848145
1166,0.00343132019043
1167,0.0048942565918
1168,0.00470733642578
1169,0.00634384155273
1170,0.00713729858398
1171,0.00437545776367
1172,0.0050163269043
1173,0.00577163696289
1174,0.00470733642578
1175,0.00546646118164
1176,0.00592041015625
1177,0.00440216064453
1178,0.00556182861328
1179,0.0050163269043
1180,0.0041618347168
1181,0.00619888305664
1182,0.00631713867188
1183,0.006103515625
1184,0.00504302978516
1185,0.00599670410156
1186,0.00513458251953
1187,0.00525283813477
1188,0.0
1189,0.0
1190,0.0
1191,0.0
1192,0.000425577163696
1193,0.000851154327393
1194,0.000638484954834
1195,0.00170230865479
1196,0.00212860107422
1197,0.00191593170166
1198,0.00276565551758
1199,0.00319290161133
1200,0.0041618347168
1201,0.00361824035645
1202,0.00373649597168
1203,0.00352478027344
1204,0.0041618347168
1205,0.00425720214844
1206,0.00395202636719
1207,0.00592041015625
1208,0.00613021850586
1209,0.00698089599609
1210,0.0062255859375
1211,0.00510787963867
1212,0.00522994995117
1213,0.0050163269043
1214,0.00619888305664
1215,0.00437545776367
1216,0.00556182861328
1217,0.00480270385742
1218,0.00640869140625
1219,0.00587844848633
1220,0.0
1221,0.0
1222,0.0
1223,0.0
1224,0.000212788581848
1225,0.000638484954834
1226,0.000851154327393
1227,0.00148963928223
1228,0.0026741027832
1229,0.00182151794434
1230,0.00191593170166
1231,0.00276565551758
1232,0.00234222412109
1233,0.00255393981934
1234,0.00276565551758
1235,0.00361824035645
1236,0.00383186340332
1237,0.00437545776367
1238,0.00449752807617
1239,0.00492095947266
1240,0.00447082519531
1241,0.00447082519531
1242,0.0048942565918
1243,0.00513458251953
1244,0.00513458251953
1245,0.00589370727539
1246,0.00619888305664
1247,0.00492095947266
1248,0.00698089599609
1249,0.00537490844727
1250,0.00655746459961
1251,0.00707626342773
1252,0.0
1253,0.0
1254,0.0
1255,0.0
1256,0.0
1257,0.000425577163696
1258,0.000638484954834
1259,0.00170230865479
1260,0.00255393981934
1261,0.00170230865479
1262,0.00255393981934
1263,0.00234222412109
1264,0.00277900695801
1265,0.0030403137207
1266,0.00252342224121
1267,0.00284004211426
1268,0.00359916687012
1269,0.00402450561523
1270,0.00301551818848
1271,0.00246047973633
1272,0.00288581848145
1273,0.00383186340332
1274,0.00373649597168
1275,0.00373649597168
1276,0.00383186340332
1277,0.00556182861328
1278,0.00460052490234
1279,0.00511932373047
1280,0.00384330749512
1281,0.00524139404297
1282,0.00472259521484
1283,0.00473403930664
1284,0.0
1285,0.0
1286,0.0
1287,0.0
1288,0.0
1289,0.0
1290,0.000212788581848
1291,0.000212788581848
1292,0.000851154327393
1293,0.00212860107422
1294,0.00255393981934
1295,0.00204658508301
1296,0.00246047973633
1297,0.00182151794434
1298,0.00246047973633
1299,0.00279426574707
1300,0.00364303588867
1301,0.00385665893555
1302,0.00461578369141
1303,0.00343132019043
1304,0.00408172607422
1305,0.00407028198242
1306,0.00407028198242
1307,0.00565338134766
1308,0.0041618347168
1309,0.00589370727539
1310,0.00525283813477
1311,0.00674057006836
1312,0.00502777099609
1313,0.00608825683594
1314,0.00474548339844
1315,0.00614166259766
1316,0.0
1317,0.0
1318,0.0
1319,0.0
1320,0.0
1321,0.000425577163696
1322,0.000638484954834
1323,0.000638484954834
1324,0.00148963928223
1325,0.000638484954834
1326,0.00191593170166
1327,0.00148963928223
1328,0.00212860107422
1329,0.00191593170166
1330,0.00212860107422
1331,0.00191593170166
1332,0.00255393981934
1333,0.00276565551758
1334,0.00191593170166
1335,0.00361824035645
1336,0.00297927856445
1337,0.00361824035645
1338,0.00425720214844
1339,0.00458908081055
1340,0.00352478027344
1341,0.00383186340332
1342,0.00361824035645
1343,0.00480270385742
1344,0.00458908081055
1345,0.00513458251953
1346,0.00525283813477
1347,0.00513458251953
1348,0.0
1349,0.0
1350,0.0
1351,0.0
1352,0.0
1353,0.0
1354,0.000425577163696
1355,0.000851154327393
1356,0.00224876403809
1357,0.00170230865479
1358,0.00212860107422
1359,0.00212860107422
1360,0.00331115722656
1361,0.00255393981934
1362,0.00309944152832
1363,0.00407028198242
1364,0.00449752807617
1365,0.00321769714355
1366,0.00343132019043
1367,0.00212860107422
1368,0.00396347045898
1369,0.00417709350586
1370,0.00437545776367
1371,0.00417709350586
1372,0.00405502319336
1373,0.00306510925293
1374,0.00309944152832
1375,0.00402450561523
1376,0.00457000732422
1377,0.00280380249023
1378,0.00514221191406
1379,0.00484085083008
1380,0.0
1381,0.0
1382,0.0
1383,0.0
1384,0.0
1385,0.000425577163696
1386,0.000638484954834
1387,0.000425577163696
1388,0.00106430053711
1389,0.00148963928223
1390,0.00203514099121
1391,0.00345802307129
1392,0.00196838378906
1393,0.00367164611816
1394,0.00333786010742
1395,0.0040283203125
1396,0.00333786010742
1397,0.00461578369141
1398,0.00361824035645
1399,0.00418853759766
1400,0.00495910644531
1401,0.00289726257324
1402,0.00502777099609
1403,0.00534820556641
1404,0.00385665893555
1405,0.00643539428711
1406,0.00695419311523
1407,0.00396347045898
1408,0.00426864624023
1409,0.00545120239258
1410,0.00587844848633
1411,0.00460052490234
1412,0.0
1413,0.0
1414,0.0
1415,0.0
1416,0.000332355499268
1417,0.000545024871826
1418,0.000638484954834
1419,0.00160884857178
1420,0.00106430053711
1421,0.00127696990967
1422,0.00212860107422
1423,0.00234222412109
1424,0.00255393981934
1425,0.00361824035645
1426,0.00404357910156
1427,0.00344276428223
1428,0.00384330749512
1429,0.00341796875
1430,0.00425720214844
1431,0.00492095947266
1432,0.0042839050293
1433,0.00331115722656
1434,0.00319290161133
1435,0.00383186340332
1436,0.00319290161133
1437,0.00373649597168
1438,0.00373649597168
1439,0.00297927856445
1440,0.00425720214844
1441,0.00361824035645
1442,0.00385665893555
1443,0.0048942565918
1444,0.0
1445,0.0
1446,0.0
1447,0.0
1448,0.0
1449,0.0
1450,0.0
1451,0.000212788581848
1452,0.000851154327393
1453,0.00148963928223
1454,0.000851154327393
1455,0.00170230865479
1456,0.00234222412109
1457,0.00297927856445
1458,0.00383186340332
1459,0.00383186340332
1460,0.00277900695801
1461,0.0027904510498
1462,0.00236511230469
1463,0.00257682800293
1464,0.00272369384766
1465,0.00421142578125
1466,0.00447082519531
1467,0.00383186340332
1468,0.00447082519531
1469,0.00425720214844
1470,0.0048942565918
1471,0.0050163269043
1472,0.00480270385742
1473,0.00522994995117
1474,0.00480270385742
1475,0.00425720214844
1476,0.0
1477,0.0
1478,0.0
1479,0.0
1480,0.0
1481,0.0
1482,0.000851154327393
1483,0.000638484954834
1484,0.000638484954834
1485,0.000638484954834
1486,0.000425577163696
1487,0.000851154327393
1488,0.000650405883789
1489,0.000851154327393
1490,0.00127696990967
1491,0.00148963928223
1492,0.00139713287354
1493,0.00236701965332
1494,0.00145816802979
1495,0.0030574798584
1496,0.00331115722656
1497,0.00319290161133
1498,0.00361824035645
1499,0.00340461730957
1500,0.00410461425781
1501,0.00387573242188
1502,0.00319290161133
1503,0.00321578979492
1504,0.00468444824219
1505,0.0048942565918
1506,0.00340461730957
1507,0.00340461730957
1508,0.0
1509,0.0
1510,0.0
1511,0.0
1512,0.0
1513,0.0
1514,0.000425577163696
1515,0.00106430053711
1516,0.00106430053711
1517,0.00127696990967
1518,0.00127696990967
1519,0.00127696990967
1520,0.00148963928223
1521,0.00148963928223
1522,0.00234222412109
1523,0.00191593170166
1524,0.00191593170166
1525,0.00276565551758
1526,0.00237846374512
1527,0.00216484069824
1528,0.0022144317627
1529,0.0015754699707
1530,0.00216102600098
1531,0.00173568725586
1532,0.00237464904785
1533,0.00168037414551
1534,0.00278091430664
1535,0.00263977050781
1536,0.00172328948975
1537,0.00389289855957
1538,0.00354385375977
1539,0.00482940673828
1540,0.0
1541,0.0
1542,0.0
1543,0.0
1544,0.0
1545,0.0
1546,1.23381614685e-05
1547,0.000249862670898
1548,0.000249862670898
1549,0.000249862670898
1550,0.000225186347961
1551,0.000425577163696
1552,0.00106430053711
1553,0.00106430053711
1554,0.00170230865479
1555,0.00182151794434
1556,0.00215530395508
1557,0.0019416809082
1558,0.00236701965332
1559,0.00260543823242
1560,0.00176620483398
1561,0.00279426574707
1562,0.00249862670898
1563,0.00305557250977
38319,0.00078821182251
38320,0.000357151031494
38322,0.000332355499268
38323,0.000504970550537
38324,0.0
38325,0.0
38326,0.0
38327,0.0
38328,0.000147819519043
38329,8.61883163452e-05
38330,0.000110864639282
38331,0.00013542175293
38332,0.000308036804199
38333,0.000369548797607
38334,0.00051736831665
38335,0.000209450721741
38336,0.000406503677368
38337,0.000591278076172
38338,0.00065279006958
38339,0.000468254089355
38340,0.00105857849121
38341,0.000936508178711
38342,0.000320196151733
38343,0.000899314880371
38344,0.000381708145142
38345,0.000320196151733
38346,0.000332355499268
38347,0.000554084777832
38348,0.000813007354736
38349,0.00075101852417
38350,0.000603675842285
38351,0.000936508178711
38352,0.000813007354736
38353,0.00113296508789
38354,0.00048041343689
38355,0.000209450721741
38356,0.0
38357,0.0
38358,0.0
38359,3.69548797607e-05
38360,0.000184774398804
38361,0.000504970550537
38362,0.000160098075867
38363,0.000566482543945
38364,0.00048041343689
38365,0.00113296508789
38366,0.000443458557129
38367,0.00013542175293
38368,0.000320196151733
38369,4.92930412292e-05
38370,0.000147819519043
38371,0.000184774398804
38372,0.000418901443481
38373,0.000394105911255
38374,0.000308036804199
38375,9.85264778137e-05
38376,2.46167182922e-05
38377,0.000123262405396
38378,0.000246524810791
38379,0.000541687011719
38380,0.000726699829102
38381,0.000640392303467
38382,0.00065279006958
38383,0.000554084777832
38384,0.00075101852417
38385,0.00120735168457
38386,0.00120735168457
38387,0.000529289245605
38388,0.0
38389,0.0
38390,0.0
38391,6.16312026978e-05
38392,0.000123262405396
38393,0.000123262405396
38394,9.85264778137e-05
38395,3.69548797607e-05
38396,0.000110864639282
38397,1.23381614685e-05
38398,4.92930412292e-05
38399,7.39097595215e-05
38400,0.00013542175293
38401,0.000160098075867
38402,0.000295639038086
38403,0.000209450721741
38404,0.000320196151733
38405,0.000381708145142
38406,0.000529289245605
38407,0.000627994537354
38408,0.000578880310059
38409,0.000714302062988
38410,0.00102233886719
38411,0.00121974945068
38412,0.00136756896973
38413,0.00078821182251
38414,0.00107097625732
38415,0.000541687011719
38416,0.000394105911255
38417,0.000603675842285
38418,0.000394105911255
38419,8.61883163452e-05
38420,0.0
38421,0.0
38422,0.0
38423,1.23381614685e-05
38424,0.000197052955627
38425,0.000308036804199
38426,0.000664710998535
38427,0.000616073608398
38428,0.00113296508789
38429,0.00113296508789
38430,0.000406503677368
38431,0.000468254089355
38432,0.000406503677368
38433,0.000468254089355
38434,0.000357151031494
38435,0.000443458557129
38436,0.000234127044678
38437,0.000246524810791
38438,0.000640392303467
38439,0.000320196151733
38440,0.000468254089355
38441,0.000554084777832
38442,0.000689506530762
38443,0.000862121582031
38444,0.00125598907471
38445,0.00142860412598
38446,0.00210571289062
38447,0.0014533996582
38448,0.00150203704834
38449,0.000369548797607
38450,0.00051736831665
38451,0.000960826873779
38452,0.0
38453,0.0
38454,0.0
38455,0.0
38456,0.0
38457,3.69548797607e-05
38458,2.46167182922e-05
38459,0.000258684158325
38460,0.000332355499268
38461,0.000431060791016
38462,0.000640392303467
38463,0.000800609588623
38464,0.00082540512085
38465,0.00048041343689
38466,0.000616073608398
38467,0.00051736831665
38468,0.000234127044678
38469,0.0010347366333
38470,0.000874519348145
38471,0.00124454498291
38472,0.00118255615234
38473,0.000924110412598
38474,0.000960826873779
38475,0.00129318237305
38476,0.00179862976074
38477,0.00168704986572
38478,0.00222969055176
38479,0.00226593017578
38480,0.00128078460693
38481,0.00132942199707
38482,0.00162601470947
38483,0.00177383422852
38484,0.0
38485,0.0
38486,0.0
38487,1.23381614685e-05
38488,0.0
38489,3.69548797607e-05
38490,6.16312026978e-05
38491,1.23381614685e-05
38492,0.000123262405396
38493,0.000160098075867
38494,0.000209450721741
38495,0.000283241271973
38496,0.000123262405396
38497,6.16312026978e-05
38498,0.00013542175293
38499,0.000468254089355
38500,0.000381708145142
38501,6.16312026978e-05
38502,0.000197052955627
38503,0.000443458557129
38504,0.000357151031494
38505,0.000800609588623
38506,0.000258684158325
38507,0.000616073608398
38508,0.000973224639893
38509,0.00113296508789
38510,0.00107097625732
38511,0.0010347366333
38512,0.000874519348145
38513,0.00078821182251
38514,0.000726699829102
38515,0.000504970550537
38516,0.0
38517,0.0
38518,0.0
38519,1.23381614685e-05
38520,7.39097595215e-05
38521,6.16312026978e-05
38522,0.000455856323242
38523,0.000541687011719
38524,0.000554084777832
38525,0.000270843505859
38526,1.23381614685e-05
38527,0.000246524810791
38528,0.00065279006958
38529,0.000997543334961
38530,0.000911712646484
38531,0.00136756896973
38532,0.000936508178711
38533,0.000763416290283
38534,0.000640392303467
38535,0.000775814056396
38536,0.00051736831665
38537,0.000455856323242
38538,0.000418901443481
38539,0.000554084777832
38540,0.000332355499268
38541,0.000591278076172
38542,0.000911712646484
38543,0.000627994537354
38544,0.00120735168457
38545,0.00115776062012
38546,0.00152683258057
38547,0.000899314880371
38548,0.0
38549,0.0
38550,0.0
38551,0.0
38552,1.23381614685e-05
38553,0.00013542175293
38554,0.0
38555,8.61883163452e-05
38556,0.000344753265381
38557,0.000406503677368
38558,0.000701904296875
38559,0.000504970550537
38560,0.000591278076172
38561,0.000763416290283
38562,0.00117015838623
38563,0.00105857849121
38564,0.00119495391846
38565,0.00128078460693
38566,0.000936508178711
38567,0.00075101852417
38568,0.00104713439941
38569,0.000566482543945
38570,0.000443458557129
38571,0.000554084777832
38572,0.000603675842285
38573,0.000406503677368
38574,0.000283241271973
38575,0.000234127044678
38576,0.000209450721741
38577,0.000418901443481
38578,0.000308036804199
38579,0.000283241271973
38580,0.0
38581,0.0
38582,0.0
38583,0.0
38584,0.0
38585,6.16312026978e-05
38586,9.85264778137e-05
38587,0.000123262405396
38588,0.000308036804199
38589,0.000308036804199
38590,0.000344753265381
38591,0.000418901443481
38592,0.000344753265381
38593,0.000344753265381
38594,0.000258684158325
38595,0.000258684158325
38596,0.000246524810791
38597,0.000197052955627
38598,0.000443458557129
38599,0.000504970550537
38600,0.000616073608398
38601,0.000862121582031
38602,0.000911712646484
38603,0.000837802886963
38604,0.000726699829102
38605,0.000763416290283
38606,0.00078821182251
38607,0.000986099243164
38608,0.00124454498291
38609,0.000924110412598
38610,0.00075101852417
38611,0.000578880310059
38612,0.0
38613,0.0
38614,0.0
38615,0.0
38616,0.0
38617,6.16312026978e-05
38618,0.000234127044678
38619,0.000578880310059
38620,0.000541687011719
38621,0.00075101852417
38622,0.000504970550537
38623,0.000899314880371
38624,0.00100994110107
38625,0.00169944763184
38626,0.000936508178711
38627,0.00190925598145
38628,0.00132942199707
38629,0.000960826873779
38630,0.000701904296875
38631,0.00109577178955
38632,0.000714302062988
38633,0.000616073608398
38634,0.000664710998535
38635,0.000813007354736
38636,0.00118255615234
38637,0.00124454498291
38638,0.000701904296875
38639,0.000763416290283
38640,0.000837802886963
38641,0.000566482543945
38642,0.000775814056396
38643,0.000714302062988
38644,0.0
38645,0.0
38646,0.0
38647,0.0
38648,0.0
38649,0.0
38650,0.0
38651,0.0
38652,8.61883163452e-05
38653,2.46167182922e-05
38654,0.000234127044678
38655,0.00013542175293
38656,1.23381614685e-05
38657,0.000234127044678
38658,0.000578880310059
38659,0.000763416290283
38660,0.000234127044678
38661,0.000603675842285
38662,0.000948429107666
38663,0.000837802886963
38664,0.000381708145142
38665,0.000258684158325
38666,0.000357151031494
38667,0.000320196151733
38668,0.000493049621582
38669,0.000184774398804
38670,0.000147819519043
38671,0.000234127044678
38672,0.000455856323242
38673,0.000455856323242
38674,0.000332355499268
38675,0.000578880310059
38676,0.0
38677,0.0
38678,0.0
38679,1.23381614685e-05
38680,8.61883163452e-05
38681,0.000184774398804
38682,0.000394105911255
38683,0.000258684158325
38684,0.000529289245605
38685,0.000813007354736
38686,0.000566482543945
38687,0.00051736831665
38688,0.000554084777832
38689,0.000837802886963
38690,0.000689506530762
38691,0.000603675842285
38692,0.00078821182251
38693,0.00108337402344
38694,0.000689506530762
38695,0.000775814056396
38696,0.000813007354736
38697,0.000468254089355
38698,0.0010347366333
38699,0.000997543334961
38700,0.000726699829102
38701,0.000973224639893
38702,0.00113296508789
38703,0.000837802886963
38704,0.00110816955566
38705,0.000837802886963
38706,0.00136756896973
38707,0.00137901306152
38708,0.0
38709,0.0
38710,0.0
38711,0.0
38712,0.0
38713,3.69548797607e-05
38714,6.16312026978e-05
38715,0.000258684158325
38716,0.000320196151733
38717,0.000566482543945
38718,0.000418901443481
38719,8.61883163452e-05
38720,9.85264778137e-05
38721,0.000369548797607
38722,0.000221729278564
38723,0.000504970550537
38724,0.000627994537354
38725,0.000394105911255
38726,0.00117015838623
38727,0.000899314880371
38728,0.001145362854
38729,0.000874519348145
38730,0.00120735168457
38731,0.00104713439941
38732,0.000541687011719
38733,0.00124454498291
38734,0.00152683258057
38735,0.0013542175293
38736,0.00051736831665
38737,0.000986099243164
38738,0.00107097625732
38739,0.000381708145142
38740,0.0
38741,0.0
38742,0.0
38743,1.23381614685e-05
38744,0.0
38745,1.23381614685e-05
38746,2.46167182922e-05
38747,8.61883163452e-05
38748,0.000147819519043
38749,0.000529289245605
38750,0.000344753265381
38751,0.000578880310059
38752,0.000726699829102
38753,0.000406503677368
38754,0.000455856323242
38755,0.000283241271973
38756,0.000308036804199
38757,0.000332355499268
38758,0.000566482543945
38759,0.000332355499268
38760,0.000332355499268
38761,0.000504970550537
38762,0.000541687011719
38763,0.000443458557129
38764,0.000270843505859
38765,0.000320196151733
38766,0.00017237663269
38767,0.000270843505859
38768,0.000468254089355
38769,0.000221729278564
38770,0.00048041343689
38771,0.000627994537354
38772,0.0
38773,0.0
38774,0.0
38775,1.23381614685e-05
38776,1.23381614685e-05
38777,0.0
38778,6.16312026978e-05
38779,0.000357151031494
38780,0.000209450721741
38781,4.92930412292e-05
38782,0.000357151031494
38783,0.000677108764648
38784,0.000603675842285
38785,0.00065279006958
38786,0.00119495391846
38787,0.00169944763184
38788,0.00198364257812
38789,0.000924110412598
38790,0.0014533996582
38791,0.00171184539795
38792,0.000948429107666
38793,0.000960826873779
38794,0.00142860412598
38795,0.00109577178955
38796,0.00082540512085
38797,0.000283241271973
38798,0.000714302062988
38799,0.000197052955627
38800,0.000455856323242
38801,0.000160098075867
38802,0.000197052955627
38803,0.000246524810791
38804,0.0
38805,0.0
38806,0.0
38807,0.0
38808,0.0
38809,9.85264778137e-05
38810,0.0
38811,0.0
38812,0.0
38813,2.46167182922e-05
38814,7.39097595215e-05
38815,9.85264778137e-05
38816,0.000160098075867
38817,0.000332355499268
38818,0.000578880310059
38819,0.000431060791016
38820,0.000308036804199
38821,0.000541687011719
38822,0.000714302062988
38823,0.000726699829102
38824,0.000627994537354
38825,0.000911712646484
38826,0.000726699829102
38827,0.000936508178711
38828,0.000899314880371
38829,0.00130558013916
38830,0.00129318237305
38831,0.00144100189209
38832,0.000283241271973
38833,0.000184774398804
38834,0.000332355499268
38835,0.000246524810791
38836,0.0
38837,0.0
38838,0.0
38839,0.0
38840,4.92930412292e-05
38841,6.16312026978e-05
38842,0.000197052955627
38843,0.000529289245605
38844,0.000677108764648
38845,0.00075101852417
38846,0.000689506530762
38847,0.000344753265381
38848,0.000554084777832
38849,0.000493049621582
38850,0.000344753265381
38851,0.000418901443481
38852,0.000332355499268
38853,0.000344753265381
38854,0.000234127044678
38855,0.000431060791016
38856,0.000234127044678
38857,0.000529289245605
38858,0.000381708145142
38859,0.00065279006958
38860,0.000566482543945
38861,0.000443458557129
38862,0.000664710998535
38863,0.000258684158325
38864,0.000468254089355
38865,0.000664710998535
38866,0.000837802886963
38867,0.000443458557129
38868,0.0
38869,0.0
38870,0.0
38871,0.0
38872,0.0
38873,0.0
38874,1.23381614685e-05
38875,2.46167182922e-05
38876,0.000147819519043
38877,0.000295639038086
38878,0.000184774398804
38879,0.000147819519043
38880,0.000246524810791
38881,0.00013542175293
38882,2.46167182922e-05
38883,0.000197052955627
38884,0.000221729278564
38885,0.000295639038086
38886,0.000418901443481
38887,0.000381708145142
38888,0.000406503677368
38889,0.000394105911255
38890,0.000209450721741
38891,0.000406503677368
38892,0.00048041343689
38893,0.000406503677368
38894,0.000283241271973
38895,0.000270843505859
38896,0.000739097595215
38897,0.000775814056396
38898,0.000997543334961
38899,0.000493049621582
38900,0.0
38901,0.0
38902,0.0
38903,0.0
38904,2.46167182922e-05
38905,0.0
38906,6.16312026978e-05
38907,0.0
38908,2.46167182922e-05
38909,0.000110864639282
38910,8.61883163452e-05
38911,4.92930412292e-05
38912,0.000320196151733
38913,0.000394105911255
38914,0.000813007354736
38915,0.00107097625732
38916,0.000504970550537
38917,0.00149059295654
38918,0.00147819519043
38919,0.000640392303467
38920,0.00013542175293
38921,0.000209450721741
38922,0.00017237663269
38923,0.000344753265381
38924,0.000418901443481
38925,0.000603675842285
38926,0.000886917114258
38927,0.000504970550537
38928,0.00117015838623
38929,0.000726699829102
38930,0.000714302062988
38931,0.000566482543945
38932,0.0
38933,0.0
38934,0.0
38935,0.0
38936,0.0
38937,0.0
38938,0.0
38939,1.23381614685e-05
38940,4.92930412292e-05
38941,7.39097595215e-05
38942,0.00013542175293
38943,0.000147819519043
38944,0.000147819519043
38945,0.000246524810791
38946,0.00013542175293
38947,0.000541687011719
38948,0.000468254089355
38949,0.00051736831665
38950,0.00065279006958
38951,0.000739097595215
38952,0.000701904296875
38953,0.000997543334961
38954,0.000381708145142
38955,0.000899314880371
38956,0.000689506530762
38957,0.000763416290283
38958,0.000948429107666
38959,0.00152683258057
38960,0.00113296508789
38961,0.000726699829102
38962,0.00125598907471
38963,0.000911712646484
38964,0.0
38965,0.0
38966,0.0
38967,6.16312026978e-05
38968,0.000369548797607
38969,0.000689506530762
38970,0.000504970550537
38971,0.000344753265381
38972,0.000270843505859
38973,0.000677108764648
38974,0.000258684158325
38975,0.000726699829102
38976,0.000936508178711
38977,0.000493049621582
38978,0.000554084777832
38979,0.00105857849121
38980,0.000443458557129
38981,0.000468254089355
38982,0.000529289245605
38983,0.000295639038086
38984,0.00017237663269
38985,0.000147819519043
38986,0.000455856323242
38987,0.000418901443481
38988,0.000677108764648
38989,0.000209450721741
38990,0.000209450721741
38991,0.00013542175293
38992,0.00013542175293
38993,0.000209450721741
38994,9.85264778137e-05
38995,0.000258684158325
38996,0.0
38997,0.0
38998,0.0
38999,0.0
39000,0.0
39001,6.16312026978e-05
39002,9.85264778137e-05
39003,0.000110864639282
39004,0.000123262405396
39005,1.23381614685e-05
39006,0.000234127044678
39007,8.61883163452e-05
39008,0.000308036804199
39009,0.000578880310059
39010,0.000739097595215
39011,0.000886917114258
39012,0.00100994110107
39013,0.000726699829102
39014,0.000763416290283
39015,0.000775814056396
39016,0.000197052955627
39017,0.00065279006958
39018,0.000603675842285
39019,0.000837802886963
39020,0.000837802886963
39021,0.000664710998535
39022,0.000664710998535
39023,0.000184774398804
39024,0.000246524810791
39025,0.000221729278564
39026,0.000147819519043
39027,0.000160098075867
39028,0.0
39029,0.0
39030,0.0
39031,0.0
39032,0.0
39033,0.0
39034,1.23381614685e-05
39035,3.69548797607e-05
39036,0.000147819519043
39037,0.00013542175293
39038,0.000616073608398
39039,0.000640392303467
39040,0.000431060791016
39041,0.00065279006958
39042,0.000775814056396
39043,0.000739097595215
39044,0.00051736831665
39045,0.0012321472168
39046,0.000936508178711
39047,0.000948429107666
39048,0.00167560577393
39049,0.00171184539795
39050,0.00167560577393
39051,0.00130558013916
39052,0.000800609588623
39053,0.00082540512085
39054,0.000664710998535
39055,0.000997543334961
39056,0.000529289245605
39057,0.000886917114258
39058,0.000221729278564
39059,0.000578880310059
39060,0.0
39061,0.0
39062,0.0
39063,0.0
39064,0.0
39065,0.0
39066,8.61883163452e-05
39067,0.0
39068,0.0
39069,0.0
39070,0.0
39071,0.0
39072,3.69548797607e-05
39073,4.92930412292e-05
39074,8.61883163452e-05
39075,0.00013542175293
39076,0.000529289245605
39077,9.85264778137e-05
39078,0.000258684158325
39079,0.000270843505859
39080,0.000455856323242
39081,0.000493049621582
39082,0.000566482543945
39083,0.000418901443481
39084,0.000813007354736
39085,0.000813007354736
39086,0.0010347366333
39087,0.000763416290283
39088,0.000936508178711
39089,0.00113296508789
39090,0.00137901306152
39091,0.00109577178955
39092,0.0
39093,0.0
39094,0.0
39095,1.23381614685e-05
39096,0.000123262405396
39097,0.000332355499268
39098,0.000320196151733
39099,0.000381708145142
39100,0.000726699829102
39101,0.00112056732178
39102,0.000936508178711
39104,0.000689506530762
39105,0.000689506530762
39106,0.00100994110107
39107,0.00113296508789
39108,0.00129318237305
39109,0.00161266326904
39110,0.00167560577393
39111,0.000899314880371
39112,0.000418901443481
39113,0.000381708145142
39114,0.000701904296875
39115,0.00128078460693
39116,0.00104713439941
39117,0.000566482543945
39118,0.000369548797607
39119,0.00065279006958
39120,0.000455856323242
39121,0.000504970550537
39122,0.000332355499268
39123,0.000664710998535
39124,0.00065279006958
39125,0.0
39126,0.0
39127,0.0
39128,0.0
39129,0.0
39130,3.69548797607e-05
39131,0.00013542175293
39132,0.000110864639282
39133,0.000184774398804
39134,3.69548797607e-05
39135,0.000344753265381
39136,0.000357151031494
39137,0.000406503677368
39138,0.000924110412598
39139,0.00118255615234
39140,0.00132942199707
39141,0.00137901306152
39142,0.00129318237305
39143,0.000529289245605
39144,0.00082540512085
39145,0.0012321472168
39146,0.000813007354736
39147,0.00128078460693
39148,0.000578880310059
39149,0.000504970550537
39150,0.000369548797607
39151,0.000493049621582
39152,0.000591278076172
39153,0.000431060791016
39154,0.000849723815918
39155,0.000664710998535
39156,0.00075101852417
39157,0.0
39158,0.0
39159,0.0
39160,2.46167182922e-05
39161,0.0
39162,3.69548797607e-05
39163,4.92930412292e-05
39164,0.00017237663269
39165,0.000468254089355
39166,0.000431060791016
39167,8.61883163452e-05
39168,0.000270843505859
39169,0.000578880310059
39170,0.000418901443481
39171,0.000578880310059
39172,0.000591278076172
39173,0.000689506530762
39174,0.000147819519043
39175,0.000283241271973
39176,0.000147819519043
39177,0.000209450721741
39178,0.000197052955627
39179,0.000344753265381
39180,0.000468254089355
39181,0.000504970550537
39182,0.000258684158325
39183,0.000320196151733
39184,0.000234127044678
39185,0.000160098075867
39186,0.000147819519043
39187,0.000147819519043
39188,0.000283241271973
39189,0.0
39190,0.0
39191,0.0
39192,0.0
39193,2.46167182922e-05
39194,9.85264778137e-05
39195,0.000160098075867
39196,0.000160098075867
39197,0.000468254089355
39198,0.000554084777832
39199,0.000406503677368
39200,0.000763416290283
39201,0.000369548797607
39202,0.000418901443481
39203,0.000295639038086
39204,0.000357151031494
39205,0.000504970550537
39206,0.00017237663269
39207,0.000197052955627
39208,0.000270843505859
39209,0.000295639038086
39210,0.00051736831665
39211,0.000997543334961
39212,0.000739097595215
39213,0.000739097595215
39214,0.000739097595215
39215,0.000911712646484
39216,0.000443458557129
39217,0.000468254089355
39218,8.61883163452e-05
39219,0.000221729278564
39220,0.000283241271973
39221,0.0
39222,0.0
39223,0.0
39224,3.69548797607e-05
39225,0.000160098075867
39226,0.000616073608398
39227,0.000813007354736
39228,0.000849723815918
39229,0.00078821182251
39230,0.000529289245605
39231,0.00078821182251
39232,0.000664710998535
39233,0.000739097595215
39234,0.000936508178711
39235,0.000911712646484
39236,0.000775814056396
39237,0.000986099243164
39238,0.00115776062012
39239,0.000381708145142
39240,0.000529289245605
39241,0.000775814056396
39242,0.000468254089355
39243,0.000886917114258
39244,0.000775814056396
39245,0.00051736831665
39246,0.000739097595215
39247,0.00100994110107
39248,0.00104713439941
39249,0.000640392303467
39250,0.00102233886719
39251,0.00151538848877
39252,0.00150203704834
39253,0.0
39254,0.0
39255,0.0
39256,0.0
39257,3.69548797607e-05
39258,0.000344753265381
39259,0.00048041343689
39260,0.000997543334961
39261,0.000627994537354
39262,0.00146579742432
39263,0.00168704986572
39264,0.00155162811279
39265,0.000603675842285
39266,0.000493049621582
39267,0.000468254089355
39268,0.000418901443481
39269,0.00108337402344
39270,0.00155162811279
39271,0.0016508102417
39272,0.00132942199707
39273,0.0016622543335
39274,0.00112056732178
39275,0.000936508178711
39276,0.00149059295654
39277,0.00137901306152
39278,0.000504970550537
39279,0.000714302062988
39280,0.00155162811279
39281,0.00132942199707
39282,0.000640392303467
39283,0.000616073608398
39284,0.000283241271973
39285,0.0
39286,0.0
39287,0.0
39288,0.0
39289,4.92930412292e-05
39290,6.16312026978e-05
39291,0.000234127044678
39292,0.000295639038086
39293,0.000234127044678
39294,0.000320196151733
39295,0.000406503677368
39296,0.000270843505859
39297,0.000554084777832
39298,0.000493049621582
39299,0.000443458557129
39300,0.00078821182251
39301,0.000862121582031
39302,0.00082540512085
39303,0.000529289245605
39304,0.000344753265381
39305,0.000689506530762
39306,0.000381708145142
39307,0.000197052955627
39308,0.000320196151733
39309,0.000369548797607
39310,0.000541687011719
39311,0.00075101852417
39312,0.001145362854
39313,0.00130558013916
39314,0.00112056732178
39315,0.00075101852417
39316,0.000640392303467
39317,0.0
39318,0.0
39319,0.0
39320,3.69548797607e-05
39321,1.23381614685e-05
39322,4.92930412292e-05
39323,0.000566482543945
39324,0.000677108764648
39325,0.000997543334961
39326,0.00126838684082
39327,0.00181007385254
39328,0.000973224639893
39329,0.0013427734375
39330,0.00146579742432
39331,0.00193405151367
39332,0.000800609588623
39333,0.000616073608398
39334,0.000344753265381
39335,0.000184774398804
39336,0.000295639038086
39337,0.000110864639282
39338,0.000160098075867
39339,0.000283241271973
39340,0.000283241271973
39341,0.000332355499268
39342,0.000283241271973
39343,0.000541687011719
39344,0.000726699829102
39345,0.000800609588623
39346,0.000911712646484
39347,0.000455856323242
39348,0.000813007354736
39349,0.0
39350,0.0
39351,0.0
39352,0.0
39353,0.0
39354,0.0
39355,3.69548797607e-05
39356,7.39097595215e-05
39357,0.000221729278564
39358,0.00051736831665
39359,0.000529289245605
39360,0.000640392303467
39361,0.000874519348145
39362,0.000418901443481
39363,0.00118255615234
39364,0.000394105911255
39365,0.000332355499268
39366,0.000541687011719
39367,0.000295639038086
39368,0.000739097595215
39369,0.000578880310059
39370,0.00120735168457
39371,0.00107097625732
39372,0.000726699829102
39373,0.00115776062012
39374,0.000566482543945
39375,0.00051736831665
39376,0.000603675842285
39377,0.000739097595215
39378,0.00140380859375
39379,0.00140380859375
39380,0.0013542175293
39381,0.0
39382,0.0
39383,0.0
39384,1.23381614685e-05
39385,0.000197052955627
39386,7.39097595215e-05
39387,0.000357151031494
39388,7.39097595215e-05
39389,0.000234127044678
39390,6.16312026978e-05
39391,7.39097595215e-05
39392,0.000160098075867
39393,0.000147819519043
39394,0.00051736831665
39395,0.000541687011719
39396,0.000406503677368
39397,0.000406503677368
39398,0.00051736831665
39399,0.000443458557129
39400,0.000406503677368
39401,0.000701904296875
39402,0.00048041343689
39403,0.000986099243164
39404,0.000566482543945
39405,0.00078821182251
39406,0.000541687011719
39407,0.000332355499268
39408,0.000775814056396
39409,0.00078821182251
39410,0.00120735168457
39411,0.000270843505859
39412,0.000468254089355
39413,0.0
39414,0.0
39415,0.0
39416,0.0
39417,0.0
39418,0.0
39419,3.69548797607e-05
39420,0.000197052955627
39421,0.00013542175293
39422,0.000258684158325
39423,0.000627994537354
39424,0.000381708145142
39425,0.000295639038086
39426,0.000468254089355
39427,0.000381708145142
39428,0.000541687011719
39429,0.000197052955627
39430,0.00100994110107
39431,0.000813007354736
39432,0.0016508102417
39433,0.00140380859375
39434,0.000763416290283
39435,0.000763416290283
39436,0.000837802886963
39437,0.000936508178711
39438,0.00119495391846
39439,0.000603675842285
39440,0.000627994537354
39441,0.000948429107666
39442,0.000418901443481
39443,0.000493049621582
39444,0.000344753265381
39445,0.0
39446,0.0
39447,0.0
39448,0.0
39449,0.0
39450,6.16312026978e-05
39451,0.00017237663269
39452,0.000541687011719
39453,0.00117015838623
39454,0.000800609588623
39455,0.0013427734375
39456,0.0016622543335
39457,0.000973224639893
39458,0.00108337402344
39459,0.000739097595215
39460,0.000739097595215
39461,0.000184774398804
39462,0.000283241271973
39463,0.000209450721741
39464,9.85264778137e-05
39465,0.000197052955627
39466,0.000221729278564
39467,0.000270843505859
39468,0.000197052955627
39469,0.000406503677368
39470,0.000406503677368
39471,0.000258684158325
39472,0.000664710998535
39473,0.000418901443481
39474,0.000554084777832
39475,0.000468254089355
39476,0.000640392303467
39477,0.0
39478,0.0
39479,0.0
39480,0.0
39481,0.0
39482,0.00017237663269
39483,0.000197052955627
39484,0.000123262405396
39485,0.000258684158325
39486,0.000468254089355
39487,0.000726699829102
39488,0.00051736831665
39489,0.000677108764648
39490,2.46167182922e-05
39491,0.000504970550537
39492,0.00013542175293
39493,0.000332355499268
39494,0.000763416290283
39495,0.000554084777832
39496,0.000689506530762
39497,0.000344753265381
39498,0.000246524810791
39499,0.000344753265381
39500,0.000320196151733
39501,0.000234127044678
39502,0.000197052955627
39503,9.85264778137e-05
39504,0.000295639038086
39505,0.00051736831665
39506,0.000320196151733
39507,0.000800609588623
39508,0.00131797790527
39509,0.0
39510,0.0
39511,0.0
39512,1.23381614685e-05
39513,0.000221729278564
39514,0.000357151031494
39515,0.000283241271973
39516,0.000295639038086
39517,0.000295639038086
39518,0.000455856323242
39519,0.000418901443481
39520,0.00048041343689
39521,0.000800609588623
39522,0.000701904296875
39523,0.000948429107666
39524,0.000381708145142
39525,0.000640392303467
39526,0.000394105911255
39527,0.000332355499268
39528,0.000837802886963
39529,0.00075101852417
39530,0.00100994110107
39531,0.0013542175293
39532,0.00141716003418
39533,0.000837802886963
39534,0.0010347366333
39535,0.000455856323242
39536,0.000986099243164
39537,0.00112056732178
39538,0.00174903869629
39539,0.0016622543335
39540,0.001540184021
39541,0.0
39542,0.0
39543,0.0
39544,0.0
39545,0.0
39546,0.0
39547,0.000147819519043
39548,0.0
39549,7.39097595215e-05
39550,0.000147819519043
39551,0.000270843505859
39552,0.00048041343689
39553,0.000443458557129
39554,0.000591278076172
39555,0.000800609588623
39556,0.00102233886719
39557,0.000948429107666
39558,0.000874519348145
39559,0.00117015838623
39560,0.000800609588623
39561,0.000578880310059
39562,0.000529289245605
39563,0.000443458557129
39564,0.00065279006958
39565,0.000468254089355
39566,0.000529289245605
39567,0.000714302062988
39568,0.000394105911255
39569,0.000406503677368
39570,0.000578880310059
39571,0.000960826873779
39572,0.000566482543945
39573,0.0
39574,0.0
39575,0.0
39576,0.0
39577,0.0
39578,0.0
39579,6.16312026978e-05
39580,0.000258684158325
39581,0.000357151031494
39582,0.000924110412598
39583,0.000591278076172
39584,0.000468254089355
39585,0.000775814056396
39586,0.000739097595215
39587,0.00013542175293
39588,0.000234127044678
39589,0.000381708145142
39590,0.000640392303467
39591,0.000739097595215
39592,0.000493049621582
39593,0.000493049621582
39594,0.000344753265381
39595,0.000270843505859
39596,0.000184774398804
39597,0.000258684158325
39598,0.000394105911255
39599,0.000258684158325
39600,0.000689506530762
39601,0.000554084777832
39602,0.00078821182251
39603,0.000431060791016
39604,0.000468254089355
39605,0.0
39606,0.0
39607,0.0
39608,0.0
39609,3.69548797607e-05
39610,8.61883163452e-05
39611,0.000197052955627
39612,0.000110864639282
39613,0.000640392303467
39614,1.23381614685e-05
39615,4.92930412292e-05
39616,0.000221729278564
39617,0.000418901443481
39618,0.000221729278564
39619,0.000234127044678
39620,0.000369548797607
39621,0.000110864639282
39622,0.000221729278564
39623,0.000443458557129
39624,0.000431060791016
39625,0.000221729278564
39626,0.000283241271973
39627,0.000344753265381
39628,6.16312026978e-05
39629,0.000184774398804
39630,0.000258684158325
39631,0.000394105911255
39632,0.000246524810791
39633,0.000763416290283
39634,0.00082540512085
39635,0.00051736831665
39636,0.00110816955566
39637,0.0
39638,0.0
39639,0.0
39640,0.0
39641,2.46167182922e-05
39642,0.000110864639282
39643,0.000123262405396
39644,0.000221729278564
39645,0.000443458557129
39646,0.000320196151733
39647,0.000948429107666
39648,0.00149059295654
39649,0.000775814056396
39650,0.000640392303467
39651,0.00102233886719
39652,0.00181007385254
39653,0.0021915435791
39654,0.00169944763184
39655,0.00144100189209
39656,0.00185966491699
39657,0.00158786773682
39658,0.00117015838623
39659,0.00193405151367
39660,0.00160121917725
39661,0.000677108764648
39662,0.000357151031494
39663,0.000640392303467
39664,0.000381708145142
39665,0.000689506530762
39666,0.000849723815918
39667,0.000911712646484
39668,0.000997543334961
39669,0.0
39670,0.0
39671,0.0
39672,0.0
39673,1.23381614685e-05
39674,3.69548797607e-05
39675,8.61883163452e-05
39676,0.000332355499268
39677,0.000246524810791
39678,0.000209450721741
39679,0.000493049621582
39680,0.000664710998535
39681,0.000936508178711
39682,0.00128078460693
39683,0.00115776062012
39684,0.00162601470947
39685,0.00102233886719
39686,0.00109577178955
39687,0.000603675842285
39688,0.000739097595215
39689,0.000837802886963
39690,0.000849723815918
39691,0.000627994537354
39692,0.000627994537354
39693,0.000714302062988
39694,0.000960826873779
39695,0.000689506530762
39696,0.000664710998535
39697,0.00104713439941
39698,0.00131797790527
39699,0.00129318237305
39700,0.000862121582031
39701,0.0
39702,0.0
39703,0.0
39704,2.46167182922e-05
39705,0.000110864639282
39706,0.000431060791016
39707,0.000627994537354
39708,0.00078821182251
39709,0.00104713439941
39710,0.000924110412598
39711,0.000701904296875
39712,0.000455856323242
39713,0.000381708145142
39714,0.000443458557129
39715,0.000332355499268
39716,0.000209450721741
39717,0.00013542175293
39718,0.000283241271973
39719,0.000591278076172
39720,0.000566482543945
39721,0.000197052955627
39722,0.000418901443481
39723,0.00075101852417
39724,0.00075101852417
39725,0.000443458557129
39726,0.000726699829102
39727,0.000640392303467
39728,0.000493049621582
39729,0.000886917114258
39730,0.00105857849121
39731,0.000566482543945
39732,0.000504970550537
39733,0.0
39734,0.0
39735,0.0
39736,0.0
39737,0.0
39738,0.0
39739,1.23381614685e-05
39740,3.69548797607e-05
39741,3.69548797607e-05
39742,3.69548797607e-05
39743,8.61883163452e-05
39744,0.000160098075867
39745,0.000258684158325
39746,0.000221729278564
39747,0.000147819519043
39748,0.000443458557129
39749,0.000973224639893
39750,0.00140380859375
39751,0.000874519348145
39752,0.00112056732178
39753,0.000603675842285
39754,0.0016622543335
39755,0.000924110412598
39756,0.000726699829102
39757,0.000443458557129
39758,0.000381708145142
39759,0.000714302062988
39760,0.000739097595215
39761,0.000763416290283
39762,0.000468254089355
39763,0.000406503677368
39764,0.000381708145142
39765,0.0
39766,0.0
39767,0.0
39768,0.0
39769,0.0
39770,0.0
39771,0.0
39772,0.0
39773,0.0
39774,0.0
39775,0.000110864639282
39776,4.92930412292e-05
39777,0.000246524810791
39778,0.000566482543945
39779,0.000616073608398
39780,0.000541687011719
39781,0.000418901443481
39782,0.000431060791016
39783,0.000234127044678
39784,0.000147819519043
39785,0.000197052955627
39786,0.000258684158325
39787,0.000184774398804
39788,0.000344753265381
39789,0.000591278076172
39790,0.000616073608398
39791,0.000381708145142
39792,0.000123262405396
39793,0.000246524810791
39794,0.000295639038086
39795,0.000221729278564
39796,0.000664710998535
39797,0.0
39798,0.0
39799,0.0
39800,0.0
39801,0.0
39802,0.0
39803,2.46167182922e-05
39804,9.85264778137e-05
39805,0.000283241271973
39806,0.000283241271973
39807,4.92930412292e-05
39808,0.000258684158325
39809,0.000110864639282
39810,0.00013542175293
39811,9.85264778137e-05
39812,1.23381614685e-05
39813,1.23381614685e-05
39814,0.000221729278564
39815,0.000283241271973
39816,7.39097595215e-05
39817,0.000234127044678
39818,0.000221729278564
39819,0.000344753265381
39820,0.00051736831665
39821,0.000677108764648
39822,0.00078821182251
39823,0.000197052955627
39824,0.000246524810791
39825,4.92930412292e-05
39826,6.16312026978e-05
39827,8.61883163452e-05
39828,0.000308036804199
39829,0.0
39830,0.0
39831,0.0
39832,0.0
39833,0.0
39834,1.23381614685e-05
39835,2.46167182922e-05
39836,0.0
39837,0.0
39838,0.0
39839,0.0
39840,1.23381614685e-05
39841,0.000123262405396
39842,0.000184774398804
39843,0.000431060791016
39844,0.000344753265381
39845,0.000591278076172
39846,0.000775814056396
39847,0.000664710998535
39848,0.000616073608398
39849,0.000369548797607
39850,0.000874519348145
39851,0.000147819519043
39852,0.000493049621582
39853,0.000566482543945
39854,0.00065279006958
39855,0.000406503677368
39856,0.000369548797607
39857,0.000763416290283
39858,0.000591278076172
39859,0.000849723815918
39860,0.001145362854
39861,0.0
39862,0.0
39863,0.0
39864,1.23381614685e-05
39865,2.46167182922e-05
39866,0.00013542175293
39867,1.23381614685e-05
39868,7.39097595215e-05
39869,6.16312026978e-05
39870,0.000197052955627
39871,0.000369548797607
39872,0.000394105911255
39873,0.000493049621582
39874,0.000911712646484
39875,0.000997543334961
39876,0.000616073608398
39877,0.000813007354736
39878,0.000726699829102
39879,0.000701904296875
39880,0.00102233886719
39881,0.00131797790527
76637,0.00013542175293
76638,0.000221729278564
76640,2.46167182922e-05
76641,0.000221729278564
76642,0.000320196151733
76643,0.000221729278564
76644,0.000147819519043
76645,0.0
76646,0.0
76647,0.0
76648,0.0
76649,0.0
76650,0.0
76651,0.0
76652,0.0
76653,0.0
76654,1.23381614685e-05
76655,3.69548797607e-05
76656,1.23381614685e-05
76657,3.69548797607e-05
76658,4.92930412292e-05
76659,0.00013542175293
76660,0.00017237663269
76661,0.000258684158325
76662,0.000234127044678
76663,0.000234127044678
76664,0.000332355499268
76665,0.000493049621582
76666,0.000578880310059
76667,0.000554084777832
76668,0.000849723815918
76669,0.000763416290283
76670,0.000418901443481
76671,0.000369548797607
76672,0.000357151031494
76673,0.000295639038086
76674,0.000357151031494
76675,0.000591278076172
76676,0.000627994537354
76677,0.0
76678,0.0
76679,0.0
76680,0.0
76681,6.16312026978e-05
76682,7.39097595215e-05
76683,0.000184774398804
76684,0.000443458557129
76685,0.000332355499268
76686,0.000221729278564
76687,9.85264778137e-05
76688,0.000406503677368
76689,0.000714302062988
76690,0.000911712646484
76691,0.00141716003418
76692,0.00139236450195
76693,0.00121974945068
76694,0.000701904296875
76695,0.00051736831665
76696,0.000455856323242
76697,0.000603675842285
76698,0.000197052955627
76699,0.000221729278564
76700,0.000270843505859
76701,0.000591278076172
76702,0.000775814056396
76703,0.000936508178711
76704,0.0013542175293
76705,0.000874519348145
76706,0.000701904296875
76707,0.00117015838623
76708,0.0013542175293
76709,0.0
76710,0.0
76711,0.0
76712,0.0
76713,0.0
76714,0.000123262405396
76715,0.000295639038086
76716,0.000270843505859
76717,0.000443458557129
76718,3.69548797607e-05
76719,8.61883163452e-05
76720,1.23381614685e-05
76721,0.000209450721741
76722,0.000197052955627
76723,0.000332355499268
76724,0.000344753265381
76725,0.000110864639282
76726,0.000554084777832
76727,0.00065279006958
76728,0.00136756896973
76729,0.000246524810791
76730,0.000443458557129
76731,0.000431060791016
76732,0.000270843505859
76733,0.000308036804199
76734,0.000270843505859
76735,0.00065279006958
76736,0.000862121582031
76737,0.000689506530762
76738,0.000431060791016
76739,0.000308036804199
76740,0.000258684158325
76741,0.0
76742,0.0
76743,0.0
76744,0.0
76745,0.0
76746,0.000197052955627
76747,0.000283241271973
76748,0.000234127044678
76749,0.000369548797607
76750,0.000849723815918
76751,0.00156497955322
76752,0.000357151031494
76753,0.000529289245605
76754,0.00144100189209
76755,0.00136756896973
76756,0.000603675842285
76757,0.000493049621582
76758,0.000369548797607
76759,0.000221729278564
76760,0.000566482543945
76761,0.000578880310059
76762,0.000554084777832
76763,0.00065279006958
76764,0.000406503677368
76765,0.000320196151733
76766,0.00013542175293
76767,0.000246524810791
76768,0.000431060791016
76769,0.000616073608398
76770,0.000209450721741
76771,0.000381708145142
76772,0.000468254089355
76773,0.0
76774,0.0
76775,0.0
76776,0.0
76777,0.0
76778,1.23381614685e-05
76779,1.23381614685e-05
76780,0.00013542175293
76781,0.000357151031494
76782,9.85264778137e-05
76783,0.000184774398804
76784,0.000603675842285
76785,0.000529289245605
76786,0.000270843505859
76787,0.000763416290283
76788,0.000504970550537
76789,0.000184774398804
76790,0.000270843505859
76791,0.000160098075867
76792,7.39097595215e-05
76793,2.46167182922e-05
76794,4.92930412292e-05
76795,0.00013542175293
76796,0.000418901443481
76797,0.000603675842285
76798,0.000554084777832
76799,0.000443458557129
76800,0.000209450721741
76801,0.000221729278564
76802,0.000258684158325
76803,0.000455856323242
76804,0.000394105911255
76805,0.0
76806,0.0
76807,0.0
76808,0.0
76809,0.0
76810,0.0
76811,2.46167182922e-05
76812,0.00017237663269
76813,0.000332355499268
76814,0.000406503677368
76815,0.000123262405396
76816,0.000357151031494
76817,0.000603675842285
76818,0.000320196151733
76819,8.61883163452e-05
76820,0.000406503677368
76821,0.000443458557129
76822,0.000541687011719
76823,0.000406503677368
76824,0.00048041343689
76825,4.92930412292e-05
76826,8.61883163452e-05
76827,8.61883163452e-05
76828,0.000184774398804
76829,0.000320196151733
76830,0.00048041343689
76831,0.000504970550537
76832,0.000110864639282
76833,0.000406503677368
76834,6.16312026978e-05
76835,0.00013542175293
76836,0.000357151031494
76837,0.0
76838,0.0
76839,0.0
76840,0.0
76841,0.0
76842,0.0
76843,0.0
76844,0.0
76845,8.61883163452e-05
76846,0.000123262405396
76847,0.000197052955627
76848,0.000295639038086
76849,0.000369548797607
76850,0.00075101852417
76851,0.000664710998535
76852,0.000529289245605
76853,7.39097595215e-05
76854,0.000123262405396
76855,0.000221729278564
76856,0.000234127044678
76857,0.000418901443481
76858,0.000234127044678
76859,0.000308036804199
76860,0.000381708145142
76861,0.000320196151733
76862,0.000258684158325
76863,0.000197052955627
76864,0.000123262405396
76865,0.000504970550537
76866,0.000504970550537
76867,0.000775814056396
76868,0.000862121582031
76869,0.0
76870,0.0
76871,0.0
76872,0.0
76873,0.0
76874,2.46167182922e-05
76875,2.46167182922e-05
76876,0.000147819519043
76877,0.000246524810791
76878,0.000197052955627
76879,0.000246524810791
76880,0.000554084777832
76881,0.000504970550537
76882,0.000418901443481
76883,0.00048041343689
76884,0.000443458557129
76885,3.69548797607e-05
76886,0.000369548797607
76887,0.000504970550537
76888,0.000147819519043
76889,0.000197052955627
76890,0.000147819519043
76891,0.000123262405396
76892,0.000209450721741
76893,0.00017237663269
76894,0.000184774398804
76895,0.000246524810791
76896,0.00051736831665
76897,0.000443458557129
76898,0.000455856323242
76899,0.000406503677368
76900,0.000209450721741
76901,0.0
76902,0.0
76903,0.0
76904,0.0
76905,0.0
76906,4.92930412292e-05
76907,0.000234127044678
76908,0.000123262405396
76909,0.000209450721741
76910,0.000234127044678
76911,0.000554084777832
76912,0.000529289245605
76913,0.00051736831665
76914,0.000541687011719
76915,0.000270843505859
76916,0.000295639038086
76917,0.000320196151733
76918,0.000603675842285
76919,0.000616073608398
76920,0.000664710998535
76921,0.000603675842285
76922,0.000640392303467
76923,0.000986099243164
76924,0.000899314880371
76925,0.00051736831665
76926,0.00051736831665
76927,0.000554084777832
76928,0.000504970550537
76929,0.000849723815918
76930,0.000308036804199
76931,0.000221729278564
76932,0.000283241271973
76933,0.0
76934,0.0
76935,0.0
76936,0.0
76937,0.0
76938,0.0
76939,0.0
76940,0.0
76941,1.23381614685e-05
76942,0.0
76943,4.92930412292e-05
76944,3.69548797607e-05
76945,6.16312026978e-05
76946,0.000110864639282
76947,0.000147819519043
76948,0.00013542175293
76949,0.000258684158325
76950,0.000184774398804
76951,0.000184774398804
76952,0.000369548797607
76953,0.00013542175293
76954,0.000295639038086
76955,0.00051736831665
76956,0.00051736831665
76957,0.000997543334961
76958,0.00100994110107
76959,0.000640392303467
76960,0.00110816955566
76961,0.00158786773682
76962,0.0013427734375
76963,0.00118255615234
76964,0.000763416290283
76965,0.0
76966,0.0
76967,0.0
76968,0.0
76969,3.69548797607e-05
76970,0.000295639038086
76971,0.000701904296875
76972,0.000775814056396
76973,0.000701904296875
76974,0.000406503677368
76975,0.000418901443481
76976,0.000849723815918
76977,0.00013542175293
76978,0.000160098075867
76979,8.61883163452e-05
76980,0.000455856323242
76981,0.000369548797607
76982,0.00065279006958
76983,0.000320196151733
76984,8.61883163452e-05
76985,0.000381708145142
76986,0.000258684158325
76987,0.000332355499268
76988,0.000221729278564
76989,0.000493049621582
76990,0.000320196151733
76991,0.000603675842285
76992,0.000578880310059
76993,0.000418901443481
76994,0.000504970550537
76995,0.000344753265381
76996,0.000221729278564
76997,0.0
76998,0.0
76999,0.0
77000,0.0
77001,0.0
77002,0.0
77003,1.23381614685e-05
77004,3.69548797607e-05
77005,6.16312026978e-05
77006,0.00013542175293
77007,0.000209450721741
77008,0.000394105911255
77009,0.000258684158325
77010,0.000344753265381
77011,0.000295639038086
77012,0.000308036804199
77013,0.000184774398804
77014,8.61883163452e-05
77015,0.000246524810791
77016,0.000455856323242
77017,0.000800609588623
77018,0.000763416290283
77019,0.000775814056396
77020,0.000726699829102
77021,0.00048041343689
77022,0.000369548797607
77023,0.000308036804199
77024,0.000493049621582
77025,0.000283241271973
77026,0.000443458557129
77027,0.000258684158325
77028,0.000418901443481
77029,0.0
77030,0.0
77031,0.0
77032,0.0
77033,2.46167182922e-05
77034,2.46167182922e-05
77035,1.23381614685e-05
77036,3.69548797607e-05
77037,8.61883163452e-05
77038,2.46167182922e-05
77039,9.85264778137e-05
77040,8.61883163452e-05
77041,1.23381614685e-05
77042,1.23381614685e-05
77043,6.16312026978e-05
77044,0.000160098075867
77045,0.000184774398804
77046,0.000209450721741
77047,0.000258684158325
77048,8.61883163452e-05
77049,0.000123262405396
77050,9.85264778137e-05
77051,0.000344753265381
77052,0.000295639038086
77053,0.000295639038086
77054,0.000320196151733
77055,0.00013542175293
77056,0.000320196151733
77057,0.000344753265381
77058,0.000406503677368
77059,0.000837802886963
77060,0.000541687011719
77061,0.0
77062,0.0
77063,0.0
77064,0.0
77065,0.0
77066,0.0
77067,0.0
77068,4.92930412292e-05
77069,0.000160098075867
77070,0.000160098075867
77071,2.46167182922e-05
77072,0.000147819519043
77073,0.000110864639282
77074,0.000110864639282
77075,0.000295639038086
77076,0.000578880310059
77077,0.000739097595215
77078,0.000578880310059
77079,0.00048041343689
77080,0.000813007354736
77081,0.000726699829102
77082,0.000566482543945
77083,0.00082540512085
77084,0.000763416290283
77085,0.000406503677368
77086,0.000258684158325
77087,0.000270843505859
77088,0.00017237663269
77089,0.000258684158325
77090,0.000357151031494
77091,0.000493049621582
77092,0.000664710998535
77093,0.0
77094,0.0
77095,0.0
77096,0.0
77097,0.0
77098,6.16312026978e-05
77099,8.61883163452e-05
77100,0.000209450721741
77101,0.000246524810791
77102,8.61883163452e-05
77103,8.61883163452e-05
77104,0.000160098075867
77105,9.85264778137e-05
77106,7.39097595215e-05
77107,4.92930412292e-05
77108,7.39097595215e-05
77109,0.000184774398804
77110,3.69548797607e-05
77111,0.00017237663269
77112,0.000234127044678
77113,0.000320196151733
77114,0.000726699829102
77115,0.000603675842285
77116,0.000603675842285
77117,0.000529289245605
77118,0.000554084777832
77119,0.00051736831665
77120,0.000689506530762
77121,0.000357151031494
77122,0.00051736831665
77123,0.000714302062988
77124,0.000726699829102
77125,0.0
77126,0.0
77127,0.0
77128,0.0
77129,0.0
77130,0.0
77131,0.0
77132,0.0
77133,2.46167182922e-05
77134,0.000160098075867
77135,0.00013542175293
77136,0.000493049621582
77137,0.000739097595215
77138,0.000886917114258
77139,0.000664710998535
77140,0.000431060791016
77141,0.000295639038086
77142,0.000221729278564
77143,0.000184774398804
77144,0.000541687011719
77145,0.000270843505859
77146,0.000283241271973
77147,0.00051736831665
77148,0.000849723815918
77149,0.000960826873779
77150,0.000443458557129
77151,0.000714302062988
77152,0.000640392303467
77153,0.00117015838623
77154,0.00109577178955
77155,0.000739097595215
77156,0.0013542175293
77157,0.0
77158,0.0
77159,0.0
77160,0.0
77161,0.0
77162,0.0
77163,0.0
77164,0.0
77165,2.46167182922e-05
77166,9.85264778137e-05
77167,0.000295639038086
77168,0.000234127044678
77169,0.000529289245605
77170,0.000603675842285
77171,0.000603675842285
77172,0.000627994537354
77173,0.000986099243164
77174,0.00118255615234
77175,0.000924110412598
77176,0.00100994110107
77177,0.000862121582031
77178,0.00104713439941
77179,0.00110816955566
77180,0.00211715698242
77181,0.00178527832031
77182,0.00171184539795
77183,0.0020809173584
77184,0.00189685821533
77185,0.0010347366333
77186,0.000924110412598
77187,0.000886917114258
77188,0.00182342529297
77189,0.0
77190,0.0
77191,0.0
77192,0.0
77193,0.0
77194,2.46167182922e-05
77195,0.000184774398804
77196,0.000504970550537
77197,0.00082540512085
77198,0.000986099243164
77199,0.001540184021
77200,0.000554084777832
77201,0.000677108764648
77202,0.000160098075867
77203,0.000443458557129
77204,0.000862121582031
77205,0.00128078460693
77206,0.00176048278809
77207,0.00132942199707
77208,0.00115776062012
77209,0.0013542175293
77210,0.000960826873779
77211,0.00150203704834
77212,0.00118255615234
77213,0.00183486938477
77214,0.00078821182251
77215,0.000455856323242
77216,0.000381708145142
77217,0.000529289245605
77218,0.000714302062988
77219,0.00065279006958
77220,0.000332355499268
77221,0.0
77222,0.0
77223,0.0
77224,0.0
77225,0.0
77226,0.0
77227,0.0
77228,0.0
77229,7.39097595215e-05
77230,1.23381614685e-05
77231,0.000209450721741
77232,0.000566482543945
77233,0.000726699829102
77234,0.000775814056396
77235,0.000418901443481
77236,0.000295639038086
77237,0.00013542175293
77238,0.000270843505859
77239,0.00048041343689
77240,0.000541687011719
77241,0.000960826873779
77242,0.00129318237305
77243,0.00118255615234
77244,0.000849723815918
77245,0.00109577178955
77246,0.000443458557129
77247,0.00109577178955
77248,0.00128078460693
77249,0.000209450721741
77250,0.000295639038086
77251,0.000283241271973
77252,0.000394105911255
77253,0.0
77254,0.0
77255,0.0
77256,0.0
77257,0.0
77258,4.92930412292e-05
77259,4.92930412292e-05
77260,2.46167182922e-05
77261,0.0
77262,2.46167182922e-05
77263,3.69548797607e-05
77264,2.46167182922e-05
77265,6.16312026978e-05
77266,0.000110864639282
77267,0.000184774398804
77268,0.000147819519043
77269,0.000308036804199
77270,0.000308036804199
77271,0.000258684158325
77272,0.000468254089355
77273,0.000123262405396
77274,0.000295639038086
77275,0.000308036804199
77276,4.92930412292e-05
77277,0.000110864639282
77278,3.69548797607e-05
77279,0.000184774398804
77280,0.000493049621582
77281,0.000566482543945
77282,0.000270843505859
77283,0.000431060791016
77284,0.000295639038086
77285,0.0
77286,0.0
77287,0.0
77288,0.0
77289,0.0
77290,0.0
77291,4.92930412292e-05
77292,9.85264778137e-05
77293,2.46167182922e-05
77294,0.00017237663269
77295,0.000221729278564
77296,0.000468254089355
77297,0.000541687011719
77298,0.00051736831665
77299,0.000566482543945
77300,0.000529289245605
77301,0.000862121582031
77302,0.00115776062012
77303,0.000813007354736
77304,0.000997543334961
77305,0.000911712646484
77306,0.00112056732178
77307,0.000813007354736
77308,0.000911712646484
77309,0.000689506530762
77310,0.000936508178711
77311,0.000862121582031
77312,0.000689506530762
77313,0.000627994537354
77314,0.000418901443481
77315,0.000184774398804
77316,0.000258684158325
77317,0.0
77318,0.0
77319,0.0
77320,0.0
77321,0.0
77322,0.0
77323,9.85264778137e-05
77324,6.16312026978e-05
77325,0.0
77326,0.0
77327,0.0
77328,3.69548797607e-05
77329,0.000123262405396
77330,1.23381614685e-05
77331,1.23381614685e-05
77332,1.23381614685e-05
77333,1.23381614685e-05
77334,0.0
77335,0.0
77336,1.23381614685e-05
77337,6.16312026978e-05
77338,0.0
77339,6.16312026978e-05
77340,0.000110864639282
77341,0.000258684158325
77342,0.000270843505859
77343,0.00017237663269
77344,0.000234127044678
77345,0.000160098075867
77346,0.000221729278564
77347,0.000455856323242
77348,0.000406503677368
77349,0.0
77350,0.0
77351,0.0
77352,0.0
77353,0.0
77354,0.0
77355,8.61883163452e-05
77356,0.000160098075867
77357,0.000234127044678
77358,7.39097595215e-05
77359,0.000197052955627
77360,0.000110864639282
77361,0.000209450721741
77362,0.000394105911255
77363,0.000246524810791
77364,0.000468254089355
77365,0.000578880310059
77366,0.000874519348145
77367,0.00065279006958
77368,0.000295639038086
77369,0.000493049621582
77370,0.000221729278564
77371,0.000110864639282
77372,7.39097595215e-05
77373,0.000246524810791
77374,4.92930412292e-05
77375,0.000110864639282
77376,0.00013542175293
77377,9.85264778137e-05
77378,0.000197052955627
77379,0.00013542175293
77380,0.00017237663269
77381,0.0
77382,0.0
77383,0.0
77384,0.0
77385,0.0
77386,0.0
77387,0.0
77388,0.0
77389,0.0
77390,4.92930412292e-05
77391,0.000221729278564
77392,0.000234127044678
77393,0.000357151031494
77394,0.000591278076172
77395,0.00065279006958
77396,0.000418901443481
77397,0.00017237663269
77398,0.000234127044678
77399,0.000197052955627
77400,0.000443458557129
77401,0.000591278076172
77402,0.000616073608398
77403,0.000246524810791
77404,0.00117015838623
77405,0.00121974945068
77406,0.00100994110107
77407,0.000270843505859
77408,0.00048041343689
77409,0.00078821182251
77410,0.000763416290283
77411,0.00102233886719
77412,0.000689506530762
77413,0.0
77414,0.0
77415,0.0
77416,0.0
77417,0.0
77418,0.0
77419,4.92930412292e-05
77420,7.39097595215e-05
77422,0.000197052955627
77423,0.000246524810791
77424,0.000344753265381
77425,0.000381708145142
77426,0.000369548797607
77427,0.000455856323242
77428,0.000775814056396
77429,0.000813007354736
77430,0.000578880310059
77431,0.000591278076172
77432,0.000800609588623
77433,0.00140380859375
77434,0.00107097625732
77435,0.000308036804199
77436,0.000295639038086
77437,0.000381708145142
77438,0.000160098075867
77439,0.000332355499268
77440,0.000344753265381
77441,0.000234127044678
77442,0.000270843505859
77443,0.000381708145142
77444,0.000295639038086
77445,0.000332355499268
77446,0.0
77447,0.0
77448,0.0
77449,0.0
77450,0.0
77451,0.0
77452,1.23381614685e-05
77453,0.0
77454,0.0
77455,9.85264778137e-05
77456,9.85264778137e-05
77457,0.0
77458,7.39097595215e-05
77459,9.85264778137e-05
77460,0.000110864639282
77461,0.000221729278564
77462,0.000209450721741
77463,0.000234127044678
77464,0.000344753265381
77465,0.000209450721741
77466,0.000197052955627
77467,6.16312026978e-05
77468,0.000184774398804
77469,0.000283241271973
77470,0.000184774398804
77471,0.000308036804199
77472,0.00048041343689
77473,0.000381708145142
77474,0.000504970550537
77475,0.000677108764648
77476,0.000726699829102
77477,0.000739097595215
77478,0.0
77479,0.0
77480,0.0
77481,1.23381614685e-05
77482,0.0
77483,0.0
77484,0.0
77485,0.0
77486,3.69548797607e-05
77487,0.0
77488,1.23381614685e-05
77489,9.85264778137e-05
77490,0.000270843505859
77491,0.000664710998535
77492,0.00078821182251
77493,0.000468254089355
77494,0.000837802886963
77495,0.000862121582031
77496,0.000800609588623
77497,0.000714302062988
77498,0.000110864639282
77499,0.000197052955627
77500,8.61883163452e-05
77501,0.000357151031494
77502,0.000381708145142
77503,0.000603675842285
77504,0.000627994537354
77505,0.00051736831665
77506,0.000431060791016
77507,0.000320196151733
77508,8.61883163452e-05
77509,0.000123262405396
77510,0.0
77511,0.0
77512,0.0
77513,0.0
77514,0.0
77515,1.23381614685e-05
77516,2.46167182922e-05
77517,2.46167182922e-05
77518,0.0
77519,1.23381614685e-05
77520,1.23381614685e-05
77521,0.000110864639282
77522,0.000110864639282
77523,0.000197052955627
77524,7.39097595215e-05
77525,0.000357151031494
77526,0.000308036804199
77527,0.000504970550537
77528,0.000308036804199
77529,0.000246524810791
77530,0.000197052955627
77531,0.000357151031494
77532,0.000578880310059
77533,0.000973224639893
77534,0.000849723815918
77535,0.000455856323242
77536,0.000332355499268
77537,0.000308036804199
77538,0.000431060791016
77539,0.000344753265381
77540,0.000431060791016
77541,0.000431060791016
77542,0.0
77543,0.0
77544,0.0
77545,0.0
77546,4.92930412292e-05
77547,4.92930412292e-05
77548,0.000184774398804
77549,0.000123262405396
77550,0.000209450721741
77551,0.000258684158325
77552,0.000357151031494
77553,0.0
77554,1.23381614685e-05
77555,7.39097595215e-05
77556,0.000234127044678
77557,0.000246524810791
77558,0.000270843505859
77559,0.000504970550537
77560,0.000578880310059
77561,0.000677108764648
77562,0.00048041343689
77563,0.000308036804199
77564,0.000381708145142
77565,0.000554084777832
77566,0.000394105911255
77567,0.00051736831665
77568,0.000246524810791
77569,0.000209450721741
77570,2.46167182922e-05
77571,7.39097595215e-05
77572,7.39097595215e-05
77573,0.00017237663269
77574,0.0
77575,0.0
77576,0.0
77577,0.0
77578,0.0
77579,0.0
77580,0.0
77581,0.0
77582,0.0
77583,3.69548797607e-05
77584,0.000110864639282
77585,0.000246524810791
77586,7.39097595215e-05
77587,1.23381614685e-05
77588,8.61883163452e-05
77589,0.000455856323242
77590,0.000270843505859
77591,0.000627994537354
77592,0.00104713439941
77593,0.000973224639893
77594,0.000493049621582
77595,0.000529289245605
77596,0.000837802886963
77597,0.000960826873779
77598,0.000406503677368
77599,0.000431060791016
77600,0.000295639038086
77601,0.000283241271973
77602,0.000283241271973
77603,0.000344753265381
77604,0.000270843505859
77605,0.000320196151733
77606,0.0
77607,0.0
77608,0.0
77609,0.0
77610,0.0
77611,0.0
77612,0.0
77613,0.0
77614,0.0
77615,0.0
77616,2.46167182922e-05
77617,1.23381614685e-05
77618,3.69548797607e-05
77619,0.000197052955627
77620,0.000234127044678
77621,0.000123262405396
77622,0.000147819519043
77623,0.000357151031494
77624,9.85264778137e-05
77625,0.000344753265381
77626,0.000209450721741
77627,0.000295639038086
77628,0.00048041343689
77629,0.000813007354736
77630,0.000936508178711
77631,0.000701904296875
77632,0.000295639038086
77633,0.000578880310059
77634,0.000357151031494
77635,0.000418901443481
77636,0.000689506530762
77637,0.00065279006958
77638,0.0
77639,0.0
77640,0.0
77641,0.0
77642,0.0
77643,0.0
77644,4.92930412292e-05
77645,0.0
77646,0.0
77647,6.16312026978e-05
77648,0.000246524810791
77649,6.16312026978e-05
77650,9.85264778137e-05
77651,0.000197052955627
77652,0.000246524810791
77653,0.000468254089355
77654,0.000431060791016
77655,0.000664710998535
77656,0.000874519348145
77657,0.000443458557129
77658,0.000443458557129
77659,0.000578880310059
77660,0.000603675842285
77661,0.00051736831665
77662,0.000320196151733
77663,0.000566482543945
77664,0.000616073608398
77665,0.000627994537354
77666,0.000986099243164
77667,0.00117015838623
77668,0.00131797790527
77669,0.000837802886963
77670,0.0
77671,0.0
77672,0.0
77673,0.0
77674,0.0
77675,0.0
77676,4.92930412292e-05
77677,7.39097595215e-05
77678,9.85264778137e-05
77679,0.000493049621582
77680,0.000664710998535
77681,0.000468254089355
77682,0.000862121582031
77683,0.000418901443481
77684,0.000258684158325
77685,0.000147819519043
77686,0.0
77687,0.000221729278564
77688,0.000357151031494
77689,0.000369548797607
77690,0.000406503677368
77691,8.61883163452e-05
77692,6.16312026978e-05
77693,9.85264778137e-05
77694,8.61883163452e-05
77695,0.000110864639282
77696,0.000147819519043
77697,0.000147819519043
77698,0.000221729278564
77699,0.000320196151733
77700,0.000295639038086
77701,0.000493049621582
77702,0.0
77703,0.0
77704,0.0
77705,0.0
77706,1.23381614685e-05
77707,4.92930412292e-05
77708,1.23381614685e-05
77709,1.23381614685e-05
77710,3.69548797607e-05
77711,9.85264778137e-05
77712,0.000184774398804
77713,0.00017237663269
77714,0.00013542175293
77715,0.000147819519043
77716,1.23381614685e-05
77717,0.0
77718,9.85264778137e-05
77719,0.000197052955627
77720,0.00017237663269
77721,0.000283241271973
77722,0.000123262405396
77723,0.000209450721741
77724,0.000197052955627
77725,0.000443458557129
77726,2.46167182922e-05
77727,0.000320196151733
77728,0.000493049621582
77729,0.00051736831665
77730,0.000295639038086
77731,0.000295639038086
77732,0.000308036804199
77733,0.000320196151733
77734,0.0
77735,0.0
77736,0.0
77737,0.0
77738,1.23381614685e-05
77739,4.92930412292e-05
77740,0.000221729278564
77741,0.00013542175293
77742,0.000246524810791
77743,0.00017237663269
77744,0.00017237663269
77745,0.000443458557129
77746,0.000468254089355
77747,0.000493049621582
77748,0.000714302062988
77749,0.000468254089355
77750,0.000308036804199
77751,0.000110864639282
77752,0.000197052955627
77753,9.85264778137e-05
77754,0.000234127044678
77755,0.000455856323242
77756,0.00065279006958
77757,0.000529289245605
77758,0.000468254089355
77759,0.000775814056396
77760,0.000936508178711
77761,0.000468254089355
77762,0.000603675842285
77763,0.00065279006958
77764,0.000320196151733
77765,0.000369548797607
77766,0.0
77767,0.0
77768,0.0
77769,0.0
77770,0.0
77771,2.46167182922e-05
77772,3.69548797607e-05
77773,4.92930412292e-05
77774,0.000110864639282
77775,7.39097595215e-05
77776,0.000123262405396
77777,3.69548797607e-05
77778,2.46167182922e-05
77779,0.000160098075867
77780,0.00017237663269
77781,0.000160098075867
77782,0.000110864639282
77783,0.000147819519043
77784,0.000197052955627
77785,0.000308036804199
77786,0.000431060791016
77787,0.000529289245605
77788,0.000493049621582
77789,0.000431060791016
77790,0.000308036804199
77791,0.000258684158325
77792,0.000320196151733
77793,0.000270843505859
77794,0.000308036804199
77795,0.000295639038086
77796,0.000295639038086
77797,0.00017237663269
77798,0.0
77799,0.0
77800,0.0
77801,0.0
77802,4.92930412292e-05
77803,0.000160098075867
77804,0.000308036804199
77805,0.000627994537354
77806,0.000948429107666
77807,0.000381708145142
77808,0.000455856323242
77809,2.46167182922e-05
77810,0.00051736831665
77811,0.000627994537354
77812,0.000664710998535
77813,0.000504970550537
77814,0.000677108764648
77815,0.000899314880371
77816,0.0012321472168
77817,0.000800609588623
77818,0.000640392303467
77819,0.00048041343689
77820,0.000270843505859
77821,0.000344753265381
77822,0.000529289245605
77823,0.000554084777832
77824,0.000332355499268
77825,0.000381708145142
77826,0.000320196151733
77827,0.00048041343689
77828,0.000381708145142
77829,0.000184774398804
77830,0.0
77831,0.0
77832,0.0
77833,0.0
77834,0.0
77835,0.0
77836,0.0
77837,0.0
77838,1.23381614685e-05
77839,0.0
77840,0.0
77841,3.69548797607e-05
77842,0.000209450721741
77843,0.000381708145142
77844,0.000566482543945
77845,0.000726699829102
77846,0.00082540512085
77847,0.000493049621582
77848,0.000677108764648
77849,0.000627994537354
77850,0.000640392303467
77851,0.000295639038086
77852,0.000714302062988
77853,0.000837802886963
77854,0.00115776062012
77855,0.00108337402344
77856,0.00126838684082
77857,0.000886917114258
77858,0.00105857849121
77859,0.00100994110107
77860,0.00119495391846
77861,0.00139236450195
77862,0.0
77863,0.0
77864,0.0
77865,0.0
77866,0.0
77867,0.0
77868,0.0
77869,1.23381614685e-05
77870,3.69548797607e-05
77871,0.000295639038086
77872,0.000554084777832
77873,0.00065279006958
77874,0.000924110412598
77875,0.00129318237305
77876,0.0010347366333
77877,0.000960826873779
77878,0.00108337402344
77879,0.000283241271973
77880,0.000332355499268
77881,0.000197052955627
77882,0.000357151031494
77883,0.000431060791016
77884,0.000394105911255
77885,0.000381708145142
77886,0.000406503677368
77887,0.00048041343689
77888,0.00082540512085
77889,0.000886917114258
77890,0.000874519348145
77891,3.69548797607e-05
77892,0.000344753265381
77893,0.000209450721741
77894,0.0
77895,0.0
77896,0.0
77897,0.0
77898,0.0
77899,0.000160098075867
77900,0.000160098075867
77901,0.000270843505859
77902,0.00013542175293
77903,8.61883163452e-05
77904,0.000184774398804
77905,7.39097595215e-05
77906,0.000295639038086
77907,3.69548797607e-05
77908,0.000147819519043
77909,0.000160098075867
77910,0.000246524810791
77911,0.000283241271973
77912,0.00051736831665
77913,0.000221729278564
77914,0.000357151031494
77915,0.000394105911255
77916,0.000504970550537
77917,0.000493049621582
77918,0.000394105911255
77919,0.000578880310059
77920,0.00013542175293
77921,0.000246524810791
77922,0.000369548797607
77923,0.000184774398804
77924,0.000234127044678
77925,0.00048041343689
77926,0.0
77927,0.0
77928,0.0
77929,0.0
77930,0.0
77931,0.0
77932,2.46167182922e-05
77933,9.85264778137e-05
77934,0.000308036804199
77935,0.000160098075867
77936,0.000147819519043
77937,0.000295639038086
77938,0.000295639038086
77939,0.000295639038086
77940,0.000320196151733
77941,0.000431060791016
77942,0.000258684158325
77943,0.000295639038086
77944,0.000689506530762
77945,0.000775814056396
77946,0.000701904296875
77947,0.000813007354736
77948,0.000899314880371
77949,0.000566482543945
77950,0.000369548797607
77951,0.000344753265381
77952,0.000221729278564
77953,0.000664710998535
77954,0.000344753265381
77955,0.000677108764648
77956,0.000418901443481
77957,0.000357151031494
77958,0.0
77959,0.0
77960,0.0
77961,0.0
77962,6.16312026978e-05
77963,3.69548797607e-05
77964,3.69548797607e-05
77965,0.0
77966,3.69548797607e-05
77967,0.000160098075867
77968,0.000258684158325
77969,0.000258684158325
77970,0.00017237663269
77971,0.000160098075867
77972,0.000504970550537
77973,0.000775814056396
77974,0.000603675842285
77975,0.000899314880371
77976,0.000369548797607
77977,0.000739097595215
77978,0.000948429107666
77979,0.000504970550537
77980,0.000184774398804
77981,0.000160098075867
77982,0.000234127044678
77983,4.92930412292e-05
77984,0.000295639038086
77985,0.000394105911255
77986,0.000308036804199
77987,0.000677108764648
77988,0.000603675842285
77989,0.000616073608398
77990,0.0
77991,0.0
77992,0.0
77993,0.0
77994,0.0
77995,0.0
77996,1.23381614685e-05
77997,0.0
77998,0.0
77999,0.0
78000,1.23381614685e-05
78001,0.0
78002,1.23381614685e-05
78003,1.23381614685e-05
78004,6.16312026978e-05
78005,4.92930412292e-05
78006,0.000160098075867
78007,4.92930412292e-05
78008,0.000147819519043
78009,7.39097595215e-05
78010,0.000197052955627
78011,0.000160098075867
78012,0.000418901443481
78013,0.000394105911255
78014,0.000234127044678
78015,0.000443458557129
78016,0.000258684158325
78017,0.000283241271973
78018,0.000258684158325
78019,0.000443458557129
78020,0.000344753265381
78021,0.000554084777832
78022,0.0
78023,0.0
78024,0.0
78025,0.0
78026,0.0
78027,0.000197052955627
78028,0.000184774398804
78029,0.000332355499268
78030,0.000295639038086
78031,0.000258684158325
78032,0.000357151031494
78033,4.92930412292e-05
78034,3.69548797607e-05
78035,3.69548797607e-05
78036,0.000221729278564
78037,0.000394105911255
78038,0.000147819519043
78039,0.000110864639282
78040,0.000418901443481
78041,0.00013542175293
78042,8.61883163452e-05
78043,4.92930412292e-05
78044,0.000147819519043
78045,0.000406503677368
78046,0.000418901443481
78047,0.000529289245605
78048,0.000283241271973
78049,0.00065279006958
78050,0.000689506530762
78051,0.000493049621582
78052,0.00065279006958
78053,0.000295639038086
78054,0.0
78055,0.0
78056,0.0
78057,0.0
78058,0.0
78059,0.0
78060,1.23381614685e-05
78061,7.39097595215e-05
78062,1.23381614685e-05
78063,4.92930412292e-05
78064,0.000270843505859
78065,0.000529289245605
78066,0.000566482543945
78067,0.000616073608398
78068,0.000308036804199
78069,0.000320196151733
78070,0.000332355499268
78071,0.000357151031494
78072,0.000566482543945
78073,0.000627994537354
78074,0.000197052955627
78075,0.000270843505859
78076,0.000258684158325
78077,0.000123262405396
78078,0.000308036804199
78079,0.000566482543945
78080,0.000529289245605
78081,0.000936508178711
78082,0.000800609588623
78083,0.000308036804199
78084,0.000837802886963
78085,0.00102233886719
78086,0.0
78087,0.0
78088,0.0
78089,0.0
78090,0.0
78091,1.23381614685e-05
78092,1.23381614685e-05
78093,7.39097595215e-05
78094,6.16312026978e-05
78095,0.000123262405396
78096,0.000123262405396
78097,0.00017237663269
78098,0.000184774398804
78099,0.000369548797607
78100,0.000504970550537
78101,0.000468254089355
78102,0.000381708145142
78103,0.000726699829102
78104,0.00104713439941
78105,0.000566482543945
78106,0.000394105911255
78107,0.000529289245605
78108,0.000234127044678
78109,0.000221729278564
78110,0.000320196151733
78111,0.000468254089355
78112,0.000455856323242
78113,0.000431060791016
78114,0.000270843505859
78115,0.000381708145142
78116,0.000283241271973
78117,0.000258684158325
78118,0.0
78119,0.0
78120,0.0
78121,0.0
78122,0.0
78123,0.0
78124,2.46167182922e-05
78125,1.23381614685e-05
78126,0.000147819519043
78127,4.92930412292e-05
78128,3.69548797607e-05
78129,6.16312026978e-05
78130,6.16312026978e-05
78131,0.00017237663269
78132,0.00051736831665
78133,0.000394105911255
78134,0.00082540512085
78135,0.000468254089355
78136,0.000147819519043
78137,9.85264778137e-05
78138,6.16312026978e-05
78139,0.00013542175293
78140,0.000320196151733
78141,0.000443458557129
78142,0.000431060791016
78143,0.000369548797607
78144,0.000677108764648
78145,0.000899314880371
78146,2.46167182922e-05
78147,4.92930412292e-05
78148,9.85264778137e-05
78149,0.000123262405396
78150,0.0
78151,0.0
78152,0.0
78153,0.0
78154,0.0
78155,0.0
78156,0.0
78157,0.0
78158,0.0
78159,0.0
78160,3.69548797607e-05
78161,3.69548797607e-05
78162,1.23381614685e-05
78163,9.85264778137e-05
78164,0.000209450721741
78165,0.000295639038086
78166,0.000357151031494
78167,0.000369548797607
78168,0.000283241271973
78169,0.000640392303467
78170,0.00104713439941
78171,0.0010347366333
78172,0.00075101852417
78173,0.000344753265381
78174,0.00082540512085
78175,0.00100994110107
78176,0.000899314880371
78177,0.00121974945068
78178,0.00104713439941
78179,0.00109577178955
78180,0.00144100189209
78181,0.00128078460693
78182,0.0
78183,0.0
78184,0.0
78185,0.0
78186,0.0
78187,0.0
78188,0.0
78189,0.0
78190,9.85264778137e-05
78191,4.92930412292e-05
78192,8.61883163452e-05
78193,0.000110864639282
78194,0.000234127044678
78195,0.000209450721741
78196,0.000246524810791
78197,0.000147819519043
78198,0.000184774398804
78199,0.000197052955627
78200,0.000431060791016
78201,0.00017237663269
78202,0.000209450721741
