4,0.0
5,0.0
6,0.0
7,0.0
8,0.0
9,0.0
10,0.0
11,0.0
12,0.0
13,0.0
14,0.0
15,0.0
16,0.0
17,0.0
18,0.0
19,0.0
20,0.0
21,0.0
22,0.0
23,0.0
24,0.0
25,0.0
26,0.0
27,0.0
28,0.0
29,0.0
30,0.0
31,0.0
32,0.0
33,0.0
34,0.0
35,0.0
36,0.0
37,0.0
38,0.0
39,0.0
40,0.0
41,0.0
42,0.0
43,0.0
44,0.0
45,0.0
46,0.0
47,0.000332355499268
48,0.000332355499268
49,0.000415563583374
50,0.000429630279541
51,0.000720500946045
52,0.000444173812866
53,0.00113391876221
54,0.000534534454346
55,0.000169157981873
56,0.000419139862061
57,0.00115203857422
58,0.00137996673584
59,0.000922203063965
60,0.00136756896973
61,0.00172328948975
62,0.00192356109619
63,0.00236701965332
64,0.00280570983887
65,0.00228500366211
66,0.00249290466309
67,0.0
68,0.0
69,0.0
70,0.0
71,0.0
72,0.0
73,0.0
74,0.0
75,0.0
76,0.0
77,0.0
78,0.000166177749634
79,0.0
80,0.000379085540771
81,0.000420570373535
82,0.0012731552124
83,0.000979423522949
84,0.00224113464355
85,0.0017786026001
86,0.00267219543457
87,0.00169658660889
88,0.00250816345215
89,0.00227928161621
90,0.00212860107422
91,0.00213432312012
92,0.00383567810059
93,0.00386238098145
94,0.00469589233398
95,0.00479125976562
96,0.00601196289062
97,0.00508117675781
98,0.0057258605957
99,0.0
100,0.0
101,0.0
102,0.0
103,0.0
104,0.0
105,0.0
106,0.0
107,0.0
108,0.0
109,0.0
110,0.0
111,0.0
112,0.0
113,0.0
114,0.000426769256592
115,0.000381231307983
116,0.00017261505127
117,0.000433683395386
118,0.000830173492432
119,0.00112819671631
120,0.000999450683594
121,0.00181102752686
122,0.00270462036133
123,0.00132465362549
124,0.00205993652344
125,0.00276947021484
126,0.00302886962891
127,0.00282096862793
128,0.00244331359863
129,0.00336837768555
130,0.00354385375977
131,0.0
132,0.0
133,0.0
134,0.0
135,0.0
136,0.0
137,0.0
138,0.0
139,0.0
140,0.0
141,0.0
142,0.0
143,0.0
144,0.0
145,0.0
146,4.21404838562e-05
147,8.42809677124e-05
148,0.000468969345093
149,9.63807106018e-05
150,0.000978469848633
151,0.00057315826416
152,0.00150203704834
153,0.00164699554443
154,0.00162410736084
155,0.00197219848633
156,0.00123691558838
157,0.00238418579102
158,0.00234222412109
159,0.00257682800293
160,0.00249481201172
161,0.00248336791992
162,0.00360107421875
163,0.0
164,0.0
165,0.0
166,0.0
167,0.0
168,0.0
169,0.0
170,0.0
171,0.0
172,0.0
173,0.0
174,0.0
175,0.000212788581848
176,0.000212788581848
177,0.000212788581848
178,0.000426292419434
179,0.000426769256592
180,0.000436067581177
181,0.000938415527344
182,0.000774383544922
183,0.000545501708984
184,0.000497817993164
185,0.00117588043213
186,0.00141620635986
187,0.00113201141357
188,0.00249862670898
189,0.00177192687988
190,0.0025691986084
191,0.0026798248291
192,0.0033016204834
193,0.00413513183594
194,0.00319671630859
195,0.0
196,0.0
197,0.0
198,0.0
199,0.0
200,0.0
201,0.0
202,0.0
203,0.0
204,0.0
205,0.0
206,0.0
207,0.0
208,0.000430822372437
209,0.000218033790588
210,0.000432014465332
211,0.000473022460938
212,0.0015344619751
213,0.00106620788574
214,0.000955581665039
215,0.00145530700684
216,0.0014591217041
217,0.00175666809082
218,0.00250434875488
219,0.0023136138916
220,0.00326156616211
221,0.00276756286621
222,0.00300407409668
223,0.00182914733887
224,0.00248527526855
225,0.00251197814941
226,0.00274467468262
227,0.0
228,0.0
229,0.0
230,0.0
231,0.0
232,0.0
233,0.0
234,0.0
235,0.0
236,0.0
237,0.0
238,0.0
239,0.000212788581848
240,0.000218033790588
241,0.000218033790588
242,0.000219702720642
243,0.000218033790588
244,0.000268697738647
245,0.000473499298096
246,0.000568389892578
247,0.000461101531982
248,0.000929355621338
249,0.000869274139404
250,0.001051902771
251,0.00143527984619
252,0.00203132629395
253,0.00206184387207
254,0.00177669525146
255,0.00190353393555
256,0.00191783905029
257,0.00255966186523
258,0.00168323516846
259,0.0
260,0.0
261,0.0
262,0.0
263,0.0
264,0.0
265,0.0
266,0.0
267,0.0
268,0.0
269,0.0
270,0.0
271,5.96046447754e-07
272,0.000213980674744
273,0.000212788581848
274,0.000638961791992
275,0.00063943862915
276,0.000638961791992
277,0.000857830047607
278,0.000215172767639
279,0.000902652740479
280,0.00149726867676
281,0.00176048278809
282,0.00280570983887
283,0.00356483459473
284,0.00375938415527
285,0.00421142578125
286,0.00357818603516
287,0.00406646728516
288,0.00374412536621
289,0.00341987609863
290,0.00359916687012
291,0.0
292,0.0
293,0.0
294,0.0
295,0.0
296,0.0
297,0.0
298,0.0
299,0.0
300,0.0
301,0.0
302,0.0
303,0.000212788581848
304,5.78165054321e-06
305,1.20997428894e-05
306,7.5101852417e-06
307,0.000240087509155
308,0.000879287719727
309,0.000647068023682
310,0.000444889068604
311,0.000469207763672
312,0.000731945037842
313,0.000566482543945
314,0.00149059295654
315,0.00126171112061
316,0.00105667114258
317,0.00137042999268
318,0.00185489654541
319,0.00262069702148
320,0.00181674957275
321,0.00231742858887
322,0.00233840942383
323,0.0
324,0.0
325,0.0
326,0.0
327,0.0
328,0.0
329,0.0
330,0.0
331,0.0
332,0.000425577163696
333,0.0
334,0.000638484954834
335,0.000425577163696
336,0.000430822372437
337,5.96046447754e-07
338,0.000431299209595
339,1.03712081909e-05
340,0.000445127487183
341,0.00044059753418
342,0.000669479370117
343,0.00131320953369
344,0.000507831573486
345,0.00116443634033
346,0.000906944274902
347,0.00177383422852
348,0.00157928466797
349,0.00175857543945
350,0.00266647338867
351,0.00199508666992
352,0.00239372253418
353,0.00196647644043
354,0.00214576721191
355,0.0
356,0.0
357,0.0
358,0.0
359,0.0
360,0.0
361,0.0
362,0.0
363,0.0
364,0.0
365,0.0
366,0.0
367,0.0
368,0.0
369,0.000218629837036
370,0.000431299209595
371,0.000425577163696
372,0.000519752502441
373,0.00120258331299
374,0.000399351119995
375,0.000614643096924
376,0.000733375549316
377,0.00163078308105
378,0.00142860412598
379,0.00185203552246
380,0.00241279602051
381,0.00239562988281
382,0.00254440307617
383,0.00296783447266
384,0.00366973876953
385,0.00346374511719
386,0.00347137451172
387,0.0
388,0.0
389,0.0
390,0.0
391,0.0
392,0.0
393,0.0
394,0.0
395,0.0
396,0.000212788581848
397,0.000212788581848
398,0.000425577163696
399,0.000638484954834
400,0.000851154327393
401,0.000856399536133
402,0.000638961791992
403,0.000691413879395
404,0.00112533569336
405,0.000913619995117
406,0.00133228302002
407,0.000699520111084
408,0.00119113922119
409,0.0012092590332
410,0.00131702423096
411,0.00143718719482
412,0.000988006591797
413,0.00165843963623
414,0.00195121765137
415,0.00201416015625
416,0.00131797790527
417,0.00272369384766
418,0.00217056274414
419,0.0
420,0.0
421,0.0
422,0.0
423,0.0
424,0.0
425,0.0
426,0.0
427,0.0
428,0.0
429,0.0
430,5.96046447754e-07
431,5.96046447754e-07
432,2.32458114624e-06
433,0.000215172767639
434,0.000645637512207
435,0.000434398651123
436,0.000652313232422
437,0.00066614151001
438,0.000758171081543
439,0.000929832458496
440,0.000464200973511
441,0.00210189819336
442,0.00225257873535
443,0.00147819519043
444,0.00330543518066
445,0.00282287597656
446,0.00267601013184
447,0.00231742858887
448,0.00297355651855
449,0.00287055969238
450,0.00302886962891
451,0.0
452,0.0
453,0.0
454,0.0
455,0.0
456,0.0
457,0.0
458,0.0
459,0.0
460,0.0
461,0.0
462,0.000425577163696
463,0.000638484954834
464,0.000215172767639
465,0.000427961349487
466,0.000854015350342
467,0.000647068023682
468,0.00128650665283
469,0.00172138214111
470,0.00129318237305
471,0.00148582458496
472,0.00219345092773
473,0.00193977355957
474,0.00136375427246
475,0.00166606903076
476,0.00217056274414
477,0.00243759155273
478,0.00251770019531
479,0.00228500366211
480,0.00176048278809
481,0.00182151794434
482,0.00272178649902
483,0.0
484,0.0
485,0.0
486,0.0
487,0.0
488,0.0
489,0.0
490,0.0
491,0.0
492,0.0
493,0.0
494,0.0
495,0.0
496,0.0
497,0.000212788581848
498,0.00046706199646
499,0.000219106674194
500,0.000433683395386
501,0.000646591186523
502,0.000652313232422
503,0.00108051300049
504,0.000696659088135
505,0.00135612487793
506,0.000560283660889
507,0.00209617614746
508,0.00223159790039
509,0.00340270996094
510,0.00220489501953
511,0.00348472595215
512,0.00452423095703
513,0.00399398803711
514,0.00481796264648
515,0.0
516,0.0
517,0.0
518,0.0
519,0.0
520,0.0
521,0.0
522,0.0
523,0.0
524,0.000212788581848
525,0.000212788581848
526,0.000212788581848
527,0.000425577163696
528,0.000426292419434
529,0.000215172767639
530,0.000668525695801
531,2.92658805847e-05
532,0.000899314880371
533,0.000453472137451
534,0.00108909606934
535,0.00158786773682
536,0.00162982940674
537,0.00122547149658
538,0.00110149383545
539,0.0012149810791
540,0.00144863128662
541,0.00184726715088
542,0.00170707702637
543,0.000892162322998
544,0.00128841400146
545,0.00125598907471
546,0.00250816345215
547,0.0
548,0.0
549,0.0
550,0.0
551,0.0
552,0.0
553,0.0
554,0.0
555,0.0
556,0.0
557,0.0
558,0.0
559,0.0
560,5.96046447754e-07
561,0.0
562,1.13248825073e-06
563,0.000467777252197
564,4.73260879517e-05
565,0.000258445739746
566,0.000306367874146
567,0.000690937042236
568,0.000284910202026
569,0.000722885131836
570,0.000607013702393
571,0.00112628936768
572,0.000832557678223
573,0.00192928314209
574,0.00191307067871
575,0.00218391418457
576,0.0024242401123
577,0.00323295593262
578,0.00373649597168
579,0.0
580,0.0
581,0.0
582,0.0
583,0.0
584,0.0
585,0.0
586,0.0
587,0.0
588,0.0
589,0.0
590,0.0
591,0.0
592,1.13248825073e-06
593,0.000213980674744
594,0.000213384628296
595,0.000869750976562
596,0.000638484954834
597,0.000942230224609
598,0.00128650665283
599,0.00139236450195
600,0.000796794891357
601,0.000842571258545
602,0.0013952255249
603,0.00140571594238
604,0.00189781188965
605,0.00227928161621
606,0.00196075439453
607,0.00286483764648
608,0.00230407714844
609,0.00237846374512
610,0.00300598144531
611,0.0
612,0.0
613,0.0
614,0.0
615,0.0
616,0.0
617,0.0
618,0.0
619,0.0
620,0.0
621,0.000212788581848
622,0.0
623,0.000425577163696
624,0.000213384628296
625,0.000856399536133
626,0.000219702720642
627,0.000858783721924
628,0.000641345977783
629,0.0010871887207
630,0.00117492675781
631,0.00109481811523
632,0.00228118896484
633,0.00121974945068
634,0.00160789489746
635,0.00240325927734
636,0.00192260742188
637,0.00179862976074
638,0.00262069702148
639,0.0020923614502
640,0.00240325927734
641,0.00265693664551
642,0.00452423095703
643,0.0
644,0.0
645,0.0
646,0.0
647,0.0
648,0.0
649,0.0
650,0.0
651,0.0
652,0.0
653,0.0
654,0.0
655,0.0
656,0.0
657,0.000218629837036
658,0.000212788581848
659,0.0005202293396
660,0.000553131103516
661,0.000133275985718
662,0.000729084014893
663,0.0010871887207
664,0.000665187835693
665,0.0013599395752
666,0.00178241729736
667,0.00168609619141
668,0.00199890136719
669,0.00350952148438
670,0.00364875793457
671,0.00391006469727
672,0.00329780578613
673,0.00344848632812
674,0.00369262695312
675,0.0
676,0.0
677,0.0
678,0.0
679,0.0
680,0.0
681,0.0
682,0.0
683,0.0
684,0.0
685,0.0
686,0.0
687,0.000425577163696
688,0.000638484954834
689,0.000218033790588
690,0.000638961791992
691,0.00106430053711
692,0.000899314880371
693,0.000765323638916
694,0.000681400299072
695,0.00132274627686
696,0.00115299224854
697,0.00100708007812
698,0.0017671585083
699,0.00160217285156
700,0.00208473205566
701,0.00247192382812
702,0.00166988372803
703,0.00243377685547
704,0.00222969055176
705,0.00241661071777
706,0.00227355957031
707,0.0
708,0.0
709,0.0
710,0.0
711,0.0
712,0.0
713,0.0
714,0.0
715,0.0
716,0.0
717,0.0
718,0.0
719,0.0
720,0.0
721,0.0
722,5.96046447754e-07
723,5.78165054321e-06
724,9.71555709839e-05
725,0.000216245651245
726,0.000440120697021
727,0.000241637229919
728,0.00109100341797
729,0.00129985809326
730,0.00130462646484
731,0.000516891479492
732,0.000988960266113
733,0.00175094604492
734,0.00193881988525
735,0.00184535980225
736,0.00215339660645
737,0.00226593017578
738,0.00223350524902
739,0.0
740,0.0
741,0.0
742,0.0
743,0.0
744,0.0
745,0.0
746,0.0
747,0.0
748,0.0
749,0.0
750,0.0
751,0.000212788581848
752,5.18560409546e-06
753,0.000218033790588
754,0.000223755836487
755,0.000224351882935
756,0.000438213348389
757,0.00066089630127
758,0.00113105773926
759,0.000482797622681
760,0.000768184661865
761,0.00149726867676
762,0.00199699401855
763,0.000963687896729
764,0.00160598754883
765,0.00225639343262
766,0.00178527832031
767,0.00157833099365
768,0.00181579589844
769,0.00199890136719
770,0.00249481201172
771,0.0
772,0.0
773,0.0
774,0.0
775,0.0
776,0.0
777,0.0
778,0.0
779,0.0
780,0.0
781,0.0
782,0.0
783,0.0
784,0.000212788581848
786,0.000212788581848
787,0.0
788,0.000652313232422
789,0.000261306762695
790,0.00022029876709
791,0.000712871551514
792,0.000747680664062
793,0.00120449066162
794,0.00136852264404
795,0.0019702911377
796,0.00185775756836
797,0.00213813781738
798,0.00246047973633
799,0.00244522094727
800,0.00202560424805
801,0.0030574798584
802,0.00291633605957
803,0.00298118591309
804,0.0
805,0.0
806,0.0
807,0.0
808,0.0
809,0.0
810,0.0
811,0.0
812,0.0
813,0.0
814,0.000425577163696
815,0.000212788581848
816,0.000638484954834
817,0.000638961791992
818,0.000638961791992
819,0.000509738922119
820,0.000339269638062
821,0.000515460968018
822,0.000545501708984
823,0.000362396240234
824,0.000931739807129
825,0.00105094909668
826,0.00122547149658
827,0.000557422637939
828,0.000617980957031
829,0.00100994110107
830,0.00138854980469
831,0.00197792053223
832,0.00240898132324
833,0.00265693664551
834,0.00265693664551
835,0.0026969909668
836,0.0
837,0.0
838,0.0
839,0.0
840,0.0
841,0.0
842,0.0
843,0.0
844,0.0
845,0.0
846,0.0
847,0.0
848,0.0
849,0.0
850,1.23381614685e-05
851,1.4066696167e-05
852,8.60095024109e-05
853,9.23871994019e-06
854,0.000170230865479
855,0.000139713287354
856,0.000104486942291
857,2.13384628296e-05
858,0.000723838806152
859,0.00118160247803
860,0.000576496124268
861,0.00135040283203
862,0.000998497009277
863,0.000958442687988
864,0.000990867614746
865,0.00173950195312
866,0.00146102905273
867,0.000986099243164
868,0.0
869,0.0
870,0.0
871,0.0
872,0.0
873,0.0
874,0.0
875,0.0
876,0.0
877,0.0
878,0.0
879,0.0
880,0.0
881,0.0
882,0.0
883,1.4066696167e-05
884,0.000255584716797
885,4.84585762024e-05
886,0.000273466110229
887,0.000527381896973
888,0.000349044799805
889,0.000481605529785
890,0.000937938690186
891,0.00102043151855
892,0.00107002258301
893,0.00122356414795
894,0.00104904174805
895,0.000673294067383
896,0.000842571258545
897,0.000979423522949
898,0.00106525421143
899,0.00186824798584
900,0.0
901,0.0
902,0.0
903,0.0
904,0.0
905,0.0
906,0.0
907,0.0
908,0.0
909,0.0
910,0.0
911,0.0
912,0.0
913,5.78165054321e-06
914,0.000223755836487
915,0.000223755836487
916,0.000426769256592
917,0.000438213348389
918,0.000443458557129
919,0.000150084495544
920,0.00070858001709
921,0.000696659088135
922,0.000957012176514
923,0.000807285308838
924,0.000654697418213
925,0.00062370300293
926,0.000886917114258
927,0.00106906890869
928,0.00104141235352
929,0.00180149078369
930,0.00140476226807
931,0.00204467773438
932,0.0
933,0.0
934,0.0
935,0.0
936,0.0
937,0.0
938,0.0
939,0.0
940,0.0
941,0.0
942,0.0
943,0.0
944,0.0
945,0.000212788581848
946,0.000426292419434
947,0.000426769256592
948,0.000226855278015
949,0.000659942626953
950,0.00113391876221
951,0.000572204589844
952,0.00115299224854
953,0.00112342834473
954,0.00157356262207
955,0.00125217437744
956,0.00137996673584
957,0.000821590423584
958,0.00181579589844
959,0.00140953063965
960,0.00115299224854
961,0.00136184692383
962,0.00233459472656
963,0.00204849243164
964,0.0
965,0.0
966,0.0
967,0.0
968,0.0
969,0.0
970,0.0
971,0.0
972,0.0
973,0.0
974,0.0
975,0.0
976,0.0
977,0.000212788581848
978,0.000212788581848
979,0.000213384628296
980,0.0
981,1.72853469849e-06
982,1.72853469849e-06
983,0.000214576721191
984,0.000230669975281
985,0.000652313232422
986,0.000907421112061
987,0.000415563583374
988,0.00077486038208
989,0.00120830535889
990,0.00177097320557
991,0.0016450881958
992,0.0018835067749
993,0.00240516662598
994,0.00257682800293
995,0.00234794616699
996,0.0
997,0.0
998,0.0
999,0.0
1000,0.0
1001,0.0
1002,0.0
1003,0.0
1004,0.0
1005,0.0
1006,0.0
1007,0.0
1008,0.000212788581848
1009,0.000425577163696
1010,0.000213384628296
1011,0.000426292419434
1012,0.000638484954834
1013,0.000851631164551
1014,0.00109004974365
1015,0.000985145568848
1016,0.00147819519043
1017,0.00144290924072
1018,0.00189590454102
1019,0.00186157226562
1020,0.00168895721436
1021,0.00167846679688
1022,0.00210380554199
1023,0.00288200378418
1024,0.00347328186035
1025,0.0036449432373
1026,0.00414276123047
1027,0.00362396240234
1028,0.0
1029,0.0
1030,0.0
1031,0.0
1032,0.0
1033,0.0
1034,0.0
1035,0.0
1036,0.0
1037,0.0
1038,0.0
1039,0.000212788581848
1040,0.000467777252197
1041,0.000852584838867
1042,0.000640392303467
1043,0.000230312347412
1044,0.000686168670654
1045,0.000262975692749
1046,0.00101852416992
1047,0.000655651092529
1048,0.000699996948242
1049,0.000714302062988
1050,0.00115871429443
1051,0.00135612487793
1052,0.00130844116211
1053,0.00148582458496
1054,0.00112628936768
1055,0.00148105621338
1056,0.00158596038818
1057,0.0019416809082
1058,0.00188732147217
1059,0.00203514099121
1060,0.0
1061,0.0
1062,0.0
1063,0.0
1064,0.0
1065,0.0
1066,0.0
1067,0.0
1068,0.0
1069,0.0
1070,0.0
1071,0.0
1072,0.0
1073,0.0
1074,0.000212788581848
1075,0.0
1076,0.0
1077,0.000213980674744
1078,7.42673873901e-05
1079,0.000299692153931
1080,0.000287055969238
1081,0.000524044036865
1082,0.000253677368164
1083,0.000624656677246
1084,0.000974655151367
1085,0.00103092193604
1086,0.00153636932373
1087,0.00103187561035
1088,0.00118255615234
1089,0.0014476776123
1090,0.000983238220215
1091,0.00152683258057
1092,0.0
1093,0.0
1094,0.0
1095,0.0
1096,0.0
1097,0.0
1098,0.0
1099,0.0
1100,0.0
1101,0.000212788581848
1102,0.000425577163696
1103,0.000425577163696
1104,0.000425577163696
1105,0.000638961791992
1106,0.000426292419434
1107,0.000638961791992
1108,0.000426769256592
1109,0.000219702720642
1110,0.00072193145752
1111,0.000868797302246
1112,0.000474214553833
1113,0.00100421905518
1114,0.0012321472168
1115,0.000988006591797
1116,0.00120639801025
1117,0.00137901306152
1118,0.00108909606934
1119,0.000676155090332
1120,0.00105094909668
1121,0.00151348114014
1122,0.00118637084961
1123,0.00152778625488
1124,0.0
1125,0.0
1126,0.0
1127,0.0
1128,0.0
1129,0.0
1130,0.0
1131,0.0
1132,0.0
1133,0.0
1134,0.0
1135,0.0
1136,5.96046447754e-07
1137,5.78165054321e-06
1138,6.37769699097e-06
1139,5.78165054321e-06
1140,1.03712081909e-05
1141,6.91413879395e-06
1142,0.000444173812866
1143,0.000282049179077
1144,0.000511646270752
1145,0.000740528106689
1146,0.000496864318848
1147,0.000924587249756
1148,0.000954151153564
1149,0.00103569030762
1150,0.0011625289917
1151,0.00185966491699
1152,0.00181007385254
1153,0.00229263305664
1154,0.00192356109619
1155,0.00186157226562
1156,0.0
1157,0.0
1158,0.0
1159,0.0
1160,0.0
1161,0.0
1162,0.0
1163,0.0
1164,0.0
1165,0.0
1166,0.0
1167,0.0
1168,0.0
1169,0.0
1170,0.000431299209595
1171,0.000436067581177
1172,0.000644207000732
1173,0.000649929046631
1174,0.000479936599731
1175,5.48362731934e-05
1176,0.000533103942871
1177,0.000504493713379
1178,0.00112247467041
1179,0.000855445861816
1180,0.00105285644531
1181,0.00132083892822
1182,0.00264549255371
1183,0.00294303894043
1184,0.00264167785645
1185,0.00185775756836
1186,0.00250625610352
1187,0.00239562988281
1188,0.0
1189,0.0
1190,0.0
1191,0.0
1192,0.0
1193,0.0
1194,0.0
1195,0.0
1196,0.0
1197,0.0
1198,0.0
1199,0.0
1200,0.0
1201,0.0
1202,0.0
1203,4.21404838562e-05
1204,1.13248825073e-06
1205,1.13248825073e-06
1206,0.000261306762695
1207,0.000108122825623
1208,3.52263450623e-05
1209,0.000126004219055
1210,0.000385522842407
1211,0.000701904296875
1212,0.000674724578857
1213,0.000547409057617
1214,0.000602722167969
1215,0.000667095184326
1216,0.000862121582031
1217,0.000541687011719
1218,0.000659465789795
1219,0.000728607177734
1220,0.0
1221,0.0
1222,0.0
1223,0.0
1224,0.0
1225,0.0
1226,0.0
1227,0.0
1228,0.0
1229,0.0
1230,0.0
1231,0.0
1232,0.0
1233,0.000218033790588
1234,0.000223755836487
1235,0.000436067581177
1236,0.000436067581177
1237,0.000218033790588
1238,0.000229001045227
1239,0.000231385231018
1240,0.000200271606445
1241,0.000475883483887
1242,0.00011157989502
1243,0.000527858734131
1244,0.000223517417908
1245,0.000286102294922
1246,0.000229716300964
1247,0.000185489654541
1248,0.000280380249023
1249,0.000592708587646
1250,0.00123882293701
1251,0.00108528137207
1252,0.0
1253,0.0
1254,0.0
1255,0.0
1256,0.0
1257,0.0
1258,0.0
1259,0.0
1260,0.0
1261,0.0
1262,0.0
1263,0.0
1264,0.0
1265,0.0
1266,0.0
1267,0.0
1268,5.78165054321e-06
1269,0.00023090839386
1270,1.67489051819e-05
1271,9.75131988525e-05
1272,9.75131988525e-05
1273,0.000136733055115
1274,0.000162363052368
1275,0.000252962112427
1276,0.00023353099823
1277,0.000453948974609
1278,0.000625610351562
1279,0.00110054016113
1280,0.00100517272949
1281,0.000851631164551
1282,0.000718116760254
1283,0.000965595245361
1284,0.0
1285,0.0
1286,0.0
1287,0.0
1288,0.0
1289,0.0
1290,0.0
1291,0.0
1292,0.0
1293,0.0
1294,0.0
1295,0.0
1296,0.0
1297,0.0
1298,0.0
1299,0.000213384628296
1300,0.000214576721191
1301,0.000219702720642
1302,0.00022029876709
1303,0.000226140022278
1304,0.00048041343689
1305,0.000524997711182
1306,0.00053071975708
1307,0.000404834747314
1308,0.000571250915527
1309,0.0008544921875
1310,0.000811576843262
1311,0.00153732299805
1312,0.00129508972168
1313,0.00148296356201
1314,0.00137424468994
1315,0.00172901153564
1316,0.0
1317,0.0
1318,0.0
1319,0.0
1320,0.0
1321,0.0
1322,0.0
1323,0.0
1324,0.0
1325,0.0
1326,0.0
1327,0.0
1328,0.0
1329,0.0
1330,0.0
1331,0.0
1332,1.09672546387e-05
1333,1.09672546387e-05
1334,6.91413879395e-06
1335,0.000224947929382
1336,0.000227808952332
1337,3.57627868652e-05
1338,0.000259637832642
1339,0.000353097915649
1340,0.000412225723267
1341,0.000518321990967
1342,0.000171780586243
1343,0.000531196594238
1344,0.000786781311035
1345,0.000380754470825
1346,0.000519275665283
1347,0.000602722167969
1348,0.0
1349,0.0
1350,0.0
1351,0.0
1352,0.0
1353,0.0
1354,0.0
1355,0.0
1356,0.0
1357,0.0
1358,0.0
1359,0.0
1360,5.96046447754e-07
1361,0.0
1362,0.000213384628296
1363,0.000213384628296
1364,0.000213384628296
1365,0.00043249130249
1366,0.000227451324463
1367,0.000232577323914
1368,0.000462770462036
1369,0.000535011291504
1370,0.000655651092529
1371,0.00106906890869
1372,0.000719547271729
1373,0.000431537628174
1374,0.000554084777832
1375,0.00118541717529
1376,0.000770568847656
1377,0.000997543334961
1378,0.000954627990723
1379,0.00105857849121
1380,0.0
1381,0.0
1382,0.0
1383,0.0
1384,0.0
1385,0.0
1386,0.0
1387,0.0
1388,0.0
1389,0.0
1390,0.0
1391,0.0
1392,0.0
1393,0.0
1394,0.0
1395,0.0
1396,5.96046447754e-07
1397,1.72853469849e-06
1398,0.000345230102539
1399,0.000357151031494
1400,0.000338792800903
1401,6.00218772888e-05
1402,0.000491619110107
1403,0.000213503837585
1404,0.000173687934875
1405,0.000854969024658
1406,0.000539302825928
1407,0.000790596008301
1408,0.000962257385254
1409,0.000760555267334
1410,0.00108528137207
1411,0.000740528106689
1412,0.0
1413,0.0
1414,0.0
1415,0.0
1416,0.0
1417,0.0
1418,0.0
1419,0.0
1420,0.0
1421,0.0
1422,0.0
1423,0.0
1424,0.0
1425,0.0
1426,0.0
1427,0.0
1428,0.000213980674744
1429,8.54134559631e-05
1430,4.50015068054e-05
1431,8.77380371094e-05
1432,0.000324487686157
1433,0.000550270080566
1434,0.000631809234619
1435,0.000951766967773
1436,0.000594139099121
1437,0.000944137573242
1438,0.000791072845459
1439,0.000372171401978
1440,0.00121402740479
1441,0.000721454620361
1442,0.00171756744385
1443,0.00169849395752
1444,0.0
1445,0.0
1446,0.0
1447,0.0
1448,0.0
1449,0.0
1450,0.0
1451,0.0
1452,0.0
1453,0.0
1454,0.0
1455,0.0
1456,0.0
1457,0.0
1458,0.000425577163696
1459,0.000426769256592
1460,0.000219106674194
1461,6.91413879395e-06
1462,5.07831573486e-05
1463,0.000488758087158
1464,2.21133232117e-05
1465,0.000232577323914
1466,0.000616073608398
1467,0.000545501708984
1468,0.000329971313477
1469,0.000831127166748
1470,0.00117492675781
1471,0.000998497009277
1472,0.000617980957031
1473,0.00114345550537
1474,0.00150108337402
1475,0.00151634216309
1476,0.0
1477,0.0
1478,0.0
1479,0.0
1480,0.0
1481,0.0
1482,0.0
1483,0.0
1484,0.0
1485,0.0
1486,0.0
1487,0.0
1488,0.0
1489,0.0
1490,0.0
1491,0.0
1492,5.78165054321e-06
1493,1.13248825073e-06
1494,1.55568122864e-05
1495,1.90138816833e-05
1496,2.30669975281e-05
1497,0.000117182731628
1498,0.000191211700439
1499,0.000238418579102
1500,0.000742435455322
1501,0.000638008117676
1502,0.000555515289307
1503,0.0002760887146
1504,0.000734806060791
1505,0.000877380371094
1506,0.000824928283691
1507,0.000997543334961
1508,0.0
1509,0.0
1510,0.0
1511,0.0
1512,0.0
1513,0.0
1514,0.0
1515,0.0
1516,0.0
1517,0.0
1518,0.0
1519,0.0
1520,0.0
1521,0.0
1522,5.96046447754e-07
1523,5.96046447754e-07
1524,1.34706497192e-05
1525,0.000220894813538
1526,0.000259399414062
1527,0.000229001045227
1528,0.0003821849823
1529,0.000308275222778
1530,0.000310659408569
1531,0.000385522842407
1532,0.000389575958252
1533,0.000546932220459
1534,0.000471115112305
1535,0.000365972518921
1536,0.000631809234619
1537,0.000881671905518
1538,0.000881671905518
1539,0.00120162963867
1540,0.0
1541,0.0
1542,0.0
1543,0.0
1544,0.0
1545,0.0
1546,0.0
1547,0.0
1548,0.0
1549,0.0
1550,0.0
1551,0.0
1552,5.96046447754e-07
1553,5.96046447754e-07
1554,1.72853469849e-06
1555,7.5101852417e-06
1556,1.03712081909e-05
1557,4.67300415039e-05
1558,0.00026535987854
1559,6.46710395813e-05
1560,6.00218772888e-05
1561,0.000528335571289
1562,0.000408411026001
1563,0.000442981719971
38319,0.00162315368652
38320,0.00241851806641
38322,0.00198364257812
38323,0.00225830078125
38324,0.0
38325,0.0
38326,0.0
38327,0.0
38328,0.0
38329,0.0
38330,0.0
38331,0.0
38332,0.0
38333,0.0
38334,0.0
38335,0.0
38336,0.0
38337,0.0
38338,0.0
38339,0.000218629837036
38340,0.000223755836487
38341,0.000234723091125
38342,0.000271797180176
38343,0.00031042098999
38344,0.000320196151733
38345,0.000746726989746
38346,0.000779151916504
38347,0.00096321105957
38348,0.00133800506592
38349,0.00181865692139
38350,0.00222778320312
38351,0.00164890289307
38352,0.00154399871826
38353,0.00259208679199
38354,0.00179672241211
38355,0.00300216674805
38356,0.0
38357,0.0
38358,0.0
38359,0.0
38360,0.0
38361,0.0
38362,0.0
38363,0.0
38364,0.0
38365,0.0
38366,0.0
38367,0.0
38368,1.23381614685e-05
38369,3.69548797607e-05
38370,9.13739204407e-05
38371,1.13248825073e-06
38372,0.000130653381348
38373,8.31484794617e-05
38374,2.38418579102e-05
38375,6.2882900238e-05
38376,0.000201106071472
38377,0.000272750854492
38378,0.000449895858765
38379,0.000471115112305
38380,0.000506401062012
38381,0.000984191894531
38382,0.000553131103516
38383,0.00124549865723
38384,0.00188541412354
38385,0.00214385986328
38386,0.0028133392334
38387,0.00233459472656
38388,0.0
38389,0.0
38390,0.0
38391,0.0
38392,0.0
38393,0.0
38394,0.0
38395,0.0
38396,0.0
38397,0.0
38398,0.0
38399,0.0
38400,0.0
38401,0.0
38402,5.3882598877e-05
38403,0.000237464904785
38404,0.000237464904785
38405,1.03712081909e-05
38406,0.000485181808472
38407,0.000313997268677
38408,0.000995635986328
38409,0.00100231170654
38410,0.000967979431152
38411,0.000744819641113
38412,0.0010929107666
38413,0.00126934051514
38414,0.0016975402832
38415,0.00137233734131
38416,0.00120067596436
38417,0.0016040802002
38418,0.0019063949585
38419,0.00210189819336
38420,0.0
38421,0.0
38422,0.0
38423,0.0
38424,0.0
38425,0.0
38426,0.0
38427,0.0
38428,0.0
38429,0.0
38430,0.0
38431,0.0
38432,0.0
38433,1.23381614685e-05
38434,5.3882598877e-05
38435,0.0
38436,0.000214576721191
38437,2.32458114624e-06
38438,8.64267349243e-06
38439,0.00023353099823
38440,0.000667095184326
38441,0.000973224639893
38442,0.000752925872803
38443,0.000752449035645
38444,0.000977516174316
38445,0.00120162963867
38446,0.00155448913574
38447,0.00161838531494
38448,0.00170516967773
38449,0.0024528503418
38450,0.0029354095459
38451,0.0028190612793
38452,0.0
38453,0.0
38454,0.0
38455,0.0
38456,0.0
38457,0.0
38458,0.0
38459,0.0
38460,0.0
38461,0.0
38462,0.0
38463,0.0
38464,0.0
38465,1.23381614685e-05
38466,2.521276474e-05
38467,1.13248825073e-06
38468,1.13248825073e-06
38469,6.37769699097e-06
38470,6.91413879395e-06
38471,4.44650650024e-05
38472,0.000266551971436
38473,0.000288009643555
38474,0.000741004943848
38475,0.000582695007324
38476,0.00071907043457
38477,0.000595092773438
38478,0.00100898742676
38479,0.00105476379395
38480,0.00169372558594
38481,0.00243377685547
38482,0.00251579284668
38483,0.00238990783691
38484,0.0
38485,0.0
38486,0.0
38487,0.0
38488,0.0
38489,0.0
38490,0.0
38491,0.0
38492,0.0
38493,0.0
38494,0.0
38495,0.0
38496,0.0
38497,0.0
38498,0.0
38499,4.15444374084e-05
38500,3.75509262085e-05
38501,0.000288963317871
38502,7.67707824707e-05
38503,0.000552177429199
38504,0.000439405441284
38505,0.000698089599609
38506,0.00070333480835
38507,0.00127696990967
38508,0.00237846374512
38509,0.00180912017822
38510,0.00204086303711
38511,0.00230598449707
38512,0.00258827209473
38513,0.00294876098633
38514,0.00295639038086
38515,0.00246238708496
38516,0.0
38517,0.0
38518,0.0
38519,0.0
38520,0.0
38521,0.0
38522,0.0
38523,0.0
38524,0.0
38525,0.0
38526,0.0
38527,0.0
38528,5.96046447754e-07
38529,0.0
38530,0.0
38531,0.0
38532,0.0
38533,0.00033974647522
38534,0.000341415405273
38535,0.000214099884033
38536,0.000451326370239
38537,0.000886917114258
38538,0.00111770629883
38539,0.00148010253906
38540,0.00187683105469
38541,0.00207138061523
38542,0.00177764892578
38543,0.00172138214111
38544,0.00193977355957
38545,0.00300407409668
38546,0.00457382202148
38547,0.00414657592773
38548,0.0
38549,0.0
38550,0.0
38551,0.0
38552,0.0
38553,0.0
38554,0.0
38555,0.0
38556,0.0
38557,0.0
38558,1.23381614685e-05
38559,8.61883163452e-05
38560,0.00032377243042
38561,0.000225186347961
38562,0.000242590904236
38563,0.000284194946289
38564,0.000230312347412
38565,0.000272989273071
38566,9.05990600586e-05
38567,0.000102937221527
38568,0.000375270843506
38569,0.000399351119995
38570,0.000510215759277
38571,0.000700950622559
38572,0.000823020935059
38573,0.00121688842773
38574,0.00128078460693
38575,0.00225448608398
38576,0.00238418579102
38577,0.00309944152832
38578,0.00362205505371
38579,0.00254821777344
38580,0.0
38581,0.0
38582,0.0
38583,0.0
38584,0.0
38585,0.0
38586,0.0
38587,0.0
38588,0.0
38589,0.0
38590,0.0
38591,0.0
38592,0.0
38593,5.96046447754e-07
38594,1.72853469849e-06
38595,4.98294830322e-05
38596,7.50422477722e-05
38597,0.00010085105896
38598,0.000278472900391
38599,0.000422954559326
38600,0.000344514846802
38601,0.000387668609619
38602,0.000888347625732
38603,0.000878810882568
38604,0.000788688659668
38605,0.00150966644287
38606,0.0011568069458
38607,0.00174236297607
38608,0.0018892288208
38609,0.00234985351562
38610,0.0030632019043
38611,0.00397872924805
38612,0.0
38613,0.0
38614,0.0
38615,0.0
38616,0.0
38617,0.0
38618,0.0
38619,0.0
38620,0.0
38621,0.0
38622,0.0
38623,0.0
38624,0.0
38625,0.000166177749634
38626,1.23381614685e-05
38627,1.23381614685e-05
38628,0.000212788581848
38629,0.000213980674744
38630,0.000216245651245
38631,4.96506690979e-05
38632,0.000240683555603
38633,0.000480175018311
38634,0.00060510635376
38635,0.000695705413818
38636,0.00123691558838
38637,0.00169277191162
38638,0.00181674957275
38639,0.0020580291748
38640,0.0025634765625
38641,0.00260162353516
38642,0.00290107727051
38643,0.00306701660156
38644,0.0
38645,0.0
38646,0.0
38647,0.0
38648,0.0
38649,0.0
38650,0.0
38651,0.0
38652,0.0
38653,0.0
38654,0.0
38655,0.0
38656,0.0
38657,5.96046447754e-07
38658,6.79492950439e-05
38659,0.000128984451294
38660,0.000258445739746
38661,0.000297784805298
38662,0.000346899032593
38663,6.53862953186e-05
38664,0.00031852722168
38665,0.000446796417236
38666,0.000295162200928
38667,0.000759124755859
38668,0.000792503356934
38669,0.000893592834473
38670,0.00128555297852
38671,0.00113010406494
38672,0.0018835067749
38673,0.00272369384766
38674,0.0029468536377
38675,0.00324821472168
38676,0.0
38677,0.0
38678,0.0
38679,0.0
38680,0.0
38681,0.0
38682,0.0
38683,0.0
38684,0.0
38685,0.0
38686,0.0
38687,0.0
38688,0.0
38689,0.0
38690,0.0
38691,0.0002601146698
38692,0.000805854797363
38693,0.00105571746826
38694,0.00133514404297
38695,0.00129795074463
38696,0.000606060028076
38697,0.000769138336182
38698,0.00091552734375
38699,0.00155353546143
38700,0.00148105621338
38701,0.00157260894775
38702,0.00161552429199
38703,0.00161647796631
38704,0.00228500366211
38705,0.0027961730957
38706,0.0023250579834
38707,0.0024242401123
38708,0.0
38709,0.0
38710,0.0
38711,0.0
38712,0.0
38713,0.0
38714,0.0
38715,0.0
38716,0.0
38717,0.0
38718,0.0
38719,0.0
38720,0.0
38721,5.96046447754e-07
38722,0.0
38723,1.28746032715e-05
38724,2.63452529907e-05
38725,0.000215649604797
38726,0.000232100486755
38727,0.000433683395386
38728,0.000364303588867
38729,0.000921726226807
38730,0.00139427185059
38731,0.000492572784424
38732,0.000814437866211
38733,0.000916957855225
38734,0.00158786773682
38735,0.00176334381104
38736,0.00173377990723
38737,0.00218963623047
38738,0.00277328491211
38739,0.00384902954102
38740,0.0
38741,0.0
38742,0.0
38743,0.0
38744,0.0
38745,0.0
38746,0.0
38747,0.0
38748,0.0
38749,0.0
38750,0.0
38751,0.0
38752,0.0
38753,5.96046447754e-07
38754,1.13248825073e-06
38755,8.10623168945e-06
38756,5.96046447754e-07
38757,0.000260829925537
38758,2.32458114624e-06
38759,1.09672546387e-05
38760,0.000230669975281
38761,0.000568866729736
38762,0.000836372375488
38763,0.00136470794678
38764,0.00129222869873
38765,0.00187015533447
38766,0.00175380706787
38767,0.00141716003418
38768,0.00181674957275
38769,0.00183200836182
38770,0.00241470336914
38771,0.00328063964844
38772,0.0
38773,0.0
38774,0.0
38775,0.0
38776,0.0
38777,0.0
38778,0.0
38779,0.0
38780,0.0
38781,0.0
38782,0.0
38783,0.0
38784,1.23381614685e-05
38785,1.23381614685e-05
38786,0.0
38787,0.0
38788,1.7523765564e-05
38789,0.0
38790,6.91413879395e-06
38791,8.10623168945e-06
38792,0.000221490859985
38793,0.000224351882935
38794,0.000453233718872
38795,0.000377416610718
38796,0.000553131103516
38797,0.000524520874023
38798,0.000670433044434
38799,0.00204467773438
38800,0.00258445739746
38801,0.00304794311523
38802,0.00419616699219
38803,0.00453567504883
38804,0.0
38805,0.0
38806,0.0
38807,0.0
38808,0.0
38809,0.0
38810,0.0
38811,0.0
38812,0.0
38813,0.0
38814,0.0
38815,0.0
38816,0.0
38817,5.96046447754e-07
38818,0.000166177749634
38819,0.000166177749634
38820,0.000180244445801
38821,0.000167369842529
38822,6.91413879395e-06
38823,0.000278234481812
38824,0.000370264053345
38825,0.000557422637939
38826,0.00124931335449
38827,0.00152778625488
38828,0.00120449066162
38829,0.00121307373047
38830,0.00137615203857
38831,0.00211715698242
38832,0.00278663635254
38833,0.00262260437012
38834,0.00271797180176
38835,0.00254249572754
38836,0.0
38837,0.0
38838,0.0
38839,0.0
38840,0.0
38841,0.0
38842,0.0
38843,0.0
38844,0.0
38845,0.0
38846,0.0
38847,0.0
38848,0.0
38849,0.0
38850,0.0
38851,5.18560409546e-06
38852,1.13248825073e-06
38853,8.83340835571e-05
38854,0.000385999679565
38855,0.000392913818359
38856,0.00042986869812
38857,0.000740528106689
38858,0.00046706199646
38859,0.00084114074707
38860,0.00096321105957
38861,0.0012264251709
38862,0.00113964080811
38863,0.00133895874023
38864,0.00187015533447
38865,0.00249290466309
38866,0.00209999084473
38867,0.00245666503906
38868,0.0
38869,0.0
38870,0.0
38871,0.0
38872,0.0
38873,0.0
38874,0.0
38875,0.0
38876,0.0
38877,0.0
38878,0.0
38879,0.0
38880,5.96046447754e-07
38881,1.13248825073e-06
38882,5.96046447754e-07
38883,1.13248825073e-06
38884,1.20997428894e-05
38885,0.000216245651245
38886,8.10623168945e-06
38887,0.000341415405273
38888,0.000308036804199
38889,0.000378370285034
38890,0.000358581542969
38891,0.000824928283691
38892,0.00162792205811
38893,0.00213241577148
38894,0.00198745727539
38895,0.00233268737793
38896,0.00241851806641
38897,0.00263023376465
38898,0.00263977050781
38899,0.00300788879395
38900,0.0
38901,0.0
38902,0.0
38903,0.0
38904,0.0
38905,0.0
38906,0.0
38907,0.0
38908,0.0
38909,0.0
38910,0.0
38911,0.0
38912,0.0
38913,0.0
38914,0.0
38915,0.0
38916,5.50150871277e-05
38917,2.63452529907e-05
38918,0.000268459320068
38919,0.000865459442139
38920,0.000751972198486
38921,0.000760555267334
38922,0.00146389007568
38923,0.00177478790283
38924,0.00164985656738
38925,0.00133037567139
38926,0.00165367126465
38927,0.00161075592041
38928,0.00202369689941
38929,0.00229644775391
38930,0.00216484069824
38931,0.00229263305664
38932,0.0
38933,0.0
38934,0.0
38935,0.0
38936,0.0
38937,0.0
38938,0.0
38939,0.0
38940,0.0
38941,0.0
38942,0.0
38943,0.0
38944,0.0
38945,0.0
38946,5.96046447754e-07
38947,0.000125288963318
38948,0.000126361846924
38949,0.000339269638062
38950,0.000258445739746
38951,0.000261783599854
38952,0.000102341175079
38953,0.000380039215088
38954,0.00047492980957
38955,0.000903606414795
38956,0.00117111206055
38957,0.00174427032471
38958,0.000979423522949
38959,0.0015926361084
38960,0.00248908996582
38961,0.00200653076172
38962,0.00368118286133
38963,0.0037841796875
38964,0.0
38965,0.0
38966,0.0
38967,0.0
38968,0.0
38969,0.0
38970,0.0
38971,0.0
38972,0.0
38973,0.0
38974,0.0
38975,0.0
38976,0.0
38977,0.0
38978,1.72853469849e-06
38979,1.72853469849e-06
38980,6.91413879395e-06
38981,9.83476638794e-06
38982,9.23871994019e-06
38983,0.000264167785645
38984,0.000735282897949
38985,0.000921726226807
38986,0.000737190246582
38987,0.00125598907471
38988,0.00139331817627
38989,0.00121974945068
38990,0.00117969512939
38991,0.00101757049561
38992,0.000447273254395
38993,0.00217437744141
38994,0.00249671936035
38995,0.00217056274414
38996,0.0
38997,0.0
38998,0.0
38999,0.0
39000,0.0
39001,0.0
39002,0.0
39003,0.0
39004,0.0
39005,0.0
39006,0.0
39007,0.0
39008,0.0
39009,0.0
39010,5.96046447754e-07
39011,5.96046447754e-07
39012,2.32458114624e-06
39013,1.57952308655e-05
39014,5.84721565247e-05
39015,0.000316381454468
39016,0.000511646270752
39017,0.000555515289307
39018,0.000910758972168
39019,0.000758171081543
39020,0.000631809234619
39021,0.000723838806152
39022,0.000748157501221
39023,0.0010461807251
39024,0.00189208984375
39025,0.00234413146973
39026,0.00262451171875
39027,0.00286102294922
39028,0.0
39029,0.0
39030,0.0
39031,0.0
39032,0.0
39033,0.0
39034,0.0
39035,0.0
39036,0.0
39037,0.0
39038,0.0
39039,0.0
39040,0.0
39041,0.0
39042,0.0
39043,5.96046447754e-07
39044,1.28746032715e-05
39045,1.86562538147e-05
39046,4.38690185547e-05
39047,0.000333309173584
39048,0.00037956237793
39049,0.00116634368896
39050,0.000758647918701
39051,0.0012845993042
39052,0.00134754180908
39053,0.00173091888428
39054,0.00153636932373
39055,0.00210571289062
39056,0.00210189819336
39057,0.00278854370117
39058,0.00319290161133
39059,0.00314140319824
39060,0.0
39061,0.0
39062,0.0
39063,0.0
39064,0.0
39065,0.0
39066,0.0
39067,0.0
39068,0.0
39069,0.0
39070,0.0
39071,0.0
39072,0.0
39073,0.0
39074,1.28746032715e-05
39075,3.80873680115e-05
39076,1.460313797e-05
39077,0.000238656997681
39078,3.21269035339e-05
39079,3.27229499817e-05
39080,0.000489234924316
39081,0.000631332397461
39082,0.000993728637695
39083,0.00161838531494
39084,0.00158977508545
39085,0.00214958190918
39086,0.00192546844482
39087,0.00242233276367
39088,0.00206565856934
39089,0.00227546691895
39090,0.00266456604004
39091,0.00350952148438
39092,0.0
39093,0.0
39094,0.0
39095,0.0
39096,0.0
39097,0.0
39098,0.0
39099,0.0
39100,0.0
39101,0.0
39102,0.0
39104,0.0
39105,7.39097595215e-05
39106,0.00013542175293
39107,8.61883163452e-05
39108,0.000209450721741
39109,9.85264778137e-05
39110,0.000104904174805
39111,0.000117182731628
39112,0.000499248504639
39113,0.000224709510803
39114,0.000367164611816
39115,0.000862598419189
39116,0.00100326538086
39117,0.00115299224854
39118,0.00120639801025
39119,0.00184726715088
39120,0.00146675109863
39121,0.00144577026367
39122,0.0014181137085
39123,0.00235748291016
39124,0.00265312194824
39125,0.0
39126,0.0
39127,0.0
39128,0.0
39129,0.0
39130,0.0
39131,0.0
39132,0.0
39133,0.0
39134,0.0
39135,0.0
39136,0.0
39137,0.0
39138,1.28746032715e-05
39139,5.96046447754e-07
39140,1.28746032715e-05
39141,1.34706497192e-05
39142,1.72853469849e-06
39143,6.48498535156e-05
39144,0.000101566314697
39145,5.59687614441e-05
39146,0.000306844711304
39147,0.000532627105713
39148,0.000702381134033
39149,0.00100040435791
39150,0.00167751312256
39151,0.00191497802734
39152,0.00232887268066
39153,0.00316619873047
39154,0.00253486633301
39155,0.0036563873291
39156,0.0031909942627
39157,0.0
39158,0.0
39159,0.0
39160,0.0
39161,0.0
39162,0.0
39163,0.0
39164,0.0
39165,0.0
39166,0.0
39167,0.0
39168,0.0
39169,0.0
39170,0.000212788581848
39171,0.000212788581848
39172,0.000213980674744
39173,0.000213980674744
39174,1.4066696167e-05
39175,0.000226855278015
39176,0.000456571578979
39177,0.000261783599854
39178,0.000510692596436
39179,0.00104808807373
39180,0.00103378295898
39181,0.00164413452148
39182,0.0018196105957
39183,0.00270462036133
39184,0.00322532653809
39185,0.00259971618652
39186,0.0031623840332
39187,0.00485229492188
39188,0.00587463378906
39189,0.0
39190,0.0
39191,0.0
39192,0.0
39193,0.0
39194,0.0
39195,0.0
39196,0.0
39197,0.0
39198,0.0
39199,0.0
39200,0.0
39201,0.0
39202,0.0
39203,5.96046447754e-07
39204,4.21404838562e-05
39205,4.32729721069e-05
39206,9.11951065063e-05
39207,0.000261783599854
39208,0.000491142272949
39209,0.000668048858643
39210,0.000945091247559
39211,0.00113868713379
39212,0.00184059143066
39213,0.0019474029541
39214,0.00145626068115
39215,0.00219917297363
39216,0.00253868103027
39217,0.00380325317383
39218,0.00305366516113
39219,0.00399780273438
39220,0.00419235229492
39221,0.0
39222,0.0
39223,0.0
39224,0.0
39225,0.0
39226,0.0
39227,0.0
39228,0.0
39229,0.0
39230,0.0
39231,0.0
39232,0.0
39233,1.28746032715e-05
39234,1.72853469849e-06
39235,5.96046447754e-07
39236,1.72853469849e-06
39237,1.15633010864e-05
39238,0.000228047370911
39239,0.000340461730957
39240,0.000751972198486
39241,0.000653743743896
39242,0.000368356704712
39243,0.000807285308838
39244,0.00110530853271
39245,0.000696659088135
39246,0.000771522521973
39247,0.00123596191406
39248,0.00191783905029
39249,0.00202751159668
39250,0.00248527526855
39251,0.00393295288086
39252,0.00327491760254
39253,0.0
39254,0.0
39255,0.0
39256,0.0
39257,0.0
39258,0.0
39259,0.0
39260,0.0
39261,0.0
39262,0.0
39263,0.0
39264,0.0
39265,1.23381614685e-05
39266,4.92930412292e-05
39267,5.96046447754e-07
39268,5.10215759277e-05
39269,0.000113785266876
39270,0.000162482261658
39271,0.000212073326111
39272,0.0002201795578
39273,0.000428676605225
39274,0.000692367553711
39275,0.000522613525391
39276,0.00123882293701
39277,0.00148582458496
39278,0.000818729400635
39279,0.00210571289062
39280,0.0020637512207
39281,0.0024242401123
39282,0.00189304351807
39283,0.00301551818848
39284,0.00345611572266
39285,0.0
39286,0.0
39287,0.0
39288,0.0
39289,0.0
39290,0.0
39291,0.0
39292,0.0
39293,0.0
39294,0.0
39295,4.92930412292e-05
39296,0.000184774398804
39297,0.000221729278564
39298,0.000147819519043
39299,5.10215759277e-05
39300,8.79168510437e-05
39301,0.000181078910828
39302,6.59823417664e-05
39303,8.46385955811e-05
39304,0.000147938728333
39305,5.59687614441e-05
39306,0.00037145614624
39307,0.000416278839111
39308,0.000926494598389
39309,0.000845909118652
39310,0.00154209136963
39311,0.00182819366455
39312,0.000857353210449
39313,0.00141525268555
39314,0.00246047973633
39315,0.00213813781738
39316,0.00145149230957
39317,0.0
39318,0.0
39319,0.0
39320,0.0
39321,0.0
39322,0.0
39323,0.0
39324,0.0
39325,0.0
39326,0.0
39327,0.0
39328,0.0
39329,0.0
39330,0.000212788581848
39331,0.000225186347961
39332,0.000308275222778
39333,0.00023090839386
39334,0.000259637832642
39335,0.000434398651123
39336,0.000308513641357
39337,0.000284433364868
39338,0.000435590744019
39339,0.000351428985596
39340,0.000980377197266
39341,0.00109767913818
39342,0.0013484954834
39343,0.00139999389648
39344,0.0013952255249
39345,0.00216674804688
39346,0.00222206115723
39347,0.00263786315918
39348,0.00281715393066
39349,0.0
39350,0.0
39351,0.0
39352,0.0
39353,0.0
39354,0.0
39355,0.0
39356,0.0
39357,0.0
39358,0.0
39359,0.0
39360,0.0
39361,5.96046447754e-07
39362,2.521276474e-05
39363,2.58088111877e-05
39364,5.78165054321e-06
39365,4.96506690979e-05
39366,4.96506690979e-05
39367,9.83476638794e-06
39368,5.01871109009e-05
39369,0.00027060508728
39370,0.000275611877441
39371,0.000284433364868
39372,0.000854969024658
39373,0.000347375869751
39374,0.000448226928711
39375,0.00103855133057
39376,0.00132942199707
39377,0.00164318084717
39378,0.00242042541504
39379,0.00271034240723
39380,0.00304222106934
39381,0.0
39382,0.0
39383,0.0
39384,0.0
39385,0.0
39386,0.0
39387,0.0
39388,0.0
39389,0.0
39390,0.0
39391,0.0
39392,0.0
39393,0.0
39394,0.0
39395,1.72853469849e-06
39396,0.0
39397,0.000213384628296
39398,8.10623168945e-06
39399,0.00053071975708
39400,0.000475645065308
39401,0.000333070755005
39402,0.000271320343018
39403,0.000772953033447
39404,0.00171661376953
39405,0.00189685821533
39406,0.00218391418457
39407,0.00181770324707
39408,0.00120258331299
39409,0.00159740447998
39410,0.00215148925781
39411,0.00217247009277
39412,0.00214767456055
39413,0.0
39414,0.0
39415,0.0
39416,0.0
39417,0.0
39418,0.0
39419,0.0
39420,0.0
39421,0.0
39422,0.0
39423,0.0
39424,0.0
39425,0.0
39426,0.0
39427,0.0
39428,1.23381614685e-05
39429,1.34706497192e-05
39430,5.50150871277e-05
39431,2.80737876892e-05
39432,0.000253200531006
39433,0.000300645828247
39434,0.000352621078491
39435,0.000502586364746
39436,0.000932216644287
39437,0.00150585174561
39438,0.00156116485596
39439,0.00181484222412
39440,0.00223731994629
39441,0.00235366821289
39442,0.00295257568359
39443,0.00310897827148
39444,0.00468444824219
39445,0.0
39446,0.0
39447,0.0
39448,0.0
39449,0.0
39450,0.0
39451,0.0
39452,0.0
39453,0.0
39454,0.0
39455,0.0
39456,0.0
39457,0.0
39458,1.23381614685e-05
39459,0.0
39460,5.18560409546e-06
39461,1.72853469849e-06
39462,6.91413879395e-06
39463,6.91413879395e-06
39464,4.38690185547e-05
39465,0.000105261802673
39466,0.000219702720642
39467,0.000483512878418
39468,0.000321865081787
39469,0.000472784042358
39470,0.0014181137085
39471,0.00190353393555
39472,0.000794887542725
39473,0.00201797485352
39474,0.00190353393555
39475,0.00274658203125
39476,0.00277709960938
39477,0.0
39478,0.0
39479,0.0
39480,0.0
39481,0.0
39482,0.0
39483,0.0
39484,0.0
39485,0.0
39486,0.0
39487,0.0
39488,0.0
39489,0.0
39490,0.0
39491,0.0
39492,5.78165054321e-06
39493,5.18560409546e-06
39494,1.92523002625e-05
39495,7.17639923096e-05
39496,1.96099281311e-05
39497,0.000241041183472
39498,0.000472068786621
39499,0.000995635986328
39500,0.00104999542236
39501,0.00138378143311
39502,0.00165176391602
39503,0.00151824951172
39504,0.00141906738281
39505,0.00200080871582
39506,0.00238800048828
39507,0.00278091430664
39508,0.00332069396973
39509,0.0
39510,0.0
39511,0.0
39512,0.0
39513,0.0
39514,0.0
39515,0.0
39516,0.0
39517,0.0
39518,0.0
39519,0.0
39520,0.0
39521,0.0
39522,0.0
39523,0.0
39524,0.0
39525,5.96046447754e-07
39526,4.21404838562e-05
39527,8.42809677124e-05
39528,0.00037956237793
39529,0.00025749206543
39530,0.00054931640625
39531,0.000497341156006
39532,0.000296592712402
39533,0.000515460968018
39534,0.000979423522949
39535,0.0017204284668
39536,0.00208282470703
39537,0.00207901000977
39538,0.00263404846191
39539,0.00308036804199
39540,0.00334930419922
39541,0.0
39542,0.0
39543,0.0
39544,0.0
39545,0.0
39546,0.0
39547,0.0
39548,0.0
39549,0.0
39550,0.0
39551,0.0
39552,0.0
39553,5.96046447754e-07
39554,0.000213384628296
39555,0.000212788581848
39556,1.13248825073e-06
39557,1.15633010864e-05
39558,2.38418579102e-05
39559,1.98483467102e-05
39560,0.000232458114624
39561,0.000273942947388
39562,0.00101375579834
39563,0.00169277191162
39564,0.0015344619751
39565,0.000725269317627
39566,0.00129222869873
39567,0.00244331359863
39568,0.00232887268066
39569,0.00319480895996
39570,0.00296783447266
39571,0.00289916992188
39572,0.00312232971191
39573,0.0
39574,0.0
39575,0.0
39576,0.0
39577,0.0
39578,0.0
39579,0.0
39580,0.0
39581,0.0
39582,0.0
39583,0.0
39584,0.0
39585,0.0
39586,0.0
39587,5.96046447754e-07
39588,2.33054161072e-05
39589,6.91413879395e-06
39590,5.19156455994e-05
39591,1.32918357849e-05
39592,2.13384628296e-05
39593,0.00062370300293
39594,0.000634670257568
39595,0.0015344619751
39596,0.00160598754883
39597,0.00192832946777
39598,0.0019006729126
39599,0.00195121765137
39600,0.00210762023926
39601,0.00268173217773
39602,0.0026969909668
39603,0.00333786010742
39604,0.00375175476074
39605,0.0
39606,0.0
39607,0.0
39608,0.0
39609,0.0
39610,0.0
39611,0.0
39612,0.0
39613,0.0
39614,0.0
39615,0.0
39616,0.0
39617,0.0
39618,0.0
39619,1.23381614685e-05
39620,0.000212788581848
39621,0.000212788581848
39622,0.000212788581848
39623,0.000680923461914
39624,0.000895023345947
39625,0.00106906890869
39626,0.00112628936768
39627,0.00104522705078
39628,0.00132846832275
39629,0.00153160095215
39630,0.00110912322998
39631,0.0012035369873
39632,0.00178623199463
39633,0.00242805480957
39634,0.00220108032227
39635,0.00153636932373
39636,0.00241661071777
39637,0.0
39638,0.0
39639,0.0
39640,0.0
39641,0.0
39642,0.0
39643,0.0
39644,0.0
39645,0.0
39646,0.0
39647,0.0
39648,0.0
39649,0.0
39650,9.85264778137e-05
39651,6.16312026978e-05
39652,7.39097595215e-05
39653,1.34706497192e-05
39654,1.28746032715e-05
39655,6.37769699097e-06
39656,0.000228643417358
39657,0.000427961349487
39658,0.000547885894775
39659,0.000811100006104
39660,0.00114059448242
39661,0.00118350982666
39662,0.000990867614746
39663,0.00133037567139
39664,0.00187206268311
39665,0.00161552429199
39666,0.00273704528809
39667,0.00311088562012
39668,0.00326919555664
39669,0.0
39670,0.0
39671,0.0
39672,0.0
39673,0.0
39674,0.0
39675,0.0
39676,0.0
39677,0.0
39678,0.0
39679,0.0
39680,0.0
39681,0.0
39682,0.0
39683,1.23381614685e-05
39684,1.28746032715e-05
39685,6.07967376709e-05
39686,6.42538070679e-05
39687,0.000103533267975
39688,0.000324964523315
39689,0.000309228897095
39690,0.000357389450073
39691,0.000500679016113
39692,0.000553131103516
39693,0.00145626068115
39694,0.00148010253906
39695,0.00178909301758
39696,0.00170135498047
39697,0.0018949508667
39698,0.00271034240723
39699,0.00353622436523
39700,0.00372695922852
39701,0.0
39702,0.0
39703,0.0
39704,0.0
39705,0.0
39706,0.0
39707,0.0
39708,0.0
39709,0.0
39710,0.0
39711,0.0
39712,0.0
39713,5.96046447754e-07
39714,5.96046447754e-07
39715,1.34706497192e-05
39716,0.000112593173981
39717,0.000399827957153
39718,0.000102341175079
39719,0.000399351119995
39720,0.000334501266479
39721,0.000490665435791
39722,0.000852584838867
39723,0.00101470947266
39724,0.00111293792725
39725,0.00121402740479
39726,0.00175189971924
39727,0.00210571289062
39728,0.00247955322266
39729,0.00407791137695
39730,0.00389289855957
39731,0.00402450561523
39732,0.0030574798584
39733,0.0
39734,0.0
39735,0.0
39736,0.0
39737,0.0
39738,0.0
39739,0.0
39740,0.0
39741,0.0
39742,0.0
39743,0.0
39744,0.0
39745,0.0
39746,0.0
39747,1.23381614685e-05
39748,1.23381614685e-05
39749,2.46167182922e-05
39750,3.69548797607e-05
39751,0.000450849533081
39752,0.000432014465332
39753,0.000621318817139
39754,0.000655651092529
39755,0.00121879577637
39756,0.000740051269531
39757,0.00107860565186
39758,0.00135231018066
39759,0.00263214111328
39760,0.00250816345215
39761,0.0023193359375
39762,0.00282859802246
39763,0.00234222412109
39764,0.00271034240723
39765,0.0
39766,0.0
39767,0.0
39768,0.0
39769,0.0
39770,0.0
39771,0.0
39772,0.0
39773,0.0
39774,1.23381614685e-05
39775,1.23381614685e-05
39776,0.0
39777,0.0
39778,0.0
39779,5.96046447754e-07
39780,2.98023223877e-05
39781,2.63452529907e-05
39782,3.27229499817e-05
39783,3.33189964294e-05
39784,9.94801521301e-05
39785,7.63535499573e-05
39786,0.000380754470825
39787,0.000320911407471
39788,0.000631809234619
39789,0.000790596008301
39790,0.00110816955566
39791,0.00132369995117
39792,0.00211906433105
39793,0.00146198272705
39794,0.00149726867676
39795,0.00241279602051
39796,0.00348281860352
39797,0.0
39798,0.0
39799,0.0
39800,0.0
39801,0.0
39802,0.0
39803,0.0
39804,0.0
39805,0.0
39806,0.0
39807,0.0
39808,0.0
39809,0.0
39810,0.0
39811,0.0
39812,4.21404838562e-05
39813,0.000272512435913
39814,0.000259637832642
39815,0.000130414962769
39816,8.65459442139e-05
39817,0.000268459320068
39818,0.000511646270752
39819,0.00112628936768
39820,0.00122165679932
39821,0.00125789642334
39822,0.00196838378906
39823,0.00139236450195
39824,0.00189018249512
39825,0.00232696533203
39826,0.00299644470215
39827,0.0032901763916
39828,0.00349998474121
39829,0.0
39830,0.0
39831,0.0
39832,0.0
39833,0.0
39834,0.0
39835,0.0
39836,0.0
39837,0.0
39838,0.0
39839,0.0
39840,0.0
39841,0.0
39842,5.96046447754e-07
39843,1.13248825073e-06
39844,1.13248825073e-06
39845,6.91413879395e-06
39846,2.21133232117e-05
39847,1.80602073669e-05
39848,8.35061073303e-05
39849,4.24981117249e-05
39850,0.000344753265381
39851,0.000429153442383
39852,0.000844478607178
39853,0.00109672546387
39854,0.00138473510742
39855,0.000906467437744
39856,0.000900268554688
39857,0.00107669830322
39858,0.00113296508789
39859,0.00119113922119
39860,0.00190162658691
39861,0.0
39862,0.0
39863,0.0
39864,0.0
39865,0.0
39866,0.0
39867,0.0
39868,0.0
39869,0.0
39870,0.0
39871,0.0
39872,0.0
39873,0.0
39874,0.0
39875,0.0
39876,5.96046447754e-07
39877,6.91413879395e-06
39878,1.92523002625e-05
39879,0.000220894813538
39880,0.000458717346191
39881,0.000539779663086
76637,0.00161552429199
76638,0.00234985351562
76640,0.00325393676758
76641,0.00245475769043
76642,0.00348281860352
76643,0.00328254699707
76644,0.00302505493164
76645,0.0
76646,0.0
76647,0.0
76648,0.0
76649,0.0
76650,0.0
76651,0.0
76652,0.0
76653,0.0
76654,0.0
76655,0.0
76656,0.0
76657,0.0
76658,0.0
76659,0.0
76660,0.00022566318512
76661,0.000226259231567
76662,0.000226259231567
76663,0.000298738479614
76664,0.000505447387695
76665,0.00116920471191
76666,0.00161457061768
76667,0.00146389007568
76668,0.00124263763428
76669,0.00193500518799
76670,0.0024471282959
76671,0.0028190612793
76672,0.0037841796875
76673,0.00423431396484
76674,0.00512313842773
76675,0.00524139404297
76676,0.00533294677734
76677,0.0
76678,0.0
76679,0.0
76680,0.0
76681,0.0
76682,0.0
76683,0.0
76684,0.0
76685,0.0
76686,0.0
76687,0.0
76688,0.0
76689,0.0
76690,0.0
76691,5.96046447754e-07
76692,8.36849212646e-05
76693,4.2736530304e-05
76694,0.000351428985596
76695,6.36577606201e-05
76696,0.000108122825623
76697,0.000638961791992
76698,0.0010347366333
76699,0.000682353973389
76700,0.00150489807129
76701,0.00184631347656
76702,0.00221824645996
76703,0.00296783447266
76704,0.00242805480957
76705,0.0031852722168
76706,0.00327110290527
76707,0.00408554077148
76708,0.00457000732422
76709,0.0
76710,0.0
76711,0.0
76712,0.0
76713,0.0
76714,0.0
76715,0.0
76716,0.0
76717,0.0
76718,0.0
76719,0.0
76720,0.0
76721,0.0
76722,0.0
76723,5.96046447754e-07
76724,1.13248825073e-06
76725,5.96046447754e-07
76726,6.91413879395e-06
76727,0.000222563743591
76728,0.000265836715698
76729,0.000285625457764
76730,0.000376224517822
76731,0.00106811523438
76732,0.0011568069458
76733,0.00170421600342
76734,0.00179004669189
76735,0.00205039978027
76736,0.00169467926025
76737,0.00282859802246
76738,0.00300788879395
76739,0.00410079956055
76740,0.00347328186035
76741,0.0
76742,0.0
76743,0.0
76744,0.0
76745,0.0
76746,0.0
76747,0.0
76748,0.0
76749,0.0
76750,0.0
76751,0.0
76752,0.0
76753,0.0
76754,5.18560409546e-06
76755,5.18560409546e-06
76756,5.96046447754e-07
76757,0.000215172767639
76758,0.000268220901489
76759,5.01871109009e-05
76760,6.42538070679e-05
76761,7.23600387573e-05
76762,0.000310897827148
76763,3.05771827698e-05
76764,0.000550270080566
76765,0.000909805297852
76766,0.00163173675537
76767,0.00224876403809
76768,0.00333023071289
76769,0.00379753112793
76770,0.00347900390625
76771,0.00276565551758
76772,0.00402450561523
76773,0.0
76774,0.0
76775,0.0
76776,0.0
76777,0.0
76778,0.0
76779,0.0
76780,0.0
76781,0.0
76782,0.0
76783,0.0
76784,0.0
76785,5.96046447754e-07
76786,5.96046447754e-07
76787,1.13248825073e-06
76788,1.4066696167e-05
76789,4.32729721069e-05
76790,0.000266790390015
76791,0.000268459320068
76792,0.000978469848633
76793,0.000512599945068
76794,0.00135612487793
76795,0.000823497772217
76796,0.00125503540039
76797,0.00170803070068
76798,0.00250816345215
76799,0.00194358825684
76800,0.0024242401123
76801,0.00276184082031
76802,0.00341987609863
76803,0.00405120849609
76804,0.00466537475586
76805,0.0
76806,0.0
76807,0.0
76808,0.0
76809,0.0
76810,0.0
76811,0.0
76812,0.0
76813,0.0
76814,0.0
76815,0.0
76816,0.0
76817,0.0
76818,0.0
76819,0.0
76820,0.0
76821,5.96046447754e-07
76822,6.91413879395e-06
76823,4.58955764771e-06
76824,0.000224947929382
76825,0.000444173812866
76826,0.000700950622559
76827,0.000877380371094
76828,0.000807762145996
76829,0.000810623168945
76830,0.00127220153809
76831,0.00180721282959
76832,0.00181484222412
76833,0.00159358978271
76834,0.00186347961426
76835,0.00260925292969
76836,0.00349426269531
76837,0.0
76838,0.0
76839,0.0
76840,0.0
76841,0.0
76842,0.0
76843,0.0
76844,0.0
76845,0.0
76846,0.0
76847,0.0
76848,0.0
76849,0.0
76850,5.96046447754e-07
76851,2.58088111877e-05
76852,1.460313797e-05
76853,7.79628753662e-05
76854,0.000177025794983
76855,0.00014591217041
76856,0.000500679016113
76857,0.000836849212646
76858,0.00109577178955
76859,0.00150775909424
76860,0.00171947479248
76861,0.00274467468262
76862,0.00228309631348
76863,0.00232315063477
76864,0.0026912689209
76865,0.00326347351074
76866,0.00382804870605
76867,0.00382614135742
76868,0.00369834899902
76869,0.0
76870,0.0
76871,0.0
76872,0.0
76873,0.0
76874,0.0
76875,0.0
76876,0.0
76877,0.0
76878,0.0
76879,0.0
76880,0.0
76881,0.0
76882,0.0
76883,0.0
76884,1.13248825073e-06
76885,2.86102294922e-06
76886,0.000506401062012
76887,0.000688076019287
76888,0.000912666320801
76889,0.000687122344971
76890,0.00113487243652
76891,0.00109004974365
76892,0.000874996185303
76893,0.00133228302002
76894,0.00145816802979
76895,0.00180816650391
76896,0.00240516662598
76897,0.00321388244629
76898,0.00383567810059
76899,0.00449752807617
76900,0.00424957275391
76901,0.0
76902,0.0
76903,0.0
76904,0.0
76905,0.0
76906,0.0
76907,0.0
76908,0.0
76909,0.0
76910,0.0
76911,0.0
76912,0.0
76913,0.0
76914,0.0
76915,1.13248825073e-06
76916,2.32458114624e-06
76917,2.32458114624e-06
76918,1.72853469849e-06
76919,5.07831573486e-05
76920,0.000263690948486
76921,0.000490188598633
76922,0.000999450683594
76923,0.00116539001465
76924,0.0014820098877
76925,0.00164794921875
76926,0.00239372253418
76927,0.00262832641602
76928,0.00371170043945
76929,0.00335502624512
76930,0.00447082519531
76931,0.00487899780273
76932,0.00493240356445
76933,0.0
76934,0.0
76935,0.0
76936,0.0
76937,0.0
76938,0.0
76939,0.0
76940,0.0
76941,0.0
76942,0.0
76943,0.0
76944,0.0
76945,0.0
76946,1.23381614685e-05
76947,1.28746032715e-05
76948,5.96046447754e-07
76949,1.34706497192e-05
76950,0.000167965888977
76951,1.13248825073e-06
76952,3.45706939697e-06
76953,0.000264167785645
76954,0.000478029251099
76955,0.000264644622803
76956,0.000319480895996
76957,0.000344038009644
76958,0.000350475311279
76959,0.000527858734131
76960,0.000999450683594
76961,0.00211334228516
76962,0.00243759155273
76963,0.00302505493164
76964,0.00297737121582
76965,0.0
76966,0.0
76967,0.0
76968,0.0
76969,0.0
76970,0.0
76971,0.0
76972,0.0
76973,0.0
76974,0.0
76975,0.0
76976,0.0
76977,0.0
76978,1.23381614685e-05
76979,0.000212788581848
76980,0.00022566318512
76981,0.000426769256592
76982,0.000468969345093
76983,0.000513553619385
76984,0.000513553619385
76985,0.000533103942871
76986,0.000388383865356
76987,0.000636577606201
76988,0.000926494598389
76989,0.00119495391846
76990,0.00133895874023
76991,0.00209808349609
76992,0.00251579284668
76993,0.00282096862793
76994,0.0028247833252
76995,0.00345230102539
76996,0.00410079956055
76997,0.0
76998,0.0
76999,0.0
77000,0.0
77001,0.0
77002,0.0
77003,0.0
77004,0.0
77005,0.0
77006,0.0
77007,0.0
77008,0.0
77009,0.0
77010,0.0
77011,0.0
77012,0.0
77013,1.28746032715e-05
77014,0.000308752059937
77015,0.000468254089355
77016,0.000763893127441
77017,0.00119209289551
77018,0.00124645233154
77019,0.0012674331665
77020,0.00211906433105
77021,0.00215911865234
77022,0.00173568725586
77023,0.00267028808594
77024,0.00205612182617
77025,0.00315284729004
77026,0.00391006469727
77027,0.00391006469727
77028,0.00370407104492
77029,0.0
77030,0.0
77031,0.0
77032,0.0
77033,0.0
77034,0.0
77035,0.0
77036,0.0
77037,0.0
77038,0.0
77039,0.0
77040,0.0
77041,0.0
77042,0.0
77043,1.13248825073e-06
77044,6.37769699097e-06
77045,0.000215172767639
77046,7.5101852417e-06
77047,8.77380371094e-05
77048,0.000259637832642
77049,0.000278234481812
77050,0.000514030456543
77051,0.000468969345093
77052,0.000617027282715
77053,0.00055980682373
77054,0.00149250030518
77055,0.00193214416504
77056,0.00199508666992
77057,0.00195217132568
77058,0.00359344482422
77059,0.0039005279541
77060,0.00324821472168
77061,0.0
77062,0.0
77063,0.0
77064,0.0
77065,0.0
77066,0.0
77067,0.0
77068,0.0
77069,0.0
77070,0.0
77071,0.0
77072,0.0
77073,5.96046447754e-07
77074,0.0
77075,1.28746032715e-05
77076,0.000345230102539
77077,0.00035834312439
77078,0.000948429107666
77079,0.000603199005127
77080,0.000916481018066
77081,0.00100421905518
77082,0.000692844390869
77083,0.00129222869873
77084,0.000517845153809
77085,0.00163555145264
77086,0.00193405151367
77087,0.00189971923828
77088,0.00204849243164
77089,0.0023365020752
77090,0.00292778015137
77091,0.00339317321777
77092,0.00424957275391
77093,0.0
77094,0.0
77095,0.0
77096,0.0
77097,0.0
77098,0.0
77099,0.0
77100,0.0
77101,0.0
77102,0.0
77103,0.0
77104,0.0
77105,1.23381614685e-05
77106,3.69548797607e-05
77107,6.21676445007e-05
77108,9.96589660645e-05
77109,5.67436218262e-05
77110,7.79628753662e-05
77111,0.000511169433594
77112,0.000557899475098
77113,0.000807285308838
77114,0.000580310821533
77115,0.00107574462891
77116,0.00148296356201
77117,0.00188541412354
77118,0.00231170654297
77119,0.00275993347168
77120,0.00355529785156
77121,0.00360488891602
77122,0.00333404541016
77123,0.00452041625977
77124,0.00431442260742
77125,0.0
77126,0.0
77127,0.0
77128,0.0
77129,0.0
77130,0.0
77131,0.0
77132,0.0
77133,0.0
77134,0.0
77135,0.0
77136,0.0
77137,0.0
77138,0.0
77139,1.23381614685e-05
77140,1.28746032715e-05
77141,1.28746032715e-05
77142,3.80873680115e-05
77143,0.00019371509552
77144,0.000447273254395
77145,0.000282764434814
77146,0.0010347366333
77147,0.00156784057617
77148,0.0021858215332
77149,0.00246620178223
77150,0.00314521789551
77151,0.00325393676758
77152,0.00345420837402
77153,0.00357437133789
77154,0.00469207763672
77155,0.00448989868164
77156,0.00569152832031
77157,0.0
77158,0.0
77159,0.0
77160,0.0
77161,0.0
77162,0.0
77163,0.0
77164,0.0
77165,0.0
77166,0.0
77167,0.0
77168,0.0
77169,0.0
77170,2.46167182922e-05
77171,5.96046447754e-07
77172,1.72853469849e-06
77173,1.13248825073e-06
77174,2.58088111877e-05
77175,0.000453233718872
77176,0.000431299209595
77177,0.000432014465332
77178,0.000479221343994
77179,0.00112628936768
77180,0.00138187408447
77181,0.00144290924072
77182,0.00146961212158
77183,0.00187492370605
77184,0.00262069702148
77185,0.00263595581055
77186,0.00279426574707
77187,0.00328063964844
77188,0.00323867797852
77189,0.0
77190,0.0
77191,0.0
77192,0.0
77193,0.0
77194,0.0
77195,0.0
77196,0.0
77197,0.0
77198,0.0
77199,0.0
77200,0.0
77201,0.0
77202,0.0
77203,0.000212788581848
77204,0.00022566318512
77205,0.000226855278015
77206,0.000231504440308
77207,0.000632286071777
77208,0.000454902648926
77209,0.00077486038208
77210,0.00064754486084
77211,0.000580310821533
77212,0.00106906890869
77213,0.00127983093262
77214,0.00191116333008
77215,0.00288391113281
77216,0.00274848937988
77217,0.00341796875
77218,0.00472259521484
77219,0.00410079956055
77220,0.00420761108398
77221,0.0
77222,0.0
77223,0.0
77224,0.0
77225,0.0
77226,0.0
77227,0.0
77228,0.0
77229,0.0
77230,0.0
77231,0.0
77232,0.0
77233,0.0
77234,0.0
77235,0.0
77236,0.000212788581848
77237,0.000639915466309
77238,0.000852584838867
77239,0.00106716156006
77240,0.00128078460693
77241,0.00161838531494
77242,0.00264167785645
77243,0.00266075134277
77244,0.00300598144531
77245,0.00229644775391
77246,0.00275230407715
77247,0.00286865234375
77248,0.00423812866211
77249,0.00390625
77250,0.00394821166992
77251,0.00445938110352
77252,0.00394439697266
77253,0.0
77254,0.0
77255,0.0
77256,0.0
77257,0.0
77258,0.0
77259,0.0
77260,0.0
77261,0.0
77262,0.0
77263,0.0
77264,0.0
77265,0.0
77266,5.96046447754e-07
77267,1.72853469849e-06
77268,2.32458114624e-06
77269,1.13248825073e-06
77270,1.4066696167e-05
77271,0.000216245651245
77272,0.000270128250122
77273,0.00026535987854
77274,0.000135660171509
77275,0.000604152679443
77276,0.00074291229248
77277,0.00190830230713
77278,0.0014066696167
77279,0.00214958190918
77280,0.00326728820801
77281,0.00394058227539
77282,0.00398254394531
77283,0.00454330444336
77284,0.00492858886719
77285,0.0
77286,0.0
77287,0.0
77288,0.0
77289,0.0
77290,0.0
77291,0.0
77292,0.0
77293,0.0
77294,0.0
77295,0.0
77296,0.0
77297,0.0
77298,0.0
77299,1.23381614685e-05
77300,0.0
77301,0.000226259231567
77302,6.73532485962e-05
77303,0.000268459320068
77304,0.000335693359375
77305,0.000238418579102
77306,0.000722885131836
77307,0.000843524932861
77308,0.00100231170654
77309,0.000628471374512
77310,0.00100040435791
77311,0.00149154663086
77312,0.00217437744141
77313,0.00209045410156
77314,0.00265502929688
77315,0.00265884399414
77316,0.00365447998047
77317,0.0
77318,0.0
77319,0.0
77320,0.0
77321,0.0
77322,0.0
77323,0.0
77324,0.0
77325,0.0
77326,0.0
77327,0.0
77328,0.0
77329,5.18560409546e-06
77330,5.78165054321e-06
77331,5.78165054321e-06
77332,5.78165054321e-06
77333,5.96046447754e-07
77334,6.91413879395e-06
77335,0.000216245651245
77336,0.000688076019287
77337,0.000784397125244
77338,0.00084924697876
77339,0.000576496124268
77340,0.000769138336182
77341,0.000741481781006
77342,0.00110721588135
77343,0.00205421447754
77344,0.00271034240723
77345,0.00348281860352
77346,0.00362205505371
77347,0.00420761108398
77348,0.00453567504883
77349,0.0
77350,0.0
77351,0.0
77352,0.0
77353,0.0
77354,0.0
77355,0.0
77356,0.0
77357,0.0
77358,0.0
77359,0.0
77360,0.0
77361,0.0
77362,0.0
77363,0.0
77364,1.72853469849e-06
77365,2.32458114624e-06
77366,9.25660133362e-05
77367,0.000319480895996
77368,0.000608444213867
77369,0.0015115737915
77370,0.00165367126465
77371,0.00170707702637
77372,0.00171566009521
77373,0.00210952758789
77374,0.00199699401855
77375,0.00332450866699
77376,0.00363540649414
77377,0.00379753112793
77378,0.00351142883301
77379,0.00411224365234
77380,0.00526809692383
77381,0.0
77382,0.0
77383,0.0
77384,0.0
77385,0.0
77386,0.0
77387,0.0
77388,0.0
77389,0.0
77390,0.0
77391,0.0
77392,0.0
77393,0.0
77394,0.0
77395,0.0
77396,1.34706497192e-05
77397,3.80873680115e-05
77398,3.981590271e-05
77399,2.69412994385e-05
77400,0.000318288803101
77401,0.000309944152832
77402,0.000476360321045
77403,0.000760555267334
77404,0.00102806091309
77405,0.001877784729
77406,0.00184345245361
77407,0.00328826904297
77408,0.00275993347168
77409,0.00272178649902
77410,0.00437927246094
77411,0.00405502319336
77412,0.00418090820312
77413,0.0
77414,0.0
77415,0.0
77416,0.0
77417,0.0
77418,0.0
77419,0.0
77420,0.0
77422,0.0
77423,0.0
77424,0.0
77425,0.0
77426,0.0
77427,0.000213384628296
77428,0.000213384628296
77429,0.000425577163696
77430,1.13248825073e-06
77431,4.44650650024e-05
77432,0.000687122344971
77433,0.000859260559082
77434,0.00111198425293
77435,0.00132751464844
77436,0.00110721588135
77437,0.00129985809326
77438,0.00162982940674
77439,0.00188064575195
77440,0.00245666503906
77441,0.00221824645996
77442,0.00265502929688
77443,0.00414276123047
77444,0.00400161743164
77445,0.00403213500977
77446,0.0
77447,0.0
77448,0.0
77449,0.0
77450,0.0
77451,0.0
77452,0.0
77453,0.0
77454,0.0
77455,0.0
77456,0.0
77457,0.0
77458,0.0
77459,0.0
77460,5.96046447754e-07
77461,1.34706497192e-05
77462,0.000439643859863
77463,0.000651359558105
77464,0.000664710998535
77465,0.000730991363525
77466,0.000650405883789
77467,0.000497341156006
77468,0.000758171081543
77469,0.0010461807251
77470,0.00116157531738
77471,0.00129127502441
77472,0.00156307220459
77473,0.00115013122559
77474,0.0012378692627
77475,0.00260162353516
77476,0.00202941894531
77477,0.00254821777344
77478,0.0
77479,0.0
77480,0.0
77481,0.0
77482,0.0
77483,0.0
77484,0.0
77485,0.0
77486,0.0
77487,0.0
77488,0.0
77489,0.0
77490,0.0
77491,1.23381614685e-05
77492,1.28746032715e-05
77493,1.28746032715e-05
77494,1.86562538147e-05
77495,1.15633010864e-05
77496,3.48091125488e-05
77497,0.000226616859436
77498,0.000452995300293
77499,0.000496387481689
77500,6.9260597229e-05
77501,0.000298976898193
77502,0.00095796585083
77503,0.00222969055176
77504,0.00212287902832
77505,0.00263786315918
77506,0.00238037109375
77507,0.00379943847656
77508,0.00332832336426
77509,0.00331878662109
77510,0.0
77511,0.0
77512,0.0
77513,0.0
77514,0.0
77515,0.0
77516,0.0
77517,0.0
77518,0.0
77519,0.0
77520,0.0
77521,0.0
77522,0.0
77523,0.0
77524,5.96046447754e-07
77525,1.28746032715e-05
77526,5.96046447754e-07
77527,2.86102294922e-06
77528,4.96506690979e-05
77529,9.17911529541e-05
77530,4.85181808472e-05
77531,0.000485181808472
77532,0.000795364379883
77533,0.00125217437744
77534,0.00138664245605
77535,0.00198173522949
77536,0.00162887573242
77537,0.00237464904785
77538,0.00205993652344
77539,0.00418472290039
77540,0.00443267822266
77541,0.00448608398438
77542,0.0
77543,0.0
77544,0.0
77545,0.0
77546,0.0
77547,0.0
77548,0.0
77549,0.0
77550,0.0
77551,0.0
77552,0.0
77553,0.0
77554,5.96046447754e-07
77555,0.0
77556,2.32458114624e-06
77557,1.13248825073e-06
77558,0.000426769256592
77559,0.00042724609375
77560,0.000215649604797
77561,0.000214576721191
77562,0.000859260559082
77563,0.000901222229004
77564,0.00134086608887
77565,0.00193309783936
77566,0.00224304199219
77567,0.00278663635254
77568,0.00260925292969
77569,0.00290107727051
77570,0.00339889526367
77571,0.00410461425781
77572,0.0038890838623
77573,0.00429534912109
77574,0.0
77575,0.0
77576,0.0
77577,0.0
77578,0.0
77579,0.0
77580,0.0
77581,0.0
77582,0.0
77583,0.0
77584,0.0
77585,0.0
77586,1.23381614685e-05
77587,6.21676445007e-05
77588,1.72853469849e-06
77589,1.72853469849e-06
77590,1.72853469849e-06
77591,0.000226855278015
77592,0.000442504882812
77593,0.000484228134155
77594,0.00118064880371
77595,0.0010814666748
77596,0.00119113922119
77597,0.0014705657959
77598,0.00198173522949
77599,0.00190353393555
77600,0.00238990783691
77601,0.00335884094238
77602,0.0031681060791
77603,0.00325012207031
77604,0.00334739685059
77605,0.00421905517578
77606,0.0
77607,0.0
77608,0.0
77609,0.0
77610,0.0
77611,0.0
77612,0.0
77613,0.0
77614,0.0
77615,0.0
77616,0.0
77617,0.0
77618,0.0
77619,0.000212788581848
77620,0.000213384628296
77621,0.000212788581848
77622,0.000213384628296
77623,0.000213384628296
77624,0.000426769256592
77625,0.000216245651245
77626,0.000487089157104
77627,0.000827312469482
77628,0.0012674331665
77629,0.00156688690186
77630,0.00148010253906
77631,0.00124835968018
77632,0.00149250030518
77633,0.00244522094727
77634,0.0029182434082
77635,0.00358963012695
77636,0.00408172607422
77637,0.0042839050293
77638,0.0
77639,0.0
77640,0.0
77641,0.0
77642,0.0
77643,0.0
77644,0.0
77645,0.0
77646,0.0
77647,0.0
77648,0.0
77649,0.0
77650,0.0
77651,0.0
77652,0.0
77653,0.0
77654,0.000213384628296
77655,0.000219702720642
77656,0.000219106674194
77657,0.000233769416809
77658,0.000264167785645
77659,0.00111198425293
77660,0.00132179260254
77661,0.00162982940674
77662,0.00115203857422
77663,0.00223159790039
77664,0.00203323364258
77665,0.00230407714844
77666,0.00206184387207
77667,0.00289344787598
77668,0.00338935852051
77669,0.0039176940918
77670,0.0
77671,0.0
77672,0.0
77673,0.0
77674,0.0
77675,0.0
77676,0.0
77677,0.0
77678,0.0
77679,0.0
77680,0.0
77681,0.0
77682,0.0
77683,0.0
77684,0.0
77685,1.13248825073e-06
77686,2.86102294922e-06
77687,2.86102294922e-06
77688,0.000264167785645
77689,0.000135064125061
77690,0.000325441360474
77691,0.000492095947266
77692,0.000879764556885
77693,0.000668048858643
77694,0.000810623168945
77695,0.00148487091064
77696,0.00182437896729
77697,0.00270080566406
77698,0.00286674499512
77699,0.00381088256836
77700,0.00386810302734
77701,0.00395202636719
77702,0.0
77703,0.0
77704,0.0
77705,0.0
77706,0.0
77707,0.0
77708,0.0
77709,0.0
77710,0.0
77711,0.0
77712,0.0
77713,0.0
77714,5.96046447754e-07
77715,0.0
77716,0.0
77717,0.0
77718,1.72853469849e-06
77719,0.000255584716797
77720,4.32729721069e-05
77721,0.000394344329834
77722,0.00029993057251
77723,0.000685691833496
77724,0.000313282012939
77725,0.000744819641113
77726,0.0010290145874
77727,0.00113391876221
77728,0.00122451782227
77729,0.00164890289307
77730,0.00288581848145
77731,0.00358200073242
77732,0.00387001037598
77733,0.00443649291992
77734,0.0
77735,0.0
77736,0.0
77737,0.0
77738,0.0
77739,0.0
77740,0.0
77741,0.0
77742,0.0
77743,0.0
77744,0.0
77745,0.0
77746,0.0
77747,0.00022566318512
77748,1.28746032715e-05
77749,0.00022566318512
77750,0.000279664993286
77751,0.000226259231567
77752,0.000215172767639
77753,8.42809677124e-05
77754,0.000522136688232
77755,0.000748157501221
77756,0.000959396362305
77757,0.00156307220459
77758,0.00079345703125
77759,0.00199508666992
77760,0.00313568115234
77761,0.00300788879395
77762,0.00403594970703
77763,0.00450134277344
77764,0.00501251220703
77765,0.00566101074219
77766,0.0
77767,0.0
77768,0.0
77769,0.0
77770,0.0
77771,0.0
77772,0.0
77773,0.0
77774,0.0
77775,0.0
77776,0.0
77777,0.0
77778,5.96046447754e-07
77779,5.96046447754e-07
77780,0.0
77781,0.0
77782,0.000213980674744
77783,0.000228047370911
77784,3.45706939697e-06
77785,0.00048303604126
77786,0.00119400024414
77787,0.00158405303955
77788,0.00115776062012
77789,0.00152683258057
77790,0.00161933898926
77791,0.00195121765137
77792,0.00270843505859
77793,0.00295448303223
77794,0.00277137756348
77795,0.00322341918945
77796,0.00363349914551
77797,0.00337600708008
77798,0.0
77799,0.0
77800,0.0
77801,0.0
77802,0.0
77803,0.0
77804,0.0
77805,0.0
77806,0.0
77807,0.0
77808,0.0
77809,0.0
77810,0.0
77811,0.0
77812,5.96046447754e-07
77813,8.48174095154e-05
77814,2.32458114624e-06
77815,5.96046447754e-07
77816,1.72853469849e-06
77817,0.000316858291626
77818,0.000615119934082
77819,0.00040340423584
77820,0.000358819961548
77821,0.000790596008301
77822,0.00100994110107
77823,0.00124168395996
77824,0.00173377990723
77825,0.0019645690918
77826,0.00184631347656
77827,0.00233459472656
77828,0.00289726257324
77829,0.00352668762207
77830,0.0
77831,0.0
77832,0.0
77833,0.0
77834,0.0
77835,0.0
77836,0.0
77837,0.0
77838,0.0
77839,0.0
77840,0.0
77841,0.0
77842,0.0
77843,0.000212788581848
77844,0.000425577163696
77845,0.000430822372437
77846,0.000443696975708
77847,0.000450134277344
77848,0.000652313232422
77849,0.000699996948242
77850,0.000692367553711
77851,0.00139904022217
77852,0.0014762878418
77853,0.00135803222656
77854,0.00166416168213
77855,0.00185298919678
77856,0.00233840942383
77857,0.00154972076416
77858,0.00212097167969
77859,0.00309562683105
77860,0.00351333618164
77861,0.00390625
77862,0.0
77863,0.0
77864,0.0
77865,0.0
77866,0.0
77867,0.0
77868,0.0
77869,0.0
77870,0.0
77871,0.0
77872,0.0
77873,0.0
77874,0.0
77875,0.0
77876,0.0
77877,0.0
77878,0.000225186347961
77879,0.000213384628296
77880,0.000213384628296
77881,0.00042724609375
77882,0.000847339630127
77883,0.000893592834473
77884,0.00127410888672
77885,0.00110626220703
77886,0.00159549713135
77887,0.00177478790283
77888,0.00177669525146
77889,0.00214385986328
77890,0.00243377685547
77891,0.00327110290527
77892,0.00435256958008
77893,0.00490951538086
77894,0.0
77895,0.0
77896,0.0
77897,0.0
77898,0.0
77899,0.0
77900,0.0
77901,0.0
77902,0.0
77903,0.0
77904,0.0
77905,0.0
77906,0.0
77907,0.0
77908,5.18560409546e-06
77909,9.71555709839e-05
77910,4.38690185547e-05
77911,9.77516174316e-05
77912,9.94801521301e-05
77913,0.000139236450195
77914,0.000128746032715
77915,0.000337839126587
77916,0.000804901123047
77917,0.000649929046631
77918,0.000799179077148
77919,0.00126552581787
77920,0.0014476776123
77921,0.00166034698486
77922,0.00265884399414
77923,0.00315856933594
77924,0.00382041931152
77925,0.00419235229492
77926,0.0
77927,0.0
77928,0.0
77929,0.0
77930,0.0
77931,0.0
77932,0.0
77933,0.0
77934,0.0
77935,0.0
77936,0.0
77937,0.0
77938,0.0
77939,5.96046447754e-07
77940,5.96046447754e-07
77941,1.34706497192e-05
77942,0.000213384628296
77943,0.000226855278015
77944,3.45706939697e-06
77945,0.000456094741821
77946,0.000456571578979
77947,0.00026535987854
77948,0.000741004943848
77949,0.0013370513916
77950,0.00131511688232
77951,0.000988006591797
77952,0.00205039978027
77953,0.00324630737305
77954,0.00323104858398
77955,0.00376892089844
77956,0.00483703613281
77957,0.00457382202148
77958,0.0
77959,0.0
77960,0.0
77961,0.0
77962,0.0
77963,0.0
77964,0.0
77965,0.0
77966,0.0
77967,0.0
77968,0.0
77969,0.0
77970,0.0
77971,0.0
77972,1.34706497192e-05
77973,2.32458114624e-06
77974,2.32458114624e-06
77975,1.72853469849e-06
77976,0.000444173812866
77977,0.000230312347412
77978,0.000233173370361
77979,0.000282764434814
77980,0.00117778778076
77981,0.00106811523438
77982,0.00116443634033
77983,0.000855922698975
77984,0.00184440612793
77985,0.00217437744141
77986,0.0018367767334
77987,0.00317192077637
77988,0.00385856628418
77989,0.00445175170898
77990,0.0
77991,0.0
77992,0.0
77993,0.0
77994,0.0
77995,0.0
77996,0.0
77997,0.0
77998,0.0
77999,0.0
78000,0.0
78001,0.0
78002,0.0
78003,0.0
78004,0.0
78005,5.18560409546e-06
78006,0.0
78007,1.72853469849e-06
78008,0.000439643859863
78009,0.000462293624878
78010,0.000522613525391
78011,0.000596523284912
78012,0.000809192657471
78013,0.00164699554443
78014,0.00141906738281
78015,0.00195693969727
78016,0.00254058837891
78017,0.00250053405762
78018,0.00266647338867
78019,0.00303840637207
78020,0.00410461425781
78021,0.00444030761719
78022,0.0
78023,0.0
78024,0.0
78025,0.0
78026,0.0
78027,0.0
78028,0.0
78029,0.0
78030,0.0
78031,0.0
78032,0.0
78033,0.0
78034,1.23381614685e-05
78035,0.0
78036,0.0
78037,4.21404838562e-05
78038,0.0
78039,1.72853469849e-06
78040,4.90546226501e-05
78041,7.65919685364e-05
78042,0.000492095947266
78043,0.00124645233154
78044,0.00143814086914
78045,0.00235939025879
78046,0.00235176086426
78047,0.00183010101318
78048,0.00257873535156
78049,0.00283622741699
78050,0.00386810302734
78051,0.00460815429688
78052,0.00482559204102
78053,0.00529479980469
78054,0.0
78055,0.0
78056,0.0
78057,0.0
78058,0.0
78059,0.0
78060,0.0
78061,0.0
78062,0.0
78063,0.0
78064,0.0
78065,0.0
78066,0.0
78067,5.96046447754e-07
78068,1.72853469849e-06
78069,1.13248825073e-06
78070,2.32458114624e-06
78071,5.96046447754e-07
78072,0.000297546386719
78073,0.000128746032715
78074,0.000263690948486
78075,0.000355958938599
78076,0.000500679016113
78077,0.00118827819824
78078,0.00162410736084
78079,0.00305557250977
78080,0.00326728820801
78081,0.00323104858398
78082,0.00392913818359
78083,0.00395584106445
78084,0.00496673583984
78085,0.00559234619141
78086,0.0
78087,0.0
78088,0.0
78089,0.0
78090,0.0
78091,0.0
78092,0.0
78093,0.0
78094,0.0
78095,0.0
78096,0.0
78097,0.0
78098,0.0
78099,0.000212788581848
78100,0.000212788581848
78101,0.000218033790588
78102,0.000218629837036
78103,0.000218629837036
78104,0.000346660614014
78105,0.000481605529785
78106,0.000693321228027
78107,0.00115871429443
78108,0.00120735168457
78109,0.00105094909668
78110,0.00147438049316
78111,0.00207138061523
78112,0.00278282165527
78113,0.00313949584961
78114,0.00393295288086
78115,0.00505065917969
78116,0.00440216064453
78117,0.0046501159668
78118,0.0
78119,0.0
78120,0.0
78121,0.0
78122,0.0
78123,0.0
78124,0.0
78125,0.0
78126,0.0
78127,0.0
78128,0.0
78129,0.0
78130,0.0
78131,5.96046447754e-07
78132,5.96046447754e-07
78133,0.0
78134,2.86102294922e-06
78135,0.000255584716797
78136,0.000257253646851
78137,0.000483512878418
78138,0.000771522521973
78139,0.000794887542725
78140,0.000409841537476
78141,0.0010986328125
78142,0.00168418884277
78143,0.00146961212158
78144,0.00146961212158
78145,0.00159454345703
78146,0.00174331665039
78147,0.00235366821289
78148,0.00385093688965
78149,0.00357437133789
78150,0.0
78151,0.0
78152,0.0
78153,0.0
78154,0.0
78155,0.0
78156,0.0
78157,0.0
78158,0.0
78159,0.0
78160,0.0
78161,0.0
78162,0.0
78163,0.0
78164,5.96046447754e-07
78165,1.13248825073e-06
78166,0.000432014465332
78167,0.000686168670654
78168,0.000900745391846
78169,0.000689506530762
78170,0.000436544418335
78171,0.00112152099609
78172,0.00125789642334
78173,0.00110530853271
78174,0.00151538848877
78175,0.0020866394043
78176,0.00271415710449
78177,0.00327491760254
78178,0.00346946716309
78179,0.00354385375977
78180,0.00491714477539
78181,0.00530242919922
78182,0.0
78183,0.0
78184,0.0
78185,0.0
78186,0.0
78187,0.0
78188,0.0
78189,0.0
78190,0.0
78191,0.0
78192,0.0
78193,0.0
78194,5.96046447754e-07
78195,1.13248825073e-06
78196,5.96046447754e-07
78197,5.96046447754e-07
78198,0.000470638275146
78199,0.000256061553955
78200,0.000258445739746
78201,0.000515460968018
78202,0.000653743743896
