4,5.1849527359
5,5.16149330139
6,4.99290895462
7,5.06572961807
8,5.09219074249
9,5.13492536545
10,4.91375350952
11,5.05708122253
12,5.30926322937
13,5.07577323914
14,5.07020330429
15,4.8983039856
16,4.95497322083
17,4.77312231064
18,4.6914024353
19,5.01513338089
20,4.97921276093
21,4.77683019638
22,4.99717950821
23,4.74212312698
24,4.9642791748
25,4.60873842239
26,5.0062456131
27,4.92371225357
28,4.8184671402
29,4.93495368958
30,4.68787097931
31,4.82518434525
32,5.08170413971
33,4.9656252861
34,5.06051492691
35,4.63758659363
36,5.12351322174
37,4.78891372681
38,4.80160427094
39,4.92903423309
40,4.83709764481
41,4.73669528961
42,4.88935470581
43,4.83228540421
44,4.69323158264
45,5.04365777969
46,4.84045934677
47,4.92552423477
48,4.81691551208
49,5.11387062073
50,4.77777338028
51,4.86440181732
52,4.87949895859
53,5.00545454025
54,4.88208580017
55,4.79453992844
56,4.91506099701
57,4.66882705688
58,4.84923601151
59,5.0189242363
60,4.8182721138
61,4.76634979248
62,4.90390539169
63,4.93979549408
64,4.71302366257
65,4.92864513397
66,4.96758270264
67,4.76410198212
68,4.81044101715
69,4.96204614639
70,4.76261425018
71,4.67619132996
72,4.91964817047
73,4.61327028275
74,5.01169490814
75,4.68404960632
76,4.69989776611
77,4.48857021332
78,4.90570926666
79,4.78683757782
80,4.86368989944
81,4.72834587097
82,4.94000005722
83,4.76639080048
84,4.74480342865
85,4.5329284668
86,5.07055568695
87,4.98959064484
88,4.76735925674
89,4.88763332367
90,4.84333229065
91,4.75113582611
92,4.67962265015
93,4.50395584106
94,4.89107561111
95,4.79813861847
96,4.88920879364
97,4.87716388702
98,4.71495008469
99,5.06654119492
100,5.00405740738
101,4.79071807861
102,4.71332502365
103,5.0404343605
104,4.93571281433
105,4.94828701019
106,5.02789974213
107,4.87178516388
108,4.59840774536
109,4.61974334717
110,4.63615751266
111,4.74118947983
112,4.6408290863
113,4.82242965698
114,4.5812921524
115,4.81249523163
116,4.57076740265
117,4.95016670227
118,4.83911323547
119,4.69375896454
120,4.66470241547
121,4.92841625214
122,4.69911241531
123,4.7591676712
124,4.7463054657
125,4.9194316864
126,4.78164243698
127,4.62646198273
128,4.89654588699
129,4.83253335953
130,5.37716531754
131,4.59771728516
132,4.65504074097
133,5.08560180664
134,4.81233882904
135,4.74477815628
136,4.771504879
137,4.7051653862
138,5.23330307007
139,4.77090549469
140,4.6308298111
141,4.74546051025
142,4.78541088104
143,4.50796604156
144,4.63132095337
145,4.70509767532
146,4.7388677597
147,4.84604454041
148,4.95341396332
149,4.51764631271
150,4.63080978394
151,4.62476634979
152,4.77028036118
153,4.72493553162
154,4.81527662277
155,4.91062831879
156,4.6308889389
157,4.74522209167
158,4.73395729065
159,4.78178787231
160,4.92409849167
161,4.88543224335
162,4.73457479477
163,4.64491987228
164,4.67490196228
165,4.56647014618
166,4.64823818207
167,4.6847076416
168,4.3966422081
169,4.65542459488
170,4.93144321442
171,5.09738540649
172,4.81530475616
173,4.54389286041
174,5.48502159119
175,5.00653553009
176,5.13556289673
177,4.76788043976
178,4.70152997971
179,4.88525390625
180,4.92827653885
181,5.10222148895
182,4.98509168625
183,4.81240558624
184,4.95426845551
185,4.94329118729
186,4.66518735886
187,4.7415189743
188,4.81266784668
189,5.03802442551
190,4.96970129013
191,4.71526575089
192,5.29181861877
193,5.06308794022
194,4.94919109344
195,4.56792163849
196,4.81087207794
197,4.83341884613
198,4.66556596756
199,4.51495695114
200,4.77463912964
201,4.48401880264
202,4.68273591995
203,4.59530067444
204,4.95416688919
205,4.54968500137
206,5.14357042313
207,5.03945922852
208,4.93536901474
209,4.68659973145
210,4.70886993408
211,4.57330846786
212,4.92919397354
213,4.7937130928
214,4.89133787155
215,5.04483747482
216,4.64805984497
217,4.55589866638
218,4.55569076538
219,4.57318878174
220,4.64147615433
221,4.57457017899
222,4.85764408112
223,4.8185749054
224,4.56619310379
225,5.39970397949
226,5.25956201553
227,4.69714450836
228,4.85670518875
229,4.84356975555
230,4.95638275146
231,4.69725513458
232,5.45435667038
233,5.06957864761
234,4.81061840057
235,5.0305147171
236,4.66879796982
237,5.00412368774
238,4.59080553055
239,4.98927497864
240,4.58742713928
241,4.58301496506
242,4.79479074478
243,4.92383861542
244,4.71920681
245,4.69163990021
246,4.88853740692
247,4.50950241089
248,5.17694664001
249,4.7742357254
250,4.9486079216
251,4.99767017365
252,5.26292037964
253,4.74087095261
254,4.63163518906
255,4.49763441086
256,4.8961558342
257,4.69112873077
258,4.908015728
259,4.74953269958
260,4.51244926453
261,4.83876132965
262,4.45205593109
263,5.90067958832
264,4.96047115326
265,4.88507175446
266,5.2131061554
267,5.48386096954
268,5.83566665649
269,5.29037284851
270,4.96060037613
271,4.70704269409
272,4.89389610291
273,4.77469730377
274,4.86532115936
275,4.59621810913
276,4.7700881958
277,4.71312856674
278,4.67988014221
279,4.83881187439
280,4.62920665741
281,5.14609050751
282,4.65554618835
283,4.80928945541
284,4.76711988449
285,4.46813106537
286,4.99651527405
287,4.94424200058
288,5.0988445282
289,5.39019680023
290,5.32125520706
291,4.71999359131
292,4.70397090912
293,4.7021112442
294,5.48396921158
295,5.00066184998
296,4.6495513916
297,4.5628657341
298,4.81347751617
299,5.10009670258
300,4.8679895401
301,4.7945599556
302,4.81674003601
303,4.75311422348
304,5.00043964386
305,4.68380975723
306,4.60638809204
307,4.51424598694
308,4.76560735703
309,4.64316654205
310,5.03068161011
311,4.53909778595
312,4.7058300972
313,4.84815263748
314,4.75475263596
315,5.06528568268
316,4.69940710068
317,4.90147781372
318,4.56191825867
319,4.84591817856
320,4.71221065521
321,4.6411948204
322,4.68037652969
323,4.66098499298
324,4.84575462341
325,4.69437217712
326,5.82173585892
327,5.80929946899
328,4.85227775574
329,4.91571140289
330,4.84148311615
331,5.65653991699
332,5.12095975876
333,4.86350345612
334,4.99061584473
335,4.81171941757
336,4.58763122559
337,5.26509428024
338,5.00117778778
339,4.49303722382
340,4.70026779175
341,4.61861991882
342,4.52168464661
343,4.80956888199
344,4.62119197845
345,4.68210506439
346,5.9300122261
347,4.83220767975
348,4.83623838425
349,5.17814540863
350,5.11973190308
351,4.59387969971
352,4.90808296204
353,4.6356678009
354,4.59580755234
355,4.63274669647
356,4.78868103027
357,4.59321451187
358,4.74415779114
359,5.39421510696
360,4.75574684143
361,4.69904994965
362,4.82207727432
363,5.27493429184
364,4.79844284058
365,4.76001405716
366,5.44261169434
367,4.59521484375
368,4.59939050674
369,5.11925029755
370,5.0561132431
371,4.58135318756
372,5.0009303093
373,4.77409267426
374,5.0168170929
375,5.13830661774
376,4.87457942963
377,4.68083572388
378,4.67512083054
379,4.56096744537
380,5.049036026
381,5.17352199554
382,4.85865497589
383,4.85226631165
384,4.8903298378
385,6.0504026413
386,4.93065166473
387,5.54339790344
388,5.10870170593
389,4.89223051071
390,4.52826595306
391,4.80181503296
392,5.06561565399
393,4.47897672653
394,4.90480804443
395,5.16430807114
396,4.92358589172
397,4.6164727211
398,4.6157207489
399,4.53163528442
400,4.9177031517
401,4.61851024628
402,5.21750354767
403,4.59910392761
404,4.65416145325
405,5.52732181549
406,5.75899076462
407,4.57434129715
408,4.9488658905
409,4.59992074966
410,4.52967834473
411,5.92319011688
412,4.78213024139
413,4.78397941589
414,5.08579111099
415,4.51804256439
416,4.61688995361
417,4.62958097458
418,4.8873667717
419,4.68824768066
420,5.12934398651
421,5.42675447464
422,4.90738296509
423,4.73089122772
424,5.22005414963
425,4.5950627327
426,4.99882507324
427,4.98307991028
428,4.44306373596
429,5.66638803482
430,5.06450843811
431,5.20488452911
432,5.48010540009
433,4.94012117386
434,5.46727275848
435,4.62238121033
436,4.64111328125
437,4.72373580933
438,4.66227388382
439,4.65691757202
440,4.57959270477
441,4.70756435394
442,4.78811454773
443,5.06780862808
444,4.93020534515
445,4.76986312866
446,5.32231044769
447,4.95931911469
448,4.64227962494
449,5.44786500931
450,5.05283737183
451,4.75879001617
452,4.78619766235
453,4.72504472733
454,4.94008636475
455,4.58221054077
456,6.15150260925
457,6.33113145828
458,5.02178192139
459,5.95012426376
460,4.68128204346
461,4.72776126862
462,4.52104854584
463,5.20365428925
464,4.73729944229
465,5.05471420288
466,5.33704710007
467,6.23020887375
468,4.52686977386
469,4.95442867279
470,5.01086091995
471,5.87809944153
472,4.79890632629
473,4.62186002731
474,4.93902635574
475,4.65248441696
476,5.43584442139
477,4.59774017334
478,5.04250001907
479,4.79007196426
480,4.83548355103
481,4.80975294113
482,4.62068939209
483,4.79245567322
484,4.91545581818
485,4.63898420334
486,4.80710268021
487,6.41970968246
488,5.47023487091
489,4.87358903885
490,4.86169481277
491,4.63047456741
492,5.10504055023
493,5.56763648987
494,4.58181524277
495,4.79343891144
496,4.92880868912
497,5.27633285522
498,4.80867671967
499,4.97371387482
500,4.9069852829
501,4.4910569191
502,5.27683353424
503,5.16616249084
504,4.8956952095
505,5.42069721222
506,4.70845842361
507,4.89998197556
508,4.51719236374
509,4.46427679062
510,5.37632703781
511,4.6701002121
512,5.94546031952
513,4.79705715179
514,4.83251667023
515,4.86527967453
516,5.09004211426
517,4.65482854843
518,4.89042329788
519,4.53000307083
520,4.72801017761
521,4.82318353653
522,4.67753601074
523,5.7039232254
524,4.63536882401
525,4.61985015869
526,4.72498846054
527,6.04284477234
528,4.87096500397
529,4.62624979019
530,5.04161930084
531,4.57813310623
532,5.65897369385
533,4.6655421257
534,4.69900178909
535,4.57288074493
536,4.83681869507
537,4.75373411179
538,5.41756057739
539,4.54859352112
540,5.81293010712
541,4.93503856659
542,4.60180664062
543,4.76182460785
544,6.03641891479
545,4.67577171326
546,5.47761487961
547,4.66523170471
548,5.21960830688
549,4.67845630646
550,5.49438762665
551,4.7245349884
552,5.08974266052
553,4.70266246796
554,4.51941823959
555,5.23181390762
556,4.54734325409
557,4.99368286133
558,5.40839576721
559,5.54637050629
560,5.06886196136
561,4.63906860352
562,5.44193935394
563,5.92447900772
564,4.81938409805
565,5.68731307983
566,4.64675664902
567,5.34812307358
568,4.98849010468
569,4.62307882309
570,4.51163482666
571,5.31928777695
572,4.97357749939
573,5.60048103333
574,5.058781147
575,4.66320562363
576,5.56934928894
577,5.31065368652
578,4.88343715668
579,4.86571073532
580,4.83454465866
581,5.83055353165
582,5.1624994278
583,4.92847537994
584,5.04020500183
585,4.86058044434
586,4.91015386581
587,4.49625110626
588,4.68422937393
589,5.03739118576
590,4.46194934845
591,4.94564247131
592,5.04313278198
593,5.31882429123
594,4.58014965057
595,4.72009325027
596,5.48603010178
597,4.57023620605
598,4.49587154388
599,4.56296730042
600,6.1542506218
601,6.33635854721
602,4.8489484787
603,5.01956558228
604,5.67713737488
605,4.84070777893
606,4.58614635468
607,5.01603221893
608,4.91092586517
609,4.77773141861
610,4.86664199829
611,4.70931053162
612,4.92625713348
613,5.3234834671
614,5.75389289856
615,4.75772953033
616,4.76356077194
617,4.89898872375
618,5.82339048386
619,4.65985584259
620,4.9888458252
621,4.69341945648
622,4.72700357437
623,5.01333999634
624,4.52668476105
625,4.91881561279
626,4.69772624969
627,5.70413208008
628,6.10702323914
629,4.97142410278
630,5.21021652222
631,5.20417404175
632,4.99702262878
633,4.93337726593
634,5.10723304749
635,4.86315250397
636,4.7039604187
637,4.38425064087
638,4.85350131989
639,5.33384132385
640,7.16697645187
641,4.56938838959
642,4.73461771011
643,4.85758590698
644,4.72549057007
645,5.97687864304
646,4.79513835907
647,4.89665269852
648,5.5822687149
649,4.59599876404
650,4.98420238495
651,4.90428447723
652,4.58154582977
653,4.90719795227
654,5.30302858353
655,4.83147668839
656,6.18954133987
657,4.77760601044
658,4.52924537659
659,6.12561416626
660,4.6417298317
661,5.32954883575
662,4.63488197327
663,5.16602611542
664,5.53550720215
665,5.25283432007
666,4.59502410889
667,4.69752311707
668,4.52390909195
669,5.4936132431
670,4.784116745
671,4.63188076019
672,5.29711532593
673,5.00616359711
674,4.5095744133
675,7.05034828186
676,4.76233482361
677,5.62469577789
678,4.70311021805
679,4.84011363983
680,5.15815544128
681,5.42178583145
682,4.60429191589
683,5.52742433548
684,4.91639709473
685,4.57935905457
686,5.2713470459
687,4.83361673355
688,4.90202045441
689,5.37682533264
690,4.87792301178
691,5.23876667023
692,4.94874668121
693,4.86478471756
694,5.86276340485
695,4.79586839676
696,4.80951690674
697,4.87390851974
698,4.96302986145
699,5.00456428528
700,5.22612571716
701,4.8231883049
702,4.59288597107
703,5.10340023041
704,4.94784259796
705,5.40158462524
706,4.5204372406
707,4.71982288361
708,4.90779495239
709,4.95605707169
710,4.85427522659
711,5.41813564301
712,4.6899471283
713,6.47932434082
714,6.34912252426
715,4.85276889801
716,7.55169963837
717,5.47409725189
718,4.94639205933
719,5.40229511261
720,5.92984485626
721,5.08660078049
722,4.94712162018
723,6.08535861969
724,6.44276237488
725,4.89075231552
726,5.47549629211
727,4.75944662094
728,6.20579910278
729,4.84149885178
730,5.81074142456
731,4.91183280945
732,4.97025108337
733,4.73005962372
734,5.42230319977
735,6.18467855453
736,4.91796016693
737,4.92687225342
738,4.50879812241
739,6.40784311295
740,5.12086343765
741,5.91167163849
742,6.83286380768
743,4.64033603668
744,4.5578918457
745,4.64002132416
746,4.48073673248
747,4.57298231125
748,4.7370891571
749,4.95748615265
750,5.39786529541
751,4.8513841629
752,5.31652069092
753,4.95257234573
754,5.15470170975
755,5.23874664307
756,4.82847690582
757,6.34837675095
758,4.72798395157
759,5.10056400299
760,4.71225738525
761,5.2983417511
762,4.59099340439
763,4.99139070511
764,4.8062505722
765,4.64448070526
766,5.23662853241
767,4.67797708511
768,4.92669773102
769,5.14968204498
770,5.10913658142
771,4.87801265717
772,5.17908668518
773,4.56289958954
774,5.80033683777
775,5.08940172195
776,4.73265171051
777,7.17451190948
778,5.05430221558
779,5.9009847641
780,5.01424312592
781,4.69652271271
782,4.89692354202
783,4.72193241119
784,6.60199165344
786,5.11423969269
787,5.25244665146
788,6.17677593231
789,4.99829721451
790,4.54238557816
791,4.57707309723
792,4.68518257141
793,4.77686882019
794,5.69528484344
795,4.71372890472
796,4.80089092255
797,5.33484649658
798,4.46981859207
799,4.85795783997
800,5.99317741394
801,4.81255245209
802,5.10231971741
803,4.57724189758
804,5.00990009308
805,4.97101306915
806,5.45226287842
807,4.93070888519
808,5.81849527359
809,4.54525613785
810,4.50340032578
811,6.19103097916
812,4.9603805542
813,5.53798484802
814,4.9707736969
815,4.4913983345
816,4.86005210876
817,4.61937522888
818,5.85030221939
819,4.92375040054
820,4.77007484436
821,6.86514854431
822,4.48055458069
823,4.82399940491
824,5.04577684402
825,5.49460840225
826,7.05535745621
827,7.31563949585
828,5.16565608978
829,5.19740390778
830,4.65701770782
831,7.93546438217
832,4.62266254425
833,5.20745182037
834,4.58036518097
835,5.10277938843
836,4.52989768982
837,4.58884143829
838,4.52177906036
839,4.48016548157
840,4.89068412781
841,4.66390132904
842,5.01027202606
843,5.80740833282
844,4.80199050903
845,4.86272144318
846,4.80641317368
847,4.52636194229
848,4.62598133087
849,5.33435249329
850,4.68271064758
851,4.63063430786
852,4.96495914459
853,5.42543172836
854,5.4749288559
855,5.61427307129
856,7.13858509064
857,6.884765625
858,4.8884305954
859,4.62961578369
860,4.69490623474
861,4.72415971756
862,5.19416713715
863,4.63918495178
864,5.75809812546
865,5.55306148529
866,5.334815979
867,5.67429733276
868,4.56520748138
869,4.87870502472
870,4.85095977783
871,5.03864908218
872,4.66803073883
873,6.54527425766
874,7.11074113846
875,5.19664955139
876,6.96685409546
877,5.05922031403
878,4.74344158173
879,4.69237375259
880,4.84408378601
881,4.72390460968
882,4.5619392395
883,4.81945514679
884,4.62381792068
885,4.91697406769
886,5.50252056122
887,4.9750995636
888,5.6369767189
889,5.90656089783
890,4.81469154358
891,4.63216209412
892,5.10946559906
893,5.10666799545
894,4.68570423126
895,4.80401420593
896,4.79331684113
897,4.69218921661
898,5.00943088531
899,4.89849758148
900,5.82288169861
901,4.81269931793
902,4.60319852829
903,4.68721628189
904,5.76011753082
905,4.4913110733
906,5.37468910217
907,4.58387517929
908,5.16954231262
909,5.21853733063
910,4.60506629944
911,5.71314907074
912,4.73137617111
913,5.606549263
914,5.30267620087
915,5.25490760803
916,4.58697319031
917,6.51110076904
918,6.24451065063
919,4.64834308624
920,4.57915115356
921,4.598944664
922,4.79552221298
923,7.53656578064
924,4.72323322296
925,5.21420001984
926,4.54129123688
927,4.51241874695
928,5.79872131348
929,4.91650390625
930,4.71516466141
931,5.01006221771
932,5.61889743805
933,4.51764965057
934,4.89867782593
935,5.52955150604
936,4.67732524872
937,5.21121263504
938,4.63107395172
939,4.64993047714
940,5.03792381287
941,4.84090518951
942,6.89455604553
943,4.73344612122
944,5.43714523315
945,6.23926353455
946,4.58498764038
947,5.16496706009
948,5.58340072632
949,5.61330509186
950,6.83026409149
951,4.57699632645
952,4.65652036667
953,4.60297870636
954,6.16948223114
955,4.5825715065
956,5.03457593918
957,6.03536701202
958,4.61896085739
959,4.63081645966
960,5.4596529007
961,4.62039232254
962,5.6105890274
963,5.22455644608
964,4.60190486908
965,6.35917568207
966,6.27864456177
967,4.94755506516
968,5.61719751358
969,6.51417922974
970,8.08611297607
971,4.62188911438
972,4.98206853867
973,4.6779999733
974,6.04153728485
975,4.59439945221
976,6.39126253128
977,4.66938352585
978,4.54200649261
979,5.2850856781
980,5.57489395142
981,4.75851154327
982,6.12403392792
983,4.52638626099
984,4.64211273193
985,4.97033309937
986,6.16632556915
987,5.26224040985
988,6.41505432129
989,5.13486385345
990,4.76365327835
991,4.66237545013
992,5.62169075012
993,5.4790802002
994,5.72230434418
995,6.39908218384
996,4.60908985138
997,6.29131317139
998,4.92986011505
999,4.57132148743
1000,5.19070529938
1001,6.10993862152
1002,4.51730632782
1003,4.62726688385
1004,4.84831142426
1005,4.56929588318
1006,5.1926445961
1007,5.34708309174
1008,5.83294343948
1009,5.99878644943
1010,5.17929553986
1011,7.35495710373
1012,4.58600711823
1013,4.72207260132
1014,5.31540822983
1015,5.05238246918
1016,6.15981006622
1017,4.69597053528
1018,4.7980556488
1019,5.74663543701
1020,4.553855896
1021,5.69696521759
1022,4.58587789536
1023,4.6411190033
1024,4.5230255127
1025,4.82258987427
1026,4.66607904434
1027,7.02906703949
1028,4.54982089996
1029,5.45101356506
1030,4.72594928741
1031,4.71914672852
1032,4.67704486847
1033,5.3253903389
1034,4.59879302979
1035,4.78795528412
1036,4.95790910721
1037,4.47667598724
1038,5.84660148621
1039,4.44939517975
1040,4.71647644043
1041,4.80656242371
1042,5.36320209503
1043,5.67962169647
1044,5.40824127197
1045,4.43235826492
1046,4.57914829254
1047,5.49765300751
1048,5.55943107605
1049,5.62959384918
1050,4.717897892
1051,4.72480487823
1052,4.84464263916
1053,5.45437717438
1054,4.81998968124
1055,6.43300247192
1056,5.48562717438
1057,4.7055106163
1058,4.81097221375
1059,6.06318187714
1060,4.49581861496
1061,5.11355113983
1062,4.53119087219
1063,5.36057853699
1064,4.87154197693
1065,4.55591869354
1066,4.75168466568
1067,6.03799962997
1068,5.9547290802
1069,6.6524438858
1070,4.80256462097
1071,4.49045467377
1072,4.57190608978
1073,5.60524845123
1074,4.7839846611
1075,4.70265769958
1076,5.14976596832
1077,4.89908695221
1078,5.32150316238
1079,5.42305755615
1080,4.49176168442
1081,4.99193048477
1082,5.403901577
1083,5.40881824493
1084,4.63862419128
1085,5.19931697845
1086,4.45757913589
1087,4.99510955811
1088,4.72491073608
1089,6.19513320923
1090,4.57836008072
1091,4.79422092438
1092,5.64561367035
1093,4.53568601608
1094,4.55157709122
1095,5.32353019714
1096,6.04312896729
1097,4.78247594833
1098,4.70341682434
1099,4.50401210785
1100,5.55387496948
1101,5.83143615723
1102,6.44211244583
1103,5.4365196228
1104,4.52619123459
1105,4.4936671257
1106,6.00587081909
1107,4.75706481934
1108,5.08237743378
1109,4.86617088318
1110,7.22946214676
1111,8.3617143631
1112,4.75693368912
1113,4.76038742065
1114,4.7090549469
1115,4.62513208389
1116,4.53348827362
1117,5.86028003693
1118,5.06308412552
1119,4.80449819565
1120,5.73652029037
1121,4.85221672058
1122,5.37394952774
1123,4.73050689697
1124,4.74718093872
1125,4.96549606323
1126,4.77840900421
1127,6.45581436157
1128,4.61501502991
1129,5.77068424225
1130,5.79878664017
1131,5.06981420517
1132,5.22807884216
1133,6.67008113861
1134,5.54989624023
1135,6.02063655853
1136,6.11685991287
1137,4.8318529129
1138,4.5577788353
1139,4.53660869598
1140,6.67055988312
1141,6.08744001389
1142,5.00579023361
1143,4.72520256042
1144,5.11260128021
1145,4.46412277222
1146,5.59055614471
1147,4.76627445221
1148,6.95515489578
1149,6.61743497849
1150,4.86914968491
1151,5.14363193512
1152,4.51874828339
1153,5.09451341629
1154,4.65401506424
1155,4.61378574371
1156,4.57347202301
1157,6.10094022751
1158,4.76149940491
1159,6.74651288986
1160,4.50073242188
1161,5.51148319244
1162,4.53930330276
1163,5.01569700241
1164,4.67032814026
1165,5.2025384903
1166,4.56878185272
1167,4.81649112701
1168,4.59086418152
1169,4.71454334259
1170,5.69171094894
1171,5.11474323273
1172,4.73139762878
1173,4.81046867371
1174,7.48934030533
1175,4.77750205994
1176,4.66215801239
1177,5.23979043961
1178,4.74533843994
1179,4.48837709427
1180,5.02225112915
1181,4.4862370491
1182,4.56834363937
1183,4.65765762329
1184,7.04548501968
1185,5.66959285736
1186,4.60525274277
1187,4.53425788879
1188,4.81952857971
1189,4.65308856964
1190,4.93372249603
1191,5.89290618896
1192,4.71171951294
1193,4.66899394989
1194,6.55864143372
1195,4.9030752182
1196,5.03422164917
1197,6.34110212326
1198,4.63816165924
1199,5.44297409058
1200,5.40665245056
1201,4.65049648285
1202,6.28504800797
1203,5.40882492065
1204,4.63990879059
1205,4.6714258194
1206,4.58199357986
1207,4.6245470047
1208,4.59440231323
1209,4.61415958405
1210,4.87300491333
1211,6.9916100502
1212,4.48540592194
1213,8.55843067169
1214,5.1164188385
1215,4.78672075272
1216,4.88437175751
1217,7.49200439453
1218,5.59887456894
1219,5.01176452637
1220,6.1973028183
1221,6.80288219452
1222,4.53482246399
1223,5.17631530762
1224,5.58526849747
1225,4.64980268478
1226,4.67123031616
1227,4.768866539
1228,4.58226585388
1229,5.16391992569
1230,5.54469871521
1231,6.83536243439
1232,4.57403707504
1233,4.79272174835
1234,4.52563095093
1235,4.57489490509
1236,4.54652070999
1237,5.5101518631
1238,4.81478834152
1239,6.53586912155
1240,5.61760282516
1241,8.88524436951
1242,4.96300125122
1243,8.06501579285
1244,4.59444570541
1245,4.85718536377
1246,4.57440423965
1247,4.80200386047
1248,5.27049779892
1249,5.88427400589
1250,4.92556524277
1251,4.97142887115
1252,5.00963258743
1253,5.54501962662
1254,4.60333776474
1255,4.50769090652
1256,5.28116035461
1257,5.16578197479
1258,4.64318180084
1259,6.12660932541
1260,4.78023147583
1261,5.52939367294
1262,4.6036195755
1263,4.82252025604
1264,4.89213943481
1265,5.7774438858
1266,4.68851184845
1267,5.33353376389
1268,5.0245141983
1269,6.96022939682
1270,9.36562538147
1271,4.97261667252
1272,5.65584087372
1273,4.6011724472
1274,6.44971990585
1275,4.45446205139
1276,4.99516487122
1277,5.00978469849
1278,4.59735393524
1279,4.54251241684
1280,4.68989515305
1281,5.02167701721
1282,5.39314365387
1283,4.61713027954
1284,4.53218460083
1285,8.23999881744
1286,5.82650184631
1287,5.12091255188
1288,6.37892055511
1289,5.91414356232
1290,8.17547416687
1291,4.74258041382
1292,5.80307245255
1293,4.68025398254
1294,4.64166545868
1295,8.93812942505
1296,4.65959596634
1297,4.94518852234
1298,7.28421449661
1299,4.557970047
1300,5.15477895737
1301,6.63064670563
1302,4.78043842316
1303,4.87781906128
1304,5.67754507065
1305,4.82660102844
1306,6.16601085663
1307,4.58352088928
1308,4.66230487823
1309,5.19048881531
1310,5.25761508942
1311,5.22232103348
1312,6.00343799591
1313,6.20476913452
1314,4.59453105927
1315,4.86898994446
1316,5.21363067627
1317,4.80298852921
1318,4.62976741791
1319,4.54034900665
1320,4.5330657959
1321,6.03699970245
1322,5.19436502457
1323,5.28033161163
1324,4.75503778458
1325,4.62513446808
1326,5.00361061096
1327,5.32039403915
1328,6.06387901306
1329,4.73985624313
1330,4.79913902283
1331,4.54159355164
1332,4.59651947021
1333,4.69892930984
1334,4.53355503082
1335,4.86463165283
1336,4.92994976044
1337,4.49491024017
1338,5.42312049866
1339,6.01184844971
1340,4.59562969208
1341,4.8067445755
1342,5.81176233292
1343,4.77089929581
1344,6.81202697754
1345,4.7710814476
1346,6.03829097748
1347,6.89094543457
1348,4.89455461502
1349,5.30571937561
1350,4.69625329971
1351,4.68976974487
1352,4.56714057922
1353,5.27547645569
1354,5.58372831345
1355,4.67787361145
1356,4.5314207077
1357,4.98223972321
1358,4.74011564255
1359,5.09241676331
1360,4.98177194595
1361,4.73033571243
1362,4.71919059753
1363,4.87056064606
1364,5.09706115723
1365,4.94529247284
1366,5.65300369263
1367,4.82416915894
1368,4.74678325653
1369,5.06394195557
1370,6.13319683075
1371,5.67546415329
1372,4.60855150223
1373,4.70100498199
1374,5.01667976379
1375,4.59182786942
1376,5.04343891144
1377,4.95446300507
1378,4.87932729721
1379,6.35104370117
1380,5.37980270386
1381,5.22287750244
1382,6.04886293411
1383,4.5446896553
1384,5.59103441238
1385,4.63301324844
1386,4.76758289337
1387,5.33236122131
1388,6.2153301239
1389,5.03954553604
1390,5.91412353516
1391,4.77055978775
1392,4.75945043564
1393,5.06530189514
1394,4.57082271576
1395,4.49085855484
1396,4.56921386719
1397,5.73214817047
1398,7.53068447113
1399,5.13226747513
1400,6.62764453888
1401,5.14120006561
1402,5.42006158829
1403,5.04347705841
1404,5.59065914154
1405,4.83459949493
1406,5.1672334671
1407,4.58659648895
1408,6.03837299347
1409,5.08364868164
1410,4.90754747391
1411,4.62639904022
1412,4.92833471298
1413,4.7842912674
1414,5.01945161819
1415,5.25526714325
1416,4.72011566162
1417,4.7690038681
1418,4.5866317749
1419,6.81847429276
1420,4.59788942337
1421,7.22756242752
1422,7.02433872223
1423,5.22125053406
1424,4.71729278564
1425,4.53895521164
1426,5.31649208069
1427,6.10708761215
1428,5.58717155457
1429,5.0715637207
1430,5.49086284637
1431,5.48752307892
1432,5.21797657013
1433,4.84709024429
1434,9.63088512421
1435,5.31267547607
1436,4.60450124741
1437,5.06025409698
1438,4.79026699066
1439,5.70756053925
1440,4.71163892746
1441,4.97139358521
1442,5.0307059288
1443,4.63558959961
1444,4.53612232208
1445,5.81102275848
1446,4.90432929993
1447,5.23147916794
1448,5.46953201294
1449,4.74299430847
1450,4.53485202789
1451,5.60167980194
1452,5.10434484482
1453,5.16965770721
1454,4.55236434937
1455,5.79320478439
1456,4.95296859741
1457,5.24837112427
1458,4.51247310638
1459,8.99059295654
1460,4.68831825256
1461,6.38501310349
1462,4.65722751617
1463,4.64424657822
1464,5.09472846985
1465,4.69132518768
1466,5.35321235657
1467,4.68771076202
1468,4.62410259247
1469,8.40178966522
1470,6.94155693054
1471,4.92197227478
1472,4.69353675842
1473,4.71265459061
1474,4.59788322449
1475,4.98177909851
1476,5.00101661682
1477,8.10734367371
1478,4.76181459427
1479,8.64804077148
1480,4.54999017715
1481,4.63634157181
1482,4.78190422058
1483,5.24972200394
1484,5.16345643997
1485,4.72163105011
1486,5.45193862915
1487,5.00056695938
1488,4.56679153442
1489,4.6799697876
1490,4.61790895462
1491,5.45285415649
1492,8.01759052277
1493,4.90931940079
1494,5.72509002686
1495,4.68266677856
1496,4.62178134918
1497,6.78791713715
1498,5.28210258484
1499,6.07975959778
1500,4.96971702576
1501,4.97593688965
1502,4.61670780182
1503,4.58263397217
1504,5.13949584961
1505,4.8023481369
1506,4.94854927063
1507,5.02186870575
1508,4.85397148132
1509,4.70898723602
1510,5.02508068085
1511,5.51471138
1512,4.47475481033
1513,6.41416358948
1514,5.24565124512
1515,5.68542098999
1516,5.30417776108
1517,5.80610656738
1518,5.74803972244
1519,4.55917835236
1520,4.70182800293
1521,5.50662136078
1522,5.03893852234
1523,5.68804645538
1524,4.66155910492
1525,8.86295890808
1526,4.55516433716
1527,5.88153600693
1528,5.60181236267
1529,6.4280962944
1530,8.09567165375
1531,4.80208110809
1532,4.65535545349
1533,6.22341012955
1534,4.56386470795
1535,4.41133308411
1536,5.36035871506
1537,4.50517845154
1538,4.61667537689
1539,6.19226837158
1540,5.69610786438
1541,6.73407649994
1542,4.75244474411
1543,7.94251966476
1544,4.94046020508
1545,5.32472801208
1546,4.53584051132
1547,4.96388578415
1548,4.48353242874
1549,4.84626436234
1550,6.29625797272
1551,4.59458303452
1552,4.68769359589
1553,5.57318210602
1554,5.96109008789
1555,4.83583831787
1556,5.2351102829
1557,5.07252931595
1558,4.80051708221
1559,4.5332326889
1560,8.52371788025
1561,5.15221309662
1562,7.36650180817
1563,5.52319526672
38319,4.69286155701
38320,5.10772323608
38322,4.75962495804
38323,9.43648910522
38324,4.76368904114
38325,5.54228019714
38326,4.5886259079
38327,5.6233625412
38328,97.0299911499
38329,4.64914989471
38330,5.12993478775
38331,5.2198343277
38332,123.706115723
38333,4.80441093445
38334,5.00475502014
38335,4.61834955215
38336,5.73408555984
38337,4.71674489975
38338,4.62354755402
38339,4.95984554291
38340,4.7435092926
38341,7.17518901825
38342,4.86316680908
38343,5.07469272614
38344,5.90112686157
38345,6.48985290527
38346,32.4404449463
38347,46.6932487488
38348,4.60631752014
38349,4.65198993683
38350,83.0519561768
38351,5.982172966
38352,7.13840341568
38353,4.71693134308
38354,5.24432611465
38355,4.60245275497
38356,4.70482254028
38357,5.32933330536
38358,4.69457530975
38359,4.58497238159
38360,29.6798629761
38361,70.8159866333
38362,4.53278827667
38363,4.78788614273
38364,5.21236181259
38365,12.9505958557
38366,4.57795906067
38367,6.9688243866
38368,4.98383712769
38369,5.08308887482
38370,5.13140296936
38371,174.315734863
38372,4.73725509644
38373,5.70470142365
38374,4.58764648438
38375,6.0562620163
38376,4.75346565247
38377,4.69624614716
38378,4.74924755096
38379,72.3234786987
38380,5.11272716522
38381,5.26349258423
38382,4.61709880829
38383,7.47639799118
38384,4.58331012726
38385,5.30319881439
38386,4.7049703598
38387,4.69812631607
38388,4.89823770523
38389,6.77359056473
38390,5.067507267
38391,4.92164230347
38392,4.63713598251
38393,5.22802066803
38394,4.54525852203
38395,4.58976268768
38396,4.86030292511
38397,4.59655761719
38398,4.59237480164
38399,4.68458938599
38400,5.16203022003
38401,19.5738773346
38402,4.74945163727
38403,4.77083826065
38404,5.15327978134
38405,4.69870615005
38406,5.91528177261
38407,5.21391296387
38408,5.09621047974
38409,4.75588798523
38410,4.82032442093
38411,6.0833272934
38412,4.54682540894
38413,4.54952716827
38414,122.313919067
38415,4.79917526245
38416,5.5203037262
38417,4.62482404709
38418,4.72014808655
38419,4.84658813477
38420,5.14425992966
38421,103.125411987
38422,4.69478416443
38423,4.69432449341
38424,4.62495708466
38425,6.94991970062
38426,5.58181190491
38427,5.20313262939
38428,5.60162258148
38429,4.72798252106
38430,5.37998819351
38431,4.65527439117
38432,4.56205606461
38433,17.2945899963
38434,6.37191390991
38435,5.47306060791
38436,5.0137014389
38437,4.64732170105
38438,4.7253985405
38439,8.23300266266
38440,5.03677558899
38441,20.5872364044
38442,4.59326648712
38443,4.64008235931
38444,5.45364713669
38445,39.2220001221
38446,4.72908687592
38447,4.72227668762
38448,5.53942775726
38449,5.57433414459
38450,63.3790969849
38451,5.35152053833
38452,22.0384597778
38453,99.3172836304
38454,5.24344301224
38455,4.87968540192
38456,5.1051492691
38457,5.06140708923
38458,4.89284420013
38459,66.1568222046
38460,4.56451225281
38461,4.91902589798
38462,4.55342292786
38463,4.83655357361
38464,4.6249628067
38465,4.83496952057
38466,4.88839864731
38467,4.60582256317
38468,4.64579677582
38469,18.4199924469
38470,72.671661377
38471,4.8250079155
38472,105.254096985
38473,4.555311203
38474,4.70605564117
38475,4.7209186554
38476,5.36904335022
38477,4.72476577759
38478,19.255241394
38479,4.78538322449
38480,6.48172855377
38481,5.02896690369
38482,4.62181949615
38483,4.90607738495
38484,4.58780765533
38485,4.79646348953
38486,4.59661340714
38487,6.50439310074
38488,150.097106934
38489,5.49993896484
38490,5.05205059052
38491,4.95683765411
38492,5.15325641632
38493,4.67630386353
38494,11.9157218933
38495,4.73318004608
38496,21.4978466034
38497,5.98431015015
38498,5.7494802475
38499,6.56878757477
38500,4.70555019379
38501,4.8673620224
38502,11.542424202
38503,4.79050445557
38504,4.97740077972
38505,4.85073232651
38506,147.111465454
38507,6.31420278549
38508,4.90547990799
38509,4.83844995499
38510,18.227930069
38511,5.01440858841
38512,4.96921825409
38513,4.79983949661
38514,6.81772422791
38515,4.71244525909
38516,5.98054361343
38517,4.65341281891
38518,47.6358032227
38519,16.504070282
38520,4.61607074738
38521,4.69663763046
38522,17.5967006683
38523,4.58476209641
38524,4.90226173401
38525,4.55229377747
38526,82.3167266846
38527,4.55549716949
38528,5.66507577896
38529,4.85474443436
38530,4.8851890564
38531,4.5506362915
38532,6.04271221161
38533,4.72747135162
38534,4.5608754158
38535,4.65133285522
38536,4.96069765091
38537,5.13649082184
38538,4.68184089661
38539,4.6821975708
38540,5.10005569458
38541,4.5091047287
38542,8.17752742767
38543,5.64764690399
38544,4.88105392456
38545,120.367652893
38546,4.83927965164
38547,91.916053772
38548,4.70596599579
38549,7.50021314621
38550,5.51822376251
38551,4.93907928467
38552,4.83551025391
38553,4.76665496826
38554,5.6488866806
38555,5.09272241592
38556,5.74482154846
38557,4.52879619598
38558,4.5311088562
38559,51.8759155273
38560,5.05935621262
38561,55.0581245422
38562,4.64989471436
38563,5.55646085739
38564,4.72327661514
38565,36.7109069824
38566,10.8748245239
38567,4.59065914154
38568,5.07956361771
38569,92.6180496216
38570,5.09346008301
38571,36.9948997498
38572,62.9303321838
38573,4.88814496994
38574,4.82999897003
38575,5.44754981995
38576,111.191291809
38577,67.5129699707
38578,4.68270683289
38579,4.64657306671
38580,4.83560371399
38581,65.1633453369
38582,4.72174501419
38583,4.54659891129
38584,4.59739542007
38585,17.2578811646
38586,5.02471733093
38587,8.71056938171
38588,4.71342420578
38589,7.4516711235
38590,5.82570934296
38591,4.60399341583
38592,4.84508132935
38593,4.65884780884
38594,5.26456928253
38595,4.65221834183
38596,4.99825763702
38597,4.61876344681
38598,104.695205688
38599,4.70409107208
38600,10.5750865936
38601,4.78685760498
38602,88.7365951538
38603,4.9732542038
38604,5.38901805878
38605,4.98266887665
38606,4.53337669373
38607,4.69682216644
38608,4.80530357361
38609,6.75590372086
38610,5.15491390228
38611,4.79088306427
38612,4.6164355278
38613,4.94315195084
38614,5.66263341904
38615,6.78508663177
38616,4.76352882385
38617,6.21984004974
38618,68.7931289673
38619,4.83249759674
38620,4.68327760696
38621,4.56494951248
38622,4.64812755585
38623,12.7647657394
38624,4.71848249435
38625,22.9894485474
38626,4.60068368912
38627,4.63008165359
38628,4.85806179047
38629,4.66647863388
38630,5.60409545898
38631,39.6562004089
38632,81.429359436
38633,4.88958406448
38634,4.59720134735
38635,5.35271596909
38636,11.6214008331
38637,5.10815906525
38638,39.755355835
38639,4.64062023163
38640,4.7166428566
38641,4.75384569168
38642,5.03997993469
38643,4.64021968842
38644,4.61572408676
38645,4.65793085098
38646,4.55800914764
38647,6.23705387115
38648,4.61054039001
38649,4.62110042572
38650,8.60451126099
38651,7.93680477142
38652,7.16379737854
38653,4.62283229828
38654,5.2399892807
38655,6.25477266312
38656,5.14160776138
38657,5.19914150238
38658,4.88812923431
38659,4.71536207199
38660,4.57697868347
38661,5.46832942963
38662,5.59402942657
38663,4.82587575912
38664,4.66110229492
38665,5.49405574799
38666,4.75714683533
38667,4.61596536636
38668,5.51123905182
38669,4.7879152298
38670,4.70162248611
38671,12.4257926941
38672,5.22867202759
38673,4.65692234039
38674,5.11490154266
38675,4.61580944061
38676,4.65356826782
38677,4.68604469299
38678,4.93803215027
38679,4.58518266678
38680,5.04912185669
38681,5.24914693832
38682,5.71057033539
38683,5.16535758972
38684,5.29049015045
38685,4.78311443329
38686,5.0374174118
38687,110.498687744
38688,4.54922103882
38689,4.62164211273
38690,4.8971824646
38691,4.63934659958
38692,4.85609674454
38693,6.41436004639
38694,4.52724075317
38695,5.39406108856
38696,4.7041554451
38697,4.61783456802
38698,4.57776737213
38699,5.36188077927
38700,4.57648992538
38701,4.62471866608
38702,4.60634708405
38703,30.6108379364
38704,92.0411987305
38705,172.445922852
38706,4.85518932343
38707,4.59294748306
38708,4.88581705093
38709,11.3128347397
38710,5.76679944992
38711,10.3787374496
38712,4.75860023499
38713,14.758939743
38714,6.55718660355
38715,5.32713413239
38716,4.72119045258
38717,5.32679033279
38718,4.81316375732
38719,5.14939022064
38720,5.04598093033
38721,5.91612243652
38722,4.77301597595
38723,5.13243198395
38724,5.14438915253
38725,4.93939971924
38726,10.3811130524
38727,5.24835109711
38728,4.85021352768
38729,4.83098983765
38730,6.11035346985
38731,4.90644073486
38732,6.99413442612
38733,4.81670665741
38734,37.7434005737
38735,4.74163341522
38736,6.40915489197
38737,5.17425298691
38738,4.80826950073
38739,52.256603241
38740,4.68960142136
38741,4.75361204147
38742,4.68291854858
38743,7.76184988022
38744,4.62562227249
38745,4.83177089691
38746,5.8904094696
38747,5.51453208923
38748,5.81467580795
38749,13.5564174652
38750,4.82247161865
38751,4.61160182953
38752,4.66493225098
38753,5.36545419693
38754,4.83832979202
38755,9.84071350098
38756,4.60308074951
38757,4.52397632599
38758,4.70894145966
38759,4.68405246735
38760,4.69286203384
38761,5.49559211731
38762,5.29452085495
38763,4.59876346588
38764,5.19953727722
38765,4.56074905396
38766,42.0654335022
38767,4.78507518768
38768,4.69005537033
38769,131.444137573
38770,4.70897197723
38771,14.5075788498
38772,4.58464622498
38773,100.070968628
38774,4.6888756752
38775,6.6325917244
38776,4.78613233566
38777,4.81523609161
38778,4.80647706985
38779,4.87736415863
38780,4.67549991608
38781,4.63512325287
38782,6.68733453751
38783,5.41217136383
38784,5.29171180725
38785,4.87005996704
38786,4.83611679077
38787,4.92715454102
38788,4.61367464066
38789,4.78123569489
38790,4.51819324493
38791,4.75281667709
38792,32.577205658
38793,4.90911817551
38794,4.90944385529
38795,4.71813058853
38796,5.38268470764
38797,91.2122192383
38798,4.86932897568
38799,18.2132167816
38800,4.60980415344
38801,4.58461809158
38802,4.79221010208
38803,4.9686422348
38804,94.1940155029
38805,5.31313610077
38806,4.62171077728
38807,4.62351751328
38808,6.65040588379
38809,4.59125423431
38810,32.449596405
38811,4.58077478409
38812,5.20873355865
38813,15.3175525665
38814,5.09319639206
38815,4.79849100113
38816,4.76026105881
38817,29.7200050354
38818,5.81664037704
38819,38.29920578
38820,4.65407371521
38821,4.7685174942
38822,33.013420105
38823,4.60524225235
38824,6.15811491013
38825,10.4276828766
38826,4.73230266571
38827,4.58618211746
38828,4.65212154388
38829,5.06586837769
38830,4.58655452728
38831,94.4725646973
38832,63.8613624573
38833,4.67527961731
38834,4.63289451599
38835,76.2224197388
38836,5.07845878601
38837,4.75280380249
38838,4.77858114243
38839,16.1209125519
38840,5.96458244324
38841,5.11920070648
38842,4.82649517059
38843,4.95006370544
38844,5.30919742584
38845,4.93482494354
38846,12.4438343048
38847,4.54481744766
38848,36.3362350464
38849,4.53598546982
38850,4.67590904236
38851,4.96888399124
38852,13.7161149979
38853,4.80504322052
38854,18.5819778442
38855,4.58883666992
38856,64.5702285767
38857,4.5838508606
38858,8.81038475037
38859,5.00402355194
38860,4.75150108337
38861,4.59043836594
38862,4.56231546402
38863,4.61685085297
38864,10.8183994293
38865,4.64786291122
38866,4.88910198212
38867,7.27802085876
38868,5.26346492767
38869,5.19398450851
38870,4.69919395447
38871,5.07702207565
38872,4.83140277863
38873,126.917831421
38874,4.60697174072
38875,4.68754720688
38876,4.98492908478
38877,7.62337112427
38878,4.64944458008
38879,5.5986995697
38880,4.69117450714
38881,11.4965553284
38882,4.51574373245
38883,4.61426639557
38884,4.6510643959
38885,4.85514259338
38886,15.6809864044
38887,83.5546569824
38888,100.050598145
38889,4.53485107422
38890,4.91649246216
38891,5.3880853653
38892,4.60225772858
38893,5.45511007309
38894,5.48107814789
38895,4.69435691833
38896,4.6372833252
38897,142.748382568
38898,4.86169910431
38899,4.73898029327
38900,5.17449951172
38901,4.56874132156
38902,5.62325572968
38903,5.10218667984
38904,4.92032814026
38905,4.59858703613
38906,4.71877861023
38907,4.87628364563
38908,4.70939493179
38909,6.78299331665
38910,4.59006261826
38911,4.85576820374
38912,5.20907258987
38913,5.25962114334
38914,4.62514209747
38915,7.42425060272
38916,4.56742572784
38917,4.80842208862
38918,5.05044174194
38919,4.8181886673
38920,67.4571838379
38921,4.6560382843
38922,5.06388282776
38923,5.4498128891
38924,5.99988079071
38925,4.81101703644
38926,4.98264837265
38927,4.82967090607
38928,51.0787277222
38929,34.5700950623
38930,4.64353895187
38931,14.7990188599
38932,4.67627763748
38933,4.53357791901
38934,4.56426906586
38935,4.74622249603
38936,5.86310005188
38937,4.73528385162
38938,4.57502412796
38939,4.80710268021
38940,4.55841064453
38941,4.81500196457
38942,4.76128196716
38943,4.98066139221
38944,5.6723947525
38945,5.11526679993
38946,4.8102388382
38947,25.4509029388
38948,4.54871463776
38949,4.53889131546
38950,4.60438632965
38951,4.55411720276
38952,4.62771606445
38953,4.7673034668
38954,6.24706554413
38955,6.70462083817
38956,4.8247461319
38957,4.69386959076
38958,5.87672615051
38959,5.80731773376
38960,4.89529895782
38961,11.3958625793
38962,4.56733608246
38963,5.57420825958
38964,29.916431427
38965,21.628862381
38966,4.62973546982
38967,72.0371932983
38968,4.58513975143
38969,4.69405317307
38970,4.84675598145
38971,4.99813556671
38972,4.60561943054
38973,4.88270282745
38974,81.5956726074
38975,4.67448377609
38976,4.56404972076
38977,4.74670791626
38978,14.0754871368
38979,5.83732175827
38980,4.62764263153
38981,4.81378746033
38982,4.74432563782
38983,87.6590270996
38984,5.48244285583
38985,4.61508846283
38986,35.1081047058
38987,28.7960472107
38988,4.64991140366
38989,5.39811468124
38990,4.5920124054
38991,4.61713504791
38992,4.7889995575
38993,4.61264753342
38994,5.336810112
38995,5.18226909637
38996,70.4943695068
38997,4.89146280289
38998,5.21744728088
38999,5.37458992004
39000,4.74740743637
39001,4.55719184875
39002,4.79616785049
39003,4.8871383667
39004,34.606212616
39005,4.96928405762
39006,4.61954689026
39007,4.68440198898
39008,139.652603149
39009,5.09337091446
39010,5.01973438263
39011,8.82783794403
39012,46.6198310852
39013,4.80865001678
39014,4.73863935471
39015,31.9321899414
39016,4.94880867004
39017,20.8238010406
39018,4.71502876282
39019,4.62298965454
39020,4.52002286911
39021,4.94046974182
39022,4.94950962067
39023,7.63357019424
39024,4.67430973053
39025,69.0139465332
39026,5.44917297363
39027,4.71265649796
39028,4.57316684723
39029,23.0467948914
39030,40.7631607056
39031,5.76480197906
39032,4.92309141159
39033,4.71140050888
39034,40.7145500183
39035,5.40454769135
39036,4.64081859589
39037,5.0248875618
39038,4.7453994751
39039,9.01347827911
39040,5.55767011642
39041,7.54975509644
39042,29.5105628967
39043,63.6729545593
39044,4.72127437592
39045,4.68391990662
39046,4.55439472198
39047,4.77768325806
39048,4.83500385284
39049,4.67211532593
39050,4.58509492874
39051,4.63424301147
39052,7.54070138931
39053,21.7699985504
39054,4.65383052826
39055,7.67484855652
39056,4.59543895721
39057,4.68892669678
39058,4.76977825165
39059,4.58916664124
39060,10.2007198334
39061,4.59694957733
39062,4.72030639648
39063,6.98820304871
39064,86.4169998169
39065,4.54345417023
39066,4.71898841858
39067,5.58106327057
39068,4.58563518524
39069,4.54830694199
39070,4.6016087532
39071,5.31285667419
39072,4.67490053177
39073,4.7768702507
39074,4.77600288391
39075,4.59758377075
39076,4.654504776
39077,4.55183172226
39078,4.70850276947
39079,4.6658821106
39080,4.66918611526
39081,4.64442014694
39082,6.3198890686
39083,4.53984928131
39084,4.70383501053
39085,4.63414382935
39086,19.2266387939
39087,18.6247062683
39088,5.28073263168
39089,4.83704185486
39090,11.4091682434
39091,11.6802616119
39092,4.80741930008
39093,16.4434242249
39094,4.71441555023
39095,5.43066167831
39096,5.58958148956
39097,5.00311660767
39098,5.94304037094
39099,4.60097503662
39100,7.08676958084
39101,5.91265296936
39102,4.77113246918
39104,4.61608028412
39105,4.78201961517
39106,4.66303157806
39107,4.58250427246
39108,4.57121276855
39109,15.7387771606
39110,4.71523284912
39111,4.69431972504
39112,6.64799690247
39113,4.6752076149
39114,4.73564529419
39115,53.4989929199
39116,4.88459300995
39117,4.56898498535
39118,30.7010040283
39119,8.997631073
39120,84.407119751
39121,4.79919338226
39122,84.5923309326
39123,5.51071357727
39124,4.62711143494
39125,4.56864118576
39126,4.61862564087
39127,18.6222877502
39128,5.79611492157
39129,4.53098630905
39130,5.15854501724
39131,34.0317878723
39132,4.54401779175
39133,4.65226745605
39134,8.9112033844
39135,4.74997615814
39136,6.85366868973
39137,32.6410980225
39138,5.37240362167
39139,6.55293273926
39140,34.4431304932
39141,4.87826156616
39142,4.84516906738
39143,4.99395942688
39144,4.66523265839
39145,5.39313793182
39146,8.15336036682
39147,4.73651981354
39148,4.68117952347
39149,4.6464343071
39150,5.21152877808
39151,5.6436548233
39152,5.00832843781
39153,30.3056945801
39154,4.57185220718
39155,5.24014663696
39156,4.70992803574
39157,5.29803228378
39158,48.2246589661
39159,4.5658955574
39160,4.54159832001
39161,5.41638278961
39162,4.83259820938
39163,80.7810287476
39164,4.59595537186
39165,4.56877994537
39166,5.56102895737
39167,5.92184782028
39168,37.7350845337
39169,5.25143623352
39170,4.78987789154
39171,4.87366247177
39172,5.36564064026
39173,17.423614502
39174,4.6960849762
39175,4.61359405518
39176,4.66337871552
39177,4.91248226166
39178,5.41534996033
39179,5.32670927048
39180,4.76057243347
39181,4.57805538177
39182,4.82177352905
39183,11.8805942535
39184,4.64737987518
39185,5.27797889709
39186,4.65795707703
39187,4.92498350143
39188,5.41070747375
39189,4.71980190277
39190,4.65267562866
39191,4.51542949677
39192,4.51975631714
39193,4.57461977005
39194,5.60440158844
39195,4.57877779007
39196,5.44593667984
39197,4.49339008331
39198,5.96498060226
39199,10.7192382812
39200,11.3774013519
39201,73.9338531494
39202,4.7648768425
39203,5.14708662033
39204,106.188461304
39205,5.04965686798
39206,4.70677471161
39207,4.88764095306
39208,4.6767539978
39209,113.938667297
39210,13.303735733
39211,4.77491283417
39212,4.87995243073
39213,4.90045928955
39214,5.288189888
39215,4.61160612106
39216,5.07303476334
39217,4.62315607071
39218,4.58162641525
39219,4.5934305191
39220,5.12722873688
39221,4.5623922348
39222,4.6897726059
39223,5.3505692482
39224,5.17807340622
39225,4.95602416992
39226,5.01249885559
39227,6.29479980469
39228,5.08025360107
39229,5.52502822876
39230,15.8079166412
39231,5.04328727722
39232,5.04355859756
39233,39.8119277954
39234,4.8114824295
39235,88.1365890503
39236,29.8949623108
39237,5.08616781235
39238,4.92564964294
39239,6.17483711243
39240,4.73138523102
39241,4.66188764572
39242,4.66871547699
39243,4.64307403564
39244,4.50663948059
39245,59.62657547
39246,5.29671669006
39247,5.29850435257
39248,82.500541687
39249,27.9778499603
39250,4.7138876915
39251,21.3831672668
39252,4.6821308136
39253,5.5407409668
39254,4.83182239532
39255,74.2665939331
39256,4.86605072021
39257,5.55669116974
39258,4.58775043488
39259,5.47406387329
39260,4.68908023834
39261,5.9244184494
39262,5.00498247147
39263,4.77754878998
39264,4.76182413101
39265,4.70775556564
39266,10.3707485199
39267,4.68971443176
39268,13.3039464951
39269,5.8672504425
39270,5.36459827423
39271,4.6199760437
39272,4.72468614578
39273,4.65898561478
39274,4.60468482971
39275,4.95717430115
39276,4.70793247223
39277,10.1464920044
39278,4.66333341599
39279,5.94561386108
39280,4.52742385864
39281,4.56720161438
39282,5.09452629089
39283,5.0533952713
39284,37.5521736145
39285,4.63011074066
39286,4.75534534454
39287,4.64297866821
39288,4.70018529892
39289,5.03846931458
39290,5.4234790802
39291,6.33220291138
39292,4.72145652771
39293,4.72070598602
39294,7.33432722092
39295,4.81291627884
39296,6.23985719681
39297,4.58368062973
39298,12.0362930298
39299,7.79444885254
39300,90.844581604
39301,5.06110954285
39302,4.77785682678
39303,6.29425239563
39304,4.70995759964
39305,6.15817785263
39306,15.2387638092
39307,4.59002590179
39308,4.54789018631
39309,5.15495681763
39310,4.54154205322
39311,4.51923942566
39312,4.6427230835
39313,5.76740932465
39314,5.65430259705
39315,4.78769874573
39316,4.68848609924
39317,4.80361652374
39318,5.16633653641
39319,5.40387487411
39320,5.11149406433
39321,5.44388580322
39322,4.53461265564
39323,5.12271499634
39324,33.418674469
39325,5.43896198273
39326,5.5140504837
39327,4.84607982635
39328,4.83029174805
39329,5.82848453522
39330,5.15721178055
39331,64.1570129395
39332,125.17061615
39333,5.13159275055
39334,4.7784409523
39335,4.5244178772
39336,4.80053329468
39337,23.5697593689
39338,4.5942234993
39339,5.32415485382
39340,4.64510536194
39341,7.40738201141
39342,7.54395246506
39343,37.8509750366
39344,5.04194927216
39345,85.0610351562
39346,5.80647945404
39347,4.71186685562
39348,5.14225101471
39349,5.49940013885
39350,4.7381734848
39351,40.2134094238
39352,4.64482688904
39353,4.52952480316
39354,5.3559422493
39355,4.84243106842
39356,4.55979347229
39357,4.58927249908
39358,4.50424289703
39359,8.78860855103
39360,4.8216958046
39361,5.5314950943
39362,4.91892051697
39363,4.49883031845
39364,5.99226665497
39365,66.1266403198
39366,37.7311553955
39367,5.76901006699
39368,4.59176921844
39369,6.79515218735
39370,10.6558122635
39371,4.73385238647
39372,6.22857379913
39373,45.7892189026
39374,4.70939159393
39375,4.60623836517
39376,5.74474906921
39377,4.6005487442
39378,4.96139431
39379,53.9839744568
39380,4.99529266357
39381,5.05360507965
39382,4.6855430603
39383,65.9837799072
39384,5.70421028137
39385,4.59586572647
39386,4.53183746338
39387,4.65701770782
39388,5.64341831207
39389,4.80799627304
39390,5.7530579567
39391,6.66492176056
39392,5.10664176941
39393,4.68095159531
39394,5.36444044113
39395,4.62145853043
39396,5.53626251221
39397,4.56343507767
39398,96.0582046509
39399,66.043838501
39400,36.0292510986
39401,4.89141702652
39402,4.58716678619
39403,4.57466697693
39404,4.66985750198
39405,4.90131950378
39406,34.22108078
39407,5.4983830452
39408,4.66117238998
39409,5.09675884247
39410,4.75144958496
39411,4.56942272186
39412,29.2677574158
39413,4.851146698
39414,5.0009059906
39415,4.81055116653
39416,5.48598957062
39417,4.52426624298
39418,4.48938846588
39419,4.69930124283
39420,4.84396791458
39421,4.73026418686
39422,5.83355712891
39423,4.72743606567
39424,4.72617530823
39425,5.42524528503
39426,4.56092453003
39427,27.0002632141
39428,4.56704330444
39429,107.04119873
39430,4.69609451294
39431,4.68520498276
39432,64.091758728
39433,39.4781036377
39434,13.9353113174
39435,4.65096139908
39436,4.58539295197
39437,5.79877662659
39438,4.73858118057
39439,13.6727142334
39440,4.55102825165
39441,22.7016906738
39442,4.63723611832
39443,4.61007404327
39444,4.59096622467
39445,4.52227210999
39446,4.85764789581
39447,4.74598932266
39448,5.85565185547
39449,4.5069103241
39450,5.63630485535
39451,5.08872699738
39452,4.66982269287
39453,5.18366527557
39454,4.79345273972
39455,4.86584043503
39456,4.96383285522
39457,5.0792722702
39458,4.71015834808
39459,6.5754032135
39460,4.64624071121
39461,41.1170005798
39462,7.14220905304
39463,5.35318660736
39464,5.33849811554
39465,4.73905563354
39466,4.62111759186
39467,4.6198387146
39468,4.65767526627
39469,91.5483551025
39470,5.24929380417
39471,5.13304853439
39472,4.63238716125
39473,5.06090164185
39474,4.59085941315
39475,5.40935897827
39476,4.72580718994
39477,4.64834117889
39478,18.5752258301
39479,4.63589143753
39480,4.59147930145
39481,4.55979061127
39482,5.55074167252
39483,5.17606163025
39484,11.7274913788
39485,6.14928913116
39486,15.9369773865
39487,13.833190918
39488,69.9062652588
39489,4.57353782654
39490,4.60359668732
39491,10.9748744965
39492,4.69043922424
39493,18.8448619843
39494,4.76698303223
39495,4.56701660156
39496,4.50103521347
39497,6.22031545639
39498,4.87798690796
39499,84.4843215942
39500,4.78738927841
39501,4.65296840668
39502,4.75423145294
39503,4.57203102112
39504,9.16073608398
39505,4.84654521942
39506,4.7463388443
39507,6.0124297142
39508,4.65568780899
39509,5.65992069244
39510,50.2028579712
39511,5.70889186859
39512,16.7904453278
39513,102.038223267
39514,15.858836174
39515,161.752166748
39516,5.80861282349
39517,37.9488754272
39518,4.53598308563
39519,98.2633666992
39520,5.13614940643
39521,4.5111989975
39522,4.7261300087
39523,4.99513196945
39524,4.58870887756
39525,4.60812044144
39526,9.85157108307
39527,4.5784444809
39528,4.55973148346
39529,4.68828296661
39530,13.6466665268
39531,4.83706665039
39532,49.2315216064
39533,4.56667709351
39534,4.58255386353
39535,5.94202232361
39536,4.6175942421
39537,4.5557346344
39538,4.59287977219
39539,4.88551855087
39540,4.71284770966
39541,5.03111553192
39542,40.863822937
39543,4.66064071655
39544,123.943138123
39545,4.5665140152
39546,7.26526403427
39547,5.56783008575
39548,4.7413892746
39549,6.83183670044
39550,9.06646633148
39551,4.61609172821
39552,5.22082710266
39553,5.54349708557
39554,4.56233358383
39555,4.61281871796
39556,4.6901345253
39557,19.7882003784
39558,4.81251811981
39559,108.371955872
39560,4.54148101807
39561,12.006611824
39562,4.82733345032
39563,11.7177190781
39564,4.90796661377
39565,4.5820016861
39566,4.58251523972
39567,37.0964393616
39568,4.59009075165
39569,27.2343444824
39570,4.54048156738
39571,4.699883461
39572,109.01461792
39573,4.64259624481
39574,5.26854419708
39575,4.60154485703
39576,4.79782295227
39577,5.42715454102
39578,6.10450744629
39579,4.61745691299
39580,4.87650203705
39581,5.33096408844
39582,4.83749389648
39583,4.743309021
39584,6.24389743805
39585,4.74562597275
39586,5.91425895691
39587,4.88524055481
39588,4.52456569672
39589,5.10289478302
39590,75.9647521973
39591,5.43202257156
39592,18.4113922119
39593,4.84445714951
39594,74.5860519409
39595,4.83383464813
39596,4.79301261902
39597,4.63022851944
39598,4.75901699066
39599,6.03420257568
39600,4.70888996124
39601,4.55112934113
39602,4.85756540298
39603,4.53030872345
39604,4.80706834793
39605,4.75225925446
39606,4.60231494904
39607,4.57032775879
39608,4.54366970062
39609,6.19678163528
39610,4.79347324371
39611,5.46499443054
39612,7.66802978516
39613,22.5315513611
39614,94.8511276245
39615,60.7477607727
39616,21.329158783
39617,4.68499565125
39618,18.5265483856
39619,11.7647590637
39620,4.71666669846
39621,4.70740699768
39622,7.50857686996
39623,4.69199609756
39624,5.25385904312
39625,5.00694513321
39626,5.26766681671
39627,5.37909650803
39628,4.65140390396
39629,4.92458343506
39630,5.37743091583
39631,55.9072914124
39632,76.5561981201
39633,132.114715576
39634,4.60965251923
39635,4.74216747284
39636,4.61039400101
39637,15.5804233551
39638,30.8758392334
39639,4.56759166718
39640,4.65240812302
39641,4.61977577209
39642,4.56531000137
39643,4.8878531456
39644,5.18197870255
39645,12.7078800201
39646,5.74977636337
39647,5.83473157883
39648,4.64396381378
39649,6.26788043976
39650,99.483215332
39651,36.9058189392
39652,4.53763008118
39653,4.59817886353
39654,4.55228042603
39655,4.59947490692
39656,5.21311712265
39657,4.57157897949
39658,18.8579330444
39659,4.62866020203
39660,30.9356784821
39661,8.35288047791
39662,27.9416503906
39663,5.96218299866
39664,33.4962463379
39665,9.57605361938
39666,4.49265098572
39667,15.1714944839
39668,4.82972145081
39669,18.6580047607
39670,72.196182251
39671,27.1647567749
39672,41.6346740723
39673,72.8366317749
39674,11.1487751007
39675,5.11569309235
39676,4.55886745453
39677,5.26049804688
39678,4.53232288361
39679,10.8706531525
39680,4.63925361633
39681,54.783203125
39682,4.62719917297
39683,8.0063123703
39684,35.2496452332
39685,4.7429318428
39686,13.8136425018
39687,4.81698560715
39688,4.51201629639
39689,4.6205329895
39690,4.59174776077
39691,64.7482452393
39692,4.90109825134
39693,23.5088386536
39694,4.79583024979
39695,4.64056015015
39696,4.54956626892
39697,5.00611495972
39698,4.97742366791
39699,5.03124427795
39700,19.3079586029
39701,57.9278068542
39702,4.60350322723
39703,4.99527692795
39704,4.50660037994
39705,5.07870483398
39706,4.55315732956
39707,4.6005487442
39708,76.5882644653
39709,4.84495925903
39710,4.59593391418
39711,5.6469373703
39712,4.62528133392
39713,5.14832401276
39714,17.6909542084
39715,5.0599155426
39716,12.5754585266
39717,5.00258255005
39718,4.54826641083
39719,4.77377033234
39720,14.0566139221
39721,58.0237159729
39722,4.59512519836
39723,5.09627151489
39724,7.47883272171
39725,4.59263134003
39726,5.92918682098
39727,5.28200149536
39728,6.614153862
39729,6.01368093491
39730,5.34788990021
39731,5.55616283417
39732,5.29524326324
39733,4.55999755859
39734,9.31872749329
39735,5.2175412178
39736,44.1076164246
39737,11.0135097504
39738,5.13529348373
39739,4.73150920868
39740,16.1017799377
39741,4.56706237793
39742,4.57441902161
39743,4.85521507263
39744,12.0515041351
39745,4.58118391037
39746,4.77785634995
39747,44.4977722168
39748,4.67024326324
39749,4.62014484406
39750,4.57048940659
39751,6.47092676163
39752,33.1982574463
39753,4.60409259796
39754,5.04613399506
39755,4.60348081589
39756,6.27807712555
39757,4.75672626495
39758,5.98697042465
39759,4.72927999496
39760,4.87321233749
39761,4.65123081207
39762,6.69253444672
39763,5.13061332703
39764,37.0529022217
39765,4.86778497696
39766,4.66727256775
39767,5.60363101959
39768,138.848693848
39769,13.8387784958
39770,5.31664323807
39771,4.67858314514
39772,4.82324981689
39773,4.63123846054
39774,4.58376407623
39775,36.1130104065
39776,6.49731826782
39777,4.63779830933
39778,14.9452152252
39779,4.54893636703
39780,4.6762046814
39781,5.08590936661
39782,5.1095867157
39783,4.9981303215
39784,4.68615436554
39785,4.62122917175
39786,59.1338005066
39787,4.73305702209
39788,4.60331010818
39789,7.87894201279
39790,114.075630188
39791,5.4670791626
39792,4.6451587677
39793,6.03244781494
39794,53.5001068115
39795,4.64376735687
39796,56.2754974365
39797,4.89247846603
39798,4.72042751312
39799,4.71021318436
39800,115.407234192
39801,4.6249332428
39802,8.24358177185
39803,6.07492017746
39804,4.81536388397
39805,5.54790496826
39806,4.51411104202
39807,25.6416072845
39808,4.57766246796
39809,5.67612075806
39810,5.18484210968
39811,4.83080768585
39812,4.98909664154
39813,21.6290206909
39814,4.84214878082
39815,4.61632537842
39816,4.64479446411
39817,34.9680023193
39818,20.4470691681
39819,30.6296424866
39820,4.6615486145
39821,4.90924739838
39822,6.95726633072
39823,4.62913227081
39824,4.64696264267
39825,4.74647760391
39826,5.10372447968
39827,5.33750724792
39828,90.0872879028
39829,4.52764987946
39830,126.603134155
39831,4.52987480164
39832,5.7484459877
39833,16.6797981262
39834,4.65690231323
39835,4.68860149384
39836,4.56617212296
39837,4.65837049484
39838,4.59816551208
39839,4.66979026794
39840,8.98221206665
39841,4.67292261124
39842,4.73604297638
39843,4.94662666321
39844,5.20735502243
39845,4.59698104858
39846,8.19972705841
39847,4.58628845215
39848,5.04046154022
39849,4.73350429535
39850,4.88529682159
39851,5.32435083389
39852,68.2105560303
39853,87.0025939941
39854,4.58163070679
39855,5.01806259155
39856,5.55863571167
39857,4.78206443787
39858,5.71884393692
39859,76.8743362427
39860,18.8116855621
39861,13.6546268463
39862,4.63283443451
39863,17.1142215729
39864,4.76570701599
39865,4.5596075058
39866,4.56029129028
39867,4.76791095734
39868,5.15813779831
39869,4.56749868393
39870,4.5705537796
39871,4.5568819046
39872,24.5025577545
39873,4.7844042778
39874,4.53567361832
39875,5.24736213684
39876,16.7197360992
39877,5.60845184326
39878,4.51047325134
39879,5.55229377747
39880,4.55265617371
39881,4.58208370209
76637,4.91021871567
76638,177.602676392
76640,119.775756836
76641,4.81273889542
76642,4.82062673569
76643,4.6648888588
76644,5.48337745667
76645,222.166992188
76646,5.36490917206
76647,4.7020368576
76648,25.9820194244
76649,4.99052143097
76650,5.25482177734
76651,5.87323188782
76652,5.98797988892
76653,10.2524213791
76654,5.95441532135
76655,5.20768213272
76656,4.70903730392
76657,5.14498519897
76658,4.60616016388
76659,5.70177936554
76660,4.714366436
76661,4.5513086319
76662,5.18176841736
76663,22.799955368
76664,63.9450798035
76665,4.55139827728
76666,27.8067951202
76667,37.2120666504
76668,115.077919006
76669,5.68403720856
76670,5.27733659744
76671,6.43254852295
76672,4.63965702057
76673,5.2951259613
76674,54.7281723022
76675,4.83790969849
76676,190.947219849
76677,21.3469333649
76678,10.8492870331
76679,6.41983366013
76680,4.84382343292
76681,5.01061439514
76682,6.19455242157
76683,4.70721054077
76684,4.97794723511
76685,4.60024404526
76686,34.8687782288
76687,5.08366203308
76688,4.65409946442
76689,5.02527141571
76690,4.96503067017
76691,5.01039075851
76692,10.245306015
76693,5.673787117
76694,63.2299461365
76695,4.70967102051
76696,5.01666164398
76697,11.9824237823
76698,4.45229434967
76699,6.0552740097
76700,6.22136163712
76701,6.09826374054
76702,5.22065258026
76703,4.60133361816
76704,4.59336185455
76705,245.767532349
76706,4.66713428497
76707,5.90826797485
76708,5.87892723083
76709,5.30269241333
76710,210.804534912
76711,4.76961326599
76712,5.01777839661
76713,4.71909475327
76714,90.2722015381
76715,56.9993591309
76716,4.69555854797
76717,5.8118391037
76718,5.945271492
76719,6.18067884445
76720,4.53357887268
76721,5.41634464264
76722,4.67643737793
76723,4.69584035873
76724,5.10566091537
76725,4.71883010864
76726,4.66909313202
76727,5.00901222229
76728,56.6389923096
76729,7.28076219559
76730,91.8602218628
76731,5.46239089966
76732,5.72307109833
76733,5.36420488358
76734,5.67353820801
76735,4.61878633499
76736,4.59539985657
76737,5.33264160156
76738,5.05321455002
76739,23.1083717346
76740,4.78795719147
76741,5.04021596909
76742,8.2316570282
76743,4.5558385849
76744,4.78243255615
76745,4.87917804718
76746,108.919830322
76747,78.9731521606
76748,8.29918575287
76749,4.99504184723
76750,4.48172187805
76751,4.88154888153
76752,5.37002134323
76753,5.76300096512
76754,4.88686275482
76755,4.8886423111
76756,5.75698184967
76757,4.74413967133
76758,5.34492540359
76759,7.52081298828
76760,4.78542709351
76761,4.77516555786
76762,4.59482765198
76763,5.13292169571
76764,36.677772522
76765,7.56815338135
76766,4.76340532303
76767,307.097290039
76768,7.92013931274
76769,4.52260446548
76770,61.5763130188
76771,69.6085205078
76772,4.69146585464
76773,4.95630979538
76774,23.8138961792
76775,7.26032400131
76776,4.87343645096
76777,7.73661994934
76778,12.4486846924
76779,5.27406692505
76780,4.90034580231
76781,16.477804184
76782,4.79348325729
76783,4.8071937561
76784,5.48244094849
76785,6.89545726776
76786,10.5203094482
76787,30.2025527954
76788,4.75248384476
76789,177.184234619
76790,21.7141036987
76791,13.7409029007
76792,4.72764348984
76793,4.9476351738
76794,4.74989795685
76795,4.80862140656
76796,5.30563402176
76797,6.4516210556
76798,5.48093271255
76799,12.9173374176
76800,5.552485466
76801,4.68087863922
76802,4.64079761505
76803,5.37558937073
76804,4.60492134094
76805,187.582763672
76806,4.65172815323
76807,6.0750875473
76808,50.2264709473
76809,4.77820158005
76810,4.85555458069
76811,5.37646770477
76812,4.60667085648
76813,6.18428707123
76814,4.70415019989
76815,4.70944833755
76816,5.54409313202
76817,4.99367666245
76818,13.7926616669
76819,6.42404031754
76820,5.18224143982
76821,12.5940847397
76822,26.2169399261
76823,4.88656139374
76824,4.87423324585
76825,5.13617706299
76826,4.88610219955
76827,26.0497932434
76828,80.799079895
76829,4.79661178589
76830,61.1507644653
76831,6.22236061096
76832,111.817298889
76833,7.48956298828
76834,4.9193944931
76835,5.54028844833
76836,4.80606222153
76837,5.18138408661
76838,4.82050609589
76839,5.08904075623
76840,5.38109064102
76841,4.70632886887
76842,4.49460124969
76843,5.67647743225
76844,4.76475477219
76845,5.01396942139
76846,150.417739868
76847,4.68393802643
76848,56.3340568542
76849,4.89561319351
76850,6.02081680298
76851,4.59548044205
76852,4.83026218414
76853,4.50306987762
76854,4.60832023621
76855,4.69892072678
76856,18.0407543182
76857,12.3509616852
76858,4.80159759521
76859,169.904769897
76860,4.58797931671
76861,4.67753601074
76862,12.1029567719
76863,4.66707086563
76864,4.6455450058
76865,4.606320858
76866,5.54681921005
76867,4.59756088257
76868,187.202697754
76869,54.0474243164
76870,6.42333507538
76871,4.86568975449
76872,5.01948785782
76873,199.081176758
76874,135.782531738
76875,13.5836734772
76876,4.79040431976
76877,4.53367853165
76878,223.145553589
76879,4.74479007721
76880,162.520111084
76881,36.5314559937
76882,30.5604324341
76883,59.9093475342
76884,5.95306873322
76885,4.74948596954
76886,4.68590354919
76887,4.74478006363
76888,5.0456571579
76889,14.4633331299
76890,6.75799369812
76891,5.19076538086
76892,4.8003950119
76893,4.64721870422
76894,25.3587932587
76895,5.60836791992
76896,4.57544660568
76897,282.274230957
76898,4.62003040314
76899,142.220687866
76900,5.05110645294
76901,192.512741089
76902,5.02224445343
76903,5.00898838043
76904,4.9933924675
76905,105.952636719
76906,60.6078948975
76907,4.62335300446
76908,5.08496999741
76909,33.4223327637
76910,12.3930330276
76911,5.14119529724
76912,4.61797809601
76913,12.4606494904
76914,5.02698993683
76915,4.94636201859
76916,4.89322376251
76917,192.80758667
76918,4.97154426575
76919,4.87177753448
76920,4.55736064911
76921,5.0035367012
76922,4.86406421661
76923,4.74399185181
76924,4.69704151154
76925,4.64914321899
76926,6.81995773315
76927,4.83843994141
76928,4.92963600159
76929,4.86636352539
76930,5.02879953384
76931,5.2154712677
76932,38.3231735229
76933,5.35525989532
76934,27.6041507721
76935,4.62825155258
76936,4.69277620316
76937,4.70886325836
76938,5.1596698761
76939,4.59166383743
76940,4.6125087738
76941,4.63512277603
76942,5.89134263992
76943,6.35782241821
76944,4.77561473846
76945,5.77086162567
76946,4.59539604187
76947,4.65008163452
76948,59.8075828552
76949,6.34534740448
76950,6.09377384186
76951,4.61492729187
76952,6.22985363007
76953,4.91982650757
76954,4.65174102783
76955,6.81181240082
76956,58.5235061646
76957,5.1457567215
76958,4.84551143646
76959,12.8724565506
76960,113.0858078
76961,5.12295150757
76962,4.9985909462
76963,5.22653055191
76964,7.06984090805
76965,4.64577293396
76966,127.383682251
76967,4.63988351822
76968,4.7085146904
76969,5.65882635117
76970,5.97073173523
76971,58.8833084106
76972,4.81210899353
76973,4.69753742218
76974,5.11101150513
76975,4.97663593292
76976,7.62810707092
76977,11.7029800415
76978,4.60429763794
76979,4.7657661438
76980,6.49197435379
76981,4.75614500046
76982,4.53219509125
76983,101.724266052
76984,191.196929932
76985,4.91679286957
76986,4.67768764496
76987,4.96283912659
76988,12.7749929428
76989,4.87831878662
76990,5.42559814453
76991,4.58153057098
76992,4.76156044006
76993,4.74921226501
76994,105.566291809
76995,6.12042331696
76996,4.63700056076
76997,4.91161441803
76998,4.72540187836
76999,4.7026257515
77000,4.77021360397
77001,4.69082307816
77002,5.12357807159
77003,4.79014492035
77004,11.1215858459
77005,4.73649501801
77006,4.61225128174
77007,4.58449602127
77008,4.8742980957
77009,5.20255947113
77010,4.59669876099
77011,6.58084201813
77012,5.54512548447
77013,8.04698085785
77014,5.73372364044
77015,5.11600923538
77016,4.86492872238
77017,294.256988525
77018,4.6537322998
77019,59.6932029724
77020,4.88756084442
77021,6.33005237579
77022,5.49127960205
77023,4.76656246185
77024,5.15658664703
77025,4.63242864609
77026,4.54682540894
77027,4.51645421982
77028,4.54864835739
77029,4.84092998505
77030,5.89639949799
77031,5.05982780457
77032,5.19343185425
77033,4.61483478546
77034,15.6229734421
77035,5.17853021622
77036,4.55987548828
77037,4.87186050415
77038,5.6228966713
77039,4.82040977478
77040,4.82733535767
77041,4.65464925766
77042,4.59343147278
77043,181.29019165
77044,4.82253980637
77045,4.59907150269
77046,4.63430404663
77047,61.1566352844
77048,171.033355713
77049,13.4971561432
77050,8.73351097107
77051,5.02013206482
77052,4.95327949524
77053,4.98184728622
77054,6.08961248398
77055,5.39081096649
77056,203.510818481
77057,214.379348755
77058,5.96130561829
77059,12.4392681122
77060,4.65373754501
77061,5.66442108154
77062,5.58747577667
77063,5.70760440826
77064,4.89118099213
77065,4.86996412277
77066,8.3015871048
77067,5.16141176224
77068,4.70242023468
77069,4.59692573547
77070,4.67346143723
77071,4.84673881531
77072,4.96783781052
77073,4.88177680969
77074,16.7240829468
77075,4.89451313019
77076,178.614532471
77077,5.07518672943
77078,5.29889392853
77079,4.88511371613
77080,5.17963075638
77081,5.23529195786
77082,5.18466472626
77083,5.28652095795
77084,4.92729568481
77085,5.11579036713
77086,4.90267562866
77087,6.28625679016
77088,4.79178333282
77089,40.3711624146
77090,12.0656890869
77091,121.417045593
77092,10.6597366333
77093,20.3518695831
77094,6.02612781525
77095,4.62490081787
77096,4.68736314774
77097,5.28869962692
77098,85.7172164917
77099,5.46962356567
77100,6.97590017319
77101,6.92733240128
77102,71.9079742432
77103,5.04875183105
77104,4.67806720734
77105,4.89300727844
77106,6.16587734222
77107,5.41295051575
77108,4.61204910278
77109,4.64682865143
77110,4.54655456543
77111,4.56723976135
77112,5.33585643768
77113,4.75051593781
77114,4.9761838913
77115,36.2997322083
77116,291.364562988
77117,5.03276729584
77118,61.4159011841
77119,4.73197221756
77120,182.417236328
77121,5.36201763153
77122,202.659439087
77123,4.92145109177
77124,60.7135009766
77125,4.59663677216
77126,6.26546573639
77127,4.64895153046
77128,136.916687012
77129,5.26583003998
77130,5.02280521393
77131,254.715744019
77132,4.61331129074
77133,86.5529251099
77134,4.84845352173
77135,4.81029319763
77136,4.62780809402
77137,79.7268218994
77138,5.50135660172
77139,31.5899085999
77140,4.94616651535
77141,90.6919174194
77142,4.94905948639
77143,5.07104969025
77144,5.05019378662
77145,4.82014608383
77146,5.10773706436
77147,52.9195327759
77148,4.82878017426
77149,4.84971857071
77150,4.93936061859
77151,4.99520778656
77152,4.54765415192
77153,105.964569092
77154,52.55128479
77155,5.35558700562
77156,366.896820068
77157,4.55679655075
77158,5.18895578384
77159,7.20197105408
77160,4.9705696106
77161,4.6246099472
77162,6.77339458466
77163,4.84851169586
77164,4.91039943695
77165,4.75915002823
77166,4.5535326004
77167,10.6426906586
77168,4.72545051575
77169,4.59828233719
77170,4.99119377136
77171,4.83363437653
77172,4.65151691437
77173,4.67622613907
77174,56.0670089722
77175,5.13882875443
77176,5.05620479584
77177,4.58343982697
77178,4.75751686096
77179,11.357919693
77180,4.70408535004
77181,6.33152770996
77182,4.55933094025
77183,4.64206886292
77184,9.02554512024
77185,4.68334579468
77186,4.63019037247
77187,4.81484127045
77188,178.962356567
77189,4.75431632996
77190,4.98567581177
77191,5.84270334244
77192,4.9509267807
77193,53.6976280212
77194,4.89724159241
77195,138.186264038
77196,5.1335401535
77197,39.9619598389
77198,4.71901988983
77199,5.3931350708
77200,12.3097105026
77201,4.86080646515
77202,4.607609272
77203,5.82900714874
77204,34.2036552429
77205,9.68681526184
77206,4.94614505768
77207,231.897659302
77208,4.7556438446
77209,16.2502746582
77210,4.92975902557
77211,5.47373104095
77212,4.8712182045
77213,4.67282009125
77214,6.30661773682
77215,5.04408788681
77216,13.1702594757
77217,30.3196334839
77218,5.19133281708
77219,24.7718734741
77220,5.05365657806
77221,4.846824646
77222,200.14352417
77223,52.638633728
77224,4.70771312714
77225,131.610473633
77226,18.943025589
77227,4.81027555466
77228,6.99574899673
77229,4.90864133835
77230,16.4929389954
77231,5.10628986359
77232,92.308265686
77233,5.04472351074
77234,5.03553581238
77235,10.6576118469
77236,6.64582252502
77237,5.3478307724
77238,4.58781003952
77239,5.11077213287
77240,4.62768268585
77241,5.07604026794
77242,36.4660797119
77243,4.57423734665
77244,4.79349517822
77245,4.85459709167
77246,7.5578045845
77247,136.778717041
77248,4.86115694046
77249,12.2994165421
77250,4.77087879181
77251,5.03248596191
77252,302.555938721
77253,9.6365480423
77254,5.14392948151
77255,4.61862564087
77256,5.48298454285
77257,6.07991886139
77258,228.850799561
77259,4.52583789825
77260,4.76990795135
77261,4.71536922455
77262,5.2482843399
77263,4.7279009819
77264,4.52156543732
77265,4.68903207779
77266,37.79296875
77267,5.44024515152
77268,6.39619159698
77269,4.77018451691
77270,5.90774726868
77271,4.57166481018
77272,4.81181192398
77273,4.54331636429
77274,7.22502470016
77275,5.38293600082
77276,10.7104873657
77277,43.5475082397
77278,4.59519767761
77279,5.19396400452
77280,4.86789798737
77281,48.8219108582
77282,4.99220848083
77283,4.90424871445
77284,128.336608887
77285,5.2106013298
77286,4.58075094223
77287,7.43827867508
77288,5.01532554626
77289,5.04000473022
77290,4.96603107452
77291,251.154418945
77292,46.3562812805
77293,4.78764724731
77294,4.7236661911
77295,56.7901344299
77296,4.7645316124
77297,4.65575647354
77298,4.85263252258
77299,5.04765415192
77300,5.03347349167
77301,5.74800872803
77302,5.00761890411
77303,4.97825813293
77304,4.64270496368
77305,7.38566684723
77306,4.71730899811
77307,6.61125326157
77308,57.0782775879
77309,81.4483642578
77310,4.60911178589
77311,4.60757350922
77312,4.93054962158
77313,4.77672576904
77314,5.37530946732
77315,6.3356924057
77316,4.50678014755
77317,5.05185413361
77318,4.58459854126
77319,202.963241577
77320,4.77507686615
77321,5.39228916168
77322,4.68619823456
77323,4.65899419785
77324,74.8266830444
77325,4.99827384949
77326,4.76930999756
77327,4.64162349701
77328,277.651733398
77329,307.565917969
77330,4.9270863533
77331,4.76871204376
77332,256.305450439
77333,4.60009431839
77334,4.93530464172
77335,33.7294921875
77336,4.8670835495
77337,5.16408872604
77338,4.85773086548
77339,5.96949291229
77340,4.82637691498
77341,5.02896881104
77342,4.74587965012
77343,5.05900859833
77344,12.136264801
77345,244.946578979
77346,13.8393859863
77347,4.70891857147
77348,19.7717018127
77349,5.13067531586
77350,4.53494215012
77351,56.6756134033
77352,4.97132873535
77353,4.6945734024
77354,5.15568447113
77355,5.50879573822
77356,27.048034668
77357,5.59947538376
77358,4.85487985611
77359,325.149780273
77360,4.57819652557
77361,37.1494483948
77362,5.15467739105
77363,5.55106067657
77364,13.9403142929
77365,13.8202733994
77366,4.62679815292
77367,5.29765462875
77368,4.79932785034
77369,4.97241353989
77370,4.904276371
77371,5.67059612274
77372,4.58996629715
77373,10.4964380264
77374,30.1298332214
77375,24.7177791595
77376,41.1970710754
77377,38.5173072815
77378,7.49792003632
77379,121.831611633
77380,6.68122291565
77381,5.81189012527
77382,14.5524520874
77383,4.94526529312
77384,5.15290927887
77385,5.53165149689
77386,36.3854255676
77387,4.65582752228
77388,230.85597229
77389,6.69521760941
77390,7.18786144257
77391,5.84276342392
77392,9.09043884277
77393,4.70635318756
77394,17.6709518433
77395,7.25964641571
77396,4.73414802551
77397,5.68300390244
77398,42.0798072815
77399,6.11818695068
77400,27.4384632111
77401,4.52335786819
77402,5.53313398361
77403,6.87417507172
77404,20.8990459442
77405,6.47894954681
77406,4.57154560089
77407,4.99934101105
77408,4.66150712967
77409,6.09172153473
77410,6.11147356033
77411,14.4186325073
77412,4.72362232208
77413,6.81563138962
77414,4.83965206146
77415,4.78200435638
77416,6.98441648483
77417,6.10810852051
77418,9.35566234589
77419,9.22045230865
77420,145.242965698
77422,4.69494247437
77423,4.89140892029
77424,214.94229126
77425,5.16353034973
77426,29.7306938171
77427,32.6362953186
77428,4.7149848938
77429,240.47315979
77430,4.77873134613
77431,78.5412826538
77432,4.9120721817
77433,11.1292295456
77434,157.577194214
77435,16.0582008362
77436,6.46205234528
77437,5.30766057968
77438,8.72081756592
77439,5.03653430939
77440,4.74996995926
77441,5.25806713104
77442,51.2345199585
77443,6.39881706238
77444,87.9335479736
77445,5.1523308754
77446,4.82500839233
77447,4.70280170441
77448,5.05351638794
77449,4.69999408722
77450,4.62653493881
77451,4.75507640839
77452,387.993377686
77453,4.76667928696
77454,5.26735591888
77455,6.58921051025
77456,27.8521022797
77457,5.06217670441
77458,5.80187988281
77459,4.68918943405
77460,34.3769683838
77461,4.67161512375
77462,6.12747192383
77463,5.01841259003
77464,5.28580713272
77465,4.8492732048
77466,5.50701999664
77467,68.8271408081
77468,5.51282787323
77469,4.68200969696
77470,4.77851295471
77471,5.03672552109
77472,5.92725229263
77473,4.51312494278
77474,5.37676525116
77475,5.0398015976
77476,4.63976573944
77477,5.10360383987
77478,4.72676944733
77479,4.81270122528
77480,5.58227729797
77481,5.9245018959
77482,4.62096357346
77483,4.89647388458
77484,6.75798606873
77485,4.9377822876
77486,151.797821045
77487,12.5011234283
77488,14.8941192627
77489,4.87079524994
77490,125.767021179
77491,173.169723511
77492,219.524017334
77493,321.773010254
77494,415.846862793
77495,5.17293548584
77496,5.24269104004
77497,5.00668621063
77498,4.74272823334
77499,4.52866220474
77500,7.61428451538
77501,101.918289185
77502,5.2855963707
77503,6.01467418671
77504,31.0275859833
77505,4.92514896393
77506,4.85995674133
77507,49.7340545654
77508,43.5076293945
77509,219.110351562
77510,80.6783065796
77511,4.7826423645
77512,4.65534877777
77513,4.83522176743
77514,5.02729988098
77515,6.17128562927
77516,4.63433933258
77517,4.92627429962
77518,4.67290019989
77519,20.2959327698
77520,21.4292411804
77521,30.353559494
77522,129.155639648
77523,4.54643726349
77524,21.042137146
77525,11.1518745422
77526,14.3412714005
77527,4.61596632004
77528,147.526702881
77529,5.5820555687
77530,4.72425222397
77531,5.8413643837
77532,5.25196504593
77533,4.94135808945
77534,4.65412807465
77535,4.64350509644
77536,5.62061977386
77537,4.93092012405
77538,18.7012348175
77539,6.01921463013
77540,9.61789512634
77541,5.99632167816
77542,4.71012306213
77543,115.693733215
77544,5.03934192657
77545,4.6955242157
77546,164.927856445
77547,127.446960449
77548,8.78605270386
77549,6.46915960312
77550,5.0558423996
77551,151.0703125
77552,99.1528015137
77553,5.0180644989
77554,4.58861637115
77555,15.5185031891
77556,7.05611944199
77557,6.13654327393
77558,4.65234661102
77559,4.59744167328
77560,4.98610782623
77561,5.88921833038
77562,197.803924561
77563,7.80626106262
77564,4.79460334778
77565,4.48230886459
77566,4.73186397552
77567,21.3379077911
77568,40.2331466675
77569,12.1426067352
77570,4.55552101135
77571,13.0032730103
77572,27.7469177246
77573,5.17775344849
77574,6.89606571198
77575,53.4809570312
77576,4.5724029541
77577,5.03124952316
77578,5.3108959198
77579,4.64487552643
77580,5.9218711853
77581,115.339019775
77582,320.183135986
77583,25.5563278198
77584,9.84282302856
77585,4.95754623413
77586,5.50276279449
77587,6.71227836609
77588,6.92878675461
77589,5.54929828644
77590,10.5395755768
77591,29.4071846008
77592,5.13794612885
77593,118.813697815
77594,30.1302814484
77595,76.6371917725
77596,4.73973083496
77597,5.38724756241
77598,6.01486587524
77599,5.56913757324
77600,7.80257129669
77601,4.81613636017
77602,4.6396317482
77603,4.60947322845
77604,7.60361099243
77605,100.78099823
77606,5.31935119629
77607,6.4301609993
77608,18.702249527
77609,4.79955673218
77610,17.0319690704
77611,4.96305847168
77612,6.61129426956
77613,5.92518997192
77614,4.53361701965
77615,22.7627716064
77616,5.61892223358
77617,4.77600955963
77618,12.1345491409
77619,4.71874141693
77620,4.90335083008
77621,67.1744232178
77622,43.6713676453
77623,5.06558179855
77624,4.56307888031
77625,5.41674184799
77626,4.64754772186
77627,42.3476982117
77628,4.98709106445
77629,4.69917345047
77630,33.0064239502
77631,6.66115188599
77632,4.57936048508
77633,18.349609375
77634,4.76294898987
77635,4.80813884735
77636,4.58067989349
77637,8.59879589081
77638,4.50829315186
77639,4.83669757843
77640,201.847412109
77641,4.69034671783
77642,5.74186992645
77643,4.90314865112
77644,5.36604690552
77645,4.6789560318
77646,5.72227478027
77647,4.7122631073
77648,9.86274433136
77649,5.42408370972
77650,11.7530832291
77651,5.05500125885
77652,4.58105516434
77653,6.09055328369
77654,5.27604198456
77655,4.86675214767
77656,181.039886475
77657,4.83272838593
77658,4.65511894226
77659,5.13571643829
77660,4.70035934448
77661,4.94563150406
77662,4.6813044548
77663,4.74450683594
77664,17.2604866028
77665,5.07762670517
77666,4.64267206192
77667,4.73809671402
77668,4.85079860687
77669,57.0435333252
77670,4.79599237442
77671,5.37102985382
77672,4.64454460144
77673,162.814437866
77674,4.76478385925
77675,8.5263967514
77676,4.58801221848
77677,7.10806369781
77678,5.91283273697
77679,25.8715000153
77680,5.79016780853
77681,164.901367188
77682,49.3047866821
77683,5.72190093994
77684,7.68616104126
77685,56.983215332
77686,5.18561172485
77687,7.66696166992
77688,18.4739151001
77689,30.9855537415
77690,5.58308029175
77691,4.91562509537
77692,211.3021698
77693,8.91271686554
77694,6.41515541077
77695,19.1610012054
77696,120.900558472
77697,4.62248134613
77698,68.9361190796
77699,5.46069383621
77700,4.62908124924
77701,13.3169841766
77702,4.69793796539
77703,7.13641929626
77704,235.017562866
77705,18.317281723
77706,5.58856248856
77707,7.92587947845
77708,6.16851043701
77709,4.83280467987
77710,4.48126792908
77711,23.0092506409
77712,6.70280838013
77713,4.45144748688
77714,5.03309488297
77715,4.80418205261
77716,221.650131226
77717,5.24464559555
77718,92.6174697876
77719,4.68221759796
77720,4.99422597885
77721,6.4891910553
77722,217.72517395
77723,4.69579029083
77724,4.56005191803
77725,4.77540016174
77726,4.98412466049
77727,18.7019004822
77728,4.61830425262
77729,4.60143470764
77730,5.45717716217
77731,75.3303604126
77732,4.70409488678
77733,4.83665466309
77734,4.69462203979
77735,7.84295845032
77736,4.97846412659
77737,281.491943359
77738,5.85923576355
77739,4.78438949585
77740,4.65745258331
77741,4.77538919449
77742,4.89009571075
77743,5.71292686462
77744,7.5860915184
77745,6.96046924591
77746,4.78628396988
77747,160.038116455
77748,6.9620013237
77749,26.3537139893
77750,6.1407289505
77751,4.88763237
77752,10.7496109009
77753,4.86395788193
77754,4.92101192474
77755,4.98573684692
77756,7.32119035721
77757,30.2881717682
77758,5.02922153473
77759,4.7550907135
77760,4.55793476105
77761,6.07157039642
77762,5.3587141037
77763,4.70180511475
77764,4.57689476013
77765,4.95106649399
77766,9.04847049713
77767,139.469177246
77768,6.7825345993
77769,4.79692649841
77770,6.37949323654
77771,6.36468029022
77772,4.58044433594
77773,121.414497375
77774,208.820663452
77775,4.57463026047
77776,88.7722854614
77777,4.80203819275
77778,4.62357139587
77779,4.83866596222
77780,104.46736145
77781,151.312469482
77782,17.1129875183
77783,6.30814743042
77784,7.51099157333
77785,29.8874950409
77786,4.69742298126
77787,210.490402222
77788,4.71504831314
77789,4.77199268341
77790,4.65538215637
77791,11.633685112
77792,4.58833169937
77793,4.55878543854
77794,21.4951095581
77795,4.72795009613
77796,6.54669713974
77797,12.3464775085
77798,5.99505233765
77799,5.57054233551
77800,6.04465293884
77801,4.81428956985
77802,176.800216675
77803,4.86610937119
77804,6.34479904175
77805,18.3098468781
77806,4.7472782135
77807,4.75545406342
77808,5.09979438782
77809,5.16096782684
77810,4.52199888229
77811,4.76950311661
77812,5.16662597656
77813,5.15132856369
77814,4.73970842361
77815,5.84699678421
77816,5.69960927963
77817,4.60351657867
77818,4.75448560715
77819,82.2656555176
77820,4.78589248657
77821,6.06651592255
77822,4.89985466003
77823,84.2323913574
77824,6.83599424362
77825,6.73768234253
77826,4.73566150665
77827,12.7273654938
77828,4.97111320496
77829,4.97936153412
77830,6.46249961853
77831,38.7027130127
77832,5.58128452301
77833,4.81989860535
77834,55.5681419373
77835,4.68539524078
77836,4.9170331955
77837,7.78779172897
77838,5.27268123627
77839,77.584815979
77840,43.3882369995
77841,4.88198900223
77842,4.59664344788
77843,4.54061889648
77844,140.356750488
77845,5.16226673126
77846,28.0161437988
77847,4.79813194275
77848,4.89866161346
77849,6.18886470795
77850,4.73139238358
77851,5.04150438309
77852,4.63028907776
77853,4.89166212082
77854,5.66396379471
77855,5.8722205162
77856,6.42595815659
77857,4.67991924286
77858,4.80070114136
77859,6.25038146973
77860,5.57310724258
77861,28.5895328522
77862,316.55456543
77863,7.32996702194
77864,4.91403102875
77865,4.81028556824
77866,4.87808513641
77867,102.417945862
77868,59.1218070984
77869,4.65308380127
77870,5.91075134277
77871,6.08804416656
77872,5.00131082535
77873,5.22732400894
77874,208.840408325
77875,4.72947216034
77876,4.6640586853
77877,5.41547775269
77878,4.61228895187
77879,5.23041915894
77880,154.214599609
77881,5.22745895386
77882,4.66067171097
77883,5.89405155182
77884,4.71976184845
77885,4.90517997742
77886,4.55250406265
77887,4.90534114838
77888,5.11885547638
77889,4.88531303406
77890,166.638916016
77891,5.12363576889
77892,33.7788391113
77893,4.71239900589
77894,243.777359009
77895,4.519135952
77896,12.6223449707
77897,5.87914657593
77898,6.0990023613
77899,11.4675617218
77900,5.01444530487
77901,7.0172586441
77902,254.517684937
77903,32.4643707275
77904,9.16523075104
77905,38.9630584717
77906,4.94028377533
77907,5.38637542725
77908,4.8217830658
77909,179.105545044
77910,5.41225767136
77911,4.69548511505
77912,4.5810842514
77913,4.75484609604
77914,4.56831598282
77915,4.72131252289
77916,5.43789625168
77917,4.5808930397
77918,5.61480712891
77919,4.522605896
77920,4.76013469696
77921,4.61924982071
77922,4.62988567352
77923,4.84703159332
77924,57.1976699829
77925,4.90186595917
77926,4.60467481613
77927,8.09444236755
77928,78.2451858521
77929,129.820266724
77930,19.1970214844
77931,4.63091564178
77932,4.75281190872
77933,4.78166103363
77934,4.8975687027
77935,24.8839092255
77936,4.62076091766
77937,10.7397432327
77938,5.1013507843
77939,7.17014455795
77940,4.52449274063
77941,4.64513015747
77942,114.652839661
77943,202.437103271
77944,4.63702726364
77945,5.80614566803
77946,33.3708229065
77947,5.53041219711
77948,5.44499826431
77949,5.17034769058
77950,5.28113937378
77951,36.9195632935
77952,6.28841686249
77953,4.57523345947
77954,5.69612026215
77955,5.11056423187
77956,5.02990245819
77957,5.79359817505
77958,5.1759223938
77959,4.7360701561
77960,113.435844421
77961,4.84921073914
77962,177.908905029
77963,4.89917182922
77964,161.203277588
77965,4.57796096802
77966,4.99926710129
77967,105.127944946
77968,4.94305419922
77969,4.79182052612
77970,4.60742282867
77971,35.1115875244
77972,7.65515327454
77973,12.4713001251
77974,4.86394071579
77975,112.408409119
77976,292.141113281
77977,4.65127086639
77978,5.08538007736
77979,4.79949760437
77980,4.98980093002
77981,4.91501808167
77982,5.12479400635
77983,6.63627815247
77984,22.9600830078
77985,5.03709220886
77986,5.28117656708
77987,19.5227375031
77988,4.75375699997
77989,4.87483692169
77990,4.62200784683
77991,4.94930648804
77992,5.09204959869
77993,4.96942710876
77994,75.7898483276
77995,4.88952922821
77996,18.4164276123
77997,10.4902038574
77998,4.58782482147
77999,4.78468561172
78000,5.51895427704
78001,125.29511261
78002,22.5777759552
78003,4.66976213455
78004,4.62910652161
78005,175.757324219
78006,4.78932857513
78007,5.63666534424
78008,16.3729133606
78009,134.393554688
78010,4.81588602066
78011,5.13548898697
78012,35.016998291
78013,4.5671081543
78014,4.86671113968
78015,4.80149078369
78016,4.83816766739
78017,5.07807064056
78018,12.5177240372
78019,4.69181013107
78020,44.525554657
78021,4.49873542786
78022,6.30765628815
78023,4.87514686584
78024,18.101360321
78025,193.5887146
78026,78.6947555542
78027,4.79736995697
78028,5.05670213699
78029,8.87268829346
78030,88.972328186
78031,7.04661369324
78032,9.0626373291
78033,5.17314815521
78034,23.3095932007
78035,23.4801654816
78036,5.19204425812
78037,4.89707756042
78038,4.64099693298
78039,4.53939342499
78040,5.3711848259
78041,82.5330734253
78042,4.58051252365
78043,34.9542045593
78044,46.8411636353
78045,4.71107292175
78046,6.25933551788
78047,16.4044723511
78048,118.686378479
78049,23.7326278687
78050,62.1305541992
78051,5.38061952591
78052,5.002368927
78053,162.26449585
78054,5.42585659027
78055,7.18332004547
78056,4.68133878708
78057,197.281829834
78058,50.4136505127
78059,4.93867301941
78060,5.29392337799
78061,4.62661838531
78062,4.60281944275
78063,4.85822963715
78064,4.64572525024
78065,104.464111328
78066,6.76787090302
78067,24.7288761139
78068,8.67590236664
78069,4.85768985748
78070,337.422729492
78071,6.2644610405
78072,4.82426452637
78073,4.84124088287
78074,28.0404911041
78075,4.60700178146
78076,5.03673934937
78077,5.22053050995
78078,107.59903717
78079,112.925392151
78080,5.20906066895
78081,5.52503728867
78082,4.99689912796
78083,4.85568666458
78084,4.74306440353
78085,5.2088136673
78086,4.63389158249
78087,57.5390968323
78088,4.90280151367
78089,5.10732221603
78090,4.75272464752
78091,322.143676758
78092,4.86323928833
78093,4.61960077286
78094,5.10232639313
78095,78.7143554688
78096,4.97370147705
78097,5.37848758698
78098,5.06879425049
78099,12.3863182068
78100,10.9025239944
78101,114.044403076
78102,4.78647613525
78103,5.21091222763
78104,88.0190429688
78105,6.09169387817
78106,112.423347473
78107,4.85626029968
78108,55.7014427185
78109,5.64461517334
78110,23.4307937622
78111,5.32136297226
78112,4.59384155273
78113,39.5677337646
78114,4.91020774841
78115,4.88423538208
78116,5.53127336502
78117,4.99319267273
78118,4.71731281281
78119,4.84250164032
78120,5.15115642548
78121,12.2500686646
78122,4.86842679977
78123,296.741943359
78124,4.89195299149
78125,92.2543487549
78126,14.6951446533
78127,4.79833889008
78128,5.47846317291
78129,6.56150054932
78130,5.01786994934
78131,4.66159248352
78132,4.74962902069
78133,4.83234453201
78134,5.07120704651
78135,4.71913337708
78136,7.38470125198
78137,5.01197814941
78138,4.74664497375
78139,5.20232772827
78140,5.01543235779
78141,5.03301906586
78142,5.49157810211
78143,162.249191284
78144,5.81910181046
78145,4.58184623718
78146,4.73588466644
78147,202.756637573
78148,95.0191650391
78149,5.01718997955
78150,5.09223604202
78151,4.69417953491
78152,5.0765619278
78153,5.58693265915
78154,4.7758769989
78155,5.22807693481
78156,4.84418535233
78157,20.2900314331
78158,4.71376895905
78159,4.68082904816
78160,5.26404666901
78161,4.70403623581
78162,5.24152088165
78163,83.9660491943
78164,5.05923032761
78165,61.8582077026
78166,18.1499652863
78167,91.7169036865
78168,4.71713972092
78169,56.2942199707
78170,8.45947647095
78171,6.85850763321
78172,14.2513389587
78173,4.69848442078
78174,4.95708799362
78175,4.59024524689
78176,161.329071045
78177,4.95219612122
78178,6.86841773987
78179,4.9933514595
78180,5.878054142
78181,4.57020664215
78182,4.51587533951
78183,4.58185434341
78184,16.5360984802
78185,5.49448776245
78186,4.91307830811
78187,4.68589115143
78188,5.11954593658
78189,4.60978221893
78190,4.86110639572
78191,5.01155757904
78192,5.52155780792
78193,84.2952575684
78194,5.33560085297
78195,22.6679973602
78196,4.63097381592
78197,113.907699585
78198,5.56970405579
78199,5.21103715897
78200,4.86967992783
78201,4.66349506378
78202,5.76788711548
