4,0.0018482208252
5,0.00507354736328
6,0.00587463378906
7,0.0580749511719
8,0.112670898438
9,0.13720703125
10,0.14697265625
11,0.181762695312
12,0.184936523438
13,0.185302734375
14,0.188598632812
15,0.181762695312
16,0.181518554688
17,0.1806640625
18,0.181884765625
19,0.172485351562
20,0.177490234375
21,0.17333984375
22,0.179443359375
23,0.161010742188
24,0.172973632812
25,0.170776367188
26,0.170776367188
27,0.158935546875
28,0.16552734375
29,0.171264648438
30,0.174072265625
31,0.149780273438
32,0.155029296875
33,0.15478515625
34,0.161010742188
35,0.140258789062
36,0.156005859375
37,0.155639648438
38,0.157958984375
39,0.140869140625
40,0.154418945312
41,0.153686523438
42,0.156005859375
43,0.141845703125
44,0.140991210938
45,0.153930664062
46,0.160766601562
47,0.138061523438
48,0.149047851562
49,0.154174804688
50,0.151733398438
51,0.148315429688
52,0.15869140625
53,0.161254882812
54,0.162719726562
55,0.141845703125
56,0.1474609375
57,0.145751953125
58,0.153686523438
59,0.131225585938
60,0.151489257812
61,0.159301757812
62,0.143188476562
63,0.152954101562
64,0.158447265625
65,0.151245117188
66,0.163330078125
67,0.154541015625
68,0.163330078125
69,0.16845703125
70,0.173583984375
71,0.16064453125
72,0.162963867188
73,0.164428710938
74,0.176635742188
75,0.140747070312
76,0.160034179688
77,0.169677734375
78,0.157348632812
79,0.124084472656
80,0.148193359375
81,0.143920898438
82,0.155517578125
83,0.1474609375
84,0.16064453125
85,0.152465820312
86,0.164794921875
87,0.163208007812
88,0.15673828125
89,0.158325195312
90,0.146484375
91,0.13330078125
92,0.155029296875
93,0.144897460938
94,0.151245117188
95,0.152221679688
96,0.15185546875
97,0.139526367188
98,0.145141601562
99,0.158081054688
100,0.154174804688
101,0.1826171875
102,0.16796875
103,0.152587890625
104,0.179077148438
105,0.171752929688
106,0.142700195312
107,0.123352050781
108,0.1328125
109,0.153442382812
110,0.1552734375
111,0.153442382812
112,0.170043945312
113,0.1845703125
114,0.2021484375
115,0.14111328125
116,0.156005859375
117,0.153076171875
118,0.169677734375
119,0.153564453125
120,0.179443359375
121,0.170532226562
122,0.15673828125
123,0.1640625
124,0.18359375
125,0.157958984375
126,0.137817382812
127,0.144897460938
128,0.182739257812
129,0.169799804688
130,0.1865234375
131,0.158081054688
132,0.152221679688
133,0.158569335938
134,0.175537109375
135,0.15185546875
136,0.175659179688
137,0.210693359375
138,0.1552734375
139,0.124694824219
140,0.157592773438
141,0.165893554688
142,0.190673828125
143,0.162963867188
144,0.18505859375
145,0.135620117188
146,0.17333984375
147,0.132934570312
148,0.151489257812
149,0.1669921875
150,0.181884765625
151,0.118408203125
152,0.131225585938
153,0.14404296875
154,0.14990234375
155,0.165405273438
156,0.199829101562
157,0.18701171875
158,0.191284179688
159,0.1611328125
160,0.1962890625
161,0.212768554688
162,0.213012695312
163,0.164672851562
164,0.180541992188
165,0.134155273438
166,0.164794921875
167,0.177856445312
168,0.121887207031
169,0.166015625
170,0.189453125
171,0.180908203125
172,0.20654296875
173,0.21630859375
174,0.200073242188
175,0.151123046875
176,0.170288085938
177,0.174194335938
178,0.189453125
179,0.113159179688
180,0.149169921875
181,0.161743164062
182,0.186889648438
183,0.166259765625
184,0.191772460938
185,0.187255859375
186,0.193603515625
187,0.163452148438
188,0.209228515625
189,0.151733398438
190,0.14208984375
191,0.174926757812
192,0.197143554688
193,0.205322265625
194,0.14892578125
195,0.123474121094
196,0.140869140625
197,0.160400390625
198,0.15185546875
199,0.102355957031
200,0.148071289062
201,0.133056640625
202,0.167236328125
203,0.166015625
204,0.123718261719
205,0.146850585938
206,0.137451171875
207,0.170166015625
208,0.169311523438
209,0.139404296875
210,0.16748046875
211,0.0968017578125
212,0.120483398438
213,0.141723632812
214,0.16455078125
215,0.153564453125
216,0.1826171875
217,0.155029296875
218,0.147827148438
219,0.162475585938
220,0.189453125
221,0.167724609375
222,0.13720703125
223,0.163208007812
224,0.145629882812
225,0.186767578125
226,0.195190429688
227,0.152954101562
228,0.198608398438
229,0.194580078125
230,0.185668945312
231,0.174194335938
232,0.17138671875
233,0.1865234375
234,0.135498046875
235,0.121032714844
236,0.138427734375
237,0.1650390625
238,0.145141601562
239,0.126342773438
240,0.120483398438
241,0.148681640625
242,0.165893554688
243,0.176025390625
244,0.130004882812
245,0.167114257812
246,0.196411132812
247,0.0942993164062
248,0.138793945312
249,0.181518554688
250,0.195068359375
251,0.149291992188
252,0.19677734375
253,0.215209960938
254,0.23681640625
255,0.176635742188
256,0.1826171875
257,0.190551757812
258,0.213745117188
259,0.161987304688
260,0.19677734375
261,0.19580078125
262,0.168212890625
263,0.12939453125
264,0.165893554688
265,0.178588867188
266,0.194946289062
267,0.126953125
268,0.131225585938
269,0.162353515625
270,0.153198242188
271,0.177124023438
272,0.127319335938
273,0.117858886719
274,0.119934082031
275,0.175415039062
276,0.205078125
277,0.222900390625
278,0.19287109375
279,0.180786132812
280,0.125122070312
281,0.153076171875
282,0.134643554688
283,0.171752929688
284,0.192260742188
285,0.208740234375
286,0.199829101562
287,0.181640625
288,0.198608398438
289,0.122314453125
290,0.172607421875
291,0.155517578125
292,0.198974609375
293,0.1982421875
294,0.2138671875
295,0.169921875
296,0.188842773438
297,0.189575195312
298,0.2216796875
299,0.153442382812
300,0.202880859375
301,0.239013671875
302,0.1396484375
303,0.174682617188
304,0.20361328125
305,0.225708007812
306,0.144653320312
307,0.168334960938
308,0.189331054688
309,0.181396484375
310,0.178588867188
311,0.118469238281
312,0.118957519531
313,0.140869140625
314,0.158569335938
315,0.103271484375
316,0.117065429688
317,0.132690429688
318,0.143920898438
319,0.166625976562
320,0.196411132812
321,0.142456054688
322,0.186645507812
323,0.165161132812
324,0.199462890625
325,0.23046875
326,0.141723632812
327,0.156616210938
328,0.199096679688
329,0.229858398438
330,0.144653320312
331,0.186157226562
332,0.219482421875
333,0.218505859375
334,0.187377929688
335,0.182861328125
336,0.233520507812
337,0.147827148438
338,0.176635742188
339,0.169921875
340,0.186889648438
341,0.186279296875
342,0.208984375
343,0.179443359375
344,0.213745117188
345,0.18212890625
346,0.144409179688
347,0.176025390625
348,0.207641601562
349,0.233764648438
350,0.236450195312
351,0.173950195312
352,0.20556640625
353,0.233032226562
354,0.197021484375
355,0.167236328125
356,0.214233398438
357,0.22314453125
358,0.221313476562
359,0.172729492188
360,0.224975585938
361,0.227172851562
362,0.248657226562
363,0.0997924804688
364,0.156860351562
365,0.198486328125
366,0.198486328125
367,0.1142578125
368,0.103881835938
369,0.124389648438
370,0.126708984375
371,0.171264648438
372,0.198364257812
373,0.1513671875
374,0.190551757812
375,0.113830566406
376,0.161254882812
377,0.20556640625
378,0.134643554688
379,0.17626953125
380,0.220336914062
381,0.227416992188
382,0.217895507812
383,0.178344726562
384,0.15625
385,0.189575195312
386,0.212646484375
387,0.190551757812
388,0.198486328125
389,0.198486328125
390,0.138305664062
391,0.138305664062
392,0.196044921875
393,0.124328613281
394,0.15478515625
395,0.161743164062
396,0.202392578125
397,0.200927734375
398,0.125122070312
399,0.157592773438
400,0.2001953125
401,0.131469726562
402,0.192016601562
403,0.0918579101562
404,0.126953125
405,0.153442382812
406,0.166259765625
407,0.174072265625
408,0.105834960938
409,0.160034179688
410,0.102661132812
411,0.1669921875
412,0.212768554688
413,0.126342773438
414,0.163696289062
415,0.12548828125
416,0.175537109375
417,0.184326171875
418,0.181274414062
419,0.098876953125
420,0.115905761719
421,0.138427734375
422,0.163818359375
423,0.142333984375
424,0.191284179688
425,0.120056152344
426,0.152099609375
427,0.165649414062
428,0.180297851562
429,0.206787109375
430,0.235229492188
431,0.0790405273438
432,0.130126953125
433,0.1552734375
434,0.18408203125
435,0.0786743164062
436,0.129516601562
437,0.174438476562
438,0.134887695312
439,0.15625
440,0.19970703125
441,0.219482421875
442,0.2353515625
443,0.19775390625
444,0.214233398438
445,0.245361328125
446,0.232666015625
447,0.0929565429688
448,0.114318847656
449,0.13037109375
450,0.15234375
451,0.07861328125
452,0.112182617188
453,0.148559570312
454,0.121215820312
455,0.173217773438
456,0.2177734375
457,0.22216796875
458,0.2001953125
459,0.0731811523438
460,0.130493164062
461,0.162963867188
462,0.114990234375
463,0.161376953125
464,0.191162109375
465,0.218627929688
466,0.241943359375
467,0.171020507812
468,0.153076171875
469,0.13525390625
470,0.141845703125
471,0.145629882812
472,0.181518554688
473,0.167602539062
474,0.117797851562
475,0.174072265625
476,0.231201171875
477,0.236694335938
478,0.150634765625
479,0.1748046875
480,0.217895507812
481,0.236083984375
482,0.129150390625
483,0.1962890625
484,0.228393554688
485,0.201171875
486,0.231323242188
487,0.13525390625
488,0.16552734375
489,0.189453125
490,0.208251953125
491,0.187133789062
492,0.1796875
493,0.18017578125
494,0.205810546875
495,0.14111328125
496,0.12744140625
497,0.173828125
498,0.200927734375
499,0.191162109375
500,0.22998046875
501,0.225708007812
502,0.225219726562
503,0.178344726562
504,0.0964965820312
505,0.152099609375
506,0.180053710938
507,0.190185546875
508,0.135009765625
509,0.100952148438
510,0.141235351562
511,0.127807617188
512,0.110778808594
513,0.129150390625
514,0.153564453125
515,0.163330078125
516,0.200073242188
517,0.208129882812
518,0.229614257812
519,0.113342285156
520,0.155151367188
521,0.169677734375
522,0.134155273438
523,0.1865234375
524,0.217041015625
525,0.227783203125
526,0.230346679688
527,0.180786132812
528,0.145141601562
529,0.178588867188
530,0.212646484375
531,0.0918579101562
532,0.155151367188
533,0.192626953125
534,0.183715820312
535,0.0916137695312
536,0.145751953125
537,0.201782226562
538,0.1298828125
539,0.17431640625
540,0.174926757812
541,0.22021484375
542,0.243530273438
543,0.13916015625
544,0.19140625
545,0.126586914062
546,0.182250976562
547,0.0809936523438
548,0.113586425781
549,0.124389648438
550,0.155395507812
551,0.188354492188
552,0.23046875
553,0.17333984375
554,0.124755859375
555,0.18798828125
556,0.230102539062
557,0.2197265625
558,0.241333007812
559,0.205200195312
560,0.244873046875
561,0.214721679688
562,0.186401367188
563,0.171142578125
564,0.188232421875
565,0.203002929688
566,0.2255859375
567,0.195922851562
568,0.18408203125
569,0.203491210938
570,0.217407226562
571,0.1640625
572,0.197021484375
573,0.119323730469
574,0.114929199219
575,0.192260742188
576,0.0986328125
577,0.157104492188
578,0.191040039062
579,0.1328125
580,0.159790039062
581,0.178100585938
582,0.188110351562
583,0.185913085938
584,0.239868164062
585,0.219604492188
586,0.24609375
587,0.177734375
588,0.211669921875
589,0.115173339844
590,0.105712890625
591,0.169311523438
592,0.203491210938
593,0.231323242188
594,0.175170898438
595,0.194580078125
596,0.244873046875
597,0.121154785156
598,0.0778198242188
599,0.177978515625
600,0.112670898438
601,0.165283203125
602,0.2197265625
603,0.144897460938
604,0.189208984375
605,0.135375976562
606,0.106384277344
607,0.171142578125
608,0.189208984375
609,0.218383789062
610,0.156616210938
611,0.0938720703125
612,0.138549804688
613,0.175537109375
614,0.122741699219
615,0.125
616,0.166381835938
617,0.197143554688
618,0.203491210938
619,0.1904296875
620,0.117126464844
621,0.166381835938
622,0.200073242188
623,0.162231445312
624,0.109680175781
625,0.163330078125
626,0.186645507812
627,0.0960083007812
628,0.164794921875
629,0.113037109375
630,0.156005859375
631,0.192749023438
632,0.20947265625
633,0.244995117188
634,0.211059570312
635,0.18896484375
636,0.220092773438
637,0.129638671875
638,0.11962890625
639,0.144897460938
640,0.099609375
641,0.1455078125
642,0.167236328125
643,0.192993164062
644,0.239501953125
645,0.24072265625
646,0.24169921875
647,0.144775390625
648,0.14892578125
649,0.194580078125
650,0.222290039062
651,0.185302734375
652,0.19677734375
653,0.231201171875
654,0.24365234375
655,0.174560546875
656,0.2197265625
657,0.243896484375
658,0.22216796875
659,0.172607421875
660,0.19775390625
661,0.2197265625
662,0.240844726562
663,0.186279296875
664,0.221557617188
665,0.209350585938
666,0.241088867188
667,0.17041015625
668,0.216064453125
669,0.237182617188
670,0.121765136719
671,0.092041015625
672,0.153198242188
673,0.10791015625
674,0.124694824219
675,0.1796875
676,0.1669921875
677,0.213623046875
678,0.241333007812
679,0.1708984375
680,0.224609375
681,0.248901367188
682,0.15625
683,0.20068359375
684,0.2236328125
685,0.20849609375
686,0.193603515625
687,0.19482421875
688,0.255615234375
689,0.226684570312
690,0.241821289062
691,0.171997070312
692,0.211303710938
693,0.230834960938
694,0.240356445312
695,0.169921875
696,0.100341796875
697,0.160034179688
698,0.20556640625
699,0.177368164062
700,0.15185546875
701,0.189697265625
702,0.115417480469
703,0.165649414062
704,0.17724609375
705,0.115783691406
706,0.1640625
707,0.137451171875
708,0.181640625
709,0.182373046875
710,0.212036132812
711,0.19189453125
712,0.236328125
713,0.233276367188
714,0.219116210938
715,0.1962890625
716,0.0979614257812
717,0.170654296875
718,0.227294921875
719,0.19091796875
720,0.22802734375
721,0.199462890625
722,0.22802734375
723,0.133422851562
724,0.167846679688
725,0.1806640625
726,0.20654296875
727,0.185424804688
728,0.2412109375
729,0.22509765625
730,0.2470703125
731,0.101257324219
732,0.151733398438
733,0.19287109375
734,0.213256835938
735,0.188110351562
736,0.236083984375
737,0.269775390625
738,0.167724609375
739,0.1962890625
740,0.115234375
741,0.163208007812
742,0.205688476562
743,0.197998046875
744,0.205932617188
745,0.2119140625
746,0.126708984375
747,0.184326171875
748,0.23876953125
749,0.183471679688
750,0.20654296875
751,0.190063476562
752,0.128051757812
753,0.0994873046875
754,0.128540039062
755,0.0906372070312
756,0.131591796875
757,0.130737304688
758,0.144653320312
759,0.190307617188
760,0.180297851562
761,0.192260742188
762,0.130737304688
763,0.0892333984375
764,0.101928710938
765,0.109558105469
766,0.136474609375
767,0.175415039062
768,0.230346679688
769,0.2548828125
770,0.252197265625
771,0.184936523438
772,0.231079101562
773,0.247436523438
774,0.244873046875
775,0.100341796875
776,0.155151367188
777,0.141235351562
778,0.176635742188
779,0.111633300781
780,0.14453125
781,0.106384277344
782,0.155639648438
783,0.183959960938
784,0.211669921875
786,0.242431640625
787,0.231079101562
788,0.155029296875
789,0.201171875
790,0.119445800781
791,0.18896484375
792,0.0772094726562
793,0.135498046875
794,0.116394042969
795,0.144409179688
796,0.196899414062
797,0.238037109375
798,0.265380859375
799,0.264404296875
800,0.201538085938
801,0.125244140625
802,0.196533203125
803,0.201782226562
804,0.189208984375
805,0.186767578125
806,0.135498046875
807,0.170654296875
808,0.0775146484375
809,0.135009765625
810,0.103637695312
811,0.151977539062
812,0.192504882812
813,0.107482910156
814,0.163696289062
815,0.18359375
816,0.192016601562
817,0.211059570312
818,0.1376953125
819,0.149780273438
820,0.170532226562
821,0.17822265625
822,0.122924804688
823,0.154663085938
824,0.150024414062
825,0.198608398438
826,0.131958007812
827,0.168334960938
828,0.187133789062
829,0.23681640625
830,0.237548828125
831,0.106201171875
832,0.116821289062
833,0.15869140625
834,0.207641601562
835,0.215087890625
836,0.195922851562
837,0.253662109375
838,0.119812011719
839,0.0848388671875
840,0.13916015625
841,0.168823242188
842,0.210083007812
843,0.234741210938
844,0.2001953125
845,0.101135253906
846,0.121948242188
847,0.160766601562
848,0.0726318359375
849,0.1240234375
850,0.158203125
851,0.175415039062
852,0.176147460938
853,0.20849609375
854,0.238159179688
855,0.188842773438
856,0.1630859375
857,0.166381835938
858,0.190673828125
859,0.160522460938
860,0.171630859375
861,0.18896484375
862,0.210571289062
863,0.228271484375
864,0.203247070312
865,0.241943359375
866,0.208374023438
867,0.193603515625
868,0.107482910156
869,0.137329101562
870,0.187133789062
871,0.228515625
872,0.191528320312
873,0.204711914062
874,0.17138671875
875,0.193725585938
876,0.18798828125
877,0.231567382812
878,0.20751953125
879,0.197631835938
880,0.204467773438
881,0.238647460938
882,0.169555664062
883,0.135498046875
884,0.0957641601562
885,0.114868164062
886,0.160278320312
887,0.19677734375
888,0.161499023438
889,0.176879882812
890,0.209716796875
891,0.1279296875
892,0.191772460938
893,0.230834960938
894,0.181884765625
895,0.155151367188
896,0.169311523438
897,0.202270507812
898,0.1943359375
899,0.204467773438
900,0.0872802734375
901,0.145385742188
902,0.196411132812
903,0.240356445312
904,0.0880737304688
905,0.109436035156
906,0.14892578125
907,0.133178710938
908,0.195922851562
909,0.245239257812
910,0.118469238281
911,0.109191894531
912,0.180053710938
913,0.23779296875
914,0.25
915,0.264404296875
916,0.0890502929688
917,0.15478515625
918,0.20263671875
919,0.213500976562
920,0.091064453125
921,0.120971679688
922,0.139770507812
923,0.137084960938
924,0.188110351562
925,0.23828125
926,0.2451171875
927,0.248901367188
928,0.102416992188
929,0.139404296875
930,0.139892578125
931,0.118530273438
932,0.186401367188
933,0.236694335938
934,0.225708007812
935,0.20556640625
936,0.180419921875
937,0.211303710938
938,0.23828125
939,0.248657226562
940,0.0736694335938
941,0.104675292969
942,0.122802734375
943,0.124877929688
944,0.156982421875
945,0.211303710938
946,0.113586425781
947,0.173950195312
948,0.159912109375
949,0.195922851562
950,0.122314453125
951,0.124084472656
952,0.133666992188
953,0.185424804688
954,0.218383789062
955,0.12353515625
956,0.106994628906
957,0.13720703125
958,0.128173828125
959,0.134033203125
960,0.191772460938
961,0.2294921875
962,0.2099609375
963,0.223754882812
964,0.1982421875
965,0.188110351562
966,0.188232421875
967,0.13134765625
968,0.0819702148438
969,0.126586914062
970,0.110595703125
971,0.142700195312
972,0.180053710938
973,0.136596679688
974,0.165283203125
975,0.215698242188
976,0.0723266601562
977,0.100280761719
978,0.124938964844
979,0.129516601562
980,0.16162109375
981,0.213256835938
982,0.197021484375
983,0.215454101562
984,0.1767578125
985,0.11962890625
986,0.10888671875
987,0.152587890625
988,0.188110351562
989,0.199462890625
990,0.191284179688
991,0.230346679688
992,0.18701171875
993,0.11865234375
994,0.110046386719
995,0.130859375
996,0.179809570312
997,0.167114257812
998,0.215698242188
999,0.234985351562
1000,0.1953125
1001,0.194702148438
1002,0.20263671875
1003,0.178466796875
1004,0.162963867188
1005,0.107055664062
1006,0.166870117188
1007,0.198974609375
1008,0.174560546875
1009,0.117553710938
1010,0.182006835938
1011,0.124633789062
1012,0.174194335938
1013,0.222045898438
1014,0.2060546875
1015,0.218994140625
1016,0.1611328125
1017,0.19775390625
1018,0.228271484375
1019,0.238525390625
1020,0.196533203125
1021,0.234008789062
1022,0.246948242188
1023,0.26904296875
1024,0.185668945312
1025,0.243286132812
1026,0.19482421875
1027,0.123107910156
1028,0.0779418945312
1029,0.139770507812
1030,0.17041015625
1031,0.194213867188
1032,0.139770507812
1033,0.18359375
1034,0.21533203125
1035,0.240234375
1036,0.182861328125
1037,0.231201171875
1038,0.243896484375
1039,0.228759765625
1040,0.0748901367188
1041,0.1396484375
1042,0.0989990234375
1043,0.139282226562
1044,0.185668945312
1045,0.241943359375
1046,0.24609375
1047,0.222534179688
1048,0.0960693359375
1049,0.0941772460938
1050,0.116943359375
1051,0.161865234375
1052,0.160034179688
1053,0.222045898438
1054,0.25634765625
1055,0.199584960938
1056,0.114074707031
1057,0.172607421875
1058,0.146118164062
1059,0.142333984375
1060,0.184814453125
1061,0.230834960938
1062,0.227172851562
1063,0.223022460938
1064,0.188354492188
1065,0.25048828125
1066,0.232055664062
1067,0.255859375
1068,0.187377929688
1069,0.223388671875
1070,0.237060546875
1071,0.112609863281
1072,0.190551757812
1073,0.201904296875
1074,0.22412109375
1075,0.25830078125
1076,0.16064453125
1077,0.214599609375
1078,0.232055664062
1079,0.217529296875
1080,0.137084960938
1081,0.187744140625
1082,0.225708007812
1083,0.142333984375
1084,0.154052734375
1085,0.217895507812
1086,0.241088867188
1087,0.251708984375
1088,0.172973632812
1089,0.1923828125
1090,0.224487304688
1091,0.135009765625
1092,0.11328125
1093,0.0972290039062
1094,0.13427734375
1095,0.1572265625
1096,0.0846557617188
1097,0.100280761719
1098,0.141235351562
1099,0.116394042969
1100,0.0781860351562
1101,0.124755859375
1102,0.163330078125
1103,0.175659179688
1104,0.19580078125
1105,0.0928955078125
1106,0.15478515625
1107,0.130737304688
1108,0.188598632812
1109,0.24755859375
1110,0.264404296875
1111,0.274658203125
1112,0.0750732421875
1113,0.130981445312
1114,0.152221679688
1115,0.186767578125
1116,0.096923828125
1117,0.119201660156
1118,0.105834960938
1119,0.144897460938
1120,0.18115234375
1121,0.237426757812
1122,0.265380859375
1123,0.2373046875
1124,0.159057617188
1125,0.18017578125
1126,0.216186523438
1127,0.2197265625
1128,0.0645751953125
1129,0.124328613281
1130,0.163208007812
1131,0.201904296875
1132,0.195190429688
1133,0.219970703125
1134,0.247192382812
1135,0.13818359375
1136,0.185791015625
1137,0.23388671875
1138,0.241455078125
1139,0.112182617188
1140,0.157470703125
1141,0.195678710938
1142,0.236450195312
1143,0.239135742188
1144,0.154052734375
1145,0.189453125
1146,0.210815429688
1147,0.12841796875
1148,0.180786132812
1149,0.18603515625
1150,0.17822265625
1151,0.199096679688
1152,0.0709838867188
1153,0.120971679688
1154,0.173095703125
1155,0.2021484375
1156,0.170288085938
1157,0.209594726562
1158,0.225463867188
1159,0.221069335938
1160,0.178100585938
1161,0.171997070312
1162,0.197387695312
1163,0.23095703125
1164,0.10205078125
1165,0.150756835938
1166,0.176025390625
1167,0.213134765625
1168,0.185791015625
1169,0.241333007812
1170,0.281005859375
1171,0.24365234375
1172,0.186157226562
1173,0.237915039062
1174,0.242919921875
1175,0.26025390625
1176,0.197509765625
1177,0.256591796875
1178,0.194213867188
1179,0.226196289062
1180,0.185791015625
1181,0.107604980469
1182,0.133544921875
1183,0.1435546875
1184,0.0985107421875
1185,0.1279296875
1186,0.145629882812
1187,0.116638183594
1188,0.188720703125
1189,0.237182617188
1190,0.122924804688
1191,0.1962890625
1192,0.184204101562
1193,0.233276367188
1194,0.211303710938
1195,0.213012695312
1196,0.188232421875
1197,0.10986328125
1198,0.17529296875
1199,0.218627929688
1200,0.128051757812
1201,0.181640625
1202,0.198974609375
1203,0.113952636719
1204,0.0624084472656
1205,0.128662109375
1206,0.107727050781
1207,0.153564453125
1208,0.130004882812
1209,0.19384765625
1210,0.111328125
1211,0.164916992188
1212,0.105102539062
1213,0.10546875
1214,0.124755859375
1215,0.154052734375
1216,0.181518554688
1217,0.198364257812
1218,0.2138671875
1219,0.232666015625
1220,0.0932006835938
1221,0.131469726562
1222,0.112426757812
1223,0.144775390625
1224,0.194213867188
1225,0.0904541015625
1226,0.0882568359375
1227,0.132080078125
1228,0.0746459960938
1229,0.128662109375
1230,0.173828125
1231,0.201416015625
1232,0.185546875
1233,0.242309570312
1234,0.216186523438
1235,0.21826171875
1236,0.143676757812
1237,0.0990600585938
1238,0.16552734375
1239,0.203247070312
1240,0.173583984375
1241,0.17236328125
1242,0.103881835938
1243,0.15673828125
1244,0.0944213867188
1245,0.103942871094
1246,0.134643554688
1247,0.119873046875
1248,0.142944335938
1249,0.104919433594
1250,0.161743164062
1251,0.199096679688
1252,0.0865478515625
1253,0.12060546875
1254,0.1572265625
1255,0.105163574219
1256,0.178344726562
1257,0.213989257812
1258,0.238647460938
1259,0.1357421875
1260,0.15673828125
1261,0.2109375
1262,0.1279296875
1263,0.1396484375
1264,0.164428710938
1265,0.19921875
1266,0.19140625
1267,0.222900390625
1268,0.0790405273438
1269,0.10498046875
1270,0.148681640625
1271,0.182006835938
1272,0.0973510742188
1273,0.139282226562
1274,0.100402832031
1275,0.13671875
1276,0.137939453125
1277,0.19873046875
1278,0.228759765625
1279,0.226318359375
1280,0.1943359375
1281,0.251220703125
1282,0.265625
1283,0.27099609375
1284,0.133056640625
1285,0.15869140625
1286,0.18896484375
1287,0.218994140625
1288,0.150024414062
1289,0.188720703125
1290,0.113037109375
1291,0.1572265625
1292,0.10205078125
1293,0.156860351562
1294,0.204467773438
1295,0.230834960938
1296,0.210205078125
1297,0.21484375
1298,0.223510742188
1299,0.232788085938
1300,0.139038085938
1301,0.189208984375
1302,0.134521484375
1303,0.188110351562
1304,0.165283203125
1305,0.206665039062
1306,0.210083007812
1307,0.233154296875
1308,0.164794921875
1309,0.202026367188
1310,0.218627929688
1311,0.193481445312
1312,0.119018554688
1313,0.133666992188
1314,0.192504882812
1315,0.192016601562
1316,0.124145507812
1317,0.180908203125
1318,0.189697265625
1319,0.23046875
1320,0.1279296875
1321,0.0935668945312
1322,0.13037109375
1323,0.18212890625
1324,0.0841674804688
1325,0.136474609375
1326,0.19189453125
1327,0.171630859375
1328,0.214599609375
1329,0.238525390625
1330,0.249145507812
1331,0.179931640625
1332,0.0745239257812
1333,0.101928710938
1334,0.113342285156
1335,0.127197265625
1336,0.197021484375
1337,0.104125976562
1338,0.162963867188
1339,0.162963867188
1340,0.0551452636719
1341,0.115661621094
1342,0.112121582031
1343,0.134033203125
1344,0.15869140625
1345,0.211181640625
1346,0.243408203125
1347,0.137329101562
1348,0.145874023438
1349,0.1953125
1350,0.220703125
1351,0.229125976562
1352,0.089111328125
1353,0.141357421875
1354,0.200927734375
1355,0.25048828125
1356,0.0631103515625
1357,0.1318359375
1358,0.189697265625
1359,0.232177734375
1360,0.170043945312
1361,0.195068359375
1362,0.107727050781
1363,0.157592773438
1364,0.1865234375
1365,0.231323242188
1366,0.2568359375
1367,0.277099609375
1368,0.1982421875
1369,0.245361328125
1370,0.27099609375
1371,0.2509765625
1372,0.172485351562
1373,0.226196289062
1374,0.213134765625
1375,0.235107421875
1376,0.200073242188
1377,0.125854492188
1378,0.194213867188
1379,0.234497070312
1380,0.0775756835938
1381,0.101257324219
1382,0.129150390625
1383,0.125
1384,0.0614624023438
1385,0.131958007812
1386,0.162719726562
1387,0.18701171875
1388,0.16259765625
1389,0.228393554688
1390,0.238159179688
1391,0.260498046875
1392,0.192260742188
1393,0.0991821289062
1394,0.0925903320312
1395,0.119384765625
1396,0.180297851562
1397,0.202270507812
1398,0.232299804688
1399,0.234619140625
1400,0.157836914062
1401,0.211791992188
1402,0.235717773438
1403,0.141845703125
1404,0.1826171875
1405,0.21142578125
1406,0.251953125
1407,0.173217773438
1408,0.154541015625
1409,0.140869140625
1410,0.16845703125
1411,0.190551757812
1412,0.12841796875
1413,0.1455078125
1414,0.187622070312
1415,0.193237304688
1416,0.19384765625
1417,0.217163085938
1418,0.0973510742188
1419,0.164184570312
1420,0.20263671875
1421,0.229370117188
1422,0.2578125
1423,0.268310546875
1424,0.0790405273438
1425,0.137329101562
1426,0.171020507812
1427,0.106018066406
1428,0.183227539062
1429,0.208618164062
1430,0.143310546875
1431,0.206298828125
1432,0.169067382812
1433,0.217895507812
1434,0.189086914062
1435,0.228271484375
1436,0.181030273438
1437,0.2373046875
1438,0.26611328125
1439,0.275390625
1440,0.196166992188
1441,0.25244140625
1442,0.12255859375
1443,0.202514648438
1444,0.083740234375
1445,0.120544433594
1446,0.0995483398438
1447,0.117980957031
1448,0.0774536132812
1449,0.120788574219
1450,0.095458984375
1451,0.142944335938
1452,0.16015625
1453,0.1787109375
1454,0.20654296875
1455,0.220825195312
1456,0.1455078125
1457,0.1865234375
1458,0.213012695312
1459,0.225830078125
1460,0.185302734375
1461,0.220458984375
1462,0.253662109375
1463,0.116943359375
1464,0.151245117188
1465,0.2060546875
1466,0.113708496094
1467,0.18017578125
1468,0.174560546875
1469,0.2099609375
1470,0.242919921875
1471,0.248291015625
1472,0.192993164062
1473,0.208984375
1474,0.10205078125
1475,0.174560546875
1476,0.181518554688
1477,0.227416992188
1478,0.131469726562
1479,0.18505859375
1480,0.065673828125
1481,0.0940551757812
1482,0.155639648438
1483,0.128295898438
1484,0.137451171875
1485,0.18994140625
1486,0.128662109375
1487,0.167724609375
1488,0.0726928710938
1489,0.140014648438
1490,0.1767578125
1491,0.197998046875
1492,0.17626953125
1493,0.191040039062
1494,0.200561523438
1495,0.219604492188
1496,0.0609130859375
1497,0.130126953125
1498,0.181396484375
1499,0.221923828125
1500,0.164916992188
1501,0.218383789062
1502,0.1279296875
1503,0.0997924804688
1504,0.16650390625
1505,0.218017578125
1506,0.247192382812
1507,0.26513671875
1508,0.19921875
1509,0.212890625
1510,0.115173339844
1511,0.174560546875
1512,0.0636596679688
1513,0.0972290039062
1514,0.117126464844
1515,0.144287109375
1516,0.0813598632812
1517,0.15576171875
1518,0.18310546875
1519,0.102233886719
1520,0.144897460938
1521,0.154663085938
1522,0.200927734375
1523,0.232421875
1524,0.199340820312
1525,0.240234375
1526,0.0985107421875
1527,0.169311523438
1528,0.174438476562
1529,0.218505859375
1530,0.234619140625
1531,0.15380859375
1532,0.0774536132812
1533,0.113220214844
1534,0.112854003906
1535,0.127807617188
1536,0.18115234375
1537,0.103515625
1538,0.0892944335938
1539,0.125366210938
1540,0.165405273438
1541,0.217407226562
1542,0.220458984375
1543,0.18701171875
1544,0.0841674804688
1545,0.15234375
1546,0.176513671875
1547,0.2294921875
1548,0.078125
1549,0.0994873046875
1550,0.161010742188
1551,0.135498046875
1552,0.0668334960938
1553,0.119018554688
1554,0.124572753906
1555,0.12841796875
1556,0.182373046875
1557,0.239624023438
1558,0.265869140625
1559,0.240478515625
1560,0.104187011719
1561,0.103088378906
1562,0.128784179688
1563,0.147216796875
38319,0.112121582031
38320,0.107788085938
38322,0.145141601562
38323,0.156127929688
38324,0.116516113281
38325,0.141357421875
38326,0.1494140625
38327,0.120544433594
38328,0.174926757812
38329,0.175903320312
38330,0.178955078125
38331,0.153076171875
38332,0.124755859375
38333,0.128051757812
38334,0.134033203125
38335,0.146118164062
38336,0.185302734375
38337,0.22021484375
38338,0.231567382812
38339,0.209594726562
38340,0.114624023438
38341,0.102661132812
38342,0.101196289062
38343,0.104675292969
38344,0.160278320312
38345,0.218139648438
38346,0.191284179688
38347,0.175659179688
38348,0.115539550781
38349,0.120361328125
38350,0.158569335938
38351,0.1982421875
38352,0.166015625
38353,0.15625
38354,0.134155273438
38355,0.167602539062
38356,0.113830566406
38357,0.123229980469
38358,0.11767578125
38359,0.17138671875
38360,0.1806640625
38361,0.1591796875
38362,0.142456054688
38363,0.167846679688
38364,0.120483398438
38365,0.166748046875
38366,0.149536132812
38367,0.139770507812
38368,0.119018554688
38369,0.124694824219
38370,0.1669921875
38371,0.152954101562
38372,0.11279296875
38373,0.125244140625
38374,0.127319335938
38375,0.14453125
38376,0.1171875
38377,0.1259765625
38378,0.128662109375
38379,0.114318847656
38380,0.161865234375
38381,0.20654296875
38382,0.220458984375
38383,0.176635742188
38384,0.113464355469
38385,0.13134765625
38386,0.152465820312
38387,0.146484375
38388,0.123168945312
38389,0.140869140625
38390,0.16650390625
38391,0.174194335938
38392,0.114379882812
38393,0.152954101562
38394,0.152709960938
38395,0.1357421875
38396,0.114074707031
38397,0.12158203125
38398,0.114807128906
38399,0.119812011719
38400,0.101623535156
38401,0.165893554688
38402,0.198120117188
38403,0.212890625
38404,0.12060546875
38405,0.12646484375
38406,0.122436523438
38407,0.139282226562
38408,0.138305664062
38409,0.099609375
38410,0.113159179688
38411,0.1162109375
38412,0.114562988281
38413,0.114135742188
38414,0.13671875
38415,0.136108398438
38416,0.141479492188
38417,0.124572753906
38418,0.127807617188
38419,0.108520507812
38420,0.122375488281
38421,0.168334960938
38422,0.187866210938
38423,0.208251953125
38424,0.11083984375
38425,0.140502929688
38426,0.152954101562
38427,0.147338867188
38428,0.113098144531
38429,0.114379882812
38430,0.121765136719
38431,0.151123046875
38432,0.135620117188
38433,0.105224609375
38434,0.148803710938
38435,0.13330078125
38436,0.159790039062
38437,0.203369140625
38438,0.213256835938
38439,0.170776367188
38440,0.12548828125
38441,0.21484375
38442,0.22802734375
38443,0.212280273438
38444,0.174682617188
38445,0.145263671875
38446,0.149536132812
38447,0.138671875
38448,0.111572265625
38449,0.120239257812
38450,0.1220703125
38451,0.125244140625
38452,0.158813476562
38453,0.15087890625
38454,0.143798828125
38455,0.150756835938
38456,0.1376953125
38457,0.166625976562
38458,0.13232421875
38459,0.15185546875
38460,0.115417480469
38461,0.129272460938
38462,0.111877441406
38463,0.128784179688
38464,0.159912109375
38465,0.167602539062
38466,0.163696289062
38467,0.109313964844
38468,0.14599609375
38469,0.16845703125
38470,0.189453125
38471,0.138793945312
38472,0.095703125
38473,0.09521484375
38474,0.0946044921875
38475,0.106140136719
38476,0.1806640625
38477,0.1337890625
38478,0.1611328125
38479,0.164916992188
38480,0.12841796875
38481,0.11865234375
38482,0.129516601562
38483,0.12255859375
38484,0.106689453125
38485,0.115905761719
38486,0.123168945312
38487,0.153076171875
38488,0.15380859375
38489,0.139770507812
38490,0.172729492188
38491,0.186645507812
38492,0.127563476562
38493,0.140625
38494,0.146850585938
38495,0.145263671875
38496,0.18896484375
38497,0.129272460938
38498,0.174072265625
38499,0.171997070312
38500,0.112609863281
38501,0.188354492188
38502,0.221801757812
38503,0.126953125
38504,0.14892578125
38505,0.159301757812
38506,0.160400390625
38507,0.171752929688
38508,0.0856323242188
38509,0.123474121094
38510,0.123901367188
38511,0.153076171875
38512,0.130249023438
38513,0.136352539062
38514,0.160034179688
38515,0.1474609375
38516,0.150756835938
38517,0.194091796875
38518,0.2001953125
38519,0.1806640625
38520,0.115356445312
38521,0.162475585938
38522,0.195190429688
38523,0.179565429688
38524,0.188598632812
38525,0.196411132812
38526,0.125610351562
38527,0.116088867188
38528,0.10595703125
38529,0.139282226562
38530,0.123901367188
38531,0.12353515625
38532,0.168579101562
38533,0.2001953125
38534,0.201782226562
38535,0.212280273438
38536,0.104553222656
38537,0.121032714844
38538,0.137817382812
38539,0.14453125
38540,0.131591796875
38541,0.132446289062
38542,0.194091796875
38543,0.193603515625
38544,0.112670898438
38545,0.127563476562
38546,0.151977539062
38547,0.187133789062
38548,0.088134765625
38549,0.121704101562
38550,0.138549804688
38551,0.140258789062
38552,0.129028320312
38553,0.136596679688
38554,0.142822265625
38555,0.15185546875
38556,0.141357421875
38557,0.147827148438
38558,0.145874023438
38559,0.144653320312
38560,0.146606445312
38561,0.125854492188
38562,0.132934570312
38563,0.142700195312
38564,0.129272460938
38565,0.200317382812
38566,0.176635742188
38567,0.145141601562
38568,0.111389160156
38569,0.14453125
38570,0.171508789062
38571,0.142822265625
38572,0.134887695312
38573,0.143310546875
38574,0.144409179688
38575,0.152587890625
38576,0.108764648438
38577,0.133056640625
38578,0.141967773438
38579,0.141235351562
38580,0.0977783203125
38581,0.1318359375
38582,0.134887695312
38583,0.136840820312
38584,0.132446289062
38585,0.1650390625
38586,0.16796875
38587,0.1884765625
38588,0.124389648438
38589,0.165283203125
38590,0.139404296875
38591,0.136352539062
38592,0.1640625
38593,0.0975341796875
38594,0.101501464844
38595,0.13525390625
38596,0.140747070312
38597,0.16162109375
38598,0.132934570312
38599,0.133911132812
38600,0.184204101562
38601,0.194946289062
38602,0.226928710938
38603,0.227416992188
38604,0.110229492188
38605,0.144897460938
38606,0.146484375
38607,0.133666992188
38608,0.117736816406
38609,0.14501953125
38610,0.16015625
38611,0.166137695312
38612,0.115783691406
38613,0.138549804688
38614,0.110107421875
38615,0.114196777344
38616,0.155151367188
38617,0.144653320312
38618,0.1171875
38619,0.121459960938
38620,0.116638183594
38621,0.111267089844
38622,0.125366210938
38623,0.200073242188
38624,0.1494140625
38625,0.148803710938
38626,0.15283203125
38627,0.156005859375
38628,0.112915039062
38629,0.109680175781
38630,0.133056640625
38631,0.174072265625
38632,0.148071289062
38633,0.187622070312
38634,0.186645507812
38635,0.173950195312
38636,0.1611328125
38637,0.147094726562
38638,0.140502929688
38639,0.1455078125
38640,0.09814453125
38641,0.117065429688
38642,0.123718261719
38643,0.142700195312
38644,0.111572265625
38645,0.105224609375
38646,0.1279296875
38647,0.1611328125
38648,0.109375
38649,0.117370605469
38650,0.169189453125
38651,0.209228515625
38652,0.1865234375
38653,0.181518554688
38654,0.184448242188
38655,0.20556640625
38656,0.156494140625
38657,0.208374023438
38658,0.190673828125
38659,0.193481445312
38660,0.105590820312
38661,0.171630859375
38662,0.205078125
38663,0.196533203125
38664,0.136352539062
38665,0.159423828125
38666,0.220458984375
38667,0.234252929688
38668,0.102355957031
38669,0.101989746094
38670,0.106567382812
38671,0.14111328125
38672,0.112609863281
38673,0.169799804688
38674,0.194946289062
38675,0.190063476562
38676,0.14501953125
38677,0.154663085938
38678,0.150268554688
38679,0.150146484375
38680,0.133666992188
38681,0.134155273438
38682,0.127563476562
38683,0.135986328125
38684,0.126586914062
38685,0.129028320312
38686,0.143676757812
38687,0.11962890625
38688,0.136596679688
38689,0.148193359375
38690,0.150634765625
38691,0.168334960938
38692,0.121032714844
38693,0.130126953125
38694,0.126953125
38695,0.158935546875
38696,0.131469726562
38697,0.120422363281
38698,0.121215820312
38699,0.132568359375
38700,0.137939453125
38701,0.154541015625
38702,0.19580078125
38703,0.184448242188
38704,0.156616210938
38705,0.148559570312
38706,0.144287109375
38707,0.150024414062
38708,0.127563476562
38709,0.159790039062
38710,0.138061523438
38711,0.155883789062
38712,0.118774414062
38713,0.115661621094
38714,0.149536132812
38715,0.145385742188
38716,0.125366210938
38717,0.115539550781
38718,0.139038085938
38719,0.140502929688
38720,0.101806640625
38721,0.118713378906
38722,0.130126953125
38723,0.102722167969
38724,0.104309082031
38725,0.103393554688
38726,0.115234375
38727,0.0948486328125
38728,0.130249023438
38729,0.12939453125
38730,0.15234375
38731,0.157348632812
38732,0.15625
38733,0.18505859375
38734,0.187866210938
38735,0.149536132812
38736,0.15283203125
38737,0.138305664062
38738,0.148315429688
38739,0.174072265625
38740,0.0941772460938
38741,0.0972900390625
38742,0.100891113281
38743,0.104187011719
38744,0.140014648438
38745,0.119506835938
38746,0.125366210938
38747,0.179321289062
38748,0.1337890625
38749,0.195922851562
38750,0.199829101562
38751,0.196899414062
38752,0.158203125
38753,0.16015625
38754,0.142822265625
38755,0.142578125
38756,0.145751953125
38757,0.1630859375
38758,0.1943359375
38759,0.193359375
38760,0.122436523438
38761,0.119750976562
38762,0.111694335938
38763,0.114685058594
38764,0.136596679688
38765,0.135009765625
38766,0.114685058594
38767,0.117919921875
38768,0.0924682617188
38769,0.122314453125
38770,0.134033203125
38771,0.132568359375
38772,0.111267089844
38773,0.132446289062
38774,0.1435546875
38775,0.138793945312
38776,0.107177734375
38777,0.124633789062
38778,0.0994873046875
38779,0.114807128906
38780,0.110534667969
38781,0.142211914062
38782,0.175659179688
38783,0.181762695312
38784,0.15185546875
38785,0.150390625
38786,0.150756835938
38787,0.145751953125
38788,0.110778808594
38789,0.0975341796875
38790,0.107177734375
38791,0.109252929688
38792,0.129760742188
38793,0.136596679688
38794,0.133056640625
38795,0.133422851562
38796,0.112609863281
38797,0.118225097656
38798,0.136596679688
38799,0.134399414062
38800,0.11962890625
38801,0.140380859375
38802,0.126831054688
38803,0.127807617188
38804,0.177368164062
38805,0.18359375
38806,0.186767578125
38807,0.185913085938
38808,0.0952758789062
38809,0.111145019531
38810,0.130981445312
38811,0.12841796875
38812,0.119262695312
38813,0.163330078125
38814,0.123107910156
38815,0.130981445312
38816,0.103088378906
38817,0.18603515625
38818,0.126831054688
38819,0.124389648438
38820,0.0948486328125
38821,0.099365234375
38822,0.108825683594
38823,0.102416992188
38824,0.159057617188
38825,0.196166992188
38826,0.199340820312
38827,0.198486328125
38828,0.106628417969
38829,0.120910644531
38830,0.124938964844
38831,0.128173828125
38832,0.1748046875
38833,0.172485351562
38834,0.174926757812
38835,0.181884765625
38836,0.138916015625
38837,0.113159179688
38838,0.113586425781
38839,0.138427734375
38840,0.189453125
38841,0.209838867188
38842,0.189575195312
38843,0.190307617188
38844,0.12353515625
38845,0.131103515625
38846,0.1943359375
38847,0.159423828125
38848,0.162353515625
38849,0.163940429688
38850,0.169555664062
38851,0.159912109375
38852,0.116943359375
38853,0.0929565429688
38854,0.134399414062
38855,0.134643554688
38856,0.140991210938
38857,0.127563476562
38858,0.15380859375
38859,0.150634765625
38860,0.1328125
38861,0.133422851562
38862,0.13330078125
38863,0.131469726562
38864,0.180786132812
38865,0.178955078125
38866,0.157104492188
38867,0.198852539062
38868,0.115356445312
38869,0.181884765625
38870,0.184448242188
38871,0.184936523438
38872,0.10205078125
38873,0.114624023438
38874,0.122619628906
38875,0.107177734375
38876,0.104187011719
38877,0.120849609375
38878,0.123107910156
38879,0.1748046875
38880,0.112426757812
38881,0.118774414062
38882,0.119262695312
38883,0.133422851562
38884,0.106567382812
38885,0.103149414062
38886,0.118103027344
38887,0.122192382812
38888,0.103576660156
38889,0.104858398438
38890,0.117065429688
38891,0.174926757812
38892,0.106323242188
38893,0.109436035156
38894,0.135498046875
38895,0.13232421875
38896,0.130126953125
38897,0.142822265625
38898,0.133666992188
38899,0.115661621094
38900,0.137573242188
38901,0.101257324219
38902,0.10302734375
38903,0.106201171875
38904,0.139038085938
38905,0.165283203125
38906,0.168701171875
38907,0.17626953125
38908,0.105773925781
38909,0.18017578125
38910,0.200561523438
38911,0.197631835938
38912,0.104858398438
38913,0.136962890625
38914,0.125366210938
38915,0.127319335938
38916,0.104858398438
38917,0.1533203125
38918,0.162231445312
38919,0.165649414062
38920,0.106872558594
38921,0.112854003906
38922,0.121154785156
38923,0.121276855469
38924,0.105407714844
38925,0.110778808594
38926,0.113586425781
38927,0.1103515625
38928,0.139038085938
38929,0.172973632812
38930,0.136352539062
38931,0.150634765625
38932,0.115112304688
38933,0.133056640625
38934,0.137817382812
38935,0.134033203125
38936,0.123779296875
38937,0.127563476562
38938,0.129516601562
38939,0.127197265625
38940,0.102783203125
38941,0.106994628906
38942,0.110900878906
38943,0.122192382812
38944,0.117553710938
38945,0.157836914062
38946,0.160766601562
38947,0.1767578125
38948,0.0869750976562
38949,0.08984375
38950,0.09375
38951,0.0985107421875
38952,0.106628417969
38953,0.103698730469
38954,0.103332519531
38955,0.122863769531
38956,0.150634765625
38957,0.152709960938
38958,0.144287109375
38959,0.144653320312
38960,0.109008789062
38961,0.176513671875
38962,0.176391601562
38963,0.16259765625
38964,0.10107421875
38965,0.166748046875
38966,0.16162109375
38967,0.206909179688
38968,0.118530273438
38969,0.127197265625
38970,0.171020507812
38971,0.212524414062
38972,0.107055664062
38973,0.111389160156
38974,0.0993041992188
38975,0.0974731445312
38976,0.132446289062
38977,0.112670898438
38978,0.154174804688
38979,0.15869140625
38980,0.113220214844
38981,0.140014648438
38982,0.14404296875
38983,0.171508789062
38984,0.109436035156
38985,0.097412109375
38986,0.142211914062
38987,0.140869140625
38988,0.126342773438
38989,0.115112304688
38990,0.113830566406
38991,0.118591308594
38992,0.118713378906
38993,0.125244140625
38994,0.142333984375
38995,0.168701171875
38996,0.136474609375
38997,0.149169921875
38998,0.149169921875
38999,0.150268554688
39000,0.125122070312
39001,0.122680664062
39002,0.114074707031
39003,0.11572265625
39004,0.133056640625
39005,0.123413085938
39006,0.125
39007,0.142211914062
39008,0.170654296875
39009,0.180297851562
39010,0.1796875
39011,0.191284179688
39012,0.10986328125
39013,0.114562988281
39014,0.113586425781
39015,0.146606445312
39016,0.152099609375
39017,0.147338867188
39018,0.14501953125
39019,0.1279296875
39020,0.107971191406
39021,0.108459472656
39022,0.184326171875
39023,0.224487304688
39024,0.117126464844
39025,0.121276855469
39026,0.121459960938
39027,0.101440429688
39028,0.109558105469
39029,0.1337890625
39030,0.135131835938
39031,0.142456054688
39032,0.146240234375
39033,0.154052734375
39034,0.187255859375
39035,0.102355957031
39036,0.118774414062
39037,0.111511230469
39038,0.104309082031
39039,0.1455078125
39040,0.173217773438
39041,0.197143554688
39042,0.132202148438
39043,0.174926757812
39044,0.101989746094
39045,0.102294921875
39046,0.112182617188
39047,0.127197265625
39048,0.132934570312
39049,0.098876953125
39050,0.0982055664062
39051,0.0997314453125
39052,0.160400390625
39053,0.139038085938
39054,0.135864257812
39055,0.136962890625
39056,0.110656738281
39057,0.150268554688
39058,0.153564453125
39059,0.19287109375
39060,0.140625
39061,0.140258789062
39062,0.14013671875
39063,0.162109375
39064,0.146118164062
39065,0.145385742188
39066,0.123657226562
39067,0.118347167969
39068,0.106384277344
39069,0.124267578125
39070,0.125854492188
39071,0.124572753906
39072,0.111145019531
39073,0.112487792969
39074,0.148315429688
39075,0.142700195312
39076,0.125732421875
39077,0.12646484375
39078,0.126342773438
39079,0.12548828125
39080,0.106994628906
39081,0.113403320312
39082,0.127563476562
39083,0.124816894531
39084,0.101501464844
39085,0.103393554688
39086,0.109008789062
39087,0.126708984375
39088,0.0993041992188
39089,0.106384277344
39090,0.131225585938
39091,0.175659179688
39092,0.112060546875
39093,0.160766601562
39094,0.1591796875
39095,0.154663085938
39096,0.111145019531
39097,0.120178222656
39098,0.122131347656
39099,0.119567871094
39100,0.206665039062
39101,0.184326171875
39102,0.1875
39104,0.189086914062
39105,0.10888671875
39106,0.128662109375
39107,0.1279296875
39108,0.13134765625
39109,0.11962890625
39110,0.115966796875
39111,0.119750976562
39112,0.118957519531
39113,0.145751953125
39114,0.146728515625
39115,0.180419921875
39116,0.177978515625
39117,0.101013183594
39118,0.103576660156
39119,0.153686523438
39120,0.122680664062
39121,0.100952148438
39122,0.109802246094
39123,0.108276367188
39124,0.108337402344
39125,0.125854492188
39126,0.127197265625
39127,0.1259765625
39128,0.140502929688
39129,0.103881835938
39130,0.109252929688
39131,0.127563476562
39132,0.126342773438
39133,0.146728515625
39134,0.191284179688
39135,0.230712890625
39136,0.219848632812
39137,0.178344726562
39138,0.140380859375
39139,0.19140625
39140,0.191040039062
39141,0.101257324219
39142,0.109558105469
39143,0.132202148438
39144,0.135620117188
39145,0.108337402344
39146,0.154174804688
39147,0.153930664062
39148,0.15478515625
39149,0.10595703125
39150,0.109313964844
39151,0.107849121094
39152,0.135864257812
39153,0.107727050781
39154,0.106750488281
39155,0.120422363281
39156,0.116577148438
39157,0.139282226562
39158,0.172241210938
39159,0.172607421875
39160,0.117370605469
39161,0.107482910156
39162,0.159545898438
39163,0.13671875
39164,0.1103515625
39165,0.161376953125
39166,0.16162109375
39167,0.1513671875
39168,0.1767578125
39169,0.131225585938
39170,0.145751953125
39171,0.14794921875
39172,0.1650390625
39173,0.140747070312
39174,0.139892578125
39175,0.163208007812
39176,0.164428710938
39177,0.118713378906
39178,0.125244140625
39179,0.126708984375
39180,0.128173828125
39181,0.0993041992188
39182,0.1552734375
39183,0.205322265625
39184,0.184448242188
39185,0.108459472656
39186,0.120788574219
39187,0.119262695312
39188,0.133056640625
39189,0.116638183594
39190,0.124328613281
39191,0.121887207031
39192,0.123840332031
39193,0.104553222656
39194,0.12744140625
39195,0.126708984375
39196,0.1513671875
39197,0.111389160156
39198,0.148315429688
39199,0.185913085938
39200,0.158447265625
39201,0.130493164062
39202,0.114562988281
39203,0.114990234375
39204,0.149536132812
39205,0.112487792969
39206,0.111877441406
39207,0.113647460938
39208,0.114379882812
39209,0.114074707031
39210,0.148315429688
39211,0.146484375
39212,0.124694824219
39213,0.106323242188
39214,0.10791015625
39215,0.109069824219
39216,0.112243652344
39217,0.106201171875
39218,0.109436035156
39219,0.11083984375
39220,0.141845703125
39221,0.120483398438
39222,0.177124023438
39223,0.218872070312
39224,0.219970703125
39225,0.106262207031
39226,0.119018554688
39227,0.124633789062
39228,0.124633789062
39229,0.135620117188
39230,0.144165039062
39231,0.158325195312
39232,0.158081054688
39233,0.218627929688
39234,0.205200195312
39235,0.2177734375
39236,0.2294921875
39237,0.113464355469
39238,0.114990234375
39239,0.157958984375
39240,0.156616210938
39241,0.112976074219
39242,0.106323242188
39243,0.113647460938
39244,0.11669921875
39245,0.146728515625
39246,0.138916015625
39247,0.139892578125
39248,0.156372070312
39249,0.171752929688
39250,0.172607421875
39251,0.1826171875
39252,0.181396484375
39253,0.128540039062
39254,0.130493164062
39255,0.154541015625
39256,0.149780273438
39257,0.164184570312
39258,0.176635742188
39259,0.180541992188
39260,0.180786132812
39261,0.100402832031
39262,0.103820800781
39263,0.106262207031
39264,0.142211914062
39265,0.0952758789062
39266,0.106140136719
39267,0.1103515625
39268,0.111328125
39269,0.146118164062
39270,0.20654296875
39271,0.1796875
39272,0.177978515625
39273,0.0963745117188
39274,0.100952148438
39275,0.178100585938
39276,0.17626953125
39277,0.181884765625
39278,0.18359375
39279,0.117797851562
39280,0.118225097656
39281,0.0988159179688
39282,0.113525390625
39283,0.170166015625
39284,0.224243164062
39285,0.100219726562
39286,0.0922241210938
39287,0.0956420898438
39288,0.115844726562
39289,0.145751953125
39290,0.145874023438
39291,0.130615234375
39292,0.127075195312
39293,0.103332519531
39294,0.177368164062
39295,0.168823242188
39296,0.168090820312
39297,0.103576660156
39298,0.176513671875
39299,0.181030273438
39300,0.16015625
39301,0.120239257812
39302,0.124633789062
39303,0.104370117188
39304,0.105529785156
39305,0.111938476562
39306,0.119506835938
39307,0.134521484375
39308,0.131958007812
39309,0.110168457031
39310,0.114135742188
39311,0.124938964844
39312,0.128051757812
39313,0.120666503906
39314,0.0968017578125
39315,0.096923828125
39316,0.0964965820312
39317,0.0992431640625
39318,0.119812011719
39319,0.148071289062
39320,0.148559570312
39321,0.12060546875
39322,0.173217773438
39323,0.136596679688
39324,0.186279296875
39325,0.151733398438
39326,0.171752929688
39327,0.172729492188
39328,0.115173339844
39329,0.115112304688
39330,0.1142578125
39331,0.138305664062
39332,0.15771484375
39333,0.140747070312
39334,0.143188476562
39335,0.13720703125
39336,0.138427734375
39337,0.188232421875
39338,0.185913085938
39339,0.18505859375
39340,0.186889648438
39341,0.106994628906
39342,0.160278320312
39343,0.187622070312
39344,0.153930664062
39345,0.13427734375
39346,0.143798828125
39347,0.142700195312
39348,0.1455078125
39349,0.122619628906
39350,0.124328613281
39351,0.152221679688
39352,0.162353515625
39353,0.0974731445312
39354,0.155151367188
39355,0.158081054688
39356,0.156127929688
39357,0.129028320312
39358,0.130615234375
39359,0.205932617188
39360,0.161499023438
39361,0.10107421875
39362,0.104248046875
39363,0.138671875
39364,0.15185546875
39365,0.14990234375
39366,0.138916015625
39367,0.146240234375
39368,0.1240234375
39369,0.134033203125
39370,0.136962890625
39371,0.135375976562
39372,0.156982421875
39373,0.1484375
39374,0.17333984375
39375,0.1416015625
39376,0.176635742188
39377,0.128051757812
39378,0.1572265625
39379,0.163696289062
39380,0.195068359375
39381,0.123779296875
39382,0.114379882812
39383,0.122863769531
39384,0.1220703125
39385,0.142944335938
39386,0.1298828125
39387,0.131713867188
39388,0.173217773438
39389,0.115478515625
39390,0.169067382812
39391,0.130859375
39392,0.1298828125
39393,0.143920898438
39394,0.145874023438
39395,0.146728515625
39396,0.147583007812
39397,0.1328125
39398,0.182495117188
39399,0.183715820312
39400,0.1884765625
39401,0.1728515625
39402,0.17333984375
39403,0.172607421875
39404,0.174072265625
39405,0.129638671875
39406,0.187744140625
39407,0.227661132812
39408,0.207763671875
39409,0.107482910156
39410,0.107055664062
39411,0.100830078125
39412,0.148681640625
39413,0.114929199219
39414,0.112854003906
39415,0.124145507812
39416,0.1259765625
39417,0.129272460938
39418,0.130493164062
39419,0.1240234375
39420,0.124389648438
39421,0.104797363281
39422,0.159912109375
39423,0.167724609375
39424,0.179809570312
39425,0.147216796875
39426,0.133544921875
39427,0.190673828125
39428,0.185302734375
39429,0.116760253906
39430,0.131713867188
39431,0.130126953125
39432,0.156005859375
39433,0.104797363281
39434,0.144775390625
39435,0.129150390625
39436,0.13818359375
39437,0.120544433594
39438,0.123657226562
39439,0.139404296875
39440,0.135864257812
39441,0.187377929688
39442,0.1865234375
39443,0.189086914062
39444,0.186645507812
39445,0.103210449219
39446,0.1044921875
39447,0.10302734375
39448,0.106689453125
39449,0.101623535156
39450,0.104064941406
39451,0.170043945312
39452,0.169311523438
39453,0.123474121094
39454,0.107543945312
39455,0.121398925781
39456,0.121948242188
39457,0.0982666015625
39458,0.102233886719
39459,0.105773925781
39460,0.159423828125
39461,0.1328125
39462,0.133666992188
39463,0.155517578125
39464,0.122009277344
39465,0.116271972656
39466,0.127197265625
39467,0.176147460938
39468,0.182250976562
39469,0.14208984375
39470,0.145385742188
39471,0.169799804688
39472,0.137329101562
39473,0.107482910156
39474,0.106140136719
39475,0.172973632812
39476,0.168701171875
39477,0.101379394531
39478,0.156005859375
39479,0.131713867188
39480,0.128173828125
39481,0.105041503906
39482,0.116821289062
39483,0.11767578125
39484,0.171020507812
39485,0.137329101562
39486,0.13818359375
39487,0.181030273438
39488,0.182250976562
39489,0.107116699219
39490,0.13525390625
39491,0.135864257812
39492,0.1357421875
39493,0.195922851562
39494,0.190673828125
39495,0.1865234375
39496,0.196899414062
39497,0.116516113281
39498,0.117980957031
39499,0.110900878906
39500,0.111938476562
39501,0.144775390625
39502,0.165161132812
39503,0.1669921875
39504,0.124877929688
39505,0.103271484375
39506,0.139770507812
39507,0.206787109375
39508,0.205932617188
39509,0.105163574219
39510,0.165893554688
39511,0.167236328125
39512,0.171508789062
39513,0.201782226562
39514,0.18603515625
39515,0.179809570312
39516,0.145874023438
39517,0.1923828125
39518,0.189819335938
39519,0.149536132812
39520,0.1494140625
39521,0.115600585938
39522,0.101501464844
39523,0.099853515625
39524,0.11083984375
39525,0.108947753906
39526,0.117309570312
39527,0.100341796875
39528,0.105407714844
39529,0.123779296875
39530,0.175170898438
39531,0.171752929688
39532,0.144409179688
39533,0.0955810546875
39534,0.098876953125
39535,0.100524902344
39536,0.102111816406
39537,0.101623535156
39538,0.107421875
39539,0.139404296875
39540,0.145874023438
39541,0.128173828125
39542,0.1357421875
39543,0.134399414062
39544,0.153442382812
39545,0.110168457031
39546,0.140991210938
39547,0.164306640625
39548,0.163208007812
39549,0.147705078125
39550,0.123718261719
39551,0.125244140625
39552,0.160522460938
39553,0.1328125
39554,0.139770507812
39555,0.109130859375
39556,0.108154296875
39557,0.10986328125
39558,0.108764648438
39559,0.111083984375
39560,0.109497070312
39561,0.13330078125
39562,0.146606445312
39563,0.171875
39564,0.156860351562
39565,0.140014648438
39566,0.132080078125
39567,0.115844726562
39568,0.116882324219
39569,0.125
39570,0.123413085938
39571,0.123046875
39572,0.174194335938
39573,0.107360839844
39574,0.111206054688
39575,0.114318847656
39576,0.114379882812
39577,0.104064941406
39578,0.1728515625
39579,0.190551757812
39580,0.150024414062
39581,0.119384765625
39582,0.123168945312
39583,0.124389648438
39584,0.125
39585,0.121337890625
39586,0.155395507812
39587,0.168090820312
39588,0.173706054688
39589,0.105651855469
39590,0.1669921875
39591,0.187377929688
39592,0.13720703125
39593,0.124084472656
39594,0.127197265625
39595,0.147216796875
39596,0.170532226562
39597,0.101989746094
39598,0.10595703125
39599,0.108276367188
39600,0.111877441406
39601,0.104187011719
39602,0.101440429688
39603,0.109924316406
39604,0.12255859375
39605,0.110290527344
39606,0.116455078125
39607,0.125610351562
39608,0.1298828125
39609,0.10205078125
39610,0.117919921875
39611,0.123107910156
39612,0.139526367188
39613,0.109436035156
39614,0.151977539062
39615,0.147827148438
39616,0.146728515625
39617,0.0994873046875
39618,0.14306640625
39619,0.165649414062
39620,0.19091796875
39621,0.102844238281
39622,0.127685546875
39623,0.13232421875
39624,0.137451171875
39625,0.142578125
39626,0.138793945312
39627,0.151000976562
39628,0.15283203125
39629,0.185791015625
39630,0.205932617188
39631,0.124084472656
39632,0.165893554688
39633,0.103576660156
39634,0.0938110351562
39635,0.0936279296875
39636,0.0971069335938
39637,0.185424804688
39638,0.221923828125
39639,0.114624023438
39640,0.126831054688
39641,0.104125976562
39642,0.105102539062
39643,0.156494140625
39644,0.186767578125
39645,0.16455078125
39646,0.180053710938
39647,0.111694335938
39648,0.120483398438
39649,0.169311523438
39650,0.125366210938
39651,0.1826171875
39652,0.176513671875
39653,0.107116699219
39654,0.105102539062
39655,0.130004882812
39656,0.164672851562
39657,0.153076171875
39658,0.114990234375
39659,0.0950317382812
39660,0.12158203125
39661,0.108825683594
39662,0.108947753906
39663,0.131103515625
39664,0.167846679688
39665,0.189575195312
39666,0.0951538085938
39667,0.137329101562
39668,0.134155273438
39669,0.171997070312
39670,0.119567871094
39671,0.156616210938
39672,0.114196777344
39673,0.123229980469
39674,0.176147460938
39675,0.13623046875
39676,0.159423828125
39677,0.10693359375
39678,0.0975341796875
39679,0.150756835938
39680,0.148315429688
39681,0.119323730469
39682,0.134399414062
39683,0.119506835938
39684,0.113647460938
39685,0.130004882812
39686,0.183349609375
39687,0.201538085938
39688,0.168090820312
39689,0.10986328125
39690,0.110778808594
39691,0.140380859375
39692,0.142700195312
39693,0.19189453125
39694,0.192260742188
39695,0.1748046875
39696,0.134521484375
39697,0.14111328125
39698,0.167724609375
39699,0.137817382812
39700,0.210571289062
39701,0.130249023438
39702,0.10888671875
39703,0.118286132812
39704,0.12255859375
39705,0.163330078125
39706,0.119445800781
39707,0.131469726562
39708,0.118469238281
39709,0.1484375
39710,0.147216796875
39711,0.1669921875
39712,0.166015625
39713,0.174682617188
39714,0.137084960938
39715,0.1708984375
39716,0.230102539062
39717,0.1435546875
39718,0.142700195312
39719,0.151733398438
39720,0.20751953125
39721,0.142333984375
39722,0.140258789062
39723,0.168579101562
39724,0.147338867188
39725,0.13671875
39726,0.160034179688
39727,0.13623046875
39728,0.09912109375
39729,0.106506347656
39730,0.0985717773438
39731,0.111389160156
39732,0.121459960938
39733,0.180786132812
39734,0.125854492188
39735,0.134033203125
39736,0.111755371094
39737,0.177490234375
39738,0.2236328125
39739,0.20849609375
39740,0.126586914062
39741,0.120971679688
39742,0.115539550781
39743,0.14990234375
39744,0.178466796875
39745,0.078125
39746,0.119873046875
39747,0.168579101562
39748,0.174194335938
39749,0.148315429688
39750,0.14306640625
39751,0.1953125
39752,0.22314453125
39753,0.134765625
39754,0.13427734375
39755,0.121826171875
39756,0.1689453125
39757,0.110290527344
39758,0.130493164062
39759,0.1435546875
39760,0.163940429688
39761,0.101440429688
39762,0.17529296875
39763,0.176391601562
39764,0.16064453125
39765,0.180419921875
39766,0.163696289062
39767,0.1552734375
39768,0.13037109375
39769,0.187622070312
39770,0.18017578125
39771,0.180541992188
39772,0.183959960938
39773,0.123779296875
39774,0.118286132812
39775,0.120300292969
39776,0.142456054688
39777,0.110473632812
39778,0.125366210938
39779,0.16650390625
39780,0.16455078125
39781,0.102111816406
39782,0.120727539062
39783,0.121826171875
39784,0.11865234375
39785,0.123229980469
39786,0.118347167969
39787,0.122985839844
39788,0.110961914062
39789,0.0971069335938
39790,0.101135253906
39791,0.0996704101562
39792,0.0994262695312
39793,0.160522460938
39794,0.166748046875
39795,0.154907226562
39796,0.1845703125
39797,0.118041992188
39798,0.0858154296875
39799,0.0993041992188
39800,0.12646484375
39801,0.16015625
39802,0.181640625
39803,0.123962402344
39804,0.122619628906
39805,0.116394042969
39806,0.115234375
39807,0.163818359375
39808,0.140625
39809,0.176391601562
39810,0.143676757812
39811,0.127685546875
39812,0.114379882812
39813,0.185546875
39814,0.165893554688
39815,0.173828125
39816,0.129760742188
39817,0.107849121094
39818,0.146240234375
39819,0.152709960938
39820,0.175537109375
39821,0.119812011719
39822,0.168212890625
39823,0.165893554688
39824,0.156372070312
39825,0.184814453125
39826,0.177856445312
39827,0.220703125
39828,0.24609375
39829,0.120727539062
39830,0.153564453125
39831,0.150634765625
39832,0.15771484375
39833,0.115417480469
39834,0.110473632812
39835,0.103332519531
39836,0.0966796875
39837,0.145751953125
39838,0.148681640625
39839,0.148681640625
39840,0.14892578125
39841,0.111511230469
39842,0.116271972656
39843,0.108642578125
39844,0.164184570312
39845,0.0989379882812
39846,0.0936279296875
39847,0.0969848632812
39848,0.151245117188
39849,0.109008789062
39850,0.129028320312
39851,0.142333984375
39852,0.129028320312
39853,0.124389648438
39854,0.12060546875
39855,0.124450683594
39856,0.139404296875
39857,0.11279296875
39858,0.130249023438
39859,0.134765625
39860,0.146728515625
39861,0.10498046875
39862,0.108093261719
39863,0.117126464844
39864,0.107971191406
39865,0.112854003906
39866,0.122192382812
39867,0.1259765625
39868,0.161376953125
39869,0.107971191406
39870,0.109741210938
39871,0.119873046875
39872,0.168823242188
39873,0.105590820312
39874,0.111328125
39875,0.163696289062
39876,0.164428710938
39877,0.174072265625
39878,0.171264648438
39879,0.174194335938
39880,0.173217773438
39881,0.1396484375
76637,0.11474609375
76638,0.143798828125
76640,0.131591796875
76641,0.108520507812
76642,0.0947265625
76643,0.09326171875
76644,0.108703613281
76645,0.101501464844
76646,0.130126953125
76647,0.126586914062
76648,0.1318359375
76649,0.113037109375
76650,0.1103515625
76651,0.109558105469
76652,0.115356445312
76653,0.140014648438
76654,0.186767578125
76655,0.1416015625
76656,0.199951171875
76657,0.121704101562
76658,0.127075195312
76659,0.115844726562
76660,0.128051757812
76661,0.105590820312
76662,0.142700195312
76663,0.172729492188
76664,0.214477539062
76665,0.101318359375
76666,0.14892578125
76667,0.17041015625
76668,0.159057617188
76669,0.0978393554688
76670,0.160400390625
76671,0.181274414062
76672,0.170166015625
76673,0.100280761719
76674,0.16259765625
76675,0.1591796875
76676,0.17236328125
76677,0.148315429688
76678,0.112854003906
76679,0.139282226562
76680,0.146484375
76681,0.0982666015625
76682,0.0971069335938
76683,0.127685546875
76684,0.165893554688
76685,0.109741210938
76686,0.0979614257812
76687,0.119445800781
76688,0.126831054688
76689,0.187255859375
76690,0.122375488281
76691,0.0927124023438
76692,0.15380859375
76693,0.15966796875
76694,0.1552734375
76695,0.145629882812
76696,0.1572265625
76697,0.149536132812
76698,0.147094726562
76699,0.14794921875
76700,0.118896484375
76701,0.120544433594
76702,0.126831054688
76703,0.129638671875
76704,0.1259765625
76705,0.136108398438
76706,0.119812011719
76707,0.119873046875
76708,0.148803710938
76709,0.124572753906
76710,0.107666015625
76711,0.119750976562
76712,0.12548828125
76713,0.122924804688
76714,0.122924804688
76715,0.123901367188
76716,0.12890625
76717,0.136474609375
76718,0.126708984375
76719,0.121032714844
76720,0.127807617188
76721,0.0942993164062
76722,0.104187011719
76723,0.16748046875
76724,0.20166015625
76725,0.12890625
76726,0.15380859375
76727,0.131225585938
76728,0.134765625
76729,0.123229980469
76730,0.161376953125
76731,0.19970703125
76732,0.19921875
76733,0.082275390625
76734,0.102966308594
76735,0.103271484375
76736,0.103637695312
76737,0.108032226562
76738,0.118835449219
76739,0.154296875
76740,0.175659179688
76741,0.107238769531
76742,0.1767578125
76743,0.17822265625
76744,0.135009765625
76745,0.120300292969
76746,0.136474609375
76747,0.151977539062
76748,0.125610351562
76749,0.146728515625
76750,0.148803710938
76751,0.116149902344
76752,0.128173828125
76753,0.0990600585938
76754,0.10205078125
76755,0.10595703125
76756,0.105529785156
76757,0.133422851562
76758,0.146728515625
76759,0.130737304688
76760,0.127807617188
76761,0.11376953125
76762,0.115600585938
76763,0.1513671875
76764,0.1865234375
76765,0.18994140625
76766,0.19140625
76767,0.19482421875
76768,0.203125
76769,0.115478515625
76770,0.114868164062
76771,0.154418945312
76772,0.162841796875
76773,0.123718261719
76774,0.109741210938
76775,0.108764648438
76776,0.106140136719
76777,0.122924804688
76778,0.160888671875
76779,0.184326171875
76780,0.155151367188
76781,0.104736328125
76782,0.169311523438
76783,0.169921875
76784,0.182861328125
76785,0.104309082031
76786,0.110656738281
76787,0.150146484375
76788,0.15869140625
76789,0.09716796875
76790,0.133056640625
76791,0.1494140625
76792,0.150146484375
76793,0.095703125
76794,0.117858886719
76795,0.11962890625
76796,0.125610351562
76797,0.0982666015625
76798,0.101257324219
76799,0.117309570312
76800,0.115173339844
76801,0.108276367188
76802,0.118774414062
76803,0.118041992188
76804,0.116455078125
76805,0.0972900390625
76806,0.0930786132812
76807,0.108459472656
76808,0.150024414062
76809,0.0963745117188
76810,0.098876953125
76811,0.101928710938
76812,0.101013183594
76813,0.11962890625
76814,0.120483398438
76815,0.119689941406
76816,0.13525390625
76817,0.118408203125
76818,0.119018554688
76819,0.120056152344
76820,0.118469238281
76821,0.0971069335938
76822,0.102111816406
76823,0.114074707031
76824,0.114501953125
76825,0.1162109375
76826,0.102111816406
76827,0.101013183594
76828,0.141357421875
76829,0.105895996094
76830,0.108154296875
76831,0.121337890625
76832,0.1708984375
76833,0.107788085938
76834,0.112609863281
76835,0.122253417969
76836,0.103881835938
76837,0.136352539062
76838,0.13916015625
76839,0.117980957031
76840,0.119445800781
76841,0.13525390625
76842,0.137329101562
76843,0.14697265625
76844,0.14892578125
76845,0.139892578125
76846,0.195556640625
76847,0.197265625
76848,0.196044921875
76849,0.137451171875
76850,0.141845703125
76851,0.140869140625
76852,0.138427734375
76853,0.103576660156
76854,0.105590820312
76855,0.104248046875
76856,0.103881835938
76857,0.109680175781
76858,0.125610351562
76859,0.148315429688
76860,0.147216796875
76861,0.105651855469
76862,0.11083984375
76863,0.120422363281
76864,0.1220703125
76865,0.10693359375
76866,0.125366210938
76867,0.101684570312
76868,0.116516113281
76869,0.164794921875
76870,0.165161132812
76871,0.167846679688
76872,0.166137695312
76873,0.109252929688
76874,0.157592773438
76875,0.14111328125
76876,0.156982421875
76877,0.104309082031
76878,0.134399414062
76879,0.132446289062
76880,0.146728515625
76881,0.115173339844
76882,0.147094726562
76883,0.1337890625
76884,0.105773925781
76885,0.125366210938
76886,0.126708984375
76887,0.118713378906
76888,0.118225097656
76889,0.136352539062
76890,0.1123046875
76891,0.11962890625
76892,0.129150390625
76893,0.122436523438
76894,0.114501953125
76895,0.177368164062
76896,0.178344726562
76897,0.201904296875
76898,0.199829101562
76899,0.159912109375
76900,0.147705078125
76901,0.13671875
76902,0.136474609375
76903,0.137451171875
76904,0.138916015625
76905,0.115417480469
76906,0.132202148438
76907,0.131103515625
76908,0.169067382812
76909,0.138549804688
76910,0.140258789062
76911,0.127075195312
76912,0.135375976562
76913,0.0824584960938
76914,0.104125976562
76915,0.103881835938
76916,0.104553222656
76917,0.101745605469
76918,0.0999755859375
76919,0.098388671875
76920,0.100891113281
76921,0.100402832031
76922,0.128540039062
76923,0.129760742188
76924,0.131958007812
76925,0.0990600585938
76926,0.102600097656
76927,0.0992431640625
76928,0.101745605469
76929,0.157592773438
76930,0.18408203125
76931,0.161743164062
76932,0.18017578125
76933,0.1015625
76934,0.122985839844
76935,0.116577148438
76936,0.118591308594
76937,0.102355957031
76938,0.10498046875
76939,0.105163574219
76940,0.110229492188
76941,0.107116699219
76942,0.156372070312
76943,0.158935546875
76944,0.0933837890625
76945,0.105895996094
76946,0.10791015625
76947,0.0809936523438
76948,0.126708984375
76949,0.106079101562
76950,0.096435546875
76951,0.0977172851562
76952,0.151000976562
76953,0.112243652344
76954,0.138916015625
76955,0.140380859375
76956,0.157104492188
76957,0.123168945312
76958,0.114562988281
76959,0.15185546875
76960,0.16845703125
76961,0.1103515625
76962,0.104797363281
76963,0.0942993164062
76964,0.0986938476562
76965,0.107788085938
76966,0.111328125
76967,0.113037109375
76968,0.112548828125
76969,0.173950195312
76970,0.179809570312
76971,0.136108398438
76972,0.186279296875
76973,0.108947753906
76974,0.128295898438
76975,0.128173828125
76976,0.169799804688
76977,0.0986938476562
76978,0.103942871094
76979,0.119079589844
76980,0.132934570312
76981,0.104797363281
76982,0.104797363281
76983,0.102172851562
76984,0.122863769531
76985,0.138305664062
76986,0.139770507812
76987,0.141235351562
76988,0.17626953125
76989,0.0855712890625
76990,0.0879516601562
76991,0.0877075195312
76992,0.122009277344
76993,0.0963134765625
76994,0.0999755859375
76995,0.104309082031
76996,0.103454589844
76997,0.095947265625
76998,0.105529785156
76999,0.107177734375
77000,0.11083984375
77001,0.0979614257812
77002,0.102478027344
77003,0.108093261719
77004,0.110717773438
77005,0.102905273438
77006,0.104858398438
77007,0.101135253906
77008,0.164306640625
77009,0.133422851562
77010,0.132080078125
77011,0.136108398438
77012,0.134887695312
77013,0.102966308594
77014,0.14599609375
77015,0.14404296875
77016,0.14404296875
77017,0.114074707031
77018,0.16259765625
77019,0.1357421875
77020,0.135009765625
77021,0.113830566406
77022,0.115356445312
77023,0.113037109375
77024,0.161376953125
77025,0.115905761719
77026,0.119689941406
77027,0.118347167969
77028,0.147583007812
77029,0.103881835938
77030,0.108825683594
77031,0.0892333984375
77032,0.0889892578125
77033,0.108337402344
77034,0.118774414062
77035,0.13671875
77036,0.13623046875
77037,0.106994628906
77038,0.100769042969
77039,0.101989746094
77040,0.10400390625
77041,0.108276367188
77042,0.107666015625
77043,0.168334960938
77044,0.157836914062
77045,0.109375
77046,0.112487792969
77047,0.112060546875
77048,0.14794921875
77049,0.169189453125
77050,0.190551757812
77051,0.189208984375
77052,0.193359375
77053,0.108337402344
77054,0.112915039062
77055,0.115844726562
77056,0.134765625
77057,0.147216796875
77058,0.148559570312
77059,0.151733398438
77060,0.151245117188
77061,0.12109375
77062,0.122253417969
77063,0.12255859375
77064,0.196655273438
77065,0.111572265625
77066,0.127075195312
77067,0.129028320312
77068,0.131958007812
77069,0.111694335938
77070,0.109313964844
77071,0.109985351562
77072,0.111206054688
77073,0.121826171875
77074,0.117492675781
77075,0.183959960938
77076,0.170166015625
77077,0.0850830078125
77078,0.121398925781
77079,0.151489257812
77080,0.153564453125
77081,0.179931640625
77082,0.194213867188
77083,0.210083007812
77084,0.200439453125
77085,0.119873046875
77086,0.125732421875
77087,0.122192382812
77088,0.127197265625
77089,0.111511230469
77090,0.116394042969
77091,0.138061523438
77092,0.113708496094
77093,0.108703613281
77094,0.122497558594
77095,0.122985839844
77096,0.111022949219
77097,0.16845703125
77098,0.143798828125
77099,0.142211914062
77100,0.143432617188
77101,0.121154785156
77102,0.122924804688
77103,0.123291015625
77104,0.120361328125
77105,0.117736816406
77106,0.12744140625
77107,0.178100585938
77108,0.177124023438
77109,0.107238769531
77110,0.113037109375
77111,0.105590820312
77112,0.109130859375
77113,0.106140136719
77114,0.103820800781
77115,0.109069824219
77116,0.172485351562
77117,0.0972290039062
77118,0.160522460938
77119,0.165161132812
77120,0.193969726562
77121,0.131103515625
77122,0.16162109375
77123,0.161987304688
77124,0.13232421875
77125,0.109130859375
77126,0.145141601562
77127,0.146728515625
77128,0.149780273438
77129,0.10302734375
77130,0.109069824219
77131,0.146850585938
77132,0.155639648438
77133,0.152954101562
77134,0.14892578125
77135,0.103820800781
77136,0.103088378906
77137,0.172607421875
77138,0.211181640625
77139,0.138916015625
77140,0.138793945312
77141,0.181640625
77142,0.178833007812
77143,0.17822265625
77144,0.182861328125
77145,0.1044921875
77146,0.131958007812
77147,0.14111328125
77148,0.111328125
77149,0.09912109375
77150,0.100219726562
77151,0.1259765625
77152,0.139526367188
77153,0.146118164062
77154,0.124816894531
77155,0.126586914062
77156,0.152221679688
77157,0.1025390625
77158,0.0923461914062
77159,0.117492675781
77160,0.120727539062
77161,0.101196289062
77162,0.147094726562
77163,0.151123046875
77164,0.140258789062
77165,0.113647460938
77166,0.113891601562
77167,0.113342285156
77168,0.116088867188
77169,0.105407714844
77170,0.1044921875
77171,0.106994628906
77172,0.108825683594
77173,0.104675292969
77174,0.102172851562
77175,0.132080078125
77176,0.146362304688
77177,0.106323242188
77178,0.095703125
77179,0.150512695312
77180,0.151000976562
77181,0.1064453125
77182,0.105773925781
77183,0.107727050781
77184,0.167724609375
77185,0.102172851562
77186,0.0911865234375
77187,0.0997314453125
77188,0.146240234375
77189,0.139282226562
77190,0.13818359375
77191,0.177490234375
77192,0.204345703125
77193,0.179443359375
77194,0.187744140625
77195,0.194946289062
77196,0.190551757812
77197,0.169677734375
77198,0.164672851562
77199,0.16259765625
77200,0.16455078125
77201,0.122497558594
77202,0.0971069335938
77203,0.112548828125
77204,0.143432617188
77205,0.113891601562
77206,0.113952636719
77207,0.109313964844
77208,0.107788085938
77209,0.142333984375
77210,0.150146484375
77211,0.167358398438
77212,0.1328125
77213,0.113708496094
77214,0.1142578125
77215,0.126953125
77216,0.158813476562
77217,0.16259765625
77218,0.1728515625
77219,0.17333984375
77220,0.169921875
77221,0.094970703125
77222,0.0994873046875
77223,0.1396484375
77224,0.148193359375
77225,0.171875
77226,0.136352539062
77227,0.145141601562
77228,0.159545898438
77229,0.108764648438
77230,0.154418945312
77231,0.127563476562
77232,0.130493164062
77233,0.102905273438
77234,0.129272460938
77235,0.129150390625
77236,0.128784179688
77237,0.0902709960938
77238,0.0941162109375
77239,0.113464355469
77240,0.114624023438
77241,0.0967407226562
77242,0.101623535156
77243,0.116088867188
77244,0.111633300781
77245,0.104187011719
77246,0.136962890625
77247,0.140258789062
77248,0.183959960938
77249,0.166381835938
77250,0.166870117188
77251,0.168090820312
77252,0.14453125
77253,0.182006835938
77254,0.121520996094
77255,0.1904296875
77256,0.1943359375
77257,0.120239257812
77258,0.154052734375
77259,0.151245117188
77260,0.13671875
77261,0.108337402344
77262,0.113403320312
77263,0.1142578125
77264,0.099609375
77265,0.105285644531
77266,0.158325195312
77267,0.193969726562
77268,0.197998046875
77269,0.121276855469
77270,0.124389648438
77271,0.126708984375
77272,0.140625
77273,0.134399414062
77274,0.136352539062
77275,0.1552734375
77276,0.156005859375
77277,0.126953125
77278,0.1240234375
77279,0.104797363281
77280,0.105651855469
77281,0.175415039062
77282,0.155395507812
77283,0.205688476562
77284,0.206420898438
77285,0.134765625
77286,0.137817382812
77287,0.13671875
77288,0.115600585938
77289,0.140502929688
77290,0.144409179688
77291,0.12939453125
77292,0.187377929688
77293,0.105102539062
77294,0.106201171875
77295,0.112426757812
77296,0.129760742188
77297,0.104187011719
77298,0.0901489257812
77299,0.117736816406
77300,0.171752929688
77301,0.102722167969
77302,0.103454589844
77303,0.106994628906
77304,0.120239257812
77305,0.108459472656
77306,0.108703613281
77307,0.104797363281
77308,0.1650390625
77309,0.0960693359375
77310,0.112426757812
77311,0.110046386719
77312,0.109436035156
77313,0.1513671875
77314,0.153442382812
77315,0.154541015625
77316,0.155395507812
77317,0.163452148438
77318,0.163452148438
77319,0.154541015625
77320,0.15185546875
77321,0.108276367188
77322,0.119995117188
77323,0.12744140625
77324,0.168579101562
77325,0.113220214844
77326,0.1162109375
77327,0.11083984375
77328,0.14306640625
77329,0.140991210938
77330,0.139770507812
77331,0.184326171875
77332,0.221313476562
77333,0.102783203125
77334,0.1259765625
77335,0.114135742188
77336,0.113830566406
77337,0.125366210938
77338,0.124938964844
77339,0.127807617188
77340,0.112365722656
77341,0.184448242188
77342,0.187866210938
77343,0.170166015625
77344,0.15673828125
77345,0.195678710938
77346,0.161743164062
77347,0.159301757812
77348,0.2119140625
77349,0.0862426757812
77350,0.0846557617188
77351,0.131225585938
77352,0.135375976562
77353,0.10205078125
77354,0.146850585938
77355,0.202026367188
77356,0.218994140625
77357,0.18896484375
77358,0.192993164062
77359,0.199096679688
77360,0.198364257812
77361,0.0933227539062
77362,0.095703125
77363,0.127807617188
77364,0.130493164062
77365,0.12890625
77366,0.130981445312
77367,0.146606445312
77368,0.14794921875
77369,0.106079101562
77370,0.16650390625
77371,0.166748046875
77372,0.166748046875
77373,0.08740234375
77374,0.1416015625
77375,0.185546875
77376,0.184204101562
77377,0.116577148438
77378,0.1630859375
77379,0.199096679688
77380,0.20166015625
77381,0.173095703125
77382,0.231201171875
77383,0.217163085938
77384,0.219970703125
77385,0.148315429688
77386,0.111145019531
77387,0.107849121094
77388,0.169189453125
77389,0.0868530273438
77390,0.0899047851562
77391,0.0960693359375
77392,0.156372070312
77393,0.116760253906
77394,0.106079101562
77395,0.140502929688
77396,0.140625
77397,0.194580078125
77398,0.2236328125
77399,0.237182617188
77400,0.238159179688
77401,0.106567382812
77402,0.169677734375
77403,0.156982421875
77404,0.174560546875
77405,0.126220703125
77406,0.130859375
77407,0.179321289062
77408,0.135498046875
77409,0.117980957031
77410,0.124877929688
77411,0.127319335938
77412,0.159912109375
77413,0.104187011719
77414,0.0912475585938
77415,0.105529785156
77416,0.15283203125
77417,0.106994628906
77418,0.119750976562
77419,0.136840820312
77420,0.1484375
77422,0.0816650390625
77423,0.0820922851562
77424,0.154541015625
77425,0.149658203125
77426,0.1318359375
77427,0.169677734375
77428,0.170043945312
77429,0.177734375
77430,0.099365234375
77431,0.106140136719
77432,0.11767578125
77433,0.139038085938
77434,0.0957641601562
77435,0.150024414062
77436,0.193237304688
77437,0.223999023438
77438,0.18798828125
77439,0.124328613281
77440,0.110412597656
77441,0.109436035156
77442,0.191040039062
77443,0.154663085938
77444,0.1875
77445,0.209594726562
77446,0.0737915039062
77447,0.0735473632812
77448,0.106323242188
77449,0.116821289062
77450,0.115112304688
77451,0.100646972656
77452,0.143676757812
77453,0.14501953125
77454,0.0824584960938
77455,0.135009765625
77456,0.121643066406
77457,0.119140625
77458,0.132934570312
77459,0.134155273438
77460,0.172973632812
77461,0.172973632812
77462,0.0732421875
77463,0.0738525390625
77464,0.130249023438
77465,0.0896606445312
77466,0.183227539062
77467,0.219116210938
77468,0.1962890625
77469,0.176513671875
77470,0.108459472656
77471,0.124206542969
77472,0.122253417969
77473,0.14013671875
77474,0.137329101562
77475,0.16552734375
77476,0.168579101562
77477,0.10302734375
77478,0.107238769531
77479,0.116638183594
77480,0.121215820312
77481,0.117065429688
77482,0.0825805664062
77483,0.093505859375
77484,0.0885009765625
77485,0.107727050781
77486,0.135375976562
77487,0.172973632812
77488,0.153442382812
77489,0.115783691406
77490,0.15869140625
77491,0.186157226562
77492,0.202514648438
77493,0.14892578125
77494,0.166137695312
77495,0.146728515625
77496,0.115905761719
77497,0.110229492188
77498,0.1064453125
77499,0.120727539062
77500,0.129760742188
77501,0.1298828125
77502,0.164794921875
77503,0.162475585938
77504,0.196044921875
77505,0.193115234375
77506,0.119995117188
77507,0.198608398438
77508,0.232177734375
77509,0.23193359375
77510,0.132202148438
77511,0.131103515625
77512,0.119018554688
77513,0.1259765625
77514,0.105102539062
77515,0.113464355469
77516,0.106140136719
77517,0.1005859375
77518,0.11376953125
77519,0.144165039062
77520,0.108276367188
77521,0.140380859375
77522,0.113586425781
77523,0.1201171875
77524,0.167114257812
77525,0.18896484375
77526,0.194213867188
77527,0.193115234375
77528,0.1748046875
77529,0.204345703125
77530,0.121276855469
77531,0.118957519531
77532,0.151611328125
77533,0.169555664062
77534,0.120361328125
77535,0.102355957031
77536,0.108032226562
77537,0.101867675781
77538,0.0958862304688
77539,0.15234375
77540,0.1904296875
77541,0.192749023438
77542,0.120727539062
77543,0.141723632812
77544,0.148071289062
77545,0.129150390625
77546,0.122802734375
77547,0.148315429688
77548,0.139526367188
77549,0.152709960938
77550,0.108581542969
77551,0.141845703125
77552,0.162963867188
77553,0.121459960938
77554,0.132934570312
77555,0.171997070312
77556,0.173095703125
77557,0.173706054688
77558,0.127075195312
77559,0.0970458984375
77560,0.110229492188
77561,0.110046386719
77562,0.198120117188
77563,0.148193359375
77564,0.201904296875
77565,0.196411132812
77566,0.1259765625
77567,0.194580078125
77568,0.180297851562
77569,0.219604492188
77570,0.116455078125
77571,0.178466796875
77572,0.131225585938
77573,0.152954101562
77574,0.07958984375
77575,0.119140625
77576,0.124755859375
77577,0.139526367188
77578,0.183715820312
77579,0.179443359375
77580,0.1328125
77581,0.176635742188
77582,0.176391601562
77583,0.217529296875
77584,0.230834960938
77585,0.221557617188
77586,0.106567382812
77587,0.108947753906
77588,0.1044921875
77589,0.127075195312
77590,0.175903320312
77591,0.14599609375
77592,0.131591796875
77593,0.137817382812
77594,0.167724609375
77595,0.145385742188
77596,0.150756835938
77597,0.151123046875
77598,0.1767578125
77599,0.190795898438
77600,0.228271484375
77601,0.224609375
77602,0.110534667969
77603,0.0879516601562
77604,0.109008789062
77605,0.152587890625
77606,0.143310546875
77607,0.150024414062
77608,0.116882324219
77609,0.123413085938
77610,0.0992431640625
77611,0.10498046875
77612,0.136108398438
77613,0.116027832031
77614,0.0911254882812
77615,0.116333007812
77616,0.128784179688
77617,0.131591796875
77618,0.122863769531
77619,0.102600097656
77620,0.133056640625
77621,0.134155273438
77622,0.0969848632812
77623,0.1201171875
77624,0.120666503906
77625,0.108581542969
77626,0.153564453125
77627,0.21533203125
77628,0.164672851562
77629,0.169799804688
77630,0.190185546875
77631,0.189331054688
77632,0.19677734375
77633,0.207763671875
77634,0.120483398438
77635,0.158813476562
77636,0.175903320312
77637,0.203735351562
77638,0.120788574219
77639,0.138916015625
77640,0.146728515625
77641,0.114929199219
77642,0.124145507812
77643,0.12841796875
77644,0.14794921875
77645,0.116760253906
77646,0.120483398438
77647,0.133544921875
77648,0.171752929688
77649,0.180541992188
77650,0.127685546875
77651,0.191528320312
77652,0.10791015625
77653,0.15380859375
77654,0.1220703125
77655,0.0875244140625
77656,0.123291015625
77657,0.106994628906
77658,0.14306640625
77659,0.130249023438
77660,0.130249023438
77661,0.120849609375
77662,0.157348632812
77663,0.17431640625
77664,0.11572265625
77665,0.122497558594
77666,0.122253417969
77667,0.123718261719
77668,0.14599609375
77669,0.121948242188
77670,0.171508789062
77671,0.141357421875
77672,0.0927734375
77673,0.1357421875
77674,0.144775390625
77675,0.181274414062
77676,0.182983398438
77677,0.13134765625
77678,0.180053710938
77679,0.169189453125
77680,0.154541015625
77681,0.159301757812
77682,0.144897460938
77683,0.141357421875
77684,0.162719726562
77685,0.16357421875
77686,0.110107421875
77687,0.110534667969
77688,0.144775390625
77689,0.129272460938
77690,0.149169921875
77691,0.158203125
77692,0.149780273438
77693,0.143798828125
77694,0.132446289062
77695,0.161743164062
77696,0.190795898438
77697,0.122863769531
77698,0.17822265625
77699,0.189086914062
77700,0.183959960938
77701,0.164428710938
77702,0.1474609375
77703,0.155395507812
77704,0.19970703125
77705,0.155639648438
77706,0.150268554688
77707,0.207885742188
77708,0.210571289062
77709,0.101867675781
77710,0.12744140625
77711,0.174682617188
77712,0.173095703125
77713,0.168701171875
77714,0.164428710938
77715,0.127075195312
77716,0.191528320312
77717,0.15771484375
77718,0.18798828125
77719,0.189331054688
77720,0.13818359375
77721,0.124145507812
77722,0.173828125
77723,0.173095703125
77724,0.1748046875
77725,0.172729492188
77726,0.131469726562
77727,0.177978515625
77728,0.159057617188
77729,0.156616210938
77730,0.113586425781
77731,0.122253417969
77732,0.141845703125
77733,0.103393554688
77734,0.12255859375
77735,0.140380859375
77736,0.142333984375
77737,0.199462890625
77738,0.198608398438
77739,0.198120117188
77740,0.233642578125
77741,0.225341796875
77742,0.156860351562
77743,0.15576171875
77744,0.129516601562
77745,0.0924072265625
77746,0.114990234375
77747,0.120056152344
77748,0.1396484375
77749,0.186157226562
77750,0.11572265625
77751,0.109436035156
77752,0.159912109375
77753,0.158081054688
77754,0.109802246094
77755,0.123413085938
77756,0.171508789062
77757,0.193481445312
77758,0.121765136719
77759,0.125610351562
77760,0.122253417969
77761,0.105590820312
77762,0.158569335938
77763,0.17529296875
77764,0.152099609375
77765,0.153198242188
77766,0.1474609375
77767,0.198486328125
77768,0.22265625
77769,0.221557617188
77770,0.152465820312
77771,0.198608398438
77772,0.200317382812
77773,0.179809570312
77774,0.113098144531
77775,0.125854492188
77776,0.14453125
77777,0.153564453125
77778,0.0927124023438
77779,0.0867309570312
77780,0.12060546875
77781,0.163452148438
77782,0.139404296875
77783,0.140014648438
77784,0.171630859375
77785,0.194091796875
77786,0.107177734375
77787,0.103149414062
77788,0.108154296875
77789,0.116088867188
77790,0.0787963867188
77791,0.122436523438
77792,0.178833007812
77793,0.1787109375
77794,0.1708984375
77795,0.164672851562
77796,0.137329101562
77797,0.164428710938
77798,0.17138671875
77799,0.221557617188
77800,0.20068359375
77801,0.21826171875
77802,0.1259765625
77803,0.169555664062
77804,0.115661621094
77805,0.152709960938
77806,0.130004882812
77807,0.169555664062
77808,0.211547851562
77809,0.12939453125
77810,0.134521484375
77811,0.157836914062
77812,0.16015625
77813,0.178466796875
77814,0.149169921875
77815,0.19482421875
77816,0.196899414062
77817,0.194580078125
77818,0.146240234375
77819,0.14013671875
77820,0.126586914062
77821,0.151611328125
77822,0.129760742188
77823,0.16455078125
77824,0.18115234375
77825,0.18408203125
77826,0.148803710938
77827,0.165283203125
77828,0.168579101562
77829,0.166137695312
77830,0.0911865234375
77831,0.115783691406
77832,0.14306640625
77833,0.148193359375
77834,0.125244140625
77835,0.118835449219
77836,0.146240234375
77837,0.118286132812
77838,0.139892578125
77839,0.133422851562
77840,0.169189453125
77841,0.122253417969
77842,0.123229980469
77843,0.122375488281
77844,0.0985717773438
77845,0.112976074219
77846,0.11767578125
77847,0.133178710938
77848,0.133422851562
77849,0.136352539062
77850,0.146118164062
77851,0.197998046875
77852,0.1279296875
77853,0.19921875
77854,0.145141601562
77855,0.108215332031
77856,0.158081054688
77857,0.143798828125
77858,0.131469726562
77859,0.156005859375
77860,0.201538085938
77861,0.185302734375
77862,0.140502929688
77863,0.133178710938
77864,0.149169921875
77865,0.151489257812
77866,0.1240234375
77867,0.203735351562
77868,0.240600585938
77869,0.25244140625
77870,0.116760253906
77871,0.119750976562
77872,0.109436035156
77873,0.10986328125
77874,0.143310546875
77875,0.14013671875
77876,0.142944335938
77877,0.16650390625
77878,0.122985839844
77879,0.115661621094
77880,0.174438476562
77881,0.206420898438
77882,0.138793945312
77883,0.111572265625
77884,0.0961303710938
77885,0.105651855469
77886,0.121032714844
77887,0.1357421875
77888,0.116088867188
77889,0.11767578125
77890,0.099365234375
77891,0.117614746094
77892,0.129516601562
77893,0.127685546875
77894,0.1591796875
77895,0.119689941406
77896,0.164672851562
77897,0.149536132812
77898,0.125244140625
77899,0.187255859375
77900,0.21142578125
77901,0.218017578125
77902,0.162719726562
77903,0.2236328125
77904,0.19873046875
77905,0.17724609375
77906,0.122985839844
77907,0.115966796875
77908,0.124206542969
77909,0.12646484375
77910,0.138916015625
77911,0.123596191406
77912,0.126098632812
77913,0.169189453125
77914,0.112854003906
77915,0.117797851562
77916,0.128173828125
77917,0.128540039062
77918,0.123779296875
77919,0.091064453125
77920,0.104614257812
77921,0.105712890625
77922,0.12548828125
77923,0.105224609375
77924,0.130249023438
77925,0.128662109375
77926,0.118774414062
77927,0.15380859375
77928,0.128173828125
77929,0.130859375
77930,0.122741699219
77931,0.123657226562
77932,0.122436523438
77933,0.122436523438
77934,0.105041503906
77935,0.123474121094
77936,0.129028320312
77937,0.13134765625
77938,0.154418945312
77939,0.0966186523438
77940,0.0946044921875
77941,0.0983276367188
77942,0.146362304688
77943,0.160034179688
77944,0.150146484375
77945,0.1650390625
77946,0.183715820312
77947,0.183471679688
77948,0.181030273438
77949,0.193603515625
77950,0.11572265625
77951,0.124328613281
77952,0.156982421875
77953,0.15771484375
77954,0.112976074219
77955,0.135864257812
77956,0.116088867188
77957,0.133666992188
77958,0.088623046875
77959,0.108459472656
77960,0.151245117188
77961,0.1474609375
77962,0.137329101562
77963,0.138427734375
77964,0.140258789062
77965,0.138305664062
77966,0.115783691406
77967,0.160400390625
77968,0.204833984375
77969,0.173583984375
77970,0.121826171875
77971,0.177978515625
77972,0.196411132812
77973,0.203125
77974,0.103271484375
77975,0.151977539062
77976,0.117614746094
77977,0.118408203125
77978,0.107666015625
77979,0.112060546875
77980,0.115051269531
77981,0.115112304688
77982,0.0834350585938
77983,0.126953125
77984,0.152465820312
77985,0.15380859375
77986,0.1640625
77987,0.143676757812
77988,0.142211914062
77989,0.125610351562
77990,0.102355957031
77991,0.105285644531
77992,0.125854492188
77993,0.125
77994,0.128540039062
77995,0.1533203125
77996,0.191162109375
77997,0.148803710938
77998,0.1123046875
77999,0.124938964844
78000,0.150390625
78001,0.112487792969
78002,0.192260742188
78003,0.214233398438
78004,0.213256835938
78005,0.132446289062
78006,0.124816894531
78007,0.126831054688
78008,0.183471679688
78009,0.156494140625
78010,0.1181640625
78011,0.150756835938
78012,0.120300292969
78013,0.1005859375
78014,0.102294921875
78015,0.0941162109375
78016,0.09765625
78017,0.0929565429688
78018,0.136474609375
78019,0.139526367188
78020,0.179443359375
78021,0.182006835938
78022,0.108581542969
78023,0.116882324219
78024,0.140014648438
78025,0.148803710938
78026,0.121154785156
78027,0.12451171875
78028,0.154296875
78029,0.187744140625
78030,0.133666992188
78031,0.172119140625
78032,0.111450195312
78033,0.118286132812
78034,0.107604980469
78035,0.146240234375
78036,0.147094726562
78037,0.138061523438
78038,0.111328125
78039,0.122375488281
78040,0.109008789062
78041,0.134399414062
78042,0.111206054688
78043,0.0875854492188
78044,0.127197265625
78045,0.127807617188
78046,0.0996704101562
78047,0.150024414062
78048,0.138671875
78049,0.150390625
78050,0.139038085938
78051,0.18310546875
78052,0.212646484375
78053,0.238037109375
78054,0.118469238281
78055,0.124450683594
78056,0.122863769531
78057,0.1259765625
78058,0.196533203125
78059,0.150512695312
78060,0.151611328125
78061,0.121276855469
78062,0.1162109375
78063,0.117004394531
78064,0.101684570312
78065,0.185424804688
78066,0.118957519531
78067,0.173706054688
78068,0.145141601562
78069,0.136840820312
78070,0.18408203125
78071,0.14404296875
78072,0.145141601562
78073,0.148803710938
78074,0.132080078125
78075,0.135498046875
78076,0.15234375
78077,0.161499023438
78078,0.192138671875
78079,0.12353515625
78080,0.121032714844
78081,0.158203125
78082,0.117553710938
78083,0.113647460938
78084,0.111694335938
78085,0.128051757812
78086,0.119445800781
78087,0.120849609375
78088,0.127075195312
78089,0.173461914062
78090,0.0909423828125
78091,0.093994140625
78092,0.114440917969
78093,0.114868164062
78094,0.129516601562
78095,0.16064453125
78096,0.13525390625
78097,0.136474609375
78098,0.11376953125
78099,0.139282226562
78100,0.145141601562
78101,0.189819335938
78102,0.165161132812
78103,0.115417480469
78104,0.107055664062
78105,0.119201660156
78106,0.123352050781
78107,0.121398925781
78108,0.138061523438
78109,0.106384277344
78110,0.107543945312
78111,0.113586425781
78112,0.112976074219
78113,0.135131835938
78114,0.106994628906
78115,0.109741210938
78116,0.113220214844
78117,0.144897460938
78118,0.105163574219
78119,0.159057617188
78120,0.169067382812
78121,0.217407226562
78122,0.126342773438
78123,0.118591308594
78124,0.131469726562
78125,0.119934082031
78126,0.170654296875
78127,0.15966796875
78128,0.17236328125
78129,0.211181640625
78130,0.1083984375
78131,0.110778808594
78132,0.108764648438
78133,0.126342773438
78134,0.117736816406
78135,0.126708984375
78136,0.130493164062
78137,0.144409179688
78138,0.155151367188
78139,0.171264648438
78140,0.17578125
78141,0.155517578125
78142,0.13671875
78143,0.149780273438
78144,0.147216796875
78145,0.14013671875
78146,0.108642578125
78147,0.115600585938
78148,0.190673828125
78149,0.190185546875
78150,0.137451171875
78151,0.131225585938
78152,0.133544921875
78153,0.171264648438
78154,0.134399414062
78155,0.0960083007812
78156,0.107360839844
78157,0.148559570312
78158,0.101440429688
78159,0.123107910156
78160,0.155395507812
78161,0.156982421875
78162,0.117370605469
78163,0.14453125
78164,0.14453125
78165,0.12890625
78166,0.0957641601562
78167,0.104797363281
78168,0.105773925781
78169,0.171752929688
78170,0.174072265625
78171,0.175903320312
78172,0.225708007812
78173,0.217407226562
78174,0.10693359375
78175,0.108154296875
78176,0.118347167969
78177,0.140869140625
78178,0.0873413085938
78179,0.0902099609375
78180,0.123596191406
78181,0.123779296875
78182,0.111450195312
78183,0.113403320312
78184,0.162109375
78185,0.121032714844
78186,0.121154785156
78187,0.124145507812
78188,0.127685546875
78189,0.122741699219
78190,0.125610351562
78191,0.12646484375
78192,0.127807617188
78193,0.142333984375
78194,0.106262207031
78195,0.132202148438
78196,0.135009765625
78197,0.15185546875
78198,0.138916015625
78199,0.143188476562
78200,0.142944335938
78201,0.16455078125
78202,0.131591796875
