4,0.0
5,0.0
6,0.0
7,0.0
8,0.00216865539551
9,0.010498046875
10,0.0113372802734
11,0.0
12,0.0642700195312
13,0.072509765625
14,0.0936889648438
15,0.0
16,0.0570373535156
17,0.0670166015625
18,0.092529296875
19,0.0
20,0.0593566894531
21,0.06787109375
22,0.0848999023438
23,0.0
24,0.0578308105469
25,0.0663452148438
26,0.0856323242188
27,0.0
28,0.0512390136719
29,0.064697265625
30,0.083984375
31,0.0
32,0.0450744628906
33,0.0563354492188
34,0.080322265625
35,0.0
36,0.0474853515625
37,0.0596313476562
38,0.0785522460938
39,0.0
40,0.0402221679688
41,0.0560913085938
42,0.0733642578125
43,0.0
44,0.0447692871094
45,0.0559387207031
46,0.074462890625
47,0.0
48,0.0434265136719
49,0.0535278320312
50,0.0701904296875
51,0.0
52,0.0394897460938
53,0.0549926757812
54,0.0745849609375
55,0.0
56,0.0387573242188
57,0.0500793457031
58,0.0661010742188
59,0.0
60,0.0372009277344
61,0.0527648925781
62,0.068115234375
63,0.0
64,0.0319213867188
65,0.0476989746094
66,0.06396484375
67,0.0
68,0.032958984375
69,0.0479736328125
70,0.0672607421875
71,0.0
72,0.0343933105469
73,0.044189453125
74,0.0598449707031
75,0.0
76,0.0325317382812
77,0.0482177734375
78,0.0584716796875
79,0.0
80,0.0290832519531
81,0.0467529296875
82,0.064453125
83,0.0
84,0.0332946777344
85,0.0460510253906
86,0.0594787597656
87,0.0
88,0.0299835205078
89,0.0462951660156
90,0.0533447265625
91,0.0
92,0.0309143066406
93,0.0416259765625
94,0.0535278320312
95,0.0
96,0.023193359375
97,0.0368041992188
98,0.0520324707031
99,0.0
100,0.0322570800781
101,0.0430908203125
102,0.0582885742188
103,0.0
104,0.0249328613281
105,0.035400390625
106,0.0537719726562
107,0.0
108,0.0230102539062
109,0.0374755859375
110,0.0547180175781
111,0.0
112,0.0262603759766
113,0.0349731445312
114,0.0502014160156
115,0.0
116,0.0237274169922
117,0.0391540527344
118,0.05712890625
119,0.0
120,0.0228576660156
121,0.0343627929688
122,0.0519714355469
123,0.0
124,0.0228118896484
125,0.0391845703125
126,0.0525817871094
127,0.0
128,0.0231170654297
129,0.0333862304688
130,0.0450439453125
131,0.0
132,0.0216674804688
133,0.0331726074219
134,0.046142578125
135,0.0
136,0.0225830078125
137,0.0392456054688
138,0.0512390136719
139,0.0
140,0.0184326171875
141,0.0297546386719
142,0.0467834472656
143,0.0
144,0.0195159912109
145,0.0323486328125
146,0.0467529296875
147,0.0
148,0.0200500488281
149,0.0301513671875
150,0.0423583984375
151,0.0
152,0.0213775634766
153,0.0343322753906
154,0.0419921875
155,0.0
156,0.0222930908203
157,0.0361328125
158,0.0438232421875
159,0.0
160,0.0198669433594
161,0.0342407226562
162,0.04638671875
163,0.0
164,0.0197143554688
165,0.0331115722656
166,0.046630859375
167,0.0
168,0.0211334228516
169,0.0372924804688
170,0.0451049804688
171,0.0
172,0.0195617675781
173,0.0303192138672
174,0.0470886230469
175,0.0
176,0.0186767578125
177,0.0338134765625
178,0.04443359375
179,0.0
180,0.0208282470703
181,0.0312042236328
182,0.0424194335938
183,0.0
184,0.0162048339844
185,0.0305480957031
186,0.0430297851562
187,0.0
188,0.0210418701172
189,0.0346374511719
190,0.0483703613281
191,0.0
192,0.0205993652344
193,0.0360107421875
194,0.0536499023438
195,0.0
196,0.0221557617188
197,0.0357971191406
198,0.0508117675781
199,0.0
200,0.0190734863281
201,0.0323181152344
202,0.0470275878906
203,0.0
204,0.0164337158203
205,0.0268096923828
206,0.0430297851562
207,0.0
208,0.0171051025391
209,0.0321655273438
210,0.0424499511719
211,0.0
212,0.0201110839844
213,0.0349731445312
214,0.0468444824219
215,0.0
216,0.0205993652344
217,0.0326538085938
218,0.0419006347656
219,0.0
220,0.0164489746094
221,0.028076171875
222,0.0386047363281
223,0.0
224,0.0205383300781
225,0.0330505371094
226,0.0426025390625
227,0.0
228,0.0186309814453
229,0.0335083007812
230,0.0434875488281
231,0.0
232,0.0180206298828
233,0.0296936035156
234,0.039794921875
235,0.0
236,0.0148544311523
237,0.0268249511719
238,0.0418090820312
239,0.0
240,0.0153656005859
241,0.0307006835938
242,0.0423278808594
243,0.0
244,0.0220947265625
245,0.0301208496094
246,0.0433349609375
247,0.0
248,0.0179595947266
249,0.0299224853516
250,0.0425415039062
251,0.0
252,0.0148086547852
253,0.0271148681641
254,0.0431518554688
255,0.0
256,0.0184478759766
257,0.0317993164062
258,0.0441589355469
259,0.0
260,0.0184936523438
261,0.0311279296875
262,0.0414428710938
263,0.0
264,0.0199432373047
265,0.0355224609375
266,0.04443359375
267,0.0
268,0.0177154541016
269,0.0276489257812
270,0.04150390625
271,0.0
272,0.0154113769531
273,0.0290679931641
274,0.0387268066406
275,0.0
276,0.0158996582031
277,0.0321960449219
278,0.0452270507812
279,0.0
280,0.0172729492188
281,0.0294342041016
282,0.0394287109375
283,0.0
284,0.0196380615234
285,0.0316772460938
286,0.0423889160156
287,0.0
288,0.0147018432617
289,0.0278625488281
290,0.0400390625
291,0.0
292,0.0183258056641
293,0.0350341796875
294,0.0447692871094
295,0.0
296,0.0162200927734
297,0.0304107666016
298,0.0437927246094
299,0.0
300,0.0140533447266
301,0.0265808105469
302,0.0392456054688
303,0.0
304,0.0162200927734
305,0.0312194824219
306,0.0433654785156
307,0.0
308,0.0175476074219
309,0.0280609130859
310,0.0404968261719
311,0.0
312,0.0167846679688
313,0.032470703125
314,0.0433044433594
315,0.0
316,0.0161590576172
317,0.03125
318,0.0429077148438
319,0.0
320,0.0145721435547
321,0.0300445556641
322,0.0414733886719
323,0.0
324,0.0180358886719
325,0.0291748046875
326,0.0357666015625
327,0.0
328,0.0120010375977
329,0.0233001708984
330,0.0335083007812
331,0.0
332,0.0145645141602
333,0.0267028808594
334,0.03662109375
335,0.0
336,0.0142288208008
337,0.0239410400391
338,0.0329895019531
339,0.0
340,0.0125427246094
341,0.0278625488281
342,0.036376953125
343,0.0
344,0.0220184326172
345,0.0386657714844
346,0.0431823730469
347,0.0
348,0.0154495239258
349,0.0284576416016
350,0.0363159179688
351,0.0
352,0.0143203735352
353,0.0255737304688
354,0.0370178222656
355,0.0
356,0.0167083740234
357,0.0357055664062
358,0.0445861816406
359,0.0
360,0.0143127441406
361,0.0289764404297
362,0.0378723144531
363,0.0
364,0.0150299072266
365,0.0291442871094
366,0.0426330566406
367,0.0
368,0.0155258178711
369,0.03271484375
370,0.0440979003906
371,0.0
372,0.01611328125
373,0.0302124023438
374,0.0381774902344
375,0.0
376,0.0157318115234
377,0.0295715332031
378,0.0374450683594
379,0.0
380,0.0156860351562
381,0.0273132324219
382,0.0373840332031
383,0.0
384,0.017578125
385,0.0318908691406
386,0.040283203125
387,0.0
388,0.0185394287109
389,0.0317993164062
390,0.0371398925781
391,0.0
392,0.0137405395508
393,0.0264282226562
394,0.0346374511719
395,0.0
396,0.0132522583008
397,0.0247192382812
398,0.037841796875
399,0.0
400,0.0143890380859
401,0.0226745605469
402,0.03271484375
403,0.0
404,0.0146713256836
405,0.0265655517578
406,0.0393371582031
407,0.0
408,0.0144348144531
409,0.0299377441406
410,0.0420532226562
411,0.0
412,0.0105133056641
413,0.0243225097656
414,0.0333251953125
415,0.0
416,0.0186614990234
417,0.0274200439453
418,0.0363159179688
419,0.0
420,0.0131759643555
421,0.0258178710938
422,0.0376586914062
423,0.0
424,0.0124435424805
425,0.0249328613281
426,0.0387878417969
427,0.0
428,0.0141220092773
429,0.0299987792969
430,0.038818359375
431,0.0
432,0.0167541503906
433,0.0273590087891
434,0.0432739257812
435,0.0
436,0.0148162841797
437,0.0274810791016
438,0.0366516113281
439,0.0
440,0.013069152832
441,0.0283203125
442,0.0408630371094
443,0.0
444,0.0136032104492
445,0.0195770263672
446,0.0319213867188
447,0.0
448,0.0144882202148
449,0.0240020751953
450,0.0336303710938
451,0.0
452,0.0136108398438
453,0.0269012451172
454,0.0354614257812
455,0.0
456,0.0125579833984
457,0.0266876220703
458,0.0380249023438
459,0.0
460,0.0141677856445
461,0.0270385742188
462,0.0408020019531
463,0.0
464,0.0170593261719
465,0.0259857177734
466,0.0350341796875
467,0.0
468,0.0135116577148
469,0.0279541015625
470,0.0385131835938
471,0.0
472,0.01611328125
473,0.0332946777344
474,0.0386962890625
475,0.0
476,0.0132369995117
477,0.0240020751953
478,0.0337524414062
479,0.0
480,0.0132293701172
481,0.0287322998047
482,0.0426330566406
483,0.0
484,0.0154800415039
485,0.0297241210938
486,0.0425415039062
487,0.0
488,0.0145568847656
489,0.0280151367188
490,0.0413818359375
491,0.0
492,0.0159759521484
493,0.0296783447266
494,0.0393676757812
495,0.0
496,0.012336730957
497,0.0233001708984
498,0.0331420898438
499,0.0
500,0.0143890380859
501,0.0279693603516
502,0.037841796875
503,0.0
504,0.0151214599609
505,0.0245971679688
506,0.0347900390625
507,0.0
508,0.0161590576172
509,0.0305480957031
510,0.0374755859375
511,0.0
512,0.0127410888672
513,0.0247497558594
514,0.0332641601562
515,0.0
516,0.0202789306641
517,0.0393676757812
518,0.0473327636719
519,0.0
520,0.012565612793
521,0.0345458984375
522,0.0408935546875
523,0.0
524,0.0154266357422
525,0.0309143066406
526,0.0394287109375
527,0.0
528,0.0175933837891
529,0.0313110351562
530,0.0446166992188
531,0.0
532,0.0138931274414
533,0.0274200439453
534,0.0356140136719
535,0.0
536,0.0143280029297
537,0.0240783691406
538,0.0345764160156
539,0.0
540,0.0150604248047
541,0.0315551757812
542,0.0445556640625
543,0.0
544,0.0189208984375
545,0.0335693359375
546,0.0425415039062
547,0.0
548,0.0169982910156
549,0.0241851806641
550,0.0320739746094
551,0.0
552,0.0146102905273
553,0.0213317871094
554,0.0357666015625
555,0.0
556,0.0147018432617
557,0.0304870605469
558,0.0392456054688
559,0.0
560,0.0134887695312
561,0.0273742675781
562,0.0412902832031
563,0.0
564,0.0179443359375
565,0.0302734375
566,0.0393676757812
567,0.0
568,0.0154266357422
569,0.0274810791016
570,0.0378112792969
571,0.0
572,0.0109176635742
573,0.0239105224609
574,0.0356140136719
575,0.0
576,0.0186309814453
577,0.0346069335938
578,0.0454711914062
579,0.0
580,0.0111923217773
581,0.0249328613281
582,0.0342712402344
583,0.0
584,0.0113220214844
585,0.0228881835938
586,0.0353393554688
587,0.0
588,0.0157165527344
589,0.0251922607422
590,0.0356750488281
591,0.0
592,0.0133590698242
593,0.0264129638672
594,0.0345764160156
595,0.0
596,0.0119018554688
597,0.0225067138672
598,0.0361022949219
599,0.0
600,0.0151214599609
601,0.0281372070312
602,0.0385131835938
603,0.0
604,0.0158081054688
605,0.0246887207031
606,0.0319213867188
607,0.0
608,0.0166625976562
609,0.0311431884766
610,0.0399475097656
611,0.0
612,0.0154037475586
613,0.0292358398438
614,0.0350036621094
615,0.0
616,0.0153274536133
617,0.0259246826172
618,0.0346984863281
619,0.0
620,0.0116119384766
621,0.0232238769531
622,0.0357971191406
623,0.0
624,0.0143508911133
625,0.0253601074219
626,0.0411071777344
627,0.0
628,0.0154571533203
629,0.0311737060547
630,0.0446166992188
631,0.0
632,0.0137023925781
633,0.0210571289062
634,0.0321044921875
635,0.0
636,0.0152130126953
637,0.0322570800781
638,0.0391235351562
639,0.0
640,0.0156860351562
641,0.0299224853516
642,0.0434265136719
643,0.0
644,0.01513671875
645,0.0289459228516
646,0.0414733886719
647,0.0
648,0.0141906738281
649,0.0252838134766
650,0.0418701171875
651,0.0
652,0.0112380981445
653,0.0193328857422
654,0.0322875976562
655,0.0
656,0.0135879516602
657,0.0224304199219
658,0.0309143066406
659,0.0
660,0.0153121948242
661,0.0291595458984
662,0.0389099121094
663,0.0
664,0.01806640625
665,0.0351867675781
666,0.0455627441406
667,0.0
668,0.0129089355469
669,0.0264892578125
670,0.0357971191406
671,0.0
672,0.0139083862305
673,0.0286865234375
674,0.0348510742188
675,0.0
676,0.0134353637695
677,0.0249786376953
678,0.0353088378906
679,0.0
680,0.013786315918
681,0.0238800048828
682,0.0316162109375
683,0.0
684,0.0126800537109
685,0.0258178710938
686,0.0335388183594
687,0.0
688,0.0131988525391
689,0.0252075195312
690,0.0357666015625
691,0.0
692,0.0189056396484
693,0.0324401855469
694,0.0396423339844
695,0.0
696,0.0160980224609
697,0.0323791503906
698,0.0420837402344
699,0.0
700,0.0114517211914
701,0.0207672119141
702,0.0324096679688
703,0.0
704,0.0164337158203
705,0.0362854003906
706,0.0438537597656
707,0.0
708,0.0153732299805
709,0.0341186523438
710,0.04931640625
711,0.0
712,0.0122451782227
713,0.0203857421875
714,0.0272064208984
715,0.0
716,0.0105361938477
717,0.0268859863281
718,0.0371704101562
719,0.0
720,0.0103302001953
721,0.0216217041016
722,0.0294342041016
723,0.0
724,0.0145874023438
725,0.0275573730469
726,0.0397033691406
727,0.0
728,0.0153503417969
729,0.0295715332031
730,0.0347595214844
731,0.0
732,0.0151901245117
733,0.02685546875
734,0.0381469726562
735,0.0
736,0.0115737915039
737,0.0247955322266
738,0.0311431884766
739,0.0
740,0.0164642333984
741,0.0322570800781
742,0.0478210449219
743,0.0
744,0.0129547119141
745,0.0228729248047
746,0.0299682617188
747,0.0
748,0.0141067504883
749,0.0283203125
750,0.0428466796875
751,0.0
752,0.0140151977539
753,0.0302734375
754,0.0383911132812
755,0.0
756,0.0123596191406
757,0.0277252197266
758,0.0343322753906
759,0.0
760,0.0119781494141
761,0.0246429443359
762,0.0382690429688
763,0.0
764,0.0108261108398
765,0.0231628417969
766,0.035400390625
767,0.0
768,0.0112533569336
769,0.0238494873047
770,0.03271484375
771,0.0
772,0.0144348144531
773,0.0254516601562
774,0.0382385253906
775,0.0
776,0.0160522460938
777,0.0283355712891
778,0.0370788574219
779,0.0
780,0.0124206542969
781,0.0309143066406
782,0.0465698242188
783,0.0
784,0.0152587890625
786,0.0261383056641
787,0.0375061035156
788,0.0
789,0.0151062011719
790,0.0234527587891
791,0.0301666259766
792,0.0
793,0.0104141235352
794,0.0236053466797
795,0.0355834960938
796,0.0
797,0.0133972167969
798,0.0263214111328
799,0.0376892089844
800,0.0
801,0.0157318115234
802,0.0286560058594
803,0.0435180664062
804,0.0
805,0.0122222900391
806,0.0290222167969
807,0.0367736816406
808,0.0
809,0.0109252929688
810,0.0240325927734
811,0.0364074707031
812,0.0
813,0.0152816772461
814,0.0272521972656
815,0.0372619628906
816,0.0
817,0.0107955932617
818,0.0217895507812
819,0.0304107666016
820,0.0
821,0.0126037597656
822,0.0249633789062
823,0.0338439941406
824,0.0
825,0.0148620605469
826,0.0265655517578
827,0.0340881347656
828,0.0
829,0.0110244750977
830,0.0244293212891
831,0.0328674316406
832,0.0
833,0.0107498168945
834,0.0256195068359
835,0.0387878417969
836,0.0
837,0.0174865722656
838,0.0347900390625
839,0.0490417480469
840,0.0
841,0.0148391723633
842,0.0237731933594
843,0.0339050292969
844,0.0
845,0.0123977661133
846,0.0289154052734
847,0.0380859375
848,0.0
849,0.0143356323242
850,0.0260772705078
851,0.0383911132812
852,0.0
853,0.0139465332031
854,0.0263977050781
855,0.0368041992188
856,0.0
857,0.010009765625
858,0.0216217041016
859,0.0345153808594
860,0.0
861,0.0146331787109
862,0.0302429199219
863,0.0356140136719
864,0.0
865,0.0117568969727
866,0.0256805419922
867,0.0372924804688
868,0.0
869,0.0152587890625
870,0.0275421142578
871,0.041259765625
872,0.0
873,0.0143585205078
874,0.0293579101562
875,0.0384521484375
876,0.0
877,0.0128860473633
878,0.0279998779297
879,0.0392456054688
880,0.0
881,0.0140991210938
882,0.0296020507812
883,0.0346069335938
884,0.0
885,0.0107574462891
886,0.0228424072266
887,0.0344848632812
888,0.0
889,0.0152435302734
890,0.0290069580078
891,0.042236328125
892,0.0
893,0.0103073120117
894,0.0227813720703
895,0.0308685302734
896,0.0
897,0.0129241943359
898,0.0264434814453
899,0.0353393554688
900,0.0
901,0.0172271728516
902,0.0308380126953
903,0.0451049804688
904,0.0
905,0.0110244750977
906,0.0221862792969
907,0.0342102050781
908,0.0
909,0.0109481811523
910,0.0210113525391
911,0.0309753417969
912,0.0
913,0.0139923095703
914,0.0307312011719
915,0.0425109863281
916,0.0
917,0.0149688720703
918,0.0271606445312
919,0.0324401855469
920,0.0
921,0.0134048461914
922,0.0226440429688
923,0.0381164550781
924,0.0
925,0.0142288208008
926,0.0247497558594
927,0.0337524414062
928,0.0
929,0.0125198364258
930,0.0216522216797
931,0.0314331054688
932,0.0
933,0.0107421875
934,0.0196685791016
935,0.0326843261719
936,0.0
937,0.0148696899414
938,0.0243225097656
939,0.0411376953125
940,0.0
941,0.0146942138672
942,0.0270843505859
943,0.0360412597656
944,0.0
945,0.0107574462891
946,0.0241088867188
947,0.0335083007812
948,0.0
949,0.0134429931641
950,0.0273284912109
951,0.0396728515625
952,0.0
953,0.0202484130859
954,0.0333557128906
955,0.0443115234375
956,0.0
957,0.0109481811523
958,0.0223083496094
959,0.0364685058594
960,0.0
961,0.0113220214844
962,0.0243835449219
963,0.033935546875
964,0.0
965,0.0142364501953
966,0.0259857177734
967,0.0388793945312
968,0.0
969,0.0170135498047
970,0.034912109375
971,0.0425720214844
972,0.0
973,0.0121536254883
974,0.0306701660156
975,0.0356140136719
976,0.0
977,0.0117874145508
978,0.0249176025391
979,0.0359802246094
980,0.0
981,0.0122222900391
982,0.0280914306641
983,0.0401306152344
984,0.0
985,0.0143508911133
986,0.0272369384766
987,0.0374450683594
988,0.0
989,0.0142822265625
990,0.0257263183594
991,0.0363159179688
992,0.0
993,0.0134963989258
994,0.0242767333984
995,0.0357360839844
996,0.0
997,0.0125732421875
998,0.0258026123047
999,0.0401306152344
1000,0.0
1001,0.0138626098633
1002,0.0321350097656
1003,0.0422058105469
1004,0.0
1005,0.0113067626953
1006,0.0224304199219
1007,0.035888671875
1008,0.0
1009,0.0178680419922
1010,0.0288696289062
1011,0.0408020019531
1012,0.0
1013,0.013313293457
1014,0.0246276855469
1015,0.036376953125
1016,0.0
1017,0.018798828125
1018,0.0367736816406
1019,0.0372924804688
1020,0.0
1021,0.0130081176758
1022,0.0255584716797
1023,0.0321350097656
1024,0.0
1025,0.0169677734375
1026,0.0308227539062
1027,0.0408020019531
1028,0.0
1029,0.0107192993164
1030,0.0227355957031
1031,0.0358581542969
1032,0.0
1033,0.0112762451172
1034,0.0233764648438
1035,0.0335083007812
1036,0.0
1037,0.0130386352539
1038,0.026123046875
1039,0.0334167480469
1040,0.0
1041,0.00959777832031
1042,0.02294921875
1043,0.0372009277344
1044,0.0
1045,0.0157623291016
1046,0.0324096679688
1047,0.0418701171875
1048,0.0
1049,0.013671875
1050,0.0294036865234
1051,0.0355529785156
1052,0.0
1053,0.0129013061523
1054,0.0208587646484
1055,0.0316467285156
1056,0.0
1057,0.0137176513672
1058,0.0259399414062
1059,0.0336608886719
1060,0.0
1061,0.00848388671875
1062,0.022216796875
1063,0.0341186523438
1064,0.0
1065,0.0132751464844
1066,0.0259094238281
1067,0.037109375
1068,0.0
1069,0.0147857666016
1070,0.0211181640625
1071,0.0343017578125
1072,0.0
1073,0.0137100219727
1074,0.0273284912109
1075,0.0458679199219
1076,0.0
1077,0.0154342651367
1078,0.0304565429688
1079,0.0415344238281
1080,0.0
1081,0.0119857788086
1082,0.0220184326172
1083,0.0323791503906
1084,0.0
1085,0.0107803344727
1086,0.0222473144531
1087,0.0331726074219
1088,0.0
1089,0.00975036621094
1090,0.0211486816406
1091,0.0326232910156
1092,0.0
1093,0.013069152832
1094,0.0253753662109
1095,0.0379028320312
1096,0.0
1097,0.0152587890625
1098,0.0300140380859
1099,0.0445556640625
1100,0.0
1101,0.0136337280273
1102,0.0233154296875
1103,0.0355834960938
1104,0.0
1105,0.0140228271484
1106,0.0206604003906
1107,0.0344543457031
1108,0.0
1109,0.0150451660156
1110,0.0250549316406
1111,0.0341186523438
1112,0.0
1113,0.0151519775391
1114,0.0294647216797
1115,0.0413513183594
1116,0.0
1117,0.0132064819336
1118,0.0256195068359
1119,0.0360412597656
1120,0.0
1121,0.0136795043945
1122,0.0239715576172
1123,0.0328979492188
1124,0.0
1125,0.0123596191406
1126,0.0249633789062
1127,0.0333557128906
1128,0.0
1129,0.0148315429688
1130,0.0276336669922
1131,0.0399475097656
1132,0.0
1133,0.0096435546875
1134,0.0232543945312
1135,0.0385437011719
1136,0.0
1137,0.0122756958008
1138,0.0272827148438
1139,0.03515625
1140,0.0
1141,0.0149536132812
1142,0.0342712402344
1143,0.0478820800781
1144,0.0
1145,0.0107116699219
1146,0.0191802978516
1147,0.0289611816406
1148,0.0
1149,0.0122146606445
1150,0.0216979980469
1151,0.0335693359375
1152,0.0
1153,0.0143051147461
1154,0.0339965820312
1155,0.0492553710938
1156,0.0
1157,0.0124053955078
1158,0.0236663818359
1159,0.0352478027344
1160,0.0
1161,0.0126800537109
1162,0.0288391113281
1163,0.0427856445312
1164,0.0
1165,0.0134963989258
1166,0.0251770019531
1167,0.0408630371094
1168,0.0
1169,0.0101852416992
1170,0.0204467773438
1171,0.0289001464844
1172,0.0
1173,0.00958251953125
1174,0.0180358886719
1175,0.0276641845703
1176,0.0
1177,0.0156707763672
1178,0.0267639160156
1179,0.0377807617188
1180,0.0
1181,0.0132369995117
1182,0.0276336669922
1183,0.0338134765625
1184,0.0
1185,0.0122985839844
1186,0.0257415771484
1187,0.0387268066406
1188,0.0
1189,0.0127105712891
1190,0.0208740234375
1191,0.0313415527344
1192,0.0
1193,0.0100479125977
1194,0.0200958251953
1195,0.0318603515625
1196,0.0
1197,0.00975799560547
1198,0.0207824707031
1199,0.0343017578125
1200,0.0
1201,0.0104293823242
1202,0.0213928222656
1203,0.0351257324219
1204,0.0
1205,0.0114440917969
1206,0.0223236083984
1207,0.0306854248047
1208,0.0
1209,0.0115203857422
1210,0.0228271484375
1211,0.0328063964844
1212,0.0
1213,0.0146102905273
1214,0.0293731689453
1215,0.0345764160156
1216,0.0
1217,0.00904846191406
1218,0.0226287841797
1219,0.0328979492188
1220,0.0
1221,0.00827789306641
1222,0.0159301757812
1223,0.0265808105469
1224,0.0
1225,0.0176696777344
1226,0.0336303710938
1227,0.0415649414062
1228,0.0
1229,0.0159912109375
1230,0.0348815917969
1231,0.0365295410156
1232,0.0
1233,0.011833190918
1234,0.0183563232422
1235,0.0281677246094
1236,0.0
1237,0.0101776123047
1238,0.0249328613281
1239,0.0358581542969
1240,0.0
1241,0.0153579711914
1242,0.0256500244141
1243,0.0406494140625
1244,0.0
1245,0.0116424560547
1246,0.031982421875
1247,0.0439147949219
1248,0.0
1249,0.0132141113281
1250,0.0313110351562
1251,0.0364685058594
1252,0.0
1253,0.0159301757812
1254,0.0350952148438
1255,0.0455322265625
1256,0.0
1257,0.0131225585938
1258,0.0243072509766
1259,0.0312805175781
1260,0.0
1261,0.0100860595703
1262,0.0244903564453
1263,0.0379943847656
1264,0.0
1265,0.0184783935547
1266,0.0402221679688
1267,0.0439758300781
1268,0.0
1269,0.0142288208008
1270,0.0271606445312
1271,0.0379333496094
1272,0.0
1273,0.0151443481445
1274,0.0351867675781
1275,0.0462036132812
1276,0.0
1277,0.0153656005859
1278,0.0281677246094
1279,0.0354614257812
1280,0.0
1281,0.0127029418945
1282,0.0277404785156
1283,0.04345703125
1284,0.0
1285,0.0154113769531
1286,0.025146484375
1287,0.0331420898438
1288,0.0
1289,0.0142669677734
1290,0.0311889648438
1291,0.032470703125
1292,0.0
1293,0.0142440795898
1294,0.0254211425781
1295,0.0365600585938
1296,0.0
1297,0.01220703125
1298,0.0239105224609
1299,0.03369140625
1300,0.0
1301,0.0128936767578
1302,0.0249633789062
1303,0.0379333496094
1304,0.0
1305,0.0172882080078
1306,0.03515625
1307,0.0521240234375
1308,0.0
1309,0.0110321044922
1310,0.0194854736328
1311,0.0353698730469
1312,0.0
1313,0.0180511474609
1314,0.0266418457031
1315,0.0369262695312
1316,0.0
1317,0.0105972290039
1318,0.0215301513672
1319,0.0295867919922
1320,0.0
1321,0.0104217529297
1322,0.0224609375
1323,0.0410766601562
1324,0.0
1325,0.0106582641602
1326,0.0204620361328
1327,0.032958984375
1328,0.0
1329,0.0150299072266
1330,0.0291900634766
1331,0.0489807128906
1332,0.0
1333,0.0199432373047
1334,0.0292510986328
1335,0.0442504882812
1336,0.0
1337,0.0135116577148
1338,0.0290374755859
1339,0.0423583984375
1340,0.0
1341,0.00942993164062
1342,0.0203552246094
1343,0.0317077636719
1344,0.0
1345,0.0158233642578
1346,0.0279693603516
1347,0.0366516113281
1348,0.0
1349,0.0166168212891
1350,0.0323181152344
1351,0.0415954589844
1352,0.0
1353,0.0115280151367
1354,0.0248107910156
1355,0.0386657714844
1356,0.0
1357,0.0105438232422
1358,0.0205993652344
1359,0.0301971435547
1360,0.0
1361,0.0146560668945
1362,0.0247344970703
1363,0.0369567871094
1364,0.0
1365,0.0119705200195
1366,0.023681640625
1367,0.0293731689453
1368,0.0
1369,0.0151519775391
1370,0.0284423828125
1371,0.0355224609375
1372,0.0
1373,0.01123046875
1374,0.0209655761719
1375,0.0274047851562
1376,0.0
1377,0.011833190918
1378,0.0239410400391
1379,0.0366516113281
1380,0.0
1381,0.0164337158203
1382,0.034423828125
1383,0.0469055175781
1384,0.0
1385,0.0109329223633
1386,0.0223693847656
1387,0.0321960449219
1388,0.0
1389,0.0166931152344
1390,0.0311279296875
1391,0.0346069335938
1392,0.0
1393,0.0144348144531
1394,0.0295867919922
1395,0.0388488769531
1396,0.0
1397,0.010498046875
1398,0.0236206054688
1399,0.0326232910156
1400,0.0
1401,0.00751113891602
1402,0.0167999267578
1403,0.0246734619141
1404,0.0
1405,0.014274597168
1406,0.0244750976562
1407,0.0360412597656
1408,0.0
1409,0.0130920410156
1410,0.0269775390625
1411,0.0406188964844
1412,0.0
1413,0.014762878418
1414,0.0334777832031
1415,0.0461120605469
1416,0.0
1417,0.0133895874023
1418,0.031005859375
1419,0.0413513183594
1420,0.0
1421,0.0156402587891
1422,0.0281829833984
1423,0.0389709472656
1424,0.0
1425,0.00991821289062
1426,0.0196075439453
1427,0.0286254882812
1428,0.0
1429,0.0117340087891
1430,0.0246124267578
1431,0.0324401855469
1432,0.0
1433,0.00986480712891
1434,0.0218963623047
1435,0.0288238525391
1436,0.0
1437,0.0139999389648
1438,0.0286865234375
1439,0.0360412597656
1440,0.0
1441,0.0143203735352
1442,0.0308837890625
1443,0.0399780273438
1444,0.0
1445,0.0160369873047
1446,0.0277709960938
1447,0.038330078125
1448,0.0
1449,0.0146026611328
1450,0.0321350097656
1451,0.0397644042969
1452,0.0
1453,0.0101470947266
1454,0.0174255371094
1455,0.0256652832031
1456,0.0
1457,0.0123519897461
1458,0.0246887207031
1459,0.0368041992188
1460,0.0
1461,0.0140075683594
1462,0.0224304199219
1463,0.0335388183594
1464,0.0
1465,0.00968170166016
1466,0.0220794677734
1467,0.0333557128906
1468,0.0
1469,0.00874328613281
1470,0.0201416015625
1471,0.0328063964844
1472,0.0
1473,0.0120620727539
1474,0.0256195068359
1475,0.0382385253906
1476,0.0
1477,0.00895690917969
1478,0.0195007324219
1479,0.0307159423828
1480,0.0
1481,0.0159149169922
1482,0.0279846191406
1483,0.040283203125
1484,0.0
1485,0.0143890380859
1486,0.0292663574219
1487,0.0426635742188
1488,0.0
1489,0.0116806030273
1490,0.0259399414062
1491,0.0388793945312
1492,0.0
1493,0.0110473632812
1494,0.0222320556641
1495,0.0314331054688
1496,0.0
1497,0.0140914916992
1498,0.0248260498047
1499,0.036865234375
1500,0.0
1501,0.0160217285156
1502,0.0304870605469
1503,0.0365295410156
1504,0.0
1505,0.0116271972656
1506,0.0197601318359
1507,0.0298309326172
1508,0.0
1509,0.0108871459961
1510,0.0257720947266
1511,0.0357055664062
1512,0.0
1513,0.0141067504883
1514,0.0279693603516
1515,0.0365905761719
1516,0.0
1517,0.0118255615234
1518,0.0199737548828
1519,0.0287780761719
1520,0.0
1521,0.0127029418945
1522,0.0224609375
1523,0.0350036621094
1524,0.0
1525,0.0134658813477
1526,0.0293731689453
1527,0.0382690429688
1528,0.0
1529,0.0101623535156
1530,0.0167083740234
1531,0.0303344726562
1532,0.0
1533,0.013542175293
1534,0.0233001708984
1535,0.0382385253906
1536,0.0
1537,0.00830078125
1538,0.0173492431641
1539,0.0308074951172
1540,0.0
1541,0.0158386230469
1542,0.0235443115234
1543,0.037353515625
1544,0.0
1545,0.0142135620117
1546,0.0275268554688
1547,0.0394287109375
1548,0.0
1549,0.0164642333984
1550,0.0280609130859
1551,0.0413818359375
1552,0.0
1553,0.0142974853516
1554,0.0187835693359
1555,0.0295715332031
1556,0.0
1557,0.00971984863281
1558,0.0213470458984
1559,0.0286407470703
1560,0.0
1561,0.0160217285156
1562,0.0264129638672
1563,0.0390014648438
38319,0.0
38320,0.00966644287109
38322,0.0206451416016
38323,0.0311584472656
38324,0.0
38325,0.0102920532227
38326,0.0214385986328
38327,0.0256652832031
38328,0.0
38329,0.00757598876953
38330,0.0171203613281
38331,0.0266418457031
38332,0.0
38333,0.00908660888672
38334,0.0184173583984
38335,0.0250549316406
38336,0.0
38337,0.00704574584961
38338,0.0154342651367
38339,0.0251770019531
38340,0.0
38341,0.00839233398438
38342,0.0187835693359
38343,0.0258636474609
38344,0.0
38345,0.0104827880859
38346,0.0230102539062
38347,0.0325317382812
38348,0.0
38349,0.00807189941406
38350,0.0175476074219
38351,0.0254516601562
38352,0.0
38353,0.0115814208984
38354,0.0182495117188
38355,0.0270690917969
38356,0.0
38357,0.00779342651367
38358,0.0149612426758
38359,0.0239562988281
38360,0.0
38361,0.0125122070312
38362,0.0220031738281
38363,0.0302734375
38364,0.0
38365,0.00789642333984
38366,0.0201721191406
38367,0.0287170410156
38368,0.0
38369,0.00740814208984
38370,0.0180206298828
38371,0.0271453857422
38372,0.0
38373,0.00884246826172
38374,0.0150527954102
38375,0.0245971679688
38376,0.0
38377,0.00888824462891
38378,0.01904296875
38379,0.0243072509766
38380,0.0
38381,0.00968170166016
38382,0.0197906494141
38383,0.0250701904297
38384,0.0
38385,0.00977325439453
38386,0.0160980224609
38387,0.0207824707031
38388,0.0
38389,0.00787353515625
38390,0.0171508789062
38391,0.0244903564453
38392,0.0
38393,0.00870513916016
38394,0.017822265625
38395,0.0269470214844
38396,0.0
38397,0.00869750976562
38398,0.0192260742188
38399,0.0286560058594
38400,0.0
38401,0.0103607177734
38402,0.0194854736328
38403,0.0321350097656
38404,0.0
38405,0.00918579101562
38406,0.0168609619141
38407,0.0273284912109
38408,0.0
38409,0.0104370117188
38410,0.0224914550781
38411,0.0335083007812
38412,0.0
38413,0.00843811035156
38414,0.0188598632812
38415,0.0250396728516
38416,0.0
38417,0.0120162963867
38418,0.0201721191406
38419,0.0286407470703
38420,0.0
38421,0.00843811035156
38422,0.0171508789062
38423,0.0267944335938
38424,0.0
38425,0.00816345214844
38426,0.0165252685547
38427,0.0285186767578
38428,0.0
38429,0.00981140136719
38430,0.0196685791016
38431,0.0253448486328
38432,0.0
38433,0.00776290893555
38434,0.0174407958984
38435,0.0272827148438
38436,0.0
38437,0.00921630859375
38438,0.0182342529297
38439,0.0276947021484
38440,0.0
38441,0.00936889648438
38442,0.0181884765625
38443,0.0263671875
38444,0.0
38445,0.00909423828125
38446,0.0204772949219
38447,0.0260009765625
38448,0.0
38449,0.00926208496094
38450,0.0212249755859
38451,0.028076171875
38452,0.0
38453,0.0124588012695
38454,0.0218505859375
38455,0.0302124023438
38456,0.0
38457,0.00923156738281
38458,0.0182800292969
38459,0.0267486572266
38460,0.0
38461,0.00785827636719
38462,0.0186920166016
38463,0.0281982421875
38464,0.0
38465,0.00923919677734
38466,0.0189819335938
38467,0.0258483886719
38468,0.0
38469,0.00741577148438
38470,0.01416015625
38471,0.0241394042969
38472,0.0
38473,0.0104217529297
38474,0.0197601318359
38475,0.0290222167969
38476,0.0
38477,0.00771331787109
38478,0.0202026367188
38479,0.0262298583984
38480,0.0
38481,0.0112457275391
38482,0.0231170654297
38483,0.0295257568359
38484,0.0
38485,0.00978088378906
38486,0.019775390625
38487,0.0256500244141
38488,0.0
38489,0.00880432128906
38490,0.0194854736328
38491,0.0262298583984
38492,0.0
38493,0.00956726074219
38494,0.0174865722656
38495,0.0268096923828
38496,0.0
38497,0.00892639160156
38498,0.0168609619141
38499,0.0272216796875
38500,0.0
38501,0.00829315185547
38502,0.0195465087891
38503,0.0289154052734
38504,0.0
38505,0.00802612304688
38506,0.0174102783203
38507,0.0231781005859
38508,0.0
38509,0.0102462768555
38510,0.017822265625
38511,0.0283966064453
38512,0.0
38513,0.00912475585938
38514,0.0200042724609
38515,0.0294647216797
38516,0.0
38517,0.00778579711914
38518,0.0171508789062
38519,0.0230712890625
38520,0.0
38521,0.00876617431641
38522,0.0179595947266
38523,0.0238952636719
38524,0.0
38525,0.00726318359375
38526,0.0198364257812
38527,0.0283966064453
38528,0.0
38529,0.00904846191406
38530,0.0195770263672
38531,0.028076171875
38532,0.0
38533,0.0103607177734
38534,0.0216217041016
38535,0.0288848876953
38536,0.0
38537,0.00884246826172
38538,0.0197296142578
38539,0.0317993164062
38540,0.0
38541,0.008544921875
38542,0.0170593261719
38543,0.0235748291016
38544,0.0
38545,0.00819396972656
38546,0.0189208984375
38547,0.0282745361328
38548,0.0
38549,0.00815582275391
38550,0.0211791992188
38551,0.0262451171875
38552,0.0
38553,0.00798797607422
38554,0.0183868408203
38555,0.02734375
38556,0.0
38557,0.008056640625
38558,0.0204772949219
38559,0.0298767089844
38560,0.0
38561,0.00823974609375
38562,0.0158081054688
38563,0.0240783691406
38564,0.0
38565,0.00992584228516
38566,0.0180206298828
38567,0.0257263183594
38568,0.0
38569,0.00751876831055
38570,0.0178833007812
38571,0.0265045166016
38572,0.0
38573,0.0100936889648
38574,0.0204315185547
38575,0.0295257568359
38576,0.0
38577,0.00758361816406
38578,0.0156402587891
38579,0.0217132568359
38580,0.0
38581,0.00849914550781
38582,0.0147323608398
38583,0.0220794677734
38584,0.0
38585,0.00980377197266
38586,0.0199584960938
38587,0.0285949707031
38588,0.0
38589,0.00856018066406
38590,0.0168304443359
38591,0.0289306640625
38592,0.0
38593,0.00660705566406
38594,0.0160369873047
38595,0.0267791748047
38596,0.0
38597,0.00811004638672
38598,0.0164794921875
38599,0.0253295898438
38600,0.0
38601,0.00970458984375
38602,0.0202941894531
38603,0.0294342041016
38604,0.0
38605,0.00969696044922
38606,0.0192260742188
38607,0.0280303955078
38608,0.0
38609,0.00823974609375
38610,0.0158081054688
38611,0.0234069824219
38612,0.0
38613,0.00790405273438
38614,0.0153198242188
38615,0.0256042480469
38616,0.0
38617,0.00907135009766
38618,0.0157775878906
38619,0.0253448486328
38620,0.0
38621,0.0126876831055
38622,0.0218200683594
38623,0.030029296875
38624,0.0
38625,0.00946044921875
38626,0.0186004638672
38627,0.0247039794922
38628,0.0
38629,0.008544921875
38630,0.0186614990234
38631,0.0287322998047
38632,0.0
38633,0.0100479125977
38634,0.0190582275391
38635,0.0262145996094
38636,0.0
38637,0.0118255615234
38638,0.018798828125
38639,0.0295104980469
38640,0.0
38641,0.0103607177734
38642,0.0208129882812
38643,0.0274810791016
38644,0.0
38645,0.0103073120117
38646,0.0202941894531
38647,0.030029296875
38648,0.0
38649,0.00953674316406
38650,0.0203704833984
38651,0.0288238525391
38652,0.0
38653,0.00871276855469
38654,0.0194396972656
38655,0.0289001464844
38656,0.0
38657,0.00937652587891
38658,0.0203857421875
38659,0.0306091308594
38660,0.0
38661,0.00833129882812
38662,0.0181121826172
38663,0.0267791748047
38664,0.0
38665,0.00891876220703
38666,0.0183715820312
38667,0.0256805419922
38668,0.0
38669,0.00868225097656
38670,0.0180816650391
38671,0.0260925292969
38672,0.0
38673,0.010383605957
38674,0.0182647705078
38675,0.0268249511719
38676,0.0
38677,0.00914001464844
38678,0.0180511474609
38679,0.0279541015625
38680,0.0
38681,0.00881195068359
38682,0.0162963867188
38683,0.0248718261719
38684,0.0
38685,0.00944519042969
38686,0.0183410644531
38687,0.0244140625
38688,0.0
38689,0.0102233886719
38690,0.0187377929688
38691,0.0269165039062
38692,0.0
38693,0.00810241699219
38694,0.0162200927734
38695,0.0252075195312
38696,0.0
38697,0.00815582275391
38698,0.0152816772461
38699,0.0242004394531
38700,0.0
38701,0.0084228515625
38702,0.0201263427734
38703,0.0293121337891
38704,0.0
38705,0.0111770629883
38706,0.0194549560547
38707,0.0255279541016
38708,0.0
38709,0.00788116455078
38710,0.0198669433594
38711,0.0266571044922
38712,0.0
38713,0.00801849365234
38714,0.0170745849609
38715,0.0256195068359
38716,0.0
38717,0.00894165039062
38718,0.0187225341797
38719,0.0237579345703
38720,0.0
38721,0.00830078125
38722,0.0166473388672
38723,0.0255432128906
38724,0.0
38725,0.00834655761719
38726,0.0190124511719
38727,0.0278015136719
38728,0.0
38729,0.00761413574219
38730,0.0179290771484
38731,0.0259857177734
38732,0.0
38733,0.0110397338867
38734,0.0173797607422
38735,0.0272979736328
38736,0.0
38737,0.00971984863281
38738,0.0187530517578
38739,0.0272979736328
38740,0.0
38741,0.00956726074219
38742,0.0194396972656
38743,0.0266571044922
38744,0.0
38745,0.00840759277344
38746,0.0171661376953
38747,0.0216064453125
38748,0.0
38749,0.00846862792969
38750,0.0189361572266
38751,0.0277862548828
38752,0.0
38753,0.0098876953125
38754,0.0167694091797
38755,0.0241546630859
38756,0.0
38757,0.00863647460938
38758,0.0170288085938
38759,0.0307312011719
38760,0.0
38761,0.00772094726562
38762,0.0161743164062
38763,0.0247039794922
38764,0.0
38765,0.00844573974609
38766,0.017333984375
38767,0.0242309570312
38768,0.0
38769,0.00738906860352
38770,0.0152740478516
38771,0.0223999023438
38772,0.0
38773,0.00952911376953
38774,0.0221862792969
38775,0.0294494628906
38776,0.0
38777,0.00751113891602
38778,0.0145492553711
38779,0.0235137939453
38780,0.0
38781,0.00933074951172
38782,0.0187530517578
38783,0.0301361083984
38784,0.0
38785,0.00955200195312
38786,0.0182037353516
38787,0.0290679931641
38788,0.0
38789,0.00894927978516
38790,0.0187072753906
38791,0.0267944335938
38792,0.0
38793,0.00988006591797
38794,0.0181121826172
38795,0.0272369384766
38796,0.0
38797,0.0112609863281
38798,0.01904296875
38799,0.0253753662109
38800,0.0
38801,0.00966644287109
38802,0.0179595947266
38803,0.0268859863281
38804,0.0
38805,0.0103378295898
38806,0.0181579589844
38807,0.0238342285156
38808,0.0
38809,0.00954437255859
38810,0.0201568603516
38811,0.0262908935547
38812,0.0
38813,0.00917816162109
38814,0.0177764892578
38815,0.0264892578125
38816,0.0
38817,0.00914001464844
38818,0.0194091796875
38819,0.027587890625
38820,0.0
38821,0.00881195068359
38822,0.0173492431641
38823,0.0272216796875
38824,0.0
38825,0.00774383544922
38826,0.01611328125
38827,0.0220031738281
38828,0.0
38829,0.00980377197266
38830,0.0196380615234
38831,0.0293273925781
38832,0.0
38833,0.00991058349609
38834,0.0185089111328
38835,0.0257720947266
38836,0.0
38837,0.0100250244141
38838,0.0162353515625
38839,0.0271606445312
38840,0.0
38841,0.00986480712891
38842,0.0192108154297
38843,0.0274200439453
38844,0.0
38845,0.00960540771484
38846,0.0183258056641
38847,0.0271606445312
38848,0.0
38849,0.00956726074219
38850,0.0171661376953
38851,0.0238342285156
38852,0.0
38853,0.00790405273438
38854,0.0165863037109
38855,0.0260467529297
38856,0.0
38857,0.00890350341797
38858,0.0186004638672
38859,0.028564453125
38860,0.0
38861,0.00857543945312
38862,0.0150527954102
38863,0.0208892822266
38864,0.0
38865,0.00974273681641
38866,0.0208435058594
38867,0.0291442871094
38868,0.0
38869,0.00830078125
38870,0.0200958251953
38871,0.0282440185547
38872,0.0
38873,0.0102386474609
38874,0.0177459716797
38875,0.0269927978516
38876,0.0
38877,0.00856018066406
38878,0.0167083740234
38879,0.0245971679688
38880,0.0
38881,0.0103073120117
38882,0.0215454101562
38883,0.0265045166016
38884,0.0
38885,0.00860595703125
38886,0.0180206298828
38887,0.0262756347656
38888,0.0
38889,0.0110015869141
38890,0.021240234375
38891,0.0294799804688
38892,0.0
38893,0.00762557983398
38894,0.0180816650391
38895,0.0277557373047
38896,0.0
38897,0.00907897949219
38898,0.0177459716797
38899,0.0266723632812
38900,0.0
38901,0.00860595703125
38902,0.0199279785156
38903,0.0272216796875
38904,0.0
38905,0.00955200195312
38906,0.0171661376953
38907,0.0242462158203
38908,0.0
38909,0.00796508789062
38910,0.0162353515625
38911,0.0227966308594
38912,0.0
38913,0.00835418701172
38914,0.0170288085938
38915,0.0272979736328
38916,0.0
38917,0.00796508789062
38918,0.0172729492188
38919,0.0236511230469
38920,0.0
38921,0.00914764404297
38922,0.0192413330078
38923,0.0294647216797
38924,0.0
38925,0.00881958007812
38926,0.0194854736328
38927,0.0273590087891
38928,0.0
38929,0.00995635986328
38930,0.0189666748047
38931,0.0281982421875
38932,0.0
38933,0.00955200195312
38934,0.0187225341797
38935,0.0288696289062
38936,0.0
38937,0.0100555419922
38938,0.0210113525391
38939,0.0296020507812
38940,0.0
38941,0.00950622558594
38942,0.0181884765625
38943,0.0263061523438
38944,0.0
38945,0.00876617431641
38946,0.0177459716797
38947,0.027587890625
38948,0.0
38949,0.00884246826172
38950,0.0178375244141
38951,0.0272064208984
38952,0.0
38953,0.00655364990234
38954,0.0184326171875
38955,0.0263061523438
38956,0.0
38957,0.00785064697266
38958,0.0144653320312
38959,0.0213623046875
38960,0.0
38961,0.00894165039062
38962,0.0183715820312
38963,0.0254821777344
38964,0.0
38965,0.00835418701172
38966,0.0156173706055
38967,0.0236511230469
38968,0.0
38969,0.0074348449707
38970,0.0172119140625
38971,0.0246124267578
38972,0.0
38973,0.00760269165039
38974,0.0154647827148
38975,0.0259094238281
38976,0.0
38977,0.00862121582031
38978,0.0181121826172
38979,0.0276947021484
38980,0.0
38981,0.00799560546875
38982,0.0166778564453
38983,0.0251922607422
38984,0.0
38985,0.00855255126953
38986,0.0200347900391
38987,0.0317687988281
38988,0.0
38989,0.0103302001953
38990,0.0209503173828
38991,0.0279693603516
38992,0.0
38993,0.010612487793
38994,0.0203857421875
38995,0.0282440185547
38996,0.0
38997,0.00768661499023
38998,0.0172729492188
38999,0.0269317626953
39000,0.0
39001,0.0112762451172
39002,0.0185852050781
39003,0.0281829833984
39004,0.0
39005,0.0103302001953
39006,0.0200805664062
39007,0.0288391113281
39008,0.0
39009,0.00974273681641
39010,0.0213470458984
39011,0.0266265869141
39012,0.0
39013,0.00821685791016
39014,0.0147705078125
39015,0.0245056152344
39016,0.0
39017,0.0105590820312
39018,0.0186462402344
39019,0.0263824462891
39020,0.0
39021,0.00983428955078
39022,0.0189971923828
39023,0.0279388427734
39024,0.0
39025,0.00920867919922
39026,0.0191345214844
39027,0.0274353027344
39028,0.0
39029,0.00820922851562
39030,0.0178375244141
39031,0.0206298828125
39032,0.0
39033,0.00752639770508
39034,0.0182647705078
39035,0.02685546875
39036,0.0
39037,0.0102310180664
39038,0.0188140869141
39039,0.0273284912109
39040,0.0
39041,0.00857543945312
39042,0.0176391601562
39043,0.0268096923828
39044,0.0
39045,0.0107269287109
39046,0.0204772949219
39047,0.0285034179688
39048,0.0
39049,0.00982666015625
39050,0.0208587646484
39051,0.0296936035156
39052,0.0
39053,0.00977325439453
39054,0.0188598632812
39055,0.0256195068359
39056,0.0
39057,0.0103378295898
39058,0.0209350585938
39059,0.0289764404297
39060,0.0
39061,0.00838470458984
39062,0.0182495117188
39063,0.0273742675781
39064,0.0
39065,0.0100479125977
39066,0.0194854736328
39067,0.0255889892578
39068,0.0
39069,0.00975799560547
39070,0.0187683105469
39071,0.0268707275391
39072,0.0
39073,0.0103988647461
39074,0.0226745605469
39075,0.0256042480469
39076,0.0
39077,0.00593948364258
39078,0.0151443481445
39079,0.026123046875
39080,0.0
39081,0.00547027587891
39082,0.0166473388672
39083,0.0218353271484
39084,0.0
39085,0.0101699829102
39086,0.0187377929688
39087,0.0279541015625
39088,0.0
39089,0.00820922851562
39090,0.0177764892578
39091,0.0256652832031
39092,0.0
39093,0.00804901123047
39094,0.0197601318359
39095,0.0330200195312
39096,0.0
39097,0.00837707519531
39098,0.0152969360352
39099,0.022705078125
39100,0.0
39101,0.0107650756836
39102,0.0163116455078
39104,0.0243682861328
39105,0.0
39106,0.00734329223633
39107,0.0176696777344
39108,0.0286865234375
39109,0.0
39110,0.00862121582031
39111,0.0156021118164
39112,0.0247955322266
39113,0.0
39114,0.011344909668
39115,0.0186767578125
39116,0.0267181396484
39117,0.0
39118,0.00848388671875
39119,0.0196990966797
39120,0.0285034179688
39121,0.0
39122,0.00978088378906
39123,0.0175628662109
39124,0.0260162353516
39125,0.0
39126,0.00834655761719
39127,0.0191955566406
39128,0.0246429443359
39129,0.0
39130,0.0103607177734
39131,0.0174713134766
39132,0.0268249511719
39133,0.0
39134,0.00926208496094
39135,0.019287109375
39136,0.0258026123047
39137,0.0
39138,0.009521484375
39139,0.0176239013672
39140,0.0290069580078
39141,0.0
39142,0.0107803344727
39143,0.0202178955078
39144,0.0265808105469
39145,0.0
39146,0.0120239257812
39147,0.0215606689453
39148,0.0271759033203
39149,0.0
39150,0.00962829589844
39151,0.0176391601562
39152,0.0256195068359
39153,0.0
39154,0.00839996337891
39155,0.0189361572266
39156,0.0260620117188
39157,0.0
39158,0.00996398925781
39159,0.019287109375
39160,0.0284271240234
39161,0.0
39162,0.00843048095703
39163,0.0174560546875
39164,0.0240478515625
39165,0.0
39166,0.00994873046875
39167,0.01904296875
39168,0.0264434814453
39169,0.0
39170,0.00754165649414
39171,0.0164947509766
39172,0.0254058837891
39173,0.0
39174,0.0100402832031
39175,0.0195465087891
39176,0.0276947021484
39177,0.0
39178,0.0109710693359
39179,0.0228729248047
39180,0.0294036865234
39181,0.0
39182,0.0105133056641
39183,0.0171051025391
39184,0.0258636474609
39185,0.0
39186,0.008056640625
39187,0.0153656005859
39188,0.0257720947266
39189,0.0
39190,0.00827789306641
39191,0.0172424316406
39192,0.0255584716797
39193,0.0
39194,0.0077018737793
39195,0.0187072753906
39196,0.0280609130859
39197,0.0
39198,0.00875091552734
39199,0.0185546875
39200,0.0268096923828
39201,0.0
39202,0.00880432128906
39203,0.0169219970703
39204,0.0256042480469
39205,0.0
39206,0.0101699829102
39207,0.0206146240234
39208,0.0264282226562
39209,0.0
39210,0.00991821289062
39211,0.0205078125
39212,0.0301361083984
39213,0.0
39214,0.00825500488281
39215,0.0193023681641
39216,0.0263061523438
39217,0.0
39218,0.00764083862305
39219,0.0186614990234
39220,0.0261383056641
39221,0.0
39222,0.00929260253906
39223,0.0189514160156
39224,0.029541015625
39225,0.0
39226,0.00909423828125
39227,0.0189361572266
39228,0.0274505615234
39229,0.0
39230,0.00679397583008
39231,0.0186462402344
39232,0.0242919921875
39233,0.0
39234,0.00925445556641
39235,0.0188446044922
39236,0.0252075195312
39237,0.0
39238,0.00888061523438
39239,0.0190124511719
39240,0.0275726318359
39241,0.0
39242,0.0101470947266
39243,0.0182647705078
39244,0.0256805419922
39245,0.0
39246,0.0120162963867
39247,0.0209350585938
39248,0.0284729003906
39249,0.0
39250,0.01123046875
39251,0.0215911865234
39252,0.0289001464844
39253,0.0
39254,0.00990295410156
39255,0.0196838378906
39256,0.0252532958984
39257,0.0
39258,0.00916290283203
39259,0.0183563232422
39260,0.0278015136719
39261,0.0
39262,0.00984954833984
39263,0.0178985595703
39264,0.0259552001953
39265,0.0
39266,0.00740814208984
39267,0.0166473388672
39268,0.0258483886719
39269,0.0
39270,0.00756454467773
39271,0.017333984375
39272,0.0270843505859
39273,0.0
39274,0.00792694091797
39275,0.0170135498047
39276,0.0234527587891
39277,0.0
39278,0.00927734375
39279,0.0174865722656
39280,0.0283813476562
39281,0.0
39282,0.00922393798828
39283,0.018798828125
39284,0.0254211425781
39285,0.0
39286,0.00843811035156
39287,0.0189819335938
39288,0.0259857177734
39289,0.0
39290,0.00955200195312
39291,0.0208892822266
39292,0.0302886962891
39293,0.0
39294,0.00783538818359
39295,0.0175018310547
39296,0.0252380371094
39297,0.0
39298,0.0086669921875
39299,0.0226287841797
39300,0.0337829589844
39301,0.0
39302,0.00967407226562
39303,0.0217132568359
39304,0.0292053222656
39305,0.0
39306,0.0110549926758
39307,0.0184478759766
39308,0.0269470214844
39309,0.0
39310,0.0100021362305
39311,0.0193786621094
39312,0.0263671875
39313,0.0
39314,0.00888824462891
39315,0.0197601318359
39316,0.0245666503906
39317,0.0
39318,0.00748443603516
39319,0.0182189941406
39320,0.0313110351562
39321,0.0
39322,0.0101928710938
39323,0.0188140869141
39324,0.0286865234375
39325,0.0
39326,0.0114440917969
39327,0.0211486816406
39328,0.0299377441406
39329,0.0
39330,0.00971221923828
39331,0.0192718505859
39332,0.0285186767578
39333,0.0
39334,0.00897216796875
39335,0.0202026367188
39336,0.0297241210938
39337,0.0
39338,0.0076789855957
39339,0.0172729492188
39340,0.0245971679688
39341,0.0
39342,0.00712585449219
39343,0.0153274536133
39344,0.0246429443359
39345,0.0
39346,0.0113372802734
39347,0.0195770263672
39348,0.0265045166016
39349,0.0
39350,0.00950622558594
39351,0.0197448730469
39352,0.0256042480469
39353,0.0
39354,0.0114974975586
39355,0.0213317871094
39356,0.0285949707031
39357,0.0
39358,0.00860595703125
39359,0.0187530517578
39360,0.0265502929688
39361,0.0
39362,0.0125503540039
39363,0.0210113525391
39364,0.0302429199219
39365,0.0
39366,0.0109939575195
39367,0.0212860107422
39368,0.0325012207031
39369,0.0
39370,0.00722122192383
39371,0.0156707763672
39372,0.0230407714844
39373,0.0
39374,0.0134735107422
39375,0.0221862792969
39376,0.0309753417969
39377,0.0
39378,0.0108337402344
39379,0.0209503173828
39380,0.0280914306641
39381,0.0
39382,0.0105209350586
39383,0.0214996337891
39384,0.0311584472656
39385,0.0
39386,0.0100402832031
39387,0.0216979980469
39388,0.0252227783203
39389,0.0
39390,0.00772476196289
39391,0.0174560546875
39392,0.0284729003906
39393,0.0
39394,0.00907897949219
39395,0.015266418457
39396,0.0238037109375
39397,0.0
39398,0.00772476196289
39399,0.0193634033203
39400,0.0264892578125
39401,0.0
39402,0.0107192993164
39403,0.0214996337891
39404,0.0317077636719
39405,0.0
39406,0.0104675292969
39407,0.0192565917969
39408,0.0319213867188
39409,0.0
39410,0.00982666015625
39411,0.0151443481445
39412,0.0250549316406
39413,0.0
39414,0.0106658935547
39415,0.0171966552734
39416,0.0274200439453
39417,0.0
39418,0.0089111328125
39419,0.0208740234375
39420,0.0286254882812
39421,0.0
39422,0.01025390625
39423,0.0204010009766
39424,0.0288238525391
39425,0.0
39426,0.00919342041016
39427,0.0162353515625
39428,0.0253143310547
39429,0.0
39430,0.00850677490234
39431,0.0160980224609
39432,0.0239105224609
39433,0.0
39434,0.00898742675781
39435,0.0185089111328
39436,0.0285949707031
39437,0.0
39438,0.0101928710938
39439,0.0206604003906
39440,0.0296173095703
39441,0.0
39442,0.00841522216797
39443,0.0180358886719
39444,0.0252685546875
39445,0.0
39446,0.00749206542969
39447,0.0160217285156
39448,0.0257110595703
39449,0.0
39450,0.0104446411133
39451,0.0197296142578
39452,0.0296325683594
39453,0.0
39454,0.007568359375
39455,0.0141143798828
39456,0.0249786376953
39457,0.0
39458,0.00888061523438
39459,0.0176086425781
39460,0.0251312255859
39461,0.0
39462,0.0104598999023
39463,0.0200500488281
39464,0.0283660888672
39465,0.0
39466,0.007080078125
39467,0.0167236328125
39468,0.0246887207031
39469,0.0
39470,0.0101699829102
39471,0.0192413330078
39472,0.0274505615234
39473,0.0
39474,0.0079345703125
39475,0.0200500488281
39476,0.0274963378906
39477,0.0
39478,0.0117797851562
39479,0.0167694091797
39480,0.0262756347656
39481,0.0
39482,0.009521484375
39483,0.0196685791016
39484,0.0249938964844
39485,0.0
39486,0.00954437255859
39487,0.0183868408203
39488,0.0258941650391
39489,0.0
39490,0.00824737548828
39491,0.0152435302734
39492,0.0205078125
39493,0.0
39494,0.00851440429688
39495,0.0174255371094
39496,0.0231781005859
39497,0.0
39498,0.00677871704102
39499,0.0164489746094
39500,0.0251312255859
39501,0.0
39502,0.0072021484375
39503,0.0182952880859
39504,0.0282135009766
39505,0.0
39506,0.00888061523438
39507,0.0172424316406
39508,0.0213623046875
39509,0.0
39510,0.0076904296875
39511,0.0170745849609
39512,0.0262908935547
39513,0.0
39514,0.00859069824219
39515,0.0165100097656
39516,0.0241546630859
39517,0.0
39518,0.00619125366211
39519,0.0175323486328
39520,0.0246887207031
39521,0.0
39522,0.0059814453125
39523,0.0147094726562
39524,0.0235443115234
39525,0.0
39526,0.0112457275391
39527,0.0180816650391
39528,0.0249786376953
39529,0.0
39530,0.00936889648438
39531,0.0186004638672
39532,0.0276641845703
39533,0.0
39534,0.00735092163086
39535,0.0179748535156
39536,0.0254364013672
39537,0.0
39538,0.0108413696289
39539,0.0198974609375
39540,0.0280456542969
39541,0.0
39542,0.0100173950195
39543,0.0200500488281
39544,0.0256500244141
39545,0.0
39546,0.00950622558594
39547,0.0196990966797
39548,0.0284729003906
39549,0.0
39550,0.00958251953125
39551,0.0172729492188
39552,0.0249328613281
39553,0.0
39554,0.00891876220703
39555,0.0200042724609
39556,0.0282440185547
39557,0.0
39558,0.00891876220703
39559,0.019287109375
39560,0.0296630859375
39561,0.0
39562,0.00829315185547
39563,0.0229034423828
39564,0.03125
39565,0.0
39566,0.0102081298828
39567,0.0216674804688
39568,0.0267486572266
39569,0.0
39570,0.0105743408203
39571,0.0200347900391
39572,0.0283203125
39573,0.0
39574,0.00738906860352
39575,0.0186004638672
39576,0.0294799804688
39577,0.0
39578,0.0101013183594
39579,0.0187072753906
39580,0.0290985107422
39581,0.0
39582,0.009765625
39583,0.0197296142578
39584,0.0267639160156
39585,0.0
39586,0.00806427001953
39587,0.0169677734375
39588,0.0241088867188
39589,0.0
39590,0.00885772705078
39591,0.0184936523438
39592,0.0286254882812
39593,0.0
39594,0.00988006591797
39595,0.0219421386719
39596,0.0299072265625
39597,0.0
39598,0.00889587402344
39599,0.0182800292969
39600,0.0271606445312
39601,0.0
39602,0.0103225708008
39603,0.0205078125
39604,0.0251159667969
39605,0.0
39606,0.0070915222168
39607,0.0169830322266
39608,0.0230407714844
39609,0.0
39610,0.00954437255859
39611,0.0208282470703
39612,0.0273284912109
39613,0.0
39614,0.00700378417969
39615,0.0160217285156
39616,0.025146484375
39617,0.0
39618,0.0114440917969
39619,0.0198822021484
39620,0.0301666259766
39621,0.0
39622,0.0102157592773
39623,0.0170593261719
39624,0.0237426757812
39625,0.0
39626,0.00855255126953
39627,0.0178680419922
39628,0.026611328125
39629,0.0
39630,0.00978851318359
39631,0.0184631347656
39632,0.0274810791016
39633,0.0
39634,0.00991058349609
39635,0.0169372558594
39636,0.0266571044922
39637,0.0
39638,0.00894165039062
39639,0.0202331542969
39640,0.0264282226562
39641,0.0
39642,0.00850677490234
39643,0.0150604248047
39644,0.0231475830078
39645,0.0
39646,0.0109100341797
39647,0.0149993896484
39648,0.0273284912109
39649,0.0
39650,0.01025390625
39651,0.0184478759766
39652,0.0294189453125
39653,0.0
39654,0.00985717773438
39655,0.0250396728516
39656,0.0344848632812
39657,0.0
39658,0.00919342041016
39659,0.0179290771484
39660,0.0269470214844
39661,0.0
39662,0.00836181640625
39663,0.0200500488281
39664,0.0261993408203
39665,0.0
39666,0.0086669921875
39667,0.016357421875
39668,0.0234069824219
39669,0.0
39670,0.00985717773438
39671,0.0211791992188
39672,0.0296630859375
39673,0.0
39674,0.00856018066406
39675,0.0155868530273
39676,0.0250396728516
39677,0.0
39678,0.00871276855469
39679,0.0198059082031
39680,0.0350646972656
39681,0.0
39682,0.00761413574219
39683,0.0150833129883
39684,0.0266265869141
39685,0.0
39686,0.00648498535156
39687,0.0167236328125
39688,0.0255432128906
39689,0.0
39690,0.00812530517578
39691,0.0135269165039
39692,0.0262908935547
39693,0.0
39694,0.00683212280273
39695,0.014892578125
39696,0.0250549316406
39697,0.0
39698,0.00918579101562
39699,0.0167846679688
39700,0.0252685546875
39701,0.0
39702,0.00946044921875
39703,0.0161590576172
39704,0.0267486572266
39705,0.0
39706,0.0104522705078
39707,0.0205688476562
39708,0.0296936035156
39709,0.0
39710,0.0107345581055
39711,0.01806640625
39712,0.0257263183594
39713,0.0
39714,0.00786590576172
39715,0.0143966674805
39716,0.0244293212891
39717,0.0
39718,0.0108261108398
39719,0.0185852050781
39720,0.0247650146484
39721,0.0
39722,0.00988006591797
39723,0.0178070068359
39724,0.0249786376953
39725,0.0
39726,0.00613784790039
39727,0.0187683105469
39728,0.0266723632812
39729,0.0
39730,0.0111770629883
39731,0.0177154541016
39732,0.0268707275391
39733,0.0
39734,0.00843048095703
39735,0.0184783935547
39736,0.0270690917969
39737,0.0
39738,0.00860595703125
39739,0.0179901123047
39740,0.0262145996094
39741,0.0
39742,0.0105285644531
39743,0.0222778320312
39744,0.0317077636719
39745,0.0
39746,0.00942230224609
39747,0.0193939208984
39748,0.0305480957031
39749,0.0
39750,0.00833892822266
39751,0.0198822021484
39752,0.0253448486328
39753,0.0
39754,0.00912475585938
39755,0.0184173583984
39756,0.0275573730469
39757,0.0
39758,0.0104446411133
39759,0.0194396972656
39760,0.0278167724609
39761,0.0
39762,0.0100173950195
39763,0.0203247070312
39764,0.0279388427734
39765,0.0
39766,0.00859069824219
39767,0.0158233642578
39768,0.0217742919922
39769,0.0
39770,0.00638961791992
39771,0.0169677734375
39772,0.0250091552734
39773,0.0
39774,0.00936889648438
39775,0.0198974609375
39776,0.02880859375
39777,0.0
39778,0.00871276855469
39779,0.0180053710938
39780,0.0257720947266
39781,0.0
39782,0.00975036621094
39783,0.0179138183594
39784,0.0301361083984
39785,0.0
39786,0.00900268554688
39787,0.020263671875
39788,0.0270538330078
39789,0.0
39790,0.00946044921875
39791,0.0176239013672
39792,0.0271301269531
39793,0.0
39794,0.0105056762695
39795,0.0172271728516
39796,0.0260620117188
39797,0.0
39798,0.00747299194336
39799,0.0138549804688
39800,0.0247344970703
39801,0.0
39802,0.00965881347656
39803,0.0202484130859
39804,0.0278778076172
39805,0.0
39806,0.00939178466797
39807,0.0193328857422
39808,0.0271911621094
39809,0.0
39810,0.00769424438477
39811,0.0145034790039
39812,0.0248413085938
39813,0.0
39814,0.00936889648438
39815,0.0196075439453
39816,0.0271911621094
39817,0.0
39818,0.00801086425781
39819,0.0199890136719
39820,0.0248565673828
39821,0.0
39822,0.00857543945312
39823,0.0150604248047
39824,0.0238494873047
39825,0.0
39826,0.0111312866211
39827,0.0198059082031
39828,0.0287017822266
39829,0.0
39830,0.00811767578125
39831,0.0173187255859
39832,0.0263977050781
39833,0.0
39834,0.00864410400391
39835,0.0174255371094
39836,0.0250396728516
39837,0.0
39838,0.00822448730469
39839,0.0186309814453
39840,0.0285186767578
39841,0.0
39842,0.00901794433594
39843,0.0176849365234
39844,0.0259704589844
39845,0.0
39846,0.00760269165039
39847,0.0152893066406
39848,0.0211181640625
39849,0.0
39850,0.0101547241211
39851,0.0176391601562
39852,0.0241088867188
39853,0.0
39854,0.00982666015625
39855,0.0200347900391
39856,0.0274047851562
39857,0.0
39858,0.00824737548828
39859,0.0195007324219
39860,0.0282897949219
39861,0.0
39862,0.00820922851562
39863,0.0177001953125
39864,0.0279083251953
39865,0.0
39866,0.00988006591797
39867,0.0211029052734
39868,0.0296325683594
39869,0.0
39870,0.00669479370117
39871,0.0143432617188
39872,0.0220794677734
39873,0.0
39874,0.00920104980469
39875,0.0182952880859
39876,0.0255432128906
39877,0.0
39878,0.010009765625
39879,0.0179138183594
39880,0.0248718261719
39881,0.0
76637,0.00711441040039
76638,0.0175018310547
76640,0.0225524902344
76641,0.0
76642,0.00693511962891
76643,0.0167541503906
76644,0.0224761962891
76645,0.0
76646,0.00750732421875
76647,0.0154418945312
76648,0.0217132568359
76649,0.0
76650,0.0056266784668
76651,0.0139541625977
76652,0.0230102539062
76653,0.0
76654,0.00649642944336
76655,0.0166473388672
76656,0.020751953125
76657,0.0
76658,0.00937652587891
76659,0.0168151855469
76660,0.0291900634766
76661,0.0
76662,0.00796508789062
76663,0.0169219970703
76664,0.0237121582031
76665,0.0
76666,0.00868225097656
76667,0.0160980224609
76668,0.0248107910156
76669,0.0
76670,0.00680923461914
76671,0.0120849609375
76672,0.0195922851562
76673,0.0
76674,0.00767135620117
76675,0.0178527832031
76676,0.0251312255859
76677,0.0
76678,0.00749969482422
76679,0.0149307250977
76680,0.0233306884766
76681,0.0
76682,0.00886535644531
76683,0.0156021118164
76684,0.018310546875
76685,0.0
76686,0.00791931152344
76687,0.0158996582031
76688,0.0268096923828
76689,0.0
76690,0.00792694091797
76691,0.0152435302734
76692,0.0231628417969
76693,0.0
76694,0.00960540771484
76695,0.0148391723633
76696,0.0233154296875
76697,0.0
76698,0.0081787109375
76699,0.0157318115234
76700,0.0240325927734
76701,0.0
76702,0.00529861450195
76703,0.0150604248047
76704,0.0236358642578
76705,0.0
76706,0.0070686340332
76707,0.0149688720703
76708,0.0219421386719
76709,0.0
76710,0.00982666015625
76711,0.0180053710938
76712,0.02587890625
76713,0.0
76714,0.00807189941406
76715,0.0161437988281
76716,0.0212554931641
76717,0.0
76718,0.00750350952148
76719,0.0169525146484
76720,0.0213775634766
76721,0.0
76722,0.00722122192383
76723,0.0158386230469
76724,0.0240325927734
76725,0.0
76726,0.00748062133789
76727,0.0168304443359
76728,0.0237426757812
76729,0.0
76730,0.00940704345703
76731,0.0171813964844
76732,0.0245666503906
76733,0.0
76734,0.00725555419922
76735,0.0165252685547
76736,0.0244293212891
76737,0.0
76738,0.00730514526367
76739,0.0157775878906
76740,0.0228424072266
76741,0.0
76742,0.00598907470703
76743,0.0142364501953
76744,0.0234680175781
76745,0.0
76746,0.00741195678711
76747,0.0156860351562
76748,0.0207824707031
76749,0.0
76750,0.00819396972656
76751,0.014892578125
76752,0.0229034423828
76753,0.0
76754,0.00768280029297
76755,0.0146026611328
76756,0.0223846435547
76757,0.0
76758,0.00807952880859
76759,0.0149688720703
76760,0.0238800048828
76761,0.0
76762,0.00791168212891
76763,0.0158233642578
76764,0.0228271484375
76765,0.0
76766,0.00776672363281
76767,0.0156021118164
76768,0.0240325927734
76769,0.0
76770,0.00798034667969
76771,0.0141143798828
76772,0.0217132568359
76773,0.0
76774,0.00652313232422
76775,0.0152740478516
76776,0.0240783691406
76777,0.0
76778,0.00864410400391
76779,0.0182342529297
76780,0.0261688232422
76781,0.0
76782,0.00600814819336
76783,0.0159454345703
76784,0.0230865478516
76785,0.0
76786,0.00792694091797
76787,0.0150985717773
76788,0.0240783691406
76789,0.0
76790,0.00827026367188
76791,0.0165557861328
76792,0.0243835449219
76793,0.0
76794,0.0069465637207
76795,0.01416015625
76796,0.0211791992188
76797,0.0
76798,0.0077018737793
76799,0.0147933959961
76800,0.0222625732422
76801,0.0
76802,0.00577545166016
76803,0.0155792236328
76804,0.0274810791016
76805,0.0
76806,0.00606155395508
76807,0.0148010253906
76808,0.0205383300781
76809,0.0
76810,0.00904846191406
76811,0.0170135498047
76812,0.0251159667969
76813,0.0
76814,0.00894165039062
76815,0.0167236328125
76816,0.0255584716797
76817,0.0
76818,0.00729370117188
76819,0.0184326171875
76820,0.0235137939453
76821,0.0
76822,0.00860595703125
76823,0.0161895751953
76824,0.0247650146484
76825,0.0
76826,0.00716781616211
76827,0.0146560668945
76828,0.0239868164062
76829,0.0
76830,0.00984954833984
76831,0.0164947509766
76832,0.0236968994141
76833,0.0
76834,0.00820922851562
76835,0.0163726806641
76836,0.0246276855469
76837,0.0
76838,0.00878143310547
76839,0.0138549804688
76840,0.0238037109375
76841,0.0
76842,0.00868225097656
76843,0.0163879394531
76844,0.0254058837891
76845,0.0
76846,0.00746536254883
76847,0.0164184570312
76848,0.0237426757812
76849,0.0
76850,0.00982666015625
76851,0.0172576904297
76852,0.0269622802734
76853,0.0
76854,0.00773239135742
76855,0.0148010253906
76856,0.0222778320312
76857,0.0
76858,0.00726318359375
76859,0.0186462402344
76860,0.0264892578125
76861,0.0
76862,0.00843811035156
76863,0.0142135620117
76864,0.0215759277344
76865,0.0
76866,0.00930023193359
76867,0.0188140869141
76868,0.0265197753906
76869,0.0
76870,0.00956726074219
76871,0.0179290771484
76872,0.02392578125
76873,0.0
76874,0.00748443603516
76875,0.0152435302734
76876,0.0226593017578
76877,0.0
76878,0.00953674316406
76879,0.0204467773438
76880,0.0280456542969
76881,0.0
76882,0.0102386474609
76883,0.0184173583984
76884,0.0235290527344
76885,0.0
76886,0.00797271728516
76887,0.0165405273438
76888,0.0212554931641
76889,0.0
76890,0.00802612304688
76891,0.014892578125
76892,0.0212097167969
76893,0.0
76894,0.00705337524414
76895,0.0150833129883
76896,0.0201110839844
76897,0.0
76898,0.0067253112793
76899,0.0147705078125
76900,0.0220489501953
76901,0.0
76902,0.00952911376953
76903,0.0171813964844
76904,0.0233154296875
76905,0.0
76906,0.00667953491211
76907,0.0185089111328
76908,0.0205230712891
76909,0.0
76910,0.00770568847656
76911,0.0168762207031
76912,0.0243682861328
76913,0.0
76914,0.00867462158203
76915,0.0167083740234
76916,0.0277099609375
76917,0.0
76918,0.00961303710938
76919,0.018310546875
76920,0.0265655517578
76921,0.0
76922,0.00823211669922
76923,0.0172576904297
76924,0.0257415771484
76925,0.0
76926,0.00904846191406
76927,0.0177459716797
76928,0.0227813720703
76929,0.0
76930,0.00798034667969
76931,0.0154037475586
76932,0.0254669189453
76933,0.0
76934,0.00861358642578
76935,0.0162506103516
76936,0.0188293457031
76937,0.0
76938,0.00686645507812
76939,0.0170745849609
76940,0.0220336914062
76941,0.0
76942,0.00931549072266
76943,0.0207672119141
76944,0.0289306640625
76945,0.0
76946,0.00692749023438
76947,0.0144119262695
76948,0.0229949951172
76949,0.0
76950,0.00803375244141
76951,0.0144271850586
76952,0.0208282470703
76953,0.0
76954,0.00564193725586
76955,0.0130081176758
76956,0.0216522216797
76957,0.0
76958,0.00782775878906
76959,0.0195465087891
76960,0.0260314941406
76961,0.0
76962,0.00690460205078
76963,0.0172576904297
76964,0.0267181396484
76965,0.0
76966,0.00712966918945
76967,0.0166473388672
76968,0.0210876464844
76969,0.0
76970,0.00803375244141
76971,0.0155868530273
76972,0.024169921875
76973,0.0
76974,0.00852966308594
76975,0.0169372558594
76976,0.0240173339844
76977,0.0
76978,0.0079345703125
76979,0.0171051025391
76980,0.0248565673828
76981,0.0
76982,0.00955963134766
76983,0.0178070068359
76984,0.0211486816406
76985,0.0
76986,0.00947570800781
76987,0.01806640625
76988,0.0227813720703
76989,0.0
76990,0.00899505615234
76991,0.0180969238281
76992,0.0240478515625
76993,0.0
76994,0.00862884521484
76995,0.0168151855469
76996,0.0252075195312
76997,0.0
76998,0.00766754150391
76999,0.0176849365234
77000,0.0262451171875
77001,0.0
77002,0.00765228271484
77003,0.0158996582031
77004,0.0261383056641
77005,0.0
77006,0.0089111328125
77007,0.0171813964844
77008,0.021240234375
77009,0.0
77010,0.00665283203125
77011,0.0122680664062
77012,0.0213317871094
77013,0.0
77014,0.00682830810547
77015,0.0145111083984
77016,0.0210113525391
77017,0.0
77018,0.00803375244141
77019,0.0173797607422
77020,0.0284729003906
77021,0.0
77022,0.00373840332031
77023,0.0114974975586
77024,0.0199737548828
77025,0.0
77026,0.00794219970703
77027,0.0170288085938
77028,0.0213317871094
77029,0.0
77030,0.00827789306641
77031,0.015510559082
77032,0.0198822021484
77033,0.0
77034,0.00824737548828
77035,0.0163879394531
77036,0.0247344970703
77037,0.0
77038,0.0066032409668
77039,0.0153961181641
77040,0.0232391357422
77041,0.0
77042,0.00943756103516
77043,0.0178375244141
77044,0.0285186767578
77045,0.0
77046,0.00656890869141
77047,0.0124053955078
77048,0.0238189697266
77049,0.0
77050,0.00785827636719
77051,0.0145645141602
77052,0.0228424072266
77053,0.0
77054,0.00833129882812
77055,0.0158386230469
77056,0.0256958007812
77057,0.0
77058,0.00739288330078
77059,0.0146408081055
77060,0.0215759277344
77061,0.0
77062,0.00777435302734
77063,0.0154495239258
77064,0.0234527587891
77065,0.0
77066,0.00807189941406
77067,0.0180053710938
77068,0.0288391113281
77069,0.0
77070,0.00820922851562
77071,0.0121383666992
77072,0.0190734863281
77073,0.0
77074,0.00827789306641
77075,0.0164947509766
77076,0.0225982666016
77077,0.0
77078,0.00827789306641
77079,0.0156860351562
77080,0.0225067138672
77081,0.0
77082,0.00906372070312
77083,0.0196990966797
77084,0.0260314941406
77085,0.0
77086,0.00712585449219
77087,0.0158081054688
77088,0.0237426757812
77089,0.0
77090,0.00669097900391
77091,0.0130462646484
77092,0.02197265625
77093,0.0
77094,0.00888824462891
77095,0.0139083862305
77096,0.0215148925781
77097,0.0
77098,0.00505447387695
77099,0.0126190185547
77100,0.0216369628906
77101,0.0
77102,0.00722122192383
77103,0.0171661376953
77104,0.0237884521484
77105,0.0
77106,0.00786590576172
77107,0.0143661499023
77108,0.01904296875
77109,0.0
77110,0.00990295410156
77111,0.0207366943359
77112,0.0295104980469
77113,0.0
77114,0.00813293457031
77115,0.0181121826172
77116,0.0258331298828
77117,0.0
77118,0.00844573974609
77119,0.0157318115234
77120,0.0239868164062
77121,0.0
77122,0.00957489013672
77123,0.0176544189453
77124,0.0235595703125
77125,0.0
77126,0.00714111328125
77127,0.0141830444336
77128,0.0240020751953
77129,0.0
77130,0.00798034667969
77131,0.0161437988281
77132,0.0239562988281
77133,0.0
77134,0.00667190551758
77135,0.0169982910156
77136,0.0233154296875
77137,0.0
77138,0.00947570800781
77139,0.0182800292969
77140,0.0240478515625
77141,0.0
77142,0.00718688964844
77143,0.0152130126953
77144,0.0245819091797
77145,0.0
77146,0.00791168212891
77147,0.0133743286133
77148,0.0188140869141
77149,0.0
77150,0.00772476196289
77151,0.01806640625
77152,0.024169921875
77153,0.0
77154,0.00770950317383
77155,0.0167541503906
77156,0.0237426757812
77157,0.0
77158,0.00782775878906
77159,0.0156402587891
77160,0.02294921875
77161,0.0
77162,0.00930023193359
77163,0.0139770507812
77164,0.0213775634766
77165,0.0
77166,0.0102310180664
77167,0.0179443359375
77168,0.0273895263672
77169,0.0
77170,0.00734329223633
77171,0.0170745849609
77172,0.0262603759766
77173,0.0
77174,0.00811004638672
77175,0.0158386230469
77176,0.0233154296875
77177,0.0
77178,0.00904083251953
77179,0.0167846679688
77180,0.0234527587891
77181,0.0
77182,0.00809478759766
77183,0.0187530517578
77184,0.0248413085938
77185,0.0
77186,0.0070915222168
77187,0.0133895874023
77188,0.0200958251953
77189,0.0
77190,0.00799560546875
77191,0.0153198242188
77192,0.0215148925781
77193,0.0
77194,0.00779724121094
77195,0.0129089355469
77196,0.024658203125
77197,0.0
77198,0.00855255126953
77199,0.0184783935547
77200,0.0268249511719
77201,0.0
77202,0.00807952880859
77203,0.0163879394531
77204,0.0269470214844
77205,0.0
77206,0.00748062133789
77207,0.0167236328125
77208,0.0225830078125
77209,0.0
77210,0.00806427001953
77211,0.0130386352539
77212,0.02197265625
77213,0.0
77214,0.00763702392578
77215,0.0180816650391
77216,0.0235748291016
77217,0.0
77218,0.00714111328125
77219,0.013786315918
77220,0.0230560302734
77221,0.0
77222,0.00818634033203
77223,0.0167999267578
77224,0.0226898193359
77225,0.0
77226,0.00767135620117
77227,0.0160369873047
77228,0.0250701904297
77229,0.0
77230,0.00765609741211
77231,0.0172424316406
77232,0.0258026123047
77233,0.0
77234,0.0064697265625
77235,0.0137557983398
77236,0.0195617675781
77237,0.0
77238,0.00689315795898
77239,0.0133361816406
77240,0.0200347900391
77241,0.0
77242,0.00836181640625
77243,0.0156555175781
77244,0.0207214355469
77245,0.0
77246,0.00998687744141
77247,0.0185699462891
77248,0.0257263183594
77249,0.0
77250,0.00999450683594
77251,0.0170745849609
77252,0.0235443115234
77253,0.0
77254,0.00701141357422
77255,0.0188140869141
77256,0.0275421142578
77257,0.0
77258,0.00786590576172
77259,0.017333984375
77260,0.025390625
77261,0.0
77262,0.00685882568359
77263,0.0161590576172
77264,0.0244903564453
77265,0.0
77266,0.00650787353516
77267,0.0151596069336
77268,0.0231628417969
77269,0.0
77270,0.00569534301758
77271,0.0145034790039
77272,0.0247650146484
77273,0.0
77274,0.00518417358398
77275,0.0134811401367
77276,0.0216522216797
77277,0.0
77278,0.00752258300781
77279,0.0146636962891
77280,0.0234375
77281,0.0
77282,0.00741577148438
77283,0.0192108154297
77284,0.0241851806641
77285,0.0
77286,0.00764846801758
77287,0.0177307128906
77288,0.0256805419922
77289,0.0
77290,0.00727462768555
77291,0.0193481445312
77292,0.0270843505859
77293,0.0
77294,0.00650405883789
77295,0.0152130126953
77296,0.0215606689453
77297,0.0
77298,0.00750350952148
77299,0.0160522460938
77300,0.0247344970703
77301,0.0
77302,0.00807952880859
77303,0.0130996704102
77304,0.0218353271484
77305,0.0
77306,0.00688934326172
77307,0.0163269042969
77308,0.0244598388672
77309,0.0
77310,0.00926971435547
77311,0.0161590576172
77312,0.0246429443359
77313,0.0
77314,0.00756454467773
77315,0.0135269165039
77316,0.0213775634766
77317,0.0
77318,0.00796508789062
77319,0.0163116455078
77320,0.0244140625
77321,0.0
77322,0.00583267211914
77323,0.0118026733398
77324,0.0239562988281
77325,0.0
77326,0.00801086425781
77327,0.014518737793
77328,0.0223999023438
77329,0.0
77330,0.0081787109375
77331,0.0153656005859
77332,0.0262756347656
77333,0.0
77334,0.00699234008789
77335,0.0136260986328
77336,0.0224609375
77337,0.0
77338,0.00888061523438
77339,0.0161590576172
77340,0.0251007080078
77341,0.0
77342,0.00811004638672
77343,0.0178680419922
77344,0.0261688232422
77345,0.0
77346,0.00606536865234
77347,0.0158233642578
77348,0.0242462158203
77349,0.0
77350,0.00936889648438
77351,0.0196075439453
77352,0.0278930664062
77353,0.0
77354,0.00828552246094
77355,0.0176849365234
77356,0.0233612060547
77357,0.0
77358,0.00823974609375
77359,0.0161743164062
77360,0.0226287841797
77361,0.0
77362,0.00994110107422
77363,0.0197448730469
77364,0.0263671875
77365,0.0
77366,0.00904846191406
77367,0.0142288208008
77368,0.0221099853516
77369,0.0
77370,0.0118255615234
77371,0.0163116455078
77372,0.0219573974609
77373,0.0
77374,0.00947570800781
77375,0.0148086547852
77376,0.0237121582031
77377,0.0
77378,0.00989532470703
77379,0.0174255371094
77380,0.0221862792969
77381,0.0
77382,0.00826263427734
77383,0.0184478759766
77384,0.0239715576172
77385,0.0
77386,0.00600814819336
77387,0.0148239135742
77388,0.0204925537109
77389,0.0
77390,0.00725936889648
77391,0.0170593261719
77392,0.0226593017578
77393,0.0
77394,0.00874328613281
77395,0.0144119262695
77396,0.0228881835938
77397,0.0
77398,0.00667190551758
77399,0.0138320922852
77400,0.0217895507812
77401,0.0
77402,0.00975036621094
77403,0.0186614990234
77404,0.0242614746094
77405,0.0
77406,0.00893402099609
77407,0.0174407958984
77408,0.0251007080078
77409,0.0
77410,0.004638671875
77411,0.0142517089844
77412,0.0221099853516
77413,0.0
77414,0.005859375
77415,0.013298034668
77416,0.0232849121094
77417,0.0
77418,0.00836944580078
77419,0.0162200927734
77420,0.0252075195312
77422,0.0
77423,0.00577545166016
77424,0.0153427124023
77425,0.0243682861328
77426,0.0
77427,0.00646591186523
77428,0.0141448974609
77429,0.0233306884766
77430,0.0
77431,0.0072021484375
77432,0.0157012939453
77433,0.0226898193359
77434,0.0
77435,0.00841522216797
77436,0.0172119140625
77437,0.0245819091797
77438,0.0
77439,0.00947570800781
77440,0.0170593261719
77441,0.0237274169922
77442,0.0
77443,0.00736236572266
77444,0.0161437988281
77445,0.0250549316406
77446,0.0
77447,0.00937652587891
77448,0.017333984375
77449,0.0234069824219
77450,0.0
77451,0.0067138671875
77452,0.0144195556641
77453,0.0210876464844
77454,0.0
77455,0.00710296630859
77456,0.0143051147461
77457,0.0224304199219
77458,0.0
77459,0.00753784179688
77460,0.0138778686523
77461,0.0186920166016
77462,0.0
77463,0.00749206542969
77464,0.0152053833008
77465,0.0253295898438
77466,0.0
77467,0.00666809082031
77468,0.0172119140625
77469,0.0257720947266
77470,0.0
77471,0.00995635986328
77472,0.0157928466797
77473,0.0212097167969
77474,0.0
77475,0.00629806518555
77476,0.0141983032227
77477,0.0194549560547
77478,0.0
77479,0.00745010375977
77480,0.0170440673828
77481,0.0249633789062
77482,0.0
77483,0.00789642333984
77484,0.0161743164062
77485,0.0191192626953
77486,0.0
77487,0.00600433349609
77488,0.014892578125
77489,0.0223236083984
77490,0.0
77491,0.00709915161133
77492,0.0167999267578
77493,0.0251770019531
77494,0.0
77495,0.00791931152344
77496,0.0159912109375
77497,0.0205993652344
77498,0.0
77499,0.00819396972656
77500,0.015266418457
77501,0.0210571289062
77502,0.0
77503,0.00847625732422
77504,0.0166473388672
77505,0.0257873535156
77506,0.0
77507,0.00748443603516
77508,0.0147705078125
77509,0.0227355957031
77510,0.0
77511,0.00606155395508
77512,0.0124206542969
77513,0.01904296875
77514,0.0
77515,0.00662994384766
77516,0.0151824951172
77517,0.0215911865234
77518,0.0
77519,0.00710678100586
77520,0.0127716064453
77521,0.0208587646484
77522,0.0
77523,0.00701904296875
77524,0.0155029296875
77525,0.0215606689453
77526,0.0
77527,0.00717544555664
77528,0.0191040039062
77529,0.0257415771484
77530,0.0
77531,0.00868988037109
77532,0.0173950195312
77533,0.0283050537109
77534,0.0
77535,0.00743103027344
77536,0.01611328125
77537,0.0231781005859
77538,0.0
77539,0.00763320922852
77540,0.0160827636719
77541,0.0221405029297
77542,0.0
77543,0.00949096679688
77544,0.0166778564453
77545,0.0256042480469
77546,0.0
77547,0.00753021240234
77548,0.0167083740234
77549,0.0219421386719
77550,0.0
77551,0.00735855102539
77552,0.0177001953125
77553,0.0242614746094
77554,0.0
77555,0.00986480712891
77556,0.0172576904297
77557,0.0231170654297
77558,0.0
77559,0.00807189941406
77560,0.0197296142578
77561,0.0250091552734
77562,0.0
77563,0.00769424438477
77564,0.01806640625
77565,0.0261840820312
77566,0.0
77567,0.00690841674805
77568,0.0154724121094
77569,0.02392578125
77570,0.0
77571,0.00711441040039
77572,0.0152053833008
77573,0.0194702148438
77574,0.0
77575,0.00771713256836
77576,0.013542175293
77577,0.0214233398438
77578,0.0
77579,0.00768280029297
77580,0.0159759521484
77581,0.0238037109375
77582,0.0
77583,0.00822448730469
77584,0.0158538818359
77585,0.0260467529297
77586,0.0
77587,0.00823974609375
77588,0.0190582275391
77589,0.0281066894531
77590,0.0
77591,0.0103988647461
77592,0.0191497802734
77593,0.0256500244141
77594,0.0
77595,0.00729370117188
77596,0.0183563232422
77597,0.0234375
77598,0.0
77599,0.00971221923828
77600,0.0216369628906
77601,0.0279846191406
77602,0.0
77603,0.00762939453125
77604,0.0194244384766
77605,0.0303802490234
77606,0.0
77607,0.00729751586914
77608,0.0168762207031
77609,0.0206451416016
77610,0.0
77611,0.00803375244141
77612,0.0197143554688
77613,0.0249786376953
77614,0.0
77615,0.00667190551758
77616,0.0159301757812
77617,0.0221252441406
77618,0.0
77619,0.00741195678711
77620,0.0160522460938
77621,0.0209197998047
77622,0.0
77623,0.00763702392578
77624,0.0152893066406
77625,0.0264587402344
77626,0.0
77627,0.010871887207
77628,0.0205535888672
77629,0.0267639160156
77630,0.0
77631,0.00798797607422
77632,0.0160522460938
77633,0.0266876220703
77634,0.0
77635,0.00697708129883
77636,0.0159454345703
77637,0.0223693847656
77638,0.0
77639,0.00795745849609
77640,0.0161590576172
77641,0.0232238769531
77642,0.0
77643,0.0070915222168
77644,0.0172729492188
77645,0.0238037109375
77646,0.0
77647,0.0058479309082
77648,0.0150909423828
77649,0.0228576660156
77650,0.0
77651,0.00876617431641
77652,0.0144424438477
77653,0.023193359375
77654,0.0
77655,0.00853729248047
77656,0.0132446289062
77657,0.0223693847656
77658,0.0
77659,0.00967407226562
77660,0.0161590576172
77661,0.0213928222656
77662,0.0
77663,0.0107498168945
77664,0.0173034667969
77665,0.0245819091797
77666,0.0
77667,0.00843811035156
77668,0.0146102905273
77669,0.0225219726562
77670,0.0
77671,0.011116027832
77672,0.023681640625
77673,0.0308227539062
77674,0.0
77675,0.00775909423828
77676,0.0154571533203
77677,0.0206298828125
77678,0.0
77679,0.00807952880859
77680,0.0140533447266
77681,0.0216217041016
77682,0.0
77683,0.00751495361328
77684,0.0156555175781
77685,0.0209808349609
77686,0.0
77687,0.00649642944336
77688,0.0160217285156
77689,0.0246887207031
77690,0.0
77691,0.00831604003906
77692,0.0132522583008
77693,0.0191345214844
77694,0.0
77695,0.00677871704102
77696,0.0175170898438
77697,0.0221557617188
77698,0.0
77699,0.00830841064453
77700,0.0160980224609
77701,0.0248718261719
77702,0.0
77703,0.00919342041016
77704,0.0160217285156
77705,0.0236663818359
77706,0.0
77707,0.00519180297852
77708,0.0133819580078
77709,0.0224761962891
77710,0.0
77711,0.00594329833984
77712,0.0149536132812
77713,0.0196228027344
77714,0.0
77715,0.00716018676758
77716,0.0147399902344
77717,0.0197906494141
77718,0.0
77719,0.00553512573242
77720,0.0144577026367
77721,0.0196990966797
77722,0.0
77723,0.00862121582031
77724,0.0143585205078
77725,0.0224456787109
77726,0.0
77727,0.0056037902832
77728,0.0159301757812
77729,0.0202789306641
77730,0.0
77731,0.00706100463867
77732,0.0146331787109
77733,0.0214538574219
77734,0.0
77735,0.00774002075195
77736,0.0168304443359
77737,0.0243530273438
77738,0.0
77739,0.00771331787109
77740,0.0169219970703
77741,0.0240173339844
77742,0.0
77743,0.00728225708008
77744,0.014289855957
77745,0.0228118896484
77746,0.0
77747,0.00683212280273
77748,0.0144653320312
77749,0.0196990966797
77750,0.0
77751,0.00936126708984
77752,0.0162353515625
77753,0.0240783691406
77754,0.0
77755,0.0067024230957
77756,0.0142440795898
77757,0.0212097167969
77758,0.0
77759,0.00595474243164
77760,0.0153884887695
77761,0.0233001708984
77762,0.0
77763,0.00845336914062
77764,0.0151672363281
77765,0.0228118896484
77766,0.0
77767,0.00881195068359
77768,0.0158233642578
77769,0.0233612060547
77770,0.0
77771,0.00936889648438
77772,0.0205383300781
77773,0.0271911621094
77774,0.0
77775,0.00832366943359
77776,0.0164489746094
77777,0.0239715576172
77778,0.0
77779,0.00910186767578
77780,0.0163726806641
77781,0.0233764648438
77782,0.0
77783,0.00783538818359
77784,0.0161590576172
77785,0.0232543945312
77786,0.0
77787,0.0078125
77788,0.0169067382812
77789,0.0238952636719
77790,0.0
77791,0.00843811035156
77792,0.0164489746094
77793,0.0244140625
77794,0.0
77795,0.00745391845703
77796,0.0159606933594
77797,0.0269622802734
77798,0.0
77799,0.00744247436523
77800,0.0137481689453
77801,0.0210113525391
77802,0.0
77803,0.0106735229492
77804,0.0197906494141
77805,0.0295562744141
77806,0.0
77807,0.00569152832031
77808,0.014274597168
77809,0.0246124267578
77810,0.0
77811,0.00611114501953
77812,0.0158233642578
77813,0.0243072509766
77814,0.0
77815,0.00740814208984
77816,0.0160522460938
77817,0.0244903564453
77818,0.0
77819,0.00676345825195
77820,0.0141372680664
77821,0.0188903808594
77822,0.0
77823,0.00811004638672
77824,0.0134506225586
77825,0.0221252441406
77826,0.0
77827,0.00713348388672
77828,0.0145492553711
77829,0.0201721191406
77830,0.0
77831,0.0079345703125
77832,0.0177917480469
77833,0.0240631103516
77834,0.0
77835,0.00527191162109
77836,0.013786315918
77837,0.0220184326172
77838,0.0
77839,0.00810241699219
77840,0.0179138183594
77841,0.0248870849609
77842,0.0
77843,0.00728988647461
77844,0.0155258178711
77845,0.0209045410156
77846,0.0
77847,0.00675964355469
77848,0.0160369873047
77849,0.0243835449219
77850,0.0
77851,0.00836944580078
77852,0.0165100097656
77853,0.0240173339844
77854,0.0
77855,0.008544921875
77856,0.0166320800781
77857,0.0240783691406
77858,0.0
77859,0.0078125
77860,0.0158843994141
77861,0.0229339599609
77862,0.0
77863,0.00873565673828
77864,0.0142059326172
77865,0.0205230712891
77866,0.0
77867,0.00797271728516
77868,0.0135803222656
77869,0.0225372314453
77870,0.0
77871,0.00716781616211
77872,0.0146026611328
77873,0.0204925537109
77874,0.0
77875,0.00769424438477
77876,0.0120086669922
77877,0.0214233398438
77878,0.0
77879,0.00816345214844
77880,0.0162811279297
77881,0.0256500244141
77882,0.0
77883,0.00690460205078
77884,0.0151519775391
77885,0.0213470458984
77886,0.0
77887,0.00852203369141
77888,0.0170135498047
77889,0.0238952636719
77890,0.0
77891,0.0107269287109
77892,0.0187225341797
77893,0.0241088867188
77894,0.0
77895,0.00944519042969
77896,0.0185394287109
77897,0.0226745605469
77898,0.0
77899,0.00846862792969
77900,0.0180969238281
77901,0.0249633789062
77902,0.0
77903,0.00667953491211
77904,0.0138473510742
77905,0.0226745605469
77906,0.0
77907,0.00646209716797
77908,0.0156860351562
77909,0.0217590332031
77910,0.0
77911,0.00615692138672
77912,0.0123825073242
77913,0.0174560546875
77914,0.0
77915,0.0053825378418
77916,0.0131759643555
77917,0.0218200683594
77918,0.0
77919,0.00724029541016
77920,0.0171508789062
77921,0.0217742919922
77922,0.0
77923,0.00839996337891
77924,0.0155181884766
77925,0.0205993652344
77926,0.0
77927,0.00702285766602
77928,0.0135650634766
77929,0.0192260742188
77930,0.0
77931,0.00855255126953
77932,0.0164642333984
77933,0.0203552246094
77934,0.0
77935,0.00692749023438
77936,0.0124435424805
77937,0.0204772949219
77938,0.0
77939,0.00968933105469
77940,0.0189056396484
77941,0.024658203125
77942,0.0
77943,0.00656127929688
77944,0.0120620727539
77945,0.0208435058594
77946,0.0
77947,0.00785827636719
77948,0.0162506103516
77949,0.0235443115234
77950,0.0
77951,0.00824737548828
77952,0.0159606933594
77953,0.025634765625
77954,0.0
77955,0.00655746459961
77956,0.014404296875
77957,0.0210266113281
77958,0.0
77959,0.00690841674805
77960,0.0147705078125
77961,0.0210113525391
77962,0.0
77963,0.00862121582031
77964,0.0144348144531
77965,0.0224456787109
77966,0.0
77967,0.00906372070312
77968,0.0159912109375
77969,0.0233306884766
77970,0.0
77971,0.00764846801758
77972,0.0160217285156
77973,0.0248718261719
77974,0.0
77975,0.00791931152344
77976,0.0176239013672
77977,0.0245666503906
77978,0.0
77979,0.00812530517578
77980,0.0163269042969
77981,0.0231018066406
77982,0.0
77983,0.00770950317383
77984,0.015869140625
77985,0.0249176025391
77986,0.0
77987,0.00807952880859
77988,0.0137176513672
77989,0.0205535888672
77990,0.0
77991,0.0052604675293
77992,0.0141830444336
77993,0.0194244384766
77994,0.0
77995,0.00679397583008
77996,0.0144577026367
77997,0.0226135253906
77998,0.0
77999,0.00626754760742
78000,0.0124816894531
78001,0.0196075439453
78002,0.0
78003,0.00629425048828
78004,0.0136032104492
78005,0.0224151611328
78006,0.0
78007,0.00698852539062
78008,0.0176391601562
78009,0.0255432128906
78010,0.0
78011,0.00746917724609
78012,0.0162048339844
78013,0.0224151611328
78014,0.0
78015,0.00630187988281
78016,0.0158233642578
78017,0.0214691162109
78018,0.0
78019,0.00925445556641
78020,0.0164031982422
78021,0.0287017822266
78022,0.0
78023,0.0072021484375
78024,0.0144195556641
78025,0.0173034667969
78026,0.0
78027,0.00652694702148
78028,0.0148391723633
78029,0.0239868164062
78030,0.0
78031,0.00730514526367
78032,0.0174865722656
78033,0.0262451171875
78034,0.0
78035,0.00788879394531
78036,0.0174713134766
78037,0.0266723632812
78038,0.0
78039,0.00714874267578
78040,0.0143890380859
78041,0.0212097167969
78042,0.0
78043,0.00655746459961
78044,0.0128860473633
78045,0.0214538574219
78046,0.0
78047,0.00567245483398
78048,0.0142059326172
78049,0.0226287841797
78050,0.0
78051,0.00754165649414
78052,0.0159759521484
78053,0.0252532958984
78054,0.0
78055,0.00873565673828
78056,0.0152359008789
78057,0.0237884521484
78058,0.0
78059,0.00910949707031
78060,0.0174713134766
78061,0.0264129638672
78062,0.0
78063,0.00867462158203
78064,0.0167541503906
78065,0.0246429443359
78066,0.0
78067,0.00664138793945
78068,0.0166931152344
78069,0.024169921875
78070,0.0
78071,0.0057487487793
78072,0.0163116455078
78073,0.0224151611328
78074,0.0
78075,0.00941467285156
78076,0.017578125
78077,0.0244750976562
78078,0.0
78079,0.00670623779297
78080,0.0165863037109
78081,0.02294921875
78082,0.0
78083,0.009033203125
78084,0.0186004638672
78085,0.0231323242188
78086,0.0
78087,0.00814819335938
78088,0.0191650390625
78089,0.0248260498047
78090,0.0
78091,0.00702285766602
78092,0.0141906738281
78093,0.0217895507812
78094,0.0
78095,0.00836944580078
78096,0.0146484375
78097,0.0211486816406
78098,0.0
78099,0.00873565673828
78100,0.0162811279297
78101,0.025146484375
78102,0.0
78103,0.00846862792969
78104,0.0176239013672
78105,0.0252990722656
78106,0.0
78107,0.00918579101562
78108,0.0175628662109
78109,0.0246124267578
78110,0.0
78111,0.00798797607422
78112,0.01806640625
78113,0.0230102539062
78114,0.0
78115,0.00748062133789
78116,0.0158233642578
78117,0.0218963623047
78118,0.0
78119,0.00904846191406
78120,0.0189666748047
78121,0.0272674560547
78122,0.0
78123,0.00867462158203
78124,0.0164489746094
78125,0.0258483886719
78126,0.0
78127,0.00693130493164
78128,0.0143051147461
78129,0.0186767578125
78130,0.0
78131,0.00875091552734
78132,0.0196533203125
78133,0.0286865234375
78134,0.0
78135,0.00661849975586
78136,0.0162048339844
78137,0.0222320556641
78138,0.0
78139,0.00745391845703
78140,0.0161743164062
78141,0.0242462158203
78142,0.0
78143,0.00591659545898
78144,0.0145568847656
78145,0.0254821777344
78146,0.0
78147,0.00791168212891
78148,0.0141448974609
78149,0.0227508544922
78150,0.0
78151,0.00757217407227
78152,0.0188293457031
78153,0.0252990722656
78154,0.0
78155,0.00816345214844
78156,0.0187530517578
78157,0.0232696533203
78158,0.0
78159,0.00682067871094
78160,0.0139541625977
78161,0.0225067138672
78162,0.0
78163,0.00894165039062
78164,0.0165557861328
78165,0.0258941650391
78166,0.0
78167,0.00758361816406
78168,0.0145874023438
78169,0.0234222412109
78170,0.0
78171,0.00876617431641
78172,0.0186767578125
78173,0.0264129638672
78174,0.0
78175,0.00796508789062
78176,0.0217742919922
78177,0.0286254882812
78178,0.0
78179,0.00846862792969
78180,0.0186004638672
78181,0.0273895263672
78182,0.0
78183,0.00564575195312
78184,0.0131378173828
78185,0.0231018066406
78186,0.0
78187,0.00663757324219
78188,0.014533996582
78189,0.0217132568359
78190,0.0
78191,0.00768280029297
78192,0.0163116455078
78193,0.0237426757812
78194,0.0
78195,0.00885772705078
78196,0.0154037475586
78197,0.0226898193359
78198,0.0
78199,0.00828552246094
78200,0.0138854980469
78201,0.024169921875
78202,0.0
