4,5.16191291809
5,5.05329465866
6,4.94374847412
7,5.1917848587
8,5.14099121094
9,4.91165733337
10,4.89357757568
11,4.9406414032
12,5.23351049423
13,4.78785514832
14,5.08609294891
15,5.16848134995
16,4.94389057159
17,5.15672588348
18,4.84132385254
19,4.91380023956
20,4.90044355392
21,5.05031013489
22,4.96645450592
23,4.93099164963
24,5.2216796875
25,4.84805679321
26,5.05266189575
27,4.79385614395
28,4.86146640778
29,5.01634168625
30,4.85708618164
31,4.95576047897
32,5.00266361237
33,5.03104066849
34,4.97280311584
35,4.69878959656
36,5.04757118225
37,4.93357229233
38,4.77647066116
39,4.95014572144
40,4.90075683594
41,4.83061027527
42,4.94695281982
43,4.89696931839
44,5.04939222336
45,4.87276172638
46,4.89001131058
47,4.88861274719
48,4.71805286407
49,5.09154605865
50,4.75479221344
51,4.97533273697
52,4.8829870224
53,4.7767791748
54,4.9651966095
55,4.77347612381
56,4.87763214111
57,4.75458526611
58,5.03520011902
59,5.03287696838
60,4.898645401
61,4.9092206955
62,5.10158348083
63,5.02628993988
64,5.0148601532
65,4.88872241974
66,4.9607219696
67,4.89146614075
68,4.63688611984
69,4.85911560059
70,4.76722097397
71,4.93245601654
72,5.03592205048
73,4.95704460144
74,4.9361743927
75,4.77105522156
76,4.91024017334
77,4.86546373367
78,5.02979469299
79,4.98949861526
80,4.74845695496
81,4.74185609818
82,4.83726978302
83,4.77125835419
84,4.90325546265
85,4.63845682144
86,4.98111820221
87,4.82066345215
88,4.94531822205
89,4.78785610199
90,5.1793718338
91,4.56385564804
92,4.94198417664
93,4.72164440155
94,4.87481689453
95,4.79993438721
96,4.98143100739
97,4.87412691116
98,4.81344127655
99,5.00284862518
100,4.66712427139
101,4.8106470108
102,4.71267127991
103,4.89042472839
104,4.91915416718
105,4.84128093719
106,4.85969352722
107,4.86435413361
108,4.76942682266
109,4.81440019608
110,4.77468585968
111,4.86522769928
112,4.70710659027
113,4.67956733704
114,4.73034858704
115,4.90618467331
116,4.9907207489
117,4.84368085861
118,4.58437156677
119,4.68880653381
120,4.6919336319
121,5.02003479004
122,4.78665924072
123,4.76039409637
124,4.5552983284
125,4.89330530167
126,4.56692790985
127,4.94337129593
128,4.91700935364
129,4.64137411118
130,5.14554977417
131,4.87024307251
132,4.75471687317
133,4.79721164703
134,4.86562824249
135,4.87177991867
136,4.94360303879
137,4.82640123367
138,5.03493690491
139,4.90220737457
140,4.84981822968
141,4.73842430115
142,4.76230430603
143,4.86524248123
144,4.8478064537
145,4.91210317612
146,4.7874584198
147,4.68303585052
148,4.79764175415
149,4.61251354218
150,4.67066431046
151,4.77795505524
152,4.75683689117
153,4.76244544983
154,4.74714756012
155,4.75869655609
156,4.88674449921
157,4.81407928467
158,4.9573097229
159,4.87728309631
160,4.74999666214
161,4.94618701935
162,4.53451442719
163,4.76527547836
164,4.70847702026
165,4.83736991882
166,4.77739715576
167,4.96610164642
168,4.92617797852
169,4.67728042603
170,4.89120006561
171,4.7021946907
172,4.60777378082
173,4.71178770065
174,4.65142059326
175,4.79358482361
176,4.53332185745
177,4.69293498993
178,4.64389419556
179,5.03922557831
180,4.99992084503
181,4.89529895782
182,5.04953050613
183,4.68950462341
184,4.59244060516
185,4.72373819351
186,4.51076126099
187,4.48870420456
188,4.72948360443
189,4.67181110382
190,4.68932628632
191,4.80920982361
192,4.62107658386
193,4.82454776764
194,4.74947547913
195,4.75285291672
196,4.60622167587
197,4.48115921021
198,5.16819286346
199,4.66745567322
200,4.71281385422
201,4.5898475647
202,4.75097560883
203,4.61040592194
204,4.55315113068
205,4.80396795273
206,4.77215528488
207,4.92500162125
208,4.73031616211
209,4.9483499527
210,4.74182510376
211,4.69111728668
212,4.57881546021
213,4.74341964722
214,4.92374181747
215,4.87281274796
216,4.61084365845
217,4.59156274796
218,4.61952829361
219,4.80138397217
220,4.66881036758
221,4.84591960907
222,4.7053399086
223,4.65396022797
224,4.54622840881
225,4.64213085175
226,4.82191848755
227,4.87424659729
228,4.79004573822
229,4.59372806549
230,4.53242492676
231,4.85982513428
232,4.67987632751
233,4.84377670288
234,4.73643398285
235,4.88215208054
236,4.6242184639
237,4.97884607315
238,4.8859872818
239,4.83840847015
240,4.57049751282
241,4.85671854019
242,4.63183689117
243,4.70970439911
244,4.4525718689
245,4.61471271515
246,4.75627994537
247,4.53039169312
248,4.70228862762
249,4.92821741104
250,4.67086601257
251,4.63287305832
252,4.63218784332
253,4.64620733261
254,4.81258821487
255,4.72794675827
256,4.59613990784
257,4.69200944901
258,4.67400693893
259,4.72829818726
260,4.47504854202
261,4.8033952713
262,4.78930425644
263,4.65738487244
264,4.68592023849
265,4.64645910263
266,4.70688152313
267,4.90143060684
268,4.57348155975
269,4.79812049866
270,4.4697303772
271,4.36917686462
272,4.7309885025
273,4.36291503906
274,4.62671899796
275,4.3569278717
276,4.74927473068
277,4.84847640991
278,4.6038851738
279,4.77485466003
280,4.68377780914
281,4.62142562866
282,4.87348985672
283,4.73872089386
284,4.49530220032
285,4.45120477676
286,4.56154632568
287,4.6005396843
288,4.77963447571
289,4.6200876236
290,4.83770179749
291,4.7112569809
292,4.59816265106
293,4.48167514801
294,4.50633716583
295,4.61019515991
296,4.56552505493
297,4.70134496689
298,4.62892866135
299,4.66807126999
300,4.73312282562
301,4.61019277573
302,4.69742631912
303,4.58188724518
304,4.62689304352
305,4.72185993195
306,4.89496660233
307,4.72572994232
308,4.5669260025
309,4.78241062164
310,4.57799720764
311,4.70079469681
312,4.69192123413
313,4.78254747391
314,4.6239118576
315,4.85695648193
316,4.79514122009
317,4.50985527039
318,4.53800868988
319,4.63232707977
320,4.68518733978
321,4.7864317894
322,4.40613079071
323,4.47815799713
324,4.82588481903
325,4.5116276741
326,4.54457426071
327,4.51931715012
328,4.55625867844
329,4.68991565704
330,4.36450719833
331,4.70094490051
332,4.70023727417
333,4.57350063324
334,4.86583518982
335,4.4732465744
336,4.63940477371
337,4.80582618713
338,4.54981374741
339,4.70740699768
340,4.78830528259
341,4.61990308762
342,4.56428623199
343,4.57735013962
344,4.55327320099
345,4.5096950531
346,4.61546707153
347,4.7546172142
348,4.56437540054
349,4.54642009735
350,4.77412319183
351,4.68363666534
352,4.61824131012
353,4.63362407684
354,4.76529884338
355,4.70016860962
356,4.73685646057
357,4.55593299866
358,4.6207075119
359,4.72658634186
360,4.48883676529
361,4.46897554398
362,4.68351745605
363,4.68267250061
364,4.45289754868
365,4.62617444992
366,4.91556549072
367,4.59853315353
368,4.71484375
369,4.73152446747
370,4.64570665359
371,4.38226079941
372,4.54100227356
373,4.64992284775
374,4.489985466
375,4.62039089203
376,4.83124876022
377,4.46799182892
378,4.62388277054
379,4.70534133911
380,4.55014324188
381,4.55418300629
382,4.50904464722
383,4.5610537529
384,4.34892177582
385,4.51565933228
386,4.57944250107
387,4.47239017487
388,4.63744926453
389,4.67370510101
390,4.59005641937
391,4.51338148117
392,4.57495117188
393,4.54343128204
394,4.61987876892
395,4.57162284851
396,4.68140983582
397,4.61587142944
398,4.58060979843
399,4.862657547
400,4.83729839325
401,4.41809034348
402,4.57846260071
403,4.6735086441
404,4.54660511017
405,4.83549404144
406,4.50333595276
407,4.54250335693
408,4.8700094223
409,4.72400045395
410,4.58655881882
411,4.57797908783
412,4.55327033997
413,4.50341320038
414,4.57134819031
415,4.79682922363
416,4.77926635742
417,4.46074104309
418,4.58691692352
419,4.50934123993
420,4.61689424515
421,4.61214637756
422,4.46817779541
423,4.41907262802
424,4.39122581482
425,4.56715774536
426,4.65638160706
427,4.51634073257
428,4.43409824371
429,4.39844942093
430,4.69681215286
431,4.76523780823
432,4.40275526047
433,4.60019207001
434,4.67497634888
435,4.43211174011
436,4.61586093903
437,4.74834346771
438,4.43770313263
439,4.39055204391
440,4.46604633331
441,4.76293182373
442,4.61213684082
443,4.60885906219
444,4.59072399139
445,4.36891365051
446,4.52714061737
447,4.30691051483
448,4.51000499725
449,4.61181926727
450,4.54294681549
451,4.4451417923
452,4.50994539261
453,4.82909584045
454,4.36189746857
455,4.53375148773
456,4.442507267
457,4.507791996
458,4.35328292847
459,4.52018690109
460,4.44738388062
461,4.70764493942
462,4.6336774826
463,4.5642824173
464,4.42910575867
465,4.50133657455
466,4.6634311676
467,4.49868202209
468,4.57653617859
469,4.52609157562
470,4.37543296814
471,4.35663127899
472,4.52674293518
473,4.46544361115
474,4.38790512085
475,4.70922803879
476,4.47883605957
477,4.43177556992
478,4.51993227005
479,4.66790676117
480,4.43284988403
481,4.7392783165
482,4.41024112701
483,4.60562992096
484,4.51609754562
485,4.689702034
486,4.35251522064
487,4.60096645355
488,4.50860786438
489,4.40098381042
490,4.52073955536
491,4.38708257675
492,4.41879081726
493,4.52496004105
494,4.45526742935
495,4.23438739777
496,4.70787858963
497,4.37873601913
498,4.75526189804
499,4.50299072266
500,4.59511947632
501,4.52734470367
502,4.40761947632
503,4.453083992
504,4.52184867859
505,4.37477111816
506,4.52920055389
507,4.65493679047
508,4.4236998558
509,4.28044033051
510,4.4711265564
511,4.38016366959
512,4.47693252563
513,4.65088558197
514,4.45072650909
515,4.32580566406
516,4.62927055359
517,4.31783771515
518,4.46517324448
519,4.44665145874
520,4.43954610825
521,4.49383306503
522,4.43811655045
523,4.43517780304
524,4.52852582932
525,4.38232946396
526,4.38388824463
527,4.73970603943
528,4.34192466736
529,4.62665605545
530,4.25958061218
531,4.48467254639
532,4.40513038635
533,4.47851324081
534,4.55596971512
535,4.44117832184
536,4.44469547272
537,4.33105373383
538,4.46681404114
539,4.53113269806
540,4.37528610229
541,4.52019071579
542,4.81362628937
543,4.34930896759
544,4.55289840698
545,4.44569206238
546,4.40016078949
547,4.44641399384
548,4.36430883408
549,4.46236801147
550,4.48860836029
551,4.38831138611
552,4.67685556412
553,4.32595968246
554,4.64643669128
555,4.36840772629
556,4.50185585022
557,4.25987052917
558,4.70616531372
559,4.40786218643
560,4.31533050537
561,4.44338417053
562,4.53678894043
563,4.48442459106
564,4.52269077301
565,4.50173187256
566,4.56802845001
567,4.17725086212
568,4.81955337524
569,4.55288648605
570,4.65250587463
571,4.29610776901
572,4.37525749207
573,4.73453235626
574,4.66083240509
575,4.65066814423
576,4.6123418808
577,4.57319402695
578,4.40633106232
579,4.44380331039
580,4.50237035751
581,4.49318552017
582,4.38953638077
583,4.61208248138
584,4.33854341507
585,4.37919425964
586,4.56956005096
587,4.36208152771
588,4.45271682739
589,4.3829164505
590,4.44684791565
591,4.47551441193
592,4.50396728516
593,4.23381948471
594,4.57302856445
595,4.43512058258
596,4.5561132431
597,4.45489025116
598,4.44195556641
599,4.40485906601
600,4.52215099335
601,4.44464921951
602,4.47280502319
603,4.40781450272
604,4.3757519722
605,4.55388498306
606,4.48992681503
607,4.42990207672
608,4.632335186
609,4.44630908966
610,4.53408145905
611,4.56039714813
612,4.57396030426
613,4.26693344116
614,4.48420619965
615,4.5017080307
616,4.29707860947
617,4.31793689728
618,4.1867556572
619,4.34847688675
620,4.26292324066
621,4.32561063766
622,4.38599491119
623,4.44305324554
624,4.37253761292
625,4.52395868301
626,4.42062473297
627,4.52518033981
628,4.31707191467
629,4.58748054504
630,4.53385829926
631,4.5234413147
632,4.33344888687
633,4.27807807922
634,4.82033014297
635,4.48200321198
636,4.44866847992
637,4.4035615921
638,4.26082801819
639,4.45389556885
640,4.44196987152
641,4.55133199692
642,4.30581855774
643,4.57160711288
644,4.5584192276
645,4.55320262909
646,4.44002056122
647,4.62165737152
648,4.31824588776
649,4.41200637817
650,4.41386604309
651,4.47767353058
652,4.32755184174
653,4.45802021027
654,4.41805839539
655,4.31698989868
656,4.54053497314
657,4.32656955719
658,4.47038507462
659,4.48865222931
660,4.23974514008
661,4.34191942215
662,4.58764362335
663,4.68644714355
664,4.47290897369
665,4.21698760986
666,4.30757331848
667,4.41765642166
668,4.41602754593
669,4.35057449341
670,4.36253118515
671,4.4138879776
672,4.48910427094
673,4.5570230484
674,4.4338092804
675,4.36609125137
676,4.40704154968
677,4.28016138077
678,4.38894176483
679,4.30763912201
680,4.39338064194
681,4.26497030258
682,4.37420654297
683,4.34282922745
684,4.659532547
685,4.27253055573
686,4.40246200562
687,4.33677434921
688,4.50757408142
689,4.36226654053
690,4.71135187149
691,4.44879150391
692,4.55666875839
693,4.51251840591
694,4.51999187469
695,4.32509040833
696,4.51531124115
697,4.40621185303
698,4.43445491791
699,4.47257041931
700,4.59038448334
701,4.50496149063
702,4.37288045883
703,4.45965385437
704,4.40052032471
705,4.43685722351
706,4.33877658844
707,4.23010587692
708,4.39181375504
709,4.42716312408
710,4.33807563782
711,4.35811042786
712,4.239402771
713,4.33085536957
714,4.19399166107
715,4.36650848389
716,4.24166154861
717,4.24892377853
718,4.27627086639
719,4.4375371933
720,4.20658588409
721,4.51522636414
722,4.41476297379
723,4.37635135651
724,4.29585075378
725,4.39219093323
726,4.5433511734
727,4.10185194016
728,4.5671377182
729,4.54567193985
730,4.38886451721
731,4.50041866302
732,4.64400577545
733,4.29140615463
734,4.17915439606
735,4.36809873581
736,4.4862446785
737,4.36978912354
738,4.35535144806
739,4.52164697647
740,4.38628911972
741,4.4108133316
742,4.38772583008
743,4.69554424286
744,4.38847827911
745,4.41120433807
746,4.60370922089
747,4.39336013794
748,4.48915672302
749,4.49885177612
750,4.6885509491
751,4.29904556274
752,4.40965890884
753,4.57733154297
754,4.48495769501
755,4.41008758545
756,4.28975057602
757,4.37139844894
758,4.4420003891
759,4.56537103653
760,4.42036437988
761,4.3329668045
762,4.45797872543
763,4.23921489716
764,4.53289604187
765,4.4994225502
766,4.37060213089
767,4.46097612381
768,4.59411001205
769,4.54846000671
770,4.17672252655
771,4.46338224411
772,4.48118638992
773,4.41351652145
774,4.24573802948
775,4.58378124237
776,4.48393535614
777,4.16316747665
778,4.40304088593
779,4.34556484222
780,4.24833202362
781,4.16095733643
782,4.5900182724
783,4.36301898956
784,4.41152667999
786,4.3220448494
787,4.29286956787
788,4.18259429932
789,4.47889232635
790,4.31609249115
791,4.18761920929
792,4.5348110199
793,4.45815229416
794,4.33893203735
795,4.24428701401
796,4.23017311096
797,4.57050704956
798,4.50517272949
799,4.45367097855
800,4.4245891571
801,4.54497623444
802,4.3929438591
803,4.22291564941
804,4.31399250031
805,4.40690231323
806,4.49837017059
807,4.23857402802
808,4.2164516449
809,4.29301691055
810,4.49166822433
811,4.36043548584
812,4.31404924393
813,4.38553237915
814,4.34056282043
815,4.58996200562
816,4.21408414841
817,4.18945074081
818,4.39234781265
819,4.47304677963
820,4.38271999359
821,4.33510971069
822,4.40310001373
823,4.53145599365
824,4.38883781433
825,4.38615846634
826,4.41148233414
827,4.36625528336
828,4.50908374786
829,4.28501176834
830,4.17873573303
831,4.32390594482
832,4.26579141617
833,4.39523172379
834,4.58347797394
835,4.35028457642
836,4.64038944244
837,4.48789787292
838,4.50681781769
839,4.45597982407
840,4.59468078613
841,4.55850458145
842,4.42092895508
843,4.33864688873
844,4.24390363693
845,4.34266519547
846,4.34932136536
847,4.443795681
848,4.51494264603
849,4.43581342697
850,4.24959850311
851,4.15241336823
852,4.2682261467
853,4.38457918167
854,4.1685128212
855,4.36221981049
856,4.31210660934
857,4.3605389595
858,4.23736810684
859,4.31546783447
860,4.30043888092
861,4.47888708115
862,4.12458610535
863,4.37318229675
864,4.33754634857
865,4.51245880127
866,4.37179040909
867,4.38212776184
868,4.51969861984
869,4.60541820526
870,4.28572368622
871,4.37829303741
872,4.50068330765
873,4.3791179657
874,4.34318304062
875,4.31635284424
876,4.26445198059
877,4.46064662933
878,4.32401275635
879,4.44644737244
880,4.5696516037
881,4.55513858795
882,4.29295444489
883,4.29800510406
884,4.24218320847
885,4.3633813858
886,4.24889087677
887,4.44016361237
888,4.54243564606
889,4.37182331085
890,4.39843320847
891,4.34990406036
892,4.25635910034
893,4.42142629623
894,4.32910108566
895,4.3761844635
896,4.43755149841
897,4.25894927979
898,4.55433082581
899,4.36006832123
900,4.29410839081
901,4.47934532166
902,4.31960678101
903,4.34934139252
904,4.47991514206
905,4.37011432648
906,4.14978313446
907,4.32699489594
908,4.25989341736
909,4.41516399384
910,4.18074417114
911,4.41018009186
912,4.19540262222
913,4.25657653809
914,4.20275402069
915,4.42496442795
916,4.19250822067
917,4.37222480774
918,4.35007095337
919,4.29769229889
920,4.47468185425
921,4.16497802734
922,4.18533611298
923,4.31479740143
924,4.25413513184
925,4.19923496246
926,4.37491559982
927,4.18324565887
928,4.32810401917
929,4.49656820297
930,4.45656108856
931,4.42805051804
932,4.31968641281
933,4.24812459946
934,4.30769634247
935,4.19023609161
936,4.41954994202
937,4.73407173157
938,4.16868162155
939,4.46647167206
940,4.17552185059
941,4.30978965759
942,4.39203739166
943,4.25317525864
944,4.32920837402
945,4.28768110275
946,4.17557811737
947,4.34022951126
948,4.34112930298
949,4.44761371613
950,4.3627538681
951,4.32987260818
952,4.34760046005
953,4.2282037735
954,4.31370306015
955,4.48230791092
956,4.36334037781
957,4.4398727417
958,4.31704425812
959,4.54947757721
960,4.37585496902
961,4.2811665535
962,4.33772182465
963,4.41848325729
964,4.51941204071
965,4.42146348953
966,4.69435501099
967,4.48583650589
968,4.38048410416
969,4.40118122101
970,4.49248170853
971,4.33784103394
972,4.50851154327
973,4.16882610321
974,4.2934627533
975,4.29002761841
976,4.54627132416
977,4.25792884827
978,4.56845092773
979,4.43969583511
980,4.33486890793
981,4.18551874161
982,4.23698711395
983,4.42860269547
984,4.23896694183
985,4.29943561554
986,4.3382897377
987,4.52885341644
988,4.12112236023
989,4.26521492004
990,4.29458808899
991,4.29766368866
992,4.242872715
993,4.30261564255
994,4.47545719147
995,4.30051231384
996,4.1631064415
997,4.30189371109
998,4.42187023163
999,4.36552095413
1000,4.27467823029
1001,4.359770298
1002,4.3816075325
1003,4.37648105621
1004,4.42208051682
1005,4.16145563126
1006,4.3994808197
1007,4.37905216217
1008,4.33973693848
1009,4.22703361511
1010,4.30434274673
1011,4.2716178894
1012,4.23234367371
1013,4.34023475647
1014,4.13268947601
1015,4.24472093582
1016,4.3501663208
1017,4.28728866577
1018,4.41845941544
1019,4.19788646698
1020,4.35474967957
1021,4.24133300781
1022,4.37057209015
1023,4.16662025452
1024,4.3219575882
1025,4.44293689728
1026,4.31865215302
1027,4.16259384155
1028,4.43341016769
1029,4.1730556488
1030,4.3957285881
1031,4.38689422607
1032,4.22521066666
1033,4.36199474335
1034,4.28768730164
1035,4.21305799484
1036,4.18508243561
1037,4.49202156067
1038,4.53190135956
1039,4.24623441696
1040,4.46252632141
1041,4.32449102402
1042,4.21745014191
1043,4.26772022247
1044,4.47567653656
1045,4.33793067932
1046,4.3097820282
1047,4.21698236465
1048,4.11050605774
1049,4.26629686356
1050,4.28618001938
1051,4.30544281006
1052,4.54930305481
1053,4.19835996628
1054,4.19752120972
1055,4.18444108963
1056,4.13218784332
1057,4.35088062286
1058,4.16177463531
1059,4.24350357056
1060,4.34764528275
1061,4.38880300522
1062,4.26174640656
1063,4.22515964508
1064,4.42352390289
1065,4.28485107422
1066,4.23028659821
1067,4.20482063293
1068,4.45794296265
1069,4.30701351166
1070,4.36462497711
1071,4.29042339325
1072,4.34784793854
1073,4.26678371429
1074,4.37748718262
1075,4.41791915894
1076,4.21392583847
1077,4.15331363678
1078,4.68362569809
1079,4.21530437469
1080,4.35741424561
1081,4.24483394623
1082,4.32792854309
1083,4.31217670441
1084,4.10365629196
1085,4.3480758667
1086,4.30297088623
1087,4.1965918541
1088,4.61004161835
1089,4.21476316452
1090,4.32192516327
1091,4.28136730194
1092,4.30135726929
1093,4.27517986298
1094,4.23055362701
1095,4.3990983963
1096,4.34639644623
1097,4.24456119537
1098,4.32480764389
1099,4.45055627823
1100,4.45547676086
1101,4.29213094711
1102,4.24399614334
1103,4.32048892975
1104,4.29249286652
1105,4.39717197418
1106,4.43796634674
1107,4.29700565338
1108,4.20058012009
1109,4.32148742676
1110,4.39430570602
1111,4.19816112518
1112,4.6244635582
1113,4.12449932098
1114,4.28736257553
1115,4.18801021576
1116,4.42216110229
1117,4.46754264832
1118,4.18943071365
1119,4.27046871185
1120,4.52424764633
1121,4.35990333557
1122,4.32193374634
1123,4.31213474274
1124,4.19946098328
1125,4.2905163765
1126,4.2279586792
1127,4.24333000183
1128,4.22570133209
1129,4.43814611435
1130,4.37146234512
1131,4.20135974884
1132,4.38089561462
1133,4.16545963287
1134,4.57622003555
1135,4.50206565857
1136,4.45843601227
1137,4.18217658997
1138,4.22341251373
1139,4.29264736176
1140,4.19559192657
1141,4.19632911682
1142,4.26091337204
1143,4.2800860405
1144,4.3093585968
1145,4.18805646896
1146,4.21162366867
1147,4.28939723969
1148,4.22737121582
1149,4.23778057098
1150,4.58347129822
1151,4.29319286346
1152,4.38306427002
1153,4.27599477768
1154,4.15610980988
1155,4.35467720032
1156,4.12863254547
1157,4.39677429199
1158,4.2257399559
1159,4.17523670197
1160,4.18098545074
1161,4.29143714905
1162,4.41721916199
1163,4.52919101715
1164,4.6843585968
1165,4.52492713928
1166,4.23940086365
1167,4.277135849
1168,4.36334609985
1169,4.35701847076
1170,4.22300863266
1171,4.25930070877
1172,4.32269954681
1173,4.58042907715
1174,4.41155195236
1175,4.10215473175
1176,4.35320425034
1177,4.67033147812
1178,4.39672899246
1179,4.21220779419
1180,4.36729192734
1181,4.50549268723
1182,4.35385513306
1183,4.37451553345
1184,4.19316911697
1185,4.43309640884
1186,4.20216560364
1187,4.35334587097
1188,4.36119651794
1189,4.26438331604
1190,4.2467083931
1191,4.35738515854
1192,4.18147802353
1193,4.37845230103
1194,4.32360506058
1195,4.37366104126
1196,4.27954959869
1197,4.13857364655
1198,4.22857189178
1199,4.27082252502
1200,4.21735715866
1201,4.33604240417
1202,4.25343227386
1203,4.21594429016
1204,4.39246082306
1205,4.23815631866
1206,4.20659732819
1207,4.45593976974
1208,4.24705934525
1209,4.16945505142
1210,4.21476650238
1211,4.35515022278
1212,4.14439916611
1213,4.48984146118
1214,4.19235658646
1215,4.3547501564
1216,4.29370212555
1217,4.37599849701
1218,4.54200458527
1219,4.35795497894
1220,4.2998752594
1221,4.2708158493
1222,4.23488616943
1223,4.34996414185
1224,4.08442401886
1225,4.39429473877
1226,4.23551559448
1227,4.27596855164
1228,4.23526954651
1229,4.16424274445
1230,4.49310684204
1231,4.36851119995
1232,4.31760597229
1233,4.24283647537
1234,4.19715023041
1235,4.39252233505
1236,4.29903793335
1237,4.26107978821
1238,4.46309280396
1239,4.38823032379
1240,4.18999052048
1241,4.32601070404
1242,4.5028591156
1243,4.34029817581
1244,4.41051769257
1245,4.27513694763
1246,4.2521033287
1247,4.51431083679
1248,4.31912088394
1249,4.54153251648
1250,4.24176311493
1251,4.43545246124
1252,4.38987827301
1253,4.44170284271
1254,4.18586063385
1255,4.2690577507
1256,4.24658298492
1257,4.4407377243
1258,4.32872581482
1259,4.11200904846
1260,4.15970134735
1261,4.26935100555
1262,4.23839092255
1263,4.23270559311
1264,4.5010881424
1265,4.28997612
1266,4.29064178467
1267,4.37970733643
1268,4.15776634216
1269,4.26506519318
1270,4.21298885345
1271,4.21063423157
1272,4.28561592102
1273,4.21152496338
1274,4.25257253647
1275,4.43414497375
1276,4.16307067871
1277,4.42994403839
1278,4.32836723328
1279,4.27250957489
1280,4.18317890167
1281,4.41950941086
1282,4.22888946533
1283,4.27602720261
1284,4.32661533356
1285,4.40484809875
1286,4.30842542648
1287,4.25011920929
1288,4.451816082
1289,4.37365341187
1290,4.45738983154
1291,4.16120290756
1292,4.28355121613
1293,4.39286708832
1294,4.24108600616
1295,4.34251117706
1296,4.27121639252
1297,4.17457675934
1298,4.18180656433
1299,4.38795471191
1300,4.20355224609
1301,4.29533576965
1302,4.20480632782
1303,4.24228477478
1304,4.09032058716
1305,4.19902706146
1306,4.20816802979
1307,4.19783782959
1308,4.10513210297
1309,4.52294635773
1310,4.17481517792
1311,4.31114292145
1312,4.26392269135
1313,4.57182788849
1314,4.17429542542
1315,4.29217243195
1316,4.16876411438
1317,4.25848674774
1318,4.31711483002
1319,4.19162082672
1320,4.5728931427
1321,4.3049082756
1322,4.34087848663
1323,4.39557313919
1324,4.14573478699
1325,4.26561450958
1326,4.21461200714
1327,4.35412597656
1328,4.1094379425
1329,4.45229148865
1330,4.60896444321
1331,4.08640575409
1332,4.1695356369
1333,4.1876578331
1334,4.6289730072
1335,4.17196369171
1336,4.07790517807
1337,4.26355171204
1338,4.45679759979
1339,4.26693439484
1340,4.23473596573
1341,4.37624835968
1342,4.22166061401
1343,4.36558246613
1344,4.20949983597
1345,4.40758895874
1346,4.40579366684
1347,4.22115850449
1348,4.1974105835
1349,4.10434532166
1350,4.3652009964
1351,4.32926559448
1352,4.27629947662
1353,4.30500793457
1354,4.29529380798
1355,4.21457004547
1356,4.39328861237
1357,4.56538391113
1358,4.22267150879
1359,4.21309375763
1360,4.37628650665
1361,4.26329135895
1362,4.20491027832
1363,4.12342977524
1364,4.36822605133
1365,4.3157081604
1366,4.07150268555
1367,4.4310503006
1368,4.1303486824
1369,4.24143695831
1370,4.26068115234
1371,4.50438976288
1372,4.43332052231
1373,4.4718952179
1374,4.24064159393
1375,4.3390622139
1376,4.2512383461
1377,4.3239812851
1378,4.17544698715
1379,4.23829698563
1380,4.38055324554
1381,4.50333690643
1382,4.36996173859
1383,4.36956501007
1384,4.19899559021
1385,4.1691942215
1386,4.48938941956
1387,4.55383110046
1388,4.23320960999
1389,4.37497997284
1390,4.3283457756
1391,4.33578300476
1392,4.29423141479
1393,4.46813201904
1394,4.39643001556
1395,4.28395175934
1396,4.28175067902
1397,4.37016773224
1398,4.4792265892
1399,4.27942943573
1400,4.2290802002
1401,4.32853031158
1402,4.27351570129
1403,4.13210725784
1404,4.30089998245
1405,4.34520530701
1406,4.20481300354
1407,4.39554452896
1408,4.37894535065
1409,4.26132392883
1410,4.33128452301
1411,4.31080055237
1412,4.29879713058
1413,4.39254331589
1414,4.41985416412
1415,4.28159952164
1416,4.28050708771
1417,4.11393499374
1418,4.38025569916
1419,4.39054632187
1420,4.3677520752
1421,4.27220201492
1422,4.27046346664
1423,4.53781318665
1424,4.29422855377
1425,4.39355182648
1426,4.31764411926
1427,4.31425523758
1428,4.50208187103
1429,4.46949672699
1430,4.45453548431
1431,4.20642900467
1432,4.22631835938
1433,4.13836193085
1434,4.1885304451
1435,4.49189662933
1436,4.31218290329
1437,4.32256698608
1438,4.38586425781
1439,4.29103469849
1440,4.29188680649
1441,4.19169425964
1442,4.40894412994
1443,4.36502075195
1444,4.18892288208
1445,4.10797977448
1446,4.35944747925
1447,4.11949968338
1448,4.26708602905
1449,4.33423709869
1450,4.17526435852
1451,4.40314006805
1452,4.2959356308
1453,4.15837287903
1454,4.13690090179
1455,4.20318508148
1456,4.42960739136
1457,4.07923746109
1458,4.27273464203
1459,4.38922643661
1460,4.62319850922
1461,4.45113897324
1462,4.44694423676
1463,4.20035552979
1464,4.05666923523
1465,4.29572963715
1466,4.18785381317
1467,4.29162311554
1468,4.32500839233
1469,4.36553478241
1470,4.14001274109
1471,4.43018341064
1472,4.29264974594
1473,4.35466766357
1474,4.15105628967
1475,4.16553878784
1476,4.2000579834
1477,4.25655031204
1478,4.16223144531
1479,4.2742061615
1480,4.11935043335
1481,4.3332567215
1482,4.34822559357
1483,4.28076601028
1484,4.20828676224
1485,4.14321470261
1486,4.36465740204
1487,4.3075928688
1488,4.13049602509
1489,4.2794675827
1490,4.37296581268
1491,4.4926199913
1492,4.23559474945
1493,4.11336421967
1494,4.3935713768
1495,4.21642589569
1496,4.37744045258
1497,4.4292550087
1498,4.27228736877
1499,4.4016957283
1500,4.13349056244
1501,4.21408748627
1502,4.22979927063
1503,4.23436975479
1504,4.42652845383
1505,4.30453681946
1506,4.097864151
1507,4.12990188599
1508,4.39180517197
1509,4.23962402344
1510,4.3466963768
1511,4.51350975037
1512,4.32403659821
1513,4.22366142273
1514,4.27773714066
1515,4.40369367599
1516,4.35868835449
1517,4.25602626801
1518,4.48384666443
1519,4.27170944214
1520,4.11681461334
1521,4.07242536545
1522,4.57515048981
1523,4.2358455658
1524,4.22127199173
1525,4.22849321365
1526,4.5401134491
1527,4.34983348846
1528,4.24696016312
1529,4.18426513672
1530,4.32843971252
1531,4.27364635468
1532,4.27407360077
1533,4.47395706177
1534,4.26150083542
1535,4.42590332031
1536,4.54991102219
1537,4.20902109146
1538,4.31638622284
1539,4.24125337601
1540,4.54371261597
1541,4.29776000977
1542,4.28825950623
1543,4.30845212936
1544,4.2112030983
1545,4.18662643433
1546,4.19935321808
1547,4.21714305878
1548,4.24650859833
1549,4.24156045914
1550,4.22304773331
1551,4.41766834259
1552,4.11811971664
1553,4.30227231979
1554,4.14773082733
1555,4.01831245422
1556,4.32750749588
1557,4.17377853394
1558,4.40871191025
1559,4.16139984131
1560,4.19614887238
1561,4.22259712219
1562,4.25217008591
1563,4.3716468811
38319,1.38715052605
38320,1.60457408428
38322,1.18990302086
38323,0.958694040775
38324,1.04948711395
38325,1.60767436028
38326,1.28778219223
38327,1.35216116905
38328,0.852280914783
38329,1.00515341759
38330,1.09745907784
38331,1.31961011887
38332,1.02026057243
38333,0.944756388664
38334,1.13426423073
38335,0.803753435612
38336,1.0447716713
38337,1.30950784683
38338,0.906754016876
38339,1.07985138893
38340,0.945722818375
38341,0.999373972416
38342,1.21338284016
38343,1.29688215256
38344,1.3445186615
38345,1.05657827854
38346,1.0550352335
38347,1.17929077148
38348,1.1802687645
38349,1.36384630203
38350,0.989028632641
38351,1.22736763954
38352,1.47404956818
38353,1.23023080826
38354,0.885083913803
38355,1.33635115623
38356,1.25444507599
38357,0.979402899742
38358,1.30905652046
38359,1.53159880638
38360,1.02660787106
38361,1.35964012146
38362,1.17548251152
38363,1.05501568317
38364,1.00439107418
38365,1.77651464939
38366,1.22650849819
38367,1.08038210869
38368,1.31705236435
38369,1.31898593903
38370,1.22306585312
38371,1.29046905041
38372,1.33305716515
38373,1.16172027588
38374,1.81324398518
38375,0.917968034744
38376,1.10578513145
38377,1.00973212719
38378,1.14230597019
38379,1.19943141937
38380,0.850485920906
38381,1.35616850853
38382,1.08265733719
38383,1.03134167194
38384,1.04124903679
38385,1.16130340099
38386,0.992935419083
38387,1.21537089348
38388,1.00166773796
38389,1.21319591999
38390,1.21384572983
38391,1.44583821297
38392,0.968487262726
38393,1.33863043785
38394,1.14542329311
38395,0.96414732933
38396,1.48285698891
38397,0.985668540001
38398,1.16951584816
38399,1.12720489502
38400,1.0697927475
38401,1.29030656815
38402,0.846432924271
38403,0.943369865417
38404,1.33170521259
38405,1.16621279716
38406,1.4135184288
38407,0.797432184219
38408,1.5982722044
38409,1.31771397591
38410,1.11320698261
38411,1.16907608509
38412,1.1404491663
38413,1.01676332951
38414,1.01500141621
38415,0.995437920094
38416,1.13717591763
38417,1.02431333065
38418,1.31118321419
38419,1.17997908592
38420,0.807508111
38421,1.17882323265
38422,0.866448283195
38423,1.26380705833
38424,1.27570319176
38425,1.13960969448
38426,0.653672337532
38427,0.965794444084
38428,1.52176308632
38429,1.36005294323
38430,1.21674418449
38431,1.65828084946
38432,0.999138116837
38433,1.30393624306
38434,1.08244919777
38435,1.01950240135
38436,1.05813622475
38437,1.12690973282
38438,1.22026669979
38439,1.2087161541
38440,1.08450102806
38441,1.27417230606
38442,0.929748237133
38443,1.44508671761
38444,1.17687249184
38445,0.960717916489
38446,1.19750785828
38447,1.29114079475
38448,1.45770215988
38449,1.1572740078
38450,1.3124256134
38451,1.02203178406
38452,1.41618263721
38453,1.11751067638
38454,1.15406358242
38455,1.08602118492
38456,0.983879446983
38457,1.00208556652
38458,1.03606939316
38459,1.06944417953
38460,1.68125796318
38461,1.10947585106
38462,1.19591116905
38463,0.928722977638
38464,0.901483714581
38465,1.07772195339
38466,1.38315844536
38467,1.06706893444
38468,1.04836177826
38469,1.03295564651
38470,1.3170645237
38471,1.18638765812
38472,1.20244431496
38473,1.16938436031
38474,1.06389296055
38475,1.00340104103
38476,0.852638423443
38477,1.29177808762
38478,1.35901451111
38479,0.865161180496
38480,1.32093071938
38481,1.07238841057
38482,1.08008396626
38483,1.23641490936
38484,0.945184707642
38485,1.35651159286
38486,1.20585846901
38487,0.883792161942
38488,1.18943142891
38489,0.976856529713
38490,1.13792562485
38491,1.25305581093
38492,1.1877450943
38493,0.970931231976
38494,0.955101490021
38495,1.277379632
38496,1.16243982315
38497,1.31484127045
38498,0.995307266712
38499,0.826730489731
38500,0.958700180054
38501,1.48654723167
38502,1.06222724915
38503,0.974112391472
38504,1.38368439674
38505,1.06941390038
38506,1.38896214962
38507,1.3608007431
38508,1.46396803856
38509,1.22024226189
38510,1.25422739983
38511,1.07427191734
38512,1.10500884056
38513,1.19030272961
38514,1.07929217815
38515,1.08478295803
38516,1.0098887682
38517,0.92662024498
38518,1.12030863762
38519,1.12217819691
38520,0.95702713728
38521,1.14965867996
38522,1.13503372669
38523,1.13240492344
38524,1.5142993927
38525,0.844049155712
38526,1.17916989326
38527,1.34430539608
38528,1.13779699802
38529,1.16404175758
38530,1.28233242035
38531,1.54638791084
38532,1.0654425621
38533,1.36269164085
38534,1.26170170307
38535,0.870123744011
38536,1.50103807449
38537,1.44290947914
38538,1.37181544304
38539,1.22123384476
38540,0.961823165417
38541,1.34586167336
38542,1.09094250202
38543,1.07698881626
38544,0.956989169121
38545,1.38520824909
38546,1.14072883129
38547,1.27816176414
38548,1.09441018105
38549,1.21583497524
38550,1.1732301712
38551,1.24204862118
38552,1.15926575661
38553,1.37223148346
38554,1.16829848289
38555,1.41178798676
38556,1.46003079414
38557,1.03255701065
38558,1.22020554543
38559,1.22173762321
38560,1.06947362423
38561,0.854565501213
38562,1.00384163857
38563,1.29133105278
38564,1.23174548149
38565,1.29236185551
38566,0.867593944073
38567,1.24650979042
38568,1.24946165085
38569,1.13322973251
38570,1.06071054935
38571,1.06376624107
38572,1.1183848381
38573,0.863033175468
38574,1.26577448845
38575,1.41535925865
38576,0.938093423843
38577,1.15097904205
38578,0.999551296234
38579,1.52488231659
38580,1.38311910629
38581,1.07295942307
38582,0.914348125458
38583,1.36729848385
38584,1.148624897
38585,0.873127400875
38586,1.33853602409
38587,1.32300782204
38588,1.34679341316
38589,0.99357175827
38590,0.827793776989
38591,1.26101303101
38592,1.05228936672
38593,1.03668069839
38594,0.893406867981
38595,0.829319536686
38596,1.00801730156
38597,0.990714371204
38598,1.13518559933
38599,1.02615118027
38600,0.997167408466
38601,1.02686870098
38602,1.2177977562
38603,0.989657700062
38604,1.04095232487
38605,1.19644021988
38606,0.985796749592
38607,1.29359078407
38608,1.25051236153
38609,0.830765485764
38610,1.3599678278
38611,0.957332670689
38612,1.23527240753
38613,1.16412341595
38614,1.5645827055
38615,0.849276781082
38616,0.819200873375
38617,1.27541017532
38618,1.07294249535
38619,1.12689733505
38620,1.47867286205
38621,1.16701960564
38622,1.20397222042
38623,1.28291499615
38624,1.16888689995
38625,1.68083453178
38626,1.1656639576
38627,0.756020784378
38628,1.39542961121
38629,0.931465864182
38630,1.2248108387
38631,0.961667537689
38632,1.15591585636
38633,1.12869715691
38634,1.10043501854
38635,1.63016438484
38636,1.17299151421
38637,1.12486040592
38638,1.05116021633
38639,0.99952596426
38640,1.11069893837
38641,1.75830101967
38642,1.25693523884
38643,1.28597378731
38644,1.24161720276
38645,1.27115058899
38646,1.23802947998
38647,1.00679600239
38648,1.43025100231
38649,1.28341162205
38650,1.40526413918
38651,0.931276857853
38652,1.03236532211
38653,1.53180146217
38654,1.12133383751
38655,1.16037297249
38656,1.31694364548
38657,1.16618204117
38658,1.56321549416
38659,1.58375191689
38660,1.38994538784
38661,1.44734108448
38662,1.21841585636
38663,1.19548761845
38664,0.937251031399
38665,0.910521745682
38666,1.27840471268
38667,0.988572120667
38668,1.47590994835
38669,1.12723207474
38670,1.25275087357
38671,1.26131725311
38672,1.32023119926
38673,1.00784564018
38674,1.35180163383
38675,1.0333224535
38676,0.964867293835
38677,1.25887358189
38678,1.29964125156
38679,0.798564374447
38680,0.935774445534
38681,1.03176486492
38682,1.03450882435
38683,1.19222617149
38684,0.989619851112
38685,1.50162649155
38686,1.49560070038
38687,0.789208769798
38688,0.868786334991
38689,1.33393847942
38690,1.12072014809
38691,1.10416245461
38692,1.0121717453
38693,0.906000196934
38694,0.978076934814
38695,1.06958603859
38696,0.862898945808
38697,1.27722537518
38698,1.02034008503
38699,1.00422346592
38700,1.13308918476
38701,1.0082013607
38702,1.31467461586
38703,1.62946844101
38704,1.34027504921
38705,1.23913478851
38706,1.26348233223
38707,1.08713889122
38708,1.33159971237
38709,1.19624567032
38710,1.45982122421
38711,1.44206309319
38712,1.34203362465
38713,1.1308003664
38714,1.01155138016
38715,1.06620514393
38716,1.03757297993
38717,1.18928813934
38718,1.09244227409
38719,1.09770464897
38720,1.1902654171
38721,1.23932909966
38722,1.09448814392
38723,1.08005809784
38724,1.43304562569
38725,1.19390022755
38726,1.13647794724
38727,1.04547071457
38728,1.24014043808
38729,1.09565448761
38730,1.07586920261
38731,0.985882282257
38732,1.04982888699
38733,1.42597866058
38734,0.872069358826
38735,0.971851587296
38736,1.36685419083
38737,1.08619070053
38738,1.22374022007
38739,1.48124182224
38740,1.12015914917
38741,0.978303313255
38742,0.88237798214
38743,0.836233317852
38744,1.12934851646
38745,1.50493299961
38746,1.51433396339
38747,1.02407884598
38748,1.54409861565
38749,1.16888344288
38750,1.01228606701
38751,1.39835858345
38752,1.28029584885
38753,0.90322715044
38754,0.836463928223
38755,1.78833317757
38756,1.22468042374
38757,1.11268997192
38758,1.17604374886
38759,1.06522643566
38760,0.95139926672
38761,0.949918210506
38762,0.963413476944
38763,0.812039494514
38764,1.28071367741
38765,1.06797242165
38766,1.09920346737
38767,1.46249079704
38768,1.10985589027
38769,1.14460170269
38770,0.902210831642
38771,1.35503935814
38772,1.24948191643
38773,1.2063587904
38774,0.821266114712
38775,1.09186971188
38776,1.09084296227
38777,0.913962602615
38778,1.31817662716
38779,1.20184350014
38780,1.62390875816
38781,1.13915908337
38782,1.06299316883
38783,1.07498145103
38784,1.54375505447
38785,1.47090816498
38786,1.52352893353
38787,1.26043844223
38788,1.16824889183
38789,0.919499397278
38790,1.29260516167
38791,1.19400537014
38792,1.18472063541
38793,1.56158709526
38794,1.41875910759
38795,1.13505876064
38796,1.00424075127
38797,1.07207036018
38798,1.15814638138
38799,1.17472755909
38800,1.34812319279
38801,1.23346340656
38802,1.25549459457
38803,0.794885635376
38804,1.16950392723
38805,0.929619431496
38806,1.23557305336
38807,1.2034958601
38808,0.998342692852
38809,1.18627595901
38810,1.2441675663
38811,1.08325052261
38812,0.966992139816
38813,1.3689763546
38814,1.04421663284
38815,1.25906825066
38816,1.31904518604
38817,1.07266116142
38818,1.22839641571
38819,1.21302616596
38820,1.12850391865
38821,1.09515488148
38822,1.11078548431
38823,1.74078929424
38824,1.23284852505
38825,1.29895269871
38826,0.987603366375
38827,1.35933434963
38828,1.36233687401
38829,1.51447343826
38830,0.924506008625
38831,1.27396464348
38832,1.31310546398
38833,1.19986021519
38834,1.44258463383
38835,1.0050971508
38836,1.23450255394
38837,1.24936103821
38838,1.21856248379
38839,1.18689250946
38840,0.919188380241
38841,1.24489712715
38842,1.05065822601
38843,1.38638937473
38844,0.946680724621
38845,1.19244265556
38846,1.08614516258
38847,1.47377324104
38848,1.3594045639
38849,1.20924782753
38850,1.05009841919
38851,1.43894219398
38852,1.14413905144
38853,1.15960001945
38854,1.06525552273
38855,1.35610187054
38856,0.851178109646
38857,1.36900043488
38858,1.07858896255
38859,1.22864151001
38860,0.841381072998
38861,1.05766129494
38862,1.08290290833
38863,0.964290857315
38864,0.84407889843
38865,1.16077387333
38866,1.35759663582
38867,1.63343143463
38868,1.31294775009
38869,1.0302977562
38870,1.06506705284
38871,1.28003978729
38872,1.40791940689
38873,1.4523127079
38874,1.44719624519
38875,0.951528668404
38876,1.16228699684
38877,1.28209972382
38878,1.13678359985
38879,1.089635849
38880,1.50266575813
38881,1.10511255264
38882,1.36910545826
38883,1.07967340946
38884,1.76197910309
38885,1.30076432228
38886,1.01978671551
38887,1.19742500782
38888,0.966828882694
38889,1.51602232456
38890,1.0038267374
38891,0.935564160347
38892,1.12002062798
38893,1.27088975906
38894,1.19475579262
38895,1.03341531754
38896,1.12486171722
38897,1.42741680145
38898,1.20098257065
38899,1.76379132271
38900,1.19856715202
38901,1.05046606064
38902,1.19396877289
38903,0.944755077362
38904,1.32222819328
38905,1.16757249832
38906,1.22616028786
38907,1.18961405754
38908,0.807299792767
38909,1.10307693481
38910,1.40810370445
38911,1.12654387951
38912,1.04321587086
38913,1.21832287312
38914,0.760148406029
38915,1.22859108448
38916,1.33858644962
38917,1.06512355804
38918,1.11947619915
38919,0.911864280701
38920,1.14403820038
38921,1.35954487324
38922,0.956318020821
38923,1.01423454285
38924,1.05271136761
38925,1.01312720776
38926,1.2106064558
38927,1.01854348183
38928,1.5274116993
38929,1.16765356064
38930,1.32176756859
38931,1.06077611446
38932,1.06475687027
38933,0.964753210545
38934,1.24171340466
38935,1.15827667713
38936,1.18119215965
38937,1.03961575031
38938,1.25878953934
38939,1.33101129532
38940,1.30678415298
38941,1.34742712975
38942,1.34716868401
38943,1.05614793301
38944,1.39576721191
38945,1.11792755127
38946,1.1548140049
38947,0.863809049129
38948,1.0599642992
38949,1.13358950615
38950,1.13050127029
38951,1.49655997753
38952,1.02181911469
38953,1.05322241783
38954,1.18265390396
38955,0.950981140137
38956,0.874555230141
38957,1.27030134201
38958,1.10130095482
38959,1.35485351086
38960,0.925593137741
38961,0.997043013573
38962,1.21582531929
38963,0.759052693844
38964,1.19551253319
38965,1.19457232952
38966,1.30011296272
38967,1.03201973438
38968,1.12295210361
38969,0.863506376743
38970,1.17766547203
38971,1.05671691895
38972,1.01156234741
38973,1.02340590954
38974,1.16895592213
38975,1.07552874088
38976,0.971478462219
38977,1.39546954632
38978,1.20914852619
38979,0.952275633812
38980,1.24762892723
38981,1.0896897316
38982,1.12915849686
38983,1.17792105675
38984,1.13568806648
38985,1.22868573666
38986,0.966818749905
38987,0.808916270733
38988,1.34304022789
38989,1.43985760212
38990,0.954857945442
38991,0.953960061073
38992,1.45665824413
38993,1.05810749531
38994,1.0030310154
38995,0.775809168816
38996,1.1497708559
38997,1.31350982189
38998,1.01986861229
38999,1.23428690434
39000,1.20256257057
39001,1.25051784515
39002,0.847477138042
39003,1.20762860775
39004,1.42898476124
39005,1.30755329132
39006,0.897903680801
39007,1.25105571747
39008,0.971518814564
39009,1.24070894718
39010,0.840383410454
39011,1.15962219238
39012,1.41266655922
39013,1.24351835251
39014,1.08441472054
39015,0.864679634571
39016,1.08242869377
39017,0.951721966267
39018,1.37702488899
39019,1.22711253166
39020,0.8785379529
39021,1.43253183365
39022,1.3054817915
39023,1.02896356583
39024,1.36455774307
39025,1.4157333374
39026,1.1402990818
39027,0.904239296913
39028,0.827454805374
39029,1.2312245369
39030,1.07461929321
39031,1.36917698383
39032,1.22481393814
39033,1.25125670433
39034,1.03229856491
39035,1.0552687645
39036,1.59619557858
39037,1.41442942619
39038,1.04073107243
39039,1.22338199615
39040,1.16165995598
39041,1.02408921719
39042,1.37687909603
39043,1.14308977127
39044,1.4382673502
39045,1.12579333782
39046,0.903801620007
39047,1.40947008133
39048,1.0968619585
39049,1.39315009117
39050,1.12883496284
39051,1.41045308113
39052,0.893851280212
39053,1.236120224
39054,1.10542869568
39055,0.897966861725
39056,1.21900594234
39057,0.742636561394
39058,1.25232207775
39059,1.1039711237
39060,1.01072454453
39061,1.38618373871
39062,1.22131538391
39063,1.28847193718
39064,1.16247355938
39065,1.19059300423
39066,0.950459480286
39067,1.25521337986
39068,1.3301897049
39069,1.41041994095
39070,1.39226388931
39071,1.50773262978
39072,1.37919235229
39073,1.28540933132
39074,0.89692056179
39075,0.97119563818
39076,1.07654178143
39077,0.881534993649
39078,1.03775215149
39079,0.727414131165
39080,0.900023937225
39081,1.02078509331
39082,1.17033064365
39083,1.43581700325
39084,1.29199039936
39085,1.26625990868
39086,0.849108338356
39087,1.04383468628
39088,1.08471131325
39089,0.908705532551
39090,1.16083836555
39091,1.19318568707
39092,0.96498221159
39093,0.741399943829
39094,0.86964404583
39095,1.05634188652
39096,1.40110731125
39097,1.09062218666
39098,1.41289997101
39099,1.02570927143
39100,0.996873378754
39101,1.06456112862
39102,0.989929080009
39104,1.33783268929
39105,1.2352758646
39106,1.90653967857
39107,1.07749772072
39108,1.02386724949
39109,1.09578621387
39110,1.01788282394
39111,1.31933188438
39112,0.923235058784
39113,0.939032554626
39114,1.38079762459
39115,0.945430338383
39116,1.31399583817
39117,0.991321206093
39118,1.4281014204
39119,1.37818717957
39120,1.24209988117
39121,1.43328654766
39122,1.15087461472
39123,1.45967113972
39124,1.11019146442
39125,0.991107702255
39126,1.20582604408
39127,1.06486010551
39128,0.859836101532
39129,0.905674934387
39130,1.19306612015
39131,1.20340275764
39132,1.45724320412
39133,0.931810855865
39134,1.02891659737
39135,1.19682717323
39136,0.925968050957
39137,1.13501286507
39138,0.766788303852
39139,0.944088637829
39140,1.02985596657
39141,1.0370388031
39142,1.43671035767
39143,0.793983995914
39144,0.925194859505
39145,1.5601965189
39146,1.22707486153
39147,1.20959854126
39148,1.21358883381
39149,1.04885268211
39150,1.08678805828
39151,0.923966646194
39152,0.956666350365
39153,1.3647800684
39154,1.34151029587
39155,0.988018751144
39156,1.322265625
39157,0.817906022072
39158,0.909873783588
39159,1.17011392117
39160,0.7791492939
39161,0.907333612442
39162,1.42806303501
39163,1.13217735291
39164,1.13241755962
39165,0.859020352364
39166,1.09936022758
39167,1.27434921265
39168,1.24722826481
39169,0.995978474617
39170,0.965230882168
39171,1.45011544228
39172,0.822412729263
39173,1.1061398983
39174,1.09496641159
39175,0.959050536156
39176,1.04980456829
39177,1.40764260292
39178,1.1583122015
39179,1.01780724525
39180,1.00094628334
39181,1.08480334282
39182,1.5658582449
39183,1.24335026741
39184,1.06186151505
39185,0.938920736313
39186,0.860499799252
39187,1.10446095467
39188,0.990138411522
39189,1.02680790424
39190,1.16457104683
39191,1.53620004654
39192,0.91303139925
39193,1.23137903214
39194,1.42355489731
39195,0.842062592506
39196,1.07925450802
39197,1.14269113541
39198,1.31941735744
39199,1.13263332844
39200,1.4305678606
39201,1.30885076523
39202,1.00538814068
39203,1.44206357002
39204,1.36715292931
39205,1.0537301302
39206,1.09284770489
39207,1.1031973362
39208,1.44296133518
39209,1.10083007812
39210,1.36376690865
39211,1.21334862709
39212,1.45586276054
39213,1.34908604622
39214,1.22789990902
39215,1.13345396519
39216,0.947843909264
39217,1.18981361389
39218,0.981336295605
39219,1.33538997173
39220,1.13721132278
39221,1.20352947712
39222,1.20740771294
39223,1.14165353775
39224,1.01264882088
39225,0.984394311905
39226,0.78572177887
39227,0.947067916393
39228,1.05174565315
39229,1.01449751854
39230,1.15570139885
39231,1.19461667538
39232,1.15544867516
39233,1.4435236454
39234,1.18466126919
39235,1.09647119045
39236,1.11607933044
39237,0.913300037384
39238,1.05115842819
39239,0.99207597971
39240,1.05237662792
39241,0.827373504639
39242,1.08719062805
39243,0.989031672478
39244,0.84745401144
39245,1.17489933968
39246,0.885830819607
39247,0.789053082466
39248,0.939214587212
39249,1.15845012665
39250,0.938061475754
39251,1.24584412575
39252,1.28014206886
39253,1.06979250908
39254,0.968198180199
39255,0.764604091644
39256,1.77462518215
39257,1.43191421032
39258,1.07765674591
39259,1.36180400848
39260,1.34423661232
39261,1.00803756714
39262,1.35826730728
39263,0.988323688507
39264,0.751771807671
39265,1.42633867264
39266,1.21414375305
39267,1.22149145603
39268,0.931576251984
39269,0.925146579742
39270,1.04160118103
39271,1.28845059872
39272,1.48244905472
39273,1.22334778309
39274,1.1348900795
39275,1.38335239887
39276,1.43364930153
39277,1.03619921207
39278,1.43505883217
39279,1.28132426739
39280,0.906916975975
39281,0.930307984352
39282,1.46353125572
39283,1.3359695673
39284,1.38954472542
39285,1.33986866474
39286,0.828985512257
39287,1.13241660595
39288,1.21529912949
39289,1.01792097092
39290,1.01546359062
39291,0.965507686138
39292,1.05552089214
39293,1.04167890549
39294,0.9963966012
39295,1.24547684193
39296,0.701654314995
39297,0.880135059357
39298,1.02699053288
39299,1.50631952286
39300,1.18747627735
39301,1.56029677391
39302,1.13860988617
39303,1.13946032524
39304,1.37550079823
39305,1.12146663666
39306,1.08568453789
39307,1.47045731544
39308,0.955271422863
39309,0.811862230301
39310,1.23223805428
39311,1.21217572689
39312,1.15184020996
39313,0.999987363815
39314,1.26214635372
39315,0.969933390617
39316,0.974841594696
39317,0.991494953632
39318,1.02992749214
39319,1.34748673439
39320,1.55814528465
39321,1.10334205627
39322,1.15473294258
39323,1.19280326366
39324,1.33340263367
39325,1.08304071426
39326,1.17390787601
39327,1.24940502644
39328,0.958074331284
39329,1.29493224621
39330,1.11069381237
39331,1.25880241394
39332,1.02090120316
39333,1.4791405201
39334,1.00743687153
39335,1.41242671013
39336,1.40284323692
39337,1.17181420326
39338,1.40189766884
39339,0.854083240032
39340,1.34823799133
39341,1.11585593224
39342,0.868066906929
39343,1.36714994907
39344,0.826388418674
39345,1.09379649162
39346,1.3515048027
39347,1.02185070515
39348,1.22360444069
39349,1.28519117832
39350,1.25231778622
39351,1.1497502327
39352,1.12670135498
39353,0.95747423172
39354,0.981804430485
39355,1.1804766655
39356,0.914420247078
39357,1.04318404198
39358,0.908650398254
39359,1.22234022617
39360,1.02973818779
39361,1.42207717896
39362,1.77988922596
39363,1.15159881115
39364,1.01533854008
39365,1.61099672318
39366,1.03036904335
39367,1.13360786438
39368,0.970619916916
39369,0.916601896286
39370,0.898497104645
39371,1.17797279358
39372,1.44676685333
39373,1.36468243599
39374,1.38265872002
39375,1.41635203362
39376,1.40609788895
39377,0.924263298512
39378,1.12351548672
39379,1.19780278206
39380,0.86240541935
39381,1.29953050613
39382,1.02744936943
39383,1.29792618752
39384,1.30330753326
39385,1.34720957279
39386,1.80037009716
39387,1.00391721725
39388,1.22044169903
39389,1.12536013126
39390,1.25644028187
39391,1.30000400543
39392,1.11935389042
39393,1.12949609756
39394,1.25220060349
39395,1.13087797165
39396,1.1160171032
39397,1.18486857414
39398,1.01127958298
39399,1.38481521606
39400,0.921044111252
39401,1.03365814686
39402,1.12033987045
39403,1.44061672688
39404,1.01938021183
39405,0.767223954201
39406,1.07287979126
39407,1.30050587654
39408,1.22729492188
39409,0.961395263672
39410,0.911818623543
39411,1.08600914478
39412,0.884344279766
39413,1.31188607216
39414,1.09846401215
39415,1.68308341503
39416,1.07746684551
39417,1.22397875786
39418,1.30125796795
39419,1.15318489075
39420,1.41350769997
39421,1.13066768646
39422,1.06658387184
39423,1.03964304924
39424,1.26216363907
39425,1.37452304363
39426,1.11615145206
39427,1.12587511539
39428,0.945184767246
39429,1.21681630611
39430,0.904002249241
39431,0.977891266346
39432,1.11546266079
39433,1.09118843079
39434,1.18410277367
39435,1.35347568989
39436,1.20884776115
39437,1.09140717983
39438,1.04951560497
39439,0.953526377678
39440,1.10588526726
39441,0.949977278709
39442,1.13880944252
39443,0.866378843784
39444,1.19202053547
39445,1.21444582939
39446,0.982151031494
39447,0.892588913441
39448,1.28785920143
39449,1.22498071194
39450,1.24264168739
39451,0.915739893913
39452,0.80125439167
39453,1.23541665077
39454,0.739262938499
39455,1.03472363949
39456,1.00716102123
39457,1.43855214119
39458,1.51163291931
39459,0.988264322281
39460,1.39707541466
39461,1.18323087692
39462,0.787333667278
39463,1.15743303299
39464,1.34014081955
39465,1.11196899414
39466,1.16824269295
39467,0.909707963467
39468,1.06170272827
39469,1.11076879501
39470,0.975690424442
39471,1.26167058945
39472,0.995900571346
39473,1.17343723774
39474,0.965817809105
39475,1.39593911171
39476,1.28739249706
39477,0.739287257195
39478,1.4025349617
39479,0.976696074009
39480,1.21111869812
39481,1.27564251423
39482,1.59760117531
39483,0.959641337395
39484,1.20349526405
39485,1.22304725647
39486,1.11967217922
39487,1.08440601826
39488,1.31806445122
39489,1.04227089882
39490,1.2549674511
39491,0.755650222301
39492,0.881973087788
39493,1.0317401886
39494,0.738477766514
39495,1.20932412148
39496,1.99389863014
39497,1.13212645054
39498,1.47646474838
39499,1.06011140347
39500,0.902520775795
39501,0.852003872395
39502,1.42344045639
39503,0.804477930069
39504,1.02020800114
39505,1.42175757885
39506,0.970846474171
39507,1.10018205643
39508,1.61455500126
39509,1.13167726994
39510,1.32298064232
39511,1.2762556076
39512,1.21559131145
39513,1.51451563835
39514,1.29115605354
39515,1.15988743305
39516,0.836260020733
39517,1.25783932209
39518,1.18278539181
39519,1.64265918732
39520,1.64579999447
39521,1.14951968193
39522,1.02095735073
39523,1.18578124046
39524,1.07069599628
39525,0.933201670647
39526,0.972691357136
39527,1.24292647839
39528,1.44722282887
39529,1.08397579193
39530,1.36114430428
39531,1.30291748047
39532,1.32845234871
39533,1.09593677521
39534,1.13464546204
39535,1.21292984486
39536,1.63338708878
39537,0.878109455109
39538,1.32769370079
39539,0.977205097675
39540,1.45111954212
39541,0.951215386391
39542,1.12545704842
39543,1.43079257011
39544,1.03946304321
39545,1.20716869831
39546,0.839170098305
39547,1.35084295273
39548,1.12714672089
39549,1.29908370972
39550,1.31528007984
39551,0.968846917152
39552,1.21984505653
39553,1.10847342014
39554,1.46940803528
39555,1.08078968525
39556,0.915761768818
39557,1.38017940521
39558,1.28017997742
39559,0.959490776062
39560,1.24402177334
39561,1.62138259411
39562,1.20282292366
39563,1.77457857132
39564,1.29662013054
39565,1.01734817028
39566,1.20794808865
39567,1.23449158669
39568,1.22299981117
39569,1.07039153576
39570,1.15487527847
39571,1.0914452076
39572,1.13522970676
39573,1.3089710474
39574,1.14736437798
39575,1.38695585728
39576,1.25552463531
39577,1.35008049011
39578,1.59663259983
39579,0.820789813995
39580,1.03701901436
39581,0.984966397285
39582,1.29645562172
39583,1.12033331394
39584,1.20475268364
39585,0.787082493305
39586,1.34597206116
39587,1.11123514175
39588,1.32006716728
39589,1.1407636404
39590,1.37349784374
39591,0.920797526836
39592,1.25656867027
39593,1.4996213913
39594,1.03254294395
39595,1.25478160381
39596,1.22003698349
39597,1.34223270416
39598,0.92993080616
39599,0.993889570236
39600,1.33393907547
39601,1.21059131622
39602,0.969780147076
39603,1.0111758709
39604,1.03690683842
39605,0.934816420078
39606,1.14534151554
39607,0.973155319691
39608,1.45104551315
39609,1.01362550259
39610,1.17419528961
39611,1.28748011589
39612,1.15669536591
39613,1.09183907509
39614,1.1322581768
39615,1.35425448418
39616,0.832589864731
39617,1.22784399986
39618,1.26643800735
39619,1.12657213211
39620,1.02433824539
39621,1.25126576424
39622,1.69658517838
39623,0.756537914276
39624,1.04954874516
39625,1.12639403343
39626,1.1637802124
39627,1.07235169411
39628,1.55766224861
39629,1.15668046474
39630,1.3190164566
39631,0.990852057934
39632,1.39939391613
39633,1.23396635056
39634,1.128459692
39635,1.03995013237
39636,0.98512160778
39637,1.25311660767
39638,1.17319858074
39639,1.13798856735
39640,1.23802256584
39641,1.13454627991
39642,0.981386840343
39643,1.21856200695
39644,1.32825636864
39645,1.40364694595
39646,1.09415507317
39647,1.15319693089
39648,1.35264897346
39649,1.09961462021
39650,1.3437179327
39651,0.978465855122
39652,1.18720138073
39653,0.944925308228
39654,1.34413266182
39655,1.21796691418
39656,1.49214673042
39657,0.982712030411
39658,1.28403162956
39659,1.09273314476
39660,1.15131831169
39661,0.89443051815
39662,1.20300030708
39663,0.718118607998
39664,1.0123269558
39665,1.2549264431
39666,1.28081250191
39667,0.959368288517
39668,1.08989238739
39669,1.04384434223
39670,1.19404292107
39671,1.08258271217
39672,1.29924929142
39673,0.977934479713
39674,1.0931429863
39675,0.89894670248
39676,1.04450118542
39677,1.25976836681
39678,0.928841412067
39679,1.14519488811
39680,1.03982853889
39681,1.01009702682
39682,1.30834531784
39683,1.02713227272
39684,1.28843486309
39685,0.592835307121
39686,1.20559930801
39687,1.15085744858
39688,1.22531080246
39689,1.20221662521
39690,1.23424315453
39691,0.732962369919
39692,1.24485743046
39693,1.35083317757
39694,1.01869630814
39695,1.41414988041
39696,1.11241912842
39697,1.06896901131
39698,0.829883217812
39699,1.04941391945
39700,1.27082777023
39701,0.589073181152
39702,1.04687976837
39703,1.19489359856
39704,1.31092119217
39705,1.20189189911
39706,1.16118955612
39707,1.19947957993
39708,0.961059391499
39709,1.41642200947
39710,1.03851425648
39711,0.991527676582
39712,1.15136575699
39713,1.13657617569
39714,1.07131576538
39715,1.0440223217
39716,1.43319606781
39717,1.13579452038
39718,1.52612733841
39719,0.843564748764
39720,0.969819188118
39721,0.898083984852
39722,0.91047590971
39723,0.911678433418
39724,1.06035244465
39725,1.3456748724
39726,1.25019097328
39727,1.20673120022
39728,0.824153184891
39729,1.03582906723
39730,1.26806402206
39731,1.19888579845
39732,1.35483384132
39733,0.897811889648
39734,1.12206077576
39735,0.993741393089
39736,1.3043859005
39737,1.16438615322
39738,0.972853422165
39739,1.05995154381
39740,0.972496151924
39741,1.42337012291
39742,1.21599733829
39743,1.20527863503
39744,1.34248423576
39745,0.981102228165
39746,1.06902205944
39747,1.50194120407
39748,1.20501887798
39749,1.14971899986
39750,1.3423306942
39751,1.21825754642
39752,1.09963417053
39753,1.0536390543
39754,1.53458333015
39755,1.12139582634
39756,1.49223148823
39757,1.23518109322
39758,1.04793298244
39759,1.16978228092
39760,1.44515860081
39761,1.48676693439
39762,1.40154743195
39763,1.44165015221
39764,1.34657180309
39765,0.982295513153
39766,1.25440561771
39767,1.03812205791
39768,1.19253063202
39769,1.26509714127
39770,1.02901124954
39771,0.842630505562
39772,1.11096310616
39773,1.34175658226
39774,1.26913404465
39775,1.21272957325
39776,1.00895690918
39777,1.10976970196
39778,1.16276240349
39779,1.35201203823
39780,1.01223039627
39781,1.42124259472
39782,1.02557504177
39783,0.872467696667
39784,1.02971661091
39785,1.08972549438
39786,1.23624420166
39787,1.22993600368
39788,1.33828985691
39789,1.16496479511
39790,1.14475548267
39791,1.11587071419
39792,1.04963624477
39793,1.1664891243
39794,1.29908180237
39795,0.756225347519
39796,1.61828660965
39797,0.858837783337
39798,0.94860804081
39799,0.892063856125
39800,1.04305231571
39801,1.42360889912
39802,1.67534208298
39803,1.27999591827
39804,1.39797830582
39805,1.34367287159
39806,1.0365896225
39807,1.07532310486
39808,1.31831526756
39809,1.34399533272
39810,1.47204959393
39811,1.04727911949
39812,1.01368331909
39813,1.19529604912
39814,1.2204387188
39815,1.0821852684
39816,1.07973122597
39817,0.983463644981
39818,0.656943738461
39819,1.35700654984
39820,1.46703720093
39821,1.18965053558
39822,1.00627779961
39823,1.12884259224
39824,1.17278897762
39825,0.948200941086
39826,1.14775371552
39827,1.41911053658
39828,1.32452917099
39829,1.07919025421
39830,0.924441635609
39831,1.428820014
39832,1.10941410065
39833,1.33230280876
39834,0.880619764328
39835,0.988748192787
39836,1.1923687458
39837,1.01332068443
39838,1.03964281082
39839,1.12626683712
39840,0.795798242092
39841,1.07353055477
39842,0.921993613243
39843,1.34728443623
39844,1.11834049225
39845,0.909307718277
39846,1.52901434898
39847,1.41600978374
39848,1.17740011215
39849,1.10640621185
39850,0.948069691658
39851,1.22566354275
39852,1.31569719315
39853,1.06981682777
39854,0.947068572044
39855,0.947472155094
39856,1.10493373871
39857,1.1607863903
39858,1.09658169746
39859,1.38382554054
39860,1.27788007259
39861,1.04310274124
39862,1.25859117508
39863,1.21825647354
39864,1.06900990009
39865,1.2070248127
39866,1.49408745766
39867,1.15758633614
39868,0.861494004726
39869,1.1596057415
39870,1.13540744781
39871,1.02802109718
39872,1.05471169949
39873,1.08116567135
39874,1.24151825905
39875,0.908723890781
39876,1.06433558464
39877,1.50810050964
39878,1.06462979317
39879,1.26251578331
39880,1.46182250977
39881,1.210729599
76637,0.435802578926
76638,0.411693543196
76640,0.439244180918
76641,0.440404951572
76642,0.557347774506
76643,0.450035214424
76644,0.60143584013
76645,0.75695592165
76646,0.571709036827
76647,0.471545159817
76648,0.403999865055
76649,0.804197847843
76650,0.397018373013
76651,0.529417157173
76652,0.492233633995
76653,0.490056693554
76654,0.557934105396
76655,0.56314677
76656,0.347616374493
76657,0.451480954885
76658,0.411538332701
76659,0.555672049522
76660,0.423355996609
76661,0.360135257244
76662,0.441565036774
76663,0.504578471184
76664,0.550602078438
76665,0.354332029819
76666,0.772770226002
76667,0.628145217896
76668,0.515481889248
76669,0.557793438435
76670,0.778783082962
76671,0.410848140717
76672,0.572688877583
76673,0.264417558908
76674,0.373390257359
76675,0.435736596584
76676,0.911473751068
76677,0.410994768143
76678,0.331116855145
76679,0.412845730782
76680,0.581558346748
76681,0.513310670853
76682,0.577758014202
76683,0.373363614082
76684,0.311434686184
76685,0.387442320585
76686,0.68137717247
76687,0.311920702457
76688,0.617047190666
76689,0.643717586994
76690,0.573911309242
76691,0.715493321419
76692,0.254461079836
76693,0.475488960743
76694,0.33485096693
76695,0.299187839031
76696,0.328086018562
76697,0.392007410526
76698,0.653015971184
76699,0.425869345665
76700,0.412643492222
76701,0.431960344315
76702,0.396654069424
76703,0.567331314087
76704,0.470349043608
76705,0.333261609077
76706,0.593828678131
76707,0.566221356392
76708,0.523844540119
76709,0.542888581753
76710,0.550953269005
76711,0.374090433121
76712,0.349714875221
76713,0.190122082829
76714,0.362285673618
76715,0.511595964432
76716,0.454658657312
76717,0.658162415028
76718,0.339276701212
76719,0.534828305244
76720,0.548470139503
76721,0.399969995022
76722,0.532518863678
76723,0.246832072735
76724,0.418760001659
76725,0.442358076572
76726,0.499427437782
76727,0.474640130997
76728,0.692135930061
76729,0.342010200024
76730,0.436634927988
76731,0.365749508142
76732,0.566649019718
76733,0.584065556526
76734,0.275055229664
76735,0.582002162933
76736,0.424725532532
76737,0.333850950003
76738,0.230021774769
76739,0.32030415535
76740,0.626450300217
76741,0.575528621674
76742,0.337261259556
76743,0.273941338062
76744,0.3588142097
76745,0.715597629547
76746,0.205640032887
76747,0.438141644001
76748,0.542507112026
76749,0.588785171509
76750,0.438989341259
76751,0.502344369888
76752,0.772416710854
76753,0.633179605007
76754,0.486027121544
76755,0.305017352104
76756,0.513734161854
76757,0.575081706047
76758,0.375277012587
76759,0.530348658562
76760,0.579050064087
76761,0.460551261902
76762,0.382115244865
76763,0.473475575447
76764,0.689588546753
76765,0.246379643679
76766,0.374038100243
76767,0.35205924511
76768,0.493213415146
76769,0.404675722122
76770,0.405699551105
76771,0.527861475945
76772,0.494769394398
76773,0.754574775696
76774,0.536533236504
76775,0.583485603333
76776,0.353429794312
76777,0.581580102444
76778,0.527240335941
76779,0.239644140005
76780,0.328779280186
76781,0.359677344561
76782,0.409197539091
76783,0.667305231094
76784,0.510110259056
76785,0.656356334686
76786,0.438216358423
76787,0.33429813385
76788,0.451912581921
76789,0.416410803795
76790,0.462160348892
76791,0.532055914402
76792,0.518663525581
76793,0.487832456827
76794,0.47612953186
76795,0.478605091572
76796,0.17755061388
76797,0.580559134483
76798,0.419182062149
76799,0.341231763363
76800,0.59237319231
76801,0.526252985001
76802,0.506844878197
76803,0.397388100624
76804,0.471814543009
76805,0.213282927871
76806,0.508542001247
76807,0.270793020725
76808,0.257875353098
76809,0.44082647562
76810,0.419365495443
76811,0.316629439592
76812,0.20590403676
76813,0.623971819878
76814,0.214857250452
76815,0.317143976688
76816,0.662126898766
76817,0.695099473
76818,0.703602790833
76819,0.274872899055
76820,0.490564227104
76821,0.383573770523
76822,0.663715720177
76823,0.529849529266
76824,0.461196780205
76825,0.454453110695
76826,0.454939961433
76827,0.460504055023
76828,0.247256755829
76829,0.634725093842
76830,0.39092874527
76831,0.36620259285
76832,0.356185674667
76833,0.407362341881
76834,0.720822930336
76835,0.461867213249
76836,0.309412121773
76837,0.504609525204
76838,0.234913766384
76839,0.350224167109
76840,0.60028231144
76841,0.382708400488
76842,0.878045201302
76843,0.436959683895
76844,0.282314121723
76845,0.323701173067
76846,0.40300437808
76847,0.358162671328
76848,0.564748764038
76849,0.903189718723
76850,0.510613799095
76851,0.702137947083
76852,0.428373932838
76853,0.505019783974
76854,0.537482738495
76855,0.314349830151
76856,0.457961857319
76857,0.525594949722
76858,0.340533643961
76859,0.69828248024
76860,0.386523425579
76861,0.540111839771
76862,0.292559832335
76863,0.3728954494
76864,0.605039715767
76865,0.502831459045
76866,0.406520843506
76867,0.31506896019
76868,0.392187595367
76869,0.362328290939
76870,0.660864949226
76871,0.320277750492
76872,0.337298154831
76873,0.902593135834
76874,0.383950650692
76875,0.456444740295
76876,0.562773227692
76877,0.521867632866
76878,0.331752240658
76879,0.449297726154
76880,0.488425314426
76881,0.343221008778
76882,0.63211119175
76883,0.671146452427
76884,0.461915463209
76885,0.389688491821
76886,0.478165209293
76887,0.309231996536
76888,0.623676657677
76889,0.316414654255
76890,0.478170514107
76891,0.359991133213
76892,0.400206208229
76893,0.401562809944
76894,0.605102062225
76895,0.366516172886
76896,0.357337087393
76897,0.655804991722
76898,0.363933771849
76899,0.470363438129
76900,0.308542013168
76901,0.513824820518
76902,0.255886673927
76903,0.570435583591
76904,0.417978614569
76905,0.645837783813
76906,0.604184627533
76907,0.460594117641
76908,0.366019517183
76909,0.320738315582
76910,0.494975924492
76911,0.391027987003
76912,0.429187715054
76913,0.534923434258
76914,0.309463620186
76915,0.470422804356
76916,0.31314355135
76917,0.536913633347
76918,0.809704005718
76919,0.413184612989
76920,0.32251444459
76921,0.45231115818
76922,0.384485185146
76923,0.515524923801
76924,0.33472430706
76925,0.322698771954
76926,0.4892154634
76927,0.489125698805
76928,0.313812404871
76929,0.438102602959
76930,0.384477972984
76931,0.6220266819
76932,0.572761595249
76933,0.3476793468
76934,0.299294173717
76935,0.252823531628
76936,0.435576081276
76937,0.619266331196
76938,0.476393520832
76939,0.489375084639
76940,0.491920143366
76941,0.392519593239
76942,0.700578331947
76943,0.305407732725
76944,0.361018955708
76945,0.338137924671
76946,0.442419528961
76947,0.311555087566
76948,0.480580955744
76949,0.348186969757
76950,0.380402565002
76951,0.420589476824
76952,0.464251875877
76953,0.566003918648
76954,0.506852090359
76955,0.545887708664
76956,0.303054839373
76957,0.29032343626
76958,0.446298599243
76959,0.435004681349
76960,0.513731598854
76961,0.410272836685
76962,0.326795428991
76963,0.4840028584
76964,0.663646936417
76965,0.542478680611
76966,0.27652078867
76967,0.586378335953
76968,0.400399506092
76969,0.623680412769
76970,0.529617190361
76971,0.365018486977
76972,0.549427747726
76973,0.489617556334
76974,0.501136064529
76975,0.321223258972
76976,0.304661214352
76977,0.259094119072
76978,0.507540464401
76979,0.447629898787
76980,0.46681162715
76981,0.433364033699
76982,0.51276743412
76983,0.352014660835
76984,0.692158997059
76985,0.558193325996
76986,0.629415273666
76987,0.668950200081
76988,0.48352009058
76989,0.347972333431
76990,0.540454447269
76991,0.430244922638
76992,0.531569480896
76993,0.773137867451
76994,0.538487434387
76995,0.60578918457
76996,0.569134891033
76997,0.484982162714
76998,0.852368414402
76999,0.381112873554
77000,0.513684749603
77001,0.448938548565
77002,0.469632416964
77003,0.520092606544
77004,0.560070872307
77005,0.363654971123
77006,0.546768903732
77007,0.352452039719
77008,0.387734085321
77009,0.331387042999
77010,0.271577239037
77011,0.552607655525
77012,0.396002471447
77013,0.477170914412
77014,0.431668311357
77015,0.492556333542
77016,0.580449998379
77017,0.447490632534
77018,0.52907449007
77019,0.534955322742
77020,0.532542705536
77021,0.337163329124
77022,0.470569819212
77023,0.502307653427
77024,0.650107264519
77025,0.478225469589
77026,0.292296886444
77027,0.361606419086
77028,0.423896819353
77029,0.492340922356
77030,0.460398972034
77031,0.588072180748
77032,0.415310382843
77033,0.613374173641
77034,0.331486910582
77035,0.518266797066
77036,0.42939338088
77037,0.527213990688
77038,0.353480279446
77039,0.631524384022
77040,0.44060754776
77041,0.515419721603
77042,0.573757410049
77043,0.394397944212
77044,0.408955156803
77045,0.206860184669
77046,0.385979413986
77047,0.412740647793
77048,0.507232129574
77049,0.548061788082
77050,0.427436888218
77051,0.342124223709
77052,0.432797372341
77053,0.489554584026
77054,0.589789032936
77055,0.40484187007
77056,0.395813524723
77057,0.5866522789
77058,0.413348257542
77059,0.405434370041
77060,0.326916843653
77061,0.25876891613
77062,0.405102849007
77063,0.400054693222
77064,0.839123129845
77065,0.653368234634
77066,0.630358815193
77067,0.339314341545
77068,0.596423506737
77069,0.559089064598
77070,0.490492403507
77071,0.473960995674
77072,0.485412418842
77073,0.504879117012
77074,0.511966764927
77075,0.364565074444
77076,0.574750602245
77077,0.697371125221
77078,0.336189091206
77079,0.264762938023
77080,0.568961322308
77081,0.328679472208
77082,0.544770896435
77083,0.459452480078
77084,0.561732411385
77085,0.460925281048
77086,0.403414547443
77087,0.396763443947
77088,0.410133928061
77089,0.582384467125
77090,0.378374040127
77091,0.283677786589
77092,0.209927842021
77093,0.568528294563
77094,0.360321640968
77095,0.606800436974
77096,0.289331555367
77097,0.439211130142
77098,0.501901984215
77099,0.640860497952
77100,0.42140352726
77101,0.324867129326
77102,0.315990746021
77103,0.591108381748
77104,0.419356048107
77105,0.452896088362
77106,0.423885256052
77107,0.585558891296
77108,0.461713016033
77109,0.339821726084
77110,0.60834467411
77111,0.377435654402
77112,0.293106913567
77113,0.268499076366
77114,0.314761400223
77115,0.673550069332
77116,0.67357301712
77117,0.541532039642
77118,0.541913092136
77119,0.513847708702
77120,0.552105367184
77121,0.506710350513
77122,0.718532860279
77123,0.659555494785
77124,0.517408907413
77125,0.724659860134
77126,0.611909508705
77127,0.571559846401
77128,0.538003742695
77129,0.565628170967
77130,0.313805699348
77131,0.251197636127
77132,0.460029244423
77133,0.568326830864
77134,0.592625796795
77135,0.567080199718
77136,0.296647816896
77137,0.559358894825
77138,0.546688616276
77139,0.309054791927
77140,0.442123264074
77141,0.468116343021
77142,0.423216700554
77143,0.456014215946
77144,0.402871638536
77145,0.472078531981
77146,0.621514737606
77147,0.343130111694
77148,0.417007625103
77149,0.506907522678
77150,0.584567666054
77151,0.386454582214
77152,0.435614705086
77153,0.401261508465
77154,0.329044699669
77155,0.325183063745
77156,0.506098151207
77157,0.72286593914
77158,0.280364274979
77159,0.394640803337
77160,0.413629412651
77161,0.471036195755
77162,0.410805761814
77163,0.540255725384
77164,0.389981329441
77165,0.758349657059
77166,0.492823064327
77167,0.269595861435
77168,0.45064792037
77169,0.388131380081
77170,0.509870648384
77171,0.484055459499
77172,0.616849005222
77173,0.519946575165
77174,0.435101628304
77175,0.462419182062
77176,0.691250443459
77177,0.629554271698
77178,0.257539927959
77179,0.20518502593
77180,0.267644703388
77181,0.491269409657
77182,0.458309680223
77183,0.61692905426
77184,0.48694011569
77185,0.307842224836
77186,0.419929713011
77187,0.510763883591
77188,0.25478798151
77189,0.511807560921
77190,0.256326884031
77191,0.494711220264
77192,0.489632368088
77193,0.596300601959
77194,0.238198578358
77195,0.428549796343
77196,0.340037733316
77197,0.398445785046
77198,0.908744573593
77199,0.440459787846
77200,0.438345611095
77201,0.487794399261
77202,0.423801124096
77203,0.518814682961
77204,0.563425183296
77205,0.505551934242
77206,0.369074583054
77207,0.550620913506
77208,0.270888537169
77209,0.640559256077
77210,0.307483166456
77211,0.558286905289
77212,0.471724629402
77213,0.487698018551
77214,0.6681599617
77215,0.387805044651
77216,0.491639614105
77217,0.527707874775
77218,0.336205422878
77219,0.383209824562
77220,0.53655654192
77221,0.436282932758
77222,0.300420463085
77223,0.650682210922
77224,0.493160158396
77225,0.38392663002
77226,0.496952831745
77227,0.498054623604
77228,0.453331112862
77229,0.539309620857
77230,0.726739704609
77231,0.415488749743
77232,0.525140523911
77233,0.548189580441
77234,0.628903627396
77235,0.401604473591
77236,0.317209303379
77237,0.783738851547
77238,0.669517755508
77239,0.186826378107
77240,0.401126742363
77241,0.563765883446
77242,0.537026643753
77243,0.64106464386
77244,0.686915159225
77245,0.634452462196
77246,0.853969335556
77247,0.481096476316
77248,0.293803602457
77249,0.736158370972
77250,0.71156924963
77251,0.474895119667
77252,0.528629541397
77253,0.44484513998
77254,0.423914134502
77255,0.594129323959
77256,0.41221177578
77257,0.466212451458
77258,0.420608967543
77259,0.439156830311
77260,0.438579380512
77261,0.321737170219
77262,0.278917789459
77263,0.692828118801
77264,0.348130524158
77265,0.770407855511
77266,0.299972623587
77267,0.357129901648
77268,0.311025440693
77269,0.65559220314
77270,0.361560851336
77271,0.566344499588
77272,0.42828732729
77273,0.619238972664
77274,0.621830403805
77275,0.30957955122
77276,0.550500035286
77277,0.558235347271
77278,0.485011160374
77279,0.157911121845
77280,0.520304620266
77281,0.719877123833
77282,0.394089639187
77283,0.499049752951
77284,0.401015996933
77285,0.639873027802
77286,0.34193867445
77287,0.639764785767
77288,0.428121864796
77289,0.352084249258
77290,0.319434583187
77291,0.489873886108
77292,0.481482326984
77293,0.651026189327
77294,0.659622371197
77295,0.786162853241
77296,0.376888662577
77297,0.468564093113
77298,0.373980760574
77299,0.495159357786
77300,0.458567976952
77301,0.478988826275
77302,0.500829994678
77303,0.258424937725
77304,0.477880448103
77305,0.323275148869
77306,0.527733445168
77307,0.480855315924
77308,0.528575181961
77309,0.466401398182
77310,0.454481482506
77311,0.189198687673
77312,0.404511988163
77313,0.345043689013
77314,0.47397685051
77315,0.484279662371
77316,0.481891572475
77317,0.692123174667
77318,0.347571730614
77319,0.551309108734
77320,0.237923458219
77321,0.475015312433
77322,0.35012871027
77323,0.415488660336
77324,0.354379832745
77325,0.419922530651
77326,0.217356383801
77327,0.451311230659
77328,0.567733168602
77329,0.729488134384
77330,0.290290176868
77331,0.4321860075
77332,0.503276646137
77333,0.576469063759
77334,0.387260198593
77335,0.481379926205
77336,0.403102517128
77337,0.562841117382
77338,0.483988165855
77339,0.401428550482
77340,0.406105995178
77341,0.464653879404
77342,0.572864592075
77343,0.350566208363
77344,0.508546769619
77345,0.441708087921
77346,0.545880973339
77347,0.76549577713
77348,0.48737424612
77349,0.506570398808
77350,0.62870579958
77351,0.329253137112
77352,0.35688278079
77353,0.283524990082
77354,0.630391120911
77355,0.404835760593
77356,0.514821588993
77357,0.7407528162
77358,0.418084740639
77359,0.25950729847
77360,0.587934076786
77361,0.439613670111
77362,0.548136293888
77363,0.499427676201
77364,0.553489327431
77365,0.500529885292
77366,0.680243253708
77367,0.562939763069
77368,0.453199058771
77369,0.355946034193
77370,0.648335874081
77371,0.391088664532
77372,0.428396880627
77373,0.524178862572
77374,0.591414570808
77375,0.59134799242
77376,0.352510035038
77377,0.529463768005
77378,0.481640398502
77379,0.429193943739
77380,0.499650359154
77381,0.702188134193
77382,0.373780727386
77383,0.396338582039
77384,0.472020596266
77385,0.595917761326
77386,0.375921785831
77387,0.483017295599
77388,0.428825378418
77389,0.271907538176
77390,0.610656499863
77391,0.441643595695
77392,0.390295863152
77393,0.592584729195
77394,0.697395861149
77395,0.37858325243
77396,0.521284818649
77397,0.294815212488
77398,0.292289376259
77399,0.507318794727
77400,0.603405416012
77401,0.38410449028
77402,0.512387633324
77403,0.41071370244
77404,0.346257537603
77405,0.526089787483
77406,0.375438272953
77407,0.625349402428
77408,0.387711346149
77409,0.340705811977
77410,0.466169536114
77411,0.976162791252
77412,0.527237296104
77413,0.541308999062
77414,0.49901470542
77415,0.618000030518
77416,0.57147103548
77417,0.38061439991
77418,0.48617464304
77419,0.40980297327
77420,0.41438177228
77422,0.470954716206
77423,0.722638368607
77424,0.616339921951
77425,0.533293366432
77426,0.41912406683
77427,0.653041064739
77428,0.472572982311
77429,0.295981675386
77430,0.510404646397
77431,0.866753995419
77432,0.400046616793
77433,0.389688491821
77434,0.425342768431
77435,0.426563918591
77436,0.73012816906
77437,0.671707510948
77438,0.541383862495
77439,0.274934113026
77440,0.430468440056
77441,0.41279476881
77442,0.401622116566
77443,0.58613717556
77444,0.482140541077
77445,0.556979179382
77446,0.561547875404
77447,0.377570837736
77448,0.357850641012
77449,0.589920580387
77450,0.4284465909
77451,0.418313384056
77452,0.535587668419
77453,0.341632694006
77454,0.340239852667
77455,0.547745227814
77456,0.346772789955
77457,0.624155938625
77458,0.419146060944
77459,0.295570254326
77460,0.37408220768
77461,0.425020456314
77462,0.290640234947
77463,0.823326468468
77464,0.518999457359
77465,0.605467200279
77466,0.469743221998
77467,0.473638832569
77468,0.807806372643
77469,0.515225410461
77470,0.291818469763
77471,0.419614255428
77472,0.592831969261
77473,0.523222863674
77474,0.557845592499
77475,0.619170665741
77476,0.539289832115
77477,0.396999388933
77478,0.382233291864
77479,0.320839583874
77480,0.57269179821
77481,0.537111878395
77482,0.47923964262
77483,0.317276567221
77484,0.416617423296
77485,0.620962381363
77486,0.624270677567
77487,0.668805480003
77488,0.657255411148
77489,0.753176689148
77490,0.433982938528
77491,0.572691917419
77492,0.481664896011
77493,0.459662050009
77494,0.236057281494
77495,0.442899912596
77496,0.393946111202
77497,0.44489055872
77498,0.370827078819
77499,0.328119546175
77500,0.583773076534
77501,0.273049652576
77502,0.355791211128
77503,0.31982165575
77504,0.554689466953
77505,0.413799345493
77506,0.330424666405
77507,0.423572659492
77508,0.649443387985
77509,0.680789589882
77510,0.26130181551
77511,0.563369750977
77512,0.723975241184
77513,0.335152894258
77514,0.413656175137
77515,0.470724642277
77516,0.452137559652
77517,0.32666015625
77518,0.406947076321
77519,0.388084203005
77520,0.415923893452
77521,0.482266515493
77522,0.65717113018
77523,0.449404388666
77524,0.435334265232
77525,0.459016621113
77526,0.42663782835
77527,0.598226904869
77528,0.5236068964
77529,0.298940360546
77530,0.418016552925
77531,0.566884994507
77532,0.555112481117
77533,0.650974273682
77534,0.528411149979
77535,0.505600214005
77536,0.499892324209
77537,0.553690075874
77538,0.339041411877
77539,0.343439996243
77540,0.666137933731
77541,0.46933144331
77542,0.56132632494
77543,0.466319143772
77544,0.536154985428
77545,0.479931592941
77546,0.465349465609
77547,0.436017870903
77548,0.517334759235
77549,0.313177585602
77550,0.735239267349
77551,0.531912446022
77552,0.460171580315
77553,0.742048859596
77554,0.575847923756
77555,0.391762495041
77556,0.724336028099
77557,0.367069870234
77558,0.376526892185
77559,0.343806833029
77560,0.51544302702
77561,0.280275821686
77562,0.466912984848
77563,0.418299198151
77564,0.475601792336
77565,0.528840661049
77566,0.570567131042
77567,0.540988504887
77568,0.686213254929
77569,0.38818114996
77570,0.411475241184
77571,0.536048412323
77572,0.513278841972
77573,0.396482259035
77574,0.374142259359
77575,0.450593292713
77576,0.419033199549
77577,0.265264332294
77578,0.487468659878
77579,0.412766188383
77580,0.439991414547
77581,0.303701341152
77582,0.535450339317
77583,0.396316677332
77584,0.430511534214
77585,0.562836527824
77586,0.25044375658
77587,0.621445059776
77588,0.428427457809
77589,0.445549547672
77590,0.456625878811
77591,0.328953951597
77592,0.776926696301
77593,0.307157576084
77594,0.478267043829
77595,0.521521985531
77596,0.478453576565
77597,0.590467453003
77598,0.686712145805
77599,0.35586553812
77600,0.64979839325
77601,0.38127836585
77602,0.344332545996
77603,0.525836765766
77604,0.722498118877
77605,0.321132302284
77606,0.52367246151
77607,0.297106355429
77608,0.499852716923
77609,0.430473566055
77610,0.528947710991
77611,0.462599992752
77612,0.380946666002
77613,0.439813822508
77614,0.51668047905
77615,0.500184357166
77616,0.361777454615
77617,0.458248406649
77618,0.541046380997
77619,0.316519498825
77620,0.542493343353
77621,0.398340940475
77622,0.379436194897
77623,0.362584173679
77624,0.404829770327
77625,0.810073912144
77626,0.839497327805
77627,0.562717676163
77628,0.18737962842
77629,0.390373200178
77630,0.545070290565
77631,0.356351494789
77632,0.480935156345
77633,0.363367378712
77634,0.2775131464
77635,0.400857269764
77636,0.393286943436
77637,0.564438462257
77638,0.587831139565
77639,0.703469872475
77640,0.539285123348
77641,0.784763038158
77642,0.438072890043
77643,0.369468986988
77644,0.593657970428
77645,0.918907999992
77646,0.204652220011
77647,0.387401491404
77648,0.559040367603
77649,0.3688814044
77650,0.593074560165
77651,0.287585377693
77652,0.324660241604
77653,0.683429777622
77654,0.479782998562
77655,0.281332135201
77656,0.509750366211
77657,0.537719130516
77658,0.352608978748
77659,0.314612239599
77660,0.435685515404
77661,0.279430657625
77662,0.645858049393
77663,0.476780474186
77664,0.541935324669
77665,0.411634504795
77666,0.311276614666
77667,0.402588307858
77668,0.444299787283
77669,0.542020857334
77670,0.483015269041
77671,0.592966496944
77672,0.455720126629
77673,0.694370269775
77674,0.476990640163
77675,0.450044751167
77676,0.661626875401
77677,0.466717600822
77678,0.509442090988
77679,0.64374679327
77680,0.356484234333
77681,0.520687222481
77682,0.664005279541
77683,0.424226999283
77684,0.404969632626
77685,0.461538046598
77686,0.46382433176
77687,0.535000085831
77688,0.396650612354
77689,0.25245693326
77690,0.601407170296
77691,0.504483878613
77692,0.522663235664
77693,0.508446216583
77694,0.365914434195
77695,0.512291967869
77696,0.267859786749
77697,0.508039712906
77698,0.362717986107
77699,0.374133855104
77700,0.364358246326
77701,0.672631025314
77702,0.633681058884
77703,0.463349819183
77704,0.29245993495
77705,0.362276375294
77706,0.397413611412
77707,0.297397136688
77708,0.41265296936
77709,0.603107690811
77710,0.463113248348
77711,0.988130986691
77712,0.613976418972
77713,0.462267279625
77714,0.484836578369
77715,0.629798233509
77716,0.371606200933
77717,0.388892859221
77718,0.445828199387
77719,0.495148181915
77720,0.577176630497
77721,0.501968741417
77722,0.345973134041
77723,0.48766425252
77724,0.348418563604
77725,0.180520236492
77726,0.299866080284
77727,0.310236364603
77728,0.463693082333
77729,0.469987690449
77730,0.513322234154
77731,0.412252187729
77732,0.495507240295
77733,0.444048464298
77734,0.257028013468
77735,0.485020190477
77736,0.300895273685
77737,0.369412839413
77738,0.406241297722
77739,0.466475844383
77740,0.65539842844
77741,0.350694268942
77742,0.718488693237
77743,0.636927545071
77744,0.610662817955
77745,0.646517217159
77746,0.609720051289
77747,0.57066744566
77748,0.591180205345
77749,0.612652659416
77750,0.443767011166
77751,0.553172111511
77752,0.48620724678
77753,0.777842104435
77754,0.521896243095
77755,0.653594493866
77756,0.607459664345
77757,0.405767709017
77758,0.633279561996
77759,0.774196147919
77760,0.480071753263
77761,0.605033576488
77762,0.430172652006
77763,0.398907959461
77764,0.464024722576
77765,0.647131919861
77766,0.495810806751
77767,0.19408851862
77768,0.430469721556
77769,0.45179271698
77770,0.722860634327
77771,0.689487934113
77772,0.451428055763
77773,0.419844299555
77774,0.712341547012
77775,0.60014218092
77776,0.433546453714
77777,0.515922486782
77778,0.721143126488
77779,0.627211749554
77780,0.700916647911
77781,0.364674121141
77782,0.843313515186
77783,0.355692088604
77784,0.60479414463
77785,0.430389404297
77786,0.337152481079
77787,0.594526231289
77788,0.362381964922
77789,0.302753984928
77790,0.487672358751
77791,0.295455932617
77792,0.350218594074
77793,0.461518138647
77794,0.616964399815
77795,0.595173895359
77796,0.316470444202
77797,0.49659460783
77798,0.340747147799
77799,0.610208451748
77800,0.3837890625
77801,0.390126466751
77802,0.429355055094
77803,0.318226695061
77804,0.268668949604
77805,0.557020187378
77806,0.229062199593
77807,0.483274102211
77808,0.622694194317
77809,0.734549224377
77810,0.792106509209
77811,0.345678985119
77812,0.319760084152
77813,0.743624448776
77814,0.556043505669
77815,0.539215028286
77816,0.424170911312
77817,0.442017495632
77818,0.342823863029
77819,0.731683015823
77820,0.562969744205
77821,0.545268774033
77822,0.401931226254
77823,0.354628920555
77824,0.584053397179
77825,0.754274487495
77826,0.3129991889
77827,0.346936136484
77828,0.498714923859
77829,0.625741004944
77830,0.504515647888
77831,0.605397582054
77832,0.62400084734
77833,0.381474733353
77834,0.287127614021
77835,0.307505249977
77836,0.34797462821
77837,0.480031430721
77838,0.748381197453
77839,0.387534976006
77840,0.58545088768
77841,0.485061734915
77842,0.442017674446
77843,0.585256576538
77844,0.606345653534
77845,0.617140054703
77846,0.637264847755
77847,0.362181067467
77848,0.701898872852
77849,0.563505351543
77850,0.546892225742
77851,0.296039164066
77852,0.738052308559
77853,0.394555389881
77854,0.731171131134
77855,0.638062477112
77856,0.367928475142
77857,0.373080193996
77858,0.34834164381
77859,0.534108281136
77860,0.496167600155
77861,0.289460122585
77862,0.567069888115
77863,0.537691235542
77864,0.433752000332
77865,0.619797289371
77866,0.326164245605
77867,0.425331115723
77868,0.249054521322
77869,0.46513274312
77870,0.813621163368
77871,0.599451780319
77872,0.287866592407
77873,0.36555325985
77874,0.319748401642
77875,0.44262355566
77876,0.190696373582
77877,0.497392773628
77878,0.372095286846
77879,0.497211158276
77880,0.70456379652
77881,0.502687931061
77882,0.390583068132
77883,0.245808884501
77884,0.502395570278
77885,0.593998074532
77886,0.513030648232
77887,0.343384861946
77888,0.38824018836
77889,0.463490515947
77890,0.402890980244
77891,0.397171199322
77892,0.409205645323
77893,0.317260205746
77894,0.548904359341
77895,0.753553390503
77896,0.526890456676
77897,0.376973360777
77898,0.476605057716
77899,0.422969341278
77900,0.361264795065
77901,0.379798769951
77902,0.487231731415
77903,0.495094358921
77904,0.32996198535
77905,0.56334066391
77906,0.503401637077
77907,0.706642985344
77908,0.253868043423
77909,0.62992399931
77910,0.355661094189
77911,0.289457261562
77912,0.519174873829
77913,0.463170528412
77914,0.352100253105
77915,0.980906784534
77916,0.551995337009
77917,0.712430596352
77918,0.565502762794
77919,0.625633895397
77920,0.598713934422
77921,0.345290184021
77922,0.37530246377
77923,0.59700858593
77924,0.348532617092
77925,0.471214801073
77926,0.398683428764
77927,0.570794939995
77928,0.30895242095
77929,0.643451929092
77930,0.551196873188
77931,0.441901236773
77932,0.392648398876
77933,0.337954699993
77934,0.290513455868
77935,0.309831678867
77936,0.335802316666
77937,0.487207353115
77938,0.421949267387
77939,0.445405930281
77940,0.452721774578
77941,0.412097871304
77942,0.540169894695
77943,0.469434887171
77944,0.403889507055
77945,0.719948530197
77946,0.321295052767
77947,0.635088682175
77948,0.460088551044
77949,0.260667264462
77950,0.515988886356
77951,0.415757417679
77952,0.569018542767
77953,0.637846052647
77954,0.467189908028
77955,0.575292944908
77956,0.587818264961
77957,0.524579167366
77958,0.387436032295
77959,0.479451417923
77960,0.60035687685
77961,0.356024324894
77962,0.422592997551
77963,0.425491571426
77964,0.289050757885
77965,0.751532793045
77966,0.329685032368
77967,0.418082416058
77968,0.704812169075
77969,0.563878118992
77970,0.672512590885
77971,0.475566536188
77972,0.609859526157
77973,0.568706691265
77974,0.721589803696
77975,0.266436040401
77976,0.483475208282
77977,0.553655147552
77978,0.696986556053
77979,0.688955366611
77980,0.468824028969
77981,0.426464021206
77982,0.421407282352
77983,0.460496008396
77984,0.777201831341
77985,0.373123914003
77986,0.321321159601
77987,0.504019021988
77988,0.251381069422
77989,0.245355084538
77990,0.635130643845
77991,0.470712214708
77992,0.4967238307
77993,0.468980938196
77994,0.485803723335
77995,0.311775863171
77996,0.355124294758
77997,0.906669199467
77998,0.547509551048
77999,0.551172971725
78000,0.513939082623
78001,0.616688489914
78002,0.412725865841
78003,0.489495873451
78004,0.75891661644
78005,0.507716715336
78006,0.575549304485
78007,0.487854540348
78008,0.79527926445
78009,0.381304860115
78010,0.435216486454
78011,0.30597281456
78012,0.406008601189
78013,0.404088020325
78014,0.620697140694
78015,0.488198131323
78016,0.795117080212
78017,0.355883181095
78018,0.635413825512
78019,0.40027603507
78020,0.463950514793
78021,0.550040483475
78022,0.360012114048
78023,0.399126768112
78024,0.660210669041
78025,0.524435043335
78026,0.466166138649
78027,0.562021374702
78028,0.540447711945
78029,0.433408290148
78030,0.257113367319
78031,0.273914992809
78032,0.455568909645
78033,0.566513180733
78034,0.268205225468
78035,0.395241349936
78036,0.375066518784
78037,0.36296236515
78038,0.377407163382
78039,0.347151935101
78040,0.740267217159
78041,0.448153734207
78042,0.543048501015
78043,0.53794002533
78044,0.465541124344
78045,0.481534034014
78046,0.412814676762
78047,0.563969492912
78048,0.374865561724
78049,0.322925895452
78050,0.373322308064
78051,0.379850804806
78052,0.47570502758
78053,0.261095911264
78054,0.477217018604
78055,0.373533368111
78056,0.252642452717
78057,0.393508672714
78058,0.401008754969
78059,0.401116490364
78060,0.813710331917
78061,0.411724865437
78062,0.458954423666
78063,0.350515782833
78064,0.400334060192
78065,0.421115756035
78066,0.350706279278
78067,0.479381024837
78068,0.308030605316
78069,0.342809349298
78070,0.424765348434
78071,0.296117961407
78072,0.333940029144
78073,0.332351565361
78074,0.338453471661
78075,0.426101088524
78076,0.510507643223
78077,0.349265605211
78078,0.208449780941
78079,0.462042987347
78080,0.427710801363
78081,0.486023962498
78082,0.62715613842
78083,0.399918138981
78084,0.623180627823
78085,0.262612611055
78086,0.557311177254
78087,0.216725260019
78088,0.520679950714
78089,0.557861328125
78090,0.608385205269
78091,0.454073429108
78092,0.649983525276
78093,0.425365567207
78094,0.254073500633
78095,0.443929433823
78096,0.529898166656
78097,0.450604856014
78098,0.440061211586
78099,0.513061344624
78100,0.562046289444
78101,0.555263519287
78102,0.47699368
78103,0.489025831223
78104,0.652476429939
78105,0.382381498814
78106,0.699303746223
78107,0.384373366833
78108,0.532468914986
78109,0.286948233843
78110,0.729739308357
78111,0.429088532925
78112,0.653382658958
78113,0.740420758724
78114,0.713093459606
78115,0.52720618248
78116,0.64037913084
78117,0.637919485569
78118,0.521818637848
78119,0.525710821152
78120,0.582946062088
78121,0.513176381588
78122,0.940779149532
78123,0.519947707653
78124,0.628705501556
78125,0.986108362675
78126,0.313675284386
78127,0.728331267834
78128,0.313384860754
78129,0.601949334145
78130,0.345720022917
78131,0.434329926968
78132,0.509652197361
78133,0.513762831688
78134,0.422640830278
78135,0.379556953907
78136,0.643415868282
78137,0.569521903992
78138,0.433041453362
78139,0.743377625942
78140,0.378696739674
78141,0.310663789511
78142,0.447611063719
78143,0.40121743083
78144,0.440361440182
78145,0.3567237854
78146,0.395041406155
78147,0.563495695591
78148,0.404356956482
78149,0.373434364796
78150,0.562532067299
78151,0.752291142941
78152,0.395186960697
78153,0.499515473843
78154,0.480850577354
78155,0.504010856152
78156,0.642678022385
78157,0.401052445173
78158,0.607429027557
78159,0.667761147022
78160,0.399875074625
78161,0.362521022558
78162,0.241876929998
78163,0.579233884811
78164,0.416841864586
78165,0.782641291618
78166,0.414606690407
78167,0.389581114054
78168,0.30594599247
78169,0.532917380333
78170,0.938388884068
78171,0.680931448936
78172,0.770253658295
78173,0.463554739952
78174,0.369052052498
78175,0.473789393902
78176,0.508685946465
78177,0.436906397343
78178,0.498537302017
78179,0.596531569958
78180,0.406609594822
78181,0.341454654932
78182,0.363285183907
78183,0.519181728363
78184,0.490351140499
78185,0.658299207687
78186,0.50867408514
78187,0.49448248744
78188,0.517017483711
78189,0.327389001846
78190,0.297257989645
78191,0.491878330708
78192,0.482369482517
78193,0.425187528133
78194,0.543783903122
78195,0.322962403297
78196,0.597530007362
78197,0.548881053925
78198,0.546823143959
78199,0.634277641773
78200,0.349719882011
78201,0.654493093491
78202,0.594417452812
