4,0.0600280761719
5,0.186889648438
6,0.184936523438
7,0.181640625
8,0.183715820312
9,0.178955078125
10,0.177001953125
11,0.177856445312
12,0.178466796875
13,0.1728515625
14,0.172607421875
15,0.172119140625
16,0.168212890625
17,0.1640625
18,0.163208007812
19,0.158935546875
20,0.157836914062
21,0.159301757812
22,0.15673828125
23,0.146240234375
24,0.150024414062
25,0.142822265625
26,0.143188476562
27,0.13671875
28,0.149291992188
29,0.145629882812
30,0.137451171875
31,0.142822265625
32,0.147705078125
33,0.141235351562
34,0.142578125
35,0.140258789062
36,0.147827148438
37,0.142211914062
38,0.131225585938
39,0.12890625
40,0.143676757812
41,0.141723632812
42,0.135864257812
43,0.146850585938
44,0.135009765625
45,0.142700195312
46,0.145874023438
47,0.146606445312
48,0.135620117188
49,0.130859375
50,0.152099609375
51,0.12890625
52,0.137939453125
53,0.120300292969
54,0.156005859375
55,0.140258789062
56,0.138305664062
57,0.129028320312
58,0.141479492188
59,0.142456054688
60,0.126342773438
61,0.12548828125
62,0.142700195312
63,0.157104492188
64,0.14306640625
65,0.131469726562
66,0.154174804688
67,0.12451171875
68,0.12353515625
69,0.134155273438
70,0.138427734375
71,0.10986328125
72,0.132080078125
73,0.140869140625
74,0.154174804688
75,0.151123046875
76,0.12646484375
77,0.122985839844
78,0.129638671875
79,0.144897460938
80,0.144165039062
81,0.162963867188
82,0.134521484375
83,0.153564453125
84,0.121887207031
85,0.113464355469
86,0.151977539062
87,0.145263671875
88,0.148071289062
89,0.123962402344
90,0.139526367188
91,0.101989746094
92,0.127075195312
93,0.104736328125
94,0.162719726562
95,0.128051757812
96,0.162719726562
97,0.144775390625
98,0.103637695312
99,0.152465820312
100,0.140625
101,0.132934570312
102,0.126953125
103,0.112670898438
104,0.140869140625
105,0.129150390625
106,0.116760253906
107,0.118225097656
108,0.162475585938
109,0.123107910156
110,0.16552734375
111,0.148315429688
112,0.12841796875
113,0.150390625
114,0.15234375
115,0.14892578125
116,0.131713867188
117,0.163818359375
118,0.0977172851562
119,0.144165039062
120,0.140625
121,0.157836914062
122,0.147338867188
123,0.162109375
124,0.129150390625
125,0.158081054688
126,0.16162109375
127,0.1572265625
128,0.10546875
129,0.164672851562
130,0.150146484375
131,0.157104492188
132,0.140869140625
133,0.16796875
134,0.147216796875
135,0.164916992188
136,0.16552734375
137,0.14990234375
138,0.107360839844
139,0.15966796875
140,0.16015625
141,0.135375976562
142,0.126342773438
143,0.134765625
144,0.161376953125
145,0.149169921875
146,0.151000976562
147,0.148559570312
148,0.0961303710938
149,0.106872558594
150,0.166870117188
151,0.142578125
152,0.16162109375
153,0.14208984375
154,0.1015625
155,0.133911132812
156,0.155517578125
157,0.0875244140625
158,0.160400390625
159,0.136962890625
160,0.165161132812
161,0.16748046875
162,0.1376953125
163,0.12060546875
164,0.0936889648438
165,0.14794921875
166,0.148559570312
167,0.165649414062
168,0.18017578125
169,0.123840332031
170,0.161743164062
171,0.163696289062
172,0.101440429688
173,0.106018066406
174,0.09716796875
175,0.17431640625
176,0.09912109375
177,0.0999145507812
178,0.164184570312
179,0.150390625
180,0.163330078125
181,0.149658203125
182,0.1630859375
183,0.172729492188
184,0.16943359375
185,0.0868530273438
186,0.147705078125
187,0.101135253906
188,0.146118164062
189,0.17431640625
190,0.154296875
191,0.173828125
192,0.173706054688
193,0.17626953125
194,0.10205078125
195,0.100708007812
196,0.127075195312
197,0.165161132812
198,0.167724609375
199,0.166015625
200,0.1611328125
201,0.161865234375
202,0.168090820312
203,0.153076171875
204,0.166015625
205,0.130737304688
206,0.175415039062
207,0.163818359375
208,0.103210449219
209,0.169799804688
210,0.162475585938
211,0.146484375
212,0.175537109375
213,0.123107910156
214,0.149536132812
215,0.17138671875
216,0.140625
217,0.169677734375
218,0.0767822265625
219,0.159545898438
220,0.167114257812
221,0.178466796875
222,0.162719726562
223,0.178588867188
224,0.101867675781
225,0.158813476562
226,0.162231445312
227,0.158935546875
228,0.171142578125
229,0.178588867188
230,0.09521484375
231,0.148315429688
232,0.157104492188
233,0.16455078125
234,0.09814453125
235,0.161499023438
236,0.169311523438
237,0.158203125
238,0.176025390625
239,0.133911132812
240,0.0946044921875
241,0.165649414062
242,0.176879882812
243,0.143310546875
244,0.0922241210938
245,0.0896606445312
246,0.1787109375
247,0.152221679688
248,0.162353515625
249,0.0951538085938
250,0.170166015625
251,0.144653320312
252,0.08837890625
253,0.183471679688
254,0.0866088867188
255,0.154541015625
256,0.0870971679688
257,0.177856445312
258,0.1611328125
259,0.157470703125
260,0.099365234375
261,0.0969848632812
262,0.0978393554688
263,0.173583984375
264,0.134155273438
265,0.1201171875
266,0.130737304688
267,0.177734375
268,0.0909423828125
269,0.177490234375
270,0.161376953125
271,0.106994628906
272,0.0924682617188
273,0.10400390625
274,0.1064453125
275,0.108215332031
276,0.16796875
277,0.184692382812
278,0.160522460938
279,0.1796875
280,0.172973632812
281,0.0936279296875
282,0.178100585938
283,0.173828125
284,0.152465820312
285,0.1689453125
286,0.0841674804688
287,0.0960693359375
288,0.0978393554688
289,0.179077148438
290,0.165649414062
291,0.184814453125
292,0.090576171875
293,0.130004882812
294,0.183837890625
295,0.080322265625
296,0.0841674804688
297,0.169799804688
298,0.175659179688
299,0.103454589844
300,0.134399414062
301,0.154907226562
302,0.174438476562
303,0.0972290039062
304,0.175903320312
305,0.0892333984375
306,0.116455078125
307,0.158569335938
308,0.119934082031
309,0.1796875
310,0.103393554688
311,0.159301757812
312,0.17236328125
313,0.0965576171875
314,0.127685546875
315,0.176391601562
316,0.166137695312
317,0.0975341796875
318,0.0897216796875
319,0.186157226562
320,0.180297851562
321,0.102905273438
322,0.137084960938
323,0.168334960938
324,0.0845336914062
325,0.0822143554688
326,0.173583984375
327,0.1416015625
328,0.177856445312
329,0.106262207031
330,0.102661132812
331,0.161865234375
332,0.184936523438
333,0.181762695312
334,0.141845703125
335,0.1708984375
336,0.087646484375
337,0.178344726562
338,0.162353515625
339,0.1103515625
340,0.115661621094
341,0.145263671875
342,0.0972290039062
343,0.0900268554688
344,0.175415039062
345,0.172729492188
346,0.181640625
347,0.1845703125
348,0.1748046875
349,0.180053710938
350,0.155395507812
351,0.175048828125
352,0.15283203125
353,0.173950195312
354,0.171875
355,0.0967407226562
356,0.178588867188
357,0.176147460938
358,0.1416015625
359,0.180297851562
360,0.110229492188
361,0.093505859375
362,0.171508789062
363,0.0991821289062
364,0.129760742188
365,0.18310546875
366,0.1845703125
367,0.172729492188
368,0.156494140625
369,0.1806640625
370,0.174194335938
371,0.094482421875
372,0.186767578125
373,0.125122070312
374,0.106262207031
375,0.188354492188
376,0.0932006835938
377,0.0812377929688
378,0.187866210938
379,0.184936523438
380,0.17626953125
381,0.18212890625
382,0.107543945312
383,0.190795898438
384,0.17138671875
385,0.168701171875
386,0.182861328125
387,0.0791625976562
388,0.18505859375
389,0.174926757812
390,0.104370117188
391,0.182983398438
392,0.0862426757812
393,0.11669921875
394,0.144287109375
395,0.18408203125
396,0.181396484375
397,0.165893554688
398,0.17919921875
399,0.17431640625
400,0.119812011719
401,0.139526367188
402,0.17626953125
403,0.160278320312
404,0.147705078125
405,0.1689453125
406,0.183837890625
407,0.10009765625
408,0.106994628906
409,0.0961303710938
410,0.13427734375
411,0.165161132812
412,0.154174804688
413,0.185791015625
414,0.178955078125
415,0.12841796875
416,0.185668945312
417,0.0811767578125
418,0.157470703125
419,0.12353515625
420,0.192749023438
421,0.175659179688
422,0.0762939453125
423,0.094482421875
424,0.0756225585938
425,0.176391601562
426,0.165283203125
427,0.178344726562
428,0.181030273438
429,0.0924682617188
430,0.082275390625
431,0.186157226562
432,0.174682617188
433,0.178466796875
434,0.156860351562
435,0.178588867188
436,0.16650390625
437,0.188598632812
438,0.17626953125
439,0.192993164062
440,0.166137695312
441,0.1884765625
442,0.0867309570312
443,0.0950927734375
444,0.112915039062
445,0.18212890625
446,0.173950195312
447,0.157592773438
448,0.135498046875
449,0.108093261719
450,0.097412109375
451,0.115905761719
452,0.17333984375
453,0.111572265625
454,0.0784912109375
455,0.179809570312
456,0.0988159179688
457,0.112487792969
458,0.169311523438
459,0.165893554688
460,0.1826171875
461,0.1650390625
462,0.173706054688
463,0.189819335938
464,0.0848388671875
465,0.106994628906
466,0.171020507812
467,0.160522460938
468,0.110046386719
469,0.103332519531
470,0.161499023438
471,0.0698852539062
472,0.0847778320312
473,0.0943603515625
474,0.08740234375
475,0.163940429688
476,0.182250976562
477,0.0903930664062
478,0.184326171875
479,0.167114257812
480,0.0923461914062
481,0.191772460938
482,0.192749023438
483,0.18310546875
484,0.190063476562
485,0.182006835938
486,0.0897216796875
487,0.0838012695312
488,0.180297851562
489,0.166015625
490,0.161865234375
491,0.168334960938
492,0.115417480469
493,0.173217773438
494,0.189819335938
495,0.182373046875
496,0.0816650390625
497,0.0973510742188
498,0.170166015625
499,0.0736083984375
500,0.174682617188
501,0.0792846679688
502,0.158569335938
503,0.1611328125
504,0.188720703125
505,0.185302734375
506,0.112426757812
507,0.1845703125
508,0.1787109375
509,0.124206542969
510,0.124755859375
511,0.09765625
512,0.192016601562
513,0.153442382812
514,0.0759887695312
515,0.0934448242188
516,0.190185546875
517,0.0795288085938
518,0.0707397460938
519,0.186401367188
520,0.159912109375
521,0.137939453125
522,0.175903320312
523,0.0864868164062
524,0.178833007812
525,0.102233886719
526,0.0750122070312
527,0.0901489257812
528,0.111145019531
529,0.185546875
530,0.169189453125
531,0.0819091796875
532,0.171020507812
533,0.184936523438
534,0.12841796875
535,0.081298828125
536,0.073486328125
537,0.0814208984375
538,0.138916015625
539,0.0792236328125
540,0.1796875
541,0.177124023438
542,0.139282226562
543,0.1015625
544,0.179809570312
545,0.163696289062
546,0.18994140625
547,0.177001953125
548,0.181884765625
549,0.134155273438
550,0.18603515625
551,0.0830078125
552,0.181030273438
553,0.100280761719
554,0.185913085938
555,0.0894775390625
556,0.184814453125
557,0.188232421875
558,0.1513671875
559,0.0794067382812
560,0.180419921875
561,0.166137695312
562,0.0933837890625
563,0.0833740234375
564,0.178466796875
565,0.0952758789062
566,0.186401367188
567,0.191040039062
568,0.0932006835938
569,0.164184570312
570,0.196655273438
571,0.182250976562
572,0.165771484375
573,0.184936523438
574,0.180908203125
575,0.185424804688
576,0.182861328125
577,0.19580078125
578,0.122314453125
579,0.17626953125
580,0.0997924804688
581,0.121398925781
582,0.0848999023438
583,0.191284179688
584,0.129150390625
585,0.169067382812
586,0.1884765625
587,0.169555664062
588,0.132080078125
589,0.099609375
590,0.160522460938
591,0.106628417969
592,0.19580078125
593,0.178100585938
594,0.135864257812
595,0.169189453125
596,0.174926757812
597,0.155517578125
598,0.0773315429688
599,0.172973632812
600,0.18701171875
601,0.107238769531
602,0.0678100585938
603,0.113891601562
604,0.157470703125
605,0.176025390625
606,0.188110351562
607,0.191040039062
608,0.191528320312
609,0.077880859375
610,0.123107910156
611,0.186279296875
612,0.0776977539062
613,0.184326171875
614,0.180541992188
615,0.0748291015625
616,0.17578125
617,0.18212890625
618,0.0757446289062
619,0.169799804688
620,0.0804443359375
621,0.1298828125
622,0.183959960938
623,0.1826171875
624,0.18212890625
625,0.165283203125
626,0.193725585938
627,0.0867309570312
628,0.106750488281
629,0.090087890625
630,0.163452148438
631,0.0967407226562
632,0.121948242188
633,0.08251953125
634,0.190185546875
635,0.06884765625
636,0.122009277344
637,0.187377929688
638,0.0719604492188
639,0.191162109375
640,0.194946289062
641,0.204833984375
642,0.186279296875
643,0.195922851562
644,0.182983398438
645,0.0803833007812
646,0.169677734375
647,0.114685058594
648,0.130859375
649,0.107604980469
650,0.1865234375
651,0.142700195312
652,0.16650390625
653,0.0780029296875
654,0.170532226562
655,0.09912109375
656,0.119323730469
657,0.194946289062
658,0.183471679688
659,0.18994140625
660,0.139282226562
661,0.0864868164062
662,0.101806640625
663,0.0794067382812
664,0.157104492188
665,0.0847778320312
666,0.184326171875
667,0.0780029296875
668,0.0827026367188
669,0.195922851562
670,0.168579101562
671,0.197265625
672,0.195434570312
673,0.168212890625
674,0.109375
675,0.0847778320312
676,0.1806640625
677,0.0808715820312
678,0.179809570312
679,0.138916015625
680,0.189575195312
681,0.114990234375
682,0.166137695312
683,0.104187011719
684,0.177612304688
685,0.188354492188
686,0.179077148438
687,0.183471679688
688,0.1923828125
689,0.192626953125
690,0.165771484375
691,0.18896484375
692,0.18701171875
693,0.081298828125
694,0.15087890625
695,0.084228515625
696,0.0877685546875
697,0.1845703125
698,0.121215820312
699,0.1826171875
700,0.180419921875
701,0.0850219726562
702,0.0792236328125
703,0.182250976562
704,0.16357421875
705,0.0969848632812
706,0.16943359375
707,0.0877075195312
708,0.190795898438
709,0.176147460938
710,0.0693359375
711,0.184448242188
712,0.193237304688
713,0.187377929688
714,0.0862426757812
715,0.192138671875
716,0.091796875
717,0.134887695312
718,0.175537109375
719,0.186645507812
720,0.17333984375
721,0.184204101562
722,0.121826171875
723,0.177978515625
724,0.13427734375
725,0.1884765625
726,0.198364257812
727,0.092529296875
728,0.183471679688
729,0.142333984375
730,0.0830078125
731,0.174926757812
732,0.188720703125
733,0.0953369140625
734,0.0911254882812
735,0.156616210938
736,0.14697265625
737,0.08642578125
738,0.183837890625
739,0.0782470703125
740,0.0907592773438
741,0.08544921875
742,0.158569335938
743,0.125
744,0.182250976562
745,0.089111328125
746,0.131103515625
747,0.131103515625
748,0.205322265625
749,0.0868530273438
750,0.189697265625
751,0.193969726562
752,0.170776367188
753,0.140625
754,0.182983398438
755,0.193725585938
756,0.115844726562
757,0.0840454101562
758,0.17626953125
759,0.16796875
760,0.172119140625
761,0.196044921875
762,0.123291015625
763,0.156494140625
764,0.068359375
765,0.0789184570312
766,0.19189453125
767,0.197143554688
768,0.0748901367188
769,0.152587890625
770,0.0955810546875
771,0.184814453125
772,0.0808715820312
773,0.0845336914062
774,0.0731201171875
775,0.192749023438
776,0.0772094726562
777,0.184936523438
778,0.0725708007812
779,0.0761108398438
780,0.0810546875
781,0.0786743164062
782,0.193359375
783,0.185546875
784,0.165283203125
785,0.191162109375
787,0.0750732421875
788,0.1865234375
789,0.0782470703125
790,0.111267089844
791,0.10595703125
792,0.174194335938
793,0.171875
794,0.0989990234375
795,0.174194335938
796,0.18359375
797,0.0797119140625
798,0.174438476562
799,0.105102539062
800,0.197875976562
801,0.197021484375
802,0.0714111328125
803,0.152587890625
804,0.174682617188
805,0.160522460938
806,0.194946289062
807,0.0935668945312
808,0.186645507812
809,0.133056640625
810,0.175903320312
811,0.191650390625
812,0.126708984375
813,0.0792236328125
814,0.0855102539062
815,0.0775756835938
816,0.181030273438
817,0.0831909179688
818,0.108642578125
819,0.196533203125
820,0.168334960938
821,0.068115234375
822,0.0979614257812
823,0.161254882812
824,0.128540039062
825,0.0717163085938
826,0.1767578125
827,0.0870971679688
828,0.121032714844
829,0.0712280273438
830,0.181640625
831,0.1904296875
832,0.18212890625
833,0.187744140625
834,0.191284179688
835,0.0736083984375
836,0.1904296875
837,0.18701171875
838,0.190063476562
839,0.187866210938
840,0.072998046875
841,0.123291015625
842,0.12548828125
843,0.18994140625
844,0.0827026367188
845,0.168212890625
846,0.072021484375
847,0.0803833007812
848,0.151123046875
849,0.188110351562
850,0.174682617188
851,0.0991821289062
852,0.191528320312
853,0.177978515625
854,0.115173339844
855,0.191284179688
856,0.137817382812
857,0.0758666992188
858,0.182983398438
859,0.184448242188
860,0.163330078125
861,0.153686523438
862,0.0874633789062
863,0.186157226562
864,0.090576171875
865,0.19580078125
866,0.190307617188
867,0.0812377929688
868,0.11767578125
869,0.07763671875
870,0.0758056640625
871,0.19091796875
872,0.193603515625
873,0.0868530273438
874,0.0831909179688
875,0.104370117188
876,0.201293945312
877,0.0784301757812
878,0.122192382812
879,0.101440429688
880,0.1923828125
881,0.176391601562
882,0.112182617188
883,0.0780029296875
884,0.186279296875
885,0.0975952148438
886,0.0880126953125
887,0.179321289062
888,0.189575195312
889,0.175415039062
890,0.06787109375
891,0.181640625
892,0.0780639648438
893,0.173583984375
894,0.0714111328125
895,0.07373046875
896,0.1337890625
897,0.190551757812
898,0.0791015625
899,0.0867309570312
900,0.075439453125
901,0.0761108398438
902,0.067138671875
903,0.0814208984375
904,0.181640625
905,0.0925903320312
906,0.1796875
907,0.180786132812
908,0.0967407226562
909,0.171630859375
910,0.0759887695312
911,0.18359375
912,0.189208984375
913,0.0677490234375
914,0.118774414062
915,0.194458007812
916,0.0748901367188
917,0.1865234375
918,0.1884765625
919,0.0866088867188
920,0.185180664062
921,0.193725585938
922,0.151245117188
923,0.195068359375
924,0.192749023438
925,0.171752929688
926,0.160888671875
927,0.08935546875
928,0.115905761719
929,0.0770874023438
930,0.0661010742188
931,0.0792846679688
932,0.115478515625
933,0.0731201171875
934,0.179077148438
935,0.112976074219
936,0.0703125
937,0.180053710938
938,0.194580078125
939,0.193237304688
940,0.181884765625
941,0.086181640625
942,0.0721435546875
943,0.145874023438
944,0.1923828125
945,0.067138671875
946,0.0894775390625
947,0.109375
948,0.178955078125
949,0.145263671875
950,0.0965576171875
951,0.19384765625
952,0.179565429688
953,0.191162109375
954,0.0690307617188
955,0.185791015625
956,0.137084960938
957,0.0716552734375
958,0.182983398438
959,0.16845703125
960,0.075439453125
961,0.183227539062
962,0.193725585938
963,0.113037109375
964,0.186157226562
965,0.110229492188
966,0.1650390625
967,0.0751342773438
968,0.181518554688
969,0.1298828125
970,0.176879882812
971,0.108459472656
972,0.184814453125
973,0.190795898438
974,0.192260742188
975,0.0765380859375
976,0.176025390625
977,0.0596618652344
978,0.187866210938
979,0.198486328125
980,0.18115234375
981,0.192749023438
982,0.1787109375
983,0.114562988281
984,0.0700073242188
985,0.177368164062
986,0.111083984375
987,0.0709228515625
988,0.0856323242188
989,0.06689453125
990,0.122619628906
991,0.194580078125
992,0.112426757812
993,0.19091796875
994,0.157958984375
995,0.185913085938
996,0.185180664062
997,0.179565429688
998,0.138305664062
999,0.0715942382812
1000,0.141357421875
1001,0.162475585938
1002,0.178100585938
1003,0.1923828125
1004,0.181396484375
1005,0.184692382812
1006,0.18603515625
1007,0.083740234375
1008,0.18115234375
1009,0.0753784179688
1010,0.105102539062
1011,0.191528320312
1012,0.142456054688
1013,0.1689453125
1014,0.184692382812
1015,0.0671997070312
1016,0.0969848632812
1017,0.113586425781
1018,0.182739257812
1019,0.193969726562
1020,0.126220703125
1021,0.200073242188
1022,0.0845336914062
1023,0.177856445312
1024,0.0784301757812
1025,0.183837890625
1026,0.0794067382812
1027,0.194213867188
1028,0.17626953125
1029,0.199829101562
1030,0.0823364257812
1031,0.197509765625
1032,0.115295410156
1033,0.0693969726562
1034,0.192016601562
1035,0.0740356445312
1036,0.0616455078125
1037,0.080322265625
1038,0.0853271484375
1039,0.0888671875
1040,0.0894165039062
1041,0.104431152344
1042,0.19384765625
1043,0.068603515625
1044,0.17919921875
1045,0.177368164062
1046,0.12939453125
1047,0.183471679688
1048,0.17236328125
1049,0.0721435546875
1050,0.200073242188
1051,0.152954101562
1052,0.166015625
1053,0.0726928710938
1054,0.0724487304688
1055,0.103759765625
1056,0.0946655273438
1057,0.0997924804688
1058,0.195068359375
1059,0.1669921875
1060,0.169189453125
1061,0.195190429688
1062,0.185791015625
1063,0.0697021484375
1064,0.0838012695312
1065,0.0836791992188
1066,0.09814453125
1067,0.19384765625
1068,0.183349609375
1069,0.0746459960938
1070,0.0695190429688
1071,0.0875854492188
1072,0.1630859375
1073,0.124450683594
1074,0.0768432617188
1075,0.186157226562
1076,0.187744140625
1077,0.17724609375
1078,0.195922851562
1079,0.194091796875
1080,0.0723266601562
1081,0.105651855469
1082,0.0820922851562
1083,0.16796875
1084,0.0863037109375
1085,0.186279296875
1086,0.106628417969
1087,0.078857421875
1088,0.155029296875
1089,0.07177734375
1090,0.178955078125
1091,0.177734375
1092,0.16259765625
1093,0.194946289062
1094,0.0712890625
1095,0.174438476562
1096,0.19189453125
1097,0.184448242188
1098,0.197875976562
1099,0.19091796875
1100,0.0784912109375
1101,0.0811157226562
1102,0.1787109375
1103,0.14111328125
1104,0.177124023438
1105,0.078857421875
1106,0.1767578125
1107,0.187377929688
1108,0.0687866210938
1109,0.183959960938
1110,0.0807495117188
1111,0.0770263671875
1112,0.181884765625
1113,0.0736694335938
1114,0.0850219726562
1115,0.194702148438
1116,0.0894165039062
1117,0.194946289062
1118,0.080078125
1119,0.0675048828125
1120,0.162475585938
1121,0.0736083984375
1122,0.197509765625
1123,0.189575195312
1124,0.0692749023438
1125,0.181762695312
1126,0.15478515625
1127,0.174682617188
1128,0.162963867188
1129,0.191040039062
1130,0.196044921875
1131,0.0715942382812
1132,0.195678710938
1133,0.19091796875
1134,0.191040039062
1135,0.182983398438
1136,0.0697021484375
1137,0.107116699219
1138,0.18408203125
1139,0.0704956054688
1140,0.189086914062
1141,0.0795288085938
1142,0.114135742188
1143,0.1884765625
1144,0.189086914062
1145,0.144775390625
1146,0.189331054688
1147,0.117370605469
1148,0.07763671875
1149,0.0872192382812
1150,0.192993164062
1151,0.0687255859375
1152,0.184936523438
1153,0.187377929688
1154,0.17626953125
1155,0.0807495117188
1156,0.197875976562
1157,0.104431152344
1158,0.186889648438
1159,0.117919921875
1160,0.194458007812
1161,0.0894775390625
1162,0.18115234375
1163,0.19384765625
1164,0.18798828125
1165,0.137939453125
1166,0.189819335938
1167,0.190063476562
1168,0.06591796875
1169,0.0802001953125
1170,0.0675048828125
1171,0.188232421875
1172,0.0955200195312
1173,0.134643554688
1174,0.175048828125
1175,0.0792846679688
1176,0.0849609375
1177,0.100769042969
1178,0.0731811523438
1179,0.182983398438
1180,0.163818359375
1181,0.13134765625
1182,0.100219726562
1183,0.136840820312
1184,0.200439453125
1185,0.19384765625
1186,0.102844238281
1187,0.181274414062
1188,0.070068359375
1189,0.105651855469
1190,0.169799804688
1191,0.0692749023438
1192,0.171630859375
1193,0.0830078125
1194,0.187744140625
1195,0.138305664062
1196,0.18212890625
1197,0.0704345703125
1198,0.193481445312
1199,0.157348632812
1200,0.117248535156
1201,0.203857421875
1202,0.182006835938
1203,0.07080078125
1204,0.0722045898438
1205,0.0787963867188
1206,0.0691528320312
1207,0.189575195312
1208,0.194946289062
1209,0.071044921875
1210,0.109130859375
1211,0.194580078125
1212,0.1650390625
1213,0.17578125
1214,0.188110351562
1215,0.0704345703125
1216,0.0770874023438
1217,0.183959960938
1218,0.178100585938
1219,0.170654296875
1220,0.0924072265625
1221,0.186157226562
1222,0.177978515625
1223,0.187255859375
1224,0.186645507812
1225,0.191284179688
1226,0.0712280273438
1227,0.181518554688
1228,0.182373046875
1229,0.0685424804688
1230,0.0692749023438
1231,0.0763549804688
1232,0.0867309570312
1233,0.0880126953125
1234,0.1572265625
1235,0.196899414062
1236,0.12744140625
1237,0.0787353515625
1238,0.192504882812
1239,0.186889648438
1240,0.0785522460938
1241,0.194946289062
1242,0.181640625
1243,0.0733642578125
1244,0.156860351562
1245,0.187622070312
1246,0.0687255859375
1247,0.0857543945312
1248,0.0714111328125
1249,0.1708984375
1250,0.0736694335938
1251,0.198608398438
1252,0.175537109375
1253,0.143676757812
1254,0.177612304688
1255,0.182495117188
1256,0.070068359375
1257,0.179443359375
1258,0.186889648438
1259,0.190307617188
1260,0.182495117188
1261,0.170532226562
1262,0.17529296875
1263,0.0763549804688
1264,0.074951171875
1265,0.0892333984375
1266,0.19091796875
1267,0.172485351562
1268,0.08154296875
1269,0.161865234375
1270,0.195556640625
1271,0.193481445312
1272,0.0650634765625
1273,0.192504882812
1274,0.103698730469
1275,0.179809570312
1276,0.179443359375
1277,0.200317382812
1278,0.189575195312
1279,0.0838012695312
1280,0.087158203125
1281,0.196899414062
1282,0.0929565429688
1283,0.0635986328125
1284,0.184814453125
1285,0.079345703125
1286,0.181274414062
1287,0.112182617188
1288,0.1689453125
1289,0.181884765625
1290,0.188598632812
1291,0.0672607421875
1292,0.0986328125
1293,0.203491210938
1294,0.0874633789062
1295,0.179077148438
1296,0.143920898438
1297,0.067138671875
1298,0.173828125
1299,0.120788574219
1300,0.0747680664062
1301,0.20068359375
1302,0.140258789062
1303,0.191772460938
1304,0.0723876953125
1305,0.188110351562
1306,0.0848999023438
1307,0.074462890625
1308,0.0829467773438
1309,0.1787109375
1310,0.192504882812
1311,0.124328613281
1312,0.193237304688
1313,0.178344726562
1314,0.0852661132812
1315,0.0765991210938
1316,0.0719604492188
1317,0.0988159179688
1318,0.183959960938
1319,0.178588867188
1320,0.192260742188
1321,0.190795898438
1322,0.1796875
1323,0.176147460938
1324,0.07177734375
1325,0.181030273438
1326,0.181030273438
1327,0.202514648438
1328,0.189697265625
1329,0.187133789062
1330,0.170776367188
1331,0.10791015625
1332,0.110168457031
1333,0.184204101562
1334,0.194580078125
1335,0.117126464844
1336,0.182250976562
1337,0.0702514648438
1338,0.180541992188
1339,0.0713500976562
1340,0.125244140625
1341,0.192260742188
1342,0.19580078125
1343,0.125854492188
1344,0.185424804688
1345,0.0745849609375
1346,0.0809326171875
1347,0.14208984375
1348,0.188598632812
1349,0.176147460938
1350,0.0779418945312
1351,0.142700195312
1352,0.130859375
1353,0.0844116210938
1354,0.144653320312
1355,0.186889648438
1356,0.173217773438
1357,0.192993164062
1358,0.11572265625
1359,0.0880126953125
1360,0.16845703125
1361,0.18994140625
1362,0.0874633789062
1363,0.0784301757812
1364,0.18115234375
1365,0.1923828125
1366,0.158447265625
1367,0.188110351562
1368,0.188598632812
1369,0.185180664062
1370,0.155395507812
1371,0.180419921875
1372,0.181518554688
1373,0.162109375
1374,0.18701171875
1375,0.103210449219
1376,0.194580078125
1377,0.0962524414062
1378,0.186157226562
1379,0.0707397460938
1380,0.196655273438
1381,0.201293945312
1382,0.072998046875
1383,0.165649414062
1384,0.194580078125
1385,0.0706787109375
1386,0.08251953125
1387,0.17529296875
1388,0.093017578125
1389,0.186889648438
1390,0.147583007812
1391,0.06787109375
1392,0.0833129882812
1393,0.194091796875
1394,0.1796875
1395,0.184936523438
1396,0.182983398438
1397,0.200317382812
1398,0.081298828125
1399,0.06884765625
1400,0.093505859375
1401,0.0973510742188
1402,0.0831298828125
1403,0.19140625
1404,0.194458007812
1405,0.189575195312
1406,0.073974609375
1407,0.178588867188
1408,0.194702148438
1409,0.085205078125
1410,0.146118164062
1411,0.0801391601562
1412,0.0741577148438
1413,0.181396484375
1414,0.166870117188
1415,0.0607299804688
1416,0.191650390625
1417,0.19287109375
1418,0.190551757812
1419,0.189208984375
1420,0.1904296875
1421,0.191284179688
1422,0.0636596679688
1423,0.197265625
1424,0.152709960938
1425,0.158813476562
1426,0.196655273438
1427,0.13037109375
1428,0.174194335938
1429,0.114624023438
1430,0.0850830078125
1431,0.187622070312
1432,0.171875
1433,0.18408203125
1434,0.180908203125
1435,0.194702148438
1436,0.176513671875
1437,0.14892578125
1438,0.095947265625
1439,0.067626953125
1440,0.150024414062
1441,0.0751342773438
1442,0.179321289062
1443,0.170043945312
1444,0.170166015625
1445,0.176025390625
1446,0.187866210938
1447,0.17333984375
1448,0.069091796875
1449,0.0751342773438
1450,0.165649414062
1451,0.185668945312
1452,0.150756835938
1453,0.110046386719
1454,0.185302734375
1455,0.186645507812
1456,0.189086914062
1457,0.164794921875
1458,0.118713378906
1459,0.176513671875
1460,0.195068359375
1461,0.0797729492188
1462,0.188842773438
1463,0.0872192382812
1464,0.08837890625
1465,0.0711669921875
1466,0.154418945312
1467,0.196899414062
1468,0.193725585938
1469,0.0701293945312
1470,0.201538085938
1471,0.189697265625
1472,0.0818481445312
1473,0.087890625
1474,0.0804443359375
1475,0.080322265625
1476,0.0758666992188
1477,0.175048828125
1478,0.0722045898438
1479,0.194213867188
1480,0.0675659179688
1481,0.18505859375
1482,0.175659179688
1483,0.141357421875
1484,0.0732421875
1485,0.191162109375
1486,0.0700073242188
1487,0.107788085938
1488,0.0676879882812
1489,0.0919799804688
1490,0.194213867188
1491,0.193237304688
1492,0.133544921875
1493,0.0723876953125
1494,0.061279296875
1495,0.0850219726562
1496,0.163330078125
1497,0.0851440429688
1498,0.20166015625
1499,0.19091796875
1500,0.0763549804688
1501,0.186401367188
1502,0.0997924804688
1503,0.087890625
1504,0.07080078125
1505,0.12646484375
1506,0.105651855469
1507,0.1328125
1508,0.191650390625
1509,0.0772094726562
1510,0.140258789062
1511,0.14404296875
1512,0.181884765625
1513,0.192749023438
1514,0.15625
1515,0.0919189453125
1516,0.204956054688
1517,0.0821533203125
1518,0.0767211914062
1519,0.0982055664062
1520,0.175415039062
1521,0.1845703125
1522,0.192504882812
1523,0.0745239257812
1524,0.191284179688
1525,0.0681762695312
1526,0.150390625
1527,0.191284179688
1528,0.177978515625
1529,0.0762329101562
1530,0.071044921875
1531,0.126342773438
1532,0.0733032226562
1533,0.171630859375
1534,0.173583984375
1535,0.192626953125
1536,0.181274414062
1537,0.0771484375
1538,0.0681762695312
1539,0.180541992188
1540,0.080810546875
1541,0.19140625
1542,0.193115234375
1543,0.068115234375
1544,0.17333984375
1545,0.0779418945312
1546,0.09375
1547,0.0826416015625
1548,0.197509765625
1549,0.0653076171875
1550,0.202026367188
1551,0.171020507812
1552,0.0849609375
1553,0.0800170898438
1554,0.0824584960938
1555,0.121337890625
1556,0.18505859375
1557,0.0740356445312
1558,0.192626953125
1559,0.14208984375
1560,0.190795898438
1561,0.166137695312
1562,0.200805664062
1563,0.187377929688
38319,0.0684814453125
38320,0.0792236328125
38321,0.0726318359375
38322,0.09814453125
38323,0.0697021484375
38324,0.0881958007812
38325,0.0709838867188
38326,0.083251953125
38327,0.0752563476562
38328,0.178955078125
38329,0.129150390625
38330,0.121948242188
38331,0.19189453125
38332,0.0908813476562
38333,0.181274414062
38334,0.093017578125
38335,0.0867309570312
38336,0.07421875
38337,0.214965820312
38338,0.186279296875
38339,0.15185546875
38340,0.19970703125
38341,0.146606445312
38342,0.0771484375
38343,0.1748046875
38344,0.1611328125
38345,0.197265625
38346,0.083984375
38347,0.184814453125
38348,0.0925903320312
38349,0.113159179688
38350,0.0826416015625
38351,0.1962890625
38352,0.0808715820312
38353,0.188598632812
38354,0.201293945312
38355,0.0742797851562
38356,0.131469726562
38357,0.0713500976562
38358,0.125854492188
38359,0.0836181640625
38360,0.194458007812
38361,0.0784912109375
38362,0.0625
38363,0.068359375
38364,0.19921875
38365,0.102783203125
38366,0.188842773438
38367,0.072021484375
38368,0.121948242188
38369,0.0768432617188
38371,0.187622070312
38372,0.189208984375
38373,0.169189453125
38374,0.130004882812
38375,0.181762695312
38376,0.198608398438
38377,0.0704956054688
38378,0.0769653320312
38379,0.186645507812
38380,0.077392578125
38381,0.190185546875
38382,0.184692382812
38383,0.1357421875
38384,0.0753173828125
38385,0.068359375
38386,0.0599365234375
38387,0.181884765625
38388,0.0717163085938
38389,0.0783081054688
38390,0.066162109375
38391,0.10107421875
38392,0.0699462890625
38393,0.215942382812
38394,0.217529296875
38395,0.0861206054688
38396,0.216064453125
38397,0.070068359375
38398,0.162353515625
38399,0.0709838867188
38400,0.1337890625
38401,0.0745849609375
38402,0.108520507812
38403,0.100158691406
38404,0.180908203125
38405,0.174682617188
38406,0.129638671875
38407,0.157104492188
38408,0.11572265625
38409,0.07568359375
38410,0.0701904296875
38411,0.170288085938
38412,0.07666015625
38413,0.0772094726562
38414,0.172485351562
38415,0.160400390625
38416,0.087158203125
38417,0.08642578125
38418,0.105285644531
38419,0.0982666015625
38420,0.168579101562
38421,0.182373046875
38422,0.0736694335938
38423,0.0704345703125
38424,0.138061523438
38425,0.0736694335938
38426,0.09765625
38427,0.097900390625
38428,0.139038085938
38429,0.116394042969
38430,0.0751342773438
38431,0.0695190429688
38432,0.0717163085938
38433,0.182495117188
38434,0.0948486328125
38435,0.1005859375
38436,0.0704956054688
38437,0.176391601562
38438,0.10400390625
38439,0.0650024414062
38440,0.115417480469
38441,0.1640625
38442,0.16015625
38443,0.1416015625
38444,0.0831909179688
38445,0.192626953125
38446,0.0863647460938
38447,0.0726928710938
38448,0.0648193359375
38449,0.076904296875
38450,0.184814453125
38451,0.0709838867188
38452,0.142944335938
38453,0.0717163085938
38454,0.0767211914062
38455,0.0755615234375
38456,0.183227539062
38457,0.0779418945312
38458,0.190307617188
38459,0.151245117188
38460,0.189575195312
38461,0.0600891113281
38462,0.0797729492188
38463,0.0699462890625
38464,0.0735473632812
38465,0.156982421875
38466,0.0758056640625
38467,0.181274414062
38468,0.182495117188
38469,0.201538085938
38470,0.1943359375
38471,0.0724487304688
38472,0.0908203125
38473,0.116088867188
38474,0.0969848632812
38475,0.143310546875
38476,0.128173828125
38477,0.0719604492188
38478,0.07763671875
38479,0.088623046875
38480,0.0742797851562
38481,0.0698852539062
38482,0.0824584960938
38483,0.076904296875
38484,0.07373046875
38485,0.188720703125
38486,0.195434570312
38487,0.067138671875
38488,0.100341796875
38489,0.188598632812
38490,0.181518554688
38491,0.142944335938
38492,0.102661132812
38493,0.0824584960938
38494,0.1923828125
38495,0.0703125
38496,0.070556640625
38497,0.18359375
38498,0.062744140625
38499,0.204711914062
38500,0.116760253906
38501,0.0715942382812
38502,0.187255859375
38503,0.0809936523438
38504,0.171752929688
38505,0.205444335938
38506,0.116516113281
38507,0.072998046875
38508,0.186889648438
38509,0.0768432617188
38510,0.19873046875
38511,0.161499023438
38512,0.185180664062
38513,0.0731201171875
38514,0.191528320312
38515,0.138793945312
38516,0.0765991210938
38517,0.0971069335938
38518,0.207641601562
38519,0.108581542969
38520,0.183471679688
38521,0.0787353515625
38522,0.198364257812
38523,0.179443359375
38524,0.115783691406
38525,0.13525390625
38526,0.075927734375
38527,0.0892944335938
38528,0.084716796875
38529,0.0679931640625
38530,0.0640869140625
38531,0.125610351562
38532,0.207885742188
38533,0.0752563476562
38534,0.102600097656
38535,0.0804443359375
38536,0.208862304688
38537,0.07763671875
38538,0.210083007812
38539,0.121643066406
38540,0.09423828125
38541,0.123779296875
38542,0.104370117188
38543,0.071044921875
38544,0.079345703125
38545,0.207763671875
38546,0.20361328125
38547,0.0808715820312
38548,0.169677734375
38549,0.177490234375
38550,0.199096679688
38551,0.0838012695312
38552,0.196655273438
38553,0.121032714844
38554,0.0853881835938
38555,0.121459960938
38556,0.0729370117188
38557,0.0696411132812
38558,0.1728515625
38559,0.190551757812
38560,0.14990234375
38561,0.0961303710938
38562,0.0730590820312
38563,0.080078125
38564,0.07666015625
38565,0.11669921875
38566,0.0816650390625
38567,0.0992431640625
38568,0.0655517578125
38569,0.0805053710938
38570,0.118103027344
38571,0.0733032226562
38572,0.167358398438
38573,0.174682617188
38574,0.0746459960938
38575,0.171020507812
38576,0.164794921875
38577,0.193115234375
38578,0.146606445312
38579,0.07568359375
38580,0.168701171875
38581,0.205810546875
38582,0.132568359375
38583,0.0799560546875
38584,0.0770874023438
38585,0.0772705078125
38586,0.206665039062
38587,0.21923828125
38588,0.105895996094
38589,0.223388671875
38590,0.079833984375
38591,0.131958007812
38592,0.183349609375
38593,0.0713500976562
38594,0.0970458984375
38595,0.1806640625
38596,0.0742797851562
38597,0.064697265625
38598,0.1396484375
38599,0.0713500976562
38600,0.185302734375
38601,0.0889282226562
38602,0.18701171875
38603,0.189697265625
38604,0.155517578125
38605,0.0803833007812
38606,0.063720703125
38607,0.192626953125
38608,0.0848388671875
38609,0.080078125
38610,0.172485351562
38611,0.0757446289062
38612,0.0799560546875
38613,0.072265625
38614,0.132690429688
38615,0.20166015625
38616,0.0646362304688
38617,0.19873046875
38618,0.106018066406
38619,0.08203125
38620,0.0739135742188
38621,0.0770874023438
38622,0.13671875
38623,0.0785522460938
38624,0.076416015625
38625,0.0897827148438
38626,0.1875
38627,0.0819702148438
38628,0.0692749023438
38629,0.0801391601562
38630,0.179443359375
38631,0.145263671875
38632,0.18896484375
38633,0.0728149414062
38634,0.0693359375
38635,0.0745239257812
38636,0.140625
38637,0.209594726562
38638,0.179443359375
38639,0.0811157226562
38640,0.0677490234375
38641,0.18408203125
38642,0.0888061523438
38643,0.193481445312
38644,0.0912475585938
38645,0.0704345703125
38646,0.129150390625
38647,0.0862426757812
38648,0.0755615234375
38649,0.15087890625
38650,0.106323242188
38651,0.176879882812
38652,0.15283203125
38653,0.0792236328125
38654,0.129638671875
38655,0.101806640625
38656,0.15576171875
38657,0.0757446289062
38658,0.185546875
38659,0.0848999023438
38660,0.0707397460938
38661,0.0771484375
38662,0.0784301757812
38663,0.0782470703125
38664,0.0741577148438
38665,0.19287109375
38666,0.133178710938
38667,0.080810546875
38668,0.129760742188
38669,0.168212890625
38670,0.0658569335938
38671,0.12744140625
38672,0.0670166015625
38673,0.16943359375
38674,0.16552734375
38675,0.0706787109375
38676,0.0621032714844
38677,0.06640625
38678,0.185913085938
38679,0.0648193359375
38680,0.18115234375
38681,0.0708618164062
38682,0.176025390625
38683,0.16552734375
38684,0.177001953125
38685,0.127685546875
38686,0.142700195312
38687,0.1923828125
38688,0.188720703125
38689,0.0653686523438
38690,0.070068359375
38691,0.0746459960938
38692,0.0628051757812
38693,0.0746459960938
38694,0.0719604492188
38695,0.09619140625
38696,0.0733642578125
38697,0.15478515625
38698,0.187866210938
38699,0.064208984375
38700,0.0700073242188
38701,0.0737915039062
38702,0.139526367188
38703,0.0704956054688
38704,0.181518554688
38705,0.185791015625
38706,0.134521484375
38707,0.07666015625
38708,0.178466796875
38709,0.193115234375
38710,0.0772094726562
38711,0.213989257812
38712,0.150268554688
38713,0.0810546875
38714,0.19775390625
38715,0.0802612304688
38716,0.187255859375
38717,0.0776977539062
38718,0.080810546875
38719,0.178955078125
38720,0.118225097656
38721,0.196044921875
38722,0.0802001953125
38723,0.0740966796875
38724,0.0924682617188
38725,0.190673828125
38726,0.200805664062
38727,0.0878295898438
38728,0.179809570312
38729,0.165283203125
38730,0.0731201171875
38731,0.119323730469
38732,0.210205078125
38733,0.197998046875
38734,0.0866088867188
38735,0.07861328125
38736,0.197021484375
38737,0.0731201171875
38738,0.235961914062
38739,0.217895507812
38740,0.224365234375
38741,0.0814819335938
38742,0.0565490722656
38743,0.0780639648438
38744,0.200561523438
38745,0.130859375
38746,0.2041015625
38747,0.0848388671875
38748,0.078369140625
38749,0.168579101562
38750,0.117004394531
38751,0.067138671875
38752,0.0772094726562
38753,0.078125
38754,0.0722045898438
38755,0.144653320312
38756,0.09765625
38757,0.0639038085938
38758,0.0961303710938
38759,0.0718994140625
38760,0.19189453125
38761,0.0858154296875
38762,0.179565429688
38763,0.0943603515625
38764,0.0742797851562
38765,0.067626953125
38766,0.204467773438
38767,0.061279296875
38768,0.0803833007812
38769,0.0822143554688
38770,0.0684814453125
38771,0.194580078125
38772,0.06103515625
38773,0.131469726562
38774,0.07470703125
38775,0.0761108398438
38776,0.176391601562
38777,0.0618896484375
38778,0.0733032226562
38779,0.0630493164062
38780,0.105102539062
38781,0.0737915039062
38782,0.189453125
38783,0.0712280273438
38784,0.0699462890625
38785,0.0955200195312
38786,0.06494140625
38787,0.17041015625
38788,0.190063476562
38789,0.0648803710938
38790,0.0623779296875
38791,0.075927734375
38792,0.0994873046875
38793,0.198120117188
38794,0.119262695312
38795,0.111022949219
38796,0.1455078125
38797,0.0696411132812
38798,0.208862304688
38799,0.106262207031
38800,0.0753784179688
38801,0.189086914062
38802,0.124938964844
38803,0.0770874023438
38804,0.0685424804688
38805,0.18359375
38806,0.171020507812
38807,0.0786743164062
38808,0.0846557617188
38809,0.103332519531
38810,0.2197265625
38811,0.077392578125
38812,0.076904296875
38813,0.0973510742188
38814,0.0955200195312
38815,0.186889648438
38816,0.126220703125
38817,0.07080078125
38818,0.202880859375
38819,0.201293945312
38820,0.0741577148438
38821,0.191772460938
38822,0.166137695312
38823,0.128784179688
38824,0.0794067382812
38825,0.17236328125
38826,0.156860351562
38827,0.156372070312
38828,0.179321289062
38829,0.093017578125
38830,0.071533203125
38831,0.0855102539062
38832,0.208984375
38833,0.073486328125
38834,0.2041015625
38835,0.19140625
38836,0.0739135742188
38837,0.139770507812
38838,0.17431640625
38839,0.0784912109375
38840,0.111328125
38841,0.191528320312
38842,0.0755004882812
38843,0.125
38844,0.196533203125
38845,0.0692138671875
38846,0.0838623046875
38847,0.0934448242188
38848,0.166137695312
38849,0.075927734375
38850,0.177368164062
38851,0.160400390625
38852,0.084228515625
38853,0.0723266601562
38854,0.1484375
38855,0.18408203125
38856,0.164306640625
38857,0.190063476562
38858,0.117065429688
38859,0.186889648438
38860,0.13623046875
38861,0.0774536132812
38862,0.18896484375
38863,0.0838012695312
38864,0.07177734375
38865,0.0734252929688
38866,0.0801391601562
38867,0.100830078125
38868,0.110168457031
38869,0.184326171875
38870,0.0952758789062
38871,0.0797729492188
38872,0.0712280273438
38873,0.150634765625
38874,0.20556640625
38875,0.095458984375
38876,0.206909179688
38877,0.130493164062
38878,0.0780639648438
38879,0.0897827148438
38880,0.0892333984375
38881,0.0615539550781
38882,0.1923828125
38883,0.0859375
38884,0.0632934570312
38885,0.113342285156
38886,0.161499023438
38887,0.156372070312
38888,0.173095703125
38889,0.124328613281
38890,0.0777587890625
38891,0.08056640625
38892,0.198486328125
38893,0.142456054688
38894,0.090087890625
38895,0.086181640625
38896,0.187133789062
38897,0.0580749511719
38898,0.0884399414062
38899,0.0831909179688
38900,0.1845703125
38901,0.0587158203125
38902,0.15771484375
38903,0.0634765625
38904,0.179321289062
38905,0.0647583007812
38906,0.097900390625
38907,0.0648803710938
38908,0.183471679688
38909,0.072998046875
38910,0.0750732421875
38911,0.0748291015625
38912,0.1796875
38913,0.176391601562
38914,0.166137695312
38915,0.194458007812
38916,0.0725708007812
38917,0.164184570312
38918,0.174194335938
38919,0.149047851562
38920,0.0763549804688
38921,0.112365722656
38922,0.210693359375
38923,0.197509765625
38924,0.107543945312
38925,0.0697631835938
38926,0.0697021484375
38927,0.110717773438
38928,0.191162109375
38929,0.06884765625
38930,0.10791015625
38931,0.0765991210938
38932,0.208984375
38933,0.0763549804688
38934,0.0855712890625
38935,0.1826171875
38936,0.194580078125
38937,0.0684204101562
38938,0.0621032714844
38939,0.130249023438
38940,0.174438476562
38941,0.0772094726562
38942,0.0693359375
38943,0.0636596679688
38944,0.07861328125
38945,0.072021484375
38946,0.0655517578125
38947,0.103332519531
38948,0.0725708007812
38949,0.076416015625
38950,0.0665283203125
38951,0.082275390625
38952,0.191650390625
38953,0.110961914062
38954,0.068115234375
38955,0.0736083984375
38956,0.0758666992188
38957,0.141967773438
38958,0.185546875
38959,0.0711669921875
38960,0.170043945312
38961,0.147338867188
38962,0.0675048828125
38963,0.103393554688
38964,0.180297851562
38965,0.087890625
38966,0.0665283203125
38967,0.188842773438
38968,0.127685546875
38969,0.0574645996094
38970,0.191528320312
38971,0.185913085938
38972,0.184814453125
38973,0.203857421875
38974,0.1806640625
38975,0.101318359375
38976,0.124450683594
38977,0.139526367188
38978,0.0765991210938
38979,0.082763671875
38980,0.0673828125
38981,0.0698852539062
38982,0.0794677734375
38983,0.179321289062
38984,0.174072265625
38985,0.125854492188
38986,0.179809570312
38987,0.0624694824219
38988,0.0623474121094
38989,0.0668334960938
38990,0.217651367188
38991,0.102844238281
38992,0.077880859375
38993,0.197387695312
38994,0.06982421875
38995,0.0696411132812
38996,0.197631835938
38997,0.0613098144531
38998,0.193969726562
38999,0.182006835938
39000,0.0715942382812
39001,0.09228515625
39002,0.0674438476562
39003,0.177856445312
39004,0.0671997070312
39005,0.0816040039062
39006,0.0693359375
39007,0.194946289062
39008,0.0772094726562
39009,0.191040039062
39010,0.0857543945312
39011,0.076416015625
39012,0.08349609375
39013,0.0917358398438
39014,0.1826171875
39015,0.0865478515625
39016,0.072021484375
39017,0.0719604492188
39018,0.0734252929688
39019,0.106567382812
39020,0.0672607421875
39021,0.0732421875
39022,0.0657958984375
39023,0.193359375
39024,0.155517578125
39025,0.181884765625
39026,0.0581359863281
39027,0.0675048828125
39028,0.118774414062
39029,0.190063476562
39030,0.147827148438
39031,0.0786743164062
39032,0.133666992188
39033,0.0711669921875
39034,0.0808715820312
39035,0.170654296875
39036,0.172241210938
39037,0.0777587890625
39038,0.0762939453125
39039,0.079345703125
39040,0.0938110351562
39041,0.114990234375
39042,0.195922851562
39043,0.199462890625
39044,0.0946044921875
39045,0.109985351562
39046,0.20654296875
39047,0.0859375
39048,0.220581054688
39049,0.203369140625
39050,0.177368164062
39051,0.154174804688
39052,0.13427734375
39053,0.18310546875
39054,0.1923828125
39055,0.179809570312
39056,0.0841064453125
39057,0.0974731445312
39058,0.081787109375
39059,0.0693359375
39060,0.192993164062
39061,0.0626220703125
39062,0.118103027344
39063,0.0768432617188
39064,0.184814453125
39065,0.186889648438
39066,0.0803833007812
39067,0.0691528320312
39068,0.203247070312
39069,0.0699462890625
39070,0.0626831054688
39071,0.08056640625
39072,0.172485351562
39073,0.140747070312
39074,0.213256835938
39075,0.0961303710938
39076,0.0967407226562
39077,0.1240234375
39078,0.0825805664062
39079,0.137817382812
39080,0.0985107421875
39081,0.089111328125
39082,0.197875976562
39083,0.06787109375
39084,0.082275390625
39085,0.0701904296875
39086,0.173095703125
39087,0.168090820312
39088,0.0695190429688
39089,0.0681762695312
39090,0.190185546875
39091,0.0743408203125
39092,0.073486328125
39093,0.108520507812
39094,0.128051757812
39095,0.0709838867188
39096,0.0667114257812
39097,0.0670166015625
39098,0.0833129882812
39099,0.0736083984375
39100,0.0802001953125
39101,0.129272460938
39102,0.0775756835938
39103,0.0643920898438
39104,0.133544921875
39105,0.189819335938
39106,0.107971191406
39107,0.07373046875
39108,0.0855712890625
39109,0.0756225585938
39110,0.107543945312
39111,0.0767822265625
39112,0.208984375
39113,0.202880859375
39114,0.0833129882812
39115,0.0745849609375
39116,0.0765380859375
39117,0.197631835938
39118,0.118835449219
39119,0.203247070312
39120,0.071533203125
39121,0.213623046875
39122,0.215576171875
39123,0.0905151367188
39124,0.0712280273438
39125,0.0997314453125
39126,0.19140625
39127,0.0800170898438
39128,0.0741577148438
39129,0.085205078125
39130,0.202880859375
39131,0.0744018554688
39132,0.1826171875
39133,0.201049804688
39134,0.18017578125
39135,0.0827026367188
39136,0.2021484375
39137,0.0750732421875
39138,0.0673828125
39139,0.20947265625
39140,0.0824584960938
39141,0.0708618164062
39142,0.0661010742188
39143,0.0807495117188
39144,0.18896484375
39145,0.182861328125
39146,0.07861328125
39147,0.0975341796875
39148,0.184448242188
39149,0.07958984375
39150,0.0680541992188
39151,0.169799804688
39152,0.114135742188
39154,0.164428710938
39155,0.124816894531
39156,0.11767578125
39157,0.183227539062
39158,0.114990234375
39159,0.0740356445312
39160,0.0810546875
39161,0.068359375
39162,0.0765380859375
39163,0.106628417969
39164,0.117919921875
39165,0.196411132812
39166,0.116027832031
39167,0.0646362304688
39168,0.201416015625
39169,0.159057617188
39170,0.0662841796875
39171,0.107238769531
39172,0.178344726562
39173,0.187377929688
39174,0.108459472656
39175,0.070068359375
39176,0.083740234375
39177,0.0684814453125
39178,0.076416015625
39179,0.0642700195312
39180,0.117309570312
39181,0.07470703125
39182,0.185546875
39183,0.10791015625
39184,0.0673217773438
39185,0.17236328125
39186,0.180786132812
39187,0.0718383789062
39188,0.07177734375
39189,0.0759887695312
39190,0.0753784179688
39191,0.0622253417969
39192,0.0760498046875
39193,0.0709228515625
39194,0.150634765625
39195,0.0687255859375
39196,0.0758056640625
39197,0.174926757812
39198,0.197875976562
39199,0.105407714844
39200,0.184204101562
39201,0.115783691406
39202,0.0849609375
39203,0.157836914062
39204,0.089111328125
39205,0.07373046875
39206,0.0567016601562
39207,0.0740966796875
39208,0.0768432617188
39209,0.195434570312
39210,0.0933227539062
39211,0.160522460938
39212,0.079345703125
39213,0.0617370605469
39214,0.210083007812
39215,0.104125976562
39216,0.0706787109375
39217,0.0941772460938
39218,0.068603515625
39219,0.146484375
39220,0.0763549804688
39221,0.135375976562
39222,0.117980957031
39223,0.0679931640625
39224,0.0925903320312
39225,0.072998046875
39226,0.0679321289062
39227,0.0741577148438
39228,0.162719726562
39229,0.121948242188
39230,0.112731933594
39231,0.0774536132812
39232,0.175048828125
39233,0.0980224609375
39234,0.0623779296875
39235,0.175048828125
39236,0.1865234375
39237,0.174560546875
39238,0.192993164062
39239,0.0999145507812
39240,0.083740234375
39241,0.09619140625
39242,0.0737915039062
39243,0.217163085938
39244,0.1845703125
39245,0.217895507812
39246,0.222778320312
39247,0.1748046875
39248,0.199340820312
39249,0.214599609375
39250,0.19287109375
39251,0.203002929688
39252,0.197021484375
39253,0.0950317382812
39254,0.0746459960938
39255,0.0767211914062
39256,0.0634765625
39257,0.155029296875
39258,0.135620117188
39259,0.0811767578125
39260,0.0789184570312
39261,0.169677734375
39262,0.181884765625
39263,0.150390625
39264,0.0695190429688
39265,0.1796875
39266,0.191162109375
39267,0.0687255859375
39268,0.0723876953125
39269,0.2021484375
39270,0.0731201171875
39271,0.113830566406
39272,0.179443359375
39273,0.07470703125
39274,0.0853271484375
39275,0.128173828125
39276,0.0807495117188
39277,0.0826416015625
39278,0.0675048828125
39279,0.200317382812
39280,0.0614929199219
39281,0.136840820312
39282,0.1220703125
39283,0.0751342773438
39284,0.2001953125
39285,0.0897827148438
39286,0.111328125
39287,0.07958984375
39288,0.195190429688
39289,0.212280273438
39290,0.109252929688
39291,0.17529296875
39292,0.0736694335938
39293,0.1689453125
39294,0.124267578125
39295,0.094482421875
39296,0.0823974609375
39297,0.1025390625
39298,0.17822265625
39299,0.114929199219
39300,0.106689453125
39301,0.0908203125
39302,0.0733642578125
39303,0.0906372070312
39304,0.1767578125
39305,0.15283203125
39306,0.109680175781
39307,0.0748901367188
39308,0.188232421875
39309,0.132934570312
39310,0.0748291015625
39311,0.1220703125
39312,0.0756225585938
39313,0.078369140625
39314,0.16455078125
39315,0.108032226562
39316,0.0850830078125
39317,0.0563659667969
39318,0.0896606445312
39319,0.07177734375
39320,0.174194335938
39321,0.172729492188
39322,0.167724609375
39323,0.0810546875
39324,0.192504882812
39325,0.184814453125
39326,0.14599609375
39327,0.104431152344
39328,0.0802001953125
39329,0.175170898438
39330,0.189819335938
39331,0.179809570312
39332,0.194946289062
39333,0.120971679688
39334,0.0584106445312
39335,0.0739135742188
39336,0.198486328125
39337,0.175170898438
39338,0.123718261719
39339,0.0784301757812
39340,0.116943359375
39341,0.0706176757812
39342,0.185913085938
39343,0.09228515625
39344,0.181762695312
39345,0.160888671875
39346,0.135864257812
39347,0.0740356445312
39348,0.09619140625
39349,0.114990234375
39350,0.165283203125
39351,0.174682617188
39352,0.165771484375
39353,0.0613708496094
39354,0.0733032226562
39355,0.0673217773438
39356,0.0626831054688
39357,0.0916748046875
39358,0.146606445312
39359,0.0882568359375
39360,0.072509765625
39361,0.177978515625
39362,0.0731811523438
39363,0.172485351562
39364,0.0740966796875
39365,0.17822265625
39366,0.194580078125
39367,0.0768432617188
39368,0.19189453125
39369,0.1884765625
39370,0.208129882812
39371,0.181884765625
39372,0.146728515625
39373,0.0865478515625
39374,0.0663452148438
39375,0.191162109375
39376,0.175415039062
39377,0.084716796875
39378,0.205078125
39379,0.0963745117188
39380,0.208618164062
39381,0.0724487304688
39382,0.0751342773438
39383,0.134521484375
39384,0.203491210938
39385,0.21337890625
39386,0.0831298828125
39387,0.06884765625
39388,0.19775390625
39389,0.0796508789062
39390,0.071533203125
39391,0.16064453125
39392,0.0680541992188
39393,0.180053710938
39394,0.155639648438
39395,0.0670166015625
39396,0.0733032226562
39397,0.0672607421875
39398,0.154663085938
39399,0.198486328125
39400,0.0827026367188
39401,0.0733032226562
39402,0.196166992188
39403,0.0745239257812
39404,0.0684204101562
39405,0.0689086914062
39406,0.22314453125
39407,0.207885742188
39408,0.190795898438
39409,0.0889892578125
39410,0.112365722656
39411,0.0639038085938
39412,0.193481445312
39413,0.0916748046875
39414,0.167846679688
39415,0.0758056640625
39416,0.0700073242188
39417,0.0692138671875
39418,0.184814453125
39419,0.0850219726562
39420,0.168823242188
39421,0.0723876953125
39422,0.074462890625
39423,0.103149414062
39424,0.182739257812
39425,0.0825805664062
39426,0.0718994140625
39427,0.0738525390625
39428,0.069091796875
39429,0.166625976562
39430,0.0715942382812
39431,0.0950317382812
39432,0.218017578125
39433,0.207153320312
39434,0.0947265625
39435,0.08447265625
39436,0.0824584960938
39437,0.2109375
39438,0.17333984375
39439,0.216796875
39440,0.0777587890625
39441,0.218383789062
39442,0.0848999023438
39443,0.0753173828125
39444,0.0654296875
39445,0.113830566406
39446,0.182739257812
39447,0.177734375
39448,0.0731811523438
39449,0.0637817382812
39450,0.173095703125
39451,0.073974609375
39452,0.0775146484375
39453,0.0687255859375
39454,0.0607604980469
39455,0.0606689453125
39456,0.123046875
39457,0.0703735351562
39458,0.0806274414062
39459,0.0743408203125
39460,0.0753173828125
39461,0.159545898438
39462,0.166259765625
39463,0.0790405273438
39464,0.0673217773438
39465,0.090576171875
39466,0.0670166015625
39467,0.175659179688
39468,0.110168457031
39469,0.181762695312
39470,0.1787109375
39471,0.169921875
39472,0.0909423828125
39473,0.18408203125
39474,0.190063476562
39475,0.0703125
39476,0.0646362304688
39477,0.0831298828125
39478,0.069580078125
39479,0.0648803710938
39480,0.182495117188
39481,0.189331054688
39482,0.104187011719
39483,0.0825805664062
39484,0.179443359375
39485,0.0622863769531
39486,0.186157226562
39487,0.072021484375
39488,0.10986328125
39489,0.183349609375
39490,0.187744140625
39491,0.166259765625
39492,0.1171875
39493,0.166748046875
39494,0.0945434570312
39495,0.0764770507812
39496,0.174926757812
39497,0.0617980957031
39498,0.197509765625
39499,0.07763671875
39500,0.0701293945312
39501,0.203002929688
39502,0.0866088867188
39503,0.175170898438
39504,0.218017578125
39505,0.177001953125
39506,0.088134765625
39507,0.078857421875
39508,0.0692749023438
39509,0.197387695312
39510,0.0723876953125
39511,0.183349609375
39512,0.0753173828125
39513,0.196899414062
39514,0.148193359375
39515,0.0948486328125
39516,0.0618896484375
39517,0.192138671875
39518,0.0703125
39519,0.0718383789062
39520,0.09326171875
39521,0.190551757812
39522,0.173461914062
39523,0.0853271484375
39524,0.190673828125
39525,0.183227539062
39526,0.179321289062
39527,0.0601501464844
39528,0.0725708007812
39529,0.0692138671875
39530,0.18115234375
39531,0.068359375
39532,0.196166992188
39533,0.0873413085938
39534,0.0801391601562
39535,0.0849609375
39536,0.200561523438
39537,0.0667724609375
39538,0.100891113281
39539,0.0772705078125
39540,0.203002929688
39541,0.0631103515625
39542,0.196044921875
39543,0.199584960938
39544,0.0988159179688
39545,0.153564453125
39546,0.185180664062
39547,0.144897460938
39548,0.0667114257812
39549,0.0765991210938
39550,0.172729492188
39551,0.0701904296875
39552,0.161865234375
39553,0.098388671875
39554,0.16162109375
39555,0.0662231445312
39556,0.0636596679688
39557,0.0980224609375
39558,0.0777587890625
39559,0.18896484375
39560,0.093505859375
39561,0.143798828125
39562,0.195922851562
39563,0.0748901367188
39564,0.0784912109375
39565,0.0855102539062
39566,0.195556640625
39567,0.095458984375
39568,0.147338867188
39569,0.0838012695312
39570,0.174194335938
39571,0.083740234375
39572,0.124877929688
39573,0.101013183594
39574,0.0733032226562
39575,0.0660400390625
39576,0.200927734375
39577,0.06787109375
39578,0.165283203125
39579,0.0713500976562
39580,0.073486328125
39581,0.100341796875
39582,0.0863037109375
39583,0.0732421875
39584,0.0718383789062
39585,0.186401367188
39586,0.0604248046875
39587,0.0628051757812
39588,0.192626953125
39589,0.0821533203125
39590,0.197387695312
39591,0.072021484375
39592,0.0751342773438
39593,0.214965820312
39594,0.0808715820312
39595,0.0993041992188
39596,0.060302734375
39597,0.0919189453125
39598,0.073974609375
39599,0.206787109375
39600,0.181762695312
39601,0.192504882812
39602,0.156005859375
39603,0.178588867188
39604,0.07958984375
39605,0.193359375
39606,0.193359375
39607,0.064697265625
39608,0.0713500976562
39609,0.0729370117188
39610,0.0659790039062
39611,0.0905151367188
39612,0.182495117188
39613,0.210327148438
39614,0.182861328125
39615,0.12646484375
39616,0.129760742188
39617,0.0960693359375
39618,0.072998046875
39619,0.0637817382812
39620,0.0938720703125
39621,0.0786743164062
39622,0.177856445312
39623,0.0733642578125
39624,0.0664672851562
39625,0.159545898438
39626,0.0677490234375
39627,0.181884765625
39628,0.0800170898438
39629,0.0952758789062
39630,0.176147460938
39631,0.0722045898438
39632,0.15966796875
39633,0.18359375
39634,0.177734375
39635,0.09228515625
39636,0.197998046875
39637,0.0735473632812
39638,0.0728759765625
39639,0.0692749023438
39640,0.07763671875
39641,0.0728149414062
39642,0.166015625
39643,0.0602111816406
39644,0.072998046875
39645,0.087890625
39646,0.0761108398438
39647,0.0756225585938
39648,0.198608398438
39649,0.0675048828125
39650,0.191162109375
39651,0.190551757812
39652,0.0678100585938
39653,0.110595703125
39654,0.0722045898438
39655,0.154052734375
39656,0.153686523438
39657,0.0584716796875
39658,0.114074707031
39659,0.0722045898438
39660,0.1318359375
39661,0.173706054688
39662,0.188720703125
39663,0.0680541992188
39664,0.11962890625
39665,0.205200195312
39666,0.0964965820312
39667,0.0752563476562
39668,0.199462890625
39669,0.0738525390625
39670,0.178344726562
39671,0.076904296875
39672,0.0982055664062
39673,0.147216796875
39674,0.140869140625
39675,0.16552734375
39676,0.0810546875
39677,0.178344726562
39678,0.0661010742188
39679,0.177490234375
39680,0.073486328125
39681,0.101806640625
39682,0.134521484375
39683,0.19677734375
39684,0.19921875
39685,0.0695190429688
39686,0.0791015625
39687,0.0843505859375
39688,0.150024414062
39689,0.108215332031
39690,0.0586547851562
39691,0.175415039062
39692,0.109252929688
39693,0.1982421875
39694,0.078369140625
39695,0.120727539062
39696,0.171875
39697,0.0670776367188
39698,0.1416015625
39699,0.145385742188
39700,0.168090820312
39701,0.175170898438
39702,0.0719604492188
39703,0.07275390625
39704,0.167724609375
39705,0.164672851562
39706,0.0651245117188
39707,0.0608825683594
39708,0.169311523438
39709,0.0762939453125
39710,0.0697631835938
39711,0.0743408203125
39712,0.071044921875
39713,0.159912109375
39714,0.18505859375
39715,0.119018554688
39716,0.0717163085938
39717,0.0686645507812
39718,0.193603515625
39719,0.181030273438
39720,0.18505859375
39721,0.180053710938
39722,0.1328125
39723,0.164916992188
39724,0.1689453125
39725,0.174194335938
39726,0.0648803710938
39727,0.0979614257812
39728,0.195068359375
39729,0.0977783203125
39730,0.201416015625
39731,0.0679931640625
39732,0.1923828125
39733,0.19580078125
39734,0.183227539062
39735,0.194580078125
39736,0.0923461914062
39737,0.1923828125
39738,0.163330078125
39739,0.0599060058594
39740,0.117431640625
39741,0.0869140625
39742,0.085693359375
39743,0.0622863769531
39744,0.189086914062
39745,0.0842895507812
39746,0.162841796875
39747,0.0731201171875
39748,0.0818481445312
39749,0.1240234375
39750,0.0769653320312
39751,0.167602539062
39752,0.094970703125
39753,0.194091796875
39754,0.080810546875
39755,0.0769653320312
39756,0.0675048828125
39757,0.078857421875
39758,0.0806884765625
39759,0.21142578125
39760,0.190307617188
39761,0.07861328125
39762,0.144165039062
39763,0.072998046875
39764,0.0858154296875
39765,0.0684204101562
39766,0.0677490234375
39767,0.0846557617188
39768,0.191528320312
39769,0.212036132812
39770,0.171997070312
39771,0.0913696289062
39772,0.0771484375
39773,0.120666503906
39774,0.1845703125
39775,0.112976074219
39776,0.182250976562
39777,0.0787353515625
39778,0.160522460938
39779,0.0762329101562
39780,0.0830688476562
39781,0.0816040039062
39782,0.0712280273438
39783,0.216552734375
39784,0.18408203125
39785,0.069580078125
39786,0.197387695312
39787,0.0745239257812
39788,0.122192382812
39789,0.151123046875
39790,0.173095703125
39791,0.08984375
39792,0.0622863769531
39793,0.197265625
39794,0.0960693359375
39795,0.0906372070312
39796,0.185668945312
39797,0.131958007812
39798,0.0732421875
39799,0.101257324219
39800,0.199462890625
39801,0.0696411132812
39802,0.191162109375
39803,0.095947265625
39804,0.1328125
39805,0.086181640625
39806,0.123962402344
39807,0.187744140625
39808,0.0799560546875
39809,0.14208984375
39810,0.17333984375
39811,0.185913085938
39812,0.0894775390625
39813,0.218627929688
39814,0.0738525390625
39815,0.0819091796875
39816,0.070556640625
39817,0.0916137695312
39818,0.0797729492188
39819,0.076416015625
39820,0.0740966796875
39821,0.07861328125
39822,0.1669921875
39823,0.0773315429688
39824,0.0733032226562
39825,0.0839233398438
39826,0.196044921875
39827,0.111938476562
39828,0.104370117188
39829,0.0767822265625
39830,0.190185546875
39831,0.0763549804688
39832,0.0765380859375
39833,0.179809570312
39834,0.0709838867188
39835,0.199584960938
39836,0.0730590820312
39837,0.0667724609375
39838,0.0751342773438
39839,0.136474609375
39840,0.0962524414062
39841,0.0693969726562
39842,0.1171875
39843,0.192138671875
39844,0.1875
39845,0.100036621094
39846,0.176513671875
39847,0.169189453125
39848,0.0775756835938
39849,0.182861328125
39850,0.192016601562
39851,0.0669555664062
39852,0.195678710938
39853,0.170288085938
39854,0.07177734375
39855,0.0770874023438
39856,0.0819702148438
39857,0.207153320312
39858,0.1611328125
39859,0.131958007812
39860,0.194702148438
39861,0.0889892578125
39862,0.0792236328125
39863,0.197143554688
39864,0.0824584960938
39865,0.104248046875
39866,0.0853881835938
39867,0.0680541992188
39868,0.07275390625
39869,0.209106445312
39870,0.198608398438
39871,0.0673828125
39872,0.0888671875
39873,0.0878295898438
39874,0.155151367188
39875,0.0853271484375
39876,0.078857421875
39877,0.0775756835938
39878,0.0829467773438
39879,0.0747680664062
39880,0.195434570312
39881,0.0947875976562
76637,0.1611328125
76638,0.115234375
76639,0.081298828125
76640,0.126708984375
76641,0.124816894531
76642,0.149047851562
76643,0.134033203125
76644,0.140991210938
76645,0.125610351562
76646,0.1806640625
76647,0.1494140625
76648,0.129272460938
76649,0.163818359375
76650,0.180053710938
76651,0.132568359375
76652,0.157348632812
76653,0.14208984375
76654,0.088134765625
76655,0.135375976562
76656,0.0910034179688
76657,0.170532226562
76658,0.15283203125
76659,0.16748046875
76660,0.16943359375
76661,0.1318359375
76662,0.13623046875
76663,0.1416015625
76664,0.106262207031
76665,0.146118164062
76666,0.109436035156
76667,0.11376953125
76668,0.122924804688
76669,0.112487792969
76670,0.076416015625
76671,0.120422363281
76672,0.107543945312
76673,0.124267578125
76674,0.1552734375
76675,0.118041992188
76676,0.106872558594
76677,0.108276367188
76678,0.119018554688
76679,0.140747070312
76680,0.129272460938
76681,0.102478027344
76682,0.109924316406
76683,0.108276367188
76684,0.1142578125
76685,0.145751953125
76686,0.102966308594
76687,0.12353515625
76688,0.171508789062
76689,0.132202148438
76690,0.0928344726562
76691,0.0914916992188
76692,0.0999755859375
76693,0.107116699219
76694,0.127319335938
76695,0.127075195312
76696,0.123657226562
76697,0.0867919921875
76698,0.123229980469
76699,0.152709960938
76700,0.17529296875
76701,0.120788574219
76702,0.145385742188
76703,0.130493164062
76704,0.123229980469
76705,0.0911254882812
76706,0.116271972656
76707,0.11328125
76708,0.116088867188
76709,0.123168945312
76710,0.125610351562
76711,0.109924316406
76712,0.11669921875
76713,0.119018554688
76714,0.115600585938
76715,0.119812011719
76716,0.130249023438
76717,0.121765136719
76718,0.14013671875
76719,0.12841796875
76720,0.145629882812
76721,0.125244140625
76722,0.16845703125
76723,0.08642578125
76724,0.177490234375
76725,0.0870971679688
76726,0.191772460938
76727,0.133056640625
76728,0.16796875
76729,0.171630859375
76730,0.0966186523438
76731,0.125366210938
76732,0.110107421875
76733,0.118835449219
76734,0.187622070312
76735,0.115600585938
76736,0.115356445312
76738,0.197387695312
76739,0.169921875
76740,0.118225097656
76741,0.12744140625
76742,0.180053710938
76743,0.114990234375
76744,0.120544433594
76745,0.141845703125
76746,0.166748046875
76747,0.187255859375
76748,0.129028320312
76749,0.152954101562
76750,0.152465820312
76751,0.190063476562
76752,0.125732421875
76753,0.189086914062
76754,0.16845703125
76755,0.138427734375
76756,0.119750976562
76757,0.163818359375
76758,0.155151367188
76759,0.113525390625
76760,0.172241210938
76761,0.133056640625
76762,0.105285644531
76763,0.1904296875
76764,0.193725585938
76765,0.186645507812
76766,0.181274414062
76767,0.163696289062
76768,0.0855102539062
76769,0.137084960938
76770,0.16796875
76771,0.172119140625
76772,0.116943359375
76773,0.131103515625
76774,0.152587890625
76775,0.106506347656
76776,0.132446289062
76777,0.130615234375
76778,0.0826416015625
76779,0.159057617188
76780,0.135131835938
76781,0.133178710938
76782,0.140747070312
76783,0.128784179688
76784,0.176635742188
76785,0.191528320312
76786,0.197875976562
76787,0.145874023438
76788,0.127685546875
76789,0.1640625
76790,0.127197265625
76791,0.156494140625
76792,0.15283203125
76793,0.155151367188
76794,0.1357421875
76795,0.135009765625
76796,0.156860351562
76797,0.166625976562
76798,0.171508789062
76799,0.197631835938
76800,0.174072265625
76801,0.197875976562
76802,0.128662109375
76803,0.181030273438
76804,0.20361328125
76805,0.14501953125
76806,0.19189453125
76807,0.202026367188
76808,0.186889648438
76809,0.183959960938
76810,0.1865234375
76811,0.146850585938
76812,0.12353515625
76813,0.199340820312
76814,0.129638671875
76815,0.148315429688
76816,0.213989257812
76817,0.127319335938
76818,0.20068359375
76819,0.105712890625
76820,0.158569335938
76821,0.146362304688
76822,0.134399414062
76823,0.13330078125
76824,0.116516113281
76825,0.124633789062
76826,0.141845703125
76827,0.138793945312
76828,0.13330078125
76829,0.149536132812
76830,0.133666992188
76831,0.142944335938
76832,0.144287109375
76833,0.13427734375
76834,0.137451171875
76835,0.139770507812
76836,0.16064453125
76837,0.1328125
76838,0.110229492188
76839,0.133178710938
76840,0.136352539062
76841,0.171264648438
76842,0.147583007812
76843,0.140014648438
76844,0.125366210938
76845,0.103088378906
76846,0.124755859375
76847,0.219116210938
76848,0.129638671875
76849,0.171997070312
76850,0.113342285156
76851,0.131591796875
76852,0.119201660156
76853,0.117736816406
76854,0.103820800781
76855,0.123474121094
76856,0.160400390625
76857,0.179077148438
76858,0.166748046875
76859,0.134155273438
76860,0.159057617188
76861,0.124267578125
76862,0.13720703125
76863,0.150146484375
76864,0.109069824219
76865,0.175659179688
76866,0.153564453125
76867,0.127197265625
76868,0.105407714844
76869,0.125122070312
76870,0.105773925781
76871,0.122802734375
76872,0.198608398438
76873,0.1484375
76874,0.127197265625
76875,0.185791015625
76876,0.113525390625
76877,0.128051757812
76878,0.130615234375
76879,0.125732421875
76880,0.131713867188
76881,0.200073242188
76882,0.165649414062
76883,0.138061523438
76884,0.120422363281
76885,0.12646484375
76886,0.152954101562
76887,0.155517578125
76888,0.108459472656
76889,0.118774414062
76890,0.119262695312
76891,0.119506835938
76892,0.107666015625
76893,0.104370117188
76894,0.15625
76895,0.122375488281
76896,0.116333007812
76897,0.160522460938
76898,0.131103515625
76899,0.17529296875
76900,0.145141601562
76901,0.114135742188
76902,0.123291015625
76903,0.0936889648438
76904,0.141967773438
76905,0.123779296875
76906,0.164916992188
76907,0.194458007812
76908,0.202880859375
76909,0.124572753906
76910,0.215576171875
76911,0.0936279296875
76912,0.188842773438
76913,0.117004394531
76914,0.105285644531
76915,0.152221679688
76916,0.119140625
76917,0.193725585938
76918,0.0811767578125
76919,0.112976074219
76920,0.115478515625
76921,0.143432617188
76922,0.0849609375
76923,0.119567871094
76924,0.0992431640625
76925,0.111083984375
76926,0.187377929688
76927,0.171508789062
76928,0.114379882812
76929,0.0977783203125
76930,0.161865234375
76931,0.191772460938
76932,0.094970703125
76933,0.166748046875
76934,0.0911865234375
76935,0.108276367188
76936,0.126342773438
76937,0.123046875
76938,0.129028320312
76939,0.134643554688
76940,0.124084472656
76941,0.110168457031
76942,0.153686523438
76943,0.114196777344
76944,0.110473632812
76945,0.181396484375
76946,0.13623046875
76947,0.177368164062
76948,0.168579101562
76949,0.135498046875
76950,0.112182617188
76951,0.144409179688
76952,0.12646484375
76953,0.109924316406
76954,0.104675292969
76955,0.155517578125
76956,0.14599609375
76957,0.119384765625
76958,0.138793945312
76959,0.107299804688
76960,0.121459960938
76961,0.108459472656
76962,0.125
76963,0.117004394531
76964,0.159912109375
76965,0.114929199219
76966,0.106018066406
76967,0.106262207031
76968,0.180419921875
76969,0.162475585938
76970,0.116149902344
76971,0.184814453125
76972,0.18212890625
76973,0.171264648438
76974,0.11279296875
76975,0.11962890625
76976,0.110168457031
76977,0.179321289062
76978,0.117004394531
76979,0.075927734375
76980,0.172607421875
76981,0.114562988281
76982,0.170043945312
76983,0.113342285156
76984,0.104736328125
76985,0.0782470703125
76986,0.163330078125
76987,0.1201171875
76988,0.15478515625
76989,0.123962402344
76990,0.11083984375
76991,0.109497070312
76992,0.114318847656
76993,0.113159179688
76994,0.169799804688
76995,0.115478515625
76996,0.114135742188
76997,0.16357421875
76998,0.122680664062
76999,0.123046875
77000,0.0997314453125
77001,0.1259765625
77002,0.0980224609375
77003,0.09326171875
77004,0.121765136719
77005,0.117431640625
77006,0.181762695312
77007,0.131591796875
77008,0.122436523438
77009,0.121398925781
77010,0.120910644531
77011,0.119506835938
77012,0.177368164062
77013,0.127563476562
77014,0.1259765625
77015,0.124145507812
77016,0.122680664062
77017,0.152709960938
77018,0.0997924804688
77019,0.121520996094
77020,0.122009277344
77021,0.145629882812
77022,0.149536132812
77023,0.134399414062
77024,0.123168945312
77025,0.131591796875
77026,0.114379882812
77027,0.164306640625
77028,0.125122070312
77029,0.187866210938
77030,0.15283203125
77031,0.166625976562
77032,0.182006835938
77033,0.133422851562
77034,0.161376953125
77035,0.174560546875
77036,0.1796875
77037,0.109069824219
77038,0.13037109375
77039,0.145263671875
77040,0.119873046875
77041,0.131591796875
77042,0.1484375
77043,0.124450683594
77044,0.125366210938
77045,0.13037109375
77046,0.151245117188
77047,0.15234375
77048,0.177490234375
77049,0.144775390625
77050,0.170043945312
77051,0.146606445312
77052,0.191772460938
77053,0.112060546875
77054,0.175659179688
77055,0.128173828125
77056,0.1435546875
77057,0.109375
77058,0.129760742188
77059,0.14501953125
77060,0.11669921875
77061,0.118591308594
77062,0.102233886719
77063,0.130859375
77064,0.190551757812
77065,0.134155273438
77066,0.167602539062
77067,0.151245117188
77068,0.185791015625
77069,0.140258789062
77070,0.131225585938
77071,0.136840820312
77072,0.105712890625
77073,0.113464355469
77074,0.117797851562
77075,0.124206542969
77076,0.122985839844
77077,0.122131347656
77078,0.126708984375
77079,0.11376953125
77080,0.0911254882812
77081,0.128295898438
77082,0.129272460938
77083,0.122009277344
77084,0.099365234375
77085,0.118408203125
77086,0.129516601562
77087,0.11865234375
77088,0.173950195312
77089,0.116882324219
77090,0.119689941406
77091,0.136352539062
77092,0.149658203125
77093,0.108093261719
77094,0.171875
77095,0.115539550781
77096,0.120178222656
77097,0.127807617188
77098,0.112976074219
77099,0.111755371094
77100,0.126342773438
77101,0.1328125
77102,0.146728515625
77103,0.181274414062
77104,0.113647460938
77105,0.115417480469
77106,0.126342773438
77107,0.135009765625
77108,0.13134765625
77109,0.131713867188
77110,0.123718261719
77111,0.121826171875
77112,0.112060546875
77113,0.135864257812
77114,0.148681640625
77115,0.1220703125
77116,0.1396484375
77117,0.130859375
77118,0.106872558594
77119,0.124328613281
77120,0.20556640625
77121,0.139404296875
77122,0.1396484375
77123,0.126342773438
77124,0.170043945312
77125,0.16064453125
77126,0.140258789062
77127,0.119812011719
77128,0.114074707031
77129,0.119873046875
77130,0.138549804688
77131,0.121459960938
77132,0.1162109375
77133,0.199096679688
77134,0.121398925781
77135,0.107666015625
77136,0.111755371094
77137,0.134521484375
77138,0.193359375
77139,0.129272460938
77140,0.113159179688
77141,0.0867309570312
77142,0.121887207031
77143,0.182373046875
77144,0.1328125
77145,0.109375
77146,0.1484375
77147,0.13330078125
77148,0.145751953125
77149,0.126708984375
77150,0.168090820312
77151,0.124267578125
77152,0.120788574219
77153,0.127807617188
77154,0.187866210938
77155,0.121215820312
77156,0.185302734375
77157,0.1728515625
77158,0.203491210938
77159,0.191528320312
77160,0.127075195312
77161,0.178466796875
77162,0.1298828125
77163,0.14453125
77164,0.145874023438
77165,0.143432617188
77166,0.190673828125
77167,0.195190429688
77168,0.1435546875
77169,0.129760742188
77170,0.182373046875
77171,0.156127929688
77172,0.132080078125
77173,0.146118164062
77174,0.156127929688
77175,0.143676757812
77176,0.140747070312
77177,0.191772460938
77178,0.206909179688
77179,0.15576171875
77180,0.146484375
77181,0.146484375
77182,0.115295410156
77183,0.135986328125
77184,0.177856445312
77185,0.155639648438
77186,0.151489257812
77187,0.141723632812
77188,0.141723632812
77189,0.176879882812
77190,0.16357421875
77191,0.187255859375
77192,0.206665039062
77193,0.149780273438
77194,0.119812011719
77195,0.157348632812
77196,0.150634765625
77197,0.161499023438
77198,0.147216796875
77199,0.117431640625
77200,0.139282226562
77201,0.141235351562
77202,0.135986328125
77203,0.16845703125
77204,0.139770507812
77205,0.175659179688
77206,0.132202148438
77207,0.129760742188
77208,0.131225585938
77209,0.144287109375
77210,0.179565429688
77211,0.127563476562
77212,0.128784179688
77213,0.189086914062
77214,0.171142578125
77215,0.113952636719
77216,0.122131347656
77217,0.179565429688
77218,0.112060546875
77219,0.1416015625
77220,0.123596191406
77221,0.0874633789062
77222,0.12646484375
77223,0.135009765625
77224,0.108032226562
77225,0.118041992188
77226,0.101135253906
77227,0.0975952148438
77228,0.158813476562
77229,0.119384765625
77230,0.167236328125
77231,0.11328125
77232,0.180786132812
77233,0.136108398438
77234,0.188720703125
77235,0.209594726562
77236,0.196411132812
77237,0.181030273438
77238,0.183349609375
77239,0.14892578125
77240,0.147827148438
77241,0.176391601562
77242,0.0985717773438
77243,0.179809570312
77244,0.127563476562
77245,0.155883789062
77246,0.13427734375
77247,0.174560546875
77248,0.126586914062
77249,0.17041015625
77250,0.152709960938
77251,0.154052734375
77252,0.148559570312
77253,0.164428710938
77254,0.12548828125
77255,0.128784179688
77256,0.129760742188
77257,0.19970703125
77258,0.187744140625
77259,0.16162109375
77260,0.145141601562
77261,0.167236328125
77262,0.173461914062
77263,0.18310546875
77264,0.159423828125
77265,0.145751953125
77266,0.152465820312
77267,0.200317382812
77268,0.19775390625
77269,0.180297851562
77270,0.133911132812
77271,0.117614746094
77272,0.186645507812
77273,0.136108398438
77274,0.143188476562
77275,0.101867675781
77276,0.137817382812
77277,0.125732421875
77278,0.153930664062
77279,0.161010742188
77280,0.14111328125
77281,0.14404296875
77282,0.104370117188
77283,0.124816894531
77284,0.130493164062
77285,0.1240234375
77286,0.130249023438
77287,0.111999511719
77288,0.085693359375
77289,0.169067382812
77290,0.140869140625
77291,0.187255859375
77292,0.102478027344
77293,0.122375488281
77294,0.0897827148438
77295,0.182983398438
77296,0.1259765625
77297,0.1259765625
77298,0.135986328125
77299,0.139282226562
77300,0.127075195312
77301,0.154052734375
77302,0.127319335938
77303,0.121032714844
77304,0.126831054688
77305,0.173095703125
77306,0.126220703125
77307,0.168823242188
77308,0.142944335938
77309,0.190795898438
77310,0.143432617188
77311,0.1220703125
77312,0.135009765625
77313,0.115600585938
77314,0.118347167969
77315,0.1201171875
77316,0.142822265625
77317,0.147338867188
77318,0.1396484375
77319,0.132934570312
77320,0.117858886719
77321,0.12548828125
77322,0.183471679688
77323,0.202026367188
77324,0.12744140625
77325,0.154052734375
77326,0.144409179688
77327,0.184692382812
77328,0.158203125
77329,0.142822265625
77330,0.142944335938
77331,0.137084960938
77332,0.1708984375
77333,0.158447265625
77334,0.128540039062
77335,0.1748046875
77336,0.139282226562
77337,0.152099609375
77338,0.138305664062
77339,0.183349609375
77340,0.132934570312
77341,0.1767578125
77342,0.0929565429688
77343,0.135986328125
77344,0.144287109375
77345,0.166381835938
77346,0.162353515625
77347,0.188110351562
77348,0.170043945312
77349,0.0831909179688
77350,0.106079101562
77351,0.154052734375
77352,0.198120117188
77353,0.08984375
77354,0.083740234375
77355,0.192749023438
77356,0.100830078125
77357,0.132934570312
77358,0.138427734375
77359,0.136840820312
77360,0.157958984375
77361,0.164794921875
77362,0.133178710938
77363,0.139770507812
77364,0.129760742188
77365,0.177124023438
77366,0.140014648438
77367,0.185668945312
77368,0.0993041992188
77369,0.109619140625
77370,0.12158203125
77371,0.121398925781
77372,0.111206054688
77373,0.14208984375
77374,0.125854492188
77375,0.0902099609375
77376,0.176513671875
77377,0.099365234375
77378,0.149780273438
77379,0.0888061523438
77380,0.208129882812
77381,0.184448242188
77382,0.125244140625
77383,0.140014648438
77384,0.1337890625
77385,0.116516113281
77386,0.114440917969
77387,0.1591796875
77388,0.190063476562
77389,0.158081054688
77390,0.180419921875
77391,0.196411132812
77392,0.116027832031
77393,0.1845703125
77394,0.194580078125
77395,0.0991821289062
77396,0.128295898438
77397,0.121398925781
77398,0.1279296875
77399,0.13134765625
77400,0.106872558594
77401,0.148193359375
77402,0.125610351562
77403,0.193237304688
77404,0.127319335938
77405,0.12939453125
77406,0.0894165039062
77407,0.115173339844
77408,0.209594726562
77409,0.118347167969
77410,0.164916992188
77411,0.199951171875
77412,0.189575195312
77413,0.1220703125
77414,0.191772460938
77415,0.1396484375
77416,0.186157226562
77417,0.188354492188
77418,0.211303710938
77419,0.18408203125
77420,0.164184570312
77421,0.117431640625
77422,0.121765136719
77423,0.108581542969
77424,0.155151367188
77425,0.165161132812
77426,0.2041015625
77427,0.109802246094
77428,0.115905761719
77429,0.194580078125
77430,0.173461914062
77431,0.12451171875
77432,0.11474609375
77433,0.114868164062
77434,0.16162109375
77435,0.127685546875
77436,0.122863769531
77437,0.174682617188
77438,0.158935546875
77439,0.1328125
77440,0.162109375
77441,0.180297851562
77442,0.215698242188
77443,0.1533203125
77444,0.20556640625
77445,0.100524902344
77446,0.121765136719
77447,0.123229980469
77448,0.137329101562
77449,0.0958251953125
77450,0.172119140625
77451,0.142578125
77452,0.115051269531
77453,0.142944335938
77454,0.207641601562
77455,0.195068359375
77456,0.14697265625
77457,0.173828125
77458,0.119201660156
77459,0.117736816406
77460,0.137939453125
77461,0.187744140625
77462,0.14111328125
77463,0.13232421875
77464,0.14453125
77465,0.137451171875
77466,0.1328125
77467,0.182983398438
77468,0.135375976562
77469,0.1533203125
77470,0.136474609375
77471,0.145751953125
77472,0.129516601562
77473,0.1298828125
77474,0.14306640625
77475,0.112548828125
77476,0.113159179688
77477,0.124633789062
77478,0.121459960938
77479,0.133666992188
77480,0.11669921875
77481,0.128173828125
77482,0.13720703125
77483,0.12109375
77484,0.181640625
77485,0.100402832031
77486,0.172119140625
77487,0.123229980469
77488,0.19873046875
77489,0.138305664062
77490,0.176513671875
77491,0.129028320312
77492,0.162109375
77493,0.148803710938
77494,0.110778808594
77495,0.130126953125
77496,0.0906372070312
77497,0.17724609375
77498,0.16748046875
77499,0.128540039062
77500,0.168823242188
77501,0.15283203125
77502,0.110595703125
77503,0.162109375
77504,0.180419921875
77505,0.119506835938
77506,0.163940429688
77507,0.151977539062
77508,0.19140625
77509,0.117492675781
77510,0.14306640625
77511,0.0836181640625
77512,0.13330078125
77513,0.0848388671875
77514,0.184814453125
77515,0.145874023438
77516,0.143188476562
77517,0.13134765625
77518,0.117248535156
77519,0.129272460938
77521,0.161010742188
77522,0.14013671875
77523,0.15869140625
77524,0.154174804688
77525,0.198852539062
77526,0.0943603515625
77527,0.158813476562
77528,0.188110351562
77529,0.129638671875
77530,0.136840820312
77531,0.130126953125
77532,0.127685546875
77533,0.130004882812
77534,0.132080078125
77535,0.193359375
77536,0.162475585938
77537,0.149780273438
77538,0.114562988281
77539,0.157104492188
77540,0.114562988281
77541,0.111572265625
77542,0.0946655273438
77543,0.0878295898438
77544,0.120544433594
77545,0.140014648438
77546,0.100524902344
77547,0.148315429688
77548,0.137084960938
77549,0.112548828125
77550,0.1689453125
77551,0.187133789062
77552,0.135375976562
77553,0.121337890625
77554,0.129760742188
77555,0.0828247070312
77556,0.106628417969
77557,0.130249023438
77558,0.126708984375
77559,0.13916015625
77560,0.153198242188
77561,0.115051269531
77562,0.118835449219
77563,0.123229980469
77564,0.130249023438
77565,0.121459960938
77566,0.160034179688
77567,0.134765625
77568,0.130859375
77569,0.169677734375
77570,0.164916992188
77571,0.129760742188
77572,0.13037109375
77573,0.114440917969
77574,0.119445800781
77575,0.169677734375
77576,0.110412597656
77577,0.1337890625
77578,0.1396484375
77579,0.11328125
77580,0.122436523438
77581,0.150634765625
77582,0.164184570312
77583,0.173095703125
77584,0.1044921875
77585,0.133544921875
77586,0.131958007812
77587,0.162231445312
77588,0.169067382812
77589,0.115295410156
77590,0.182495117188
77591,0.12890625
77592,0.158325195312
77593,0.1357421875
77594,0.130249023438
77595,0.135864257812
77596,0.1357421875
77597,0.154052734375
77598,0.122802734375
77599,0.117065429688
77600,0.121520996094
77601,0.120422363281
77602,0.127075195312
77603,0.107727050781
77604,0.185668945312
77605,0.14501953125
77606,0.114990234375
77607,0.106262207031
77608,0.121398925781
77609,0.0816650390625
77610,0.126953125
77611,0.15380859375
77612,0.115661621094
77613,0.15185546875
77614,0.110961914062
77615,0.1328125
77616,0.0797729492188
77617,0.128540039062
77618,0.126098632812
77619,0.129760742188
77620,0.115295410156
77621,0.130249023438
77622,0.107421875
77623,0.148315429688
77624,0.120239257812
77625,0.120483398438
77626,0.14208984375
77627,0.127319335938
77628,0.1669921875
77629,0.108764648438
77630,0.109497070312
77631,0.103393554688
77632,0.105346679688
77633,0.0982666015625
77634,0.110656738281
77635,0.14990234375
77636,0.1005859375
77637,0.126831054688
77638,0.166625976562
77639,0.114807128906
77640,0.10009765625
77641,0.088134765625
77642,0.0940551757812
77643,0.10986328125
77644,0.117614746094
77645,0.157958984375
77646,0.126708984375
77647,0.116333007812
77648,0.118713378906
77649,0.158935546875
77650,0.127319335938
77651,0.114074707031
77652,0.1591796875
77653,0.179809570312
77654,0.1689453125
77655,0.123046875
77656,0.118896484375
77657,0.142456054688
77658,0.0778198242188
77659,0.117614746094
77660,0.115051269531
77661,0.131958007812
77662,0.117858886719
77663,0.14306640625
77664,0.131591796875
77665,0.122314453125
77666,0.146728515625
77667,0.10498046875
77668,0.128662109375
77669,0.174438476562
77670,0.09814453125
77671,0.105590820312
77672,0.110595703125
77673,0.103698730469
77674,0.09619140625
77675,0.111877441406
77676,0.106872558594
77677,0.121459960938
77678,0.1513671875
77679,0.127197265625
77680,0.135986328125
77681,0.15966796875
77682,0.124145507812
77683,0.131591796875
77684,0.120422363281
77685,0.114990234375
77686,0.126220703125
77687,0.122497558594
77688,0.116760253906
77689,0.0880126953125
77690,0.141479492188
77691,0.178955078125
77692,0.103393554688
77693,0.101623535156
77694,0.113830566406
77695,0.118469238281
77696,0.0963745117188
77697,0.135498046875
77698,0.116027832031
77699,0.133666992188
77700,0.0910034179688
77701,0.114685058594
77702,0.107604980469
77703,0.13037109375
77704,0.130615234375
77705,0.177368164062
77706,0.14501953125
77707,0.1455078125
77708,0.0855712890625
77709,0.119079589844
77710,0.13330078125
77711,0.1181640625
77712,0.15625
77713,0.132202148438
77714,0.163452148438
77715,0.128051757812
77716,0.178466796875
77717,0.111938476562
77718,0.135620117188
77719,0.156372070312
77720,0.174194335938
77721,0.124389648438
77722,0.166259765625
77723,0.117004394531
77724,0.116333007812
77725,0.171630859375
77726,0.140625
77727,0.117553710938
77728,0.0958862304688
77729,0.125244140625
77730,0.104736328125
77731,0.16064453125
77732,0.0718383789062
77733,0.123596191406
77734,0.136596679688
77735,0.153930664062
77736,0.1357421875
77737,0.0776977539062
77738,0.1279296875
77739,0.185791015625
77740,0.158569335938
77741,0.116394042969
77742,0.12353515625
77743,0.144287109375
77744,0.171630859375
77745,0.114868164062
77746,0.149780273438
77747,0.1240234375
77748,0.110229492188
77749,0.142944335938
77750,0.166137695312
77751,0.117980957031
77752,0.1337890625
77753,0.114624023438
77754,0.104370117188
77755,0.0900268554688
77756,0.138061523438
77757,0.135375976562
77758,0.123718261719
77759,0.177856445312
77760,0.161987304688
77761,0.13720703125
77762,0.138061523438
77763,0.150024414062
77764,0.131225585938
77765,0.155151367188
77766,0.133056640625
77767,0.125610351562
77768,0.1318359375
77769,0.0966186523438
77770,0.135009765625
77771,0.169555664062
77772,0.144775390625
77773,0.101501464844
77774,0.131958007812
77775,0.130981445312
77776,0.129516601562
77777,0.177734375
77778,0.0720825195312
77779,0.185546875
77780,0.122863769531
77781,0.184204101562
77782,0.149047851562
77783,0.122924804688
77784,0.129028320312
77785,0.127685546875
77786,0.136962890625
77787,0.0962524414062
77788,0.166625976562
77789,0.164916992188
77790,0.122924804688
77791,0.0879516601562
77792,0.140625
77793,0.1357421875
77794,0.1513671875
77795,0.126831054688
77796,0.142700195312
77797,0.136474609375
77798,0.161254882812
77799,0.145141601562
77800,0.14306640625
77801,0.138061523438
77802,0.172729492188
77803,0.146362304688
77804,0.126098632812
77805,0.173950195312
77806,0.134033203125
77807,0.176391601562
77808,0.184936523438
77809,0.0819091796875
77810,0.192260742188
77811,0.146118164062
77812,0.138671875
77813,0.156494140625
77814,0.1298828125
77815,0.185302734375
77816,0.1494140625
77817,0.141357421875
77818,0.137817382812
77819,0.153930664062
77820,0.128540039062
77821,0.175537109375
77822,0.189086914062
77823,0.167724609375
77824,0.165405273438
77825,0.138916015625
77826,0.151733398438
77827,0.154418945312
77828,0.175659179688
77829,0.184692382812
77830,0.13818359375
77831,0.141845703125
77832,0.135131835938
77833,0.142456054688
77834,0.128051757812
77835,0.111511230469
77836,0.152587890625
77837,0.1328125
77838,0.105346679688
77839,0.139526367188
77840,0.163330078125
77841,0.144409179688
77842,0.116577148438
77843,0.150390625
77844,0.186767578125
77845,0.134643554688
77846,0.13720703125
77847,0.130859375
77848,0.162475585938
77849,0.13623046875
77850,0.177001953125
77851,0.1767578125
77852,0.080078125
77853,0.127075195312
77854,0.0811767578125
77855,0.109252929688
77856,0.152465820312
77857,0.103210449219
77858,0.146118164062
77859,0.178833007812
77860,0.177856445312
77861,0.13671875
77862,0.139038085938
77863,0.129150390625
77864,0.122924804688
77865,0.111022949219
77866,0.165649414062
77867,0.14892578125
77868,0.126586914062
77869,0.183227539062
77870,0.159912109375
77871,0.124877929688
77872,0.160278320312
77873,0.119384765625
77874,0.135131835938
77875,0.137817382812
77876,0.1484375
77877,0.162231445312
77878,0.170776367188
77879,0.133911132812
77880,0.143310546875
77881,0.18212890625
77882,0.147094726562
77883,0.10791015625
77884,0.122985839844
77885,0.148315429688
77886,0.142456054688
77887,0.13232421875
77888,0.13818359375
77889,0.141845703125
77890,0.142211914062
77891,0.0947875976562
77892,0.141723632812
77893,0.1904296875
77894,0.179321289062
77895,0.131713867188
77896,0.1484375
77897,0.13330078125
77898,0.148803710938
77899,0.142700195312
77900,0.146728515625
77901,0.135986328125
77902,0.176513671875
77903,0.166381835938
77904,0.142333984375
77905,0.17724609375
77906,0.140625
77907,0.141845703125
77908,0.201171875
77909,0.200317382812
77910,0.161987304688
77911,0.151733398438
77912,0.220825195312
77913,0.14453125
77914,0.166259765625
77915,0.109497070312
77916,0.182495117188
77917,0.155639648438
77918,0.16064453125
77919,0.129760742188
77920,0.135375976562
77921,0.13330078125
77922,0.116516113281
77923,0.152099609375
77924,0.151733398438
77925,0.130493164062
77926,0.140869140625
77927,0.142822265625
77928,0.192993164062
77929,0.129150390625
77930,0.18798828125
77931,0.128784179688
77932,0.126342773438
77933,0.14306640625
77934,0.140380859375
77935,0.12109375
77936,0.142578125
77937,0.133056640625
77938,0.171020507812
77939,0.174194335938
77940,0.138305664062
77941,0.119934082031
77942,0.127319335938
77943,0.157958984375
77944,0.131225585938
77945,0.130615234375
77946,0.108764648438
77947,0.149169921875
77948,0.119689941406
77949,0.128662109375
77950,0.145385742188
77951,0.142333984375
77952,0.12939453125
77953,0.127685546875
77954,0.141723632812
77955,0.146850585938
77956,0.126586914062
77957,0.143920898438
77958,0.164916992188
77959,0.134765625
77960,0.153442382812
77961,0.146728515625
77962,0.136108398438
77963,0.1337890625
77964,0.15185546875
77965,0.158203125
77966,0.18359375
77967,0.149658203125
77968,0.167114257812
77969,0.155639648438
77970,0.187622070312
77971,0.153198242188
77972,0.152465820312
77973,0.162353515625
77974,0.139282226562
77975,0.137451171875
77976,0.161010742188
77977,0.122863769531
77978,0.115417480469
77979,0.137451171875
77980,0.135986328125
77981,0.126220703125
77982,0.106323242188
77983,0.112854003906
77984,0.115417480469
77985,0.111633300781
77986,0.132202148438
77987,0.108215332031
77988,0.107299804688
77989,0.144165039062
77990,0.1064453125
77991,0.107849121094
77992,0.123474121094
77993,0.156127929688
77994,0.126831054688
77995,0.130615234375
77996,0.146728515625
77997,0.117858886719
77998,0.10693359375
77999,0.154418945312
78000,0.128540039062
78001,0.123779296875
78002,0.134887695312
78003,0.123657226562
78004,0.132568359375
78005,0.16796875
78006,0.18115234375
78007,0.157958984375
78008,0.136352539062
78009,0.13525390625
78010,0.132080078125
78011,0.143676757812
78012,0.133911132812
78013,0.151123046875
78014,0.148315429688
78015,0.118347167969
78016,0.175170898438
78017,0.19091796875
78018,0.146606445312
78019,0.17578125
78020,0.148071289062
78021,0.129760742188
78022,0.172607421875
78023,0.147583007812
78024,0.14013671875
78025,0.103576660156
78026,0.1435546875
78027,0.131713867188
78028,0.136108398438
78029,0.1357421875
78030,0.178955078125
78031,0.1337890625
78032,0.124206542969
78033,0.14013671875
78034,0.143798828125
78035,0.139282226562
78036,0.136962890625
78037,0.124328613281
78038,0.161987304688
78039,0.138549804688
78040,0.175415039062
78041,0.189208984375
78042,0.150756835938
78043,0.1533203125
78044,0.147583007812
78045,0.14111328125
78046,0.163330078125
78047,0.162231445312
78048,0.161499023438
78049,0.197021484375
78050,0.0859375
78051,0.164672851562
78052,0.158813476562
78053,0.16650390625
78054,0.17919921875
78055,0.16796875
78056,0.110229492188
78057,0.182006835938
78058,0.180053710938
78059,0.184814453125
78060,0.153930664062
78061,0.194702148438
78062,0.134643554688
78063,0.21484375
78064,0.15869140625
78065,0.132202148438
78066,0.115051269531
78067,0.13916015625
78068,0.176513671875
78069,0.129150390625
78070,0.146484375
78071,0.115600585938
78072,0.140747070312
78073,0.129150390625
78074,0.140502929688
78075,0.12890625
78076,0.183227539062
78077,0.133178710938
78078,0.191162109375
78079,0.120910644531
78080,0.114868164062
78081,0.12255859375
78082,0.0947265625
78083,0.116760253906
78084,0.141479492188
78085,0.111267089844
78086,0.109008789062
78087,0.1259765625
78088,0.105590820312
78089,0.117492675781
78090,0.154052734375
78091,0.133422851562
78092,0.08642578125
78093,0.119689941406
78094,0.15966796875
78095,0.126586914062
78096,0.15185546875
78097,0.0980834960938
78098,0.118408203125
78099,0.12109375
78100,0.14111328125
78101,0.110046386719
78102,0.108276367188
78103,0.123840332031
78104,0.0825805664062
78105,0.0906982421875
78106,0.162719726562
78107,0.174926757812
78108,0.138061523438
78109,0.129516601562
78110,0.158203125
78111,0.118713378906
78112,0.136962890625
78113,0.15380859375
78114,0.135009765625
78115,0.16650390625
78116,0.13037109375
78117,0.153198242188
78118,0.171264648438
78119,0.132202148438
78120,0.145751953125
78121,0.157348632812
78122,0.125854492188
78123,0.103759765625
78124,0.137573242188
78125,0.139892578125
78126,0.126342773438
78127,0.116394042969
78128,0.1533203125
78129,0.0946655273438
78130,0.173950195312
78131,0.13671875
78132,0.093505859375
78133,0.150756835938
78134,0.121398925781
78135,0.184692382812
78136,0.170288085938
78137,0.135498046875
78138,0.136596679688
78139,0.16650390625
78140,0.124755859375
78141,0.201538085938
78142,0.0867919921875
78143,0.096923828125
78144,0.155029296875
78145,0.167114257812
78146,0.185913085938
78147,0.11572265625
78148,0.156127929688
78149,0.141845703125
78150,0.179565429688
78151,0.151977539062
78152,0.182006835938
78153,0.122863769531
78154,0.154541015625
78155,0.132202148438
78156,0.123168945312
78157,0.142822265625
78158,0.1455078125
78159,0.13818359375
78160,0.150634765625
78161,0.13232421875
78162,0.137939453125
78163,0.145385742188
78164,0.111450195312
78165,0.129516601562
78166,0.114379882812
78167,0.142822265625
78168,0.159912109375
78169,0.122436523438
78170,0.174560546875
78171,0.135009765625
78172,0.181884765625
78173,0.135498046875
78174,0.158569335938
78175,0.124206542969
78176,0.172729492188
78177,0.147583007812
78178,0.157836914062
78179,0.168334960938
78180,0.15625
78181,0.173828125
78182,0.180419921875
78183,0.202392578125
78184,0.149047851562
78185,0.183837890625
78186,0.169311523438
78187,0.133911132812
78188,0.142700195312
78189,0.149291992188
78190,0.181884765625
78191,0.141235351562
78192,0.19775390625
78193,0.142822265625
78194,0.156494140625
78195,0.152709960938
78196,0.180419921875
78197,0.111267089844
78198,0.15478515625
78199,0.150634765625
78200,0.156494140625
78201,0.159423828125
78202,0.163696289062
78203,0.171508789062
78204,0.170043945312
78205,0.156372070312
78206,0.109069824219
78207,0.148681640625
78208,0.143798828125
78209,0.142456054688
78210,0.156982421875
78211,0.163818359375
78212,0.1494140625
78213,0.1416015625
78214,0.188720703125
78215,0.168579101562
78216,0.143188476562
78217,0.132202148438
78218,0.143798828125
78219,0.13134765625
78220,0.1767578125
78221,0.12158203125
78222,0.131469726562
78223,0.143676757812
78224,0.136474609375
78225,0.111511230469
78226,0.105651855469
78227,0.121643066406
78228,0.0996704101562
78229,0.137939453125
78230,0.108154296875
78231,0.140747070312
78232,0.111572265625
78233,0.120910644531
78234,0.131713867188
78235,0.117065429688
78236,0.14697265625
78237,0.151611328125
78238,0.164672851562
78239,0.174560546875
78240,0.130615234375
78241,0.183837890625
78242,0.187377929688
78243,0.16748046875
78244,0.140625
78245,0.133178710938
78246,0.152587890625
78247,0.174072265625
78248,0.14453125
78249,0.151977539062
78250,0.146362304688
78251,0.163452148438
78252,0.151733398438
78253,0.0949096679688
78254,0.170532226562
78255,0.157958984375
78256,0.15380859375
78257,0.17138671875
78258,0.0882568359375
78259,0.135620117188
78260,0.148559570312
78261,0.174560546875
78262,0.113952636719
78263,0.14892578125
78264,0.168334960938
78265,0.1728515625
78266,0.120178222656
78267,0.150756835938
78268,0.182495117188
78269,0.17138671875
78270,0.194702148438
78271,0.131225585938
78272,0.136474609375
78273,0.170043945312
78274,0.133666992188
78275,0.1533203125
78276,0.15576171875
78277,0.139526367188
78278,0.0867919921875
78279,0.134399414062
78280,0.129760742188
78281,0.12841796875
78282,0.117492675781
78283,0.166015625
78284,0.166748046875
78285,0.076416015625
78286,0.107360839844
78287,0.135009765625
78288,0.117004394531
78289,0.163818359375
78290,0.125610351562
78291,0.113586425781
78292,0.119445800781
78293,0.132080078125
78294,0.143920898438
78295,0.116760253906
78296,0.140258789062
78297,0.123229980469
78298,0.13818359375
78299,0.130615234375
78300,0.134155273438
78301,0.129150390625
78302,0.104919433594
