4,0.0
5,0.09375
6,0.03125
7,0.0625
8,0.078125
9,0.03125
10,0.046875
11,0.046875
12,0.015625
13,0.03125
14,0.046875
15,0.046875
16,0.046875
17,0.046875
18,0.046875
19,0.0625
20,0.109375
21,0.0625
22,0.0625
23,0.03125
24,0.046875
25,0.03125
26,0.0625
27,0.09375
28,0.0625
29,0.046875
30,0.0625
31,0.09375
32,0.046875
33,0.078125
34,0.125
35,0.0625
36,0.0625
37,0.078125
38,0.09375
39,0.046875
40,0.078125
41,0.109375
42,0.078125
43,0.046875
44,0.078125
45,0.0625
46,0.0625
47,0.109375
48,0.15625
49,0.078125
50,0.109375
51,0.046875
52,0.046875
53,0.0625
54,0.046875
55,0.03125
56,0.171875
57,0.0625
58,0.0625
59,0.0625
60,0.03125
61,0.109375
62,0.046875
63,0.046875
64,0.09375
65,0.109375
66,0.109375
67,0.140625
68,0.125
69,0.140625
70,0.03125
71,0.078125
72,0.03125
73,0.0625
74,0.125
75,0.125
76,0.078125
77,0.0625
78,0.09375
79,0.09375
80,0.046875
81,0.078125
82,0.125
83,0.109375
84,0.046875
85,0.078125
86,0.15625
87,0.140625
88,0.046875
89,0.125
90,0.09375
91,0.140625
92,0.078125
93,0.09375
94,0.0625
95,0.09375
96,0.125
97,0.125
98,0.15625
99,0.09375
100,0.03125
101,0.125
102,0.125
103,0.078125
104,0.078125
105,0.140625
106,0.09375
107,0.078125
108,0.0625
109,0.09375
110,0.125
111,0.109375
112,0.0625
113,0.03125
114,0.0625
115,0.046875
116,0.046875
117,0.078125
118,0.078125
119,0.09375
120,0.0625
121,0.0625
122,0.09375
123,0.15625
124,0.125
125,0.09375
126,0.046875
127,0.015625
128,0.09375
129,0.078125
130,0.078125
131,0.0625
132,0.0625
133,0.078125
134,0.15625
135,0.09375
136,0.03125
137,0.078125
138,0.0625
139,0.046875
140,0.078125
141,0.03125
142,0.0625
143,0.0625
144,0.078125
145,0.140625
146,0.046875
147,0.125
148,0.03125
149,0.0625
150,0.15625
151,0.0625
152,0.078125
153,0.078125
154,0.109375
155,0.03125
156,0.125
157,0.078125
158,0.109375
159,0.109375
160,0.078125
161,0.03125
162,0.109375
163,0.15625
164,0.109375
165,0.109375
166,0.078125
167,0.0625
168,0.03125
169,0.1875
170,0.109375
171,0.125
172,0.09375
173,0.078125
174,0.171875
175,0.0625
176,0.171875
177,0.046875
178,0.09375
179,0.109375
180,0.125
181,0.03125
182,0.109375
183,0.0625
184,0.140625
185,0.015625
186,0.109375
187,0.1875
188,0.078125
189,0.046875
190,0.0625
191,0.015625
192,0.109375
193,0.078125
194,0.15625
195,0.09375
196,0.09375
197,0.15625
198,0.09375
199,0.140625
200,0.125
201,0.0625
202,0.078125
203,0.171875
204,0.140625
205,0.046875
206,0.09375
207,0.078125
208,0.078125
209,0.078125
210,0.0625
211,0.0625
212,0.125
213,0.109375
214,0.046875
215,0.125
216,0.078125
217,0.109375
218,0.109375
219,0.140625
220,0.09375
221,0.09375
222,0.125
223,0.140625
224,0.078125
225,0.078125
226,0.046875
227,0.015625
228,0.09375
229,0.078125
230,0.109375
231,0.0625
232,0.0625
233,0.15625
234,0.171875
235,0.109375
236,0.171875
237,0.078125
238,0.140625
239,0.078125
240,0.21875
241,0.15625
242,0.078125
243,0.140625
244,0.09375
245,0.078125
246,0.0625
247,0.140625
248,0.109375
249,0.078125
250,0.125
251,0.078125
252,0.109375
253,0.09375
254,0.09375
255,0.125
256,0.046875
257,0.109375
258,0.109375
259,0.125
260,0.046875
261,0.125
262,0.109375
263,0.109375
264,0.171875
265,0.046875
266,0.125
267,0.046875
268,0.125
269,0.03125
270,0.078125
271,0.15625
272,0.125
273,0.109375
274,0.09375
275,0.046875
276,0.109375
277,0.046875
278,0.109375
279,0.0625
280,0.109375
281,0.0625
282,0.078125
283,0.0625
284,0.0625
285,0.125
286,0.125
287,0.125
288,0.09375
289,0.109375
290,0.03125
291,0.09375
292,0.03125
293,0.0625
294,0.09375
295,0.09375
296,0.03125
297,0.09375
298,0.09375
299,0.09375
300,0.109375
301,0.125
302,0.15625
303,0.109375
304,0.140625
305,0.140625
306,0.09375
307,0.109375
308,0.1875
309,0.109375
310,0.0625
311,0.078125
312,0.078125
313,0.0625
314,0.1875
315,0.15625
316,0.09375
317,0.125
318,0.015625
319,0.125
320,0.0625
321,0.109375
322,0.09375
323,0.0625
324,0.078125
325,0.171875
326,0.078125
327,0.125
328,0.15625
329,0.078125
330,0.109375
331,0.125
332,0.03125
333,0.0625
334,0.046875
335,0.171875
336,0.109375
337,0.140625
338,0.078125
339,0.125
340,0.109375
341,0.140625
342,0.09375
343,0.140625
344,0.140625
345,0.078125
346,0.15625
347,0.15625
348,0.109375
349,0.125
350,0.09375
351,0.0625
352,0.09375
353,0.109375
354,0.125
355,0.046875
356,0.109375
357,0.15625
358,0.125
359,0.046875
360,0.09375
361,0.109375
362,0.109375
363,0.046875
364,0.171875
365,0.046875
366,0.0625
367,0.09375
368,0.0625
369,0.140625
370,0.046875
371,0.171875
372,0.046875
373,0.140625
374,0.140625
375,0.171875
376,0.171875
377,0.078125
378,0.0625
379,0.109375
380,0.078125
381,0.109375
382,0.203125
383,0.0625
384,0.21875
385,0.109375
386,0.09375
387,0.09375
388,0.09375
389,0.09375
390,0.09375
391,0.109375
392,0.140625
393,0.046875
394,0.046875
395,0.109375
396,0.09375
397,0.15625
398,0.0625
399,0.109375
400,0.109375
401,0.0625
402,0.078125
403,0.09375
404,0.109375
405,0.078125
406,0.09375
407,0.078125
408,0.0
409,0.0625
410,0.09375
411,0.03125
412,0.078125
413,0.109375
414,0.0625
415,0.1875
416,0.046875
417,0.171875
418,0.109375
419,0.109375
420,0.109375
421,0.15625
422,0.15625
423,0.125
424,0.140625
425,0.078125
426,0.109375
427,0.09375
428,0.125
429,0.171875
430,0.046875
431,0.09375
432,0.15625
433,0.109375
434,0.140625
435,0.125
436,0.125
437,0.046875
438,0.140625
439,0.140625
440,0.109375
441,0.0625
442,0.09375
443,0.0625
444,0.0625
445,0.0625
446,0.109375
447,0.09375
448,0.125
449,0.109375
450,0.109375
451,0.171875
452,0.078125
453,0.109375
454,0.15625
455,0.1875
456,0.15625
457,0.09375
458,0.09375
459,0.125
460,0.0625
461,0.125
462,0.0625
463,0.0625
464,0.09375
465,0.109375
466,0.078125
467,0.109375
468,0.171875
469,0.125
470,0.125
471,0.15625
472,0.0625
473,0.09375
474,0.046875
475,0.125
476,0.140625
477,0.109375
478,0.125
479,0.15625
480,0.125
481,0.078125
482,0.15625
483,0.125
484,0.203125
485,0.0625
486,0.15625
487,0.109375
488,0.109375
489,0.09375
490,0.15625
491,0.140625
492,0.09375
493,0.171875
494,0.140625
495,0.203125
496,0.15625
497,0.125
498,0.078125
499,0.0625
500,0.15625
501,0.171875
502,0.125
503,0.1875
504,0.09375
505,0.140625
506,0.1875
507,0.046875
508,0.15625
509,0.1875
510,0.109375
511,0.109375
512,0.125
513,0.0625
514,0.140625
515,0.125
516,0.125
517,0.15625
518,0.125
519,0.1875
520,0.125
521,0.046875
522,0.171875
523,0.109375
524,0.171875
525,0.140625
526,0.140625
527,0.078125
528,0.109375
529,0.078125
530,0.15625
531,0.0625
532,0.125
533,0.109375
534,0.140625
535,0.109375
536,0.140625
537,0.125
538,0.078125
539,0.140625
540,0.171875
541,0.109375
542,0.140625
543,0.15625
544,0.109375
545,0.109375
546,0.0625
547,0.09375
548,0.125
549,0.140625
550,0.078125
551,0.09375
552,0.09375
553,0.21875
554,0.0625
555,0.125
556,0.0625
557,0.078125
558,0.0625
559,0.140625
560,0.125
561,0.140625
562,0.046875
563,0.09375
564,0.140625
565,0.125
566,0.15625
567,0.234375
568,0.171875
569,0.09375
570,0.09375
571,0.171875
572,0.109375
573,0.078125
574,0.046875
575,0.140625
576,0.140625
577,0.046875
578,0.171875
579,0.171875
580,0.125
581,0.140625
582,0.125
583,0.125
584,0.109375
585,0.046875
586,0.1875
587,0.0625
588,0.046875
589,0.21875
590,0.1875
591,0.03125
592,0.09375
593,0.0625
594,0.046875
595,0.140625
596,0.09375
597,0.140625
598,0.125
599,0.140625
600,0.125
601,0.140625
602,0.140625
603,0.09375
604,0.234375
605,0.15625
606,0.15625
607,0.09375
608,0.0625
609,0.125
610,0.125
611,0.078125
612,0.03125
613,0.109375
614,0.046875
615,0.078125
616,0.03125
617,0.125
618,0.203125
619,0.125
620,0.125
621,0.125
622,0.140625
623,0.078125
624,0.09375
625,0.109375
626,0.171875
627,0.078125
628,0.15625
629,0.109375
630,0.078125
631,0.078125
632,0.140625
633,0.09375
634,0.078125
635,0.171875
636,0.140625
637,0.15625
638,0.125
639,0.109375
640,0.15625
641,0.09375
642,0.09375
643,0.109375
644,0.15625
645,0.171875
646,0.125
647,0.140625
648,0.078125
649,0.125
650,0.140625
651,0.0625
652,0.125
653,0.09375
654,0.0625
655,0.0625
656,0.0625
657,0.171875
658,0.15625
659,0.109375
660,0.140625
661,0.171875
662,0.046875
663,0.09375
664,0.03125
665,0.15625
666,0.15625
667,0.109375
668,0.15625
669,0.15625
670,0.1875
671,0.171875
672,0.15625
673,0.109375
674,0.125
675,0.125
676,0.125
677,0.15625
678,0.125
679,0.109375
680,0.078125
681,0.140625
682,0.125
683,0.140625
684,0.078125
685,0.109375
686,0.1875
687,0.09375
688,0.109375
689,0.109375
690,0.09375
691,0.15625
692,0.15625
693,0.09375
694,0.171875
695,0.1875
696,0.078125
697,0.15625
698,0.15625
699,0.109375
700,0.15625
701,0.140625
702,0.09375
703,0.125
704,0.171875
705,0.078125
706,0.109375
707,0.1875
708,0.09375
709,0.0625
710,0.0625
711,0.078125
712,0.078125
713,0.140625
714,0.140625
715,0.09375
716,0.171875
717,0.28125
718,0.078125
719,0.125
720,0.109375
721,0.109375
722,0.140625
723,0.09375
724,0.078125
725,0.078125
726,0.0625
727,0.140625
728,0.078125
729,0.078125
730,0.125
731,0.09375
732,0.09375
733,0.140625
734,0.203125
735,0.1875
736,0.171875
737,0.109375
738,0.1875
739,0.0625
740,0.09375
741,0.109375
742,0.1875
743,0.09375
744,0.078125
745,0.171875
746,0.125
747,0.15625
748,0.109375
749,0.125
750,0.171875
751,0.109375
752,0.09375
753,0.109375
754,0.109375
755,0.09375
756,0.09375
757,0.046875
758,0.15625
759,0.125
760,0.09375
761,0.03125
762,0.109375
763,0.125
764,0.125
765,0.046875
766,0.09375
767,0.109375
768,0.09375
769,0.125
770,0.171875
771,0.15625
772,0.09375
773,0.140625
774,0.125
775,0.125
776,0.078125
777,0.140625
778,0.125
779,0.09375
780,0.171875
781,0.109375
782,0.0625
783,0.0625
784,0.09375
785,0.1875
787,0.140625
788,0.09375
789,0.15625
790,0.140625
791,0.140625
792,0.09375
793,0.15625
794,0.109375
795,0.140625
796,0.203125
797,0.109375
798,0.1875
799,0.21875
800,0.0625
801,0.078125
802,0.078125
803,0.15625
804,0.0625
805,0.15625
806,0.015625
807,0.171875
808,0.15625
809,0.125
810,0.078125
811,0.125
812,0.140625
813,0.09375
814,0.109375
815,0.125
816,0.0625
817,0.0625
818,0.109375
819,0.171875
820,0.125
821,0.125
822,0.109375
823,0.109375
824,0.0625
825,0.09375
826,0.09375
827,0.09375
828,0.203125
829,0.125
830,0.15625
831,0.09375
832,0.125
833,0.140625
834,0.09375
835,0.1875
836,0.125
837,0.109375
838,0.109375
839,0.109375
840,0.125
841,0.0625
842,0.109375
843,0.1875
844,0.109375
845,0.125
846,0.09375
847,0.15625
848,0.125
849,0.15625
850,0.109375
851,0.125
852,0.171875
853,0.140625
854,0.1875
855,0.171875
856,0.15625
857,0.15625
858,0.09375
859,0.09375
860,0.171875
861,0.078125
862,0.234375
863,0.171875
864,0.15625
865,0.109375
866,0.109375
867,0.203125
868,0.0625
869,0.125
870,0.140625
871,0.078125
872,0.09375
873,0.171875
874,0.109375
875,0.109375
876,0.09375
877,0.0625
878,0.171875
879,0.125
880,0.078125
881,0.0625
882,0.109375
883,0.125
884,0.15625
885,0.125
886,0.046875
887,0.15625
888,0.109375
889,0.078125
890,0.15625
891,0.078125
892,0.140625
893,0.140625
894,0.171875
895,0.046875
896,0.140625
897,0.078125
898,0.125
899,0.125
900,0.140625
901,0.0625
902,0.140625
903,0.1875
904,0.109375
905,0.171875
906,0.21875
907,0.09375
908,0.15625
909,0.15625
910,0.1875
911,0.125
912,0.15625
913,0.171875
914,0.125
915,0.203125
916,0.125
917,0.1875
918,0.109375
919,0.203125
920,0.15625
921,0.15625
922,0.203125
923,0.125
924,0.171875
925,0.15625
926,0.140625
927,0.171875
928,0.109375
929,0.109375
930,0.125
931,0.125
932,0.171875
933,0.1875
934,0.15625
935,0.109375
936,0.125
937,0.09375
938,0.078125
939,0.109375
940,0.1875
941,0.140625
942,0.09375
943,0.15625
944,0.109375
945,0.171875
946,0.140625
947,0.109375
948,0.171875
949,0.171875
950,0.15625
951,0.125
952,0.15625
953,0.125
954,0.125
955,0.078125
956,0.09375
957,0.046875
958,0.09375
959,0.109375
960,0.21875
961,0.125
962,0.09375
963,0.09375
964,0.046875
965,0.140625
966,0.0625
967,0.078125
968,0.140625
969,0.078125
970,0.171875
971,0.109375
972,0.109375
973,0.171875
974,0.1875
975,0.09375
976,0.203125
977,0.109375
978,0.078125
979,0.109375
980,0.125
981,0.171875
982,0.09375
983,0.1875
984,0.109375
985,0.140625
986,0.09375
987,0.171875
988,0.15625
989,0.09375
990,0.09375
991,0.171875
992,0.15625
993,0.1875
994,0.109375
995,0.140625
996,0.15625
997,0.140625
998,0.09375
999,0.078125
1000,0.078125
1001,0.109375
1002,0.140625
1003,0.109375
1004,0.046875
1005,0.21875
1006,0.09375
1007,0.125
1008,0.15625
1009,0.25
1010,0.1875
1011,0.125
1012,0.09375
1013,0.125
1014,0.234375
1015,0.09375
1016,0.125
1017,0.109375
1018,0.046875
1019,0.1875
1020,0.09375
1021,0.09375
1022,0.15625
1023,0.1875
1024,0.09375
1025,0.109375
1026,0.140625
1027,0.171875
1028,0.109375
1029,0.140625
1030,0.125
1031,0.109375
1032,0.21875
1033,0.109375
1034,0.078125
1035,0.203125
1036,0.15625
1037,0.140625
1038,0.109375
1039,0.15625
1040,0.125
1041,0.125
1042,0.140625
1043,0.125
1044,0.078125
1045,0.171875
1046,0.203125
1047,0.109375
1048,0.171875
1049,0.171875
1050,0.15625
1051,0.078125
1052,0.0625
1053,0.15625
1054,0.21875
1055,0.25
1056,0.140625
1057,0.140625
1058,0.140625
1059,0.171875
1060,0.125
1061,0.125
1062,0.109375
1063,0.140625
1064,0.171875
1065,0.109375
1066,0.140625
1067,0.203125
1068,0.125
1069,0.140625
1070,0.15625
1071,0.140625
1072,0.28125
1073,0.1875
1074,0.1875
1075,0.203125
1076,0.109375
1077,0.234375
1078,0.03125
1079,0.140625
1080,0.125
1081,0.125
1082,0.140625
1083,0.109375
1084,0.1875
1085,0.140625
1086,0.15625
1087,0.140625
1088,0.078125
1089,0.078125
1090,0.171875
1091,0.171875
1092,0.078125
1093,0.15625
1094,0.140625
1095,0.109375
1096,0.125
1097,0.1875
1098,0.15625
1099,0.109375
1100,0.03125
1101,0.140625
1102,0.140625
1103,0.109375
1104,0.21875
1105,0.078125
1106,0.0625
1107,0.125
1108,0.15625
1109,0.125
1110,0.125
1111,0.125
1112,0.125
1113,0.15625
1114,0.140625
1115,0.109375
1116,0.078125
1117,0.171875
1118,0.140625
1119,0.15625
1120,0.109375
1121,0.15625
1122,0.09375
1123,0.125
1124,0.09375
1125,0.109375
1126,0.140625
1127,0.140625
1128,0.078125
1129,0.0625
1130,0.09375
1131,0.15625
1132,0.109375
1133,0.140625
1134,0.109375
1135,0.15625
1136,0.109375
1137,0.1875
1138,0.1875
1139,0.171875
1140,0.046875
1141,0.125
1142,0.125
1143,0.28125
1144,0.125
1145,0.09375
1146,0.109375
1147,0.125
1148,0.171875
1149,0.125
1150,0.046875
1151,0.140625
1152,0.0625
1153,0.125
1154,0.125
1155,0.21875
1156,0.109375
1157,0.125
1158,0.15625
1159,0.140625
1160,0.265625
1161,0.125
1162,0.125
1163,0.203125
1164,0.1875
1165,0.140625
1166,0.171875
1167,0.1875
1168,0.125
1169,0.1875
1170,0.109375
1171,0.15625
1172,0.203125
1173,0.046875
1174,0.15625
1175,0.203125
1176,0.203125
1177,0.0625
1178,0.140625
1179,0.140625
1180,0.125
1181,0.125
1182,0.203125
1183,0.171875
1184,0.140625
1185,0.125
1186,0.09375
1187,0.125
1188,0.1875
1189,0.1875
1190,0.203125
1191,0.15625
1192,0.171875
1193,0.1875
1194,0.109375
1195,0.09375
1196,0.0625
1197,0.171875
1198,0.171875
1199,0.078125
1200,0.078125
1201,0.1875
1202,0.09375
1203,0.21875
1204,0.125
1205,0.15625
1206,0.109375
1207,0.078125
1208,0.140625
1209,0.125
1210,0.234375
1211,0.109375
1212,0.140625
1213,0.125
1214,0.078125
1215,0.109375
1216,0.171875
1217,0.1875
1218,0.09375
1219,0.109375
1220,0.15625
1221,0.15625
1222,0.1875
1223,0.15625
1224,0.078125
1225,0.15625
1226,0.09375
1227,0.125
1228,0.203125
1229,0.1875
1230,0.15625
1231,0.125
1232,0.046875
1233,0.15625
1234,0.109375
1235,0.078125
1236,0.078125
1237,0.125
1238,0.140625
1239,0.09375
1240,0.15625
1241,0.0625
1242,0.09375
1243,0.15625
1244,0.1875
1245,0.09375
1246,0.203125
1247,0.09375
1248,0.125
1249,0.078125
1250,0.125
1251,0.0625
1252,0.171875
1253,0.140625
1254,0.140625
1255,0.171875
1256,0.109375
1257,0.078125
1258,0.15625
1259,0.078125
1260,0.140625
1261,0.125
1262,0.203125
1263,0.078125
1264,0.125
1265,0.1875
1266,0.1875
1267,0.1875
1268,0.234375
1269,0.171875
1270,0.109375
1271,0.09375
1272,0.140625
1273,0.140625
1274,0.234375
1275,0.09375
1276,0.1875
1277,0.125
1278,0.046875
1279,0.21875
1280,0.21875
1281,0.171875
1282,0.125
1283,0.203125
1284,0.140625
1285,0.109375
1286,0.140625
1287,0.171875
1288,0.15625
1289,0.125
1290,0.140625
1291,0.15625
1292,0.171875
1293,0.15625
1294,0.109375
1295,0.171875
1296,0.171875
1297,0.1875
1298,0.140625
1299,0.109375
1300,0.171875
1301,0.171875
1302,0.15625
1303,0.15625
1304,0.171875
1305,0.171875
1306,0.171875
1307,0.15625
1308,0.125
1309,0.140625
1310,0.234375
1311,0.171875
1312,0.125
1313,0.171875
1314,0.21875
1315,0.15625
1316,0.15625
1317,0.1875
1318,0.09375
1319,0.15625
1320,0.171875
1321,0.171875
1322,0.15625
1323,0.125
1324,0.140625
1325,0.0625
1326,0.15625
1327,0.15625
1328,0.1875
1329,0.125
1330,0.078125
1331,0.15625
1332,0.1875
1333,0.078125
1334,0.140625
1335,0.15625
1336,0.203125
1337,0.1875
1338,0.078125
1339,0.0625
1340,0.109375
1341,0.140625
1342,0.09375
1343,0.0625
1344,0.046875
1345,0.1875
1346,0.140625
1347,0.140625
1348,0.09375
1349,0.140625
1350,0.0625
1351,0.15625
1352,0.171875
1353,0.15625
1354,0.1875
1355,0.171875
1356,0.15625
1357,0.125
1358,0.171875
1359,0.109375
1360,0.140625
1361,0.140625
1362,0.140625
1363,0.15625
1364,0.171875
1365,0.125
1366,0.171875
1367,0.109375
1368,0.09375
1369,0.15625
1370,0.171875
1371,0.09375
1372,0.0625
1373,0.171875
1374,0.171875
1375,0.171875
1376,0.125
1377,0.140625
1378,0.140625
1379,0.125
1380,0.03125
1381,0.078125
1382,0.09375
1383,0.125
1384,0.109375
1385,0.171875
1386,0.125
1387,0.140625
1388,0.140625
1389,0.125
1390,0.125
1391,0.140625
1392,0.1875
1393,0.109375
1394,0.125
1395,0.140625
1396,0.09375
1397,0.140625
1398,0.125
1399,0.15625
1400,0.1875
1401,0.125
1402,0.0625
1403,0.21875
1404,0.125
1405,0.140625
1406,0.140625
1407,0.1875
1408,0.109375
1409,0.109375
1410,0.171875
1411,0.15625
1412,0.171875
1413,0.15625
1414,0.171875
1415,0.1875
1416,0.109375
1417,0.09375
1418,0.1875
1419,0.125
1420,0.125
1421,0.09375
1422,0.21875
1423,0.140625
1424,0.109375
1425,0.15625
1426,0.203125
1427,0.109375
1428,0.171875
1429,0.140625
1430,0.109375
1431,0.171875
1432,0.171875
1433,0.15625
1434,0.15625
1435,0.171875
1436,0.234375
1437,0.15625
1438,0.125
1439,0.15625
1440,0.140625
1441,0.21875
1442,0.203125
1443,0.0625
1444,0.203125
1445,0.203125
1446,0.109375
1447,0.171875
1448,0.15625
1449,0.15625
1450,0.15625
1451,0.171875
1452,0.171875
1453,0.203125
1454,0.203125
1455,0.234375
1456,0.109375
1457,0.171875
1458,0.15625
1459,0.21875
1460,0.15625
1461,0.125
1462,0.15625
1463,0.09375
1464,0.234375
1465,0.109375
1466,0.234375
1467,0.171875
1468,0.125
1469,0.28125
1470,0.203125
1471,0.125
1472,0.234375
1473,0.171875
1474,0.15625
1475,0.15625
1476,0.296875
1477,0.21875
1478,0.265625
1479,0.109375
1480,0.140625
1481,0.109375
1482,0.21875
1483,0.140625
1484,0.1875
1485,0.21875
1486,0.25
1487,0.203125
1488,0.1875
1489,0.15625
1490,0.203125
1491,0.171875
1492,0.15625
1493,0.203125
1494,0.203125
1495,0.265625
1496,0.109375
1497,0.1875
1498,0.140625
1499,0.171875
1500,0.15625
1501,0.1875
1502,0.140625
1503,0.09375
1504,0.1875
1505,0.1875
1506,0.171875
1507,0.25
1508,0.21875
1509,0.1875
1510,0.171875
1511,0.09375
1512,0.109375
1513,0.140625
1514,0.25
1515,0.046875
1516,0.109375
1517,0.109375
1518,0.140625
1519,0.109375
1520,0.140625
1521,0.21875
1522,0.03125
1523,0.125
1524,0.1875
1525,0.1875
1526,0.1875
1527,0.125
1528,0.15625
1529,0.15625
1530,0.15625
1531,0.203125
1532,0.1875
1533,0.15625
1534,0.25
1535,0.15625
1536,0.125
1537,0.203125
1538,0.1875
1539,0.15625
1540,0.109375
1541,0.1875
1542,0.171875
1543,0.1875
1544,0.1875
1545,0.171875
1546,0.1875
1547,0.125
1548,0.21875
1549,0.1875
1550,0.140625
1551,0.203125
1552,0.15625
1553,0.15625
1554,0.1875
1555,0.25
1556,0.140625
1557,0.265625
1558,0.109375
1559,0.125
1560,0.171875
1561,0.234375
1562,0.140625
1563,0.078125
38319,0.90625
38320,0.875
38321,0.84375
38322,0.875
38323,0.9375
38324,0.90625
38325,0.859375
38326,0.9375
38327,0.9375
38328,0.921875
38329,0.96875
38330,0.921875
38331,0.96875
38332,0.890625
38333,0.875
38334,0.953125
38335,0.921875
38336,0.9375
38337,0.953125
38338,0.9375
38339,0.9375
38340,0.984375
38341,0.90625
38342,0.9375
38343,0.90625
38344,0.9375
38345,0.875
38346,0.953125
38347,0.890625
38348,0.859375
38349,0.90625
38350,0.9375
38351,0.90625
38352,0.890625
38353,0.96875
38354,0.953125
38355,0.90625
38356,0.953125
38357,0.90625
38358,0.875
38359,0.9375
38360,0.96875
38361,0.984375
38362,0.890625
38363,0.953125
38364,0.921875
38365,0.90625
38366,0.90625
38367,0.90625
38368,0.859375
38369,0.90625
38371,0.90625
38372,0.96875
38373,0.921875
38374,0.875
38375,0.953125
38376,0.9375
38377,0.9375
38378,0.90625
38379,0.859375
38380,0.96875
38381,0.9375
38382,0.9375
38383,0.96875
38384,0.9375
38385,0.890625
38386,0.953125
38387,0.875
38388,0.9375
38389,0.9375
38390,0.953125
38391,0.890625
38392,0.90625
38393,0.921875
38394,0.9375
38395,0.953125
38396,0.890625
38397,0.90625
38398,0.96875
38399,0.890625
38400,0.90625
38401,0.796875
38402,0.96875
38403,0.921875
38404,0.953125
38405,0.90625
38406,0.96875
38407,0.96875
38408,0.890625
38409,0.90625
38410,0.9375
38411,0.90625
38412,0.90625
38413,0.9375
38414,0.9375
38415,0.984375
38416,0.890625
38417,0.953125
38418,0.890625
38419,0.953125
38420,0.921875
38421,0.890625
38422,0.984375
38423,0.890625
38424,0.9375
38425,0.90625
38426,0.984375
38427,0.90625
38428,0.890625
38429,0.90625
38430,0.875
38431,0.90625
38432,0.953125
38433,0.875
38434,0.921875
38435,0.890625
38436,0.953125
38437,0.921875
38438,0.984375
38439,0.90625
38440,0.921875
38441,0.921875
38442,0.921875
38443,0.859375
38444,0.953125
38445,0.90625
38446,0.875
38447,0.90625
38448,0.859375
38449,0.9375
38450,0.90625
38451,0.890625
38452,0.890625
38453,0.9375
38454,0.875
38455,0.90625
38456,0.9375
38457,0.921875
38458,0.9375
38459,0.890625
38460,0.875
38461,0.859375
38462,0.921875
38463,0.984375
38464,0.90625
38465,0.953125
38466,0.90625
38467,0.90625
38468,0.953125
38469,0.921875
38470,0.90625
38471,0.9375
38472,0.953125
38473,0.859375
38474,0.9375
38475,0.875
38476,0.96875
38477,0.921875
38478,0.921875
38479,0.96875
38480,0.890625
38481,0.921875
38482,0.9375
38483,0.90625
38484,0.90625
38485,0.890625
38486,0.96875
38487,0.921875
38488,0.90625
38489,0.890625
38490,0.90625
38491,0.9375
38492,0.90625
38493,0.953125
38494,0.9375
38495,0.921875
38496,0.890625
38497,0.859375
38498,0.90625
38499,0.890625
38500,0.96875
38501,0.90625
38502,0.96875
38503,0.921875
38504,0.9375
38505,0.953125
38506,0.90625
38507,0.890625
38508,0.84375
38509,0.9375
38510,0.96875
38511,0.96875
38512,0.90625
38513,0.953125
38514,0.9375
38515,0.875
38516,0.921875
38517,0.984375
38518,0.9375
38519,0.90625
38520,0.953125
38521,0.9375
38522,0.90625
38523,0.921875
38524,0.859375
38525,0.9375
38526,0.921875
38527,0.875
38528,0.90625
38529,0.890625
38530,0.875
38531,0.859375
38532,0.9375
38533,0.859375
38534,0.90625
38535,0.9375
38536,0.890625
38537,0.875
38538,0.859375
38539,0.890625
38540,0.953125
38541,0.90625
38542,0.9375
38543,0.921875
38544,0.9375
38545,0.9375
38546,0.90625
38547,0.90625
38548,0.890625
38549,0.890625
38550,0.875
38551,0.953125
38552,0.875
38553,0.953125
38554,0.921875
38555,0.921875
38556,0.9375
38557,0.921875
38558,0.875
38559,0.953125
38560,0.9375
38561,0.953125
38562,0.921875
38563,0.96875
38564,0.890625
38565,0.96875
38566,0.9375
38567,0.953125
38568,0.890625
38569,0.890625
38570,0.953125
38571,0.921875
38572,0.921875
38573,0.953125
38574,0.890625
38575,0.921875
38576,0.890625
38577,0.890625
38578,0.890625
38579,0.875
38580,0.9375
38581,0.984375
38582,0.953125
38583,0.921875
38584,0.96875
38585,0.875
38586,0.859375
38587,0.84375
38588,0.859375
38589,0.9375
38590,0.953125
38591,0.921875
38592,0.84375
38593,0.921875
38594,0.90625
38595,0.953125
38596,0.9375
38597,0.96875
38598,0.921875
38599,0.921875
38600,0.953125
38601,0.921875
38602,0.875
38603,0.90625
38604,0.90625
38605,0.9375
38606,0.875
38607,0.921875
38608,0.9375
38609,0.953125
38610,0.890625
38611,0.90625
38612,0.875
38613,0.9375
38614,0.875
38615,0.921875
38616,0.875
38617,0.9375
38618,0.921875
38619,0.890625
38620,0.890625
38621,0.921875
38622,0.921875
38623,0.890625
38624,0.84375
38625,0.921875
38626,0.921875
38627,0.953125
38628,0.890625
38629,0.984375
38630,0.984375
38631,0.953125
38632,0.875
38633,0.875
38634,0.890625
38635,0.84375
38636,0.9375
38637,0.859375
38638,0.9375
38639,1.0
38640,0.890625
38641,0.859375
38642,0.859375
38643,0.890625
38644,0.890625
38645,0.9375
38646,0.875
38647,0.984375
38648,0.90625
38649,0.9375
38650,0.90625
38651,0.921875
38652,0.921875
38653,0.90625
38654,0.90625
38655,0.90625
38656,0.921875
38657,0.96875
38658,0.921875
38659,0.875
38660,0.921875
38661,0.953125
38662,0.875
38663,0.953125
38664,0.890625
38665,0.9375
38666,0.921875
38667,0.9375
38668,0.875
38669,0.90625
38670,0.875
38671,0.953125
38672,0.90625
38673,0.90625
38674,0.90625
38675,0.953125
38676,0.953125
38677,0.953125
38678,0.90625
38679,0.96875
38680,0.921875
38681,0.9375
38682,0.953125
38683,0.875
38684,0.9375
38685,0.859375
38686,0.890625
38687,0.921875
38688,0.890625
38689,0.890625
38690,0.921875
38691,0.90625
38692,0.921875
38693,0.921875
38694,0.90625
38695,0.90625
38696,0.953125
38697,0.875
38698,0.90625
38699,0.921875
38700,0.890625
38701,0.9375
38702,0.953125
38703,0.921875
38704,0.875
38705,0.90625
38706,0.90625
38707,0.90625
38708,0.875
38709,0.9375
38710,0.90625
38711,0.890625
38712,0.96875
38713,0.9375
38714,0.890625
38715,0.921875
38716,0.953125
38717,0.953125
38718,0.9375
38719,0.984375
38720,0.921875
38721,0.921875
38722,0.921875
38723,0.96875
38724,0.828125
38725,0.9375
38726,0.921875
38727,0.9375
38728,0.921875
38729,0.890625
38730,0.96875
38731,0.96875
38732,0.890625
38733,0.875
38734,0.953125
38735,0.921875
38736,0.9375
38737,0.9375
38738,0.921875
38739,0.84375
38740,0.9375
38741,0.921875
38742,0.9375
38743,0.921875
38744,0.9375
38745,0.875
38746,0.90625
38747,0.890625
38748,0.859375
38749,0.921875
38750,0.90625
38751,0.9375
38752,0.9375
38753,0.890625
38754,0.9375
38755,0.890625
38756,0.875
38757,0.9375
38758,0.921875
38759,0.953125
38760,0.875
38761,0.96875
38762,0.921875
38763,0.921875
38764,0.921875
38765,0.953125
38766,0.828125
38767,0.96875
38768,0.90625
38769,0.921875
38770,0.9375
38771,0.859375
38772,0.90625
38773,0.890625
38774,0.953125
38775,0.953125
38776,0.9375
38777,0.921875
38778,0.890625
38779,0.984375
38780,0.90625
38781,0.90625
38782,0.984375
38783,0.9375
38784,0.875
38785,0.890625
38786,0.859375
38787,0.890625
38788,0.9375
38789,0.890625
38790,0.9375
38791,0.90625
38792,0.921875
38793,0.875
38794,0.890625
38795,0.921875
38796,0.921875
38797,0.90625
38798,0.921875
38799,0.828125
38800,0.921875
38801,0.984375
38802,0.90625
38803,0.9375
38804,0.9375
38805,0.890625
38806,0.921875
38807,0.96875
38808,0.921875
38809,0.921875
38810,0.921875
38811,0.921875
38812,0.953125
38813,0.921875
38814,0.9375
38815,0.9375
38816,0.890625
38817,0.90625
38818,0.859375
38819,0.890625
38820,0.890625
38821,0.9375
38822,0.875
38823,0.859375
38824,0.828125
38825,0.96875
38826,0.90625
38827,0.9375
38828,0.875
38829,0.9375
38830,0.921875
38831,0.859375
38832,0.875
38833,0.8125
38834,0.921875
38835,0.9375
38836,0.953125
38837,0.859375
38838,0.921875
38839,0.90625
38840,0.921875
38841,0.890625
38842,0.96875
38843,0.921875
38844,0.96875
38845,0.859375
38846,0.90625
38847,0.8125
38848,0.890625
38849,0.9375
38850,0.921875
38851,0.890625
38852,0.921875
38853,0.921875
38854,0.90625
38855,0.953125
38856,0.9375
38857,0.8125
38858,0.9375
38859,0.921875
38860,0.9375
38861,0.9375
38862,0.953125
38863,0.90625
38864,0.90625
38865,0.953125
38866,0.921875
38867,0.921875
38868,0.96875
38869,0.9375
38870,0.921875
38871,0.921875
38872,0.890625
38873,0.921875
38874,0.921875
38875,0.953125
38876,0.921875
38877,0.90625
38878,0.890625
38879,0.953125
38880,0.84375
38881,0.859375
38882,0.953125
38883,0.875
38884,0.921875
38885,0.9375
38886,0.953125
38887,0.90625
38888,0.953125
38889,0.8125
38890,0.875
38891,0.90625
38892,0.921875
38893,0.890625
38894,0.953125
38895,1.0
38896,0.890625
38897,0.828125
38898,0.9375
38899,0.96875
38900,0.890625
38901,0.953125
38902,0.90625
38903,0.890625
38904,0.90625
38905,0.859375
38906,0.875
38907,0.96875
38908,0.953125
38909,0.953125
38910,0.90625
38911,1.0
38912,0.90625
38913,0.9375
38914,0.921875
38915,0.890625
38916,0.90625
38917,0.9375
38918,0.859375
38919,0.9375
38920,0.90625
38921,0.890625
38922,1.0
38923,0.953125
38924,0.90625
38925,0.953125
38926,0.890625
38927,0.9375
38928,0.921875
38929,0.84375
38930,0.9375
38931,0.90625
38932,0.90625
38933,0.9375
38934,0.921875
38935,0.890625
38936,0.9375
38937,0.984375
38938,0.90625
38939,0.890625
38940,0.890625
38941,0.9375
38942,0.875
38943,0.921875
38944,0.90625
38945,0.953125
38946,0.953125
38947,0.890625
38948,0.96875
38949,0.921875
38950,0.875
38951,0.84375
38952,0.921875
38953,0.953125
38954,0.921875
38955,0.90625
38956,0.96875
38957,0.921875
38958,0.90625
38959,0.90625
38960,0.921875
38961,0.921875
38962,0.859375
38963,0.953125
38964,0.859375
38965,0.921875
38966,0.875
38967,0.9375
38968,0.96875
38969,0.921875
38970,0.890625
38971,0.921875
38972,0.9375
38973,0.921875
38974,0.921875
38975,0.9375
38976,0.9375
38977,0.90625
38978,0.96875
38979,0.90625
38980,0.90625
38981,0.84375
38982,0.9375
38983,0.875
38984,0.9375
38985,0.9375
38986,0.875
38987,0.9375
38988,0.921875
38989,0.84375
38990,0.984375
38991,0.90625
38992,0.875
38993,0.921875
38994,0.96875
38995,0.953125
38996,0.921875
38997,0.890625
38998,0.921875
38999,0.921875
39000,0.859375
39001,0.921875
39002,0.921875
39003,0.90625
39004,0.921875
39005,0.984375
39006,0.921875
39007,0.90625
39008,0.9375
39009,0.984375
39010,0.953125
39011,0.890625
39012,0.875
39013,0.921875
39014,0.875
39015,0.953125
39016,0.9375
39017,0.921875
39018,0.921875
39019,0.921875
39020,0.96875
39021,0.875
39022,0.921875
39023,0.953125
39024,0.875
39025,0.796875
39026,0.90625
39027,0.96875
39028,0.921875
39029,0.90625
39030,0.953125
39031,0.90625
39032,0.859375
39033,0.921875
39034,0.921875
39035,0.9375
39036,0.921875
39037,0.921875
39038,0.9375
39039,0.890625
39040,0.875
39041,0.90625
39042,0.90625
39043,0.90625
39044,0.953125
39045,0.953125
39046,0.890625
39047,0.921875
39048,0.9375
39049,0.875
39050,0.875
39051,0.84375
39052,0.953125
39053,0.921875
39054,0.96875
39055,0.953125
39056,0.921875
39057,0.953125
39058,0.859375
39059,0.953125
39060,0.890625
39061,0.921875
39062,0.875
39063,0.921875
39064,0.96875
39065,0.9375
39066,0.953125
39067,0.96875
39068,0.953125
39069,0.90625
39070,0.9375
39071,0.921875
39072,0.90625
39073,0.890625
39074,0.9375
39075,0.96875
39076,0.890625
39077,0.953125
39078,0.921875
39079,0.984375
39080,0.921875
39081,0.984375
39082,0.84375
39083,0.90625
39084,0.90625
39085,0.84375
39086,0.953125
39087,0.921875
39088,0.90625
39089,0.921875
39090,0.875
39091,0.953125
39092,0.96875
39093,0.96875
39094,0.90625
39095,0.921875
39096,0.890625
39097,0.96875
39098,0.90625
39099,0.953125
39100,0.859375
39101,0.953125
39102,0.953125
39103,0.84375
39104,0.890625
39105,0.859375
39106,0.953125
39107,0.9375
39108,0.921875
39109,0.953125
39110,0.90625
39111,0.921875
39112,0.921875
39113,0.890625
39114,0.96875
39115,0.875
39116,0.921875
39117,0.890625
39118,0.890625
39119,0.859375
39120,0.921875
39121,0.921875
39122,0.890625
39123,0.921875
39124,0.96875
39125,0.9375
39126,0.921875
39127,0.90625
39128,0.96875
39129,0.9375
39130,0.859375
39131,0.90625
39132,0.9375
39133,0.953125
39134,0.84375
39135,0.90625
39136,0.953125
39137,0.96875
39138,0.9375
39139,0.90625
39140,0.984375
39141,0.859375
39142,0.9375
39143,0.953125
39144,0.9375
39145,0.96875
39146,0.921875
39147,0.921875
39148,0.921875
39149,0.9375
39150,0.90625
39151,0.96875
39152,0.9375
39154,0.890625
39155,0.953125
39156,0.953125
39157,0.984375
39158,0.9375
39159,0.90625
39160,0.96875
39161,0.9375
39162,0.859375
39163,0.921875
39164,0.90625
39165,0.96875
39166,0.875
39167,0.90625
39168,0.890625
39169,0.921875
39170,0.953125
39171,0.890625
39172,0.90625
39173,0.953125
39174,0.921875
39175,0.96875
39176,0.953125
39177,0.90625
39178,0.921875
39179,0.953125
39180,0.921875
39181,0.921875
39182,0.90625
39183,0.859375
39184,0.921875
39185,0.96875
39186,0.96875
39187,0.9375
39188,0.90625
39189,0.953125
39190,0.953125
39191,0.921875
39192,0.921875
39193,0.890625
39194,0.859375
39195,0.96875
39196,0.921875
39197,0.953125
39198,0.921875
39199,0.953125
39200,0.859375
39201,0.921875
39202,0.875
39203,0.828125
39204,0.96875
39205,0.890625
39206,0.921875
39207,0.875
39208,0.953125
39209,0.953125
39210,0.921875
39211,0.890625
39212,0.90625
39213,0.9375
39214,0.90625
39215,0.9375
39216,0.9375
39217,0.9375
39218,0.9375
39219,0.890625
39220,0.875
39221,0.90625
39222,0.890625
39223,0.9375
39224,0.90625
39225,0.921875
39226,0.953125
39227,0.90625
39228,0.90625
39229,0.984375
39230,0.953125
39231,0.90625
39232,0.921875
39233,0.828125
39234,0.921875
39235,0.921875
39236,0.890625
39237,0.953125
39238,0.84375
39239,0.921875
39240,0.953125
39241,0.921875
39242,0.90625
39243,0.90625
39244,0.953125
39245,0.921875
39246,0.921875
39247,0.984375
39248,0.921875
39249,0.90625
39250,0.96875
39251,0.9375
39252,0.921875
39253,0.875
39254,0.90625
39255,0.921875
39256,0.828125
39257,0.890625
39258,0.90625
39259,0.84375
39260,0.921875
39261,0.921875
39262,0.953125
39263,0.96875
39264,0.953125
39265,0.90625
39266,0.90625
39267,0.859375
39268,0.921875
39269,0.921875
39270,0.9375
39271,0.96875
39272,0.859375
39273,0.9375
39274,0.96875
39275,0.9375
39276,0.890625
39277,0.9375
39278,0.890625
39279,0.921875
39280,0.9375
39281,0.9375
39282,0.875
39283,0.890625
39284,0.96875
39285,0.921875
39286,0.90625
39287,0.9375
39288,0.875
39289,0.859375
39290,0.953125
39291,0.9375
39292,0.90625
39293,0.953125
39294,0.953125
39295,0.875
39296,0.96875
39297,1.0
39298,0.9375
39299,0.84375
39300,0.921875
39301,0.921875
39302,0.90625
39303,0.875
39304,0.9375
39305,0.953125
39306,0.953125
39307,0.953125
39308,0.96875
39309,0.921875
39310,0.90625
39311,0.84375
39312,0.953125
39313,0.890625
39314,0.953125
39315,0.953125
39316,0.921875
39317,0.9375
39318,0.921875
39319,0.9375
39320,0.875
39321,0.921875
39322,0.96875
39323,0.921875
39324,0.875
39325,0.890625
39326,0.890625
39327,0.90625
39328,0.953125
39329,0.9375
39330,0.921875
39331,0.9375
39332,0.90625
39333,0.90625
39334,0.890625
39335,0.90625
39336,0.90625
39337,0.90625
39338,0.9375
39339,1.0
39340,0.9375
39341,0.859375
39342,0.984375
39343,0.96875
39344,0.921875
39345,0.890625
39346,0.90625
39347,0.90625
39348,0.90625
39349,0.90625
39350,0.890625
39351,0.890625
39352,0.953125
39353,0.921875
39354,0.9375
39355,0.890625
39356,0.96875
39357,0.953125
39358,0.921875
39359,0.859375
39360,0.875
39361,0.90625
39362,0.953125
39363,0.96875
39364,0.953125
39365,0.875
39366,0.90625
39367,0.890625
39368,0.9375
39369,0.859375
39370,0.9375
39371,0.921875
39372,0.90625
39373,0.890625
39374,0.890625
39375,0.90625
39376,0.921875
39377,0.921875
39378,0.953125
39379,0.90625
39380,0.953125
39381,0.890625
39382,0.890625
39383,0.90625
39384,0.859375
39385,0.9375
39386,0.796875
39387,0.90625
39388,0.90625
39389,0.890625
39390,0.859375
39391,0.859375
39392,0.921875
39393,0.953125
39394,0.984375
39395,0.921875
39396,0.90625
39397,0.90625
39398,0.90625
39399,0.953125
39400,0.921875
39401,0.90625
39402,0.875
39403,0.875
39404,0.90625
39405,0.96875
39406,0.859375
39407,0.96875
39408,0.890625
39409,0.96875
39410,0.9375
39411,0.9375
39412,0.890625
39413,0.90625
39414,0.921875
39415,0.84375
39416,0.9375
39417,0.953125
39418,0.9375
39419,0.890625
39420,0.96875
39421,0.984375
39422,0.953125
39423,0.9375
39424,0.921875
39425,0.875
39426,0.90625
39427,0.921875
39428,0.90625
39429,0.890625
39430,0.984375
39431,0.9375
39432,0.890625
39433,0.890625
39434,0.953125
39435,0.890625
39436,0.953125
39437,0.953125
39438,0.875
39439,0.953125
39440,0.921875
39441,0.921875
39442,0.9375
39443,0.890625
39444,0.921875
39445,0.890625
39446,0.9375
39447,0.890625
39448,0.859375
39449,0.859375
39450,0.921875
39451,0.953125
39452,0.96875
39453,0.9375
39454,0.90625
39455,0.90625
39456,0.875
39457,0.875
39458,0.890625
39459,0.890625
39460,0.828125
39461,0.90625
39462,0.9375
39463,0.859375
39464,0.890625
39465,0.96875
39466,0.875
39467,0.96875
39468,0.890625
39469,0.9375
39470,0.875
39471,0.953125
39472,0.96875
39473,0.90625
39474,0.9375
39475,0.828125
39476,0.90625
39477,0.921875
39478,0.9375
39479,0.9375
39480,0.953125
39481,0.953125
39482,0.890625
39483,0.890625
39484,0.875
39485,0.921875
39486,0.859375
39487,0.9375
39488,0.875
39489,0.921875
39490,0.921875
39491,0.953125
39492,0.9375
39493,0.890625
39494,0.953125
39495,0.90625
39496,0.9375
39497,0.90625
39498,0.875
39499,0.96875
39500,0.9375
39501,0.984375
39502,0.90625
39503,0.953125
39504,0.890625
39505,0.875
39506,0.9375
39507,0.890625
39508,0.859375
39509,0.953125
39510,0.921875
39511,0.875
39512,0.890625
39513,0.859375
39514,0.9375
39515,0.90625
39516,0.984375
39517,0.859375
39518,0.921875
39519,0.90625
39520,0.9375
39521,0.953125
39522,0.90625
39523,0.9375
39524,0.984375
39525,0.9375
39526,0.9375
39527,0.921875
39528,0.96875
39529,0.9375
39530,0.890625
39531,0.921875
39532,0.9375
39533,0.921875
39534,0.921875
39535,0.890625
39536,0.84375
39537,0.9375
39538,0.84375
39539,0.9375
39540,0.875
39541,0.9375
39542,0.921875
39543,0.921875
39544,0.953125
39545,0.90625
39546,0.96875
39547,0.859375
39548,0.890625
39549,0.890625
39550,0.96875
39551,0.953125
39552,0.875
39553,0.921875
39554,0.953125
39555,0.96875
39556,0.96875
39557,0.90625
39558,0.9375
39559,0.953125
39560,0.875
39561,0.875
39562,0.890625
39563,0.90625
39564,0.90625
39565,0.96875
39566,0.84375
39567,0.90625
39568,0.90625
39569,1.0
39570,0.953125
39571,0.921875
39572,0.921875
39573,0.921875
39574,0.9375
39575,0.9375
39576,0.78125
39577,0.90625
39578,0.796875
39579,0.953125
39580,0.890625
39581,0.9375
39582,0.953125
39583,0.9375
39584,0.859375
39585,0.953125
39586,0.921875
39587,0.921875
39588,0.921875
39589,0.84375
39590,0.875
39591,0.953125
39592,0.90625
39593,0.875
39594,0.96875
39595,0.890625
39596,0.890625
39597,0.828125
39598,0.90625
39599,0.953125
39600,0.921875
39601,0.9375
39602,0.9375
39603,0.953125
39604,0.953125
39605,0.9375
39606,0.9375
39607,0.96875
39608,0.890625
39609,0.90625
39610,0.921875
39611,0.953125
39612,0.90625
39613,0.921875
39614,0.90625
39615,0.875
39616,0.9375
39617,0.921875
39618,0.9375
39619,0.9375
39620,0.984375
39621,0.890625
39622,0.921875
39623,0.953125
39624,0.9375
39625,0.953125
39626,0.96875
39627,0.921875
39628,0.90625
39629,0.953125
39630,0.9375
39631,0.921875
39632,0.890625
39633,0.875
39634,0.921875
39635,0.9375
39636,0.953125
39637,0.9375
39638,0.921875
39639,0.9375
39640,0.9375
39641,0.890625
39642,0.9375
39643,0.890625
39644,0.9375
39645,0.875
39646,0.9375
39647,0.96875
39648,0.90625
39649,0.9375
39650,0.859375
39651,0.96875
39652,0.953125
39653,0.9375
39654,0.890625
39655,0.90625
39656,0.921875
39657,0.90625
39658,0.96875
39659,0.984375
39660,0.859375
39661,0.96875
39662,0.875
39663,0.984375
39664,0.9375
39665,0.90625
39666,0.953125
39667,0.9375
39668,0.96875
39669,0.921875
39670,0.96875
39671,0.921875
39672,0.90625
39673,0.96875
39674,0.90625
39675,0.9375
39676,0.96875
39677,0.9375
39678,0.9375
39679,0.90625
39680,0.9375
39681,0.875
39682,0.90625
39683,0.9375
39684,0.921875
39685,0.90625
39686,0.953125
39687,0.953125
39688,0.828125
39689,0.90625
39690,0.921875
39691,0.9375
39692,0.9375
39693,0.90625
39694,0.96875
39695,0.90625
39696,0.890625
39697,0.9375
39698,0.90625
39699,0.953125
39700,0.90625
39701,0.9375
39702,0.890625
39703,0.921875
39704,0.921875
39705,0.90625
39706,0.890625
39707,0.96875
39708,0.953125
39709,0.859375
39710,0.953125
39711,0.890625
39712,0.96875
39713,0.96875
39714,0.9375
39715,0.953125
39716,0.890625
39717,0.953125
39718,0.859375
39719,0.953125
39720,0.9375
39721,0.953125
39722,0.953125
39723,0.9375
39724,0.890625
39725,0.953125
39726,0.921875
39727,0.921875
39728,0.921875
39729,0.96875
39730,0.921875
39731,0.921875
39732,0.890625
39733,0.890625
39734,0.921875
39735,0.90625
39736,0.859375
39737,0.921875
39738,0.9375
39739,0.90625
39740,0.921875
39741,0.921875
39742,0.96875
39743,0.890625
39744,0.96875
39745,0.9375
39746,0.921875
39747,0.875
39748,0.921875
39749,0.890625
39750,0.90625
39751,0.859375
39752,0.9375
39753,0.90625
39754,0.859375
39755,0.890625
39756,0.890625
39757,0.921875
39758,0.953125
39759,0.921875
39760,0.921875
39761,0.875
39762,0.9375
39763,0.90625
39764,0.890625
39765,0.859375
39766,0.921875
39767,0.953125
39768,0.96875
39769,0.859375
39770,0.859375
39771,0.9375
39772,0.921875
39773,0.96875
39774,0.921875
39775,0.9375
39776,0.984375
39777,0.890625
39778,0.90625
39779,0.921875
39780,0.9375
39781,0.890625
39782,0.921875
39783,0.90625
39784,0.9375
39785,0.9375
39786,0.90625
39787,0.921875
39788,0.875
39789,0.953125
39790,0.890625
39791,0.96875
39792,0.953125
39793,0.890625
39794,0.921875
39795,0.9375
39796,0.890625
39797,0.96875
39798,0.921875
39799,0.9375
39800,0.84375
39801,0.875
39802,0.859375
39803,0.90625
39804,0.921875
39805,0.875
39806,0.953125
39807,0.9375
39808,0.90625
39809,0.921875
39810,0.890625
39811,0.90625
39812,0.90625
39813,0.921875
39814,0.90625
39815,0.96875
39816,0.90625
39817,0.921875
39818,0.984375
39819,0.96875
39820,0.859375
39821,0.859375
39822,0.875
39823,0.921875
39824,0.875
39825,0.875
39826,0.90625
39827,0.9375
39828,0.9375
39829,0.90625
39830,0.953125
39831,0.9375
39832,0.875
39833,0.953125
39834,0.96875
39835,0.921875
39836,0.90625
39837,0.90625
39838,0.984375
39839,0.921875
39840,0.9375
39841,0.953125
39842,0.953125
39843,0.90625
39844,0.9375
39845,0.953125
39846,0.90625
39847,0.921875
39848,0.953125
39849,0.953125
39850,0.90625
39851,0.890625
39852,0.9375
39853,0.921875
39854,0.90625
39855,0.90625
39856,0.90625
39857,0.921875
39858,0.9375
39859,0.84375
39860,0.90625
39861,0.9375
39862,0.90625
39863,0.90625
39864,0.890625
39865,0.9375
39866,0.953125
39867,0.96875
39868,0.984375
39869,0.921875
39870,0.953125
39871,0.953125
39872,0.90625
39873,0.953125
39874,0.921875
39875,0.953125
39876,0.984375
39877,0.90625
39878,0.90625
39879,0.890625
39880,0.921875
39881,0.875
76637,1.0
76638,1.0
76639,0.984375
76640,0.96875
76641,0.984375
76642,0.96875
76643,1.0
76644,0.96875
76645,1.0
76646,0.96875
76647,1.0
76648,0.984375
76649,1.0
76650,1.0
76651,0.984375
76652,1.0
76653,1.0
76654,1.0
76655,0.984375
76656,1.0
76657,0.96875
76658,1.0
76659,1.0
76660,1.0
76661,0.984375
76662,0.96875
76663,1.0
76664,1.0
76665,0.984375
76666,0.96875
76667,0.984375
76668,0.96875
76669,0.984375
76670,1.0
76671,1.0
76672,1.0
76673,0.96875
76674,0.96875
76675,1.0
76676,1.0
76677,0.984375
76678,1.0
76679,0.984375
76680,1.0
76681,0.96875
76682,1.0
76683,1.0
76684,0.96875
76685,0.984375
76686,0.984375
76687,1.0
76688,1.0
76689,0.984375
76690,1.0
76691,0.984375
76692,1.0
76693,0.984375
76694,1.0
76695,1.0
76696,1.0
76697,0.984375
76698,0.96875
76699,1.0
76700,1.0
76701,0.984375
76702,0.984375
76703,0.984375
76704,1.0
76705,1.0
76706,1.0
76707,0.984375
76708,0.953125
76709,1.0
76710,0.984375
76711,1.0
76712,0.984375
76713,1.0
76714,0.984375
76715,1.0
76716,1.0
76717,1.0
76718,0.96875
76719,0.96875
76720,1.0
76721,0.96875
76722,0.96875
76723,1.0
76724,0.96875
76725,0.96875
76726,0.984375
76727,0.984375
76728,1.0
76729,1.0
76730,0.984375
76731,1.0
76732,0.96875
76733,0.984375
76734,1.0
76735,1.0
76736,0.984375
76738,1.0
76739,0.984375
76740,0.953125
76741,0.96875
76742,1.0
76743,1.0
76744,0.984375
76745,0.96875
76746,0.984375
76747,0.984375
76748,1.0
76749,1.0
76750,0.984375
76751,1.0
76752,0.984375
76753,1.0
76754,0.96875
76755,1.0
76756,1.0
76757,1.0
76758,0.984375
76759,1.0
76760,0.90625
76761,1.0
76762,1.0
76763,1.0
76764,1.0
76765,1.0
76766,1.0
76767,1.0
76768,1.0
76769,0.984375
76770,1.0
76771,0.96875
76772,1.0
76773,1.0
76774,0.984375
76775,0.9375
76776,1.0
76777,0.984375
76778,1.0
76779,0.984375
76780,1.0
76781,0.984375
76782,0.984375
76783,0.96875
76784,1.0
76785,1.0
76786,0.953125
76787,1.0
76788,0.984375
76789,1.0
76790,0.984375
76791,1.0
76792,1.0
76793,0.984375
76794,1.0
76795,1.0
76796,1.0
76797,0.984375
76798,0.984375
76799,0.96875
76800,0.953125
76801,1.0
76802,1.0
76803,0.984375
76804,1.0
76805,0.984375
76806,1.0
76807,0.984375
76808,1.0
76809,0.984375
76810,0.984375
76811,1.0
76812,1.0
76813,1.0
76814,1.0
76815,0.984375
76816,0.984375
76817,0.984375
76818,1.0
76819,1.0
76820,1.0
76821,0.96875
76822,0.96875
76823,1.0
76824,1.0
76825,1.0
76826,0.984375
76827,0.96875
76828,0.96875
76829,0.984375
76830,0.984375
76831,1.0
76832,0.984375
76833,0.984375
76834,1.0
76835,0.984375
76836,1.0
76837,0.984375
76838,0.96875
76839,0.96875
76840,0.984375
76841,1.0
76842,0.984375
76843,1.0
76844,1.0
76845,0.953125
76846,0.984375
76847,1.0
76848,1.0
76849,1.0
76850,0.984375
76851,0.984375
76852,1.0
76853,0.984375
76854,0.953125
76855,1.0
76856,1.0
76857,1.0
76858,1.0
76859,0.984375
76860,1.0
76861,0.96875
76862,0.96875
76863,1.0
76864,0.984375
76865,1.0
76866,1.0
76867,1.0
76868,1.0
76869,0.984375
76870,1.0
76871,0.984375
76872,0.984375
76873,0.984375
76874,0.984375
76875,0.953125
76876,0.984375
76877,0.953125
76878,0.96875
76879,1.0
76880,1.0
76881,1.0
76882,1.0
76883,1.0
76884,0.953125
76885,0.96875
76886,1.0
76887,0.984375
76888,0.953125
76889,0.9375
76890,1.0
76891,0.984375
76892,1.0
76893,0.984375
76894,0.96875
76895,1.0
76896,0.96875
76897,1.0
76898,1.0
76899,0.984375
76900,0.96875
76901,1.0
76902,0.984375
76903,0.984375
76904,1.0
76905,1.0
76906,1.0
76907,0.96875
76908,1.0
76909,1.0
76910,0.984375
76911,0.953125
76912,1.0
76913,0.984375
76914,0.984375
76915,1.0
76916,1.0
76917,0.984375
76918,0.984375
76919,1.0
76920,0.984375
76921,1.0
76922,0.984375
76923,0.984375
76924,1.0
76925,1.0
76926,1.0
76927,1.0
76928,0.9375
76929,0.984375
76930,0.984375
76931,0.984375
76932,0.984375
76933,0.96875
76934,1.0
76935,1.0
76936,0.984375
76937,0.984375
76938,0.984375
76939,1.0
76940,0.953125
76941,0.9375
76942,1.0
76943,0.984375
76944,1.0
76945,0.984375
76946,0.953125
76947,0.984375
76948,0.984375
76949,1.0
76950,1.0
76951,0.984375
76952,0.984375
76953,0.984375
76954,0.96875
76955,0.984375
76956,0.96875
76957,1.0
76958,1.0
76959,1.0
76960,1.0
76961,0.984375
76962,0.984375
76963,0.984375
76964,0.984375
76965,0.96875
76966,1.0
76967,0.96875
76968,0.984375
76969,0.984375
76970,0.984375
76971,0.96875
76972,0.96875
76973,1.0
76974,1.0
76975,1.0
76976,0.984375
76977,1.0
76978,1.0
76979,0.96875
76980,1.0
76981,1.0
76982,0.96875
76983,0.984375
76984,0.96875
76985,0.96875
76986,0.984375
76987,1.0
76988,0.984375
76989,0.984375
76990,0.984375
76991,1.0
76992,1.0
76993,0.984375
76994,0.984375
76995,0.984375
76996,1.0
76997,0.96875
76998,1.0
76999,1.0
77000,1.0
77001,0.984375
77002,0.984375
77003,0.984375
77004,0.984375
77005,1.0
77006,0.984375
77007,0.984375
77008,0.984375
77009,1.0
77010,0.984375
77011,1.0
77012,0.953125
77013,1.0
77014,0.9375
77015,1.0
77016,1.0
77017,1.0
77018,1.0
77019,1.0
77020,0.96875
77021,1.0
77022,0.984375
77023,1.0
77024,0.984375
77025,1.0
77026,0.984375
77027,0.9375
77028,1.0
77029,1.0
77030,0.984375
77031,1.0
77032,1.0
77033,0.96875
77034,1.0
77035,1.0
77036,0.984375
77037,1.0
77038,0.984375
77039,0.984375
77040,1.0
77041,1.0
77042,1.0
77043,1.0
77044,1.0
77045,1.0
77046,1.0
77047,0.984375
77048,1.0
77049,1.0
77050,1.0
77051,0.96875
77052,0.96875
77053,0.953125
77054,1.0
77055,1.0
77056,0.984375
77057,1.0
77058,1.0
77059,1.0
77060,0.984375
77061,0.984375
77062,1.0
77063,0.984375
77064,1.0
77065,1.0
77066,1.0
77067,1.0
77068,1.0
77069,0.953125
77070,0.96875
77071,0.984375
77072,0.984375
77073,0.984375
77074,1.0
77075,1.0
77076,0.984375
77077,1.0
77078,0.984375
77079,1.0
77080,1.0
77081,0.984375
77082,0.984375
77083,0.953125
77084,0.984375
77085,0.984375
77086,1.0
77087,1.0
77088,0.96875
77089,0.984375
77090,0.984375
77091,1.0
77092,1.0
77093,0.984375
77094,0.984375
77095,0.984375
77096,0.984375
77097,1.0
77098,1.0
77099,1.0
77100,1.0
77101,1.0
77102,0.984375
77103,1.0
77104,0.984375
77105,1.0
77106,0.96875
77107,0.96875
77108,1.0
77109,1.0
77110,0.96875
77111,1.0
77112,1.0
77113,1.0
77114,1.0
77115,0.96875
77116,0.96875
77117,1.0
77118,1.0
77119,0.984375
77120,1.0
77121,0.984375
77122,0.96875
77123,0.984375
77124,0.984375
77125,0.984375
77126,0.984375
77127,1.0
77128,0.96875
77129,0.953125
77130,1.0
77131,1.0
77132,1.0
77133,1.0
77134,1.0
77135,1.0
77136,1.0
77137,1.0
77138,1.0
77139,0.984375
77140,0.96875
77141,0.984375
77142,1.0
77143,1.0
77144,1.0
77145,0.953125
77146,0.984375
77147,0.984375
77148,1.0
77149,0.984375
77150,1.0
77151,1.0
77152,1.0
77153,0.96875
77154,0.984375
77155,1.0
77156,1.0
77157,0.96875
77158,0.96875
77159,0.984375
77160,1.0
77161,0.984375
77162,0.96875
77163,0.984375
77164,1.0
77165,0.953125
77166,0.96875
77167,0.984375
77168,0.953125
77169,0.984375
77170,0.984375
77171,0.984375
77172,0.953125
77173,0.984375
77174,0.953125
77175,1.0
77176,0.984375
77177,1.0
77178,1.0
77179,1.0
77180,1.0
77181,0.96875
77182,1.0
77183,1.0
77184,0.984375
77185,1.0
77186,0.984375
77187,1.0
77188,1.0
77189,0.96875
77190,1.0
77191,1.0
77192,0.984375
77193,0.984375
77194,1.0
77195,1.0
77196,0.96875
77197,0.984375
77198,0.96875
77199,1.0
77200,0.984375
77201,1.0
77202,1.0
77203,1.0
77204,0.953125
77205,1.0
77206,0.96875
77207,0.984375
77208,0.984375
77209,0.953125
77210,1.0
77211,0.96875
77212,0.984375
77213,1.0
77214,0.96875
77215,1.0
77216,0.984375
77217,0.96875
77218,1.0
77219,0.984375
77220,0.953125
77221,1.0
77222,0.984375
77223,1.0
77224,1.0
77225,0.96875
77226,0.953125
77227,1.0
77228,0.984375
77229,0.984375
77230,0.9375
77231,0.984375
77232,0.96875
77233,0.96875
77234,1.0
77235,1.0
77236,1.0
77237,0.96875
77238,0.953125
77239,1.0
77240,1.0
77241,0.984375
77242,0.984375
77243,1.0
77244,1.0
77245,1.0
77246,0.96875
77247,0.96875
77248,0.984375
77249,0.984375
77250,0.953125
77251,1.0
77252,1.0
77253,0.96875
77254,0.96875
77255,0.96875
77256,0.953125
77257,1.0
77258,1.0
77259,0.96875
77260,1.0
77261,1.0
77262,0.984375
77263,1.0
77264,1.0
77265,1.0
77266,1.0
77267,1.0
77268,0.96875
77269,1.0
77270,1.0
77271,1.0
77272,0.984375
77273,1.0
77274,0.984375
77275,0.984375
77276,0.9375
77277,1.0
77278,1.0
77279,0.984375
77280,0.984375
77281,0.96875
77282,0.96875
77283,0.984375
77284,0.9375
77285,0.984375
77286,1.0
77287,0.953125
77288,0.984375
77289,1.0
77290,0.96875
77291,1.0
77292,1.0
77293,0.984375
77294,1.0
77295,1.0
77296,0.96875
77297,0.984375
77298,1.0
77299,1.0
77300,0.96875
77301,1.0
77302,1.0
77303,1.0
77304,1.0
77305,1.0
77306,0.984375
77307,0.984375
77308,0.96875
77309,0.984375
77310,0.96875
77311,1.0
77312,0.953125
77313,0.984375
77314,0.984375
77315,1.0
77316,0.984375
77317,1.0
77318,1.0
77319,1.0
77320,0.96875
77321,0.984375
77322,0.984375
77323,0.984375
77324,0.984375
77325,1.0
77326,1.0
77327,1.0
77328,0.984375
77329,0.984375
77330,1.0
77331,0.984375
77332,0.96875
77333,1.0
77334,0.96875
77335,0.96875
77336,0.984375
77337,0.984375
77338,1.0
77339,1.0
77340,1.0
77341,0.984375
77342,0.96875
77343,1.0
77344,0.984375
77345,0.984375
77346,1.0
77347,0.984375
77348,0.984375
77349,0.984375
77350,0.953125
77351,0.984375
77352,0.96875
77353,1.0
77354,1.0
77355,0.984375
77356,1.0
77357,1.0
77358,1.0
77359,1.0
77360,0.96875
77361,1.0
77362,1.0
77363,1.0
77364,0.984375
77365,0.96875
77366,1.0
77367,0.984375
77368,1.0
77369,0.96875
77370,0.96875
77371,0.984375
77372,1.0
77373,0.9375
77374,1.0
77375,0.96875
77376,1.0
77377,1.0
77378,0.984375
77379,0.953125
77380,1.0
77381,0.96875
77382,1.0
77383,0.984375
77384,1.0
77385,0.9375
77386,0.984375
77387,0.984375
77388,1.0
77389,1.0
77390,0.984375
77391,0.984375
77392,1.0
77393,0.984375
77394,0.953125
77395,1.0
77396,1.0
77397,1.0
77398,1.0
77399,0.984375
77400,1.0
77401,1.0
77402,1.0
77403,0.984375
77404,1.0
77405,1.0
77406,0.984375
77407,1.0
77408,0.96875
77409,0.984375
77410,1.0
77411,0.984375
77412,0.984375
77413,1.0
77414,0.96875
77415,1.0
77416,0.984375
77417,1.0
77418,0.984375
77419,0.984375
77420,1.0
77421,0.96875
77422,0.984375
77423,1.0
77424,0.96875
77425,0.984375
77426,0.96875
77427,0.953125
77428,1.0
77429,0.984375
77430,0.984375
77431,1.0
77432,0.96875
77433,0.96875
77434,0.984375
77435,1.0
77436,0.96875
77437,1.0
77438,1.0
77439,1.0
77440,0.984375
77441,0.984375
77442,1.0
77443,1.0
77444,0.96875
77445,0.984375
77446,1.0
77447,0.984375
77448,0.9375
77449,0.984375
77450,0.96875
77451,1.0
77452,0.96875
77453,1.0
77454,1.0
77455,1.0
77456,0.984375
77457,1.0
77458,0.984375
77459,1.0
77460,0.984375
77461,0.96875
77462,0.96875
77463,0.984375
77464,1.0
77465,1.0
77466,1.0
77467,0.984375
77468,0.96875
77469,1.0
77470,1.0
77471,1.0
77472,1.0
77473,1.0
77474,0.984375
77475,0.984375
77476,1.0
77477,1.0
77478,0.984375
77479,1.0
77480,1.0
77481,0.984375
77482,0.984375
77483,0.984375
77484,0.984375
77485,0.984375
77486,1.0
77487,0.96875
77488,0.96875
77489,1.0
77490,0.984375
77491,0.984375
77492,1.0
77493,0.96875
77494,0.984375
77495,0.953125
77496,0.984375
77497,1.0
77498,0.984375
77499,1.0
77500,0.96875
77501,0.96875
77502,0.96875
77503,0.96875
77504,0.96875
77505,1.0
77506,0.984375
77507,1.0
77508,0.953125
77509,1.0
77510,1.0
77511,1.0
77512,0.984375
77513,1.0
77514,1.0
77515,1.0
77516,0.984375
77517,0.96875
77518,1.0
77519,1.0
77521,0.984375
77522,0.984375
77523,0.984375
77524,0.984375
77525,1.0
77526,0.984375
77527,1.0
77528,1.0
77529,0.984375
77530,1.0
77531,0.96875
77532,0.984375
77533,0.984375
77534,0.96875
77535,1.0
77536,0.984375
77537,0.984375
77538,0.984375
77539,1.0
77540,0.984375
77541,0.984375
77542,0.96875
77543,1.0
77544,0.984375
77545,1.0
77546,0.984375
77547,1.0
77548,0.984375
77549,0.984375
77550,0.96875
77551,1.0
77552,0.984375
77553,1.0
77554,0.984375
77555,0.984375
77556,1.0
77557,0.96875
77558,1.0
77559,1.0
77560,0.96875
77561,1.0
77562,0.984375
77563,0.984375
77564,1.0
77565,0.96875
77566,1.0
77567,1.0
77568,0.984375
77569,0.984375
77570,0.953125
77571,1.0
77572,0.984375
77573,1.0
77574,1.0
77575,1.0
77576,1.0
77577,1.0
77578,1.0
77579,0.984375
77580,0.984375
77581,1.0
77582,1.0
77583,0.984375
77584,1.0
77585,0.984375
77586,1.0
77587,1.0
77588,1.0
77589,0.984375
77590,0.984375
77591,1.0
77592,0.9375
77593,1.0
77594,0.984375
77595,1.0
77596,0.984375
77597,1.0
77598,0.96875
77599,0.984375
77600,0.96875
77601,0.984375
77602,1.0
77603,1.0
77604,0.953125
77605,0.96875
77606,0.984375
77607,1.0
77608,1.0
77609,1.0
77610,0.984375
77611,1.0
77612,0.984375
77613,1.0
77614,1.0
77615,1.0
77616,0.984375
77617,1.0
77618,1.0
77619,1.0
77620,0.984375
77621,0.984375
77622,1.0
77623,0.984375
77624,0.984375
77625,1.0
77626,0.96875
77627,0.984375
77628,0.984375
77629,1.0
77630,0.96875
77631,1.0
77632,1.0
77633,0.96875
77634,0.984375
77635,0.96875
77636,0.984375
77637,1.0
77638,0.984375
77639,1.0
77640,1.0
77641,0.984375
77642,0.96875
77643,0.984375
77644,1.0
77645,1.0
77646,0.984375
77647,0.984375
77648,0.984375
77649,0.9375
77650,0.984375
77651,0.984375
77652,1.0
77653,1.0
77654,1.0
77655,0.984375
77656,1.0
77657,0.984375
77658,1.0
77659,0.96875
77660,0.984375
77661,1.0
77662,0.953125
77663,0.953125
77664,0.984375
77665,0.984375
77666,0.984375
77667,1.0
77668,1.0
77669,1.0
77670,0.984375
77671,1.0
77672,1.0
77673,1.0
77674,1.0
77675,1.0
77676,0.96875
77677,1.0
77678,0.984375
77679,1.0
77680,1.0
77681,0.953125
77682,0.984375
77683,1.0
77684,0.953125
77685,0.984375
77686,0.96875
77687,0.984375
77688,0.953125
77689,0.953125
77690,0.984375
77691,1.0
77692,1.0
77693,0.9375
77694,0.984375
77695,0.984375
77696,1.0
77697,0.96875
77698,1.0
77699,1.0
77700,1.0
77701,1.0
77702,1.0
77703,1.0
77704,0.96875
77705,1.0
77706,0.984375
77707,0.96875
77708,0.984375
77709,1.0
77710,1.0
77711,1.0
77712,1.0
77713,0.984375
77714,1.0
77715,0.984375
77716,1.0
77717,0.96875
77718,0.96875
77719,0.984375
77720,0.96875
77721,0.984375
77722,1.0
77723,0.984375
77724,0.984375
77725,1.0
77726,1.0
77727,1.0
77728,1.0
77729,1.0
77730,0.984375
77731,0.96875
77732,0.984375
77733,1.0
77734,1.0
77735,0.96875
77736,1.0
77737,0.984375
77738,0.9375
77739,0.984375
77740,1.0
77741,1.0
77742,0.984375
77743,0.984375
77744,0.96875
77745,0.953125
77746,1.0
77747,1.0
77748,1.0
77749,1.0
77750,1.0
77751,0.96875
77752,0.96875
77753,0.96875
77754,0.96875
77755,0.984375
77756,0.984375
77757,1.0
77758,1.0
77759,1.0
77760,0.984375
77761,0.96875
77762,1.0
77763,1.0
77764,1.0
77765,1.0
77766,1.0
77767,0.953125
77768,0.984375
77769,1.0
77770,0.984375
77771,1.0
77772,1.0
77773,0.96875
77774,0.984375
77775,0.96875
77776,1.0
77777,1.0
77778,0.96875
77779,0.984375
77780,1.0
77781,0.984375
77782,0.96875
77783,1.0
77784,0.96875
77785,1.0
77786,0.984375
77787,1.0
77788,1.0
77789,0.984375
77790,0.984375
77791,1.0
77792,1.0
77793,1.0
77794,0.96875
77795,1.0
77796,0.96875
77797,0.984375
77798,1.0
77799,1.0
77800,1.0
77801,0.96875
77802,0.984375
77803,0.984375
77804,1.0
77805,0.984375
77806,0.984375
77807,1.0
77808,1.0
77809,0.96875
77810,0.96875
77811,0.953125
77812,0.984375
77813,0.921875
77814,0.96875
77815,0.984375
77816,1.0
77817,0.953125
77818,1.0
77819,1.0
77820,1.0
77821,0.984375
77822,0.984375
77823,1.0
77824,0.984375
77825,0.953125
77826,0.984375
77827,0.984375
77828,1.0
77829,1.0
77830,1.0
77831,0.96875
77832,0.96875
77833,1.0
77834,1.0
77835,1.0
77836,0.984375
77837,1.0
77838,0.984375
77839,0.96875
77840,0.984375
77841,1.0
77842,0.953125
77843,1.0
77844,0.96875
77845,1.0
77846,0.984375
77847,0.96875
77848,1.0
77849,1.0
77850,0.96875
77851,0.984375
77852,0.96875
77853,0.984375
77854,0.96875
77855,0.96875
77856,0.984375
77857,1.0
77858,1.0
77859,0.984375
77860,1.0
77861,1.0
77862,1.0
77863,0.953125
77864,0.984375
77865,0.984375
77866,0.96875
77867,1.0
77868,1.0
77869,1.0
77870,0.984375
77871,0.984375
77872,0.984375
77873,1.0
77874,0.984375
77875,0.96875
77876,1.0
77877,0.96875
77878,0.984375
77879,1.0
77880,0.984375
77881,0.984375
77882,0.96875
77883,1.0
77884,0.984375
77885,1.0
77886,1.0
77887,0.984375
77888,0.984375
77889,0.984375
77890,0.984375
77891,0.9375
77892,0.96875
77893,1.0
77894,0.96875
77895,0.953125
77896,0.96875
77897,0.984375
77898,1.0
77899,1.0
77900,1.0
77901,0.984375
77902,1.0
77903,0.984375
77904,0.984375
77905,1.0
77906,0.96875
77907,0.984375
77908,0.984375
77909,1.0
77910,1.0
77911,1.0
77912,1.0
77913,1.0
77914,0.984375
77915,1.0
77916,1.0
77917,0.96875
77918,0.984375
77919,1.0
77920,0.96875
77921,0.984375
77922,1.0
77923,0.96875
77924,0.984375
77925,1.0
77926,0.96875
77927,1.0
77928,0.984375
77929,1.0
77930,1.0
77931,0.984375
77932,0.984375
77933,0.984375
77934,1.0
77935,0.984375
77936,1.0
77937,0.984375
77938,0.984375
77939,1.0
77940,1.0
77941,1.0
77942,0.953125
77943,0.96875
77944,1.0
77945,0.984375
77946,0.984375
77947,0.96875
77948,0.984375
77949,0.984375
77950,0.984375
77951,1.0
77952,1.0
77953,0.984375
77954,1.0
77955,1.0
77956,0.921875
77957,0.984375
77958,0.984375
77959,1.0
77960,0.984375
77961,1.0
77962,0.984375
77963,1.0
77964,1.0
77965,0.984375
77966,1.0
77967,0.984375
77968,1.0
77969,0.96875
77970,0.984375
77971,1.0
77972,0.984375
77973,0.984375
77974,0.984375
77975,0.984375
77976,1.0
77977,0.984375
77978,0.984375
77979,0.953125
77980,1.0
77981,0.984375
77982,0.984375
77983,1.0
77984,0.984375
77985,0.96875
77986,0.984375
77987,0.984375
77988,1.0
77989,1.0
77990,0.984375
77991,1.0
77992,0.984375
77993,1.0
77994,1.0
77995,0.984375
77996,0.96875
77997,1.0
77998,0.984375
77999,1.0
78000,0.96875
78001,0.984375
78002,1.0
78003,1.0
78004,1.0
78005,0.984375
78006,1.0
78007,1.0
78008,0.984375
78009,0.984375
78010,1.0
78011,1.0
78012,0.984375
78013,0.984375
78014,0.953125
78015,0.984375
78016,0.984375
78017,1.0
78018,0.96875
78019,0.953125
78020,0.96875
78021,1.0
78022,1.0
78023,0.984375
78024,0.984375
78025,0.984375
78026,0.984375
78027,0.984375
78028,1.0
78029,1.0
78030,0.984375
78031,1.0
78032,1.0
78033,0.984375
78034,1.0
78035,0.984375
78036,0.984375
78037,0.96875
78038,1.0
78039,1.0
78040,0.984375
78041,0.984375
78042,1.0
78043,0.984375
78044,1.0
78045,1.0
78046,0.984375
78047,0.984375
78048,1.0
78049,1.0
78050,0.984375
78051,1.0
78052,1.0
78053,0.984375
78054,0.96875
78055,1.0
78056,0.96875
78057,1.0
78058,1.0
78059,0.96875
78060,1.0
78061,1.0
78062,0.984375
78063,1.0
78064,0.984375
78065,0.984375
78066,1.0
78067,1.0
78068,1.0
78069,1.0
78070,1.0
78071,0.984375
78072,1.0
78073,1.0
78074,0.96875
78075,1.0
78076,0.96875
78077,1.0
78078,0.984375
78079,0.984375
78080,0.984375
78081,1.0
78082,1.0
78083,0.984375
78084,0.984375
78085,0.953125
78086,0.96875
78087,1.0
78088,1.0
78089,1.0
78090,0.96875
78091,0.984375
78092,1.0
78093,0.96875
78094,1.0
78095,0.953125
78096,1.0
78097,0.984375
78098,1.0
78099,1.0
78100,1.0
78101,1.0
78102,0.984375
78103,1.0
78104,1.0
78105,1.0
78106,1.0
78107,0.953125
78108,0.96875
78109,1.0
78110,0.984375
78111,0.984375
78112,0.984375
78113,0.984375
78114,0.96875
78115,0.96875
78116,1.0
78117,1.0
78118,0.984375
78119,0.984375
78120,0.96875
78121,1.0
78122,0.984375
78123,1.0
78124,1.0
78125,0.96875
78126,1.0
78127,0.984375
78128,1.0
78129,1.0
78130,1.0
78131,1.0
78132,0.984375
78133,1.0
78134,0.984375
78135,0.984375
78136,1.0
78137,0.96875
78138,0.984375
78139,0.984375
78140,1.0
78141,0.984375
78142,1.0
78143,1.0
78144,1.0
78145,1.0
78146,1.0
78147,0.984375
78148,0.96875
78149,0.984375
78150,0.984375
78151,1.0
78152,0.96875
78153,1.0
78154,0.984375
78155,0.984375
78156,0.984375
78157,1.0
78158,0.953125
78159,0.96875
78160,1.0
78161,0.984375
78162,1.0
78163,0.953125
78164,0.984375
78165,0.96875
78166,1.0
78167,1.0
78168,0.953125
78169,1.0
78170,0.984375
78171,1.0
78172,0.984375
78173,0.984375
78174,0.984375
78175,1.0
78176,0.984375
78177,0.984375
78178,1.0
78179,0.96875
78180,1.0
78181,1.0
78182,0.96875
78183,0.984375
78184,1.0
78185,0.984375
78186,1.0
78187,0.984375
78188,0.984375
78189,0.9375
78190,1.0
78191,1.0
78192,0.984375
78193,0.984375
78194,1.0
78195,1.0
78196,0.96875
78197,0.984375
78198,1.0
78199,0.984375
78200,1.0
78201,1.0
78202,1.0
78203,1.0
78204,0.953125
78205,1.0
78206,1.0
78207,0.984375
78208,0.984375
78209,1.0
78210,0.96875
78211,0.984375
78212,0.984375
78213,0.984375
78214,0.984375
78215,1.0
78216,0.984375
78217,0.984375
78218,1.0
78219,0.96875
78220,0.96875
78221,1.0
78222,0.96875
78223,0.984375
78224,1.0
78225,0.96875
78226,1.0
78227,0.96875
78228,0.953125
78229,0.984375
78230,0.96875
78231,1.0
78232,0.984375
78233,0.984375
78234,1.0
78235,0.984375
78236,1.0
78237,1.0
78238,0.96875
78239,0.984375
78240,0.953125
78241,1.0
78242,1.0
78243,1.0
78244,0.953125
78245,0.984375
78246,1.0
78247,0.984375
78248,0.984375
78249,0.984375
78250,1.0
78251,0.953125
78252,0.984375
78253,1.0
78254,1.0
78255,0.96875
78256,1.0
78257,1.0
78258,0.984375
78259,1.0
78260,1.0
78261,1.0
78262,0.984375
78263,0.984375
78264,1.0
78265,1.0
78266,0.984375
78267,1.0
78268,1.0
78269,0.984375
78270,1.0
78271,0.984375
78272,1.0
78273,0.984375
78274,1.0
78275,0.984375
78276,1.0
78277,1.0
78278,0.953125
78279,0.984375
78280,0.984375
78281,1.0
78282,1.0
78283,1.0
78284,0.984375
78285,0.984375
78286,1.0
78287,0.984375
78288,1.0
78289,0.953125
78290,0.984375
78291,0.984375
78292,1.0
78293,1.0
78294,0.96875
78295,0.953125
78296,1.0
78297,0.984375
78298,0.984375
78299,0.953125
78300,0.96875
78301,1.0
78302,1.0
