4,0.0
5,0.0
6,0.0
7,0.0
8,0.0
9,0.0
10,0.0
11,0.0
12,0.0
13,0.0
14,0.0
15,0.0
16,0.0
17,0.0
18,0.0
19,0.0
20,0.0
21,0.0
22,0.0
23,0.0
24,0.0
25,0.0
26,0.0
27,0.0
28,0.0
29,0.0
30,0.0
31,0.0
32,0.0
33,0.0
34,0.0
35,0.0
36,0.0
37,0.0
38,0.0
39,0.0
40,0.0
41,0.0
42,0.0
43,0.0
44,0.0
45,0.0
46,0.0
47,0.0
48,0.0
49,0.0
50,0.0
51,0.0
52,0.0
53,0.0
54,0.0
55,0.0
56,0.0
57,0.0
58,0.0
59,0.0
60,0.0
61,0.0
62,0.0
63,0.0
64,0.0
65,0.0
66,0.0
67,0.0
68,0.0
69,0.0
70,0.0
71,0.0
72,0.0
73,0.0
74,0.0
75,0.0
76,0.0
77,0.0
78,0.0
79,0.0
80,0.0
81,0.0
82,0.0
83,0.0
84,0.0
85,0.0
86,0.0
87,0.0
88,0.0
89,0.0
90,0.0
91,0.0
92,0.0
93,0.0
94,0.0
95,0.0
96,0.0
97,0.0
98,0.0
99,0.0
100,0.0
101,0.0
102,0.0
103,0.0
104,0.0
105,0.0
106,0.0
107,0.0
108,0.0
109,0.0
110,0.0
111,0.0
112,0.0
113,0.0
114,0.0
115,0.0
116,0.0
117,0.0
118,0.0
119,0.0
120,0.0
121,0.0
122,0.0
123,0.0
124,0.0
125,0.0
126,0.0
127,0.0
128,0.0
129,0.0
130,0.0
131,0.0
132,0.0
133,0.0
134,0.0
135,0.0
136,0.0
137,0.0
138,0.0
139,0.0
140,0.0
141,0.0
142,0.0
143,0.0
144,0.0
145,0.0
146,0.0
147,0.0
148,0.0
149,0.0
150,0.0
151,0.0
152,0.0
153,0.0
154,0.0
155,0.0
156,0.0
157,0.0
158,0.0
159,0.0
160,0.0
161,0.0
162,0.0
163,0.0
164,0.0
165,0.0
166,0.0
167,0.0
168,0.0
169,0.0
170,0.0
171,0.0
172,0.0
173,0.0
174,0.0
175,0.0
176,0.0
177,0.0
178,0.0
179,0.0
180,0.0
181,0.0
182,0.0
183,0.0
184,0.0
185,0.0
186,0.0
187,0.0
188,0.0
189,0.0
190,0.0
191,0.0
192,0.0
193,0.0
194,0.0
195,0.0
196,0.0
197,0.0
198,0.0
199,0.0
200,0.0
201,0.0
202,0.0
203,0.0
204,0.0
205,0.0
206,0.0
207,0.0
208,0.0
209,0.0
210,0.0
211,0.0
212,0.0
213,0.0
214,0.0
215,0.0
216,0.0
217,0.0
218,0.0
219,0.0
220,0.0
221,0.0
222,0.0
223,0.0
224,0.0
225,0.0
226,0.0
227,0.0
228,0.0
229,0.0
230,0.0
231,0.0
232,0.0
233,0.0
234,0.0
235,0.0
236,0.0
237,0.0
238,0.0
239,0.0
240,0.0
241,0.0
242,0.0
243,0.0
244,0.0
245,0.0
246,0.0
247,0.0
248,0.0
249,0.0
250,0.0
251,0.0
252,0.0
253,0.0
254,0.0
255,0.0
256,0.0
257,0.0
258,0.0
259,0.0142593383789
260,0.0163726806641
261,0.0180969238281
262,0.0197448730469
263,0.0206451416016
264,0.0205688476562
265,0.0207672119141
266,0.0213928222656
267,0.0196685791016
268,0.0198822021484
269,0.0210266113281
270,0.01806640625
271,0.0172729492188
272,0.0189056396484
273,0.0183715820312
274,0.0183868408203
275,0.0214538574219
276,0.0225524902344
277,0.0231018066406
278,0.0244598388672
279,0.0251770019531
280,0.0236358642578
281,0.0243530273438
282,0.0187530517578
283,0.0193634033203
284,0.0160675048828
285,0.0191497802734
286,0.0173187255859
287,0.0182189941406
288,0.0193786621094
289,0.0205383300781
290,0.0236968994141
291,0.0239868164062
292,0.025634765625
293,0.021240234375
294,0.0225372314453
295,0.0207977294922
296,0.0226135253906
297,0.0246124267578
298,0.0168609619141
299,0.0206909179688
300,0.0259246826172
301,0.0252075195312
302,0.0211639404297
303,0.0214233398438
304,0.0243835449219
305,0.0222625732422
306,0.0220947265625
307,0.0188751220703
308,0.0225982666016
309,0.0256958007812
310,0.0258941650391
311,0.02587890625
312,0.0279235839844
313,0.0297088623047
314,0.0278167724609
315,0.0294494628906
316,0.0298004150391
317,0.0301208496094
318,0.0292510986328
319,0.0262603759766
320,0.0289459228516
321,0.0263214111328
322,0.0272979736328
323,0.0260925292969
324,0.0222473144531
325,0.0210723876953
326,0.0243530273438
327,0.0240936279297
328,0.0253295898438
329,0.0230255126953
330,0.0220489501953
331,0.0210723876953
332,0.0238342285156
333,0.0200958251953
334,0.0220031738281
335,0.0233612060547
336,0.0255432128906
337,0.0259246826172
338,0.0218963623047
339,0.0246124267578
340,0.0264739990234
341,0.0222015380859
342,0.0250549316406
343,0.0268249511719
344,0.0200347900391
345,0.0227355957031
346,0.0243988037109
347,0.0231475830078
348,0.0263977050781
349,0.0239410400391
350,0.0235748291016
351,0.0245971679688
352,0.0242156982422
353,0.0250701904297
354,0.0257873535156
355,0.0277709960938
356,0.0299377441406
357,0.0293121337891
358,0.0285034179688
359,0.0297546386719
360,0.0317993164062
361,0.03466796875
362,0.0289916992188
363,0.0294799804688
364,0.0330810546875
365,0.0253295898438
366,0.0250549316406
367,0.0275726318359
368,0.0304718017578
369,0.0313720703125
370,0.0263061523438
371,0.0249633789062
372,0.0275573730469
373,0.0294799804688
374,0.0260162353516
375,0.0287475585938
376,0.0321655273438
377,0.0327453613281
378,0.0350952148438
379,0.03369140625
380,0.0369567871094
381,0.0372009277344
382,0.0382385253906
383,0.0339050292969
384,0.0335083007812
385,0.0317687988281
386,0.03173828125
387,0.0332336425781
388,0.0323181152344
389,0.029296875
390,0.0332946777344
391,0.0354309082031
392,0.0341491699219
393,0.0341491699219
394,0.0328979492188
395,0.0322265625
396,0.0353088378906
397,0.0370178222656
398,0.0354309082031
399,0.0329895019531
400,0.0317077636719
401,0.0353698730469
402,0.0307006835938
403,0.0316467285156
404,0.0322570800781
405,0.0332336425781
406,0.0323181152344
407,0.0348510742188
408,0.0330810546875
409,0.0310668945312
410,0.0308990478516
411,0.0350036621094
412,0.0342712402344
413,0.0306549072266
414,0.0301208496094
415,0.0306701660156
416,0.0317687988281
417,0.0337829589844
418,0.0318603515625
419,0.0335083007812
420,0.03173828125
421,0.0328063964844
422,0.0343322753906
423,0.0347290039062
424,0.03369140625
425,0.031494140625
426,0.0338134765625
427,0.0317077636719
428,0.0307006835938
429,0.0328979492188
430,0.0321655273438
431,0.0336608886719
432,0.0359497070312
433,0.036865234375
434,0.0361022949219
435,0.0359191894531
436,0.0340881347656
437,0.0367736816406
438,0.0350646972656
439,0.0343933105469
440,0.0344543457031
441,0.0352783203125
442,0.0376281738281
443,0.0353698730469
444,0.0375061035156
445,0.0382995605469
446,0.0387268066406
447,0.0370483398438
448,0.0377502441406
449,0.03955078125
450,0.0400695800781
451,0.041748046875
452,0.0410461425781
453,0.038818359375
454,0.0394897460938
455,0.0403442382812
456,0.0401611328125
457,0.0383605957031
458,0.0393676757812
459,0.0410766601562
460,0.0421447753906
461,0.0392456054688
462,0.0374450683594
463,0.0401611328125
464,0.04150390625
465,0.0368957519531
466,0.0384216308594
467,0.0372619628906
468,0.0350036621094
469,0.0354919433594
470,0.0382995605469
471,0.03759765625
472,0.0395812988281
473,0.0397338867188
474,0.0392761230469
475,0.0397338867188
476,0.0390014648438
477,0.0388488769531
478,0.0395812988281
479,0.0382690429688
480,0.0357055664062
481,0.0385437011719
482,0.0354614257812
483,0.0378723144531
484,0.0402526855469
485,0.0368041992188
486,0.0367736816406
487,0.0368957519531
488,0.035400390625
489,0.0371398925781
490,0.0394897460938
491,0.038818359375
492,0.0400695800781
493,0.0385131835938
494,0.0358276367188
495,0.0372009277344
496,0.0393676757812
497,0.0352172851562
498,0.0353698730469
499,0.0367736816406
500,0.0367431640625
501,0.0355529785156
502,0.0360107421875
503,0.0376586914062
504,0.0374145507812
505,0.03564453125
506,0.0372009277344
507,0.0370483398438
508,0.0385131835938
509,0.0365295410156
510,0.0354919433594
511,0.0359191894531
512,0.0376586914062
513,0.0390625
514,0.0396118164062
515,0.121215820312
516,0.128051757812
517,0.141357421875
518,0.140258789062
519,0.130859375
520,0.1416015625
521,0.142578125
522,0.143798828125
523,0.151245117188
524,0.149047851562
525,0.125610351562
526,0.129272460938
527,0.143432617188
528,0.13330078125
529,0.142944335938
530,0.129760742188
531,0.140502929688
532,0.142822265625
533,0.152587890625
534,0.138549804688
535,0.139526367188
536,0.151000976562
537,0.1455078125
538,0.1416015625
539,0.1474609375
540,0.131469726562
541,0.1474609375
542,0.143676757812
543,0.134155273438
544,0.129638671875
545,0.130004882812
546,0.133666992188
547,0.1376953125
548,0.138793945312
549,0.130859375
550,0.135375976562
551,0.12939453125
552,0.130859375
553,0.141845703125
554,0.136596679688
555,0.140502929688
556,0.1337890625
557,0.121643066406
558,0.121032714844
559,0.12744140625
560,0.133911132812
561,0.127685546875
562,0.1279296875
563,0.131103515625
564,0.128295898438
565,0.134765625
566,0.144897460938
567,0.152465820312
568,0.135009765625
569,0.139038085938
570,0.134887695312
571,0.131958007812
572,0.135620117188
573,0.141357421875
574,0.12841796875
575,0.119384765625
576,0.141845703125
577,0.150146484375
578,0.156494140625
579,0.141479492188
580,0.133666992188
581,0.147705078125
582,0.14892578125
583,0.150146484375
584,0.148315429688
585,0.1416015625
586,0.144409179688
587,0.1416015625
588,0.144897460938
589,0.149047851562
590,0.153198242188
591,0.149169921875
592,0.154418945312
593,0.15234375
594,0.150634765625
595,0.152709960938
596,0.13623046875
597,0.1337890625
598,0.133178710938
599,0.139038085938
600,0.134887695312
601,0.152709960938
602,0.157348632812
603,0.147705078125
604,0.13720703125
605,0.138061523438
606,0.144165039062
607,0.148193359375
608,0.13818359375
609,0.136962890625
610,0.132690429688
611,0.130004882812
612,0.134399414062
613,0.137939453125
614,0.1318359375
615,0.127319335938
616,0.1279296875
617,0.134887695312
618,0.132568359375
619,0.129272460938
620,0.137329101562
621,0.148071289062
622,0.150146484375
623,0.134399414062
624,0.137084960938
625,0.151245117188
626,0.1396484375
627,0.139282226562
628,0.14208984375
629,0.137573242188
630,0.142944335938
631,0.143676757812
632,0.14501953125
633,0.154907226562
634,0.14453125
635,0.152954101562
636,0.162963867188
637,0.153076171875
638,0.17236328125
639,0.159423828125
640,0.157104492188
641,0.161499023438
642,0.138793945312
643,0.138671875
644,0.12451171875
645,0.133178710938
646,0.130493164062
647,0.131591796875
648,0.135009765625
649,0.137573242188
650,0.142578125
651,0.1455078125
652,0.1552734375
653,0.144775390625
654,0.139526367188
655,0.1455078125
656,0.135620117188
657,0.139282226562
658,0.128051757812
659,0.129150390625
660,0.122131347656
661,0.127075195312
662,0.127319335938
663,0.14208984375
664,0.141845703125
665,0.140258789062
666,0.138916015625
667,0.144653320312
668,0.1337890625
669,0.149047851562
670,0.136474609375
671,0.143798828125
672,0.147705078125
673,0.14501953125
674,0.1376953125
675,0.143798828125
676,0.14208984375
677,0.154052734375
678,0.14453125
679,0.141967773438
680,0.142944335938
681,0.134033203125
682,0.130859375
683,0.129516601562
684,0.1357421875
685,0.133666992188
686,0.125610351562
687,0.148559570312
688,0.137084960938
689,0.137817382812
690,0.142333984375
691,0.14404296875
692,0.131591796875
693,0.128051757812
694,0.128784179688
695,0.138793945312
696,0.1416015625
697,0.131103515625
698,0.130493164062
699,0.131958007812
700,0.140380859375
701,0.139404296875
702,0.141235351562
703,0.142822265625
704,0.147338867188
705,0.14794921875
706,0.130249023438
707,0.135375976562
708,0.120056152344
709,0.126831054688
710,0.126953125
711,0.133911132812
712,0.12646484375
713,0.127807617188
714,0.136596679688
715,0.12939453125
716,0.14453125
717,0.133666992188
718,0.132568359375
719,0.140747070312
720,0.1279296875
721,0.129150390625
722,0.140502929688
723,0.13525390625
724,0.1357421875
725,0.145874023438
726,0.140869140625
727,0.136108398438
728,0.118774414062
729,0.127197265625
730,0.11083984375
731,0.13623046875
732,0.129760742188
733,0.134521484375
734,0.126586914062
735,0.1298828125
736,0.138916015625
737,0.137329101562
738,0.14013671875
739,0.135009765625
740,0.135009765625
741,0.147216796875
742,0.142944335938
743,0.141723632812
744,0.140991210938
745,0.15283203125
746,0.15576171875
747,0.14892578125
748,0.140747070312
749,0.132568359375
750,0.141235351562
751,0.140625
752,0.142211914062
753,0.146240234375
754,0.151733398438
755,0.147827148438
756,0.145751953125
757,0.137573242188
758,0.134765625
759,0.140869140625
760,0.145385742188
761,0.140502929688
762,0.125854492188
763,0.14501953125
764,0.142578125
765,0.158569335938
766,0.164428710938
767,0.169555664062
768,0.163330078125
769,0.148193359375
770,0.16064453125
771,0.123168945312
772,0.107788085938
773,0.109741210938
774,0.114868164062
775,0.114196777344
776,0.114074707031
777,0.121765136719
778,0.129028320312
779,0.11962890625
780,0.119262695312
781,0.113586425781
782,0.114379882812
783,0.119445800781
784,0.114807128906
786,0.12451171875
787,0.123840332031
788,0.138793945312
789,0.145263671875
790,0.132690429688
791,0.120300292969
792,0.123229980469
793,0.128662109375
794,0.127075195312
795,0.122741699219
796,0.1142578125
797,0.121398925781
798,0.118469238281
799,0.128295898438
800,0.134033203125
801,0.129028320312
802,0.113159179688
803,0.118591308594
804,0.12451171875
805,0.128540039062
806,0.12841796875
807,0.121032714844
808,0.128662109375
809,0.118103027344
810,0.114685058594
811,0.112854003906
812,0.123840332031
813,0.112731933594
814,0.124755859375
815,0.128662109375
816,0.127807617188
817,0.12939453125
818,0.1376953125
819,0.127563476562
820,0.127197265625
821,0.136962890625
822,0.141357421875
823,0.1357421875
824,0.1298828125
825,0.137939453125
826,0.1318359375
827,0.13232421875
828,0.12158203125
829,0.120300292969
830,0.118225097656
831,0.127319335938
832,0.117614746094
833,0.116882324219
834,0.1328125
835,0.132690429688
836,0.142944335938
837,0.13134765625
838,0.14013671875
839,0.14794921875
840,0.14794921875
841,0.130615234375
842,0.1279296875
843,0.1396484375
844,0.139282226562
845,0.12841796875
846,0.117370605469
847,0.11572265625
848,0.129150390625
849,0.122863769531
850,0.114868164062
851,0.1220703125
852,0.126098632812
853,0.13916015625
854,0.138671875
855,0.140502929688
856,0.149291992188
857,0.1376953125
858,0.152709960938
859,0.136108398438
860,0.126586914062
861,0.139282226562
862,0.13623046875
863,0.1318359375
864,0.1240234375
865,0.144165039062
866,0.138671875
867,0.132202148438
868,0.129760742188
869,0.135498046875
870,0.13671875
871,0.135375976562
872,0.13134765625
873,0.139770507812
874,0.1328125
875,0.136596679688
876,0.132568359375
877,0.135009765625
878,0.142211914062
879,0.14208984375
880,0.1494140625
881,0.157592773438
882,0.126220703125
883,0.138061523438
884,0.156372070312
885,0.139282226562
886,0.128295898438
887,0.128051757812
888,0.136840820312
889,0.124084472656
890,0.125366210938
891,0.125854492188
892,0.137329101562
893,0.140991210938
894,0.139526367188
895,0.135986328125
896,0.1396484375
897,0.147338867188
898,0.143920898438
899,0.159423828125
900,0.137939453125
901,0.136840820312
902,0.137451171875
903,0.138671875
904,0.152709960938
905,0.15625
906,0.146362304688
907,0.15283203125
908,0.15673828125
909,0.167602539062
910,0.169189453125
911,0.148681640625
912,0.158813476562
913,0.150634765625
914,0.116333007812
915,0.126220703125
916,0.1337890625
917,0.137329101562
918,0.136962890625
919,0.14404296875
920,0.121643066406
921,0.113586425781
922,0.127197265625
923,0.120544433594
924,0.1328125
925,0.1328125
926,0.138793945312
927,0.138549804688
928,0.135009765625
929,0.136474609375
930,0.1298828125
931,0.134399414062
932,0.13720703125
933,0.131225585938
934,0.135864257812
935,0.13427734375
936,0.134643554688
937,0.145874023438
938,0.130859375
939,0.134399414062
940,0.13427734375
941,0.1376953125
942,0.127197265625
943,0.140380859375
944,0.126220703125
945,0.131713867188
946,0.124084472656
947,0.126831054688
948,0.140625
949,0.137573242188
950,0.1298828125
951,0.134765625
952,0.139282226562
953,0.144165039062
954,0.140747070312
955,0.154907226562
956,0.164916992188
957,0.143798828125
958,0.153442382812
959,0.162475585938
960,0.176391601562
961,0.181396484375
962,0.152465820312
963,0.132080078125
964,0.1435546875
965,0.136108398438
966,0.146606445312
967,0.149780273438
968,0.156372070312
969,0.16943359375
970,0.128295898438
971,0.139526367188
972,0.138427734375
973,0.13818359375
974,0.1435546875
975,0.1416015625
976,0.156616210938
977,0.148071289062
978,0.142578125
979,0.151123046875
980,0.152221679688
981,0.152954101562
982,0.134033203125
983,0.140014648438
984,0.146606445312
985,0.141967773438
986,0.150024414062
987,0.12646484375
988,0.122253417969
989,0.136596679688
990,0.141845703125
991,0.153198242188
992,0.1689453125
993,0.175048828125
994,0.157592773438
995,0.155029296875
996,0.15869140625
997,0.1552734375
998,0.160522460938
999,0.144897460938
1000,0.150146484375
1001,0.141479492188
1002,0.146606445312
1003,0.142211914062
1004,0.1474609375
1005,0.158447265625
1006,0.14599609375
1007,0.147216796875
1008,0.15283203125
1009,0.152221679688
1010,0.151489257812
1011,0.151733398438
1012,0.158203125
1013,0.153686523438
1014,0.16064453125
1015,0.1669921875
1016,0.145385742188
1017,0.15478515625
1018,0.170288085938
1019,0.169677734375
1020,0.16259765625
1021,0.14111328125
1022,0.154296875
1023,0.141723632812
1024,0.150146484375
1025,0.123168945312
1026,0.134521484375
1027,0.147705078125
1028,0.111389160156
1029,0.113464355469
1030,0.111572265625
1031,0.113952636719
1032,0.110229492188
1033,0.109313964844
1034,0.101013183594
1035,0.107116699219
1036,0.111633300781
1037,0.111572265625
1038,0.152709960938
1039,0.126831054688
1040,0.124328613281
1041,0.126342773438
1042,0.136108398438
1043,0.108032226562
1044,0.110107421875
1045,0.119018554688
1046,0.111938476562
1047,0.11962890625
1048,0.115234375
1049,0.119995117188
1050,0.110290527344
1051,0.110107421875
1052,0.121398925781
1053,0.118225097656
1054,0.129028320312
1055,0.129028320312
1056,0.133544921875
1057,0.108459472656
1058,0.105529785156
1059,0.112548828125
1060,0.110778808594
1061,0.117370605469
1062,0.117370605469
1063,0.119873046875
1064,0.126708984375
1065,0.108276367188
1066,0.125244140625
1067,0.13671875
1068,0.118713378906
1069,0.13134765625
1070,0.130249023438
1071,0.105895996094
1072,0.119018554688
1073,0.13818359375
1074,0.131958007812
1075,0.118041992188
1076,0.1357421875
1077,0.1357421875
1078,0.137817382812
1079,0.147338867188
1080,0.14453125
1081,0.124206542969
1082,0.12548828125
1083,0.117919921875
1084,0.117797851562
1085,0.127075195312
1086,0.130493164062
1087,0.128295898438
1088,0.13623046875
1089,0.134521484375
1090,0.127319335938
1091,0.137817382812
1092,0.151489257812
1093,0.139770507812
1094,0.142456054688
1095,0.127075195312
1096,0.130981445312
1097,0.135009765625
1098,0.141723632812
1099,0.147216796875
1100,0.141479492188
1101,0.146362304688
1102,0.153930664062
1103,0.153686523438
1104,0.140014648438
1105,0.147216796875
1106,0.143798828125
1107,0.145629882812
1108,0.144775390625
1109,0.146118164062
1110,0.145874023438
1111,0.15625
1112,0.139526367188
1113,0.136108398438
1114,0.139526367188
1115,0.127319335938
1116,0.143310546875
1117,0.12646484375
1118,0.122924804688
1119,0.126220703125
1120,0.122131347656
1121,0.119140625
1122,0.142944335938
1123,0.13232421875
1124,0.130493164062
1125,0.140991210938
1126,0.145751953125
1127,0.1689453125
1128,0.158081054688
1129,0.159057617188
1130,0.143798828125
1131,0.14404296875
1132,0.1396484375
1133,0.153198242188
1134,0.16259765625
1135,0.14404296875
1136,0.13671875
1137,0.140625
1138,0.14013671875
1139,0.14794921875
1140,0.141967773438
1141,0.143676757812
1142,0.156494140625
1143,0.14990234375
1144,0.159423828125
1145,0.162963867188
1146,0.161499023438
1147,0.154907226562
1148,0.147216796875
1149,0.146118164062
1150,0.155517578125
1151,0.146728515625
1152,0.144165039062
1153,0.132080078125
1154,0.1396484375
1155,0.147705078125
1156,0.134033203125
1157,0.134521484375
1158,0.13671875
1159,0.146850585938
1160,0.134521484375
1161,0.135375976562
1162,0.143920898438
1163,0.139282226562
1164,0.152099609375
1165,0.158813476562
1166,0.163696289062
1167,0.158935546875
1168,0.152954101562
1169,0.15234375
1170,0.133056640625
1171,0.131713867188
1172,0.135620117188
1173,0.135620117188
1174,0.133544921875
1175,0.138793945312
1176,0.147216796875
1177,0.146484375
1178,0.144775390625
1179,0.160034179688
1180,0.147338867188
1181,0.154052734375
1182,0.1484375
1183,0.156494140625
1184,0.162231445312
1185,0.143798828125
1186,0.1513671875
1187,0.162963867188
1188,0.170776367188
1189,0.159790039062
1190,0.160034179688
1191,0.171875
1192,0.16796875
1193,0.173583984375
1194,0.139404296875
1195,0.15087890625
1196,0.151489257812
1197,0.156494140625
1198,0.160278320312
1199,0.15234375
1200,0.144165039062
1201,0.132690429688
1202,0.136474609375
1203,0.135986328125
1204,0.139526367188
1205,0.144775390625
1206,0.140502929688
1207,0.151733398438
1208,0.15966796875
1209,0.167602539062
1210,0.171020507812
1211,0.156372070312
1212,0.157104492188
1213,0.155395507812
1214,0.15673828125
1215,0.160522460938
1216,0.149291992188
1217,0.14892578125
1218,0.16015625
1219,0.162353515625
1220,0.159301757812
1221,0.157958984375
1222,0.161987304688
1223,0.157836914062
1224,0.153686523438
1225,0.163330078125
1226,0.160400390625
1227,0.164672851562
1228,0.16943359375
1229,0.176635742188
1230,0.182250976562
1231,0.18310546875
1232,0.187255859375
1233,0.195678710938
1234,0.2001953125
1235,0.159423828125
1236,0.14892578125
1237,0.147094726562
1238,0.148193359375
1239,0.164306640625
1240,0.172607421875
1241,0.148681640625
1242,0.141479492188
1243,0.126220703125
1244,0.146240234375
1245,0.138427734375
1246,0.1474609375
1247,0.137939453125
1248,0.135131835938
1249,0.142333984375
1250,0.148681640625
1251,0.140014648438
1252,0.128540039062
1253,0.132568359375
1254,0.136596679688
1255,0.128540039062
1256,0.135131835938
1257,0.132568359375
1258,0.126342773438
1259,0.138305664062
1260,0.13818359375
1261,0.146606445312
1262,0.133911132812
1263,0.134033203125
1264,0.135864257812
1265,0.142333984375
1266,0.140502929688
1267,0.143310546875
1268,0.14013671875
1269,0.146240234375
1270,0.14453125
1271,0.152099609375
1272,0.159912109375
1273,0.157958984375
1274,0.171020507812
1275,0.168212890625
1276,0.159301757812
1277,0.1533203125
1278,0.148803710938
1279,0.151977539062
1280,0.156005859375
1281,0.16650390625
1282,0.161865234375
1283,0.164428710938
1284,0.10546875
1285,0.127563476562
1286,0.140747070312
1287,0.134399414062
1288,0.127807617188
1289,0.124328613281
1290,0.169921875
1291,0.15185546875
1292,0.144165039062
1293,0.1396484375
1294,0.140258789062
1295,0.130981445312
1296,0.131225585938
1297,0.114135742188
1298,0.115600585938
1299,0.116638183594
1300,0.118957519531
1301,0.12109375
1302,0.119873046875
1303,0.1181640625
1304,0.119506835938
1305,0.116455078125
1306,0.110229492188
1307,0.115539550781
1308,0.112426757812
1309,0.112487792969
1310,0.135009765625
1311,0.149658203125
1312,0.131225585938
1313,0.121337890625
1314,0.120544433594
1315,0.125244140625
1316,0.125610351562
1317,0.133056640625
1318,0.125610351562
1319,0.120178222656
1320,0.117980957031
1321,0.124389648438
1322,0.126220703125
1323,0.123413085938
1324,0.122680664062
1325,0.127319335938
1326,0.128051757812
1327,0.166625976562
1328,0.160888671875
1329,0.183227539062
1330,0.18212890625
1331,0.204711914062
1332,0.161010742188
1333,0.140991210938
1334,0.1455078125
1335,0.133056640625
1336,0.134033203125
1337,0.13623046875
1338,0.138061523438
1339,0.133544921875
1340,0.139282226562
1341,0.141235351562
1342,0.137817382812
1343,0.134765625
1344,0.137939453125
1345,0.14013671875
1346,0.140014648438
1347,0.140625
1348,0.135498046875
1349,0.138916015625
1350,0.138061523438
1351,0.131225585938
1352,0.131958007812
1353,0.140625
1354,0.1484375
1355,0.150146484375
1356,0.141357421875
1357,0.152221679688
1358,0.154663085938
1359,0.143920898438
1360,0.138061523438
1361,0.13427734375
1362,0.131958007812
1363,0.149291992188
1364,0.155883789062
1365,0.149047851562
1366,0.152099609375
1367,0.152099609375
1368,0.154296875
1369,0.1611328125
1370,0.15673828125
1371,0.159545898438
1372,0.1533203125
1373,0.146728515625
1374,0.1494140625
1375,0.148681640625
1376,0.150512695312
1377,0.144165039062
1378,0.150146484375
1379,0.1591796875
1380,0.163452148438
1381,0.1640625
1382,0.171752929688
1383,0.147216796875
1384,0.162353515625
1385,0.16943359375
1386,0.171264648438
1387,0.123657226562
1388,0.1357421875
1389,0.132934570312
1390,0.138305664062
1391,0.1435546875
1392,0.135375976562
1393,0.118591308594
1394,0.125122070312
1395,0.127075195312
1396,0.124084472656
1397,0.123962402344
1398,0.1298828125
1399,0.134887695312
1400,0.138549804688
1401,0.12939453125
1402,0.145385742188
1403,0.133544921875
1404,0.14306640625
1405,0.146240234375
1406,0.149169921875
1407,0.151123046875
1408,0.147827148438
1409,0.138793945312
1410,0.140258789062
1411,0.145751953125
1412,0.154296875
1413,0.172119140625
1414,0.151977539062
1415,0.163208007812
1416,0.164794921875
1417,0.160522460938
1418,0.1591796875
1419,0.162719726562
1420,0.160888671875
1421,0.169799804688
1422,0.161743164062
1423,0.1240234375
1424,0.128051757812
1425,0.138916015625
1426,0.1318359375
1427,0.134521484375
1428,0.13623046875
1429,0.132934570312
1430,0.131225585938
1431,0.1337890625
1432,0.137573242188
1433,0.136352539062
1434,0.131713867188
1435,0.1318359375
1436,0.130493164062
1437,0.14013671875
1438,0.151000976562
1439,0.1435546875
1440,0.142456054688
1441,0.145263671875
1442,0.143920898438
1443,0.148193359375
1444,0.152954101562
1445,0.154663085938
1446,0.12548828125
1447,0.133666992188
1448,0.142822265625
1449,0.131958007812
1450,0.119812011719
1451,0.137329101562
1452,0.126953125
1453,0.137573242188
1454,0.11474609375
1455,0.117858886719
1456,0.121520996094
1457,0.126220703125
1458,0.144653320312
1459,0.135620117188
1460,0.128295898438
1461,0.14697265625
1462,0.138427734375
1463,0.1376953125
1464,0.144897460938
1465,0.146240234375
1466,0.160766601562
1467,0.160522460938
1468,0.165283203125
1469,0.173706054688
1470,0.171020507812
1471,0.174194335938
1472,0.181274414062
1473,0.168823242188
1474,0.169677734375
1475,0.172973632812
1476,0.173828125
1477,0.17431640625
1478,0.180419921875
1479,0.173217773438
1480,0.177368164062
1481,0.162475585938
1482,0.163208007812
1483,0.1611328125
1484,0.181884765625
1485,0.187744140625
1486,0.173461914062
1487,0.186157226562
1488,0.196655273438
1489,0.190063476562
1490,0.182373046875
1491,0.185302734375
1492,0.169067382812
1493,0.176391601562
1494,0.192016601562
1495,0.185302734375
1496,0.193969726562
1497,0.2041015625
1498,0.204467773438
1499,0.203735351562
1500,0.198608398438
1501,0.193725585938
1502,0.189819335938
1503,0.189819335938
1504,0.173217773438
1505,0.190795898438
1506,0.189453125
1507,0.190185546875
1508,0.185546875
1509,0.189331054688
1510,0.189331054688
1511,0.15771484375
1512,0.148803710938
1513,0.155883789062
1514,0.16943359375
1515,0.172607421875
1516,0.123291015625
1517,0.123779296875
1518,0.107299804688
1519,0.101379394531
1520,0.117797851562
1521,0.114196777344
1522,0.111145019531
1523,0.146484375
1524,0.1513671875
1525,0.158081054688
1526,0.157836914062
1527,0.154663085938
1528,0.159545898438
1529,0.152099609375
1530,0.17724609375
1531,0.178100585938
1532,0.17822265625
1533,0.17919921875
1534,0.1826171875
1535,0.173095703125
1536,0.165893554688
1537,0.173461914062
1538,0.168823242188
1539,0.174438476562
1540,0.1142578125
1541,0.107360839844
1542,0.108032226562
1543,0.111999511719
1544,0.112426757812
1545,0.108764648438
1546,0.119018554688
1547,0.110961914062
1548,0.115417480469
1549,0.114135742188
1550,0.118408203125
1551,0.115905761719
1552,0.106201171875
1553,0.102966308594
1554,0.0890502929688
1555,0.0922241210938
1556,0.0993041992188
1557,0.101623535156
1558,0.0975952148438
1559,0.105651855469
1560,0.114318847656
1561,0.110961914062
1562,0.109619140625
1563,0.109558105469
38319,0.26171875
38320,0.238037109375
38322,0.249145507812
38323,0.250732421875
38324,0.248168945312
38325,0.235961914062
38326,0.236083984375
38327,0.247802734375
38328,0.248901367188
38329,0.246459960938
38330,0.246826171875
38331,0.251953125
38332,0.243286132812
38333,0.247802734375
38334,0.247436523438
38335,0.246826171875
38336,0.2509765625
38337,0.25048828125
38338,0.2412109375
38339,0.27734375
38340,0.275390625
38341,0.277099609375
38342,0.277587890625
38343,0.27587890625
38344,0.273193359375
38345,0.27294921875
38346,0.26513671875
38347,0.263671875
38348,0.26953125
38349,0.269775390625
38350,0.27783203125
38351,0.2783203125
38352,0.28076171875
38353,0.2783203125
38354,0.273681640625
38355,0.277099609375
38356,0.275390625
38357,0.273193359375
38358,0.273193359375
38359,0.27587890625
38360,0.276611328125
38361,0.274658203125
38362,0.276123046875
38363,0.27001953125
38364,0.2705078125
38365,0.295166015625
38366,0.294189453125
38367,0.268798828125
38368,0.269775390625
38369,0.27099609375
38370,0.2724609375
38371,0.270751953125
38372,0.272216796875
38373,0.277587890625
38374,0.27587890625
38375,0.274658203125
38376,0.2763671875
38377,0.276123046875
38378,0.27587890625
38379,0.276611328125
38380,0.276123046875
38381,0.29052734375
38382,0.287353515625
38383,0.292724609375
38384,0.29150390625
38385,0.2890625
38386,0.291015625
38387,0.28076171875
38388,0.281005859375
38389,0.27978515625
38390,0.282958984375
38391,0.282470703125
38392,0.283447265625
38393,0.29345703125
38394,0.29296875
38395,0.2802734375
38396,0.28173828125
38397,0.282470703125
38398,0.246337890625
38399,0.245971679688
38400,0.246215820312
38401,0.243041992188
38402,0.241088867188
38403,0.241943359375
38404,0.254638671875
38405,0.262939453125
38406,0.264404296875
38407,0.284423828125
38408,0.25244140625
38409,0.258544921875
38410,0.244262695312
38411,0.24560546875
38412,0.245239257812
38413,0.2431640625
38414,0.242797851562
38415,0.24658203125
38416,0.242797851562
38417,0.248168945312
38418,0.2412109375
38419,0.245361328125
38420,0.253173828125
38421,0.260986328125
38422,0.260009765625
38423,0.261474609375
38424,0.2685546875
38425,0.252685546875
38426,0.25048828125
38427,0.253173828125
38428,0.25146484375
38429,0.25390625
38430,0.253173828125
38431,0.25439453125
38432,0.25390625
38433,0.2724609375
38434,0.270263671875
38435,0.266845703125
38436,0.26708984375
38437,0.26611328125
38438,0.265869140625
38439,0.267333984375
38440,0.266845703125
38441,0.264404296875
38442,0.2646484375
38443,0.249267578125
38444,0.250244140625
38445,0.257080078125
38446,0.254638671875
38447,0.254638671875
38448,0.2587890625
38449,0.253662109375
38450,0.25146484375
38451,0.251953125
38452,0.164306640625
38453,0.166137695312
38454,0.166015625
38455,0.167846679688
38456,0.180053710938
38457,0.179077148438
38458,0.179077148438
38459,0.169799804688
38460,0.1689453125
38461,0.17041015625
38462,0.1728515625
38463,0.170043945312
38464,0.170654296875
38465,0.171875
38466,0.168579101562
38467,0.166015625
38468,0.16796875
38469,0.17041015625
38470,0.225830078125
38471,0.225341796875
38472,0.213012695312
38473,0.223266601562
38474,0.223754882812
38475,0.223510742188
38476,0.225219726562
38477,0.233520507812
38478,0.22900390625
38479,0.214477539062
38480,0.215087890625
38481,0.216430664062
38482,0.221435546875
38483,0.222778320312
38484,0.222900390625
38485,0.228271484375
38486,0.217163085938
38487,0.215576171875
38488,0.215454101562
38489,0.229614257812
38490,0.2138671875
38491,0.229125976562
38492,0.228759765625
38493,0.2109375
38494,0.20947265625
38495,0.212036132812
38496,0.211303710938
38497,0.210571289062
38498,0.208374023438
38499,0.20849609375
38500,0.207397460938
38501,0.20751953125
38502,0.207763671875
38503,0.211059570312
38504,0.216796875
38505,0.21533203125
38506,0.216064453125
38507,0.216674804688
38508,0.20947265625
38509,0.213134765625
38510,0.216796875
38511,0.216796875
38512,0.217163085938
38513,0.216064453125
38514,0.215454101562
38515,0.21435546875
38516,0.212768554688
38517,0.213256835938
38518,0.218994140625
38519,0.241455078125
38520,0.23974609375
38521,0.238159179688
38522,0.23681640625
38523,0.239379882812
38524,0.239501953125
38525,0.256103515625
38526,0.25537109375
38527,0.24267578125
38528,0.241455078125
38529,0.241455078125
38530,0.23974609375
38531,0.234497070312
38532,0.23046875
38533,0.233520507812
38534,0.228271484375
38535,0.228637695312
38536,0.227905273438
38537,0.227783203125
38538,0.228271484375
38539,0.234497070312
38540,0.232543945312
38541,0.235107421875
38542,0.22705078125
38543,0.230834960938
38544,0.229248046875
38545,0.224975585938
38546,0.229125976562
38547,0.228149414062
38548,0.219970703125
38549,0.2177734375
38550,0.2265625
38551,0.225830078125
38552,0.228637695312
38553,0.228881835938
38554,0.226196289062
38555,0.224975585938
38556,0.225830078125
38557,0.22705078125
38558,0.225952148438
38559,0.225708007812
38560,0.224365234375
38561,0.226440429688
38562,0.251953125
38563,0.249389648438
38564,0.250732421875
38565,0.253173828125
38566,0.251953125
38567,0.25732421875
38568,0.255859375
38569,0.258056640625
38570,0.247802734375
38571,0.24755859375
38572,0.247802734375
38573,0.247802734375
38574,0.247802734375
38575,0.243896484375
38576,0.244018554688
38577,0.243041992188
38578,0.25048828125
38579,0.252685546875
38580,0.251220703125
38581,0.248779296875
38582,0.232055664062
38583,0.231079101562
38584,0.231567382812
38585,0.2275390625
38586,0.226806640625
38587,0.248413085938
38588,0.248779296875
38589,0.249145507812
38590,0.248046875
38591,0.2490234375
38592,0.25830078125
38593,0.257080078125
38594,0.2578125
38595,0.257568359375
38596,0.25634765625
38597,0.2548828125
38598,0.26171875
38599,0.26220703125
38600,0.262451171875
38601,0.260009765625
38602,0.253173828125
38603,0.25390625
38604,0.25
38605,0.249877929688
38606,0.246459960938
38607,0.26953125
38608,0.26806640625
38609,0.267822265625
38610,0.263671875
38611,0.26708984375
38612,0.253662109375
38613,0.241455078125
38614,0.254150390625
38615,0.2529296875
38616,0.25146484375
38617,0.250244140625
38618,0.251708984375
38619,0.251953125
38620,0.251220703125
38621,0.25
38622,0.256103515625
38623,0.251708984375
38624,0.249633789062
38625,0.253662109375
38626,0.25341796875
38627,0.25244140625
38628,0.25439453125
38629,0.2509765625
38630,0.25146484375
38631,0.257568359375
38632,0.26220703125
38633,0.262451171875
38634,0.254150390625
38635,0.252197265625
38636,0.250732421875
38637,0.251220703125
38638,0.25048828125
38639,0.249389648438
38640,0.26318359375
38641,0.26708984375
38642,0.267822265625
38643,0.26318359375
38644,0.2724609375
38645,0.273193359375
38646,0.2724609375
38647,0.27099609375
38648,0.269287109375
38649,0.27001953125
38650,0.268310546875
38651,0.27099609375
38652,0.2724609375
38653,0.271240234375
38654,0.26708984375
38655,0.271240234375
38656,0.26025390625
38657,0.26220703125
38658,0.262939453125
38659,0.261962890625
38660,0.26123046875
38661,0.260009765625
38662,0.26025390625
38663,0.2607421875
38664,0.26220703125
38665,0.27880859375
38666,0.278076171875
38667,0.280029296875
38668,0.2783203125
38669,0.273681640625
38670,0.27099609375
38671,0.274169921875
38672,0.276611328125
38673,0.27392578125
38674,0.27294921875
38675,0.2646484375
38676,0.29443359375
38677,0.29248046875
38678,0.27734375
38679,0.27587890625
38680,0.27783203125
38681,0.278076171875
38682,0.278564453125
38683,0.276611328125
38684,0.277099609375
38685,0.26708984375
38686,0.26416015625
38687,0.26953125
38688,0.267822265625
38689,0.267333984375
38690,0.266357421875
38691,0.2666015625
38692,0.26611328125
38693,0.264404296875
38694,0.2666015625
38695,0.26416015625
38696,0.264892578125
38697,0.268798828125
38698,0.265380859375
38699,0.2607421875
38700,0.26318359375
38701,0.259765625
38702,0.253662109375
38703,0.25390625
38704,0.2490234375
38705,0.248779296875
38706,0.249267578125
38707,0.25390625
38708,0.155151367188
38709,0.155517578125
38710,0.15576171875
38711,0.161743164062
38712,0.160034179688
38713,0.155883789062
38714,0.156005859375
38715,0.156860351562
38716,0.152099609375
38717,0.152709960938
38718,0.167724609375
38719,0.157958984375
38720,0.16015625
38721,0.161743164062
38722,0.162719726562
38723,0.170532226562
38724,0.160888671875
38725,0.155395507812
38726,0.157592773438
38727,0.15625
38728,0.156616210938
38729,0.15478515625
38730,0.155029296875
38731,0.157592773438
38732,0.170043945312
38733,0.170043945312
38734,0.170654296875
38735,0.156494140625
38736,0.153076171875
38737,0.150390625
38738,0.149291992188
38739,0.15625
38740,0.158935546875
38741,0.157592773438
38742,0.157104492188
38743,0.1591796875
38744,0.162109375
38745,0.16064453125
38746,0.159545898438
38747,0.160400390625
38748,0.162841796875
38749,0.188842773438
38750,0.172607421875
38751,0.174682617188
38752,0.171508789062
38753,0.170776367188
38754,0.173583984375
38755,0.213500976562
38756,0.206420898438
38757,0.210693359375
38758,0.20166015625
38759,0.201538085938
38760,0.202880859375
38761,0.209350585938
38762,0.189575195312
38763,0.191650390625
38764,0.193725585938
38765,0.189575195312
38766,0.189208984375
38767,0.190063476562
38768,0.189575195312
38769,0.192016601562
38770,0.192993164062
38771,0.19140625
38772,0.191650390625
38773,0.19677734375
38774,0.195556640625
38775,0.1943359375
38776,0.196044921875
38777,0.19482421875
38778,0.192138671875
38779,0.193115234375
38780,0.187377929688
38781,0.185424804688
38782,0.188232421875
38783,0.18798828125
38784,0.188110351562
38785,0.184326171875
38786,0.187133789062
38787,0.207397460938
38788,0.20654296875
38789,0.207275390625
38790,0.207763671875
38791,0.196899414062
38792,0.190795898438
38793,0.189819335938
38794,0.189575195312
38795,0.187622070312
38796,0.203491210938
38797,0.2080078125
38798,0.20654296875
38799,0.20849609375
38800,0.197998046875
38801,0.197265625
38802,0.197998046875
38803,0.198486328125
38804,0.200073242188
38805,0.196044921875
38806,0.202758789062
38807,0.202270507812
38808,0.201049804688
38809,0.201904296875
38810,0.209228515625
38811,0.208618164062
38812,0.20849609375
38813,0.208862304688
38814,0.20361328125
38815,0.18603515625
38816,0.185180664062
38817,0.186279296875
38818,0.187866210938
38819,0.192626953125
38820,0.192626953125
38821,0.197021484375
38822,0.196411132812
38823,0.200439453125
38824,0.200805664062
38825,0.198120117188
38826,0.0892333984375
38827,0.0884399414062
38828,0.196899414062
38829,0.1904296875
38830,0.188598632812
38831,0.187744140625
38832,0.187255859375
38833,0.187377929688
38834,0.2109375
38835,0.2099609375
38836,0.208251953125
38837,0.204223632812
38838,0.205322265625
38839,0.207397460938
38840,0.207641601562
38841,0.201171875
38842,0.198120117188
38843,0.197021484375
38844,0.1982421875
38845,0.193359375
38846,0.207153320312
38847,0.205688476562
38848,0.200317382812
38849,0.205688476562
38850,0.200073242188
38851,0.195556640625
38852,0.195190429688
38853,0.197021484375
38854,0.207275390625
38855,0.21435546875
38856,0.245483398438
38857,0.243530273438
38858,0.244750976562
38859,0.227661132812
38860,0.225341796875
38861,0.225708007812
38862,0.228149414062
38863,0.226806640625
38864,0.226318359375
38865,0.221557617188
38866,0.222778320312
38867,0.223022460938
38868,0.225219726562
38869,0.229858398438
38870,0.227905273438
38871,0.239379882812
38872,0.239624023438
38873,0.236694335938
38874,0.235595703125
38875,0.242309570312
38876,0.241455078125
38877,0.237182617188
38878,0.23828125
38879,0.231567382812
38880,0.232543945312
38881,0.232543945312
38882,0.2314453125
38883,0.227661132812
38884,0.227905273438
38885,0.229370117188
38886,0.233520507812
38887,0.234008789062
38888,0.2568359375
38889,0.25634765625
38890,0.25537109375
38891,0.255859375
38892,0.254638671875
38893,0.23095703125
38894,0.22998046875
38895,0.231323242188
38896,0.230346679688
38897,0.22998046875
38898,0.230590820312
38899,0.232421875
38900,0.247314453125
38901,0.245361328125
38902,0.244018554688
38903,0.243530273438
38904,0.244506835938
38905,0.246215820312
38906,0.242065429688
38907,0.241333007812
38908,0.264404296875
38909,0.264892578125
38910,0.252685546875
38911,0.24560546875
38912,0.2451171875
38913,0.155517578125
38914,0.1533203125
38915,0.153442382812
38916,0.155029296875
38917,0.164428710938
38918,0.163818359375
38919,0.161254882812
38920,0.164306640625
38921,0.163940429688
38922,0.16552734375
38923,0.162719726562
38924,0.1611328125
38925,0.16064453125
38926,0.160034179688
38927,0.156005859375
38928,0.153564453125
38929,0.1533203125
38930,0.158813476562
38931,0.159912109375
38932,0.15869140625
38933,0.159057617188
38934,0.162475585938
38935,0.161376953125
38936,0.1611328125
38937,0.161010742188
38938,0.16064453125
38939,0.165283203125
38940,0.16357421875
38941,0.1650390625
38942,0.166015625
38943,0.166015625
38944,0.169189453125
38945,0.170776367188
38946,0.16015625
38947,0.165283203125
38948,0.167114257812
38949,0.160278320312
38950,0.1591796875
38951,0.158935546875
38952,0.159790039062
38953,0.156127929688
38954,0.156127929688
38955,0.157592773438
38956,0.157836914062
38957,0.158203125
38958,0.158813476562
38959,0.153564453125
38960,0.151611328125
38961,0.15380859375
38962,0.152465820312
38963,0.154663085938
38964,0.148559570312
38965,0.160522460938
38966,0.161987304688
38967,0.157348632812
38968,0.155517578125
38969,0.1552734375
38970,0.156494140625
38971,0.1826171875
38972,0.179321289062
38973,0.178588867188
38974,0.170654296875
38975,0.172607421875
38976,0.170654296875
38977,0.169311523438
38978,0.17041015625
38979,0.169677734375
38980,0.172485351562
38981,0.175659179688
38982,0.1748046875
38983,0.1748046875
38984,0.172729492188
38985,0.182250976562
38986,0.202392578125
38987,0.204956054688
38988,0.20458984375
38989,0.207763671875
38990,0.193725585938
38991,0.193969726562
38992,0.202514648438
38993,0.203491210938
38994,0.200805664062
38995,0.19775390625
38996,0.208618164062
38997,0.207641601562
38998,0.207763671875
38999,0.202026367188
39000,0.20166015625
39001,0.196533203125
39002,0.196044921875
39003,0.207763671875
39004,0.200073242188
39005,0.209228515625
39006,0.206909179688
39007,0.205078125
39008,0.204711914062
39009,0.205078125
39010,0.202270507812
39011,0.202270507812
39012,0.203369140625
39013,0.206665039062
39014,0.20556640625
39015,0.198852539062
39016,0.200561523438
39017,0.200439453125
39018,0.20068359375
39019,0.202026367188
39020,0.200439453125
39021,0.19970703125
39022,0.200927734375
39023,0.199340820312
39024,0.20849609375
39025,0.2099609375
39026,0.209350585938
39027,0.211181640625
39028,0.211181640625
39029,0.210205078125
39030,0.2080078125
39031,0.209228515625
39032,0.219116210938
39033,0.222045898438
39034,0.211303710938
39035,0.220825195312
39036,0.213989257812
39037,0.212280273438
39038,0.212036132812
39039,0.212280273438
39040,0.210571289062
39041,0.212646484375
39042,0.203247070312
39043,0.2041015625
39044,0.20361328125
39045,0.208374023438
39046,0.210815429688
39047,0.212768554688
39048,0.21337890625
39049,0.219848632812
39050,0.217895507812
39051,0.224853515625
39052,0.2236328125
39053,0.255615234375
39054,0.25341796875
39055,0.25244140625
39056,0.256103515625
39057,0.244873046875
39058,0.25048828125
39059,0.249633789062
39060,0.240112304688
39061,0.2451171875
39062,0.24365234375
39063,0.244140625
39064,0.242065429688
39065,0.240600585938
39066,0.239868164062
39067,0.228759765625
39068,0.227294921875
39069,0.2314453125
39070,0.230590820312
39071,0.230834960938
39072,0.226684570312
39073,0.221923828125
39074,0.220947265625
39075,0.218505859375
39076,0.211303710938
39077,0.209838867188
39078,0.209350585938
39079,0.208251953125
39080,0.207763671875
39081,0.208984375
39082,0.210083007812
39083,0.210571289062
39084,0.211181640625
39085,0.210815429688
39086,0.210205078125
39087,0.20556640625
39088,0.206298828125
39089,0.203979492188
39090,0.204467773438
39091,0.21044921875
39092,0.209228515625
39093,0.208251953125
39094,0.207275390625
39095,0.207397460938
39096,0.207763671875
39097,0.205932617188
39098,0.208251953125
39099,0.208374023438
39100,0.21923828125
39101,0.216430664062
39102,0.204467773438
39104,0.204345703125
39105,0.205810546875
39106,0.224609375
39107,0.22265625
39108,0.2177734375
39109,0.220825195312
39110,0.21826171875
39111,0.21923828125
39112,0.217895507812
39113,0.207885742188
39114,0.2529296875
39115,0.25341796875
39116,0.2548828125
39117,0.255615234375
39118,0.24853515625
39119,0.251953125
39120,0.24853515625
39121,0.248657226562
39122,0.243530273438
39123,0.243041992188
39124,0.230346679688
39125,0.230102539062
39126,0.22998046875
39127,0.231323242188
39128,0.238403320312
39129,0.239135742188
39130,0.238647460938
39131,0.239624023438
39132,0.241821289062
39133,0.240234375
39134,0.23974609375
39135,0.235473632812
39136,0.234008789062
39137,0.235717773438
39138,0.234130859375
39139,0.233276367188
39140,0.234741210938
39141,0.23876953125
39142,0.240966796875
39143,0.240600585938
39144,0.24072265625
39145,0.248046875
39146,0.249633789062
39147,0.25048828125
39148,0.24560546875
39149,0.241333007812
39150,0.237548828125
39151,0.251708984375
39152,0.24658203125
39153,0.246704101562
39154,0.243041992188
39155,0.244262695312
39156,0.243408203125
39157,0.242553710938
39158,0.239379882812
39159,0.239868164062
39160,0.239135742188
39161,0.2392578125
39162,0.242553710938
39163,0.244506835938
39164,0.255126953125
39165,0.263671875
39166,0.256591796875
39167,0.25634765625
39168,0.25830078125
39169,0.25146484375
39170,0.251708984375
39171,0.244384765625
39172,0.244873046875
39173,0.272705078125
39174,0.271728515625
39175,0.26904296875
39176,0.2724609375
39177,0.272216796875
39178,0.274169921875
39179,0.27197265625
39180,0.254638671875
39181,0.254150390625
39182,0.278076171875
39183,0.272705078125
39184,0.273681640625
39185,0.27099609375
39186,0.2724609375
39187,0.2724609375
39188,0.275146484375
39189,0.2734375
39190,0.273681640625
39191,0.27197265625
39192,0.2744140625
39193,0.275634765625
39194,0.281982421875
39195,0.28271484375
39196,0.283203125
39197,0.2578125
39198,0.252197265625
39199,0.26806640625
39200,0.256591796875
39201,0.25927734375
39202,0.26123046875
39203,0.176635742188
39204,0.173706054688
39205,0.169677734375
39206,0.172485351562
39207,0.1728515625
39208,0.172241210938
39209,0.176879882812
39210,0.17724609375
39211,0.173583984375
39212,0.162719726562
39213,0.162719726562
39214,0.164428710938
39215,0.165283203125
39216,0.165649414062
39217,0.1669921875
39218,0.162841796875
39219,0.176025390625
39220,0.1708984375
39221,0.190673828125
39222,0.190673828125
39223,0.187133789062
39224,0.204711914062
39225,0.208740234375
39226,0.203125
39227,0.197143554688
39228,0.196044921875
39229,0.195922851562
39230,0.19482421875
39231,0.19287109375
39232,0.226318359375
39233,0.224487304688
39234,0.225463867188
39235,0.211303710938
39236,0.213012695312
39237,0.212280273438
39238,0.213623046875
39239,0.216186523438
39240,0.214111328125
39241,0.213256835938
39242,0.214233398438
39243,0.217041015625
39244,0.20849609375
39245,0.209350585938
39246,0.232543945312
39247,0.231201171875
39248,0.232055664062
39249,0.232421875
39250,0.216796875
39251,0.213745117188
39252,0.214233398438
39253,0.213989257812
39254,0.215698242188
39255,0.22705078125
39256,0.227905273438
39257,0.229858398438
39258,0.224975585938
39259,0.228759765625
39260,0.246704101562
39261,0.228637695312
39262,0.234619140625
39263,0.187866210938
39264,0.179931640625
39265,0.162109375
39266,0.240112304688
39267,0.234375
39268,0.24267578125
39269,0.228881835938
39270,0.2275390625
39271,0.232788085938
39272,0.265869140625
39273,0.26708984375
39274,0.259521484375
39275,0.25830078125
39276,0.255615234375
39277,0.25732421875
39278,0.25537109375
39279,0.268798828125
39280,0.27099609375
39281,0.259033203125
39282,0.272216796875
39283,0.271484375
39284,0.27490234375
39285,0.27685546875
39286,0.253173828125
39287,0.248779296875
39288,0.24853515625
39289,0.249145507812
39290,0.248046875
39291,0.26513671875
39292,0.266357421875
39293,0.2431640625
39294,0.2724609375
39295,0.271484375
39296,0.26904296875
39297,0.27099609375
39298,0.271240234375
39299,0.270263671875
39300,0.26953125
39301,0.267822265625
39302,0.2685546875
39303,0.26953125
39304,0.2724609375
39305,0.2705078125
39306,0.25830078125
39307,0.25830078125
39308,0.25537109375
39309,0.2548828125
39310,0.25341796875
39311,0.26904296875
39312,0.26611328125
39313,0.28125
39314,0.28173828125
39315,0.26953125
39316,0.267822265625
39317,0.269287109375
39318,0.27490234375
39319,0.276123046875
39320,0.261474609375
39321,0.248413085938
39322,0.247192382812
39323,0.247314453125
39324,0.249755859375
39325,0.2548828125
39326,0.256103515625
39327,0.228393554688
39328,0.228515625
39329,0.227905273438
39330,0.2314453125
39331,0.261962890625
39332,0.261474609375
39333,0.26318359375
39334,0.247924804688
39335,0.248413085938
39336,0.248657226562
39337,0.24755859375
39338,0.258544921875
39339,0.267578125
39340,0.216186523438
39341,0.216796875
39342,0.216674804688
39343,0.213012695312
39344,0.21240234375
39345,0.21728515625
39346,0.2646484375
39347,0.2626953125
39348,0.2626953125
39349,0.268798828125
39350,0.28662109375
39351,0.2861328125
39352,0.285400390625
39353,0.284912109375
39354,0.2861328125
39355,0.28564453125
39356,0.281982421875
39357,0.279296875
39358,0.280517578125
39359,0.27880859375
39360,0.279541015625
39361,0.279296875
39362,0.263916015625
39363,0.263671875
39364,0.26611328125
39365,0.267333984375
39366,0.27001953125
39367,0.266357421875
39368,0.26318359375
39369,0.2861328125
39370,0.285888671875
39371,0.284912109375
39372,0.259033203125
39373,0.25927734375
39374,0.258544921875
39375,0.236938476562
39376,0.240356445312
39377,0.2392578125
39378,0.24951171875
39379,0.248657226562
39380,0.259033203125
39381,0.2587890625
39382,0.2568359375
39383,0.256591796875
39384,0.254150390625
39385,0.2548828125
39386,0.25439453125
39387,0.243774414062
39388,0.244995117188
39389,0.1474609375
39390,0.148315429688
39391,0.145141601562
39392,0.142944335938
39393,0.144653320312
39394,0.143310546875
39395,0.138549804688
39396,0.136596679688
39397,0.136840820312
39398,0.13623046875
39399,0.13671875
39400,0.13818359375
39401,0.136840820312
39402,0.139770507812
39403,0.140869140625
39404,0.134765625
39405,0.135009765625
39406,0.13525390625
39407,0.183837890625
39408,0.182983398438
39409,0.181762695312
39410,0.180053710938
39411,0.180053710938
39412,0.183349609375
39413,0.177368164062
39414,0.260009765625
39415,0.257080078125
39416,0.255615234375
39417,0.254638671875
39418,0.2509765625
39419,0.248046875
39420,0.261962890625
39421,0.259521484375
39422,0.25927734375
39423,0.277587890625
39424,0.271240234375
39425,0.273193359375
39426,0.2646484375
39427,0.270263671875
39428,0.270751953125
39429,0.266357421875
39430,0.264404296875
39431,0.26416015625
39432,0.265380859375
39433,0.264404296875
39434,0.264404296875
39435,0.264892578125
39436,0.2646484375
39437,0.2568359375
39438,0.255126953125
39439,0.255126953125
39440,0.244750976562
39441,0.245849609375
39442,0.246337890625
39443,0.244995117188
39444,0.244506835938
39445,0.24560546875
39446,0.246948242188
39447,0.248168945312
39448,0.246826171875
39449,0.24658203125
39450,0.263671875
39451,0.259765625
39452,0.257568359375
39453,0.258056640625
39454,0.259033203125
39455,0.25634765625
39456,0.254150390625
39457,0.256591796875
39458,0.263427734375
39459,0.2646484375
39460,0.26171875
39461,0.27587890625
39462,0.27490234375
39463,0.27197265625
39464,0.270751953125
39465,0.270751953125
39466,0.269287109375
39467,0.272216796875
39468,0.276611328125
39469,0.26318359375
39470,0.263427734375
39471,0.294677734375
39472,0.29150390625
39473,0.296875
39474,0.275634765625
39475,0.27880859375
39476,0.278564453125
39477,0.164306640625
39478,0.166137695312
39479,0.166870117188
39480,0.16259765625
39481,0.191040039062
39482,0.1923828125
39483,0.193481445312
39484,0.173217773438
39485,0.171020507812
39486,0.171752929688
39487,0.173461914062
39488,0.215454101562
39489,0.222045898438
39490,0.218505859375
39491,0.210083007812
39492,0.211059570312
39493,0.210693359375
39494,0.227905273438
39495,0.228271484375
39496,0.217407226562
39497,0.21728515625
39498,0.2109375
39499,0.212280273438
39500,0.212890625
39501,0.213989257812
39502,0.211791992188
39503,0.198364257812
39504,0.197998046875
39505,0.202392578125
39506,0.209106445312
39507,0.213500976562
39508,0.213134765625
39509,0.244873046875
39510,0.243774414062
39511,0.266357421875
39512,0.261962890625
39513,0.275390625
39514,0.273193359375
39515,0.27099609375
39516,0.272216796875
39517,0.2705078125
39518,0.27001953125
39519,0.268798828125
39520,0.268310546875
39521,0.269287109375
39522,0.27099609375
39523,0.27197265625
39524,0.28271484375
39525,0.2783203125
39526,0.27685546875
39527,0.277587890625
39528,0.278564453125
39529,0.267578125
39530,0.2685546875
39531,0.268310546875
39532,0.26953125
39533,0.233642578125
39534,0.231323242188
39535,0.231079101562
39536,0.231567382812
39537,0.239990234375
39538,0.239990234375
39539,0.248413085938
39540,0.245361328125
39541,0.245361328125
39542,0.244506835938
39543,0.24462890625
39544,0.245971679688
39545,0.245727539062
39546,0.243408203125
39547,0.24267578125
39548,0.240234375
39549,0.242065429688
39550,0.2421875
39551,0.2421875
39552,0.2412109375
39553,0.242797851562
39554,0.235961914062
39555,0.236328125
39556,0.233032226562
39557,0.258056640625
39558,0.242797851562
39559,0.2646484375
39560,0.26318359375
39561,0.26025390625
39562,0.255615234375
39563,0.255859375
39564,0.2578125
39565,0.2587890625
39566,0.260009765625
39567,0.24658203125
39568,0.25
39569,0.24853515625
39570,0.279052734375
39571,0.277587890625
39572,0.2783203125
39573,0.27880859375
39574,0.276123046875
39575,0.27783203125
39576,0.2763671875
39577,0.277587890625
39578,0.27294921875
39579,0.274169921875
39580,0.271484375
39581,0.27099609375
39582,0.272705078125
39583,0.272705078125
39584,0.274658203125
39585,0.275390625
39586,0.2763671875
39587,0.259521484375
39588,0.26318359375
39589,0.263916015625
39590,0.265869140625
39591,0.26513671875
39592,0.26513671875
39593,0.261474609375
39594,0.260986328125
39595,0.267578125
39596,0.26513671875
39597,0.262939453125
39598,0.26318359375
39599,0.264404296875
39600,0.2646484375
39601,0.255615234375
39602,0.255615234375
39603,0.259521484375
39604,0.258056640625
39605,0.255859375
39606,0.257080078125
39607,0.256103515625
39608,0.255615234375
39609,0.257080078125
39610,0.255126953125
39611,0.25537109375
39612,0.277099609375
39613,0.275634765625
39614,0.2919921875
39615,0.107482910156
39616,0.140258789062
39617,0.125610351562
39618,0.12646484375
39619,0.132202148438
39620,0.130737304688
39621,0.129150390625
39622,0.123291015625
39623,0.122497558594
39624,0.123901367188
39625,0.122253417969
39626,0.123046875
39627,0.165649414062
39628,0.1630859375
39629,0.160766601562
39630,0.160278320312
39631,0.158935546875
39632,0.1572265625
39633,0.156127929688
39634,0.155883789062
39635,0.158081054688
39636,0.15625
39637,0.153442382812
39638,0.154541015625
39639,0.15380859375
39640,0.153930664062
39641,0.155883789062
39642,0.138305664062
39643,0.134765625
39644,0.136962890625
39645,0.135620117188
39646,0.136474609375
39647,0.137451171875
39648,0.136596679688
39649,0.137451171875
39650,0.134155273438
39651,0.134765625
39652,0.13427734375
39653,0.133911132812
39654,0.139282226562
39655,0.135131835938
39656,0.136962890625
39657,0.135131835938
39658,0.1396484375
39659,0.13916015625
39660,0.200317382812
39661,0.19970703125
39662,0.1982421875
39663,0.198608398438
39664,0.198120117188
39665,0.198486328125
39666,0.197509765625
39667,0.19970703125
39668,0.199584960938
39669,0.185180664062
39670,0.184204101562
39671,0.1845703125
39672,0.182495117188
39673,0.186401367188
39674,0.183471679688
39675,0.189819335938
39676,0.187866210938
39677,0.188598632812
39678,0.188110351562
39679,0.199829101562
39680,0.194946289062
39681,0.195434570312
39682,0.195190429688
39683,0.19091796875
39684,0.185668945312
39685,0.185668945312
39686,0.184936523438
39687,0.184692382812
39688,0.18896484375
39689,0.18701171875
39690,0.18896484375
39691,0.206909179688
39692,0.204223632812
39693,0.201904296875
39694,0.203369140625
39695,0.201904296875
39696,0.200805664062
39697,0.200805664062
39698,0.193359375
39699,0.194946289062
39700,0.189331054688
39701,0.190063476562
39702,0.191284179688
39703,0.192504882812
39704,0.192749023438
39705,0.191650390625
39706,0.193237304688
39707,0.194458007812
39708,0.193359375
39709,0.190185546875
39710,0.191650390625
39711,0.191528320312
39712,0.193237304688
39713,0.193237304688
39714,0.2080078125
39715,0.20751953125
39716,0.204711914062
39717,0.205078125
39718,0.199462890625
39719,0.19970703125
39720,0.197021484375
39721,0.198608398438
39722,0.2099609375
39723,0.20458984375
39724,0.263671875
39725,0.24951171875
39726,0.246948242188
39727,0.239624023438
39728,0.241577148438
39729,0.241821289062
39730,0.242919921875
39731,0.244140625
39732,0.245239257812
39733,0.171997070312
39734,0.173217773438
39735,0.174682617188
39736,0.175659179688
39737,0.182861328125
39738,0.181030273438
39739,0.181030273438
39740,0.181274414062
39741,0.178955078125
39742,0.178100585938
39743,0.178588867188
39744,0.179321289062
39745,0.176513671875
39746,0.208251953125
39747,0.202270507812
39748,0.207641601562
39749,0.208862304688
39750,0.207275390625
39751,0.206420898438
39752,0.19091796875
39753,0.203491210938
39754,0.225341796875
39755,0.221801757812
39756,0.220336914062
39757,0.220703125
39758,0.21533203125
39759,0.213012695312
39760,0.213256835938
39761,0.214111328125
39762,0.205444335938
39763,0.20458984375
39764,0.204711914062
39765,0.2060546875
39766,0.214233398438
39767,0.212036132812
39768,0.212768554688
39769,0.212646484375
39770,0.218872070312
39771,0.218139648438
39772,0.212036132812
39773,0.21142578125
39774,0.2177734375
39775,0.218627929688
39776,0.261474609375
39777,0.234741210938
39778,0.234130859375
39779,0.23486328125
39780,0.23046875
39781,0.228515625
39782,0.228149414062
39783,0.23193359375
39784,0.234497070312
39785,0.232666015625
39786,0.27490234375
39787,0.275390625
39788,0.228881835938
39789,0.22607421875
39790,0.22509765625
39791,0.225830078125
39792,0.225341796875
39793,0.22705078125
39794,0.226318359375
39795,0.22705078125
39796,0.237915039062
39797,0.240356445312
39798,0.238647460938
39799,0.234008789062
39800,0.233764648438
39801,0.237182617188
39802,0.240356445312
39803,0.240966796875
39804,0.240600585938
39805,0.2392578125
39806,0.237182617188
39807,0.2744140625
39808,0.27001953125
39809,0.273193359375
39810,0.25927734375
39811,0.263671875
39812,0.262451171875
39813,0.257568359375
39814,0.25830078125
39815,0.262451171875
39816,0.26318359375
39817,0.26123046875
39818,0.260986328125
39819,0.262451171875
39820,0.262451171875
39821,0.261474609375
39822,0.27734375
39823,0.277099609375
39824,0.27734375
39825,0.276611328125
39826,0.275634765625
39827,0.27734375
39828,0.27783203125
39829,0.279052734375
39830,0.2783203125
39831,0.27783203125
39832,0.27734375
39833,0.278076171875
39834,0.269287109375
39835,0.27197265625
39836,0.27294921875
39837,0.273193359375
39838,0.27392578125
39839,0.2783203125
39840,0.27490234375
39841,0.2744140625
39842,0.276611328125
39843,0.274169921875
39844,0.276123046875
39845,0.274169921875
39846,0.275390625
39847,0.27490234375
39848,0.276123046875
39849,0.273193359375
39850,0.271240234375
39851,0.2705078125
39852,0.271728515625
39853,0.27197265625
39854,0.27099609375
39855,0.275146484375
39856,0.27587890625
39857,0.26611328125
39858,0.26806640625
39859,0.271728515625
39860,0.263916015625
39861,0.27197265625
39862,0.2724609375
39863,0.272216796875
39864,0.272216796875
39865,0.275634765625
39866,0.265380859375
39867,0.26318359375
39868,0.26123046875
39869,0.26318359375
39870,0.269287109375
39871,0.269775390625
39872,0.26806640625
39873,0.26806640625
39874,0.26708984375
39875,0.267822265625
39876,0.267333984375
39877,0.268310546875
39878,0.265380859375
39879,0.27001953125
39880,0.282958984375
39881,0.262451171875
76637,0.187133789062
76638,0.187133789062
76640,0.187744140625
76641,0.188110351562
76642,0.187622070312
76643,0.1796875
76644,0.1806640625
76645,0.16015625
76646,0.16015625
76647,0.162963867188
76648,0.163330078125
76649,0.165405273438
76650,0.164916992188
76651,0.165161132812
76652,0.1630859375
76653,0.157470703125
76654,0.161743164062
76655,0.160400390625
76656,0.159301757812
76657,0.16552734375
76658,0.166748046875
76659,0.159912109375
76660,0.158569335938
76661,0.158203125
76662,0.15625
76663,0.158569335938
76664,0.156616210938
76665,0.157348632812
76666,0.157104492188
76667,0.156860351562
76668,0.1572265625
76669,0.156127929688
76670,0.156982421875
76671,0.15771484375
76672,0.157836914062
76673,0.159423828125
76674,0.157104492188
76675,0.161987304688
76676,0.16162109375
76677,0.1630859375
76678,0.161376953125
76679,0.16552734375
76680,0.16552734375
76681,0.165161132812
76682,0.165893554688
76683,0.166259765625
76684,0.165893554688
76685,0.15966796875
76686,0.160888671875
76687,0.164306640625
76688,0.1630859375
76689,0.159790039062
76690,0.158935546875
76691,0.159912109375
76692,0.158203125
76693,0.158935546875
76694,0.157958984375
76695,0.158325195312
76696,0.162719726562
76697,0.169189453125
76698,0.172119140625
76699,0.171142578125
76700,0.168823242188
76701,0.16748046875
76702,0.167846679688
76703,0.168090820312
76704,0.165893554688
76705,0.164916992188
76706,0.163818359375
76707,0.159423828125
76708,0.159423828125
76709,0.160888671875
76710,0.161865234375
76711,0.1630859375
76712,0.162841796875
76713,0.162841796875
76714,0.158203125
76715,0.15673828125
76716,0.15869140625
76717,0.158203125
76718,0.161010742188
76719,0.160278320312
76720,0.160766601562
76721,0.164428710938
76722,0.162475585938
76723,0.174682617188
76724,0.173706054688
76725,0.1748046875
76726,0.167602539062
76727,0.169067382812
76728,0.170776367188
76729,0.162963867188
76730,0.161743164062
76731,0.162719726562
76732,0.158203125
76733,0.159545898438
76734,0.1591796875
76735,0.157470703125
76736,0.156372070312
76737,0.15771484375
76738,0.158447265625
76739,0.159790039062
76740,0.159423828125
76741,0.158081054688
76742,0.160034179688
76743,0.16064453125
76744,0.159057617188
76745,0.160766601562
76746,0.1611328125
76747,0.163940429688
76748,0.156127929688
76749,0.165161132812
76750,0.164916992188
76751,0.163208007812
76752,0.163696289062
76753,0.163818359375
76754,0.163696289062
76755,0.163452148438
76756,0.164672851562
76757,0.158813476562
76758,0.158935546875
76759,0.158325195312
76760,0.158813476562
76761,0.15771484375
76762,0.15869140625
76763,0.157592773438
76764,0.1611328125
76765,0.1572265625
76766,0.158203125
76767,0.1943359375
76768,0.192993164062
76769,0.193359375
76770,0.193115234375
76771,0.191772460938
76772,0.189819335938
76773,0.19091796875
76774,0.190307617188
76775,0.190063476562
76776,0.189697265625
76777,0.191528320312
76778,0.19140625
76779,0.191772460938
76780,0.189453125
76781,0.189331054688
76782,0.18994140625
76783,0.1923828125
76784,0.191650390625
76785,0.190185546875
76786,0.18994140625
76787,0.191284179688
76788,0.189575195312
76789,0.204345703125
76790,0.205200195312
76791,0.203735351562
76792,0.2021484375
76793,0.202392578125
76794,0.204711914062
76795,0.207153320312
76796,0.2060546875
76797,0.2060546875
76798,0.200439453125
76799,0.20166015625
76800,0.202270507812
76801,0.198974609375
76802,0.197265625
76803,0.19873046875
76804,0.198974609375
76805,0.197631835938
76806,0.195190429688
76807,0.195190429688
76808,0.197143554688
76809,0.199951171875
76810,0.203979492188
76811,0.205322265625
76812,0.204833984375
76813,0.205078125
76814,0.204345703125
76815,0.195556640625
76816,0.196044921875
76817,0.194458007812
76818,0.2001953125
76819,0.200927734375
76820,0.20068359375
76821,0.208862304688
76822,0.20751953125
76823,0.199096679688
76824,0.202026367188
76825,0.201904296875
76826,0.205932617188
76827,0.205810546875
76828,0.208129882812
76829,0.2080078125
76830,0.189453125
76831,0.191162109375
76832,0.192138671875
76833,0.19189453125
76834,0.191284179688
76835,0.190063476562
76836,0.197875976562
76837,0.186401367188
76838,0.18505859375
76839,0.188110351562
76840,0.18896484375
76841,0.202758789062
76842,0.202026367188
76843,0.200073242188
76844,0.200561523438
76845,0.20068359375
76846,0.200927734375
76847,0.19921875
76848,0.198364257812
76849,0.204467773438
76850,0.20361328125
76851,0.203369140625
76852,0.1904296875
76853,0.189208984375
76854,0.189697265625
76855,0.189819335938
76856,0.147705078125
76857,0.149047851562
76858,0.148315429688
76859,0.146606445312
76860,0.14697265625
76861,0.14501953125
76862,0.148315429688
76863,0.147216796875
76864,0.147338867188
76865,0.147338867188
76866,0.1484375
76867,0.149291992188
76868,0.148681640625
76869,0.148193359375
76870,0.148071289062
76871,0.147705078125
76872,0.149658203125
76873,0.150268554688
76874,0.149658203125
76875,0.149658203125
76876,0.149047851562
76877,0.149047851562
76878,0.142578125
76879,0.143798828125
76880,0.1435546875
76881,0.14208984375
76882,0.142333984375
76883,0.142700195312
76884,0.148559570312
76885,0.155517578125
76886,0.14013671875
76887,0.140625
76888,0.14013671875
76889,0.140869140625
76890,0.141235351562
76891,0.140747070312
76892,0.137939453125
76893,0.152221679688
76894,0.153930664062
76895,0.162719726562
76896,0.162231445312
76897,0.164428710938
76898,0.162353515625
76899,0.156127929688
76900,0.154541015625
76901,0.148193359375
76902,0.146606445312
76903,0.148803710938
76904,0.147827148438
76905,0.147216796875
76906,0.159057617188
76907,0.158325195312
76908,0.15576171875
76909,0.157104492188
76910,0.159545898438
76911,0.156005859375
76912,0.153686523438
76913,0.153564453125
76914,0.1533203125
76915,0.154418945312
76916,0.157470703125
76917,0.153564453125
76918,0.154296875
76919,0.155029296875
76920,0.154541015625
76921,0.154174804688
76922,0.153564453125
76923,0.154174804688
76924,0.155151367188
76925,0.152221679688
76926,0.150512695312
76927,0.161499023438
76928,0.155517578125
76929,0.157958984375
76930,0.157592773438
76931,0.154663085938
76932,0.118408203125
76933,0.116333007812
76934,0.114379882812
76935,0.117065429688
76936,0.120483398438
76937,0.120971679688
76938,0.1220703125
76939,0.120544433594
76940,0.125244140625
76941,0.125854492188
76942,0.125244140625
76943,0.126953125
76944,0.127807617188
76945,0.121398925781
76946,0.119445800781
76947,0.12548828125
76948,0.121337890625
76949,0.117309570312
76950,0.118896484375
76951,0.119079589844
76952,0.119262695312
76953,0.115478515625
76954,0.115051269531
76955,0.126708984375
76956,0.129272460938
76957,0.1279296875
76958,0.128662109375
76959,0.129150390625
76960,0.136474609375
76961,0.13525390625
76962,0.133422851562
76963,0.135620117188
76964,0.135375976562
76965,0.133544921875
76966,0.125366210938
76967,0.114562988281
76968,0.113952636719
76969,0.116882324219
76970,0.11865234375
76971,0.1171875
76972,0.118469238281
76973,0.117004394531
76974,0.117858886719
76975,0.116821289062
76976,0.116271972656
76977,0.125854492188
76978,0.126342773438
76979,0.126708984375
76980,0.127807617188
76981,0.127197265625
76982,0.128051757812
76983,0.126098632812
76984,0.127563476562
76985,0.1279296875
76986,0.123046875
76987,0.122863769531
76988,0.135131835938
76989,0.1328125
76990,0.1318359375
76991,0.124938964844
76992,0.126098632812
76993,0.12451171875
76994,0.1240234375
76995,0.123596191406
76996,0.129028320312
76997,0.120666503906
76998,0.122863769531
76999,0.1298828125
77000,0.1279296875
77001,0.127807617188
77002,0.124389648438
77003,0.124633789062
77004,0.12744140625
77005,0.129150390625
77006,0.115295410156
77007,0.116149902344
77008,0.115051269531
77009,0.113647460938
77010,0.115234375
77011,0.1171875
77012,0.115356445312
77013,0.113647460938
77014,0.115356445312
77015,0.115783691406
77016,0.116271972656
77017,0.108581542969
77018,0.109680175781
77019,0.108764648438
77020,0.10693359375
77021,0.107055664062
77022,0.118957519531
77023,0.120910644531
77024,0.116271972656
77025,0.115051269531
77026,0.114379882812
77027,0.113159179688
77028,0.113708496094
77029,0.113891601562
77030,0.125732421875
77031,0.133422851562
77032,0.13427734375
77033,0.134033203125
77034,0.140258789062
77035,0.139404296875
77036,0.140014648438
77037,0.13916015625
77038,0.140625
77039,0.151245117188
77040,0.15380859375
77041,0.151733398438
77042,0.140380859375
77043,0.142822265625
77044,0.176513671875
77045,0.180541992188
77046,0.182495117188
77047,0.181396484375
77048,0.186645507812
77049,0.178100585938
77050,0.171752929688
77051,0.17138671875
77052,0.170043945312
77053,0.1708984375
77054,0.172607421875
77055,0.171752929688
77056,0.172485351562
77057,0.170532226562
77058,0.172241210938
77059,0.171997070312
77060,0.172485351562
77061,0.172241210938
77062,0.17333984375
77063,0.171508789062
77064,0.1748046875
77065,0.174560546875
77066,0.187744140625
77067,0.187622070312
77068,0.189453125
77069,0.187622070312
77070,0.18994140625
77071,0.179565429688
77072,0.177856445312
77073,0.17724609375
77074,0.179321289062
77075,0.177124023438
77076,0.179077148438
77077,0.174926757812
77078,0.175048828125
77079,0.175537109375
77080,0.174194335938
77081,0.173950195312
77082,0.174194335938
77083,0.174560546875
77084,0.173095703125
77085,0.173950195312
77086,0.174072265625
77087,0.172729492188
77088,0.180908203125
77089,0.1787109375
77090,0.209106445312
77091,0.200927734375
77092,0.204956054688
77093,0.2041015625
77094,0.204223632812
77095,0.204223632812
77096,0.202758789062
77097,0.204833984375
77098,0.204223632812
77099,0.205200195312
77100,0.21142578125
77101,0.210083007812
77102,0.209594726562
77103,0.210571289062
77104,0.210571289062
77105,0.209838867188
77106,0.211547851562
77107,0.209106445312
77108,0.2060546875
77109,0.20556640625
77110,0.205078125
77111,0.204345703125
77112,0.205322265625
77113,0.204711914062
77114,0.205810546875
77115,0.2021484375
77116,0.2314453125
77117,0.222045898438
77118,0.221435546875
77119,0.228271484375
77120,0.22314453125
77121,0.22412109375
77122,0.223999023438
77123,0.2158203125
77124,0.21630859375
77125,0.215209960938
77126,0.215454101562
77127,0.216186523438
77128,0.214111328125
77129,0.2158203125
77130,0.2158203125
77131,0.216552734375
77132,0.216918945312
77133,0.216430664062
77134,0.215698242188
77135,0.213134765625
77136,0.214721679688
77137,0.21337890625
77138,0.212890625
77139,0.214477539062
77140,0.214233398438
77141,0.214599609375
77142,0.215087890625
77143,0.21484375
77144,0.2158203125
77145,0.214965820312
77146,0.221313476562
77147,0.22314453125
77148,0.218383789062
77149,0.22216796875
77150,0.220581054688
77151,0.225341796875
77152,0.222045898438
77153,0.22119140625
77154,0.222045898438
77155,0.221557617188
77156,0.223022460938
77157,0.154296875
77158,0.151123046875
77159,0.1513671875
77160,0.15185546875
77161,0.151123046875
77162,0.151733398438
77163,0.150756835938
77164,0.151123046875
77165,0.15185546875
77166,0.151123046875
77167,0.160888671875
77168,0.162475585938
77169,0.164672851562
77170,0.167236328125
77171,0.1552734375
77172,0.15478515625
77173,0.174926757812
77174,0.17431640625
77175,0.175659179688
77176,0.171630859375
77177,0.173095703125
77178,0.173706054688
77179,0.16455078125
77180,0.164184570312
77181,0.164672851562
77182,0.163696289062
77183,0.164184570312
77184,0.166381835938
77185,0.161499023438
77186,0.161254882812
77187,0.161010742188
77188,0.160522460938
77189,0.156372070312
77190,0.157958984375
77191,0.15673828125
77192,0.161499023438
77193,0.160278320312
77194,0.163696289062
77195,0.164672851562
77196,0.16455078125
77197,0.165161132812
77198,0.164306640625
77199,0.15673828125
77200,0.158325195312
77201,0.159423828125
77202,0.15869140625
77203,0.159912109375
77204,0.158813476562
77205,0.158447265625
77206,0.156982421875
77207,0.157470703125
77208,0.16259765625
77209,0.163818359375
77210,0.153686523438
77211,0.151123046875
77212,0.156372070312
77213,0.154907226562
77214,0.158813476562
77215,0.159912109375
77216,0.158325195312
77217,0.16455078125
77218,0.164794921875
77219,0.165161132812
77220,0.1640625
77221,0.154663085938
77222,0.1552734375
77223,0.157592773438
77224,0.161499023438
77225,0.161499023438
77226,0.161376953125
77227,0.151245117188
77228,0.152221679688
77229,0.158813476562
77230,0.158081054688
77231,0.15966796875
77232,0.160400390625
77233,0.153442382812
77234,0.154907226562
77235,0.152709960938
77236,0.157348632812
77237,0.164306640625
77238,0.171508789062
77239,0.169311523438
77240,0.175659179688
77241,0.175903320312
77242,0.174560546875
77243,0.166748046875
77244,0.165893554688
77245,0.1669921875
77246,0.166381835938
77247,0.172973632812
77248,0.171508789062
77249,0.166748046875
77250,0.168090820312
77251,0.177124023438
77252,0.176147460938
77253,0.17236328125
77254,0.171875
77255,0.172119140625
77256,0.173461914062
77257,0.17333984375
77258,0.170043945312
77259,0.1689453125
77260,0.168701171875
77261,0.170654296875
77262,0.168090820312
77263,0.16162109375
77264,0.16357421875
77265,0.168823242188
77266,0.168823242188
77267,0.169067382812
77268,0.16796875
77269,0.161865234375
77270,0.161499023438
77271,0.162475585938
77272,0.163208007812
77273,0.164306640625
77274,0.164428710938
77275,0.161254882812
77276,0.160888671875
77277,0.168090820312
77278,0.168701171875
77279,0.168823242188
77280,0.169555664062
77281,0.170166015625
77282,0.17041015625
77283,0.170043945312
77284,0.1728515625
77285,0.173095703125
77286,0.171997070312
77287,0.171752929688
77288,0.170654296875
77289,0.19775390625
77290,0.189575195312
77291,0.188110351562
77292,0.187866210938
77293,0.187622070312
77294,0.192138671875
77295,0.195434570312
77296,0.193725585938
77297,0.194946289062
77298,0.195556640625
77299,0.195068359375
77300,0.195190429688
77301,0.193237304688
77302,0.1943359375
77303,0.192504882812
77304,0.194702148438
77305,0.18994140625
77306,0.189331054688
77307,0.187377929688
77308,0.189453125
77309,0.188598632812
77310,0.190063476562
77311,0.187744140625
77312,0.188110351562
77313,0.188720703125
77314,0.189208984375
77315,0.189208984375
77316,0.189819335938
77317,0.193725585938
77318,0.196533203125
77319,0.194213867188
77320,0.194091796875
77321,0.192260742188
77322,0.19677734375
77323,0.197265625
77324,0.1953125
77325,0.193481445312
77326,0.19384765625
77327,0.194702148438
77328,0.194946289062
77329,0.198364257812
77330,0.202514648438
77331,0.201538085938
77332,0.195068359375
77333,0.193481445312
77334,0.192138671875
77335,0.191528320312
77336,0.191772460938
77337,0.190307617188
77338,0.192504882812
77339,0.191284179688
77340,0.18994140625
77341,0.2333984375
77342,0.233032226562
77343,0.232055664062
77344,0.232543945312
77345,0.231567382812
77346,0.229370117188
77347,0.228271484375
77348,0.228149414062
77349,0.228393554688
77350,0.229370117188
77351,0.228149414062
77352,0.229736328125
77353,0.228515625
77354,0.228271484375
77355,0.22998046875
77356,0.2314453125
77357,0.213989257812
77358,0.214599609375
77359,0.214111328125
77360,0.212768554688
77361,0.213745117188
77362,0.213500976562
77363,0.214111328125
77364,0.213256835938
77365,0.21044921875
77366,0.210327148438
77367,0.210083007812
77368,0.211059570312
77369,0.210693359375
77370,0.21044921875
77371,0.209838867188
77372,0.21240234375
77373,0.212768554688
77374,0.21240234375
77375,0.215454101562
77376,0.210083007812
77377,0.209716796875
77378,0.170776367188
77379,0.174072265625
77380,0.172241210938
77381,0.169555664062
77382,0.174560546875
77383,0.170532226562
77384,0.167114257812
77385,0.167846679688
77386,0.167846679688
77387,0.1640625
77388,0.163818359375
77389,0.16455078125
77390,0.166748046875
77391,0.167114257812
77392,0.168701171875
77393,0.169555664062
77394,0.168823242188
77395,0.166381835938
77396,0.1640625
77397,0.165161132812
77398,0.168090820312
77399,0.160766601562
77400,0.156005859375
77401,0.154052734375
77402,0.15234375
77403,0.153442382812
77404,0.153564453125
77405,0.152954101562
77406,0.153564453125
77407,0.153564453125
77408,0.15185546875
77409,0.153930664062
77410,0.15283203125
77411,0.152709960938
77412,0.154296875
77413,0.138793945312
77414,0.140014648438
77415,0.141723632812
77416,0.14013671875
77417,0.138427734375
77418,0.139282226562
77419,0.137817382812
77420,0.138427734375
77422,0.140869140625
77423,0.139404296875
77424,0.140380859375
77425,0.140380859375
77426,0.142333984375
77427,0.142822265625
77428,0.142333984375
77429,0.144653320312
77430,0.142211914062
77431,0.143188476562
77432,0.134887695312
77433,0.136474609375
77434,0.137084960938
77435,0.137084960938
77436,0.135131835938
77437,0.133911132812
77438,0.134643554688
77439,0.132568359375
77440,0.134399414062
77441,0.133056640625
77442,0.1953125
77443,0.1943359375
77444,0.193115234375
77445,0.182373046875
77446,0.185424804688
77447,0.1845703125
77448,0.185424804688
77449,0.187866210938
77450,0.186401367188
77451,0.196411132812
77452,0.197021484375
77453,0.196655273438
77454,0.197509765625
77455,0.198364257812
77456,0.197631835938
77457,0.195556640625
77458,0.1953125
77459,0.195190429688
77460,0.197143554688
77461,0.1962890625
77462,0.197265625
77463,0.196044921875
77464,0.190307617188
77465,0.189086914062
77466,0.190551757812
77467,0.189697265625
77468,0.195190429688
77469,0.199462890625
77470,0.200927734375
77471,0.199584960938
77472,0.200805664062
77473,0.181274414062
77474,0.181030273438
77475,0.17919921875
77476,0.181884765625
77477,0.180297851562
77478,0.179809570312
77479,0.179565429688
77480,0.181030273438
77481,0.17919921875
77482,0.18115234375
77483,0.180419921875
77484,0.181518554688
77485,0.188232421875
77486,0.188232421875
77487,0.19189453125
77488,0.191040039062
77489,0.193115234375
77490,0.191528320312
77491,0.17626953125
77492,0.17626953125
77493,0.177368164062
77494,0.178466796875
77495,0.182250976562
77496,0.180541992188
77497,0.176147460938
77498,0.177490234375
77499,0.179931640625
77500,0.182006835938
77501,0.176513671875
77502,0.178466796875
77503,0.1806640625
77504,0.175415039062
77505,0.174560546875
77506,0.186279296875
77507,0.182495117188
77508,0.180419921875
77509,0.179077148438
77510,0.184204101562
77511,0.185913085938
77512,0.185546875
77513,0.185180664062
77514,0.182373046875
77515,0.190063476562
77516,0.18994140625
77517,0.189697265625
77518,0.1923828125
77519,0.191772460938
77520,0.189208984375
77521,0.190063476562
77522,0.188110351562
77523,0.184448242188
77524,0.186767578125
77525,0.185913085938
77526,0.187377929688
77527,0.176635742188
77528,0.206420898438
77529,0.197021484375
77530,0.18994140625
77531,0.189819335938
77532,0.19189453125
77533,0.197387695312
77534,0.193237304688
77535,0.143920898438
77536,0.144287109375
77537,0.147094726562
77538,0.14892578125
77539,0.148559570312
77540,0.14111328125
77541,0.140380859375
77542,0.140502929688
77543,0.140502929688
77544,0.14111328125
77545,0.1396484375
77546,0.139526367188
77547,0.139892578125
77548,0.13818359375
77549,0.138305664062
77550,0.140380859375
77551,0.140014648438
77552,0.138305664062
77553,0.137084960938
77554,0.137573242188
77555,0.13818359375
77556,0.136962890625
77557,0.135131835938
77558,0.136840820312
77559,0.136474609375
77560,0.137329101562
77561,0.135375976562
77562,0.136352539062
77563,0.136352539062
77564,0.134765625
77565,0.135375976562
77566,0.151977539062
77567,0.161376953125
77568,0.16259765625
77569,0.16064453125
77570,0.16259765625
77571,0.162231445312
77572,0.162963867188
77573,0.163452148438
77574,0.1640625
77575,0.169677734375
77576,0.200439453125
77577,0.18115234375
77578,0.171142578125
77579,0.170043945312
77580,0.170043945312
77581,0.169677734375
77582,0.169921875
77583,0.168823242188
77584,0.16943359375
77585,0.166870117188
77586,0.167724609375
77587,0.168090820312
77588,0.1689453125
77589,0.169921875
77590,0.17041015625
77591,0.16943359375
77592,0.17236328125
77593,0.166381835938
77594,0.16650390625
77595,0.164794921875
77596,0.16552734375
77597,0.166015625
77598,0.165161132812
77599,0.159301757812
77600,0.157592773438
77601,0.158325195312
77602,0.15966796875
77603,0.16064453125
77604,0.165893554688
77605,0.165405273438
77606,0.166137695312
77607,0.160888671875
77608,0.162231445312
77609,0.159057617188
77610,0.158569335938
77611,0.160034179688
77612,0.162719726562
77613,0.16064453125
77614,0.1728515625
77615,0.165161132812
77616,0.164794921875
77617,0.164794921875
77618,0.166381835938
77619,0.167114257812
77620,0.166015625
77621,0.162109375
77622,0.16015625
77623,0.162475585938
77624,0.16162109375
77625,0.16455078125
77626,0.161499023438
77627,0.167846679688
77628,0.164916992188
77629,0.166015625
77630,0.165771484375
77631,0.16455078125
77632,0.1640625
77633,0.164794921875
77634,0.164794921875
77635,0.165771484375
77636,0.164916992188
77637,0.165161132812
77638,0.221435546875
77639,0.221069335938
77640,0.220703125
77641,0.221313476562
77642,0.222412109375
77643,0.222290039062
77644,0.222778320312
77645,0.222412109375
77646,0.222412109375
77647,0.221801757812
77648,0.22412109375
77649,0.222778320312
77650,0.22216796875
77651,0.22216796875
77652,0.220947265625
77653,0.220336914062
77654,0.221069335938
77655,0.219482421875
77656,0.221557617188
77657,0.20751953125
77658,0.206909179688
77659,0.208129882812
77660,0.2080078125
77661,0.206420898438
77662,0.205444335938
77663,0.201782226562
77664,0.202026367188
77665,0.207641601562
77666,0.209228515625
77667,0.207397460938
77668,0.206298828125
77669,0.206909179688
77670,0.14306640625
77671,0.143920898438
77672,0.14453125
77673,0.146240234375
77674,0.14697265625
77675,0.148803710938
77676,0.147583007812
77677,0.146362304688
77678,0.144409179688
77679,0.14990234375
77680,0.146118164062
77681,0.1494140625
77682,0.146850585938
77683,0.145385742188
77684,0.153076171875
77685,0.150756835938
77686,0.150268554688
77687,0.153442382812
77688,0.155395507812
77689,0.153442382812
77690,0.154296875
77691,0.146484375
77692,0.147338867188
77693,0.147827148438
77694,0.1494140625
77695,0.156982421875
77696,0.156127929688
77697,0.154174804688
77698,0.155639648438
77699,0.154418945312
77700,0.155151367188
77701,0.14453125
77702,0.14453125
77703,0.144409179688
77704,0.144165039062
77705,0.147338867188
77706,0.148559570312
77707,0.153686523438
77708,0.153076171875
77709,0.151000976562
77710,0.151733398438
77711,0.150756835938
77712,0.149291992188
77713,0.151123046875
77714,0.15478515625
77715,0.154541015625
77716,0.151977539062
77717,0.152587890625
77718,0.151977539062
77719,0.153564453125
77720,0.149658203125
77721,0.149780273438
77722,0.14990234375
77723,0.1513671875
77724,0.1494140625
77725,0.150268554688
77726,0.149169921875
77727,0.149291992188
77728,0.148559570312
77729,0.149536132812
77730,0.151611328125
77731,0.1494140625
77732,0.150634765625
77733,0.148315429688
77734,0.144165039062
77735,0.145874023438
77736,0.146118164062
77737,0.147216796875
77738,0.146118164062
77739,0.146728515625
77740,0.146118164062
77741,0.146850585938
77742,0.146606445312
77743,0.149047851562
77744,0.158203125
77745,0.157104492188
77746,0.156982421875
77747,0.157592773438
77748,0.155883789062
77749,0.164916992188
77750,0.151489257812
77751,0.151977539062
77752,0.153564453125
77753,0.15478515625
77754,0.151123046875
77755,0.150634765625
77756,0.15087890625
77757,0.152954101562
77758,0.153442382812
77759,0.154296875
77760,0.153930664062
77761,0.15771484375
77762,0.156005859375
77763,0.160766601562
77764,0.158569335938
77765,0.142211914062
77766,0.140747070312
77767,0.146606445312
77768,0.146118164062
77769,0.146362304688
77770,0.147827148438
77771,0.131958007812
77772,0.131225585938
77773,0.12939453125
77774,0.134643554688
77775,0.133422851562
77776,0.132568359375
77777,0.13232421875
77778,0.122192382812
77779,0.121765136719
77780,0.120727539062
77781,0.122375488281
77782,0.120971679688
77783,0.120300292969
77784,0.119873046875
77785,0.12451171875
77786,0.124755859375
77787,0.123840332031
77788,0.121887207031
77789,0.127319335938
77790,0.128173828125
77791,0.1279296875
77792,0.12841796875
77793,0.127319335938
77794,0.13037109375
77795,0.125610351562
77796,0.125122070312
77797,0.12451171875
77798,0.125854492188
77799,0.12744140625
77800,0.126220703125
77801,0.131713867188
77802,0.127563476562
77803,0.128662109375
77804,0.130249023438
77805,0.132690429688
77806,0.131469726562
77807,0.131225585938
77808,0.125610351562
77809,0.12548828125
77810,0.127807617188
77811,0.126708984375
77812,0.131103515625
77813,0.133422851562
77814,0.132202148438
77815,0.131958007812
77816,0.135009765625
77817,0.138549804688
77818,0.13916015625
77819,0.137817382812
77820,0.137451171875
77821,0.13427734375
77822,0.144653320312
77823,0.142333984375
77824,0.142822265625
77825,0.142578125
77826,0.13916015625
77827,0.140014648438
77828,0.144653320312
77829,0.146240234375
77830,0.1455078125
77831,0.144653320312
77832,0.145141601562
77833,0.145385742188
77834,0.138671875
77835,0.138427734375
77836,0.136108398438
77837,0.143188476562
77838,0.142211914062
77839,0.143188476562
77840,0.189575195312
77841,0.171142578125
77842,0.175903320312
77843,0.176879882812
77844,0.166870117188
77845,0.167358398438
77846,0.165649414062
77847,0.166748046875
77848,0.169921875
77849,0.170288085938
77850,0.171142578125
77851,0.1689453125
77852,0.168334960938
77853,0.168823242188
77854,0.168823242188
77855,0.169921875
77856,0.172485351562
77857,0.171630859375
77858,0.1708984375
77859,0.162231445312
77860,0.1630859375
77861,0.164184570312
77862,0.164306640625
77863,0.164184570312
77864,0.162475585938
77865,0.164916992188
77866,0.167724609375
77867,0.167724609375
77868,0.168579101562
77869,0.16455078125
77870,0.168334960938
77871,0.165649414062
77872,0.165771484375
77873,0.164794921875
77874,0.165283203125
77875,0.162719726562
77876,0.160888671875
77877,0.160522460938
77878,0.158325195312
77879,0.15869140625
77880,0.158569335938
77881,0.155639648438
77882,0.164672851562
77883,0.1640625
77884,0.162719726562
77885,0.162353515625
77886,0.164916992188
77887,0.166259765625
77888,0.165771484375
77889,0.1650390625
77890,0.164428710938
77891,0.165405273438
77892,0.16455078125
77893,0.1650390625
77894,0.164184570312
77895,0.171142578125
77896,0.170654296875
77897,0.171142578125
77898,0.169067382812
77899,0.17041015625
77900,0.170532226562
77901,0.172607421875
77902,0.176391601562
77903,0.222290039062
77904,0.22265625
77905,0.220703125
77906,0.220581054688
77907,0.219482421875
77908,0.218383789062
77909,0.220092773438
77910,0.21923828125
77911,0.22119140625
77912,0.216674804688
77913,0.216918945312
77914,0.21826171875
77915,0.217041015625
77916,0.199829101562
77917,0.19970703125
77918,0.200561523438
77919,0.198364257812
77920,0.197631835938
77921,0.199584960938
77922,0.197265625
77923,0.19775390625
77924,0.198120117188
77925,0.20068359375
77926,0.154174804688
77927,0.155517578125
77928,0.15869140625
77929,0.154418945312
77930,0.150756835938
77931,0.151489257812
77932,0.150268554688
77933,0.151245117188
77934,0.152099609375
77935,0.151245117188
77936,0.1513671875
77937,0.151000976562
77938,0.150268554688
77939,0.150756835938
77940,0.151245117188
77941,0.15234375
77942,0.15380859375
77943,0.15380859375
77944,0.1572265625
77945,0.156982421875
77946,0.15869140625
77947,0.157592773438
77948,0.157592773438
77949,0.159057617188
77950,0.16064453125
77951,0.160522460938
77952,0.160522460938
77953,0.16015625
77954,0.159423828125
77955,0.160766601562
77956,0.1611328125
77957,0.16064453125
77958,0.162353515625
77959,0.162475585938
77960,0.1611328125
77961,0.164306640625
77962,0.163696289062
77963,0.165405273438
77964,0.1650390625
77965,0.164672851562
77966,0.167358398438
77967,0.166870117188
77968,0.16748046875
77969,0.168212890625
77970,0.168090820312
77971,0.167236328125
77972,0.166137695312
77973,0.164428710938
77974,0.1630859375
77975,0.164184570312
77976,0.164672851562
77977,0.166870117188
77978,0.164428710938
77979,0.164794921875
77980,0.165405273438
77981,0.163452148438
77982,0.163940429688
77983,0.162963867188
77984,0.16357421875
77985,0.165283203125
77986,0.166137695312
77987,0.166137695312
77988,0.16455078125
77989,0.166137695312
77990,0.1650390625
77991,0.170166015625
77992,0.172973632812
77993,0.172973632812
77994,0.171630859375
77995,0.172729492188
77996,0.173095703125
77997,0.173095703125
77998,0.1728515625
77999,0.1630859375
78000,0.160888671875
78001,0.160034179688
78002,0.15966796875
78003,0.160034179688
78004,0.160034179688
78005,0.157592773438
78006,0.159545898438
78007,0.15087890625
78008,0.155395507812
78009,0.15869140625
78010,0.151245117188
78011,0.150268554688
78012,0.153076171875
78013,0.1513671875
78014,0.151000976562
78015,0.150390625
78016,0.1513671875
78017,0.155395507812
78018,0.154663085938
78019,0.155517578125
78020,0.15283203125
78021,0.148681640625
78022,0.14892578125
78023,0.148193359375
78024,0.148803710938
78025,0.15478515625
78026,0.152587890625
78027,0.15283203125
78028,0.15478515625
78029,0.14794921875
78030,0.14892578125
78031,0.147827148438
78032,0.149291992188
78033,0.147827148438
78034,0.138427734375
78035,0.138916015625
78036,0.136962890625
78037,0.136962890625
78038,0.142700195312
78039,0.140258789062
78040,0.162475585938
78041,0.163696289062
78042,0.1640625
78043,0.163452148438
78044,0.165771484375
78045,0.163330078125
78046,0.156494140625
78047,0.155151367188
78048,0.156005859375
78049,0.156860351562
78050,0.155395507812
78051,0.155151367188
78052,0.14990234375
78053,0.1513671875
78054,0.151000976562
78055,0.149291992188
78056,0.148559570312
78057,0.1484375
78058,0.1484375
78059,0.148315429688
78060,0.14892578125
78061,0.196533203125
78062,0.196533203125
78063,0.197387695312
78064,0.196044921875
78065,0.184448242188
78066,0.185913085938
78067,0.185913085938
78068,0.1826171875
78069,0.1826171875
78070,0.18115234375
78071,0.18359375
78072,0.185791015625
78073,0.185180664062
78074,0.187133789062
78075,0.185668945312
78076,0.193481445312
78077,0.19140625
78078,0.191162109375
78079,0.191650390625
78080,0.191528320312
78081,0.19189453125
78082,0.189453125
78083,0.191284179688
78084,0.189819335938
78085,0.187255859375
78086,0.1865234375
78087,0.184814453125
78088,0.185180664062
78089,0.18603515625
78090,0.181762695312
78091,0.181762695312
78092,0.182739257812
78093,0.183715820312
78094,0.183959960938
78095,0.18505859375
78096,0.186157226562
78097,0.18359375
78098,0.1826171875
78099,0.184448242188
78100,0.18359375
78101,0.193237304688
78102,0.192260742188
78103,0.192138671875
78104,0.1923828125
78105,0.191772460938
78106,0.19287109375
78107,0.1923828125
78108,0.195068359375
78109,0.19580078125
78110,0.202270507812
78111,0.201538085938
78112,0.201782226562
78113,0.200317382812
78114,0.201171875
78115,0.196899414062
78116,0.195434570312
78117,0.197265625
78118,0.1953125
78119,0.193359375
78120,0.191772460938
78121,0.191650390625
78122,0.190307617188
78123,0.188354492188
78124,0.187744140625
78125,0.1884765625
78126,0.187622070312
78127,0.188110351562
78128,0.187377929688
78129,0.1865234375
78130,0.187255859375
78131,0.188598632812
78132,0.186279296875
78133,0.188354492188
78134,0.188720703125
78135,0.187866210938
78136,0.1884765625
78137,0.187622070312
78138,0.187255859375
78139,0.187744140625
78140,0.189086914062
78141,0.186157226562
78142,0.1884765625
78143,0.189086914062
78144,0.18701171875
78145,0.18701171875
78146,0.197875976562
78147,0.18896484375
78148,0.18798828125
78149,0.186767578125
78150,0.186767578125
78151,0.1875
78152,0.187133789062
78153,0.187377929688
78154,0.185302734375
78155,0.186767578125
78156,0.187255859375
78157,0.1865234375
78158,0.188110351562
78159,0.189697265625
78160,0.191040039062
78161,0.191040039062
78162,0.192016601562
78163,0.18994140625
78164,0.189208984375
78165,0.190185546875
78166,0.192993164062
78167,0.194091796875
78168,0.193237304688
78169,0.193603515625
78170,0.197265625
78171,0.197265625
78172,0.199096679688
78173,0.197875976562
78174,0.196166992188
78175,0.196044921875
78176,0.197387695312
78177,0.195678710938
78178,0.197143554688
78179,0.192993164062
78180,0.196044921875
78181,0.193725585938
78182,0.140869140625
78183,0.148681640625
78184,0.148681640625
78185,0.148071289062
78186,0.148559570312
78187,0.150146484375
78188,0.150512695312
78189,0.14892578125
78190,0.0956420898438
78191,0.0975952148438
78192,0.0972290039062
78193,0.0982666015625
78194,0.0941772460938
78195,0.09716796875
78196,0.0941162109375
78197,0.09423828125
78198,0.095703125
78199,0.095947265625
78200,0.096435546875
78201,0.097900390625
78202,0.09619140625
