4,0.0
5,0.0
6,0.0
7,0.0
8,0.0
9,0.0
10,0.0
11,0.0
12,0.0
13,0.0
14,0.0
15,0.0
16,0.0
17,0.0
18,0.0
19,0.0
20,0.0
21,0.0
22,0.0
23,0.0
24,0.0
25,0.0
26,0.0
27,0.0
28,0.0
29,0.0
30,0.0
31,0.0
32,0.0
33,0.0
34,0.0
35,0.0
36,0.0
37,0.0
38,0.0
39,0.0
40,0.0
41,0.0
42,0.0
43,0.0
44,0.0
45,0.0
46,0.0
47,0.0
48,0.0
49,0.0
50,0.0
51,0.0
52,0.0
53,0.0
54,0.0
55,0.0
56,0.0
57,0.0
58,0.0
59,0.0
60,0.0
61,0.0
62,0.0
63,0.0
64,0.0
65,0.0
66,0.0
67,0.0
68,0.0
69,0.0
70,0.0
71,0.0
72,0.0
73,0.0
74,0.0
75,0.0
76,0.0
77,0.0
78,0.0
79,0.0
80,0.0
81,0.0
82,0.0
83,0.0
84,0.0
85,0.0
86,0.0
87,0.0
88,0.0
89,0.0
90,0.0
91,0.0
92,0.0
93,0.0
94,0.0
95,0.0
96,0.0
97,0.0
98,0.0
99,0.0
100,0.0
101,0.0
102,0.0
103,0.0
104,0.0
105,0.0
106,0.0
107,0.0
108,0.0
109,0.0
110,0.0
111,0.0
112,0.0
113,0.0
114,0.0
115,0.0
116,0.0
117,0.0
118,0.0
119,0.0
120,0.0
121,0.0
122,0.0
123,0.0
124,0.0
125,0.0
126,0.0
127,0.0
128,0.0
129,0.0
130,0.0
131,0.0
132,0.0
133,0.0
134,0.0
135,0.0
136,0.0
137,0.0
138,0.0
139,0.0
140,0.0
141,0.0
142,0.0
143,0.0
144,0.0
145,0.0
146,0.0
147,0.0
148,0.0
149,0.0
150,0.0
151,0.0
152,0.0
153,0.0
154,0.0
155,0.0
156,0.0
157,0.0
158,0.0
159,0.0
160,0.0
161,0.0
162,0.0
163,0.0
164,0.0
165,0.0
166,0.0
167,0.0
168,0.0
169,0.0
170,0.0
171,0.0
172,0.0
173,0.0
174,0.0
175,0.0
176,0.0
177,0.0
178,0.0
179,0.0
180,0.0
181,0.0
182,0.0
183,0.0
184,0.0
185,0.0
186,0.0
187,0.0
188,0.0
189,0.0
190,0.0
191,0.0
192,0.0
193,0.0
194,0.0
195,0.0
196,0.0
197,0.0
198,0.0
199,0.0
200,0.0
201,0.0
202,0.0
203,0.0
204,0.0
205,0.0
206,0.0
207,0.0
208,0.0
209,0.0
210,0.0
211,0.0
212,0.0
213,0.0
214,0.0
215,0.0
216,0.0
217,0.0
218,0.0
219,0.0
220,0.0
221,0.0
222,0.0
223,0.0
224,0.0
225,0.0
226,0.0
227,0.0
228,0.0
229,0.0
230,0.0
231,0.0
232,0.0
233,0.0
234,0.0
235,0.0
236,0.0
237,0.0
238,0.0
239,0.0
240,0.0
241,0.0
242,0.0
243,0.0
244,0.0
245,0.0
246,0.0
247,0.0
248,0.0
249,0.0
250,0.0
251,0.0
252,0.0
253,0.0
254,0.0
255,0.0
256,0.0
257,0.0
258,0.0
259,0.0555419921875
260,0.10400390625
261,0.126708984375
262,0.141479492188
263,0.146118164062
264,0.146728515625
265,0.14892578125
266,0.149536132812
267,0.143432617188
268,0.144897460938
269,0.149047851562
270,0.139282226562
271,0.1318359375
272,0.13671875
273,0.138305664062
274,0.129516601562
275,0.134887695312
276,0.137939453125
277,0.136962890625
278,0.139770507812
279,0.143188476562
280,0.13916015625
281,0.14208984375
282,0.128051757812
283,0.129760742188
284,0.119079589844
285,0.127807617188
286,0.120178222656
287,0.123779296875
288,0.121520996094
289,0.123352050781
290,0.138061523438
291,0.135009765625
292,0.137939453125
293,0.128051757812
294,0.128540039062
295,0.124145507812
296,0.127685546875
297,0.130859375
298,0.111694335938
299,0.122436523438
300,0.138793945312
301,0.130615234375
302,0.123168945312
303,0.125122070312
304,0.133422851562
305,0.124572753906
306,0.1259765625
307,0.121948242188
308,0.126220703125
309,0.133178710938
310,0.1328125
311,0.135620117188
312,0.134887695312
313,0.136596679688
314,0.133544921875
315,0.137573242188
316,0.145263671875
317,0.147583007812
318,0.140625
319,0.132690429688
320,0.13671875
321,0.127685546875
322,0.13134765625
323,0.128051757812
324,0.1259765625
325,0.126831054688
326,0.130981445312
327,0.128540039062
328,0.131591796875
329,0.128295898438
330,0.124450683594
331,0.125
332,0.130737304688
333,0.122985839844
334,0.130004882812
335,0.132568359375
336,0.132446289062
337,0.131103515625
338,0.126220703125
339,0.128662109375
340,0.133544921875
341,0.12060546875
342,0.126586914062
343,0.134887695312
344,0.114135742188
345,0.120849609375
346,0.123718261719
347,0.12109375
348,0.129272460938
349,0.127075195312
350,0.123901367188
351,0.124450683594
352,0.12353515625
353,0.126342773438
354,0.131225585938
355,0.133178710938
356,0.142211914062
357,0.144653320312
358,0.13916015625
359,0.138305664062
360,0.137817382812
361,0.15283203125
362,0.132446289062
363,0.139038085938
364,0.14794921875
365,0.123962402344
366,0.120727539062
367,0.130737304688
368,0.13671875
369,0.137084960938
370,0.125610351562
371,0.12353515625
372,0.124267578125
373,0.13525390625
374,0.127563476562
375,0.134643554688
376,0.135009765625
377,0.1376953125
378,0.148559570312
379,0.139038085938
380,0.145141601562
381,0.148315429688
382,0.149047851562
383,0.134521484375
384,0.132934570312
385,0.13134765625
386,0.130737304688
387,0.139526367188
388,0.136108398438
389,0.123107910156
390,0.13671875
391,0.140625
392,0.135131835938
393,0.1357421875
394,0.131958007812
395,0.127563476562
396,0.136840820312
397,0.140625
398,0.13720703125
399,0.12939453125
400,0.126220703125
401,0.136474609375
402,0.124267578125
403,0.126098632812
404,0.127807617188
405,0.126586914062
406,0.124206542969
407,0.130126953125
408,0.123107910156
409,0.12353515625
410,0.121459960938
411,0.131958007812
412,0.131713867188
413,0.118713378906
414,0.120727539062
415,0.119689941406
416,0.117919921875
417,0.127197265625
418,0.12548828125
419,0.132446289062
420,0.1259765625
421,0.125244140625
422,0.1298828125
423,0.129272460938
424,0.123840332031
425,0.125122070312
426,0.127563476562
427,0.119506835938
428,0.118347167969
429,0.125
430,0.122802734375
431,0.123657226562
432,0.130493164062
433,0.132446289062
434,0.129272460938
435,0.1318359375
436,0.122436523438
437,0.128295898438
438,0.124145507812
439,0.125
440,0.122741699219
441,0.125122070312
442,0.132690429688
443,0.120483398438
444,0.130126953125
445,0.130981445312
446,0.1318359375
447,0.129638671875
448,0.132934570312
449,0.135986328125
450,0.134643554688
451,0.139892578125
452,0.140014648438
453,0.1328125
454,0.134643554688
455,0.133666992188
456,0.132080078125
457,0.121948242188
458,0.130737304688
459,0.128784179688
460,0.13232421875
461,0.122436523438
462,0.114196777344
463,0.124084472656
464,0.126098632812
465,0.11279296875
466,0.119689941406
467,0.117919921875
468,0.116638183594
469,0.116516113281
470,0.122985839844
471,0.125244140625
472,0.12744140625
473,0.124328613281
474,0.122436523438
475,0.121826171875
476,0.121887207031
477,0.12109375
478,0.125244140625
479,0.1171875
480,0.111633300781
481,0.118103027344
482,0.118530273438
483,0.118713378906
484,0.120849609375
485,0.116394042969
486,0.118957519531
487,0.116027832031
488,0.112365722656
489,0.116577148438
490,0.121948242188
491,0.122619628906
492,0.125122070312
493,0.120727539062
494,0.114074707031
495,0.121337890625
496,0.126708984375
497,0.116516113281
498,0.119079589844
499,0.12158203125
500,0.121398925781
501,0.11962890625
502,0.118469238281
503,0.121398925781
504,0.117370605469
505,0.1162109375
506,0.118347167969
507,0.120849609375
508,0.127685546875
509,0.122863769531
510,0.119567871094
511,0.117736816406
512,0.118103027344
513,0.119934082031
514,0.126220703125
515,0.141967773438
516,0.156372070312
517,0.16015625
518,0.159545898438
519,0.155639648438
520,0.164794921875
521,0.156372070312
522,0.158813476562
523,0.17138671875
524,0.166015625
525,0.139038085938
526,0.15185546875
527,0.158325195312
528,0.15869140625
529,0.1474609375
530,0.141967773438
531,0.15966796875
532,0.166137695312
533,0.173095703125
534,0.16552734375
535,0.1689453125
536,0.1572265625
537,0.166625976562
538,0.168090820312
539,0.18212890625
540,0.170043945312
541,0.15869140625
542,0.141235351562
543,0.140869140625
544,0.143188476562
545,0.143310546875
546,0.151977539062
547,0.140625
548,0.148559570312
549,0.141479492188
550,0.146362304688
551,0.139038085938
552,0.149536132812
553,0.159301757812
554,0.136596679688
555,0.154907226562
556,0.155639648438
557,0.137939453125
558,0.140991210938
559,0.147827148438
560,0.150390625
561,0.149291992188
562,0.136840820312
563,0.142578125
564,0.14453125
565,0.1572265625
566,0.159790039062
567,0.169799804688
568,0.151977539062
569,0.161499023438
570,0.155029296875
571,0.155029296875
572,0.160522460938
573,0.169067382812
574,0.135131835938
575,0.136596679688
576,0.146240234375
577,0.15380859375
578,0.1630859375
579,0.147705078125
580,0.142944335938
581,0.146118164062
582,0.144287109375
583,0.15673828125
584,0.167358398438
585,0.13818359375
586,0.146850585938
587,0.150634765625
588,0.15234375
589,0.148803710938
590,0.156494140625
591,0.151000976562
592,0.1533203125
593,0.15234375
594,0.1474609375
595,0.150024414062
596,0.157958984375
597,0.152099609375
598,0.149780273438
599,0.14892578125
600,0.140869140625
601,0.151245117188
602,0.1591796875
603,0.138793945312
604,0.14013671875
605,0.147705078125
606,0.154907226562
607,0.15771484375
608,0.1455078125
609,0.14794921875
610,0.151000976562
611,0.152587890625
612,0.15576171875
613,0.156982421875
614,0.150390625
615,0.150268554688
616,0.147583007812
617,0.144287109375
618,0.152221679688
619,0.149780273438
620,0.161376953125
621,0.170288085938
622,0.1826171875
623,0.177124023438
624,0.1767578125
625,0.1826171875
626,0.16650390625
627,0.175659179688
628,0.1650390625
629,0.160278320312
630,0.177368164062
631,0.18115234375
632,0.153198242188
633,0.171020507812
634,0.15966796875
635,0.17626953125
636,0.190307617188
637,0.173583984375
638,0.1953125
639,0.180297851562
640,0.184204101562
641,0.1845703125
642,0.141357421875
643,0.149780273438
644,0.141357421875
645,0.152221679688
646,0.15625
647,0.142456054688
648,0.159912109375
649,0.15185546875
650,0.159423828125
651,0.1630859375
652,0.178344726562
653,0.169189453125
654,0.146850585938
655,0.156982421875
656,0.150634765625
657,0.15625
658,0.145629882812
659,0.151123046875
660,0.144409179688
661,0.146606445312
662,0.14990234375
663,0.165893554688
664,0.144165039062
665,0.146118164062
666,0.15576171875
667,0.158447265625
668,0.1572265625
669,0.154663085938
670,0.144775390625
671,0.153564453125
672,0.16943359375
673,0.16455078125
674,0.148559570312
675,0.15625
676,0.1611328125
677,0.18115234375
678,0.162475585938
679,0.170776367188
680,0.171997070312
681,0.151000976562
682,0.156127929688
683,0.161865234375
684,0.170166015625
685,0.145629882812
686,0.142211914062
687,0.158935546875
688,0.147094726562
689,0.14990234375
690,0.157348632812
691,0.156005859375
692,0.144775390625
693,0.149169921875
694,0.149169921875
695,0.166259765625
696,0.178955078125
697,0.139892578125
698,0.139404296875
699,0.149658203125
700,0.162109375
701,0.165405273438
702,0.161499023438
703,0.1640625
704,0.175170898438
705,0.168823242188
706,0.144653320312
707,0.151489257812
708,0.141479492188
709,0.145263671875
710,0.15087890625
711,0.149658203125
712,0.147216796875
713,0.146118164062
714,0.151000976562
715,0.141235351562
716,0.157104492188
717,0.1484375
718,0.148681640625
719,0.153930664062
720,0.1435546875
721,0.147338867188
722,0.1591796875
723,0.15380859375
724,0.1611328125
725,0.171020507812
726,0.152099609375
727,0.153564453125
728,0.143188476562
729,0.159790039062
730,0.141845703125
731,0.155517578125
732,0.156005859375
733,0.147583007812
734,0.139526367188
735,0.148315429688
736,0.168090820312
737,0.15087890625
738,0.157104492188
739,0.142333984375
740,0.15625
741,0.17333984375
742,0.1640625
743,0.1640625
744,0.157348632812
745,0.167846679688
746,0.171020507812
747,0.159790039062
748,0.15576171875
749,0.14501953125
750,0.15576171875
751,0.162475585938
752,0.151000976562
753,0.160522460938
754,0.171875
755,0.175415039062
756,0.16748046875
757,0.169921875
758,0.154174804688
759,0.154541015625
760,0.16357421875
761,0.154907226562
762,0.140380859375
763,0.1591796875
764,0.149169921875
765,0.168334960938
766,0.161376953125
767,0.174560546875
768,0.175659179688
769,0.154663085938
770,0.174560546875
771,0.143676757812
772,0.12158203125
773,0.131591796875
774,0.150024414062
775,0.151611328125
776,0.15966796875
777,0.178100585938
778,0.17236328125
779,0.140625
780,0.143798828125
781,0.150390625
782,0.140991210938
783,0.152099609375
784,0.144653320312
786,0.159790039062
787,0.168701171875
788,0.165161132812
789,0.177124023438
790,0.162475585938
791,0.143188476562
792,0.153930664062
793,0.16162109375
794,0.155151367188
795,0.146484375
796,0.139282226562
797,0.1474609375
798,0.145385742188
799,0.160522460938
800,0.171142578125
801,0.15625
802,0.13525390625
803,0.147583007812
804,0.149658203125
805,0.146362304688
806,0.146484375
807,0.148071289062
808,0.14794921875
809,0.145385742188
810,0.159790039062
811,0.164672851562
812,0.175659179688
813,0.1484375
814,0.164916992188
815,0.151245117188
816,0.137451171875
817,0.144287109375
818,0.156616210938
819,0.147216796875
820,0.146606445312
821,0.14990234375
822,0.162231445312
823,0.151000976562
824,0.147216796875
825,0.1591796875
826,0.154418945312
827,0.137329101562
828,0.140747070312
829,0.138916015625
830,0.146240234375
831,0.145751953125
832,0.14111328125
833,0.153564453125
834,0.16650390625
835,0.175537109375
836,0.18017578125
837,0.156005859375
838,0.176513671875
839,0.159423828125
840,0.170166015625
841,0.15966796875
842,0.157958984375
843,0.146606445312
844,0.147216796875
845,0.140869140625
846,0.14208984375
847,0.156860351562
848,0.150390625
849,0.140747070312
850,0.142822265625
851,0.158325195312
852,0.144775390625
853,0.168823242188
854,0.181884765625
855,0.18408203125
856,0.204345703125
857,0.161743164062
858,0.181640625
859,0.151245117188
860,0.15478515625
861,0.163696289062
862,0.147827148438
863,0.148803710938
864,0.137817382812
865,0.144409179688
866,0.138671875
867,0.144165039062
868,0.151489257812
869,0.167358398438
870,0.14404296875
871,0.148681640625
872,0.158325195312
873,0.151733398438
874,0.150390625
875,0.157958984375
876,0.159057617188
877,0.163330078125
878,0.17529296875
879,0.18310546875
880,0.199951171875
881,0.20361328125
882,0.159912109375
883,0.183715820312
884,0.212280273438
885,0.165771484375
886,0.122192382812
887,0.128784179688
888,0.147216796875
889,0.135498046875
890,0.144409179688
891,0.1474609375
892,0.145874023438
893,0.152587890625
894,0.160034179688
895,0.172119140625
896,0.183715820312
897,0.149169921875
898,0.173217773438
899,0.203247070312
900,0.184326171875
901,0.185180664062
902,0.1708984375
903,0.162231445312
904,0.192016601562
905,0.206787109375
906,0.173461914062
907,0.181762695312
908,0.191162109375
909,0.18212890625
910,0.171752929688
911,0.157348632812
912,0.167236328125
913,0.159912109375
914,0.1298828125
915,0.1455078125
916,0.146362304688
917,0.158325195312
918,0.1611328125
919,0.17431640625
920,0.136596679688
921,0.132690429688
922,0.15087890625
923,0.138549804688
924,0.150268554688
925,0.154052734375
926,0.168579101562
927,0.177856445312
928,0.166381835938
929,0.1474609375
930,0.15234375
931,0.160034179688
932,0.161376953125
933,0.140625
934,0.152099609375
935,0.157836914062
936,0.146362304688
937,0.154052734375
938,0.132080078125
939,0.144409179688
940,0.141479492188
941,0.15380859375
942,0.132202148438
943,0.156005859375
944,0.139038085938
945,0.14892578125
946,0.148315429688
947,0.15380859375
948,0.156372070312
949,0.15185546875
950,0.144775390625
951,0.149658203125
952,0.160888671875
953,0.171752929688
954,0.178466796875
955,0.191772460938
956,0.209228515625
957,0.183959960938
958,0.183227539062
959,0.197021484375
960,0.216186523438
961,0.227661132812
962,0.191650390625
963,0.129272460938
964,0.160766601562
965,0.156982421875
966,0.174682617188
967,0.173950195312
968,0.17919921875
969,0.174682617188
970,0.120849609375
971,0.1513671875
972,0.158813476562
973,0.162353515625
974,0.14990234375
975,0.154174804688
976,0.17236328125
977,0.164428710938
978,0.1494140625
979,0.161376953125
980,0.164306640625
981,0.163330078125
982,0.148681640625
983,0.163940429688
984,0.1669921875
985,0.157470703125
986,0.173706054688
987,0.14794921875
988,0.13427734375
989,0.153076171875
990,0.16015625
991,0.184814453125
992,0.206298828125
993,0.216796875
994,0.166015625
995,0.183959960938
996,0.201049804688
997,0.20263671875
998,0.176879882812
999,0.17578125
1000,0.1826171875
1001,0.143188476562
1002,0.165161132812
1003,0.155395507812
1004,0.168701171875
1005,0.182006835938
1006,0.141845703125
1007,0.138061523438
1008,0.156372070312
1009,0.157592773438
1010,0.165283203125
1011,0.163208007812
1012,0.175537109375
1013,0.144653320312
1014,0.169555664062
1015,0.183471679688
1016,0.147338867188
1017,0.166381835938
1018,0.191284179688
1019,0.180297851562
1020,0.169189453125
1021,0.129760742188
1022,0.156005859375
1023,0.14013671875
1024,0.15087890625
1025,0.135009765625
1026,0.147338867188
1027,0.147583007812
1028,0.132568359375
1029,0.129272460938
1030,0.13330078125
1031,0.148559570312
1032,0.156982421875
1033,0.172973632812
1034,0.173583984375
1035,0.189697265625
1036,0.123596191406
1037,0.149780273438
1038,0.140014648438
1039,0.16650390625
1040,0.149169921875
1041,0.148559570312
1042,0.171875
1043,0.120849609375
1044,0.132202148438
1045,0.141723632812
1046,0.132934570312
1047,0.145263671875
1048,0.140991210938
1049,0.161987304688
1050,0.160034179688
1051,0.164672851562
1052,0.157836914062
1053,0.169067382812
1054,0.186157226562
1055,0.204467773438
1056,0.168701171875
1057,0.122375488281
1058,0.12548828125
1059,0.147705078125
1060,0.144287109375
1061,0.154052734375
1062,0.162109375
1063,0.14404296875
1064,0.152954101562
1065,0.140502929688
1066,0.167114257812
1067,0.1552734375
1068,0.135009765625
1069,0.140502929688
1070,0.15380859375
1071,0.140991210938
1072,0.140258789062
1073,0.160278320312
1074,0.154296875
1075,0.142578125
1076,0.146606445312
1077,0.15234375
1078,0.155151367188
1079,0.166381835938
1080,0.168579101562
1081,0.157104492188
1082,0.158325195312
1083,0.172485351562
1084,0.154907226562
1085,0.174194335938
1086,0.188110351562
1087,0.148559570312
1088,0.178100585938
1089,0.189697265625
1090,0.124389648438
1091,0.161254882812
1092,0.165893554688
1093,0.137329101562
1094,0.155395507812
1095,0.1435546875
1096,0.158569335938
1097,0.15966796875
1098,0.175170898438
1099,0.188720703125
1100,0.189697265625
1101,0.201049804688
1102,0.1982421875
1103,0.207763671875
1104,0.136962890625
1105,0.173828125
1106,0.189819335938
1107,0.2021484375
1108,0.194946289062
1109,0.174072265625
1110,0.178466796875
1111,0.171630859375
1112,0.162963867188
1113,0.178955078125
1114,0.203125
1115,0.171020507812
1116,0.202758789062
1117,0.146362304688
1118,0.166870117188
1119,0.195678710938
1120,0.144409179688
1121,0.12744140625
1122,0.142456054688
1123,0.134399414062
1124,0.1455078125
1125,0.167358398438
1126,0.162841796875
1127,0.147338867188
1128,0.15478515625
1129,0.155639648438
1130,0.15185546875
1131,0.141723632812
1132,0.14453125
1133,0.144287109375
1134,0.149658203125
1135,0.1416015625
1136,0.147705078125
1137,0.1669921875
1138,0.165771484375
1139,0.19287109375
1140,0.17236328125
1141,0.187622070312
1142,0.2177734375
1143,0.220092773438
1144,0.235229492188
1145,0.2158203125
1146,0.223754882812
1147,0.21728515625
1148,0.19189453125
1149,0.139038085938
1150,0.171508789062
1151,0.156616210938
1152,0.172973632812
1153,0.134521484375
1154,0.155883789062
1155,0.174072265625
1156,0.13720703125
1157,0.154907226562
1158,0.138671875
1159,0.161743164062
1160,0.137939453125
1161,0.14013671875
1162,0.147705078125
1163,0.14697265625
1164,0.159301757812
1165,0.169067382812
1166,0.17236328125
1167,0.171508789062
1168,0.164672851562
1169,0.176879882812
1170,0.165649414062
1171,0.165161132812
1172,0.192626953125
1173,0.151000976562
1174,0.156982421875
1175,0.1767578125
1176,0.19580078125
1177,0.18115234375
1178,0.193359375
1179,0.21337890625
1180,0.192138671875
1181,0.19384765625
1182,0.186401367188
1183,0.184448242188
1184,0.204467773438
1185,0.182495117188
1186,0.198974609375
1187,0.217895507812
1188,0.22021484375
1189,0.154418945312
1190,0.182983398438
1191,0.2099609375
1192,0.202758789062
1193,0.207153320312
1194,0.146606445312
1195,0.180297851562
1196,0.195678710938
1197,0.20654296875
1198,0.198608398438
1199,0.142944335938
1200,0.156127929688
1201,0.16552734375
1202,0.173828125
1203,0.154174804688
1204,0.158203125
1205,0.170532226562
1206,0.176879882812
1207,0.190063476562
1208,0.198486328125
1209,0.200561523438
1210,0.184692382812
1211,0.185791015625
1212,0.193359375
1213,0.19677734375
1214,0.195556640625
1215,0.204467773438
1216,0.197509765625
1217,0.203247070312
1218,0.212646484375
1219,0.204956054688
1220,0.196533203125
1221,0.201782226562
1222,0.213623046875
1223,0.14794921875
1224,0.153930664062
1225,0.181274414062
1226,0.173583984375
1227,0.15771484375
1228,0.175903320312
1229,0.193481445312
1230,0.204223632812
1231,0.219970703125
1232,0.23193359375
1233,0.236938476562
1234,0.245971679688
1235,0.143432617188
1236,0.148315429688
1237,0.155151367188
1238,0.14990234375
1239,0.16943359375
1240,0.190551757812
1241,0.155029296875
1242,0.168579101562
1243,0.168334960938
1244,0.179321289062
1245,0.170776367188
1246,0.189697265625
1247,0.159423828125
1248,0.13427734375
1249,0.149780273438
1250,0.169555664062
1251,0.155395507812
1252,0.1376953125
1253,0.151489257812
1254,0.173706054688
1255,0.155395507812
1256,0.15966796875
1257,0.161376953125
1258,0.16064453125
1259,0.189697265625
1260,0.19775390625
1261,0.1689453125
1262,0.1376953125
1263,0.159301757812
1264,0.1630859375
1265,0.180541992188
1266,0.14892578125
1267,0.174438476562
1268,0.182739257812
1269,0.202026367188
1270,0.201782226562
1271,0.215087890625
1272,0.22314453125
1273,0.210693359375
1274,0.23095703125
1275,0.222290039062
1276,0.157958984375
1277,0.15576171875
1278,0.16943359375
1279,0.177856445312
1280,0.18896484375
1281,0.206787109375
1282,0.214233398438
1283,0.218994140625
1284,0.103210449219
1285,0.142211914062
1286,0.163208007812
1287,0.152221679688
1288,0.139892578125
1289,0.145751953125
1290,0.144409179688
1291,0.152709960938
1292,0.132446289062
1293,0.1416015625
1294,0.168090820312
1295,0.19873046875
1296,0.227661132812
1297,0.203491210938
1298,0.146362304688
1299,0.15966796875
1300,0.187133789062
1301,0.203979492188
1302,0.2099609375
1303,0.211547851562
1304,0.216430664062
1305,0.155639648438
1306,0.170288085938
1307,0.19873046875
1308,0.14208984375
1309,0.149047851562
1310,0.189331054688
1311,0.222045898438
1312,0.164672851562
1313,0.129760742188
1314,0.136108398438
1315,0.147338867188
1316,0.171264648438
1317,0.205688476562
1318,0.150268554688
1319,0.160522460938
1320,0.171752929688
1321,0.126586914062
1322,0.154052734375
1323,0.165771484375
1324,0.18603515625
1325,0.15966796875
1326,0.151489257812
1327,0.136962890625
1328,0.147094726562
1329,0.141967773438
1330,0.145751953125
1331,0.166381835938
1332,0.12841796875
1333,0.132202148438
1334,0.129760742188
1335,0.142456054688
1336,0.14697265625
1337,0.162475585938
1338,0.141723632812
1339,0.148803710938
1340,0.166259765625
1341,0.172119140625
1342,0.153198242188
1343,0.133178710938
1344,0.147705078125
1345,0.160888671875
1346,0.1728515625
1347,0.186889648438
1348,0.192504882812
1349,0.150756835938
1350,0.17431640625
1351,0.188354492188
1352,0.203369140625
1353,0.218872070312
1354,0.230834960938
1355,0.227416992188
1356,0.156982421875
1357,0.159301757812
1358,0.183349609375
1359,0.181274414062
1360,0.197875976562
1361,0.146118164062
1362,0.15478515625
1363,0.190551757812
1364,0.20849609375
1365,0.213745117188
1366,0.204833984375
1367,0.148071289062
1368,0.184326171875
1369,0.209228515625
1370,0.204223632812
1371,0.189575195312
1372,0.135986328125
1373,0.137329101562
1374,0.14794921875
1375,0.143920898438
1376,0.158935546875
1377,0.176635742188
1378,0.200561523438
1379,0.22119140625
1380,0.218627929688
1381,0.153076171875
1382,0.197387695312
1383,0.155639648438
1384,0.1875
1385,0.21044921875
1386,0.214965820312
1387,0.123779296875
1388,0.15234375
1389,0.151977539062
1390,0.141357421875
1391,0.146362304688
1392,0.138916015625
1393,0.134643554688
1394,0.15478515625
1395,0.129272460938
1396,0.132202148438
1397,0.149291992188
1398,0.1279296875
1399,0.146728515625
1400,0.160766601562
1401,0.140991210938
1402,0.158813476562
1403,0.1337890625
1404,0.15380859375
1405,0.165893554688
1406,0.182739257812
1407,0.204223632812
1408,0.18603515625
1409,0.164428710938
1410,0.185913085938
1411,0.204711914062
1412,0.214233398438
1413,0.230712890625
1414,0.203735351562
1415,0.215454101562
1416,0.212890625
1417,0.225830078125
1418,0.215576171875
1419,0.227416992188
1420,0.171875
1421,0.216674804688
1422,0.217407226562
1423,0.132202148438
1424,0.182373046875
1425,0.200439453125
1426,0.158935546875
1427,0.176391601562
1428,0.154174804688
1429,0.132080078125
1430,0.149780273438
1431,0.153686523438
1432,0.16650390625
1433,0.167358398438
1434,0.137939453125
1435,0.158203125
1436,0.170166015625
1437,0.181884765625
1438,0.200927734375
1439,0.201538085938
1440,0.149658203125
1441,0.179809570312
1442,0.1962890625
1443,0.217163085938
1444,0.230224609375
1445,0.235595703125
1446,0.13427734375
1447,0.180297851562
1448,0.209838867188
1449,0.14453125
1450,0.155151367188
1451,0.184936523438
1452,0.122802734375
1453,0.167724609375
1454,0.123046875
1455,0.155517578125
1456,0.176635742188
1457,0.16845703125
1458,0.203369140625
1459,0.19775390625
1460,0.158203125
1461,0.182983398438
1462,0.1640625
1463,0.142456054688
1464,0.175048828125
1465,0.180053710938
1466,0.2060546875
1467,0.181030273438
1468,0.203247070312
1469,0.222534179688
1470,0.212524414062
1471,0.231201171875
1472,0.224853515625
1473,0.201416015625
1474,0.211547851562
1475,0.223388671875
1476,0.231323242188
1477,0.216064453125
1478,0.230346679688
1479,0.225341796875
1480,0.227661132812
1481,0.1923828125
1482,0.151733398438
1483,0.181884765625
1484,0.220581054688
1485,0.239624023438
1486,0.222778320312
1487,0.242309570312
1488,0.2568359375
1489,0.242553710938
1490,0.206787109375
1491,0.213989257812
1492,0.14697265625
1493,0.185913085938
1494,0.217651367188
1495,0.146850585938
1496,0.189331054688
1497,0.228149414062
1498,0.237060546875
1499,0.2412109375
1500,0.222778320312
1501,0.21923828125
1502,0.221923828125
1503,0.226318359375
1504,0.171264648438
1505,0.200439453125
1506,0.216430664062
1507,0.2119140625
1508,0.140258789062
1509,0.18212890625
1510,0.213623046875
1511,0.149291992188
1512,0.150146484375
1513,0.15966796875
1514,0.171020507812
1515,0.182983398438
1516,0.132568359375
1517,0.166259765625
1518,0.126098632812
1519,0.147094726562
1520,0.18408203125
1521,0.189819335938
1522,0.187377929688
1523,0.213623046875
1524,0.228393554688
1525,0.218505859375
1526,0.169311523438
1527,0.18798828125
1528,0.215942382812
1529,0.217407226562
1530,0.236450195312
1531,0.225219726562
1532,0.2265625
1533,0.2353515625
1534,0.248657226562
1535,0.170166015625
1536,0.150390625
1537,0.184204101562
1538,0.197631835938
1539,0.2138671875
1540,0.141723632812
1541,0.111938476562
1542,0.114929199219
1543,0.141723632812
1544,0.1396484375
1545,0.12939453125
1546,0.142456054688
1547,0.130493164062
1548,0.14453125
1549,0.132080078125
1550,0.144897460938
1551,0.14208984375
1552,0.15185546875
1553,0.16064453125
1554,0.129516601562
1555,0.156494140625
1556,0.124206542969
1557,0.137817382812
1558,0.150634765625
1559,0.141845703125
1560,0.164672851562
1561,0.136962890625
1562,0.15625
1563,0.139526367188
38319,0.25390625
38320,0.125122070312
38322,0.108215332031
38323,0.110900878906
38324,0.10546875
38325,0.1396484375
38326,0.148681640625
38327,0.21826171875
38328,0.207153320312
38329,0.213012695312
38330,0.220947265625
38331,0.236938476562
38332,0.22705078125
38333,0.247436523438
38334,0.232788085938
38335,0.234130859375
38336,0.136352539062
38337,0.131591796875
38338,0.0765380859375
38339,0.151000976562
38340,0.148681640625
38341,0.153076171875
38342,0.15576171875
38343,0.130737304688
38344,0.103271484375
38345,0.0919799804688
38346,0.108703613281
38347,0.106872558594
38348,0.133422851562
38349,0.126831054688
38350,0.180908203125
38351,0.174560546875
38352,0.189086914062
38353,0.184326171875
38354,0.144287109375
38355,0.155151367188
38356,0.1533203125
38357,0.118530273438
38358,0.120788574219
38359,0.127319335938
38360,0.132934570312
38361,0.1318359375
38362,0.137573242188
38363,0.118041992188
38364,0.124816894531
38365,0.174926757812
38366,0.166748046875
38367,0.165893554688
38368,0.163452148438
38369,0.14501953125
38370,0.181396484375
38371,0.205078125
38372,0.220703125
38373,0.23828125
38374,0.239135742188
38375,0.228637695312
38376,0.2333984375
38377,0.23193359375
38378,0.239501953125
38379,0.233154296875
38380,0.233276367188
38381,0.2587890625
38382,0.24951171875
38383,0.25634765625
38384,0.25634765625
38385,0.2529296875
38386,0.250732421875
38387,0.255859375
38388,0.25537109375
38389,0.249633789062
38390,0.251708984375
38391,0.25
38392,0.257568359375
38393,0.25927734375
38394,0.25732421875
38395,0.1484375
38396,0.145874023438
38397,0.1435546875
38398,0.148315429688
38399,0.156616210938
38400,0.23388671875
38401,0.215576171875
38402,0.228637695312
38403,0.229736328125
38404,0.244140625
38405,0.260986328125
38406,0.261962890625
38407,0.283203125
38408,0.236083984375
38409,0.258056640625
38410,0.143798828125
38411,0.158935546875
38412,0.0911254882812
38413,0.0953369140625
38414,0.0958862304688
38415,0.0867919921875
38416,0.094970703125
38417,0.115844726562
38418,0.105712890625
38419,0.117309570312
38420,0.123046875
38421,0.18701171875
38422,0.1875
38423,0.187866210938
38424,0.218383789062
38425,0.133422851562
38426,0.119567871094
38427,0.109436035156
38428,0.100280761719
38429,0.114562988281
38430,0.11572265625
38431,0.119445800781
38432,0.118774414062
38433,0.16455078125
38434,0.20361328125
38435,0.213134765625
38436,0.210205078125
38437,0.2392578125
38438,0.248779296875
38439,0.231567382812
38440,0.25146484375
38441,0.246459960938
38442,0.242431640625
38443,0.226440429688
38444,0.236206054688
38445,0.26416015625
38446,0.256591796875
38447,0.262451171875
38448,0.260498046875
38449,0.18798828125
38450,0.196899414062
38451,0.197387695312
38452,0.113464355469
38453,0.111938476562
38454,0.107788085938
38455,0.14990234375
38456,0.223022460938
38457,0.221435546875
38458,0.17529296875
38459,0.1884765625
38460,0.176025390625
38461,0.0990600585938
38462,0.10107421875
38463,0.0944213867188
38464,0.09326171875
38465,0.1064453125
38466,0.109924316406
38467,0.102478027344
38468,0.100341796875
38469,0.0987548828125
38470,0.180541992188
38471,0.186889648438
38472,0.218872070312
38473,0.2373046875
38474,0.243896484375
38475,0.229736328125
38476,0.230712890625
38477,0.258544921875
38478,0.25439453125
38479,0.246215820312
38480,0.246948242188
38481,0.25244140625
38482,0.262451171875
38483,0.25927734375
38484,0.2607421875
38485,0.268798828125
38486,0.24853515625
38487,0.257568359375
38488,0.257568359375
38489,0.216430664062
38490,0.245483398438
38491,0.226928710938
38492,0.235473632812
38493,0.228881835938
38494,0.254150390625
38495,0.109375
38496,0.11181640625
38497,0.111755371094
38498,0.104736328125
38499,0.114501953125
38500,0.126708984375
38501,0.122253417969
38502,0.115478515625
38503,0.112243652344
38504,0.118530273438
38505,0.123657226562
38506,0.125732421875
38507,0.124694824219
38508,0.124633789062
38509,0.12841796875
38510,0.145629882812
38511,0.197387695312
38512,0.21337890625
38513,0.202880859375
38514,0.20947265625
38515,0.20849609375
38516,0.212158203125
38517,0.20068359375
38518,0.208251953125
38519,0.246704101562
38520,0.237060546875
38521,0.240966796875
38522,0.238159179688
38523,0.239990234375
38524,0.230834960938
38525,0.265380859375
38526,0.25341796875
38527,0.229370117188
38528,0.2294921875
38529,0.238647460938
38530,0.2236328125
38531,0.167846679688
38532,0.157958984375
38533,0.1640625
38534,0.223876953125
38535,0.2255859375
38536,0.23046875
38537,0.216186523438
38538,0.224853515625
38539,0.209228515625
38540,0.207641601562
38541,0.246459960938
38542,0.247436523438
38543,0.140747070312
38544,0.141967773438
38545,0.1337890625
38546,0.149780273438
38547,0.141845703125
38548,0.144897460938
38549,0.0946044921875
38550,0.134887695312
38551,0.138061523438
38552,0.182250976562
38553,0.179931640625
38554,0.192260742188
38555,0.181396484375
38556,0.182006835938
38557,0.18994140625
38558,0.178344726562
38559,0.180053710938
38560,0.197509765625
38561,0.20361328125
38562,0.227294921875
38563,0.226928710938
38564,0.224365234375
38565,0.22314453125
38566,0.225341796875
38567,0.17919921875
38568,0.180786132812
38569,0.179443359375
38570,0.10107421875
38571,0.0985717773438
38572,0.100219726562
38573,0.0926513671875
38574,0.0971069335938
38575,0.174072265625
38576,0.195678710938
38577,0.193725585938
38578,0.2099609375
38579,0.151977539062
38580,0.211547851562
38581,0.209716796875
38582,0.209838867188
38583,0.210693359375
38584,0.182861328125
38585,0.164184570312
38586,0.15966796875
38587,0.213745117188
38588,0.20947265625
38589,0.218139648438
38590,0.2158203125
38591,0.208740234375
38592,0.237426757812
38593,0.233764648438
38594,0.230590820312
38595,0.229614257812
38596,0.227172851562
38597,0.233520507812
38598,0.257080078125
38599,0.249633789062
38600,0.2587890625
38601,0.243286132812
38602,0.225341796875
38603,0.238037109375
38604,0.24267578125
38605,0.238159179688
38606,0.22607421875
38607,0.250732421875
38608,0.26220703125
38609,0.257568359375
38610,0.102355957031
38611,0.107543945312
38612,0.160888671875
38613,0.100646972656
38614,0.146850585938
38615,0.186645507812
38616,0.190795898438
38617,0.206909179688
38618,0.22607421875
38619,0.215698242188
38620,0.216064453125
38621,0.212646484375
38622,0.117919921875
38623,0.107116699219
38624,0.1044921875
38625,0.1142578125
38626,0.111206054688
38627,0.107788085938
38628,0.0946655273438
38629,0.0974731445312
38630,0.0860595703125
38631,0.103515625
38632,0.10400390625
38633,0.08935546875
38634,0.0911254882812
38635,0.0950317382812
38636,0.0930786132812
38637,0.10498046875
38638,0.099609375
38639,0.103088378906
38640,0.128295898438
38641,0.1884765625
38642,0.18017578125
38643,0.174072265625
38644,0.220336914062
38645,0.209594726562
38646,0.207763671875
38647,0.207885742188
38648,0.205200195312
38649,0.204467773438
38650,0.209838867188
38651,0.214721679688
38652,0.225463867188
38653,0.218994140625
38654,0.216430664062
38655,0.220458984375
38656,0.222534179688
38657,0.217407226562
38658,0.233520507812
38659,0.239868164062
38660,0.232421875
38661,0.22998046875
38662,0.231811523438
38663,0.237670898438
38664,0.239379882812
38665,0.249633789062
38666,0.245849609375
38667,0.25537109375
38668,0.244873046875
38669,0.252685546875
38670,0.24755859375
38671,0.221435546875
38672,0.11181640625
38673,0.136108398438
38674,0.125610351562
38675,0.120239257812
38676,0.188110351562
38677,0.176391601562
38678,0.17236328125
38679,0.168090820312
38680,0.177001953125
38681,0.17333984375
38682,0.178344726562
38683,0.18115234375
38684,0.167846679688
38685,0.142822265625
38686,0.136596679688
38687,0.115173339844
38688,0.109680175781
38689,0.106506347656
38690,0.100402832031
38691,0.108093261719
38692,0.105163574219
38693,0.111267089844
38694,0.118835449219
38695,0.0962524414062
38696,0.0974731445312
38697,0.128051757812
38698,0.132934570312
38699,0.12890625
38700,0.129272460938
38701,0.13720703125
38702,0.170288085938
38703,0.164672851562
38704,0.13232421875
38705,0.13623046875
38706,0.140014648438
38707,0.136840820312
38708,0.109436035156
38709,0.109436035156
38710,0.113342285156
38711,0.177124023438
38712,0.1650390625
38713,0.1533203125
38714,0.155151367188
38715,0.158447265625
38716,0.147705078125
38717,0.129028320312
38718,0.19384765625
38719,0.105407714844
38720,0.139404296875
38721,0.139892578125
38722,0.167846679688
38723,0.1357421875
38724,0.1328125
38725,0.131225585938
38726,0.13330078125
38727,0.132568359375
38728,0.138549804688
38729,0.135864257812
38730,0.141845703125
38731,0.144409179688
38732,0.198120117188
38733,0.191650390625
38734,0.190673828125
38735,0.191284179688
38736,0.183227539062
38737,0.134643554688
38738,0.136108398438
38739,0.150390625
38740,0.1640625
38741,0.163940429688
38742,0.1494140625
38743,0.215209960938
38744,0.172119140625
38745,0.188354492188
38746,0.183715820312
38747,0.174438476562
38748,0.130859375
38749,0.216430664062
38750,0.195922851562
38751,0.196044921875
38752,0.196655273438
38753,0.19482421875
38754,0.21923828125
38755,0.25244140625
38756,0.229125976562
38757,0.228271484375
38758,0.231323242188
38759,0.23193359375
38760,0.241455078125
38761,0.242309570312
38762,0.243041992188
38763,0.244262695312
38764,0.24560546875
38765,0.239013671875
38766,0.2421875
38767,0.244384765625
38768,0.247680664062
38769,0.251708984375
38770,0.253662109375
38771,0.244750976562
38772,0.255859375
38773,0.259765625
38774,0.257568359375
38775,0.263916015625
38776,0.259521484375
38777,0.27099609375
38778,0.266845703125
38779,0.25830078125
38780,0.235595703125
38781,0.235595703125
38782,0.241455078125
38783,0.247192382812
38784,0.22900390625
38785,0.230102539062
38786,0.236450195312
38787,0.245361328125
38788,0.241455078125
38789,0.235595703125
38790,0.239624023438
38791,0.248779296875
38792,0.249633789062
38793,0.258544921875
38794,0.26025390625
38795,0.26025390625
38796,0.208862304688
38797,0.188232421875
38798,0.184326171875
38799,0.18310546875
38800,0.136352539062
38801,0.110290527344
38802,0.109497070312
38803,0.120239257812
38804,0.119750976562
38805,0.121826171875
38806,0.166015625
38807,0.166381835938
38808,0.154907226562
38809,0.15234375
38810,0.142944335938
38811,0.14208984375
38812,0.133178710938
38813,0.136840820312
38814,0.130615234375
38815,0.107055664062
38816,0.124755859375
38817,0.126586914062
38818,0.124328613281
38819,0.161010742188
38820,0.160400390625
38821,0.168334960938
38822,0.169677734375
38823,0.13623046875
38824,0.129028320312
38825,0.121520996094
38826,0.123901367188
38827,0.123413085938
38828,0.1318359375
38829,0.108642578125
38830,0.103698730469
38831,0.101623535156
38832,0.101745605469
38833,0.108154296875
38834,0.124938964844
38835,0.121643066406
38836,0.120178222656
38837,0.129516601562
38838,0.13427734375
38839,0.124755859375
38840,0.124694824219
38841,0.143798828125
38842,0.142944335938
38843,0.186889648438
38844,0.187866210938
38845,0.130859375
38846,0.135498046875
38847,0.15283203125
38848,0.133544921875
38849,0.135009765625
38850,0.12255859375
38851,0.12744140625
38852,0.128051757812
38853,0.126708984375
38854,0.1376953125
38855,0.154418945312
38856,0.193481445312
38857,0.17236328125
38858,0.171997070312
38859,0.183471679688
38860,0.207641601562
38861,0.207885742188
38862,0.197143554688
38863,0.191284179688
38864,0.198120117188
38865,0.201293945312
38866,0.202392578125
38867,0.119812011719
38868,0.165283203125
38869,0.1962890625
38870,0.199951171875
38871,0.215087890625
38872,0.215576171875
38873,0.21630859375
38874,0.223022460938
38875,0.22216796875
38876,0.227172851562
38877,0.215087890625
38878,0.22802734375
38879,0.2109375
38880,0.210205078125
38881,0.219970703125
38882,0.2119140625
38883,0.205200195312
38884,0.175659179688
38885,0.179931640625
38886,0.215698242188
38887,0.225952148438
38888,0.226196289062
38889,0.234008789062
38890,0.230590820312
38891,0.201049804688
38892,0.203247070312
38893,0.229858398438
38894,0.226928710938
38895,0.220825195312
38896,0.2099609375
38897,0.217529296875
38898,0.225341796875
38899,0.216674804688
38900,0.234375
38901,0.234741210938
38902,0.236694335938
38903,0.146728515625
38904,0.15234375
38905,0.15966796875
38906,0.160278320312
38907,0.227783203125
38908,0.240844726562
38909,0.239013671875
38910,0.1220703125
38911,0.0967407226562
38912,0.107788085938
38913,0.09619140625
38914,0.0953369140625
38915,0.0961303710938
38916,0.095947265625
38917,0.117248535156
38918,0.123474121094
38919,0.121704101562
38920,0.112976074219
38921,0.104736328125
38922,0.115539550781
38923,0.135986328125
38924,0.141723632812
38925,0.149169921875
38926,0.149169921875
38927,0.129150390625
38928,0.132080078125
38929,0.126953125
38930,0.150756835938
38931,0.150756835938
38932,0.147583007812
38933,0.1572265625
38934,0.163330078125
38935,0.164306640625
38936,0.149658203125
38937,0.16845703125
38938,0.154541015625
38939,0.175415039062
38940,0.179321289062
38941,0.193969726562
38942,0.193603515625
38943,0.189697265625
38944,0.177734375
38945,0.160400390625
38946,0.16552734375
38947,0.170288085938
38948,0.172119140625
38949,0.170776367188
38950,0.17041015625
38951,0.169555664062
38952,0.166381835938
38953,0.185791015625
38954,0.177368164062
38955,0.18603515625
38956,0.181518554688
38957,0.17822265625
38958,0.178588867188
38959,0.0968627929688
38960,0.097900390625
38961,0.100463867188
38962,0.0892944335938
38963,0.0968017578125
38964,0.109558105469
38965,0.19140625
38966,0.184936523438
38967,0.108459472656
38968,0.113403320312
38969,0.111389160156
38970,0.119506835938
38971,0.198974609375
38972,0.117553710938
38973,0.11083984375
38974,0.155151367188
38975,0.164428710938
38976,0.157470703125
38977,0.161987304688
38978,0.165161132812
38979,0.14697265625
38980,0.1494140625
38981,0.152099609375
38982,0.12255859375
38983,0.122924804688
38984,0.116455078125
38985,0.181762695312
38986,0.200317382812
38987,0.164306640625
38988,0.164916992188
38989,0.16650390625
38990,0.145629882812
38991,0.145141601562
38992,0.162353515625
38993,0.156616210938
38994,0.16259765625
38995,0.163452148438
38996,0.205932617188
38997,0.2138671875
38998,0.217651367188
38999,0.194091796875
39000,0.187255859375
39001,0.165893554688
39002,0.165893554688
39003,0.18603515625
39004,0.177734375
39005,0.158935546875
39006,0.140380859375
39007,0.203125
39008,0.19775390625
39009,0.22802734375
39010,0.222290039062
39011,0.211791992188
39012,0.236328125
39013,0.254638671875
39014,0.159301757812
39015,0.13623046875
39016,0.128662109375
39017,0.0911865234375
39018,0.092041015625
39019,0.0916137695312
39020,0.0985107421875
39021,0.0922241210938
39022,0.0895385742188
39023,0.093505859375
39024,0.131103515625
39025,0.126953125
39026,0.133056640625
39027,0.12890625
39028,0.124267578125
39029,0.127197265625
39030,0.16943359375
39031,0.122009277344
39032,0.1904296875
39033,0.227905273438
39034,0.244262695312
39035,0.266845703125
39036,0.244995117188
39037,0.257080078125
39038,0.246948242188
39039,0.247436523438
39040,0.244995117188
39041,0.249145507812
39042,0.246215820312
39043,0.240844726562
39044,0.242797851562
39045,0.25341796875
39046,0.255126953125
39047,0.271240234375
39048,0.2724609375
39049,0.294921875
39050,0.278076171875
39051,0.27734375
39052,0.277587890625
39053,0.2861328125
39054,0.256103515625
39055,0.236450195312
39056,0.26123046875
39057,0.2666015625
39058,0.277099609375
39059,0.234375
39060,0.172973632812
39061,0.192504882812
39062,0.103149414062
39063,0.106140136719
39064,0.111999511719
39065,0.114074707031
39066,0.100524902344
39067,0.08642578125
39068,0.0867919921875
39069,0.114990234375
39070,0.116149902344
39071,0.118225097656
39072,0.13916015625
39073,0.137329101562
39074,0.156494140625
39075,0.154663085938
39076,0.124206542969
39077,0.122741699219
39078,0.125610351562
39079,0.129638671875
39080,0.15234375
39081,0.15478515625
39082,0.165771484375
39083,0.163818359375
39084,0.16796875
39085,0.168334960938
39086,0.162841796875
39087,0.157348632812
39088,0.11767578125
39089,0.134765625
39090,0.125122070312
39091,0.127685546875
39092,0.136596679688
39093,0.140747070312
39094,0.136840820312
39095,0.1318359375
39096,0.124816894531
39097,0.138427734375
39098,0.140258789062
39099,0.13037109375
39100,0.129760742188
39101,0.135375976562
39102,0.113891601562
39104,0.120788574219
39105,0.114440917969
39106,0.143432617188
39107,0.126220703125
39108,0.119262695312
39109,0.130004882812
39110,0.129638671875
39111,0.135986328125
39112,0.139526367188
39113,0.113586425781
39114,0.132934570312
39115,0.124755859375
39116,0.119079589844
39117,0.125366210938
39118,0.124084472656
39119,0.152221679688
39120,0.142333984375
39121,0.139770507812
39122,0.139404296875
39123,0.147094726562
39124,0.119506835938
39125,0.1171875
39126,0.115356445312
39127,0.119140625
39128,0.147583007812
39129,0.1494140625
39130,0.140747070312
39131,0.106323242188
39132,0.125122070312
39133,0.12158203125
39134,0.117248535156
39135,0.162719726562
39136,0.166015625
39137,0.215698242188
39138,0.209716796875
39139,0.155639648438
39140,0.22412109375
39141,0.209350585938
39142,0.207763671875
39143,0.20458984375
39144,0.199096679688
39145,0.213989257812
39146,0.228881835938
39147,0.230224609375
39148,0.21533203125
39149,0.125732421875
39150,0.125
39151,0.189819335938
39152,0.176025390625
39153,0.176635742188
39154,0.174194335938
39155,0.175659179688
39156,0.170288085938
39157,0.17041015625
39158,0.214477539062
39159,0.210327148438
39160,0.21435546875
39161,0.21533203125
39162,0.223754882812
39163,0.232543945312
39164,0.2314453125
39165,0.142578125
39166,0.0977172851562
39167,0.0924072265625
39168,0.0765380859375
39169,0.0819091796875
39170,0.0904541015625
39171,0.114685058594
39172,0.113708496094
39173,0.119567871094
39174,0.115112304688
39175,0.124572753906
39176,0.128051757812
39177,0.125854492188
39178,0.134765625
39179,0.150146484375
39180,0.13232421875
39181,0.129028320312
39182,0.186889648438
39183,0.221069335938
39184,0.2177734375
39185,0.216918945312
39186,0.217163085938
39187,0.222290039062
39188,0.2470703125
39189,0.228149414062
39190,0.23046875
39191,0.226440429688
39192,0.229370117188
39193,0.230346679688
39194,0.263671875
39195,0.245727539062
39196,0.25634765625
39197,0.194091796875
39198,0.226318359375
39199,0.253662109375
39200,0.237548828125
39201,0.24951171875
39202,0.248291015625
39203,0.1416015625
39204,0.121215820312
39205,0.146728515625
39206,0.154174804688
39207,0.138427734375
39208,0.148681640625
39209,0.190795898438
39210,0.176025390625
39211,0.175415039062
39212,0.184326171875
39213,0.1923828125
39214,0.198364257812
39215,0.200439453125
39216,0.216674804688
39217,0.224609375
39218,0.200927734375
39219,0.118286132812
39220,0.119934082031
39221,0.200317382812
39222,0.195922851562
39223,0.22314453125
39224,0.25830078125
39225,0.270263671875
39226,0.241943359375
39227,0.178833007812
39228,0.176635742188
39229,0.17333984375
39230,0.0985717773438
39231,0.0941162109375
39232,0.192016601562
39233,0.183227539062
39234,0.18505859375
39235,0.170288085938
39236,0.178100585938
39237,0.177368164062
39238,0.177856445312
39239,0.202758789062
39240,0.189331054688
39241,0.189208984375
39242,0.195190429688
39243,0.215454101562
39244,0.25244140625
39245,0.249633789062
39246,0.248046875
39247,0.253173828125
39248,0.257568359375
39249,0.27001953125
39250,0.131469726562
39251,0.122619628906
39252,0.12060546875
39253,0.12744140625
39254,0.127197265625
39255,0.173828125
39256,0.167602539062
39257,0.187255859375
39258,0.177978515625
39259,0.17529296875
39260,0.239013671875
39261,0.236328125
39262,0.255859375
39263,0.161010742188
39264,0.1337890625
39265,0.188598632812
39266,0.243530273438
39267,0.218627929688
39268,0.233032226562
39269,0.214965820312
39270,0.217407226562
39271,0.23779296875
39272,0.278076171875
39273,0.29052734375
39274,0.258544921875
39275,0.271484375
39276,0.246215820312
39277,0.252685546875
39278,0.254638671875
39279,0.265625
39280,0.27001953125
39281,0.257568359375
39282,0.283935546875
39283,0.2802734375
39284,0.293212890625
39285,0.28515625
39286,0.11279296875
39287,0.107360839844
39288,0.110900878906
39289,0.109497070312
39290,0.106628417969
39291,0.197998046875
39292,0.19677734375
39293,0.217041015625
39294,0.2529296875
39295,0.247802734375
39296,0.233520507812
39297,0.24365234375
39298,0.256103515625
39299,0.248413085938
39300,0.244262695312
39301,0.2548828125
39302,0.25830078125
39303,0.25537109375
39304,0.272705078125
39305,0.264404296875
39306,0.156616210938
39307,0.147094726562
39308,0.143920898438
39309,0.147827148438
39310,0.15234375
39311,0.223022460938
39312,0.22265625
39313,0.263916015625
39314,0.2685546875
39315,0.247924804688
39316,0.237182617188
39317,0.231323242188
39318,0.253662109375
39319,0.25390625
39320,0.248168945312
39321,0.251953125
39322,0.24072265625
39323,0.246337890625
39324,0.249267578125
39325,0.26123046875
39326,0.249145507812
39327,0.192993164062
39328,0.196044921875
39329,0.18798828125
39330,0.138549804688
39331,0.216064453125
39332,0.222412109375
39333,0.21044921875
39334,0.110046386719
39335,0.109619140625
39336,0.111755371094
39337,0.141357421875
39338,0.135009765625
39339,0.189086914062
39340,0.104736328125
39341,0.106628417969
39342,0.117431640625
39343,0.104858398438
39344,0.101623535156
39345,0.108642578125
39346,0.171508789062
39347,0.1533203125
39348,0.191528320312
39349,0.217407226562
39350,0.251708984375
39351,0.20166015625
39352,0.204345703125
39353,0.195068359375
39354,0.200439453125
39355,0.200317382812
39356,0.173461914062
39357,0.184692382812
39358,0.17138671875
39359,0.174072265625
39360,0.17919921875
39361,0.190795898438
39362,0.115234375
39363,0.119079589844
39364,0.125244140625
39365,0.125732421875
39366,0.12548828125
39367,0.115234375
39368,0.109558105469
39369,0.116333007812
39370,0.116516113281
39371,0.118286132812
39372,0.1416015625
39373,0.135498046875
39374,0.141357421875
39375,0.119323730469
39376,0.117797851562
39377,0.12353515625
39378,0.144897460938
39379,0.144409179688
39380,0.182983398438
39381,0.174072265625
39382,0.176513671875
39383,0.12744140625
39384,0.129516601562
39385,0.135131835938
39386,0.14013671875
39387,0.130493164062
39388,0.13671875
39389,0.175659179688
39390,0.166137695312
39391,0.163452148438
39392,0.149780273438
39393,0.14697265625
39394,0.166015625
39395,0.1650390625
39396,0.173828125
39397,0.173828125
39398,0.16455078125
39399,0.146850585938
39400,0.147827148438
39401,0.145629882812
39402,0.154418945312
39403,0.169677734375
39404,0.120849609375
39405,0.1201171875
39406,0.14892578125
39407,0.135986328125
39408,0.1318359375
39409,0.1279296875
39410,0.1337890625
39411,0.129760742188
39412,0.134033203125
39413,0.12646484375
39414,0.151611328125
39415,0.141845703125
39416,0.117370605469
39417,0.119323730469
39418,0.146362304688
39419,0.133666992188
39420,0.190673828125
39421,0.180908203125
39422,0.2041015625
39423,0.245483398438
39424,0.207397460938
39425,0.239990234375
39426,0.230102539062
39427,0.218139648438
39428,0.223754882812
39429,0.224487304688
39430,0.22216796875
39431,0.229858398438
39432,0.233764648438
39433,0.232055664062
39434,0.220336914062
39435,0.219482421875
39436,0.220092773438
39437,0.165893554688
39438,0.180053710938
39439,0.178955078125
39440,0.105285644531
39441,0.0978393554688
39442,0.09912109375
39443,0.096923828125
39444,0.0908203125
39445,0.0924072265625
39446,0.110473632812
39447,0.110290527344
39448,0.105651855469
39449,0.113952636719
39450,0.167236328125
39451,0.15869140625
39452,0.164184570312
39453,0.163696289062
39454,0.166381835938
39455,0.146728515625
39456,0.166381835938
39457,0.169555664062
39458,0.182250976562
39459,0.1845703125
39460,0.218872070312
39461,0.244750976562
39462,0.232055664062
39463,0.214721679688
39464,0.219848632812
39465,0.220947265625
39466,0.214721679688
39467,0.21826171875
39468,0.205322265625
39469,0.17333984375
39470,0.205810546875
39471,0.237182617188
39472,0.220581054688
39473,0.236450195312
39474,0.237182617188
39475,0.138061523438
39476,0.13330078125
39477,0.145385742188
39478,0.15234375
39479,0.15576171875
39480,0.203247070312
39481,0.25537109375
39482,0.247680664062
39483,0.242309570312
39484,0.2099609375
39485,0.216918945312
39486,0.21826171875
39487,0.216918945312
39488,0.2626953125
39489,0.28271484375
39490,0.251220703125
39491,0.247314453125
39492,0.2294921875
39493,0.24267578125
39494,0.25830078125
39495,0.256591796875
39496,0.232788085938
39497,0.2314453125
39498,0.183227539062
39499,0.18701171875
39500,0.198486328125
39501,0.197265625
39502,0.196899414062
39503,0.206420898438
39504,0.197021484375
39505,0.180297851562
39506,0.1435546875
39507,0.199829101562
39508,0.201416015625
39509,0.244140625
39510,0.226806640625
39511,0.26171875
39512,0.251953125
39513,0.26904296875
39514,0.2685546875
39515,0.263671875
39516,0.260009765625
39517,0.258056640625
39518,0.247192382812
39519,0.239135742188
39520,0.254638671875
39521,0.254150390625
39522,0.259765625
39523,0.26416015625
39524,0.27783203125
39525,0.28173828125
39526,0.276123046875
39527,0.285400390625
39528,0.28515625
39529,0.243041992188
39530,0.234741210938
39531,0.24365234375
39532,0.246215820312
39533,0.192504882812
39534,0.206787109375
39535,0.21435546875
39536,0.2158203125
39537,0.203735351562
39538,0.204345703125
39539,0.14794921875
39540,0.140747070312
39541,0.142578125
39542,0.143676757812
39543,0.15283203125
39544,0.160400390625
39545,0.16015625
39546,0.159545898438
39547,0.138793945312
39548,0.141723632812
39549,0.143432617188
39550,0.142456054688
39551,0.145874023438
39552,0.160522460938
39553,0.169677734375
39554,0.170654296875
39555,0.171020507812
39556,0.112121582031
39557,0.18603515625
39558,0.124267578125
39559,0.183471679688
39560,0.181518554688
39561,0.171630859375
39562,0.16015625
39563,0.163818359375
39564,0.172729492188
39565,0.175415039062
39566,0.180419921875
39567,0.207885742188
39568,0.210693359375
39569,0.2099609375
39570,0.234497070312
39571,0.234619140625
39572,0.244140625
39573,0.240478515625
39574,0.237915039062
39575,0.235473632812
39576,0.2265625
39577,0.223388671875
39578,0.22509765625
39579,0.22412109375
39580,0.218994140625
39581,0.225708007812
39582,0.22998046875
39583,0.23828125
39584,0.24560546875
39585,0.230224609375
39586,0.22509765625
39587,0.106079101562
39588,0.109741210938
39589,0.117553710938
39590,0.142333984375
39591,0.137817382812
39592,0.138061523438
39593,0.127197265625
39594,0.13037109375
39595,0.151245117188
39596,0.160034179688
39597,0.15966796875
39598,0.163330078125
39599,0.20947265625
39600,0.220581054688
39601,0.126220703125
39602,0.130615234375
39603,0.137084960938
39604,0.145263671875
39605,0.139282226562
39606,0.128295898438
39607,0.121643066406
39608,0.119567871094
39609,0.120483398438
39610,0.194946289062
39611,0.189819335938
39612,0.215209960938
39613,0.21630859375
39614,0.265869140625
39615,0.122802734375
39616,0.206420898438
39617,0.170532226562
39618,0.171508789062
39619,0.14013671875
39620,0.136596679688
39621,0.129638671875
39622,0.174682617188
39623,0.17138671875
39624,0.177978515625
39625,0.185302734375
39626,0.182006835938
39627,0.229614257812
39628,0.219360351562
39629,0.211059570312
39630,0.214965820312
39631,0.21484375
39632,0.21337890625
39633,0.215942382812
39634,0.2099609375
39635,0.210693359375
39636,0.213500976562
39637,0.206665039062
39638,0.200805664062
39639,0.206420898438
39640,0.203002929688
39641,0.19921875
39642,0.176879882812
39643,0.186279296875
39644,0.195190429688
39645,0.191772460938
39646,0.178833007812
39647,0.186401367188
39648,0.184814453125
39649,0.19140625
39650,0.167114257812
39651,0.189331054688
39652,0.1962890625
39653,0.199096679688
39654,0.20263671875
39655,0.220825195312
39656,0.218994140625
39657,0.228271484375
39658,0.23974609375
39659,0.2451171875
39660,0.26123046875
39661,0.259765625
39662,0.25634765625
39663,0.260498046875
39664,0.253173828125
39665,0.253173828125
39666,0.220947265625
39667,0.23046875
39668,0.232421875
39669,0.213012695312
39670,0.214233398438
39671,0.217529296875
39672,0.217895507812
39673,0.25244140625
39674,0.25390625
39675,0.266357421875
39676,0.2666015625
39677,0.2646484375
39678,0.26025390625
39679,0.273193359375
39680,0.260986328125
39681,0.26611328125
39682,0.263916015625
39683,0.161743164062
39684,0.156005859375
39685,0.147583007812
39686,0.155883789062
39687,0.15771484375
39688,0.210693359375
39689,0.203247070312
39690,0.20947265625
39691,0.220092773438
39692,0.213623046875
39693,0.222534179688
39694,0.221435546875
39695,0.229858398438
39696,0.1904296875
39697,0.1865234375
39698,0.167236328125
39699,0.170532226562
39700,0.160766601562
39701,0.164306640625
39702,0.171264648438
39703,0.171508789062
39704,0.153442382812
39705,0.158081054688
39706,0.167358398438
39707,0.179443359375
39708,0.17041015625
39709,0.171020507812
39710,0.156127929688
39711,0.15625
39712,0.162231445312
39713,0.171264648438
39714,0.227905273438
39715,0.211669921875
39716,0.208129882812
39717,0.20556640625
39718,0.195190429688
39719,0.195190429688
39720,0.196044921875
39721,0.191528320312
39722,0.228515625
39723,0.227416992188
39724,0.251708984375
39725,0.244018554688
39726,0.241333007812
39727,0.238525390625
39728,0.245971679688
39729,0.243530273438
39730,0.2373046875
39731,0.25146484375
39732,0.253173828125
39733,0.114990234375
39734,0.116149902344
39735,0.151123046875
39736,0.147583007812
39737,0.178955078125
39738,0.15625
39739,0.151733398438
39740,0.176879882812
39741,0.166748046875
39742,0.166625976562
39743,0.175903320312
39744,0.175903320312
39745,0.17041015625
39746,0.223388671875
39747,0.2099609375
39748,0.106872558594
39749,0.113098144531
39750,0.105346679688
39751,0.103576660156
39752,0.14306640625
39753,0.16943359375
39754,0.216430664062
39755,0.200561523438
39756,0.202392578125
39757,0.201171875
39758,0.197631835938
39759,0.189453125
39760,0.197021484375
39761,0.193237304688
39762,0.197875976562
39763,0.198608398438
39764,0.197021484375
39765,0.207275390625
39766,0.1875
39767,0.191650390625
39768,0.194213867188
39769,0.193725585938
39770,0.201049804688
39771,0.190551757812
39772,0.136596679688
39773,0.141845703125
39774,0.143432617188
39775,0.139526367188
39776,0.183959960938
39777,0.142700195312
39778,0.14013671875
39779,0.13232421875
39780,0.119567871094
39781,0.125610351562
39782,0.127075195312
39783,0.12890625
39784,0.144897460938
39785,0.138061523438
39786,0.187255859375
39787,0.181030273438
39788,0.173950195312
39789,0.171020507812
39790,0.164794921875
39791,0.172729492188
39792,0.183349609375
39793,0.164306640625
39794,0.172607421875
39795,0.171508789062
39796,0.2177734375
39797,0.223266601562
39798,0.22509765625
39799,0.205078125
39800,0.20947265625
39801,0.2216796875
39802,0.221313476562
39803,0.217895507812
39804,0.216796875
39805,0.225463867188
39806,0.207153320312
39807,0.247680664062
39808,0.243408203125
39809,0.234130859375
39810,0.24755859375
39811,0.264892578125
39812,0.253173828125
39813,0.2509765625
39814,0.2568359375
39815,0.25537109375
39816,0.253662109375
39817,0.25439453125
39818,0.2578125
39819,0.25048828125
39820,0.25390625
39821,0.240600585938
39822,0.2568359375
39823,0.26171875
39824,0.262939453125
39825,0.250732421875
39826,0.2529296875
39827,0.261474609375
39828,0.258544921875
39829,0.255859375
39830,0.26025390625
39831,0.2587890625
39832,0.262451171875
39833,0.272216796875
39834,0.14208984375
39835,0.185302734375
39836,0.1796875
39837,0.182495117188
39838,0.18701171875
39839,0.21044921875
39840,0.187866210938
39841,0.175048828125
39842,0.181762695312
39843,0.174438476562
39844,0.175170898438
39845,0.221069335938
39846,0.215087890625
39847,0.219848632812
39848,0.211059570312
39849,0.215698242188
39850,0.220336914062
39851,0.2236328125
39852,0.217651367188
39853,0.14892578125
39854,0.149536132812
39855,0.211059570312
39856,0.209228515625
39857,0.201049804688
39858,0.209838867188
39859,0.218139648438
39860,0.24169921875
39861,0.159057617188
39862,0.162353515625
39863,0.141845703125
39864,0.140625
39865,0.156372070312
39866,0.0888671875
39867,0.134643554688
39868,0.137817382812
39869,0.136596679688
39870,0.146606445312
39871,0.1494140625
39872,0.151733398438
39873,0.166381835938
39874,0.170776367188
39875,0.156372070312
39876,0.164672851562
39877,0.166870117188
39878,0.1640625
39879,0.165161132812
39880,0.196533203125
39881,0.121887207031
76637,0.133911132812
76638,0.128784179688
76640,0.128173828125
76641,0.136474609375
76642,0.149291992188
76643,0.129516601562
76644,0.131225585938
76645,0.105895996094
76646,0.102355957031
76647,0.108459472656
76648,0.122924804688
76649,0.121337890625
76650,0.123352050781
76651,0.108032226562
76652,0.109130859375
76653,0.126098632812
76654,0.12939453125
76655,0.136596679688
76656,0.131958007812
76657,0.140014648438
76658,0.148071289062
76659,0.136596679688
76660,0.134887695312
76661,0.12841796875
76662,0.130737304688
76663,0.128051757812
76664,0.130859375
76665,0.130981445312
76666,0.13134765625
76667,0.134765625
76668,0.135009765625
76669,0.128295898438
76670,0.130493164062
76671,0.133178710938
76672,0.131591796875
76673,0.132690429688
76674,0.12841796875
76675,0.1396484375
76676,0.159057617188
76677,0.162963867188
76678,0.160522460938
76679,0.137573242188
76680,0.14306640625
76681,0.13720703125
76682,0.123779296875
76683,0.126220703125
76684,0.127319335938
76685,0.115356445312
76686,0.124633789062
76687,0.138671875
76688,0.138916015625
76689,0.127807617188
76690,0.12890625
76691,0.0964965820312
76692,0.0983276367188
76693,0.101501464844
76694,0.102111816406
76695,0.095458984375
76696,0.09619140625
76697,0.1044921875
76698,0.104858398438
76699,0.103393554688
76700,0.113525390625
76701,0.08642578125
76702,0.0890502929688
76703,0.0892944335938
76704,0.0977783203125
76705,0.0938720703125
76706,0.0932006835938
76707,0.103454589844
76708,0.0984497070312
76709,0.0994262695312
76710,0.0945434570312
76711,0.0941772460938
76712,0.0970458984375
76713,0.1005859375
76714,0.096435546875
76715,0.0957641601562
76716,0.0997924804688
76717,0.0979614257812
76718,0.124084472656
76719,0.11474609375
76720,0.112426757812
76721,0.104919433594
76722,0.105346679688
76723,0.140747070312
76724,0.138427734375
76725,0.139404296875
76726,0.142456054688
76727,0.143310546875
76728,0.143310546875
76729,0.123779296875
76730,0.123352050781
76731,0.126953125
76732,0.127319335938
76733,0.128540039062
76734,0.122009277344
76735,0.128173828125
76736,0.12744140625
76737,0.123168945312
76738,0.122436523438
76739,0.131103515625
76740,0.132080078125
76741,0.132690429688
76742,0.141357421875
76743,0.13427734375
76744,0.134155273438
76745,0.134399414062
76746,0.1376953125
76747,0.140625
76748,0.125610351562
76749,0.128173828125
76750,0.120666503906
76751,0.128173828125
76752,0.12939453125
76753,0.130249023438
76754,0.131225585938
76755,0.130004882812
76756,0.129028320312
76757,0.135620117188
76758,0.155395507812
76759,0.153198242188
76760,0.161499023438
76761,0.128540039062
76762,0.132446289062
76763,0.13427734375
76764,0.139282226562
76765,0.131713867188
76766,0.131958007812
76767,0.18603515625
76768,0.183715820312
76769,0.186401367188
76770,0.173706054688
76771,0.180786132812
76772,0.181640625
76773,0.18310546875
76774,0.17822265625
76775,0.178344726562
76776,0.184448242188
76777,0.191528320312
76778,0.198120117188
76779,0.193725585938
76780,0.173461914062
76781,0.182983398438
76782,0.17333984375
76783,0.175903320312
76784,0.172729492188
76785,0.173583984375
76786,0.171142578125
76787,0.178100585938
76788,0.176391601562
76789,0.219970703125
76790,0.224243164062
76791,0.223510742188
76792,0.188232421875
76793,0.18701171875
76794,0.148681640625
76795,0.156372070312
76796,0.154418945312
76797,0.158325195312
76798,0.15478515625
76799,0.156616210938
76800,0.192749023438
76801,0.192138671875
76802,0.193237304688
76803,0.194702148438
76804,0.1953125
76805,0.192626953125
76806,0.215576171875
76807,0.213256835938
76808,0.21533203125
76809,0.22021484375
76810,0.242797851562
76811,0.2451171875
76812,0.245239257812
76813,0.243408203125
76814,0.23486328125
76815,0.219482421875
76816,0.229370117188
76817,0.224731445312
76818,0.217529296875
76819,0.218505859375
76820,0.222412109375
76821,0.206909179688
76822,0.197875976562
76823,0.191772460938
76824,0.197875976562
76825,0.197998046875
76826,0.208129882812
76827,0.197998046875
76828,0.168090820312
76829,0.145629882812
76830,0.105407714844
76831,0.112365722656
76832,0.108093261719
76833,0.111938476562
76834,0.113647460938
76835,0.123291015625
76836,0.133178710938
76837,0.127319335938
76838,0.128173828125
76839,0.127197265625
76840,0.126831054688
76841,0.167236328125
76842,0.169067382812
76843,0.173095703125
76844,0.1689453125
76845,0.169311523438
76846,0.170288085938
76847,0.172119140625
76848,0.171020507812
76849,0.188232421875
76850,0.187744140625
76851,0.1708984375
76852,0.168090820312
76853,0.16943359375
76854,0.169189453125
76855,0.172119140625
76856,0.132446289062
76857,0.129150390625
76858,0.129150390625
76859,0.128784179688
76860,0.122192382812
76861,0.125366210938
76862,0.132080078125
76863,0.129516601562
76864,0.122009277344
76865,0.125244140625
76866,0.130737304688
76867,0.132080078125
76868,0.131469726562
76869,0.130126953125
76870,0.127563476562
76871,0.124694824219
76872,0.136474609375
76873,0.143676757812
76874,0.145263671875
76875,0.147338867188
76876,0.148071289062
76877,0.143798828125
76878,0.167358398438
76879,0.163208007812
76880,0.16845703125
76881,0.167602539062
76882,0.166625976562
76883,0.166015625
76884,0.17041015625
76885,0.181274414062
76886,0.148193359375
76887,0.151611328125
76888,0.148193359375
76889,0.16064453125
76890,0.154541015625
76891,0.14697265625
76892,0.140502929688
76893,0.18603515625
76894,0.186889648438
76895,0.200317382812
76896,0.207153320312
76897,0.209838867188
76898,0.204711914062
76899,0.2021484375
76900,0.197021484375
76901,0.116516113281
76902,0.117736816406
76903,0.119995117188
76904,0.105346679688
76905,0.113586425781
76906,0.191162109375
76907,0.18603515625
76908,0.186157226562
76909,0.193725585938
76910,0.194091796875
76911,0.19384765625
76912,0.19091796875
76913,0.178955078125
76914,0.180541992188
76915,0.183837890625
76916,0.155639648438
76917,0.159301757812
76918,0.169555664062
76919,0.146728515625
76920,0.158203125
76921,0.167846679688
76922,0.171875
76923,0.176391601562
76924,0.171020507812
76925,0.175537109375
76926,0.17578125
76927,0.2265625
76928,0.181274414062
76929,0.175415039062
76930,0.17626953125
76931,0.17626953125
76932,0.1865234375
76933,0.193603515625
76934,0.192626953125
76935,0.136962890625
76936,0.131225585938
76937,0.128540039062
76938,0.130004882812
76939,0.123718261719
76940,0.147705078125
76941,0.151733398438
76942,0.152587890625
76943,0.147583007812
76944,0.147094726562
76945,0.1474609375
76946,0.135986328125
76947,0.145874023438
76948,0.118408203125
76949,0.1181640625
76950,0.12646484375
76951,0.131469726562
76952,0.130249023438
76953,0.11181640625
76954,0.115356445312
76955,0.140014648438
76956,0.143310546875
76957,0.166015625
76958,0.154663085938
76959,0.1416015625
76960,0.180297851562
76961,0.166259765625
76962,0.166015625
76963,0.177124023438
76964,0.154907226562
76965,0.153564453125
76966,0.156616210938
76967,0.187133789062
76968,0.188110351562
76969,0.101318359375
76970,0.105529785156
76971,0.099365234375
76972,0.107421875
76973,0.10888671875
76974,0.110961914062
76975,0.108276367188
76976,0.11328125
76977,0.111022949219
76978,0.11328125
76979,0.120910644531
76980,0.115539550781
76981,0.109985351562
76982,0.117370605469
76983,0.119873046875
76984,0.106384277344
76985,0.118713378906
76986,0.125
76987,0.125732421875
76988,0.157348632812
76989,0.153198242188
76990,0.171630859375
76991,0.167602539062
76992,0.166381835938
76993,0.161254882812
76994,0.162719726562
76995,0.16162109375
76996,0.158325195312
76997,0.200439453125
76998,0.206787109375
76999,0.228759765625
77000,0.147583007812
77001,0.143920898438
77002,0.137451171875
77003,0.124572753906
77004,0.133544921875
77005,0.149169921875
77006,0.131591796875
77007,0.136474609375
77008,0.140380859375
77009,0.148315429688
77010,0.142944335938
77011,0.139038085938
77012,0.137573242188
77013,0.13916015625
77014,0.142211914062
77015,0.142211914062
77016,0.141723632812
77017,0.137084960938
77018,0.140502929688
77019,0.136962890625
77020,0.139282226562
77021,0.130249023438
77022,0.134155273438
77023,0.130493164062
77024,0.116394042969
77025,0.114196777344
77026,0.107604980469
77027,0.117370605469
77028,0.122863769531
77029,0.123779296875
77030,0.138427734375
77031,0.159545898438
77032,0.155029296875
77033,0.165161132812
77034,0.173950195312
77035,0.16162109375
77036,0.167114257812
77037,0.159423828125
77038,0.1640625
77039,0.141357421875
77040,0.14404296875
77041,0.125854492188
77042,0.12744140625
77043,0.138793945312
77044,0.152587890625
77045,0.155883789062
77046,0.160400390625
77047,0.145629882812
77048,0.185302734375
77049,0.17529296875
77050,0.206787109375
77051,0.1943359375
77052,0.19677734375
77053,0.1982421875
77054,0.203125
77055,0.20703125
77056,0.201538085938
77057,0.205078125
77058,0.203491210938
77059,0.162963867188
77060,0.1630859375
77061,0.162109375
77062,0.165893554688
77063,0.166870117188
77064,0.141479492188
77065,0.147338867188
77066,0.12646484375
77067,0.129150390625
77068,0.130615234375
77069,0.130249023438
77070,0.116455078125
77071,0.128662109375
77072,0.12646484375
77073,0.127807617188
77074,0.115295410156
77075,0.115478515625
77076,0.114196777344
77077,0.129272460938
77078,0.131225585938
77079,0.135009765625
77080,0.131469726562
77081,0.131958007812
77082,0.1376953125
77083,0.1328125
77084,0.130859375
77085,0.129272460938
77086,0.137084960938
77087,0.142822265625
77088,0.158081054688
77089,0.145263671875
77090,0.1865234375
77091,0.176147460938
77092,0.18017578125
77093,0.17578125
77094,0.183349609375
77095,0.181274414062
77096,0.181030273438
77097,0.186767578125
77098,0.184448242188
77099,0.158935546875
77100,0.169189453125
77101,0.151977539062
77102,0.148315429688
77103,0.165405273438
77104,0.167236328125
77105,0.167846679688
77106,0.156494140625
77107,0.15576171875
77108,0.1455078125
77109,0.145629882812
77110,0.150390625
77111,0.149658203125
77112,0.15380859375
77113,0.145629882812
77114,0.14501953125
77115,0.15966796875
77116,0.195556640625
77117,0.182250976562
77118,0.186767578125
77119,0.189453125
77120,0.182739257812
77121,0.184814453125
77122,0.194213867188
77123,0.182006835938
77124,0.171997070312
77125,0.176391601562
77126,0.165161132812
77127,0.165649414062
77128,0.172485351562
77129,0.170776367188
77130,0.174438476562
77131,0.171508789062
77132,0.166625976562
77133,0.169921875
77134,0.163940429688
77135,0.163818359375
77136,0.174194335938
77137,0.171630859375
77138,0.176635742188
77139,0.17236328125
77140,0.17529296875
77141,0.179321289062
77142,0.1787109375
77143,0.1689453125
77144,0.184204101562
77145,0.168823242188
77146,0.189086914062
77147,0.180419921875
77148,0.181762695312
77149,0.179809570312
77150,0.181030273438
77151,0.18408203125
77152,0.182250976562
77153,0.190551757812
77154,0.186157226562
77155,0.186401367188
77156,0.181396484375
77157,0.109680175781
77158,0.173217773438
77159,0.173950195312
77160,0.173583984375
77161,0.173828125
77162,0.182250976562
77163,0.167602539062
77164,0.175537109375
77165,0.17822265625
77166,0.17578125
77167,0.216796875
77168,0.195678710938
77169,0.146240234375
77170,0.140502929688
77171,0.123779296875
77172,0.127807617188
77173,0.124572753906
77174,0.128662109375
77175,0.1220703125
77176,0.107055664062
77177,0.115600585938
77178,0.12548828125
77179,0.113342285156
77180,0.12109375
77181,0.115661621094
77182,0.107971191406
77183,0.111145019531
77184,0.113464355469
77185,0.108703613281
77186,0.107543945312
77187,0.111145019531
77188,0.108337402344
77189,0.111450195312
77190,0.112182617188
77191,0.114379882812
77192,0.109069824219
77193,0.108093261719
77194,0.130004882812
77195,0.125122070312
77196,0.123718261719
77197,0.12890625
77198,0.120849609375
77199,0.119506835938
77200,0.118225097656
77201,0.121765136719
77202,0.129760742188
77203,0.131225585938
77204,0.128173828125
77205,0.1328125
77206,0.136596679688
77207,0.121459960938
77208,0.110656738281
77209,0.125122070312
77210,0.108093261719
77211,0.107971191406
77212,0.110717773438
77213,0.164184570312
77214,0.191650390625
77215,0.18896484375
77216,0.186889648438
77217,0.131225585938
77218,0.128173828125
77219,0.126220703125
77220,0.114196777344
77221,0.137451171875
77222,0.143920898438
77223,0.151245117188
77224,0.14501953125
77225,0.152221679688
77226,0.145141601562
77227,0.108337402344
77228,0.110656738281
77229,0.116821289062
77230,0.112976074219
77231,0.107116699219
77232,0.102661132812
77233,0.0881958007812
77234,0.088623046875
77235,0.0873413085938
77236,0.104797363281
77237,0.132934570312
77238,0.134399414062
77239,0.138061523438
77240,0.139038085938
77241,0.139526367188
77242,0.130493164062
77243,0.128173828125
77244,0.126586914062
77245,0.128662109375
77246,0.124267578125
77247,0.135131835938
77248,0.135009765625
77249,0.1533203125
77250,0.155639648438
77251,0.169921875
77252,0.168579101562
77253,0.1728515625
77254,0.171875
77255,0.170043945312
77256,0.163208007812
77257,0.173828125
77258,0.16259765625
77259,0.153686523438
77260,0.156616210938
77261,0.158569335938
77262,0.159912109375
77263,0.13916015625
77264,0.14404296875
77265,0.15185546875
77266,0.1572265625
77267,0.158447265625
77268,0.152954101562
77269,0.1337890625
77270,0.137451171875
77271,0.130126953125
77272,0.136352539062
77273,0.139892578125
77274,0.141235351562
77275,0.13037109375
77276,0.131713867188
77277,0.168334960938
77278,0.168701171875
77279,0.1728515625
77280,0.167114257812
77281,0.1689453125
77282,0.169067382812
77283,0.176147460938
77284,0.181274414062
77285,0.142456054688
77286,0.138061523438
77287,0.137329101562
77288,0.140258789062
77289,0.185668945312
77290,0.180786132812
77291,0.184326171875
77292,0.188110351562
77293,0.1884765625
77294,0.188110351562
77295,0.206909179688
77296,0.193481445312
77297,0.19384765625
77298,0.196899414062
77299,0.197265625
77300,0.18359375
77301,0.181762695312
77302,0.190307617188
77303,0.187866210938
77304,0.18115234375
77305,0.194458007812
77306,0.194213867188
77307,0.188232421875
77308,0.1884765625
77309,0.18603515625
77310,0.195922851562
77311,0.193969726562
77312,0.19140625
77313,0.194580078125
77314,0.179809570312
77315,0.173583984375
77316,0.19287109375
77317,0.198852539062
77318,0.148193359375
77319,0.148071289062
77320,0.147338867188
77321,0.149780273438
77322,0.195068359375
77323,0.193115234375
77324,0.2265625
77325,0.225341796875
77326,0.220092773438
77327,0.2275390625
77328,0.230834960938
77329,0.224853515625
77330,0.229370117188
77331,0.222778320312
77332,0.223999023438
77333,0.218627929688
77334,0.222290039062
77335,0.222778320312
77336,0.221435546875
77337,0.222534179688
77338,0.2265625
77339,0.224243164062
77340,0.218627929688
77341,0.248413085938
77342,0.24560546875
77343,0.237060546875
77344,0.237060546875
77345,0.243286132812
77346,0.233520507812
77347,0.218139648438
77348,0.222290039062
77349,0.220581054688
77350,0.22900390625
77351,0.228759765625
77352,0.223266601562
77353,0.227172851562
77354,0.222290039062
77355,0.229248046875
77356,0.232421875
77357,0.235961914062
77358,0.232543945312
77359,0.227661132812
77360,0.222412109375
77361,0.2353515625
77362,0.237670898438
77363,0.23681640625
77364,0.238159179688
77365,0.22802734375
77366,0.220947265625
77367,0.221801757812
77368,0.222412109375
77369,0.222412109375
77370,0.220825195312
77371,0.228759765625
77372,0.229125976562
77373,0.223266601562
77374,0.223510742188
77375,0.156005859375
77376,0.10791015625
77377,0.109008789062
77378,0.156372070312
77379,0.145751953125
77380,0.144409179688
77381,0.14892578125
77382,0.1552734375
77383,0.151733398438
77384,0.158203125
77385,0.155151367188
77386,0.15869140625
77387,0.159790039062
77388,0.161010742188
77389,0.16015625
77390,0.152221679688
77391,0.150268554688
77392,0.159301757812
77393,0.16162109375
77394,0.149658203125
77395,0.146606445312
77396,0.184326171875
77397,0.181396484375
77398,0.180908203125
77399,0.16162109375
77400,0.152709960938
77401,0.151245117188
77402,0.151611328125
77403,0.152099609375
77404,0.155883789062
77405,0.154907226562
77406,0.152099609375
77407,0.158935546875
77408,0.160522460938
77409,0.157348632812
77410,0.162963867188
77411,0.164428710938
77412,0.158081054688
77413,0.113037109375
77414,0.118530273438
77415,0.140502929688
77416,0.129272460938
77417,0.13134765625
77418,0.134155273438
77419,0.130493164062
77420,0.13134765625
77422,0.135375976562
77423,0.15869140625
77424,0.1591796875
77425,0.155029296875
77426,0.168701171875
77427,0.16552734375
77428,0.16650390625
77429,0.167358398438
77430,0.170166015625
77431,0.16357421875
77432,0.16064453125
77433,0.157348632812
77434,0.156372070312
77435,0.15966796875
77436,0.150634765625
77437,0.156372070312
77438,0.156005859375
77439,0.15087890625
77440,0.157836914062
77441,0.195678710938
77442,0.234619140625
77443,0.215087890625
77444,0.216430664062
77445,0.216552734375
77446,0.139892578125
77447,0.140625
77448,0.130004882812
77449,0.146484375
77450,0.151489257812
77451,0.211181640625
77452,0.209716796875
77453,0.214721679688
77454,0.2119140625
77455,0.220703125
77456,0.21728515625
77457,0.203247070312
77458,0.201049804688
77459,0.201904296875
77460,0.209106445312
77461,0.203491210938
77462,0.20654296875
77463,0.209838867188
77464,0.19873046875
77465,0.199096679688
77466,0.194458007812
77467,0.19970703125
77468,0.2275390625
77469,0.2080078125
77470,0.217529296875
77471,0.207763671875
77472,0.197143554688
77473,0.192016601562
77474,0.1962890625
77475,0.200561523438
77476,0.194580078125
77477,0.201782226562
77478,0.19775390625
77479,0.19677734375
77480,0.197509765625
77481,0.203857421875
77482,0.206176757812
77483,0.205444335938
77484,0.209350585938
77485,0.213256835938
77486,0.213134765625
77487,0.2021484375
77488,0.194091796875
77489,0.205810546875
77490,0.202758789062
77491,0.166381835938
77492,0.171142578125
77493,0.172729492188
77494,0.180786132812
77495,0.14111328125
77496,0.14013671875
77497,0.131958007812
77498,0.141235351562
77499,0.152099609375
77500,0.146728515625
77501,0.1328125
77502,0.14404296875
77503,0.144653320312
77504,0.134887695312
77505,0.132202148438
77506,0.157958984375
77507,0.157104492188
77508,0.152221679688
77509,0.156005859375
77510,0.150756835938
77511,0.150390625
77512,0.153198242188
77513,0.1552734375
77514,0.153686523438
77515,0.188598632812
77516,0.19140625
77517,0.191528320312
77518,0.203369140625
77519,0.203857421875
77520,0.119079589844
77521,0.123718261719
77522,0.129638671875
77523,0.123596191406
77524,0.130859375
77525,0.133056640625
77526,0.130859375
77527,0.116760253906
77528,0.174072265625
77529,0.161010742188
77530,0.158569335938
77531,0.157592773438
77532,0.156005859375
77533,0.177734375
77534,0.172485351562
77535,0.1787109375
77536,0.17041015625
77537,0.185668945312
77538,0.181030273438
77539,0.185302734375
77540,0.1845703125
77541,0.177734375
77542,0.176513671875
77543,0.178466796875
77544,0.185180664062
77545,0.189208984375
77546,0.192626953125
77547,0.197998046875
77548,0.181518554688
77549,0.186767578125
77550,0.194213867188
77551,0.19677734375
77552,0.181884765625
77553,0.18408203125
77554,0.185791015625
77555,0.192993164062
77556,0.195434570312
77557,0.191772460938
77558,0.198364257812
77559,0.200073242188
77560,0.19287109375
77561,0.18994140625
77562,0.187377929688
77563,0.1884765625
77564,0.170776367188
77565,0.17333984375
77566,0.193115234375
77567,0.202270507812
77568,0.201782226562
77569,0.193603515625
77570,0.208374023438
77571,0.20458984375
77572,0.20458984375
77573,0.202758789062
77574,0.194946289062
77575,0.22509765625
77576,0.253173828125
77577,0.227172851562
77578,0.20458984375
77579,0.203002929688
77580,0.201904296875
77581,0.209716796875
77582,0.210571289062
77583,0.237182617188
77584,0.236206054688
77585,0.24072265625
77586,0.229248046875
77587,0.225463867188
77588,0.234008789062
77589,0.231079101562
77590,0.231689453125
77591,0.232788085938
77592,0.21533203125
77593,0.212524414062
77594,0.215576171875
77595,0.215942382812
77596,0.224243164062
77597,0.22900390625
77598,0.22802734375
77599,0.221557617188
77600,0.224487304688
77601,0.225219726562
77602,0.230346679688
77603,0.232177734375
77604,0.206420898438
77605,0.205200195312
77606,0.2080078125
77607,0.201538085938
77608,0.20166015625
77609,0.207397460938
77610,0.208374023438
77611,0.216552734375
77612,0.217895507812
77613,0.220947265625
77614,0.207397460938
77615,0.215698242188
77616,0.213256835938
77617,0.214599609375
77618,0.219604492188
77619,0.225708007812
77620,0.213134765625
77621,0.21826171875
77622,0.211547851562
77623,0.219360351562
77624,0.202758789062
77625,0.21533203125
77626,0.200317382812
77627,0.21484375
77628,0.215087890625
77629,0.218627929688
77630,0.212036132812
77631,0.210327148438
77632,0.218139648438
77633,0.208862304688
77634,0.215698242188
77635,0.21630859375
77636,0.216552734375
77637,0.209350585938
77638,0.240966796875
77639,0.242553710938
77640,0.2314453125
77641,0.237670898438
77642,0.23681640625
77643,0.237670898438
77644,0.236450195312
77645,0.2451171875
77646,0.244018554688
77647,0.243896484375
77648,0.244995117188
77649,0.2421875
77650,0.249267578125
77651,0.249389648438
77652,0.245849609375
77653,0.245727539062
77654,0.243041992188
77655,0.244262695312
77656,0.24755859375
77657,0.200561523438
77658,0.199829101562
77659,0.201782226562
77660,0.192504882812
77661,0.189086914062
77662,0.18359375
77663,0.13623046875
77664,0.13818359375
77665,0.121826171875
77666,0.121887207031
77667,0.122497558594
77668,0.121520996094
77669,0.124694824219
77670,0.106506347656
77671,0.106811523438
77672,0.11376953125
77673,0.109436035156
77674,0.112365722656
77675,0.107849121094
77676,0.107238769531
77677,0.101745605469
77678,0.107360839844
77679,0.204956054688
77680,0.202880859375
77681,0.208862304688
77682,0.196655273438
77683,0.196411132812
77684,0.18359375
77685,0.18798828125
77686,0.219482421875
77687,0.149780273438
77688,0.151245117188
77689,0.149169921875
77690,0.1494140625
77691,0.1259765625
77692,0.128784179688
77693,0.129150390625
77694,0.134521484375
77695,0.141479492188
77696,0.140258789062
77697,0.127685546875
77698,0.130737304688
77699,0.132446289062
77700,0.13232421875
77701,0.126342773438
77702,0.124084472656
77703,0.169189453125
77704,0.168579101562
77705,0.181518554688
77706,0.181518554688
77707,0.187133789062
77708,0.1865234375
77709,0.166259765625
77710,0.173217773438
77711,0.17431640625
77712,0.173583984375
77713,0.181274414062
77714,0.228759765625
77715,0.227172851562
77716,0.222900390625
77717,0.22412109375
77718,0.207885742188
77719,0.213623046875
77720,0.203247070312
77721,0.170288085938
77722,0.171508789062
77723,0.171997070312
77724,0.131103515625
77725,0.133422851562
77726,0.13720703125
77727,0.140258789062
77728,0.140869140625
77729,0.140869140625
77730,0.139892578125
77731,0.144775390625
77732,0.145385742188
77733,0.136108398438
77734,0.12744140625
77735,0.127319335938
77736,0.13427734375
77737,0.137329101562
77738,0.13671875
77739,0.129638671875
77740,0.1318359375
77741,0.131958007812
77742,0.133666992188
77743,0.143798828125
77744,0.148681640625
77745,0.138916015625
77746,0.136474609375
77747,0.140014648438
77748,0.143432617188
77749,0.205322265625
77750,0.221435546875
77751,0.220825195312
77752,0.22021484375
77753,0.221557617188
77754,0.21240234375
77755,0.214233398438
77756,0.221923828125
77757,0.223754882812
77758,0.225952148438
77759,0.232421875
77760,0.214111328125
77761,0.179565429688
77762,0.17822265625
77763,0.237182617188
77764,0.240234375
77765,0.221313476562
77766,0.225708007812
77767,0.238403320312
77768,0.2392578125
77769,0.241455078125
77770,0.245361328125
77771,0.201049804688
77772,0.203857421875
77773,0.197387695312
77774,0.200439453125
77775,0.201782226562
77776,0.204956054688
77777,0.199462890625
77778,0.206420898438
77779,0.20703125
77780,0.2060546875
77781,0.208618164062
77782,0.209228515625
77783,0.212768554688
77784,0.210083007812
77785,0.211059570312
77786,0.21240234375
77787,0.203247070312
77788,0.205932617188
77789,0.221313476562
77790,0.2236328125
77791,0.225219726562
77792,0.223999023438
77793,0.219482421875
77794,0.18994140625
77795,0.174194335938
77796,0.174194335938
77797,0.181762695312
77798,0.18798828125
77799,0.180541992188
77800,0.184814453125
77801,0.1591796875
77802,0.146362304688
77803,0.147094726562
77804,0.157958984375
77805,0.166137695312
77806,0.16650390625
77807,0.16259765625
77808,0.153686523438
77809,0.147338867188
77810,0.15576171875
77811,0.157836914062
77812,0.1875
77813,0.187377929688
77814,0.185913085938
77815,0.18701171875
77816,0.194213867188
77817,0.198120117188
77818,0.182250976562
77819,0.18310546875
77820,0.181884765625
77821,0.174560546875
77822,0.223999023438
77823,0.216430664062
77824,0.131958007812
77825,0.130859375
77826,0.125366210938
77827,0.120727539062
77828,0.123107910156
77829,0.121520996094
77830,0.129150390625
77831,0.13134765625
77832,0.131958007812
77833,0.126708984375
77834,0.129638671875
77835,0.128051757812
77836,0.116821289062
77837,0.117309570312
77838,0.117248535156
77839,0.119689941406
77840,0.158325195312
77841,0.133178710938
77842,0.14794921875
77843,0.154296875
77844,0.137939453125
77845,0.14697265625
77846,0.1328125
77847,0.129516601562
77848,0.14501953125
77849,0.147094726562
77850,0.148071289062
77851,0.171020507812
77852,0.174560546875
77853,0.179443359375
77854,0.177856445312
77855,0.166381835938
77856,0.126586914062
77857,0.131103515625
77858,0.132446289062
77859,0.150268554688
77860,0.142211914062
77861,0.150390625
77862,0.1630859375
77863,0.165649414062
77864,0.165161132812
77865,0.148803710938
77866,0.145874023438
77867,0.149780273438
77868,0.150268554688
77869,0.15478515625
77870,0.152221679688
77871,0.147583007812
77872,0.164794921875
77873,0.1650390625
77874,0.171630859375
77875,0.164184570312
77876,0.177856445312
77877,0.176147460938
77878,0.18115234375
77879,0.185180664062
77880,0.206665039062
77881,0.156982421875
77882,0.203735351562
77883,0.208251953125
77884,0.203125
77885,0.198364257812
77886,0.171142578125
77887,0.167114257812
77888,0.171020507812
77889,0.176147460938
77890,0.171264648438
77891,0.17333984375
77892,0.166625976562
77893,0.162963867188
77894,0.165161132812
77895,0.1689453125
77896,0.164672851562
77897,0.165283203125
77898,0.17333984375
77899,0.185424804688
77900,0.182861328125
77901,0.185302734375
77902,0.165893554688
77903,0.216674804688
77904,0.21826171875
77905,0.19482421875
77906,0.197387695312
77907,0.193481445312
77908,0.1962890625
77909,0.195922851562
77910,0.193603515625
77911,0.195922851562
77912,0.183227539062
77913,0.192749023438
77914,0.201538085938
77915,0.203857421875
77916,0.181518554688
77917,0.181396484375
77918,0.20751953125
77919,0.193603515625
77920,0.193115234375
77921,0.200561523438
77922,0.196044921875
77923,0.166381835938
77924,0.164184570312
77925,0.168579101562
77926,0.108581542969
77927,0.115783691406
77928,0.116516113281
77929,0.123718261719
77930,0.115600585938
77931,0.114868164062
77932,0.1220703125
77933,0.121948242188
77934,0.122680664062
77935,0.1240234375
77936,0.126220703125
77937,0.123657226562
77938,0.118347167969
77939,0.121276855469
77940,0.0908203125
77941,0.0986938476562
77942,0.0989379882812
77943,0.100830078125
77944,0.0949096679688
77945,0.102661132812
77946,0.111633300781
77947,0.100830078125
77948,0.103820800781
77949,0.109619140625
77950,0.111145019531
77951,0.109008789062
77952,0.110778808594
77953,0.111938476562
77954,0.107177734375
77955,0.116943359375
77956,0.103698730469
77957,0.0975341796875
77958,0.102172851562
77959,0.1005859375
77960,0.106750488281
77961,0.10986328125
77962,0.109619140625
77963,0.121520996094
77964,0.114379882812
77965,0.106201171875
77966,0.11474609375
77967,0.118957519531
77968,0.125610351562
77969,0.107971191406
77970,0.105041503906
77971,0.108276367188
77972,0.104187011719
77973,0.1484375
77974,0.144897460938
77975,0.14501953125
77976,0.149169921875
77977,0.149047851562
77978,0.151489257812
77979,0.154296875
77980,0.16162109375
77981,0.146362304688
77982,0.147827148438
77983,0.155151367188
77984,0.126098632812
77985,0.140625
77986,0.123352050781
77987,0.121520996094
77988,0.130615234375
77989,0.13134765625
77990,0.14013671875
77991,0.120544433594
77992,0.122131347656
77993,0.121948242188
77994,0.124267578125
77995,0.12890625
77996,0.123962402344
77997,0.123840332031
77998,0.129028320312
77999,0.15869140625
78000,0.159301757812
78001,0.160766601562
78002,0.153198242188
78003,0.1533203125
78004,0.147827148438
78005,0.146606445312
78006,0.173583984375
78007,0.18603515625
78008,0.191772460938
78009,0.134643554688
78010,0.119750976562
78011,0.116516113281
78012,0.121520996094
78013,0.122924804688
78014,0.123901367188
78015,0.126220703125
78016,0.128295898438
78017,0.12890625
78018,0.1259765625
78019,0.127807617188
78020,0.114562988281
78021,0.169677734375
78022,0.177612304688
78023,0.175903320312
78024,0.171142578125
78025,0.17919921875
78026,0.174438476562
78027,0.19189453125
78028,0.18212890625
78029,0.170166015625
78030,0.177490234375
78031,0.174194335938
78032,0.181030273438
78033,0.185302734375
78034,0.17529296875
78035,0.172729492188
78036,0.177001953125
78037,0.1845703125
78038,0.17041015625
78039,0.177978515625
78040,0.181762695312
78041,0.172607421875
78042,0.16748046875
78043,0.182983398438
78044,0.166015625
78045,0.165893554688
78046,0.167602539062
78047,0.172729492188
78048,0.168090820312
78049,0.16748046875
78050,0.162231445312
78051,0.16455078125
78052,0.172119140625
78053,0.18212890625
78054,0.185913085938
78055,0.1865234375
78056,0.165649414062
78057,0.1796875
78058,0.16357421875
78059,0.1669921875
78060,0.170166015625
78061,0.193481445312
78062,0.192504882812
78063,0.1943359375
78064,0.173828125
78065,0.167236328125
78066,0.185913085938
78067,0.184326171875
78068,0.171508789062
78069,0.180541992188
78070,0.17041015625
78071,0.168334960938
78072,0.171020507812
78073,0.171264648438
78074,0.174194335938
78075,0.173706054688
78076,0.18603515625
78077,0.16796875
78078,0.167358398438
78079,0.171630859375
78080,0.169799804688
78081,0.171264648438
78082,0.168212890625
78083,0.167236328125
78084,0.174560546875
78085,0.1787109375
78086,0.170654296875
78087,0.17041015625
78088,0.171997070312
78089,0.1748046875
78090,0.165893554688
78091,0.166015625
78092,0.166259765625
78093,0.176025390625
78094,0.1767578125
78095,0.182983398438
78096,0.18896484375
78097,0.169921875
78098,0.172973632812
78099,0.1767578125
78100,0.178100585938
78101,0.162841796875
78102,0.15771484375
78103,0.140747070312
78104,0.140991210938
78105,0.143676757812
78106,0.145263671875
78107,0.146240234375
78108,0.155395507812
78109,0.162231445312
78110,0.164184570312
78111,0.164794921875
78112,0.166259765625
78113,0.162719726562
78114,0.161254882812
78115,0.16455078125
78116,0.144897460938
78117,0.152465820312
78118,0.151489257812
78119,0.146118164062
78120,0.153076171875
78121,0.123779296875
78122,0.135375976562
78123,0.140380859375
78124,0.133911132812
78125,0.130981445312
78126,0.135620117188
78127,0.13623046875
78128,0.131225585938
78129,0.129760742188
78130,0.12841796875
78131,0.155517578125
78132,0.156127929688
78133,0.157592773438
78134,0.15673828125
78135,0.160034179688
78136,0.153198242188
78137,0.159057617188
78138,0.147338867188
78139,0.16015625
78140,0.164672851562
78141,0.164184570312
78142,0.164306640625
78143,0.173706054688
78144,0.148803710938
78145,0.1494140625
78146,0.176147460938
78147,0.133911132812
78148,0.131591796875
78149,0.131225585938
78150,0.140502929688
78151,0.140869140625
78152,0.140258789062
78153,0.143798828125
78154,0.140502929688
78155,0.139282226562
78156,0.141479492188
78157,0.145141601562
78158,0.147705078125
78159,0.148315429688
78160,0.139038085938
78161,0.137451171875
78162,0.139038085938
78163,0.141967773438
78164,0.140502929688
78165,0.141723632812
78166,0.149047851562
78167,0.15087890625
78168,0.149291992188
78169,0.149780273438
78170,0.15283203125
78171,0.154541015625
78172,0.145629882812
78173,0.1474609375
78174,0.138427734375
78175,0.1396484375
78176,0.140502929688
78177,0.14208984375
78178,0.145874023438
78179,0.135986328125
78180,0.155883789062
78181,0.155517578125
78182,0.117858886719
78183,0.140502929688
78184,0.129760742188
78185,0.130249023438
78186,0.131591796875
78187,0.133666992188
78188,0.133422851562
78189,0.136962890625
78190,0.0947875976562
78191,0.0858154296875
78192,0.0877075195312
78193,0.0836181640625
78194,0.158203125
78195,0.15966796875
78196,0.154663085938
78197,0.163208007812
78198,0.171875
78199,0.170776367188
78200,0.171020507812
78201,0.159545898438
78202,0.16259765625
