4,5.35460948944
5,5.14908027649
6,4.97740077972
7,5.0627822876
8,5.05007314682
9,4.95248603821
10,5.08169364929
11,5.24742412567
12,5.0945110321
13,4.98038387299
14,5.04467058182
15,5.16951179504
16,5.0992937088
17,4.8431558609
18,5.32231855392
19,5.03742218018
20,4.89303016663
21,5.06536149979
22,5.07272720337
23,5.05417728424
24,5.2583990097
25,5.03021335602
26,5.04940748215
27,5.0562081337
28,4.95968532562
29,4.95867156982
30,5.05995178223
31,4.94776678085
32,5.20904350281
33,5.23866653442
34,4.91106987
35,5.14167308807
36,4.90324878693
37,5.1772851944
38,5.13607025146
39,4.96369123459
40,4.87948703766
41,4.87361288071
42,4.91827869415
43,5.08811092377
44,5.02416801453
45,5.26714324951
46,5.27723503113
47,5.03192329407
48,4.98602581024
49,5.05592155457
50,4.94973897934
51,4.90830802917
52,5.07395076752
53,5.15978431702
54,5.05974388123
55,5.1590886116
56,5.0048532486
57,4.94945716858
58,5.11483287811
59,4.99026679993
60,5.07310819626
61,5.21347475052
62,5.06215238571
63,5.13579750061
64,5.16785049438
65,5.13587188721
66,5.23632526398
67,5.00700378418
68,5.12589740753
69,5.1201467514
70,5.18742084503
71,4.90787696838
72,5.07754182816
73,5.31622505188
74,5.05177974701
75,5.31161499023
76,4.9308719635
77,4.94071578979
78,5.11582231522
79,5.2117433548
80,5.19892692566
81,4.99251890182
82,5.05075454712
83,5.2088804245
84,4.99456310272
85,5.32667350769
86,5.13414907455
87,5.20325565338
88,4.99311828613
89,5.18958806992
90,4.9264330864
91,5.19248485565
92,5.16827011108
93,5.08990097046
94,5.28026294708
95,5.03882837296
96,5.07430553436
97,5.04918766022
98,4.96121883392
99,5.2266292572
100,5.23030185699
101,5.09581375122
102,4.95306444168
103,5.01418018341
104,4.9993224144
105,5.14829015732
106,5.19975328445
107,5.28899383545
108,5.06635951996
109,5.16599941254
110,5.13446426392
111,5.11403560638
112,5.19331598282
113,5.25537014008
114,5.13114547729
115,5.20553731918
116,5.14419031143
117,5.04789733887
118,5.12432670593
119,5.03092098236
120,4.91498661041
121,5.30211019516
122,5.15293884277
123,5.16156101227
124,4.87580966949
125,5.10364532471
126,5.09006023407
127,5.18506860733
128,5.02353858948
129,5.34972667694
130,5.20546150208
131,5.39795684814
132,5.05543899536
133,5.06873321533
134,5.05292463303
135,5.06101226807
136,5.01639461517
137,5.10615777969
138,4.90809822083
139,5.1534576416
140,5.15456056595
141,5.07528781891
142,5.06925868988
143,5.19998455048
144,5.11380290985
145,5.22494316101
146,5.04981040955
147,5.23694753647
148,5.23099517822
149,5.2602930069
150,4.95898389816
151,5.09239006042
152,4.82974386215
153,5.04895114899
154,5.21548318863
155,5.06795215607
156,5.32576179504
157,4.97267484665
158,5.01320505142
159,5.23265552521
160,5.03179836273
161,5.19051170349
162,5.13838291168
163,4.90074157715
164,5.07645130157
165,5.03231716156
166,5.1012430191
167,5.09241771698
168,5.20143318176
169,5.04714202881
170,5.00677490234
171,5.13232374191
172,5.03319358826
173,4.99598503113
174,5.15499019623
175,5.34058856964
176,4.86776733398
177,4.85893440247
178,5.10074901581
179,5.33312988281
180,5.04706048965
181,5.26432085037
182,5.10310459137
183,4.84419107437
184,5.2602930069
185,4.84543943405
186,4.97958946228
187,5.06471729279
188,5.21138763428
189,5.13785171509
190,5.22056674957
191,5.17506313324
192,5.14600658417
193,5.12426996231
194,5.13133716583
195,5.21540498734
196,4.82511711121
197,4.69862937927
198,5.17484951019
199,4.89170265198
200,5.02369976044
201,5.02779722214
202,5.02516412735
203,5.05287408829
204,5.3972864151
205,5.34132242203
206,5.20364665985
207,4.94741153717
208,5.1084485054
209,5.03771877289
210,5.03184223175
211,5.00094938278
212,4.84733772278
213,5.25874519348
214,4.94466590881
215,5.03269433975
216,4.84365081787
217,5.00129318237
218,5.15924549103
219,5.16146087646
220,5.12153244019
221,5.30574703217
222,5.10068130493
223,5.15775585175
224,5.06063842773
225,4.84905576706
226,5.13294029236
227,5.15634822845
228,5.0305147171
229,4.94402217865
230,5.0982632637
231,5.2111415863
232,5.09150600433
233,5.02529239655
234,4.84643697739
235,5.05978345871
236,4.97189855576
237,5.06887340546
238,5.19996213913
239,5.13350296021
240,5.05561637878
241,5.33033943176
242,5.0875415802
243,5.00412607193
244,4.98000144958
245,5.18150043488
246,5.03627824783
247,4.93052339554
248,5.24314117432
249,4.97587156296
250,5.0730381012
251,5.1610584259
252,5.19553852081
253,5.14243125916
254,5.12611246109
255,5.00534629822
256,4.8831782341
257,4.91951370239
258,5.05333662033
259,5.04787921906
260,4.90405225754
261,4.93264198303
262,5.09420776367
263,5.23987817764
264,5.17352771759
265,5.13751316071
266,5.14292144775
267,5.10355806351
268,5.05607032776
269,5.10009765625
270,4.85554504395
271,4.99592542648
272,5.21218490601
273,5.21668815613
274,4.81948375702
275,5.04242658615
276,5.03531742096
277,5.23540782928
278,5.00085449219
279,5.30669307709
280,5.47542619705
281,5.41173934937
282,4.87812185287
283,5.15601444244
284,4.94741296768
285,5.01361083984
286,5.08252429962
287,4.79191923141
288,5.18672323227
289,4.9857711792
290,4.90693283081
291,4.77738237381
292,4.83967399597
293,4.78854036331
294,4.93294620514
295,4.72861480713
296,4.70148611069
297,5.02943181992
298,5.02693748474
299,4.8075094223
300,4.71101379395
301,4.68405008316
302,4.77855873108
303,4.96183395386
304,4.67687082291
305,4.72943639755
306,5.13658857346
307,4.83695459366
308,4.65934705734
309,4.78299808502
310,5.18690538406
311,4.77440834045
312,4.77538442612
313,4.83614730835
314,4.64577817917
315,4.6899805069
316,5.04062461853
317,4.76798152924
318,4.65818071365
319,4.89184856415
320,4.82222127914
321,5.05449676514
322,5.19933414459
323,4.59033203125
324,5.16682481766
325,5.08123493195
326,4.574259758
327,4.77030134201
328,4.6298789978
329,4.76818275452
330,4.47794628143
331,4.75719928741
332,4.88025188446
333,4.81473731995
334,4.83252048492
335,4.98737812042
336,4.79071378708
337,4.96015453339
338,4.80422115326
339,4.88025951385
340,4.73181533813
341,4.79028272629
342,4.8575129509
343,4.90800762177
344,4.68600463867
345,4.8061299324
346,4.70746183395
347,4.66256809235
348,4.75383663177
349,4.6708984375
350,4.6328125
351,4.64581775665
352,4.95154333115
353,4.83731746674
354,4.71178531647
355,4.94678354263
356,4.91071224213
357,4.66536331177
358,4.8050775528
359,5.0221862793
360,4.79189300537
361,4.6239490509
362,4.62378406525
363,4.9270772934
364,4.51315736771
365,4.87483882904
366,5.0628695488
367,4.66855144501
368,4.92560863495
369,4.61338949203
370,4.61324691772
371,4.79684734344
372,4.74365520477
373,4.95279312134
374,4.82364368439
375,4.66224002838
376,4.66148948669
377,4.55630016327
378,4.742603302
379,4.74150800705
380,4.74288463593
381,4.68218708038
382,4.79193592072
383,4.63234519958
384,4.63960075378
385,4.64881229401
386,4.61345005035
387,4.61361312866
388,4.79786491394
389,4.68940639496
390,4.85125255585
391,4.62280273438
392,4.59622573853
393,4.97687101364
394,4.76303672791
395,4.81777048111
396,4.63486385345
397,4.86984729767
398,4.63173103333
399,4.6578578949
400,4.8622379303
401,4.5701584816
402,4.75145530701
403,4.61416721344
404,4.76808309555
405,4.60829305649
406,4.73187446594
407,4.62565469742
408,4.8259935379
409,4.86355638504
410,4.41037750244
411,4.60523223877
412,4.66080760956
413,4.57016658783
414,4.75333309174
415,4.47048664093
416,4.80495119095
417,4.49614906311
418,4.82304525375
419,4.71029043198
420,4.59072399139
421,4.78518009186
422,4.67446231842
423,4.60654735565
424,4.67131948471
425,4.70631313324
426,4.75072669983
427,4.62532901764
428,4.54387664795
429,4.49910020828
430,4.86340045929
431,4.89135742188
432,4.62212514877
433,4.52579498291
434,4.96192550659
435,4.58938932419
436,4.5242395401
437,4.77054786682
438,4.34631633759
439,4.54874229431
440,4.69373846054
441,4.8295006752
442,4.45215129852
443,4.66615581512
444,4.67021942139
445,4.7072429657
446,4.60860586166
447,4.7518901825
448,4.6756772995
449,4.66187381744
450,4.69384860992
451,4.59172773361
452,4.54291343689
453,4.69272041321
454,4.56324863434
455,4.51101112366
456,4.60892868042
457,4.71737957001
458,4.69378089905
459,4.78936767578
460,4.57825756073
461,4.7403459549
462,4.69824314117
463,4.59448337555
464,4.5732717514
465,4.65820598602
466,4.65040683746
467,4.64876317978
468,4.70422029495
469,4.56095409393
470,4.34825563431
471,4.72280502319
472,4.52421569824
473,4.58247423172
474,4.62501621246
475,4.52266263962
476,4.49059057236
477,4.50852918625
478,4.51339435577
479,4.72468662262
480,4.4270772934
481,4.69093608856
482,4.44705820084
483,4.60440635681
484,4.47227525711
485,4.69349718094
486,4.55153226852
487,4.37565040588
488,4.56203460693
489,4.56235361099
490,4.67667007446
491,4.5668129921
492,4.5754237175
493,4.58691596985
494,4.59021377563
495,4.70427083969
496,4.65394973755
497,4.58639812469
498,4.50380802155
499,4.51918315887
500,4.59900045395
501,4.56985378265
502,4.50005817413
503,4.56486177444
504,4.58356904984
505,4.61184072495
506,4.40000343323
507,4.76118659973
508,4.7214179039
509,4.53726816177
510,4.63665914536
511,4.5376329422
512,4.66960811615
513,4.735871315
514,4.64669799805
515,4.42993164062
516,4.57019042969
517,4.43724632263
518,4.57418727875
519,4.53913831711
520,4.59102535248
521,4.62324810028
522,4.55443048477
523,4.32548809052
524,4.75744628906
525,4.57695102692
526,4.4414100647
527,4.6088886261
528,4.40099620819
529,4.49584197998
530,4.51459312439
531,4.63650608063
532,4.55650091171
533,4.78187608719
534,4.60840272903
535,4.61100912094
536,4.4376707077
537,4.31460571289
538,4.5293712616
539,4.56261873245
540,4.50878047943
541,4.48325443268
542,4.74589347839
543,4.59236621857
544,4.69217300415
545,4.44541311264
546,4.63071537018
547,4.45324039459
548,4.65997982025
549,4.51512241364
550,4.58804273605
551,4.57861661911
552,4.59435939789
553,4.34515571594
554,4.54893875122
555,4.71222877502
556,4.61504459381
557,4.49862194061
558,4.51335096359
559,4.54946899414
560,4.64167308807
561,4.62168121338
562,4.48509454727
563,4.42796039581
564,4.3279337883
565,4.60185527802
566,4.68537569046
567,4.35008525848
568,4.62914419174
569,4.57769536972
570,4.64987564087
571,4.46648788452
572,4.53960704803
573,4.72624731064
574,4.65889549255
575,4.55133533478
576,4.63865852356
577,4.62336730957
578,4.62058544159
579,4.53946971893
580,4.58818244934
581,4.64076137543
582,4.32818365097
583,4.60623884201
584,4.43608665466
585,4.46327781677
586,4.71275901794
587,4.45177412033
588,4.59037160873
589,4.51346683502
590,4.35981273651
591,4.5119600296
592,4.50844097137
593,4.34971237183
594,4.52068805695
595,4.38878536224
596,4.67429733276
597,4.61450099945
598,4.59858942032
599,4.36027479172
600,4.48032712936
601,4.53592967987
602,4.35867023468
603,4.38301372528
604,4.5522518158
605,4.41292905807
606,4.48683214188
607,4.59331989288
608,4.62903261185
609,4.45977020264
610,4.52076053619
611,4.49186086655
612,4.62057638168
613,4.47914457321
614,4.47510433197
615,4.66600036621
616,4.60948610306
617,4.48438167572
618,4.20436477661
619,4.33010816574
620,4.39772462845
621,4.24429512024
622,4.43558168411
623,4.65161180496
624,4.44928359985
625,4.62534809113
626,4.35864973068
627,4.52846240997
628,4.33722686768
629,4.46632289886
630,4.46297168732
631,4.5551109314
632,4.39362335205
633,4.33913612366
634,4.92059850693
635,4.37545776367
636,4.61402130127
637,4.49550867081
638,4.46053695679
639,4.58840370178
640,4.30279445648
641,4.4313621521
642,4.40004253387
643,4.66363525391
644,4.58377885818
645,4.62147665024
646,4.39722919464
647,4.58244895935
648,4.40731334686
649,4.33548164368
650,4.54601860046
651,4.55924129486
652,4.33867168427
653,4.45043849945
654,4.31012487411
655,4.48251628876
656,4.4412651062
657,4.43266391754
658,4.33023738861
659,4.60513019562
660,4.32413339615
661,4.42158794403
662,4.64827919006
663,5.20644187927
664,4.56486034393
665,4.39114952087
666,4.31727409363
667,4.35667800903
668,4.41022014618
669,4.38839054108
670,4.41666793823
671,4.26807022095
672,4.4838218689
673,4.70504379272
674,4.55382204056
675,4.68939447403
676,4.31807994843
677,4.3179936409
678,4.40803146362
679,4.34939002991
680,4.34400558472
681,4.39908695221
682,4.40677309036
683,4.24322032928
684,4.75539398193
685,4.4933795929
686,4.38061904907
687,4.37135887146
688,4.53667593002
689,4.4455909729
690,4.65801525116
691,4.4567899704
692,4.39754962921
693,4.42870426178
694,4.65967273712
695,4.37826490402
696,4.41377067566
697,4.61085557938
698,4.45754289627
699,4.36278820038
700,4.45803022385
701,4.55857086182
702,4.42302465439
703,4.46694850922
704,4.34549856186
705,4.41278409958
706,4.2887096405
707,4.47134447098
708,4.51629972458
709,4.44733381271
710,4.39360570908
711,4.51094055176
712,4.5467171669
713,4.30393028259
714,4.29081535339
715,4.48829174042
716,4.28534841537
717,4.25539207458
718,4.48902750015
719,4.39489269257
720,4.3671207428
721,4.65528678894
722,4.43873691559
723,4.52797794342
724,4.35278987885
725,4.39058685303
726,4.51424598694
727,4.38186073303
728,4.60552167892
729,4.64535284042
730,4.43420410156
731,4.5541601181
732,4.39853191376
733,4.52895784378
734,4.32800292969
735,4.41958332062
736,4.38450670242
737,4.44574165344
738,4.5107998848
739,4.57925987244
740,4.5694732666
741,4.68276119232
742,4.59290313721
743,4.54718112946
744,4.42693519592
745,4.46272754669
746,4.60251998901
747,4.40205860138
748,4.39842033386
749,4.4500951767
750,4.57363367081
751,4.36876869202
752,4.44158172607
753,4.52202320099
754,4.49136686325
755,4.43019914627
756,4.46165418625
757,4.53444766998
758,4.52827358246
759,4.71573019028
760,4.30076885223
761,4.43890285492
762,4.46538448334
763,4.33902740479
764,4.46990966797
765,4.45805740356
766,4.36049461365
767,4.49792861938
768,4.65946102142
769,4.47334527969
770,4.35535860062
771,4.42462062836
772,4.63975286484
773,4.53482484818
774,4.44761419296
775,4.38208580017
776,4.45657205582
777,4.30767822266
778,4.67257785797
779,4.29070615768
780,4.23867511749
781,4.34177684784
782,4.53154277802
783,4.50054836273
784,4.51883125305
786,4.45374679565
787,4.36294603348
788,4.36255121231
789,4.49222183228
790,4.46881008148
791,4.2731628418
792,4.5306224823
793,4.52111721039
794,4.25400209427
795,4.31231355667
796,4.29920339584
797,4.66082000732
798,4.57254600525
799,4.55176353455
800,4.40297031403
801,4.4725446701
802,4.31197166443
803,4.20951652527
804,4.33202171326
805,4.33142089844
806,4.47117614746
807,4.32283067703
808,4.24902963638
809,4.39576387405
810,4.46749019623
811,4.47143554688
812,4.34396934509
813,4.47275447845
814,4.44276332855
815,4.44665431976
816,4.36801815033
817,4.27643013
818,4.39580726624
819,4.34295892715
820,4.43139266968
821,4.44450950623
822,4.41560935974
823,4.59367370605
824,4.41138792038
825,4.53195953369
826,4.51039743423
827,4.34370231628
828,4.40741729736
829,4.27114868164
830,4.25461673737
831,4.63980007172
832,4.34095954895
833,4.53880167007
834,4.50448513031
835,4.28323173523
836,4.62973070145
837,4.48503351212
838,4.65306472778
839,4.39147949219
840,4.54442691803
841,4.39923667908
842,4.81578731537
843,4.4137544632
844,4.3906583786
845,4.35471248627
846,4.44146251678
847,4.46733665466
848,4.47773551941
849,4.48977661133
850,4.30466270447
851,4.40305995941
852,4.34278392792
853,4.34228134155
854,4.30057096481
855,4.61458969116
856,4.40519714355
857,4.47310161591
858,4.51722002029
859,4.51350641251
860,4.31976652145
861,4.5211353302
862,4.18110752106
863,4.43551778793
864,4.46859025955
865,4.51795911789
866,4.43230628967
867,4.36379718781
868,4.64667797089
869,4.52034235001
870,4.33372020721
871,4.43176364899
872,4.37958145142
873,4.39472198486
874,4.23718118668
875,4.28173923492
876,4.42583465576
877,4.50719213486
878,4.54568862915
879,4.49250268936
880,4.66220092773
881,4.29251909256
882,4.44479656219
883,4.36987686157
884,4.33541059494
885,4.47856712341
886,4.24685764313
887,4.50737762451
888,4.60178470612
889,4.4885134697
890,4.46901893616
891,4.32810306549
892,4.30165195465
893,4.22724723816
894,4.41416120529
895,4.5502986908
896,4.45156049728
897,4.40663194656
898,4.45930576324
899,4.37119007111
900,4.25333309174
901,4.6101269722
902,4.3948097229
903,4.42066955566
904,4.68563175201
905,4.4778418541
906,4.22698688507
907,4.44871997833
908,4.27447032928
909,4.79363679886
910,4.17396974564
911,4.30244874954
912,4.43036556244
913,4.35531234741
914,4.28315067291
915,4.42341947556
916,4.21149349213
917,4.43532466888
918,4.46632575989
919,4.39340782166
920,4.60036277771
921,4.37908554077
922,4.30934619904
923,4.250623703
924,4.34433460236
925,4.34978961945
926,4.37840270996
927,4.11901092529
928,4.39963579178
929,4.44141960144
930,4.61036682129
931,4.43335580826
932,4.29967498779
933,4.30941486359
934,4.35744571686
935,4.30476570129
936,4.50669288635
937,4.48505020142
938,4.28736543655
939,4.51255130768
940,4.18599843979
941,4.25862646103
942,4.34941625595
943,4.43347358704
944,4.26051330566
945,4.3150138855
946,4.23232555389
947,4.46065855026
948,4.38286066055
949,4.38958358765
950,4.40524816513
951,4.33054542542
952,4.32058906555
953,4.16110801697
954,4.46610927582
955,4.34148979187
956,4.42824554443
957,4.48150014877
958,4.39464092255
959,4.46436023712
960,4.31243085861
961,4.33430862427
962,4.47704029083
963,4.45362567902
964,4.53155994415
965,4.2963848114
966,4.63485336304
967,4.39658164978
968,4.48736858368
969,4.47172164917
970,4.3678150177
971,4.33768224716
972,4.42139148712
973,4.38554859161
974,4.18940258026
975,4.26491832733
976,4.48077440262
977,4.38959884644
978,4.4770154953
979,4.40182352066
980,4.33636665344
981,4.16729211807
982,4.36877393723
983,4.42011260986
984,4.3851108551
985,4.45921516418
986,4.3372631073
987,4.51243305206
988,4.14482688904
989,4.45149421692
990,4.2802438736
991,4.37673091888
992,4.30393695831
993,4.33492183685
994,4.51838111877
995,4.4541053772
996,4.3676366806
997,4.32961750031
998,4.33474826813
999,4.39391708374
1000,4.44507312775
1001,4.42003774643
1002,4.46028470993
1003,4.53955936432
1004,4.39664745331
1005,4.17950153351
1006,4.42907953262
1007,4.17724752426
1008,4.27521753311
1009,4.17240619659
1010,4.29911708832
1011,4.28265285492
1012,4.43541431427
1013,4.36507320404
1014,4.30582523346
1015,4.4146938324
1016,4.47583389282
1017,4.32307338715
1018,4.44246578217
1019,4.34876346588
1020,4.33681297302
1021,4.20396614075
1022,4.50692272186
1023,4.3227930069
1024,4.37320613861
1025,4.5280957222
1026,4.48649168015
1027,4.1737279892
1028,4.37441158295
1029,4.30264520645
1030,4.54125404358
1031,4.30342721939
1032,4.25292301178
1033,4.47210597992
1034,4.44953250885
1035,4.19532299042
1036,4.20780467987
1037,4.37931442261
1038,4.48416996002
1039,4.31788253784
1040,4.27894592285
1041,4.25681591034
1042,4.40448760986
1043,4.38268566132
1044,4.63654661179
1045,4.46856403351
1046,4.36856460571
1047,4.37798500061
1048,4.42599487305
1049,4.33754110336
1050,4.27875232697
1051,4.35771465302
1052,4.7272939682
1053,4.21886825562
1054,4.27471542358
1055,4.23140954971
1056,4.14309120178
1057,4.34591770172
1058,4.38390254974
1059,4.34515476227
1060,4.51757335663
1061,4.46282100677
1062,4.28251218796
1063,4.30240249634
1064,4.53126716614
1065,4.32233810425
1066,4.35467672348
1067,4.28522062302
1068,4.36444330215
1069,4.40194129944
1070,4.46152019501
1071,4.31315565109
1072,4.48082113266
1073,4.30817317963
1074,4.37366199493
1075,4.34921073914
1076,4.30419921875
1077,4.27534675598
1078,4.66920137405
1079,4.20125865936
1080,4.36193466187
1081,4.27830791473
1082,4.29042100906
1083,4.28642606735
1084,4.20863437653
1085,4.3157992363
1086,4.35702037811
1087,4.35528659821
1088,4.69285297394
1089,4.35756111145
1090,4.30261802673
1091,4.36376667023
1092,4.25206375122
1093,4.2925567627
1094,4.46154785156
1095,4.42219543457
1096,4.40134716034
1097,4.28405284882
1098,4.50530338287
1099,4.54373121262
1100,4.52574586868
1101,4.27838039398
1102,4.30799770355
1103,4.32833528519
1104,4.26191616058
1105,4.38896894455
1106,4.45399093628
1107,4.46991348267
1108,4.15706777573
1109,4.33131027222
1110,4.48949337006
1111,4.18641281128
1112,4.56498432159
1113,4.18454694748
1114,4.12834310532
1115,4.34271812439
1116,4.37894248962
1117,4.56939935684
1118,4.38527154922
1119,4.3065071106
1120,4.75829553604
1121,4.30953407288
1122,4.27921390533
1123,4.39319562912
1124,4.33827018738
1125,4.30676269531
1126,4.32299995422
1127,4.20295143127
1128,4.39108085632
1129,4.41778278351
1130,4.3417301178
1131,4.20239496231
1132,4.32337093353
1133,4.2136015892
1134,4.58245658875
1135,4.65687561035
1136,4.34586858749
1137,4.34482288361
1138,4.28585529327
1139,4.14827442169
1140,4.35688972473
1141,4.15893125534
1142,4.51479625702
1143,4.24324989319
1144,4.43504142761
1145,4.15082645416
1146,4.17632484436
1147,4.31168079376
1148,4.24337148666
1149,4.39758586884
1150,4.52279472351
1151,4.41973972321
1152,4.40574359894
1153,4.38401794434
1154,4.20831441879
1155,4.47900438309
1156,4.2080373764
1157,4.3540096283
1158,4.33874559402
1159,4.26225090027
1160,4.06854820251
1161,4.26605939865
1162,4.43044757843
1163,4.37737464905
1164,4.69532299042
1165,4.37717533112
1166,4.32779884338
1167,4.20307970047
1168,4.46212434769
1169,4.26778936386
1170,4.28553962708
1171,4.34089040756
1172,4.22608280182
1173,4.58852529526
1174,4.25701236725
1175,4.17030525208
1176,4.3997168541
1177,4.60266685486
1178,4.45041370392
1179,4.34944295883
1180,4.16502761841
1181,4.67428207397
1182,4.45341682434
1183,4.48035907745
1184,4.31259393692
1185,4.65349435806
1186,4.28133392334
1187,4.30780029297
1188,4.42838478088
1189,4.2506980896
1190,4.36183738708
1191,4.40978765488
1192,4.26610088348
1193,4.39494180679
1194,4.4128074646
1195,4.44597148895
1196,4.31421947479
1197,4.36206865311
1198,4.31509113312
1199,4.32531929016
1200,4.18478870392
1201,4.35877418518
1202,4.36924600601
1203,4.24974536896
1204,4.34946870804
1205,4.31391906738
1206,4.41842556
1207,4.26725959778
1208,4.43721580505
1209,4.30980014801
1210,4.22560358047
1211,4.16429758072
1212,4.17446899414
1213,4.35289525986
1214,4.20698928833
1215,4.35722398758
1216,4.4632806778
1217,4.30230569839
1218,4.30004310608
1219,4.33425426483
1220,4.25864124298
1221,4.47840023041
1222,4.26306343079
1223,4.41714477539
1224,4.21930646896
1225,4.36267280579
1226,4.34079742432
1227,4.32917976379
1228,4.11504745483
1229,4.14817523956
1230,4.32096481323
1231,4.36797523499
1232,4.3695898056
1233,4.34667396545
1234,4.16772174835
1235,4.36873865128
1236,4.27205085754
1237,4.39673757553
1238,4.56623458862
1239,4.41034126282
1240,4.29945421219
1241,4.38219070435
1242,4.4304485321
1243,4.50632286072
1244,4.42807292938
1245,4.33989858627
1246,4.27922725677
1247,4.55308151245
1248,4.3359375
1249,4.45247840881
1250,4.29578542709
1251,4.52420186996
1252,4.4444475174
1253,4.29863739014
1254,4.25241327286
1255,4.4451584816
1256,4.37513971329
1257,4.31557941437
1258,4.3885102272
1259,4.22333240509
1260,4.29030323029
1261,4.51538896561
1262,4.4287815094
1263,4.37082767487
1264,4.53300666809
1265,4.38681077957
1266,4.18280601501
1267,4.34934234619
1268,4.41246891022
1269,4.37318897247
1270,4.17596912384
1271,4.31516361237
1272,4.39792442322
1273,4.39349126816
1274,4.26644611359
1275,4.45706939697
1276,4.25475263596
1277,4.44624328613
1278,4.26489114761
1279,4.39939689636
1280,4.45543003082
1281,4.37916278839
1282,4.20679569244
1283,4.30301904678
1284,4.51744556427
1285,4.31401586533
1286,4.32294273376
1287,4.26373434067
1288,4.28991603851
1289,4.35747528076
1290,4.53061056137
1291,4.272772789
1292,4.37442541122
1293,4.44850873947
1294,4.28736114502
1295,4.27171707153
1296,4.42667388916
1297,4.38062763214
1298,4.30266904831
1299,4.40258073807
1300,4.19998455048
1301,4.40936756134
1302,4.28772735596
1303,4.30511379242
1304,4.28488731384
1305,4.33977222443
1306,4.30562114716
1307,4.27327728271
1308,4.25539588928
1309,4.43985271454
1310,4.22883319855
1311,4.36344337463
1312,4.35010623932
1313,4.51181697845
1314,4.19733953476
1315,4.41915416718
1316,4.16878938675
1317,4.34731912613
1318,4.43328475952
1319,4.38240623474
1320,4.56473970413
1321,4.54751110077
1322,4.30567836761
1323,4.42482185364
1324,4.30464982986
1325,4.26234674454
1326,4.34143638611
1327,4.30255937576
1328,4.14296913147
1329,4.66351413727
1330,4.45252323151
1331,4.29571247101
1332,4.29486656189
1333,4.34941482544
1334,4.58429050446
1335,4.21101284027
1336,4.05680751801
1337,4.24977588654
1338,4.50643491745
1339,4.25653791428
1340,4.29827833176
1341,4.39670944214
1342,4.32514476776
1343,4.44370031357
1344,4.31288719177
1345,4.52359294891
1346,4.43092870712
1347,4.27203989029
1348,4.22044754028
1349,4.18960046768
1350,4.45555973053
1351,4.48108005524
1352,4.28105020523
1353,4.41382026672
1354,4.36382341385
1355,4.37340354919
1356,4.56071329117
1357,4.71801710129
1358,4.18887615204
1359,4.2788143158
1360,4.38849449158
1361,4.36206579208
1362,4.19346237183
1363,4.19194316864
1364,4.50842571259
1365,4.37876033783
1366,4.21942996979
1367,4.37580680847
1368,4.1584777832
1369,4.26733493805
1370,4.32196617126
1371,4.46026039124
1372,4.54003620148
1373,4.4963517189
1374,4.17234039307
1375,4.37465858459
1376,4.30893754959
1377,4.21566390991
1378,4.16584587097
1379,4.39620351791
1380,4.25671482086
1381,4.68619775772
1382,4.4229016304
1383,4.48104095459
1384,4.32575798035
1385,4.17493438721
1386,4.39272689819
1387,4.55333709717
1388,4.26589393616
1389,4.38072443008
1390,4.26815032959
1391,4.35535240173
1392,4.46050882339
1393,4.43021297455
1394,4.38700056076
1395,4.23983764648
1396,4.24572849274
1397,4.25224304199
1398,4.42474937439
1399,4.22567462921
1400,4.19242763519
1401,4.25000190735
1402,4.40865898132
1403,4.2517490387
1404,4.4141907692
1405,4.38712596893
1406,4.32876062393
1407,4.55508136749
1408,4.45879411697
1409,4.18969154358
1410,4.32409620285
1411,4.29144620895
1412,4.38858509064
1413,4.55038356781
1414,4.35210037231
1415,4.36882781982
1416,4.31410121918
1417,4.25883388519
1418,4.3965587616
1419,4.31599521637
1420,4.18329238892
1421,4.34018325806
1422,4.2839679718
1423,4.59076404572
1424,4.33609819412
1425,4.40896606445
1426,4.33817481995
1427,4.33027791977
1428,4.44513511658
1429,4.42131567001
1430,4.47659015656
1431,4.1951379776
1432,4.2468829155
1433,4.16137599945
1434,4.28482341766
1435,4.5674238205
1436,4.35304450989
1437,4.39010572433
1438,4.33536243439
1439,4.34084892273
1440,4.23990011215
1441,4.20598983765
1442,4.48265171051
1443,4.46432209015
1444,4.24697399139
1445,4.19802951813
1446,4.3782658577
1447,4.22164058685
1448,4.32104301453
1449,4.31237220764
1450,4.20323944092
1451,4.36285495758
1452,4.36906909943
1453,4.12861299515
1454,4.30045890808
1455,4.24219036102
1456,4.57255363464
1457,4.12020492554
1458,4.47926712036
1459,4.26889324188
1460,4.66020917892
1461,4.35981893539
1462,4.49182224274
1463,4.31459712982
1464,4.19703483582
1465,4.28482437134
1466,4.24100971222
1467,4.28740358353
1468,4.39443969727
1469,4.30675697327
1470,4.18857622147
1471,4.47800159454
1472,4.42599773407
1473,4.49824237823
1474,4.30801773071
1475,4.2946767807
1476,4.27664089203
1477,4.33819293976
1478,4.24700546265
1479,4.27987480164
1480,4.29336261749
1481,4.32431459427
1482,4.2165594101
1483,4.5712556839
1484,4.38313102722
1485,4.2118139267
1486,4.37180519104
1487,4.22842025757
1488,4.21365404129
1489,4.29431533813
1490,4.3692483902
1491,4.4654378891
1492,4.27987480164
1493,4.24735498428
1494,5.27153873444
1495,4.35673475266
1496,4.31865406036
1497,4.39424085617
1498,4.34632778168
1499,4.43157243729
1500,4.2715215683
1501,4.19056892395
1502,4.34133195877
1503,4.44262123108
1504,4.36496162415
1505,4.27063274384
1506,4.22308063507
1507,4.18429517746
1508,4.41515398026
1509,4.35259914398
1510,4.41089296341
1511,4.73794078827
1512,4.35855817795
1513,4.34267616272
1514,4.35871505737
1515,4.51016426086
1516,4.47161054611
1517,4.33201599121
1518,4.47152233124
1519,4.34466600418
1520,4.22317695618
1521,4.13347816467
1522,4.53342485428
1523,4.30417871475
1524,4.16400337219
1525,4.33168935776
1526,4.5399684906
1527,4.27070617676
1528,4.54141616821
1529,4.29444408417
1530,4.54761600494
1531,4.42568731308
1532,4.34650993347
1533,4.55205154419
1534,4.38850593567
1535,4.44273853302
1536,4.48930263519
1537,4.25579166412
1538,4.39162445068
1539,4.34384441376
1540,4.46267938614
1541,4.39698266983
1542,4.2356505394
1543,4.35104465485
1544,4.30364990234
1545,4.08465051651
1546,4.29467821121
1547,4.22030067444
1548,4.29031658173
1549,4.30488395691
1550,4.19329977036
1551,4.33510971069
1552,4.34483337402
1553,4.22654914856
1554,4.17129325867
1555,4.19362354279
1556,4.33739233017
1557,4.27706432343
1558,4.40650844574
1559,4.48482131958
1560,4.35632228851
1561,4.31238603592
1562,4.36519050598
1563,4.37270927429
38319,3.39408063889
38320,3.55746936798
38322,2.58021998405
38323,2.86134362221
38324,3.89572787285
38325,3.07683730125
38326,2.91631126404
38327,2.81710195541
38328,2.61310863495
38329,2.79130768776
38330,3.05787014961
38331,3.07503604889
38332,3.07971334457
38333,2.74130058289
38334,2.91780042648
38335,2.65141773224
38336,3.10648965836
38337,3.13912343979
38338,2.66978645325
38339,2.74643039703
38340,2.67991495132
38341,2.5587553978
38342,2.82742094994
38343,3.0327064991
38344,2.73164749146
38345,2.98810958862
38346,3.0136423111
38347,3.0597743988
38348,2.75646591187
38349,2.82694482803
38350,2.73899030685
38351,2.82452845573
38352,2.8773188591
38353,3.10834741592
38354,2.70662021637
38355,3.18839240074
38356,3.55322551727
38357,2.84894371033
38358,3.08292269707
38359,2.75674533844
38360,2.34186410904
38361,2.88585710526
38362,2.78415942192
38363,3.01749801636
38364,2.77670526505
38365,2.82853388786
38366,2.62424612045
38367,3.55439901352
38368,3.44086885452
38369,3.19863462448
38370,3.03374862671
38371,3.08072328568
38372,3.52030181885
38373,2.84662008286
38374,2.73463058472
38375,2.70041418076
38376,2.52648043633
38377,2.83860826492
38378,2.65862631798
38379,2.60680103302
38380,2.58829069138
38381,2.82563352585
38382,2.84116911888
38383,2.58016777039
38384,2.77538609505
38385,2.66158628464
38386,2.72474455833
38387,3.02949523926
38388,2.95721054077
38389,3.01624369621
38390,2.81821608543
38391,2.73866033554
38392,3.09353542328
38393,3.186378479
38394,2.47630167007
38395,2.47440481186
38396,2.8716878891
38397,2.81648349762
38398,2.67062997818
38399,2.84810090065
38400,2.58911037445
38401,2.8884344101
38402,2.65937948227
38403,2.70360136032
38404,2.71349263191
38405,2.68992424011
38406,2.83794140816
38407,2.79314804077
38408,3.2661421299
38409,3.42804169655
38410,2.8098115921
38411,2.9331741333
38412,2.60009694099
38413,2.53729701042
38414,2.75012731552
38415,2.46749329567
38416,2.86378145218
38417,3.29738283157
38418,3.68862557411
38419,2.88704848289
38420,2.72775745392
38421,3.01085948944
38422,2.64555883408
38423,2.9199514389
38424,2.71024370193
38425,2.85855221748
38426,2.77022957802
38427,3.15848088264
38428,2.78926110268
38429,3.120262146
38430,2.76714229584
38431,2.8740336895
38432,2.73189544678
38433,2.54521608353
38434,3.02985239029
38435,2.70435452461
38436,3.12115478516
38437,2.99602937698
38438,2.49538230896
38439,2.67145299911
38440,2.79491281509
38441,2.99418306351
38442,2.54752182961
38443,2.84731888771
38444,2.59962821007
38445,2.48337221146
38446,3.14582705498
38447,2.84788513184
38448,3.09388208389
38449,2.94668841362
38450,3.3026843071
38451,2.76698637009
38452,3.25911188126
38453,2.93805599213
38454,2.89019918442
38455,3.02189207077
38456,2.99142551422
38457,2.48207831383
38458,2.42241954803
38459,2.44104981422
38460,2.94061422348
38461,2.68168783188
38462,2.3211107254
38463,2.66948843002
38464,2.7309551239
38465,2.70848965645
38466,2.68231797218
38467,2.6760840416
38468,2.47549724579
38469,2.71716713905
38470,3.00159406662
38471,2.49944591522
38472,2.78831768036
38473,3.26891803741
38474,2.84615564346
38475,2.56337451935
38476,3.20026016235
38477,2.68679428101
38478,2.60631561279
38479,2.65746712685
38480,2.87803554535
38481,2.57653665543
38482,2.87764978409
38483,2.83692979813
38484,2.93240594864
38485,2.73498702049
38486,2.87990665436
38487,2.67457580566
38488,3.19493103027
38489,2.48102164268
38490,2.77113628387
38491,3.18587851524
38492,3.06984233856
38493,2.5274810791
38494,2.38958764076
38495,2.63432598114
38496,3.0154209137
38497,3.09372258186
38498,3.00457715988
38499,2.79219198227
38500,2.65497159958
38501,3.47778654099
38502,2.88310575485
38503,2.74293327332
38504,3.06741809845
38505,2.61096978188
38506,2.55549001694
38507,2.79628682137
38508,2.97958493233
38509,2.86989283562
38510,2.80547761917
38511,2.33929109573
38512,2.55770587921
38513,2.83075928688
38514,2.6180961132
38515,3.46926927567
38516,2.31151151657
38517,2.43585109711
38518,2.67452025414
38519,3.21062636375
38520,2.92890453339
38521,3.75669193268
38522,2.79514694214
38523,2.60791730881
38524,2.85957622528
38525,2.51726508141
38526,5.07731437683
38527,3.33064389229
38528,2.88184022903
38529,2.86036205292
38530,2.66016054153
38531,2.65017271042
38532,3.20638155937
38533,2.67860412598
38534,2.69445419312
38535,2.97239017487
38536,3.00322461128
38537,4.16147041321
38538,3.85013604164
38539,2.89543128014
38540,3.17038345337
38541,3.0283677578
38542,2.65961480141
38543,3.21005058289
38544,2.44021606445
38545,2.95712280273
38546,3.15339183807
38547,3.65195989609
38548,3.39225769043
38549,3.12461543083
38550,2.71935272217
38551,2.91182136536
38552,2.68415474892
38553,3.22059345245
38554,2.56926822662
38555,2.85871648788
38556,2.87268877029
38557,2.67952466011
38558,2.75448322296
38559,2.84672236443
38560,2.75884342194
38561,2.49031543732
38562,2.58516454697
38563,3.42142319679
38564,2.4307539463
38565,3.21076440811
38566,2.69922733307
38567,2.58757972717
38568,2.55910396576
38569,2.90881609917
38570,2.58463215828
38571,2.87338662148
38572,2.88004589081
38573,2.1576898098
38574,2.8510620594
38575,3.4594912529
38576,4.46831607819
38577,2.88834834099
38578,2.73185157776
38579,3.22298693657
38580,2.75425362587
38581,2.95728254318
38582,2.66506767273
38583,2.78650331497
38584,2.79073214531
38585,2.89029932022
38586,2.74573898315
38587,2.99806880951
38588,2.99141740799
38589,2.8694331646
38590,2.52154874802
38591,2.58473396301
38592,2.7353246212
38593,2.63378286362
38594,2.74548339844
38595,2.67643332481
38596,2.74732923508
38597,2.54367899895
38598,2.96656560898
38599,2.8933699131
38600,2.81533336639
38601,2.88241696358
38602,3.10297036171
38603,2.83964657784
38604,2.33529639244
38605,2.63874292374
38606,2.52453517914
38607,3.02640533447
38608,2.55994153023
38609,2.75231742859
38610,2.75827026367
38611,2.66661262512
38612,3.10135197639
38613,3.05629444122
38614,2.86731958389
38615,2.74092817307
38616,2.90314984322
38617,2.7138903141
38618,2.65390706062
38619,2.97519636154
38620,3.39855718613
38621,2.91825318336
38622,2.42867183685
38623,3.8293633461
38624,2.96467208862
38625,2.82191252708
38626,2.46319293976
38627,2.67566299438
38628,2.96268296242
38629,2.72415304184
38630,3.00891494751
38631,2.46629452705
38632,2.89717102051
38633,2.61577510834
38634,2.67397499084
38635,3.01834154129
38636,2.5499253273
38637,2.62515926361
38638,2.49918675423
38639,2.47905158997
38640,3.69286632538
38641,2.91363048553
38642,2.6280195713
38643,3.09414720535
38644,2.75428390503
38645,2.72300481796
38646,2.93028664589
38647,2.60197663307
38648,2.86544919014
38649,2.66283607483
38650,2.6745929718
38651,3.05053043365
38652,2.86613106728
38653,2.96902418137
38654,2.9929497242
38655,3.22296237946
38656,3.01467084885
38657,2.57324028015
38658,2.80877065659
38659,3.04769563675
38660,2.66159582138
38661,2.54319429398
38662,3.2844645977
38663,3.5046377182
38664,2.28610563278
38665,2.71651601791
38666,2.70376634598
38667,2.87236189842
38668,2.97828269005
38669,2.78140163422
38670,2.70962953568
38671,2.67286252975
38672,2.78775310516
38673,2.59825706482
38674,2.87777519226
38675,2.33605384827
38676,2.58277845383
38677,2.77912378311
38678,2.78161621094
38679,2.73228144646
38680,2.90093135834
38681,2.61382222176
38682,2.77848887444
38683,3.05256438255
38684,2.56024765968
38685,3.0525393486
38686,2.54721331596
38687,2.3927731514
38688,2.82049870491
38689,3.07627224922
38690,2.73778104782
38691,2.65236330032
38692,2.57701063156
38693,2.58868193626
38694,2.41652297974
38695,2.54938030243
38696,2.84665799141
38697,2.59887933731
38698,2.65126752853
38699,2.35979032516
38700,2.79045391083
38701,2.67239737511
38702,2.79012680054
38703,3.15322875977
38704,3.10674118996
38705,2.82656931877
38706,2.69136500359
38707,2.48072957993
38708,2.65647959709
38709,2.57715272903
38710,2.99708366394
38711,2.7373957634
38712,2.62635564804
38713,2.70869159698
38714,2.62709617615
38715,2.73365545273
38716,2.61165833473
38717,2.74745178223
38718,2.69411277771
38719,2.44041728973
38720,2.56045436859
38721,2.96030807495
38722,2.97707223892
38723,2.74388480186
38724,2.83398938179
38725,2.79971885681
38726,2.51946783066
38727,2.41282749176
38728,2.67151498795
38729,3.19823789597
38730,2.59535121918
38731,2.96775984764
38732,2.83795571327
38733,2.79811620712
38734,2.38077449799
38735,4.2127404213
38736,3.27246236801
38737,2.16957163811
38738,2.91568994522
38739,3.26633238792
38740,2.42254400253
38741,3.01572465897
38742,2.38891673088
38743,2.49822807312
38744,2.32593345642
38745,2.87412953377
38746,3.04202699661
38747,2.35493183136
38748,3.34828472137
38749,2.92625808716
38750,2.98279523849
38751,2.84328866005
38752,3.20687627792
38753,2.50067019463
38754,2.48297810555
38755,2.83534789085
38756,3.00739049911
38757,2.70788311958
38758,2.67349052429
38759,2.81529736519
38760,2.55346059799
38761,2.67982959747
38762,2.65441203117
38763,2.5061955452
38764,3.03992605209
38765,2.79085731506
38766,2.66032552719
38767,3.23110723495
38768,2.40757036209
38769,2.80360937119
38770,2.37659978867
38771,2.89408731461
38772,2.69551205635
38773,2.47384738922
38774,2.33222103119
38775,2.88727998734
38776,2.63217711449
38777,2.73085784912
38778,4.76301717758
38779,2.44887542725
38780,2.97617387772
38781,2.9289662838
38782,2.77650952339
38783,2.98578286171
38784,3.09609937668
38785,2.92847847939
38786,2.81957960129
38787,2.55314612389
38788,2.66168904305
38789,2.75754284859
38790,2.47646951675
38791,2.9103000164
38792,2.54477524757
38793,3.0379986763
38794,2.67446064949
38795,2.41241574287
38796,2.63737869263
38797,3.60068082809
38798,2.69446325302
38799,2.93772411346
38800,2.75064468384
38801,2.75983858109
38802,2.57325315475
38803,2.41089034081
38804,2.70537900925
38805,2.94719552994
38806,2.51454734802
38807,2.63160347939
38808,2.54630112648
38809,2.57211303711
38810,2.56044578552
38811,2.34995007515
38812,2.54492044449
38813,2.47432518005
38814,3.12132191658
38815,2.60979557037
38816,3.4375064373
38817,2.45924115181
38818,2.57188463211
38819,2.8203125
38820,2.50695705414
38821,2.6732378006
38822,2.72763681412
38823,2.82572865486
38824,2.8162317276
38825,2.86158466339
38826,2.84103608131
38827,2.72010421753
38828,2.72013139725
38829,2.74814653397
38830,2.45028162003
38831,3.49208879471
38832,2.64762592316
38833,2.79717731476
38834,2.74929904938
38835,2.7924785614
38836,2.56109333038
38837,3.0136756897
38838,2.61618328094
38839,2.90243530273
38840,2.66111373901
38841,2.69510269165
38842,2.16229248047
38843,2.91205596924
38844,2.77363491058
38845,3.02111649513
38846,2.51721334457
38847,3.09920978546
38848,2.70281600952
38849,2.69345521927
38850,2.11251688004
38851,3.0262055397
38852,2.96455764771
38853,2.45753526688
38854,2.82963871956
38855,2.46971225739
38856,2.57494544983
38857,2.73444223404
38858,2.75659561157
38859,2.48845624924
38860,2.97505617142
38861,2.59608459473
38862,2.4343214035
38863,2.4514670372
38864,2.56952190399
38865,2.53764247894
38866,2.99965071678
38867,2.67389345169
38868,2.76857066154
38869,2.37742137909
38870,2.63893985748
38871,3.228754282
38872,2.78756809235
38873,2.71150493622
38874,2.98979902267
38875,2.6032705307
38876,2.57540416718
38877,2.39240598679
38878,2.47038793564
38879,2.3696835041
38880,2.73338651657
38881,2.97327566147
38882,3.02413892746
38883,2.5291633606
38884,2.63364100456
38885,2.55683851242
38886,2.59199857712
38887,2.63993406296
38888,2.64013171196
38889,3.22612595558
38890,2.7634305954
38891,2.87218093872
38892,2.70541954041
38893,2.8262386322
38894,2.38657450676
38895,2.45769333839
38896,2.42785382271
38897,2.49422478676
38898,2.49672889709
38899,2.59396839142
38900,2.71287417412
38901,2.46043729782
38902,2.3975110054
38903,2.61032438278
38904,2.81410098076
38905,2.60823059082
38906,2.41450786591
38907,2.63155269623
38908,2.58911466599
38909,2.47565674782
38910,2.82143545151
38911,2.88280057907
38912,2.73502039909
38913,2.66959095001
38914,1.91082835197
38915,2.71248912811
38916,2.64931058884
38917,2.56996798515
38918,2.9158346653
38919,2.78839850426
38920,2.89463448524
38921,2.72995233536
38922,2.52355241776
38923,2.60871982574
38924,2.61452388763
38925,2.21319055557
38926,2.62105679512
38927,2.5557050705
38928,2.66950035095
38929,2.92864084244
38930,2.47475790977
38931,2.61737203598
38932,5.32117557526
38933,2.53046989441
38934,2.94711303711
38935,3.02748775482
38936,3.01899957657
38937,2.54067969322
38938,2.76909399033
38939,2.85826444626
38940,3.0102648735
38941,2.81444740295
38942,2.69256734848
38943,2.43886256218
38944,2.51762580872
38945,2.51761245728
38946,2.617613554
38947,2.74788880348
38948,2.44440126419
38949,2.57421994209
38950,2.60117721558
38951,2.60746979713
38952,2.28394699097
38953,2.35551834106
38954,2.47041034698
38955,2.90155267715
38956,2.46904182434
38957,2.63995265961
38958,2.44645094872
38959,3.02871966362
38960,2.73906373978
38961,2.9625082016
38962,2.70787382126
38963,2.45133972168
38964,2.98782157898
38965,2.82327032089
38966,2.99482917786
38967,2.72929644585
38968,2.45739412308
38969,2.41290163994
38970,2.82800579071
38971,2.79385781288
38972,2.8036429882
38973,2.42698955536
38974,2.70606136322
38975,2.37617492676
38976,2.75513911247
38977,2.44277954102
38978,3.27772331238
38979,2.5590672493
38980,2.74811410904
38981,3.01127910614
38982,2.59382247925
38983,2.8351213932
38984,2.50133609772
38985,2.78307414055
38986,2.5830950737
38987,2.24869823456
38988,2.67804026604
38989,2.87842011452
38990,2.68225383759
38991,2.0520324707
38992,2.74080133438
38993,2.6143746376
38994,2.47392225266
38995,2.39006614685
38996,2.89336967468
38997,2.7882335186
38998,2.94314002991
38999,2.76569128036
39000,2.83844065666
39001,2.84811449051
39002,2.56067204475
39003,2.59922742844
39004,2.77092051506
39005,2.92062067986
39006,2.45602011681
39007,2.75114917755
39008,2.2908000946
39009,2.66814184189
39010,2.39960479736
39011,2.64667606354
39012,3.00807094574
39013,2.73775815964
39014,2.64371323586
39015,2.46316766739
39016,2.17745876312
39017,2.78078341484
39018,2.5006942749
39019,2.55342698097
39020,2.36745500565
39021,2.78226089478
39022,2.48533821106
39023,2.80241966248
39024,2.35445547104
39025,2.66152572632
39026,2.364995718
39027,2.75970506668
39028,2.32344222069
39029,2.55876016617
39030,2.79896116257
39031,2.80881690979
39032,2.67183542252
39033,2.66203093529
39034,2.4499630928
39035,2.87471842766
39036,2.7942276001
39037,2.94951963425
39038,2.73792791367
39039,2.66471767426
39040,2.46207141876
39041,2.51458740234
39042,2.56213521957
39043,2.75723719597
39044,2.41632270813
39045,2.64776611328
39046,2.52738118172
39047,2.55055427551
39048,2.26207494736
39049,2.57801485062
39050,2.33141565323
39051,3.23163747787
39052,2.4412522316
39053,2.77645945549
39054,2.93136692047
39055,2.30047512054
39056,2.7521033287
39057,2.52501678467
39058,2.96851158142
39059,2.94724273682
39060,2.57352805138
39061,2.82715368271
39062,2.50035238266
39063,2.42121553421
39064,2.77179098129
39065,2.71825170517
39066,2.22555828094
39067,3.39089417458
39068,2.43447875977
39069,2.5809340477
39070,2.53308439255
39071,2.74612379074
39072,2.78371882439
39073,2.60049533844
39074,2.70099377632
39075,2.46993637085
39076,2.57961559296
39077,2.50256800652
39078,2.95025587082
39079,2.27399206161
39080,2.21209049225
39081,2.45507860184
39082,2.96954774857
39083,2.94973421097
39084,2.90982317924
39085,2.66205739975
39086,2.48235559464
39087,2.47657108307
39088,2.50223016739
39089,2.44784522057
39090,2.5040178299
39091,2.28203344345
39092,2.33433675766
39093,2.21574544907
39094,2.50087499619
39095,2.62506270409
39096,2.69331932068
39097,2.4433195591
39098,3.01419711113
39099,2.41252446175
39100,2.35026526451
39101,2.52748799324
39102,2.51046538353
39104,2.68044233322
39105,2.58926129341
39106,2.98996305466
39107,2.59018373489
39108,2.56334018707
39109,2.39362645149
39110,2.82349920273
39111,2.00601005554
39112,2.46444535255
39113,2.31632614136
39114,2.74440550804
39115,2.47725200653
39116,2.726126194
39117,2.20617461205
39118,2.65658426285
39119,2.7198433876
39120,2.73669338226
39121,2.72243833542
39122,2.49783372879
39123,2.99281787872
39124,2.59258008003
39125,2.25946164131
39126,2.35763406754
39127,2.4246981144
39128,2.48711824417
39129,2.6841173172
39130,2.60323953629
39131,2.50565266609
39132,2.60551977158
39133,2.25359606743
39134,2.58868217468
39135,2.64260005951
39136,2.42978858948
39137,2.8019464016
39138,2.20102477074
39139,2.43599772453
39140,2.33090114594
39141,2.98379158974
39142,2.81717991829
39143,2.0112118721
39144,2.46987533569
39145,2.56974196434
39146,2.42467546463
39147,2.66951656342
39148,2.46640968323
39149,2.53959393501
39150,2.48709440231
39151,2.75734877586
39152,2.49073910713
39153,2.70686912537
39154,2.57228064537
39155,2.39769911766
39156,3.00849962234
39157,2.10855579376
39158,2.69995689392
39159,2.75339436531
39160,2.5576877594
39161,2.35088658333
39162,2.96397590637
39163,2.37533521652
39164,2.80720758438
39165,2.54309940338
39166,2.6888794899
39167,2.49748849869
39168,2.5973777771
39169,2.44665169716
39170,2.17122673988
39171,2.47038078308
39172,2.78462076187
39173,2.61342835426
39174,2.48460531235
39175,2.57036924362
39176,2.72991228104
39177,2.31788182259
39178,2.73566579819
39179,2.72329258919
39180,2.35136842728
39181,2.93457651138
39182,2.60090208054
39183,2.54399609566
39184,2.76862812042
39185,2.21628880501
39186,2.19762706757
39187,2.98002457619
39188,2.43682193756
39189,2.59710741043
39190,2.59925961494
39191,2.83815598488
39192,2.91163110733
39193,2.90228033066
39194,2.95545911789
39195,2.18872785568
39196,2.45357656479
39197,2.92546796799
39198,2.70430517197
39199,2.72902417183
39200,2.92632913589
39201,2.91678571701
39202,2.69451713562
39203,2.99098086357
39204,2.48626303673
39205,2.4154882431
39206,2.62417078018
39207,2.59549188614
39208,2.75823950768
39209,2.54461574554
39210,2.67119836807
39211,2.49973630905
39212,2.80449056625
39213,2.53131318092
39214,2.57068252563
39215,2.49755048752
39216,2.73183608055
39217,2.82732057571
39218,2.43057990074
39219,2.80124759674
39220,2.76948046684
39221,2.6769080162
39222,2.68099379539
39223,2.60749435425
39224,2.42424345016
39225,2.72867202759
39226,2.47830677032
39227,2.40680718422
39228,2.20503544807
39229,2.71690869331
39230,2.57448911667
39231,2.43397974968
39232,2.5941824913
39233,2.95528936386
39234,2.52332758904
39235,2.61371946335
39236,2.44835615158
39237,2.29647016525
39238,2.96981143951
39239,2.55959749222
39240,2.6025621891
39241,2.67692613602
39242,2.54781270027
39243,2.817486763
39244,2.66364431381
39245,2.37699890137
39246,1.99682188034
39247,2.49920535088
39248,2.71307086945
39249,2.55181455612
39250,2.35934329033
39251,2.72829437256
39252,2.69008302689
39253,2.53127813339
39254,2.59211349487
39255,2.47096776962
39256,3.14473962784
39257,2.93641781807
39258,2.67240166664
39259,2.26994180679
39260,2.70897841454
39261,2.3593108654
39262,2.585906744
39263,2.37094068527
39264,2.39802455902
39265,2.66889572144
39266,2.54966926575
39267,2.70099377632
39268,3.04374361038
39269,2.40112257004
39270,2.63695502281
39271,2.70433545113
39272,2.83481311798
39273,2.83919739723
39274,2.63689279556
39275,2.644551754
39276,3.03750038147
39277,2.66882705688
39278,2.85225009918
39279,2.71154952049
39280,3.25341463089
39281,2.66407251358
39282,2.92893028259
39283,3.95721650124
39284,2.96553134918
39285,3.25451374054
39286,2.59094285965
39287,2.65524601936
39288,3.00010538101
39289,3.08027410507
39290,3.0180888176
39291,2.78842449188
39292,2.48036718369
39293,2.61206912994
39294,2.69187664986
39295,2.69320964813
39296,2.27269220352
39297,2.24035644531
39298,3.06042194366
39299,2.73386526108
39300,2.82164406776
39301,2.97271776199
39302,2.65457248688
39303,2.53307628632
39304,2.91732931137
39305,2.48809814453
39306,2.71004605293
39307,2.20984387398
39308,2.49695205688
39309,2.390001297
39310,2.85761094093
39311,2.81510448456
39312,2.57260489464
39313,2.57763576508
39314,2.73943042755
39315,2.37775087357
39316,2.48871564865
39317,2.61018419266
39318,2.56899809837
39319,2.75740432739
39320,2.82909679413
39321,2.41446113586
39322,2.53495788574
39323,2.77377700806
39324,3.46057391167
39325,2.43029928207
39326,2.85484218597
39327,2.95585918427
39328,2.60866165161
39329,2.81397533417
39330,2.7176990509
39331,2.66622447968
39332,3.31222057343
39333,3.07583236694
39334,2.32447910309
39335,2.74650096893
39336,3.15736103058
39337,2.94228839874
39338,2.76197242737
39339,2.42145872116
39340,2.75511074066
39341,2.79098582268
39342,2.08783936501
39343,2.86279249191
39344,2.41970801353
39345,2.81181693077
39346,2.84541511536
39347,2.32473421097
39348,2.79956293106
39349,2.94172072411
39350,2.53869819641
39351,2.92194080353
39352,2.19814968109
39353,2.68055319786
39354,2.78096389771
39355,3.08510398865
39356,2.27353715897
39357,2.65442037582
39358,2.63919639587
39359,2.85141801834
39360,3.56316328049
39361,2.53533792496
39362,2.75411319733
39363,2.68860435486
39364,2.41989183426
39365,3.03680896759
39366,2.54637622833
39367,2.62681818008
39368,2.53762030602
39369,2.36910581589
39370,2.58521461487
39371,2.47737979889
39372,2.86939287186
39373,2.88199448586
39374,2.83353996277
39375,3.03459477425
39376,3.02488398552
39377,2.67242574692
39378,2.57439184189
39379,2.59668922424
39380,4.03991937637
39381,2.67001008987
39382,2.47168159485
39383,2.9749917984
39384,2.8051366806
39385,2.82231140137
39386,3.529951334
39387,2.37042570114
39388,2.6395316124
39389,2.73748779297
39390,3.13972663879
39391,2.8874669075
39392,2.82086086273
39393,2.56731510162
39394,2.81717395782
39395,2.84616756439
39396,2.63496732712
39397,2.8261551857
39398,2.27188158035
39399,2.78188204765
39400,2.68543767929
39401,2.76201438904
39402,2.98368477821
39403,2.87674808502
39404,2.40542721748
39405,1.95585656166
39406,2.56476926804
39407,2.59081959724
39408,2.8538415432
39409,2.79034376144
39410,2.76701784134
39411,2.74153852463
39412,3.55607199669
39413,2.89661073685
39414,2.28912353516
39415,2.67815613747
39416,2.76686763763
39417,2.89722681046
39418,2.55171060562
39419,2.68206548691
39420,3.09857010841
39421,2.70941352844
39422,2.79534292221
39423,2.45091438293
39424,2.39937925339
39425,2.51904582977
39426,3.04136037827
39427,2.64816856384
39428,2.35181665421
39429,2.70981407166
39430,2.52809119225
39431,2.4633834362
39432,2.89979743958
39433,3.11669826508
39434,4.19688081741
39435,2.66662597656
39436,2.65156316757
39437,2.55687379837
39438,2.55690813065
39439,2.67805624008
39440,3.07766437531
39441,2.66824150085
39442,2.7042350769
39443,2.93381929398
39444,2.84615421295
39445,2.9803109169
39446,2.54650163651
39447,2.75843191147
39448,3.10568070412
39449,2.65673494339
39450,2.87565994263
39451,2.59359264374
39452,2.57790374756
39453,2.95055699348
39454,3.44090080261
39455,2.63230919838
39456,2.7297000885
39457,3.25328421593
39458,2.82258939743
39459,2.95703887939
39460,2.94650697708
39461,3.05512714386
39462,2.45715332031
39463,2.62444233894
39464,2.80007886887
39465,2.77245116234
39466,2.50899744034
39467,2.61766195297
39468,3.35802483559
39469,2.69215869904
39470,2.76326751709
39471,2.47776627541
39472,2.63777399063
39473,2.83034896851
39474,2.58077764511
39475,2.7087059021
39476,3.09066772461
39477,2.63807439804
39478,2.63474941254
39479,2.44824290276
39480,3.00906634331
39481,2.45620274544
39482,3.06575489044
39483,2.46079778671
39484,2.64108562469
39485,3.02877473831
39486,2.56154966354
39487,2.81140136719
39488,3.10021495819
39489,2.82419586182
39490,3.12073898315
39491,2.44583582878
39492,2.26976084709
39493,2.45246124268
39494,2.85332345963
39495,2.61472272873
39496,3.07773661613
39497,2.86287283897
39498,2.2235250473
39499,2.39125967026
39500,2.26404523849
39501,2.82245159149
39502,2.74947452545
39503,2.80195093155
39504,2.69230413437
39505,2.97085618973
39506,2.65245437622
39507,5.09857749939
39508,2.67595481873
39509,2.26348471642
39510,3.07305288315
39511,3.41194725037
39512,3.2786154747
39513,3.02472639084
39514,2.83913087845
39515,5.67434024811
39516,2.5001578331
39517,2.84421086311
39518,3.39722919464
39519,3.77411794662
39520,3.14495158195
39521,2.70616579056
39522,3.23574900627
39523,2.99235010147
39524,2.6077375412
39525,2.90057516098
39526,2.88608503342
39527,2.87897205353
39528,3.00918912888
39529,4.07970142365
39530,3.48212122917
39531,2.91790747643
39532,2.83295679092
39533,2.73457789421
39534,3.15569663048
39535,3.19403243065
39536,4.01417636871
39537,2.93775367737
39538,2.91752433777
39539,2.74768805504
39540,2.88535737991
39541,2.66093397141
39542,2.93803977966
39543,2.85740804672
39544,2.39124345779
39545,3.51852726936
39546,2.99118924141
39547,2.97180271149
39548,2.71342921257
39549,2.95253682137
39550,2.66062545776
39551,2.59061670303
39552,3.10177540779
39553,2.64915037155
39554,2.81340718269
39555,5.08833885193
39556,3.05367231369
39557,2.58637714386
39558,2.96789526939
39559,2.58062648773
39560,2.92205882072
39561,2.96511077881
39562,3.29439592361
39563,2.922498703
39564,2.58683872223
39565,3.03993082047
39566,2.90552306175
39567,2.90170860291
39568,4.23182582855
39569,3.53355574608
39570,2.74322032928
39571,3.54444050789
39572,2.89152622223
39573,3.13012814522
39574,3.38571834564
39575,2.65032100677
39576,2.97917747498
39577,3.15245914459
39578,2.79484033585
39579,2.43394351006
39580,2.66892528534
39581,2.73906683922
39582,2.91220927238
39583,2.52267456055
39584,3.00873756409
39585,2.71103405952
39586,2.65224266052
39587,3.14940643311
39588,2.93574357033
39589,2.52641487122
39590,2.89255523682
39591,2.37937402725
39592,2.50979042053
39593,3.09407234192
39594,2.63666749001
39595,3.12989139557
39596,2.6606259346
39597,3.1304974556
39598,2.92205142975
39599,2.66704559326
39600,2.64635443687
39601,2.92828989029
39602,2.95266532898
39603,2.59636425972
39604,2.68232584
39605,2.61553096771
39606,3.10680007935
39607,2.99914717674
39608,2.62824773788
39609,2.65952062607
39610,2.7572453022
39611,2.68165230751
39612,2.94463801384
39613,2.75406169891
39614,2.67544722557
39615,3.09155750275
39616,2.42438220978
39617,2.68862462044
39618,3.22555112839
39619,2.90804243088
39620,2.84601831436
39621,2.68876409531
39622,2.93815851212
39623,2.25280427933
39624,2.60040950775
39625,2.53586792946
39626,2.52486467361
39627,2.83266639709
39628,3.12369418144
39629,2.59217715263
39630,2.69308853149
39631,3.03869247437
39632,2.86331129074
39633,2.92333269119
39634,2.60620212555
39635,2.74380993843
39636,2.62528753281
39637,2.67769479752
39638,2.38090705872
39639,2.58445501328
39640,2.85477495193
39641,2.71472406387
39642,2.66818022728
39643,2.94752812386
39644,2.8918633461
39645,2.69331431389
39646,2.64683270454
39647,2.48936462402
39648,2.5786356926
39649,2.67062664032
39650,3.03632736206
39651,2.89377999306
39652,2.73169612885
39653,2.44167470932
39654,2.56338596344
39655,2.87381577492
39656,2.92585372925
39657,2.51781320572
39658,4.90340232849
39659,2.28025007248
39660,3.37266230583
39661,2.79330062866
39662,2.71277952194
39663,2.42881155014
39664,2.3420381546
39665,2.5958442688
39666,2.53454780579
39667,2.57890105247
39668,2.35921835899
39669,2.61347913742
39670,2.61654424667
39671,2.66672801971
39672,3.05775165558
39673,2.64619064331
39674,3.62503814697
39675,2.86438655853
39676,2.65660715103
39677,3.24218392372
39678,2.7720990181
39679,2.71219658852
39680,3.65378761292
39681,2.39469718933
39682,2.83667898178
39683,2.51687812805
39684,2.8664689064
39685,2.23091650009
39686,2.88997220993
39687,2.71200942993
39688,3.10946989059
39689,2.35454034805
39690,2.32724285126
39691,2.67377877235
39692,2.52363348007
39693,2.60732316971
39694,2.54191493988
39695,2.5720334053
39696,2.55563569069
39697,2.59903287888
39698,2.52576541901
39699,2.41388273239
39700,2.67510342598
39701,2.27948617935
39702,2.38313150406
39703,3.08836555481
39704,2.7107834816
39705,2.48602771759
39706,2.85785031319
39707,2.32295894623
39708,2.49673700333
39709,2.63229751587
39710,2.487221241
39711,2.53986740112
39712,2.99279212952
39713,2.97916316986
39714,2.66823005676
39715,2.32908821106
39716,2.70689249039
39717,2.58707642555
39718,2.94312906265
39719,2.50867438316
39720,2.4413819313
39721,2.66069459915
39722,2.50689387321
39723,2.96393227577
39724,2.61187458038
39725,2.76993751526
39726,2.37728881836
39727,2.47043538094
39728,2.58970832825
39729,2.31065177917
39730,2.62104773521
39731,2.78273963928
39732,2.6489071846
39733,2.63418674469
39734,2.602673769
39735,3.07364034653
39736,3.01673030853
39737,2.47029328346
39738,2.37649965286
39739,2.65814900398
39740,2.32059788704
39741,2.73278331757
39742,2.5022342205
39743,2.7471280098
39744,2.68145513535
39745,2.36575508118
39746,2.61467051506
39747,2.78991436958
39748,2.6228222847
39749,2.65931558609
39750,2.98512458801
39751,2.81896162033
39752,2.57785439491
39753,2.94420385361
39754,2.82701635361
39755,2.31497192383
39756,3.16378235817
39757,2.5990395546
39758,2.40955281258
39759,2.41839981079
39760,3.13670516014
39761,2.37634658813
39762,2.71653962135
39763,2.94163560867
39764,2.74749112129
39765,2.70237636566
39766,2.55730557442
39767,2.3771481514
39768,2.83926439285
39769,2.873067379
39770,2.45849132538
39771,2.38175797462
39772,2.37687635422
39773,2.9935567379
39774,2.82177400589
39775,2.78181171417
39776,2.56916928291
39777,2.55581474304
39778,2.55623722076
39779,2.69263100624
39780,2.70312666893
39781,2.62081933022
39782,2.50694322586
39783,2.32394218445
39784,2.25192952156
39785,2.42745137215
39786,2.5751273632
39787,2.74896144867
39788,2.49524116516
39789,2.86407351494
39790,2.88008165359
39791,2.58883237839
39792,2.25632858276
39793,3.67904901505
39794,2.97359919548
39795,2.52393865585
39796,2.7537112236
39797,2.68451023102
39798,2.22152996063
39799,2.42096090317
39800,2.66726922989
39801,3.01867222786
39802,2.94760274887
39803,3.2453083992
39804,2.70457863808
39805,2.64505672455
39806,2.22636270523
39807,2.85380792618
39808,2.70480298996
39809,2.85359477997
39810,2.67847442627
39811,2.92797446251
39812,2.47244000435
39813,2.5712428093
39814,2.463940382
39815,3.04899978638
39816,2.53224802017
39817,2.50051760674
39818,2.14409613609
39819,3.20738816261
39820,2.86247444153
39821,2.66780376434
39822,2.57486486435
39823,2.43584251404
39824,2.75644040108
39825,2.4864358902
39826,2.91692972183
39827,2.6001200676
39828,2.58108472824
39829,2.48258543015
39830,2.16843700409
39831,2.87946939468
39832,2.63335418701
39833,2.91595935822
39834,2.77386784554
39835,2.55165672302
39836,2.33018302917
39837,2.71454524994
39838,2.37888550758
39839,2.73777198792
39840,2.52365493774
39841,2.42739295959
39842,2.07617521286
39843,2.92117142677
39844,2.48628878593
39845,2.46950769424
39846,2.56074261665
39847,2.47092342377
39848,2.46210622787
39849,2.86020731926
39850,2.66017913818
39851,2.8077352047
39852,2.68386983871
39853,2.75091052055
39854,2.78727912903
39855,2.69587802887
39856,2.30131578445
39857,2.33186864853
39858,2.49437665939
39859,3.83741474152
39860,3.07716345787
39861,2.45272779465
39862,2.87266325951
39863,2.51396560669
39864,3.25184631348
39865,2.67669439316
39866,2.68894815445
39867,2.56621789932
39868,2.84831953049
39869,2.58537983894
39870,2.52080774307
39871,2.59979724884
39872,2.90898060799
39873,2.6235666275
39874,2.51143360138
39875,2.52712678909
39876,2.80816698074
39877,2.66544818878
39878,2.811419487
39879,2.73607468605
39880,2.58643579483
39881,3.23132705688
76637,2.3438065052
76638,2.60808873177
76640,2.30552530289
76641,2.63735485077
76642,2.37885141373
76643,2.50157546997
76644,2.18251824379
76645,2.49802327156
76646,2.77344608307
76647,2.44931077957
76648,2.7117767334
76649,2.20172834396
76650,2.37077331543
76651,2.7529232502
76652,2.52467060089
76653,2.59582996368
76654,2.98431444168
76655,2.5642311573
76656,2.68144893646
76657,2.4433619976
76658,2.52625727654
76659,2.36465883255
76660,2.72730922699
76661,2.36862921715
76662,2.48122596741
76663,2.54621601105
76664,2.47623038292
76665,2.53933000565
76666,2.72288393974
76667,3.01766252518
76668,2.39356303215
76669,2.47770690918
76670,2.55621051788
76671,2.55417180061
76672,2.95146036148
76673,2.20403528214
76674,2.58604335785
76675,2.7268846035
76676,3.4353582859
76677,2.67453289032
76678,2.62962436676
76679,2.35088562965
76680,2.30998039246
76681,2.0955529213
76682,2.77645635605
76683,2.22043943405
76684,2.07804584503
76685,2.15762925148
76686,2.78827142715
76687,2.06787633896
76688,2.26028633118
76689,2.94216918945
76690,3.15733265877
76691,2.80787014961
76692,2.22804474831
76693,2.51519441605
76694,2.98773097992
76695,1.98458123207
76696,2.44179582596
76697,2.2194275856
76698,2.40642786026
76699,2.74045324326
76700,2.55584692955
76701,2.56940793991
76702,2.5321726799
76703,2.3637638092
76704,2.46822547913
76705,2.41836977005
76706,2.70668411255
76707,2.54968166351
76708,2.51758432388
76709,2.60240125656
76710,2.67126750946
76711,2.6377093792
76712,2.48199272156
76713,2.7607960701
76714,2.40323972702
76715,2.56716680527
76716,2.68780660629
76717,2.38454294205
76718,2.44115543365
76719,2.77112412453
76720,2.04121446609
76721,2.17435216904
76722,2.53613376617
76723,2.5160946846
76724,2.25002193451
76725,2.33021450043
76726,2.71136498451
76727,2.82037973404
76728,3.3084127903
76729,2.63854146004
76730,2.2805416584
76731,2.04091501236
76732,3.04003453255
76733,3.53150367737
76734,2.3360004425
76735,2.68146348
76736,2.22859334946
76737,2.71138906479
76738,2.31946325302
76739,2.66064023972
76740,2.8959646225
76741,2.28238010406
76742,2.86762261391
76743,2.33094215393
76744,2.30009388924
76745,2.84792900085
76746,2.08902454376
76747,2.92027187347
76748,2.41124296188
76749,2.37372970581
76750,2.58219790459
76751,2.03964471817
76752,2.30305600166
76753,2.5110206604
76754,2.52440404892
76755,2.00424194336
76756,2.43637371063
76757,2.7314915657
76758,2.54096698761
76759,2.31648397446
76760,2.4098200798
76761,2.08423471451
76762,2.12125492096
76763,2.49809455872
76764,2.66998791695
76765,2.25616145134
76766,2.82526159286
76767,2.34919524193
76768,2.24330663681
76769,2.53420114517
76770,3.05027842522
76771,2.22832298279
76772,2.59764289856
76773,2.44793796539
76774,2.07796978951
76775,2.35846996307
76776,2.408867836
76777,2.33351230621
76778,2.56048893929
76779,2.19261670113
76780,1.99473690987
76781,2.90434932709
76782,2.01582431793
76783,2.50577402115
76784,2.36816883087
76785,2.54688358307
76786,2.59680247307
76787,2.47558736801
76788,3.00660872459
76789,2.49310493469
76790,2.42309761047
76791,2.6155962944
76792,2.40304255486
76793,2.64323735237
76794,2.23851752281
76795,2.34518146515
76796,2.3013586998
76797,2.63405799866
76798,2.1742503643
76799,2.93746423721
76800,2.19454097748
76801,2.85607051849
76802,2.76951980591
76803,2.49469184875
76804,2.22898674011
76805,2.21230697632
76806,2.53074336052
76807,2.442902565
76808,2.52630209923
76809,2.59483671188
76810,2.32836103439
76811,2.20046329498
76812,2.09171247482
76813,2.35745429993
76814,1.9830224514
76815,2.44915914536
76816,2.63480472565
76817,2.2287209034
76818,2.46421647072
76819,2.36277079582
76820,2.5855140686
76821,2.3800137043
76822,2.80440545082
76823,2.35093164444
76824,2.63181400299
76825,2.45602011681
76826,2.54212474823
76827,2.55819797516
76828,1.9923068285
76829,2.67146992683
76830,2.49579763412
76831,2.39985847473
76832,2.52700567245
76833,2.49349546432
76834,2.51245880127
76835,2.47321271896
76836,2.14164543152
76837,2.23219943047
76838,2.37341547012
76839,2.35257101059
76840,2.63543701172
76841,2.34508442879
76842,2.70911812782
76843,2.53440380096
76844,2.30194377899
76845,2.07580661774
76846,2.49310827255
76847,2.57336163521
76848,3.29444956779
76849,2.10918188095
76850,2.46963500977
76851,2.46080493927
76852,2.65625524521
76853,2.64162302017
76854,2.40647435188
76855,2.6153614521
76856,2.59397172928
76857,2.69620847702
76858,2.00430488586
76859,2.7281062603
76860,2.36966490746
76861,2.44344329834
76862,2.11713004112
76863,2.34217476845
76864,2.44873166084
76865,2.44467020035
76866,2.18261098862
76867,2.50740337372
76868,2.20550680161
76869,2.22524333
76870,3.71847867966
76871,2.22703552246
76872,2.33644628525
76873,3.26231241226
76874,2.41453647614
76875,2.33650064468
76876,2.3271484375
76877,2.56042861938
76878,2.84898352623
76879,2.39947390556
76880,2.63146305084
76881,2.17519855499
76882,2.18996667862
76883,2.4768447876
76884,2.34998416901
76885,2.551197052
76886,2.31742501259
76887,2.89062619209
76888,2.16240358353
76889,2.52845621109
76890,2.50505661964
76891,2.1658551693
76892,2.16221261024
76893,2.4737174511
76894,2.42295789719
76895,2.27281236649
76896,2.92505216599
76897,2.78833627701
76898,2.1011967659
76899,2.13876342773
76900,2.82253360748
76901,2.31196451187
76902,2.18424606323
76903,2.43604183197
76904,2.79133009911
76905,2.3720870018
76906,2.6657063961
76907,2.42744064331
76908,2.42809104919
76909,2.14321517944
76910,2.32773733139
76911,2.177546978
76912,2.54926371574
76913,2.53481674194
76914,2.70892548561
76915,2.36447787285
76916,2.3929233551
76917,2.67965888977
76918,2.44358444214
76919,1.9792368412
76920,2.29136419296
76921,2.31723165512
76922,2.47932887077
76923,2.7262775898
76924,2.38523864746
76925,2.27891278267
76926,2.33926415443
76927,2.25113153458
76928,2.31484150887
76929,2.548412323
76930,2.1932823658
76931,1.96549785137
76932,2.68739700317
76933,2.60358047485
76934,1.98320865631
76935,2.16372919083
76936,2.23611593246
76937,2.57314920425
76938,2.54214859009
76939,2.14037132263
76940,2.27375936508
76941,2.59175658226
76942,2.31949424744
76943,2.00352668762
76944,2.11238050461
76945,2.4445309639
76946,2.32955980301
76947,1.96067428589
76948,2.70853090286
76949,2.48674201965
76950,2.60959148407
76951,1.8084692955
76952,2.67715263367
76953,3.04683446884
76954,2.22679376602
76955,3.19891405106
76956,2.3034620285
76957,2.05640912056
76958,2.31148481369
76959,2.14390039444
76960,2.32361268997
76961,2.53516244888
76962,2.45461177826
76963,2.58952665329
76964,2.83828258514
76965,2.87593126297
76966,2.22406554222
76967,2.68184900284
76968,2.64288711548
76969,2.52877688408
76970,2.81441664696
76971,2.208070755
76972,2.23859882355
76973,2.32196974754
76974,2.3301589489
76975,2.51876473427
76976,2.25996446609
76977,2.42473602295
76978,1.8210515976
76979,2.13191270828
76980,2.62949180603
76981,2.25968503952
76982,2.25779247284
76983,1.77754557133
76984,2.64874887466
76985,2.39241504669
76986,2.33647632599
76987,2.26798391342
76988,2.18375110626
76989,2.32674503326
76990,2.15177154541
76991,2.19256448746
76992,2.06313943863
76993,2.48639202118
76994,2.49143719673
76995,2.69318437576
76996,2.4353992939
76997,2.37822008133
76998,2.04226112366
76999,2.33963489532
77000,2.48109340668
77001,2.25894784927
77002,2.02527809143
77003,2.49625587463
77004,2.38139820099
77005,2.37881588936
77006,2.03678822517
77007,2.1928563118
77008,2.04513025284
77009,1.90349650383
77010,2.08776187897
77011,2.18964576721
77012,2.5339486599
77013,2.01292419434
77014,2.45687389374
77015,2.17329025269
77016,2.48831629753
77017,2.43421363831
77018,2.49470996857
77019,2.32896161079
77020,2.54217410088
77021,1.75917506218
77022,2.51261043549
77023,2.1800262928
77024,2.56031894684
77025,2.0744972229
77026,2.04484939575
77027,2.54701828957
77028,1.99767696857
77029,2.28474330902
77030,2.26801490784
77031,2.41729712486
77032,2.00040340424
77033,2.52562189102
77034,2.30267715454
77035,2.90495491028
77036,2.49591445923
77037,2.47926902771
77038,2.5726454258
77039,2.61578893661
77040,2.55159282684
77041,3.07835650444
77042,2.56094956398
77043,2.45679330826
77044,2.40825748444
77045,1.991746068
77046,2.35247182846
77047,2.80184841156
77048,2.49417257309
77049,2.6587843895
77050,2.22814869881
77051,2.46196937561
77052,2.52507352829
77053,2.07900571823
77054,2.52124643326
77055,2.25056219101
77056,2.12440681458
77057,2.72575545311
77058,2.53534698486
77059,2.41494226456
77060,2.08777189255
77061,2.40249586105
77062,2.37433338165
77063,2.14280653
77064,2.71269822121
77065,2.41795516014
77066,2.32773566246
77067,2.63730740547
77068,2.11892843246
77069,2.6870508194
77070,2.20962762833
77071,2.43252778053
77072,2.42939853668
77073,2.10951638222
77074,2.06535673141
77075,2.01263403893
77076,2.69095802307
77077,2.66829967499
77078,2.15523934364
77079,1.91983747482
77080,2.29581785202
77081,2.04993104935
77082,2.54679107666
77083,2.47069978714
77084,2.50923490524
77085,2.27022767067
77086,2.19569087029
77087,2.32725858688
77088,2.84169483185
77089,2.06018304825
77090,2.30178236961
77091,2.14970254898
77092,2.33809614182
77093,2.75377392769
77094,2.34786868095
77095,2.43425679207
77096,2.31281733513
77097,2.09628868103
77098,2.84506940842
77099,2.79434537888
77100,2.61618900299
77101,2.25964021683
77102,3.09606122971
77103,2.2302877903
77104,2.07290029526
77105,2.13696908951
77106,2.27769589424
77107,2.96538591385
77108,2.39169931412
77109,2.2941699028
77110,2.31669044495
77111,2.55843615532
77112,3.04026222229
77113,2.39229893684
77114,2.02638459206
77115,2.51334095001
77116,2.44445371628
77117,2.16872882843
77118,2.45443844795
77119,2.2805788517
77120,2.12887692451
77121,2.2747168541
77122,2.50624752045
77123,2.48292207718
77124,2.15748047829
77125,2.41170907021
77126,2.32114601135
77127,2.46868801117
77128,2.54600834846
77129,2.15651392937
77130,2.23446702957
77131,2.42134666443
77132,2.61427640915
77133,2.64531350136
77134,2.00034189224
77135,2.37168955803
77136,2.0970852375
77137,2.30975079536
77138,2.20644688606
77139,2.60047340393
77140,2.55121302605
77141,2.53445672989
77142,2.31846833229
77143,2.50672531128
77144,2.16754627228
77145,2.04524612427
77146,2.50963640213
77147,2.23532938957
77148,2.6827814579
77149,2.37868022919
77150,2.1427321434
77151,2.51759243011
77152,2.20818662643
77153,2.50099492073
77154,2.33707761765
77155,2.24745821953
77156,2.50126481056
77157,2.32722139359
77158,2.11050462723
77159,2.62256717682
77160,2.38863706589
77161,2.46268773079
77162,2.18658971786
77163,1.98082184792
77164,2.47397232056
77165,2.19844555855
77166,2.13536262512
77167,2.75726485252
77168,2.7089574337
77169,2.15707540512
77170,2.58791065216
77171,2.38715910912
77172,2.66693210602
77173,2.47436761856
77174,2.31171560287
77175,2.26593875885
77176,2.93998908997
77177,2.2548866272
77178,2.19132494926
77179,2.35222768784
77180,2.17173886299
77181,2.19349241257
77182,2.2372546196
77183,2.20630693436
77184,2.11563444138
77185,2.16736006737
77186,2.68023085594
77187,2.35369825363
77188,2.12896084785
77189,2.55179071426
77190,2.01884222031
77191,2.46712207794
77192,2.38210439682
77193,2.11878371239
77194,1.83517837524
77195,2.18783259392
77196,2.33579397202
77197,2.15185403824
77198,2.53888320923
77199,2.34526491165
77200,2.55217123032
77201,2.11068153381
77202,2.42719221115
77203,2.78438210487
77204,2.79231953621
77205,2.5599398613
77206,2.23722481728
77207,2.5178027153
77208,2.26587724686
77209,2.5322561264
77210,2.11161088943
77211,2.13936042786
77212,2.35943937302
77213,3.08613562584
77214,2.1953265667
77215,2.36823296547
77216,2.18634581566
77217,2.35958480835
77218,2.23027634621
77219,2.24456739426
77220,2.70005655289
77221,1.79903209209
77222,2.5037791729
77223,2.35379600525
77224,2.14166045189
77225,2.20344924927
77226,2.51872301102
77227,2.16207075119
77228,2.23698067665
77229,2.70032548904
77230,2.73963594437
77231,2.06201410294
77232,2.36966586113
77233,2.69395971298
77234,2.74475598335
77235,2.3718919754
77236,2.44480228424
77237,2.57422304153
77238,2.48119258881
77239,2.27313995361
77240,2.17534708977
77241,2.33280849457
77242,2.35901236534
77243,2.06507873535
77244,2.33513259888
77245,2.43449950218
77246,2.72886919975
77247,2.3792321682
77248,2.0739095211
77249,2.28729128838
77250,2.78552913666
77251,2.54226875305
77252,2.80137395859
77253,2.02505970001
77254,2.25754117966
77255,2.34498214722
77256,2.33708810806
77257,2.17681789398
77258,2.6435174942
77259,2.09985399246
77260,3.03675055504
77261,2.01136279106
77262,2.42107248306
77263,2.45211243629
77264,2.41488647461
77265,2.67559051514
77266,2.09826874733
77267,2.01777744293
77268,2.56396818161
77269,2.46691823006
77270,1.85928547382
77271,2.44504904747
77272,2.02271699905
77273,2.30812597275
77274,2.61804628372
77275,2.47009801865
77276,2.31689977646
77277,2.41141223907
77278,2.11588931084
77279,2.1854839325
77280,2.74762296677
77281,2.70919108391
77282,2.19520974159
77283,2.71222162247
77284,2.44611120224
77285,2.21213388443
77286,2.05410575867
77287,2.42940044403
77288,2.67580795288
77289,2.44653558731
77290,2.29548692703
77291,2.53082561493
77292,2.76357412338
77293,2.50362682343
77294,2.74810123444
77295,2.49218344688
77296,2.39418315887
77297,2.25796580315
77298,2.21884632111
77299,2.3018860817
77300,2.15754270554
77301,2.66187047958
77302,2.61130309105
77303,2.33906078339
77304,2.36526918411
77305,2.39801335335
77306,2.356975317
77307,2.39655947685
77308,2.72668075562
77309,2.23470067978
77310,2.41561794281
77311,2.23332452774
77312,2.34858417511
77313,1.99522459507
77314,2.65045928955
77315,2.10921001434
77316,2.71334886551
77317,2.62113046646
77318,2.85696268082
77319,2.46682214737
77320,2.4919757843
77321,2.15688228607
77322,2.11227607727
77323,2.33611416817
77324,2.62627029419
77325,2.45279073715
77326,2.64216470718
77327,2.16513204575
77328,2.1747879982
77329,2.40579319
77330,2.2463684082
77331,2.44613409042
77332,2.87216472626
77333,2.49801802635
77334,2.04029226303
77335,2.5732960701
77336,2.37867164612
77337,2.59276580811
77338,2.38310575485
77339,1.97800815105
77340,2.11198782921
77341,2.66973924637
77342,2.42276477814
77343,2.3475022316
77344,2.78830718994
77345,2.13270044327
77346,2.65380191803
77347,2.4001083374
77348,2.16520261765
77349,2.31013011932
77350,2.57511758804
77351,2.00826382637
77352,2.45827913284
77353,2.19689035416
77354,2.3668358326
77355,2.24882149696
77356,2.48931741714
77357,2.70340633392
77358,2.53335428238
77359,2.32316827774
77360,2.31046009064
77361,2.87871360779
77362,2.53179812431
77363,2.53865861893
77364,2.81405448914
77365,2.19511365891
77366,2.48054456711
77367,2.21255540848
77368,2.34567213058
77369,2.08081865311
77370,2.39677143097
77371,2.27697181702
77372,2.25570821762
77373,2.55960988998
77374,2.54167962074
77375,2.25016403198
77376,2.31448507309
77377,2.39746427536
77378,2.31128334999
77379,2.26533555984
77380,2.80832672119
77381,2.83521270752
77382,2.47100067139
77383,2.55307531357
77384,2.40620207787
77385,2.35751414299
77386,2.49678039551
77387,2.4187746048
77388,2.42450332642
77389,2.61329889297
77390,2.57983875275
77391,2.50845956802
77392,2.30784463882
77393,2.21827411652
77394,2.66278028488
77395,2.2119436264
77396,2.18677711487
77397,2.32285380363
77398,2.14725017548
77399,2.20550107956
77400,2.28504037857
77401,2.22986221313
77402,2.211373806
77403,2.13652014732
77404,2.62038183212
77405,2.63088464737
77406,2.84010148048
77407,2.14496254921
77408,2.35921907425
77409,2.08133196831
77410,2.36544156075
77411,2.82673311234
77412,2.28909778595
77413,2.52373409271
77414,2.43205022812
77415,2.19385051727
77416,2.57479405403
77417,2.48535037041
77418,2.248960495
77419,2.15636253357
77420,2.44214820862
77422,2.12558674812
77423,2.30899858475
77424,2.10001850128
77425,2.53295278549
77426,2.36407995224
77427,3.04239463806
77428,2.06397247314
77429,2.12606501579
77430,2.69351816177
77431,2.43204641342
77432,2.35507297516
77433,2.49173092842
77434,2.06048297882
77435,2.23641204834
77436,2.29782390594
77437,2.34710359573
77438,2.73557400703
77439,2.40154123306
77440,2.20042085648
77441,2.30370163918
77442,2.67545223236
77443,2.32020068169
77444,1.99335289001
77445,2.25838565826
77446,2.31782793999
77447,2.62617182732
77448,2.24210643768
77449,2.55371189117
77450,2.54475975037
77451,2.40734624863
77452,2.56869792938
77453,2.44064426422
77454,2.23533582687
77455,2.37684679031
77456,2.21451044083
77457,2.44295620918
77458,2.10810828209
77459,2.40310525894
77460,2.11559295654
77461,2.48054599762
77462,2.22769284248
77463,2.30744600296
77464,2.98438930511
77465,2.23426866531
77466,2.3660902977
77467,1.9214771986
77468,2.90994977951
77469,2.42435836792
77470,2.06418251991
77471,2.49309897423
77472,2.63011145592
77473,2.17938709259
77474,2.41127252579
77475,2.55582094193
77476,2.43537259102
77477,1.83154523373
77478,2.55415868759
77479,2.30546092987
77480,2.3874578476
77481,2.60960626602
77482,2.40910100937
77483,2.57014966011
77484,2.3594584465
77485,2.56135058403
77486,2.74659228325
77487,2.23131799698
77488,2.512114048
77489,2.43575286865
77490,2.10435295105
77491,2.34763097763
77492,2.63814306259
77493,2.21131849289
77494,2.10408210754
77495,2.23004388809
77496,2.92906570435
77497,2.18360757828
77498,2.19393110275
77499,2.35220003128
77500,2.41094994545
77501,2.29760313034
77502,2.13434076309
77503,2.02939462662
77504,2.13795661926
77505,2.38031697273
77506,2.14687013626
77507,2.27434325218
77508,2.96198248863
77509,2.58650445938
77510,1.95020544529
77511,2.43946433067
77512,2.50529408455
77513,1.79784440994
77514,2.58154416084
77515,2.37126255035
77516,2.47465109825
77517,2.28623437881
77518,2.45256996155
77519,2.27856516838
77520,2.32973504066
77521,2.29647874832
77522,2.18389034271
77523,2.13066363335
77524,2.15481162071
77525,2.57727766037
77526,2.26740860939
77527,2.61885118484
77528,2.38975667953
77529,2.46271800995
77530,2.07775068283
77531,1.9916009903
77532,2.408680439
77533,2.76184487343
77534,2.63304495811
77535,1.86512184143
77536,2.56414937973
77537,2.8651676178
77538,2.19664907455
77539,2.00106835365
77540,2.60547971725
77541,2.28140497208
77542,2.19203805923
77543,2.09800863266
77544,2.03676605225
77545,2.24014759064
77546,2.16816854477
77547,2.28696036339
77548,2.41201353073
77549,2.17705488205
77550,2.43284153938
77551,2.20252609253
77552,2.0357260704
77553,2.47984790802
77554,2.25695514679
77555,2.2880654335
77556,2.46775507927
77557,2.14442658424
77558,2.43607711792
77559,2.36117219925
77560,2.81177997589
77561,2.18332386017
77562,2.49032378197
77563,2.72187590599
77564,2.69515275955
77565,2.781696558
77566,1.92995429039
77567,2.55114126205
77568,2.59079408646
77569,2.31464481354
77570,2.05533409119
77571,2.21202945709
77572,2.70243144035
77573,2.20371484756
77574,2.63938593864
77575,2.49101495743
77576,2.06171679497
77577,1.98664009571
77578,2.30873513222
77579,2.32406210899
77580,2.47520589828
77581,1.86705768108
77582,3.02066802979
77583,2.22277164459
77584,2.19667482376
77585,2.33050680161
77586,2.05520105362
77587,2.68020701408
77588,2.47580528259
77589,2.23787498474
77590,2.55173301697
77591,2.05395483971
77592,2.61093139648
77593,2.98439836502
77594,2.70492982864
77595,2.35563564301
77596,2.37218570709
77597,2.4639685154
77598,2.75943422318
77599,2.35659837723
77600,2.610912323
77601,2.34241700172
77602,2.26783204079
77603,2.56573271751
77604,2.34308099747
77605,2.14089870453
77606,2.77007365227
77607,2.00662183762
77608,2.64656424522
77609,2.17181062698
77610,2.28421187401
77611,1.94791841507
77612,2.44620704651
77613,2.27017021179
77614,2.05565929413
77615,2.36838769913
77616,2.58984804153
77617,2.32722258568
77618,2.40694570541
77619,2.11834406853
77620,2.58612632751
77621,2.54278516769
77622,2.56609153748
77623,2.4150185585
77624,2.10374093056
77625,2.10722303391
77626,2.37942481041
77627,2.91608333588
77628,1.95425629616
77629,2.43247079849
77630,2.56119799614
77631,2.63247847557
77632,2.3849864006
77633,2.48820972443
77634,2.12068319321
77635,2.28374671936
77636,2.31097126007
77637,2.40324187279
77638,2.13087320328
77639,2.65471220016
77640,3.05533289909
77641,2.37820863724
77642,2.52277302742
77643,2.60996222496
77644,2.57886457443
77645,2.34010767937
77646,1.90847301483
77647,2.56105518341
77648,2.46784162521
77649,2.87873125076
77650,2.13454961777
77651,2.17954158783
77652,2.1813852787
77653,2.70929050446
77654,2.19763708115
77655,2.11589241028
77656,2.27191233635
77657,3.1170091629
77658,2.41245985031
77659,2.79374551773
77660,2.17509126663
77661,2.68233108521
77662,2.85966825485
77663,2.28580904007
77664,3.1574549675
77665,2.12347412109
77666,2.16000938416
77667,2.60765314102
77668,2.55798959732
77669,2.69004631042
77670,2.61498594284
77671,2.5163257122
77672,2.32705307007
77673,2.57176423073
77674,2.44296884537
77675,2.57750463486
77676,3.32862138748
77677,2.52745723724
77678,2.53094172478
77679,2.37065148354
77680,1.9192404747
77681,2.48077011108
77682,2.55959701538
77683,2.17289686203
77684,2.55087900162
77685,2.63221025467
77686,2.8027973175
77687,2.47774744034
77688,2.38988900185
77689,2.19313979149
77690,2.30833482742
77691,2.18553805351
77692,2.35581254959
77693,2.25005722046
77694,2.55582642555
77695,2.36137485504
77696,1.77445983887
77697,2.21463227272
77698,1.75649261475
77699,2.54734301567
77700,2.55526828766
77701,2.36966180801
77702,2.58497333527
77703,2.50931167603
77704,2.41140675545
77705,2.22165441513
77706,2.4966366291
77707,2.14187288284
77708,2.38889312744
77709,2.50123429298
77710,2.39982175827
77711,3.04568481445
77712,2.27930593491
77713,2.13247704506
77714,2.18501996994
77715,2.58898043633
77716,2.3214840889
77717,2.12190032005
77718,2.34661579132
77719,2.44220781326
77720,2.25432944298
77721,2.16329693794
77722,2.11830711365
77723,2.06301450729
77724,2.18528485298
77725,2.40383005142
77726,2.12524795532
77727,2.284044981
77728,2.49292898178
77729,2.60809803009
77730,2.46966457367
77731,2.33278465271
77732,2.30860829353
77733,2.64092993736
77734,2.17141103745
77735,2.11542773247
77736,2.62123823166
77737,2.30741882324
77738,2.19913125038
77739,2.44129014015
77740,2.52621197701
77741,2.37043333054
77742,2.22038316727
77743,2.44455718994
77744,2.22896671295
77745,2.72629308701
77746,2.3627717495
77747,2.37928128242
77748,2.22863554955
77749,2.26598167419
77750,2.36469745636
77751,2.78073716164
77752,2.3079419136
77753,2.40466785431
77754,2.32968997955
77755,2.62156367302
77756,2.64426136017
77757,1.95162916183
77758,2.43349933624
77759,2.30660462379
77760,2.17860364914
77761,2.29141378403
77762,2.14878559113
77763,2.54225325584
77764,2.15485954285
77765,2.14456677437
77766,2.26666688919
77767,2.2878036499
77768,2.3393266201
77769,2.97599053383
77770,2.60850286484
77771,2.65041160583
77772,2.40393972397
77773,2.26482248306
77774,2.56092214584
77775,2.30730772018
77776,2.40425729752
77777,2.47921609879
77778,2.57236099243
77779,2.55254769325
77780,2.12137365341
77781,2.34370088577
77782,2.56263184547
77783,2.63917207718
77784,2.28434848785
77785,2.16670846939
77786,2.16188144684
77787,1.90581345558
77788,1.97880029678
77789,2.41875171661
77790,2.3731482029
77791,1.94553208351
77792,1.80069231987
77793,2.05038785934
77794,2.19267368317
77795,2.37976074219
77796,2.79861807823
77797,2.27397656441
77798,1.98516893387
77799,2.2004442215
77800,1.83270299435
77801,2.53938817978
77802,2.35649561882
77803,2.27258396149
77804,2.63904285431
77805,2.09571480751
77806,2.03138208389
77807,2.31530165672
77808,2.50238037109
77809,2.72551965714
77810,2.57421541214
77811,2.13375806808
77812,2.23604345322
77813,2.28575372696
77814,2.51787853241
77815,2.38790941238
77816,2.24139046669
77817,2.09659957886
77818,2.2966272831
77819,2.02213788033
77820,2.78949022293
77821,2.19476485252
77822,1.86754107475
77823,2.45588326454
77824,2.28284239769
77825,2.46520614624
77826,1.87651836872
77827,2.02172040939
77828,2.54876828194
77829,2.00497293472
77830,2.08517503738
77831,2.08826160431
77832,2.29791760445
77833,2.38106966019
77834,2.21295404434
77835,2.61889600754
77836,1.87145864964
77837,2.00145363808
77838,2.54440522194
77839,2.78397655487
77840,2.29290556908
77841,2.13483643532
77842,2.71405148506
77843,2.10632944107
77844,2.59947323799
77845,1.96044874191
77846,2.68812537193
77847,2.18012952805
77848,2.29026269913
77849,2.48615670204
77850,2.52686095238
77851,2.18393754959
77852,3.69933772087
77853,2.36708927155
77854,2.46119308472
77855,2.18297624588
77856,1.82440137863
77857,2.30936861038
77858,2.48912906647
77859,2.41058754921
77860,2.29103422165
77861,2.188154459
77862,2.48399019241
77863,2.47071266174
77864,2.06834959984
77865,2.87847995758
77866,2.65308046341
77867,2.32550978661
77868,2.15439462662
77869,2.01321148872
77870,2.26538705826
77871,2.45723176003
77872,1.97503483295
77873,1.78289818764
77874,2.49744105339
77875,2.03576993942
77876,1.98263788223
77877,2.12660455704
77878,2.49666404724
77879,2.39928722382
77880,2.28289794922
77881,2.81778502464
77882,2.3769800663
77883,1.78042864799
77884,2.1945540905
77885,2.43420124054
77886,2.58401823044
77887,2.94604611397
77888,2.44241476059
77889,2.16924142838
77890,2.33301019669
77891,2.14968585968
77892,1.87565422058
77893,2.35491037369
77894,2.34589290619
77895,2.40832281113
77896,2.31149435043
77897,2.52850675583
77898,2.12673163414
77899,2.18796920776
77900,2.45686912537
77901,2.18338251114
77902,2.34785366058
77903,2.43563199043
77904,2.1271417141
77905,2.80771970749
77906,2.24747896194
77907,2.60032606125
77908,2.48089599609
77909,2.60030174255
77910,2.05680751801
77911,2.06151413918
77912,2.13608503342
77913,1.86800408363
77914,2.33438229561
77915,2.90537047386
77916,2.28903579712
77917,2.42484998703
77918,3.06606245041
77919,2.22248101234
77920,2.39364719391
77921,2.23220539093
77922,2.1294028759
77923,2.0971057415
77924,2.28598999977
77925,2.76216292381
77926,2.40411376953
77927,2.23860502243
77928,2.22024559975
77929,2.59072065353
77930,2.04193925858
77931,2.38213062286
77932,2.39466190338
77933,2.41661643982
77934,2.12741184235
77935,2.12321233749
77936,1.89717566967
77937,3.39398336411
77938,2.63112831116
77939,2.79133915901
77940,2.63234877586
77941,2.29881811142
77942,2.2999830246
77943,2.12094688416
77944,2.23566770554
77945,2.2250020504
77946,2.41198301315
77947,2.32331705093
77948,2.23429727554
77949,2.15169215202
77950,2.47508382797
77951,2.66439294815
77952,1.98830032349
77953,2.49064350128
77954,2.16208314896
77955,2.11475801468
77956,2.2045674324
77957,2.29786300659
77958,2.11562538147
77959,2.50431084633
77960,2.37793540955
77961,2.41173028946
77962,2.3043923378
77963,2.08224487305
77964,1.62795603275
77965,2.46298265457
77966,2.58137512207
77967,2.28281784058
77968,1.98130738735
77969,1.98344659805
77970,2.47287416458
77971,2.04239797592
77972,2.32291197777
77973,2.50303697586
77974,2.25301384926
77975,2.22992277145
77976,2.46076178551
77977,2.49278616905
77978,2.85790657997
77979,2.06747484207
77980,2.61769723892
77981,2.56751894951
77982,2.67993998528
77983,2.49784302711
77984,2.51398324966
77985,2.59495735168
77986,2.28520178795
77987,2.89875650406
77988,1.90677642822
77989,1.93610572815
77990,2.16588902473
77991,2.2147526741
77992,2.35052704811
77993,1.96593940258
77994,2.50976085663
77995,2.02053070068
77996,2.24769759178
77997,2.55146741867
77998,3.12814164162
77999,2.30053400993
78000,1.98473477364
78001,2.61007642746
78002,2.26050567627
78003,2.14817547798
78004,2.45508027077
78005,2.26449155807
78006,2.21594619751
78007,2.86491584778
78008,2.49635267258
78009,2.3268532753
78010,2.35277891159
78011,1.99980056286
78012,2.15294361115
78013,2.28006267548
78014,3.29001617432
78015,2.41452455521
78016,2.86807966232
78017,2.29326581955
78018,2.3269443512
78019,2.45761108398
78020,2.40742826462
78021,2.9454228878
78022,2.36485385895
78023,2.16882157326
78024,2.33827090263
78025,2.40579724312
78026,2.15892696381
78027,2.37212538719
78028,2.2455406189
78029,2.14078855515
78030,2.4797668457
78031,2.09644579887
78032,2.30525374413
78033,2.10956048965
78034,2.14233636856
78035,2.20940160751
78036,2.24893188477
78037,2.39079260826
78038,2.54172492027
78039,2.37187790871
78040,2.78830051422
78041,2.62572717667
78042,2.07839822769
78043,2.55614089966
78044,1.70746183395
78045,2.41027641296
78046,2.8152217865
78047,2.28349542618
78048,2.18056154251
78049,2.38519954681
78050,2.27523207664
78051,2.281270504
78052,2.32737326622
78053,2.18107461929
78054,2.88052630424
78055,2.5174973011
78056,2.04861593246
78057,2.25723075867
78058,2.41641545296
78059,2.96710896492
78060,2.80089139938
78061,2.45267629623
78062,2.21878266335
78063,2.19645261765
78064,2.77826476097
78065,2.25522732735
78066,2.38070774078
78067,2.04369401932
78068,2.17849469185
78069,2.26057124138
78070,2.14390993118
78071,1.99954557419
78072,2.15151786804
78073,2.03220176697
78074,2.19320774078
78075,2.39326190948
78076,2.36509633064
78077,1.9199103117
78078,2.19104266167
78079,1.88479757309
78080,2.57562112808
78081,2.10965585709
78082,2.50219392776
78083,2.081366539
78084,2.31998443604
78085,2.36937689781
78086,2.41534852982
78087,2.29981613159
78088,2.4001789093
78089,1.99459064007
78090,2.68678951263
78091,2.62637758255
78092,1.9855312109
78093,2.4273660183
78094,2.28844261169
78095,2.51898956299
78096,2.27009391785
78097,2.20592164993
78098,2.50374245644
78099,2.44038844109
78100,2.16922044754
78101,2.5986366272
78102,2.45641922951
78103,2.13786745071
78104,2.30664110184
78105,2.40634846687
78106,2.4500067234
78107,2.56536006927
78108,2.83117222786
78109,2.20257949829
78110,2.94939923286
78111,2.44047880173
78112,2.39959716797
78113,2.68083143234
78114,2.84597468376
78115,2.69950413704
78116,2.46347093582
78117,2.35847258568
78118,2.75848674774
78119,2.25772380829
78120,2.36418199539
78121,2.27249884605
78122,2.77800130844
78123,2.15747380257
78124,2.49205875397
78125,2.68000173569
78126,2.14987468719
78127,2.83460903168
78128,2.20047736168
78129,2.25913953781
78130,2.46611404419
78131,2.19676232338
78132,2.42417550087
78133,2.12302398682
78134,2.24259829521
78135,2.47256040573
78136,2.51385378838
78137,2.52217411995
78138,2.25296068192
78139,2.22070813179
78140,2.17575073242
78141,2.30469965935
78142,2.27488732338
78143,2.52225613594
78144,2.05684709549
78145,2.17111468315
78146,2.33999633789
78147,2.2707118988
78148,2.39545369148
78149,2.24580216408
78150,2.28249049187
78151,2.45345973969
78152,2.32633590698
78153,2.32819366455
78154,1.85033524036
78155,2.47131919861
78156,2.05187034607
78157,2.15068554878
78158,2.2903137207
78159,2.32867622375
78160,2.37835216522
78161,2.34814500809
78162,2.02881288528
78163,2.3874745369
78164,2.25743770599
78165,2.44010925293
78166,2.54001140594
78167,2.50259184837
78168,2.14341282845
78169,2.70269298553
78170,2.29023122787
78171,1.99989557266
78172,2.63601016998
78173,2.29483914375
78174,2.19556331635
78175,2.30055952072
78176,2.39276051521
78177,2.51172590256
78178,2.71846842766
78179,2.45605421066
78180,2.33028912544
78181,2.96363830566
78182,2.34274792671
78183,2.23591041565
78184,2.28084230423
78185,2.52046942711
78186,2.29700016975
78187,2.48156118393
78188,2.36290931702
78189,2.42151451111
78190,2.38365983963
78191,2.42986750603
78192,2.05214214325
78193,2.56487679482
78194,2.27793622017
78195,2.91450977325
78196,2.34036684036
78197,2.09910821915
78198,2.45905590057
78199,2.17600059509
78200,2.0693488121
78201,2.41223192215
78202,2.31242656708
