4,0.046875
5,0.046875
6,0.078125
7,0.078125
8,0.0
9,0.078125
10,0.015625
11,0.046875
12,0.0625
13,0.078125
14,0.0625
15,0.015625
16,0.0625
17,0.03125
18,0.03125
19,0.046875
20,0.09375
21,0.03125
22,0.03125
23,0.078125
24,0.046875
25,0.0
26,0.03125
27,0.03125
28,0.0
29,0.109375
30,0.09375
31,0.03125
32,0.0625
33,0.0625
34,0.0625
35,0.0625
36,0.03125
37,0.015625
38,0.03125
39,0.046875
40,0.015625
41,0.0625
42,0.0625
43,0.015625
44,0.078125
45,0.03125
46,0.0625
47,0.046875
48,0.09375
49,0.109375
50,0.046875
51,0.0625
52,0.046875
53,0.078125
54,0.03125
55,0.03125
56,0.03125
57,0.03125
58,0.0625
59,0.125
60,0.078125
61,0.046875
62,0.0625
63,0.046875
64,0.046875
65,0.03125
66,0.0
67,0.0625
68,0.03125
69,0.03125
70,0.03125
71,0.0625
72,0.078125
73,0.046875
74,0.0625
75,0.03125
76,0.03125
77,0.015625
78,0.015625
79,0.03125
80,0.0625
81,0.0625
82,0.0625
83,0.015625
84,0.0625
85,0.078125
86,0.03125
87,0.078125
88,0.078125
89,0.015625
90,0.0625
91,0.0625
92,0.03125
93,0.015625
94,0.046875
95,0.03125
96,0.015625
97,0.09375
98,0.078125
99,0.078125
100,0.0625
101,0.015625
102,0.09375
103,0.0
104,0.03125
105,0.0625
106,0.015625
107,0.046875
108,0.03125
109,0.046875
110,0.046875
111,0.125
112,0.015625
113,0.0625
114,0.015625
115,0.015625
116,0.046875
117,0.0625
118,0.03125
119,0.078125
120,0.09375
121,0.078125
122,0.03125
123,0.09375
124,0.015625
125,0.109375
126,0.046875
127,0.0625
128,0.0625
129,0.078125
130,0.046875
131,0.046875
132,0.046875
133,0.015625
134,0.046875
135,0.046875
136,0.015625
137,0.0625
138,0.015625
139,0.0625
140,0.046875
141,0.046875
142,0.046875
143,0.015625
144,0.0625
145,0.09375
146,0.078125
147,0.046875
148,0.015625
149,0.046875
150,0.046875
151,0.125
152,0.0625
153,0.0625
154,0.046875
155,0.0625
156,0.109375
157,0.015625
158,0.03125
159,0.03125
160,0.0625
161,0.015625
162,0.046875
163,0.0625
164,0.078125
165,0.078125
166,0.078125
167,0.0625
168,0.046875
169,0.046875
170,0.03125
171,0.046875
172,0.078125
173,0.078125
174,0.03125
175,0.03125
176,0.03125
177,0.0625
178,0.015625
179,0.046875
180,0.03125
181,0.0625
182,0.015625
183,0.078125
184,0.015625
185,0.0625
186,0.015625
187,0.0625
188,0.078125
189,0.046875
190,0.078125
191,0.046875
192,0.125
193,0.078125
194,0.078125
195,0.015625
196,0.0625
197,0.03125
198,0.03125
199,0.046875
200,0.015625
201,0.078125
202,0.078125
203,0.046875
204,0.09375
205,0.0625
206,0.09375
207,0.046875
208,0.046875
209,0.046875
210,0.015625
211,0.03125
212,0.046875
213,0.03125
214,0.015625
215,0.03125
216,0.015625
217,0.015625
218,0.0625
219,0.0625
220,0.015625
221,0.0625
222,0.03125
223,0.03125
224,0.03125
225,0.046875
226,0.125
227,0.03125
228,0.015625
229,0.0
230,0.0625
231,0.0
232,0.015625
233,0.03125
234,0.046875
235,0.109375
236,0.03125
237,0.046875
238,0.015625
239,0.015625
240,0.015625
241,0.015625
242,0.03125
243,0.015625
244,0.03125
245,0.0625
246,0.046875
247,0.015625
248,0.046875
249,0.0625
250,0.09375
251,0.125
252,0.0625
253,0.09375
254,0.046875
255,0.03125
256,0.03125
257,0.03125
258,0.0625
259,0.03125
260,0.046875
261,0.0625
262,0.046875
263,0.015625
264,0.015625
265,0.046875
266,0.078125
267,0.046875
268,0.09375
269,0.015625
270,0.03125
271,0.046875
272,0.046875
273,0.03125
274,0.046875
275,0.109375
276,0.140625
277,0.078125
278,0.0625
279,0.0
280,0.0
281,0.03125
282,0.03125
283,0.046875
284,0.015625
285,0.046875
286,0.03125
287,0.0625
288,0.03125
289,0.0625
290,0.015625
291,0.078125
292,0.046875
293,0.0
294,0.0
295,0.046875
296,0.09375
297,0.09375
298,0.046875
299,0.03125
300,0.03125
301,0.03125
302,0.03125
303,0.03125
304,0.046875
305,0.0625
306,0.09375
307,0.03125
308,0.015625
309,0.09375
310,0.078125
311,0.015625
312,0.046875
313,0.015625
314,0.046875
315,0.03125
316,0.078125
317,0.0625
318,0.0625
319,0.0625
320,0.09375
321,0.0625
322,0.03125
323,0.09375
324,0.09375
325,0.046875
326,0.046875
327,0.015625
328,0.09375
329,0.03125
330,0.03125
331,0.0625
332,0.078125
333,0.015625
334,0.015625
335,0.015625
336,0.0625
337,0.078125
338,0.09375
339,0.03125
340,0.140625
341,0.0625
342,0.03125
343,0.015625
344,0.078125
345,0.078125
346,0.109375
347,0.0625
348,0.046875
349,0.015625
350,0.09375
351,0.125
352,0.0625
353,0.015625
354,0.03125
355,0.0625
356,0.015625
357,0.046875
358,0.046875
359,0.03125
360,0.03125
361,0.046875
362,0.0625
363,0.015625
364,0.0625
365,0.0625
366,0.046875
367,0.015625
368,0.0625
369,0.09375
370,0.015625
371,0.046875
372,0.0625
373,0.03125
374,0.046875
375,0.0625
376,0.015625
377,0.03125
378,0.078125
379,0.03125
380,0.0625
381,0.046875
382,0.046875
383,0.046875
384,0.046875
385,0.015625
386,0.078125
387,0.015625
388,0.0625
389,0.03125
390,0.09375
391,0.03125
392,0.03125
393,0.046875
394,0.046875
395,0.078125
396,0.03125
397,0.078125
398,0.078125
399,0.0625
400,0.046875
401,0.03125
402,0.0625
403,0.09375
404,0.109375
405,0.03125
406,0.078125
407,0.0625
408,0.015625
409,0.078125
410,0.046875
411,0.015625
412,0.09375
413,0.078125
414,0.046875
415,0.0625
416,0.0625
417,0.03125
418,0.046875
419,0.015625
420,0.0625
421,0.0625
422,0.0625
423,0.0625
424,0.015625
425,0.015625
426,0.0625
427,0.078125
428,0.015625
429,0.0625
430,0.03125
431,0.046875
432,0.03125
433,0.03125
434,0.03125
435,0.0625
436,0.046875
437,0.125
438,0.0625
439,0.03125
440,0.078125
441,0.0
442,0.03125
443,0.0625
444,0.078125
445,0.046875
446,0.0625
447,0.046875
448,0.09375
449,0.078125
450,0.015625
451,0.0625
452,0.078125
453,0.046875
454,0.046875
455,0.078125
456,0.09375
457,0.078125
458,0.03125
459,0.015625
460,0.03125
461,0.0625
462,0.078125
463,0.015625
464,0.015625
465,0.0625
466,0.046875
467,0.0625
468,0.09375
469,0.03125
470,0.046875
471,0.078125
472,0.046875
473,0.0625
474,0.046875
475,0.046875
476,0.078125
477,0.03125
478,0.015625
479,0.015625
480,0.0625
481,0.046875
482,0.078125
483,0.015625
484,0.046875
485,0.046875
486,0.0625
487,0.03125
488,0.078125
489,0.078125
490,0.09375
491,0.046875
492,0.03125
493,0.0625
494,0.09375
495,0.140625
496,0.09375
497,0.046875
498,0.09375
499,0.0625
500,0.015625
501,0.078125
502,0.0625
503,0.03125
504,0.03125
505,0.046875
506,0.03125
507,0.0625
508,0.109375
509,0.0625
510,0.046875
511,0.0625
512,0.109375
513,0.015625
514,0.046875
515,0.109375
516,0.0625
517,0.03125
518,0.03125
519,0.0625
520,0.046875
521,0.03125
522,0.03125
523,0.046875
524,0.046875
525,0.03125
526,0.0625
527,0.078125
528,0.015625
529,0.046875
530,0.0625
531,0.0625
532,0.046875
533,0.046875
534,0.03125
535,0.046875
536,0.0625
537,0.125
538,0.078125
539,0.03125
540,0.046875
541,0.0625
542,0.0625
543,0.0625
544,0.0625
545,0.125
546,0.015625
547,0.0625
548,0.03125
549,0.03125
550,0.0625
551,0.0
552,0.015625
553,0.078125
554,0.078125
555,0.078125
556,0.046875
557,0.046875
558,0.0625
559,0.0625
560,0.0625
561,0.046875
562,0.046875
563,0.0625
564,0.078125
565,0.046875
566,0.03125
567,0.0625
568,0.0625
569,0.0625
570,0.0625
571,0.0625
572,0.109375
573,0.0625
574,0.0
575,0.0625
576,0.03125
577,0.046875
578,0.046875
579,0.0625
580,0.0625
581,0.0625
582,0.0625
583,0.09375
584,0.078125
585,0.0
586,0.140625
587,0.0625
588,0.015625
589,0.09375
590,0.09375
591,0.078125
592,0.03125
593,0.078125
594,0.0625
595,0.078125
596,0.078125
597,0.078125
598,0.015625
599,0.0625
600,0.046875
601,0.0625
602,0.03125
603,0.0625
604,0.015625
605,0.046875
606,0.078125
607,0.03125
608,0.03125
609,0.03125
610,0.0625
611,0.0625
612,0.0
613,0.03125
614,0.046875
615,0.015625
616,0.046875
617,0.03125
618,0.015625
619,0.03125
620,0.0625
621,0.015625
622,0.046875
623,0.046875
624,0.015625
625,0.0625
626,0.03125
627,0.078125
628,0.046875
629,0.046875
630,0.03125
631,0.03125
632,0.0625
633,0.03125
634,0.078125
635,0.015625
636,0.046875
637,0.046875
638,0.046875
639,0.046875
640,0.046875
641,0.0625
642,0.046875
643,0.0625
644,0.0625
645,0.0
646,0.046875
647,0.03125
648,0.046875
649,0.078125
650,0.03125
651,0.03125
652,0.046875
653,0.03125
654,0.03125
655,0.03125
656,0.03125
657,0.0625
658,0.046875
659,0.046875
660,0.078125
661,0.046875
662,0.03125
663,0.046875
664,0.03125
665,0.078125
666,0.046875
667,0.015625
668,0.0625
669,0.015625
670,0.03125
671,0.078125
672,0.03125
673,0.03125
674,0.046875
675,0.0625
676,0.046875
677,0.046875
678,0.03125
679,0.046875
680,0.015625
681,0.03125
682,0.09375
683,0.046875
684,0.046875
685,0.0625
686,0.0625
687,0.015625
688,0.09375
689,0.046875
690,0.0625
691,0.03125
692,0.046875
693,0.015625
694,0.015625
695,0.03125
696,0.03125
697,0.046875
698,0.015625
699,0.125
700,0.046875
701,0.046875
702,0.046875
703,0.046875
704,0.03125
705,0.0625
706,0.0625
707,0.046875
708,0.046875
709,0.078125
710,0.015625
711,0.046875
712,0.09375
713,0.09375
714,0.03125
715,0.0625
716,0.078125
717,0.046875
718,0.0625
719,0.046875
720,0.0625
721,0.0625
722,0.03125
723,0.046875
724,0.046875
725,0.09375
726,0.046875
727,0.015625
728,0.015625
729,0.046875
730,0.078125
731,0.125
732,0.046875
733,0.0625
734,0.03125
735,0.0625
736,0.015625
737,0.078125
738,0.015625
739,0.03125
740,0.015625
741,0.0625
742,0.046875
743,0.0625
744,0.0625
745,0.03125
746,0.0625
747,0.03125
748,0.078125
749,0.046875
750,0.078125
751,0.015625
752,0.015625
753,0.046875
754,0.03125
755,0.0625
756,0.03125
757,0.046875
758,0.015625
759,0.046875
760,0.078125
761,0.046875
762,0.046875
763,0.09375
764,0.046875
765,0.046875
766,0.015625
767,0.046875
768,0.03125
769,0.09375
770,0.078125
771,0.0
772,0.03125
773,0.046875
774,0.03125
775,0.03125
776,0.078125
777,0.078125
778,0.03125
779,0.046875
780,0.046875
781,0.046875
782,0.046875
783,0.046875
784,0.046875
786,0.046875
787,0.03125
788,0.078125
789,0.03125
790,0.046875
791,0.09375
792,0.0625
793,0.09375
794,0.109375
795,0.0625
796,0.0625
797,0.046875
798,0.078125
799,0.078125
800,0.171875
801,0.078125
802,0.015625
803,0.078125
804,0.0625
805,0.03125
806,0.0625
807,0.109375
808,0.078125
809,0.09375
810,0.0625
811,0.0625
812,0.0625
813,0.09375
814,0.125
815,0.078125
816,0.046875
817,0.078125
818,0.0625
819,0.078125
820,0.078125
821,0.03125
822,0.046875
823,0.015625
824,0.09375
825,0.03125
826,0.046875
827,0.03125
828,0.078125
829,0.109375
830,0.03125
831,0.0625
832,0.109375
833,0.125
834,0.046875
835,0.046875
836,0.078125
837,0.078125
838,0.03125
839,0.03125
840,0.0625
841,0.046875
842,0.03125
843,0.09375
844,0.015625
845,0.046875
846,0.109375
847,0.078125
848,0.078125
849,0.078125
850,0.078125
851,0.125
852,0.0625
853,0.078125
854,0.046875
855,0.109375
856,0.046875
857,0.046875
858,0.0625
859,0.078125
860,0.15625
861,0.0625
862,0.109375
863,0.078125
864,0.078125
865,0.046875
866,0.0625
867,0.0625
868,0.046875
869,0.046875
870,0.078125
871,0.078125
872,0.046875
873,0.078125
874,0.09375
875,0.078125
876,0.0625
877,0.078125
878,0.0625
879,0.078125
880,0.015625
881,0.0625
882,0.03125
883,0.0625
884,0.09375
885,0.03125
886,0.109375
887,0.078125
888,0.046875
889,0.046875
890,0.140625
891,0.09375
892,0.09375
893,0.09375
894,0.0625
895,0.0625
896,0.03125
897,0.0625
898,0.03125
899,0.125
900,0.078125
901,0.0625
902,0.09375
903,0.046875
904,0.03125
905,0.109375
906,0.109375
907,0.078125
908,0.109375
909,0.09375
910,0.140625
911,0.046875
912,0.140625
913,0.109375
914,0.03125
915,0.0625
916,0.078125
917,0.078125
918,0.0625
919,0.0625
920,0.09375
921,0.171875
922,0.078125
923,0.046875
924,0.03125
925,0.125
926,0.046875
927,0.046875
928,0.0625
929,0.03125
930,0.046875
931,0.078125
932,0.109375
933,0.09375
934,0.09375
935,0.125
936,0.078125
937,0.0625
938,0.125
939,0.046875
940,0.0625
941,0.046875
942,0.046875
943,0.046875
944,0.125
945,0.09375
946,0.0625
947,0.125
948,0.0625
949,0.09375
950,0.046875
951,0.09375
952,0.125
953,0.078125
954,0.09375
955,0.03125
956,0.09375
957,0.078125
958,0.09375
959,0.03125
960,0.03125
961,0.0625
962,0.078125
963,0.078125
964,0.046875
965,0.09375
966,0.0625
967,0.03125
968,0.078125
969,0.046875
970,0.078125
971,0.0625
972,0.078125
973,0.046875
974,0.078125
975,0.03125
976,0.03125
977,0.09375
978,0.125
979,0.125
980,0.015625
981,0.109375
982,0.078125
983,0.078125
984,0.078125
985,0.09375
986,0.09375
987,0.046875
988,0.015625
989,0.03125
990,0.09375
991,0.0625
992,0.125
993,0.046875
994,0.03125
995,0.078125
996,0.078125
997,0.109375
998,0.09375
999,0.046875
1000,0.09375
1001,0.078125
1002,0.140625
1003,0.046875
1004,0.109375
1005,0.0625
1006,0.015625
1007,0.046875
1008,0.046875
1009,0.140625
1010,0.046875
1011,0.0625
1012,0.078125
1013,0.03125
1014,0.109375
1015,0.078125
1016,0.09375
1017,0.09375
1018,0.015625
1019,0.046875
1020,0.078125
1021,0.125
1022,0.0625
1023,0.125
1024,0.0625
1025,0.078125
1026,0.0625
1027,0.125
1028,0.109375
1029,0.09375
1030,0.078125
1031,0.109375
1032,0.109375
1033,0.109375
1034,0.0625
1035,0.109375
1036,0.09375
1037,0.109375
1038,0.09375
1039,0.109375
1040,0.09375
1041,0.0625
1042,0.171875
1043,0.03125
1044,0.0625
1045,0.078125
1046,0.078125
1047,0.046875
1048,0.0625
1049,0.09375
1050,0.09375
1051,0.0625
1052,0.0625
1053,0.046875
1054,0.015625
1055,0.078125
1056,0.0625
1057,0.140625
1058,0.109375
1059,0.0625
1060,0.03125
1061,0.03125
1062,0.015625
1063,0.09375
1064,0.0625
1065,0.078125
1066,0.0625
1067,0.125
1068,0.125
1069,0.140625
1070,0.03125
1071,0.109375
1072,0.09375
1073,0.046875
1074,0.0625
1075,0.09375
1076,0.109375
1077,0.1875
1078,0.0625
1079,0.078125
1080,0.03125
1081,0.046875
1082,0.125
1083,0.109375
1084,0.078125
1085,0.125
1086,0.09375
1087,0.046875
1088,0.09375
1089,0.09375
1090,0.140625
1091,0.109375
1092,0.109375
1093,0.078125
1094,0.0625
1095,0.015625
1096,0.0625
1097,0.0625
1098,0.046875
1099,0.109375
1100,0.109375
1101,0.078125
1102,0.046875
1103,0.125
1104,0.09375
1105,0.109375
1106,0.046875
1107,0.046875
1108,0.0625
1109,0.0625
1110,0.09375
1111,0.125
1112,0.046875
1113,0.09375
1114,0.09375
1115,0.078125
1116,0.078125
1117,0.078125
1118,0.109375
1119,0.046875
1120,0.109375
1121,0.078125
1122,0.0625
1123,0.078125
1124,0.078125
1125,0.109375
1126,0.0625
1127,0.046875
1128,0.109375
1129,0.109375
1130,0.125
1131,0.109375
1132,0.03125
1133,0.078125
1134,0.078125
1135,0.078125
1136,0.09375
1137,0.078125
1138,0.09375
1139,0.03125
1140,0.125
1141,0.0625
1142,0.109375
1143,0.140625
1144,0.09375
1145,0.140625
1146,0.140625
1147,0.09375
1148,0.09375
1149,0.046875
1150,0.046875
1151,0.09375
1152,0.109375
1153,0.078125
1154,0.09375
1155,0.125
1156,0.078125
1157,0.109375
1158,0.125
1159,0.09375
1160,0.109375
1161,0.0625
1162,0.140625
1163,0.125
1164,0.09375
1165,0.09375
1166,0.03125
1167,0.03125
1168,0.03125
1169,0.15625
1170,0.140625
1171,0.078125
1172,0.0625
1173,0.015625
1174,0.0625
1175,0.046875
1176,0.09375
1177,0.078125
1178,0.0625
1179,0.03125
1180,0.125
1181,0.078125
1182,0.125
1183,0.078125
1184,0.125
1185,0.046875
1186,0.140625
1187,0.0625
1188,0.0625
1189,0.078125
1190,0.109375
1191,0.109375
1192,0.09375
1193,0.109375
1194,0.046875
1195,0.09375
1196,0.09375
1197,0.09375
1198,0.125
1199,0.0625
1200,0.078125
1201,0.078125
1202,0.078125
1203,0.140625
1204,0.09375
1205,0.0625
1206,0.09375
1207,0.09375
1208,0.109375
1209,0.1875
1210,0.09375
1211,0.0625
1212,0.046875
1213,0.078125
1214,0.125
1215,0.0625
1216,0.0625
1217,0.15625
1218,0.046875
1219,0.078125
1220,0.140625
1221,0.0625
1222,0.046875
1223,0.046875
1224,0.078125
1225,0.0625
1226,0.0625
1227,0.125
1228,0.109375
1229,0.109375
1230,0.0625
1231,0.109375
1232,0.078125
1233,0.0625
1234,0.03125
1235,0.09375
1236,0.0625
1237,0.03125
1238,0.078125
1239,0.03125
1240,0.0625
1241,0.078125
1242,0.0625
1243,0.140625
1244,0.046875
1245,0.03125
1246,0.171875
1247,0.03125
1248,0.03125
1249,0.109375
1250,0.09375
1251,0.109375
1252,0.09375
1253,0.0625
1254,0.140625
1255,0.109375
1256,0.109375
1257,0.0625
1258,0.09375
1259,0.09375
1260,0.0625
1261,0.03125
1262,0.03125
1263,0.0625
1264,0.03125
1265,0.09375
1266,0.0625
1267,0.078125
1268,0.046875
1269,0.109375
1270,0.0625
1271,0.078125
1272,0.125
1273,0.125
1274,0.078125
1275,0.0625
1276,0.0625
1277,0.0625
1278,0.09375
1279,0.078125
1280,0.046875
1281,0.109375
1282,0.15625
1283,0.09375
1284,0.078125
1285,0.125
1286,0.109375
1287,0.078125
1288,0.09375
1289,0.125
1290,0.078125
1291,0.0625
1292,0.109375
1293,0.078125
1294,0.0625
1295,0.140625
1296,0.09375
1297,0.046875
1298,0.109375
1299,0.0625
1300,0.125
1301,0.125
1302,0.09375
1303,0.078125
1304,0.1875
1305,0.109375
1306,0.0625
1307,0.140625
1308,0.125
1309,0.078125
1310,0.078125
1311,0.125
1312,0.015625
1313,0.109375
1314,0.078125
1315,0.09375
1316,0.140625
1317,0.078125
1318,0.078125
1319,0.03125
1320,0.03125
1321,0.125
1322,0.09375
1323,0.171875
1324,0.0625
1325,0.078125
1326,0.125
1327,0.15625
1328,0.109375
1329,0.109375
1330,0.078125
1331,0.09375
1332,0.171875
1333,0.078125
1334,0.078125
1335,0.046875
1336,0.140625
1337,0.046875
1338,0.046875
1339,0.0625
1340,0.0625
1341,0.15625
1342,0.0625
1343,0.046875
1344,0.046875
1345,0.125
1346,0.109375
1347,0.125
1348,0.109375
1349,0.09375
1350,0.046875
1351,0.09375
1352,0.046875
1353,0.125
1354,0.046875
1355,0.078125
1356,0.109375
1357,0.046875
1358,0.125
1359,0.09375
1360,0.125
1361,0.109375
1362,0.09375
1363,0.09375
1364,0.015625
1365,0.09375
1366,0.109375
1367,0.0625
1368,0.140625
1369,0.125
1370,0.09375
1371,0.078125
1372,0.0625
1373,0.109375
1374,0.125
1375,0.125
1376,0.109375
1377,0.03125
1378,0.09375
1379,0.078125
1380,0.046875
1381,0.125
1382,0.09375
1383,0.109375
1384,0.0625
1385,0.125
1386,0.078125
1387,0.046875
1388,0.140625
1389,0.078125
1390,0.0625
1391,0.109375
1392,0.0625
1393,0.125
1394,0.109375
1395,0.078125
1396,0.0625
1397,0.09375
1398,0.0625
1399,0.09375
1400,0.03125
1401,0.125
1402,0.0625
1403,0.15625
1404,0.109375
1405,0.109375
1406,0.046875
1407,0.171875
1408,0.09375
1409,0.09375
1410,0.078125
1411,0.0625
1412,0.109375
1413,0.125
1414,0.09375
1415,0.15625
1416,0.078125
1417,0.125
1418,0.125
1419,0.09375
1420,0.078125
1421,0.09375
1422,0.09375
1423,0.125
1424,0.078125
1425,0.03125
1426,0.09375
1427,0.078125
1428,0.140625
1429,0.046875
1430,0.171875
1431,0.109375
1432,0.140625
1433,0.109375
1434,0.140625
1435,0.03125
1436,0.09375
1437,0.109375
1438,0.015625
1439,0.078125
1440,0.09375
1441,0.1875
1442,0.125
1443,0.046875
1444,0.125
1445,0.125
1446,0.125
1447,0.09375
1448,0.078125
1449,0.09375
1450,0.03125
1451,0.078125
1452,0.046875
1453,0.078125
1454,0.046875
1455,0.078125
1456,0.0625
1457,0.1875
1458,0.046875
1459,0.078125
1460,0.015625
1461,0.0625
1462,0.0625
1463,0.078125
1464,0.09375
1465,0.140625
1466,0.125
1467,0.09375
1468,0.0625
1469,0.140625
1470,0.109375
1471,0.09375
1472,0.078125
1473,0.078125
1474,0.078125
1475,0.140625
1476,0.109375
1477,0.09375
1478,0.03125
1479,0.0625
1480,0.09375
1481,0.109375
1482,0.0625
1483,0.078125
1484,0.109375
1485,0.1875
1486,0.0625
1487,0.109375
1488,0.125
1489,0.03125
1490,0.078125
1491,0.03125
1492,0.046875
1493,0.0625
1494,0.078125
1495,0.140625
1496,0.09375
1497,0.109375
1498,0.109375
1499,0.0625
1500,0.09375
1501,0.171875
1502,0.078125
1503,0.078125
1504,0.078125
1505,0.09375
1506,0.046875
1507,0.15625
1508,0.078125
1509,0.15625
1510,0.0625
1511,0.0625
1512,0.0625
1513,0.0625
1514,0.109375
1515,0.078125
1516,0.0625
1517,0.09375
1518,0.0625
1519,0.125
1520,0.140625
1521,0.140625
1522,0.078125
1523,0.078125
1524,0.046875
1525,0.046875
1526,0.109375
1527,0.09375
1528,0.140625
1529,0.125
1530,0.125
1531,0.140625
1532,0.0625
1533,0.015625
1534,0.078125
1535,0.09375
1536,0.0625
1537,0.109375
1538,0.046875
1539,0.078125
1540,0.0625
1541,0.125
1542,0.125
1543,0.0625
1544,0.078125
1545,0.09375
1546,0.125
1547,0.125
1548,0.046875
1549,0.140625
1550,0.0625
1551,0.109375
1552,0.109375
1553,0.0625
1554,0.109375
1555,0.171875
1556,0.109375
1557,0.140625
1558,0.09375
1559,0.140625
1560,0.09375
1561,0.109375
1562,0.09375
1563,0.078125
38319,0.09375
38320,0.140625
38322,0.046875
38323,0.078125
38324,0.078125
38325,0.0625
38326,0.078125
38327,0.125
38328,0.09375
38329,0.078125
38330,0.109375
38331,0.078125
38332,0.046875
38333,0.09375
38334,0.125
38335,0.15625
38336,0.046875
38337,0.140625
38338,0.09375
38339,0.09375
38340,0.078125
38341,0.078125
38342,0.09375
38343,0.140625
38344,0.046875
38345,0.078125
38346,0.1875
38347,0.109375
38348,0.15625
38349,0.09375
38350,0.09375
38351,0.03125
38352,0.0625
38353,0.125
38354,0.0625
38355,0.125
38356,0.125
38357,0.125
38358,0.09375
38359,0.078125
38360,0.09375
38361,0.15625
38362,0.078125
38363,0.03125
38364,0.15625
38365,0.0625
38366,0.046875
38367,0.078125
38368,0.09375
38369,0.046875
38370,0.0625
38371,0.15625
38372,0.09375
38373,0.109375
38374,0.109375
38375,0.078125
38376,0.046875
38377,0.078125
38378,0.046875
38379,0.09375
38380,0.0625
38381,0.0625
38382,0.078125
38383,0.0625
38384,0.0625
38385,0.140625
38386,0.078125
38387,0.0
38388,0.078125
38389,0.109375
38390,0.09375
38391,0.0625
38392,0.09375
38393,0.015625
38394,0.0625
38395,0.09375
38396,0.203125
38397,0.125
38398,0.09375
38399,0.09375
38400,0.09375
38401,0.078125
38402,0.0625
38403,0.125
38404,0.0625
38405,0.09375
38406,0.140625
38407,0.046875
38408,0.03125
38409,0.0625
38410,0.078125
38411,0.078125
38412,0.1875
38413,0.109375
38414,0.078125
38415,0.078125
38416,0.0625
38417,0.125
38418,0.078125
38419,0.09375
38420,0.03125
38421,0.140625
38422,0.09375
38423,0.125
38424,0.125
38425,0.140625
38426,0.0625
38427,0.078125
38428,0.078125
38429,0.0625
38430,0.09375
38431,0.125
38432,0.078125
38433,0.03125
38434,0.046875
38435,0.09375
38436,0.109375
38437,0.078125
38438,0.03125
38439,0.046875
38440,0.09375
38441,0.109375
38442,0.109375
38443,0.09375
38444,0.09375
38445,0.046875
38446,0.109375
38447,0.171875
38448,0.109375
38449,0.078125
38450,0.0625
38451,0.09375
38452,0.078125
38453,0.140625
38454,0.0625
38455,0.0625
38456,0.0625
38457,0.109375
38458,0.15625
38459,0.0625
38460,0.09375
38461,0.109375
38462,0.125
38463,0.0625
38464,0.09375
38465,0.0625
38466,0.078125
38467,0.109375
38468,0.140625
38469,0.125
38470,0.125
38471,0.09375
38472,0.125
38473,0.140625
38474,0.171875
38475,0.140625
38476,0.109375
38477,0.078125
38478,0.09375
38479,0.09375
38480,0.09375
38481,0.078125
38482,0.125
38483,0.140625
38484,0.109375
38485,0.125
38486,0.125
38487,0.078125
38488,0.109375
38489,0.0625
38490,0.140625
38491,0.0625
38492,0.15625
38493,0.078125
38494,0.046875
38495,0.15625
38496,0.125
38497,0.09375
38498,0.09375
38499,0.109375
38500,0.109375
38501,0.140625
38502,0.078125
38503,0.09375
38504,0.09375
38505,0.0625
38506,0.078125
38507,0.171875
38508,0.046875
38509,0.125
38510,0.078125
38511,0.03125
38512,0.140625
38513,0.125
38514,0.140625
38515,0.046875
38516,0.0625
38517,0.09375
38518,0.109375
38519,0.09375
38520,0.140625
38521,0.125
38522,0.078125
38523,0.078125
38524,0.109375
38525,0.078125
38526,0.0625
38527,0.125
38528,0.09375
38529,0.046875
38530,0.125
38531,0.09375
38532,0.15625
38533,0.0625
38534,0.125
38535,0.09375
38536,0.09375
38537,0.078125
38538,0.140625
38539,0.03125
38540,0.109375
38541,0.109375
38542,0.171875
38543,0.09375
38544,0.125
38545,0.140625
38546,0.125
38547,0.078125
38548,0.0625
38549,0.09375
38550,0.0625
38551,0.109375
38552,0.078125
38553,0.125
38554,0.0625
38555,0.09375
38556,0.140625
38557,0.046875
38558,0.140625
38559,0.15625
38560,0.109375
38561,0.109375
38562,0.046875
38563,0.109375
38564,0.109375
38565,0.0625
38566,0.03125
38567,0.078125
38568,0.109375
38569,0.0625
38570,0.109375
38571,0.1875
38572,0.109375
38573,0.078125
38574,0.09375
38575,0.109375
38576,0.09375
38577,0.140625
38578,0.109375
38579,0.09375
38580,0.078125
38581,0.078125
38582,0.078125
38583,0.0625
38584,0.15625
38585,0.109375
38586,0.078125
38587,0.125
38588,0.0625
38589,0.09375
38590,0.078125
38591,0.046875
38592,0.09375
38593,0.140625
38594,0.140625
38595,0.125
38596,0.109375
38597,0.109375
38598,0.0625
38599,0.109375
38600,0.078125
38601,0.125
38602,0.078125
38603,0.140625
38604,0.140625
38605,0.078125
38606,0.078125
38607,0.171875
38608,0.109375
38609,0.09375
38610,0.0625
38611,0.125
38612,0.125
38613,0.0625
38614,0.015625
38615,0.0625
38616,0.046875
38617,0.078125
38618,0.125
38619,0.0625
38620,0.140625
38621,0.09375
38622,0.125
38623,0.109375
38624,0.1875
38625,0.09375
38626,0.125
38627,0.0625
38628,0.09375
38629,0.140625
38630,0.125
38631,0.078125
38632,0.0625
38633,0.125
38634,0.140625
38635,0.125
38636,0.046875
38637,0.078125
38638,0.078125
38639,0.0625
38640,0.109375
38641,0.09375
38642,0.140625
38643,0.140625
38644,0.0625
38645,0.078125
38646,0.078125
38647,0.078125
38648,0.109375
38649,0.078125
38650,0.0625
38651,0.125
38652,0.125
38653,0.140625
38654,0.09375
38655,0.046875
38656,0.078125
38657,0.125
38658,0.109375
38659,0.046875
38660,0.078125
38661,0.078125
38662,0.09375
38663,0.109375
38664,0.0625
38665,0.015625
38666,0.0625
38667,0.078125
38668,0.0625
38669,0.078125
38670,0.09375
38671,0.125
38672,0.15625
38673,0.078125
38674,0.09375
38675,0.078125
38676,0.03125
38677,0.140625
38678,0.140625
38679,0.09375
38680,0.140625
38681,0.09375
38682,0.0625
38683,0.109375
38684,0.125
38685,0.0625
38686,0.046875
38687,0.0625
38688,0.078125
38689,0.0625
38690,0.09375
38691,0.125
38692,0.046875
38693,0.09375
38694,0.03125
38695,0.140625
38696,0.0625
38697,0.171875
38698,0.015625
38699,0.03125
38700,0.09375
38701,0.109375
38702,0.171875
38703,0.078125
38704,0.140625
38705,0.078125
38706,0.125
38707,0.046875
38708,0.09375
38709,0.046875
38710,0.078125
38711,0.140625
38712,0.0625
38713,0.109375
38714,0.09375
38715,0.140625
38716,0.0625
38717,0.171875
38718,0.09375
38719,0.09375
38720,0.046875
38721,0.09375
38722,0.078125
38723,0.046875
38724,0.046875
38725,0.078125
38726,0.09375
38727,0.078125
38728,0.015625
38729,0.0625
38730,0.09375
38731,0.0625
38732,0.0625
38733,0.046875
38734,0.09375
38735,0.09375
38736,0.140625
38737,0.171875
38738,0.125
38739,0.09375
38740,0.109375
38741,0.046875
38742,0.140625
38743,0.078125
38744,0.15625
38745,0.09375
38746,0.125
38747,0.078125
38748,0.0625
38749,0.03125
38750,0.09375
38751,0.09375
38752,0.046875
38753,0.109375
38754,0.203125
38755,0.078125
38756,0.171875
38757,0.09375
38758,0.125
38759,0.09375
38760,0.03125
38761,0.03125
38762,0.046875
38763,0.0625
38764,0.109375
38765,0.1875
38766,0.09375
38767,0.0625
38768,0.140625
38769,0.125
38770,0.09375
38771,0.078125
38772,0.046875
38773,0.109375
38774,0.09375
38775,0.140625
38776,0.109375
38777,0.046875
38778,0.09375
38779,0.078125
38780,0.0625
38781,0.125
38782,0.0625
38783,0.0625
38784,0.0625
38785,0.125
38786,0.140625
38787,0.03125
38788,0.046875
38789,0.109375
38790,0.0625
38791,0.109375
38792,0.125
38793,0.09375
38794,0.140625
38795,0.0625
38796,0.078125
38797,0.0625
38798,0.125
38799,0.109375
38800,0.109375
38801,0.125
38802,0.109375
38803,0.109375
38804,0.109375
38805,0.09375
38806,0.0625
38807,0.09375
38808,0.109375
38809,0.09375
38810,0.109375
38811,0.09375
38812,0.078125
38813,0.109375
38814,0.09375
38815,0.046875
38816,0.0625
38817,0.09375
38818,0.09375
38819,0.09375
38820,0.09375
38821,0.046875
38822,0.0625
38823,0.109375
38824,0.09375
38825,0.140625
38826,0.109375
38827,0.125
38828,0.0625
38829,0.09375
38830,0.15625
38831,0.078125
38832,0.03125
38833,0.078125
38834,0.125
38835,0.09375
38836,0.046875
38837,0.03125
38838,0.09375
38839,0.09375
38840,0.109375
38841,0.0625
38842,0.109375
38843,0.140625
38844,0.140625
38845,0.0625
38846,0.078125
38847,0.046875
38848,0.09375
38849,0.140625
38850,0.0625
38851,0.0625
38852,0.109375
38853,0.109375
38854,0.09375
38855,0.109375
38856,0.078125
38857,0.09375
38858,0.09375
38859,0.09375
38860,0.046875
38861,0.046875
38862,0.09375
38863,0.109375
38864,0.078125
38865,0.046875
38866,0.09375
38867,0.109375
38868,0.03125
38869,0.078125
38870,0.046875
38871,0.125
38872,0.078125
38873,0.0625
38874,0.203125
38875,0.109375
38876,0.09375
38877,0.078125
38878,0.0625
38879,0.078125
38880,0.125
38881,0.046875
38882,0.046875
38883,0.1875
38884,0.109375
38885,0.15625
38886,0.171875
38887,0.109375
38888,0.046875
38889,0.078125
38890,0.09375
38891,0.078125
38892,0.109375
38893,0.046875
38894,0.125
38895,0.09375
38896,0.078125
38897,0.078125
38898,0.125
38899,0.109375
38900,0.03125
38901,0.125
38902,0.0625
38903,0.09375
38904,0.109375
38905,0.109375
38906,0.0625
38907,0.0625
38908,0.078125
38909,0.09375
38910,0.09375
38911,0.078125
38912,0.140625
38913,0.140625
38914,0.0625
38915,0.125
38916,0.0625
38917,0.109375
38918,0.09375
38919,0.109375
38920,0.109375
38921,0.0625
38922,0.15625
38923,0.046875
38924,0.09375
38925,0.15625
38926,0.140625
38927,0.0625
38928,0.109375
38929,0.125
38930,0.078125
38931,0.03125
38932,0.0625
38933,0.078125
38934,0.03125
38935,0.109375
38936,0.109375
38937,0.125
38938,0.03125
38939,0.03125
38940,0.0625
38941,0.078125
38942,0.140625
38943,0.078125
38944,0.078125
38945,0.109375
38946,0.125
38947,0.140625
38948,0.078125
38949,0.0625
38950,0.09375
38951,0.125
38952,0.078125
38953,0.09375
38954,0.109375
38955,0.09375
38956,0.078125
38957,0.046875
38958,0.0625
38959,0.15625
38960,0.078125
38961,0.078125
38962,0.140625
38963,0.078125
38964,0.078125
38965,0.046875
38966,0.09375
38967,0.09375
38968,0.109375
38969,0.109375
38970,0.046875
38971,0.03125
38972,0.09375
38973,0.15625
38974,0.125
38975,0.125
38976,0.09375
38977,0.09375
38978,0.109375
38979,0.046875
38980,0.109375
38981,0.109375
38982,0.09375
38983,0.078125
38984,0.15625
38985,0.09375
38986,0.09375
38987,0.078125
38988,0.125
38989,0.125
38990,0.0625
38991,0.0625
38992,0.0625
38993,0.0625
38994,0.125
38995,0.09375
38996,0.015625
38997,0.078125
38998,0.09375
38999,0.0625
39000,0.09375
39001,0.0625
39002,0.046875
39003,0.046875
39004,0.0625
39005,0.109375
39006,0.09375
39007,0.046875
39008,0.09375
39009,0.046875
39010,0.09375
39011,0.078125
39012,0.109375
39013,0.078125
39014,0.015625
39015,0.125
39016,0.140625
39017,0.046875
39018,0.078125
39019,0.09375
39020,0.0625
39021,0.125
39022,0.109375
39023,0.078125
39024,0.125
39025,0.125
39026,0.09375
39027,0.125
39028,0.171875
39029,0.109375
39030,0.09375
39031,0.09375
39032,0.09375
39033,0.046875
39034,0.109375
39035,0.09375
39036,0.09375
39037,0.046875
39038,0.09375
39039,0.09375
39040,0.109375
39041,0.078125
39042,0.109375
39043,0.078125
39044,0.109375
39045,0.109375
39046,0.09375
39047,0.09375
39048,0.03125
39049,0.125
39050,0.09375
39051,0.09375
39052,0.0625
39053,0.078125
39054,0.09375
39055,0.140625
39056,0.09375
39057,0.0625
39058,0.0625
39059,0.109375
39060,0.078125
39061,0.09375
39062,0.046875
39063,0.09375
39064,0.171875
39065,0.0625
39066,0.078125
39067,0.03125
39068,0.140625
39069,0.078125
39070,0.09375
39071,0.03125
39072,0.109375
39073,0.046875
39074,0.015625
39075,0.21875
39076,0.03125
39077,0.125
39078,0.125
39079,0.109375
39080,0.09375
39081,0.078125
39082,0.09375
39083,0.03125
39084,0.078125
39085,0.109375
39086,0.09375
39087,0.078125
39088,0.078125
39089,0.125
39090,0.046875
39091,0.09375
39092,0.09375
39093,0.078125
39094,0.109375
39095,0.0625
39096,0.0625
39097,0.109375
39098,0.078125
39099,0.125
39100,0.0625
39101,0.09375
39102,0.125
39104,0.078125
39105,0.046875
39106,0.078125
39107,0.171875
39108,0.09375
39109,0.078125
39110,0.078125
39111,0.09375
39112,0.03125
39113,0.078125
39114,0.09375
39115,0.109375
39116,0.03125
39117,0.125
39118,0.140625
39119,0.09375
39120,0.046875
39121,0.0625
39122,0.09375
39123,0.0625
39124,0.09375
39125,0.09375
39126,0.140625
39127,0.0625
39128,0.0625
39129,0.046875
39130,0.09375
39131,0.125
39132,0.03125
39133,0.0625
39134,0.125
39135,0.109375
39136,0.078125
39137,0.078125
39138,0.09375
39139,0.03125
39140,0.109375
39141,0.09375
39142,0.125
39143,0.15625
39144,0.09375
39145,0.03125
39146,0.03125
39147,0.109375
39148,0.0625
39149,0.09375
39150,0.109375
39151,0.09375
39152,0.109375
39153,0.15625
39154,0.09375
39155,0.0625
39156,0.109375
39157,0.09375
39158,0.03125
39159,0.0625
39160,0.03125
39161,0.140625
39162,0.140625
39163,0.078125
39164,0.125
39165,0.125
39166,0.078125
39167,0.078125
39168,0.0625
39169,0.171875
39170,0.140625
39171,0.140625
39172,0.078125
39173,0.09375
39174,0.140625
39175,0.09375
39176,0.03125
39177,0.109375
39178,0.09375
39179,0.109375
39180,0.078125
39181,0.09375
39182,0.0625
39183,0.078125
39184,0.0625
39185,0.125
39186,0.0625
39187,0.0625
39188,0.078125
39189,0.078125
39190,0.109375
39191,0.09375
39192,0.09375
39193,0.09375
39194,0.109375
39195,0.125
39196,0.078125
39197,0.0625
39198,0.109375
39199,0.03125
39200,0.109375
39201,0.0625
39202,0.078125
39203,0.078125
39204,0.078125
39205,0.15625
39206,0.09375
39207,0.109375
39208,0.078125
39209,0.078125
39210,0.109375
39211,0.078125
39212,0.125
39213,0.140625
39214,0.109375
39215,0.1875
39216,0.078125
39217,0.09375
39218,0.078125
39219,0.046875
39220,0.0625
39221,0.09375
39222,0.125
39223,0.125
39224,0.109375
39225,0.125
39226,0.109375
39227,0.046875
39228,0.046875
39229,0.078125
39230,0.09375
39231,0.109375
39232,0.09375
39233,0.0625
39234,0.171875
39235,0.140625
39236,0.0625
39237,0.09375
39238,0.125
39239,0.09375
39240,0.09375
39241,0.1875
39242,0.0625
39243,0.09375
39244,0.046875
39245,0.125
39246,0.09375
39247,0.125
39248,0.109375
39249,0.140625
39250,0.109375
39251,0.09375
39252,0.078125
39253,0.046875
39254,0.078125
39255,0.125
39256,0.09375
39257,0.078125
39258,0.046875
39259,0.125
39260,0.109375
39261,0.078125
39262,0.0625
39263,0.078125
39264,0.046875
39265,0.109375
39266,0.109375
39267,0.09375
39268,0.125
39269,0.09375
39270,0.125
39271,0.09375
39272,0.078125
39273,0.109375
39274,0.078125
39275,0.0625
39276,0.078125
39277,0.09375
39278,0.09375
39279,0.125
39280,0.078125
39281,0.109375
39282,0.109375
39283,0.125
39284,0.140625
39285,0.125
39286,0.09375
39287,0.109375
39288,0.140625
39289,0.109375
39290,0.078125
39291,0.046875
39292,0.09375
39293,0.109375
39294,0.046875
39295,0.140625
39296,0.15625
39297,0.109375
39298,0.046875
39299,0.125
39300,0.078125
39301,0.109375
39302,0.0625
39303,0.09375
39304,0.046875
39305,0.125
39306,0.078125
39307,0.09375
39308,0.078125
39309,0.109375
39310,0.09375
39311,0.09375
39312,0.140625
39313,0.078125
39314,0.078125
39315,0.09375
39316,0.171875
39317,0.03125
39318,0.078125
39319,0.1875
39320,0.09375
39321,0.078125
39322,0.109375
39323,0.0625
39324,0.078125
39325,0.046875
39326,0.078125
39327,0.046875
39328,0.09375
39329,0.078125
39330,0.03125
39331,0.125
39332,0.09375
39333,0.140625
39334,0.0625
39335,0.09375
39336,0.15625
39337,0.078125
39338,0.109375
39339,0.109375
39340,0.0625
39341,0.0625
39342,0.0625
39343,0.125
39344,0.078125
39345,0.078125
39346,0.140625
39347,0.046875
39348,0.03125
39349,0.09375
39350,0.125
39351,0.078125
39352,0.0625
39353,0.078125
39354,0.046875
39355,0.078125
39356,0.140625
39357,0.078125
39358,0.078125
39359,0.109375
39360,0.078125
39361,0.09375
39362,0.09375
39363,0.078125
39364,0.078125
39365,0.046875
39366,0.140625
39367,0.09375
39368,0.078125
39369,0.078125
39370,0.078125
39371,0.1875
39372,0.0625
39373,0.109375
39374,0.0625
39375,0.046875
39376,0.0625
39377,0.078125
39378,0.046875
39379,0.125
39380,0.046875
39381,0.015625
39382,0.109375
39383,0.140625
39384,0.125
39385,0.109375
39386,0.078125
39387,0.03125
39388,0.09375
39389,0.046875
39390,0.125
39391,0.0625
39392,0.125
39393,0.09375
39394,0.03125
39395,0.09375
39396,0.109375
39397,0.109375
39398,0.078125
39399,0.125
39400,0.078125
39401,0.09375
39402,0.140625
39403,0.109375
39404,0.046875
39405,0.0625
39406,0.09375
39407,0.09375
39408,0.046875
39409,0.0625
39410,0.046875
39411,0.078125
39412,0.09375
39413,0.046875
39414,0.0625
39415,0.0625
39416,0.109375
39417,0.078125
39418,0.0625
39419,0.0625
39420,0.046875
39421,0.078125
39422,0.0625
39423,0.125
39424,0.109375
39425,0.03125
39426,0.078125
39427,0.109375
39428,0.078125
39429,0.078125
39430,0.109375
39431,0.078125
39432,0.0625
39433,0.09375
39434,0.109375
39435,0.0625
39436,0.09375
39437,0.0625
39438,0.0625
39439,0.125
39440,0.078125
39441,0.0625
39442,0.046875
39443,0.0625
39444,0.09375
39445,0.125
39446,0.046875
39447,0.140625
39448,0.09375
39449,0.125
39450,0.078125
39451,0.078125
39452,0.0625
39453,0.0625
39454,0.15625
39455,0.09375
39456,0.09375
39457,0.0625
39458,0.078125
39459,0.109375
39460,0.0625
39461,0.09375
39462,0.078125
39463,0.078125
39464,0.140625
39465,0.0625
39466,0.109375
39467,0.078125
39468,0.15625
39469,0.078125
39470,0.109375
39471,0.140625
39472,0.0625
39473,0.125
39474,0.078125
39475,0.046875
39476,0.078125
39477,0.078125
39478,0.109375
39479,0.109375
39480,0.015625
39481,0.125
39482,0.09375
39483,0.0625
39484,0.09375
39485,0.03125
39486,0.046875
39487,0.1875
39488,0.109375
39489,0.078125
39490,0.03125
39491,0.0625
39492,0.0625
39493,0.09375
39494,0.09375
39495,0.078125
39496,0.09375
39497,0.125
39498,0.15625
39499,0.046875
39500,0.09375
39501,0.03125
39502,0.09375
39503,0.171875
39504,0.09375
39505,0.03125
39506,0.109375
39507,0.125
39508,0.078125
39509,0.0625
39510,0.078125
39511,0.09375
39512,0.09375
39513,0.125
39514,0.09375
39515,0.125
39516,0.078125
39517,0.0625
39518,0.0625
39519,0.078125
39520,0.03125
39521,0.109375
39522,0.046875
39523,0.03125
39524,0.0625
39525,0.0625
39526,0.125
39527,0.078125
39528,0.09375
39529,0.125
39530,0.125
39531,0.125
39532,0.140625
39533,0.15625
39534,0.078125
39535,0.09375
39536,0.0625
39537,0.046875
39538,0.0625
39539,0.078125
39540,0.0625
39541,0.046875
39542,0.0625
39543,0.09375
39544,0.109375
39545,0.078125
39546,0.078125
39547,0.0625
39548,0.09375
39549,0.078125
39550,0.109375
39551,0.09375
39552,0.109375
39553,0.125
39554,0.078125
39555,0.078125
39556,0.0625
39557,0.046875
39558,0.0625
39559,0.09375
39560,0.125
39561,0.125
39562,0.03125
39563,0.09375
39564,0.078125
39565,0.109375
39566,0.125
39567,0.078125
39568,0.046875
39569,0.078125
39570,0.046875
39571,0.078125
39572,0.0625
39573,0.03125
39574,0.125
39575,0.109375
39576,0.171875
39577,0.078125
39578,0.09375
39579,0.171875
39580,0.0625
39581,0.078125
39582,0.046875
39583,0.109375
39584,0.09375
39585,0.15625
39586,0.046875
39587,0.0625
39588,0.03125
39589,0.0625
39590,0.03125
39591,0.09375
39592,0.078125
39593,0.15625
39594,0.03125
39595,0.078125
39596,0.109375
39597,0.140625
39598,0.125
39599,0.140625
39600,0.109375
39601,0.09375
39602,0.078125
39603,0.109375
39604,0.0625
39605,0.0625
39606,0.09375
39607,0.125
39608,0.078125
39609,0.046875
39610,0.078125
39611,0.046875
39612,0.03125
39613,0.078125
39614,0.140625
39615,0.015625
39616,0.09375
39617,0.046875
39618,0.03125
39619,0.09375
39620,0.09375
39621,0.109375
39622,0.140625
39623,0.09375
39624,0.078125
39625,0.078125
39626,0.0625
39627,0.078125
39628,0.078125
39629,0.125
39630,0.0625
39631,0.078125
39632,0.078125
39633,0.15625
39634,0.03125
39635,0.09375
39636,0.078125
39637,0.125
39638,0.125
39639,0.078125
39640,0.0625
39641,0.125
39642,0.078125
39643,0.09375
39644,0.046875
39645,0.109375
39646,0.046875
39647,0.078125
39648,0.15625
39649,0.109375
39650,0.078125
39651,0.03125
39652,0.109375
39653,0.125
39654,0.0625
39655,0.109375
39656,0.09375
39657,0.0625
39658,0.109375
39659,0.09375
39660,0.125
39661,0.078125
39662,0.09375
39663,0.171875
39664,0.171875
39665,0.03125
39666,0.109375
39667,0.09375
39668,0.109375
39669,0.078125
39670,0.109375
39671,0.078125
39672,0.09375
39673,0.140625
39674,0.09375
39675,0.078125
39676,0.09375
39677,0.046875
39678,0.125
39679,0.078125
39680,0.046875
39681,0.09375
39682,0.09375
39683,0.0625
39684,0.09375
39685,0.09375
39686,0.078125
39687,0.0625
39688,0.0625
39689,0.125
39690,0.09375
39691,0.078125
39692,0.140625
39693,0.046875
39694,0.140625
39695,0.109375
39696,0.0625
39697,0.046875
39698,0.09375
39699,0.078125
39700,0.078125
39701,0.09375
39702,0.046875
39703,0.078125
39704,0.09375
39705,0.078125
39706,0.078125
39707,0.078125
39708,0.109375
39709,0.140625
39710,0.140625
39711,0.125
39712,0.109375
39713,0.109375
39714,0.0625
39715,0.078125
39716,0.09375
39717,0.0625
39718,0.109375
39719,0.046875
39720,0.140625
39721,0.15625
39722,0.046875
39723,0.03125
39724,0.09375
39725,0.03125
39726,0.109375
39727,0.125
39728,0.09375
39729,0.109375
39730,0.0625
39731,0.0625
39732,0.015625
39733,0.0625
39734,0.0625
39735,0.078125
39736,0.0625
39737,0.09375
39738,0.0625
39739,0.09375
39740,0.125
39741,0.0625
39742,0.109375
39743,0.078125
39744,0.078125
39745,0.109375
39746,0.015625
39747,0.140625
39748,0.140625
39749,0.109375
39750,0.03125
39751,0.078125
39752,0.0625
39753,0.078125
39754,0.09375
39755,0.125
39756,0.078125
39757,0.046875
39758,0.140625
39759,0.109375
39760,0.03125
39761,0.015625
39762,0.03125
39763,0.0625
39764,0.046875
39765,0.125
39766,0.171875
39767,0.109375
39768,0.078125
39769,0.15625
39770,0.0625
39771,0.125
39772,0.09375
39773,0.125
39774,0.109375
39775,0.203125
39776,0.03125
39777,0.09375
39778,0.109375
39779,0.078125
39780,0.078125
39781,0.03125
39782,0.046875
39783,0.109375
39784,0.109375
39785,0.09375
39786,0.046875
39787,0.09375
39788,0.125
39789,0.0625
39790,0.09375
39791,0.15625
39792,0.09375
39793,0.046875
39794,0.09375
39795,0.078125
39796,0.046875
39797,0.0625
39798,0.125
39799,0.078125
39800,0.125
39801,0.09375
39802,0.203125
39803,0.09375
39804,0.0625
39805,0.109375
39806,0.109375
39807,0.0625
39808,0.125
39809,0.125
39810,0.078125
39811,0.0625
39812,0.140625
39813,0.0625
39814,0.03125
39815,0.078125
39816,0.078125
39817,0.046875
39818,0.109375
39819,0.0625
39820,0.046875
39821,0.09375
39822,0.125
39823,0.09375
39824,0.09375
39825,0.109375
39826,0.125
39827,0.15625
39828,0.125
39829,0.078125
39830,0.09375
39831,0.078125
39832,0.140625
39833,0.078125
39834,0.109375
39835,0.125
39836,0.078125
39837,0.015625
39838,0.078125
39839,0.0625
39840,0.109375
39841,0.09375
39842,0.15625
39843,0.0625
39844,0.0625
39845,0.109375
39846,0.09375
39847,0.109375
39848,0.078125
39849,0.0625
39850,0.09375
39851,0.109375
39852,0.09375
39853,0.0625
39854,0.0625
39855,0.078125
39856,0.078125
39857,0.09375
39858,0.03125
39859,0.109375
39860,0.078125
39861,0.0625
39862,0.09375
39863,0.125
39864,0.078125
39865,0.0625
39866,0.1875
39867,0.109375
39868,0.140625
39869,0.125
39870,0.03125
39871,0.125
39872,0.125
39873,0.09375
39874,0.0625
39875,0.078125
39876,0.078125
39877,0.0625
39878,0.078125
39879,0.0625
39880,0.09375
39881,0.078125
76637,0.15625
76638,0.03125
76640,0.046875
76641,0.09375
76642,0.109375
76643,0.09375
76644,0.09375
76645,0.109375
76646,0.0625
76647,0.109375
76648,0.0625
76649,0.109375
76650,0.0625
76651,0.0625
76652,0.03125
76653,0.109375
76654,0.09375
76655,0.046875
76656,0.046875
76657,0.0625
76658,0.109375
76659,0.09375
76660,0.109375
76661,0.109375
76662,0.078125
76663,0.125
76664,0.0625
76665,0.09375
76666,0.078125
76667,0.078125
76668,0.046875
76669,0.03125
76670,0.0625
76671,0.09375
76672,0.140625
76673,0.140625
76674,0.109375
76675,0.046875
76676,0.0625
76677,0.109375
76678,0.109375
76679,0.046875
76680,0.078125
76681,0.09375
76682,0.109375
76683,0.09375
76684,0.078125
76685,0.125
76686,0.03125
76687,0.0625
76688,0.15625
76689,0.0625
76690,0.0625
76691,0.046875
76692,0.078125
76693,0.125
76694,0.171875
76695,0.09375
76696,0.078125
76697,0.03125
76698,0.078125
76699,0.078125
76700,0.09375
76701,0.109375
76702,0.03125
76703,0.109375
76704,0.078125
76705,0.109375
76706,0.109375
76707,0.125
76708,0.078125
76709,0.0625
76710,0.078125
76711,0.0625
76712,0.09375
76713,0.0625
76714,0.09375
76715,0.09375
76716,0.078125
76717,0.03125
76718,0.09375
76719,0.09375
76720,0.078125
76721,0.125
76722,0.078125
76723,0.0625
76724,0.078125
76725,0.09375
76726,0.046875
76727,0.03125
76728,0.09375
76729,0.078125
76730,0.125
76731,0.09375
76732,0.0625
76733,0.078125
76734,0.09375
76735,0.0625
76736,0.0625
76737,0.03125
76738,0.109375
76739,0.078125
76740,0.03125
76741,0.09375
76742,0.03125
76743,0.03125
76744,0.109375
76745,0.140625
76746,0.125
76747,0.109375
76748,0.015625
76749,0.125
76750,0.09375
76751,0.09375
76752,0.046875
76753,0.046875
76754,0.0625
76755,0.078125
76756,0.0625
76757,0.0625
76758,0.078125
76759,0.078125
76760,0.125
76761,0.140625
76762,0.125
76763,0.046875
76764,0.046875
76765,0.046875
76766,0.046875
76767,0.078125
76768,0.09375
76769,0.125
76770,0.15625
76771,0.125
76772,0.09375
76773,0.09375
76774,0.03125
76775,0.015625
76776,0.140625
76777,0.0625
76778,0.078125
76779,0.109375
76780,0.09375
76781,0.078125
76782,0.15625
76783,0.046875
76784,0.078125
76785,0.046875
76786,0.0625
76787,0.078125
76788,0.03125
76789,0.0625
76790,0.125
76791,0.046875
76792,0.046875
76793,0.015625
76794,0.046875
76795,0.0625
76796,0.09375
76797,0.03125
76798,0.09375
76799,0.09375
76800,0.078125
76801,0.078125
76802,0.140625
76803,0.109375
76804,0.078125
76805,0.046875
76806,0.109375
76807,0.0625
76808,0.109375
76809,0.0625
76810,0.0625
76811,0.078125
76812,0.0625
76813,0.078125
76814,0.078125
76815,0.0625
76816,0.078125
76817,0.046875
76818,0.09375
76819,0.03125
76820,0.0625
76821,0.15625
76822,0.078125
76823,0.09375
76824,0.109375
76825,0.078125
76826,0.09375
76827,0.125
76828,0.0625
76829,0.046875
76830,0.09375
76831,0.09375
76832,0.09375
76833,0.078125
76834,0.125
76835,0.125
76836,0.078125
76837,0.0625
76838,0.0625
76839,0.125
76840,0.078125
76841,0.0625
76842,0.0625
76843,0.078125
76844,0.140625
76845,0.125
76846,0.046875
76847,0.09375
76848,0.03125
76849,0.078125
76850,0.125
76851,0.125
76852,0.0625
76853,0.09375
76854,0.046875
76855,0.078125
76856,0.09375
76857,0.046875
76858,0.046875
76859,0.078125
76860,0.109375
76861,0.078125
76862,0.046875
76863,0.03125
76864,0.046875
76865,0.0625
76866,0.046875
76867,0.078125
76868,0.09375
76869,0.0625
76870,0.09375
76871,0.109375
76872,0.0625
76873,0.109375
76874,0.078125
76875,0.09375
76876,0.078125
76877,0.109375
76878,0.0625
76879,0.078125
76880,0.078125
76881,0.078125
76882,0.109375
76883,0.109375
76884,0.03125
76885,0.0625
76886,0.03125
76887,0.03125
76888,0.140625
76889,0.046875
76890,0.109375
76891,0.046875
76892,0.0625
76893,0.0625
76894,0.109375
76895,0.09375
76896,0.0625
76897,0.0625
76898,0.046875
76899,0.09375
76900,0.0625
76901,0.046875
76902,0.09375
76903,0.046875
76904,0.09375
76905,0.0625
76906,0.078125
76907,0.078125
76908,0.0625
76909,0.078125
76910,0.0625
76911,0.140625
76912,0.140625
76913,0.015625
76914,0.03125
76915,0.046875
76916,0.109375
76917,0.140625
76918,0.0625
76919,0.125
76920,0.0625
76921,0.046875
76922,0.09375
76923,0.03125
76924,0.09375
76925,0.046875
76926,0.0625
76927,0.09375
76928,0.078125
76929,0.078125
76930,0.09375
76931,0.0625
76932,0.03125
76933,0.09375
76934,0.0625
76935,0.09375
76936,0.109375
76937,0.109375
76938,0.078125
76939,0.0625
76940,0.078125
76941,0.09375
76942,0.125
76943,0.203125
76944,0.078125
76945,0.03125
76946,0.125
76947,0.0625
76948,0.0625
76949,0.109375
76950,0.078125
76951,0.078125
76952,0.0625
76953,0.125
76954,0.140625
76955,0.078125
76956,0.0625
76957,0.09375
76958,0.046875
76959,0.03125
76960,0.03125
76961,0.09375
76962,0.09375
76963,0.15625
76964,0.109375
76965,0.140625
76966,0.09375
76967,0.078125
76968,0.046875
76969,0.140625
76970,0.0
76971,0.09375
76972,0.140625
76973,0.078125
76974,0.0625
76975,0.125
76976,0.046875
76977,0.1875
76978,0.078125
76979,0.046875
76980,0.046875
76981,0.078125
76982,0.078125
76983,0.0
76984,0.046875
76985,0.078125
76986,0.046875
76987,0.03125
76988,0.140625
76989,0.078125
76990,0.140625
76991,0.140625
76992,0.09375
76993,0.125
76994,0.0625
76995,0.078125
76996,0.078125
76997,0.0625
76998,0.09375
76999,0.0625
77000,0.03125
77001,0.078125
77002,0.1875
77003,0.0625
77004,0.0625
77005,0.109375
77006,0.046875
77007,0.0625
77008,0.09375
77009,0.09375
77010,0.109375
77011,0.125
77012,0.078125
77013,0.09375
77014,0.078125
77015,0.046875
77016,0.078125
77017,0.09375
77018,0.109375
77019,0.09375
77020,0.0625
77021,0.125
77022,0.078125
77023,0.046875
77024,0.125
77025,0.125
77026,0.078125
77027,0.046875
77028,0.03125
77029,0.078125
77030,0.0625
77031,0.09375
77032,0.09375
77033,0.03125
77034,0.0625
77035,0.015625
77036,0.109375
77037,0.109375
77038,0.078125
77039,0.125
77040,0.078125
77041,0.109375
77042,0.09375
77043,0.109375
77044,0.078125
77045,0.03125
77046,0.0625
77047,0.15625
77048,0.109375
77049,0.03125
77050,0.03125
77051,0.03125
77052,0.0625
77053,0.046875
77054,0.0625
77055,0.0625
77056,0.046875
77057,0.109375
77058,0.03125
77059,0.0625
77060,0.125
77061,0.0625
77062,0.09375
77063,0.078125
77064,0.09375
77065,0.0625
77066,0.03125
77067,0.0625
77068,0.046875
77069,0.078125
77070,0.140625
77071,0.03125
77072,0.203125
77073,0.046875
77074,0.03125
77075,0.03125
77076,0.03125
77077,0.140625
77078,0.03125
77079,0.09375
77080,0.046875
77081,0.03125
77082,0.046875
77083,0.046875
77084,0.09375
77085,0.125
77086,0.078125
77087,0.0625
77088,0.078125
77089,0.078125
77090,0.015625
77091,0.078125
77092,0.03125
77093,0.125
77094,0.046875
77095,0.109375
77096,0.09375
77097,0.0625
77098,0.078125
77099,0.09375
77100,0.078125
77101,0.125
77102,0.109375
77103,0.09375
77104,0.171875
77105,0.078125
77106,0.140625
77107,0.078125
77108,0.0625
77109,0.09375
77110,0.125
77111,0.09375
77112,0.109375
77113,0.03125
77114,0.09375
77115,0.0625
77116,0.109375
77117,0.078125
77118,0.078125
77119,0.125
77120,0.0625
77121,0.09375
77122,0.109375
77123,0.046875
77124,0.078125
77125,0.078125
77126,0.078125
77127,0.140625
77128,0.015625
77129,0.09375
77130,0.0625
77131,0.0625
77132,0.078125
77133,0.03125
77134,0.109375
77135,0.171875
77136,0.015625
77137,0.125
77138,0.140625
77139,0.046875
77140,0.0625
77141,0.046875
77142,0.078125
77143,0.0625
77144,0.046875
77145,0.0625
77146,0.140625
77147,0.09375
77148,0.0625
77149,0.03125
77150,0.109375
77151,0.0625
77152,0.03125
77153,0.09375
77154,0.0625
77155,0.109375
77156,0.109375
77157,0.078125
77158,0.09375
77159,0.078125
77160,0.015625
77161,0.078125
77162,0.125
77163,0.046875
77164,0.125
77165,0.078125
77166,0.0625
77167,0.046875
77168,0.109375
77169,0.0625
77170,0.078125
77171,0.015625
77172,0.0625
77173,0.109375
77174,0.09375
77175,0.0625
77176,0.140625
77177,0.109375
77178,0.09375
77179,0.078125
77180,0.109375
77181,0.078125
77182,0.078125
77183,0.078125
77184,0.171875
77185,0.0625
77186,0.0625
77187,0.09375
77188,0.0625
77189,0.0625
77190,0.078125
77191,0.078125
77192,0.03125
77193,0.109375
77194,0.15625
77195,0.09375
77196,0.0625
77197,0.0625
77198,0.0625
77199,0.046875
77200,0.09375
77201,0.03125
77202,0.0625
77203,0.078125
77204,0.0625
77205,0.125
77206,0.09375
77207,0.125
77208,0.0625
77209,0.078125
77210,0.03125
77211,0.109375
77212,0.125
77213,0.046875
77214,0.125
77215,0.0625
77216,0.109375
77217,0.078125
77218,0.0625
77219,0.0625
77220,0.046875
77221,0.125
77222,0.078125
77223,0.109375
77224,0.046875
77225,0.140625
77226,0.109375
77227,0.0625
77228,0.09375
77229,0.109375
77230,0.109375
77231,0.109375
77232,0.125
77233,0.0625
77234,0.0625
77235,0.0625
77236,0.140625
77237,0.078125
77238,0.125
77239,0.125
77240,0.0625
77241,0.0625
77242,0.09375
77243,0.078125
77244,0.046875
77245,0.09375
77246,0.0625
77247,0.078125
77248,0.046875
77249,0.03125
77250,0.078125
77251,0.046875
77252,0.078125
77253,0.046875
77254,0.03125
77255,0.109375
77256,0.078125
77257,0.078125
77258,0.0625
77259,0.078125
77260,0.078125
77261,0.15625
77262,0.109375
77263,0.078125
77264,0.15625
77265,0.171875
77266,0.09375
77267,0.109375
77268,0.078125
77269,0.0625
77270,0.078125
77271,0.046875
77272,0.109375
77273,0.125
77274,0.109375
77275,0.078125
77276,0.078125
77277,0.046875
77278,0.078125
77279,0.09375
77280,0.078125
77281,0.078125
77282,0.0625
77283,0.078125
77284,0.046875
77285,0.09375
77286,0.078125
77287,0.09375
77288,0.09375
77289,0.078125
77290,0.046875
77291,0.046875
77292,0.0625
77293,0.078125
77294,0.125
77295,0.09375
77296,0.15625
77297,0.1875
77298,0.0625
77299,0.125
77300,0.125
77301,0.03125
77302,0.09375
77303,0.109375
77304,0.09375
77305,0.078125
77306,0.0625
77307,0.078125
77308,0.046875
77309,0.140625
77310,0.09375
77311,0.09375
77312,0.0625
77313,0.09375
77314,0.03125
77315,0.03125
77316,0.0625
77317,0.109375
77318,0.109375
77319,0.046875
77320,0.03125
77321,0.0625
77322,0.125
77323,0.046875
77324,0.015625
77325,0.125
77326,0.09375
77327,0.109375
77328,0.078125
77329,0.078125
77330,0.140625
77331,0.0625
77332,0.109375
77333,0.125
77334,0.140625
77335,0.09375
77336,0.0625
77337,0.109375
77338,0.09375
77339,0.0625
77340,0.03125
77341,0.046875
77342,0.09375
77343,0.140625
77344,0.0625
77345,0.0625
77346,0.109375
77347,0.109375
77348,0.078125
77349,0.109375
77350,0.0625
77351,0.0625
77352,0.109375
77353,0.015625
77354,0.125
77355,0.109375
77356,0.03125
77357,0.078125
77358,0.046875
77359,0.078125
77360,0.046875
77361,0.09375
77362,0.109375
77363,0.109375
77364,0.0625
77365,0.078125
77366,0.046875
77367,0.03125
77368,0.046875
77369,0.0625
77370,0.09375
77371,0.09375
77372,0.046875
77373,0.078125
77374,0.09375
77375,0.078125
77376,0.078125
77377,0.109375
77378,0.09375
77379,0.09375
77380,0.125
77381,0.09375
77382,0.046875
77383,0.046875
77384,0.078125
77385,0.046875
77386,0.125
77387,0.046875
77388,0.046875
77389,0.125
77390,0.078125
77391,0.046875
77392,0.03125
77393,0.125
77394,0.046875
77395,0.046875
77396,0.09375
77397,0.109375
77398,0.078125
77399,0.046875
77400,0.046875
77401,0.078125
77402,0.15625
77403,0.09375
77404,0.09375
77405,0.109375
77406,0.078125
77407,0.03125
77408,0.0625
77409,0.140625
77410,0.046875
77411,0.078125
77412,0.140625
77413,0.09375
77414,0.078125
77415,0.03125
77416,0.0625
77417,0.046875
77418,0.078125
77419,0.09375
77420,0.03125
77422,0.09375
77423,0.109375
77424,0.15625
77425,0.109375
77426,0.046875
77427,0.15625
77428,0.078125
77429,0.09375
77430,0.03125
77431,0.09375
77432,0.03125
77433,0.03125
77434,0.0625
77435,0.09375
77436,0.0625
77437,0.046875
77438,0.078125
77439,0.0625
77440,0.0625
77441,0.125
77442,0.0625
77443,0.046875
77444,0.09375
77445,0.09375
77446,0.140625
77447,0.0625
77448,0.078125
77449,0.078125
77450,0.078125
77451,0.0625
77452,0.078125
77453,0.0625
77454,0.09375
77455,0.03125
77456,0.09375
77457,0.03125
77458,0.078125
77459,0.0625
77460,0.03125
77461,0.109375
77462,0.0625
77463,0.109375
77464,0.078125
77465,0.109375
77466,0.09375
77467,0.109375
77468,0.03125
77469,0.140625
77470,0.078125
77471,0.078125
77472,0.125
77473,0.109375
77474,0.015625
77475,0.09375
77476,0.0625
77477,0.09375
77478,0.109375
77479,0.078125
77480,0.046875
77481,0.0625
77482,0.078125
77483,0.078125
77484,0.109375
77485,0.109375
77486,0.046875
77487,0.109375
77488,0.046875
77489,0.140625
77490,0.09375
77491,0.046875
77492,0.203125
77493,0.0625
77494,0.046875
77495,0.078125
77496,0.046875
77497,0.09375
77498,0.078125
77499,0.046875
77500,0.09375
77501,0.03125
77502,0.0625
77503,0.15625
77504,0.0625
77505,0.109375
77506,0.078125
77507,0.078125
77508,0.03125
77509,0.078125
77510,0.109375
77511,0.078125
77512,0.0625
77513,0.046875
77514,0.0625
77515,0.0625
77516,0.125
77517,0.046875
77518,0.140625
77519,0.046875
77520,0.0625
77521,0.046875
77522,0.09375
77523,0.109375
77524,0.125
77525,0.03125
77526,0.125
77527,0.046875
77528,0.078125
77529,0.109375
77530,0.109375
77531,0.078125
77532,0.0625
77533,0.015625
77534,0.03125
77535,0.09375
77536,0.125
77537,0.078125
77538,0.0625
77539,0.109375
77540,0.03125
77541,0.078125
77542,0.0625
77543,0.109375
77544,0.125
77545,0.109375
77546,0.09375
77547,0.078125
77548,0.03125
77549,0.09375
77550,0.125
77551,0.0625
77552,0.03125
77553,0.078125
77554,0.140625
77555,0.0625
77556,0.109375
77557,0.125
77558,0.15625
77559,0.0625
77560,0.0625
77561,0.09375
77562,0.046875
77563,0.03125
77564,0.03125
77565,0.09375
77566,0.09375
77567,0.09375
77568,0.078125
77569,0.140625
77570,0.078125
77571,0.109375
77572,0.0625
77573,0.0625
77574,0.09375
77575,0.0625
77576,0.09375
77577,0.0625
77578,0.078125
77579,0.078125
77580,0.046875
77581,0.078125
77582,0.140625
77583,0.125
77584,0.09375
77585,0.0625
77586,0.125
77587,0.046875
77588,0.0625
77589,0.140625
77590,0.09375
77591,0.03125
77592,0.09375
77593,0.046875
77594,0.125
77595,0.0625
77596,0.0625
77597,0.125
77598,0.125
77599,0.15625
77600,0.046875
77601,0.125
77602,0.09375
77603,0.109375
77604,0.109375
77605,0.0625
77606,0.046875
77607,0.078125
77608,0.0625
77609,0.078125
77610,0.078125
77611,0.125
77612,0.046875
77613,0.03125
77614,0.078125
77615,0.0625
77616,0.078125
77617,0.0625
77618,0.109375
77619,0.109375
77620,0.09375
77621,0.09375
77622,0.125
77623,0.09375
77624,0.078125
77625,0.109375
77626,0.09375
77627,0.0625
77628,0.09375
77629,0.0625
77630,0.109375
77631,0.046875
77632,0.109375
77633,0.0625
77634,0.03125
77635,0.1875
77636,0.109375
77637,0.0625
77638,0.03125
77639,0.0625
77640,0.0625
77641,0.109375
77642,0.09375
77643,0.078125
77644,0.0625
77645,0.0625
77646,0.046875
77647,0.125
77648,0.125
77649,0.046875
77650,0.0625
77651,0.03125
77652,0.109375
77653,0.0625
77654,0.171875
77655,0.125
77656,0.0625
77657,0.078125
77658,0.15625
77659,0.078125
77660,0.109375
77661,0.09375
77662,0.078125
77663,0.109375
77664,0.09375
77665,0.03125
77666,0.078125
77667,0.09375
77668,0.078125
77669,0.0625
77670,0.046875
77671,0.078125
77672,0.125
77673,0.015625
77674,0.046875
77675,0.046875
77676,0.09375
77677,0.09375
77678,0.09375
77679,0.046875
77680,0.15625
77681,0.046875
77682,0.09375
77683,0.0625
77684,0.09375
77685,0.046875
77686,0.140625
77687,0.046875
77688,0.109375
77689,0.109375
77690,0.09375
77691,0.1875
77692,0.09375
77693,0.078125
77694,0.078125
77695,0.0625
77696,0.171875
77697,0.09375
77698,0.0625
77699,0.125
77700,0.109375
77701,0.09375
77702,0.125
77703,0.078125
77704,0.140625
77705,0.140625
77706,0.171875
77707,0.078125
77708,0.03125
77709,0.125
77710,0.109375
77711,0.15625
77712,0.078125
77713,0.0625
77714,0.046875
77715,0.09375
77716,0.03125
77717,0.0625
77718,0.1875
77719,0.09375
77720,0.09375
77721,0.109375
77722,0.046875
77723,0.109375
77724,0.140625
77725,0.015625
77726,0.078125
77727,0.09375
77728,0.125
77729,0.046875
77730,0.109375
77731,0.140625
77732,0.109375
77733,0.078125
77734,0.171875
77735,0.0625
77736,0.09375
77737,0.09375
77738,0.046875
77739,0.078125
77740,0.09375
77741,0.046875
77742,0.0625
77743,0.0625
77744,0.0625
77745,0.078125
77746,0.125
77747,0.09375
77748,0.125
77749,0.0625
77750,0.03125
77751,0.15625
77752,0.03125
77753,0.03125
77754,0.078125
77755,0.109375
77756,0.109375
77757,0.015625
77758,0.015625
77759,0.03125
77760,0.15625
77761,0.09375
77762,0.09375
77763,0.0625
77764,0.125
77765,0.125
77766,0.046875
77767,0.078125
77768,0.046875
77769,0.09375
77770,0.140625
77771,0.0625
77772,0.03125
77773,0.125
77774,0.109375
77775,0.0625
77776,0.078125
77777,0.15625
77778,0.109375
77779,0.0625
77780,0.0625
77781,0.0625
77782,0.109375
77783,0.109375
77784,0.046875
77785,0.09375
77786,0.09375
77787,0.0625
77788,0.078125
77789,0.09375
77790,0.0625
77791,0.03125
77792,0.109375
77793,0.109375
77794,0.09375
77795,0.109375
77796,0.03125
77797,0.0625
77798,0.09375
77799,0.078125
77800,0.09375
77801,0.109375
77802,0.09375
77803,0.0625
77804,0.078125
77805,0.0625
77806,0.15625
77807,0.125
77808,0.078125
77809,0.078125
77810,0.109375
77811,0.109375
77812,0.0625
77813,0.046875
77814,0.09375
77815,0.140625
77816,0.015625
77817,0.109375
77818,0.109375
77819,0.09375
77820,0.109375
77821,0.140625
77822,0.09375
77823,0.171875
77824,0.09375
77825,0.046875
77826,0.0625
77827,0.046875
77828,0.0625
77829,0.046875
77830,0.140625
77831,0.125
77832,0.09375
77833,0.09375
77834,0.046875
77835,0.078125
77836,0.046875
77837,0.109375
77838,0.046875
77839,0.0625
77840,0.09375
77841,0.078125
77842,0.078125
77843,0.0625
77844,0.109375
77845,0.140625
77846,0.109375
77847,0.109375
77848,0.125
77849,0.0625
77850,0.046875
77851,0.109375
77852,0.015625
77853,0.125
77854,0.046875
77855,0.078125
77856,0.09375
77857,0.125
77858,0.109375
77859,0.078125
77860,0.0625
77861,0.0625
77862,0.0625
77863,0.046875
77864,0.125
77865,0.078125
77866,0.09375
77867,0.09375
77868,0.078125
77869,0.109375
77870,0.046875
77871,0.09375
77872,0.109375
77873,0.078125
77874,0.015625
77875,0.109375
77876,0.078125
77877,0.03125
77878,0.0625
77879,0.015625
77880,0.046875
77881,0.125
77882,0.171875
77883,0.0625
77884,0.09375
77885,0.15625
77886,0.109375
77887,0.0625
77888,0.09375
77889,0.09375
77890,0.0625
77891,0.0625
77892,0.125
77893,0.15625
77894,0.0625
77895,0.046875
77896,0.078125
77897,0.140625
77898,0.125
77899,0.0625
77900,0.15625
77901,0.109375
77902,0.0625
77903,0.0
77904,0.09375
77905,0.09375
77906,0.09375
77907,0.03125
77908,0.09375
77909,0.015625
77910,0.09375
77911,0.09375
77912,0.140625
77913,0.0625
77914,0.0625
77915,0.09375
77916,0.015625
77917,0.125
77918,0.078125
77919,0.0625
77920,0.078125
77921,0.109375
77922,0.078125
77923,0.09375
77924,0.03125
77925,0.078125
77926,0.09375
77927,0.0625
77928,0.046875
77929,0.0625
77930,0.09375
77931,0.109375
77932,0.09375
77933,0.0625
77934,0.09375
77935,0.09375
77936,0.046875
77937,0.0625
77938,0.046875
77939,0.125
77940,0.078125
77941,0.125
77942,0.09375
77943,0.125
77944,0.078125
77945,0.046875
77946,0.109375
77947,0.109375
77948,0.078125
77949,0.09375
77950,0.09375
77951,0.109375
77952,0.125
77953,0.125
77954,0.125
77955,0.046875
77956,0.0625
77957,0.09375
77958,0.078125
77959,0.078125
77960,0.09375
77961,0.078125
77962,0.078125
77963,0.09375
77964,0.0625
77965,0.109375
77966,0.09375
77967,0.109375
77968,0.15625
77969,0.0625
77970,0.09375
77971,0.109375
77972,0.109375
77973,0.09375
77974,0.078125
77975,0.09375
77976,0.046875
77977,0.140625
77978,0.078125
77979,0.09375
77980,0.109375
77981,0.09375
77982,0.109375
77983,0.03125
77984,0.15625
77985,0.078125
77986,0.09375
77987,0.015625
77988,0.09375
77989,0.09375
77990,0.078125
77991,0.09375
77992,0.03125
77993,0.03125
77994,0.078125
77995,0.0625
77996,0.046875
77997,0.046875
77998,0.03125
77999,0.078125
78000,0.109375
78001,0.109375
78002,0.125
78003,0.078125
78004,0.078125
78005,0.03125
78006,0.140625
78007,0.046875
78008,0.078125
78009,0.09375
78010,0.125
78011,0.109375
78012,0.109375
78013,0.0625
78014,0.140625
78015,0.078125
78016,0.15625
78017,0.09375
78018,0.109375
78019,0.09375
78020,0.140625
78021,0.046875
78022,0.03125
78023,0.09375
78024,0.0625
78025,0.109375
78026,0.046875
78027,0.03125
78028,0.125
78029,0.0625
78030,0.0625
78031,0.09375
78032,0.078125
78033,0.15625
78034,0.046875
78035,0.0625
78036,0.046875
78037,0.0625
78038,0.03125
78039,0.078125
78040,0.078125
78041,0.078125
78042,0.109375
78043,0.078125
78044,0.046875
78045,0.109375
78046,0.078125
78047,0.0625
78048,0.109375
78049,0.140625
78050,0.078125
78051,0.0625
78052,0.125
78053,0.15625
78054,0.09375
78055,0.078125
78056,0.078125
78057,0.078125
78058,0.0625
78059,0.015625
78060,0.0625
78061,0.046875
78062,0.109375
78063,0.09375
78064,0.0625
78065,0.09375
78066,0.0625
78067,0.109375
78068,0.09375
78069,0.09375
78070,0.0625
78071,0.03125
78072,0.046875
78073,0.0625
78074,0.03125
78075,0.09375
78076,0.09375
78077,0.046875
78078,0.109375
78079,0.15625
78080,0.125
78081,0.09375
78082,0.0625
78083,0.09375
78084,0.109375
78085,0.125
78086,0.0625
78087,0.109375
78088,0.046875
78089,0.078125
78090,0.09375
78091,0.03125
78092,0.078125
78093,0.078125
78094,0.0625
78095,0.09375
78096,0.015625
78097,0.0625
78098,0.109375
78099,0.09375
78100,0.09375
78101,0.046875
78102,0.03125
78103,0.109375
78104,0.09375
78105,0.078125
78106,0.046875
78107,0.0625
78108,0.09375
78109,0.046875
78110,0.1875
78111,0.078125
78112,0.0625
78113,0.078125
78114,0.03125
78115,0.078125
78116,0.015625
78117,0.0625
78118,0.0625
78119,0.046875
78120,0.109375
78121,0.046875
78122,0.109375
78123,0.015625
78124,0.140625
78125,0.078125
78126,0.078125
78127,0.078125
78128,0.046875
78129,0.109375
78130,0.09375
78131,0.046875
78132,0.03125
78133,0.078125
78134,0.078125
78135,0.171875
78136,0.03125
78137,0.125
78138,0.015625
78139,0.09375
78140,0.15625
78141,0.0625
78142,0.125
78143,0.078125
78144,0.0625
78145,0.0625
78146,0.078125
78147,0.125
78148,0.0625
78149,0.109375
78150,0.125
78151,0.046875
78152,0.140625
78153,0.109375
78154,0.0625
78155,0.0625
78156,0.03125
78157,0.09375
78158,0.0625
78159,0.078125
78160,0.109375
78161,0.078125
78162,0.109375
78163,0.0625
78164,0.09375
78165,0.078125
78166,0.046875
78167,0.09375
78168,0.09375
78169,0.0625
78170,0.09375
78171,0.078125
78172,0.09375
78173,0.09375
78174,0.0625
78175,0.078125
78176,0.0625
78177,0.125
78178,0.0625
78179,0.140625
78180,0.09375
78181,0.109375
78182,0.15625
78183,0.140625
78184,0.046875
78185,0.078125
78186,0.09375
78187,0.0625
78188,0.078125
78189,0.0
78190,0.0625
78191,0.09375
78192,0.15625
78193,0.09375
78194,0.078125
78195,0.109375
78196,0.125
78197,0.09375
78198,0.0625
78199,0.09375
78200,0.09375
78201,0.078125
78202,0.09375
