4,0.0
5,0.0
6,0.0
7,0.0
8,0.0
9,0.0
10,0.0
11,0.0
12,0.0
13,0.0
14,0.0
15,0.0
16,0.0
17,0.0
18,0.0
19,0.0
20,0.0
21,0.0
22,0.0
23,0.0
24,0.0
25,0.0
26,0.0
27,0.0
28,0.0
29,0.0
30,0.0
31,0.0
32,0.0
33,0.0
34,0.0
35,0.0
36,0.0
37,0.0
38,0.0
39,0.0
40,0.0
41,0.0
42,0.0
43,0.0
44,0.0
45,0.0
46,0.0
47,0.0
48,0.0
49,0.0
50,0.0
51,0.0
52,0.0
53,0.0
54,0.0
55,0.0
56,0.0
57,0.0
58,0.0
59,0.0
60,0.0
61,0.0
62,0.0
63,0.0
64,0.0
65,0.0
66,0.0
67,0.0
68,0.0
69,0.0
70,0.0
71,0.0
72,0.0
73,0.0
74,0.0
75,0.0
76,0.0
77,0.0
78,0.0
79,0.0
80,0.0
81,0.0
82,0.0
83,0.0
84,0.0
85,0.0
86,0.0
87,0.0
88,0.0
89,0.0
90,0.0
91,0.0
92,0.0
93,0.0
94,0.0
95,0.0
96,0.0
97,0.0
98,0.0
99,0.0
100,0.0
101,0.0
102,0.0
103,0.0
104,0.0
105,0.0
106,0.0
107,0.0
108,0.0
109,0.0
110,0.0
111,0.0
112,0.0
113,0.0
114,0.0
115,0.0
116,0.0
117,0.0
118,0.0
119,0.0
120,0.0
121,0.0
122,0.0
123,0.0
124,0.0
125,0.0
126,0.0
127,0.0
128,0.0
129,0.0
130,0.0
131,0.0
132,0.0
133,0.0
134,0.0
135,0.0
136,0.0
137,0.0
138,0.0
139,0.0
140,0.0
141,0.0
142,0.0
143,0.0
144,0.0
145,0.0
146,0.0
147,0.0
148,0.0
149,0.0
150,0.0
151,0.0
152,0.0
153,0.0
154,0.0
155,0.0
156,0.0
157,0.0
158,0.0
159,0.0
160,0.0
161,0.0
162,0.0
163,0.0
164,0.0
165,0.0
166,0.0
167,0.0
168,0.0
169,0.0
170,0.0
171,0.0
172,0.0
173,0.0
174,0.0
175,0.0
176,0.0
177,0.0
178,0.0
179,0.0
180,0.0
181,0.0
182,0.0
183,0.0
184,0.0
185,0.0
186,0.0
187,0.0
188,0.0
189,0.0
190,0.0
191,0.0
192,0.0
193,0.0
194,0.0
195,0.0
196,0.0
197,0.0
198,0.0
199,0.0
200,0.0
201,0.0
202,0.0
203,0.0
204,0.0
205,0.0
206,0.0
207,0.0
208,0.0
209,0.0
210,0.0
211,0.0
212,0.0
213,0.0
214,0.0
215,0.0
216,0.0
217,0.0
218,0.0
219,0.0
220,0.0
221,0.0
222,0.0
223,0.0
224,0.0
225,0.0
226,0.0
227,0.0
228,0.0
229,0.0
230,0.0
231,0.0
232,0.0
233,0.0
234,0.0
235,0.0
236,0.0
237,0.0
238,0.0
239,0.0
240,0.0
241,0.0
242,0.0
243,0.0
244,0.0
245,0.0
246,0.0
247,0.0
248,0.0
249,0.0
250,0.0
251,0.0
252,0.0
253,0.0
254,0.0
255,0.0
256,0.0
257,0.0
258,0.0
259,0.0
260,0.0
261,0.0
262,0.0
263,0.0
264,0.0
265,0.0
266,0.0
267,0.0
268,0.0
269,0.0
270,0.0
271,0.0
272,0.0
273,0.0
274,0.0
275,0.0
276,0.0
277,0.0
278,0.0
279,0.0
280,0.0
281,0.0
282,0.0
283,0.0
284,0.0
285,0.0
286,0.0
287,0.0
288,0.0
289,0.0
290,0.0
291,0.0
292,0.0
293,0.0
294,0.0
295,0.0
296,0.0
297,0.0
298,0.0
299,0.0
300,0.0
301,0.0
302,0.0
303,0.0
304,0.0
305,0.0
306,0.0
307,0.0
308,0.0
309,0.0
310,0.0
311,0.0
312,0.0
313,0.0
314,0.0
315,0.0
316,0.0
317,0.0
318,0.0
319,0.0
320,0.0
321,0.0
322,0.0
323,0.0
324,0.0
325,0.0
326,0.0
327,0.0
328,0.0
329,0.0
330,0.0
331,0.0
332,0.0
333,0.0
334,0.0
335,0.0
336,0.0
337,0.0
338,0.0
339,0.0
340,0.0
341,0.0
342,0.0
343,0.0
344,0.0
345,0.0
346,0.0
347,0.0
348,0.0
349,0.0
350,0.0
351,0.0
352,0.0
353,0.0
354,0.0
355,0.0
356,0.0
357,0.0
358,0.0
359,0.0
360,0.0
361,0.0
362,0.0
363,0.0
364,0.0
365,0.0
366,0.0
367,0.0
368,0.0
369,0.0
370,0.0
371,0.0
372,0.0
373,0.0
374,0.0
375,0.0
376,0.0
377,0.0
378,0.0
379,0.0
380,0.0
381,0.0
382,0.0
383,0.0
384,0.0
385,0.0
386,0.0
387,0.0
388,0.0
389,0.0
390,0.0
391,0.0
392,0.0
393,0.0
394,0.0
395,0.0
396,0.0
397,0.0
398,0.0
399,0.0
400,0.0
401,0.0
402,0.0
403,0.0
404,0.0
405,0.0
406,0.0
407,0.0
408,0.0
409,0.0
410,0.0
411,0.0
412,0.0
413,0.0
414,0.0
415,0.0
416,0.0
417,0.0
418,0.0
419,0.0
420,0.0
421,0.0
422,0.0
423,0.0
424,0.0
425,0.0
426,0.0
427,0.0
428,0.0
429,0.0
430,0.0
431,0.0
432,0.0
433,0.0
434,0.0
435,0.0
436,0.0
437,0.0
438,0.0
439,0.0
440,0.0
441,0.0
442,0.0
443,0.0
444,0.0
445,0.0
446,0.0
447,0.0
448,0.0
449,0.0
450,0.0
451,0.0
452,0.0
453,0.0
454,0.0
455,0.0
456,0.0
457,0.0
458,0.0
459,0.0
460,0.0
461,0.0
462,0.0
463,0.0
464,0.0
465,0.0
466,0.0
467,0.0
468,0.0
469,0.0
470,0.0
471,0.0
472,0.0
473,0.0
474,0.0
475,0.0
476,0.0
477,0.0
478,0.0
479,0.0
480,0.0
481,0.0
482,0.0
483,0.0
484,0.0
485,0.0
486,0.0
487,0.0
488,0.0
489,0.0
490,0.0
491,0.0
492,0.0
493,0.0
494,0.0
495,0.0
496,0.0
497,0.0
498,0.0
499,0.0
500,0.0
501,0.0
502,0.0
503,0.0
504,0.0
505,0.0
506,0.0
507,0.0
508,0.0
509,0.0
510,0.0
511,0.0
512,0.0
513,0.0
514,0.0
515,0.0
516,0.0
517,0.0
518,0.0
519,0.0
520,0.0
521,0.0
522,0.0
523,0.0
524,0.0
525,0.0
526,0.0
527,0.0
528,0.0
529,0.0
530,0.0
531,0.0
532,0.0
533,0.0
534,0.0
535,0.0
536,0.0
537,0.0
538,0.0
539,0.0
540,0.0
541,0.0
542,0.0
543,0.0
544,0.0
545,0.0
546,0.0
547,0.0
548,0.0
549,0.0
550,0.0
551,0.0
552,0.0
553,0.0
554,0.0
555,0.0
556,0.0
557,0.0
558,0.0
559,0.0
560,0.0
561,0.0
562,0.0
563,0.0
564,0.0
565,0.0
566,0.0
567,0.0
568,0.0
569,0.0
570,0.0
571,0.0
572,0.0
573,0.0
574,0.0
575,0.0
576,0.0
577,0.0
578,0.0
579,0.0
580,0.0
581,0.0
582,0.0
583,0.0
584,0.0
585,0.0
586,0.0
587,0.0
588,0.0
589,0.0
590,0.0
591,0.0
592,0.0
593,0.0
594,0.0
595,0.0
596,0.0
597,0.0
598,0.0
599,0.0
600,0.0
601,0.0
602,0.0
603,0.0
604,0.0
605,0.0
606,0.0
607,0.0
608,0.0
609,0.0
610,0.0
611,0.0
612,0.0
613,0.0
614,0.0
615,0.0
616,0.0
617,0.0
618,0.0
619,0.0
620,0.0
621,0.0
622,0.0
623,0.0
624,0.0
625,0.0
626,0.0
627,0.0
628,0.0
629,0.0
630,0.0
631,0.0
632,0.0
633,0.0
634,0.0
635,0.0
636,0.0
637,0.0
638,0.0
639,0.0
640,0.0
641,0.0
642,0.0
643,0.0
644,0.0
645,0.0
646,0.0
647,0.0
648,0.0
649,0.0
650,0.0
651,0.0
652,0.0
653,0.0
654,0.0
655,0.0
656,0.0
657,0.0
658,0.0
659,0.0
660,0.0
661,0.0
662,0.0
663,0.0
664,0.0
665,0.0
666,0.0
667,0.0
668,0.0
669,0.0
670,0.0
671,0.0
672,0.0
673,0.0
674,0.0
675,0.0
676,0.0
677,0.0
678,0.0
679,0.0
680,0.0
681,0.0
682,0.0
683,0.0
684,0.0
685,0.0
686,0.0
687,0.0
688,0.0
689,0.0
690,0.0
691,0.0
692,0.0
693,0.0
694,0.0
695,0.0
696,0.0
697,0.0
698,0.0
699,0.0
700,0.0
701,0.0
702,0.0
703,0.0
704,0.0
705,0.0
706,0.0
707,0.0
708,0.0
709,0.0
710,0.0
711,0.0
712,0.0
713,0.0
714,0.0
715,0.0
716,0.0
717,0.0
718,0.0
719,0.0
720,0.0
721,0.0
722,0.0
723,0.0
724,0.0
725,0.0
726,0.0
727,0.0
728,0.0
729,0.0
730,0.0
731,0.0
732,0.0
733,0.0
734,0.0
735,0.0
736,0.0
737,0.0
738,0.0
739,0.0
740,0.0
741,0.0
742,0.0
743,0.0
744,0.0
745,0.0
746,0.0
747,0.0
748,0.0
749,0.0
750,0.0
751,0.0
752,0.0
753,0.0
754,0.0
755,0.0
756,0.0
757,0.0
758,0.0
759,0.0
760,0.0
761,0.0
762,0.0
763,0.0
764,0.0
765,0.0
766,0.0
767,0.0
768,0.0
769,0.0
770,0.0
771,0.0
772,0.0
773,0.0
774,0.0
775,0.0
776,0.0
777,0.0
778,0.0
779,0.0
780,0.0
781,0.0
782,0.0
783,0.0
784,0.0
786,0.0
787,0.00257301330566
788,0.00366973876953
789,0.00577545166016
790,0.00664901733398
791,0.0068473815918
792,0.00669479370117
793,0.00716781616211
794,0.00719833374023
795,0.00784301757812
796,0.00808715820312
797,0.00766372680664
798,0.00744247436523
799,0.00843048095703
800,0.00883483886719
801,0.00790405273438
802,0.00836944580078
803,0.00787353515625
804,0.00864410400391
805,0.00868988037109
806,0.00747680664062
807,0.0084228515625
808,0.00924682617188
809,0.01123046875
810,0.0113067626953
811,0.00881958007812
812,0.00897216796875
813,0.00744247436523
814,0.00852203369141
815,0.0079345703125
816,0.00783538818359
817,0.010139465332
818,0.0103378295898
819,0.0102081298828
820,0.0120162963867
821,0.0131378173828
822,0.0135879516602
823,0.01220703125
824,0.0142211914062
825,0.0091552734375
826,0.0108871459961
827,0.00785064697266
828,0.0074348449707
829,0.00860595703125
830,0.010139465332
831,0.0103607177734
832,0.00836181640625
833,0.00804138183594
834,0.00929260253906
835,0.00882720947266
836,0.0093994140625
837,0.00797271728516
838,0.00963592529297
839,0.00836181640625
840,0.00717544555664
841,0.00841522216797
842,0.00849914550781
843,0.00794982910156
844,0.00990295410156
845,0.00996398925781
846,0.00677490234375
847,0.00640106201172
848,0.00579833984375
849,0.00651550292969
850,0.00832366943359
851,0.0069580078125
852,0.00569534301758
853,0.00708770751953
854,0.00736618041992
855,0.00899505615234
856,0.00909423828125
857,0.00896453857422
858,0.00856781005859
859,0.00929260253906
860,0.0102310180664
861,0.00875091552734
862,0.0100860595703
863,0.0106735229492
864,0.0120468139648
865,0.0110778808594
866,0.0119171142578
867,0.0117492675781
868,0.0102386474609
869,0.0122222900391
870,0.0117721557617
871,0.0115814208984
872,0.0106201171875
873,0.00797271728516
874,0.00962066650391
875,0.00935363769531
876,0.00846862792969
877,0.00838470458984
878,0.00788116455078
879,0.00735855102539
880,0.00827789306641
881,0.00648880004883
882,0.00763702392578
883,0.00825500488281
884,0.00653839111328
885,0.00710296630859
886,0.00828552246094
887,0.00765991210938
888,0.00877380371094
889,0.00825500488281
890,0.00782012939453
891,0.00938415527344
892,0.00872802734375
893,0.00907135009766
894,0.00872802734375
895,0.00715637207031
896,0.0070915222168
897,0.00753784179688
898,0.00809478759766
899,0.0103988647461
900,0.0118942260742
901,0.0126113891602
902,0.00735092163086
903,0.0100326538086
904,0.00879669189453
905,0.0103454589844
906,0.00965881347656
907,0.0112228393555
908,0.0105667114258
909,0.010383605957
910,0.0108108520508
911,0.0118560791016
912,0.00936889648438
913,0.0112915039062
914,0.0105972290039
915,0.00935363769531
916,0.0112228393555
917,0.00975799560547
918,0.00949096679688
919,0.00904846191406
920,0.00777053833008
921,0.00851440429688
922,0.00836181640625
923,0.0103073120117
924,0.0101776123047
925,0.0122222900391
926,0.00914764404297
927,0.00984954833984
928,0.011100769043
929,0.0109710693359
930,0.0106201171875
931,0.0104675292969
932,0.00965118408203
933,0.0101013183594
934,0.0100479125977
935,0.00847625732422
936,0.00954437255859
937,0.00990295410156
938,0.0100326538086
939,0.00910949707031
940,0.00988006591797
941,0.0100708007812
942,0.0111694335938
943,0.00930786132812
944,0.0089111328125
945,0.00899505615234
946,0.010139465332
947,0.00906372070312
948,0.00901031494141
949,0.0101776123047
950,0.00970458984375
951,0.0109634399414
952,0.0107345581055
953,0.0115432739258
954,0.0109786987305
955,0.009033203125
956,0.00836944580078
957,0.00898742675781
958,0.00885009765625
959,0.00882720947266
960,0.00904083251953
961,0.00959777832031
962,0.00952911376953
963,0.00923919677734
964,0.00965118408203
965,0.00984954833984
966,0.0110855102539
967,0.0102005004883
968,0.00999450683594
969,0.0105972290039
970,0.0101699829102
971,0.00991058349609
972,0.0106506347656
973,0.00984954833984
974,0.0101852416992
975,0.00997924804688
976,0.0105285644531
977,0.0111465454102
978,0.0122680664062
979,0.0115966796875
980,0.0121002197266
981,0.0110397338867
982,0.0113220214844
983,0.0121612548828
984,0.0121765136719
985,0.0110397338867
986,0.0122756958008
987,0.0121917724609
988,0.0138092041016
989,0.0138854980469
990,0.0120315551758
991,0.0116195678711
992,0.0116348266602
993,0.0124664306641
994,0.0121994018555
995,0.0135345458984
996,0.014778137207
997,0.0130081176758
998,0.0104446411133
999,0.0109634399414
1000,0.0116348266602
1001,0.0122222900391
1002,0.0112152099609
1003,0.0117492675781
1004,0.0118255615234
1005,0.0116424560547
1006,0.0119476318359
1007,0.0129470825195
1008,0.0136337280273
1009,0.0130615234375
1010,0.0133209228516
1011,0.0133361816406
1012,0.013427734375
1013,0.0148696899414
1014,0.0145797729492
1015,0.0159149169922
1016,0.0150833129883
1017,0.0163879394531
1018,0.0164337158203
1019,0.013671875
1020,0.0145416259766
1021,0.0147476196289
1022,0.0155181884766
1023,0.0158996582031
1024,0.0148239135742
1025,0.0156860351562
1026,0.0158843994141
1027,0.0165252685547
1028,0.01611328125
1029,0.0156097412109
1030,0.0146484375
1031,0.0158233642578
1032,0.0150909423828
1033,0.0167083740234
1034,0.0168151855469
1035,0.0189514160156
1036,0.0184936523438
1037,0.0188293457031
1038,0.0170593261719
1039,0.0154571533203
1040,0.0151596069336
1041,0.0154724121094
1042,0.0174255371094
1043,0.0196380615234
1044,0.0189971923828
1045,0.0192260742188
1046,0.0199432373047
1047,0.0178070068359
1048,0.0181732177734
1049,0.0173950195312
1050,0.0180206298828
1051,0.0199279785156
1052,0.0202941894531
1053,0.0193023681641
1054,0.0184173583984
1055,0.0172576904297
1056,0.0191955566406
1057,0.0193634033203
1058,0.0183410644531
1059,0.0181427001953
1060,0.0193481445312
1061,0.02099609375
1062,0.0193634033203
1063,0.020263671875
1064,0.0204010009766
1065,0.0206298828125
1066,0.0232086181641
1067,0.0233001708984
1068,0.0209503173828
1069,0.0218505859375
1070,0.0233306884766
1071,0.0203094482422
1072,0.0208282470703
1073,0.0212097167969
1074,0.0211334228516
1075,0.0220947265625
1076,0.0192413330078
1077,0.0180358886719
1078,0.0182342529297
1079,0.0185089111328
1080,0.0188446044922
1081,0.0199890136719
1082,0.0206604003906
1083,0.0200958251953
1084,0.0209045410156
1085,0.0207214355469
1086,0.0210876464844
1087,0.0194396972656
1088,0.01953125
1089,0.0198822021484
1090,0.0196838378906
1091,0.0196380615234
1092,0.020751953125
1093,0.0211639404297
1094,0.0193328857422
1095,0.0193786621094
1096,0.0203704833984
1097,0.0217132568359
1098,0.0221710205078
1099,0.0210113525391
1100,0.0218353271484
1101,0.020751953125
1102,0.0219268798828
1103,0.0216827392578
1104,0.0234985351562
1105,0.0222930908203
1106,0.0235595703125
1107,0.0236968994141
1108,0.0251007080078
1109,0.023681640625
1110,0.0221099853516
1111,0.0243377685547
1112,0.0260772705078
1113,0.0254364013672
1114,0.0234222412109
1115,0.0229339599609
1116,0.0217895507812
1117,0.0216217041016
1118,0.0209045410156
1119,0.0219116210938
1120,0.0215911865234
1121,0.0216674804688
1122,0.0223388671875
1123,0.0224456787109
1124,0.0221557617188
1125,0.0232543945312
1126,0.024658203125
1127,0.02392578125
1128,0.0235137939453
1129,0.0254669189453
1130,0.0263671875
1131,0.0265350341797
1132,0.0239410400391
1133,0.0258483886719
1134,0.0272064208984
1135,0.0265502929688
1136,0.0259704589844
1137,0.0253753662109
1138,0.0232543945312
1139,0.0232543945312
1140,0.024658203125
1141,0.0258941650391
1142,0.0269317626953
1143,0.0272064208984
1144,0.0278167724609
1145,0.0263671875
1146,0.0260009765625
1147,0.0262298583984
1148,0.0258026123047
1149,0.0245666503906
1150,0.0252075195312
1151,0.0246276855469
1152,0.0245208740234
1153,0.0230102539062
1154,0.0225677490234
1155,0.0237884521484
1156,0.0236663818359
1157,0.0232086181641
1158,0.0228118896484
1159,0.0233154296875
1160,0.0250396728516
1161,0.0246429443359
1162,0.0245971679688
1163,0.0247955322266
1164,0.0251312255859
1165,0.0254669189453
1166,0.025634765625
1167,0.0254364013672
1168,0.0254516601562
1169,0.0253295898438
1170,0.0256500244141
1171,0.0244903564453
1172,0.0252075195312
1173,0.0256195068359
1174,0.0262908935547
1175,0.027587890625
1176,0.0285949707031
1177,0.0281524658203
1178,0.0268402099609
1179,0.0270233154297
1180,0.0274047851562
1181,0.0274200439453
1182,0.0267944335938
1183,0.0254821777344
1184,0.0271301269531
1185,0.0263824462891
1186,0.0273742675781
1187,0.0262603759766
1188,0.0254974365234
1189,0.0271759033203
1190,0.0272064208984
1191,0.0279846191406
1192,0.0285186767578
1193,0.0279541015625
1194,0.0278625488281
1195,0.02734375
1196,0.0271759033203
1197,0.0284881591797
1198,0.0284271240234
1199,0.028076171875
1200,0.0282440185547
1201,0.0293731689453
1202,0.0283050537109
1203,0.0287322998047
1204,0.0292053222656
1205,0.0266876220703
1206,0.0273895263672
1207,0.02734375
1208,0.0286560058594
1209,0.0280914306641
1210,0.0304260253906
1211,0.0277557373047
1212,0.0274353027344
1213,0.0285949707031
1214,0.0290069580078
1215,0.0291137695312
1216,0.029296875
1217,0.0276336669922
1218,0.0278625488281
1219,0.0297241210938
1220,0.0308685302734
1221,0.0307464599609
1222,0.0317687988281
1223,0.0322875976562
1224,0.0333557128906
1225,0.0310516357422
1226,0.0285339355469
1227,0.0269622802734
1228,0.0261688232422
1229,0.0267944335938
1230,0.0273590087891
1231,0.0278778076172
1232,0.0289154052734
1233,0.0281372070312
1234,0.0277099609375
1235,0.027099609375
1236,0.0269927978516
1237,0.0271148681641
1238,0.0277404785156
1239,0.0292816162109
1240,0.0299530029297
1241,0.0291595458984
1242,0.0304565429688
1243,0.0321655273438
1244,0.0303802490234
1245,0.0319519042969
1246,0.0294952392578
1247,0.0308380126953
1248,0.0314025878906
1249,0.0320434570312
1250,0.0313415527344
1251,0.0325317382812
1252,0.0302581787109
1253,0.0297241210938
1254,0.0288543701172
1255,0.0289611816406
1256,0.0295867919922
1257,0.0288696289062
1258,0.0281677246094
1259,0.0286102294922
1260,0.0278167724609
1261,0.0286712646484
1262,0.0289306640625
1263,0.0287933349609
1264,0.0290985107422
1265,0.0299377441406
1266,0.0309906005859
1267,0.0287780761719
1268,0.0287475585938
1269,0.0284423828125
1270,0.0296783447266
1271,0.0298461914062
1272,0.0292510986328
1273,0.0278625488281
1274,0.0293579101562
1275,0.0291748046875
1276,0.0284271240234
1277,0.0292053222656
1278,0.0281219482422
1279,0.0284271240234
1280,0.0290374755859
1281,0.0290222167969
1282,0.0297088623047
1283,0.0304412841797
1284,0.0299377441406
1285,0.0296325683594
1286,0.0297393798828
1287,0.0288696289062
1288,0.0283355712891
1289,0.0296020507812
1290,0.0291442871094
1291,0.0292358398438
1292,0.0294342041016
1293,0.0299530029297
1294,0.0295715332031
1295,0.0310668945312
1296,0.0298156738281
1297,0.028564453125
1298,0.0290679931641
1299,0.0291900634766
1300,0.0290222167969
1301,0.0278472900391
1302,0.0284118652344
1303,0.0293731689453
1304,0.0290832519531
1305,0.0297088623047
1306,0.0299224853516
1307,0.0299072265625
1308,0.0295104980469
1309,0.0307769775391
1310,0.0304412841797
1311,0.0294342041016
1312,0.0306091308594
1313,0.0299072265625
1314,0.0305328369141
1315,0.0291748046875
1316,0.0287933349609
1317,0.0283355712891
1318,0.0286865234375
1319,0.0293273925781
1320,0.0292358398438
1321,0.0301513671875
1322,0.0277557373047
1323,0.0272979736328
1324,0.0272521972656
1325,0.0285949707031
1326,0.0293884277344
1327,0.0304870605469
1328,0.0310211181641
1329,0.0299987792969
1330,0.0311737060547
1331,0.0309753417969
1332,0.0294036865234
1333,0.02880859375
1334,0.0288238525391
1335,0.0296936035156
1336,0.03076171875
1337,0.0298156738281
1338,0.0288238525391
1339,0.0292358398438
1340,0.0300598144531
1341,0.0304260253906
1342,0.0298004150391
1343,0.0301818847656
1344,0.0309600830078
1345,0.0309143066406
1346,0.0304870605469
1347,0.0309600830078
1348,0.0293273925781
1349,0.0285797119141
1350,0.0288391113281
1351,0.0298461914062
1352,0.0300903320312
1353,0.0301666259766
1354,0.0311584472656
1355,0.0312805175781
1356,0.0309906005859
1357,0.0296478271484
1358,0.0303802490234
1359,0.0304412841797
1360,0.0302429199219
1361,0.0290679931641
1362,0.0293121337891
1363,0.0297088623047
1364,0.0303497314453
1365,0.0298461914062
1366,0.0301361083984
1367,0.0302124023438
1368,0.0293426513672
1369,0.0301666259766
1370,0.0306091308594
1371,0.030029296875
1372,0.0299377441406
1373,0.0301055908203
1374,0.0296173095703
1375,0.0299987792969
1376,0.0287933349609
1377,0.029541015625
1378,0.030517578125
1379,0.0304565429688
1380,0.0316467285156
1381,0.0327453613281
1382,0.0313720703125
1383,0.0319213867188
1384,0.0328674316406
1385,0.0308380126953
1386,0.0334777832031
1387,0.0353698730469
1388,0.0364379882812
1389,0.0341796875
1390,0.0315856933594
1391,0.0313415527344
1392,0.0301513671875
1393,0.0318298339844
1394,0.0320129394531
1395,0.0312805175781
1396,0.0309600830078
1397,0.0303344726562
1398,0.0304107666016
1399,0.0331115722656
1400,0.0308685302734
1401,0.0303955078125
1402,0.0314025878906
1403,0.031982421875
1404,0.0315551757812
1405,0.03076171875
1406,0.0302734375
1407,0.029296875
1408,0.0302581787109
1409,0.0313110351562
1410,0.0322265625
1411,0.0329284667969
1412,0.0313110351562
1413,0.0320739746094
1414,0.0301513671875
1415,0.0318603515625
1416,0.0290222167969
1417,0.0295257568359
1418,0.0298614501953
1419,0.0295715332031
1420,0.0292663574219
1421,0.0287475585938
1422,0.0287322998047
1423,0.0287780761719
1424,0.0288238525391
1425,0.0297393798828
1426,0.0288391113281
1427,0.0295104980469
1428,0.0299224853516
1429,0.0298614501953
1430,0.0297088623047
1431,0.02978515625
1432,0.0304412841797
1433,0.0297698974609
1434,0.0304565429688
1435,0.0303802490234
1436,0.030517578125
1437,0.029052734375
1438,0.029052734375
1439,0.0296630859375
1440,0.0296478271484
1441,0.0294494628906
1442,0.0292358398438
1443,0.0299377441406
1444,0.0304412841797
1445,0.0311431884766
1446,0.0318603515625
1447,0.0310821533203
1448,0.0308532714844
1449,0.0311584472656
1450,0.0319519042969
1451,0.0311584472656
1452,0.0301818847656
1453,0.0311584472656
1454,0.0310516357422
1455,0.0299530029297
1456,0.0301666259766
1457,0.0298156738281
1458,0.0300598144531
1459,0.0289611816406
1460,0.0300445556641
1461,0.0301818847656
1462,0.0302581787109
1463,0.0313110351562
1464,0.030029296875
1465,0.0294799804688
1466,0.0281677246094
1467,0.0293273925781
1468,0.0290985107422
1469,0.0287170410156
1470,0.0295562744141
1471,0.0294342041016
1472,0.0299835205078
1473,0.0301513671875
1474,0.0303955078125
1475,0.0306701660156
1476,0.0313720703125
1477,0.0311279296875
1478,0.0312347412109
1479,0.0314025878906
1480,0.0309753417969
1481,0.0312194824219
1482,0.0312805175781
1483,0.0311584472656
1484,0.0296478271484
1485,0.0299987792969
1486,0.0297393798828
1487,0.0289459228516
1488,0.0298156738281
1489,0.0291442871094
1490,0.02978515625
1491,0.0302886962891
1492,0.030517578125
1493,0.03173828125
1494,0.0321044921875
1495,0.030517578125
1496,0.031494140625
1497,0.0322875976562
1498,0.03173828125
1499,0.03173828125
1500,0.0310363769531
1501,0.0327758789062
1502,0.0317993164062
1503,0.0309906005859
1504,0.0311584472656
1505,0.0297546386719
1506,0.0309753417969
1507,0.0310211181641
1508,0.0326232910156
1509,0.0325317382812
1510,0.0331726074219
1511,0.031982421875
1512,0.032470703125
1513,0.0306396484375
1514,0.0296630859375
1515,0.0283050537109
1516,0.0287475585938
1517,0.0296020507812
1518,0.0301208496094
1519,0.0294952392578
1520,0.0302124023438
1521,0.0304107666016
1522,0.0300445556641
1523,0.0293579101562
1524,0.0295562744141
1525,0.0295562744141
1526,0.0304870605469
1527,0.0308532714844
1528,0.0302734375
1529,0.0297393798828
1530,0.0305938720703
1531,0.0304260253906
1532,0.0298309326172
1533,0.0307464599609
1534,0.0295867919922
1535,0.0296936035156
1536,0.0293121337891
1537,0.0298156738281
1538,0.0296478271484
1539,0.0295104980469
1540,0.0306549072266
1541,0.0309143066406
1542,0.0301818847656
1543,0.0302276611328
1544,0.0304718017578
1545,0.0305328369141
1546,0.0308380126953
1547,0.0307312011719
1548,0.0319213867188
1549,0.0314636230469
1550,0.0305633544922
1551,0.0310668945312
1552,0.0312194824219
1553,0.0295562744141
1554,0.0302276611328
1555,0.0305786132812
1556,0.0306396484375
1557,0.0306396484375
1558,0.0299224853516
1559,0.0300598144531
1560,0.0305328369141
1561,0.0304565429688
1562,0.0311431884766
1563,0.029541015625
38319,0.0821533203125
38320,0.0808715820312
38322,0.08154296875
38323,0.0833129882812
38324,0.0846557617188
38325,0.0848388671875
38326,0.0848999023438
38327,0.0829467773438
38328,0.0807495117188
38329,0.0794677734375
38330,0.078369140625
38331,0.0838623046875
38332,0.0860595703125
38333,0.0855712890625
38334,0.0841064453125
38335,0.108581542969
38336,0.104858398438
38337,0.100830078125
38338,0.0994873046875
38339,0.0985717773438
38340,0.0986328125
38341,0.0979614257812
38342,0.102722167969
38343,0.100891113281
38344,0.100830078125
38345,0.0987548828125
38346,0.100402832031
38347,0.100830078125
38348,0.0992431640625
38349,0.101501464844
38350,0.103942871094
38351,0.105407714844
38352,0.104797363281
38353,0.104675292969
38354,0.1044921875
38355,0.107055664062
38356,0.105895996094
38357,0.110595703125
38358,0.114440917969
38359,0.111145019531
38360,0.110168457031
38361,0.125366210938
38362,0.128540039062
38363,0.12890625
38364,0.114929199219
38365,0.1044921875
38366,0.106384277344
38367,0.0767211914062
38368,0.0776977539062
38369,0.0714111328125
38370,0.0
38371,0.00111389160156
38372,0.00271034240723
38373,0.00588607788086
38374,0.00636291503906
38375,0.0100173950195
38376,0.0121307373047
38377,0.0158233642578
38378,0.0152969360352
38379,0.0206604003906
38380,0.0188903808594
38381,0.0241241455078
38382,0.0227813720703
38383,0.0400695800781
38384,0.0392456054688
38385,0.0356750488281
38386,0.0626831054688
38387,0.0501403808594
38388,0.0478515625
38389,0.0486755371094
38390,0.0493774414062
38391,0.0480346679688
38392,0.0272674560547
38393,0.0249328613281
38394,0.0273742675781
38395,0.0309753417969
38396,0.0339965820312
38397,0.0350952148438
38398,0.0391845703125
38399,0.041259765625
38400,0.0392456054688
38401,0.0382080078125
38402,0.0367431640625
38403,0.0442504882812
38404,0.04248046875
38405,0.0430603027344
38406,0.0424194335938
38407,0.0540771484375
38408,0.0554809570312
38409,0.0583190917969
38410,0.0552062988281
38411,0.0555419921875
38412,0.0442504882812
38413,0.0416259765625
38414,0.0395812988281
38415,0.0454711914062
38416,0.0403442382812
38417,0.0469055175781
38418,0.0452880859375
38419,0.0392761230469
38420,0.0448303222656
38421,0.0458374023438
38422,0.0465698242188
38423,0.0466613769531
38424,0.0472717285156
38425,0.0489501953125
38426,0.0498046875
38427,0.0426025390625
38428,0.0655517578125
38429,0.0659790039062
38430,0.0722045898438
38431,0.0708618164062
38432,0.0484313964844
38433,0.0497131347656
38434,0.0494995117188
38435,0.0489501953125
38436,0.0491027832031
38437,0.0645751953125
38438,0.0678100585938
38439,0.0687255859375
38440,0.0636596679688
38441,0.0700073242188
38442,0.0525817871094
38443,0.0740356445312
38444,0.0758056640625
38445,0.0757446289062
38446,0.0772094726562
38447,0.0748291015625
38448,0.0741577148438
38449,0.0703125
38450,0.0734252929688
38451,0.0899047851562
38452,0.0902099609375
38453,0.0872802734375
38454,0.0765991210938
38455,0.0869750976562
38456,0.0814819335938
38457,0.080078125
38458,0.0907592773438
38459,0.0891723632812
38460,0.0874633789062
38461,0.0908203125
38462,0.0943603515625
38463,0.0934448242188
38464,0.0810546875
38465,0.0812377929688
38466,0.0789794921875
38467,0.07861328125
38468,0.0828247070312
38469,0.102233886719
38470,0.09912109375
38471,0.114318847656
38472,0.117004394531
38473,0.111572265625
38474,0.112121582031
38475,0.104553222656
38476,0.105407714844
38477,0.109375
38478,0.0570983886719
38479,0.09326171875
38480,0.0940551757812
38481,0.0936889648438
38482,0.091064453125
38483,0.093994140625
38484,0.086669921875
38485,0.0867309570312
38486,0.0817260742188
38487,0.0791015625
38488,0.078857421875
38489,0.07958984375
38490,0.0772094726562
38491,0.0427856445312
38492,0.04248046875
38493,0.0426940917969
38494,0.0433044433594
38495,0.0454711914062
38496,0.0455627441406
38497,0.0426025390625
38498,0.04296875
38499,0.0414428710938
38500,0.0447082519531
38501,0.0448913574219
38502,0.0514831542969
38503,0.051025390625
38504,0.0566101074219
38505,0.072998046875
38506,0.0651245117188
38507,0.066650390625
38508,0.068359375
38509,0.0634765625
38510,0.066162109375
38511,0.0619201660156
38512,0.0654907226562
38513,0.06640625
38514,0.0654296875
38515,0.0661010742188
38516,0.0657958984375
38517,0.0645141601562
38518,0.0584106445312
38519,0.0454406738281
38520,0.0460510253906
38521,0.0491943359375
38522,0.0474548339844
38523,0.0487060546875
38524,0.06787109375
38525,0.0676879882812
38526,0.0735473632812
38527,0.0704956054688
38528,0.072509765625
38529,0.0588989257812
38530,0.0567321777344
38531,0.0508728027344
38532,0.0529479980469
38533,0.0501708984375
38534,0.0494079589844
38535,0.0528259277344
38536,0.0527038574219
38537,0.0523681640625
38538,0.0538330078125
38539,0.0578002929688
38540,0.0648803710938
38541,0.0665283203125
38542,0.068359375
38543,0.080322265625
38544,0.0790405273438
38545,0.0772094726562
38546,0.0772094726562
38547,0.088134765625
38548,0.0740356445312
38549,0.0745849609375
38550,0.0862426757812
38551,0.0947265625
38552,0.0947875976562
38553,0.0977783203125
38554,0.101013183594
38555,0.0994262695312
38556,0.109375
38557,0.107666015625
38558,0.0994873046875
38559,0.0989990234375
38560,0.0993041992188
38561,0.100463867188
38562,0.100036621094
38563,0.101928710938
38564,0.10400390625
38565,0.0965576171875
38566,0.114501953125
38567,0.110046386719
38568,0.1171875
38569,0.116882324219
38570,0.104797363281
38571,0.082763671875
38572,0.07861328125
38573,0.0969848632812
38574,0.107727050781
38575,0.108459472656
38576,0.106567382812
38577,0.106872558594
38578,0.104431152344
38579,0.107055664062
38580,0.106018066406
38581,0.108642578125
38582,0.10791015625
38583,0.10546875
38584,0.108215332031
38585,0.108032226562
38586,0.112548828125
38587,0.138671875
38588,0.137573242188
38589,0.117736816406
38590,0.121276855469
38591,0.126831054688
38592,0.12646484375
38593,0.126708984375
38594,0.127197265625
38595,0.133911132812
38596,0.134399414062
38597,0.135131835938
38598,0.137573242188
38599,0.127685546875
38600,0.12548828125
38601,0.119384765625
38602,0.118835449219
38603,0.118225097656
38604,0.119323730469
38605,0.120239257812
38606,0.120361328125
38607,0.118591308594
38608,0.111877441406
38609,0.125244140625
38610,0.12939453125
38611,0.070068359375
38612,0.0675659179688
38613,0.104125976562
38614,0.104797363281
38615,0.106079101562
38616,0.100402832031
38617,0.0992431640625
38618,0.102722167969
38619,0.103271484375
38620,0.117370605469
38621,0.116333007812
38622,0.119079589844
38623,0.117370605469
38624,0.12353515625
38625,0.124816894531
38626,0.123229980469
38627,0.114074707031
38628,0.113159179688
38629,0.113403320312
38630,0.108520507812
38631,0.109191894531
38632,0.120239257812
38633,0.120788574219
38634,0.115295410156
38635,0.122314453125
38636,0.121887207031
38637,0.123291015625
38638,0.146362304688
38639,0.145751953125
38640,0.132568359375
38641,0.13232421875
38642,0.130615234375
38643,0.127319335938
38644,0.1298828125
38645,0.13134765625
38646,0.130493164062
38647,0.129028320312
38648,0.129028320312
38649,0.1337890625
38650,0.13330078125
38651,0.119262695312
38652,0.1103515625
38653,0.0889892578125
38654,0.0902099609375
38655,0.0913696289062
38656,0.0926513671875
38657,0.0916748046875
38658,0.0923461914062
38659,0.094482421875
38660,0.0968017578125
38661,0.0962524414062
38662,0.0989990234375
38663,0.0985717773438
38664,0.0996704101562
38665,0.0980834960938
38666,0.0978393554688
38667,0.0971069335938
38668,0.103942871094
38669,0.104370117188
38670,0.103393554688
38671,0.118347167969
38672,0.123901367188
38673,0.134155273438
38674,0.130981445312
38675,0.130004882812
38676,0.101257324219
38677,0.101257324219
38678,0.101623535156
38679,0.102966308594
38680,0.10546875
38681,0.119995117188
38682,0.117736816406
38683,0.117492675781
38684,0.136840820312
38685,0.136840820312
38686,0.138793945312
38687,0.132934570312
38688,0.13427734375
38689,0.13525390625
38690,0.1435546875
38691,0.14453125
38692,0.143188476562
38693,0.147216796875
38694,0.142578125
38695,0.143188476562
38696,0.141967773438
38697,0.147216796875
38698,0.146606445312
38699,0.152221679688
38700,0.13720703125
38701,0.135131835938
38702,0.137939453125
38703,0.13330078125
38704,0.148559570312
38705,0.150024414062
38706,0.15087890625
38707,0.149658203125
38708,0.149536132812
38709,0.150024414062
38710,0.1474609375
38711,0.144653320312
38712,0.15087890625
38713,0.149780273438
38714,0.143798828125
38715,0.147094726562
38716,0.14453125
38717,0.146728515625
38718,0.149169921875
38719,0.142822265625
38720,0.147216796875
38721,0.149047851562
38722,0.151489257812
38723,0.147583007812
38724,0.110656738281
38725,0.1123046875
38726,0.110046386719
38727,0.112182617188
38728,0.112182617188
38729,0.111572265625
38730,0.11181640625
38731,0.115478515625
38732,0.112670898438
38733,0.113586425781
38734,0.114868164062
38735,0.11962890625
38736,0.119079589844
38737,0.114562988281
38738,0.114624023438
38739,0.119750976562
38740,0.119689941406
38741,0.118469238281
38742,0.119812011719
38743,0.122253417969
38744,0.114562988281
38745,0.113464355469
38746,0.113220214844
38747,0.113220214844
38748,0.109619140625
38749,0.112060546875
38750,0.111999511719
38751,0.1142578125
38752,0.111022949219
38753,0.112060546875
38754,0.125366210938
38755,0.141357421875
38756,0.143310546875
38757,0.140625
38758,0.139038085938
38759,0.138061523438
38760,0.140502929688
38761,0.144287109375
38762,0.14404296875
38763,0.1474609375
38764,0.145385742188
38765,0.145263671875
38766,0.142700195312
38767,0.141845703125
38768,0.142211914062
38769,0.148803710938
38770,0.15185546875
38771,0.14892578125
38772,0.151611328125
38773,0.154541015625
38774,0.149658203125
38775,0.147216796875
38776,0.143310546875
38777,0.145263671875
38778,0.146362304688
38779,0.143676757812
38780,0.14599609375
38781,0.0779418945312
38782,0.0797729492188
38783,0.0765991210938
38784,0.07568359375
38785,0.0751342773438
38786,0.0777587890625
38787,0.0735473632812
38788,0.07568359375
38789,0.0750122070312
38790,0.0784301757812
38791,0.0715942382812
38792,0.0729370117188
38793,0.0724487304688
38794,0.0717163085938
38795,0.0708618164062
38796,0.0755004882812
38797,0.0689697265625
38798,0.066650390625
38799,0.0673828125
38800,0.0675048828125
38801,0.0717163085938
38802,0.0746459960938
38803,0.072265625
38804,0.0718383789062
38805,0.0682983398438
38806,0.0805053710938
38807,0.0804443359375
38808,0.0828247070312
38809,0.0831909179688
38810,0.084716796875
38811,0.0802001953125
38812,0.0836181640625
38813,0.0792846679688
38814,0.0818481445312
38815,0.0773315429688
38816,0.0748901367188
38817,0.0770874023438
38818,0.0849609375
38819,0.0860595703125
38820,0.0870971679688
38821,0.087646484375
38822,0.0827026367188
38823,0.085205078125
38824,0.0822143554688
38825,0.0839233398438
38826,0.086669921875
38827,0.0828857421875
38828,0.0847778320312
38829,0.0823364257812
38830,0.084716796875
38831,0.0873413085938
38832,0.0841674804688
38833,0.0863647460938
38834,0.0919189453125
38835,0.0925903320312
38836,0.0939331054688
38837,0.0927734375
38838,0.0926513671875
38839,0.0877075195312
38840,0.0891723632812
38841,0.0882568359375
38842,0.0908203125
38843,0.1083984375
38844,0.102661132812
38845,0.110900878906
38846,0.092529296875
38847,0.0782470703125
38848,0.0654296875
38849,0.0776977539062
38850,0.0811157226562
38851,0.091064453125
38852,0.0860595703125
38853,0.0866088867188
38854,0.113220214844
38855,0.0681762695312
38856,0.0671997070312
38857,0.0664672851562
38858,0.0946655273438
38859,0.0910034179688
38860,0.0911865234375
38861,0.0901489257812
38862,0.0917358398438
38863,0.0945434570312
38864,0.0918579101562
38865,0.0938110351562
38866,0.0927124023438
38867,0.091552734375
38868,0.0756225585938
38869,0.0762939453125
38870,0.0780029296875
38871,0.0814208984375
38872,0.0819091796875
38873,0.0814819335938
38874,0.0803833007812
38875,0.0820922851562
38876,0.0784301757812
38877,0.0779418945312
38878,0.0791625976562
38879,0.0803833007812
38880,0.079345703125
38881,0.0803833007812
38882,0.079833984375
38883,0.0786743164062
38884,0.0809326171875
38885,0.0833740234375
38886,0.0804443359375
38887,0.0792236328125
38888,0.08447265625
38889,0.0843505859375
38890,0.0842895507812
38891,0.0849609375
38892,0.0805053710938
38893,0.086669921875
38894,0.08154296875
38895,0.0851440429688
38896,0.0850830078125
38897,0.0836791992188
38898,0.0829467773438
38899,0.0826416015625
38900,0.0811767578125
38901,0.0872802734375
38902,0.0875244140625
38903,0.087646484375
38904,0.0868530273438
38905,0.0849609375
38906,0.0859375
38907,0.0874633789062
38908,0.0872802734375
38909,0.0896606445312
38910,0.0884399414062
38911,0.0875244140625
38912,0.0848999023438
38913,0.078369140625
38914,0.0757446289062
38915,0.093017578125
38916,0.088623046875
38917,0.0944213867188
38918,0.105773925781
38919,0.104248046875
38920,0.068603515625
38921,0.0660400390625
38922,0.0658569335938
38923,0.0675048828125
38924,0.06787109375
38925,0.0725708007812
38926,0.0679931640625
38927,0.0712280273438
38928,0.0694580078125
38929,0.071044921875
38930,0.0709228515625
38931,0.0667114257812
38932,0.0677490234375
38933,0.0697021484375
38934,0.0709228515625
38935,0.0680541992188
38936,0.0676879882812
38937,0.0682983398438
38938,0.0712280273438
38939,0.0675659179688
38940,0.0648193359375
38941,0.0651245117188
38942,0.0718994140625
38943,0.0686645507812
38944,0.0712280273438
38945,0.0712280273438
38946,0.0736083984375
38947,0.0709228515625
38948,0.0742797851562
38949,0.0732421875
38950,0.07177734375
38951,0.0692138671875
38952,0.0709838867188
38953,0.0712280273438
38954,0.072509765625
38955,0.07373046875
38956,0.0735473632812
38957,0.0802001953125
38958,0.0761108398438
38959,0.0770263671875
38960,0.0770874023438
38961,0.0772705078125
38962,0.080810546875
38963,0.0750122070312
38964,0.0717163085938
38965,0.06982421875
38966,0.0671997070312
38967,0.0660400390625
38968,0.0916748046875
38969,0.09423828125
38970,0.0792846679688
38971,0.078369140625
38972,0.0789184570312
38973,0.0785522460938
38974,0.0791015625
38975,0.074951171875
38976,0.0735473632812
38977,0.073974609375
38978,0.0750122070312
38979,0.0748901367188
38980,0.0783081054688
38981,0.0792846679688
38982,0.0819091796875
38983,0.0822143554688
38984,0.08349609375
38985,0.0728149414062
38986,0.0706176757812
38987,0.071044921875
38988,0.0726318359375
38989,0.0713500976562
38990,0.0736694335938
38991,0.0696411132812
38992,0.0665283203125
38993,0.110168457031
38994,0.0941162109375
38995,0.0941772460938
38996,0.0980224609375
38997,0.10400390625
38998,0.10107421875
38999,0.102416992188
39000,0.103271484375
39001,0.0894775390625
39002,0.0859375
39003,0.0884399414062
39004,0.114013671875
39005,0.115356445312
39006,0.113037109375
39007,0.114624023438
39008,0.117126464844
39009,0.122985839844
39010,0.101135253906
39011,0.0935668945312
39012,0.0953369140625
39013,0.092041015625
39014,0.0962524414062
39015,0.0967407226562
39016,0.0971069335938
39017,0.101989746094
39018,0.1005859375
39019,0.101745605469
39020,0.102722167969
39021,0.102478027344
39022,0.102294921875
39023,0.101684570312
39024,0.10595703125
39025,0.107727050781
39026,0.106994628906
39027,0.106384277344
39028,0.108337402344
39029,0.105712890625
39030,0.106689453125
39031,0.109191894531
39032,0.0997924804688
39033,0.0996704101562
39034,0.102355957031
39035,0.101928710938
39036,0.100952148438
39037,0.100891113281
39038,0.10546875
39039,0.110717773438
39040,0.110961914062
39041,0.107666015625
39042,0.10546875
39043,0.0723266601562
39044,0.0736694335938
39045,0.070068359375
39046,0.0656127929688
39047,0.063720703125
39048,0.0706787109375
39049,0.072265625
39050,0.0731811523438
39051,0.103332519531
39052,0.102905273438
39053,0.115478515625
39054,0.113830566406
39055,0.129638671875
39056,0.122314453125
39057,0.120300292969
39058,0.125732421875
39059,0.124450683594
39060,0.118347167969
39061,0.121337890625
39062,0.119873046875
39063,0.115478515625
39064,0.114807128906
39065,0.115112304688
39066,0.114624023438
39067,0.115234375
39068,0.113037109375
39069,0.111083984375
39070,0.112426757812
39071,0.113952636719
39072,0.114685058594
39073,0.0861206054688
39074,0.0860595703125
39075,0.0831298828125
39076,0.0786743164062
39077,0.0733032226562
39078,0.0704345703125
39079,0.0698852539062
39080,0.0723266601562
39081,0.0704956054688
39082,0.0720825195312
39083,0.0714721679688
39084,0.0743408203125
39085,0.07373046875
39086,0.0736083984375
39087,0.0738525390625
39088,0.0755004882812
39089,0.072021484375
39090,0.07373046875
39091,0.0740356445312
39092,0.0738525390625
39093,0.0756225585938
39094,0.0777587890625
39095,0.0745239257812
39096,0.0785522460938
39097,0.0780639648438
39098,0.0775146484375
39099,0.0762329101562
39100,0.0757446289062
39101,0.0736694335938
39102,0.0791015625
39104,0.0746459960938
39105,0.0753173828125
39106,0.0701293945312
39107,0.0703125
39108,0.0738525390625
39109,0.0775146484375
39110,0.078125
39111,0.0773315429688
39112,0.0765991210938
39113,0.0771484375
39114,0.0730590820312
39115,0.0717163085938
39116,0.07080078125
39117,0.0747680664062
39118,0.0777587890625
39119,0.0936279296875
39120,0.0957641601562
39121,0.0980224609375
39122,0.101440429688
39123,0.0989379882812
39124,0.1005859375
39125,0.08203125
39126,0.08154296875
39127,0.083984375
39128,0.0789794921875
39129,0.0830078125
39130,0.0838012695312
39131,0.0830688476562
39132,0.0834350585938
39133,0.083740234375
39134,0.0838623046875
39135,0.0812377929688
39136,0.081787109375
39137,0.0821533203125
39138,0.0847778320312
39139,0.0821533203125
39140,0.0860595703125
39141,0.0877685546875
39142,0.0838012695312
39143,0.0921630859375
39144,0.0922241210938
39145,0.0938110351562
39146,0.0712280273438
39147,0.0721435546875
39148,0.0699462890625
39149,0.07080078125
39150,0.0704345703125
39151,0.0699462890625
39152,0.071044921875
39153,0.0
39154,0.00534439086914
39155,0.00559616088867
39156,0.0108642578125
39157,0.011116027832
39158,0.0122833251953
39159,0.0114288330078
39160,0.0119476318359
39161,0.0120544433594
39162,0.0111312866211
39163,0.0118713378906
39164,0.0153503417969
39165,0.0139465332031
39166,0.014518737793
39167,0.0150833129883
39168,0.0146636962891
39169,0.0158843994141
39170,0.0157928466797
39171,0.0139923095703
39172,0.0158081054688
39173,0.0153579711914
39174,0.0166320800781
39175,0.0172271728516
39176,0.0155334472656
39177,0.0164642333984
39178,0.0161590576172
39179,0.0186004638672
39180,0.0199890136719
39181,0.0186920166016
39182,0.0182342529297
39183,0.0162048339844
39184,0.0172271728516
39185,0.0203247070312
39186,0.0191802978516
39187,0.0190734863281
39188,0.0186157226562
39189,0.0200042724609
39190,0.0178680419922
39191,0.0173492431641
39192,0.0205841064453
39193,0.0231323242188
39194,0.0321350097656
39195,0.0298919677734
39196,0.0324096679688
39197,0.0280303955078
39198,0.031494140625
39199,0.0330505371094
39200,0.0286865234375
39201,0.0268402099609
39202,0.0282440185547
39203,0.0274658203125
39204,0.0263214111328
39205,0.0234680175781
39206,0.0238647460938
39207,0.0256500244141
39208,0.0264129638672
39209,0.0291900634766
39210,0.0275421142578
39211,0.0321350097656
39212,0.0325317382812
39213,0.0316162109375
39214,0.0317993164062
39215,0.0303649902344
39216,0.0317993164062
39217,0.0337219238281
39218,0.03466796875
39219,0.0354309082031
39220,0.0337829589844
39221,0.0277709960938
39222,0.0303802490234
39223,0.03515625
39224,0.0387573242188
39225,0.0397338867188
39226,0.0462341308594
39227,0.0462646484375
39228,0.0459899902344
39229,0.0420227050781
39230,0.0423583984375
39231,0.0470581054688
39232,0.0501403808594
39233,0.0556945800781
39234,0.0562438964844
39235,0.0565185546875
39236,0.0556030273438
39237,0.0490417480469
39238,0.0458374023438
39239,0.0462341308594
39240,0.0480041503906
39241,0.0471801757812
39242,0.0468444824219
39243,0.0566101074219
39244,0.0543823242188
39245,0.0519409179688
39246,0.05419921875
39247,0.053955078125
39248,0.05419921875
39249,0.0569458007812
39250,0.0592346191406
39251,0.0567016601562
39252,0.0570678710938
39253,0.0568542480469
39254,0.0598754882812
39255,0.056884765625
39256,0.0737915039062
39257,0.0720825195312
39258,0.0719604492188
39259,0.0714111328125
39260,0.0736694335938
39261,0.07373046875
39262,0.0592346191406
39263,0.0605773925781
39264,0.063720703125
39265,0.0608215332031
39266,0.0575561523438
39267,0.0609130859375
39268,0.0648193359375
39269,0.0657958984375
39270,0.0672607421875
39271,0.0811767578125
39272,0.0874633789062
39273,0.0886840820312
39274,0.0886840820312
39275,0.0747680664062
39276,0.0474853515625
39277,0.0490112304688
39278,0.0525512695312
39279,0.0613403320312
39280,0.0597229003906
39281,0.0553894042969
39282,0.080810546875
39283,0.0787353515625
39284,0.077392578125
39285,0.0783081054688
39286,0.07763671875
39287,0.087646484375
39288,0.0845336914062
39289,0.0838012695312
39290,0.0867919921875
39291,0.106201171875
39292,0.103881835938
39293,0.102844238281
39294,0.101318359375
39295,0.0977783203125
39296,0.0706787109375
39297,0.0685424804688
39298,0.0847778320312
39299,0.0839233398438
39300,0.08544921875
39301,0.0835571289062
39302,0.0841064453125
39303,0.0845947265625
39304,0.0938720703125
39305,0.0940551757812
39306,0.0948486328125
39307,0.09326171875
39308,0.09326171875
39309,0.093017578125
39310,0.0622253417969
39311,0.0646362304688
39312,0.0640258789062
39313,0.0626831054688
39314,0.0655517578125
39315,0.0641479492188
39316,0.0639038085938
39317,0.0648193359375
39318,0.0659790039062
39319,0.0605773925781
39320,0.0668334960938
39321,0.0651245117188
39322,0.066162109375
39323,0.08447265625
39324,0.0857543945312
39325,0.0862426757812
39326,0.0958251953125
39327,0.0956420898438
39328,0.093017578125
39329,0.0872192382812
39330,0.0858764648438
39331,0.0967407226562
39332,0.08935546875
39333,0.091552734375
39334,0.091796875
39335,0.0806274414062
39336,0.0975952148438
39337,0.0912475585938
39338,0.0902709960938
39339,0.09375
39340,0.0914306640625
39341,0.0867309570312
39342,0.0855102539062
39343,0.0865478515625
39344,0.049072265625
39345,0.0453796386719
39346,0.0446166992188
39347,0.0487976074219
39348,0.0465698242188
39349,0.0580444335938
39350,0.05810546875
39351,0.099365234375
39352,0.0994873046875
39353,0.101989746094
39354,0.10205078125
39355,0.103088378906
39356,0.105773925781
39357,0.106567382812
39358,0.107360839844
39359,0.0586547851562
39360,0.057861328125
39361,0.0615234375
39362,0.0566101074219
39363,0.0580749511719
39364,0.0596618652344
39365,0.059326171875
39366,0.0611572265625
39367,0.0630493164062
39368,0.089111328125
39369,0.0892333984375
39370,0.111267089844
39371,0.111999511719
39372,0.101257324219
39373,0.101196289062
39374,0.0971069335938
39375,0.098388671875
39376,0.100952148438
39377,0.101196289062
39378,0.106384277344
39379,0.107666015625
39380,0.122680664062
39381,0.123779296875
39382,0.124877929688
39383,0.100158691406
39384,0.08642578125
39385,0.0860595703125
39386,0.089111328125
39387,0.092041015625
39388,0.0874633789062
39389,0.123840332031
39390,0.121520996094
39391,0.12158203125
39392,0.116455078125
39393,0.116394042969
39394,0.107788085938
39395,0.110473632812
39396,0.107604980469
39397,0.108703613281
39398,0.118530273438
39399,0.122863769531
39400,0.120300292969
39401,0.119506835938
39402,0.121215820312
39403,0.119445800781
39404,0.121826171875
39405,0.12744140625
39406,0.124572753906
39407,0.122619628906
39408,0.12548828125
39409,0.12158203125
39410,0.121643066406
39411,0.121948242188
39412,0.122131347656
39413,0.120056152344
39414,0.119262695312
39415,0.123107910156
39416,0.117431640625
39417,0.118530273438
39418,0.117553710938
39419,0.118774414062
39420,0.117248535156
39421,0.115295410156
39422,0.116638183594
39423,0.116333007812
39424,0.11279296875
39425,0.11767578125
39426,0.116271972656
39427,0.115539550781
39428,0.115173339844
39429,0.115112304688
39430,0.11669921875
39431,0.118591308594
39432,0.120910644531
39433,0.12158203125
39434,0.119934082031
39435,0.11865234375
39436,0.119384765625
39437,0.12109375
39438,0.123962402344
39439,0.122497558594
39440,0.12109375
39441,0.120300292969
39442,0.07666015625
39443,0.0761108398438
39444,0.0726928710938
39445,0.0715942382812
39446,0.0726318359375
39447,0.0729370117188
39448,0.0755615234375
39449,0.072509765625
39450,0.0531616210938
39451,0.0565185546875
39452,0.0578308105469
39453,0.0569763183594
39454,0.0579223632812
39455,0.0603332519531
39456,0.0595703125
39457,0.0587768554688
39458,0.0595703125
39459,0.0605773925781
39460,0.0603942871094
39461,0.0610961914062
39462,0.06396484375
39463,0.0654296875
39464,0.0617980957031
39465,0.0653076171875
39466,0.0657348632812
39467,0.0605163574219
39468,0.0601196289062
39469,0.059814453125
39470,0.0587158203125
39471,0.0605773925781
39472,0.0592956542969
39473,0.0615539550781
39474,0.063720703125
39475,0.0657348632812
39476,0.0640869140625
39477,0.0653076171875
39478,0.0687866210938
39479,0.0672607421875
39480,0.055908203125
39481,0.0562744140625
39482,0.0535583496094
39483,0.0559692382812
39484,0.0584106445312
39485,0.0578918457031
39486,0.0570983886719
39487,0.0611877441406
39488,0.060302734375
39489,0.0613098144531
39490,0.058349609375
39491,0.0583190917969
39492,0.0562744140625
39493,0.055908203125
39494,0.0556945800781
39495,0.0555725097656
39496,0.0594482421875
39497,0.0594177246094
39498,0.0608520507812
39499,0.0614624023438
39500,0.0610656738281
39501,0.0611267089844
39502,0.06591796875
39503,0.0673828125
39504,0.064208984375
39505,0.0636596679688
39506,0.065673828125
39507,0.0608825683594
39508,0.0617980957031
39509,0.0632934570312
39510,0.0653076171875
39511,0.064208984375
39512,0.0624389648438
39513,0.0778198242188
39514,0.0728759765625
39515,0.0740356445312
39516,0.0777587890625
39517,0.0752563476562
39518,0.077392578125
39519,0.075927734375
39520,0.08837890625
39521,0.089599609375
39522,0.08837890625
39523,0.0844116210938
39524,0.0870971679688
39525,0.0844116210938
39526,0.0836791992188
39527,0.082275390625
39528,0.0817260742188
39529,0.0827026367188
39530,0.0841064453125
39531,0.0855102539062
39532,0.0867309570312
39533,0.0608520507812
39534,0.0599975585938
39535,0.061279296875
39536,0.058837890625
39537,0.075927734375
39538,0.0755615234375
39539,0.0753173828125
39540,0.0706176757812
39541,0.0678100585938
39542,0.069580078125
39543,0.0691528320312
39544,0.0694580078125
39545,0.0665893554688
39546,0.0655517578125
39547,0.0653686523438
39548,0.0645751953125
39549,0.0614318847656
39550,0.0635986328125
39551,0.0645751953125
39552,0.0636596679688
39553,0.0639038085938
39554,0.0641479492188
39555,0.06201171875
39556,0.066650390625
39557,0.0687866210938
39558,0.0623779296875
39559,0.0691528320312
39560,0.0677490234375
39561,0.0692749023438
39562,0.06982421875
39563,0.0677490234375
39564,0.0663452148438
39565,0.0712280273438
39566,0.0640869140625
39567,0.0648193359375
39568,0.0640258789062
39569,0.0620422363281
39570,0.0635375976562
39571,0.0604553222656
39572,0.0654907226562
39573,0.0654907226562
39574,0.0682373046875
39575,0.06689453125
39576,0.0632934570312
39577,0.06201171875
39578,0.0592346191406
39579,0.0628051757812
39580,0.0607604980469
39581,0.0599670410156
39582,0.0617980957031
39583,0.0624694824219
39584,0.0609741210938
39585,0.0617980957031
39586,0.0614929199219
39587,0.064697265625
39588,0.0619201660156
39589,0.06298828125
39590,0.0640258789062
39591,0.0626831054688
39592,0.0622863769531
39593,0.0626220703125
39594,0.0645751953125
39595,0.0606079101562
39596,0.0623474121094
39597,0.062744140625
39598,0.0640258789062
39599,0.0639038085938
39600,0.06396484375
39601,0.0613708496094
39602,0.0616455078125
39603,0.0594482421875
39604,0.0611267089844
39605,0.0657958984375
39606,0.0686645507812
39607,0.064208984375
39608,0.0646362304688
39609,0.0646362304688
39610,0.0651245117188
39611,0.0651245117188
39612,0.0682373046875
39613,0.0689697265625
39614,0.07275390625
39615,0.0576171875
39616,0.0553588867188
39617,0.0558776855469
39618,0.0536193847656
39619,0.0555114746094
39620,0.0545349121094
39621,0.0595703125
39622,0.0547485351562
39623,0.0538635253906
39624,0.0556945800781
39625,0.0562133789062
39626,0.0549926757812
39627,0.0639038085938
39628,0.0654296875
39629,0.0623474121094
39630,0.0631713867188
39631,0.063720703125
39632,0.0634155273438
39633,0.0628662109375
39634,0.0645751953125
39635,0.0667114257812
39636,0.0651245117188
39637,0.069091796875
39638,0.070556640625
39639,0.0679321289062
39640,0.0639038085938
39641,0.0596313476562
39642,0.0630493164062
39643,0.0722045898438
39644,0.0692749023438
39645,0.0687866210938
39646,0.0712280273438
39647,0.0718994140625
39648,0.0729370117188
39649,0.0701904296875
39650,0.0719604492188
39651,0.0626831054688
39652,0.0568542480469
39653,0.0549011230469
39654,0.0578918457031
39655,0.0579833984375
39656,0.0599975585938
39657,0.0565185546875
39658,0.0567932128906
39659,0.0569458007812
39660,0.0559692382812
39661,0.0577697753906
39662,0.0570373535156
39663,0.0593566894531
39664,0.0574340820312
39665,0.0567016601562
39666,0.0593872070312
39667,0.05810546875
39668,0.0577392578125
39669,0.0588073730469
39670,0.0564575195312
39671,0.058837890625
39672,0.0582580566406
39673,0.0570068359375
39674,0.05126953125
39675,0.0522766113281
39676,0.0471496582031
39677,0.0495910644531
39678,0.0488891601562
39679,0.0519104003906
39680,0.0609130859375
39681,0.0623168945312
39682,0.05859375
39683,0.0616455078125
39684,0.064697265625
39685,0.0658569335938
39686,0.0623779296875
39687,0.0634765625
39688,0.0723266601562
39689,0.0556030273438
39690,0.0596618652344
39691,0.0579223632812
39692,0.0648803710938
39693,0.0628051757812
39694,0.0639038085938
39695,0.0638427734375
39696,0.0563354492188
39697,0.0557556152344
39698,0.0562438964844
39699,0.0594482421875
39700,0.0617065429688
39701,0.0603332519531
39702,0.06591796875
39703,0.0682373046875
39704,0.064453125
39705,0.0575256347656
39706,0.0579833984375
39707,0.0603332519531
39708,0.0643920898438
39709,0.06298828125
39710,0.065185546875
39711,0.0599060058594
39712,0.0615539550781
39713,0.0611877441406
39714,0.0610046386719
39715,0.0582580566406
39716,0.0606994628906
39717,0.07470703125
39718,0.0687255859375
39719,0.0733642578125
39720,0.0752563476562
39721,0.0740966796875
39722,0.0726928710938
39723,0.0862426757812
39724,0.09033203125
39725,0.0812377929688
39726,0.0765991210938
39727,0.074462890625
39728,0.073974609375
39729,0.0718383789062
39730,0.070556640625
39731,0.0724487304688
39732,0.0730590820312
39733,0.0703735351562
39734,0.072021484375
39735,0.0706176757812
39736,0.0698852539062
39737,0.0708618164062
39738,0.0735473632812
39739,0.0762939453125
39740,0.0772094726562
39741,0.0772094726562
39742,0.0780029296875
39743,0.0779418945312
39744,0.0616455078125
39745,0.0635375976562
39746,0.062744140625
39747,0.0607299804688
39748,0.0599670410156
39749,0.0724487304688
39750,0.0736083984375
39751,0.0654907226562
39752,0.0660400390625
39753,0.06884765625
39754,0.069580078125
39755,0.06884765625
39756,0.0779418945312
39757,0.0765991210938
39758,0.077880859375
39759,0.0772094726562
39760,0.0774536132812
39761,0.0763549804688
39762,0.0745849609375
39763,0.0760498046875
39764,0.0751953125
39765,0.0728149414062
39766,0.080322265625
39767,0.0804443359375
39768,0.111267089844
39769,0.103088378906
39770,0.095458984375
39771,0.0994873046875
39772,0.0963134765625
39773,0.0953369140625
39774,0.0951538085938
39775,0.103820800781
39776,0.105407714844
39777,0.103637695312
39778,0.101867675781
39779,0.1025390625
39780,0.105102539062
39781,0.103576660156
39782,0.103759765625
39783,0.105102539062
39784,0.0988159179688
39785,0.101989746094
39786,0.101013183594
39787,0.1025390625
39788,0.103271484375
39789,0.106689453125
39790,0.10546875
39791,0.106384277344
39792,0.108764648438
39793,0.109619140625
39794,0.112182617188
39795,0.114685058594
39796,0.116394042969
39797,0.116760253906
39798,0.11572265625
39799,0.0994873046875
39800,0.099609375
39801,0.100341796875
39802,0.107299804688
39803,0.108459472656
39804,0.106872558594
39805,0.10693359375
39806,0.100341796875
39807,0.0987548828125
39808,0.0986938476562
39809,0.0975952148438
39810,0.101379394531
39811,0.101928710938
39812,0.105712890625
39813,0.106262207031
39814,0.0975341796875
39815,0.0966186523438
39816,0.0955200195312
39817,0.0965576171875
39818,0.0921630859375
39819,0.0965576171875
39820,0.0950317382812
39821,0.0967407226562
39822,0.0985717773438
39823,0.0972290039062
39824,0.0972290039062
39825,0.09716796875
39826,0.0946044921875
39827,0.0960083007812
39828,0.0980224609375
39829,0.0968017578125
39830,0.0972900390625
39831,0.0995483398438
39832,0.095703125
39833,0.09765625
39834,0.0980834960938
39835,0.100952148438
39836,0.100891113281
39837,0.101928710938
39838,0.100708007812
39839,0.100891113281
39840,0.0986938476562
39841,0.098876953125
39842,0.101623535156
39843,0.0972290039062
39844,0.106323242188
39845,0.0726318359375
39846,0.0733032226562
39847,0.0713500976562
39848,0.0713500976562
39849,0.072265625
39850,0.0703125
39851,0.0703735351562
39852,0.070556640625
39853,0.071044921875
39854,0.07080078125
39855,0.0968627929688
39856,0.0979614257812
39857,0.0933227539062
39858,0.0941772460938
39859,0.0932006835938
39860,0.0956420898438
39861,0.102294921875
39862,0.103637695312
39863,0.103820800781
39864,0.10400390625
39865,0.106201171875
39866,0.108032226562
39867,0.106323242188
39868,0.106201171875
39869,0.104675292969
39870,0.103759765625
39871,0.105224609375
39872,0.109619140625
39873,0.093994140625
39874,0.0919799804688
39875,0.0929565429688
39876,0.0845947265625
39877,0.0907592773438
39878,0.0862426757812
39879,0.0830078125
39880,0.085205078125
39881,0.0885620117188
76637,0.0673217773438
76638,0.067138671875
76640,0.0707397460938
76641,0.0724487304688
76642,0.0736694335938
76643,0.0712890625
76644,0.0731811523438
76645,0.0718383789062
76646,0.071533203125
76647,0.068603515625
76648,0.0729370117188
76649,0.0721435546875
76650,0.0718383789062
76651,0.0697631835938
76652,0.0741577148438
76653,0.0744018554688
76654,0.07373046875
76655,0.0734252929688
76656,0.0745849609375
76657,0.0787963867188
76658,0.0809326171875
76659,0.0760498046875
76660,0.0725708007812
76661,0.0704956054688
76662,0.080322265625
76663,0.0806274414062
76664,0.08154296875
76665,0.0838623046875
76666,0.0845947265625
76667,0.0831298828125
76668,0.086181640625
76669,0.100891113281
76670,0.0994262695312
76671,0.0997924804688
76672,0.0928955078125
76673,0.0911865234375
76674,0.0955810546875
76675,0.09619140625
76676,0.0956420898438
76677,0.0947875976562
76678,0.0902099609375
76679,0.0929565429688
76680,0.0927734375
76681,0.0991821289062
76682,0.0960083007812
76683,0.0966796875
76684,0.0962524414062
76685,0.0982666015625
76686,0.0972290039062
76687,0.0936889648438
76688,0.0964965820312
76689,0.0958862304688
76690,0.0917358398438
76691,0.0918579101562
76692,0.0931396484375
76693,0.0950927734375
76694,0.0945434570312
76695,0.0958862304688
76696,0.0950317382812
76697,0.0977172851562
76698,0.0940551757812
76699,0.0951538085938
76700,0.0975341796875
76701,0.0946655273438
76702,0.0973510742188
76703,0.0963745117188
76704,0.0963134765625
76705,0.100219726562
76706,0.0925903320312
76707,0.094970703125
76708,0.0944213867188
76709,0.0952758789062
76710,0.0947265625
76711,0.0932006835938
76712,0.0955810546875
76713,0.09521484375
76714,0.0914306640625
76715,0.0913696289062
76716,0.0908203125
76717,0.0878295898438
76718,0.08837890625
76719,0.0865478515625
76720,0.087158203125
76721,0.0891723632812
76722,0.08544921875
76723,0.0857543945312
76724,0.084716796875
76725,0.0853881835938
76726,0.101013183594
76727,0.0982055664062
76728,0.0953369140625
76729,0.0975341796875
76730,0.098388671875
76731,0.09228515625
76732,0.104187011719
76733,0.102966308594
76734,0.10595703125
76735,0.106506347656
76736,0.101684570312
76737,0.0
76738,0.00165843963623
76739,0.00426864624023
76740,0.00507354736328
76741,0.00441741943359
76742,0.00616073608398
76743,0.00628280639648
76744,0.00570297241211
76745,0.0148544311523
76746,0.0184936523438
76747,0.0172424316406
76748,0.0186004638672
76749,0.0189971923828
76750,0.0243835449219
76751,0.0147552490234
76752,0.0170593261719
76753,0.0152587890625
76754,0.0157165527344
76755,0.0173797607422
76756,0.0185394287109
76757,0.0180358886719
76758,0.0420227050781
76759,0.0411682128906
76760,0.0385131835938
76761,0.0403137207031
76762,0.0397033691406
76763,0.0397338867188
76764,0.0380859375
76765,0.0390930175781
76766,0.03955078125
76767,0.0377807617188
76768,0.0399475097656
76769,0.0370788574219
76770,0.038818359375
76771,0.0630493164062
76772,0.0581970214844
76773,0.0567321777344
76774,0.0585327148438
76775,0.0575256347656
76776,0.0581359863281
76777,0.0580444335938
76778,0.0563354492188
76779,0.0565185546875
76780,0.0578002929688
76781,0.0567932128906
76782,0.0583190917969
76783,0.0559387207031
76784,0.056884765625
76785,0.0573120117188
76786,0.0556640625
76787,0.0596923828125
76788,0.0574951171875
76789,0.0563354492188
76790,0.0570068359375
76791,0.0552062988281
76792,0.0570678710938
76793,0.0576782226562
76794,0.0597229003906
76795,0.0584716796875
76796,0.0593872070312
76797,0.0589904785156
76798,0.05859375
76799,0.062744140625
76800,0.0617370605469
76801,0.0562744140625
76802,0.0579223632812
76803,0.062255859375
76804,0.0637817382812
76805,0.06005859375
76806,0.0599670410156
76807,0.0533752441406
76808,0.0777587890625
76809,0.0762939453125
76810,0.0768432617188
76811,0.0789794921875
76812,0.07275390625
76813,0.0742797851562
76814,0.0774536132812
76815,0.0753784179688
76816,0.069091796875
76817,0.0687255859375
76818,0.0614624023438
76819,0.0619812011719
76820,0.0652465820312
76821,0.0642700195312
76822,0.0622253417969
76823,0.0618896484375
76824,0.0927124023438
76825,0.0921630859375
76826,0.0887451171875
76827,0.085693359375
76828,0.096923828125
76829,0.09619140625
76830,0.095458984375
76831,0.096435546875
76832,0.09521484375
76833,0.0962524414062
76834,0.100891113281
76835,0.103210449219
76836,0.0872802734375
76837,0.085693359375
76838,0.0580749511719
76839,0.0599975585938
76840,0.0594787597656
76841,0.0864868164062
76842,0.0868530273438
76843,0.0862426757812
76844,0.0858154296875
76845,0.0852661132812
76846,0.084716796875
76847,0.0864868164062
76848,0.0787353515625
76849,0.07763671875
76850,0.0834350585938
76851,0.083740234375
76852,0.084228515625
76853,0.0838012695312
76854,0.0841064453125
76855,0.0847778320312
76856,0.0813598632812
76857,0.0811157226562
76858,0.082763671875
76859,0.0828857421875
76860,0.0823974609375
76861,0.0822143554688
76862,0.0812377929688
76863,0.0836181640625
76864,0.0830688476562
76865,0.0802001953125
76866,0.0809936523438
76867,0.0810546875
76868,0.0802612304688
76869,0.0816650390625
76870,0.0830078125
76871,0.0827026367188
76872,0.0855102539062
76873,0.086181640625
76874,0.0856323242188
76875,0.087646484375
76876,0.0879516601562
76877,0.08642578125
76878,0.0911865234375
76879,0.0883178710938
76880,0.0867309570312
76881,0.083984375
76882,0.0848999023438
76883,0.0851440429688
76884,0.0865478515625
76885,0.0838623046875
76886,0.10595703125
76887,0.106506347656
76888,0.107421875
76889,0.109313964844
76890,0.108703613281
76891,0.10791015625
76892,0.106872558594
76893,0.106567382812
76894,0.1083984375
76895,0.108764648438
76896,0.108215332031
76897,0.106689453125
76898,0.103698730469
76899,0.0635986328125
76900,0.0606994628906
76901,0.0599365234375
76902,0.059326171875
76903,0.0624389648438
76904,0.0608825683594
76905,0.0596313476562
76906,0.0596008300781
76907,0.0606994628906
76908,0.0608215332031
76909,0.0635375976562
76910,0.0639038085938
76911,0.0630493164062
76912,0.0598754882812
76913,0.05859375
76914,0.0601501464844
76915,0.0575561523438
76916,0.0586242675781
76917,0.0581359863281
76918,0.0568237304688
76919,0.0576477050781
76920,0.0584106445312
76921,0.059814453125
76922,0.0606994628906
76923,0.0631713867188
76924,0.0648803710938
76925,0.0650024414062
76926,0.0640258789062
76927,0.0625610351562
76928,0.0640258789062
76929,0.0651245117188
76930,0.0674438476562
76931,0.0594787597656
76932,0.0587768554688
76933,0.0572204589844
76934,0.0561218261719
76935,0.0586547851562
76936,0.0568237304688
76937,0.0560302734375
76938,0.0570678710938
76939,0.0566711425781
76940,0.0583190917969
76941,0.0578002929688
76942,0.0565795898438
76943,0.0590515136719
76944,0.0606384277344
76945,0.0631103515625
76946,0.0626831054688
76947,0.0635986328125
76948,0.0608215332031
76949,0.0581359863281
76950,0.0884399414062
76951,0.0872192382812
76952,0.0819702148438
76953,0.0827026367188
76954,0.0830688476562
76955,0.0866088867188
76956,0.0866088867188
76957,0.0872802734375
76958,0.0855712890625
76959,0.0877685546875
76960,0.0780029296875
76961,0.0810546875
76962,0.0817260742188
76963,0.08154296875
76964,0.0824584960938
76965,0.07958984375
76966,0.080078125
76967,0.08349609375
76968,0.08251953125
76969,0.083740234375
76970,0.082763671875
76971,0.0850830078125
76972,0.0877685546875
76973,0.0865478515625
76974,0.0845336914062
76975,0.0845947265625
76976,0.0869140625
76977,0.0863647460938
76978,0.0869140625
76979,0.0897216796875
76980,0.0903930664062
76981,0.0906982421875
76982,0.0870971679688
76983,0.0839233398438
76984,0.0848999023438
76985,0.0847778320312
76986,0.086181640625
76987,0.0880126953125
76988,0.0869750976562
76989,0.0853881835938
76990,0.0864868164062
76991,0.0848999023438
76992,0.0875244140625
76993,0.084716796875
76994,0.0855102539062
76995,0.0855102539062
76996,0.0840454101562
76997,0.0858154296875
76998,0.08544921875
76999,0.0846557617188
77000,0.0850830078125
77001,0.0874633789062
77002,0.0899047851562
77003,0.084228515625
77004,0.087890625
77005,0.09228515625
77006,0.0894165039062
77007,0.0902709960938
77008,0.0914306640625
77009,0.0890502929688
77010,0.09033203125
77011,0.0911865234375
77012,0.0924682617188
77013,0.0906982421875
77014,0.0919799804688
77015,0.0924682617188
77016,0.09326171875
77017,0.091064453125
77018,0.0885009765625
77019,0.0890502929688
77020,0.0850219726562
77021,0.08642578125
77022,0.0864868164062
77023,0.0902099609375
77024,0.0882568359375
77025,0.0863037109375
77026,0.0859985351562
77027,0.0880737304688
77028,0.0901489257812
77029,0.0892333984375
77030,0.0850830078125
77031,0.0842895507812
77032,0.0866088867188
77033,0.0859375
77034,0.0889282226562
77035,0.0900268554688
77036,0.0855102539062
77037,0.08642578125
77038,0.0872802734375
77039,0.0881958007812
77040,0.0867309570312
77041,0.0866088867188
77042,0.08935546875
77043,0.0901489257812
77044,0.0902099609375
77045,0.0875854492188
77046,0.0883178710938
77047,0.0866088867188
77048,0.0881958007812
77049,0.087646484375
77050,0.085205078125
77051,0.0897827148438
77052,0.0872192382812
77053,0.0858764648438
77054,0.0859985351562
77055,0.0846557617188
77056,0.0825805664062
77057,0.0821533203125
77058,0.0821533203125
77059,0.0844116210938
77060,0.08642578125
77061,0.0867309570312
77062,0.0829467773438
77063,0.0799560546875
77064,0.0835571289062
77065,0.0848999023438
77066,0.0847778320312
77067,0.0844116210938
77068,0.0861206054688
77069,0.0828857421875
77070,0.081787109375
77071,0.0803833007812
77072,0.0823974609375
77073,0.0819702148438
77074,0.0811767578125
77075,0.080322265625
77076,0.0916748046875
77077,0.0928955078125
77078,0.0928344726562
77079,0.0946044921875
77080,0.0944213867188
77081,0.0945434570312
77082,0.094970703125
77083,0.09326171875
77084,0.0957641601562
77085,0.0958862304688
77086,0.0966796875
77087,0.0960693359375
77088,0.0957641601562
77089,0.0944213867188
77090,0.0957641601562
77091,0.0951538085938
77092,0.0816650390625
77093,0.0818481445312
77094,0.0791625976562
77095,0.0784912109375
77096,0.0802001953125
77097,0.0804443359375
77098,0.0797119140625
77099,0.080810546875
77100,0.0803833007812
77101,0.0809326171875
77102,0.0794677734375
77103,0.0801391601562
77104,0.0845947265625
77105,0.0789184570312
77106,0.0767211914062
77107,0.0732421875
77108,0.0720825195312
77109,0.0723266601562
77110,0.07275390625
77111,0.0728149414062
77112,0.0744018554688
77113,0.0740356445312
77114,0.0737915039062
77115,0.07568359375
77116,0.0736694335938
77117,0.0734252929688
77118,0.0741577148438
77119,0.0744018554688
77120,0.0733642578125
77121,0.07421875
77122,0.0755004882812
77123,0.0751342773438
77124,0.0771484375
77125,0.0764770507812
77126,0.0717163085938
77127,0.0723876953125
77128,0.0731811523438
77129,0.074951171875
77130,0.075439453125
77131,0.0767211914062
77132,0.0797119140625
77133,0.078857421875
77134,0.0758666992188
77135,0.0743408203125
77136,0.0770263671875
77137,0.0776977539062
77138,0.0809936523438
77139,0.0775756835938
77140,0.0765380859375
77141,0.0761108398438
77142,0.0769653320312
77143,0.0780029296875
77144,0.0777587890625
77145,0.078125
77146,0.0763549804688
77147,0.0777587890625
77148,0.0760498046875
77149,0.077392578125
77150,0.0825805664062
77151,0.0844116210938
77152,0.08251953125
77153,0.08642578125
77154,0.0870361328125
77155,0.0819702148438
77156,0.0819702148438
77157,0.0861206054688
77158,0.0844116210938
77159,0.0826416015625
77160,0.0811767578125
77161,0.086181640625
77162,0.0861206054688
77163,0.0877685546875
77164,0.089599609375
77165,0.08642578125
77166,0.0858764648438
77167,0.114196777344
77168,0.106994628906
77169,0.108215332031
77170,0.100891113281
77171,0.105102539062
77172,0.102600097656
77173,0.103210449219
77174,0.104125976562
77175,0.0900268554688
77176,0.0956420898438
77177,0.0950927734375
77178,0.101379394531
77179,0.0975341796875
77180,0.0963134765625
77181,0.0960693359375
77182,0.0960083007812
77183,0.0962524414062
77184,0.0990600585938
77185,0.103088378906
77186,0.103393554688
77187,0.0982055664062
77188,0.0923461914062
77189,0.09423828125
77190,0.0947875976562
77191,0.0949096679688
77192,0.0934448242188
77193,0.09130859375
77194,0.0923461914062
77195,0.0913696289062
77196,0.0880737304688
77197,0.0904541015625
77198,0.0911865234375
77199,0.092529296875
77200,0.093994140625
77201,0.0924072265625
77202,0.0922241210938
77203,0.09228515625
77204,0.0911254882812
77205,0.089599609375
77206,0.09716796875
77207,0.0938110351562
77208,0.0962524414062
77209,0.097412109375
77210,0.089111328125
77211,0.0884399414062
77212,0.0890502929688
77213,0.0902099609375
77214,0.0916137695312
77215,0.101257324219
77216,0.0968627929688
77217,0.105651855469
77218,0.107299804688
77219,0.102844238281
77220,0.104614257812
77221,0.10302734375
77222,0.101379394531
77223,0.1025390625
77224,0.102783203125
77225,0.102478027344
77226,0.101989746094
77227,0.0992431640625
77228,0.100830078125
77229,0.102600097656
77230,0.0996704101562
77231,0.0988159179688
77232,0.0994262695312
77233,0.0930786132812
77234,0.094482421875
77235,0.0934448242188
77236,0.0923461914062
77237,0.102661132812
77238,0.098388671875
77239,0.0985107421875
77240,0.0929565429688
77241,0.0945434570312
77242,0.0963134765625
77243,0.0945434570312
77244,0.0604858398438
77245,0.0587463378906
77246,0.0559997558594
77247,0.0566101074219
77248,0.0552368164062
77249,0.0580139160156
77250,0.0595092773438
77251,0.0581970214844
77252,0.0593872070312
77253,0.0604858398438
77254,0.0617370605469
77255,0.0596923828125
77256,0.0619506835938
77257,0.0604553222656
77258,0.0596618652344
77259,0.059814453125
77260,0.0597229003906
77261,0.0594787597656
77262,0.0631103515625
77263,0.0631713867188
77264,0.0625
77265,0.0603942871094
77266,0.0618286132812
77267,0.061767578125
77268,0.0604248046875
77269,0.0608825683594
77270,0.0602416992188
77271,0.0597839355469
77272,0.0620727539062
77273,0.0596618652344
77274,0.0613708496094
77275,0.0573120117188
77276,0.0569152832031
77277,0.0576477050781
77278,0.0606689453125
77279,0.0638427734375
77280,0.0646362304688
77281,0.0589599609375
77282,0.0592346191406
77283,0.0597229003906
77284,0.0622253417969
77285,0.0678100585938
77286,0.0679321289062
77287,0.0684204101562
77288,0.0692749023438
77289,0.0659790039062
77290,0.0685424804688
77291,0.0616149902344
77292,0.0616455078125
77293,0.0585327148438
77294,0.0650024414062
77295,0.0643310546875
77296,0.065185546875
77297,0.0648803710938
77298,0.0599975585938
77299,0.0606384277344
77300,0.0581665039062
77301,0.0549011230469
77302,0.0566101074219
77303,0.0556335449219
77304,0.0575561523438
77305,0.0630493164062
77306,0.0606079101562
77307,0.0604248046875
77308,0.0604248046875
77309,0.0595397949219
77310,0.0586853027344
77311,0.061279296875
77312,0.063232421875
77313,0.0642700195312
77314,0.0637817382812
77315,0.0577392578125
77316,0.0593566894531
77317,0.0775146484375
77318,0.0761108398438
77319,0.0770263671875
77320,0.0767822265625
77321,0.0765380859375
77322,0.0758666992188
77323,0.0770874023438
77324,0.0799560546875
77325,0.080078125
77326,0.0790405273438
77327,0.0771484375
77328,0.0787963867188
77329,0.0775146484375
77330,0.0785522460938
77331,0.078857421875
77332,0.0791625976562
77333,0.057373046875
77334,0.0560607910156
77335,0.0552368164062
77336,0.057373046875
77337,0.0567016601562
77338,0.0564270019531
77339,0.0552062988281
77340,0.0555419921875
77341,0.0527954101562
77342,0.0524597167969
77343,0.0546569824219
77344,0.0540466308594
77345,0.0542907714844
77346,0.0540161132812
77347,0.0541687011719
77348,0.0538330078125
77349,0.054931640625
77350,0.0589294433594
77351,0.0578308105469
77352,0.0553894042969
77353,0.0546569824219
77354,0.0537719726562
77355,0.0513610839844
77356,0.0497741699219
77357,0.0494689941406
77358,0.0494995117188
77359,0.0494689941406
77360,0.0513305664062
77361,0.0631713867188
77362,0.063232421875
77363,0.0544128417969
77364,0.0538635253906
77365,0.0542297363281
77366,0.0548400878906
77367,0.0536804199219
77368,0.0567016601562
77369,0.0567321777344
77370,0.05810546875
77371,0.0567321777344
77372,0.0560302734375
77373,0.0674438476562
77374,0.0668334960938
77375,0.0669555664062
77376,0.0697631835938
77377,0.0668334960938
77378,0.0703735351562
77379,0.071044921875
77380,0.06982421875
77381,0.071533203125
77382,0.0712890625
77383,0.0750122070312
77384,0.0772094726562
77385,0.07080078125
77386,0.067626953125
77387,0.0687255859375
77388,0.0707397460938
77389,0.0735473632812
77390,0.0728149414062
77391,0.0709228515625
77392,0.070068359375
77393,0.0704345703125
77394,0.0731811523438
77395,0.074462890625
77396,0.0755004882812
77397,0.0715942382812
77398,0.0730590820312
77399,0.0706176757812
77400,0.071044921875
77401,0.0703735351562
77402,0.0676879882812
77403,0.0697021484375
77404,0.0689697265625
77405,0.0718994140625
77406,0.071533203125
77407,0.0718994140625
77408,0.0700073242188
77409,0.0703125
77410,0.0728149414062
77411,0.0696411132812
77412,0.0706787109375
77413,0.0755004882812
77414,0.0706787109375
77415,0.0616455078125
77416,0.0563659667969
77417,0.0572509765625
77418,0.0567016601562
77419,0.0582885742188
77420,0.0571594238281
77422,0.0578002929688
77423,0.0575256347656
77424,0.0565490722656
77425,0.0569152832031
77426,0.0570373535156
77427,0.0568237304688
77428,0.0565795898438
77429,0.0577392578125
77430,0.0597839355469
77431,0.0580444335938
77432,0.05810546875
77433,0.0575866699219
77434,0.05859375
77435,0.0587463378906
77436,0.057861328125
77437,0.0587768554688
77438,0.0759887695312
77439,0.0768432617188
77440,0.0753173828125
77441,0.076171875
77442,0.0695190429688
77443,0.068603515625
77444,0.0704345703125
77445,0.0697631835938
77446,0.0665283203125
77447,0.0689086914062
77448,0.0696411132812
77449,0.0676879882812
77450,0.0691528320312
77451,0.06884765625
77452,0.066650390625
77453,0.066162109375
77454,0.064208984375
77455,0.06396484375
77456,0.065673828125
77457,0.068603515625
77458,0.0645751953125
77459,0.06591796875
77460,0.06298828125
77461,0.0634155273438
77462,0.0628051757812
77463,0.064208984375
77464,0.0671997070312
77465,0.067138671875
77466,0.0693359375
77467,0.0693969726562
77468,0.0660400390625
77469,0.0667114257812
77470,0.0669555664062
77471,0.068115234375
77472,0.0693359375
77473,0.0745239257812
77474,0.0725708007812
77475,0.0628051757812
77476,0.0639038085938
77477,0.0628662109375
77478,0.068115234375
77479,0.06689453125
77480,0.0658569335938
77481,0.0662231445312
77482,0.0667724609375
77483,0.0667114257812
77484,0.06884765625
77485,0.0703735351562
77486,0.069091796875
77487,0.0670166015625
77488,0.0673217773438
77489,0.06787109375
77490,0.0662231445312
77491,0.0675048828125
77492,0.0654296875
77493,0.0641479492188
77494,0.0657348632812
77495,0.0650024414062
77496,0.063232421875
77497,0.0595703125
77498,0.0613403320312
77499,0.0620422363281
77500,0.0600280761719
77501,0.0602416992188
77502,0.0604553222656
77503,0.0596923828125
77504,0.0597229003906
77505,0.0589599609375
77506,0.0613403320312
77507,0.0600891113281
77508,0.0620422363281
77509,0.0642700195312
77510,0.064697265625
77511,0.063720703125
77512,0.0622863769531
77513,0.062744140625
77514,0.0640869140625
77515,0.0633544921875
77516,0.0628662109375
77517,0.0611267089844
77518,0.060302734375
77519,0.06103515625
77520,0.0
77521,0.00178909301758
77522,0.00272750854492
77523,0.00408172607422
77524,0.00505828857422
77525,0.00582122802734
77526,0.0144195556641
77527,0.0170288085938
77528,0.0109100341797
77529,0.0110549926758
77530,0.0132522583008
77531,0.0167999267578
77532,0.0162658691406
77533,0.0151443481445
77534,0.0178833007812
77535,0.0170288085938
77536,0.0190734863281
77537,0.0182952880859
77538,0.0177001953125
77539,0.018310546875
77540,0.0173797607422
77541,0.0245819091797
77542,0.0263061523438
77543,0.0248565673828
77544,0.026611328125
77545,0.0273590087891
77546,0.0229644775391
77547,0.0242767333984
77548,0.0224914550781
77549,0.0222320556641
77550,0.0224456787109
77551,0.0246429443359
77552,0.0240936279297
77553,0.0280303955078
77554,0.030517578125
77555,0.0260467529297
77556,0.0248565673828
77557,0.0235900878906
77558,0.0256195068359
77559,0.0263214111328
77560,0.0276794433594
77561,0.0298004150391
77562,0.0252380371094
77563,0.0237884521484
77564,0.0252685546875
77565,0.0261840820312
77566,0.0278472900391
77567,0.0256042480469
77568,0.0332336425781
77569,0.0328063964844
77570,0.0345764160156
77571,0.0349731445312
77572,0.03662109375
77573,0.0359802246094
77574,0.0372924804688
77575,0.0535888671875
77576,0.0767822265625
77577,0.067138671875
77578,0.06884765625
77579,0.066650390625
77580,0.06591796875
77581,0.0643310546875
77582,0.0632934570312
77583,0.0623168945312
77584,0.0620422363281
77585,0.0641479492188
77586,0.0643920898438
77587,0.0689697265625
77588,0.0660400390625
77589,0.06640625
77590,0.0669555664062
77591,0.074462890625
77592,0.0702514648438
77593,0.0681762695312
77594,0.0625610351562
77595,0.0628662109375
77596,0.0619506835938
77597,0.0624694824219
77598,0.0637817382812
77599,0.0645141601562
77600,0.068359375
77601,0.0701904296875
77602,0.0700073242188
77603,0.0726318359375
77604,0.0689086914062
77605,0.0694580078125
77606,0.0866088867188
77607,0.0869140625
77608,0.087158203125
77609,0.0875854492188
77610,0.087158203125
77611,0.0897216796875
77612,0.09130859375
77613,0.0863647460938
77614,0.086181640625
77615,0.0868530273438
77616,0.087646484375
77617,0.0874633789062
77618,0.0838623046875
77619,0.0839233398438
77620,0.0816040039062
77621,0.0845336914062
77622,0.0861206054688
77623,0.0849609375
77624,0.0866088867188
77625,0.0863037109375
77626,0.0845947265625
77627,0.08447265625
77628,0.0853881835938
77629,0.0845336914062
77630,0.085205078125
77631,0.085205078125
77632,0.084716796875
77633,0.0839233398438
77634,0.0830078125
77635,0.0825805664062
77636,0.0834350585938
77637,0.083984375
77638,0.0848999023438
77639,0.0843505859375
77640,0.0844116210938
77641,0.0819091796875
77642,0.0762939453125
77643,0.0807495117188
77644,0.0797119140625
77645,0.080810546875
77646,0.0785522460938
77647,0.0795288085938
77648,0.0765991210938
77649,0.0762329101562
77650,0.0785522460938
77651,0.0781860351562
77652,0.0792846679688
77653,0.0784301757812
77654,0.0802001953125
77655,0.0803833007812
77656,0.080322265625
77657,0.0812377929688
77658,0.0836181640625
77659,0.0808715820312
77660,0.0792846679688
77661,0.07373046875
77662,0.0746459960938
77663,0.0752563476562
77664,0.0751342773438
77665,0.0739135742188
77666,0.0745849609375
77667,0.0714721679688
77668,0.0692138671875
77669,0.0814208984375
77670,0.0787353515625
77671,0.0789184570312
77672,0.0770874023438
77673,0.0790405273438
77674,0.0782470703125
77675,0.0767822265625
77676,0.0773315429688
77677,0.087646484375
77678,0.0840454101562
77679,0.0833129882812
77680,0.0816650390625
77681,0.082275390625
77682,0.0816650390625
77683,0.080322265625
77684,0.0809326171875
77685,0.0825805664062
77686,0.0836791992188
77687,0.082275390625
77688,0.0826416015625
77689,0.0811767578125
77690,0.0830688476562
77691,0.0812377929688
77692,0.0799560546875
77693,0.078857421875
77694,0.0777587890625
77695,0.0791015625
77696,0.0792846679688
77697,0.0784301757812
77698,0.0805053710938
77699,0.0811157226562
77700,0.0847778320312
77701,0.0868530273438
77702,0.0853271484375
77703,0.0827026367188
77704,0.0846557617188
77705,0.08447265625
77706,0.0860595703125
77707,0.086669921875
77708,0.0844116210938
77709,0.0869750976562
77710,0.0863647460938
77711,0.0849609375
77712,0.0848388671875
77713,0.0859985351562
77714,0.0833129882812
77715,0.0816650390625
77716,0.0807495117188
77717,0.0868530273438
77718,0.0877685546875
77719,0.0888671875
77720,0.08544921875
77721,0.0874633789062
77722,0.0875244140625
77723,0.0875244140625
77724,0.0811767578125
77725,0.0839233398438
77726,0.0835571289062
77727,0.0830688476562
77728,0.0831909179688
77729,0.0824584960938
77730,0.0823974609375
77731,0.0841674804688
77732,0.0810546875
77733,0.0827026367188
77734,0.0831909179688
77735,0.081787109375
77736,0.0811767578125
77737,0.0806274414062
77738,0.08056640625
77739,0.0809326171875
77740,0.081298828125
77741,0.0813598632812
77742,0.0814819335938
77743,0.0799560546875
77744,0.0787963867188
77745,0.0852661132812
77746,0.084716796875
77747,0.0845336914062
77748,0.0848999023438
77749,0.0859375
77750,0.08544921875
77751,0.0848388671875
77752,0.0850830078125
77753,0.085205078125
77754,0.0835571289062
77755,0.0844116210938
77756,0.0830078125
77757,0.0831909179688
77758,0.0831298828125
77759,0.0813598632812
77760,0.0823364257812
77761,0.084228515625
77762,0.083740234375
77763,0.0824584960938
77764,0.0842895507812
77765,0.0834350585938
77766,0.0841064453125
77767,0.0856323242188
77768,0.0853881835938
77769,0.087158203125
77770,0.0880737304688
77771,0.0794677734375
77772,0.0771484375
77773,0.0790405273438
77774,0.0735473632812
77775,0.0741577148438
77776,0.0736694335938
77777,0.0740356445312
77778,0.0740966796875
77779,0.0739135742188
77780,0.0731201171875
77781,0.0604553222656
77782,0.0603637695312
77783,0.0585021972656
77784,0.0597229003906
77785,0.06005859375
77786,0.0601806640625
77787,0.0617065429688
77788,0.0633544921875
77789,0.0625610351562
77790,0.0631103515625
77791,0.0626831054688
77792,0.0611572265625
77793,0.0597534179688
77794,0.06005859375
77795,0.0599670410156
77796,0.0602722167969
77797,0.0607299804688
77798,0.0609741210938
77799,0.0606384277344
77800,0.0610046386719
77801,0.0618286132812
77802,0.0601501464844
77803,0.0620727539062
77804,0.0610961914062
77805,0.0664672851562
77806,0.0636596679688
77807,0.0603637695312
77808,0.0613098144531
77809,0.0605773925781
77810,0.0615539550781
77811,0.062744140625
77812,0.06298828125
77813,0.0645751953125
77814,0.0641479492188
77815,0.0631103515625
77816,0.064453125
77817,0.0652465820312
77818,0.0605163574219
77819,0.0603332519531
77820,0.0613403320312
77821,0.0593566894531
77822,0.0601196289062
77823,0.0618896484375
77824,0.0614013671875
77825,0.0604553222656
77826,0.0615539550781
77827,0.0615844726562
77828,0.0620727539062
77829,0.056884765625
77830,0.0591125488281
77831,0.0578308105469
77832,0.0568237304688
77833,0.0558776855469
77834,0.06298828125
77835,0.0636596679688
77836,0.0641479492188
77837,0.0640258789062
77838,0.0617370605469
77839,0.0623474121094
77840,0.0591735839844
77841,0.0596618652344
77842,0.0609436035156
77843,0.0596618652344
77844,0.0600280761719
77845,0.06005859375
77846,0.0599670410156
77847,0.0594787597656
77848,0.0577697753906
77849,0.0589294433594
77850,0.0588684082031
77851,0.0634765625
77852,0.0604858398438
77853,0.0622253417969
77854,0.0605773925781
77855,0.0598754882812
77856,0.060546875
77857,0.060791015625
77858,0.063720703125
77859,0.0599670410156
77860,0.0610961914062
77861,0.0621948242188
77862,0.0625
77863,0.0626220703125
77864,0.0617370605469
77865,0.0637817382812
77866,0.0636596679688
77867,0.0591430664062
77868,0.0589904785156
77869,0.060546875
77870,0.0616455078125
77871,0.0605773925781
77872,0.0589904785156
77873,0.0592956542969
77874,0.0589904785156
77875,0.0588989257812
77876,0.0587768554688
77877,0.0571899414062
77878,0.0586547851562
77879,0.0576477050781
77880,0.0596923828125
77881,0.0594177246094
77882,0.0579528808594
77883,0.0591125488281
77884,0.0589599609375
77885,0.0570983886719
77886,0.0613403320312
77887,0.0619812011719
77888,0.0606384277344
77889,0.0621032714844
77890,0.0619201660156
77891,0.0615539550781
77892,0.0615234375
77893,0.0621032714844
77894,0.0581665039062
77895,0.060546875
77896,0.0656127929688
77897,0.063232421875
77898,0.0582580566406
77899,0.0621337890625
77900,0.0632934570312
77901,0.0622863769531
77902,0.0643920898438
77903,0.0597534179688
77904,0.0582885742188
77905,0.0586242675781
77906,0.0581359863281
77907,0.0604553222656
77908,0.0585632324219
77909,0.0587463378906
77910,0.0576782226562
77911,0.0597839355469
77912,0.058837890625
77913,0.0584106445312
77914,0.0589904785156
77915,0.059326171875
77916,0.0591125488281
77917,0.0571899414062
77918,0.0585327148438
77919,0.0596313476562
77920,0.0586547851562
77921,0.0611267089844
77922,0.0602111816406
77923,0.0592346191406
77924,0.0580444335938
77925,0.0573425292969
77926,0.0588684082031
77927,0.0595092773438
77928,0.061767578125
77929,0.0586853027344
77930,0.0609436035156
77931,0.0608825683594
77932,0.0619506835938
77933,0.0624694824219
77934,0.0593872070312
77935,0.0589904785156
77936,0.0592956542969
77937,0.0601501464844
77938,0.0585632324219
77939,0.0612487792969
77940,0.0588684082031
77941,0.0581970214844
77942,0.0564880371094
77943,0.0586853027344
77944,0.0569458007812
77945,0.0577087402344
77946,0.0584106445312
77947,0.0545654296875
77948,0.0559387207031
77949,0.0574340820312
77950,0.0577697753906
77951,0.0555114746094
77952,0.0551452636719
77953,0.0541687011719
77954,0.0558471679688
77955,0.0570373535156
77956,0.05224609375
77957,0.052001953125
77958,0.0550842285156
77959,0.0548400878906
77960,0.0534057617188
77961,0.0525512695312
77962,0.052978515625
77963,0.0498657226562
77964,0.0492553710938
77965,0.0509033203125
77966,0.0494995117188
77967,0.0503845214844
77968,0.0486755371094
77969,0.0521240234375
77970,0.0505676269531
77971,0.0515747070312
77972,0.048828125
77973,0.050048828125
77974,0.0496520996094
77975,0.0514221191406
77976,0.0503540039062
77977,0.0488586425781
77978,0.0507507324219
77979,0.0515441894531
77980,0.0506896972656
77981,0.0513000488281
77982,0.052001953125
77983,0.0524597167969
77984,0.0509643554688
77985,0.05224609375
77986,0.0529174804688
77987,0.0530395507812
77988,0.0541381835938
77989,0.0539855957031
77990,0.0517883300781
77991,0.0531005859375
77992,0.0498352050781
77993,0.0497436523438
77994,0.0486145019531
77995,0.0473937988281
77996,0.0471801757812
77997,0.0462036132812
77998,0.0471801757812
77999,0.0492553710938
78000,0.0479736328125
78001,0.0518798828125
78002,0.0512084960938
78003,0.0496826171875
78004,0.0503845214844
78005,0.0517272949219
78006,0.0514221191406
78007,0.0504455566406
78008,0.0496826171875
78009,0.0516052246094
78010,0.0516662597656
78011,0.0492858886719
78012,0.0498657226562
78013,0.0509948730469
78014,0.0506591796875
78015,0.0467224121094
78016,0.0475769042969
78017,0.0475769042969
78018,0.0487976074219
78019,0.0480041503906
78020,0.0473022460938
78021,0.0469360351562
78022,0.0455627441406
78023,0.0489501953125
78024,0.0484619140625
78025,0.0468444824219
78026,0.0449523925781
78027,0.0452575683594
78028,0.0464782714844
78029,0.047119140625
78030,0.0470581054688
78031,0.0468139648438
78032,0.0487365722656
78033,0.0487365722656
78034,0.0530090332031
78035,0.0476379394531
78036,0.0481567382812
78037,0.0470275878906
78038,0.0479125976562
78039,0.0496826171875
78040,0.051513671875
78041,0.0511474609375
78042,0.0483703613281
78043,0.0517272949219
78044,0.05224609375
78045,0.053466796875
78046,0.0521850585938
78047,0.051025390625
78048,0.0515441894531
78049,0.0548706054688
78050,0.0542297363281
78051,0.0526123046875
78052,0.0523376464844
78053,0.0538940429688
78054,0.0552062988281
78055,0.0553894042969
78056,0.0536499023438
78057,0.0538635253906
78058,0.0499572753906
78059,0.0491027832031
78060,0.05029296875
78061,0.0514221191406
78062,0.0503234863281
78063,0.0491027832031
78064,0.0495300292969
78065,0.058837890625
78066,0.0589904785156
78067,0.0588989257812
78068,0.0579833984375
78069,0.0559692382812
78070,0.0535278320312
78071,0.0531921386719
78072,0.0557250976562
78073,0.0576171875
78074,0.0565185546875
78075,0.0554504394531
78076,0.0585021972656
78077,0.0572204589844
78078,0.0576782226562
78079,0.057861328125
78080,0.0624694824219
78081,0.0602722167969
78082,0.0623779296875
78083,0.0628051757812
78084,0.0614013671875
78085,0.0628051757812
78086,0.0620422363281
78087,0.0611877441406
78088,0.0625610351562
78089,0.063720703125
78090,0.0645141601562
78091,0.08056640625
78092,0.0816650390625
78093,0.08349609375
78094,0.0730590820312
78095,0.0746459960938
78096,0.0789184570312
78097,0.0764770507812
78098,0.07666015625
78099,0.0764770507812
78100,0.0783081054688
78101,0.0902099609375
78102,0.0884399414062
78103,0.0892944335938
78104,0.0872802734375
78105,0.0885620117188
78106,0.0880737304688
78107,0.0894165039062
78108,0.0872192382812
78109,0.088134765625
78110,0.0776977539062
78111,0.0740966796875
78112,0.0728759765625
78113,0.072021484375
78114,0.0903930664062
78115,0.0966796875
78116,0.09765625
78117,0.100463867188
78118,0.0999145507812
78119,0.0916137695312
78120,0.0878295898438
78121,0.087158203125
78122,0.0878295898438
78123,0.087158203125
78124,0.0911254882812
78125,0.0875244140625
78126,0.0885620117188
78127,0.0875854492188
78128,0.0839233398438
78129,0.0834350585938
78130,0.0880737304688
78131,0.0849609375
78132,0.0879516601562
78133,0.0880737304688
78134,0.0892944335938
78135,0.0880126953125
78136,0.08935546875
78137,0.0890502929688
78138,0.0883178710938
78139,0.088134765625
78140,0.0891723632812
78141,0.0880126953125
78142,0.0881958007812
78143,0.089111328125
78144,0.0886840820312
78145,0.0859375
78146,0.0894775390625
78147,0.0890502929688
78148,0.08837890625
78149,0.0883178710938
78150,0.0883178710938
78151,0.0862426757812
78152,0.0860595703125
78153,0.086669921875
78154,0.0869750976562
78155,0.0921630859375
78156,0.0948486328125
78157,0.0939331054688
78158,0.0947875976562
78159,0.0966186523438
78160,0.0858764648438
78161,0.0866088867188
78162,0.0881958007812
78163,0.0936889648438
78164,0.0945434570312
78165,0.0941772460938
78166,0.0904541015625
78167,0.0902709960938
78168,0.0908813476562
78169,0.0907592773438
78170,0.09130859375
78171,0.092529296875
78172,0.093017578125
78173,0.0918579101562
78174,0.0940551757812
78175,0.0934448242188
78176,0.0947875976562
78177,0.093994140625
78178,0.09521484375
78179,0.0933227539062
78180,0.0936279296875
78181,0.0941162109375
78182,0.0916137695312
78183,0.0900268554688
78184,0.0921630859375
78185,0.0943603515625
78186,0.0929565429688
78187,0.0927124023438
78188,0.09521484375
78189,0.0930786132812
78190,0.0926513671875
78191,0.0955200195312
78192,0.0936279296875
78193,0.0938720703125
78194,0.0906982421875
78195,0.09130859375
78196,0.0930786132812
78197,0.08984375
78198,0.0922241210938
78199,0.0924072265625
78200,0.09033203125
78201,0.0926513671875
78202,0.095947265625
