4,0.0
5,0.0
6,0.0
7,0.0
8,0.0
9,0.0
10,0.0
11,0.0
12,0.0
13,0.0
14,0.0
15,0.0
16,0.0
17,0.0
18,0.0
19,0.0
20,0.0
21,0.0
22,0.0
23,0.0
24,0.0
25,0.0
26,0.0
27,0.0
28,0.0
29,0.0
30,0.0
31,0.0
32,0.0
33,0.0
34,0.0
35,0.0
36,0.0
37,0.0
38,0.0
39,0.0
40,0.0
41,0.0
42,0.0
43,0.0
44,0.0
45,0.0
46,0.0
47,0.0
48,0.0
49,0.0
50,0.0
51,0.0
52,0.0
53,0.0
54,0.0
55,0.0
56,0.0
57,0.0
58,0.0
59,0.0
60,0.0
61,0.0
62,0.0
63,0.0
64,0.0
65,0.0
66,0.0
67,0.0
68,0.0
69,0.0
70,0.0
71,0.0
72,0.0
73,0.0
74,0.0
75,0.0
76,0.0
77,0.0
78,0.0
79,0.0
80,0.0
81,0.0
82,0.0
83,0.0
84,0.0
85,0.0
86,0.0
87,0.0
88,0.0
89,0.0
90,0.0
91,0.0
92,0.0
93,0.0
94,0.0
95,0.0
96,0.0
97,0.0
98,0.0
99,0.0
100,0.0
101,0.0
102,0.0
103,0.0
104,0.0
105,0.0
106,0.0
107,0.0
108,0.0
109,0.0
110,0.0
111,0.0
112,0.0
113,0.0
114,0.0
115,0.0
116,0.0
117,0.0
118,0.0
119,0.0
120,0.0
121,0.0
122,0.0
123,0.0
124,0.0
125,0.0
126,0.0
127,0.0
128,0.0
129,0.0
130,0.0
131,0.0
132,0.0
133,0.0
134,0.0
135,0.0
136,0.0
137,0.0
138,0.0
139,0.0
140,0.0
141,0.0
142,0.0
143,0.0
144,0.0
145,0.0
146,0.0
147,0.0
148,0.0
149,0.0
150,0.0
151,0.0
152,0.0
153,0.0
154,0.0
155,0.0
156,0.0
157,0.0
158,0.0
159,0.0
160,0.0
161,0.0
162,0.0
163,0.0
164,0.0
165,0.0
166,0.0
167,0.0
168,0.0
169,0.0
170,0.0
171,0.0
172,0.0
173,0.0
174,0.0
175,0.0
176,0.0
177,0.0
178,0.0
179,0.0
180,0.0
181,0.0
182,0.0
183,0.0
184,0.0
185,0.0
186,0.0
187,0.0
188,0.0
189,0.0
190,0.0
191,0.0
192,0.0
193,0.0
194,0.0
195,0.0
196,0.0
197,0.0
198,0.0
199,0.0
200,0.0
201,0.0
202,0.0
203,0.0
204,0.0
205,0.0
206,0.0
207,0.0
208,0.0
209,0.0
210,0.0
211,0.0
212,0.0
213,0.0
214,0.0
215,0.0
216,0.0
217,0.0
218,0.0
219,0.0
220,0.0
221,0.0
222,0.0
223,0.0
224,0.0
225,0.0
226,0.0
227,0.0
228,0.0
229,0.0
230,0.0
231,0.0
232,0.0
233,0.0
234,0.0
235,0.0
236,0.0
237,0.0
238,0.0
239,0.0
240,0.0
241,0.0
242,0.0
243,0.0
244,0.0
245,0.0
246,0.0
247,0.0
248,0.0
249,0.0
250,0.0
251,0.0
252,0.0
253,0.0
254,0.0
255,0.0
256,0.0
257,0.0
258,0.0
259,0.0
260,0.0
261,0.0
262,0.0
263,0.0
264,0.0
265,0.0
266,0.0
267,0.0
268,0.0
269,0.0
270,0.0
271,0.0
272,0.0
273,0.0
274,0.0
275,0.0
276,0.0
277,0.0
278,0.0
279,0.0
280,0.0
281,0.0
282,0.0
283,0.0
284,0.0
285,0.0
286,0.0
287,0.0
288,0.0
289,0.0
290,0.0
291,0.0
292,0.0
293,0.0
294,0.0
295,0.0
296,0.0
297,0.0
298,0.0
299,0.0
300,0.0
301,0.0
302,0.0
303,0.0
304,0.0
305,0.0
306,0.0
307,0.0
308,0.0
309,0.0
310,0.0
311,0.0
312,0.0
313,0.0
314,0.0
315,0.0
316,0.0
317,0.0
318,0.0
319,0.0
320,0.0
321,0.0
322,0.0
323,0.0
324,0.0
325,0.0
326,0.0
327,0.0
328,0.0
329,0.0
330,0.0
331,0.0
332,0.0
333,0.0
334,0.0
335,0.0
336,0.0
337,0.0
338,0.0
339,0.0
340,0.0
341,0.0
342,0.0
343,0.0
344,0.0
345,0.0
346,0.0
347,0.0
348,0.0
349,0.0
350,0.0
351,0.0
352,0.0
353,0.0
354,0.0
355,0.0
356,0.0
357,0.0
358,0.0
359,0.0
360,0.0
361,0.0
362,0.0
363,0.0
364,0.0
365,0.0
366,0.0
367,0.0
368,0.0
369,0.0
370,0.0
371,0.0
372,0.0
373,0.0
374,0.0
375,0.0
376,0.0
377,0.0
378,0.0
379,0.0
380,0.0
381,0.0
382,0.0
383,0.0
384,0.0
385,0.0
386,0.0
387,0.0
388,0.0
389,0.0
390,0.0
391,0.0
392,0.0
393,0.0
394,0.0
395,0.0
396,0.0
397,0.0
398,0.0
399,0.0
400,0.0
401,0.0
402,0.0
403,0.0
404,0.0
405,0.0
406,0.0
407,0.0
408,0.0
409,0.0
410,0.0
411,0.0
412,0.0
413,0.0
414,0.0
415,0.0
416,0.0
417,0.0
418,0.0
419,0.0
420,0.0
421,0.0
422,0.0
423,0.0
424,0.0
425,0.0
426,0.0
427,0.0
428,0.0
429,0.0
430,0.0
431,0.0
432,0.0
433,0.0
434,0.0
435,0.0
436,0.0
437,0.0
438,0.0
439,0.0
440,0.0
441,0.0
442,0.0
443,0.0
444,0.0
445,0.0
446,0.0
447,0.0
448,0.0
449,0.0
450,0.0
451,0.0
452,0.0
453,0.0
454,0.0
455,0.0
456,0.0
457,0.0
458,0.0
459,0.0
460,0.0
461,0.0
462,0.0
463,0.0
464,0.0
465,0.0
466,0.0
467,0.0
468,0.0
469,0.0
470,0.0
471,0.0
472,0.0
473,0.0
474,0.0
475,0.0
476,0.0
477,0.0
478,0.0
479,0.0
480,0.0
481,0.0
482,0.0
483,0.0
484,0.0
485,0.0
486,0.0
487,0.0
488,0.0
489,0.0
490,0.0
491,0.0
492,0.0
493,0.0
494,0.0
495,0.0
496,0.0
497,0.0
498,0.0
499,0.0
500,0.0
501,0.0
502,0.0
503,0.0
504,0.0
505,0.0
506,0.0
507,0.0
508,0.0
509,0.0
510,0.0
511,0.0
512,0.0
513,0.0
514,0.0
515,0.0
516,0.0
517,0.0
518,0.0
519,0.0
520,0.0
521,0.0
522,0.0
523,0.0
524,0.0
525,0.0
526,0.0
527,0.0
528,0.0
529,0.0
530,0.0
531,0.0
532,0.0
533,0.0
534,0.0
535,0.0
536,0.0
537,0.0
538,0.0
539,0.0
540,0.0
541,0.0
542,0.0
543,0.0
544,0.0
545,0.0
546,0.0
547,0.0
548,0.0
549,0.0
550,0.0
551,0.0
552,0.0
553,0.0
554,0.0
555,0.0
556,0.0
557,0.0
558,0.0
559,0.0
560,0.0
561,0.0
562,0.0
563,0.0
564,0.0
565,0.0
566,0.0
567,0.0
568,0.0
569,0.0
570,0.0
571,0.0
572,0.0
573,0.0
574,0.0
575,0.0
576,0.0
577,0.0
578,0.0
579,0.0
580,0.0
581,0.0
582,0.0
583,0.0
584,0.0
585,0.0
586,0.0
587,0.0
588,0.0
589,0.0
590,0.0
591,0.0
592,0.0
593,0.0
594,0.0
595,0.0
596,0.0
597,0.0
598,0.0
599,0.0
600,0.0
601,0.0
602,0.0
603,0.0
604,0.0
605,0.0
606,0.0
607,0.0
608,0.0
609,0.0
610,0.0
611,0.0
612,0.0
613,0.0
614,0.0
615,0.0
616,0.0
617,0.0
618,0.0
619,0.0
620,0.0
621,0.0
622,0.0
623,0.0
624,0.0
625,0.0
626,0.0
627,0.0
628,0.0
629,0.0
630,0.0
631,0.0
632,0.0
633,0.0
634,0.0
635,0.0
636,0.0
637,0.0
638,0.0
639,0.0
640,0.0
641,0.0
642,0.0
643,0.0
644,0.0
645,0.0
646,0.0
647,0.0
648,0.0
649,0.0
650,0.0
651,0.0
652,0.0
653,0.0
654,0.0
655,0.0
656,0.0
657,0.0
658,0.0
659,0.0
660,0.0
661,0.0
662,0.0
663,0.0
664,0.0
665,0.0
666,0.0
667,0.0
668,0.0
669,0.0
670,0.0
671,0.0
672,0.0
673,0.0
674,0.0
675,0.0
676,0.0
677,0.0
678,0.0
679,0.0
680,0.0
681,0.0
682,0.0
683,0.0
684,0.0
685,0.0
686,0.0
687,0.0
688,0.0
689,0.0
690,0.0
691,0.0
692,0.0
693,0.0
694,0.0
695,0.0
696,0.0
697,0.0
698,0.0
699,0.0
700,0.0
701,0.0
702,0.0
703,0.0
704,0.0
705,0.0
706,0.0
707,0.0
708,0.0
709,0.0
710,0.0
711,0.0
712,0.0
713,0.0
714,0.0
715,0.0
716,0.0
717,0.0
718,0.0
719,0.0
720,0.0
721,0.0
722,0.0
723,0.0
724,0.0
725,0.0
726,0.0
727,0.0
728,0.0
729,0.0
730,0.0
731,0.0
732,0.0
733,0.0
734,0.0
735,0.0
736,0.0
737,0.0
738,0.0
739,0.0
740,0.0
741,0.0
742,0.0
743,0.0
744,0.0
745,0.0
746,0.0
747,0.0
748,0.0
749,0.0
750,0.0
751,0.0
752,0.0
753,0.0
754,0.0
755,0.0
756,0.0
757,0.0
758,0.0
759,0.0
760,0.0
761,0.0
762,0.0
763,0.0
764,0.0
765,0.0
766,0.0
767,0.0
768,0.0
769,0.0
770,0.0
771,0.0
772,0.0
773,0.0
774,0.0
775,0.0
776,0.0
777,0.0
778,0.0
779,0.0
780,0.0
781,0.0
782,0.0
783,0.0
784,0.0
786,0.0
787,0.00278854370117
788,0.0042839050293
789,0.00687408447266
790,0.0104522705078
791,0.0114822387695
792,0.0120620727539
793,0.0124740600586
794,0.0149917602539
795,0.0149917602539
796,0.0157470703125
797,0.0149993896484
798,0.0148849487305
799,0.0170440673828
800,0.0173492431641
801,0.0177001953125
802,0.0186157226562
803,0.0183258056641
804,0.0183563232422
805,0.0180511474609
806,0.0164947509766
807,0.0170745849609
808,0.0174865722656
809,0.0201263427734
810,0.0216674804688
811,0.0186462402344
812,0.0192565917969
813,0.0187835693359
814,0.0200347900391
815,0.0186157226562
816,0.0188903808594
817,0.0222930908203
818,0.0219268798828
819,0.0223846435547
820,0.0231475830078
821,0.0244903564453
822,0.0265808105469
823,0.0253448486328
824,0.0273284912109
825,0.0221710205078
826,0.0242156982422
827,0.019775390625
828,0.0203552246094
829,0.0218048095703
830,0.0234527587891
831,0.0227813720703
832,0.0207977294922
833,0.0213470458984
834,0.0218811035156
835,0.0218658447266
836,0.0221405029297
837,0.0219879150391
838,0.0237731933594
839,0.0225067138672
840,0.0214538574219
841,0.0218353271484
842,0.0229339599609
843,0.0224304199219
844,0.0243225097656
845,0.0237731933594
846,0.0196990966797
847,0.0201416015625
848,0.0206756591797
849,0.0202331542969
850,0.0219421386719
851,0.0204315185547
852,0.0192413330078
853,0.0209503173828
854,0.0208892822266
855,0.0215911865234
856,0.0218200683594
857,0.0217895507812
858,0.02197265625
859,0.0225524902344
860,0.0236968994141
861,0.0232849121094
862,0.0241088867188
863,0.0245666503906
864,0.0266265869141
865,0.0250854492188
866,0.0278167724609
867,0.0267791748047
868,0.0251617431641
869,0.0269317626953
870,0.025634765625
871,0.0257110595703
872,0.0244750976562
873,0.0224761962891
874,0.0239868164062
875,0.0243225097656
876,0.0237884521484
877,0.0243225097656
878,0.0241394042969
879,0.024658203125
880,0.0269012451172
881,0.0241241455078
882,0.0249786376953
883,0.0262298583984
884,0.02294921875
885,0.0232391357422
886,0.0240936279297
887,0.0240173339844
888,0.0243988037109
889,0.0249633789062
890,0.0252380371094
891,0.0268402099609
892,0.0248718261719
893,0.024658203125
894,0.0248718261719
895,0.0236663818359
896,0.0240783691406
897,0.0243072509766
898,0.02392578125
899,0.0255889892578
900,0.0283813476562
901,0.0295715332031
902,0.0248107910156
903,0.0261077880859
904,0.0252380371094
905,0.0273132324219
906,0.0261535644531
907,0.0272216796875
908,0.0255126953125
909,0.0257568359375
910,0.0259094238281
911,0.0275268554688
912,0.0258331298828
913,0.0274353027344
914,0.0280151367188
915,0.0281524658203
916,0.0293121337891
917,0.0283660888672
918,0.0261840820312
919,0.0261840820312
920,0.0248718261719
921,0.0260314941406
922,0.0256805419922
923,0.0268249511719
924,0.0289459228516
925,0.0294799804688
926,0.0276794433594
927,0.0287780761719
928,0.0302429199219
929,0.0289916992188
930,0.0281982421875
931,0.02734375
932,0.0274810791016
933,0.0287780761719
934,0.0275726318359
935,0.0264739990234
936,0.0264129638672
937,0.0261688232422
938,0.0254211425781
939,0.0242462158203
940,0.0255737304688
941,0.0245208740234
942,0.0258178710938
943,0.0253295898438
944,0.0246124267578
945,0.0250091552734
946,0.025634765625
947,0.0237884521484
948,0.0238952636719
949,0.0246887207031
950,0.0244750976562
951,0.0263977050781
952,0.0269165039062
953,0.0277099609375
954,0.0254669189453
955,0.0244445800781
956,0.0248260498047
957,0.0276794433594
958,0.0272979736328
959,0.0248718261719
960,0.0247497558594
961,0.0258178710938
962,0.0267333984375
963,0.0270080566406
964,0.0276641845703
965,0.0279541015625
966,0.0278015136719
967,0.0263214111328
968,0.0268402099609
969,0.0267791748047
970,0.0254669189453
971,0.0242309570312
972,0.0248565673828
973,0.0237274169922
974,0.0239868164062
975,0.0243682861328
976,0.0244445800781
977,0.0252227783203
978,0.0244750976562
979,0.0252227783203
980,0.0260009765625
981,0.0244293212891
982,0.0237274169922
983,0.0257720947266
984,0.0253143310547
985,0.0238189697266
986,0.0253295898438
987,0.0237121582031
988,0.0256652832031
989,0.0263061523438
990,0.0245208740234
991,0.0247039794922
992,0.0251159667969
993,0.0260314941406
994,0.0258636474609
995,0.0274505615234
996,0.0296173095703
997,0.0272827148438
998,0.0242919921875
999,0.0253295898438
1000,0.0266876220703
1001,0.0267181396484
1002,0.0250854492188
1003,0.0261535644531
1004,0.0251922607422
1005,0.0244903564453
1006,0.0238647460938
1007,0.0258178710938
1008,0.0265197753906
1009,0.0256652832031
1010,0.0246276855469
1011,0.0254364013672
1012,0.0265197753906
1013,0.0285339355469
1014,0.0264129638672
1015,0.0291595458984
1016,0.0276489257812
1017,0.0296783447266
1018,0.0303344726562
1019,0.0274200439453
1020,0.0274810791016
1021,0.0271759033203
1022,0.0283966064453
1023,0.0283660888672
1024,0.02734375
1025,0.0267944335938
1026,0.0271911621094
1027,0.0263977050781
1028,0.0253295898438
1029,0.025146484375
1030,0.0243225097656
1031,0.0258941650391
1032,0.0256652832031
1033,0.0281829833984
1034,0.0275573730469
1035,0.0301513671875
1036,0.0292816162109
1037,0.0296630859375
1038,0.0263977050781
1039,0.0244140625
1040,0.0234985351562
1041,0.0240783691406
1042,0.0264739990234
1043,0.0286407470703
1044,0.0280914306641
1045,0.0276031494141
1046,0.0287628173828
1047,0.0260620117188
1048,0.0267181396484
1049,0.0260925292969
1050,0.0263519287109
1051,0.0285339355469
1052,0.02880859375
1053,0.0267486572266
1054,0.0267486572266
1055,0.0250549316406
1056,0.0259552001953
1057,0.0256652832031
1058,0.0253143310547
1059,0.0256500244141
1060,0.0276947021484
1061,0.0298919677734
1062,0.0279846191406
1063,0.0288238525391
1064,0.0283813476562
1065,0.0279693603516
1066,0.0295715332031
1067,0.0287322998047
1068,0.0282135009766
1069,0.0285186767578
1070,0.0303192138672
1071,0.0272674560547
1072,0.0284118652344
1073,0.0287475585938
1074,0.0283355712891
1075,0.0296325683594
1076,0.0251007080078
1077,0.0247497558594
1078,0.0240173339844
1079,0.0246429443359
1080,0.0250396728516
1081,0.0256042480469
1082,0.0245208740234
1083,0.0239715576172
1084,0.0253753662109
1085,0.0237274169922
1086,0.0258178710938
1087,0.0235137939453
1088,0.0237884521484
1089,0.0248870849609
1090,0.0236968994141
1091,0.0252075195312
1092,0.0253143310547
1093,0.0240631103516
1094,0.0236053466797
1095,0.0240783691406
1096,0.0251007080078
1097,0.0269775390625
1098,0.0278625488281
1099,0.0257110595703
1100,0.0276336669922
1101,0.0268859863281
1102,0.0280914306641
1103,0.0269622802734
1104,0.0291900634766
1105,0.0279846191406
1106,0.0283508300781
1107,0.0281677246094
1108,0.0301055908203
1109,0.0277557373047
1110,0.0259094238281
1111,0.0284271240234
1112,0.0296020507812
1113,0.028564453125
1114,0.0274658203125
1115,0.0258483886719
1116,0.0248107910156
1117,0.0239105224609
1118,0.0234680175781
1119,0.0234985351562
1120,0.0244598388672
1121,0.0243988037109
1122,0.0257873535156
1123,0.0267333984375
1124,0.0260162353516
1125,0.0272216796875
1126,0.0277252197266
1127,0.0263977050781
1128,0.0254821777344
1129,0.0281524658203
1130,0.0289764404297
1131,0.0283050537109
1132,0.0258331298828
1133,0.0281677246094
1134,0.0295257568359
1135,0.0288848876953
1136,0.0276641845703
1137,0.0280609130859
1138,0.0269927978516
1139,0.0254974365234
1140,0.0262603759766
1141,0.0277252197266
1142,0.0304718017578
1143,0.0305023193359
1144,0.0310516357422
1145,0.0281372070312
1146,0.0272064208984
1147,0.0282745361328
1148,0.0283203125
1149,0.0264434814453
1150,0.0260925292969
1151,0.0264892578125
1152,0.0267181396484
1153,0.0251159667969
1154,0.0257415771484
1155,0.0255584716797
1156,0.0247039794922
1157,0.0260467529297
1158,0.0263671875
1159,0.0254974365234
1160,0.0263824462891
1161,0.0248107910156
1162,0.0256042480469
1163,0.0256805419922
1164,0.0259246826172
1165,0.0253143310547
1166,0.0254211425781
1167,0.0256195068359
1168,0.0255737304688
1169,0.0252838134766
1170,0.0260162353516
1171,0.0255737304688
1172,0.0264892578125
1173,0.0259246826172
1174,0.0267486572266
1175,0.0277862548828
1176,0.0294036865234
1177,0.0282440185547
1178,0.0268249511719
1179,0.0283813476562
1180,0.0286102294922
1181,0.0282592773438
1182,0.0269165039062
1183,0.0238647460938
1184,0.0261688232422
1185,0.0260314941406
1186,0.0280303955078
1187,0.0265045166016
1188,0.0268249511719
1189,0.0273742675781
1190,0.0291442871094
1191,0.0292205810547
1192,0.0294799804688
1193,0.0287170410156
1194,0.0281066894531
1195,0.0271453857422
1196,0.0260925292969
1197,0.0269470214844
1198,0.0269470214844
1199,0.0268096923828
1200,0.0253143310547
1201,0.0271759033203
1202,0.0263061523438
1203,0.0267028808594
1204,0.02783203125
1205,0.0268707275391
1206,0.0262756347656
1207,0.0253601074219
1208,0.0264587402344
1209,0.0272674560547
1210,0.0295104980469
1211,0.0286560058594
1212,0.0279846191406
1213,0.0275115966797
1214,0.0280914306641
1215,0.0275268554688
1216,0.0289001464844
1217,0.0276336669922
1218,0.0274200439453
1219,0.0290222167969
1220,0.0301971435547
1221,0.02880859375
1222,0.0307006835938
1223,0.0318603515625
1224,0.0318298339844
1225,0.0282592773438
1226,0.0260620117188
1227,0.0253601074219
1228,0.0238800048828
1229,0.0252532958984
1230,0.0269012451172
1231,0.0262145996094
1232,0.0271301269531
1233,0.0268707275391
1234,0.0267181396484
1235,0.0257568359375
1236,0.0252990722656
1237,0.0252380371094
1238,0.0263214111328
1239,0.0276184082031
1240,0.0291137695312
1241,0.02783203125
1242,0.0277557373047
1243,0.0289306640625
1244,0.0283050537109
1245,0.0302886962891
1246,0.0263824462891
1247,0.0273284912109
1248,0.0284118652344
1249,0.0292205810547
1250,0.0285034179688
1251,0.0295715332031
1252,0.02734375
1253,0.028564453125
1254,0.0267333984375
1255,0.0274963378906
1256,0.0288543701172
1257,0.0272827148438
1258,0.0269622802734
1259,0.0285949707031
1260,0.0282287597656
1261,0.0298309326172
1262,0.0279693603516
1263,0.0288696289062
1264,0.0288696289062
1265,0.0295562744141
1266,0.0295104980469
1267,0.0260620117188
1268,0.0268859863281
1269,0.0273742675781
1270,0.0272216796875
1271,0.0268402099609
1272,0.0257873535156
1273,0.0242614746094
1274,0.0260925292969
1275,0.0266723632812
1276,0.0258178710938
1277,0.0254364013672
1278,0.0255737304688
1279,0.0257415771484
1280,0.0264739990234
1281,0.0265655517578
1282,0.0267333984375
1283,0.0262908935547
1284,0.0279083251953
1285,0.0267639160156
1286,0.0265808105469
1287,0.0262298583984
1288,0.0260009765625
1289,0.0264892578125
1290,0.0251007080078
1291,0.0253295898438
1292,0.0270843505859
1293,0.0262145996094
1294,0.0273132324219
1295,0.0290832519531
1296,0.0281829833984
1297,0.0271148681641
1298,0.0269012451172
1299,0.0273590087891
1300,0.0276489257812
1301,0.0269927978516
1302,0.0282135009766
1303,0.0288848876953
1304,0.027587890625
1305,0.0273590087891
1306,0.0290679931641
1307,0.0289764404297
1308,0.0279541015625
1309,0.0278625488281
1310,0.0278015136719
1311,0.0271606445312
1312,0.0288848876953
1313,0.0263366699219
1314,0.0277099609375
1315,0.0272521972656
1316,0.027099609375
1317,0.0266876220703
1318,0.0252990722656
1319,0.0267639160156
1320,0.0279235839844
1321,0.0284271240234
1322,0.0256958007812
1323,0.0259857177734
1324,0.0269470214844
1325,0.0269622802734
1326,0.0286407470703
1327,0.0292663574219
1328,0.0285034179688
1329,0.0284118652344
1330,0.0283813476562
1331,0.0286254882812
1332,0.0263061523438
1333,0.0246887207031
1334,0.0259399414062
1335,0.0261077880859
1336,0.0265045166016
1337,0.0268249511719
1338,0.0264892578125
1339,0.0262603759766
1340,0.0251770019531
1341,0.0255432128906
1342,0.0260925292969
1343,0.0265197753906
1344,0.0268859863281
1345,0.0270843505859
1346,0.0253448486328
1347,0.0249786376953
1348,0.0236053466797
1349,0.0219879150391
1350,0.0233001708984
1351,0.025390625
1352,0.0263671875
1353,0.0264282226562
1354,0.0283660888672
1355,0.0277557373047
1356,0.0266571044922
1357,0.025634765625
1358,0.0268096923828
1359,0.0271301269531
1360,0.0263061523438
1361,0.0255737304688
1362,0.0243377685547
1363,0.0241546630859
1364,0.0263061523438
1365,0.0257110595703
1366,0.0262756347656
1367,0.02685546875
1368,0.0255432128906
1369,0.0262756347656
1370,0.0275268554688
1371,0.0279541015625
1372,0.0273284912109
1373,0.0264434814453
1374,0.0265197753906
1375,0.0265197753906
1376,0.0252075195312
1377,0.0250854492188
1378,0.0274200439453
1379,0.02783203125
1380,0.0265502929688
1381,0.0266723632812
1382,0.0260620117188
1383,0.0261688232422
1384,0.0270843505859
1385,0.0248870849609
1386,0.0284729003906
1387,0.0314636230469
1388,0.032958984375
1389,0.0289916992188
1390,0.0277709960938
1391,0.0282592773438
1392,0.0275268554688
1393,0.0300445556641
1394,0.029052734375
1395,0.0273590087891
1396,0.0271148681641
1397,0.0258026123047
1398,0.0254974365234
1399,0.0283203125
1400,0.0255889892578
1401,0.0266571044922
1402,0.0282897949219
1403,0.0291900634766
1404,0.0287017822266
1405,0.0279693603516
1406,0.0277709960938
1407,0.0266418457031
1408,0.0267333984375
1409,0.0279998779297
1410,0.0286407470703
1411,0.0290985107422
1412,0.0286865234375
1413,0.0286712646484
1414,0.0265045166016
1415,0.0280456542969
1416,0.0255584716797
1417,0.0252838134766
1418,0.026123046875
1419,0.0261077880859
1420,0.0255279541016
1421,0.0256652832031
1422,0.0251159667969
1423,0.0235443115234
1424,0.0250854492188
1425,0.0241851806641
1426,0.0239715576172
1427,0.0259094238281
1428,0.0267639160156
1429,0.0260314941406
1430,0.0264282226562
1431,0.0265045166016
1432,0.0267181396484
1433,0.0269165039062
1434,0.0257873535156
1435,0.028076171875
1436,0.0269165039062
1437,0.0272216796875
1438,0.0264587402344
1439,0.0276947021484
1440,0.0275421142578
1441,0.0264739990234
1442,0.0264739990234
1443,0.0269622802734
1444,0.0264282226562
1445,0.0280456542969
1446,0.0287322998047
1447,0.0281066894531
1448,0.0274963378906
1449,0.0263214111328
1450,0.0272369384766
1451,0.0264129638672
1452,0.0257873535156
1453,0.0282135009766
1454,0.02783203125
1455,0.0263671875
1456,0.0269470214844
1457,0.0294189453125
1458,0.0287475585938
1459,0.0272674560547
1460,0.0276336669922
1461,0.0279541015625
1462,0.0281372070312
1463,0.0284271240234
1464,0.0286407470703
1465,0.0287780761719
1466,0.0275421142578
1467,0.029052734375
1468,0.0281524658203
1469,0.0273132324219
1470,0.0279083251953
1471,0.0280456542969
1472,0.0287628173828
1473,0.0289611816406
1474,0.0286712646484
1475,0.0288696289062
1476,0.0293426513672
1477,0.0285949707031
1478,0.0300903320312
1479,0.0303344726562
1480,0.0286712646484
1481,0.0290832519531
1482,0.0281524658203
1483,0.0293273925781
1484,0.0296325683594
1485,0.0297698974609
1486,0.0286712646484
1487,0.0287933349609
1488,0.0308074951172
1489,0.0295715332031
1490,0.0311126708984
1491,0.0299987792969
1492,0.0310668945312
1493,0.0333557128906
1494,0.0339965820312
1495,0.0314331054688
1496,0.0317687988281
1497,0.0321655273438
1498,0.0325012207031
1499,0.0322875976562
1500,0.0310516357422
1501,0.0321655273438
1502,0.0317687988281
1503,0.0315856933594
1504,0.0319519042969
1505,0.0302734375
1506,0.0305938720703
1507,0.0315246582031
1508,0.0329284667969
1509,0.0320434570312
1510,0.0317077636719
1511,0.0294494628906
1512,0.0294952392578
1513,0.0283050537109
1514,0.0286560058594
1515,0.0282592773438
1516,0.0281372070312
1517,0.0282897949219
1518,0.0300598144531
1519,0.0277404785156
1520,0.0294494628906
1521,0.0301666259766
1522,0.0294036865234
1523,0.0299377441406
1524,0.0302276611328
1525,0.0286560058594
1526,0.0287475585938
1527,0.0284118652344
1528,0.0290679931641
1529,0.0285339355469
1530,0.0293579101562
1531,0.0298156738281
1532,0.0293579101562
1533,0.0296478271484
1534,0.0277252197266
1535,0.0285186767578
1536,0.0276336669922
1537,0.0272827148438
1538,0.0277404785156
1539,0.0278472900391
1540,0.0284881591797
1541,0.0287628173828
1542,0.0290679931641
1543,0.0288238525391
1544,0.0303802490234
1545,0.0295257568359
1546,0.0300750732422
1547,0.0299224853516
1548,0.031494140625
1549,0.0313110351562
1550,0.0301513671875
1551,0.0302276611328
1552,0.0296325683594
1553,0.0269470214844
1554,0.0290832519531
1555,0.02880859375
1556,0.0280609130859
1557,0.0283508300781
1558,0.0271759033203
1559,0.0271759033203
1560,0.0284576416016
1561,0.0292205810547
1562,0.0299377441406
1563,0.0284271240234
38319,0.102355957031
38320,0.100769042969
38322,0.102172851562
38323,0.101379394531
38324,0.115234375
38325,0.11376953125
38326,0.114624023438
38327,0.113647460938
38328,0.115234375
38329,0.107299804688
38330,0.104309082031
38331,0.114562988281
38332,0.115600585938
38333,0.119323730469
38334,0.121215820312
38335,0.126831054688
38336,0.12890625
38337,0.110168457031
38338,0.104797363281
38339,0.103332519531
38340,0.108703613281
38341,0.108459472656
38342,0.104797363281
38343,0.11083984375
38344,0.12109375
38345,0.116088867188
38346,0.128784179688
38347,0.129272460938
38348,0.126586914062
38349,0.131958007812
38350,0.12744140625
38351,0.136596679688
38352,0.138427734375
38353,0.139770507812
38354,0.144775390625
38355,0.148315429688
38356,0.149291992188
38357,0.161987304688
38358,0.163818359375
38359,0.15380859375
38360,0.156494140625
38361,0.173706054688
38362,0.179443359375
38363,0.182983398438
38364,0.0947875976562
38365,0.0912475585938
38366,0.105407714844
38367,0.0797729492188
38368,0.085693359375
38369,0.0869140625
38370,0.0
38371,0.00290107727051
38372,0.00577545166016
38373,0.0102767944336
38374,0.0135116577148
38375,0.0216369628906
38376,0.0227355957031
38377,0.0401611328125
38378,0.0409851074219
38379,0.0605773925781
38380,0.0498962402344
38381,0.0608825683594
38382,0.0698852539062
38383,0.0953369140625
38384,0.0989990234375
38385,0.103332519531
38386,0.128662109375
38387,0.09814453125
38388,0.08740234375
38389,0.0892333984375
38390,0.0966186523438
38391,0.0950927734375
38392,0.0588989257812
38393,0.0521850585938
38394,0.064208984375
38395,0.0751342773438
38396,0.0721435546875
38397,0.0737915039062
38398,0.0872192382812
38399,0.0845947265625
38400,0.0771484375
38401,0.0800170898438
38402,0.0798950195312
38403,0.0824584960938
38404,0.0782470703125
38405,0.0874633789062
38406,0.0868530273438
38407,0.095947265625
38408,0.0978393554688
38409,0.103149414062
38410,0.0933227539062
38411,0.0899658203125
38412,0.080322265625
38413,0.068115234375
38414,0.0745849609375
38415,0.088623046875
38416,0.080078125
38417,0.0862426757812
38418,0.0866088867188
38419,0.068359375
38420,0.0805053710938
38421,0.0895385742188
38422,0.09814453125
38423,0.0987548828125
38424,0.095458984375
38425,0.0989990234375
38426,0.0977783203125
38427,0.095947265625
38428,0.110778808594
38429,0.111389160156
38430,0.1162109375
38431,0.127319335938
38432,0.0904541015625
38433,0.0932006835938
38434,0.0989990234375
38435,0.106872558594
38436,0.111328125
38437,0.126220703125
38438,0.124755859375
38439,0.129516601562
38440,0.116455078125
38441,0.127807617188
38442,0.0831909179688
38443,0.0982055664062
38444,0.101135253906
38445,0.106262207031
38446,0.111145019531
38447,0.103393554688
38448,0.103149414062
38449,0.110473632812
38450,0.112731933594
38451,0.12744140625
38452,0.121459960938
38453,0.1083984375
38454,0.08544921875
38455,0.114379882812
38456,0.108703613281
38457,0.113708496094
38458,0.13134765625
38459,0.110961914062
38460,0.108093261719
38461,0.103820800781
38462,0.115905761719
38463,0.115173339844
38464,0.103088378906
38465,0.105224609375
38466,0.1171875
38467,0.115966796875
38468,0.123046875
38469,0.126098632812
38470,0.126342773438
38471,0.150024414062
38472,0.140991210938
38473,0.140014648438
38474,0.143676757812
38475,0.132202148438
38476,0.123779296875
38477,0.139282226562
38478,0.0953369140625
38479,0.126586914062
38480,0.126953125
38481,0.12890625
38482,0.123046875
38483,0.126831054688
38484,0.114685058594
38485,0.122436523438
38486,0.0896606445312
38487,0.0843505859375
38488,0.0884399414062
38489,0.0869140625
38490,0.0929565429688
38491,0.0684814453125
38492,0.0689697265625
38493,0.0670776367188
38494,0.076171875
38495,0.0521240234375
38496,0.0511474609375
38497,0.0484008789062
38498,0.0579528808594
38499,0.0588684082031
38500,0.0694580078125
38501,0.0751342773438
38502,0.0772705078125
38503,0.0840454101562
38504,0.091552734375
38505,0.0982666015625
38506,0.0701293945312
38507,0.0669555664062
38508,0.0811157226562
38509,0.0684204101562
38510,0.0728149414062
38511,0.0689086914062
38512,0.0818481445312
38513,0.0856323242188
38514,0.08740234375
38515,0.0879516601562
38516,0.08837890625
38517,0.0956420898438
38518,0.0841674804688
38519,0.0867919921875
38520,0.0910034179688
38521,0.0941772460938
38522,0.0970458984375
38523,0.0997924804688
38524,0.0977172851562
38525,0.09814453125
38526,0.112121582031
38527,0.12158203125
38528,0.121948242188
38529,0.0796508789062
38530,0.0913696289062
38531,0.0831909179688
38532,0.09814453125
38533,0.0830078125
38534,0.080810546875
38535,0.093017578125
38536,0.090576171875
38537,0.0980224609375
38538,0.0983276367188
38539,0.109802246094
38540,0.110473632812
38541,0.111083984375
38542,0.119506835938
38543,0.125610351562
38544,0.12646484375
38545,0.123474121094
38546,0.12744140625
38547,0.141845703125
38548,0.123779296875
38549,0.132202148438
38550,0.126831054688
38551,0.150268554688
38552,0.152465820312
38553,0.139892578125
38554,0.143798828125
38555,0.131225585938
38556,0.145385742188
38557,0.145385742188
38558,0.131469726562
38559,0.138549804688
38560,0.147583007812
38561,0.146728515625
38562,0.143676757812
38563,0.13623046875
38564,0.142944335938
38565,0.131225585938
38566,0.154663085938
38567,0.138793945312
38568,0.134033203125
38569,0.135375976562
38570,0.0738525390625
38571,0.0593566894531
38572,0.0605163574219
38573,0.0808715820312
38574,0.100524902344
38575,0.102783203125
38576,0.105224609375
38577,0.113647460938
38578,0.109619140625
38579,0.0943603515625
38580,0.0885620117188
38581,0.101989746094
38582,0.108337402344
38583,0.114196777344
38584,0.117065429688
38585,0.0953979492188
38586,0.118896484375
38587,0.145751953125
38588,0.1572265625
38589,0.1279296875
38590,0.149536132812
38591,0.163330078125
38592,0.157836914062
38593,0.161743164062
38594,0.162963867188
38595,0.173950195312
38596,0.172485351562
38597,0.169311523438
38598,0.168212890625
38599,0.123046875
38600,0.127807617188
38601,0.135864257812
38602,0.134155273438
38603,0.130737304688
38604,0.137573242188
38605,0.138549804688
38606,0.14892578125
38607,0.123657226562
38608,0.120788574219
38609,0.157470703125
38610,0.155395507812
38611,0.0848388671875
38612,0.081787109375
38613,0.119018554688
38614,0.123046875
38615,0.125366210938
38616,0.103698730469
38617,0.101440429688
38618,0.0990600585938
38619,0.0907592773438
38620,0.129638671875
38621,0.137329101562
38622,0.14599609375
38623,0.14404296875
38624,0.159423828125
38625,0.161376953125
38626,0.161865234375
38627,0.137939453125
38628,0.132934570312
38629,0.1328125
38630,0.107360839844
38631,0.0980834960938
38632,0.12353515625
38633,0.12548828125
38634,0.111572265625
38635,0.134887695312
38636,0.145263671875
38637,0.1474609375
38638,0.171997070312
38639,0.16748046875
38640,0.152465820312
38641,0.16015625
38642,0.160278320312
38643,0.132202148438
38644,0.132568359375
38645,0.133911132812
38646,0.134033203125
38647,0.129760742188
38648,0.132202148438
38649,0.137573242188
38650,0.153564453125
38651,0.14599609375
38652,0.10693359375
38653,0.0755615234375
38654,0.0849609375
38655,0.0823364257812
38656,0.107238769531
38657,0.0994873046875
38658,0.091064453125
38659,0.109191894531
38660,0.118774414062
38661,0.12109375
38662,0.124816894531
38663,0.122924804688
38664,0.122375488281
38665,0.119995117188
38666,0.123291015625
38667,0.119567871094
38668,0.132446289062
38669,0.139282226562
38670,0.149169921875
38671,0.161987304688
38672,0.164184570312
38673,0.170654296875
38674,0.171875
38675,0.168823242188
38676,0.11328125
38677,0.120361328125
38678,0.122924804688
38679,0.126831054688
38680,0.131469726562
38681,0.152954101562
38682,0.123779296875
38683,0.11328125
38684,0.153442382812
38685,0.156127929688
38686,0.13671875
38687,0.108825683594
38688,0.113098144531
38689,0.12060546875
38690,0.152221679688
38691,0.154296875
38692,0.153442382812
38693,0.16162109375
38694,0.1650390625
38695,0.166381835938
38696,0.156616210938
38697,0.165649414062
38698,0.169921875
38699,0.182006835938
38700,0.13330078125
38701,0.129028320312
38702,0.134521484375
38703,0.128173828125
38704,0.1572265625
38705,0.170776367188
38706,0.183349609375
38707,0.165893554688
38708,0.162963867188
38709,0.134765625
38710,0.135375976562
38711,0.137451171875
38712,0.144897460938
38713,0.140502929688
38714,0.134765625
38715,0.138916015625
38716,0.147827148438
38717,0.152099609375
38718,0.1767578125
38719,0.173706054688
38720,0.181030273438
38721,0.176879882812
38722,0.169189453125
38723,0.126220703125
38724,0.0923461914062
38725,0.0985107421875
38726,0.098876953125
38727,0.0914916992188
38728,0.0955810546875
38729,0.0931396484375
38730,0.098876953125
38731,0.110168457031
38732,0.109375
38733,0.110473632812
38734,0.116394042969
38735,0.131225585938
38736,0.134521484375
38737,0.114074707031
38738,0.11181640625
38739,0.0914916992188
38740,0.108703613281
38741,0.107299804688
38742,0.10595703125
38743,0.119812011719
38744,0.1064453125
38745,0.107849121094
38746,0.111328125
38747,0.1142578125
38748,0.0862426757812
38749,0.0908203125
38750,0.0833740234375
38751,0.0892333984375
38752,0.0879516601562
38753,0.088623046875
38754,0.126586914062
38755,0.152099609375
38756,0.15771484375
38757,0.10986328125
38758,0.102844238281
38759,0.106750488281
38760,0.109313964844
38761,0.129028320312
38762,0.13427734375
38763,0.14111328125
38764,0.141235351562
38765,0.13623046875
38766,0.1162109375
38767,0.119750976562
38768,0.119079589844
38769,0.135498046875
38770,0.165283203125
38771,0.158813476562
38772,0.165283203125
38773,0.170654296875
38774,0.167358398438
38775,0.160766601562
38776,0.138671875
38777,0.145629882812
38778,0.144897460938
38779,0.13671875
38780,0.147827148438
38781,0.0839233398438
38782,0.086669921875
38783,0.0735473632812
38784,0.0706787109375
38785,0.0789184570312
38786,0.0840454101562
38787,0.0828247070312
38788,0.0792846679688
38789,0.0845947265625
38790,0.08203125
38791,0.0753784179688
38792,0.081787109375
38793,0.0848388671875
38794,0.0921020507812
38795,0.0961303710938
38796,0.0907592773438
38797,0.0874633789062
38798,0.0823364257812
38799,0.0833129882812
38800,0.0869750976562
38801,0.0931396484375
38802,0.102783203125
38803,0.104431152344
38804,0.1025390625
38805,0.0989990234375
38806,0.108032226562
38807,0.106567382812
38808,0.111206054688
38809,0.1142578125
38810,0.122009277344
38811,0.124328613281
38812,0.12841796875
38813,0.127563476562
38814,0.120300292969
38815,0.1201171875
38816,0.108093261719
38817,0.109619140625
38818,0.110778808594
38819,0.116943359375
38820,0.11865234375
38821,0.117126464844
38822,0.117126464844
38823,0.125122070312
38824,0.125854492188
38825,0.126586914062
38826,0.124572753906
38827,0.119018554688
38828,0.126953125
38829,0.116088867188
38830,0.124572753906
38831,0.133911132812
38832,0.134521484375
38833,0.137329101562
38834,0.140502929688
38835,0.14111328125
38836,0.14111328125
38837,0.137939453125
38838,0.136840820312
38839,0.135986328125
38840,0.13232421875
38841,0.130737304688
38842,0.135864257812
38843,0.1279296875
38844,0.122192382812
38845,0.133544921875
38846,0.118225097656
38847,0.08447265625
38848,0.0732421875
38849,0.096435546875
38850,0.102661132812
38851,0.101257324219
38852,0.103515625
38853,0.1025390625
38854,0.126831054688
38855,0.0803833007812
38856,0.0851440429688
38857,0.0855102539062
38858,0.0917358398438
38859,0.07568359375
38860,0.099365234375
38861,0.10205078125
38862,0.102172851562
38863,0.108276367188
38864,0.103759765625
38865,0.108581542969
38866,0.111999511719
38867,0.11474609375
38868,0.0977783203125
38869,0.0938720703125
38870,0.0899047851562
38871,0.111328125
38872,0.116516113281
38873,0.119018554688
38874,0.123901367188
38875,0.122863769531
38876,0.101013183594
38877,0.10791015625
38878,0.107238769531
38879,0.120971679688
38880,0.118713378906
38881,0.119323730469
38882,0.126098632812
38883,0.125366210938
38884,0.12890625
38885,0.133178710938
38886,0.116882324219
38887,0.120788574219
38888,0.134033203125
38889,0.13525390625
38890,0.133666992188
38891,0.133666992188
38892,0.116821289062
38893,0.124206542969
38894,0.0986328125
38895,0.103820800781
38896,0.104125976562
38897,0.104187011719
38898,0.10595703125
38899,0.0989990234375
38900,0.0932006835938
38901,0.0996704101562
38902,0.108825683594
38903,0.113708496094
38904,0.1318359375
38905,0.135375976562
38906,0.115600585938
38907,0.118713378906
38908,0.1318359375
38909,0.139038085938
38910,0.135498046875
38911,0.136596679688
38912,0.129760742188
38913,0.0891723632812
38914,0.0909423828125
38915,0.119201660156
38916,0.118835449219
38917,0.131591796875
38918,0.145629882812
38919,0.139282226562
38920,0.100158691406
38921,0.0968017578125
38922,0.103515625
38923,0.109191894531
38924,0.115295410156
38925,0.126708984375
38926,0.113952636719
38927,0.125122070312
38928,0.126953125
38929,0.134887695312
38930,0.130981445312
38931,0.128051757812
38932,0.130493164062
38933,0.130615234375
38934,0.132934570312
38935,0.1328125
38936,0.131713867188
38937,0.139526367188
38938,0.130615234375
38939,0.117797851562
38940,0.115661621094
38941,0.0975952148438
38942,0.0983276367188
38943,0.110961914062
38944,0.114379882812
38945,0.115356445312
38946,0.106811523438
38947,0.109497070312
38948,0.120544433594
38949,0.117736816406
38950,0.0924072265625
38951,0.105712890625
38952,0.106262207031
38953,0.113525390625
38954,0.116638183594
38955,0.11767578125
38956,0.124938964844
38957,0.111633300781
38958,0.101257324219
38959,0.107299804688
38960,0.105712890625
38961,0.120178222656
38962,0.135986328125
38963,0.0841674804688
38964,0.0993041992188
38965,0.0944213867188
38966,0.103881835938
38967,0.100830078125
38968,0.111450195312
38969,0.115356445312
38970,0.09033203125
38971,0.0962524414062
38972,0.109680175781
38973,0.109252929688
38974,0.0986938476562
38975,0.0947875976562
38976,0.0843505859375
38977,0.0836791992188
38978,0.106079101562
38979,0.10888671875
38980,0.119506835938
38981,0.095703125
38982,0.095703125
38983,0.100891113281
38984,0.106384277344
38985,0.102661132812
38986,0.0940551757812
38987,0.0948486328125
38988,0.109497070312
38989,0.106567382812
38990,0.0975341796875
38991,0.0828247070312
38992,0.082275390625
38993,0.119079589844
38994,0.104309082031
38995,0.106567382812
38996,0.112976074219
38997,0.122497558594
38998,0.12060546875
38999,0.1298828125
39000,0.128295898438
39001,0.1171875
39002,0.113891601562
39003,0.119262695312
39004,0.139526367188
39005,0.141967773438
39006,0.139038085938
39007,0.14111328125
39008,0.139282226562
39009,0.14990234375
39010,0.108520507812
39011,0.0994873046875
39012,0.100158691406
39013,0.104064941406
39014,0.0994262695312
39015,0.104553222656
39016,0.106323242188
39017,0.123413085938
39018,0.104614257812
39019,0.099365234375
39020,0.105102539062
39021,0.110229492188
39022,0.115234375
39023,0.117248535156
39024,0.123779296875
39025,0.14208984375
39026,0.135131835938
39027,0.136474609375
39028,0.141479492188
39029,0.131103515625
39030,0.137939453125
39031,0.139892578125
39032,0.124084472656
39033,0.114501953125
39034,0.116943359375
39035,0.113647460938
39036,0.117370605469
39037,0.119567871094
39038,0.113952636719
39039,0.117065429688
39040,0.12158203125
39041,0.121459960938
39042,0.12744140625
39043,0.0814819335938
39044,0.0883178710938
39045,0.074462890625
39046,0.064697265625
39047,0.0617065429688
39048,0.0718994140625
39049,0.075927734375
39050,0.0773315429688
39051,0.0972290039062
39052,0.0971069335938
39053,0.116760253906
39054,0.115234375
39055,0.133178710938
39056,0.124633789062
39057,0.130126953125
39058,0.1376953125
39059,0.140869140625
39060,0.12744140625
39061,0.13134765625
39062,0.140991210938
39063,0.139526367188
39064,0.13720703125
39065,0.138793945312
39066,0.145751953125
39067,0.142944335938
39068,0.1416015625
39069,0.1337890625
39070,0.142700195312
39071,0.144897460938
39072,0.146850585938
39073,0.114685058594
39074,0.115844726562
39075,0.124267578125
39076,0.111938476562
39077,0.10986328125
39078,0.113708496094
39079,0.113952636719
39080,0.120483398438
39081,0.12353515625
39082,0.126953125
39083,0.121215820312
39084,0.125244140625
39085,0.112731933594
39086,0.12060546875
39087,0.129516601562
39088,0.131958007812
39089,0.13037109375
39090,0.111694335938
39091,0.123229980469
39092,0.0866088867188
39093,0.0930786132812
39094,0.0964965820312
39095,0.113220214844
39096,0.138671875
39097,0.14208984375
39098,0.1416015625
39099,0.139770507812
39100,0.140502929688
39101,0.143310546875
39102,0.150268554688
39104,0.116760253906
39105,0.129760742188
39106,0.101196289062
39107,0.099365234375
39108,0.117736816406
39109,0.126831054688
39110,0.134521484375
39111,0.132202148438
39112,0.123474121094
39113,0.124572753906
39114,0.126708984375
39115,0.12841796875
39116,0.0905151367188
39117,0.112609863281
39118,0.112731933594
39119,0.147583007812
39120,0.139404296875
39121,0.152954101562
39122,0.152221679688
39123,0.1474609375
39124,0.1396484375
39125,0.0872192382812
39126,0.090576171875
39127,0.0952758789062
39128,0.101928710938
39129,0.100158691406
39130,0.109741210938
39131,0.115905761719
39132,0.139038085938
39133,0.134155273438
39134,0.126342773438
39135,0.112182617188
39136,0.1123046875
39137,0.1181640625
39138,0.117736816406
39139,0.118591308594
39140,0.124694824219
39141,0.129638671875
39142,0.124084472656
39143,0.131225585938
39144,0.132080078125
39145,0.138916015625
39146,0.100524902344
39147,0.104431152344
39148,0.103088378906
39149,0.103942871094
39150,0.102478027344
39151,0.104431152344
39152,0.116027832031
39153,0.0
39154,0.00779342651367
39155,0.0069465637207
39156,0.0223083496094
39157,0.0239105224609
39158,0.0217895507812
39159,0.0217132568359
39160,0.0224304199219
39161,0.0220184326172
39162,0.0231781005859
39163,0.0308227539062
39164,0.0312194824219
39165,0.0299530029297
39166,0.0301055908203
39167,0.0315551757812
39168,0.0337524414062
39169,0.0385437011719
39170,0.0421142578125
39171,0.0418090820312
39172,0.0409545898438
39173,0.0488586425781
39174,0.0516052246094
39175,0.0513000488281
39176,0.0531311035156
39177,0.05810546875
39178,0.0531005859375
39179,0.0591430664062
39180,0.0640258789062
39181,0.0457153320312
39182,0.038330078125
39183,0.0448913574219
39184,0.0501708984375
39185,0.0517578125
39186,0.0511779785156
39187,0.0576782226562
39188,0.065185546875
39189,0.0704345703125
39190,0.0711669921875
39191,0.0757446289062
39192,0.0740356445312
39193,0.0833740234375
39194,0.0909423828125
39195,0.102172851562
39196,0.100769042969
39197,0.096923828125
39198,0.0952758789062
39199,0.0997314453125
39200,0.091064453125
39201,0.0879516601562
39202,0.093017578125
39203,0.0883178710938
39204,0.0896606445312
39205,0.0921020507812
39206,0.0922241210938
39207,0.0994873046875
39208,0.0927124023438
39209,0.0960083007812
39210,0.0936279296875
39211,0.09521484375
39212,0.107177734375
39213,0.109069824219
39214,0.111572265625
39215,0.114196777344
39216,0.117309570312
39217,0.08984375
39218,0.092041015625
39219,0.0935668945312
39220,0.0938110351562
39221,0.0803833007812
39222,0.0865478515625
39223,0.1005859375
39224,0.109252929688
39225,0.120422363281
39226,0.136596679688
39227,0.13427734375
39228,0.134643554688
39229,0.121765136719
39230,0.123352050781
39231,0.130981445312
39232,0.12939453125
39233,0.1376953125
39234,0.137451171875
39235,0.146484375
39236,0.106872558594
39237,0.0677490234375
39238,0.0701293945312
39239,0.07177734375
39240,0.0936889648438
39241,0.0967407226562
39242,0.103332519531
39243,0.129150390625
39244,0.126586914062
39245,0.122680664062
39246,0.124450683594
39247,0.126220703125
39248,0.1337890625
39249,0.137939453125
39250,0.1357421875
39251,0.140502929688
39252,0.147338867188
39253,0.14794921875
39254,0.143188476562
39255,0.1220703125
39256,0.144409179688
39257,0.143920898438
39258,0.139892578125
39259,0.14453125
39260,0.152465820312
39261,0.155151367188
39262,0.108215332031
39263,0.114501953125
39264,0.1240234375
39265,0.128784179688
39266,0.123352050781
39267,0.139892578125
39268,0.128662109375
39269,0.132446289062
39270,0.149536132812
39271,0.165649414062
39272,0.175415039062
39273,0.172973632812
39274,0.17431640625
39275,0.119934082031
39276,0.0906372070312
39277,0.0993041992188
39278,0.099365234375
39279,0.115112304688
39280,0.115356445312
39281,0.098876953125
39282,0.128540039062
39283,0.129760742188
39284,0.120849609375
39285,0.138305664062
39286,0.135864257812
39287,0.127685546875
39288,0.117736816406
39289,0.125244140625
39290,0.124572753906
39291,0.152099609375
39292,0.15234375
39293,0.15234375
39294,0.125366210938
39295,0.126220703125
39296,0.0755615234375
39297,0.0746459960938
39298,0.104675292969
39299,0.0958862304688
39300,0.0960083007812
39301,0.0994873046875
39302,0.0997924804688
39303,0.103393554688
39304,0.11376953125
39305,0.115173339844
39306,0.115112304688
39307,0.122619628906
39308,0.125122070312
39309,0.116882324219
39310,0.080322265625
39311,0.08984375
39312,0.091064453125
39313,0.0919799804688
39314,0.0849609375
39315,0.0841674804688
39316,0.0950317382812
39317,0.0851440429688
39318,0.105712890625
39319,0.0619812011719
39320,0.0728759765625
39321,0.0765991210938
39322,0.0781860351562
39323,0.0970458984375
39324,0.100524902344
39325,0.103210449219
39326,0.113342285156
39327,0.112060546875
39328,0.113586425781
39329,0.113952636719
39330,0.109497070312
39331,0.125732421875
39332,0.0769653320312
39333,0.114013671875
39334,0.0973510742188
39335,0.0625
39336,0.091552734375
39337,0.0726318359375
39338,0.072021484375
39339,0.0746459960938
39340,0.0707397460938
39341,0.0703735351562
39342,0.0646362304688
39343,0.0689697265625
39344,0.0503540039062
39345,0.0522766113281
39346,0.0509338378906
39347,0.0543518066406
39348,0.0522155761719
39349,0.0630493164062
39350,0.0610656738281
39351,0.0870361328125
39352,0.0841064453125
39353,0.0940551757812
39354,0.0912475585938
39355,0.0894775390625
39356,0.105346679688
39357,0.108947753906
39358,0.108093261719
39359,0.0619812011719
39360,0.0626831054688
39361,0.06689453125
39362,0.0577392578125
39363,0.0614929199219
39364,0.068115234375
39365,0.0667114257812
39366,0.0715942382812
39367,0.077880859375
39368,0.0936279296875
39369,0.0919799804688
39370,0.111389160156
39371,0.109375
39372,0.0913696289062
39373,0.0936279296875
39374,0.086669921875
39375,0.0884399414062
39376,0.095458984375
39377,0.0765380859375
39378,0.081298828125
39379,0.0982666015625
39380,0.124145507812
39381,0.126953125
39382,0.127563476562
39383,0.111694335938
39384,0.0806884765625
39385,0.0836791992188
39386,0.0912475585938
39387,0.111938476562
39388,0.107604980469
39389,0.137817382812
39390,0.134521484375
39391,0.109252929688
39392,0.101806640625
39393,0.108093261719
39394,0.103271484375
39395,0.112487792969
39396,0.1103515625
39397,0.11181640625
39398,0.134643554688
39399,0.146728515625
39400,0.148315429688
39401,0.150634765625
39402,0.155151367188
39403,0.153686523438
39404,0.158569335938
39405,0.16259765625
39406,0.1669921875
39407,0.160400390625
39408,0.152709960938
39409,0.149291992188
39410,0.151733398438
39411,0.162841796875
39412,0.166748046875
39413,0.15966796875
39414,0.1650390625
39415,0.1689453125
39416,0.171997070312
39417,0.136596679688
39418,0.133911132812
39419,0.134643554688
39420,0.133056640625
39421,0.135131835938
39422,0.140869140625
39423,0.133056640625
39424,0.139770507812
39425,0.15625
39426,0.14599609375
39427,0.12158203125
39428,0.130981445312
39429,0.13671875
39430,0.145385742188
39431,0.146850585938
39432,0.152709960938
39433,0.1494140625
39434,0.151611328125
39435,0.15283203125
39436,0.154907226562
39437,0.132568359375
39438,0.138061523438
39439,0.137939453125
39440,0.137939453125
39441,0.13916015625
39442,0.101440429688
39443,0.103515625
39444,0.108764648438
39445,0.0969848632812
39446,0.107238769531
39447,0.107727050781
39448,0.1181640625
39449,0.11767578125
39450,0.08447265625
39451,0.088623046875
39452,0.093505859375
39453,0.0916748046875
39454,0.1064453125
39455,0.107727050781
39456,0.0717163085938
39457,0.0781860351562
39458,0.0855712890625
39459,0.103942871094
39460,0.11328125
39461,0.114013671875
39462,0.123413085938
39463,0.109252929688
39464,0.106018066406
39465,0.130493164062
39466,0.129028320312
39467,0.120422363281
39468,0.122314453125
39469,0.112121582031
39470,0.112731933594
39471,0.121643066406
39472,0.119873046875
39473,0.101440429688
39474,0.109680175781
39475,0.118591308594
39476,0.120178222656
39477,0.0947265625
39478,0.122253417969
39479,0.130004882812
39480,0.0813598632812
39481,0.0849609375
39482,0.0914306640625
39483,0.0997314453125
39484,0.111572265625
39485,0.107788085938
39486,0.116821289062
39487,0.127075195312
39488,0.1279296875
39489,0.12841796875
39490,0.119384765625
39491,0.112976074219
39492,0.109558105469
39493,0.107604980469
39494,0.108337402344
39495,0.113891601562
39496,0.1171875
39497,0.132446289062
39498,0.133056640625
39499,0.136474609375
39500,0.136840820312
39501,0.137817382812
39502,0.14208984375
39503,0.130493164062
39504,0.132080078125
39505,0.133056640625
39506,0.131591796875
39507,0.130615234375
39508,0.131713867188
39509,0.147827148438
39510,0.0993041992188
39511,0.097900390625
39512,0.0961303710938
39513,0.13330078125
39514,0.134399414062
39515,0.13720703125
39516,0.148681640625
39517,0.144775390625
39518,0.14111328125
39519,0.137939453125
39520,0.14794921875
39521,0.15673828125
39522,0.155029296875
39523,0.135009765625
39524,0.146484375
39525,0.143676757812
39526,0.150390625
39527,0.1533203125
39528,0.119140625
39529,0.129638671875
39530,0.143798828125
39531,0.146118164062
39532,0.156005859375
39533,0.0966796875
39534,0.108215332031
39535,0.115478515625
39536,0.106750488281
39537,0.126342773438
39538,0.12353515625
39539,0.12646484375
39540,0.111450195312
39541,0.114868164062
39542,0.106811523438
39543,0.0717163085938
39544,0.070068359375
39545,0.069091796875
39546,0.0700073242188
39547,0.0785522460938
39548,0.091552734375
39549,0.08984375
39550,0.100891113281
39551,0.105590820312
39552,0.108764648438
39553,0.112670898438
39554,0.10595703125
39555,0.1123046875
39556,0.10791015625
39557,0.110961914062
39558,0.0740356445312
39559,0.0934448242188
39560,0.102355957031
39561,0.109008789062
39562,0.111938476562
39563,0.105163574219
39564,0.0997314453125
39565,0.104309082031
39566,0.0980224609375
39567,0.101806640625
39568,0.0933837890625
39569,0.101379394531
39570,0.101440429688
39571,0.103088378906
39572,0.123413085938
39573,0.118774414062
39574,0.12841796875
39575,0.123352050781
39576,0.119995117188
39577,0.119750976562
39578,0.0868530273438
39579,0.0849609375
39580,0.0894775390625
39581,0.0926513671875
39582,0.0969848632812
39583,0.100524902344
39584,0.0955200195312
39585,0.098876953125
39586,0.0972900390625
39587,0.0985107421875
39588,0.094482421875
39589,0.105712890625
39590,0.109436035156
39591,0.0879516601562
39592,0.0868530273438
39593,0.0888061523438
39594,0.101623535156
39595,0.0953979492188
39596,0.104614257812
39597,0.110229492188
39598,0.120849609375
39599,0.121765136719
39600,0.12939453125
39601,0.12646484375
39602,0.123901367188
39603,0.107421875
39604,0.109497070312
39605,0.127075195312
39606,0.136840820312
39607,0.130615234375
39608,0.134155273438
39609,0.131958007812
39610,0.129028320312
39611,0.13330078125
39612,0.136840820312
39613,0.135009765625
39614,0.135864257812
39615,0.101196289062
39616,0.0880737304688
39617,0.0831298828125
39618,0.0827026367188
39619,0.0911254882812
39620,0.09228515625
39621,0.0933227539062
39622,0.08984375
39623,0.088623046875
39624,0.0901489257812
39625,0.0843505859375
39626,0.0913696289062
39627,0.104736328125
39628,0.107971191406
39629,0.100341796875
39630,0.110168457031
39631,0.113708496094
39632,0.104919433594
39633,0.107116699219
39634,0.112976074219
39635,0.121459960938
39636,0.100280761719
39637,0.115112304688
39638,0.114929199219
39639,0.114318847656
39640,0.108337402344
39641,0.108337402344
39642,0.114318847656
39643,0.127075195312
39644,0.126098632812
39645,0.115356445312
39646,0.118408203125
39647,0.117919921875
39648,0.127319335938
39649,0.130249023438
39650,0.129516601562
39651,0.0938720703125
39652,0.100769042969
39653,0.103759765625
39654,0.106689453125
39655,0.107360839844
39656,0.113891601562
39657,0.124084472656
39658,0.128540039062
39659,0.12939453125
39660,0.128540039062
39661,0.1298828125
39662,0.133422851562
39663,0.138793945312
39664,0.127807617188
39665,0.117065429688
39666,0.1220703125
39667,0.129150390625
39668,0.134765625
39669,0.12109375
39670,0.123718261719
39671,0.112182617188
39672,0.0994873046875
39673,0.100646972656
39674,0.10009765625
39675,0.0916137695312
39676,0.0979614257812
39677,0.0942993164062
39678,0.103454589844
39679,0.0863037109375
39680,0.08984375
39681,0.0942993164062
39682,0.0927734375
39683,0.0989990234375
39684,0.0956420898438
39685,0.0969848632812
39686,0.0957641601562
39687,0.090087890625
39688,0.100280761719
39689,0.0789184570312
39690,0.079833984375
39691,0.075927734375
39692,0.0946655273438
39693,0.100891113281
39694,0.101257324219
39695,0.0953369140625
39696,0.08544921875
39697,0.0869140625
39698,0.088623046875
39699,0.0896606445312
39700,0.095947265625
39701,0.103515625
39702,0.1083984375
39703,0.08642578125
39704,0.0900268554688
39705,0.0655517578125
39706,0.0634765625
39707,0.0736083984375
39708,0.0655517578125
39709,0.0670166015625
39710,0.0708618164062
39711,0.0675048828125
39712,0.0722045898438
39713,0.0734252929688
39714,0.073974609375
39715,0.0655517578125
39716,0.0672607421875
39717,0.0819091796875
39718,0.0774536132812
39719,0.083740234375
39720,0.08740234375
39721,0.088134765625
39722,0.0859375
39723,0.102844238281
39724,0.102294921875
39725,0.0838012695312
39726,0.0813598632812
39727,0.078857421875
39728,0.0847778320312
39729,0.088134765625
39730,0.0872192382812
39731,0.0875854492188
39732,0.08447265625
39733,0.0867309570312
39734,0.0847778320312
39735,0.084228515625
39736,0.0892944335938
39737,0.0888061523438
39738,0.0911254882812
39739,0.0842895507812
39740,0.0862426757812
39741,0.0897827148438
39742,0.0978393554688
39743,0.1015625
39744,0.101013183594
39745,0.099609375
39746,0.0941162109375
39747,0.100891113281
39748,0.104431152344
39749,0.102905273438
39750,0.104614257812
39751,0.0955200195312
39752,0.101257324219
39753,0.109558105469
39754,0.0971069335938
39755,0.0956420898438
39756,0.102294921875
39757,0.0941772460938
39758,0.100402832031
39759,0.109436035156
39760,0.105407714844
39761,0.0940551757812
39762,0.0908813476562
39763,0.093505859375
39764,0.10205078125
39765,0.111755371094
39766,0.125244140625
39767,0.130126953125
39768,0.145874023438
39769,0.140258789062
39770,0.129272460938
39771,0.13525390625
39772,0.123229980469
39773,0.122192382812
39774,0.123962402344
39775,0.131958007812
39776,0.13671875
39777,0.130493164062
39778,0.133056640625
39779,0.1376953125
39780,0.136474609375
39781,0.134033203125
39782,0.133544921875
39783,0.14013671875
39784,0.114990234375
39785,0.145263671875
39786,0.147827148438
39787,0.149169921875
39788,0.1337890625
39789,0.146362304688
39790,0.150756835938
39791,0.150146484375
39792,0.155517578125
39793,0.154052734375
39794,0.134521484375
39795,0.151977539062
39796,0.13720703125
39797,0.15380859375
39798,0.158081054688
39799,0.12646484375
39800,0.134399414062
39801,0.13037109375
39802,0.14013671875
39803,0.13916015625
39804,0.142211914062
39805,0.149536132812
39806,0.136962890625
39807,0.134521484375
39808,0.142578125
39809,0.130615234375
39810,0.1318359375
39811,0.124267578125
39812,0.13232421875
39813,0.135498046875
39814,0.124694824219
39815,0.0924682617188
39816,0.103515625
39817,0.0989379882812
39818,0.0967407226562
39819,0.101623535156
39820,0.0997924804688
39821,0.108337402344
39822,0.109680175781
39823,0.118041992188
39824,0.126708984375
39825,0.126953125
39826,0.126220703125
39827,0.120483398438
39828,0.130004882812
39829,0.12060546875
39830,0.120056152344
39831,0.130737304688
39832,0.1328125
39833,0.143310546875
39834,0.147583007812
39835,0.1484375
39836,0.150390625
39837,0.151611328125
39838,0.150268554688
39839,0.154663085938
39840,0.146606445312
39841,0.145874023438
39842,0.150512695312
39843,0.13671875
39844,0.151611328125
39845,0.108764648438
39846,0.122436523438
39847,0.120666503906
39848,0.126586914062
39849,0.125366210938
39850,0.109008789062
39851,0.113342285156
39852,0.110473632812
39853,0.118225097656
39854,0.125
39855,0.136352539062
39856,0.135986328125
39857,0.139038085938
39858,0.132934570312
39859,0.136596679688
39860,0.140625
39861,0.145874023438
39862,0.151123046875
39863,0.16064453125
39864,0.159545898438
39865,0.163696289062
39866,0.16455078125
39867,0.168090820312
39868,0.16943359375
39869,0.161254882812
39870,0.156005859375
39871,0.1552734375
39872,0.169311523438
39873,0.117919921875
39874,0.116027832031
39875,0.1279296875
39876,0.0953979492188
39877,0.110656738281
39878,0.095703125
39879,0.0975952148438
39880,0.100341796875
39881,0.117797851562
76637,0.0762329101562
76638,0.0768432617188
76640,0.0856323242188
76641,0.08935546875
76642,0.0962524414062
76643,0.0877075195312
76644,0.0917358398438
76645,0.0874633789062
76646,0.0891723632812
76647,0.08642578125
76648,0.0906982421875
76649,0.089111328125
76650,0.0927734375
76651,0.0859375
76652,0.091552734375
76653,0.091064453125
76654,0.0885009765625
76655,0.0880126953125
76656,0.08837890625
76657,0.0919189453125
76658,0.0968627929688
76659,0.0921020507812
76660,0.0858154296875
76661,0.0855712890625
76662,0.0994873046875
76663,0.100158691406
76664,0.102233886719
76665,0.105651855469
76666,0.106994628906
76667,0.106262207031
76668,0.106323242188
76669,0.124389648438
76670,0.122375488281
76671,0.121704101562
76672,0.115234375
76673,0.113159179688
76674,0.116516113281
76675,0.113464355469
76676,0.111572265625
76677,0.112243652344
76678,0.106262207031
76679,0.109924316406
76680,0.10791015625
76681,0.113586425781
76682,0.109741210938
76683,0.110717773438
76684,0.112487792969
76685,0.126586914062
76686,0.127075195312
76687,0.122497558594
76688,0.122680664062
76689,0.122619628906
76690,0.110717773438
76691,0.109741210938
76692,0.112060546875
76693,0.114624023438
76694,0.116577148438
76695,0.120483398438
76696,0.119079589844
76697,0.1220703125
76698,0.118896484375
76699,0.115356445312
76700,0.119323730469
76701,0.121948242188
76702,0.124877929688
76703,0.121337890625
76704,0.120178222656
76705,0.125366210938
76706,0.111572265625
76707,0.11083984375
76708,0.104858398438
76709,0.105346679688
76710,0.104248046875
76711,0.10546875
76712,0.106506347656
76713,0.106323242188
76714,0.106994628906
76715,0.106506347656
76716,0.106750488281
76717,0.104370117188
76718,0.107543945312
76719,0.105407714844
76720,0.10693359375
76721,0.110778808594
76722,0.100280761719
76723,0.10595703125
76724,0.107299804688
76725,0.106018066406
76726,0.122802734375
76727,0.130126953125
76728,0.125366210938
76729,0.128173828125
76730,0.129760742188
76731,0.117309570312
76732,0.135498046875
76733,0.1220703125
76734,0.125854492188
76735,0.124633789062
76736,0.117065429688
76737,0.0
76738,0.00113105773926
76739,0.00867462158203
76740,0.0115051269531
76741,0.0122680664062
76742,0.00853729248047
76743,0.01123046875
76744,0.0119934082031
76745,0.031005859375
76746,0.0333557128906
76747,0.0328979492188
76748,0.0337829589844
76749,0.0393676757812
76750,0.0443115234375
76751,0.0340881347656
76752,0.0364379882812
76753,0.0317687988281
76754,0.032470703125
76755,0.0336303710938
76756,0.03564453125
76757,0.0393676757812
76758,0.0622863769531
76759,0.0602416992188
76760,0.0567626953125
76761,0.0558471679688
76762,0.0555419921875
76763,0.0538940429688
76764,0.0533752441406
76765,0.0510864257812
76766,0.0529479980469
76767,0.0513000488281
76768,0.0496215820312
76769,0.0477905273438
76770,0.04833984375
76771,0.0725708007812
76772,0.071533203125
76773,0.0714111328125
76774,0.072021484375
76775,0.071533203125
76776,0.0712890625
76777,0.0735473632812
76778,0.0698852539062
76779,0.0709838867188
76780,0.072265625
76781,0.0757446289062
76782,0.0760498046875
76783,0.0717163085938
76784,0.0739135742188
76785,0.0770874023438
76786,0.0736694335938
76787,0.0767822265625
76788,0.0751953125
76789,0.0679931640625
76790,0.0699462890625
76791,0.0675048828125
76792,0.0704956054688
76793,0.070068359375
76794,0.0746459960938
76795,0.0717163085938
76796,0.0769653320312
76797,0.0802001953125
76798,0.0760498046875
76799,0.0791625976562
76800,0.0740966796875
76801,0.073486328125
76802,0.0716552734375
76803,0.0787353515625
76804,0.0777587890625
76805,0.0759887695312
76806,0.0775146484375
76807,0.0665283203125
76808,0.0831909179688
76809,0.0817260742188
76810,0.084228515625
76811,0.0835571289062
76812,0.0750122070312
76813,0.0790405273438
76814,0.0818481445312
76815,0.078125
76816,0.0866088867188
76817,0.0850830078125
76818,0.0789184570312
76819,0.0806274414062
76820,0.086181640625
76821,0.0824584960938
76822,0.0814208984375
76823,0.0841674804688
76824,0.103271484375
76825,0.102478027344
76826,0.0983276367188
76827,0.0966796875
76828,0.105346679688
76829,0.104187011719
76830,0.104064941406
76831,0.103759765625
76832,0.101379394531
76833,0.0986938476562
76834,0.107482910156
76835,0.108581542969
76836,0.0862426757812
76837,0.0894775390625
76838,0.078857421875
76839,0.0787963867188
76840,0.0770874023438
76841,0.0913696289062
76842,0.09375
76843,0.0890502929688
76844,0.0890502929688
76845,0.0935668945312
76846,0.0888061523438
76847,0.095703125
76848,0.0833740234375
76849,0.0758666992188
76850,0.0828247070312
76851,0.08056640625
76852,0.0799560546875
76853,0.0824584960938
76854,0.0821533203125
76855,0.08251953125
76856,0.0874633789062
76857,0.0850830078125
76858,0.0919189453125
76859,0.093994140625
76860,0.08740234375
76861,0.0910034179688
76862,0.090576171875
76863,0.0918579101562
76864,0.0875854492188
76865,0.0930786132812
76866,0.0933837890625
76867,0.095458984375
76868,0.09716796875
76869,0.0965576171875
76870,0.10205078125
76871,0.093994140625
76872,0.100952148438
76873,0.0974731445312
76874,0.096923828125
76875,0.09716796875
76876,0.0977172851562
76877,0.09814453125
76878,0.10498046875
76879,0.105102539062
76880,0.1005859375
76881,0.0919799804688
76882,0.095947265625
76883,0.096435546875
76884,0.100158691406
76885,0.0943603515625
76886,0.115844726562
76887,0.113647460938
76888,0.115173339844
76889,0.117980957031
76890,0.116577148438
76891,0.114624023438
76892,0.116394042969
76893,0.111145019531
76894,0.105529785156
76895,0.106567382812
76896,0.109497070312
76897,0.107849121094
76898,0.105346679688
76899,0.0787963867188
76900,0.0748291015625
76901,0.0745239257812
76902,0.0752563476562
76903,0.0785522460938
76904,0.0751342773438
76905,0.0748901367188
76906,0.0698852539062
76907,0.0748291015625
76908,0.076171875
76909,0.0802612304688
76910,0.0809326171875
76911,0.077880859375
76912,0.0725708007812
76913,0.072509765625
76914,0.0775146484375
76915,0.0742797851562
76916,0.0713500976562
76917,0.0739135742188
76918,0.0717163085938
76919,0.0744018554688
76920,0.0763549804688
76921,0.0795288085938
76922,0.0789794921875
76923,0.08447265625
76924,0.0848388671875
76925,0.0861206054688
76926,0.0860595703125
76927,0.0859985351562
76928,0.0858154296875
76929,0.08837890625
76930,0.08837890625
76931,0.0717163085938
76932,0.074951171875
76933,0.0739135742188
76934,0.07373046875
76935,0.0771484375
76936,0.0751953125
76937,0.0761108398438
76938,0.07421875
76939,0.073974609375
76940,0.0744018554688
76941,0.0745849609375
76942,0.0732421875
76943,0.0738525390625
76944,0.0732421875
76945,0.0794067382812
76946,0.0781860351562
76947,0.0806884765625
76948,0.0755004882812
76949,0.0781860351562
76950,0.096435546875
76951,0.0924682617188
76952,0.0891723632812
76953,0.08837890625
76954,0.0868530273438
76955,0.0863647460938
76956,0.0863647460938
76957,0.0859985351562
76958,0.0868530273438
76959,0.0892944335938
76960,0.0789184570312
76961,0.077392578125
76962,0.0820922851562
76963,0.07861328125
76964,0.0831909179688
76965,0.0799560546875
76966,0.077880859375
76967,0.081787109375
76968,0.0836181640625
76969,0.0845336914062
76970,0.0831298828125
76971,0.08837890625
76972,0.0917358398438
76973,0.0897827148438
76974,0.0861206054688
76975,0.0855712890625
76976,0.0884399414062
76977,0.0853881835938
76978,0.0850830078125
76979,0.09033203125
76980,0.0944213867188
76981,0.096435546875
76982,0.09423828125
76983,0.0890502929688
76984,0.0891723632812
76985,0.0912475585938
76986,0.0965576171875
76987,0.094970703125
76988,0.0911254882812
76989,0.0908813476562
76990,0.0918579101562
76991,0.0922241210938
76992,0.0930786132812
76993,0.0908203125
76994,0.0903930664062
76995,0.0941162109375
76996,0.0949096679688
76997,0.0946044921875
76998,0.0908813476562
76999,0.0892944335938
77000,0.0889892578125
77001,0.0939331054688
77002,0.0960693359375
77003,0.0933227539062
77004,0.0969848632812
77005,0.101867675781
77006,0.100158691406
77007,0.098388671875
77008,0.0996704101562
77009,0.0973510742188
77010,0.101318359375
77011,0.103271484375
77012,0.103942871094
77013,0.102233886719
77014,0.106994628906
77015,0.106628417969
77016,0.104553222656
77017,0.101928710938
77018,0.103149414062
77019,0.102172851562
77020,0.0994873046875
77021,0.0994262695312
77022,0.0899047851562
77023,0.089111328125
77024,0.0858764648438
77025,0.0838623046875
77026,0.0879516601562
77027,0.0933837890625
77028,0.0947875976562
77029,0.091796875
77030,0.0877075195312
77031,0.0884399414062
77032,0.0903930664062
77033,0.0903930664062
77034,0.0983276367188
77035,0.0939331054688
77036,0.0919799804688
77037,0.0908203125
77038,0.091064453125
77039,0.0911865234375
77040,0.0957641601562
77041,0.0963745117188
77042,0.0987548828125
77043,0.0987548828125
77044,0.103149414062
77045,0.0928955078125
77046,0.096435546875
77047,0.0979614257812
77048,0.101501464844
77049,0.106079101562
77050,0.0979614257812
77051,0.106384277344
77052,0.1044921875
77053,0.104614257812
77054,0.0993041992188
77055,0.105041503906
77056,0.102722167969
77057,0.104309082031
77058,0.09521484375
77059,0.101196289062
77060,0.0995483398438
77061,0.101318359375
77062,0.0967407226562
77063,0.0936279296875
77064,0.0829467773438
77065,0.083251953125
77066,0.0834350585938
77067,0.0869140625
77068,0.0853271484375
77069,0.0792236328125
77070,0.0803833007812
77071,0.0792846679688
77072,0.08251953125
77073,0.0796508789062
77074,0.08251953125
77075,0.0808715820312
77076,0.10205078125
77077,0.105102539062
77078,0.104736328125
77079,0.108581542969
77080,0.109558105469
77081,0.1083984375
77082,0.108215332031
77083,0.110229492188
77084,0.1064453125
77085,0.106079101562
77086,0.10546875
77087,0.105041503906
77088,0.105895996094
77089,0.0982055664062
77090,0.0997314453125
77091,0.104248046875
77092,0.0926513671875
77093,0.0941162109375
77094,0.0935668945312
77095,0.0901489257812
77096,0.0880126953125
77097,0.0902099609375
77098,0.0882568359375
77099,0.0951538085938
77100,0.0911254882812
77101,0.0902709960938
77102,0.0872192382812
77103,0.0921630859375
77104,0.0973510742188
77105,0.08740234375
77106,0.084716796875
77107,0.0810546875
77108,0.0777587890625
77109,0.0805053710938
77110,0.0808715820312
77111,0.0849609375
77112,0.0882568359375
77113,0.0888671875
77114,0.0888061523438
77115,0.0912475585938
77116,0.0846557617188
77117,0.0845947265625
77118,0.0859985351562
77119,0.0875854492188
77120,0.0847778320312
77121,0.0861206054688
77122,0.0852661132812
77123,0.0870361328125
77124,0.0873413085938
77125,0.091552734375
77126,0.0857543945312
77127,0.0869140625
77128,0.0858764648438
77129,0.0828247070312
77130,0.0820922851562
77131,0.0826416015625
77132,0.0858154296875
77133,0.0872802734375
77134,0.087158203125
77135,0.0878295898438
77136,0.0892333984375
77137,0.0892944335938
77138,0.0999755859375
77139,0.0951538085938
77140,0.095947265625
77141,0.0986328125
77142,0.100830078125
77143,0.0977783203125
77144,0.0977172851562
77145,0.0960083007812
77146,0.0977172851562
77147,0.0975952148438
77148,0.0822143554688
77149,0.0859375
77150,0.08984375
77151,0.0908203125
77152,0.0877685546875
77153,0.095458984375
77154,0.0914306640625
77155,0.0874633789062
77156,0.0855102539062
77157,0.0913696289062
77158,0.0852661132812
77159,0.0811157226562
77160,0.0786743164062
77161,0.0872802734375
77162,0.0914916992188
77163,0.09423828125
77164,0.094970703125
77165,0.0880737304688
77166,0.09130859375
77167,0.121337890625
77168,0.104797363281
77169,0.111938476562
77170,0.106018066406
77171,0.112854003906
77172,0.108947753906
77173,0.110595703125
77174,0.115112304688
77175,0.090087890625
77176,0.0932006835938
77177,0.0935668945312
77178,0.105407714844
77179,0.0922241210938
77180,0.0936279296875
77181,0.0933227539062
77182,0.0889282226562
77183,0.0916748046875
77184,0.0990600585938
77185,0.098876953125
77186,0.0962524414062
77187,0.0927734375
77188,0.0896606445312
77189,0.0946655273438
77190,0.0935668945312
77191,0.0946655273438
77192,0.0968017578125
77193,0.0883178710938
77194,0.0938720703125
77195,0.093505859375
77196,0.0894775390625
77197,0.0927734375
77198,0.095947265625
77199,0.0985717773438
77200,0.099609375
77201,0.0943603515625
77202,0.0968017578125
77203,0.0973510742188
77204,0.0967407226562
77205,0.092041015625
77206,0.103576660156
77207,0.100341796875
77208,0.109741210938
77209,0.104187011719
77210,0.091796875
77211,0.0924682617188
77212,0.0946655273438
77213,0.0913696289062
77214,0.0946044921875
77215,0.114440917969
77216,0.106262207031
77217,0.119018554688
77218,0.119567871094
77219,0.11962890625
77220,0.124389648438
77221,0.123291015625
77222,0.122192382812
77223,0.120971679688
77224,0.121520996094
77225,0.125122070312
77226,0.107482910156
77227,0.101684570312
77228,0.105407714844
77229,0.104858398438
77230,0.0914306640625
77231,0.0897827148438
77232,0.0964965820312
77233,0.0872802734375
77234,0.0924072265625
77235,0.0936279296875
77236,0.0965576171875
77237,0.102905273438
77238,0.0938110351562
77239,0.0964965820312
77240,0.0861206054688
77241,0.0933837890625
77242,0.0941772460938
77243,0.0887451171875
77244,0.0702514648438
77245,0.0672607421875
77246,0.0681762695312
77247,0.070068359375
77248,0.0681762695312
77249,0.0751953125
77250,0.0750732421875
77251,0.070068359375
77252,0.0712890625
77253,0.072021484375
77254,0.0728149414062
77255,0.0713500976562
77256,0.0759887695312
77257,0.0701293945312
77258,0.0723266601562
77259,0.0748291015625
77260,0.0762329101562
77261,0.0701904296875
77262,0.07470703125
77263,0.0751342773438
77264,0.0778198242188
77265,0.07470703125
77266,0.0744018554688
77267,0.078857421875
77268,0.0740356445312
77269,0.0709838867188
77270,0.0673217773438
77271,0.0695190429688
77272,0.072998046875
77273,0.0680541992188
77274,0.074462890625
77275,0.0691528320312
77276,0.0667724609375
77277,0.0687866210938
77278,0.0707397460938
77279,0.0742797851562
77280,0.0797729492188
77281,0.074462890625
77282,0.0715942382812
77283,0.0758056640625
77284,0.0775756835938
77285,0.0833740234375
77286,0.0829467773438
77287,0.0872192382812
77288,0.0912475585938
77289,0.081298828125
77290,0.0828857421875
77291,0.0692749023438
77292,0.0690307617188
77293,0.073486328125
77294,0.0785522460938
77295,0.08251953125
77296,0.080078125
77297,0.0817260742188
77298,0.076171875
77299,0.0829467773438
77300,0.0797729492188
77301,0.075927734375
77302,0.0779418945312
77303,0.0770874023438
77304,0.07666015625
77305,0.0803833007812
77306,0.0790405273438
77307,0.07568359375
77308,0.0748901367188
77309,0.0738525390625
77310,0.0748291015625
77311,0.0772705078125
77312,0.0784301757812
77313,0.0785522460938
77314,0.07861328125
77315,0.0750122070312
77316,0.0792846679688
77317,0.09130859375
77318,0.0891723632812
77319,0.0910034179688
77320,0.0881958007812
77321,0.0919189453125
77322,0.0928344726562
77323,0.0930786132812
77324,0.0946655273438
77325,0.095703125
77326,0.0960083007812
77327,0.0953369140625
77328,0.093505859375
77329,0.0905151367188
77330,0.0933227539062
77331,0.0949096679688
77332,0.092529296875
77333,0.0755615234375
77334,0.0740356445312
77335,0.0765991210938
77336,0.0772705078125
77337,0.0784301757812
77338,0.0805053710938
77339,0.0784912109375
77340,0.07861328125
77341,0.0748291015625
77342,0.0747680664062
77343,0.0778198242188
77344,0.0726318359375
77345,0.0711669921875
77346,0.071533203125
77347,0.0703125
77348,0.0712280273438
77349,0.0701293945312
77350,0.0709228515625
77351,0.0716552734375
77352,0.0680541992188
77353,0.0642700195312
77354,0.0669555664062
77355,0.0642700195312
77356,0.0643920898438
77357,0.0646362304688
77358,0.0632934570312
77359,0.0664672851562
77360,0.071533203125
77361,0.068359375
77362,0.0707397460938
77363,0.0673828125
77364,0.067138671875
77365,0.06884765625
77366,0.0655517578125
77367,0.0673217773438
77368,0.0689697265625
77369,0.0723266601562
77370,0.071044921875
77371,0.0675659179688
77372,0.0693359375
77373,0.0875854492188
77374,0.0845336914062
77375,0.0811767578125
77376,0.0870361328125
77377,0.076904296875
77378,0.0816650390625
77379,0.0856323242188
77380,0.0891723632812
77381,0.0921020507812
77382,0.0905151367188
77383,0.0985107421875
77384,0.0997924804688
77385,0.0881958007812
77386,0.0824584960938
77387,0.0809326171875
77388,0.0849609375
77389,0.0888061523438
77390,0.0835571289062
77391,0.0811157226562
77392,0.0780639648438
77393,0.0814208984375
77394,0.084228515625
77395,0.0844116210938
77396,0.0890502929688
77397,0.087158203125
77398,0.0875244140625
77399,0.087890625
77400,0.0911254882812
77401,0.0889892578125
77402,0.0811767578125
77403,0.0833740234375
77404,0.082763671875
77405,0.0864868164062
77406,0.0859375
77407,0.0889892578125
77408,0.0861206054688
77409,0.087890625
77410,0.0903930664062
77411,0.0856323242188
77412,0.0861206054688
77413,0.08935546875
77414,0.0825805664062
77415,0.0789184570312
77416,0.074951171875
77417,0.07470703125
77418,0.076416015625
77419,0.0745239257812
77420,0.0725708007812
77422,0.0736083984375
77423,0.0725708007812
77424,0.0759887695312
77425,0.0735473632812
77426,0.0734252929688
77427,0.0780639648438
77428,0.0747680664062
77429,0.0794067382812
77430,0.0811157226562
77431,0.0764770507812
77432,0.0797729492188
77433,0.0800170898438
77434,0.0799560546875
77435,0.0809326171875
77436,0.0816040039062
77437,0.0822143554688
77438,0.0894775390625
77439,0.0892944335938
77440,0.0879516601562
77441,0.093017578125
77442,0.0875854492188
77443,0.0875854492188
77444,0.0927124023438
77445,0.0916137695312
77446,0.087158203125
77447,0.0903930664062
77448,0.0962524414062
77449,0.0968017578125
77450,0.0921020507812
77451,0.0968627929688
77452,0.0896606445312
77453,0.0840454101562
77454,0.0831909179688
77455,0.0831909179688
77456,0.0853881835938
77457,0.0900268554688
77458,0.0816650390625
77459,0.0856323242188
77460,0.0780029296875
77461,0.0789184570312
77462,0.0770874023438
77463,0.083740234375
77464,0.0870361328125
77465,0.0899047851562
77466,0.091064453125
77467,0.0921630859375
77468,0.08740234375
77469,0.089599609375
77470,0.0879516601562
77471,0.0926513671875
77472,0.0952758789062
77473,0.101928710938
77474,0.0951538085938
77475,0.0865478515625
77476,0.0870361328125
77477,0.0858154296875
77478,0.092529296875
77479,0.0897216796875
77480,0.0878295898438
77481,0.0892944335938
77482,0.0873413085938
77483,0.0906982421875
77484,0.0924682617188
77485,0.0971069335938
77486,0.0945434570312
77487,0.0928955078125
77488,0.08984375
77489,0.0888061523438
77490,0.0862426757812
77491,0.0955810546875
77492,0.0868530273438
77493,0.0856323242188
77494,0.0894775390625
77495,0.0905151367188
77496,0.0869140625
77497,0.0886840820312
77498,0.0889282226562
77499,0.0891723632812
77500,0.0861206054688
77501,0.0897827148438
77502,0.08740234375
77503,0.0866088867188
77504,0.088134765625
77505,0.0870361328125
77506,0.0889282226562
77507,0.0892944335938
77508,0.0897827148438
77509,0.0880126953125
77510,0.0911865234375
77511,0.0914916992188
77512,0.0902709960938
77513,0.0924072265625
77514,0.0922241210938
77515,0.0895385742188
77516,0.091552734375
77517,0.0947875976562
77518,0.0921630859375
77519,0.09375
77520,0.0
77521,0.00122547149658
77522,0.00367736816406
77523,0.00785827636719
77524,0.0109100341797
77525,0.0110778808594
77526,0.0171661376953
77527,0.02099609375
77528,0.0148849487305
77529,0.0175323486328
77530,0.019775390625
77531,0.0248260498047
77532,0.0208435058594
77533,0.0236358642578
77534,0.0210723876953
77535,0.0230102539062
77536,0.0242462158203
77537,0.0230712890625
77538,0.0241394042969
77539,0.0250091552734
77540,0.0261535644531
77541,0.0315856933594
77542,0.0353088378906
77543,0.0300598144531
77544,0.0337219238281
77545,0.0333251953125
77546,0.0263519287109
77547,0.0324096679688
77548,0.0298767089844
77549,0.0297698974609
77550,0.0304107666016
77551,0.0346069335938
77552,0.0362548828125
77553,0.0368041992188
77554,0.0393981933594
77555,0.0340576171875
77556,0.0332946777344
77557,0.0340270996094
77558,0.0361938476562
77559,0.0347595214844
77560,0.038330078125
77561,0.0419311523438
77562,0.0360412597656
77563,0.0343627929688
77564,0.0329895019531
77565,0.0416259765625
77566,0.0447692871094
77567,0.0469055175781
77568,0.0592346191406
77569,0.0594177246094
77570,0.0607604980469
77571,0.06396484375
77572,0.0606994628906
77573,0.0603332519531
77574,0.0639038085938
77575,0.0770263671875
77576,0.100646972656
77577,0.0870361328125
77578,0.087890625
77579,0.0811767578125
77580,0.0799560546875
77581,0.0809326171875
77582,0.08154296875
77583,0.0817260742188
77584,0.080078125
77585,0.0778198242188
77586,0.0765991210938
77587,0.0922241210938
77588,0.0875244140625
77589,0.0914916992188
77590,0.0936279296875
77591,0.097900390625
77592,0.087158203125
77593,0.0836791992188
77594,0.073486328125
77595,0.07177734375
77596,0.0715942382812
77597,0.0752563476562
77598,0.0798950195312
77599,0.0820922851562
77600,0.102294921875
77601,0.1025390625
77602,0.100952148438
77603,0.09521484375
77604,0.0927124023438
77605,0.0965576171875
77606,0.107421875
77607,0.106872558594
77608,0.1064453125
77609,0.110290527344
77610,0.107727050781
77611,0.105285644531
77612,0.118225097656
77613,0.112548828125
77614,0.111450195312
77615,0.113891601562
77616,0.112854003906
77617,0.109130859375
77618,0.105163574219
77619,0.102783203125
77620,0.101440429688
77621,0.108581542969
77622,0.106872558594
77623,0.107543945312
77624,0.112976074219
77625,0.111999511719
77626,0.110961914062
77627,0.11181640625
77628,0.107727050781
77629,0.111633300781
77630,0.112182617188
77631,0.113220214844
77632,0.108337402344
77633,0.108276367188
77634,0.108337402344
77635,0.108703613281
77636,0.110595703125
77637,0.111877441406
77638,0.110290527344
77639,0.103210449219
77640,0.105285644531
77641,0.108825683594
77642,0.0809326171875
77643,0.0863647460938
77644,0.0855102539062
77645,0.0868530273438
77646,0.0883178710938
77647,0.0897216796875
77648,0.0914916992188
77649,0.0923461914062
77650,0.0896606445312
77651,0.0916137695312
77652,0.0917358398438
77653,0.100708007812
77654,0.101501464844
77655,0.101013183594
77656,0.103637695312
77657,0.100830078125
77658,0.103393554688
77659,0.100524902344
77660,0.0983276367188
77661,0.103210449219
77662,0.106689453125
77663,0.103271484375
77664,0.103454589844
77665,0.106567382812
77666,0.101928710938
77667,0.0947265625
77668,0.0928344726562
77669,0.0884399414062
77670,0.0906372070312
77671,0.0938110351562
77672,0.0843505859375
77673,0.0865478515625
77674,0.0877685546875
77675,0.084228515625
77676,0.0889892578125
77677,0.1044921875
77678,0.101257324219
77679,0.102722167969
77680,0.0993041992188
77681,0.105285644531
77682,0.100402832031
77683,0.099365234375
77684,0.0910034179688
77685,0.0912475585938
77686,0.0922241210938
77687,0.0943603515625
77688,0.0958862304688
77689,0.096923828125
77690,0.0989990234375
77691,0.0986328125
77692,0.098876953125
77693,0.097412109375
77694,0.0994873046875
77695,0.108032226562
77696,0.108520507812
77697,0.10986328125
77698,0.107238769531
77699,0.1083984375
77700,0.0906372070312
77701,0.0914306640625
77702,0.0872192382812
77703,0.0816040039062
77704,0.0814208984375
77705,0.0789184570312
77706,0.0807495117188
77707,0.08349609375
77708,0.0803833007812
77709,0.0836791992188
77710,0.0853881835938
77711,0.0860595703125
77712,0.0877685546875
77713,0.0910034179688
77714,0.0875854492188
77715,0.0927124023438
77716,0.0904541015625
77717,0.0916137695312
77718,0.0935668945312
77719,0.0933837890625
77720,0.0921020507812
77721,0.093017578125
77722,0.0906982421875
77723,0.0933837890625
77724,0.0841674804688
77725,0.0953979492188
77726,0.0980224609375
77727,0.09521484375
77728,0.0977783203125
77729,0.0933837890625
77730,0.0980224609375
77731,0.100341796875
77732,0.0823974609375
77733,0.0803833007812
77734,0.0806274414062
77735,0.0806274414062
77736,0.0762329101562
77737,0.0733032226562
77738,0.0753784179688
77739,0.0763549804688
77740,0.0785522460938
77741,0.0780639648438
77742,0.0803833007812
77743,0.0818481445312
77744,0.0814819335938
77745,0.0761108398438
77746,0.0741577148438
77747,0.0753173828125
77748,0.0748901367188
77749,0.08203125
77750,0.0823974609375
77751,0.0825805664062
77752,0.0794677734375
77753,0.0790405273438
77754,0.08203125
77755,0.0772705078125
77756,0.0765991210938
77757,0.0811767578125
77758,0.0819702148438
77759,0.0806274414062
77760,0.0831909179688
77761,0.0865478515625
77762,0.0865478515625
77763,0.0869140625
77764,0.0858154296875
77765,0.0863647460938
77766,0.088134765625
77767,0.0895385742188
77768,0.0888061523438
77769,0.0849609375
77770,0.0874633789062
77771,0.101684570312
77772,0.100646972656
77773,0.104919433594
77774,0.100708007812
77775,0.101928710938
77776,0.0943603515625
77777,0.097412109375
77778,0.0975341796875
77779,0.09765625
77780,0.09716796875
77781,0.101379394531
77782,0.098876953125
77783,0.0960083007812
77784,0.09765625
77785,0.0974731445312
77786,0.0997314453125
77787,0.105102539062
77788,0.107604980469
77789,0.103271484375
77790,0.107299804688
77791,0.109497070312
77792,0.105041503906
77793,0.105407714844
77794,0.104370117188
77795,0.100769042969
77796,0.101257324219
77797,0.0996704101562
77798,0.0994873046875
77799,0.100219726562
77800,0.106079101562
77801,0.106323242188
77802,0.104919433594
77803,0.109802246094
77804,0.106018066406
77805,0.109924316406
77806,0.112609863281
77807,0.108825683594
77808,0.109619140625
77809,0.104553222656
77810,0.107360839844
77811,0.0950317382812
77812,0.0953979492188
77813,0.0985107421875
77814,0.1015625
77815,0.100891113281
77816,0.10009765625
77817,0.103820800781
77818,0.098388671875
77819,0.095458984375
77820,0.100830078125
77821,0.0972290039062
77822,0.0965576171875
77823,0.1015625
77824,0.106262207031
77825,0.104675292969
77826,0.102172851562
77827,0.105529785156
77828,0.106872558594
77829,0.101501464844
77830,0.108764648438
77831,0.10546875
77832,0.104370117188
77833,0.101928710938
77834,0.100708007812
77835,0.101684570312
77836,0.0999145507812
77837,0.101806640625
77838,0.0983276367188
77839,0.100158691406
77840,0.0955200195312
77841,0.0938110351562
77842,0.09423828125
77843,0.093994140625
77844,0.0962524414062
77845,0.0975952148438
77846,0.09423828125
77847,0.0926513671875
77848,0.095947265625
77849,0.0953979492188
77850,0.0987548828125
77851,0.106201171875
77852,0.103942871094
77853,0.101684570312
77854,0.104553222656
77855,0.0995483398438
77856,0.0921020507812
77857,0.0941162109375
77858,0.0977783203125
77859,0.0859375
77860,0.078857421875
77861,0.0811767578125
77862,0.0836791992188
77863,0.0845947265625
77864,0.0823364257812
77865,0.0831909179688
77866,0.0852661132812
77867,0.0848388671875
77868,0.0857543945312
77869,0.0810546875
77870,0.0864868164062
77871,0.0852661132812
77872,0.0823364257812
77873,0.07958984375
77874,0.07861328125
77875,0.0827026367188
77876,0.0829467773438
77877,0.0827026367188
77878,0.0803833007812
77879,0.0791015625
77880,0.0775146484375
77881,0.0792236328125
77882,0.078125
77883,0.0779418945312
77884,0.078125
77885,0.078857421875
77886,0.0845947265625
77887,0.0803833007812
77888,0.0811767578125
77889,0.0828857421875
77890,0.0818481445312
77891,0.0858764648438
77892,0.0848999023438
77893,0.0897216796875
77894,0.0797119140625
77895,0.0831909179688
77896,0.0929565429688
77897,0.0897827148438
77898,0.083740234375
77899,0.0822143554688
77900,0.0847778320312
77901,0.082763671875
77902,0.0858154296875
77903,0.0795288085938
77904,0.0800170898438
77905,0.0809936523438
77906,0.0818481445312
77907,0.0846557617188
77908,0.0808715820312
77909,0.08349609375
77910,0.0811157226562
77911,0.0806274414062
77912,0.0777587890625
77913,0.0777587890625
77914,0.0772705078125
77915,0.0773315429688
77916,0.077392578125
77917,0.0757446289062
77918,0.07861328125
77919,0.08154296875
77920,0.078857421875
77921,0.0804443359375
77922,0.0807495117188
77923,0.0801391601562
77924,0.0789184570312
77925,0.0789794921875
77926,0.0812377929688
77927,0.08544921875
77928,0.0863037109375
77929,0.0863037109375
77930,0.0868530273438
77931,0.0870971679688
77932,0.0881958007812
77933,0.0874633789062
77934,0.08740234375
77935,0.086669921875
77936,0.0816040039062
77937,0.0806884765625
77938,0.0811157226562
77939,0.0771484375
77940,0.0747680664062
77941,0.0774536132812
77942,0.0742797851562
77943,0.0772094726562
77944,0.0708618164062
77945,0.0716552734375
77946,0.0737915039062
77947,0.0693359375
77948,0.0675048828125
77949,0.0687866210938
77950,0.0686645507812
77951,0.0675659179688
77952,0.0680541992188
77953,0.0687255859375
77954,0.0689086914062
77955,0.0707397460938
77956,0.07373046875
77957,0.0767211914062
77958,0.0763549804688
77959,0.0758666992188
77960,0.0722045898438
77961,0.0701904296875
77962,0.0718383789062
77963,0.06884765625
77964,0.0670776367188
77965,0.0682983398438
77966,0.06982421875
77967,0.0692138671875
77968,0.0673828125
77969,0.0699462890625
77970,0.0691528320312
77971,0.0696411132812
77972,0.07177734375
77973,0.0726318359375
77974,0.0751342773438
77975,0.0770263671875
77976,0.0690307617188
77977,0.0689697265625
77978,0.0690307617188
77979,0.0739135742188
77980,0.07177734375
77981,0.0736694335938
77982,0.0755615234375
77983,0.0753173828125
77984,0.0750732421875
77985,0.0750732421875
77986,0.0773315429688
77987,0.078125
77988,0.0820922851562
77989,0.084228515625
77990,0.0717163085938
77991,0.0772705078125
77992,0.0758666992188
77993,0.0753784179688
77994,0.0699462890625
77995,0.0722045898438
77996,0.0645141601562
77997,0.0651245117188
77998,0.064208984375
77999,0.0614929199219
78000,0.064453125
78001,0.0696411132812
78002,0.0708618164062
78003,0.0670776367188
78004,0.0684204101562
78005,0.070068359375
78006,0.069091796875
78007,0.0704345703125
78008,0.0703735351562
78009,0.0709228515625
78010,0.0726318359375
78011,0.067626953125
78012,0.0674438476562
78013,0.0703125
78014,0.06884765625
78015,0.0702514648438
78016,0.068359375
78017,0.064697265625
78018,0.0640869140625
78019,0.0662841796875
78020,0.0674438476562
78021,0.0678100585938
78022,0.0658569335938
78023,0.0618591308594
78024,0.0603637695312
78025,0.0621948242188
78026,0.0597534179688
78027,0.0570373535156
78028,0.0577392578125
78029,0.0609130859375
78030,0.0596008300781
78031,0.0596008300781
78032,0.0643920898438
78033,0.063232421875
78034,0.0616149902344
78035,0.0694580078125
78036,0.0703125
78037,0.0684814453125
78038,0.0707397460938
78039,0.072265625
78040,0.07421875
78041,0.074951171875
78042,0.0712280273438
78043,0.0690307617188
78044,0.069580078125
78045,0.0720825195312
78046,0.0700073242188
78047,0.0723266601562
78048,0.0713500976562
78049,0.076904296875
78050,0.0763549804688
78051,0.0732421875
78052,0.0746459960938
78053,0.07568359375
78054,0.0775756835938
78055,0.0747680664062
78056,0.0745239257812
78057,0.0748291015625
78058,0.0726928710938
78059,0.0743408203125
78060,0.0750122070312
78061,0.0740966796875
78062,0.0726318359375
78063,0.0695190429688
78064,0.0712890625
78065,0.0707397460938
78066,0.0698852539062
78067,0.0709838867188
78068,0.072021484375
78069,0.07666015625
78070,0.068603515625
78071,0.063720703125
78072,0.0690307617188
78073,0.0718383789062
78074,0.0716552734375
78075,0.0715942382812
78076,0.0771484375
78077,0.075927734375
78078,0.0736694335938
78079,0.0765380859375
78080,0.0800170898438
78081,0.0729370117188
78082,0.0739135742188
78083,0.0778198242188
78084,0.0762329101562
78085,0.0794677734375
78086,0.078857421875
78087,0.0792236328125
78088,0.0816650390625
78089,0.0812377929688
78090,0.0827026367188
78091,0.101379394531
78092,0.095947265625
78093,0.0988159179688
78094,0.0980224609375
78095,0.0964965820312
78096,0.103332519531
78097,0.0955200195312
78098,0.0986328125
78099,0.092529296875
78100,0.097900390625
78101,0.0980834960938
78102,0.0930786132812
78103,0.0948486328125
78104,0.08984375
78105,0.0911865234375
78106,0.0938720703125
78107,0.0931396484375
78108,0.0897216796875
78109,0.0906982421875
78110,0.0889282226562
78111,0.0882568359375
78112,0.0874633789062
78113,0.0845336914062
78114,0.102355957031
78115,0.108764648438
78116,0.106750488281
78117,0.1064453125
78118,0.105346679688
78119,0.091552734375
78120,0.091064453125
78121,0.093017578125
78122,0.0930786132812
78123,0.0925903320312
78124,0.0950317382812
78125,0.0899047851562
78126,0.095703125
78127,0.089599609375
78128,0.0949096679688
78129,0.0950317382812
78130,0.097412109375
78131,0.0919189453125
78132,0.0810546875
78133,0.08251953125
78134,0.0819702148438
78135,0.0791625976562
78136,0.0823974609375
78137,0.0830078125
78138,0.0836791992188
78139,0.080810546875
78140,0.0819091796875
78141,0.0958862304688
78142,0.0968017578125
78143,0.0916137695312
78144,0.0922241210938
78145,0.0941162109375
78146,0.0986938476562
78147,0.0945434570312
78148,0.0946044921875
78149,0.0942993164062
78150,0.095458984375
78151,0.0924682617188
78152,0.0888061523438
78153,0.0887451171875
78154,0.0894775390625
78155,0.0932006835938
78156,0.0943603515625
78157,0.0927734375
78158,0.0935668945312
78159,0.0938110351562
78160,0.0883178710938
78161,0.0872802734375
78162,0.0921630859375
78163,0.100219726562
78164,0.09912109375
78165,0.098876953125
78166,0.095947265625
78167,0.101013183594
78168,0.101257324219
78169,0.0997314453125
78170,0.101135253906
78171,0.0968627929688
78172,0.096435546875
78173,0.0960083007812
78174,0.100524902344
78175,0.0960083007812
78176,0.0993041992188
78177,0.097900390625
78178,0.0972900390625
78179,0.0956420898438
78180,0.0809936523438
78181,0.0817260742188
78182,0.080810546875
78183,0.0841674804688
78184,0.08349609375
78185,0.08251953125
78186,0.0770874023438
78187,0.0779418945312
78188,0.0824584960938
78189,0.0811767578125
78190,0.0836791992188
78191,0.0863647460938
78192,0.0861206054688
78193,0.0858154296875
78194,0.0822143554688
78195,0.0817260742188
78196,0.0924682617188
78197,0.0848388671875
78198,0.0941162109375
78199,0.0964965820312
78200,0.0924072265625
78201,0.0935668945312
78202,0.083740234375
