4,0.0
5,0.0
6,0.0
7,0.0
8,0.0
9,0.0
10,0.0
11,0.0
12,0.0
13,0.0
14,0.0
15,0.0
16,0.0
17,0.0
18,0.0
19,0.0
20,0.0
21,0.0
22,0.0
23,0.0
24,0.0
25,0.0
26,0.0
27,0.0
28,0.0
29,0.0
30,0.0
31,0.0
32,0.0
33,0.0
34,0.0
35,0.0
36,0.0
37,0.0
38,0.0
39,0.0
40,0.0
41,0.0
42,0.0
43,0.0
44,0.0
45,0.0
46,0.0
47,0.0
48,0.0
49,0.0
50,0.0
51,0.0
52,0.0
53,0.0
54,0.0
55,0.0
56,0.0
57,0.0
58,0.0
59,0.0
60,0.0
61,0.0
62,0.0
63,0.0
64,0.0
65,0.0
66,0.0
67,0.0
68,0.0
69,0.0
70,0.0
71,0.0
72,0.0
73,0.0
74,0.0
75,0.0
76,0.0
77,0.0
78,0.0
79,0.0
80,0.0
81,0.0
82,0.0
83,0.0
84,0.0
85,0.0
86,0.0
87,0.0
88,0.0
89,0.0
90,0.0
91,0.0
92,0.0
93,0.0
94,0.0
95,0.0
96,0.0
97,0.0
98,0.0
99,0.0
100,0.0
101,0.0
102,0.0
103,0.0
104,0.0
105,0.0
106,0.0
107,0.0
108,0.0
109,0.0
110,0.0
111,0.0
112,0.0
113,0.0
114,0.0
115,0.0
116,0.0
117,0.0
118,0.0
119,0.0
120,0.0
121,0.0
122,0.0
123,0.0
124,0.0
125,0.0
126,0.0
127,0.0
128,0.0
129,0.0
130,0.0
131,0.0
132,0.0
133,0.0
134,0.0
135,0.0
136,0.0
137,0.0
138,0.0
139,0.0
140,0.0
141,0.0
142,0.0
143,0.0
144,0.0
145,0.0
146,0.0
147,0.0
148,0.0
149,0.0
150,0.0
151,0.0
152,0.0
153,0.0
154,0.0
155,0.0
156,0.0
157,0.0
158,0.0
159,0.0
160,0.0
161,0.0
162,0.0
163,0.0
164,0.0
165,0.0
166,0.0
167,0.0
168,0.0
169,0.0
170,0.0
171,0.0
172,0.0
173,0.0
174,0.0
175,0.0
176,0.0
177,0.0
178,0.0
179,0.0
180,0.0
181,0.0
182,0.0
183,0.0
184,0.0
185,0.0
186,0.0
187,0.0
188,0.0
189,0.0
190,0.0
191,0.0
192,0.0
193,0.0
194,0.0
195,0.0
196,0.0
197,0.0
198,0.0
199,0.0
200,0.0
201,0.0
202,0.0
203,0.0
204,0.0
205,0.0
206,0.0
207,0.0
208,0.0
209,0.0
210,0.0
211,0.0
212,0.0
213,0.0
214,0.0
215,0.0
216,0.0
217,0.0
218,0.0
219,0.0
220,0.0
221,0.0
222,0.0
223,0.0
224,0.0
225,0.0
226,0.0
227,0.0
228,0.0
229,0.0
230,0.0
231,0.0
232,0.0
233,0.0
234,0.0
235,0.0
236,0.0
237,0.0
238,0.0
239,0.0
240,0.0
241,0.0
242,0.0
243,0.0
244,0.0
245,0.0
246,0.0
247,0.0
248,0.0
249,0.0
250,0.0
251,0.0
252,0.0
253,0.0
254,0.0
255,0.0
256,0.0
257,0.0
258,0.0
259,0.0
260,0.0
261,0.0
262,0.0
263,0.0
264,0.0
265,0.0
266,0.0
267,0.0
268,0.0
269,0.0
270,0.0
271,0.0
272,0.0
273,0.0
274,0.0
275,0.0
276,0.0
277,0.0
278,0.0
279,0.0
280,0.0
281,0.0
282,0.0
283,0.0
284,0.0
285,0.0
286,0.0
287,0.0
288,0.0
289,0.0
290,0.0
291,0.0
292,0.0
293,0.0
294,0.0
295,0.0
296,0.0
297,0.0
298,0.0
299,0.0
300,0.0
301,0.0
302,0.0
303,0.0
304,0.0
305,0.0
306,0.0
307,0.0
308,0.0
309,0.0
310,0.0
311,0.0
312,0.0
313,0.0
314,0.0
315,0.0
316,0.0
317,0.0
318,0.0
319,0.0
320,0.0
321,0.0
322,0.0
323,0.0
324,0.0
325,0.0
326,0.0
327,0.0
328,0.0
329,0.0
330,0.0
331,0.0
332,0.0
333,0.0
334,0.0
335,0.0
336,0.0
337,0.0
338,0.0
339,0.0
340,0.0
341,0.0
342,0.0
343,0.0
344,0.0
345,0.0
346,0.0
347,0.0
348,0.0
349,0.0
350,0.0
351,0.0
352,0.0
353,0.0
354,0.0
355,0.0
356,0.0
357,0.0
358,0.0
359,0.0
360,0.0
361,0.0
362,0.0
363,0.0
364,0.0
365,0.0
366,0.0
367,0.0
368,0.0
369,0.0
370,0.0
371,0.0
372,0.0
373,0.0
374,0.0
375,0.0
376,0.0
377,0.0
378,0.0
379,0.0
380,0.0
381,0.0
382,0.0
383,0.0
384,0.0
385,0.0
386,0.0
387,0.0
388,0.0
389,0.0
390,0.0
391,0.0
392,0.0
393,0.0
394,0.0
395,0.0
396,0.0
397,0.0
398,0.0
399,0.0
400,0.0
401,0.0
402,0.0
403,0.0
404,0.0
405,0.0
406,0.0
407,0.0
408,0.0
409,0.0
410,0.0
411,0.0
412,0.0
413,0.0
414,0.0
415,0.0
416,0.0
417,0.0
418,0.0
419,0.0
420,0.0
421,0.0
422,0.0
423,0.0
424,0.0
425,0.0
426,0.0
427,0.0
428,0.0
429,0.0
430,0.0
431,0.0
432,0.0
433,0.0
434,0.0
435,0.0
436,0.0
437,0.0
438,0.0
439,0.0
440,0.0
441,0.0
442,0.0
443,0.0
444,0.0
445,0.0
446,0.0
447,0.0
448,0.0
449,0.0
450,0.0
451,0.0
452,0.0
453,0.0
454,0.0
455,0.0
456,0.0
457,0.0
458,0.0
459,0.0
460,0.0
461,0.0
462,0.0
463,0.0
464,0.0
465,0.0
466,0.0
467,0.0
468,0.0
469,0.0
470,0.0
471,0.0
472,0.0
473,0.0
474,0.0
475,0.0
476,0.0
477,0.0
478,0.0
479,0.0
480,0.0
481,0.0
482,0.0
483,0.0
484,0.0
485,0.0
486,0.0
487,0.0
488,0.0
489,0.0
490,0.0
491,0.0
492,0.0
493,0.0
494,0.0
495,0.0
496,0.0
497,0.0
498,0.0
499,0.0
500,0.0
501,0.0
502,0.0
503,0.0
504,0.0
505,0.0
506,0.0
507,0.0
508,0.0
509,0.0
510,0.0
511,0.0
512,0.0
513,0.0
514,0.0
515,0.0
516,0.0
517,0.0
518,0.0
519,0.0
520,0.0
521,0.0
522,0.0
523,0.0
524,0.0
525,0.0
526,0.0
527,0.0
528,0.0
529,0.0
530,0.0
531,0.0
532,0.0
533,0.0
534,0.0
535,0.0
536,0.0
537,0.0
538,0.0
539,0.0
540,0.0
541,0.0
542,0.0
543,0.0
544,0.0
545,0.0
546,0.0
547,0.0
548,0.0
549,0.0
550,0.0
551,0.0
552,0.0
553,0.0
554,0.0
555,0.0
556,0.0
557,0.0
558,0.0
559,0.0
560,0.0
561,0.0
562,0.0
563,0.0
564,0.0
565,0.0
566,0.0
567,0.0
568,0.0
569,0.0
570,0.0
571,0.0
572,0.0
573,0.0
574,0.0
575,0.0
576,0.0
577,0.0
578,0.0
579,0.0
580,0.0
581,0.0
582,0.0
583,0.0
584,0.0
585,0.0
586,0.0
587,0.0
588,0.0
589,0.0
590,0.0
591,0.0
592,0.0
593,0.0
594,0.0
595,0.0
596,0.0
597,0.0
598,0.0
599,0.0
600,0.0
601,0.0
602,0.0
603,0.0
604,0.0
605,0.0
606,0.0
607,0.0
608,0.0
609,0.0
610,0.0
611,0.0
612,0.0
613,0.0
614,0.0
615,0.0
616,0.0
617,0.0
618,0.0
619,0.0
620,0.0
621,0.0
622,0.0
623,0.0
624,0.0
625,0.0
626,0.0
627,0.0
628,0.0
629,0.0
630,0.0
631,0.0
632,0.0
633,0.0
634,0.0
635,0.0
636,0.0
637,0.0
638,0.0
639,0.0
640,0.0
641,0.0
642,0.0
643,0.0
644,0.0
645,0.0
646,0.0
647,0.0
648,0.0
649,0.0
650,0.0
651,0.0
652,0.0
653,0.0
654,0.0
655,0.0
656,0.0
657,0.0
658,0.0
659,0.0
660,0.0
661,0.0
662,0.0
663,0.0
664,0.0
665,0.0
666,0.0
667,0.0
668,0.0
669,0.0
670,0.0
671,0.0
672,0.0
673,0.0
674,0.0
675,0.0
676,0.0
677,0.0
678,0.0
679,0.0
680,0.0
681,0.0
682,0.0
683,0.0
684,0.0
685,0.0
686,0.0
687,0.0
688,0.0
689,0.0
690,0.0
691,0.0
692,0.0
693,0.0
694,0.0
695,0.0
696,0.0
697,0.0
698,0.0
699,0.0
700,0.0
701,0.0
702,0.0
703,0.0
704,0.0
705,0.0
706,0.0
707,0.0
708,0.0
709,0.0
710,0.0
711,0.0
712,0.0
713,0.0
714,0.0
715,0.0
716,0.0
717,0.0
718,0.0
719,0.0
720,0.0
721,0.0
722,0.0
723,0.0
724,0.0
725,0.0
726,0.0
727,0.0
728,0.0
729,0.0
730,0.0
731,0.0
732,0.0
733,0.0
734,0.0
735,0.0
736,0.0
737,0.0
738,0.0
739,0.0
740,0.0
741,0.0
742,0.0
743,0.0
744,0.0
745,0.0
746,0.0
747,0.0
748,0.0
749,0.0
750,0.0
751,0.0
752,0.0
753,0.0
754,0.0
755,0.0
756,0.0
757,0.0
758,0.0
759,0.0
760,0.0
761,0.0
762,0.0
763,0.0
764,0.0
765,0.0
766,0.0
767,0.0
768,0.0
769,0.0
770,0.0
771,0.0
772,0.0
773,0.0
774,0.0
775,0.0
776,0.0
777,0.0
778,0.0
779,0.0
780,0.0
781,0.0
782,0.0
783,0.0
784,0.0
786,0.0
787,0.00273895263672
788,0.0120468139648
789,0.0235748291016
790,0.0348815917969
791,0.0437622070312
792,0.0486145019531
793,0.0545043945312
794,0.060546875
795,0.0630493164062
796,0.0661010742188
797,0.0702514648438
798,0.0717163085938
799,0.072021484375
800,0.0748901367188
801,0.0740966796875
802,0.07373046875
803,0.0762329101562
804,0.07666015625
805,0.0787963867188
806,0.07373046875
807,0.0733642578125
808,0.074462890625
809,0.0802001953125
810,0.0800170898438
811,0.0696411132812
812,0.0746459960938
813,0.0681762695312
814,0.0689697265625
815,0.0703735351562
816,0.069580078125
817,0.0759887695312
818,0.07373046875
819,0.0729370117188
820,0.0802001953125
821,0.0778198242188
822,0.078369140625
823,0.0794067382812
824,0.0840454101562
825,0.07275390625
826,0.0755615234375
827,0.0656127929688
828,0.067138671875
829,0.06982421875
830,0.0728759765625
831,0.075927734375
832,0.0726928710938
833,0.0721435546875
834,0.0718383789062
835,0.0726928710938
836,0.0720825195312
837,0.0704956054688
838,0.0782470703125
839,0.0734252929688
840,0.0692749023438
841,0.0699462890625
842,0.0681762695312
843,0.0680541992188
844,0.0718383789062
845,0.0728759765625
846,0.0638427734375
847,0.0645141601562
848,0.069091796875
849,0.0671997070312
850,0.0682983398438
851,0.06640625
852,0.0657348632812
853,0.0656127929688
854,0.0665283203125
855,0.07080078125
856,0.0713500976562
857,0.0684204101562
858,0.0689697265625
859,0.0682373046875
860,0.071044921875
861,0.0673217773438
862,0.0693969726562
863,0.0670166015625
864,0.0679931640625
865,0.0709228515625
866,0.0755004882812
867,0.0748901367188
868,0.0711059570312
869,0.07958984375
870,0.0782470703125
871,0.0760498046875
872,0.0755615234375
873,0.072998046875
874,0.0755615234375
875,0.0765991210938
876,0.07373046875
877,0.073486328125
878,0.0724487304688
879,0.0714721679688
880,0.0753173828125
881,0.0713500976562
882,0.0709228515625
883,0.0685424804688
884,0.067138671875
885,0.0676879882812
886,0.0685424804688
887,0.068359375
888,0.0712890625
889,0.0762329101562
890,0.0680541992188
891,0.0772705078125
892,0.077880859375
893,0.0771484375
894,0.0800170898438
895,0.0696411132812
896,0.0744018554688
897,0.0740356445312
898,0.068359375
899,0.0768432617188
900,0.0784912109375
901,0.0821533203125
902,0.0693359375
903,0.0685424804688
904,0.0675659179688
905,0.0755615234375
906,0.0711669921875
907,0.0736083984375
908,0.06884765625
909,0.0654907226562
910,0.0695190429688
911,0.0750732421875
912,0.070556640625
913,0.0745849609375
914,0.0702514648438
915,0.0676879882812
916,0.0729370117188
917,0.0676879882812
918,0.06884765625
919,0.06787109375
920,0.0635986328125
921,0.0654296875
922,0.0665283203125
923,0.0681762695312
924,0.0709228515625
925,0.0702514648438
926,0.0703735351562
927,0.0721435546875
928,0.0757446289062
929,0.0732421875
930,0.0744018554688
931,0.0758056640625
932,0.0758056640625
933,0.0728759765625
934,0.0745239257812
935,0.0665283203125
936,0.071044921875
937,0.0706176757812
938,0.0703125
939,0.0677490234375
940,0.0725708007812
941,0.0711669921875
942,0.070556640625
943,0.0687866210938
944,0.0676879882812
945,0.0692138671875
946,0.0695190429688
947,0.0694580078125
948,0.0712890625
949,0.0706176757812
950,0.0684814453125
951,0.070068359375
952,0.0715942382812
953,0.0745849609375
954,0.0716552734375
955,0.0680541992188
956,0.0687255859375
957,0.0682983398438
958,0.072021484375
959,0.0692749023438
960,0.0717163085938
961,0.0675048828125
962,0.0669555664062
963,0.0668334960938
964,0.0719604492188
965,0.0685424804688
966,0.0729370117188
967,0.0703125
968,0.07373046875
969,0.0707397460938
970,0.0692749023438
971,0.0662231445312
972,0.0671997070312
973,0.0653686523438
974,0.06396484375
975,0.0653686523438
976,0.0687866210938
977,0.0720825195312
978,0.0706787109375
979,0.0722045898438
980,0.0741577148438
981,0.0711059570312
982,0.0689697265625
983,0.0732421875
984,0.071533203125
985,0.0665283203125
986,0.0661010742188
987,0.0654296875
988,0.0679931640625
989,0.0693359375
990,0.0667724609375
991,0.065185546875
992,0.0680541992188
993,0.0690307617188
994,0.068359375
995,0.0718994140625
996,0.070556640625
997,0.0669555664062
998,0.0614624023438
999,0.0635375976562
1000,0.06787109375
1001,0.0648803710938
1002,0.0656127929688
1003,0.0678100585938
1004,0.0689086914062
1005,0.0694580078125
1006,0.066650390625
1007,0.0690307617188
1008,0.067626953125
1009,0.0704345703125
1010,0.0712280273438
1011,0.0700073242188
1012,0.0706176757812
1013,0.0706176757812
1014,0.0712280273438
1015,0.0759887695312
1016,0.0717163085938
1017,0.0748291015625
1018,0.078857421875
1019,0.0667114257812
1020,0.0750732421875
1021,0.0723266601562
1022,0.0731811523438
1023,0.0738525390625
1024,0.0673828125
1025,0.07275390625
1026,0.0732421875
1027,0.0696411132812
1028,0.0707397460938
1029,0.0682983398438
1030,0.0675048828125
1031,0.0689697265625
1032,0.0670166015625
1033,0.069580078125
1034,0.0690307617188
1035,0.0686645507812
1036,0.0674438476562
1037,0.0726928710938
1038,0.0684814453125
1039,0.066162109375
1040,0.0675048828125
1041,0.0682983398438
1042,0.0751953125
1043,0.0743408203125
1044,0.0724487304688
1045,0.074462890625
1046,0.0762329101562
1047,0.0701293945312
1048,0.0675048828125
1049,0.0685424804688
1050,0.0702514648438
1051,0.07568359375
1052,0.072998046875
1053,0.072021484375
1054,0.0698852539062
1055,0.0694580078125
1056,0.0746459960938
1057,0.0748291015625
1058,0.0687255859375
1059,0.0685424804688
1060,0.0715942382812
1061,0.0747680664062
1062,0.0689086914062
1063,0.0765991210938
1064,0.07421875
1065,0.0722045898438
1066,0.0730590820312
1067,0.0733032226562
1068,0.0680541992188
1069,0.0720825195312
1070,0.0738525390625
1071,0.0674438476562
1072,0.0682373046875
1073,0.0706787109375
1074,0.0721435546875
1075,0.0712280273438
1076,0.0675659179688
1077,0.0643310546875
1078,0.068603515625
1079,0.0672607421875
1080,0.072265625
1081,0.0739135742188
1082,0.072021484375
1083,0.0693969726562
1084,0.0673828125
1085,0.0714111328125
1086,0.0735473632812
1087,0.0674438476562
1088,0.0653076171875
1089,0.0675659179688
1090,0.0653076171875
1091,0.0686645507812
1092,0.0700073242188
1093,0.0652465820312
1094,0.0651245117188
1095,0.0647583007812
1096,0.0635375976562
1097,0.0701293945312
1098,0.0699462890625
1099,0.0645751953125
1100,0.0699462890625
1101,0.0701293945312
1102,0.0716552734375
1103,0.0692138671875
1104,0.0704956054688
1105,0.0719604492188
1106,0.0733032226562
1107,0.072509765625
1108,0.0772705078125
1109,0.0735473632812
1110,0.072265625
1111,0.0794677734375
1112,0.0806274414062
1113,0.0714721679688
1114,0.0718383789062
1115,0.0661010742188
1116,0.0654907226562
1117,0.0645141601562
1118,0.0645751953125
1119,0.0657958984375
1120,0.0631713867188
1121,0.0608825683594
1122,0.0637817382812
1123,0.0643920898438
1124,0.0656127929688
1125,0.0681762695312
1126,0.0713500976562
1127,0.0694580078125
1128,0.0690307617188
1129,0.0693359375
1130,0.0731201171875
1131,0.0743408203125
1132,0.0694580078125
1133,0.0746459960938
1134,0.0737915039062
1135,0.0758056640625
1136,0.0745849609375
1137,0.0738525390625
1138,0.0741577148438
1139,0.0701293945312
1140,0.0724487304688
1141,0.0772705078125
1142,0.0819702148438
1143,0.0834350585938
1144,0.0855102539062
1145,0.0824584960938
1146,0.0831298828125
1147,0.080078125
1148,0.0799560546875
1149,0.08154296875
1150,0.0771484375
1151,0.0748901367188
1152,0.0753173828125
1153,0.071044921875
1154,0.0716552734375
1155,0.0699462890625
1156,0.06787109375
1157,0.069091796875
1158,0.0697021484375
1159,0.0691528320312
1160,0.0738525390625
1161,0.0745239257812
1162,0.074951171875
1163,0.0730590820312
1164,0.0708618164062
1165,0.0696411132812
1166,0.0728149414062
1167,0.0701904296875
1168,0.0676879882812
1169,0.0692138671875
1170,0.0736083984375
1171,0.0731811523438
1172,0.072265625
1173,0.0706176757812
1174,0.0747680664062
1175,0.07470703125
1176,0.077880859375
1177,0.0775756835938
1178,0.0736083984375
1179,0.0758056640625
1180,0.0739135742188
1181,0.0746459960938
1182,0.0740356445312
1183,0.0723266601562
1184,0.072265625
1185,0.0723266601562
1186,0.0770874023438
1187,0.0720825195312
1188,0.0723876953125
1189,0.07470703125
1190,0.0689086914062
1191,0.0709228515625
1192,0.07763671875
1193,0.0774536132812
1194,0.0748291015625
1195,0.076416015625
1196,0.0718383789062
1197,0.0765991210938
1198,0.0762939453125
1199,0.0751342773438
1200,0.073486328125
1201,0.0763549804688
1202,0.0733642578125
1203,0.07421875
1204,0.0758666992188
1205,0.0760498046875
1206,0.070556640625
1207,0.0716552734375
1208,0.0728759765625
1209,0.0733642578125
1210,0.0763549804688
1211,0.0701904296875
1212,0.0709838867188
1213,0.0714721679688
1214,0.07861328125
1215,0.07568359375
1216,0.0761108398438
1217,0.0712890625
1218,0.0707397460938
1219,0.0792236328125
1220,0.0800170898438
1221,0.0812377929688
1222,0.0885620117188
1223,0.0853881835938
1224,0.0882568359375
1225,0.0842895507812
1226,0.0791625976562
1227,0.0736694335938
1228,0.0686645507812
1229,0.0755615234375
1230,0.0706787109375
1231,0.07666015625
1232,0.0767211914062
1233,0.0764770507812
1234,0.0796508789062
1235,0.0764770507812
1236,0.0762939453125
1237,0.07763671875
1238,0.0748901367188
1239,0.0789184570312
1240,0.0819702148438
1241,0.07275390625
1242,0.0728759765625
1243,0.0806274414062
1244,0.0779418945312
1245,0.0774536132812
1246,0.0731811523438
1247,0.0808715820312
1248,0.0833740234375
1249,0.0863037109375
1250,0.0831909179688
1251,0.083984375
1252,0.081787109375
1253,0.0779418945312
1254,0.077880859375
1255,0.077880859375
1256,0.0820922851562
1257,0.079345703125
1258,0.0756225585938
1259,0.0794677734375
1260,0.078125
1261,0.0783081054688
1262,0.0781860351562
1263,0.0762939453125
1264,0.07470703125
1265,0.0740356445312
1266,0.0799560546875
1267,0.0774536132812
1268,0.0698852539062
1269,0.0762329101562
1270,0.079345703125
1271,0.079833984375
1272,0.0767822265625
1273,0.0767211914062
1274,0.0806884765625
1275,0.07958984375
1276,0.077392578125
1277,0.0728759765625
1278,0.076171875
1279,0.0782470703125
1280,0.0753173828125
1281,0.0770874023438
1282,0.0771484375
1283,0.07275390625
1284,0.0736694335938
1285,0.0741577148438
1286,0.07470703125
1287,0.0740966796875
1288,0.0783081054688
1289,0.0806274414062
1290,0.0783081054688
1291,0.0803833007812
1292,0.077880859375
1293,0.08056640625
1294,0.078369140625
1295,0.0850830078125
1296,0.0823364257812
1297,0.0794677734375
1298,0.079833984375
1299,0.0775146484375
1300,0.0761108398438
1301,0.0723266601562
1302,0.07470703125
1303,0.0759887695312
1304,0.074951171875
1305,0.0796508789062
1306,0.0769653320312
1307,0.0806884765625
1308,0.0796508789062
1309,0.0763549804688
1310,0.0790405273438
1311,0.0776977539062
1312,0.0770874023438
1313,0.0760498046875
1314,0.0753173828125
1315,0.0693359375
1316,0.0716552734375
1317,0.07177734375
1318,0.0750732421875
1319,0.0709838867188
1320,0.068359375
1321,0.0684204101562
1322,0.0674438476562
1323,0.0691528320312
1324,0.0703735351562
1325,0.0703735351562
1326,0.0728149414062
1327,0.0774536132812
1328,0.0817260742188
1329,0.0779418945312
1330,0.0752563476562
1331,0.0741577148438
1332,0.071533203125
1333,0.0762939453125
1334,0.0748291015625
1335,0.0787963867188
1336,0.0792846679688
1337,0.078369140625
1338,0.0750732421875
1339,0.0781860351562
1340,0.0758056640625
1341,0.0762939453125
1342,0.0780029296875
1343,0.0747680664062
1344,0.0762939453125
1345,0.0760498046875
1346,0.0775146484375
1347,0.079345703125
1348,0.0755004882812
1349,0.0701293945312
1350,0.0707397460938
1351,0.072021484375
1352,0.0738525390625
1353,0.07763671875
1354,0.0761108398438
1355,0.07666015625
1356,0.0746459960938
1357,0.0706787109375
1358,0.0740966796875
1359,0.0784912109375
1360,0.073974609375
1361,0.07568359375
1362,0.0780029296875
1363,0.0762939453125
1364,0.0816040039062
1365,0.077880859375
1366,0.0811157226562
1367,0.0758666992188
1368,0.07666015625
1369,0.074462890625
1370,0.081298828125
1371,0.0831298828125
1372,0.0801391601562
1373,0.07421875
1374,0.0720825195312
1375,0.0715942382812
1376,0.0723266601562
1377,0.0703735351562
1378,0.0760498046875
1379,0.0759887695312
1380,0.076416015625
1381,0.0726318359375
1382,0.0728759765625
1383,0.0732421875
1384,0.07373046875
1385,0.0758666992188
1386,0.0811767578125
1387,0.0791625976562
1388,0.0860595703125
1389,0.08251953125
1390,0.0773315429688
1391,0.0811767578125
1392,0.0760498046875
1393,0.0789184570312
1394,0.0820922851562
1395,0.0818481445312
1396,0.0781860351562
1397,0.0795288085938
1398,0.0769653320312
1399,0.0820922851562
1400,0.0781860351562
1401,0.0808715820312
1402,0.0872802734375
1403,0.0823364257812
1404,0.0784912109375
1405,0.076904296875
1406,0.0780029296875
1407,0.0779418945312
1408,0.0774536132812
1409,0.0802001953125
1410,0.0772094726562
1411,0.0801391601562
1412,0.0827026367188
1413,0.0814208984375
1414,0.0821533203125
1415,0.084228515625
1416,0.0794677734375
1417,0.0863037109375
1418,0.0812377929688
1419,0.0771484375
1420,0.0739135742188
1421,0.0703125
1422,0.0706787109375
1423,0.0711669921875
1424,0.0750122070312
1425,0.078125
1426,0.0760498046875
1427,0.0772094726562
1428,0.0753173828125
1429,0.0722045898438
1430,0.071533203125
1431,0.0733642578125
1432,0.071533203125
1433,0.0732421875
1434,0.0765991210938
1435,0.07958984375
1436,0.0755004882812
1437,0.0726928710938
1438,0.0701293945312
1439,0.0740966796875
1440,0.0768432617188
1441,0.0752563476562
1442,0.0757446289062
1443,0.0770874023438
1444,0.0807495117188
1445,0.0865478515625
1446,0.084228515625
1447,0.0806884765625
1448,0.0756225585938
1449,0.0767211914062
1450,0.0785522460938
1451,0.0715942382812
1452,0.0718383789062
1453,0.07666015625
1454,0.08154296875
1455,0.0785522460938
1456,0.0751342773438
1457,0.077880859375
1458,0.0769653320312
1459,0.0736083984375
1460,0.0738525390625
1461,0.0748291015625
1462,0.0689086914062
1463,0.074462890625
1464,0.07177734375
1465,0.0744018554688
1466,0.0767822265625
1467,0.0767822265625
1468,0.077880859375
1469,0.080810546875
1470,0.0814208984375
1471,0.0812377929688
1472,0.08251953125
1473,0.0845947265625
1474,0.0811767578125
1475,0.087890625
1476,0.0875244140625
1477,0.0861206054688
1478,0.0870361328125
1479,0.0826416015625
1480,0.0767211914062
1481,0.0750732421875
1482,0.0716552734375
1483,0.0757446289062
1484,0.0742797851562
1485,0.0787353515625
1486,0.0770874023438
1487,0.0719604492188
1488,0.0752563476562
1489,0.0750732421875
1490,0.074951171875
1491,0.0743408203125
1492,0.076904296875
1493,0.07666015625
1494,0.078369140625
1495,0.0770263671875
1496,0.0775146484375
1497,0.0755615234375
1498,0.0724487304688
1499,0.0736694335938
1500,0.0711669921875
1501,0.0764770507812
1502,0.07373046875
1503,0.0734252929688
1504,0.0760498046875
1505,0.0736083984375
1506,0.0776977539062
1507,0.08056640625
1508,0.0841064453125
1509,0.0833129882812
1510,0.08203125
1511,0.0718383789062
1512,0.0744018554688
1513,0.0752563476562
1514,0.06982421875
1515,0.0678100585938
1516,0.0690307617188
1517,0.075439453125
1518,0.0787353515625
1519,0.0753784179688
1520,0.0752563476562
1521,0.0789794921875
1522,0.07373046875
1523,0.07568359375
1524,0.0775146484375
1525,0.0773315429688
1526,0.0772705078125
1527,0.078125
1528,0.0789184570312
1529,0.075927734375
1530,0.0800170898438
1531,0.0831909179688
1532,0.08056640625
1533,0.0833740234375
1534,0.0784912109375
1535,0.0763549804688
1536,0.07373046875
1537,0.0715942382812
1538,0.0736083984375
1539,0.0757446289062
1540,0.07861328125
1541,0.0780639648438
1542,0.0792846679688
1543,0.0791625976562
1544,0.0849609375
1545,0.0888671875
1546,0.0879516601562
1547,0.083984375
1548,0.0899658203125
1549,0.0873413085938
1550,0.0841674804688
1551,0.0810546875
1552,0.0840454101562
1553,0.0768432617188
1554,0.0794067382812
1555,0.080810546875
1556,0.0805053710938
1557,0.081787109375
1558,0.0761108398438
1559,0.0767822265625
1560,0.0757446289062
1561,0.0770263671875
1562,0.0776977539062
1563,0.07275390625
38319,0.13330078125
38320,0.112243652344
38322,0.0939331054688
38323,0.106079101562
38324,0.117309570312
38325,0.106506347656
38326,0.110229492188
38327,0.112609863281
38328,0.1162109375
38329,0.0872802734375
38330,0.0938110351562
38331,0.109313964844
38332,0.119995117188
38333,0.138793945312
38334,0.140869140625
38335,0.12890625
38336,0.145874023438
38337,0.131713867188
38338,0.109985351562
38339,0.120056152344
38340,0.145629882812
38341,0.119689941406
38342,0.0987548828125
38343,0.133911132812
38344,0.1474609375
38345,0.11083984375
38346,0.151000976562
38347,0.138305664062
38348,0.150756835938
38349,0.161010742188
38350,0.142822265625
38351,0.169189453125
38352,0.172241210938
38353,0.1884765625
38354,0.149780273438
38355,0.168334960938
38356,0.164306640625
38357,0.180419921875
38358,0.1689453125
38359,0.141845703125
38360,0.16455078125
38361,0.182861328125
38362,0.177368164062
38363,0.174072265625
38364,0.085205078125
38365,0.0731811523438
38366,0.10595703125
38367,0.0769653320312
38368,0.110656738281
38369,0.100402832031
38370,0.0
38371,0.00714111328125
38372,0.0179748535156
38373,0.0264129638672
38374,0.0404968261719
38375,0.0616760253906
38376,0.0806274414062
38377,0.1064453125
38378,0.117248535156
38379,0.128173828125
38380,0.100219726562
38381,0.113098144531
38382,0.1474609375
38383,0.165649414062
38384,0.154052734375
38385,0.164672851562
38386,0.183959960938
38387,0.13525390625
38388,0.110107421875
38389,0.132568359375
38390,0.142333984375
38391,0.153930664062
38392,0.0870971679688
38393,0.101196289062
38394,0.1259765625
38395,0.130737304688
38396,0.109252929688
38397,0.130004882812
38398,0.161254882812
38399,0.130981445312
38400,0.0988159179688
38401,0.122192382812
38402,0.14111328125
38403,0.1201171875
38404,0.126708984375
38405,0.148315429688
38406,0.14208984375
38407,0.13037109375
38408,0.149658203125
38409,0.14404296875
38410,0.111145019531
38411,0.0903930664062
38412,0.0862426757812
38413,0.0833129882812
38414,0.108337402344
38415,0.12109375
38416,0.0927124023438
38417,0.108520507812
38418,0.125122070312
38419,0.094970703125
38420,0.109924316406
38421,0.127197265625
38422,0.142578125
38423,0.150146484375
38424,0.111938476562
38425,0.123291015625
38426,0.126831054688
38427,0.120788574219
38428,0.131591796875
38429,0.116516113281
38430,0.113220214844
38431,0.140502929688
38432,0.0966796875
38433,0.124267578125
38434,0.141723632812
38435,0.15380859375
38436,0.165405273438
38437,0.17041015625
38438,0.15625
38439,0.168701171875
38440,0.132568359375
38441,0.15185546875
38442,0.104919433594
38443,0.122741699219
38444,0.148559570312
38445,0.165893554688
38446,0.168334960938
38447,0.137451171875
38448,0.130493164062
38449,0.14208984375
38450,0.136352539062
38451,0.152587890625
38452,0.1298828125
38453,0.1220703125
38454,0.0989379882812
38455,0.124206542969
38456,0.12646484375
38457,0.13916015625
38458,0.138061523438
38459,0.0927124023438
38460,0.100830078125
38461,0.087158203125
38462,0.109069824219
38463,0.120483398438
38464,0.104431152344
38465,0.109680175781
38466,0.126831054688
38467,0.123840332031
38468,0.1376953125
38469,0.135375976562
38470,0.14208984375
38471,0.154541015625
38472,0.131958007812
38473,0.140258789062
38474,0.157470703125
38475,0.141357421875
38476,0.13671875
38477,0.153686523438
38478,0.10205078125
38479,0.135620117188
38480,0.152465820312
38481,0.169921875
38482,0.144775390625
38483,0.158935546875
38484,0.131713867188
38485,0.16552734375
38486,0.07861328125
38487,0.0767211914062
38488,0.109436035156
38489,0.114990234375
38490,0.132934570312
38491,0.0947265625
38492,0.0809936523438
38493,0.0928955078125
38494,0.111755371094
38495,0.079833984375
38496,0.095947265625
38497,0.0751342773438
38498,0.101684570312
38499,0.119567871094
38500,0.135864257812
38501,0.131958007812
38502,0.126098632812
38503,0.139404296875
38504,0.133422851562
38505,0.115905761719
38506,0.0767211914062
38507,0.0863037109375
38508,0.110046386719
38509,0.0838012695312
38510,0.110595703125
38511,0.0966186523438
38512,0.130004882812
38513,0.140258789062
38514,0.1435546875
38515,0.111022949219
38516,0.139404296875
38517,0.158813476562
38518,0.116088867188
38519,0.113891601562
38520,0.118041992188
38521,0.117919921875
38522,0.140625
38523,0.128173828125
38524,0.117065429688
38525,0.13818359375
38526,0.153198242188
38527,0.163940429688
38528,0.148803710938
38529,0.086669921875
38530,0.123657226562
38531,0.104309082031
38532,0.138427734375
38533,0.0911865234375
38534,0.08154296875
38535,0.105651855469
38536,0.115905761719
38537,0.134765625
38538,0.12744140625
38539,0.150146484375
38540,0.13818359375
38541,0.107849121094
38542,0.126098632812
38543,0.130981445312
38544,0.140014648438
38545,0.141967773438
38546,0.156982421875
38547,0.167846679688
38548,0.144897460938
38549,0.160766601562
38550,0.141723632812
38551,0.166015625
38552,0.171875
38553,0.156127929688
38554,0.147705078125
38555,0.09912109375
38556,0.128173828125
38557,0.152587890625
38558,0.12353515625
38559,0.151000976562
38560,0.16650390625
38561,0.16552734375
38562,0.15185546875
38563,0.130737304688
38564,0.151245117188
38565,0.120178222656
38566,0.144653320312
38567,0.130249023438
38568,0.129272460938
38569,0.126953125
38570,0.08154296875
38571,0.0682983398438
38572,0.0677490234375
38573,0.0760498046875
38574,0.0877685546875
38575,0.0853881835938
38576,0.10400390625
38577,0.130493164062
38578,0.137329101562
38579,0.0987548828125
38580,0.0835571289062
38581,0.101501464844
38582,0.123779296875
38583,0.120483398438
38584,0.117004394531
38585,0.0935668945312
38586,0.105163574219
38587,0.13232421875
38588,0.143676757812
38589,0.10791015625
38590,0.131103515625
38591,0.146606445312
38592,0.10400390625
38593,0.116088867188
38594,0.134521484375
38595,0.142700195312
38596,0.103393554688
38597,0.118041992188
38598,0.130493164062
38599,0.113586425781
38600,0.132568359375
38601,0.12255859375
38602,0.13232421875
38603,0.13525390625
38604,0.1416015625
38605,0.155517578125
38606,0.167358398438
38607,0.139282226562
38608,0.123474121094
38609,0.15185546875
38610,0.144897460938
38611,0.09716796875
38612,0.102783203125
38613,0.115844726562
38614,0.1318359375
38615,0.150512695312
38616,0.118041992188
38617,0.10400390625
38618,0.0902709960938
38619,0.084228515625
38620,0.107543945312
38621,0.124755859375
38622,0.128784179688
38623,0.133056640625
38624,0.154052734375
38625,0.135375976562
38626,0.150146484375
38627,0.129516601562
38628,0.123596191406
38629,0.138305664062
38630,0.119323730469
38631,0.100830078125
38632,0.0964965820312
38633,0.105224609375
38634,0.106750488281
38635,0.110229492188
38636,0.115905761719
38637,0.129028320312
38638,0.140258789062
38639,0.121398925781
38640,0.126098632812
38641,0.124755859375
38642,0.1328125
38643,0.123291015625
38644,0.128051757812
38645,0.10302734375
38646,0.127075195312
38647,0.132568359375
38648,0.142944335938
38649,0.163940429688
38650,0.144653320312
38651,0.110168457031
38652,0.103149414062
38653,0.100524902344
38654,0.111022949219
38655,0.109924316406
38656,0.114562988281
38657,0.113830566406
38658,0.0838012695312
38659,0.113342285156
38660,0.137939453125
38661,0.151977539062
38662,0.167114257812
38663,0.170166015625
38664,0.160400390625
38665,0.14404296875
38666,0.144287109375
38667,0.127807617188
38668,0.114196777344
38669,0.137817382812
38670,0.161865234375
38671,0.151245117188
38672,0.137573242188
38673,0.137084960938
38674,0.140991210938
38675,0.132080078125
38676,0.113525390625
38677,0.123840332031
38678,0.116882324219
38679,0.130004882812
38680,0.155883789062
38681,0.156372070312
38682,0.0814208984375
38683,0.0939331054688
38684,0.107849121094
38685,0.137939453125
38686,0.0940551757812
38687,0.0626220703125
38688,0.0877685546875
38689,0.114074707031
38690,0.112915039062
38691,0.132568359375
38692,0.112731933594
38693,0.150756835938
38694,0.127563476562
38695,0.112365722656
38696,0.122497558594
38697,0.114074707031
38698,0.129028320312
38699,0.129516601562
38700,0.109619140625
38701,0.118469238281
38702,0.143920898438
38703,0.123291015625
38704,0.122192382812
38705,0.137817382812
38706,0.154418945312
38707,0.133544921875
38708,0.134033203125
38709,0.117248535156
38710,0.108703613281
38711,0.126831054688
38712,0.0928344726562
38713,0.0935668945312
38714,0.0962524414062
38715,0.117065429688
38716,0.130981445312
38717,0.139282226562
38718,0.137451171875
38719,0.143676757812
38720,0.147827148438
38721,0.125
38722,0.123840332031
38723,0.0780639648438
38724,0.0892333984375
38725,0.0912475585938
38726,0.106201171875
38727,0.0955810546875
38728,0.117431640625
38729,0.123718261719
38730,0.134155273438
38731,0.1298828125
38732,0.146728515625
38733,0.15185546875
38734,0.158813476562
38735,0.162719726562
38736,0.152709960938
38737,0.106872558594
38738,0.120361328125
38739,0.0914306640625
38740,0.124877929688
38741,0.0787353515625
38742,0.0805053710938
38743,0.103332519531
38744,0.106140136719
38745,0.128295898438
38746,0.1474609375
38747,0.15087890625
38748,0.0972900390625
38749,0.126220703125
38750,0.09765625
38751,0.114196777344
38752,0.135009765625
38753,0.123046875
38754,0.1328125
38755,0.13671875
38756,0.157104492188
38757,0.103210449219
38758,0.10791015625
38759,0.130249023438
38760,0.154418945312
38761,0.136962890625
38762,0.129028320312
38763,0.1533203125
38764,0.161376953125
38765,0.140747070312
38766,0.11279296875
38767,0.111755371094
38768,0.125122070312
38769,0.154174804688
38770,0.153076171875
38771,0.126220703125
38772,0.148681640625
38773,0.165161132812
38774,0.152954101562
38775,0.126098632812
38776,0.124145507812
38777,0.138549804688
38778,0.161865234375
38779,0.119995117188
38780,0.124267578125
38781,0.0882568359375
38782,0.0977172851562
38783,0.0867919921875
38784,0.0887451171875
38785,0.119079589844
38786,0.141479492188
38787,0.114196777344
38788,0.104614257812
38789,0.127685546875
38790,0.115356445312
38791,0.108947753906
38792,0.129150390625
38793,0.140625
38794,0.161987304688
38795,0.177490234375
38796,0.135620117188
38797,0.134155273438
38798,0.126098632812
38799,0.142456054688
38800,0.16259765625
38801,0.15576171875
38802,0.165161132812
38803,0.178344726562
38804,0.161499023438
38805,0.1513671875
38806,0.126953125
38807,0.135986328125
38808,0.154907226562
38809,0.162353515625
38810,0.179321289062
38811,0.17578125
38812,0.169311523438
38813,0.156005859375
38814,0.111450195312
38815,0.121948242188
38816,0.10498046875
38817,0.105529785156
38818,0.102722167969
38819,0.131958007812
38820,0.125732421875
38821,0.138916015625
38822,0.145751953125
38823,0.16748046875
38824,0.17578125
38825,0.16943359375
38826,0.137451171875
38827,0.1416015625
38828,0.156005859375
38829,0.120361328125
38830,0.1513671875
38831,0.145874023438
38832,0.150268554688
38833,0.166870117188
38834,0.158935546875
38835,0.155395507812
38836,0.159912109375
38837,0.175903320312
38838,0.165161132812
38839,0.159545898438
38840,0.13623046875
38841,0.120483398438
38842,0.137451171875
38843,0.115478515625
38844,0.115783691406
38845,0.126342773438
38846,0.116455078125
38847,0.091796875
38848,0.0887451171875
38849,0.08935546875
38850,0.093505859375
38851,0.0888671875
38852,0.101318359375
38853,0.0933227539062
38854,0.111145019531
38855,0.076416015625
38856,0.0864868164062
38857,0.105651855469
38858,0.0873413085938
38859,0.0637817382812
38860,0.0875854492188
38861,0.106689453125
38862,0.123901367188
38863,0.120849609375
38864,0.128051757812
38865,0.145385742188
38866,0.144165039062
38867,0.159790039062
38868,0.127075195312
38869,0.121398925781
38870,0.103088378906
38871,0.119506835938
38872,0.134033203125
38873,0.151733398438
38874,0.163452148438
38875,0.1630859375
38876,0.11474609375
38877,0.136840820312
38878,0.107177734375
38879,0.121948242188
38880,0.1298828125
38881,0.138549804688
38882,0.154418945312
38883,0.146240234375
38884,0.148315429688
38885,0.15087890625
38886,0.1376953125
38887,0.149658203125
38888,0.12646484375
38889,0.141235351562
38890,0.152099609375
38891,0.14013671875
38892,0.106079101562
38893,0.0914916992188
38894,0.0875854492188
38895,0.107604980469
38896,0.126586914062
38897,0.135864257812
38898,0.142700195312
38899,0.1123046875
38900,0.111450195312
38901,0.123718261719
38902,0.138305664062
38903,0.124694824219
38904,0.136840820312
38905,0.153930664062
38906,0.120422363281
38907,0.133911132812
38908,0.151977539062
38909,0.173828125
38910,0.14990234375
38911,0.154418945312
38912,0.132080078125
38913,0.1025390625
38914,0.116333007812
38915,0.123718261719
38916,0.138671875
38917,0.137573242188
38918,0.129516601562
38919,0.113891601562
38920,0.1064453125
38921,0.116394042969
38922,0.133666992188
38923,0.147705078125
38924,0.144409179688
38925,0.152099609375
38926,0.115356445312
38927,0.139038085938
38928,0.152587890625
38929,0.169067382812
38930,0.148559570312
38931,0.1318359375
38932,0.150756835938
38933,0.145141601562
38934,0.162719726562
38935,0.173583984375
38936,0.14013671875
38937,0.162475585938
38938,0.122985839844
38939,0.108154296875
38940,0.102783203125
38941,0.0869140625
38942,0.0904541015625
38943,0.107666015625
38944,0.114013671875
38945,0.133178710938
38946,0.110717773438
38947,0.118408203125
38948,0.130493164062
38949,0.142822265625
38950,0.0951538085938
38951,0.126953125
38952,0.132568359375
38953,0.154052734375
38954,0.16650390625
38955,0.16943359375
38956,0.18310546875
38957,0.12548828125
38958,0.117004394531
38959,0.128540039062
38960,0.151245117188
38961,0.167846679688
38962,0.186157226562
38963,0.106811523438
38964,0.121520996094
38965,0.114990234375
38966,0.136962890625
38967,0.125244140625
38968,0.100952148438
38969,0.136108398438
38970,0.101745605469
38971,0.123962402344
38972,0.147338867188
38973,0.163940429688
38974,0.134887695312
38975,0.125122070312
38976,0.0993041992188
38977,0.0899047851562
38978,0.120910644531
38979,0.12255859375
38980,0.140747070312
38981,0.0894775390625
38982,0.0839233398438
38983,0.0790405273438
38984,0.115234375
38985,0.110229492188
38986,0.0889892578125
38987,0.113647460938
38988,0.144409179688
38989,0.109375
38990,0.0902099609375
38991,0.0917358398438
38992,0.0825805664062
38993,0.100646972656
38994,0.109497070312
38995,0.120971679688
38996,0.1279296875
38997,0.112976074219
38998,0.102172851562
38999,0.136596679688
39000,0.148071289062
39001,0.136352539062
39002,0.132568359375
39003,0.154418945312
39004,0.135498046875
39005,0.149780273438
39006,0.130493164062
39007,0.131713867188
39008,0.150756835938
39009,0.16015625
39010,0.11767578125
39011,0.1171875
39012,0.119323730469
39013,0.131591796875
39014,0.125854492188
39015,0.146728515625
39016,0.141845703125
39017,0.140380859375
39018,0.097900390625
39019,0.0828247070312
39020,0.109558105469
39021,0.135009765625
39022,0.142944335938
39023,0.14892578125
39024,0.14111328125
39025,0.162841796875
39026,0.151733398438
39027,0.128540039062
39028,0.154418945312
39029,0.134033203125
39030,0.13671875
39031,0.1572265625
39032,0.119140625
39033,0.1064453125
39034,0.114685058594
39035,0.0809326171875
39036,0.103637695312
39037,0.135986328125
39038,0.102294921875
39039,0.119079589844
39040,0.149780273438
39041,0.153930664062
39042,0.150756835938
39043,0.096923828125
39044,0.135620117188
39045,0.115417480469
39046,0.0808715820312
39047,0.0925903320312
39048,0.113159179688
39049,0.123046875
39050,0.132934570312
39051,0.111755371094
39052,0.118225097656
39053,0.115173339844
39054,0.104858398438
39055,0.110595703125
39056,0.083251953125
39057,0.088623046875
39058,0.115295410156
39059,0.135375976562
39060,0.121643066406
39061,0.123046875
39062,0.14697265625
39063,0.1484375
39064,0.12548828125
39065,0.134887695312
39066,0.130737304688
39067,0.128051757812
39068,0.138427734375
39069,0.0933837890625
39070,0.124389648438
39071,0.1337890625
39072,0.138305664062
39073,0.132934570312
39074,0.127563476562
39075,0.1494140625
39076,0.137329101562
39077,0.121215820312
39078,0.115783691406
39079,0.126953125
39080,0.141723632812
39081,0.160766601562
39082,0.1591796875
39083,0.150390625
39084,0.154541015625
39085,0.0963134765625
39086,0.143310546875
39087,0.170166015625
39088,0.182861328125
39089,0.192749023438
39090,0.103637695312
39091,0.150756835938
39092,0.0926513671875
39093,0.138916015625
39094,0.127685546875
39095,0.122802734375
39096,0.151245117188
39097,0.163818359375
39098,0.16455078125
39099,0.133544921875
39100,0.141479492188
39101,0.1455078125
39102,0.162841796875
39104,0.125366210938
39105,0.144287109375
39106,0.111206054688
39107,0.108459472656
39108,0.117248535156
39109,0.130249023438
39110,0.1259765625
39111,0.101867675781
39112,0.0867919921875
39113,0.115234375
39114,0.111999511719
39115,0.133178710938
39116,0.0892944335938
39117,0.118408203125
39118,0.135375976562
39119,0.142211914062
39120,0.125244140625
39121,0.15087890625
39122,0.144653320312
39123,0.127075195312
39124,0.109191894531
39125,0.0811767578125
39126,0.109924316406
39127,0.119995117188
39128,0.118347167969
39129,0.1240234375
39130,0.14013671875
39131,0.155517578125
39132,0.149291992188
39133,0.109313964844
39134,0.120849609375
39135,0.117919921875
39136,0.096435546875
39137,0.13134765625
39138,0.154418945312
39139,0.146850585938
39140,0.16650390625
39141,0.146118164062
39142,0.151000976562
39143,0.15234375
39144,0.170288085938
39145,0.156372070312
39146,0.114440917969
39147,0.143310546875
39148,0.158081054688
39149,0.171875
39150,0.14892578125
39151,0.16845703125
39152,0.167602539062
39153,0.0
39154,0.0141906738281
39155,0.0216064453125
39156,0.0373229980469
39157,0.0494384765625
39158,0.0409545898438
39159,0.0553588867188
39160,0.0690307617188
39161,0.06396484375
39162,0.0811767578125
39163,0.101196289062
39164,0.107727050781
39165,0.0966796875
39166,0.110961914062
39167,0.12841796875
39168,0.144287109375
39169,0.144653320312
39170,0.161376953125
39171,0.155639648438
39172,0.10693359375
39173,0.140380859375
39174,0.142578125
39175,0.152587890625
39176,0.145874023438
39177,0.138305664062
39178,0.123413085938
39179,0.146728515625
39180,0.145385742188
39181,0.0830688476562
39182,0.0665283203125
39183,0.0794677734375
39184,0.0949096679688
39185,0.0911865234375
39186,0.0953979492188
39187,0.118774414062
39188,0.132202148438
39189,0.137084960938
39190,0.146484375
39191,0.13037109375
39192,0.123840332031
39193,0.123413085938
39194,0.129760742188
39195,0.14208984375
39196,0.124633789062
39197,0.120788574219
39198,0.115905761719
39199,0.127197265625
39200,0.126831054688
39201,0.100524902344
39202,0.115478515625
39203,0.114074707031
39204,0.123779296875
39205,0.137084960938
39206,0.133544921875
39207,0.153930664062
39208,0.0880126953125
39209,0.11376953125
39210,0.116760253906
39211,0.1064453125
39212,0.129150390625
39213,0.14453125
39214,0.151489257812
39215,0.161010742188
39216,0.163940429688
39217,0.125244140625
39218,0.15185546875
39219,0.135009765625
39220,0.137573242188
39221,0.119934082031
39222,0.127075195312
39223,0.145263671875
39224,0.161499023438
39225,0.146484375
39226,0.155517578125
39227,0.149536132812
39228,0.144165039062
39229,0.113464355469
39230,0.123046875
39231,0.141967773438
39232,0.130737304688
39233,0.136474609375
39234,0.152099609375
39235,0.159912109375
39236,0.114990234375
39237,0.0750732421875
39238,0.099609375
39239,0.115112304688
39240,0.123779296875
39241,0.127807617188
39242,0.149291992188
39243,0.162719726562
39244,0.156005859375
39245,0.137817382812
39246,0.13134765625
39247,0.135620117188
39248,0.153076171875
39249,0.13671875
39250,0.133666992188
39251,0.152709960938
39252,0.162231445312
39253,0.1650390625
39254,0.149291992188
39255,0.102233886719
39256,0.119018554688
39257,0.133422851562
39258,0.114685058594
39259,0.133178710938
39260,0.153686523438
39261,0.175048828125
39262,0.119323730469
39263,0.127563476562
39264,0.1396484375
39265,0.155517578125
39266,0.145629882812
39267,0.146606445312
39268,0.12890625
39269,0.147583007812
39270,0.165649414062
39271,0.173583984375
39272,0.182495117188
39273,0.154663085938
39274,0.1689453125
39275,0.117492675781
39276,0.0960693359375
39277,0.117248535156
39278,0.117736816406
39279,0.129516601562
39280,0.153564453125
39281,0.11474609375
39282,0.130981445312
39283,0.131713867188
39284,0.097900390625
39285,0.128662109375
39286,0.127319335938
39287,0.111389160156
39288,0.0964965820312
39289,0.117736816406
39290,0.120910644531
39291,0.146728515625
39292,0.160888671875
39293,0.16845703125
39294,0.116882324219
39295,0.144897460938
39296,0.0830688476562
39297,0.104248046875
39298,0.116394042969
39299,0.112182617188
39300,0.127319335938
39301,0.131958007812
39302,0.117126464844
39303,0.135986328125
39304,0.114501953125
39305,0.116577148438
39306,0.12841796875
39307,0.144165039062
39308,0.148071289062
39309,0.11083984375
39310,0.0931396484375
39311,0.131103515625
39312,0.143310546875
39313,0.14013671875
39314,0.11474609375
39315,0.128540039062
39316,0.144897460938
39317,0.12255859375
39318,0.129760742188
39319,0.0820922851562
39320,0.102416992188
39321,0.116882324219
39322,0.1044921875
39323,0.10693359375
39324,0.114562988281
39325,0.122436523438
39326,0.113159179688
39327,0.130126953125
39328,0.13818359375
39329,0.1474609375
39330,0.148193359375
39331,0.1396484375
39332,0.0857543945312
39333,0.117614746094
39334,0.0891723632812
39335,0.0659790039062
39336,0.0811157226562
39337,0.0689697265625
39338,0.0863037109375
39339,0.093017578125
39340,0.0768432617188
39341,0.08154296875
39342,0.0708618164062
39343,0.0936889648438
39344,0.0693359375
39345,0.0870971679688
39346,0.0924682617188
39347,0.0821533203125
39348,0.0707397460938
39349,0.0798950195312
39350,0.0687255859375
39351,0.088134765625
39352,0.0962524414062
39353,0.113952636719
39354,0.114440917969
39355,0.120971679688
39356,0.118041992188
39357,0.125366210938
39358,0.112854003906
39359,0.0670166015625
39360,0.0681762695312
39361,0.0824584960938
39362,0.0777587890625
39363,0.100891113281
39364,0.0884399414062
39365,0.101745605469
39366,0.120483398438
39367,0.1435546875
39368,0.13330078125
39369,0.129516601562
39370,0.143432617188
39371,0.139404296875
39372,0.091796875
39373,0.129028320312
39374,0.088134765625
39375,0.0828857421875
39376,0.123413085938
39377,0.0784301757812
39378,0.095703125
39379,0.126220703125
39380,0.135131835938
39381,0.124755859375
39382,0.142700195312
39383,0.112915039062
39384,0.0810546875
39385,0.110717773438
39386,0.125610351562
39387,0.128662109375
39388,0.137084960938
39389,0.139038085938
39390,0.126831054688
39391,0.120788574219
39392,0.09033203125
39393,0.1201171875
39394,0.125732421875
39395,0.14306640625
39396,0.146850585938
39397,0.149536132812
39398,0.148559570312
39399,0.1474609375
39400,0.1552734375
39401,0.166625976562
39402,0.165771484375
39403,0.169799804688
39404,0.16796875
39405,0.161987304688
39406,0.168579101562
39407,0.155395507812
39408,0.13671875
39409,0.131958007812
39410,0.131713867188
39411,0.160888671875
39412,0.176391601562
39413,0.154541015625
39414,0.157958984375
39415,0.174682617188
39416,0.167236328125
39417,0.09716796875
39418,0.109375
39419,0.126342773438
39420,0.095947265625
39421,0.1025390625
39422,0.123840332031
39423,0.0884399414062
39424,0.112365722656
39425,0.121276855469
39426,0.0944213867188
39427,0.0762939453125
39428,0.110900878906
39429,0.133911132812
39430,0.159790039062
39431,0.15771484375
39432,0.171875
39433,0.159545898438
39434,0.177124023438
39435,0.18212890625
39436,0.197387695312
39437,0.143676757812
39438,0.151733398438
39439,0.173217773438
39440,0.1640625
39441,0.177490234375
39442,0.127319335938
39443,0.159423828125
39444,0.1787109375
39445,0.120422363281
39446,0.13623046875
39447,0.163940429688
39448,0.185180664062
39449,0.186889648438
39450,0.130004882812
39451,0.1416015625
39452,0.165283203125
39453,0.16943359375
39454,0.183959960938
39455,0.177368164062
39456,0.103088378906
39457,0.13330078125
39458,0.154052734375
39459,0.182983398438
39460,0.177856445312
39461,0.122680664062
39462,0.140625
39463,0.104370117188
39464,0.118530273438
39465,0.1474609375
39466,0.135375976562
39467,0.123840332031
39468,0.118957519531
39469,0.116333007812
39470,0.141235351562
39471,0.165161132812
39472,0.1455078125
39473,0.09765625
39474,0.0917358398438
39475,0.0968627929688
39476,0.1083984375
39477,0.0694580078125
39478,0.107238769531
39479,0.123779296875
39480,0.0791015625
39481,0.108825683594
39482,0.12744140625
39483,0.150634765625
39484,0.137817382812
39485,0.120666503906
39486,0.136596679688
39487,0.147827148438
39488,0.155395507812
39489,0.146118164062
39490,0.118225097656
39491,0.108093261719
39492,0.104064941406
39493,0.0929565429688
39494,0.10400390625
39495,0.126220703125
39496,0.100463867188
39497,0.137817382812
39498,0.1435546875
39499,0.139526367188
39500,0.141967773438
39501,0.15576171875
39502,0.158325195312
39503,0.151489257812
39504,0.167724609375
39505,0.149291992188
39506,0.123962402344
39507,0.146240234375
39508,0.15771484375
39509,0.171997070312
39510,0.0833129882812
39511,0.1181640625
39512,0.127319335938
39513,0.116333007812
39514,0.12646484375
39515,0.137451171875
39516,0.154418945312
39517,0.128051757812
39518,0.106079101562
39519,0.115844726562
39520,0.112426757812
39521,0.141235351562
39522,0.155029296875
39523,0.1357421875
39524,0.153564453125
39525,0.120910644531
39526,0.141235351562
39527,0.14794921875
39528,0.0823364257812
39529,0.11083984375
39530,0.137573242188
39531,0.1474609375
39532,0.162475585938
39533,0.122802734375
39534,0.144653320312
39535,0.166748046875
39536,0.145629882812
39537,0.123901367188
39538,0.1416015625
39539,0.144775390625
39540,0.131225585938
39541,0.138671875
39542,0.122192382812
39543,0.08203125
39544,0.0689697265625
39545,0.0661010742188
39546,0.0918579101562
39547,0.118408203125
39548,0.140991210938
39549,0.13671875
39550,0.139892578125
39551,0.157592773438
39552,0.17919921875
39553,0.191162109375
39554,0.1572265625
39555,0.179565429688
39556,0.160034179688
39557,0.160278320312
39558,0.10107421875
39559,0.129272460938
39560,0.155151367188
39561,0.166381835938
39562,0.1494140625
39563,0.13232421875
39564,0.0806884765625
39565,0.121887207031
39566,0.111206054688
39567,0.127197265625
39568,0.0908813476562
39569,0.123168945312
39570,0.128540039062
39571,0.128295898438
39572,0.1337890625
39573,0.131713867188
39574,0.15869140625
39575,0.139282226562
39576,0.152709960938
39577,0.150146484375
39578,0.0936279296875
39579,0.103149414062
39580,0.103088378906
39581,0.132202148438
39582,0.139038085938
39583,0.148315429688
39584,0.135131835938
39585,0.138916015625
39586,0.115295410156
39587,0.135009765625
39588,0.116882324219
39589,0.143310546875
39590,0.162841796875
39591,0.115661621094
39592,0.0970458984375
39593,0.129028320312
39594,0.156127929688
39595,0.134399414062
39596,0.132690429688
39597,0.15283203125
39598,0.154541015625
39599,0.155395507812
39600,0.175537109375
39601,0.175415039062
39602,0.147583007812
39603,0.107788085938
39604,0.13916015625
39605,0.1728515625
39606,0.168701171875
39607,0.140747070312
39608,0.147583007812
39609,0.1552734375
39610,0.156005859375
39611,0.172485351562
39612,0.148071289062
39613,0.148193359375
39614,0.161987304688
39615,0.121337890625
39616,0.0955810546875
39617,0.103393554688
39618,0.0947265625
39619,0.128173828125
39620,0.142700195312
39621,0.130615234375
39622,0.137451171875
39623,0.140991210938
39624,0.145141601562
39625,0.115478515625
39626,0.12060546875
39627,0.123474121094
39628,0.142456054688
39629,0.131591796875
39630,0.15380859375
39631,0.16064453125
39632,0.136474609375
39633,0.13623046875
39634,0.146728515625
39635,0.1435546875
39636,0.102355957031
39637,0.145263671875
39638,0.135498046875
39639,0.131958007812
39640,0.135620117188
39641,0.149536132812
39642,0.166137695312
39643,0.17041015625
39644,0.171264648438
39645,0.138916015625
39646,0.128540039062
39647,0.139892578125
39648,0.163940429688
39649,0.168090820312
39650,0.153198242188
39651,0.102172851562
39652,0.111572265625
39653,0.134643554688
39654,0.148559570312
39655,0.129760742188
39656,0.1552734375
39657,0.148803710938
39658,0.157836914062
39659,0.171142578125
39660,0.1708984375
39661,0.175170898438
39662,0.17822265625
39663,0.193237304688
39664,0.156860351562
39665,0.14111328125
39666,0.1484375
39667,0.154541015625
39668,0.1708984375
39669,0.091796875
39670,0.113830566406
39671,0.107421875
39672,0.0950927734375
39673,0.115417480469
39674,0.110412597656
39675,0.0969848632812
39676,0.117980957031
39677,0.106811523438
39678,0.135131835938
39679,0.089111328125
39680,0.107177734375
39681,0.137451171875
39682,0.146484375
39683,0.157104492188
39684,0.122924804688
39685,0.122253417969
39686,0.143798828125
39687,0.115112304688
39688,0.131103515625
39689,0.0847778320312
39690,0.09375
39691,0.101867675781
39692,0.135986328125
39693,0.149780273438
39694,0.114318847656
39695,0.093017578125
39696,0.0849609375
39697,0.10595703125
39698,0.123718261719
39699,0.111694335938
39700,0.112365722656
39701,0.1240234375
39702,0.141967773438
39703,0.0975341796875
39704,0.0960083007812
39705,0.06640625
39706,0.0741577148438
39707,0.100280761719
39708,0.0750122070312
39709,0.102233886719
39710,0.104248046875
39711,0.110473632812
39712,0.105285644531
39713,0.08154296875
39714,0.0953979492188
39715,0.0875244140625
39716,0.0918579101562
39717,0.1015625
39718,0.105224609375
39719,0.115661621094
39720,0.1328125
39721,0.138305664062
39722,0.142333984375
39723,0.123596191406
39724,0.130859375
39725,0.104125976562
39726,0.112182617188
39727,0.102783203125
39728,0.128173828125
39729,0.144653320312
39730,0.145385742188
39731,0.130493164062
39732,0.125
39733,0.129760742188
39734,0.121459960938
39735,0.126586914062
39736,0.127685546875
39737,0.108825683594
39738,0.122192382812
39739,0.108032226562
39740,0.128173828125
39741,0.141235351562
39742,0.1591796875
39743,0.13818359375
39744,0.108642578125
39745,0.115356445312
39746,0.0891723632812
39747,0.113647460938
39748,0.135131835938
39749,0.143920898438
39750,0.163208007812
39751,0.137939453125
39752,0.162719726562
39753,0.180419921875
39754,0.102905273438
39755,0.138427734375
39756,0.134399414062
39757,0.108032226562
39758,0.140014648438
39759,0.1591796875
39760,0.111694335938
39761,0.104614257812
39762,0.0955810546875
39763,0.119384765625
39764,0.146606445312
39765,0.159423828125
39766,0.157958984375
39767,0.168212890625
39768,0.166015625
39769,0.169555664062
39770,0.111083984375
39771,0.127075195312
39772,0.130737304688
39773,0.138427734375
39774,0.15576171875
39775,0.142456054688
39776,0.162231445312
39777,0.142333984375
39778,0.138671875
39779,0.150756835938
39780,0.140014648438
39781,0.123657226562
39782,0.14599609375
39783,0.145263671875
39784,0.100402832031
39785,0.12841796875
39786,0.140869140625
39787,0.164306640625
39788,0.111572265625
39789,0.135131835938
39790,0.162475585938
39791,0.157836914062
39792,0.165893554688
39793,0.13525390625
39794,0.0922241210938
39795,0.130859375
39796,0.109985351562
39797,0.140747070312
39798,0.165283203125
39799,0.146850585938
39800,0.175170898438
39801,0.152099609375
39802,0.174072265625
39803,0.162109375
39804,0.17041015625
39805,0.176147460938
39806,0.136840820312
39807,0.127685546875
39808,0.153930664062
39809,0.142822265625
39810,0.115112304688
39811,0.109008789062
39812,0.13330078125
39813,0.15625
39814,0.128662109375
39815,0.0839233398438
39816,0.104248046875
39817,0.0858764648438
39818,0.0906982421875
39819,0.0751342773438
39820,0.0942993164062
39821,0.128784179688
39822,0.122619628906
39823,0.151733398438
39824,0.169067382812
39825,0.169311523438
39826,0.159790039062
39827,0.119934082031
39828,0.145874023438
39829,0.080322265625
39830,0.109313964844
39831,0.148681640625
39832,0.167114257812
39833,0.185791015625
39834,0.1962890625
39835,0.176635742188
39836,0.177001953125
39837,0.191040039062
39838,0.199951171875
39839,0.201416015625
39840,0.183715820312
39841,0.186889648438
39842,0.17578125
39843,0.114135742188
39844,0.126342773438
39845,0.108459472656
39846,0.140380859375
39847,0.139038085938
39848,0.15380859375
39849,0.152587890625
39850,0.123474121094
39851,0.138061523438
39852,0.1396484375
39853,0.148559570312
39854,0.162109375
39855,0.14111328125
39856,0.14794921875
39857,0.160888671875
39858,0.14404296875
39859,0.137451171875
39860,0.137939453125
39861,0.123046875
39862,0.151000976562
39863,0.167724609375
39864,0.160766601562
39865,0.144897460938
39866,0.149047851562
39867,0.16162109375
39868,0.160522460938
39869,0.146362304688
39870,0.133056640625
39871,0.139038085938
39872,0.153686523438
39873,0.1171875
39874,0.124450683594
39875,0.149291992188
39876,0.098876953125
39877,0.1416015625
39878,0.0923461914062
39879,0.109985351562
39880,0.113525390625
39881,0.126586914062
76637,0.111328125
76638,0.12158203125
76640,0.121459960938
76641,0.123718261719
76642,0.168212890625
76643,0.177734375
76644,0.174194335938
76645,0.173706054688
76646,0.158935546875
76647,0.131591796875
76648,0.115539550781
76649,0.139526367188
76650,0.16845703125
76651,0.148315429688
76652,0.161010742188
76653,0.172119140625
76654,0.174072265625
76655,0.169555664062
76656,0.164916992188
76657,0.158935546875
76658,0.1826171875
76659,0.131103515625
76660,0.1484375
76661,0.1611328125
76662,0.109680175781
76663,0.131713867188
76664,0.151489257812
76665,0.16552734375
76666,0.180908203125
76667,0.191284179688
76668,0.18359375
76669,0.16748046875
76670,0.181640625
76671,0.180786132812
76672,0.1640625
76673,0.146362304688
76674,0.192504882812
76675,0.126220703125
76676,0.0840454101562
76677,0.0997924804688
76678,0.111999511719
76679,0.0855712890625
76680,0.0630493164062
76681,0.075439453125
76682,0.0949096679688
76683,0.102844238281
76684,0.137573242188
76685,0.138305664062
76686,0.119689941406
76687,0.1025390625
76688,0.10693359375
76689,0.128784179688
76690,0.103698730469
76691,0.135620117188
76692,0.114868164062
76693,0.136108398438
76694,0.163696289062
76695,0.175415039062
76696,0.180419921875
76697,0.13330078125
76698,0.112243652344
76699,0.116394042969
76700,0.122680664062
76701,0.140380859375
76702,0.16650390625
76703,0.140869140625
76704,0.16162109375
76705,0.147705078125
76706,0.145751953125
76707,0.119995117188
76708,0.118469238281
76709,0.125366210938
76710,0.0863037109375
76711,0.117065429688
76712,0.141235351562
76713,0.123962402344
76714,0.114807128906
76715,0.100341796875
76716,0.131713867188
76717,0.148559570312
76718,0.16943359375
76719,0.166748046875
76720,0.155639648438
76721,0.121765136719
76722,0.096923828125
76723,0.103332519531
76724,0.1298828125
76725,0.148193359375
76726,0.1337890625
76727,0.0750732421875
76728,0.103637695312
76729,0.101684570312
76730,0.0693359375
76731,0.0782470703125
76732,0.081787109375
76733,0.0731811523438
76734,0.0966186523438
76735,0.118469238281
76736,0.110778808594
76737,0.0
76738,0.0066032409668
76739,0.0204925537109
76740,0.0318908691406
76741,0.030517578125
76742,0.0350952148438
76743,0.0438232421875
76744,0.0492858886719
76745,0.0532836914062
76746,0.0591735839844
76747,0.06884765625
76748,0.0869140625
76749,0.0751953125
76750,0.08544921875
76751,0.0735473632812
76752,0.0692138671875
76753,0.0586547851562
76754,0.077392578125
76755,0.0870971679688
76756,0.106140136719
76757,0.106567382812
76758,0.1005859375
76759,0.119934082031
76760,0.117248535156
76761,0.122741699219
76762,0.1279296875
76763,0.137573242188
76764,0.137939453125
76765,0.141357421875
76766,0.127563476562
76767,0.0770874023438
76768,0.0869750976562
76769,0.107177734375
76770,0.12109375
76771,0.110595703125
76772,0.116760253906
76773,0.126342773438
76774,0.126831054688
76775,0.133178710938
76776,0.13134765625
76777,0.147216796875
76778,0.142944335938
76779,0.121459960938
76780,0.138427734375
76781,0.13330078125
76782,0.147338867188
76783,0.12890625
76784,0.15283203125
76785,0.135375976562
76786,0.103088378906
76787,0.147827148438
76788,0.158203125
76789,0.124755859375
76790,0.142456054688
76791,0.1494140625
76792,0.166137695312
76793,0.145385742188
76794,0.141845703125
76795,0.137451171875
76796,0.09912109375
76797,0.127685546875
76798,0.140014648438
76799,0.120666503906
76800,0.1005859375
76801,0.122009277344
76802,0.128051757812
76803,0.0922241210938
76804,0.110534667969
76805,0.0699462890625
76806,0.112548828125
76807,0.106567382812
76808,0.100158691406
76809,0.0709228515625
76810,0.0960693359375
76811,0.113708496094
76812,0.091064453125
76813,0.107849121094
76814,0.135498046875
76815,0.14208984375
76816,0.1025390625
76817,0.122314453125
76818,0.100402832031
76819,0.0982055664062
76820,0.0746459960938
76821,0.0645751953125
76822,0.083740234375
76823,0.109375
76824,0.0809936523438
76825,0.0886840820312
76826,0.0740966796875
76827,0.06298828125
76828,0.0681762695312
76829,0.0835571289062
76830,0.103576660156
76831,0.118347167969
76832,0.109680175781
76833,0.117736816406
76834,0.141479492188
76835,0.15576171875
76836,0.135009765625
76837,0.153564453125
76838,0.1416015625
76839,0.12744140625
76840,0.151245117188
76841,0.115661621094
76842,0.141235351562
76843,0.154418945312
76844,0.16357421875
76845,0.17529296875
76846,0.140502929688
76847,0.159545898438
76848,0.125244140625
76849,0.111450195312
76850,0.0975952148438
76851,0.12939453125
76852,0.116271972656
76853,0.140869140625
76854,0.149658203125
76855,0.158447265625
76856,0.134521484375
76857,0.123107910156
76858,0.13037109375
76859,0.146484375
76860,0.0711059570312
76861,0.110778808594
76862,0.135375976562
76863,0.13916015625
76864,0.133056640625
76865,0.11083984375
76866,0.09130859375
76867,0.130615234375
76868,0.157592773438
76869,0.144897460938
76870,0.145141601562
76871,0.105346679688
76872,0.1376953125
76873,0.157104492188
76874,0.153076171875
76875,0.15478515625
76876,0.172241210938
76877,0.186401367188
76878,0.153930664062
76879,0.175415039062
76880,0.116821289062
76881,0.0747680664062
76882,0.0861206054688
76883,0.0939331054688
76884,0.0955810546875
76885,0.0687866210938
76886,0.0762329101562
76887,0.0692138671875
76888,0.0914306640625
76889,0.116455078125
76890,0.140014648438
76891,0.152099609375
76892,0.168579101562
76893,0.124328613281
76894,0.125610351562
76895,0.144287109375
76896,0.14501953125
76897,0.110595703125
76898,0.134155273438
76899,0.133422851562
76900,0.1025390625
76901,0.125
76902,0.140991210938
76903,0.121032714844
76904,0.113098144531
76905,0.11572265625
76906,0.1240234375
76907,0.136962890625
76908,0.114562988281
76909,0.142578125
76910,0.140502929688
76911,0.1533203125
76912,0.1318359375
76913,0.1416015625
76914,0.16357421875
76915,0.15234375
76916,0.145141601562
76917,0.131469726562
76918,0.102111816406
76919,0.129150390625
76920,0.142944335938
76921,0.16357421875
76922,0.167236328125
76923,0.146362304688
76924,0.14111328125
76925,0.159545898438
76926,0.1533203125
76927,0.109802246094
76928,0.1396484375
76929,0.13330078125
76930,0.130615234375
76931,0.113403320312
76932,0.12451171875
76933,0.139038085938
76934,0.149536132812
76935,0.171264648438
76936,0.15625
76937,0.122497558594
76938,0.126342773438
76939,0.120727539062
76940,0.122375488281
76941,0.141235351562
76942,0.163208007812
76943,0.175415039062
76944,0.157592773438
76945,0.124877929688
76946,0.136962890625
76947,0.163330078125
76948,0.156494140625
76949,0.160278320312
76950,0.113098144531
76951,0.13720703125
76952,0.137084960938
76953,0.0968017578125
76954,0.132202148438
76955,0.151611328125
76956,0.158203125
76957,0.162231445312
76958,0.169067382812
76959,0.162231445312
76960,0.143920898438
76961,0.1435546875
76962,0.155883789062
76963,0.147094726562
76964,0.149658203125
76965,0.135498046875
76966,0.133178710938
76967,0.15625
76968,0.171264648438
76969,0.177001953125
76970,0.170776367188
76971,0.178588867188
76972,0.181030273438
76973,0.163330078125
76974,0.175537109375
76975,0.176635742188
76976,0.167114257812
76977,0.186767578125
76978,0.156860351562
76979,0.141723632812
76980,0.116516113281
76981,0.13427734375
76982,0.128295898438
76983,0.0751342773438
76984,0.0711059570312
76985,0.109985351562
76986,0.127197265625
76987,0.108276367188
76988,0.112182617188
76989,0.1337890625
76990,0.142333984375
76991,0.129150390625
76992,0.135864257812
76993,0.132934570312
76994,0.145385742188
76995,0.156494140625
76996,0.128173828125
76997,0.1494140625
76998,0.14599609375
76999,0.102600097656
77000,0.107055664062
77001,0.133178710938
77002,0.157836914062
77003,0.16064453125
77004,0.149658203125
77005,0.170654296875
77006,0.165283203125
77007,0.16748046875
77008,0.14990234375
77009,0.127319335938
77010,0.155151367188
77011,0.146850585938
77012,0.161865234375
77013,0.174072265625
77014,0.1904296875
77015,0.202026367188
77016,0.192626953125
77017,0.162353515625
77018,0.14306640625
77019,0.126342773438
77020,0.138305664062
77021,0.148071289062
77022,0.128173828125
77023,0.136596679688
77024,0.138671875
77025,0.138549804688
77026,0.13427734375
77027,0.128662109375
77028,0.125
77029,0.144653320312
77030,0.151733398438
77031,0.104553222656
77032,0.133666992188
77033,0.146240234375
77034,0.134643554688
77035,0.143310546875
77036,0.131713867188
77037,0.140258789062
77038,0.132934570312
77039,0.156005859375
77040,0.1748046875
77041,0.175170898438
77042,0.139404296875
77043,0.154418945312
77044,0.136352539062
77045,0.13427734375
77046,0.1494140625
77047,0.152221679688
77048,0.144897460938
77049,0.135864257812
77050,0.13427734375
77051,0.143798828125
77052,0.127807617188
77053,0.141479492188
77054,0.0917358398438
77055,0.127319335938
77056,0.133178710938
77057,0.15478515625
77058,0.130004882812
77059,0.146118164062
77060,0.158081054688
77061,0.170776367188
77062,0.15576171875
77063,0.168334960938
77064,0.142944335938
77065,0.158447265625
77066,0.0997314453125
77067,0.108947753906
77068,0.08544921875
77069,0.0883178710938
77070,0.115661621094
77071,0.12939453125
77072,0.0868530273438
77073,0.0952758789062
77074,0.114624023438
77075,0.137451171875
77076,0.1025390625
77077,0.140991210938
77078,0.142333984375
77079,0.16455078125
77080,0.1875
77081,0.197143554688
77082,0.171142578125
77083,0.1689453125
77084,0.173095703125
77085,0.174926757812
77086,0.150390625
77087,0.145263671875
77088,0.132690429688
77089,0.084228515625
77090,0.072265625
77091,0.0867309570312
77092,0.0775146484375
77093,0.090087890625
77094,0.0967407226562
77095,0.107299804688
77096,0.1318359375
77097,0.143310546875
77098,0.0980834960938
77099,0.143188476562
77100,0.129638671875
77101,0.141235351562
77102,0.139282226562
77103,0.153442382812
77104,0.137817382812
77105,0.131225585938
77106,0.127197265625
77107,0.110595703125
77108,0.11279296875
77109,0.141235351562
77110,0.153198242188
77111,0.15673828125
77112,0.152587890625
77113,0.161987304688
77114,0.164184570312
77115,0.154296875
77116,0.156616210938
77117,0.148071289062
77118,0.157348632812
77119,0.15283203125
77120,0.101379394531
77121,0.0977172851562
77122,0.110534667969
77123,0.134643554688
77124,0.147705078125
77125,0.166259765625
77126,0.153686523438
77127,0.156127929688
77128,0.163208007812
77129,0.143432617188
77130,0.0985717773438
77131,0.121215820312
77132,0.152587890625
77133,0.142700195312
77134,0.161499023438
77135,0.1611328125
77136,0.1728515625
77137,0.186645507812
77138,0.144653320312
77139,0.122741699219
77140,0.12841796875
77141,0.15380859375
77142,0.17236328125
77143,0.173095703125
77144,0.184204101562
77145,0.133422851562
77146,0.113220214844
77147,0.124450683594
77148,0.101379394531
77149,0.131103515625
77150,0.109375
77151,0.138671875
77152,0.1298828125
77153,0.156005859375
77154,0.136474609375
77155,0.147216796875
77156,0.143310546875
77157,0.16259765625
77158,0.159790039062
77159,0.165405273438
77160,0.119750976562
77161,0.141479492188
77162,0.177124023438
77163,0.193237304688
77164,0.20947265625
77165,0.181030273438
77166,0.184448242188
77167,0.161254882812
77168,0.151733398438
77169,0.187133789062
77170,0.143310546875
77171,0.159912109375
77172,0.17724609375
77173,0.158935546875
77174,0.18359375
77175,0.13623046875
77176,0.147216796875
77177,0.129760742188
77178,0.147338867188
77179,0.1259765625
77180,0.13818359375
77181,0.143920898438
77182,0.152954101562
77183,0.1611328125
77184,0.177368164062
77185,0.152221679688
77186,0.153198242188
77187,0.146240234375
77188,0.12744140625
77189,0.147094726562
77190,0.129272460938
77191,0.158081054688
77192,0.18115234375
77193,0.174194335938
77194,0.176513671875
77195,0.135864257812
77196,0.166137695312
77197,0.162963867188
77198,0.179443359375
77199,0.183715820312
77200,0.158447265625
77201,0.132568359375
77202,0.156494140625
77203,0.120239257812
77204,0.151245117188
77205,0.169189453125
77206,0.190673828125
77207,0.174682617188
77208,0.192260742188
77209,0.164428710938
77210,0.0867309570312
77211,0.135009765625
77212,0.16259765625
77213,0.122375488281
77214,0.1484375
77215,0.126586914062
77216,0.094482421875
77217,0.101745605469
77218,0.129516601562
77219,0.12548828125
77220,0.1513671875
77221,0.15771484375
77222,0.13623046875
77223,0.12939453125
77224,0.125366210938
77225,0.156005859375
77226,0.114440917969
77227,0.0838623046875
77228,0.119445800781
77229,0.135131835938
77230,0.146728515625
77231,0.160034179688
77232,0.179565429688
77233,0.1572265625
77234,0.17333984375
77235,0.156860351562
77236,0.167602539062
77237,0.141357421875
77238,0.12939453125
77239,0.145141601562
77240,0.1416015625
77241,0.161010742188
77242,0.18017578125
77243,0.165405273438
77244,0.156616210938
77245,0.136962890625
77246,0.153076171875
77247,0.161865234375
77248,0.133666992188
77249,0.132080078125
77250,0.1298828125
77251,0.0994873046875
77252,0.112670898438
77253,0.112670898438
77254,0.120544433594
77255,0.13818359375
77256,0.14794921875
77257,0.1162109375
77258,0.118713378906
77259,0.129760742188
77260,0.150634765625
77261,0.1181640625
77262,0.148071289062
77263,0.156860351562
77264,0.150146484375
77265,0.139282226562
77266,0.156860351562
77267,0.176391601562
77268,0.1533203125
77269,0.15966796875
77270,0.157592773438
77271,0.138427734375
77272,0.157958984375
77273,0.147583007812
77274,0.166137695312
77275,0.154907226562
77276,0.158569335938
77277,0.173461914062
77278,0.167236328125
77279,0.168579101562
77280,0.18603515625
77281,0.172973632812
77282,0.152465820312
77283,0.169555664062
77284,0.14501953125
77285,0.140991210938
77286,0.146484375
77287,0.15576171875
77288,0.181030273438
77289,0.161254882812
77290,0.151977539062
77291,0.0807495117188
77292,0.122680664062
77293,0.126220703125
77294,0.153686523438
77295,0.159545898438
77296,0.162841796875
77297,0.161987304688
77298,0.162109375
77299,0.183349609375
77300,0.185302734375
77301,0.128540039062
77302,0.1572265625
77303,0.174560546875
77304,0.169677734375
77305,0.135131835938
77306,0.153686523438
77307,0.16162109375
77308,0.159301757812
77309,0.169921875
77310,0.16162109375
77311,0.158081054688
77312,0.180786132812
77313,0.181518554688
77314,0.1923828125
77315,0.172119140625
77316,0.164794921875
77317,0.124267578125
77318,0.112243652344
77319,0.146118164062
77320,0.15966796875
77321,0.177856445312
77322,0.182861328125
77323,0.185668945312
77324,0.16455078125
77325,0.173828125
77326,0.16650390625
77327,0.18212890625
77328,0.180786132812
77329,0.160522460938
77330,0.164794921875
77331,0.184936523438
77332,0.099365234375
77333,0.115356445312
77334,0.142944335938
77335,0.163818359375
77336,0.1748046875
77337,0.175170898438
77338,0.188598632812
77339,0.125732421875
77340,0.1552734375
77341,0.1376953125
77342,0.1591796875
77343,0.182006835938
77344,0.165649414062
77345,0.147094726562
77346,0.167846679688
77347,0.13623046875
77348,0.1552734375
77349,0.100769042969
77350,0.101318359375
77351,0.116821289062
77352,0.104431152344
77353,0.0771484375
77354,0.0905151367188
77355,0.0958251953125
77356,0.106018066406
77357,0.0975952148438
77358,0.114501953125
77359,0.105773925781
77360,0.129150390625
77361,0.0911254882812
77362,0.0864868164062
77363,0.0911865234375
77364,0.122314453125
77365,0.132690429688
77366,0.1494140625
77367,0.153076171875
77368,0.120971679688
77369,0.151489257812
77370,0.169311523438
77371,0.161376953125
77372,0.16748046875
77373,0.116027832031
77374,0.135986328125
77375,0.107543945312
77376,0.127319335938
77377,0.0890502929688
77378,0.09912109375
77379,0.100708007812
77380,0.126831054688
77381,0.142700195312
77382,0.095458984375
77383,0.087890625
77384,0.084716796875
77385,0.0772705078125
77386,0.0875244140625
77387,0.100402832031
77388,0.109558105469
77389,0.125
77390,0.1181640625
77391,0.113403320312
77392,0.114379882812
77393,0.138671875
77394,0.147094726562
77395,0.161865234375
77396,0.16845703125
77397,0.167236328125
77398,0.138916015625
77399,0.15380859375
77400,0.0996704101562
77401,0.132568359375
77402,0.151489257812
77403,0.14404296875
77404,0.114440917969
77405,0.131225585938
77406,0.166015625
77407,0.176025390625
77408,0.18359375
77409,0.195556640625
77410,0.20751953125
77411,0.124328613281
77412,0.161010742188
77413,0.128662109375
77414,0.140625
77415,0.116455078125
77416,0.0830078125
77417,0.0693969726562
77418,0.0863037109375
77419,0.105346679688
77420,0.0628662109375
77422,0.0985107421875
77423,0.09033203125
77424,0.1181640625
77425,0.130249023438
77426,0.116577148438
77427,0.0730590820312
77428,0.0795288085938
77429,0.11572265625
77430,0.13671875
77431,0.118041992188
77432,0.14111328125
77433,0.1552734375
77434,0.146484375
77435,0.157592773438
77436,0.166625976562
77437,0.172119140625
77438,0.117858886719
77439,0.123962402344
77440,0.105834960938
77441,0.100891113281
77442,0.106567382812
77443,0.130615234375
77444,0.158081054688
77445,0.169189453125
77446,0.154296875
77447,0.163940429688
77448,0.177612304688
77449,0.144897460938
77450,0.145751953125
77451,0.1494140625
77452,0.146728515625
77453,0.12060546875
77454,0.123046875
77455,0.13037109375
77456,0.14892578125
77457,0.161987304688
77458,0.111511230469
77459,0.1279296875
77460,0.122985839844
77461,0.137329101562
77462,0.122253417969
77463,0.15380859375
77464,0.121337890625
77465,0.130859375
77466,0.144287109375
77467,0.160522460938
77468,0.139404296875
77469,0.143676757812
77470,0.158935546875
77471,0.171752929688
77472,0.164794921875
77473,0.167358398438
77474,0.149047851562
77475,0.0866088867188
77476,0.110900878906
77477,0.145751953125
77478,0.152954101562
77479,0.109924316406
77480,0.120178222656
77481,0.149291992188
77482,0.15478515625
77483,0.175170898438
77484,0.175537109375
77485,0.133666992188
77486,0.134155273438
77487,0.126220703125
77488,0.0908813476562
77489,0.113952636719
77490,0.119812011719
77491,0.103332519531
77492,0.125610351562
77493,0.109619140625
77494,0.104248046875
77495,0.135131835938
77496,0.138549804688
77497,0.1220703125
77498,0.128173828125
77499,0.0828857421875
77500,0.104797363281
77501,0.115112304688
77502,0.109252929688
77503,0.136962890625
77504,0.134765625
77505,0.141967773438
77506,0.138061523438
77507,0.14404296875
77508,0.1455078125
77509,0.10009765625
77510,0.13525390625
77511,0.152099609375
77512,0.159301757812
77513,0.16064453125
77514,0.158203125
77515,0.125
77516,0.15087890625
77517,0.146484375
77518,0.1083984375
77519,0.0985107421875
77520,0.0
77521,0.0113906860352
77522,0.0192718505859
77523,0.0330505371094
77524,0.0335083007812
77525,0.037353515625
77526,0.0512390136719
77527,0.0538635253906
77528,0.0521545410156
77529,0.0518188476562
77530,0.0571594238281
77531,0.0613403320312
77532,0.0506896972656
77533,0.0551147460938
77534,0.0718383789062
77535,0.0679321289062
77536,0.0776977539062
77537,0.0860595703125
77538,0.0745849609375
77539,0.0912475585938
77540,0.0828247070312
77541,0.082275390625
77542,0.0973510742188
77543,0.092041015625
77544,0.105651855469
77545,0.122802734375
77546,0.0819702148438
77547,0.0823974609375
77548,0.0879516601562
77549,0.105163574219
77550,0.0756225585938
77551,0.106018066406
77552,0.128173828125
77553,0.14453125
77554,0.16357421875
77555,0.129516601562
77556,0.114135742188
77557,0.0834350585938
77558,0.0986938476562
77559,0.116027832031
77560,0.130249023438
77561,0.141235351562
77562,0.0811157226562
77563,0.0910034179688
77564,0.0821533203125
77565,0.0619506835938
77566,0.0806274414062
77567,0.0687255859375
77568,0.073974609375
77569,0.0933227539062
77570,0.104187011719
77571,0.123107910156
77572,0.131103515625
77573,0.146240234375
77574,0.156494140625
77575,0.125854492188
77576,0.136108398438
77577,0.118896484375
77578,0.13330078125
77579,0.143310546875
77580,0.151000976562
77581,0.15478515625
77582,0.140625
77583,0.124328613281
77584,0.13037109375
77585,0.1318359375
77586,0.1484375
77587,0.134155273438
77588,0.107971191406
77589,0.140502929688
77590,0.1416015625
77591,0.123962402344
77592,0.102661132812
77593,0.092529296875
77594,0.0950317382812
77595,0.102661132812
77596,0.108337402344
77597,0.130981445312
77598,0.15234375
77599,0.145874023438
77600,0.136108398438
77601,0.117553710938
77602,0.131225585938
77603,0.158081054688
77604,0.142700195312
77605,0.1630859375
77606,0.100646972656
77607,0.109313964844
77608,0.113525390625
77609,0.123779296875
77610,0.117919921875
77611,0.147827148438
77612,0.105224609375
77613,0.134399414062
77614,0.160888671875
77615,0.181518554688
77616,0.1875
77617,0.182861328125
77618,0.168334960938
77619,0.180541992188
77620,0.15185546875
77621,0.177978515625
77622,0.169555664062
77623,0.17138671875
77624,0.175537109375
77625,0.175537109375
77626,0.1416015625
77627,0.161376953125
77628,0.151489257812
77629,0.166870117188
77630,0.169921875
77631,0.176635742188
77632,0.176025390625
77633,0.18115234375
77634,0.16259765625
77635,0.159301757812
77636,0.1787109375
77637,0.118408203125
77638,0.13427734375
77639,0.148559570312
77640,0.168212890625
77641,0.140869140625
77642,0.106811523438
77643,0.110717773438
77644,0.108947753906
77645,0.133056640625
77646,0.153076171875
77647,0.172607421875
77648,0.168579101562
77649,0.14697265625
77650,0.151123046875
77651,0.112060546875
77652,0.140991210938
77653,0.142333984375
77654,0.1669921875
77655,0.16552734375
77656,0.16845703125
77657,0.158569335938
77658,0.160400390625
77659,0.151000976562
77660,0.151000976562
77661,0.1328125
77662,0.133422851562
77663,0.11279296875
77664,0.124816894531
77665,0.150634765625
77666,0.166259765625
77667,0.13134765625
77668,0.104370117188
77669,0.0968017578125
77670,0.0941162109375
77671,0.130981445312
77672,0.0938720703125
77673,0.130004882812
77674,0.148559570312
77675,0.142333984375
77676,0.155517578125
77677,0.135498046875
77678,0.137817382812
77679,0.109252929688
77680,0.1328125
77681,0.147094726562
77682,0.162475585938
77683,0.162109375
77684,0.120849609375
77685,0.136352539062
77686,0.132934570312
77687,0.14697265625
77688,0.157348632812
77689,0.1689453125
77690,0.177368164062
77691,0.182739257812
77692,0.166870117188
77693,0.165649414062
77694,0.168701171875
77695,0.135864257812
77696,0.162231445312
77697,0.177612304688
77698,0.159423828125
77699,0.164794921875
77700,0.09716796875
77701,0.1416015625
77702,0.156372070312
77703,0.138305664062
77704,0.0773315429688
77705,0.0994873046875
77706,0.133178710938
77707,0.1435546875
77708,0.154418945312
77709,0.172729492188
77710,0.175903320312
77711,0.164794921875
77712,0.172729492188
77713,0.163452148438
77714,0.0948486328125
77715,0.109985351562
77716,0.1171875
77717,0.0939331054688
77718,0.106018066406
77719,0.105651855469
77720,0.0965576171875
77721,0.115417480469
77722,0.0978393554688
77723,0.12548828125
77724,0.13232421875
77725,0.132446289062
77726,0.139282226562
77727,0.140014648438
77728,0.157958984375
77729,0.162963867188
77730,0.176513671875
77731,0.183471679688
77732,0.125244140625
77733,0.110595703125
77734,0.115234375
77735,0.105651855469
77736,0.124816894531
77737,0.0977783203125
77738,0.119079589844
77739,0.09521484375
77740,0.127319335938
77741,0.147583007812
77742,0.140747070312
77743,0.134155273438
77744,0.138793945312
77745,0.102233886719
77746,0.122375488281
77747,0.113037109375
77748,0.118469238281
77749,0.124206542969
77750,0.121948242188
77751,0.136962890625
77752,0.151245117188
77753,0.1455078125
77754,0.142578125
77755,0.131591796875
77756,0.142578125
77757,0.13818359375
77758,0.119201660156
77759,0.125854492188
77760,0.142333984375
77761,0.1396484375
77762,0.15966796875
77763,0.146728515625
77764,0.145629882812
77765,0.155883789062
77766,0.137939453125
77767,0.137939453125
77768,0.15234375
77769,0.125610351562
77770,0.138305664062
77771,0.101196289062
77772,0.132446289062
77773,0.152465820312
77774,0.145751953125
77775,0.140747070312
77776,0.089111328125
77777,0.124450683594
77778,0.1455078125
77779,0.161987304688
77780,0.152221679688
77781,0.125732421875
77782,0.109313964844
77783,0.119262695312
77784,0.146118164062
77785,0.165771484375
77786,0.174194335938
77787,0.150268554688
77788,0.173095703125
77789,0.142333984375
77790,0.166381835938
77791,0.158569335938
77792,0.143798828125
77793,0.142211914062
77794,0.135864257812
77795,0.132934570312
77796,0.13623046875
77797,0.14794921875
77798,0.154174804688
77799,0.14794921875
77800,0.166625976562
77801,0.168823242188
77802,0.1728515625
77803,0.174072265625
77804,0.15234375
77805,0.147094726562
77806,0.15234375
77807,0.14794921875
77808,0.13525390625
77809,0.144287109375
77810,0.162231445312
77811,0.138671875
77812,0.142700195312
77813,0.1328125
77814,0.13720703125
77815,0.143798828125
77816,0.140991210938
77817,0.139892578125
77818,0.143310546875
77819,0.136840820312
77820,0.1552734375
77821,0.153076171875
77822,0.13134765625
77823,0.163330078125
77824,0.146362304688
77825,0.14892578125
77826,0.152709960938
77827,0.171020507812
77828,0.138427734375
77829,0.109069824219
77830,0.13427734375
77831,0.114990234375
77832,0.121398925781
77833,0.138549804688
77834,0.129272460938
77835,0.137084960938
77836,0.129272460938
77837,0.153076171875
77838,0.145874023438
77839,0.154174804688
77840,0.131958007812
77841,0.127807617188
77842,0.116516113281
77843,0.13671875
77844,0.158935546875
77845,0.171752929688
77846,0.143676757812
77847,0.143432617188
77848,0.158081054688
77849,0.150634765625
77850,0.16650390625
77851,0.14013671875
77852,0.15185546875
77853,0.139282226562
77854,0.0860595703125
77855,0.10400390625
77856,0.097412109375
77857,0.126220703125
77858,0.147216796875
77859,0.104309082031
77860,0.0870361328125
77861,0.128784179688
77862,0.115356445312
77863,0.14404296875
77864,0.123352050781
77865,0.137939453125
77866,0.154174804688
77867,0.147705078125
77868,0.164184570312
77869,0.156982421875
77870,0.180541992188
77871,0.189208984375
77872,0.170776367188
77873,0.165283203125
77874,0.166259765625
77875,0.186889648438
77876,0.188110351562
77877,0.188354492188
77878,0.18212890625
77879,0.1767578125
77880,0.1767578125
77881,0.189697265625
77882,0.116760253906
77883,0.147827148438
77884,0.15234375
77885,0.150634765625
77886,0.163940429688
77887,0.152099609375
77888,0.16650390625
77889,0.174926757812
77890,0.158813476562
77891,0.138305664062
77892,0.14306640625
77893,0.176635742188
77894,0.136962890625
77895,0.153442382812
77896,0.1640625
77897,0.146118164062
77898,0.12841796875
77899,0.0823364257812
77900,0.136596679688
77901,0.144287109375
77902,0.16259765625
77903,0.1416015625
77904,0.129638671875
77905,0.137573242188
77906,0.161743164062
77907,0.185791015625
77908,0.143310546875
77909,0.133178710938
77910,0.146606445312
77911,0.161865234375
77912,0.122619628906
77913,0.117919921875
77914,0.0833740234375
77915,0.110168457031
77916,0.107788085938
77917,0.110290527344
77918,0.12060546875
77919,0.133178710938
77920,0.149658203125
77921,0.156127929688
77922,0.153930664062
77923,0.142578125
77924,0.161987304688
77925,0.166015625
77926,0.168701171875
77927,0.158447265625
77928,0.109436035156
77929,0.150024414062
77930,0.151123046875
77931,0.120666503906
77932,0.150146484375
77933,0.149047851562
77934,0.164794921875
77935,0.184448242188
77936,0.109802246094
77937,0.0903930664062
77938,0.113891601562
77939,0.0848999023438
77940,0.105590820312
77941,0.131103515625
77942,0.117736816406
77943,0.119934082031
77944,0.12841796875
77945,0.146728515625
77946,0.150390625
77947,0.139038085938
77948,0.151611328125
77949,0.130615234375
77950,0.099365234375
77951,0.121215820312
77952,0.127319335938
77953,0.114868164062
77954,0.1416015625
77955,0.15625
77956,0.147705078125
77957,0.136596679688
77958,0.150634765625
77959,0.151733398438
77960,0.168334960938
77961,0.177124023438
77962,0.1279296875
77963,0.14599609375
77964,0.130981445312
77965,0.147216796875
77966,0.162719726562
77967,0.174560546875
77968,0.17431640625
77969,0.158447265625
77970,0.172607421875
77971,0.15576171875
77972,0.15478515625
77973,0.163330078125
77974,0.18701171875
77975,0.195190429688
77976,0.147094726562
77977,0.15966796875
77978,0.157836914062
77979,0.167724609375
77980,0.171020507812
77981,0.162475585938
77982,0.13720703125
77983,0.124938964844
77984,0.144653320312
77985,0.164306640625
77986,0.192504882812
77987,0.182373046875
77988,0.158325195312
77989,0.181396484375
77990,0.159912109375
77991,0.179443359375
77992,0.149169921875
77993,0.137817382812
77994,0.140747070312
77995,0.170288085938
77996,0.110290527344
77997,0.141845703125
77998,0.147216796875
77999,0.131103515625
78000,0.154052734375
78001,0.146606445312
78002,0.137329101562
78003,0.1533203125
78004,0.148315429688
78005,0.16650390625
78006,0.165893554688
78007,0.125244140625
78008,0.138671875
78009,0.16455078125
78010,0.14111328125
78011,0.147338867188
78012,0.129272460938
78013,0.1328125
78014,0.128051757812
78015,0.137939453125
78016,0.143676757812
78017,0.107971191406
78018,0.118286132812
78019,0.0906372070312
78020,0.121643066406
78021,0.115905761719
78022,0.0994873046875
78023,0.110168457031
78024,0.116333007812
78025,0.109497070312
78026,0.109985351562
78027,0.115844726562
78028,0.135864257812
78029,0.145751953125
78030,0.128662109375
78031,0.149291992188
78032,0.159790039062
78033,0.133422851562
78034,0.108154296875
78035,0.114685058594
78036,0.116271972656
78037,0.130126953125
78038,0.128295898438
78039,0.0932006835938
78040,0.0883178710938
78041,0.096923828125
78042,0.111267089844
78043,0.119995117188
78044,0.128173828125
78045,0.142822265625
78046,0.142211914062
78047,0.1171875
78048,0.139404296875
78049,0.155029296875
78050,0.145385742188
78051,0.125122070312
78052,0.149536132812
78053,0.15478515625
78054,0.163208007812
78055,0.14013671875
78056,0.154052734375
78057,0.157836914062
78058,0.142578125
78059,0.154174804688
78060,0.151123046875
78061,0.138671875
78062,0.0776977539062
78063,0.101806640625
78064,0.137817382812
78065,0.10888671875
78066,0.11328125
78067,0.132446289062
78068,0.151489257812
78069,0.154296875
78070,0.14599609375
78071,0.121520996094
78072,0.145629882812
78073,0.144165039062
78074,0.156005859375
78075,0.150390625
78076,0.129272460938
78077,0.116149902344
78078,0.130859375
78079,0.150756835938
78080,0.158203125
78081,0.112731933594
78082,0.145263671875
78083,0.173217773438
78084,0.166015625
78085,0.175415039062
78086,0.15869140625
78087,0.159912109375
78088,0.174560546875
78089,0.181762695312
78090,0.183349609375
78091,0.138549804688
78092,0.151123046875
78093,0.179443359375
78094,0.147827148438
78095,0.1611328125
78096,0.159057617188
78097,0.143432617188
78098,0.142333984375
78099,0.125610351562
78100,0.159057617188
78101,0.125366210938
78102,0.121276855469
78103,0.138916015625
78104,0.0842895507812
78105,0.102966308594
78106,0.127563476562
78107,0.137451171875
78108,0.0992431640625
78109,0.130737304688
78110,0.13818359375
78111,0.145751953125
78112,0.152221679688
78113,0.125366210938
78114,0.093505859375
78115,0.106079101562
78116,0.118041992188
78117,0.116394042969
78118,0.124572753906
78119,0.115478515625
78120,0.10205078125
78121,0.093017578125
78122,0.0975341796875
78123,0.110046386719
78124,0.122375488281
78125,0.124877929688
78126,0.0985107421875
78127,0.104125976562
78128,0.0955200195312
78129,0.118469238281
78130,0.12890625
78131,0.120727539062
78132,0.113464355469
78133,0.118896484375
78134,0.129150390625
78135,0.124572753906
78136,0.118408203125
78137,0.1103515625
78138,0.125732421875
78139,0.131958007812
78140,0.148681640625
78141,0.126953125
78142,0.14013671875
78143,0.13623046875
78144,0.131591796875
78145,0.104309082031
78146,0.134521484375
78147,0.128540039062
78148,0.14892578125
78149,0.170654296875
78150,0.167358398438
78151,0.136962890625
78152,0.114379882812
78153,0.102661132812
78154,0.1279296875
78155,0.126831054688
78156,0.123779296875
78157,0.113159179688
78158,0.133544921875
78159,0.0975341796875
78160,0.0999145507812
78161,0.11083984375
78162,0.1376953125
78163,0.115234375
78164,0.126342773438
78165,0.151245117188
78166,0.142211914062
78167,0.126098632812
78168,0.11376953125
78169,0.126953125
78170,0.124572753906
78171,0.108642578125
78172,0.109008789062
78173,0.126708984375
78174,0.114501953125
78175,0.113647460938
78176,0.13671875
78177,0.135620117188
78178,0.145141601562
78179,0.126586914062
78180,0.104553222656
78181,0.112182617188
78182,0.124328613281
78183,0.128051757812
78184,0.130981445312
78185,0.0853881835938
78186,0.111511230469
78187,0.126831054688
78188,0.155517578125
78189,0.122680664062
78190,0.13623046875
78191,0.137451171875
78192,0.153564453125
78193,0.146118164062
78194,0.147583007812
78195,0.143188476562
78196,0.11328125
78197,0.104248046875
78198,0.10400390625
78199,0.0940551757812
78200,0.077392578125
78201,0.0795288085938
78202,0.0695190429688
