4,0.0
5,0.0
6,0.0
7,0.0
8,0.0
9,0.0
10,0.0
11,0.0
12,0.0
13,0.0
14,0.0
15,0.0
16,0.0
17,0.0
18,0.0
19,0.0
20,0.0
21,0.0
22,0.0
23,0.0
24,0.0
25,0.0
26,0.0
27,0.0
28,0.0
29,0.0
30,0.0
31,0.0
32,0.0
33,0.0
34,0.0
35,0.0
36,0.0
37,0.0
38,0.0
39,0.0
40,0.0
41,0.0
42,0.0
43,0.0
44,0.0
45,0.0
46,0.0
47,0.0
48,0.0
49,0.0
50,0.0
51,0.0
52,0.0
53,0.0
54,0.0
55,0.0
56,0.0
57,0.0
58,0.0
59,0.0
60,0.0
61,0.0
62,0.0
63,0.0
64,0.0
65,0.0
66,0.0
67,0.0
68,0.0
69,0.0
70,0.0
71,0.0
72,0.0
73,0.0
74,0.0
75,0.0
76,0.0
77,0.0
78,0.0
79,0.0
80,0.0
81,0.0
82,0.0
83,0.0
84,0.0
85,0.0
86,0.0
87,0.0
88,0.0
89,0.0
90,0.0
91,0.0
92,0.0
93,0.0
94,0.0
95,0.0
96,0.0
97,0.0
98,0.0
99,0.0
100,0.0
101,0.0
102,0.0
103,0.0
104,0.0
105,0.0
106,0.0
107,0.0
108,0.0
109,0.0
110,0.0
111,0.0
112,0.0
113,0.0
114,0.0
115,0.0
116,0.0
117,0.0
118,0.0
119,0.0
120,0.0
121,0.0
122,0.0
123,0.0
124,0.0
125,0.0
126,0.0
127,0.0
128,0.0
129,0.0
130,0.0
131,0.0
132,0.0
133,0.0
134,0.0
135,0.0
136,0.0
137,0.0
138,0.0
139,0.0
140,0.0
141,0.0
142,0.0
143,0.0
144,0.0
145,0.0
146,0.0
147,0.0
148,0.0
149,0.0
150,0.0
151,0.0
152,0.0
153,0.0
154,0.0
155,0.0
156,0.0
157,0.0
158,0.0
159,0.0
160,0.0
161,0.0
162,0.0
163,0.0
164,0.0
165,0.0
166,0.0
167,0.0
168,0.0
169,0.0
170,0.0
171,0.0
172,0.0
173,0.0
174,0.0
175,0.0
176,0.0
177,0.0
178,0.0
179,0.0
180,0.0
181,0.0
182,0.0
183,0.0
184,0.0
185,0.0
186,0.0
187,0.0
188,0.0
189,0.0
190,0.0
191,0.0
192,0.0
193,0.0
194,0.0
195,0.0
196,0.0
197,0.0
198,0.0
199,0.0
200,0.0
201,0.0
202,0.0
203,0.0
204,0.0
205,0.0
206,0.0
207,0.0
208,0.0
209,0.0
210,0.0
211,0.0
212,0.0
213,0.0
214,0.0
215,0.0
216,0.0
217,0.0
218,0.0
219,0.0
220,0.0
221,0.0
222,0.0
223,0.0
224,0.0
225,0.0
226,0.0
227,0.0
228,0.0
229,0.0
230,0.0
231,0.0
232,0.0
233,0.0
234,0.0
235,0.0
236,0.0
237,0.0
238,0.0
239,0.0
240,0.0
241,0.0
242,0.0
243,0.0
244,0.0
245,0.0
246,0.0
247,0.0
248,0.0
249,0.0
250,0.0
251,0.0
252,0.0
253,0.0
254,0.0
255,0.0
256,0.0
257,0.0
258,0.0
259,0.0
260,0.0
261,0.0
262,0.0
263,0.0
264,0.0
265,0.0
266,0.0
267,0.0
268,0.0
269,0.0
270,0.0
271,0.0
272,0.0
273,0.0
274,0.0
275,0.0
276,0.0
277,0.0
278,0.0
279,0.0
280,0.0
281,0.0
282,0.0
283,0.0
284,0.0
285,0.0
286,0.0
287,0.0
288,0.0
289,0.0
290,0.0
291,0.0
292,0.0
293,0.0
294,0.0
295,0.0
296,0.0
297,0.0
298,0.0
299,0.0
300,0.0
301,0.0
302,0.0
303,0.0
304,0.0
305,0.0
306,0.0
307,0.0
308,0.0
309,0.0
310,0.0
311,0.0
312,0.0
313,0.0
314,0.0
315,0.0
316,0.0
317,0.0
318,0.0
319,0.0
320,0.0
321,0.0
322,0.0
323,0.0
324,0.0
325,0.0
326,0.0
327,0.0
328,0.0
329,0.0
330,0.0
331,0.0
332,0.0
333,0.0
334,0.0
335,0.0
336,0.0
337,0.0
338,0.0
339,0.0
340,0.0
341,0.0
342,0.0
343,0.0
344,0.0
345,0.0
346,0.0
347,0.0
348,0.0
349,0.0
350,0.0
351,0.0
352,0.0
353,0.0
354,0.0
355,0.0
356,0.0
357,0.0
358,0.0
359,0.0
360,0.0
361,0.0
362,0.0
363,0.0
364,0.0
365,0.0
366,0.0
367,0.0
368,0.0
369,0.0
370,0.0
371,0.0
372,0.0
373,0.0
374,0.0
375,0.0
376,0.0
377,0.0
378,0.0
379,0.0
380,0.0
381,0.0
382,0.0
383,0.0
384,0.0
385,0.0
386,0.0
387,0.0
388,0.0
389,0.0
390,0.0
391,0.0
392,0.0
393,0.0
394,0.0
395,0.0
396,0.0
397,0.0
398,0.0
399,0.0
400,0.0
401,0.0
402,0.0
403,0.0
404,0.0
405,0.0
406,0.0
407,0.0
408,0.0
409,0.0
410,0.0
411,0.0
412,0.0
413,0.0
414,0.0
415,0.0
416,0.0
417,0.0
418,0.0
419,0.0
420,0.0
421,0.0
422,0.0
423,0.0
424,0.0
425,0.0
426,0.0
427,0.0
428,0.0
429,0.0
430,0.0
431,0.0
432,0.0
433,0.0
434,0.0
435,0.0
436,0.0
437,0.0
438,0.0
439,0.0
440,0.0
441,0.0
442,0.0
443,0.0
444,0.0
445,0.0
446,0.0
447,0.0
448,0.0
449,0.0
450,0.0
451,0.0
452,0.0
453,0.0
454,0.0
455,0.0
456,0.0
457,0.0
458,0.0
459,0.0
460,0.0
461,0.0
462,0.0
463,0.0
464,0.0
465,0.0
466,0.0
467,0.0
468,0.0
469,0.0
470,0.0
471,0.0
472,0.0
473,0.0
474,0.0
475,0.0
476,0.0
477,0.0
478,0.0
479,0.0
480,0.0
481,0.0
482,0.0
483,0.0
484,0.0
485,0.0
486,0.0
487,0.0
488,0.0
489,0.0
490,0.0
491,0.0
492,0.0
493,0.0
494,0.0
495,0.0
496,0.0
497,0.0
498,0.0
499,0.0
500,0.0
501,0.0
502,0.0
503,0.0
504,0.0
505,0.0
506,0.0
507,0.0
508,0.0
509,0.0
510,0.0
511,0.0
512,0.0
513,0.0
514,0.0
515,0.0
516,0.0
517,0.0
518,0.0
519,0.0
520,0.0
521,0.0
522,0.0
523,0.0
524,0.0
525,0.0
526,0.0
527,0.0
528,0.0
529,0.0
530,0.0
531,0.0
532,0.0
533,0.0
534,0.0
535,0.0
536,0.0
537,0.0
538,0.0
539,0.0
540,0.0
541,0.0
542,0.0
543,0.0
544,0.0
545,0.0
546,0.0
547,0.0
548,0.0
549,0.0
550,0.0
551,0.0
552,0.0
553,0.0
554,0.0
555,0.0
556,0.0
557,0.0
558,0.0
559,0.0
560,0.0
561,0.0
562,0.0
563,0.0
564,0.0
565,0.0
566,0.0
567,0.0
568,0.0
569,0.0
570,0.0
571,0.0
572,0.0
573,0.0
574,0.0
575,0.0
576,0.0
577,0.0
578,0.0
579,0.0
580,0.0
581,0.0
582,0.0
583,0.0
584,0.0
585,0.0
586,0.0
587,0.0
588,0.0
589,0.0
590,0.0
591,0.0
592,0.0
593,0.0
594,0.0
595,0.0
596,0.0
597,0.0
598,0.0
599,0.0
600,0.0
601,0.0
602,0.0
603,0.0
604,0.0
605,0.0
606,0.0
607,0.0
608,0.0
609,0.0
610,0.0
611,0.0
612,0.0
613,0.0
614,0.0
615,0.0
616,0.0
617,0.0
618,0.0
619,0.0
620,0.0
621,0.0
622,0.0
623,0.0
624,0.0
625,0.0
626,0.0
627,0.0
628,0.0
629,0.0
630,0.0
631,1.23381614685e-05
632,1.23381614685e-05
633,1.23381614685e-05
634,1.23381614685e-05
635,1.23381614685e-05
636,1.23381614685e-05
637,1.23381614685e-05
638,1.23381614685e-05
639,1.23381614685e-05
640,1.23381614685e-05
641,1.23381614685e-05
642,0.0
643,1.23381614685e-05
644,1.23381614685e-05
645,1.23381614685e-05
646,1.23381614685e-05
647,0.0
648,0.0
649,0.0
650,0.0
651,1.23381614685e-05
652,1.23381614685e-05
653,0.0
654,0.0
655,0.0
656,0.0
657,0.0
658,1.23381614685e-05
659,1.23381614685e-05
660,1.23381614685e-05
661,0.0
662,0.0
663,0.0
664,0.0
665,1.23381614685e-05
666,1.23381614685e-05
667,1.23381614685e-05
668,1.23381614685e-05
669,1.23381614685e-05
670,1.23381614685e-05
671,1.23381614685e-05
672,0.0
673,0.0
674,0.0
675,0.0
676,0.0
677,0.0
678,0.0
679,0.0
680,0.0
681,0.0
682,0.0
683,0.0
684,0.0
685,1.23381614685e-05
686,1.23381614685e-05
687,1.23381614685e-05
688,1.23381614685e-05
689,1.23381614685e-05
690,1.23381614685e-05
691,1.23381614685e-05
692,1.23381614685e-05
693,1.23381614685e-05
694,1.23381614685e-05
695,1.23381614685e-05
696,1.23381614685e-05
697,1.23381614685e-05
698,1.23381614685e-05
699,1.23381614685e-05
700,1.23381614685e-05
701,1.23381614685e-05
702,1.23381614685e-05
703,1.23381614685e-05
704,1.23381614685e-05
705,1.23381614685e-05
706,1.23381614685e-05
707,1.23381614685e-05
708,1.23381614685e-05
709,1.23381614685e-05
710,1.23381614685e-05
711,1.23381614685e-05
712,1.23381614685e-05
713,1.23381614685e-05
714,1.23381614685e-05
715,1.23381614685e-05
716,1.23381614685e-05
717,1.23381614685e-05
718,1.23381614685e-05
719,0.0
720,1.23381614685e-05
721,1.23381614685e-05
722,1.23381614685e-05
723,1.23381614685e-05
724,1.23381614685e-05
725,1.23381614685e-05
726,1.23381614685e-05
727,1.23381614685e-05
728,1.23381614685e-05
729,1.23381614685e-05
730,1.23381614685e-05
731,1.23381614685e-05
732,1.23381614685e-05
733,1.23381614685e-05
734,1.23381614685e-05
735,1.23381614685e-05
736,1.23381614685e-05
737,1.23381614685e-05
738,1.23381614685e-05
739,1.23381614685e-05
740,1.23381614685e-05
741,1.23381614685e-05
742,1.23381614685e-05
743,1.23381614685e-05
744,1.23381614685e-05
745,1.23381614685e-05
746,1.23381614685e-05
747,1.23381614685e-05
748,1.23381614685e-05
749,1.23381614685e-05
750,1.23381614685e-05
751,1.23381614685e-05
752,1.23381614685e-05
753,1.23381614685e-05
754,1.23381614685e-05
755,1.23381614685e-05
756,1.23381614685e-05
757,1.23381614685e-05
758,1.23381614685e-05
759,1.23381614685e-05
760,0.0
761,0.0
762,0.0
763,1.23381614685e-05
764,1.23381614685e-05
765,1.23381614685e-05
766,1.23381614685e-05
767,1.23381614685e-05
768,0.0
769,0.0
770,0.0
771,0.0
772,0.0
773,0.0
774,0.0
775,0.0
776,0.0
777,0.0
778,0.0
779,0.0
780,0.0
781,0.0
782,0.0
783,0.0
784,0.0
786,0.0
787,0.0
788,0.0
789,0.0
790,0.0
791,0.0
792,0.0
793,0.0
794,0.0
795,0.0
796,0.0
797,0.0
798,0.0
799,0.0
800,1.13248825073e-06
801,1.13248825073e-06
802,1.72853469849e-06
803,2.32458114624e-06
804,2.80737876892e-05
805,1.69277191162e-05
806,4.15444374084e-05
807,7.94529914856e-05
808,7.11679458618e-05
809,9.27448272705e-05
810,0.000316143035889
811,0.000360250473022
812,0.000488758087158
813,0.000673294067383
814,0.000768661499023
815,0.00102233886719
816,0.000859260559082
817,0.00109004974365
818,0.00125598907471
819,0.00143814086914
820,0.00174713134766
821,0.00196266174316
822,0.00192260742188
823,0.00228691101074
824,0.00314140319824
825,0.00183868408203
826,0.00264739990234
827,0.00347328186035
828,0.00402069091797
829,0.00428009033203
830,0.00327110290527
831,0.00424957275391
832,0.0040168762207
833,0.0055046081543
834,0.00557327270508
835,0.0050048828125
836,0.0063362121582
837,0.00809478759766
838,0.00824737548828
839,0.0106582641602
840,0.0105972290039
841,0.0108642578125
842,0.00804138183594
843,0.00946807861328
844,0.0122375488281
845,0.0106353759766
846,0.0111999511719
847,0.0132675170898
848,0.0145797729492
849,0.0127944946289
850,0.0136032104492
851,0.0120010375977
852,0.0129623413086
853,0.0159301757812
854,0.0185699462891
855,0.0167694091797
856,0.0118560791016
857,0.0115966796875
858,0.0144271850586
859,0.0166778564453
860,0.0160217285156
861,0.0216979980469
862,0.0146331787109
863,0.0189971923828
864,0.0133056640625
865,0.0167846679688
866,0.0123291015625
867,0.0160064697266
868,0.0154724121094
869,0.0132522583008
870,0.0175323486328
871,0.0163116455078
872,0.0166778564453
873,0.0136642456055
874,0.0128631591797
875,0.0143966674805
876,0.0167083740234
877,0.0173645019531
878,0.0176239013672
879,0.0186614990234
880,0.0146713256836
881,0.0165557861328
882,0.0173797607422
883,0.0147705078125
884,0.0130081176758
885,0.0123596191406
886,0.013069152832
887,0.0140762329102
888,0.015380859375
889,0.0174560546875
890,0.0171813964844
891,0.0159759521484
892,0.0160369873047
893,0.0162048339844
894,0.0159149169922
895,0.0177154541016
896,0.0151138305664
897,0.0164947509766
898,0.016845703125
899,0.0151977539062
900,0.0148315429688
901,0.0156707763672
902,0.0164947509766
903,0.0178070068359
904,0.0196228027344
905,0.0221862792969
906,0.0203857421875
907,0.0220642089844
908,0.0200653076172
909,0.0207061767578
910,0.0186767578125
911,0.0212249755859
912,0.0223999023438
913,0.0200347900391
914,0.0196075439453
915,0.0205688476562
916,0.0223236083984
917,0.0189208984375
918,0.0183563232422
919,0.0210571289062
920,0.0233306884766
921,0.0228271484375
922,0.0231781005859
923,0.0208435058594
924,0.0194091796875
925,0.0220642089844
926,0.0252685546875
927,0.0249328613281
928,0.0255889892578
929,0.0285797119141
930,0.0243377685547
931,0.0254821777344
932,0.0248870849609
933,0.0254516601562
934,0.0242156982422
935,0.0258636474609
936,0.0280609130859
937,0.0256652832031
938,0.0270843505859
939,0.0267028808594
940,0.0277404785156
941,0.0259857177734
942,0.0261077880859
943,0.0287933349609
944,0.0208587646484
945,0.0246887207031
946,0.0244598388672
947,0.0236053466797
948,0.0237274169922
949,0.0222473144531
950,0.0242004394531
951,0.0240325927734
952,0.0254821777344
953,0.0294342041016
954,0.0277862548828
955,0.0280914306641
956,0.0313110351562
957,0.032470703125
958,0.0281677246094
959,0.0242614746094
960,0.0270690917969
961,0.0275115966797
962,0.0260467529297
963,0.0266265869141
964,0.0290374755859
965,0.0299530029297
966,0.0280914306641
967,0.0335083007812
968,0.0307159423828
969,0.0303802490234
970,0.0273132324219
971,0.0267486572266
972,0.0261688232422
973,0.0268249511719
974,0.0293579101562
975,0.0311889648438
976,0.0281677246094
977,0.0272827148438
978,0.0252227783203
979,0.0239715576172
980,0.0257873535156
981,0.0293884277344
982,0.0275726318359
983,0.0267028808594
984,0.0285339355469
985,0.0309753417969
986,0.0301361083984
987,0.0308380126953
988,0.0314636230469
989,0.0309753417969
990,0.0292663574219
991,0.0236511230469
992,0.0294799804688
993,0.0295562744141
994,0.0304260253906
995,0.0312347412109
996,0.032470703125
997,0.0329895019531
998,0.0316467285156
999,0.0307006835938
1000,0.0271453857422
1001,0.0297088623047
1002,0.0307312011719
1003,0.0284423828125
1004,0.0282592773438
1005,0.0262908935547
1006,0.0274505615234
1007,0.0301666259766
1008,0.0314636230469
1009,0.0284729003906
1010,0.0293426513672
1011,0.030029296875
1012,0.0303649902344
1013,0.0304565429688
1014,0.0310516357422
1015,0.0316467285156
1016,0.0299682617188
1017,0.0299835205078
1018,0.0290222167969
1019,0.0333862304688
1020,0.0290985107422
1021,0.0251007080078
1022,0.0267181396484
1023,0.0286407470703
1024,0.0299224853516
1025,0.0285339355469
1026,0.0292510986328
1027,0.0291900634766
1028,0.0326232910156
1029,0.0309600830078
1030,0.0354919433594
1031,0.0341491699219
1032,0.0305633544922
1033,0.0294494628906
1034,0.0274810791016
1035,0.0303649902344
1036,0.025146484375
1037,0.0257568359375
1038,0.0232696533203
1039,0.0264282226562
1040,0.0244903564453
1041,0.0275573730469
1042,0.0262298583984
1043,0.0272674560547
1044,0.0261535644531
1045,0.029296875
1046,0.0289764404297
1047,0.0305786132812
1048,0.0312347412109
1049,0.0322570800781
1050,0.0319519042969
1051,0.0290985107422
1052,0.030029296875
1053,0.0290374755859
1054,0.03271484375
1055,0.0313415527344
1056,0.0328979492188
1057,0.0329895019531
1058,0.0288848876953
1059,0.0290069580078
1060,0.0323791503906
1061,0.0325012207031
1062,0.0234832763672
1063,0.0261688232422
1064,0.0279541015625
1065,0.0258483886719
1066,0.02978515625
1067,0.0323181152344
1068,0.0296020507812
1069,0.0332946777344
1070,0.0318298339844
1071,0.0281982421875
1072,0.0295562744141
1073,0.0335998535156
1074,0.0314636230469
1075,0.0298919677734
1076,0.0305023193359
1077,0.0331115722656
1078,0.0282287597656
1079,0.0265960693359
1080,0.0284729003906
1081,0.0277099609375
1082,0.0288238525391
1083,0.0302429199219
1084,0.0326232910156
1085,0.0302581787109
1086,0.0318298339844
1087,0.0327453613281
1088,0.0316772460938
1089,0.0332336425781
1090,0.0290222167969
1091,0.0295867919922
1092,0.0277099609375
1093,0.0296325683594
1094,0.0328979492188
1095,0.0268249511719
1096,0.0328063964844
1097,0.0344848632812
1098,0.0353393554688
1099,0.0306243896484
1100,0.0308685302734
1101,0.0289611816406
1102,0.0311889648438
1103,0.0308380126953
1104,0.0333251953125
1105,0.0327453613281
1106,0.0347595214844
1107,0.03369140625
1108,0.0310211181641
1109,0.0297698974609
1110,0.0330810546875
1111,0.0311584472656
1112,0.0275421142578
1113,0.0257415771484
1114,0.0262298583984
1115,0.0294647216797
1116,0.0263824462891
1117,0.0291595458984
1118,0.031494140625
1119,0.0297088623047
1120,0.0306549072266
1121,0.029541015625
1122,0.0267486572266
1123,0.0237426757812
1124,0.0256958007812
1125,0.0244140625
1126,0.0243225097656
1127,0.0271759033203
1128,0.0278778076172
1129,0.0246887207031
1130,0.0294799804688
1131,0.0296020507812
1132,0.0268707275391
1133,0.0291900634766
1134,0.0263061523438
1135,0.027587890625
1136,0.0258026123047
1137,0.0253601074219
1138,0.0255737304688
1139,0.0268096923828
1140,0.0286407470703
1141,0.0325317382812
1142,0.0296783447266
1143,0.0280151367188
1144,0.0309143066406
1145,0.0277404785156
1146,0.0301971435547
1147,0.0307922363281
1148,0.0300598144531
1149,0.0321044921875
1150,0.0264739990234
1151,0.0248107910156
1152,0.0253753662109
1153,0.0237731933594
1154,0.0274810791016
1155,0.0261077880859
1156,0.0260620117188
1157,0.0276031494141
1158,0.0276336669922
1159,0.0286407470703
1160,0.0303192138672
1161,0.0328674316406
1162,0.0304107666016
1163,0.0313720703125
1164,0.0291290283203
1165,0.0273132324219
1166,0.0289916992188
1167,0.0302581787109
1168,0.0292053222656
1169,0.0288848876953
1170,0.0272827148438
1171,0.0255279541016
1172,0.0282135009766
1173,0.0287322998047
1174,0.0286712646484
1175,0.0292358398438
1176,0.0279235839844
1177,0.0267333984375
1178,0.0269622802734
1179,0.0300903320312
1180,0.0305328369141
1181,0.0276947021484
1182,0.0251007080078
1183,0.0283966064453
1184,0.0301513671875
1185,0.0259246826172
1186,0.0307006835938
1187,0.0278015136719
1188,0.0273590087891
1189,0.0271148681641
1190,0.0255584716797
1191,0.0284881591797
1192,0.0276794433594
1193,0.02783203125
1194,0.0261688232422
1195,0.0244293212891
1196,0.0247802734375
1197,0.0274353027344
1198,0.0271301269531
1199,0.0291900634766
1200,0.029296875
1201,0.0323791503906
1202,0.0312805175781
1203,0.0232391357422
1204,0.0255889892578
1205,0.0276031494141
1206,0.0270690917969
1207,0.0255889892578
1208,0.0260467529297
1209,0.0320434570312
1210,0.0289154052734
1211,0.0299835205078
1212,0.0296325683594
1213,0.0305480957031
1214,0.0266571044922
1215,0.0279541015625
1216,0.0281066894531
1217,0.0305938720703
1218,0.0290832519531
1219,0.029052734375
1220,0.0285949707031
1221,0.0292053222656
1222,0.0319519042969
1223,0.0297698974609
1224,0.0254364013672
1225,0.0251770019531
1226,0.0243530273438
1227,0.0249938964844
1228,0.0247344970703
1229,0.0272369384766
1230,0.0236663818359
1231,0.0279998779297
1232,0.0252838134766
1233,0.0262298583984
1234,0.0290069580078
1235,0.0269775390625
1236,0.0293884277344
1237,0.0289764404297
1238,0.0286102294922
1239,0.0289306640625
1240,0.0299987792969
1241,0.0302429199219
1242,0.0315551757812
1243,0.0312194824219
1244,0.0312042236328
1245,0.031494140625
1246,0.0295867919922
1247,0.0268249511719
1248,0.0257415771484
1249,0.0278625488281
1250,0.0272979736328
1251,0.0263061523438
1252,0.0249786376953
1253,0.0276336669922
1254,0.0263366699219
1255,0.0272064208984
1256,0.0286712646484
1257,0.0285797119141
1258,0.0284118652344
1259,0.0292510986328
1260,0.0320129394531
1261,0.0315551757812
1262,0.0299682617188
1263,0.0280609130859
1264,0.0253448486328
1265,0.0268249511719
1266,0.0293731689453
1267,0.0299835205078
1268,0.0308380126953
1269,0.0324096679688
1270,0.0264129638672
1271,0.0256500244141
1272,0.0247802734375
1273,0.0220947265625
1274,0.0245666503906
1275,0.02392578125
1276,0.0261840820312
1277,0.0233917236328
1278,0.0224304199219
1279,0.0234832763672
1280,0.02392578125
1281,0.0272979736328
1282,0.0294189453125
1283,0.0287475585938
1284,0.0295715332031
1285,0.02978515625
1286,0.0304260253906
1287,0.0307922363281
1288,0.0276184082031
1289,0.0267181396484
1290,0.0271301269531
1291,0.0265350341797
1292,0.0266723632812
1293,0.0274047851562
1294,0.0286560058594
1295,0.0265350341797
1296,0.0271759033203
1297,0.0250396728516
1298,0.0278625488281
1299,0.0254974365234
1300,0.0249328613281
1301,0.0267486572266
1302,0.0272674560547
1303,0.0288696289062
1304,0.0275726318359
1305,0.0263214111328
1306,0.0294647216797
1307,0.02978515625
1308,0.0287322998047
1309,0.0245666503906
1310,0.0263519287109
1311,0.0285034179688
1312,0.0284729003906
1313,0.0292205810547
1314,0.0309753417969
1315,0.0299072265625
1316,0.0317077636719
1317,0.0320434570312
1318,0.0315246582031
1319,0.0309906005859
1320,0.0299682617188
1321,0.0286254882812
1322,0.0281066894531
1323,0.0294342041016
1324,0.03076171875
1325,0.0305938720703
1326,0.0316772460938
1327,0.0274200439453
1328,0.0293731689453
1329,0.0288696289062
1330,0.0274047851562
1331,0.0257415771484
1332,0.0264129638672
1333,0.02783203125
1334,0.0272064208984
1335,0.0264587402344
1336,0.0290832519531
1337,0.0285339355469
1338,0.0270080566406
1339,0.0273284912109
1340,0.0277404785156
1341,0.0252227783203
1342,0.0268707275391
1343,0.0251312255859
1344,0.0251312255859
1345,0.0242004394531
1346,0.0244750976562
1347,0.0269012451172
1348,0.0251312255859
1349,0.0256652832031
1350,0.0254821777344
1351,0.0264739990234
1352,0.0260314941406
1353,0.0257263183594
1354,0.0271453857422
1355,0.0276336669922
1356,0.0275268554688
1357,0.0234680175781
1358,0.0244445800781
1359,0.0285797119141
1360,0.0287017822266
1361,0.0282745361328
1362,0.0292510986328
1363,0.0301361083984
1364,0.0301055908203
1365,0.0313415527344
1366,0.0324401855469
1367,0.0268859863281
1368,0.0264892578125
1369,0.0264587402344
1370,0.0274658203125
1371,0.0283355712891
1372,0.0283203125
1373,0.0279998779297
1374,0.0286865234375
1375,0.0287322998047
1376,0.0267791748047
1377,0.0249481201172
1378,0.0263824462891
1379,0.0274963378906
1380,0.022216796875
1381,0.0210418701172
1382,0.0233001708984
1383,0.0234680175781
1384,0.0237884521484
1385,0.0229187011719
1386,0.0239410400391
1387,0.0244140625
1388,0.02587890625
1389,0.0236663818359
1390,0.0273284912109
1391,0.0283966064453
1392,0.0275421142578
1393,0.0289916992188
1394,0.0291290283203
1395,0.0320129394531
1396,0.0321350097656
1397,0.0340881347656
1398,0.0281677246094
1399,0.0269927978516
1400,0.0306243896484
1401,0.0309448242188
1402,0.0330810546875
1403,0.0283508300781
1404,0.0271453857422
1405,0.0266723632812
1406,0.0279083251953
1407,0.0277709960938
1408,0.0272216796875
1409,0.0274047851562
1410,0.02685546875
1411,0.0258941650391
1412,0.0306396484375
1413,0.0270080566406
1414,0.0253448486328
1415,0.0270538330078
1416,0.0269775390625
1417,0.0268402099609
1418,0.0238342285156
1419,0.0225982666016
1420,0.0229187011719
1421,0.0238189697266
1422,0.024169921875
1423,0.0250854492188
1424,0.0280303955078
1425,0.0260162353516
1426,0.0264129638672
1427,0.0282287597656
1428,0.0267333984375
1429,0.0243835449219
1430,0.0262451171875
1431,0.0272216796875
1432,0.0275726318359
1433,0.032470703125
1434,0.0319213867188
1435,0.0312805175781
1436,0.0337524414062
1437,0.0335693359375
1438,0.0271911621094
1439,0.0255126953125
1440,0.0272064208984
1441,0.0278015136719
1442,0.0250091552734
1443,0.024169921875
1444,0.0273895263672
1445,0.0277862548828
1446,0.0246734619141
1447,0.0249176025391
1448,0.0225067138672
1449,0.0244598388672
1450,0.0233154296875
1451,0.0243835449219
1452,0.0237426757812
1453,0.0263519287109
1454,0.0276489257812
1455,0.0287322998047
1456,0.0239410400391
1457,0.0245513916016
1458,0.0264129638672
1459,0.0281677246094
1460,0.0255889892578
1461,0.0258178710938
1462,0.0267486572266
1463,0.0246887207031
1464,0.0280456542969
1465,0.0273742675781
1466,0.0283813476562
1467,0.0233154296875
1468,0.0230560302734
1469,0.0275726318359
1470,0.0277862548828
1471,0.0269775390625
1472,0.0254058837891
1473,0.025146484375
1474,0.0273742675781
1475,0.0285339355469
1476,0.0295562744141
1477,0.0317993164062
1478,0.03125
1479,0.0296325683594
1480,0.0266265869141
1481,0.0256805419922
1482,0.0277709960938
1483,0.0265960693359
1484,0.0274353027344
1485,0.0296020507812
1486,0.0294647216797
1487,0.0292816162109
1488,0.03173828125
1489,0.0286560058594
1490,0.0272979736328
1491,0.0293273925781
1492,0.0282897949219
1493,0.0300140380859
1494,0.031494140625
1495,0.0294647216797
1496,0.0274963378906
1497,0.026123046875
1498,0.0247650146484
1499,0.0275268554688
1500,0.0255584716797
1501,0.0265960693359
1502,0.0236358642578
1503,0.0245971679688
1504,0.0289611816406
1505,0.0264282226562
1506,0.0269775390625
1507,0.0272521972656
1508,0.0308074951172
1509,0.0348815917969
1510,0.0300140380859
1511,0.0273284912109
1512,0.0244445800781
1513,0.0301513671875
1514,0.0282897949219
1515,0.0248718261719
1516,0.03125
1517,0.0323181152344
1518,0.0306701660156
1519,0.0318908691406
1520,0.0343322753906
1521,0.0305480957031
1522,0.0264129638672
1523,0.0273742675781
1524,0.0253295898438
1525,0.0251007080078
1526,0.0241546630859
1527,0.0245056152344
1528,0.0270690917969
1529,0.02734375
1530,0.0298004150391
1531,0.0292663574219
1532,0.0280151367188
1533,0.0270538330078
1534,0.0263519287109
1535,0.0264434814453
1536,0.0260925292969
1537,0.0303192138672
1538,0.0276336669922
1539,0.0289916992188
1540,0.0267181396484
1541,0.0245361328125
1542,0.0274658203125
1543,0.0236053466797
1544,0.0245361328125
1545,0.0265960693359
1546,0.0278778076172
1547,0.026611328125
1548,0.0295867919922
1549,0.0259246826172
1550,0.0285797119141
1551,0.0268096923828
1552,0.0255432128906
1553,0.0290832519531
1554,0.0302429199219
1555,0.0287933349609
1556,0.0304107666016
1557,0.0281219482422
1558,0.0274810791016
1559,0.0305023193359
1560,0.0294952392578
1561,0.0271759033203
1562,0.0303649902344
1563,0.0254364013672
38319,0.0290832519531
38320,0.0307159423828
38322,0.0307006835938
38323,0.0303192138672
38324,0.0299530029297
38325,0.0311431884766
38326,0.0311737060547
38327,0.0330200195312
38328,0.0299835205078
38329,0.0299224853516
38330,0.0313110351562
38331,0.0348205566406
38332,0.0329895019531
38333,0.033935546875
38334,0.0326843261719
38335,0.0338439941406
38336,0.0342407226562
38337,0.0352172851562
38338,0.036865234375
38339,0.0307006835938
38340,0.0363159179688
38341,0.0327453613281
38342,0.0316467285156
38343,0.0325317382812
38344,0.0329284667969
38345,0.0341491699219
38346,0.032470703125
38347,0.0342102050781
38348,0.0339050292969
38349,0.0351867675781
38350,0.0345764160156
38351,0.0337829589844
38352,0.0320739746094
38353,0.0331115722656
38354,0.032958984375
38355,0.0314025878906
38356,0.0299072265625
38357,0.0302886962891
38358,0.027587890625
38359,0.0275421142578
38360,0.0305480957031
38361,0.0318603515625
38362,0.0321350097656
38363,0.0314025878906
38364,0.031005859375
38365,0.0304870605469
38366,0.0324401855469
38367,0.0325012207031
38368,0.0358276367188
38369,0.0319519042969
38370,0.0
38371,0.0
38372,0.0
38373,0.0
38374,0.0
38375,0.0
38376,0.0
38377,0.0
38378,0.0
38379,0.0
38380,0.0
38381,0.0
38382,0.0
38383,5.96046447754e-07
38384,5.96046447754e-07
38385,1.13248825073e-06
38386,5.96046447754e-07
38387,1.34706497192e-05
38388,0.000233769416809
38389,0.000279664993286
38390,0.000258922576904
38391,0.000291585922241
38392,0.000312089920044
38393,0.000463724136353
38394,0.00050687789917
38395,0.000621795654297
38396,0.000711917877197
38397,0.00114631652832
38398,0.00108909606934
38399,0.00141048431396
38400,0.00104236602783
38401,0.00176429748535
38402,0.00258636474609
38403,0.00261688232422
38404,0.00323104858398
38405,0.00303077697754
38406,0.0029468536377
38407,0.00274848937988
38408,0.00333213806152
38409,0.00408554077148
38410,0.00496292114258
38411,0.00516510009766
38412,0.00471496582031
38413,0.0047492980957
38414,0.00433731079102
38415,0.00489807128906
38416,0.0047492980957
38417,0.00530624389648
38418,0.00511932373047
38419,0.00553512573242
38420,0.00599670410156
38421,0.00630950927734
38422,0.00634002685547
38423,0.00770568847656
38424,0.00848388671875
38425,0.00824737548828
38426,0.00907897949219
38427,0.00980377197266
38428,0.010498046875
38429,0.0109710693359
38430,0.0109405517578
38431,0.00914001464844
38432,0.0101776123047
38433,0.0117263793945
38434,0.0109024047852
38435,0.00894927978516
38436,0.00885772705078
38437,0.00996398925781
38438,0.0132446289062
38439,0.0122222900391
38440,0.0132141113281
38441,0.0136337280273
38442,0.0134201049805
38443,0.0125427246094
38444,0.0128402709961
38445,0.0149536132812
38446,0.0155258178711
38447,0.0141220092773
38448,0.0138320922852
38449,0.0131683349609
38450,0.0132141113281
38451,0.0140762329102
38452,0.0156860351562
38453,0.0149536132812
38454,0.0132141113281
38455,0.013786315918
38456,0.0150985717773
38457,0.0140838623047
38458,0.0131988525391
38459,0.0139389038086
38460,0.0151901245117
38461,0.0160675048828
38462,0.0158081054688
38463,0.0154037475586
38464,0.0144805908203
38465,0.0167236328125
38466,0.0189971923828
38467,0.0164489746094
38468,0.0177307128906
38469,0.0171356201172
38470,0.0161590576172
38471,0.0179290771484
38472,0.017333984375
38473,0.0158538818359
38474,0.0167999267578
38475,0.0164947509766
38476,0.0177307128906
38477,0.0167388916016
38478,0.0176086425781
38479,0.0171508789062
38480,0.0172119140625
38481,0.0174102783203
38482,0.0160522460938
38483,0.015007019043
38484,0.0158996582031
38485,0.015869140625
38486,0.0180358886719
38487,0.0193023681641
38488,0.0189971923828
38489,0.0183410644531
38490,0.0195159912109
38491,0.019775390625
38492,0.0196533203125
38493,0.0197601318359
38494,0.0194854736328
38495,0.0180511474609
38496,0.0196228027344
38497,0.0194702148438
38498,0.0186920166016
38499,0.020263671875
38500,0.0220031738281
38501,0.0213165283203
38502,0.0211639404297
38503,0.0218048095703
38504,0.0209350585938
38505,0.0206451416016
38506,0.0210113525391
38507,0.0215759277344
38508,0.0209808349609
38509,0.0211944580078
38510,0.0222015380859
38511,0.0231475830078
38512,0.0223083496094
38513,0.0227508544922
38514,0.0220642089844
38515,0.0243988037109
38516,0.0227508544922
38517,0.0229797363281
38518,0.0216217041016
38519,0.0238647460938
38520,0.0231781005859
38521,0.0216217041016
38522,0.0218963623047
38523,0.0215454101562
38524,0.0222625732422
38525,0.022216796875
38526,0.0225067138672
38527,0.0238342285156
38528,0.0247650146484
38529,0.0246429443359
38530,0.0220794677734
38531,0.0250396728516
38532,0.0244903564453
38533,0.0231018066406
38534,0.0238037109375
38535,0.0241241455078
38536,0.0245666503906
38537,0.0266723632812
38538,0.0247802734375
38539,0.0247192382812
38540,0.0244293212891
38541,0.0257720947266
38542,0.0261535644531
38543,0.0261383056641
38544,0.0256042480469
38545,0.0262603759766
38546,0.0255584716797
38547,0.0245819091797
38548,0.0250244140625
38549,0.0245056152344
38550,0.0242309570312
38551,0.0245971679688
38552,0.0245208740234
38553,0.0234680175781
38554,0.0234222412109
38555,0.0247497558594
38556,0.0245819091797
38557,0.0253295898438
38558,0.0234680175781
38559,0.0268707275391
38560,0.0280456542969
38561,0.0276641845703
38562,0.0264892578125
38563,0.0261077880859
38564,0.0267028808594
38565,0.0256958007812
38566,0.0284881591797
38567,0.0269317626953
38568,0.02734375
38569,0.0290069580078
38570,0.0293121337891
38571,0.0277099609375
38572,0.0269775390625
38573,0.0267486572266
38574,0.0254516601562
38575,0.0247497558594
38576,0.0238800048828
38577,0.0242767333984
38578,0.0247039794922
38579,0.0247497558594
38580,0.0247497558594
38581,0.0258483886719
38582,0.0260925292969
38583,0.0231781005859
38584,0.0248870849609
38585,0.0260467529297
38586,0.0257263183594
38587,0.0270233154297
38588,0.0267791748047
38589,0.0269165039062
38590,0.0296630859375
38591,0.028564453125
38592,0.0272216796875
38593,0.0270538330078
38594,0.0245666503906
38595,0.0272064208984
38596,0.0245513916016
38597,0.0238800048828
38598,0.0252075195312
38599,0.0236358642578
38600,0.0250854492188
38601,0.0265045166016
38602,0.0256195068359
38603,0.0269622802734
38604,0.0251007080078
38605,0.0234680175781
38606,0.0271759033203
38607,0.0280303955078
38608,0.0285186767578
38609,0.0286102294922
38610,0.0274200439453
38611,0.0276336669922
38612,0.0280151367188
38613,0.0268859863281
38614,0.0260620117188
38615,0.0282287597656
38616,0.0279388427734
38617,0.029052734375
38618,0.0282440185547
38619,0.0299682617188
38620,0.0291442871094
38621,0.0269317626953
38622,0.0274963378906
38623,0.0265960693359
38624,0.0285339355469
38625,0.0285491943359
38626,0.0270538330078
38627,0.0283355712891
38628,0.0278472900391
38629,0.0259552001953
38630,0.0261688232422
38631,0.0281372070312
38632,0.0283660888672
38633,0.0263061523438
38634,0.0248260498047
38635,0.0243530273438
38636,0.0249176025391
38637,0.0264587402344
38638,0.0243988037109
38639,0.0272216796875
38640,0.0298767089844
38641,0.027099609375
38642,0.0264282226562
38643,0.0249786376953
38644,0.0280303955078
38645,0.0260772705078
38646,0.0247192382812
38647,0.025146484375
38648,0.0260620117188
38649,0.0279083251953
38650,0.028076171875
38651,0.0294647216797
38652,0.0291137695312
38653,0.029296875
38654,0.0288848876953
38655,0.0291137695312
38656,0.0290069580078
38657,0.0306549072266
38658,0.0285034179688
38659,0.0268402099609
38660,0.0279388427734
38661,0.0266418457031
38662,0.0298156738281
38663,0.0282287597656
38664,0.0304870605469
38665,0.0278472900391
38666,0.02978515625
38667,0.0276336669922
38668,0.0274963378906
38669,0.026123046875
38670,0.0291595458984
38671,0.0274505615234
38672,0.0255279541016
38673,0.0292663574219
38674,0.0286254882812
38675,0.0276184082031
38676,0.0284271240234
38677,0.0279846191406
38678,0.0288543701172
38679,0.0273284912109
38680,0.0276031494141
38681,0.0276336669922
38682,0.0279846191406
38683,0.0265350341797
38684,0.0261688232422
38685,0.0269165039062
38686,0.0265502929688
38687,0.0289611816406
38688,0.0277404785156
38689,0.0285949707031
38690,0.0258331298828
38691,0.0292816162109
38692,0.0279235839844
38693,0.0280303955078
38694,0.0256042480469
38695,0.0264739990234
38696,0.0268859863281
38697,0.0284423828125
38698,0.0300445556641
38699,0.0299224853516
38700,0.0284576416016
38701,0.0273132324219
38702,0.0270843505859
38703,0.0277862548828
38704,0.0285034179688
38705,0.0294952392578
38706,0.0277557373047
38707,0.0292510986328
38708,0.0301818847656
38709,0.0293884277344
38710,0.0338439941406
38711,0.0294342041016
38712,0.0298461914062
38713,0.0302734375
38714,0.0291442871094
38715,0.0286712646484
38716,0.0272521972656
38717,0.0277252197266
38718,0.0281677246094
38719,0.0282135009766
38720,0.0277404785156
38721,0.0282592773438
38722,0.0289001464844
38723,0.0274505615234
38724,0.0287017822266
38725,0.027587890625
38726,0.0289001464844
38727,0.0299224853516
38728,0.0302581787109
38729,0.0310821533203
38730,0.0295257568359
38731,0.0310516357422
38732,0.0280609130859
38733,0.0287322998047
38734,0.0294647216797
38735,0.0307769775391
38736,0.0291290283203
38737,0.0296936035156
38738,0.0287628173828
38739,0.0302581787109
38740,0.0296630859375
38741,0.0317993164062
38742,0.0291442871094
38743,0.0284271240234
38744,0.0288543701172
38745,0.0294036865234
38746,0.0292816162109
38747,0.0292053222656
38748,0.0305480957031
38749,0.0303802490234
38750,0.0320434570312
38751,0.0302276611328
38752,0.0301208496094
38753,0.0302581787109
38754,0.0285034179688
38755,0.0285797119141
38756,0.0286712646484
38757,0.0289611816406
38758,0.0300140380859
38759,0.0298461914062
38760,0.0288848876953
38761,0.0311584472656
38762,0.0288238525391
38763,0.0290679931641
38764,0.0299682617188
38765,0.0271911621094
38766,0.0296783447266
38767,0.0286865234375
38768,0.0295104980469
38769,0.0265960693359
38770,0.0307159423828
38771,0.0292663574219
38772,0.0299987792969
38773,0.0283508300781
38774,0.0290832519531
38775,0.0302276611328
38776,0.0293579101562
38777,0.0311737060547
38778,0.0292816162109
38779,0.0286254882812
38780,0.0285339355469
38781,0.0295104980469
38782,0.0297241210938
38783,0.0318603515625
38784,0.0300903320312
38785,0.0330810546875
38786,0.0296630859375
38787,0.0304260253906
38788,0.03173828125
38789,0.0320739746094
38790,0.0324096679688
38791,0.0314331054688
38792,0.0316467285156
38793,0.0330200195312
38794,0.031982421875
38795,0.0317077636719
38796,0.0306854248047
38797,0.0319213867188
38798,0.0302581787109
38799,0.0269775390625
38800,0.029052734375
38801,0.0308685302734
38802,0.0328369140625
38803,0.0288848876953
38804,0.030029296875
38805,0.028076171875
38806,0.029541015625
38807,0.0298767089844
38808,0.0298919677734
38809,0.0327758789062
38810,0.0300445556641
38811,0.0303955078125
38812,0.0323181152344
38813,0.02978515625
38814,0.0325927734375
38815,0.0316162109375
38816,0.0310821533203
38817,0.031005859375
38818,0.0308074951172
38819,0.0326843261719
38820,0.0308532714844
38821,0.0306243896484
38822,0.0314025878906
38823,0.0321655273438
38824,0.0293426513672
38825,0.0303344726562
38826,0.0301208496094
38827,0.0284271240234
38828,0.0293426513672
38829,0.0304718017578
38830,0.0335693359375
38831,0.0315856933594
38832,0.0313110351562
38833,0.0301666259766
38834,0.0289001464844
38835,0.0270080566406
38836,0.0293273925781
38837,0.0291290283203
38838,0.0271759033203
38839,0.0252380371094
38840,0.0274810791016
38841,0.0288543701172
38842,0.0263977050781
38843,0.0281829833984
38844,0.0292816162109
38845,0.0273284912109
38846,0.0290832519531
38847,0.0272521972656
38848,0.0292510986328
38849,0.0292053222656
38850,0.0277099609375
38851,0.0263214111328
38852,0.0302581787109
38853,0.0281219482422
38854,0.0300445556641
38855,0.0304718017578
38856,0.0315551757812
38857,0.0314636230469
38858,0.0315551757812
38859,0.0324096679688
38860,0.0309906005859
38861,0.0316467285156
38862,0.0311889648438
38863,0.0351867675781
38864,0.0348815917969
38865,0.0341796875
38866,0.03125
38867,0.0290832519531
38868,0.0335693359375
38869,0.0321960449219
38870,0.0310516357422
38871,0.0321044921875
38872,0.0331726074219
38873,0.0328674316406
38874,0.0334167480469
38875,0.032958984375
38876,0.03173828125
38877,0.0320129394531
38878,0.0324096679688
38879,0.0334167480469
38880,0.0341186523438
38881,0.0324096679688
38882,0.0330200195312
38883,0.0318298339844
38884,0.0314331054688
38885,0.0306396484375
38886,0.0307006835938
38887,0.0307769775391
38888,0.0322570800781
38889,0.0339965820312
38890,0.0318298339844
38891,0.0331420898438
38892,0.0325622558594
38893,0.0341491699219
38894,0.0307464599609
38895,0.0307006835938
38896,0.0303192138672
38897,0.0288391113281
38898,0.0290069580078
38899,0.0266265869141
38900,0.0279083251953
38901,0.0273590087891
38902,0.0276489257812
38903,0.0285949707031
38904,0.0285949707031
38905,0.0289306640625
38906,0.0303649902344
38907,0.0298004150391
38908,0.0288848876953
38909,0.0317687988281
38910,0.0315551757812
38911,0.0306091308594
38912,0.0283813476562
38913,0.0272674560547
38914,0.0279388427734
38915,0.0287628173828
38916,0.0278625488281
38917,0.0259246826172
38918,0.0279846191406
38919,0.0301361083984
38920,0.0294952392578
38921,0.0301208496094
38922,0.0301513671875
38923,0.0310211181641
38924,0.0313415527344
38925,0.0299530029297
38926,0.0296020507812
38927,0.0290832519531
38928,0.0265197753906
38929,0.0281982421875
38930,0.0292663574219
38931,0.0285339355469
38932,0.0291442871094
38933,0.0283050537109
38934,0.0272674560547
38935,0.0278625488281
38936,0.0269470214844
38937,0.0298309326172
38938,0.0297241210938
38939,0.0301818847656
38940,0.0294494628906
38941,0.0325012207031
38942,0.0318298339844
38943,0.0309906005859
38944,0.0315551757812
38945,0.0298919677734
38946,0.0298919677734
38947,0.0311126708984
38948,0.02880859375
38949,0.0306243896484
38950,0.029541015625
38951,0.0306701660156
38952,0.0289916992188
38953,0.0281829833984
38954,0.0302429199219
38955,0.0287322998047
38956,0.0303955078125
38957,0.032470703125
38958,0.0281982421875
38959,0.0277557373047
38960,0.0283660888672
38961,0.0292663574219
38962,0.0283508300781
38963,0.0289001464844
38964,0.0272216796875
38965,0.0292358398438
38966,0.0314331054688
38967,0.0286102294922
38968,0.0282745361328
38969,0.0301361083984
38970,0.0298309326172
38971,0.0304870605469
38972,0.0287322998047
38973,0.0286254882812
38974,0.0306243896484
38975,0.0310974121094
38976,0.0312194824219
38977,0.0327758789062
38978,0.0317993164062
38979,0.0300903320312
38980,0.0300903320312
38981,0.0290985107422
38982,0.0293579101562
38983,0.0302886962891
38984,0.0309448242188
38985,0.0285949707031
38986,0.0301666259766
38987,0.0278167724609
38988,0.0284729003906
38989,0.0293273925781
38990,0.0304565429688
38991,0.030517578125
38992,0.0318908691406
38993,0.0312194824219
38994,0.0312194824219
38995,0.0341186523438
38996,0.0350646972656
38997,0.03515625
38998,0.0320739746094
38999,0.0318298339844
39000,0.0335083007812
39001,0.0326232910156
39002,0.0342407226562
39003,0.0329284667969
39004,0.0333862304688
39005,0.0350952148438
39006,0.0337524414062
39007,0.0332336425781
39008,0.0340270996094
39009,0.0328369140625
39010,0.0352478027344
39011,0.032958984375
39012,0.0334167480469
39013,0.0340270996094
39014,0.0347900390625
39015,0.0346069335938
39016,0.0354309082031
39017,0.0349426269531
39018,0.0348815917969
39019,0.0307464599609
39020,0.0303344726562
39021,0.0301971435547
39022,0.0316772460938
39023,0.0331726074219
39024,0.0326843261719
39025,0.0303039550781
39026,0.033447265625
39027,0.0353393554688
39028,0.0335693359375
39029,0.0322265625
39030,0.0309143066406
39031,0.0315246582031
39032,0.0336608886719
39033,0.0335693359375
39034,0.0321960449219
39035,0.0322570800781
39036,0.0330200195312
39037,0.0302124023438
39038,0.0313720703125
39039,0.0315246582031
39040,0.0354309082031
39041,0.031494140625
39042,0.0309600830078
39043,0.0322265625
39044,0.0318908691406
39045,0.0347595214844
39046,0.0344543457031
39047,0.0349426269531
39048,0.0309448242188
39049,0.0308227539062
39050,0.0277557373047
39051,0.0297546386719
39052,0.0300445556641
39053,0.0294342041016
39054,0.0295715332031
39055,0.0301818847656
39056,0.0301208496094
39057,0.0308990478516
39058,0.0315551757812
39059,0.0293579101562
39060,0.0303649902344
39061,0.0301666259766
39062,0.0283508300781
39063,0.0308532714844
39064,0.0332336425781
39065,0.0321655273438
39066,0.0333862304688
39067,0.0342712402344
39068,0.0328674316406
39069,0.031494140625
39070,0.0311279296875
39071,0.0308685302734
39072,0.0317687988281
39073,0.0280151367188
39074,0.0295257568359
39075,0.0306243896484
39076,0.0324096679688
39077,0.0331115722656
39078,0.0335083007812
39079,0.0328369140625
39080,0.0331420898438
39081,0.0337829589844
39082,0.0329895019531
39083,0.031005859375
39084,0.0293121337891
39085,0.0288391113281
39086,0.0305328369141
39087,0.0313415527344
39088,0.0302429199219
39089,0.0285034179688
39090,0.0284729003906
39091,0.0291748046875
39092,0.0286254882812
39093,0.0265197753906
39094,0.0290832519531
39095,0.0291595458984
39096,0.0281219482422
39097,0.0296783447266
39098,0.0291748046875
39099,0.0298309326172
39100,0.0311584472656
39101,0.0309906005859
39102,0.0326232910156
39104,0.0328063964844
39105,0.0317993164062
39106,0.0321350097656
39107,0.0287933349609
39108,0.031494140625
39109,0.0337829589844
39110,0.0325927734375
39111,0.0318603515625
39112,0.0303802490234
39113,0.0304718017578
39114,0.0281677246094
39115,0.0295867919922
39116,0.0264587402344
39117,0.0279998779297
39118,0.0287933349609
39119,0.0284118652344
39120,0.0303497314453
39121,0.0301666259766
39122,0.0319519042969
39123,0.0322265625
39124,0.0303497314453
39125,0.0303192138672
39126,0.03271484375
39127,0.0331726074219
39128,0.0348815917969
39129,0.0325927734375
39130,0.0326843261719
39131,0.0293884277344
39132,0.0304565429688
39133,0.0325012207031
39134,0.0317993164062
39135,0.0333862304688
39136,0.0337829589844
39137,0.0338134765625
39138,0.0343627929688
39139,0.0337219238281
39140,0.0337524414062
39141,0.032470703125
39142,0.0312042236328
39143,0.0341491699219
39144,0.0343017578125
39145,0.0328674316406
39146,0.0345153808594
39147,0.0332946777344
39148,0.0367126464844
39149,0.0328674316406
39150,0.0340576171875
39151,0.034423828125
39152,0.035888671875
39153,0.0
39154,0.0
39155,0.0
39156,0.0
39157,0.0
39158,0.0
39159,0.0
39160,0.0
39161,0.0
39162,0.0
39163,0.0
39164,0.0
39165,2.46167182922e-05
39166,2.58088111877e-05
39167,3.75509262085e-05
39168,2.58088111877e-05
39169,2.69412994385e-05
39170,0.000335693359375
39171,0.000123023986816
39172,0.000390291213989
39173,0.000855445861816
39174,0.00120830535889
39175,0.000820636749268
39176,0.00116348266602
39177,0.00105857849121
39178,0.000638008117676
39179,0.0008864402771
39180,0.0011100769043
39181,0.000886917114258
39182,0.000954151153564
39183,0.00131607055664
39184,0.00156688690186
39185,0.00200653076172
39186,0.00262641906738
39187,0.00196266174316
39188,0.00272941589355
39189,0.00300598144531
39190,0.00320243835449
39191,0.00361061096191
39192,0.0030632019043
39193,0.00327301025391
39194,0.00353622436523
39195,0.00366401672363
39196,0.00424194335938
39197,0.00385093688965
39198,0.00369453430176
39199,0.00461578369141
39200,0.005615234375
39201,0.00586700439453
39202,0.00606536865234
39203,0.00701904296875
39204,0.0079345703125
39205,0.00863647460938
39206,0.00828552246094
39207,0.00862884521484
39208,0.00819396972656
39209,0.00906372070312
39210,0.0081787109375
39211,0.00832366943359
39212,0.00847625732422
39213,0.00849151611328
39214,0.00988006591797
39215,0.00989532470703
39216,0.00869750976562
39217,0.00894165039062
39218,0.0101013183594
39219,0.0111465454102
39220,0.0105895996094
39221,0.0113296508789
39222,0.012451171875
39223,0.0135269165039
39224,0.0121078491211
39225,0.0119934082031
39226,0.0128631591797
39227,0.0129623413086
39228,0.0135116577148
39229,0.0142211914062
39230,0.0147399902344
39231,0.0146179199219
39232,0.0163726806641
39233,0.0152969360352
39234,0.0155944824219
39235,0.0146102905273
39236,0.0155487060547
39237,0.0151977539062
39238,0.0156860351562
39239,0.0150680541992
39240,0.0151138305664
39241,0.0162658691406
39242,0.0166625976562
39243,0.0153045654297
39244,0.0156555175781
39245,0.0149993896484
39246,0.0170593261719
39247,0.0170745849609
39248,0.0153121948242
39249,0.0170135498047
39250,0.0177917480469
39251,0.0199127197266
39252,0.0177917480469
39253,0.0175323486328
39254,0.0184020996094
39255,0.0179138183594
39256,0.0191497802734
39257,0.0189208984375
39258,0.0187072753906
39259,0.0190124511719
39260,0.0189819335938
39261,0.0182952880859
39262,0.0224914550781
39263,0.0196228027344
39264,0.0200805664062
39265,0.018310546875
39266,0.019775390625
39267,0.0222015380859
39268,0.0219573974609
39269,0.0195465087891
39270,0.0195159912109
39271,0.0181274414062
39272,0.0203247070312
39273,0.0189361572266
39274,0.0188903808594
39275,0.0200958251953
39276,0.0190582275391
39277,0.0201110839844
39278,0.0205383300781
39279,0.0211334228516
39280,0.0215911865234
39281,0.0214233398438
39282,0.0208892822266
39283,0.0215148925781
39284,0.0190277099609
39285,0.0203857421875
39286,0.0188598632812
39287,0.0186614990234
39288,0.0231475830078
39289,0.0235595703125
39290,0.02099609375
39291,0.022705078125
39292,0.0209655761719
39293,0.0228424072266
39294,0.0235595703125
39295,0.0252838134766
39296,0.0237731933594
39297,0.0257873535156
39298,0.0270385742188
39299,0.0300445556641
39300,0.0244293212891
39301,0.025146484375
39302,0.0259704589844
39303,0.0275421142578
39304,0.0276489257812
39305,0.0269927978516
39306,0.0258636474609
39307,0.0229339599609
39308,0.0231323242188
39309,0.0235290527344
39310,0.0243682861328
39311,0.0243988037109
39312,0.0230560302734
39313,0.0234375
39314,0.0221252441406
39315,0.0230102539062
39316,0.0237731933594
39317,0.0256042480469
39318,0.0250244140625
39319,0.0257873535156
39320,0.0242462158203
39321,0.0249328613281
39322,0.0241851806641
39323,0.0260925292969
39324,0.0246429443359
39325,0.0254821777344
39326,0.0248870849609
39327,0.0255432128906
39328,0.0247497558594
39329,0.0256958007812
39330,0.0255737304688
39331,0.0257110595703
39332,0.0242004394531
39333,0.0228881835938
39334,0.0250091552734
39335,0.0266265869141
39336,0.0266723632812
39337,0.0265502929688
39338,0.0252990722656
39339,0.0262145996094
39340,0.0245819091797
39341,0.0241241455078
39342,0.0265655517578
39343,0.0257720947266
39344,0.0245971679688
39345,0.0230560302734
39346,0.0270080566406
39347,0.0247039794922
39348,0.0226898193359
39349,0.0237731933594
39350,0.024658203125
39351,0.0255279541016
39352,0.0248107910156
39353,0.0238800048828
39354,0.0254669189453
39355,0.0271301269531
39356,0.0265960693359
39357,0.0252532958984
39358,0.0264587402344
39359,0.0262756347656
39360,0.0256195068359
39361,0.0252990722656
39362,0.0248718261719
39363,0.0268096923828
39364,0.0258331298828
39365,0.0262298583984
39366,0.0266571044922
39367,0.027587890625
39368,0.0268402099609
39369,0.0285797119141
39370,0.0277557373047
39371,0.0280303955078
39372,0.0278472900391
39373,0.027099609375
39374,0.0279998779297
39375,0.0293579101562
39376,0.0314025878906
39377,0.0308074951172
39378,0.030517578125
39379,0.0299987792969
39380,0.0299072265625
39381,0.0295104980469
39382,0.0288848876953
39383,0.0309448242188
39384,0.0290679931641
39385,0.0290374755859
39386,0.0280456542969
39387,0.0277404785156
39388,0.0303955078125
39389,0.0292663574219
39390,0.0276489257812
39391,0.0282287597656
39392,0.0260772705078
39393,0.028564453125
39394,0.0300445556641
39395,0.0313720703125
39396,0.0281982421875
39397,0.0285949707031
39398,0.0294189453125
39399,0.0274047851562
39400,0.0255126953125
39401,0.0262756347656
39402,0.0247650146484
39403,0.0280303955078
39404,0.0289611816406
39405,0.0315551757812
39406,0.0281677246094
39407,0.029541015625
39408,0.0273132324219
39409,0.0274200439453
39410,0.0289459228516
39411,0.0297546386719
39412,0.0298461914062
39413,0.0287933349609
39414,0.0303802490234
39415,0.0288848876953
39416,0.0304412841797
39417,0.0304718017578
39418,0.0314331054688
39419,0.0289764404297
39420,0.0319213867188
39421,0.0282897949219
39422,0.0301666259766
39423,0.0294799804688
39424,0.0309600830078
39425,0.029296875
39426,0.0296783447266
39427,0.0299377441406
39428,0.027099609375
39429,0.0290832519531
39430,0.0314636230469
39431,0.0290985107422
39432,0.0296325683594
39433,0.0294952392578
39434,0.0297241210938
39435,0.0299072265625
39436,0.0311889648438
39437,0.0299072265625
39438,0.0291748046875
39439,0.0292816162109
39440,0.0308380126953
39441,0.0290832519531
39442,0.0308380126953
39443,0.0331726074219
39444,0.0296325683594
39445,0.0300445556641
39446,0.0294036865234
39447,0.0274963378906
39448,0.0297393798828
39449,0.0301513671875
39450,0.0325622558594
39451,0.0296478271484
39452,0.0298614501953
39453,0.0267486572266
39454,0.0274200439453
39455,0.0288543701172
39456,0.0259094238281
39457,0.0285491943359
39458,0.0294952392578
39459,0.0282592773438
39460,0.0301818847656
39461,0.0309906005859
39462,0.0296783447266
39463,0.0311279296875
39464,0.0291442871094
39465,0.0306243896484
39466,0.0298767089844
39467,0.0305328369141
39468,0.0298614501953
39469,0.0284423828125
39470,0.0305938720703
39471,0.0294342041016
39472,0.026123046875
39473,0.0269012451172
39474,0.0290832519531
39475,0.0267486572266
39476,0.0300445556641
39477,0.0279693603516
39478,0.0294189453125
39479,0.0290679931641
39480,0.0296020507812
39481,0.0292358398438
39482,0.0297698974609
39483,0.0315856933594
39484,0.0295715332031
39485,0.03076171875
39486,0.0315246582031
39487,0.0284118652344
39488,0.0288848876953
39489,0.0294342041016
39490,0.0316772460938
39491,0.0286560058594
39492,0.0293273925781
39493,0.0289611816406
39494,0.0283813476562
39495,0.0304412841797
39496,0.0303497314453
39497,0.0321044921875
39498,0.0272979736328
39499,0.0311889648438
39500,0.0321350097656
39501,0.0292816162109
39502,0.0320434570312
39503,0.0325012207031
39504,0.0317687988281
39505,0.032470703125
39506,0.0310668945312
39507,0.0290374755859
39508,0.0317687988281
39509,0.0298767089844
39510,0.0299377441406
39511,0.0307464599609
39512,0.0271148681641
39513,0.0304260253906
39514,0.0299072265625
39515,0.0301666259766
39516,0.0298309326172
39517,0.0313720703125
39518,0.0293731689453
39519,0.0299377441406
39520,0.0291442871094
39521,0.027587890625
39522,0.0288238525391
39523,0.0289916992188
39524,0.0293884277344
39525,0.0328369140625
39526,0.0331115722656
39527,0.0329895019531
39528,0.0298156738281
39529,0.0315551757812
39530,0.0294036865234
39531,0.0316467285156
39532,0.0311279296875
39533,0.0309753417969
39534,0.0301818847656
39535,0.0306396484375
39536,0.0310668945312
39537,0.0298309326172
39538,0.029541015625
39539,0.0305480957031
39540,0.0325622558594
39541,0.0314331054688
39542,0.0308227539062
39543,0.0318603515625
39544,0.028076171875
39545,0.0298156738281
39546,0.0332946777344
39547,0.0318603515625
39548,0.0307769775391
39549,0.0320434570312
39550,0.0328979492188
39551,0.0356140136719
39552,0.0341186523438
39553,0.03466796875
39554,0.0339660644531
39555,0.032958984375
39556,0.0300140380859
39557,0.0322265625
39558,0.0323791503906
39559,0.0323486328125
39560,0.0327453613281
39561,0.0314636230469
39562,0.0312805175781
39563,0.0295715332031
39564,0.0298767089844
39565,0.0313720703125
39566,0.0313720703125
39567,0.0293273925781
39568,0.0318298339844
39569,0.0277709960938
39570,0.0284729003906
39571,0.0284729003906
39572,0.0296783447266
39573,0.0286865234375
39574,0.0294647216797
39575,0.0272827148438
39576,0.0302886962891
39577,0.0305786132812
39578,0.02978515625
39579,0.0269927978516
39580,0.0317687988281
39581,0.0299682617188
39582,0.0286102294922
39583,0.0301055908203
39584,0.0284576416016
39585,0.0277252197266
39586,0.0276031494141
39587,0.0297088623047
39588,0.0292816162109
39589,0.0281677246094
39590,0.029052734375
39591,0.0282745361328
39592,0.0289306640625
39593,0.0287628173828
39594,0.0299377441406
39595,0.03076171875
39596,0.0287017822266
39597,0.0302886962891
39598,0.0309906005859
39599,0.0276947021484
39600,0.0298767089844
39601,0.0281677246094
39602,0.0293579101562
39603,0.0312194824219
39604,0.0320129394531
39605,0.0289764404297
39606,0.0285949707031
39607,0.0311431884766
39608,0.0289306640625
39609,0.0280456542969
39610,0.0287933349609
39611,0.0290069580078
39612,0.0284729003906
39613,0.0293884277344
39614,0.0291137695312
39615,0.0261383056641
39616,0.0264892578125
39617,0.0260772705078
39618,0.0290374755859
39619,0.0300903320312
39620,0.0287780761719
39621,0.0265350341797
39622,0.0245208740234
39623,0.0254821777344
39624,0.0284271240234
39625,0.0290222167969
39626,0.0305633544922
39627,0.0335388183594
39628,0.0341186523438
39629,0.0323486328125
39630,0.0305633544922
39631,0.0289001464844
39632,0.0284881591797
39633,0.0275115966797
39634,0.0301208496094
39635,0.0277404785156
39636,0.0285797119141
39637,0.0296173095703
39638,0.0301361083984
39639,0.0295562744141
39640,0.0324401855469
39641,0.0310821533203
39642,0.0309753417969
39643,0.0324096679688
39644,0.0329284667969
39645,0.0332946777344
39646,0.0321350097656
39647,0.0343627929688
39648,0.0310211181641
39649,0.0302886962891
39650,0.0310668945312
39651,0.0311279296875
39652,0.031494140625
39653,0.0310974121094
39654,0.0305480957031
39655,0.0316467285156
39656,0.0315551757812
39657,0.034912109375
39658,0.0332641601562
39659,0.0318603515625
39660,0.0321044921875
39661,0.0309906005859
39662,0.0287322998047
39663,0.0331726074219
39664,0.0313415527344
39665,0.0318908691406
39666,0.0315551757812
39667,0.0329284667969
39668,0.030029296875
39669,0.0291442871094
39670,0.0290985107422
39671,0.0304260253906
39672,0.0307464599609
39673,0.0277404785156
39674,0.0286254882812
39675,0.0300445556641
39676,0.0313110351562
39677,0.0316467285156
39678,0.029052734375
39679,0.0287780761719
39680,0.0288848876953
39681,0.0295867919922
39682,0.0296936035156
39683,0.0304107666016
39684,0.0293426513672
39685,0.0286102294922
39686,0.0295562744141
39687,0.0328979492188
39688,0.0358276367188
39689,0.0328674316406
39690,0.0322875976562
39691,0.0310211181641
39692,0.0322570800781
39693,0.0290069580078
39694,0.0302886962891
39695,0.0297546386719
39696,0.0289154052734
39697,0.0280914306641
39698,0.0313110351562
39699,0.0279693603516
39700,0.0280303955078
39701,0.0307464599609
39702,0.0310363769531
39703,0.0321960449219
39704,0.0321960449219
39705,0.0322875976562
39706,0.0294647216797
39707,0.0301818847656
39708,0.0278167724609
39709,0.0286407470703
39710,0.0280914306641
39711,0.0262451171875
39712,0.0283050537109
39713,0.031982421875
39714,0.0298767089844
39715,0.0294036865234
39716,0.0301361083984
39717,0.0299072265625
39718,0.0313110351562
39719,0.0315551757812
39720,0.033447265625
39721,0.0330810546875
39722,0.0328979492188
39723,0.0313415527344
39724,0.0296630859375
39725,0.030517578125
39726,0.0328674316406
39727,0.0308074951172
39728,0.0315856933594
39729,0.0327453613281
39730,0.0288848876953
39731,0.0322875976562
39732,0.0301361083984
39733,0.0310974121094
39734,0.0288543701172
39735,0.0288238525391
39736,0.0308074951172
39737,0.0322265625
39738,0.0320739746094
39739,0.0301971435547
39740,0.0263519287109
39741,0.0317077636719
39742,0.0312194824219
39743,0.0300903320312
39744,0.0309295654297
39745,0.0290222167969
39746,0.0278778076172
39747,0.0292510986328
39748,0.0289459228516
39749,0.0288848876953
39750,0.0286407470703
39751,0.0296936035156
39752,0.0321044921875
39753,0.0319213867188
39754,0.0317077636719
39755,0.0301818847656
39756,0.0323181152344
39757,0.0301208496094
39758,0.0290985107422
39759,0.0306396484375
39760,0.0303649902344
39761,0.0312194824219
39762,0.0319519042969
39763,0.0321350097656
39764,0.0291595458984
39765,0.0294189453125
39766,0.0331726074219
39767,0.0336608886719
39768,0.0343322753906
39769,0.0326232910156
39770,0.0330505371094
39771,0.0330505371094
39772,0.034423828125
39773,0.0343017578125
39774,0.0338439941406
39775,0.0340270996094
39776,0.0317687988281
39777,0.0302276611328
39778,0.03076171875
39779,0.0298309326172
39780,0.0308074951172
39781,0.033203125
39782,0.032470703125
39783,0.0309600830078
39784,0.0297241210938
39785,0.0323791503906
39786,0.0318298339844
39787,0.030029296875
39788,0.0301208496094
39789,0.0272369384766
39790,0.0276489257812
39791,0.0267028808594
39792,0.0278015136719
39793,0.0263977050781
39794,0.0260009765625
39795,0.0306396484375
39796,0.0332641601562
39797,0.0352478027344
39798,0.0308074951172
39799,0.0314025878906
39800,0.0328674316406
39801,0.0323791503906
39802,0.0350036621094
39803,0.0355529785156
39804,0.0333862304688
39805,0.0338439941406
39806,0.0344848632812
39807,0.0332336425781
39808,0.0318298339844
39809,0.032470703125
39810,0.0346984863281
39811,0.0335388183594
39812,0.031005859375
39813,0.0325622558594
39814,0.0316772460938
39815,0.0340270996094
39816,0.0343017578125
39817,0.0354309082031
39818,0.0336608886719
39819,0.0347595214844
39820,0.033447265625
39821,0.0309448242188
39822,0.0302581787109
39823,0.0330200195312
39824,0.0311737060547
39825,0.0321960449219
39826,0.0297241210938
39827,0.0319213867188
39828,0.0310516357422
39829,0.0320434570312
39830,0.0330200195312
39831,0.0323181152344
39832,0.0316162109375
39833,0.0329284667969
39834,0.0299682617188
39835,0.0305786132812
39836,0.0316772460938
39837,0.0332946777344
39838,0.0302429199219
39839,0.0289306640625
39840,0.0316162109375
39841,0.0335388183594
39842,0.032958984375
39843,0.0337524414062
39844,0.0339050292969
39845,0.0335083007812
39846,0.0311584472656
39847,0.0308990478516
39848,0.0294036865234
39849,0.0305633544922
39850,0.0315551757812
39851,0.0302276611328
39852,0.0326232910156
39853,0.0301971435547
39854,0.031005859375
39855,0.0288543701172
39856,0.0292358398438
39857,0.0284423828125
39858,0.0293121337891
39859,0.0296173095703
39860,0.0294494628906
39861,0.0293426513672
39862,0.0305480957031
39863,0.0303955078125
39864,0.0287170410156
39865,0.0315551757812
39866,0.0297241210938
39867,0.0305633544922
39868,0.0310211181641
39869,0.0322875976562
39870,0.0322265625
39871,0.0319213867188
39872,0.0326538085938
39873,0.0353698730469
39874,0.0314331054688
39875,0.0323181152344
39876,0.0297241210938
39877,0.0321655273438
39878,0.0322265625
39879,0.0308380126953
39880,0.0313110351562
39881,0.0320434570312
76637,0.0333862304688
76638,0.0321655273438
76640,0.0338134765625
76641,0.0345764160156
76642,0.0341186523438
76643,0.03515625
76644,0.0333862304688
76645,0.03564453125
76646,0.0355529785156
76647,0.0386047363281
76648,0.0366516113281
76649,0.0391540527344
76650,0.0376281738281
76651,0.0388488769531
76652,0.033935546875
76653,0.0353698730469
76654,0.0384826660156
76655,0.0373840332031
76656,0.03662109375
76657,0.0395812988281
76658,0.0389099121094
76659,0.0404968261719
76660,0.0426330566406
76661,0.0366516113281
76662,0.0387573242188
76663,0.0356750488281
76664,0.0382080078125
76665,0.0340881347656
76666,0.0328369140625
76667,0.0337219238281
76668,0.0360717773438
76669,0.0353088378906
76670,0.0365600585938
76671,0.0348510742188
76672,0.0339050292969
76673,0.0353088378906
76674,0.0362854003906
76675,0.0382995605469
76676,0.0375061035156
76677,0.0364990234375
76678,0.0358276367188
76679,0.0364074707031
76680,0.0359191894531
76681,0.037841796875
76682,0.0379028320312
76683,0.0396423339844
76684,0.040771484375
76685,0.039306640625
76686,0.0350952148438
76687,0.0367736816406
76688,0.0348205566406
76689,0.0345458984375
76690,0.0341186523438
76691,0.0345458984375
76692,0.036376953125
76693,0.0371398925781
76694,0.0373840332031
76695,0.0369873046875
76696,0.0355224609375
76697,0.0336608886719
76698,0.0350036621094
76699,0.0336608886719
76700,0.0362243652344
76701,0.0374145507812
76702,0.0341186523438
76703,0.0347595214844
76704,0.0338439941406
76705,0.03515625
76706,0.0320129394531
76707,0.0357055664062
76708,0.0367126464844
76709,0.0352172851562
76710,0.036865234375
76711,0.0370483398438
76712,0.0372924804688
76713,0.0375671386719
76714,0.0364685058594
76715,0.0343017578125
76716,0.0380859375
76717,0.037841796875
76718,0.0357971191406
76719,0.0374450683594
76720,0.0348205566406
76721,0.0352783203125
76722,0.0361633300781
76723,0.0378723144531
76724,0.0357055664062
76725,0.0369262695312
76726,0.0363464355469
76727,0.0347900390625
76728,0.034912109375
76729,0.0317993164062
76730,0.0325927734375
76731,0.0342712402344
76732,0.0324401855469
76733,0.0330200195312
76734,0.0341491699219
76735,0.037841796875
76736,0.0379638671875
76737,0.0
76738,0.0
76739,0.0
76740,0.0
76741,0.0
76742,0.0
76743,0.0
76744,0.0
76745,0.0
76746,0.0
76747,0.0
76748,0.0
76749,0.0
76750,0.0
76751,5.18560409546e-06
76752,5.18560409546e-06
76753,1.72853469849e-06
76754,4.50015068054e-05
76755,5.56111335754e-05
76756,0.000144481658936
76757,0.000198364257812
76758,0.000174880027771
76759,0.00031590461731
76760,0.00100612640381
76761,0.000988006591797
76762,0.00128746032715
76763,0.0015344619751
76764,0.00168132781982
76765,0.00142097473145
76766,0.00142860412598
76767,0.00150489807129
76768,0.00148582458496
76769,0.00142955780029
76770,0.0018892288208
76771,0.00336647033691
76772,0.00372695922852
76773,0.0043830871582
76774,0.00421905517578
76775,0.00464630126953
76776,0.00551605224609
76777,0.00578689575195
76778,0.00600433349609
76779,0.0061149597168
76780,0.00541687011719
76781,0.00607299804688
76782,0.00575256347656
76783,0.00668716430664
76784,0.00686645507812
76785,0.00735092163086
76786,0.00715255737305
76787,0.00762176513672
76788,0.0078125
76789,0.00936889648438
76790,0.00971984863281
76791,0.00898742675781
76792,0.00934600830078
76793,0.00926208496094
76794,0.00904083251953
76795,0.00892639160156
76796,0.00955963134766
76797,0.0109710693359
76798,0.0103149414062
76799,0.0117568969727
76800,0.011962890625
76801,0.0110702514648
76802,0.011962890625
76803,0.0127868652344
76804,0.0125732421875
76805,0.0120544433594
76806,0.0106048583984
76807,0.0103302001953
76808,0.010856628418
76809,0.0116424560547
76810,0.0130462646484
76811,0.0132751464844
76812,0.0129013061523
76813,0.0138320922852
76814,0.0161743164062
76815,0.0160980224609
76816,0.0158081054688
76817,0.0158233642578
76818,0.0177307128906
76819,0.0150680541992
76820,0.0149383544922
76821,0.0146865844727
76822,0.0151672363281
76823,0.0158843994141
76824,0.0171661376953
76825,0.0165405273438
76826,0.0178985595703
76827,0.0190734863281
76828,0.0182952880859
76829,0.0180053710938
76830,0.0195922851562
76831,0.0204010009766
76832,0.0193328857422
76833,0.0191497802734
76834,0.0216674804688
76835,0.0189208984375
76836,0.0208282470703
76837,0.0196990966797
76838,0.0198364257812
76839,0.0197448730469
76840,0.0225067138672
76841,0.0213165283203
76842,0.0216217041016
76843,0.0229339599609
76844,0.0207214355469
76845,0.0227203369141
76846,0.0231475830078
76847,0.0231018066406
76848,0.0231781005859
76849,0.0226440429688
76850,0.0213012695312
76851,0.0211791992188
76852,0.0214385986328
76853,0.0222625732422
76854,0.0217132568359
76855,0.0205841064453
76856,0.0193786621094
76857,0.0203704833984
76858,0.0220947265625
76859,0.0214691162109
76860,0.0209655761719
76861,0.0207977294922
76862,0.0224761962891
76863,0.0242462158203
76864,0.0255584716797
76865,0.0229644775391
76866,0.0245666503906
76867,0.0242156982422
76868,0.0258178710938
76869,0.0249481201172
76870,0.0252532958984
76871,0.0234527587891
76872,0.024169921875
76873,0.0239562988281
76874,0.0224914550781
76875,0.0218353271484
76876,0.0230712890625
76877,0.0231475830078
76878,0.0239410400391
76879,0.0256652832031
76880,0.0261993408203
76881,0.0261077880859
76882,0.0252685546875
76883,0.0245819091797
76884,0.027099609375
76885,0.0264434814453
76886,0.0259857177734
76887,0.0256805419922
76888,0.0255584716797
76889,0.0286407470703
76890,0.025634765625
76891,0.0265350341797
76892,0.0229034423828
76893,0.0242614746094
76894,0.0248565673828
76895,0.0259399414062
76896,0.0264587402344
76897,0.0230407714844
76898,0.0225524902344
76899,0.0225830078125
76900,0.0228424072266
76901,0.0238494873047
76902,0.0247344970703
76903,0.0250701904297
76904,0.025390625
76905,0.0251770019531
76906,0.0257873535156
76907,0.0261840820312
76908,0.0233917236328
76909,0.0247497558594
76910,0.0280303955078
76911,0.0274505615234
76912,0.0264434814453
76913,0.0284576416016
76914,0.0281219482422
76915,0.0289154052734
76916,0.0276794433594
76917,0.0303649902344
76918,0.0290832519531
76919,0.0285949707031
76920,0.0288848876953
76921,0.0293426513672
76922,0.0315551757812
76923,0.0300750732422
76924,0.0275115966797
76925,0.0284271240234
76926,0.0274200439453
76927,0.0285339355469
76928,0.0283508300781
76929,0.0308227539062
76930,0.0298004150391
76931,0.0276031494141
76932,0.0284271240234
76933,0.0290069580078
76934,0.0310974121094
76935,0.0311889648438
76936,0.0313720703125
76937,0.0313110351562
76938,0.029296875
76939,0.0290679931641
76940,0.0265350341797
76941,0.0279083251953
76942,0.0295715332031
76943,0.0301208496094
76944,0.0308380126953
76945,0.0278930664062
76946,0.0274505615234
76947,0.0274047851562
76948,0.0284271240234
76949,0.0306243896484
76950,0.0310668945312
76951,0.0295257568359
76952,0.0277252197266
76953,0.0271301269531
76954,0.0250854492188
76955,0.02685546875
76956,0.0261993408203
76957,0.0273590087891
76958,0.0275115966797
76959,0.0292053222656
76960,0.0290222167969
76961,0.0296936035156
76962,0.0300750732422
76963,0.0286712646484
76964,0.0301666259766
76965,0.0296325683594
76966,0.0315551757812
76967,0.0288848876953
76968,0.0309143066406
76969,0.0304565429688
76970,0.0295257568359
76971,0.0279083251953
76972,0.0283203125
76973,0.0281677246094
76974,0.0282135009766
76975,0.0285339355469
76976,0.0272216796875
76977,0.0258331298828
76978,0.0265045166016
76979,0.0274200439453
76980,0.0283355712891
76981,0.0279541015625
76982,0.0261383056641
76983,0.029541015625
76984,0.0279541015625
76985,0.0281829833984
76986,0.0332336425781
76987,0.0310974121094
76988,0.0320129394531
76989,0.0315551757812
76990,0.0300598144531
76991,0.0316467285156
76992,0.0345764160156
76993,0.0348815917969
76994,0.0335388183594
76995,0.0323181152344
76996,0.030029296875
76997,0.0307159423828
76998,0.0322875976562
76999,0.0328063964844
77000,0.0343322753906
77001,0.0287322998047
77002,0.0314025878906
77003,0.0315246582031
77004,0.02978515625
77005,0.0307464599609
77006,0.031005859375
77007,0.0315856933594
77008,0.0293273925781
77009,0.0306091308594
77010,0.0301055908203
77011,0.0300598144531
77012,0.029541015625
77013,0.0311126708984
77014,0.0285034179688
77015,0.0287017822266
77016,0.0284881591797
77017,0.0270080566406
77018,0.0297088623047
77019,0.0304412841797
77020,0.0300445556641
77021,0.0313110351562
77022,0.033203125
77023,0.0322265625
77024,0.0309600830078
77025,0.0310211181641
77026,0.0304260253906
77027,0.0327758789062
77028,0.0321960449219
77029,0.0303649902344
77030,0.0291290283203
77031,0.0296020507812
77032,0.0309448242188
77033,0.0281829833984
77034,0.0317687988281
77035,0.0330810546875
77036,0.0345764160156
77037,0.0332946777344
77038,0.031982421875
77039,0.0328063964844
77040,0.032470703125
77041,0.0313415527344
77042,0.0299835205078
77043,0.029296875
77044,0.0310516357422
77045,0.0312194824219
77046,0.0339660644531
77047,0.03173828125
77048,0.0333251953125
77049,0.0318298339844
77050,0.0322875976562
77051,0.0304565429688
77052,0.0315551757812
77053,0.0298309326172
77054,0.0305480957031
77055,0.02978515625
77056,0.0283508300781
77057,0.0296173095703
77058,0.0288848876953
77059,0.0271606445312
77060,0.02685546875
77061,0.0297088623047
77062,0.0293884277344
77063,0.0293426513672
77064,0.0324096679688
77065,0.0295867919922
77066,0.0303039550781
77067,0.031982421875
77068,0.0331726074219
77069,0.0333557128906
77070,0.0343933105469
77071,0.0337829589844
77072,0.0293426513672
77073,0.0318908691406
77074,0.0308380126953
77075,0.0310668945312
77076,0.0296478271484
77077,0.0312347412109
77078,0.0308990478516
77079,0.0350952148438
77080,0.034912109375
77081,0.0335998535156
77082,0.0315246582031
77083,0.0337219238281
77084,0.0333862304688
77085,0.032470703125
77086,0.034912109375
77087,0.0330505371094
77088,0.033935546875
77089,0.0346984863281
77090,0.0354309082031
77091,0.0334167480469
77092,0.0341796875
77093,0.0322875976562
77094,0.03271484375
77095,0.0323181152344
77096,0.0322570800781
77097,0.0330200195312
77098,0.0303955078125
77099,0.0301361083984
77100,0.0313415527344
77101,0.0327453613281
77102,0.0296478271484
77103,0.0299987792969
77104,0.032470703125
77105,0.0325927734375
77106,0.0303802490234
77107,0.0314331054688
77108,0.0320129394531
77109,0.030517578125
77110,0.0289459228516
77111,0.0305023193359
77112,0.0326538085938
77113,0.0298156738281
77114,0.0309600830078
77115,0.0314636230469
77116,0.0322570800781
77117,0.0322875976562
77118,0.0324096679688
77119,0.0334777832031
77120,0.0318603515625
77121,0.0307464599609
77122,0.0296783447266
77123,0.0309906005859
77124,0.0301361083984
77125,0.0283050537109
77126,0.0280151367188
77127,0.0297088623047
77128,0.0279998779297
77129,0.0289916992188
77130,0.0307312011719
77131,0.0300445556641
77132,0.0312347412109
77133,0.0289306640625
77134,0.0299987792969
77135,0.0280456542969
77136,0.0295867919922
77137,0.0295562744141
77138,0.0295104980469
77139,0.0298309326172
77140,0.0308074951172
77141,0.0300750732422
77142,0.0304412841797
77143,0.0279998779297
77144,0.0289764404297
77145,0.0305786132812
77146,0.0302276611328
77147,0.0308532714844
77148,0.0303344726562
77149,0.0340881347656
77150,0.03369140625
77151,0.0316772460938
77152,0.0324401855469
77153,0.0315856933594
77154,0.0312042236328
77155,0.0302124023438
77156,0.03125
77157,0.0293273925781
77158,0.0304870605469
77159,0.0308380126953
77160,0.0334167480469
77161,0.0323486328125
77162,0.0329284667969
77163,0.0351257324219
77164,0.0335693359375
77165,0.0347595214844
77166,0.0335693359375
77167,0.0368957519531
77168,0.0335693359375
77169,0.0323181152344
77170,0.0341491699219
77171,0.0373840332031
77172,0.0346374511719
77173,0.0348815917969
77174,0.0322570800781
77175,0.0315551757812
77176,0.0342102050781
77177,0.0308685302734
77178,0.0296783447266
77179,0.0313110351562
77180,0.0281219482422
77181,0.0282287597656
77182,0.0314636230469
77183,0.0307312011719
77184,0.0288848876953
77185,0.0294036865234
77186,0.0307159423828
77187,0.0313415527344
77188,0.0325622558594
77189,0.0316162109375
77190,0.0339050292969
77191,0.0352478027344
77192,0.0338134765625
77193,0.0353393554688
77194,0.0354309082031
77195,0.0359191894531
77196,0.0380249023438
77197,0.0382690429688
77198,0.0380249023438
77199,0.0358581542969
77200,0.0346984863281
77201,0.0349731445312
77202,0.03466796875
77203,0.035400390625
77204,0.0334777832031
77205,0.0334777832031
77206,0.03076171875
77207,0.0296936035156
77208,0.0326538085938
77209,0.0337829589844
77210,0.0333862304688
77211,0.03271484375
77212,0.0345458984375
77213,0.0335998535156
77214,0.0301971435547
77215,0.0342102050781
77216,0.0307159423828
77217,0.0310974121094
77218,0.0314636230469
77219,0.0354614257812
77220,0.037353515625
77221,0.0343627929688
77222,0.03271484375
77223,0.0334777832031
77224,0.0352172851562
77225,0.0330200195312
77226,0.0343933105469
77227,0.0315551757812
77228,0.0347900390625
77229,0.0361022949219
77230,0.0342407226562
77231,0.0345153808594
77232,0.0329284667969
77233,0.0326843261719
77234,0.0304107666016
77235,0.0322265625
77236,0.0325927734375
77237,0.03369140625
77238,0.0328063964844
77239,0.0348815917969
77240,0.0326843261719
77241,0.0319213867188
77242,0.0293731689453
77243,0.0328979492188
77244,0.0324401855469
77245,0.0349731445312
77246,0.0347900390625
77247,0.0353088378906
77248,0.0330810546875
77249,0.0344848632812
77250,0.0320434570312
77251,0.0337524414062
77252,0.0350646972656
77253,0.0352478027344
77254,0.0322265625
77255,0.0297546386719
77256,0.0328674316406
77257,0.0331115722656
77258,0.0313415527344
77259,0.0299530029297
77260,0.0309448242188
77261,0.0321044921875
77262,0.0337829589844
77263,0.0325927734375
77264,0.0341796875
77265,0.0334167480469
77266,0.0312805175781
77267,0.0332641601562
77268,0.0350341796875
77269,0.0360107421875
77270,0.0345458984375
77271,0.0338745117188
77272,0.0368347167969
77273,0.0380554199219
77274,0.0358581542969
77275,0.03662109375
77276,0.0377807617188
77277,0.0358276367188
77278,0.0308380126953
77279,0.0324096679688
77280,0.031494140625
77281,0.0314331054688
77282,0.0292816162109
77283,0.0328369140625
77284,0.0293426513672
77285,0.0298919677734
77286,0.0329895019531
77287,0.0324096679688
77288,0.03125
77289,0.031005859375
77290,0.0296173095703
77291,0.0307769775391
77292,0.0311126708984
77293,0.0302581787109
77294,0.0333557128906
77295,0.032470703125
77296,0.033935546875
77297,0.0327758789062
77298,0.0327758789062
77299,0.0361633300781
77300,0.0379638671875
77301,0.03466796875
77302,0.0353698730469
77303,0.0334777832031
77304,0.0362548828125
77305,0.0367736816406
77306,0.0367126464844
77307,0.0353088378906
77308,0.0351867675781
77309,0.0357055664062
77310,0.036865234375
77311,0.0343933105469
77312,0.0354309082031
77313,0.0380249023438
77314,0.034912109375
77315,0.03759765625
77316,0.0364074707031
77317,0.037353515625
77318,0.036376953125
77319,0.0389099121094
77320,0.0394592285156
77321,0.03662109375
77322,0.03955078125
77323,0.0353698730469
77324,0.0375671386719
77325,0.0379333496094
77326,0.0390014648438
77327,0.0429992675781
77328,0.0384216308594
77329,0.041748046875
77330,0.0427551269531
77331,0.041015625
77332,0.0376281738281
77333,0.0405883789062
77334,0.0436401367188
77335,0.0387268066406
77336,0.0392761230469
77337,0.0411682128906
77338,0.0400085449219
77339,0.0383911132812
77340,0.0372009277344
77341,0.0390014648438
77342,0.0375061035156
77343,0.036376953125
77344,0.0363464355469
77345,0.0367736816406
77346,0.0376586914062
77347,0.038818359375
77348,0.0414733886719
77349,0.0436401367188
77350,0.0442810058594
77351,0.0452880859375
77352,0.0451965332031
77353,0.0454406738281
77354,0.0411682128906
77355,0.0374755859375
77356,0.03662109375
77357,0.0365600585938
77358,0.0392150878906
77359,0.0375366210938
77360,0.0392761230469
77361,0.0370483398438
77362,0.0348815917969
77363,0.0359802246094
77364,0.0348815917969
77365,0.0332641601562
77366,0.0325317382812
77367,0.0340576171875
77368,0.03466796875
77369,0.0353088378906
77370,0.0327453613281
77371,0.0338745117188
77372,0.0348205566406
77373,0.03515625
77374,0.035400390625
77375,0.035400390625
77376,0.0377807617188
77377,0.0367126464844
77378,0.0341491699219
77379,0.0346069335938
77380,0.0363159179688
77381,0.0356750488281
77382,0.0345153808594
77383,0.03857421875
77384,0.0370178222656
77385,0.0367126464844
77386,0.0381164550781
77387,0.0369262695312
77388,0.0365600585938
77389,0.0347900390625
77390,0.0355224609375
77391,0.0350646972656
77392,0.0365905761719
77393,0.0353088378906
77394,0.0348510742188
77395,0.0361022949219
77396,0.0362548828125
77397,0.0393676757812
77398,0.0374145507812
77399,0.0387573242188
77400,0.0399475097656
77401,0.0368957519531
77402,0.0354919433594
77403,0.0389709472656
77404,0.0398254394531
77405,0.0370178222656
77406,0.0363159179688
77407,0.0382080078125
77408,0.0368041992188
77409,0.0385437011719
77410,0.0397338867188
77411,0.0412292480469
77412,0.0387878417969
77413,0.0364685058594
77414,0.0388488769531
77415,0.0355529785156
77416,0.0423889160156
77417,0.04296875
77418,0.0394897460938
77419,0.038330078125
77420,0.0344543457031
77422,0.0344848632812
77423,0.0381164550781
77424,0.0361938476562
77425,0.0330810546875
77426,0.0361328125
77427,0.0361633300781
77428,0.0322265625
77429,0.0299530029297
77430,0.0332641601562
77431,0.0294494628906
77432,0.0348510742188
77433,0.0308074951172
77434,0.0345153808594
77435,0.03173828125
77436,0.0318603515625
77437,0.0310516357422
77438,0.0347290039062
77439,0.0345153808594
77440,0.0335998535156
77441,0.0350952148438
77442,0.0361328125
77443,0.0371398925781
77444,0.0348205566406
77445,0.0351867675781
77446,0.0315856933594
77447,0.0311126708984
77448,0.0318298339844
77449,0.0325927734375
77450,0.0344543457031
77451,0.0382385253906
77452,0.0342407226562
77453,0.0338745117188
77454,0.0367736816406
77455,0.0356750488281
77456,0.0370483398438
77457,0.03369140625
77458,0.0358276367188
77459,0.0365295410156
77460,0.0337524414062
77461,0.0376281738281
77462,0.0361022949219
77463,0.0344543457031
77464,0.0340270996094
77465,0.0338439941406
77466,0.0307922363281
77467,0.0321960449219
77468,0.0354614257812
77469,0.0342407226562
77470,0.0349731445312
77471,0.0355834960938
77472,0.0347290039062
77473,0.0320434570312
77474,0.0342712402344
77475,0.0351867675781
77476,0.0354919433594
77477,0.0372924804688
77478,0.0386047363281
77479,0.0350952148438
77480,0.0354309082031
77481,0.0354309082031
77482,0.0364379882812
77483,0.0357666015625
77484,0.0369873046875
77485,0.0384521484375
77486,0.0379028320312
77487,0.0391845703125
77488,0.0381774902344
77489,0.0374145507812
77490,0.0399169921875
77491,0.0370178222656
77492,0.0354919433594
77493,0.0369873046875
77494,0.0362548828125
77495,0.0355834960938
77496,0.0312805175781
77497,0.0343933105469
77498,0.0333251953125
77499,0.0321350097656
77500,0.0305633544922
77501,0.0306091308594
77502,0.0303039550781
77503,0.0334777832031
77504,0.0333862304688
77505,0.0352783203125
77506,0.0372314453125
77507,0.0338745117188
77508,0.0369567871094
77509,0.034912109375
77510,0.0351257324219
77511,0.0364379882812
77512,0.0346984863281
77513,0.0363464355469
77514,0.03564453125
77515,0.0368957519531
77516,0.0368957519531
77517,0.037353515625
77518,0.0359497070312
77519,0.0355529785156
77520,0.0
77521,0.0
77522,0.0
77523,0.0
77524,0.0
77525,0.0
77526,0.0
77527,0.0
77528,0.0
77529,0.0
77530,0.0
77531,0.0
77532,5.96046447754e-07
77533,0.0
77534,5.96046447754e-07
77535,1.4066696167e-05
77536,2.32458114624e-06
77537,1.03712081909e-05
77538,4.05311584473e-06
77539,5.76972961426e-05
77540,0.000359296798706
77541,0.000537395477295
77542,0.000717639923096
77543,0.000715255737305
77544,0.000860691070557
77545,0.00105762481689
77546,0.000876426696777
77547,0.00114727020264
77548,0.00128936767578
77549,0.00185775756836
77550,0.00149250030518
77551,0.00124835968018
77552,0.00199317932129
77553,0.001877784729
77554,0.00263786315918
77555,0.00237274169922
77556,0.00286483764648
77557,0.00354766845703
77558,0.00379180908203
77559,0.00551986694336
77560,0.00507354736328
77561,0.00516891479492
77562,0.00492858886719
77563,0.00603866577148
77564,0.00618362426758
77565,0.00592422485352
77566,0.00676727294922
77567,0.00746536254883
77568,0.00726699829102
77569,0.00640106201172
77570,0.00713348388672
77571,0.00680541992188
77572,0.0069694519043
77573,0.00683212280273
77574,0.00818634033203
77575,0.00942993164062
77576,0.0101165771484
77577,0.0102310180664
77578,0.00936889648438
77579,0.0116806030273
77580,0.0100708007812
77581,0.0118026733398
77582,0.0112609863281
77583,0.0113677978516
77584,0.0130615234375
77585,0.0116195678711
77586,0.0122833251953
77587,0.0136795043945
77588,0.0142669677734
77589,0.0141830444336
77590,0.0150527954102
77591,0.014533996582
77592,0.0163879394531
77593,0.0162658691406
77594,0.0185394287109
77595,0.0172576904297
77596,0.0163116455078
77597,0.0160827636719
77598,0.0165100097656
77599,0.0179748535156
77600,0.0190887451172
77601,0.0181579589844
77602,0.020263671875
77603,0.0174102783203
77604,0.0180358886719
77605,0.0196990966797
77606,0.0196685791016
77607,0.0175628662109
77608,0.0205078125
77609,0.0202484130859
77610,0.0191192626953
77611,0.0186309814453
77612,0.0180511474609
77613,0.0194702148438
77614,0.0195465087891
77615,0.0175476074219
77616,0.0185546875
77617,0.0201416015625
77618,0.0201873779297
77619,0.0194854736328
77620,0.0214080810547
77621,0.022216796875
77622,0.0209045410156
77623,0.0206756591797
77624,0.021484375
77625,0.0226593017578
77626,0.0220184326172
77627,0.0228424072266
77628,0.0206298828125
77629,0.0199737548828
77630,0.0211334228516
77631,0.0207061767578
77632,0.0201110839844
77633,0.0197143554688
77634,0.0227813720703
77635,0.0214080810547
77636,0.0209655761719
77637,0.0230712890625
77638,0.0228271484375
77639,0.0234832763672
77640,0.0233001708984
77641,0.0245666503906
77642,0.0239715576172
77643,0.0227966308594
77644,0.0230560302734
77645,0.0226287841797
77646,0.0235748291016
77647,0.0213165283203
77648,0.0233154296875
77649,0.0225677490234
77650,0.0237731933594
77651,0.0250701904297
77652,0.0238494873047
77653,0.0200653076172
77654,0.0236053466797
77655,0.0233001708984
77656,0.0218200683594
77657,0.0229034423828
77658,0.0219421386719
77659,0.0229187011719
77660,0.0234069824219
77661,0.0237579345703
77662,0.0250701904297
77663,0.0264434814453
77664,0.0260009765625
77665,0.0270233154297
77666,0.0258331298828
77667,0.0234375
77668,0.0248565673828
77669,0.025634765625
77670,0.0270538330078
77671,0.0263214111328
77672,0.0244750976562
77673,0.0271453857422
77674,0.0277252197266
77675,0.0277862548828
77676,0.0248107910156
77677,0.0273895263672
77678,0.0289611816406
77679,0.0271759033203
77680,0.0280456542969
77681,0.0290679931641
77682,0.0284576416016
77683,0.0274505615234
77684,0.0273284912109
77685,0.0298919677734
77686,0.0270538330078
77687,0.0274047851562
77688,0.0266418457031
77689,0.0262451171875
77690,0.0283355712891
77691,0.0248565673828
77692,0.0268859863281
77693,0.0278930664062
77694,0.0279846191406
77695,0.0302276611328
77696,0.0298461914062
77697,0.0271606445312
77698,0.0279693603516
77699,0.0296173095703
77700,0.0270385742188
77701,0.0305023193359
77702,0.0277557373047
77703,0.0270233154297
77704,0.0264129638672
77705,0.0282592773438
77706,0.0259704589844
77707,0.0257720947266
77708,0.0257110595703
77709,0.0264129638672
77710,0.0264129638672
77711,0.0267944335938
77712,0.0264739990234
77713,0.026123046875
77714,0.0262451171875
77715,0.0298614501953
77716,0.0291137695312
77717,0.0298614501953
77718,0.0287780761719
77719,0.0293121337891
77720,0.0289154052734
77721,0.0299530029297
77722,0.0297241210938
77723,0.0310974121094
77724,0.0278778076172
77725,0.0287780761719
77726,0.029296875
77727,0.0282287597656
77728,0.0297088623047
77729,0.0290374755859
77730,0.0301666259766
77731,0.0276184082031
77732,0.029541015625
77733,0.0300140380859
77734,0.0283813476562
77735,0.0285339355469
77736,0.0299224853516
77737,0.0317077636719
77738,0.0307312011719
77739,0.0312042236328
77740,0.0330200195312
77741,0.0326232910156
77742,0.0326538085938
77743,0.0301666259766
77744,0.0296783447266
77745,0.0317993164062
77746,0.0306701660156
77747,0.0302124023438
77748,0.0274810791016
77749,0.0286407470703
77750,0.0276184082031
77751,0.0278930664062
77752,0.0287780761719
77753,0.0294799804688
77754,0.0287780761719
77755,0.0318603515625
77756,0.0325317382812
77757,0.0333862304688
77758,0.0299530029297
77759,0.0303039550781
77760,0.0320739746094
77761,0.031982421875
77762,0.0311889648438
77763,0.0311889648438
77764,0.0323791503906
77765,0.0344543457031
77766,0.0322265625
77767,0.0302124023438
77768,0.0304260253906
77769,0.0312805175781
77770,0.0296173095703
77771,0.0308685302734
77772,0.0295715332031
77773,0.0307006835938
77774,0.0308837890625
77775,0.0318603515625
77776,0.0289764404297
77777,0.0306701660156
77778,0.0315856933594
77779,0.0340576171875
77780,0.0342102050781
77781,0.0343322753906
77782,0.0338745117188
77783,0.0311737060547
77784,0.0306243896484
77785,0.0324401855469
77786,0.0308380126953
77787,0.0343933105469
77788,0.0321960449219
77789,0.0326538085938
77790,0.0317687988281
77791,0.0316772460938
77792,0.03271484375
77793,0.0317687988281
77794,0.0308227539062
77795,0.0323486328125
77796,0.0331115722656
77797,0.0300445556641
77798,0.0318603515625
77799,0.0326232910156
77800,0.0333251953125
77801,0.0302581787109
77802,0.0309906005859
77803,0.0322265625
77804,0.0299224853516
77805,0.0318298339844
77806,0.0315856933594
77807,0.0290985107422
77808,0.0318603515625
77809,0.032958984375
77810,0.0314025878906
77811,0.0306854248047
77812,0.0335388183594
77813,0.035888671875
77814,0.0348815917969
77815,0.0336608886719
77816,0.0357666015625
77817,0.0374755859375
77818,0.0371704101562
77819,0.0332946777344
77820,0.03466796875
77821,0.0369567871094
77822,0.039794921875
77823,0.0361328125
77824,0.0325622558594
77825,0.0327453613281
77826,0.0339050292969
77827,0.03466796875
77828,0.0350341796875
77829,0.0357055664062
77830,0.0357971191406
77831,0.0314025878906
77832,0.0325927734375
77833,0.0333862304688
77834,0.0303802490234
77835,0.0284576416016
77836,0.0286712646484
77837,0.0334777832031
77838,0.0314331054688
77839,0.0308380126953
77840,0.0302276611328
77841,0.0297241210938
77842,0.0296936035156
77843,0.0287628173828
77844,0.0303497314453
77845,0.0315246582031
77846,0.0305633544922
77847,0.031494140625
77848,0.0309906005859
77849,0.0321350097656
77850,0.0311584472656
77851,0.0300903320312
77852,0.0288696289062
77853,0.0289764404297
77854,0.0267333984375
77855,0.02734375
77856,0.0305480957031
77857,0.0284881591797
77858,0.0281829833984
77859,0.0280151367188
77860,0.0283203125
77861,0.0287628173828
77862,0.0289764404297
77863,0.0318908691406
77864,0.029296875
77865,0.028076171875
77866,0.0292816162109
77867,0.0304107666016
77868,0.0321044921875
77869,0.0286102294922
77870,0.0303649902344
77871,0.0271606445312
77872,0.0291442871094
77873,0.0268859863281
77874,0.0282897949219
77875,0.0294036865234
77876,0.0320434570312
77877,0.0317077636719
77878,0.0316467285156
77879,0.0319213867188
77880,0.0328369140625
77881,0.0328369140625
77882,0.0314025878906
77883,0.0301361083984
77884,0.0325012207031
77885,0.0346069335938
77886,0.0321960449219
77887,0.0347290039062
77888,0.032470703125
77889,0.0323181152344
77890,0.0296325683594
77891,0.0285797119141
77892,0.0337524414062
77893,0.034912109375
77894,0.03662109375
77895,0.0347900390625
77896,0.0334777832031
77897,0.0334777832031
77898,0.0332641601562
77899,0.0322265625
77900,0.0316467285156
77901,0.0347900390625
77902,0.0318298339844
77903,0.0323486328125
77904,0.0351257324219
77905,0.0357055664062
77906,0.0331420898438
77907,0.0285949707031
77908,0.0289001464844
77909,0.0291137695312
77910,0.0314331054688
77911,0.0322265625
77912,0.0335998535156
77913,0.0311584472656
77914,0.0316162109375
77915,0.0325012207031
77916,0.0325927734375
77917,0.0306243896484
77918,0.0327453613281
77919,0.0318298339844
77920,0.03173828125
77921,0.03271484375
77922,0.0315856933594
77923,0.0319519042969
77924,0.0303802490234
77925,0.0289916992188
77926,0.0295257568359
77927,0.0315856933594
77928,0.0328979492188
77929,0.0326232910156
77930,0.0321960449219
77931,0.0321044921875
77932,0.0328063964844
77933,0.0321960449219
77934,0.0315856933594
77935,0.0325012207031
77936,0.0324401855469
77937,0.0316162109375
77938,0.0332641601562
77939,0.033935546875
77940,0.0323181152344
77941,0.0332641601562
77942,0.0326232910156
77943,0.0332336425781
77944,0.0286407470703
77945,0.0294647216797
77946,0.0310363769531
77947,0.0319519042969
77948,0.0320739746094
77949,0.0299530029297
77950,0.0298767089844
77951,0.0310821533203
77952,0.0328979492188
77953,0.0323181152344
77954,0.03466796875
77955,0.0321044921875
77956,0.0316162109375
77957,0.0333251953125
77958,0.0372619628906
77959,0.0332946777344
77960,0.0308837890625
77961,0.0338134765625
77962,0.0345458984375
77963,0.0318603515625
77964,0.0335083007812
77965,0.0301513671875
77966,0.0325622558594
77967,0.0326232910156
77968,0.0315551757812
77969,0.0321655273438
77970,0.0332641601562
77971,0.0325927734375
77972,0.0342712402344
77973,0.0345764160156
77974,0.0351257324219
77975,0.0350646972656
77976,0.0346984863281
77977,0.0315551757812
77978,0.0318908691406
77979,0.0315856933594
77980,0.0332641601562
77981,0.0348510742188
77982,0.0328979492188
77983,0.0324401855469
77984,0.0303192138672
77985,0.031982421875
77986,0.0332946777344
77987,0.0326232910156
77988,0.0343322753906
77989,0.0331420898438
77990,0.0346984863281
77991,0.0334777832031
77992,0.0329895019531
77993,0.0337829589844
77994,0.0312805175781
77995,0.0316162109375
77996,0.0319519042969
77997,0.0339050292969
77998,0.0333862304688
77999,0.0300598144531
78000,0.0305023193359
78001,0.032958984375
78002,0.0321350097656
78003,0.0323181152344
78004,0.0348815917969
78005,0.0316162109375
78006,0.0338134765625
78007,0.0315551757812
78008,0.0319213867188
78009,0.0340881347656
78010,0.0347595214844
78011,0.037109375
78012,0.0342407226562
78013,0.037109375
78014,0.0346069335938
78015,0.03515625
78016,0.03466796875
78017,0.0354919433594
78018,0.0368041992188
78019,0.0370483398438
78020,0.0367736816406
78021,0.0357971191406
78022,0.0355529785156
78023,0.0350646972656
78024,0.0353393554688
78025,0.034423828125
78026,0.0342102050781
78027,0.0336608886719
78028,0.03076171875
78029,0.0326232910156
78030,0.0349426269531
78031,0.0338439941406
78032,0.0332946777344
78033,0.0316467285156
78034,0.034423828125
78035,0.0316467285156
78036,0.0302429199219
78037,0.0311126708984
78038,0.0318908691406
78039,0.0313415527344
78040,0.0298156738281
78041,0.0316467285156
78042,0.0331726074219
78043,0.0296020507812
78044,0.0343322753906
78045,0.0371704101562
78046,0.0379028320312
78047,0.0354309082031
78048,0.0347595214844
78049,0.0357055664062
78050,0.0362854003906
78051,0.0352172851562
78052,0.0365295410156
78053,0.0323181152344
78054,0.0350036621094
78055,0.0352172851562
78056,0.0333557128906
78057,0.0322265625
78058,0.0302276611328
78059,0.0309753417969
78060,0.0323181152344
78061,0.03173828125
78062,0.0304412841797
78063,0.0322265625
78064,0.0336303710938
78065,0.0322265625
78066,0.0359802246094
78067,0.0348815917969
78068,0.033447265625
78069,0.03271484375
78070,0.0344848632812
78071,0.036865234375
78072,0.034912109375
78073,0.0326843261719
78074,0.0317687988281
78075,0.0341491699219
78076,0.0341186523438
78077,0.0364685058594
78078,0.0355834960938
78079,0.0359191894531
78080,0.0377197265625
78081,0.0350036621094
78082,0.0346984863281
78083,0.033935546875
78084,0.0354309082031
78085,0.0338134765625
78086,0.0342712402344
78087,0.03515625
78088,0.0328369140625
78089,0.0333557128906
78090,0.0332336425781
78091,0.0315856933594
78092,0.0325012207031
78093,0.0331726074219
78094,0.0343627929688
78095,0.0332336425781
78096,0.030029296875
78097,0.0324096679688
78098,0.0309295654297
78099,0.0309448242188
78100,0.0305480957031
78101,0.03173828125
78102,0.0317687988281
78103,0.0315551757812
78104,0.0325622558594
78105,0.0350036621094
78106,0.0357360839844
78107,0.0340270996094
78108,0.0350646972656
78109,0.0344543457031
78110,0.0315551757812
78111,0.0326843261719
78112,0.0352172851562
78113,0.0347290039062
78114,0.0339660644531
78115,0.0340881347656
78116,0.0335693359375
78117,0.0327758789062
78118,0.0340270996094
78119,0.03564453125
78120,0.0343017578125
78121,0.0369567871094
78122,0.0357666015625
78123,0.0355834960938
78124,0.0374755859375
78125,0.0355834960938
78126,0.0347900390625
78127,0.0362854003906
78128,0.0396118164062
78129,0.0385437011719
78130,0.0426330566406
78131,0.0394897460938
78132,0.0379028320312
78133,0.033447265625
78134,0.0373229980469
78135,0.03564453125
78136,0.0368957519531
78137,0.037841796875
78138,0.0370483398438
78139,0.0352478027344
78140,0.0353698730469
78141,0.0322265625
78142,0.0357971191406
78143,0.0370483398438
78144,0.0369873046875
78145,0.0360107421875
78146,0.0381774902344
78147,0.037109375
78148,0.0343322753906
78149,0.0342102050781
78150,0.0308685302734
78151,0.0360717773438
78152,0.0339965820312
78153,0.0343017578125
78154,0.03466796875
78155,0.03173828125
78156,0.0346984863281
78157,0.03759765625
78158,0.0370483398438
78159,0.0350341796875
78160,0.0325012207031
78161,0.0326232910156
78162,0.033935546875
78163,0.0350341796875
78164,0.0352783203125
78165,0.03564453125
78166,0.0380859375
78167,0.0382690429688
78168,0.0368347167969
78169,0.0330200195312
78170,0.0347595214844
78171,0.03515625
78172,0.0368957519531
78173,0.0382690429688
78174,0.0343017578125
78175,0.0341491699219
78176,0.0338745117188
78177,0.0330810546875
78178,0.0336608886719
78179,0.0345764160156
78180,0.0365600585938
78181,0.0374755859375
78182,0.0377197265625
78183,0.0376281738281
78184,0.0365295410156
78185,0.0332641601562
78186,0.0334167480469
78187,0.0340881347656
78188,0.0350341796875
78189,0.0310668945312
78190,0.0323181152344
78191,0.0340576171875
78192,0.0337829589844
78193,0.0335998535156
78194,0.03466796875
78195,0.0359191894531
78196,0.0338745117188
78197,0.033203125
78198,0.0341796875
78199,0.0332336425781
78200,0.0304107666016
78201,0.0322570800781
78202,0.033447265625
